0 1 -0
0.0003 1 -282.73915299432
0.0006 1 -565.453191462245
0.0009 1 -848.117003108198
0.0012 1 -1130.70548009804
0.0015 1 -1413.19352128928
0.0018 1 -1695.55603446074
0.0021 1 -1977.76793854134
0.0024 1 -2259.80416583798
0.0027 1 -2541.6396642622
0.003 1 -2823.24939955543
0.0033 1 -3104.60835751268
0.0036 1 -3385.69154620445
0.0039 1 -3666.47399819668
0.0042 1 -3946.93077276847
0.0045 1 -4227.03695812748
0.0048 1 -4506.76767362271
0.0051 1 -4786.09807195459
0.0054 1 -5065.00334138202
0.0057 1 -5343.4587079263
0.006 1 -5621.43943757174
0.0063 1 -5898.9208384626
0.0066 1 -6175.87826309644
0.0069 1 -6452.2871105134
0.0072 1 -6728.12282848144
0.0075 1 -7003.36091567716
0.0078 1 -7277.97692386222
0.0081 1 -7551.94646005491
0.0084 1 -7825.24518869691
0.0087 1 -8097.84883381489
0.009 1 -8369.73318117688
0.0093 1 -8640.87408044307
0.0096 1 -8911.24744731105
0.0099 1 -9180.82926565502
0.0102 1 -9449.59558965914
0.0105 1 -9717.52254594448
0.0108 1 -9984.5863356896
0.0111 1 -10250.7632367445
0.0114 1 -10516.0296057378
0.0117 1 -10780.3618801767
0.012 1 -11043.7365805403
0.0123 1 -11306.1303123649
0.0126 1 -11567.5197683219
0.0129 1 -11827.8817302885
0.0132 1 -12087.1930714099
0.0135 1 -12345.4307581533
0.0138 1 -12602.5718523542
0.0141 1 -12858.5935132538
0.0144 1 -13113.472999528
0.0147 1 -13367.1876713069
0.015 1 -13619.7149921864
0.0153 1 -13871.0325312298
0.0156 1 -14121.11796496
0.0159 1 -14369.9490793428
0.0162 1 -14617.50377176
0.0165 1 -14863.7600529722
0.0168 1 -15108.6960490728
0.0171 1 -15352.2900034303
0.0174 1 -15594.5202786213
0.0177 1 -15835.365358352
0.018 1 -16074.8038493699
0.0183 1 -16312.8144833638
0.0186 1 -16549.3761188529
0.0189 1 -16784.467743065
0.0192 1 -17018.0684738027
0.0195 1 -17250.1575612984
0.0198 1 -17480.7143900573
0.0201 1 -17709.7184806888
0.0204 1 -17937.1494917256
0.0207 1 -18162.98722143
0.021 1 -18387.2116095893
0.0213 1 -18609.8027392967
0.0216 1 -18830.740838721
0.0219 1 -19050.0062828628
0.0222 1 -19267.5795952975
0.0225 1 -19483.4414499055
0.0228 1 -19697.5726725887
0.0231 1 -19909.9542429738
0.0234 1 -20120.5672961016
0.0237 1 -20329.3931241031
0.024 1 -20536.4131778607
0.0243 1 -20741.6090686562
0.0246 1 -20944.9625698042
0.0249 1 -21146.4556182708
0.0252 1 -21346.0703162786
0.0255 1 -21543.7889328957
0.0258 1 -21739.5939056114
0.0261 1 -21933.4678418959
0.0264 1 -22125.3935207452
0.0267 1 -22315.3538942108
0.027 1 -22503.3320889138
0.0273 1 -22689.3114075442
0.0276 1 -22873.2753303434
0.0279 1 -23055.2075165723
0.0282 1 -23235.091805962
0.0285 1 -23412.9122201499
0.0288 1 -23588.6529640986
0.0291 1 -23762.298427499
0.0294 1 -23933.8331861571
0.0297 1 -24103.2420033638
0.03 1 -24270.5098312484
0.0303 1 -24435.6218121153
0.0306 1 -24598.5632797636
0.0309 1 -24759.31976079
0.0312 1 -24917.8769758744
0.0315 1 -25074.2208410481
0.0318 1 -25228.3374689451
0.0321 1 -25380.2131700353
0.0324 1 -25529.8344538408
0.0327 1 -25677.188030134
0.033 1 -25822.2608101183
0.0333 1 -25965.0399075906
0.0336 1 -26105.5126400858
0.0339 1 -26243.6665300036
0.0342 1 -26379.4893057167
0.0345 1 -26512.9689026608
0.0348 1 -26644.0934644063
0.0351 1 -26772.8513437115
0.0354 1 -26899.2311035571
0.0357 1 -27023.2215181619
0.036 1 -27144.8115739806
0.0363 1 -27263.9904706812
0.0366 1 -27380.7476221051
0.0369 1 -27495.0726572069
0.0372 1 -27606.9554209761
0.0375 1 -27716.3859753386
0.0378 1 -27823.3546000398
0.0381 1 -27927.8517935081
0.0384 1 -28029.8682736984
0.0387 1 -28129.3949789171
0.039 1 -28226.4230686268
0.0393 1 -28320.9439242315
0.0396 1 -28412.9491498423
0.0399 1 -28502.4305730231
0.0402 1 -28589.3802455166
0.0405 1 -28673.7904439499
0.0408 1 -28755.6536705213
0.0411 1 -28834.9626536656
0.0414 1 -28911.7103487003
0.0417 1 -28985.8899384514
0.042 1 -29057.4948338589
0.0423 1 -29126.5186745619
0.0426 1 -29192.9553294638
0.0429 1 -29256.7988972767
0.0432 1 -29318.0437070458
0.0435 1 -29376.684318653
0.0438 1 -29432.7155233
0.0441 1 -29486.1323439714
0.0444 1 -29536.9300358762
0.0447 1 -29585.1040868697
0.045 1 -29630.6502178541
0.0453 1 -29673.5643831589
0.0456 1 -29713.8427708995
0.0459 1 -29751.4818033169
0.0462 1 -29786.4781370944
0.0465 1 -29818.8286636554
0.0468 1 -29848.530509439
0.0471 1 -29875.5810361556
0.0474 1 -29899.9778410209
0.0477 1 -29921.7187569697
0.048 1 -29940.8018528481
0.0483 1 -29957.2254335853
0.0486 1 -29970.9880403437
0.0489 1 -29982.0884506492
0.0492 1 -29990.525678499
0.0495 1 -29996.2989744498
0.0498 1 -29999.4078256841
0.0501 1 -29999.8519560557
0.0504 1 -29997.6313261145
0.0507 1 -29992.7461331095
0.051 1 -29985.1968109719
0.0513 1 -29974.9840302762
0.0516 1 -29962.1086981805
0.0519 1 -29946.5719583464
0.0522 1 -29928.3751908368
0.0525 1 -29907.5200119938
0.0528 1 -29884.0082742952
0.0531 1 -29857.8420661892
0.0534 1 -29829.02371191
0.0537 1 -29797.5557712702
0.054 1 -29763.4410394343
0.0543 1 -29726.6825466702
0.0546 1 -29687.2835580795
0.0549 1 -29645.2475733084
0.0552 1 -29600.578326236
0.0555 1 -29553.2797846432
0.0558 1 -29503.3561498599
0.0561 1 -29450.811856392
0.0564 1 -29395.6515715274
0.0567 1 -29337.8801949217
0.057 1 -29277.5028581624
0.0573 1 -29214.5249243139
0.0576 1 -29148.9519874402
0.0579 1 -29080.7898721089
0.0582 1 -29010.0446328731
0.0585 1 -28936.7225537339
0.0588 1 -28860.8301475826
0.0591 1 -28782.3741556213
0.0594 1 -28701.3615467649
0.0597 1 -28617.7995170218
0.06 1 -28531.6954888546
0.0603 1 -28443.057110521
0.0606 1 -28351.8922553941
0.0609 1 -28258.2090212637
0.0612 1 -28162.0157296162
0.0615 1 -28063.320924896
0.0618 1 -27962.1333737463
0.0621 1 -27858.4620642305
0.0624 1 -27752.3162050337
0.0627 1 -27643.705224645
0.063 1 -27532.6387705194
0.0633 1 -27419.1267082218
0.0636 1 -27303.1791205499
0.0639 1 -27184.8063066387
0.0642 1 -27064.0187810461
0.0645 1 -26940.8272728185
0.0648 1 -26815.2427245379
0.0651 1 -26687.2762913501
0.0654 1 -26556.9393399737
0.0657 1 -26424.2434476901
0.066 1 -26289.2004013159
0.0663 1 -26151.8221961553
0.0666 1 -26012.1210349347
0.0669 1 -25870.1093267191
0.0672 1 -25725.7996858096
0.0675 1 -25579.2049306228
0.0678 1 -25430.3380825525
0.0681 1 -25279.212364813
0.0684 1 -25125.8412012643
0.0687 1 -24970.2382152199
0.069 1 -24812.4172282369
0.0693 1 -24652.3922588877
0.0696 1 -24490.1775215155
0.0699 1 -24325.7874249712
0.0702 1 -24159.2365713337
0.0705 1 -23990.5397546127
0.0708 1 -23819.7119594351
0.0711 1 -23646.7683597132
0.0714 1 -23471.7243172976
0.0717 1 -23294.5953806124
0.072 1 -23115.3972832737
0.0723 1 -22934.1459426928
0.0726 1 -22750.8574586617
0.0729 1 -22565.5481119234
0.0732 1 -22378.2343627255
0.0735 1 -22188.9328493583
0.0738 1 -21997.6603866768
0.0741 1 -21804.4339646071
0.0744 1 -21609.2707466372
0.0747 1 -21412.1880682926
0.075 1 -21213.2034355964
0.0753 1 -21012.3345235142
0.0756 1 -20809.5991743842
0.0759 1 -20605.0153963322
0.0762 1 -20398.6013616726
0.0765 1 -20190.3754052932
0.0768 1 -19980.3560230276
0.0771 1 -19768.5618700115
0.0774 1 -19555.0117590264
0.0777 1 -19339.7246588278
0.078 1 -19122.7196924607
0.0783 1 -18904.0161355611
0.0786 1 -18683.6334146434
0.0789 1 -18461.5911053751
0.0792 1 -18237.9089308382
0.0795 1 -18012.6067597765
0.0798 1 -17785.7046048318
0.0801 1 -17557.2226207653
0.0804 1 -17327.181102668
0.0807 1 -17095.6004841577
0.081 1 -16862.5013355639
0.0813 1 -16627.9043621008
0.0816 1 -16391.8304020281
0.0819 1 -16154.3004247998
0.0822 1 -15915.335529202
0.0825 1 -15674.9569414785
0.0828 1 -15433.1860134452
0.0831 1 -15190.044220594
0.0834 1 -14945.5531601847
0.0837 1 -14699.7345493271
0.084 1 -14452.6102230515
0.0843 1 -14204.2021323694
0.0846 1 -13954.5323423238
0.0849 1 -13703.623030029
0.0852 1 -13451.496482701
0.0855 1 -13198.1750956775
0.0858 1 -12943.6813704288
0.0861 1 -12688.0379125591
0.0864 1 -12431.2674297985
0.0867 1 -12173.392729986
0.087 1 -11914.4367190434
0.0873 1 -11654.422398941
0.0876 1 -11393.372865654
0.0879 1 -11131.3113071115
0.0882 1 -10868.2610011364
0.0885 1 -10604.2453133777
0.0888 1 -10339.2876952355
0.0891 1 -10073.4116817774
0.0894 1 -9806.64088964828
0.0897 1 -9538.99901497234
0.09 1 -9270.50983124843
0.0903 1 -9001.19718723829
0.0906 1 -8731.08500484817
0.0909 1 -8460.19727700388
0.0912 1 -8188.55806551976
0.0915 1 -7916.19149896118
0.0918 1 -7643.12177050147
0.0921 1 -7369.3731357728
0.0924 1 -7094.96991071174
0.0927 1 -6819.93646939941
0.093 1 -6544.2972418963
0.0933 1 -6268.07671207236
0.0936 1 -5991.29941543223
0.0939 1 -5713.9899369357
0.0942 1 -5436.17290881413
0.0945 1 -5157.8730083823
0.0948 1 -4879.11495584651
0.0951 1 -4599.92351210883
0.0954 1 -4320.32347656758
0.0957 1 -4040.33968491458
0.096 1 -3759.99700692914
0.0963 1 -3479.32034426884
0.0966 1 -3198.3346282578
0.0969 1 -2917.06481767199
0.0972 1 -2635.53589652229
0.0975 1 -2353.77287183535
0.0978 1 -2071.80077143218
0.0981 1 -1789.64464170513
0.0984 1 -1507.3295453931
0.0987 1 -1224.88055935531
0.099 1 -942.32277234386
0.0993 1 -659.681282775169
0.0996 1 -376.981196500585
0.0999 1 -94.247624576398
0.1002 1 188.494318966766
0.1005 1 471.219519354614
0.1008 1 753.902863300114
0.1011 1 1036.51924123417
0.1014 1 1319.04354953594
0.1017 1 1601.4506927628
0.102 1 1883.7155858794
0.1023 1 2165.81315648581
0.1026 1 2447.71834704472
0.1029 1 2729.40611710708
0.1032 1 3010.85144553643
0.1035 1 3292.02933273135
0.1038 1 3572.91480284608
0.1041 1 3853.48290600907
0.1044 1 4133.70872053913
0.1047 1 4413.56735515911
0.105 1 4693.03395120692
0.1053 1 4972.08368484358
0.1056 1 5250.69176925827
0.1059 1 5528.83345687
0.1062 1 5806.4840415258
0.1065 1 6083.61886069538
0.1068 1 6360.21329766164
0.1071 1 6636.24278370741
0.1074 1 6911.68280029772
0.1077 1 7186.50888125764
0.108 1 7460.69661494562
0.1083 1 7734.22164642179
0.1086 1 8007.05967961125
0.1089 1 8279.18647946237
0.1092 1 8550.57787409927
0.1095 1 8821.20975696911
0.1098 1 9091.05808898321
0.1101 1 9360.09890065244
0.1104 1 9628.30829421627
0.1107 1 9895.66244576558
0.111 1 10162.1376073587
0.1113 1 10427.7101091311
0.1116 1 10692.3563613975
0.1119 1 10956.0528567476
0.1122 1 11218.776172134
0.1125 1 11480.5029709527
0.1128 1 11741.2100051161
0.1131 1 12000.8741171179
0.1134 1 12259.4722420905
0.1137 1 12516.981409853
0.114 1 12773.3787469522
0.1143 1 13028.6414786941
0.1146 1 13282.746931167
0.1149 1 13535.6725332553
0.1152 1 13787.3958186446
0.1155 1 14037.8944278172
0.1158 1 14287.1461100382
0.1161 1 14535.1287253319
0.1164 1 14781.8202464487
0.1167 1 15027.1987608213
0.117 1 15271.2424725111
0.1173 1 15513.9297041447
0.1176 1 15755.2388988389
0.1179 1 15995.1486221156
0.1182 1 16233.6375638063
0.1185 1 16470.6845399439
0.1188 1 16706.2684946456
0.1191 1 16940.3685019823
0.1194 1 17172.9637678377
0.1197 1 17404.0336317555
0.12 1 17633.5575687742
0.1203 1 17861.5151912506
0.1206 1 18087.8862506707
0.1209 1 18312.6506394481
0.1212 1 18535.78839271
0.1215 1 18757.2796900711
0.1218 1 18977.1048573937
0.1221 1 19195.2443685353
0.1224 1 19411.6788470833
0.1227 1 19626.3890680758
0.123 1 19839.3559597095
0.1233 1 20050.5606050338
0.1236 1 20259.9842436307
0.1239 1 20467.6082732819
0.1242 1 20673.4142516204
0.1245 1 20877.3838977694
0.1248 1 21079.4990939655
0.1251 1 21279.7418871682
0.1254 1 21478.0944906549
0.1257 1 21674.5392856005
0.126 1 21869.0588226423
0.1263 1 22061.6358234305
0.1266 1 22252.2531821622
0.1269 1 22440.8939671015
0.1272 1 22627.5414220831
0.1275 1 22812.1789680009
0.1278 1 22994.7902042805
0.1281 1 23175.3589103359
0.1284 1 23353.8690470107
0.1287 1 23530.3047580023
0.129 1 23704.6503712707
0.1293 1 23876.8904004305
0.1296 1 24047.0095461263
0.1299 1 24214.992697392
0.1302 1 24380.8249329928
0.1305 1 24544.4915227507
0.1308 1 24705.9779288528
0.1311 1 24865.2698071428
0.1314 1 25022.3530083951
0.1317 1 25177.2135795714
0.132 1 25329.8377650604
0.1323 1 25480.2120078995
0.1326 1 25628.3229509789
0.1329 1 25774.1574382282
0.1332 1 25917.7025157851
0.1335 1 26058.9454331457
0.1338 1 26197.8736442976
0.1341 1 26334.4748088336
0.1344 1 26468.7367930486
0.1347 1 26600.6476710167
0.135 1 26730.195725651
0.1353 1 26857.3694497443
0.1356 1 26982.1575469911
0.1359 1 27104.548932991
0.1362 1 27224.5327362335
0.1365 1 27342.0982990634
0.1368 1 27457.2351786275
0.1371 1 27569.9331478026
0.1374 1 27680.1821961034
0.1377 1 27787.972530572
0.138 1 27893.2945766475
0.1383 1 27996.138979017
0.1386 1 28096.4966024458
0.1389 1 28194.3585325896
0.1392 1 28289.7160767859
0.1395 1 28382.5607648264
0.1398 1 28472.8843497088
0.1401 1 28560.6788083703
0.1404 1 28645.9363423993
0.1407 1 28728.6493787287
0.141 1 28808.8105703083
0.1413 1 28886.4127967576
0.1416 1 28961.4491649982
0.1419 1 29033.913009866
0.1422 1 29103.7978947032
0.1425 1 29171.0976119303
0.1428 1 29235.8061835973
0.1431 1 29297.9178619147
0.1434 1 29357.4271297642
0.1437 1 29414.3287011883
0.144 1 29468.6175218607
0.1443 1 29520.2887695342
0.1446 1 29569.3378544699
0.1449 1 29615.7604198446
0.1452 1 29659.5523421374
0.1455 1 29700.7097314967
0.1458 1 29739.2289320852
0.1461 1 29775.1065224047
0.1464 1 29808.3393156002
0.1467 1 29838.924359743
0.147 1 29866.8589380924
0.1473 1 29892.1405693378
0.1476 1 29914.7670078184
0.1479 1 29934.7362437232
0.1482 1 29952.0465032693
0.1485 1 29966.6962488591
0.1488 1 29978.6841792177
0.1491 1 29988.0092295077
0.1494 1 29994.6705714243
0.1497 1 29998.6676132685
0.15 1 30000
0.1503 1 29998.6676132685
0.1506 1 29994.6705714243
0.1509 1 29988.0092295077
0.1512 1 29978.6841792177
0.1515 1 29966.6962488591
0.1518 1 29952.0465032693
0.1521 1 29934.7362437232
0.1524 1 29914.7670078184
0.1527 1 29892.1405693378
0.153 1 29866.8589380924
0.1533 1 29838.924359743
0.1536 1 29808.3393156003
0.1539 1 29775.1065224047
0.1542 1 29739.2289320852
0.1545 1 29700.7097314967
0.1548 1 29659.5523421374
0.1551 1 29615.7604198446
0.1554 1 29569.3378544699
0.1557 1 29520.2887695342
0.156 1 29468.6175218607
0.1563 1 29414.3287011883
0.1566 1 29357.4271297642
0.1569 1 29297.9178619147
0.1572 1 29235.8061835973
0.1575 1 29171.0976119303
0.1578 1 29103.7978947032
0.1581 1 29033.913009866
0.1584 1 28961.4491649982
0.1587 1 28886.4127967576
0.159 1 28808.8105703083
0.1593 1 28728.6493787287
0.1596 1 28645.9363423993
0.1599 1 28560.6788083703
0.1602 1 28472.8843497088
0.1605 1 28382.5607648264
0.1608 1 28289.7160767859
0.1611 1 28194.3585325896
0.1614 1 28096.4966024458
0.1617 1 27996.138979017
0.162 1 27893.2945766475
0.1623 1 27787.972530572
0.1626 1 27680.1821961034
0.1629 1 27569.9331478026
0.1632 1 27457.2351786275
0.1635 1 27342.0982990634
0.1638 1 27224.5327362335
0.1641 1 27104.548932991
0.1644 1 26982.1575469911
0.1647 1 26857.3694497444
0.165 1 26730.195725651
0.1653 1 26600.6476710167
0.1656 1 26468.7367930486
0.1659 1 26334.4748088337
0.1662 1 26197.8736442976
0.1665 1 26058.9454331457
0.1668 1 25917.7025157851
0.1671 1 25774.1574382282
0.1674 1 25628.3229509789
0.1677 1 25480.2120078995
0.168 1 25329.8377650605
0.1683 1 25177.2135795715
0.1686 1 25022.3530083952
0.1689 1 24865.2698071429
0.1692 1 24705.9779288528
0.1695 1 24544.4915227507
0.1698 1 24380.8249329928
0.1701 1 24214.992697392
0.1704 1 24047.0095461263
0.1707 1 23876.8904004305
0.171 1 23704.6503712707
0.1713 1 23530.3047580023
0.1716 1 23353.8690470107
0.1719 1 23175.3589103359
0.1722 1 22994.7902042805
0.1725 1 22812.1789680009
0.1728 1 22627.5414220831
0.1731 1 22440.8939671015
0.1734 1 22252.2531821622
0.1737 1 22061.6358234305
0.174 1 21869.0588226423
0.1743 1 21674.5392856005
0.1746 1 21478.0944906549
0.1749 1 21279.7418871682
0.1752 1 21079.4990939655
0.1755 1 20877.3838977694
0.1758 1 20673.4142516205
0.1761 1 20467.6082732819
0.1764 1 20259.9842436308
0.1767 1 20050.5606050338
0.177 1 19839.3559597096
0.1773 1 19626.3890680758
0.1776 1 19411.6788470833
0.1779 1 19195.2443685354
0.1782 1 18977.1048573937
0.1785 1 18757.2796900712
0.1788 1 18535.78839271
0.1791 1 18312.6506394481
0.1794 1 18087.8862506708
0.1797 1 17861.5151912507
0.18 1 17633.5575687742
0.1803 1 17404.0336317555
0.1806 1 17172.9637678377
0.1809 1 16940.3685019823
0.1812 1 16706.2684946457
0.1815 1 16470.684539944
0.1818 1 16233.6375638063
0.1821 1 15995.1486221157
0.1824 1 15755.2388988389
0.1827 1 15513.9297041447
0.183 1 15271.2424725111
0.1833 1 15027.1987608213
0.1836 1 14781.8202464487
0.1839 1 14535.128725332
0.1842 1 14287.1461100382
0.1845 1 14037.8944278172
0.1848 1 13787.3958186446
0.1851 1 13535.6725332554
0.1854 1 13282.7469311671
0.1857 1 13028.6414786942
0.186 1 12773.3787469522
0.1863 1 12516.981409853
0.1866 1 12259.4722420905
0.1869 1 12000.874117118
0.1872 1 11741.2100051161
0.1875 1 11480.5029709527
0.1878 1 11218.776172134
0.1881 1 10956.0528567476
0.1884 1 10692.3563613975
0.1887 1 10427.7101091311
0.189 1 10162.1376073588
0.1893 1 9895.66244576558
0.1896 1 9628.30829421629
0.1899 1 9360.09890065245
0.1902 1 9091.05808898324
0.1905 1 8821.20975696915
0.1908 1 8550.57787409931
0.1911 1 8279.18647946239
0.1914 1 8007.05967961127
0.1917 1 7734.22164642182
0.192 1 7460.69661494566
0.1923 1 7186.50888125769
0.1926 1 6911.68280029772
0.1929 1 6636.24278370743
0.1932 1 6360.21329766165
0.1935 1 6083.6188606954
0.1938 1 5806.48404152582
0.1941 1 5528.83345687001
0.1944 1 5250.69176925828
0.1947 1 4972.08368484361
0.195 1 4693.03395120693
0.1953 1 4413.56735515915
0.1956 1 4133.70872053916
0.1959 1 3853.48290600909
0.1962 1 3572.91480284612
0.1965 1 3292.02933273137
0.1968 1 3010.85144553648
0.1971 1 2729.40611710712
0.1974 1 2447.71834704474
0.1977 1 2165.81315648582
0.198 1 1883.71558587942
0.1983 1 1601.45069276283
0.1986 1 1319.04354953598
0.1989 1 1036.51924123416
0.1992 1 753.902863300138
0.1995 1 471.219519354625
0.1998 1 188.494318966791
0.2001 1 -94.2476245763737
0.2004 1 -376.981196500574
0.2007 1 -659.681282775132
0.201 1 -942.322772343836
0.2013 1 -1224.88055935527
0.2016 1 -1507.32954539307
0.2019 1 -1789.64464170511
0.2022 1 -2071.80077143217
0.2025 1 -2353.77287183533
0.2028 1 -2635.53589652228
0.2031 1 -2917.06481767195
0.2034 1 -3198.33462825778
0.2037 1 -3479.32034426883
0.204 1 -3759.99700692913
0.2043 1 -4040.33968491456
0.2046 1 -4320.32347656755
0.2049 1 -4599.92351210879
0.2052 1 -4879.11495584649
0.2055 1 -5157.87300838228
0.2058 1 -5436.17290881409
0.2061 1 -5713.98993693568
0.2064 1 -5991.29941543218
0.2067 1 -6268.07671207235
0.207 1 -6544.29724189626
0.2073 1 -6819.93646939938
0.2076 1 -7094.96991071171
0.2079 1 -7369.37313577277
0.2082 1 -7643.12177050143
0.2085 1 -7916.19149896119
0.2088 1 -8188.55806551974
0.2091 1 -8460.19727700388
0.2094 1 -8731.08500484813
0.2097 1 -9001.19718723827
0.21 1 -9270.50983124842
0.2103 1 -9538.9990149723
0.2106 1 -9806.64088964826
0.2109 1 -10073.4116817774
0.2112 1 -10339.2876952355
0.2115 1 -10604.2453133777
0.2118 1 -10868.2610011364
0.2121 1 -11131.3113071115
0.2124 1 -11393.372865654
0.2127 1 -11654.422398941
0.213 1 -11914.4367190434
0.2133 1 -12173.392729986
0.2136 1 -12431.2674297985
0.2139 1 -12688.0379125591
0.2142 1 -12943.6813704288
0.2145 1 -13198.1750956774
0.2148 1 -13451.496482701
0.2151 1 -13703.623030029
0.2154 1 -13954.5323423237
0.2157 1 -14204.2021323693
0.216 1 -14452.6102230514
0.2163 1 -14699.7345493271
0.2166 1 -14945.5531601847
0.2169 1 -15190.044220594
0.2172 1 -15433.1860134452
0.2175 1 -15674.9569414784
0.2178 1 -15915.335529202
0.2181 1 -16154.3004247998
0.2184 1 -16391.8304020281
0.2187 1 -16627.9043621008
0.219 1 -16862.5013355639
0.2193 1 -17095.6004841577
0.2196 1 -17327.181102668
0.2199 1 -17557.2226207653
0.2202 1 -17785.7046048318
0.2205 1 -18012.6067597765
0.2208 1 -18237.9089308381
0.2211 1 -18461.5911053751
0.2214 1 -18683.6334146434
0.2217 1 -18904.0161355611
0.222 1 -19122.7196924607
0.2223 1 -19339.7246588277
0.2226 1 -19555.0117590264
0.2229 1 -19768.5618700115
0.2232 1 -19980.3560230275
0.2235 1 -20190.3754052932
0.2238 1 -20398.6013616726
0.2241 1 -20605.0153963322
0.2244 1 -20809.5991743841
0.2247 1 -21012.3345235142
0.225 1 -21213.2034355964
0.2253 1 -21412.1880682926
0.2256 1 -21609.2707466372
0.2259 1 -21804.4339646071
0.2262 1 -21997.6603866768
0.2265 1 -22188.9328493583
0.2268 1 -22378.2343627254
0.2271 1 -22565.5481119233
0.2274 1 -22750.8574586616
0.2277 1 -22934.1459426927
0.228 1 -23115.3972832737
0.2283 1 -23294.5953806123
0.2286 1 -23471.7243172976
0.2289 1 -23646.7683597132
0.2292 1 -23819.7119594351
0.2295 1 -23990.5397546127
0.2298 1 -24159.2365713336
0.2301 1 -24325.7874249712
0.2304 1 -24490.1775215155
0.2307 1 -24652.3922588877
0.231 1 -24812.4172282368
0.2313 1 -24970.2382152199
0.2316 1 -25125.8412012642
0.2319 1 -25279.2123648129
0.2322 1 -25430.3380825525
0.2325 1 -25579.2049306228
0.2328 1 -25725.7996858096
0.2331 1 -25870.1093267191
0.2334 1 -26012.1210349347
0.2337 1 -26151.8221961553
0.234 1 -26289.2004013159
0.2343 1 -26424.2434476901
0.2346 1 -26556.9393399737
0.2349 1 -26687.2762913501
0.2352 1 -26815.2427245379
0.2355 1 -26940.8272728185
0.2358 1 -27064.0187810461
0.2361 1 -27184.8063066387
0.2364 1 -27303.1791205499
0.2367 1 -27419.1267082218
0.237 1 -27532.6387705194
0.2373 1 -27643.7052246449
0.2376 1 -27752.3162050337
0.2379 1 -27858.4620642305
0.2382 1 -27962.1333737463
0.2385 1 -28063.320924896
0.2388 1 -28162.0157296162
0.2391 1 -28258.2090212637
0.2394 1 -28351.8922553941
0.2397 1 -28443.057110521
0.24 1 -28531.6954888546
0.2403 1 -28617.7995170218
0.2406 1 -28701.3615467649
0.2409 1 -28782.3741556213
0.2412 1 -28860.8301475826
0.2415 1 -28936.7225537339
0.2418 1 -29010.0446328731
0.2421 1 -29080.7898721089
0.2424 1 -29148.9519874402
0.2427 1 -29214.5249243139
0.243 1 -29277.5028581624
0.2433 1 -29337.8801949217
0.2436 1 -29395.6515715274
0.2439 1 -29450.811856392
0.2442 1 -29503.3561498599
0.2445 1 -29553.2797846432
0.2448 1 -29600.578326236
0.2451 1 -29645.2475733084
0.2454 1 -29687.2835580795
0.2457 1 -29726.6825466702
0.246 1 -29763.4410394343
0.2463 1 -29797.5557712702
0.2466 1 -29829.02371191
0.2469 1 -29857.8420661892
0.2472 1 -29884.0082742952
0.2475 1 -29907.5200119938
0.2478 1 -29928.3751908368
0.2481 1 -29946.5719583464
0.2484 1 -29962.1086981805
0.2487 1 -29974.9840302762
0.249 1 -29985.1968109719
0.2493 1 -29992.7461331095
0.2496 1 -29997.6313261145
0.2499 1 -29999.8519560557
0.2502 1 -29999.4078256841
0.2505 1 -29996.2989744498
0.2508 1 -29990.525678499
0.2511 1 -29982.0884506492
0.2514 1 -29970.9880403437
0.2517 1 -29957.2254335853
0.252 1 -29940.8018528481
0.2523 1 -29921.7187569697
0.2526 1 -29899.9778410209
0.2529 1 -29875.5810361556
0.2532 1 -29848.530509439
0.2535 1 -29818.8286636554
0.2538 1 -29786.4781370944
0.2541 1 -29751.4818033169
0.2544 1 -29713.8427708995
0.2547 1 -29673.5643831589
0.255 1 -29630.6502178541
0.2553 1 -29585.1040868697
0.2556 1 -29536.9300358762
0.2559 1 -29486.1323439714
0.2562 1 -29432.7155233
0.2565 1 -29376.684318653
0.2568 1 -29318.0437070458
0.2571 1 -29256.7988972767
0.2574 1 -29192.9553294638
0.2577 1 -29126.5186745619
0.258 1 -29057.4948338589
0.2583 1 -28985.8899384514
0.2586 1 -28911.7103487003
0.2589 1 -28834.9626536656
0.2592 1 -28755.6536705213
0.2595 1 -28673.7904439499
0.2598 1 -28589.3802455166
0.2601 1 -28502.4305730232
0.2604 1 -28412.9491498423
0.2607 1 -28320.9439242315
0.261 1 -28226.4230686268
0.2613 1 -28129.3949789171
0.2616 1 -28029.8682736984
0.2619 1 -27927.8517935081
0.2622 1 -27823.3546000399
0.2625 1 -27716.3859753386
0.2628 1 -27606.9554209761
0.2631 1 -27495.0726572069
0.2634 1 -27380.7476221051
0.2637 1 -27263.9904706812
0.264 1 -27144.8115739806
0.2643 1 -27023.2215181619
0.2646 1 -26899.2311035571
0.2649 1 -26772.8513437116
0.2652 1 -26644.0934644063
0.2655 1 -26512.9689026608
0.2658 1 -26379.4893057167
0.2661 1 -26243.6665300036
0.2664 1 -26105.5126400858
0.2667 1 -25965.0399075906
0.267 1 -25822.2608101183
0.2673 1 -25677.188030134
0.2676 1 -25529.8344538408
0.2679 1 -25380.2131700353
0.2682 1 -25228.3374689451
0.2685 1 -25074.2208410481
0.2688 1 -24917.8769758744
0.2691 1 -24759.31976079
0.2694 1 -24598.5632797636
0.2697 1 -24435.6218121153
0.27 1 -24270.5098312484
0.2703 1 -24103.2420033638
0.2706 1 -23933.8331861572
0.2709 1 -23762.298427499
0.2712 1 -23588.6529640986
0.2715 1 -23412.9122201499
0.2718 1 -23235.091805962
0.2721 1 -23055.2075165723
0.2724 1 -22873.2753303435
0.2727 1 -22689.3114075442
0.273 1 -22503.3320889138
0.2733 1 -22315.3538942107
0.2736 1 -22125.3935207453
0.2739 1 -21933.4678418959
0.2742 1 -21739.5939056114
0.2745 1 -21543.7889328957
0.2748 1 -21346.0703162786
0.2751 1 -21146.4556182709
0.2754 1 -20944.9625698042
0.2757 1 -20741.6090686562
0.276 1 -20536.4131778607
0.2763 1 -20329.3931241031
0.2766 1 -20120.5672961016
0.2769 1 -19909.9542429738
0.2772 1 -19697.5726725887
0.2775 1 -19483.4414499055
0.2778 1 -19267.5795952975
0.2781 1 -19050.0062828629
0.2784 1 -18830.740838721
0.2787 1 -18609.8027392967
0.279 1 -18387.2116095893
0.2793 1 -18162.9872214301
0.2796 1 -17937.1494917256
0.2799 1 -17709.7184806888
0.2802 1 -17480.7143900573
0.2805 1 -17250.1575612984
0.2808 1 -17018.0684738027
0.2811 1 -16784.467743065
0.2814 1 -16549.3761188529
0.2817 1 -16312.8144833638
0.282 1 -16074.8038493699
0.2823 1 -15835.365358352
0.2826 1 -15594.5202786213
0.2829 1 -15352.2900034304
0.2832 1 -15108.6960490729
0.2835 1 -14863.7600529722
0.2838 1 -14617.50377176
0.2841 1 -14369.9490793429
0.2844 1 -14121.11796496
0.2847 1 -13871.0325312298
0.285 1 -13619.7149921864
0.2853 1 -13367.1876713069
0.2856 1 -13113.472999528
0.2859 1 -12858.5935132539
0.2862 1 -12602.5718523542
0.2865 1 -12345.4307581533
0.2868 1 -12087.1930714099
0.2871 1 -11827.8817302886
0.2874 1 -11567.5197683219
0.2877 1 -11306.1303123649
0.288 1 -11043.7365805403
0.2883 1 -10780.3618801767
0.2886 1 -10516.0296057378
0.2889 1 -10250.7632367445
0.2892 1 -9984.58633568962
0.2895 1 -9717.52254594452
0.2898 1 -9449.59558965914
0.2901 1 -9180.82926565504
0.2904 1 -8911.24744731108
0.2907 1 -8640.87408044312
0.291 1 -8369.73318117689
0.2913 1 -8097.84883381492
0.2916 1 -7825.24518869696
0.2919 1 -7551.94646005493
0.2922 1 -7277.97692386225
0.2925 1 -7003.36091567716
0.2928 1 -6728.1228284815
0.2931 1 -6452.28711051343
0.2934 1 -6175.87826309644
0.2937 1 -5898.92083846262
0.294 1 -5621.43943757177
0.2943 1 -5343.45870792635
0.2946 1 -5065.00334138203
0.2949 1 -4786.09807195457
0.2952 1 -4506.76767362276
0.2955 1 -4227.03695812749
0.2958 1 -3946.93077276851
0.2961 1 -3666.47399819673
0.2964 1 -3385.69154620446
0.2967 1 -3104.60835751271
0.297 1 -2823.24939955542
0.2973 1 -2541.63966426227
0.2976 1 -2259.80416583801
0.2979 1 -1977.76793854133
0.2982 1 -1695.55603446075
0.2985 1 -1413.19352128931
0.2988 1 -1130.70548009808
0.2991 1 -848.117003108209
0.2994 1 -565.453191462221
0.2997 1 -282.739152994367
0.3 4 0
0.3004 4 0
0.3008 4 0
0.3012 4 0
0.3016 4 0
0.302 4 0
0.3024 4 0
0.3028 4 0
0.3032 4 0
0.3036 4 0
0.304 4 0
0.3044 4 0
0.3048 4 0
0.3052 4 0
0.3056 4 0
0.306 4 0
0.3064 4 0
0.3068 4 0
0.3072 4 0
0.3076 4 0
0.308 4 0
0.3084 4 0
0.3088 4 0
0.3092 4 0
0.3096 4 0
0.31 4 0
0.3104 4 0
0.3108 4 0
0.3112 4 0
0.3116 4 0
0.312 4 0
0.3124 4 0
0.3128 4 0
0.3132 4 0
0.3136 4 0
0.314 4 0
0.3144 4 0
0.3148 4 0
0.3152 4 0
0.3156 4 0
0.316 4 0
0.3164 4 0
0.3168 4 0
0.3172 4 0
0.3176 4 0
0.318 4 0
0.3184 4 0
0.3188 4 0
0.3192 4 0
0.3196 4 0
0.32 4 0
0.3204 4 0
0.3208 4 0
0.3212 4 0
0.3216 4 0
0.322 4 0
0.3224 4 0
0.3228 4 0
0.3232 4 0
0.3236 4 0
0.324 4 0
0.3244 4 0
0.3248 4 0
0.3252 4 0
0.3256 4 0
0.326 4 0
0.3264 4 0
0.3268 4 0
0.3272 4 0
0.3276 4 0
0.328 4 0
0.3284 4 0
0.3288 4 0
0.3292 4 0
0.3296 4 0
0.33 4 0
0.3304 4 0
0.3308 4 0
0.3312 4 0
0.3316 4 0
0.332 4 0
0.3324 4 0
0.3328 4 0
0.3332 4 0
0.3336 4 0
0.334 4 0
0.3344 4 0
0.3348 4 0
0.3352 4 0
0.3356 4 0
0.336 4 0
0.3364 4 0
0.3368 4 0
0.3372 4 0
0.3376 4 0
0.338 4 0
0.3384 4 0
0.3388 4 0
0.3392 4 0
0.3396 4 0
0.34 4 0
0.3404 4 0
0.3408 4 0
0.3412 4 0
0.3416 4 0
0.342 4 0
0.3424 4 0
0.3428 4 0
0.3432 4 0
0.3436 4 0
0.344 4 0
0.3444 4 0
0.3448 4 0
0.3452 4 0
0.3456 4 0
0.346 4 0
0.3464 4 0
0.3468 4 0
0.3472 4 0
0.3476 4 0
0.348 4 0
0.3484 4 0
0.3488 4 0
0.3492 4 0
0.3496 4 0
0.35 4 0
0.3504 4 0
0.3508 4 0
0.3512 4 0
0.3516 4 0
0.352 4 0
0.3524 4 0
0.3528 4 0
0.3532 4 0
0.3536 4 0
0.354 4 0
0.3544 4 0
0.3548 4 0
0.3552 4 0
0.3556 4 0
0.356 4 0
0.3564 4 0
0.3568 4 0
0.3572 4 0
0.3576 4 0
0.358 4 0
0.3584 4 0
0.3588 4 0
0.3592 4 0
0.3596 4 0
0.36 4 0
0.3604 4 0
0.3608 4 0
0.3612 4 0
0.3616 4 0
0.362 4 0
0.3624 4 0
0.3628 4 0
0.3632 4 0
0.3636 4 0
0.364 4 0
0.3644 4 0
0.3648 4 0
0.3652 4 0
0.3656 4 0
0.366 4 0
0.3664 4 0
0.3668 4 0
0.3672 4 0
0.3676 4 0
0.368 4 0
0.3684 4 0
0.3688 4 0
0.3692 4 0
0.3696 4 0
0.37 4 0
0.3704 4 0
0.3708 4 0
0.3712 4 0
0.3716 4 0
0.372 4 0
0.3724 4 0
0.3728 4 0
0.3732 4 0
0.3736 4 0
0.374 4 0
0.3744 4 0
0.3748 4 0
0.3752 4 0
0.3756 4 0
0.376 4 0
0.3764 4 0
0.3768 4 0
0.3772 4 0
0.3776 4 0
0.378 4 0
0.3784 4 0
0.3788 4 0
0.3792 4 0
0.3796 4 0
0.38 4 0
0.3804 4 0
0.3808 4 0
0.3812 4 0
0.3816 4 0
0.382 4 0
0.3824 4 0
0.3828 4 0
0.3832 4 0
0.3836 4 0
0.384 4 0
0.3844 4 0
0.3848 4 0
0.3852 4 0
0.3856 4 0
0.386 4 0
0.3864 4 0
0.3868 4 0
0.3872 4 0
0.3876 4 0
0.388 4 0
0.3884 4 0
0.3888 4 0
0.3892 4 0
0.3896 4 0
0.39 4 0
0.3904 4 0
0.3908 4 0
0.3912 4 0
0.3916 4 0
0.392 4 0
0.3924 4 0
0.3928 4 0
0.3932 4 0
0.3936 4 0
0.394 4 0
0.3944 4 0
0.3948 4 0
0.3952 4 0
0.3956 4 0
0.396 4 0
0.3964 4 0
0.3968 4 0
0.3972 4 0
0.3976 4 0
0.398 4 0
0.3984 4 0
0.3988 4 0
0.3992 4 0
0.3996 4 0
0.4 4 0
0.4004 4 0
0.4008 4 0
0.4012 4 0
0.4016 4 0
0.402 4 0
0.4024 4 0
0.4028 4 0
0.4032 4 0
0.4036 4 0
0.404 4 0
0.4044 4 0
0.4048 4 0
0.4052 4 0
0.4056 4 0
0.406 4 0
0.4064 4 0
0.4068 4 0
0.4072 4 0
0.4076 4 0
0.408 4 0
0.4084 4 0
0.4088 4 0
0.4092 4 0
0.4096 4 0
0.41 4 0
0.4104 4 0
0.4108 4 0
0.4112 4 0
0.4116 4 0
0.412 4 0
0.4124 4 0
0.4128 4 0
0.4132 4 0
0.4136 4 0
0.414 4 0
0.4144 4 0
0.4148 4 0
0.4152 4 0
0.4156 4 0
0.416 4 0
0.4164 4 0
0.4168 4 0
0.4172 4 0
0.4176 4 0
0.418 4 0
0.4184 4 0
0.4188 4 0
0.4192 4 0
0.4196 4 0
0.42 4 0
0.4204 4 0
0.4208 4 0
0.4212 4 0
0.4216 4 0
0.422 4 0
0.4224 4 0
0.4228 4 0
0.4232 4 0
0.4236 4 0
0.424 4 0
0.4244 4 0
0.4248 4 0
0.4252 4 0
0.4256 4 0
0.426 4 0
0.4264 4 0
0.4268 4 0
0.4272 4 0
0.4276 4 0
0.428 4 0
0.4284 4 0
0.4288 4 0
0.4292 4 0
0.4296 4 0
0.43 4 0
0.4304 4 0
0.4308 4 0
0.4312 4 0
0.4316 4 0
0.432 4 0
0.4324 4 0
0.4328 4 0
0.4332 4 0
0.4336 4 0
0.434 4 0
0.4344 4 0
0.4348 4 0
0.4352 4 0
0.4356 4 0
0.436 4 0
0.4364 4 0
0.4368 4 0
0.4372 4 0
0.4376 4 0
0.438 4 0
0.4384 4 0
0.4388 4 0
0.4392 4 0
0.4396 4 0
0.44 4 0
0.4404 4 0
0.4408 4 0
0.4412 4 0
0.4416 4 0
0.442 4 0
0.4424 4 0
0.4428 4 0
0.4432 4 0
0.4436 4 0
0.444 4 0
0.4444 4 0
0.4448 4 0
0.4452 4 0
0.4456 4 0
0.446 4 0
0.4464 4 0
0.4468 4 0
0.4472 4 0
0.4476 4 0
0.448 4 0
0.4484 4 0
0.4488 4 0
0.4492 4 0
0.4496 4 0
0.45 4 0
0.4504 4 0
0.4508 4 0
0.4512 4 0
0.4516 4 0
0.452 4 0
0.4524 4 0
0.4528 4 0
0.4532 4 0
0.4536 4 0
0.454 4 0
0.4544 4 0
0.4548 4 0
0.4552 4 0
0.4556 4 0
0.456 4 0
0.4564 4 0
0.4568 4 0
0.4572 4 0
0.4576 4 0
0.458 4 0
0.4584 4 0
0.4588 4 0
0.4592 4 0
0.4596 4 0
0.46 4 0
0.4604 4 0
0.4608 4 0
0.4612 4 0
0.4616 4 0
0.462 4 0
0.4624 4 0
0.4628 4 0
0.4632 4 0
0.4636 4 0
0.464 4 0
0.4644 4 0
0.4648 4 0
0.4652 4 0
0.4656 4 0
0.466 4 0
0.4664 4 0
0.4668 4 0
0.4672 4 0
0.4676 4 0
0.468 4 0
0.4684 4 0
0.4688 4 0
0.4692 4 0
0.4696 4 0
0.47 4 0
0.4704 4 0
0.4708 4 0
0.4712 4 0
0.4716 4 0
0.472 4 0
0.4724 4 0
0.4728 4 0
0.4732 4 0
0.4736 4 0
0.474 4 0
0.4744 4 0
0.4748 4 0
0.4752 4 0
0.4756 4 0
0.476 4 0
0.4764 4 0
0.4768 4 0
0.4772 4 0
0.4776 4 0
0.478 4 0
0.4784 4 0
0.4788 4 0
0.4792 4 0
0.4796 4 0
0.48 4 0
0.4804 4 0
0.4808 4 0
0.4812 4 0
0.4816 4 0
0.482 4 0
0.4824 4 0
0.4828 4 0
0.4832 4 0
0.4836 4 0
0.484 4 0
0.4844 4 0
0.4848 4 0
0.4852 4 0
0.4856 4 0
0.486 4 0
0.4864 4 0
0.4868 4 0
0.4872 4 0
0.4876 4 0
0.488 4 0
0.4884 4 0
0.4888 4 0
0.4892 4 0
0.4896 4 0
0.49 4 0
0.4904 4 0
0.4908 4 0
0.4912 4 0
0.4916 4 0
0.492 4 0
0.4924 4 0
0.4928 4 0
0.4932 4 0
0.4936 4 0
0.494 4 0
0.4944 4 0
0.4948 4 0
0.4952 4 0
0.4956 4 0
0.496 4 0
0.4964 4 0
0.4968 4 0
0.4972 4 0
0.4976 4 0
0.498 4 0
0.4984 4 0
0.4988 4 0
0.4992 4 0
0.4996 4 0
0.5 4 0
