0 4 -0
0.00297029702970297 4 -2795.37802452215
0.00594059405940594 4 -5566.4326148848
0.00891089108910891 4 -8289.05198252491
0.0118811881188119 4 -10939.5457884797
0.0148514851485149 4 -13494.8512802291
0.0178217821782178 4 -15932.7339677182
0.0207920792079208 4 -18231.981092416
0.0237623762376238 4 -20372.5862059766
0.0267326732673267 4 -22335.9232524305
0.0297029702970297 4 -24104.9086391603
0.0326732673267327 4 -25664.1498864349
0.0356435643564356 4 -27000.0795620559
0.0386138613861386 4 -28101.0733357103
0.0415841584158416 4 -28957.5511258031
0.0445544554455446 4 -29562.0604586604
0.0475247524752475 4 -29909.3413147689
0.0504950495049505 4 -29996.3718978045
0.0534653465346535 4 -29822.3949282016
0.0564356435643565 4 -29388.9242324724
0.0594059405940594 4 -28699.7315709426
0.0623762376237624 4 -27760.8138185172
0.0653465346534654 4 -26580.3407840494
0.0683168316831683 4 -25168.584122349
0.0712871287128713 4 -23537.827957391
0.0742574257425743 4 -21702.2619944175
0.0772277227722773 4 -19677.8580509982
0.0801980198019802 4 -17482.231081389
0.0831683168316832 4 -15134.4859034592
0.0861386138613862 4 -12655.0509618618
0.0891089108910891 4 -10065.5005739257
0.0920792079207921 4 -7388.36720496
0.0950495049504951 4 -4646.9454064225
0.0980198019801981 4 -1865.08912294438
0.100990099009901 4 932.995868095148
0.103960396039604 4 3722.96257839782
0.106930693069307 4 6480.53465929456
0.10990099009901 4 9181.71763763667
0.112871287128713 4 11803.0076990026
0.115841584158416 4 14321.5962015339
0.118811881188119 4 16715.5681408629
0.121782178217822 4 18964.0928392298
0.124752475247525 4 21047.6051995433
0.127722772277228 4 22947.9759472395
0.130693069306931 4 24648.6693786121
0.133663366336634 4 26134.8872429985
0.136633663366337 4 27393.6975068586
0.13960396039604 4 28414.14687933
0.142574257425743 4 29187.3561201431
0.145544554455446 4 29706.5973005901
0.148514851485149 4 29967.3523452783
0.151485148514852 4 29967.3523452783
0.154455445544555 4 29706.5973005901
0.157425742574258 4 29187.3561201431
0.16039603960396 4 28414.14687933
0.163366336633663 4 27393.6975068585
0.166336633663366 4 26134.8872429985
0.169306930693069 4 24648.669378612
0.172277227722772 4 22947.9759472394
0.175247524752475 4 21047.6051995432
0.178217821782178 4 18964.0928392297
0.181188118811881 4 16715.5681408628
0.184158415841584 4 14321.5962015337
0.187128712871287 4 11803.0076990025
0.19009900990099 4 9181.71763763652
0.193069306930693 4 6480.53465929439
0.196039603960396 4 3722.96257839767
0.199009900990099 4 932.995868094986
0.201980198019802 4 -1865.08912294452
0.204950495049505 4 -4646.94540642266
0.207920792079208 4 -7388.36720496015
0.210891089108911 4 -10065.5005739259
0.213861386138614 4 -12655.050961862
0.216831683168317 4 -15134.4859034593
0.21980198019802 4 -17482.2310813891
0.222772277227723 4 -19677.8580509983
0.225742574257426 4 -21702.2619944176
0.228712871287129 4 -23537.8279573911
0.231683168316832 4 -25168.5841223491
0.234653465346535 4 -26580.3407840495
0.237623762376238 4 -27760.8138185173
0.240594059405941 4 -28699.7315709426
0.243564356435644 4 -29388.9242324725
0.246534653465347 4 -29822.3949282016
0.24950495049505 4 -29996.3718978045
0.252475247524753 4 -29909.3413147689
0.255445544554456 4 -29562.0604586604
0.258415841584159 4 -28957.551125803
0.261386138613862 4 -28101.0733357102
0.264356435643565 4 -27000.0795620558
0.267326732673268 4 -25664.1498864348
0.27029702970297 4 -24104.9086391602
0.273267326732673 4 -22335.9232524303
0.276237623762376 4 -20372.5862059764
0.279207920792079 4 -18231.9810924158
0.282178217821782 4 -15932.7339677181
0.285148514851485 4 -13494.8512802289
0.288118811881188 4 -10939.5457884795
0.291089108910891 4 -8289.0519825247
0.294059405940594 4 -5566.43261488463
0.297029702970297 4 -2795.37802452196
0.300951271597748 4 0
0.304872840225199 4 0
0.30879440885265 4 0
0.312715977480101 4 0
0.316637546107552 4 0
0.320559114735003 4 0
0.324480683362454 4 0
0.328402251989905 4 0
0.332323820617356 4 0
0.336245389244807 4 0
0.340166957872258 4 0
0.344088526499709 4 0
0.34801009512716 4 0
0.351931663754611 4 0
0.355853232382062 4 0
0.359774801009513 4 0
0.363696369636964 4 0
0.367617938264415 4 0
0.371539506891866 4 0
0.375461075519317 4 0
0.379382644146768 4 0
0.383304212774219 4 0
0.387225781401669 4 0
0.39114735002912 4 0
0.395068918656571 4 0
0.398990487284022 4 0
0.402912055911473 4 0
0.406833624538924 4 0
0.410755193166375 4 0
0.414676761793826 4 0
0.418598330421277 4 0
0.422519899048728 4 0
0.426441467676179 4 0
0.43036303630363 4 0
0.434284604931081 4 0
0.438206173558532 4 0
0.442127742185983 4 0
0.446049310813434 4 0
0.449970879440885 4 0
0.453892448068336 4 0
0.457814016695787 4 0
0.461735585323238 4 0
0.465657153950689 4 0
0.46957872257814 4 0
0.473500291205591 4 0
0.477421859833042 4 0
0.481343428460493 4 0
0.485264997087944 4 0
0.489186565715395 4 0
0.493108134342846 4 0
