0.0115384615384615 -0 -0
0.0346153846153846 -153.028305747876 -153.028305747876
0.0576923076923077 -504.17297730484 -504.17297730484
0.0807692307692308 -767.093598791529 -767.093598791529
0.103846153846154 -725.490635385857 -725.490635385857
0.126923076923077 -330.348443388812 -330.348443388812
0.15 268.205802492638 268.205802492638
0.173076923076923 793.454774438202 793.454774438202
0.196153846153846 983.987824621529 983.987824621529
0.219230769230769 732.170091519683 732.170091519683
0.242307692307692 146.944218086251 146.944218086251
0.265384615384615 -493.33179152838 -493.33179152838
0.288461538461538 -342.27475471494 -342.27475471494
0.303846153846154 -207.964407928064 -831.857631712254
0.311538461538462 -202.829484275521 -811.317937102085
0.319230769230769 -197.942026823103 -791.76810729241
0.326923076923077 -193.284567368441 -773.138269473765
0.334615384615385 -188.841243980666 -755.364975922665
0.342307692307692 -184.59762052043 -738.390482081722
0.35 -180.540529959542 -722.162119838168
0.357692307692308 -176.657937917402 -706.631751669608
0.365384615384615 -172.938823434934 -691.755293739736
0.373076923076923 -169.373074498132 -677.492297992529
0.380769230769231 -165.951396225445 -663.805584901778
0.388461538461538 -162.665229963554 -650.660919854216
0.396153846153846 -159.50668180892 -638.026727235679
0.403846153846154 -156.468459298278 -625.873837193111
0.411538461538462 -153.543815199249 -614.175260796996
0.419230769230769 -150.726497489168 -602.905989956671
0.426923076923077 -148.010704741625 -592.042818966498
0.434615384615385 -145.391046250623 -581.56418500249
0.442307692307692 -142.86250631583 -571.450025263322
0.45 -140.420412190772 -561.681648763089
0.457692307692308 -138.0604052632 -552.241621052799
0.465384615384615 -135.778415093564 -543.113660374255
0.473076923076923 -133.570635986353 -534.282543945411
0.480769230769231 -131.433505810572 -525.734023242286
0.488461538461539 -129.36368682143 -517.454747285719
0.496153846153846 -127.35804826606 -509.43219306424
