0 1 1
0.0214285714285714 1 1
0.0428571428571429 1 1
0.0642857142857143 1 1
0.0857142857142857 1 1
0.107142857142857 1 1
0.128571428571429 1 1
0.15 1 1
0.171428571428571 1 1
0.192857142857143 1 1
0.214285714285714 1 1
0.235714285714286 1 1
0.257142857142857 1 1
0.278571428571429 1 1
0.3 1 1
0.313333333333333 1 1
0.326666666666667 1 1
0.34 1 1
0.353333333333333 1 1
0.366666666666667 1 1
0.38 1 1
0.393333333333333 1 1
0.406666666666666 1 1
0.42 1 1
0.433333333333333 1 1
0.446666666666666 1 1
0.46 1 1
0.473333333333333 1 1
0.486666666666666 1 1
