0 160.938938595459
0.0214285714285714 160.938938595459
0.0428571428571429 165.143290406195
0.0642857142857143 176.631440523259
0.0857142857142857 194.236335506959
0.107142857142857 212.914142731978
0.128571428571429 225.991148310689
0.15 228.284541715418
0.171428571428571 218.671880527127
0.192857142857143 200.910064645507
0.214285714285714 182.275413467692
0.235714285714286 170.571022851002
0.257142857142857 170.792320672682
0.278571428571429 182.921815066372
0.3 187.794356544672
0.328571428571429 193.48809671958
0.357142857142857 198.724359399436
0.385714285714286 203.571191488026
0.414285714285714 208.082508539613
0.442857142857143 212.30175432102
0.471428571428571 216.264447770606
0.5 220
