0 1 -0
0.00265486725663717 1 -2499.25344758714
0.00530973451327434 1 -4981.13113186075
0.0079646017699115 1 -7428.37809244189
0.0106194690265487 1 -9823.98013495267
0.0132743362831858 1 -12151.2821201857
0.015929203539823 1 -14394.1037569851
0.0185840707964602 1 -16536.8520938023
0.0212389380530973 1 -18564.6299268436
0.0238938053097345 1 -20463.3393711133
0.0265486725663717 1 -22219.7798742877
0.0292035398230088 1 -23821.7399919905
0.031858407079646 1 -25258.0822864122
0.0345132743362832 1 -26518.8207580259
0.0371681415929204 1 -27595.1902720654
0.0398230088495575 1 -28479.7074970854
0.0424778761061947 1 -29166.2229319367
0.0451327433628319 1 -29649.9636594431
0.047787610619469 1 -29927.5665295431
0.0504424778761062 1 -29997.1015411914
0.0530973451327434 1 -29858.0852604629
0.0557522123893805 1 -29511.4841815692
0.0584070796460177 1 -28959.7080074226
0.0610619469026549 1 -28206.592896462
0.063716814159292 1 -27257.3747922162
0.0663716814159292 1 -26118.6530210274
0.0690265486725664 1 -24798.344411017
0.0716814159292035 1 -23305.6282512763
0.0743362831858407 1 -21650.8824739479
0.0769911504424779 1 -19845.6115028824
0.079646017699115 1 -17902.3662704952
0.0823008849557522 1 -15834.6569588972
0.0849557522123894 1 -13656.8590719552
0.0876106194690265 1 -11384.113491305
0.0902654867256637 1 -9032.22121116726
0.0929203539823009 1 -6617.53348380821
0.0955752212389381 1 -4156.83813939657
0.0982300884955752 1 -1667.2428706045
0.100884955752212 1 833.943706597616
0.10353982300885 1 3329.33238904174
0.106194690265487 1 5801.57428273584
0.108849557522124 1 8233.48141899267
0.111504424778761 1 10608.1462517445
0.114159292035398 1 12909.0592052527
0.116814159292035 1 15120.223454976
0.119469026548673 1 17226.2661435967
0.12212389380531 1 19212.5452589889
0.124778761061947 1 21065.2514310715
0.127433628318584 1 22771.5039398172
0.130088495575221 1 24319.4402669315
0.132743362831858 1 25698.2985686044
0.135398230088496 1 26898.4924959539
0.138053097345133 1 27911.6778429805
0.14070796460177 1 28730.8105586698
0.143362831858407 1 29350.1957199223
0.146017699115044 1 29765.527124831
0.148672566371681 1 29973.91723104
0.151327433628319 1 29973.91723104
0.153982300884956 1 29765.527124831
0.156637168141593 1 29350.1957199223
0.15929203539823 1 28730.8105586698
0.161946902654867 1 27911.6778429805
0.164601769911504 1 26898.4924959539
0.167256637168142 1 25698.2985686044
0.169911504424779 1 24319.4402669315
0.172566371681416 1 22771.5039398173
0.175221238938053 1 21065.2514310715
0.17787610619469 1 19212.5452589889
0.180530973451327 1 17226.2661435967
0.183185840707965 1 15120.223454976
0.185840707964602 1 12909.0592052527
0.188495575221239 1 10608.1462517445
0.191150442477876 1 8233.48141899266
0.193805309734513 1 5801.57428273584
0.19646017699115 1 3329.33238904177
0.199115044247788 1 833.943706597627
0.201769911504425 1 -1667.24287060448
0.204424778761062 1 -4156.83813939656
0.207079646017699 1 -6617.53348380823
0.209734513274336 1 -9032.22121116726
0.212389380530973 1 -11384.113491305
0.215044247787611 1 -13656.8590719552
0.217699115044248 1 -15834.6569588972
0.220353982300885 1 -17902.3662704952
0.223008849557522 1 -19845.6115028824
0.225663716814159 1 -21650.8824739479
0.228318584070796 1 -23305.6282512763
0.230973451327434 1 -24798.3444110169
0.233628318584071 1 -26118.6530210274
0.236283185840708 1 -27257.3747922162
0.238938053097345 1 -28206.592896462
0.241592920353982 1 -28959.7080074226
0.244247787610619 1 -29511.4841815692
0.246902654867257 1 -29858.0852604629
0.249557522123894 1 -29997.1015411914
0.252212389380531 1 -29927.5665295431
0.254867256637168 1 -29649.9636594431
0.257522123893805 1 -29166.2229319367
0.260176991150442 1 -28479.7074970854
0.26283185840708 1 -27595.1902720654
0.265486725663717 1 -26518.8207580259
0.268141592920354 1 -25258.0822864122
0.270796460176991 1 -23821.7399919905
0.273451327433628 1 -22219.7798742877
0.276106194690265 1 -20463.3393711133
0.278761061946903 1 -18564.6299268436
0.28141592920354 1 -16536.8520938023
0.284070796460177 1 -14394.1037569851
0.286725663716814 1 -12151.2821201857
0.289380530973451 1 -9823.98013495266
0.292035398230089 1 -7428.37809244189
0.294690265486726 1 -4981.13113186076
0.297345132743363 1 -2499.25344758715
0.3 4 0
0.300884955752212 4 0
0.301769911504425 4 0
0.302654867256637 4 0
0.30353982300885 4 0
0.304424778761062 4 0
0.305309734513274 4 0
0.306194690265487 4 0
0.307079646017699 4 0
0.307964601769911 4 0
0.308849557522124 4 0
0.309734513274336 4 0
0.310619469026549 4 0
0.311504424778761 4 0
0.312389380530973 4 0
0.313274336283186 4 0
0.314159292035398 4 0
0.315044247787611 4 0
0.315929203539823 4 0
0.316814159292035 4 0
0.317699115044248 4 0
0.31858407079646 4 0
0.319469026548673 4 0
0.320353982300885 4 0
0.321238938053097 4 0
0.32212389380531 4 0
0.323008849557522 4 0
0.323893805309734 4 0
0.324778761061947 4 0
0.325663716814159 4 0
0.326548672566372 4 0
0.327433628318584 4 0
0.328318584070796 4 0
0.329203539823009 4 0
0.330088495575221 4 0
0.330973451327434 4 0
0.331858407079646 4 0
0.332743362831858 4 0
0.333628318584071 4 0
0.334513274336283 4 0
0.335398230088496 4 0
0.336283185840708 4 0
0.33716814159292 4 0
0.338053097345133 4 0
0.338938053097345 4 0
0.339823008849558 4 0
0.34070796460177 4 0
0.341592920353982 4 0
0.342477876106195 4 0
0.343362831858407 4 0
0.344247787610619 4 0
0.345132743362832 4 0
0.346017699115044 4 0
0.346902654867257 4 0
0.347787610619469 4 0
0.348672566371681 4 0
0.349557522123894 4 0
0.350442477876106 4 0
0.351327433628319 4 0
0.352212389380531 4 0
0.353097345132743 4 0
0.353982300884956 4 0
0.354867256637168 4 0
0.355752212389381 4 0
0.356637168141593 4 0
0.357522123893805 4 0
0.358407079646018 4 0
0.35929203539823 4 0
0.360176991150442 4 0
0.361061946902655 4 0
0.361946902654867 4 0
0.36283185840708 4 0
0.363716814159292 4 0
0.364601769911504 4 0
0.365486725663717 4 0
0.366371681415929 4 0
0.367256637168142 4 0
0.368141592920354 4 0
0.369026548672566 4 0
0.369911504424779 4 0
0.370796460176991 4 0
0.371681415929204 4 0
0.372566371681416 4 0
0.373451327433628 4 0
0.374336283185841 4 0
0.375221238938053 4 0
0.376106194690265 4 0
0.376991150442478 4 0
0.37787610619469 4 0
0.378761061946903 4 0
0.379646017699115 4 0
0.380530973451327 4 0
0.38141592920354 4 0
0.382300884955752 4 0
0.383185840707965 4 0
0.384070796460177 4 0
0.384955752212389 4 0
0.385840707964602 4 0
0.386725663716814 4 0
0.387610619469027 4 0
0.388495575221239 4 0
0.389380530973451 4 0
0.390265486725664 4 0
0.391150442477876 4 0
0.392035398230088 4 0
0.392920353982301 4 0
0.393805309734513 4 0
0.394690265486726 4 0
0.395575221238938 4 0
0.39646017699115 4 0
0.397345132743363 4 0
0.398230088495575 4 0
0.399115044247788 4 0
0.4 4 0
0.400884955752212 4 0
0.401769911504425 4 0
0.402654867256637 4 0
0.40353982300885 4 0
0.404424778761062 4 0
0.405309734513274 4 0
0.406194690265487 4 0
0.407079646017699 4 0
0.407964601769912 4 0
0.408849557522124 4 0
0.409734513274336 4 0
0.410619469026549 4 0
0.411504424778761 4 0
0.412389380530973 4 0
0.413274336283186 4 0
0.414159292035398 4 0
0.415044247787611 4 0
0.415929203539823 4 0
0.416814159292035 4 0
0.417699115044248 4 0
0.41858407079646 4 0
0.419469026548673 4 0
0.420353982300885 4 0
0.421238938053097 4 0
0.42212389380531 4 0
0.423008849557522 4 0
0.423893805309735 4 0
0.424778761061947 4 0
0.425663716814159 4 0
0.426548672566372 4 0
0.427433628318584 4 0
0.428318584070796 4 0
0.429203539823009 4 0
0.430088495575221 4 0
0.430973451327434 4 0
0.431858407079646 4 0
0.432743362831858 4 0
0.433628318584071 4 0
0.434513274336283 4 0
0.435398230088496 4 0
0.436283185840708 4 0
0.43716814159292 4 0
0.438053097345133 4 0
0.438938053097345 4 0
0.439823008849558 4 0
0.44070796460177 4 0
0.441592920353982 4 0
0.442477876106195 4 0
0.443362831858407 4 0
0.444247787610619 4 0
0.445132743362832 4 0
0.446017699115044 4 0
0.446902654867257 4 0
0.447787610619469 4 0
0.448672566371681 4 0
0.449557522123894 4 0
0.450442477876106 4 0
0.451327433628319 4 0
0.452212389380531 4 0
0.453097345132743 4 0
0.453982300884956 4 0
0.454867256637168 4 0
0.455752212389381 4 0
0.456637168141593 4 0
0.457522123893805 4 0
0.458407079646018 4 0
0.45929203539823 4 0
0.460176991150442 4 0
0.461061946902655 4 0
0.461946902654867 4 0
0.46283185840708 4 0
0.463716814159292 4 0
0.464601769911504 4 0
0.465486725663717 4 0
0.466371681415929 4 0
0.467256637168142 4 0
0.468141592920354 4 0
0.469026548672566 4 0
0.469911504424779 4 0
0.470796460176991 4 0
0.471681415929204 4 0
0.472566371681416 4 0
0.473451327433628 4 0
0.474336283185841 4 0
0.475221238938053 4 0
0.476106194690265 4 0
0.476991150442478 4 0
0.47787610619469 4 0
0.478761061946903 4 0
0.479646017699115 4 0
0.480530973451327 4 0
0.48141592920354 4 0
0.482300884955752 4 0
0.483185840707965 4 0
0.484070796460177 4 0
0.484955752212389 4 0
0.485840707964602 4 0
0.486725663716814 4 0
0.487610619469027 4 0
0.488495575221239 4 0
0.489380530973451 4 0
0.490265486725664 4 0
0.491150442477876 4 0
0.492035398230089 4 0
0.492920353982301 4 0
0.493805309734513 4 0
0.494690265486726 4 0
0.495575221238938 4 0
0.49646017699115 4 0
0.497345132743363 4 0
0.498230088495575 4 0
0.499115044247788 4 0
0.5 4 0
