0.00882352941176471 -0 -0
0.0264705882352941 -92.8997934489448 -92.8997934489448
0.0441176470588235 -340.085862735092 -340.085862735092
0.0617647058823529 -619.456607275291 -619.456607275291
0.0794117647058823 -810.394912316438 -810.394912316438
0.0970588235294118 -819.524045698257 -819.524045698257
0.114705882352941 -611.130290867573 -611.130290867573
0.132352941176471 -220.538839117985 -220.538839117985
0.15 254.702622329565 254.702622329565
0.167647058823529 683.493440429364 683.493440429364
0.185294117647059 941.093379053907 941.093379053907
0.202941176470588 948.079271584596 948.079271584596
0.220588235294118 696.286988914911 696.286988914911
0.238235294117647 253.525259587761 253.525259587761
0.255882352941176 -254.75722249272 -254.75722249272
0.273529411764706 -681.656413154805 -681.656413154805
0.291176470588235 -354.417019030368 -354.417019030368
0.3125 -210.148444225066 -840.593776900263
0.3375 -194.581892800988 -778.32757120395
0.3625 -181.162451918161 -724.649807672644
0.3875 -169.474551794409 -677.898207177636
0.4125 -159.203366837171 -636.813467348685
0.4375 -150.106031589333 -600.424126357333
0.4625 -141.992192043966 -567.968768175866
0.4875 -134.710541169917 -538.842164679667
