0 168.329982998101
0.0176470588235294 168.329982998101
0.0352941176470588 169.969391117788
0.0529411764705882 175.970906342525
0.0705882352941176 186.902493529736
0.0882352941176471 201.203580217673
0.105882352941176 215.665769259407
0.123529411764706 226.450421451188
0.141176470588235 230.342283317976
0.158823529411765 225.847531159219
0.176470588235294 213.785882210465
0.194117647058824 197.178351991867
0.211764705882353 180.447541316844
0.229411764705882 168.160123865405
0.247058823529412 163.686148696209
0.264705882352941 168.181864387257
0.282352941176471 180.211095207636
0.3 186.465513190525
0.325 191.719224296151
0.35 196.583771616176
0.375 201.11283291413
0.4 205.34969670899
0.425 209.32978087992
0.45 213.082431669653
0.475 216.632236470752
0.5 220
