0 1 -0
0.00232558139534884 1 -2189.85943982723
0.00465116279069767 1 -4368.03503205015
0.00697674418604651 1 -6522.90526744671
0.00930232558139535 1 -8642.97298095713
0.0116279069767442 1 -10716.926694034
0.013953488372093 1 -12733.7009662745
0.0162790697674419 1 -14682.5354343326
0.0186046511627907 1 -16553.0322231134
0.0209302325581395 1 -18335.2114229355
0.0232558139534884 1 -20019.5643366672
0.0255813953488372 1 -21597.1042127399
0.027906976744186 1 -23059.414193356
0.0302325581395349 1 -24398.692222067
0.0325581395348837 1 -25607.7926711204
0.0348837209302326 1 -26680.2644664756
0.0372093023255814 1 -27610.3855070748
0.0395348837209302 1 -28393.1931947283
0.0418604651162791 1 -29024.5109117228
0.0441860465116279 1 -29500.970304884
0.0465116279069767 1 -29820.0292571984
0.0488372093023256 1 -29979.9854511072
0.0511627906976744 1 -29979.9854511072
0.0534883720930233 1 -29820.0292571984
0.0558139534883721 1 -29500.970304884
0.0581395348837209 1 -29024.5109117228
0.0604651162790698 1 -28393.1931947283
0.0627906976744186 1 -27610.3855070748
0.0651162790697674 1 -26680.2644664756
0.0674418604651163 1 -25607.7926711204
0.0697674418604651 1 -24398.692222067
0.072093023255814 1 -23059.414193356
0.0744186046511628 1 -21597.1042127399
0.0767441860465116 1 -20019.5643366672
0.0790697674418605 1 -18335.2114229355
0.0813953488372093 1 -16553.0322231134
0.0837209302325581 1 -14682.5354343326
0.086046511627907 1 -12733.7009662745
0.0883720930232558 1 -10716.926694034
0.0906976744186047 1 -8642.97298095712
0.0930232558139535 1 -6522.9052674467
0.0953488372093023 1 -4368.03503205016
0.0976744186046512 1 -2189.85943982723
0.1 1 9.64885723403475e-012
0.102325581395349 1 2189.85943982722
0.104651162790698 1 4368.03503205014
0.106976744186047 1 6522.90526744671
0.109302325581395 1 8642.97298095714
0.111627906976744 1 10716.926694034
0.113953488372093 1 12733.7009662744
0.116279069767442 1 14682.5354343326
0.118604651162791 1 16553.0322231134
0.12093023255814 1 18335.2114229355
0.123255813953488 1 20019.5643366672
0.125581395348837 1 21597.1042127399
0.127906976744186 1 23059.414193356
0.130232558139535 1 24398.692222067
0.132558139534884 1 25607.7926711204
0.134883720930233 1 26680.2644664756
0.137209302325581 1 27610.3855070748
0.13953488372093 1 28393.1931947283
0.141860465116279 1 29024.5109117228
0.144186046511628 1 29500.970304884
0.146511627906977 1 29820.0292571984
0.148837209302326 1 29979.9854511072
0.151162790697674 1 29979.9854511072
0.153488372093023 1 29820.0292571984
0.155813953488372 1 29500.970304884
0.158139534883721 1 29024.5109117228
0.16046511627907 1 28393.1931947283
0.162790697674419 1 27610.3855070748
0.165116279069767 1 26680.2644664756
0.167441860465116 1 25607.7926711204
0.169767441860465 1 24398.692222067
0.172093023255814 1 23059.414193356
0.174418604651163 1 21597.1042127399
0.176744186046512 1 20019.5643366672
0.17906976744186 1 18335.2114229355
0.181395348837209 1 16553.0322231134
0.183720930232558 1 14682.5354343326
0.186046511627907 1 12733.7009662744
0.188372093023256 1 10716.926694034
0.190697674418605 1 8642.97298095715
0.193023255813953 1 6522.90526744669
0.195348837209302 1 4368.03503205015
0.197674418604651 1 2189.85943982724
0.2 1 -1.92977144680695e-011
0.202325581395349 1 -2189.85943982723
0.204651162790698 1 -4368.03503205013
0.206976744186047 1 -6522.90526744671
0.209302325581395 1 -8642.97298095711
0.211627906976744 1 -10716.926694034
0.213953488372093 1 -12733.7009662745
0.216279069767442 1 -14682.5354343326
0.218604651162791 1 -16553.0322231134
0.22093023255814 1 -18335.2114229355
0.223255813953488 1 -20019.5643366672
0.225581395348837 1 -21597.1042127399
0.227906976744186 1 -23059.414193356
0.230232558139535 1 -24398.692222067
0.232558139534884 1 -25607.7926711204
0.234883720930233 1 -26680.2644664756
0.237209302325581 1 -27610.3855070748
0.23953488372093 1 -28393.1931947283
0.241860465116279 1 -29024.5109117228
0.244186046511628 1 -29500.970304884
0.246511627906977 1 -29820.0292571984
0.248837209302326 1 -29979.9854511072
0.251162790697674 1 -29979.9854511072
0.253488372093023 1 -29820.0292571984
0.255813953488372 1 -29500.970304884
0.258139534883721 1 -29024.5109117228
0.26046511627907 1 -28393.1931947283
0.262790697674419 1 -27610.3855070748
0.265116279069767 1 -26680.2644664756
0.267441860465116 1 -25607.7926711204
0.269767441860465 1 -24398.692222067
0.272093023255814 1 -23059.4141933559
0.274418604651163 1 -21597.1042127399
0.276744186046512 1 -20019.5643366672
0.27906976744186 1 -18335.2114229355
0.281395348837209 1 -16553.0322231134
0.283720930232558 1 -14682.5354343326
0.286046511627907 1 -12733.7009662745
0.288372093023256 1 -10716.926694034
0.290697674418605 1 -8642.97298095713
0.293023255813953 1 -6522.90526744672
0.295348837209302 1 -4368.03503205012
0.297674418604651 1 -2189.85943982722
0.3 4 0
0.303125 4 0
0.30625 4 0
0.309375 4 0
0.3125 4 0
0.315625 4 0
0.31875 4 0
0.321875 4 0
0.325 4 0
0.328125 4 0
0.33125 4 0
0.334375 4 0
0.3375 4 0
0.340625 4 0
0.34375 4 0
0.346875 4 0
0.35 4 0
0.353125 4 0
0.35625 4 0
0.359375 4 0
0.3625 4 0
0.365625 4 0
0.36875 4 0
0.371875 4 0
0.375 4 0
0.378125 4 0
0.38125 4 0
0.384375 4 0
0.3875 4 0
0.390625 4 0
0.39375 4 0
0.396875 4 0
0.4 4 0
0.403125 4 0
0.40625 4 0
0.409375 4 0
0.4125 4 0
0.415625 4 0
0.41875 4 0
0.421875 4 0
0.425 4 0
0.428125 4 0
0.43125 4 0
0.434375 4 0
0.4375 4 0
0.440625 4 0
0.44375 4 0
0.446875 4 0
0.45 4 0
0.453125 4 0
0.45625 4 0
0.459375 4 0
0.4625 4 0
0.465625 4 0
0.46875 4 0
0.471875 4 0
0.475 4 0
0.478125 4 0
0.48125 4 0
0.484375 4 0
0.4875 4 0
0.490625 4 0
0.49375 4 0
0.496875 4 0
0.5 4 0
