0.00265486725663717 -2499.25344758714 -1249.62672378833 -1249.62672378833
0.00530973451327434 -4981.13113186075 -3735.84834889597 -3735.84834889597
0.0079646017699115 -7428.37809244189 -6190.31507703337 -6190.31507703337
0.0106194690265487 -9823.98013495267 -8595.9826180818 -8595.9826180818
0.0132743362831858 -12151.2821201857 -10936.1539081664 -10936.1539081664
0.015929203539823 -14394.1037569851 -13194.5951105741 -13194.5951105741
0.0185840707964602 -16536.8520938023 -15355.6483728144 -15355.6483728144
0.0212389380530973 -18564.6299268436 -17404.3405564155 -17404.3405564155
0.0238938053097345 -20463.3393711133 -19326.4871838334 -19326.4871838334
0.0265486725663717 -22219.7798742877 -21108.7908805721 -21108.7908805721
0.0292035398230088 -23821.7399919905 -22738.9336287163 -22738.9336287163
0.031858407079646 -25258.0822864122 -24205.6621911467 -24205.6621911467
0.0345132743362832 -26518.8207580259 -25498.8661134863 -25498.8661134863
0.0371681415929204 -27595.1902720654 -26609.6477623451 -26609.6477623451
0.0398230088495575 -28479.7074970854 -27530.3839138525 -27530.3839138525
0.0424778761061947 -29166.2229319367 -28254.7784653119 -28254.7784653119
0.0451327433628319 -29649.9636594431 -28777.9059047534 -28777.9059047534
0.047787610619469 -29927.5665295431 -29096.2452370588 -29096.2452370588
0.0504424778761062 -29997.1015411914 -29207.7041322117 -29207.7041322117
0.0530973451327434 -29858.0852604629 -29111.6331289522 -29111.6331289522
0.0557522123893805 -29511.4841815692 -28808.8297962915 -28808.8297962915
0.0584070796460177 -28959.7080074226 -28301.5328254341 -28301.5328254341
0.0610619469026549 -28206.592896462 -27593.4060943682 -27593.4060943682
0.063716814159292 -27257.3747922162 -26689.5128173764 -26689.5128173764
0.0663716814159292 -26118.6530210274 -25596.2799606096 -25596.2799606096
0.0690265486725664 -24798.344411017 -24321.4531723431 -24321.4531723431
0.0716814159292035 -23305.6282512763 -22874.0425429178 -22874.0425429178
0.0743362831858407 -21650.8824739479 -21264.2595726279 -21264.2595726279
0.0769911504424779 -19845.6115028824 -19503.4457873167 -19503.4457873167
0.079646017699115 -17902.3662704952 -17603.9934993237 -17603.9934993237
0.0823008849557522 -15834.6569588972 -15579.2592660136 -15579.2592660136
0.0849557522123894 -13656.8590719552 -13443.4706489589 -13443.4706489589
0.0876106194690265 -11384.113491305 -11211.6269232515 -11211.6269232515
0.0902654867256637 -9032.22121116726 -8899.39442864705 -8899.39442864705
0.0929203539823009 -6617.53348380821 -6522.99729118477 -6522.99729118477
0.0955752212389381 -4156.83813939657 -4099.1042763579 -4099.1042763579
0.0982300884955752 -1667.2428706045 -1644.71256154407 -1644.71256154407
0.100884955752212 833.943706597616 822.970763091453 822.970763091453
0.10353982300885 3329.33238904174 3286.64864046061 3286.64864046061
0.106194690265487 5801.57428273584 5729.05460420135 5729.05460420135
0.108849557522124 8233.48141899267 8133.07310900752 8133.07310900752
0.111504424778761 10608.1462517445 10481.8587963671 10481.8587963671
0.114159292035398 12909.0592052527 12758.9538656558 12758.9538656558
0.116814159292035 15120.223454976 14948.4027338947 14948.4027338947
0.119469026548673 17226.2661435967 17034.8631864479 17034.8631864479
0.12212389380531 19212.5452589889 19003.7132453008 19003.7132453008
0.124778761061947 21065.2514310715 20841.1530115937 20841.1530115937
0.127433628318584 22771.5039398172 22534.3007737762 22534.3007737762
0.130088495575221 24319.4402669315 24071.2827131915 24071.2827131915
0.132743362831858 25698.2985686044 25441.3155829157 25441.3155829157
0.135398230088496 26898.4924959539 26634.7817852108 26634.7817852108
0.138053097345133 27911.6778429805 27643.2963252597 27643.2963252597
0.14070796460177 28730.8105586698 28459.7651760395 28459.7651760395
0.143362831858407 29350.1957199223 29078.4346484418 29078.4346484418
0.146017699115044 29765.527124831 29494.9314236991 29494.9314236991
0.148672566371681 29973.91723104 29706.2929700442 29706.2929700442
0.151327433628319 29973.91723104 29710.9881325237 29710.9881325237
0.153982300884956 29765.527124831 29508.9277530618 29508.9277530618
0.156637168141593 29350.1957199223 29101.4652477264 29101.4652477264
0.15929203539823 28730.8105586698 28491.3871373548 28491.3871373548
0.161946902654867 27911.6778429805 27682.8935983601 27682.8935983601
0.164601769911504 26898.4924959539 26681.5691693785 26681.5691693785
0.167256637168142 25698.2985686044 25494.3438180614 25494.3438180614
0.169911504424779 24319.4402669315 24129.4446398429 24129.4446398429
0.172566371681416 22771.5039398173 22596.3385248941 22596.3385248941
0.175221238938053 21065.2514310715 20905.6661929455 20905.6661929455
0.17787610619469 19212.5452589889 19069.1680555664 19069.1680555664
0.180530973451327 17226.2661435967 17099.6024219531 17099.6024219531
0.183185840707965 15120.223454976 15010.6566183463 15010.6566183463
0.185840707964602 12909.0592052527 12816.8516395059 12816.8516395059
0.188495575221239 10608.1462517445 10533.4409964577 10533.4409964577
0.191150442477876 8233.48141899266 8176.30446469443 8176.30446469443
0.193805309734513 5801.57428273584 5761.83747258124 5761.83747258124
0.19646017699115 3329.33238904177 3306.83689992196 3306.83689992196
0.199115044247788 833.943706597627 828.384081887854 828.384081887854
0.201769911504425 -1667.24287060448 -1656.27416751177 -1656.27416751177
0.204424778761062 -4156.83813939656 -4129.84568394992 -4129.84568394992
0.207079646017699 -6617.53348380823 -6575.11339736872 -6575.11339736872
0.209734513274336 -9032.22121116726 -8975.05525413058 -8975.05525413058
0.212389380530973 -11384.113491305 -11312.9627819863 -11312.9627819863
0.215044247787611 -13656.8590719552 -13572.5574727443 -13572.5574727443
0.217699115044248 -15834.6569588972 -15738.1041725655 -15738.1041725655
0.220353982300885 -17902.3662704952 -17794.5206905502 -17794.5206905502
0.223008849557522 -19845.6115028824 -19727.4828629882 -19727.4828629882
0.225663716814159 -21650.8824739479 -21523.5243417516 -21523.5243417516
0.228318584070796 -23305.6282512763 -23170.130412601 -23170.130412601
0.230973451327434 -24798.3444110169 -24655.8251902603 -24655.8251902603
0.233628318584071 -26118.6530210274 -25970.2515834099 -25970.2515834099
0.236283185840708 -27257.3747922162 -27104.2434731586 -27104.2434731586
0.238938053097345 -28206.592896462 -28049.8896025927 -28049.8896025927
0.241592920353982 -28959.7080074226 -28800.5887326552 -28800.5887326552
0.244247787610619 -29511.4841815692 -29351.095680589 -29351.095680589
0.246902654867257 -29858.0852604629 -29697.5579203526 -29697.5579203526
0.249557522123894 -29997.1015411914 -29837.5424904422 -29837.5424904422
0.252212389380531 -29927.5665295431 -29770.0530214919 -29770.0530214919
0.254867256637168 -29649.9636594431 -29495.5367653851 -29495.5367653851
0.257522123893805 -29166.2229319367 -29015.8815766167 -29015.8815766167
0.260176991150442 -28479.7074970854 -28334.4028670022 -28334.4028670022
0.26283185840708 -27595.1902720654 -27455.8206242244 -27455.8206242244
0.265486725663717 -26518.8207580259 -26386.2266542343 -26386.2266542343
0.268141592920354 -25258.0822864122 -25133.0422750983 -25133.0422750983
0.270796460176991 -23821.7399919905 -23704.9667567289 -23704.9667567289
0.273451327433628 -22219.7798742877 -22111.9168651934 -22111.9168651934
0.276106194690265 -20463.3393711133 -20364.9579318274 -20364.9579318274
0.278761061946903 -18564.6299268436 -18476.2269271927 -18476.2269271927
0.28141592920354 -16536.8520938023 -16458.848074497 -16458.848074497
0.284070796460177 -14394.1037569851 -14326.8415898834 -14326.8415898834
0.286725663716814 -12151.2821201857 -12095.0261844537 -12095.0261844537
0.289380530973451 -9823.98013495266 -9778.916005895 -9778.916005895
0.292035398230089 -7428.37809244189 -7394.61273747021 -7394.61273747021
0.294690265486726 -4981.13113186076 -4958.69360423893 -4958.69360423893
0.297345132743363 -2499.25344758715 213583.311857695 213583.311857695
0.299557522123894 -417.012143049491 79716.5973940436 -321713.410911674
0.300884955752212 0 2.91622876582303e-008 1.16649150632921e-007
0.301769911504425 0 -6.79242607093286e-009 -2.71697042837314e-008
0.302654867256637 0 -2.1746790305018e-008 -8.69871612200722e-008
0.30353982300885 0 2.25225314083179e-008 9.00901256332715e-008
0.304424778761062 0 -2.97275831151893e-008 -1.18910332460757e-007
0.305309734513274 0 -2.72219708228284e-008 -1.08887883291314e-007
0.306194690265487 0 -2.70275476794432e-008 -1.08110190717773e-007
0.307079646017699 0 1.45040381202294e-009 5.80161524809177e-009
0.307964601769911 0 -8.38866773977138e-009 -3.35546709590855e-008
0.308849557522124 0 1.34054162827603e-009 5.36216651310412e-009
0.309734513274336 0 9.56056433822233e-009 3.82422573528893e-008
0.310619469026549 0 -2.30559717942231e-008 -9.22238871768924e-008
0.311504424778761 0 -3.59989141735507e-008 -1.43995656694203e-007
0.312389380530973 0 7.30234636333293e-009 2.92093854533317e-008
0.313274336283186 0 1.78690194075852e-008 7.1476077630341e-008
0.314159292035398 0 -5.14567004831178e-008 -2.05826801932471e-007
0.315044247787611 0 -3.75498396265591e-008 -1.50199358506236e-007
0.315929203539823 0 1.83798310293852e-008 7.35193241175409e-008
0.316814159292035 0 4.67111645608e-008 1.868446582432e-007
0.317699115044248 0 -3.24442241816676e-008 -1.2977689672667e-007
0.31858407079646 0 1.70402751322991e-009 6.81611005291964e-009
0.319469026548673 0 1.04560727195282e-007 4.18242908781129e-007
0.320353982300885 0 -4.40350459269459e-008 -1.76140183707784e-007
0.321238938053097 0 1.74657960787036e-008 6.98631843148145e-008
0.32212389380531 0 -1.15456911182897e-008 -4.61827644731589e-008
0.323008849557522 0 6.60532185074642e-009 2.64212874029857e-008
0.323893805309735 0 1.03923747112427e-008 4.15694988449709e-008
0.324778761061947 0 -2.99870045972001e-008 -1.199480183888e-007
0.325663716814159 0 -4.25628042755496e-008 -1.70251217102198e-007
0.326548672566372 0 -2.35468374793227e-008 -9.41873499172907e-008
0.327433628318584 0 9.51004298958835e-009 3.80401719583534e-008
0.328318584070796 0 7.79455704831948e-009 3.11782281932779e-008
0.329203539823009 0 1.06515970644209e-008 4.26063882576836e-008
0.330088495575221 0 -1.00515409780142e-008 -4.02061639120569e-008
0.330973451327434 0 -4.0243623405118e-008 -1.60974493620472e-007
0.331858407079646 0 2.38571491376988e-008 9.5428596550795e-008
0.332743362831858 0 -4.67293187485683e-008 -1.86917274994273e-007
0.333628318584071 0 -6.2544836039584e-009 -2.50179344158336e-008
0.334513274336283 0 -4.35630588737598e-008 -1.74252235495039e-007
0.335398230088496 0 2.91203295938833e-008 1.16481318375533e-007
0.336283185840708 0 -1.46973053080941e-008 -5.87892212323765e-008
0.33716814159292 0 3.14999703777991e-008 1.25999881511196e-007
0.338053097345133 0 -7.47509973331754e-008 -2.99003989332702e-007
0.338938053097345 0 1.26692659300882e-009 5.06770637203528e-009
0.339823008849558 0 -3.19201740506179e-008 -1.27680696202472e-007
0.34070796460177 0 4.23014777967937e-008 1.69205911187175e-007
0.341592920353982 0 -4.66501669871202e-008 -1.86600667948481e-007
0.342477876106195 0 3.60873221091908e-008 1.44349288436763e-007
0.343362831858407 0 -1.42312436176807e-010 -5.6924974470723e-010
0.344247787610619 0 -1.57568691795374e-008 -6.30274767181494e-008
0.345132743362832 0 -4.45701297628157e-008 -1.78280519051263e-007
0.346017699115044 0 7.2854562962173e-009 2.91418251848692e-008
0.346902654867257 0 -6.0553551055191e-008 -2.42214204220764e-007
0.347787610619469 0 2.85431573061906e-008 1.14172629224762e-007
0.348672566371681 0 2.40673591444667e-008 9.62694365778668e-008
0.349557522123894 0 -2.51155334996265e-008 -1.00462133998506e-007
0.350442477876106 0 -2.09280558020877e-008 -8.37122232083506e-008
0.351327433628319 0 -5.13779816340279e-009 -2.05511926536112e-008
0.352212389380531 0 6.27067611037878e-008 2.50827044415151e-007
0.353097345132743 0 -1.02325279341351e-008 -4.09301117365405e-008
0.353982300884956 0 -3.47287285040751e-008 -1.389149140163e-007
0.354867256637168 0 2.76239026665545e-008 1.10495610666218e-007
0.35575221238938 0 -7.21898507838684e-009 -2.88759403135474e-008
0.356637168141593 0 -2.04766859657993e-009 -8.1906743863197e-009
0.357522123893805 0 -3.08216680330607e-008 -1.23286672132243e-007
0.358407079646018 0 -6.22073029336556e-008 -2.48829211734622e-007
0.35929203539823 0 1.60266637092e-008 6.41066548368002e-008
0.360176991150442 0 -6.02344041591231e-009 -2.40937616636493e-008
0.361061946902655 0 -2.66567412615121e-008 -1.06626965046048e-007
0.361946902654867 0 5.88462979954223e-009 2.35385191981689e-008
0.36283185840708 0 9.99136319072757e-010 3.99654527629103e-009
0.363716814159292 0 -2.95066729379917e-008 -1.18026691751967e-007
0.364601769911504 0 6.42042953996319e-009 2.56817181598527e-008
0.365486725663717 0 -3.22621441752387e-008 -1.29048576700955e-007
0.366371681415929 0 1.34614094395026e-009 5.38456377580104e-009
0.367256637168142 0 -1.25281920563954e-008 -5.01127682255818e-008
0.368141592920354 0 2.07951260961898e-008 8.31805043847592e-008
0.369026548672566 0 -2.3628777433539e-008 -9.4515109734156e-008
0.369911504424779 0 -4.49439287388133e-008 -1.79775714955253e-007
0.370796460176991 0 1.34578040570406e-008 5.38312162281623e-008
0.371681415929204 0 3.44524567340637e-008 1.37809826936255e-007
0.372566371681416 0 -5.35860720124353e-008 -2.14344288049741e-007
0.373451327433628 0 -6.89047942913483e-009 -2.75619177165393e-008
0.374336283185841 0 -9.49391934092731e-009 -3.79756773637093e-008
0.375221238938053 0 1.95474353684747e-008 7.81897414738988e-008
0.376106194690266 0 -7.38644528711546e-009 -2.95457811484619e-008
0.376991150442478 0 -1.57414200284511e-008 -6.29656801138044e-008
0.37787610619469 0 2.7058798402224e-008 1.08235193608896e-007
0.378761061946903 0 -5.11418926985918e-008 -2.04567570794367e-007
0.379646017699115 0 -1.98499250399196e-008 -7.93997001596782e-008
0.380530973451327 0 1.01157743986887e-008 4.04630975947546e-008
0.38141592920354 0 -3.72802488415729e-008 -1.49120995366292e-007
0.382300884955752 0 1.1789722103355e-008 4.71588884134199e-008
0.383185840707965 0 4.34493085595604e-009 1.73797234238242e-008
0.384070796460177 0 -3.41227919480219e-008 -1.36491167792088e-007
0.384955752212389 0 6.10564510827453e-010 2.44225804330981e-009
0.385840707964602 0 -5.01656499661321e-008 -2.00662599864528e-007
0.386725663716814 0 -1.1560812036261e-008 -4.6243248145044e-008
0.387610619469027 0 2.99772995588299e-008 1.1990919823532e-007
0.388495575221239 0 2.39756380545588e-008 9.59025522182353e-008
0.389380530973451 0 -1.49899720161806e-008 -5.99598880647225e-008
0.390265486725664 0 3.40912991226229e-008 1.36365196490492e-007
0.391150442477876 0 2.856890992158e-008 1.1427563968632e-007
0.392035398230088 0 3.05269427431381e-010 1.22107770972552e-009
0.392920353982301 0 2.55670778592377e-010 1.02268311436951e-009
0.393805309734513 0 3.10466377138783e-008 1.24186550855513e-007
0.394690265486726 0 -3.51013844609878e-010 -1.40405537843951e-009
0.395575221238938 0 -2.59668455408698e-008 -1.03867382163479e-007
0.39646017699115 0 2.56910753645687e-008 1.02764301458275e-007
0.397345132743363 0 5.52168305696281e-008 2.20867322278512e-007
0.398230088495575 0 -2.14414683847362e-009 -8.57658735389446e-009
0.399115044247788 0 3.78946634019067e-009 1.51578653607627e-008
0.4 0 -4.12446717404379e-008 -1.64978686961751e-007
0.400884955752212 0 2.46702094673838e-008 9.86808378695352e-008
0.401769911504425 0 -2.13003710209589e-008 -8.52014840838355e-008
0.402654867256637 0 -2.63551662606043e-008 -1.05420665042417e-007
0.40353982300885 0 -2.30498269639556e-008 -9.21993078558224e-008
0.404424778761062 0 -2.93998225958707e-009 -1.17599290383483e-008
0.405309734513274 0 -4.74349644655735e-009 -1.89739857862294e-008
0.406194690265487 0 2.47732864511578e-008 9.90931458046313e-008
0.407079646017699 0 -2.76637774523541e-008 -1.10655109809416e-007
0.407964601769912 0 1.85595248316637e-008 7.42380993266547e-008
0.408849557522124 0 -2.02074841407847e-008 -8.08299365631388e-008
0.409734513274336 0 -4.42997606500484e-008 -1.77199042600194e-007
0.410619469026549 0 -1.80141201973258e-008 -7.20564807893032e-008
0.411504424778761 0 5.39958412808625e-009 2.1598336512345e-008
0.412389380530973 0 -2.77137000267349e-008 -1.10854800106939e-007
0.413274336283186 0 3.69218037002968e-008 1.47687214801187e-007
0.414159292035398 0 -1.96922421166903e-008 -7.87689684667613e-008
0.415044247787611 0 2.42158646013983e-008 9.68634584055932e-008
0.415929203539823 0 -3.99958972516281e-008 -1.59983589006512e-007
0.416814159292035 0 -2.66237301858507e-008 -1.06494920743403e-007
0.417699115044248 0 1.55209092371036e-008 6.20836369484143e-008
0.41858407079646 0 -1.42412695287524e-008 -5.69650781150094e-008
0.419469026548673 0 -2.88850527972436e-009 -1.15540211188975e-008
0.420353982300885 0 1.52252144006309e-008 6.09008576025238e-008
0.421238938053097 0 -4.53845924223208e-008 -1.81538369689283e-007
0.42212389380531 0 5.23590718548631e-008 2.09436287419452e-007
0.423008849557522 0 4.76181503920961e-008 1.90472601568384e-007
0.423893805309735 0 -9.14245206882856e-009 -3.65698082753143e-008
0.424778761061947 0 1.06293010909237e-008 4.25172043636948e-008
0.425663716814159 0 -7.42408037477519e-009 -2.96963214991008e-008
0.426548672566372 0 1.83273289366894e-008 7.33093157467575e-008
0.427433628318584 0 7.95790153494312e-009 3.18316061397725e-008
0.428318584070796 0 -7.79293101511164e-008 -3.11717240604466e-007
0.429203539823009 0 -1.26978499536332e-008 -5.07913998145328e-008
0.430088495575221 0 9.57179370629359e-008 3.82871748251743e-007
0.430973451327434 0 -4.27307345322656e-008 -1.70922938129062e-007
0.431858407079646 0 2.54858508329613e-008 1.01943403331845e-007
0.432743362831858 0 -1.79583794636874e-008 -7.18335178547494e-008
0.433628318584071 0 -3.32166233577645e-008 -1.32866493431058e-007
0.434513274336283 0 4.29502034695928e-008 1.71800813878371e-007
0.435398230088496 0 -3.95372242130089e-008 -1.58148896852036e-007
0.436283185840708 0 -4.1341353796463e-008 -1.65365415185852e-007
0.43716814159292 0 2.33914990236808e-008 9.35659960947232e-008
0.438053097345133 0 4.48598338610686e-010 1.79439335444274e-009
0.438938053097345 0 -2.64297853665953e-008 -1.05719141466381e-007
0.439823008849557 0 2.25216032861966e-008 9.00864131447863e-008
0.44070796460177 0 -4.36094483678276e-009 -1.7443779347131e-008
0.441592920353982 0 -4.24257778221246e-008 -1.69703111288498e-007
0.442477876106195 0 -1.31745357803695e-008 -5.2698143121478e-008
0.443362831858407 0 -4.67435142073419e-009 -1.86974056829368e-008
0.444247787610619 0 4.05050409299057e-009 1.62020163719623e-008
0.445132743362832 0 2.52315227469929e-010 1.00926090987972e-009
0.446017699115044 0 -1.45210215779088e-008 -5.80840863116351e-008
0.446902654867257 0 -8.34042996795525e-009 -3.3361719871821e-008
0.447787610619469 0 -7.982511182581e-009 -3.1930044730324e-008
0.448672566371681 0 2.65353661011675e-008 1.0614146440467e-007
0.449557522123894 0 -7.69439417200523e-008 -3.07775766880209e-007
0.450442477876106 0 -1.3439224739886e-008 -5.37568989595439e-008
0.451327433628319 0 4.24513951156629e-008 1.69805580462652e-007
0.452212389380531 0 -1.90617429959023e-008 -7.62469719836092e-008
0.453097345132743 0 -5.22849765178679e-008 -2.09139906071472e-007
0.453982300884956 0 7.03433185644456e-010 2.81373274257782e-009
0.454867256637168 0 -9.38909922964002e-008 -3.75563969185601e-007
0.455752212389381 0 2.91544981064201e-008 1.1661799242568e-007
0.456637168141593 0 9.17742334270237e-010 3.67096933708095e-009
0.457522123893805 0 -1.53012298297079e-008 -6.12049193188315e-008
0.458407079646018 0 -2.31505950215492e-008 -9.26023800861968e-008
0.45929203539823 0 -5.07595174373208e-008 -2.03038069749283e-007
0.460176991150443 0 3.75038173206676e-008 1.50015269282671e-007
0.461061946902655 0 -1.66441345470937e-008 -6.65765381883748e-008
0.461946902654867 0 -5.9220252729155e-008 -2.3688101091662e-007
0.46283185840708 0 2.83954659047814e-008 1.13581863619126e-007
0.463716814159292 0 -6.36752018584783e-008 -2.54700807433913e-007
0.464601769911504 0 -2.62677916296729e-008 -1.05071166518692e-007
0.465486725663717 0 8.17889163266451e-009 3.2715566530658e-008
0.466371681415929 0 -3.07282695677903e-008 -1.22913078271161e-007
0.467256637168142 0 3.41842613335993e-008 1.36737045334397e-007
0.468141592920354 0 1.31450282553457e-009 5.25801130213829e-009
0.469026548672566 0 -5.42890864980457e-008 -2.17156345992183e-007
0.469911504424779 0 -7.88250655634998e-009 -3.15300262253999e-008
0.470796460176991 0 -7.03770534826205e-009 -2.81508213930482e-008
0.471681415929204 0 -6.96921362330775e-008 -2.7876854493231e-007
0.472566371681416 0 -1.86407878807107e-008 -7.45631515228428e-008
0.473451327433628 0 9.38042965214654e-009 3.75217186085862e-008
0.474336283185841 0 2.77457319648059e-008 1.10982927859224e-007
0.475221238938053 0 2.20925065511452e-008 8.83700262045807e-008
0.476106194690265 0 -9.49064421588889e-008 -3.79625768635556e-007
0.476991150442478 0 2.07111115183393e-008 8.28444460733571e-008
0.47787610619469 0 -6.16286012718723e-008 -2.46514405087489e-007
0.478761061946903 0 -2.20105246900881e-008 -8.80420987603525e-008
0.479646017699115 0 8.53584375435027e-009 3.41433750174011e-008
0.480530973451327 0 2.19687302687955e-008 8.7874921075182e-008
0.48141592920354 0 -1.53640402126634e-008 -6.14561608506534e-008
0.482300884955752 0 -5.29662605289046e-008 -2.11865042115618e-007
0.483185840707965 0 -2.72615690070139e-009 -1.09046276028056e-008
0.484070796460177 0 -6.8038462319738e-008 -2.72153849278952e-007
0.484955752212389 0 9.15837009458677e-009 3.66334803783471e-008
0.485840707964602 0 3.02680826542176e-009 1.2107233061687e-008
0.486725663716814 0 -3.45625742092047e-008 -1.38250296836819e-007
0.487610619469027 0 -3.91520215194654e-008 -1.56608086077862e-007
0.488495575221239 0 2.90323558621724e-008 1.1612942344869e-007
0.489380530973451 0 -3.29835622259097e-008 -1.31934248903639e-007
0.490265486725664 0 -6.70893041845411e-008 -2.68357216738164e-007
0.491150442477876 0 1.17289428657399e-008 4.69157714629594e-008
0.492035398230088 0 -1.49441900725686e-008 -5.97767602902742e-008
0.492920353982301 0 5.43175177387901e-008 2.1727007095516e-007
0.493805309734513 0 -2.76712538001199e-008 -1.1068501520048e-007
0.494690265486726 0 -2.97385019362878e-008 -1.18954007745151e-007
0.495575221238938 0 -3.73649605242067e-008 -1.49459842096827e-007
0.49646017699115 0 1.58620851166227e-008 6.34483404664906e-008
0.497345132743363 0 -6.49490691594091e-008 -2.59796276637636e-007
0.498230088495575 0 2.88929273786245e-008 1.15571709514498e-007
0.499115044247788 0 -2.88971540426703e-008 -1.15588616170681e-007
