0.00232558139534884 -2189.85943982723 -1094.92971991283 -1094.92971991283
0.00465116279069767 -4368.03503205015 -3276.02627403619 -3276.02627403619
0.00697674418604651 -6522.90526744671 -5435.7543895384 -5435.7543895384
0.00930232558139535 -8642.97298095713 -7562.60135834254 -7562.60135834254
0.0116279069767442 -10716.926694034 -9645.23402462726 -9645.23402462726
0.013953488372093 -12733.7009662745 -11672.5592190829 -11672.5592190829
0.0162790697674419 -14682.5354343326 -13633.7829033027 -13633.7829033027
0.0186046511627907 -16553.0322231134 -15518.4677091666 -15518.4677091666
0.0209302325581395 -18335.2114229355 -17316.5885661036 -17316.5885661036
0.0232558139534884 -20019.5643366672 -19018.5861198361 -19018.5861198361
0.0255813953488372 -21597.1042127399 -20615.4176576067 -20615.4176576067
0.027906976744186 -23059.414193356 -22098.605268637 -22098.605268637
0.0302325581395349 -24398.692222067 -23460.280982762 -23460.280982762
0.0325581395348837 -25607.7926711204 -24693.228647149 -24693.228647149
0.0348837209302326 -26680.2644664756 -25790.9223175949 -25790.9223175949
0.0372093023255814 -27610.3855070748 -26747.5609599724 -26747.5609599724
0.0395348837209302 -28393.1931947283 -27558.0992772383 -27558.0992772383
0.0418604651162791 -29024.5109117228 -28218.2744975099 -28218.2744975099
0.0441860465116279 -29500.970304884 -28724.6289810677 -28724.6289810677
0.0465116279069767 -29820.0292571984 -29074.5285257727 -29074.5285257727
0.0488372093023256 -29979.9854511072 -29266.1762736981 -29266.1762736981
0.0511627906976744 -29979.9854511072 -29298.6221454007 -29298.6221454007
0.0534883720930233 -29820.0292571984 -29171.7677516064 -29171.7677516064
0.0558139534883721 -29500.970304884 -28886.3667568716 -28886.3667568716
0.0581395348837209 -29024.5109117228 -28444.0206934873 -28444.0206934873
0.0604651162790698 -28393.1931947283 -27847.1702486801 -27847.1702486801
0.0627906976744186 -27610.3855070748 -27099.0820717491 -27099.0820717491
0.0651162790697674 -26680.2644664756 -26203.8311724338 -26203.8311724338
0.0674418604651163 -25607.7926711204 -25166.2790043705 -25166.2790043705
0.0697674418604651 -24398.692222067 -23992.0473517016 -23992.0473517016
0.072093023255814 -23059.414193356 -22687.4881579785 -22687.4881579785
0.0744186046511628 -21597.1042127399 -21259.6494594186 -21259.6494594186
0.0767441860465116 -20019.5643366672 -19716.2376042905 -19716.2376042905
0.0790697674418605 -18335.2114229355 -18065.5759608334 -18065.5759608334
0.0813953488372093 -16553.0322231134 -16316.5603342124 -16316.5603342124
0.0837209302325581 -14682.5354343326 -14478.6113310778 -14478.6113310778
0.086046511627907 -12733.7009662745 -12561.6239261954 -12561.6239261954
0.0883720930232558 -10716.926694034 -10575.9145006954 -10575.9145006954
0.0906976744186047 -8642.97298095712 -8532.16563504809 -8532.16563504809
0.0930232558139535 -6522.9052674467 -6441.36895160539 -6441.36895160539
0.0953488372093023 -4368.03503205016 -4314.7663121464 -4314.7663121464
0.0976744186046512 -2189.85943982723 -2163.78968458527 -2163.78968458527
0.1 9.64885723403475e-012 6.28375337874411e-009 6.28375337874411e-009
0.102325581395349 2189.85943982722 2164.97467345884 2164.97467345884
0.104651162790698 4368.03503205014 4319.50130948098 4319.50130948098
0.106976744186047 6522.90526744671 6452.00412323409 6452.00412323409
0.109302325581395 8642.97298095714 8551.02645988135 8551.02645988135
0.111627906976744 10716.926694034 10605.2920409731 10605.2920409731
0.113953488372093 12733.7009662744 12603.7652421311 12603.7652421311
0.116279069767442 14682.5354343326 14535.7100799869 14535.7100799869
0.118604651162791 16553.0322231134 16390.7475934745 16390.7475934745
0.12093023255814 18335.2114229355 18158.9113131034 18158.9113131034
0.123255813953488 20019.5643366672 19830.7005221736 19830.7005221736
0.125581395348837 21597.1042127399 21397.1310255848 21397.1310255848
0.127906976744186 23059.414193356 22849.7831552406 22849.7831552406
0.130232558139535 24398.692222067 24180.8467557923 24180.8467557923
0.132558139534884 25607.7926711204 25383.1629108514 25383.1629108514
0.134883720930233 26680.2644664756 26450.2621865939 26450.2621865939
0.137209302325581 27610.3855070748 27376.3991892168 27376.3991892168
0.13953488372093 28393.1931947283 28156.5832514418 28156.5832514418
0.141860465116279 29024.5109117228 28786.6050845784 28786.6050845784
0.144186046511628 29500.970304884 29263.0592540341 29263.0592540341
0.146511627906977 29820.0292571984 29583.3623583404 29583.3623583404
0.148837209302326 29979.9854511072 29745.7668147719 29745.7668147719
0.151162790697674 29979.9854511072 29749.3701783966 29749.3701783966
0.153488372093023 29820.0292571984 29594.1199446402 29594.1199446402
0.155813953488372 29500.970304884 29280.8138100677 29280.8138100677
0.158139534883721 29024.5109117228 28811.0953903145 28811.0953903145
0.16046511627907 28393.1931947283 28187.4454179508 28187.4454179508
0.162790697674419 27610.3855070748 27413.1684677437 27413.1684677437
0.165116279069767 26680.2644664756 26492.3752800872 26492.3752800872
0.167441860465116 25607.7926711204 25429.9607775711 25429.9607775711
0.169767441860465 24398.692222067 24231.5778917841 24231.5778917841
0.172093023255814 23059.414193356 22903.6073406939 22903.6073406939
0.174418604651163 21597.1042127399 21453.1235179907 21453.1235179907
0.176744186046512 20019.5643366672 19887.8566765581 19887.8566765581
0.17906976744186 18335.2114229355 18216.1516084947 18216.1516084947
0.181395348837209 16553.0322231134 16446.9230422025 16446.9230422025
0.183720930232558 14682.5354343326 14589.6079948737 14589.6079948737
0.186046511627907 12733.7009662744 12654.1153352335 12654.1153352335
0.188372093023256 10716.926694034 10650.7728255587 10650.7728255587
0.190697674418605 8642.97298095715 8590.27192618632 8590.27192618632
0.193023255813953 6522.90526744669 6483.61065740834 6483.61065740834
0.195348837209302 4368.03503205015 4342.03482352778 4342.03482352778
0.197674418604651 2189.85943982724 2176.97791370302 2176.97791370302
0.2 -1.92977144680695e-011 2.99383920432381e-009 2.99383920432381e-009
0.202325581395349 -2189.85943982723 -2177.2740407461 -2177.2740407461
0.204651162790698 -4368.03503205013 -4343.21665118586 -4343.21665118586
0.206976744186047 -6522.90526744671 -6486.25973223529 -6486.25973223529
0.209302325581395 -8642.97298095711 -8594.95646440329 -8594.95646440329
0.211627906976744 -10716.926694034 -10658.0424814198 -10658.0424814198
0.213953488372093 -12733.7009662745 -12664.49606972 -12664.49606972
0.216279069767442 -14682.5354343326 -14603.5970717866 -14603.5970717866
0.218604651162791 -16553.0322231134 -16464.98417937 -16464.98417937
0.22093023255814 -18335.2114229355 -18238.7103101817 -18238.7103101817
0.223255813953488 -20019.5643366672 -19915.2957724145 -19915.2957724145
0.225581395348837 -21597.1042127399 -21485.7789332948 -21485.7789332948
0.227906976744186 -23059.414193356 -22941.7641209448 -22941.7641209448
0.230232558139535 -24398.692222067 -24275.4665037689 -24275.4665037689
0.232558139534884 -25607.7926711204 -25479.7537077641 -25479.7537077641
0.234883720930233 -26680.2644664756 -26548.1839493117 -26548.1839493117
0.237209302325581 -27610.3855070748 -27475.0404800749 -27475.0404800749
0.23953488372093 -28393.1931947283 -28255.3621597984 -28255.3621597984
0.241860465116279 -29024.5109117228 -28884.9699938859 -28884.9699938859
0.244186046511628 -29500.970304884 -29360.4894939076 -29360.4894939076
0.246511627906977 -29820.0292571984 -29679.3687418397 -29679.3687418397
0.248837209302326 -29979.9854511072 -29839.8920611515 -29839.8920611515
0.251162790697674 -29979.9854511072 -29841.1892221574 -29841.1892221574
0.253488372093023 -29820.0292571984 -29683.2401321632 -29683.2401321632
0.255813953488372 -29500.970304884 -29366.8749853176 -29366.8749853176
0.258139534883721 -29024.5109117228 -28893.7698715736 -28893.7698715736
0.26046511627907 -28393.1931947283 -28266.4378679773 -28266.4378679773
0.262790697674419 -27610.3855070748 -27488.2156597054 -27488.2156597054
0.265116279069767 -26680.2644664756 -26563.245762671 -26563.245762671
0.267441860465116 -25607.7926711204 -25496.4544421192 -25496.4544421192
0.269767441860465 -24398.692222067 -24293.5254452324 -24293.5254452324
0.272093023255814 -23059.4141933559 -22960.8696882639 -22960.8696882639
0.274418604651163 -21597.1042127399 -21505.591059285 -21505.591059285
0.276744186046512 -20019.5643366672 -19935.4485201295 -19935.4485201295
0.27906976744186 -18335.2114229355 -18258.8147086716 -18258.8147086716
0.281395348837209 -16553.0322231134 -16484.6312635152 -16484.6312635152
0.283720930232558 -14682.5354343326 -14622.3611087777 -14622.3611087777
0.286046511627907 -12733.7009662745 -12681.937954216 -12681.937954216
0.288372093023256 -10716.926694034 -10673.7132799453 -10673.7132799453
0.290697674418605 -8642.97298095713 -8608.40108902958 -8608.40108902958
0.293023255813953 -6522.90526744672 -6497.02072272653 -6497.02072272653
0.295348837209302 -4368.03503205012 -4350.83804373856 -4350.83804373856
0.297674418604651 -2189.85943982722 244463.341213453 244463.341213453
0.300199854651163 0 51770.4224032683 -208699.515313161
0.303125 0 -1.51888398765557e-009 -6.07553595062229e-009
0.30625 0 1.2869814057996e-009 5.14792562319842e-009
0.309375 0 -2.57197091906909e-009 -1.02878836762764e-008
0.3125 0 7.95658650076791e-010 3.18263460030717e-009
0.315625 0 -2.42136783670886e-009 -9.68547134683546e-009
0.31875 0 2.44047744975732e-009 9.76190979902929e-009
0.321875 0 6.20752209074146e-010 2.48300883629659e-009
0.325 0 -4.27221335231621e-009 -1.70888534092648e-008
0.328125 0 8.91054426011522e-010 3.56421770404609e-009
0.33125 0 5.27355433954459e-009 2.10942173581784e-008
0.334375 0 -1.98144470716859e-009 -7.92577882867434e-009
0.3375 0 -6.26961856916618e-010 -2.50784742766647e-009
0.340625 0 -8.32619192756244e-010 -3.33047677102498e-009
0.34375 0 -7.61075243231465e-010 -3.04430097292586e-009
0.346875 0 6.46024175095915e-010 2.58409670038366e-009
0.35 0 2.16699674077904e-009 8.66798696311617e-009
0.353125 0 -1.59966435378204e-010 -6.39865741512815e-010
0.35625 0 -7.2879246497331e-010 -2.91516985989324e-009
0.359375 0 3.26540726825398e-011 1.30616290730159e-010
0.3625 0 -7.60783007473085e-010 -3.04313202989234e-009
0.365625 0 2.13757976181912e-009 8.55031904727646e-009
0.36875 0 2.42018081658221e-010 9.68072326632883e-010
0.371875 0 -3.68383568281137e-009 -1.47353427312455e-008
0.375 0 1.51131255658278e-009 6.04525022633113e-009
0.378125 0 8.10212503149012e-010 3.24085001259605e-009
0.38125 0 -1.68324079629094e-009 -6.73296318516378e-009
0.384375 0 2.2195737569487e-009 8.87829502779479e-009
0.3875 0 -9.17196068199235e-010 -3.66878427279694e-009
0.390625 0 -9.70766222962979e-010 -3.88306489185192e-009
0.39375 0 1.07780874172717e-009 4.31123496690868e-009
0.396875 0 -1.27964830333109e-010 -5.11859321332434e-010
0.4 0 -2.03748129479206e-010 -8.14992517916823e-010
0.403125 0 3.18356194119869e-010 1.27342477647948e-009
0.40625 0 2.34545784503724e-009 9.38183138014897e-009
0.409375 0 -5.5295520494922e-009 -2.21182081979688e-008
0.4125 0 -6.75185698596707e-009 -2.70074279438683e-008
0.415625 0 6.54083971613379e-010 2.61633588645351e-009
0.41875 0 -1.40586713083641e-010 -5.62346852334565e-010
0.421875 0 -3.91943267964552e-009 -1.56777307185821e-008
0.425 0 -6.73599738079529e-010 -2.69439895231812e-009
0.428125 0 6.41505988638174e-010 2.56602395455269e-009
0.43125 0 -5.22316875741e-009 -2.089267502964e-008
0.434375 0 -1.13388818718059e-009 -4.53555274872234e-009
0.4375 0 1.3219698351869e-009 5.28787934074761e-009
0.440625 0 -2.39276526094765e-010 -9.57106104379058e-010
0.44375 0 6.06523282302479e-010 2.42609312920992e-009
0.446875 0 -2.12936242065435e-009 -8.5174496826174e-009
0.45 0 2.42969101628261e-009 9.71876406513043e-009
0.453125 0 -1.80828225956214e-009 -7.23312903824854e-009
0.45625 0 -3.94380418733265e-010 -1.57752167493306e-009
0.459375 0 2.90951299334383e-009 1.16380519733753e-008
0.4625 0 -2.55626390925668e-009 -1.02250556370267e-008
0.465625 0 2.67709135992766e-009 1.07083654397106e-008
0.46875 0 -3.34542467802137e-010 -1.33816987120855e-009
0.471875 0 -1.53124782904924e-009 -6.12499131619695e-009
0.475 0 -1.88100763035721e-009 -7.52403052142883e-009
0.478125 0 4.48461137506557e-009 1.79384455002623e-008
0.48125 0 -9.28951576556716e-010 -3.71580630622687e-009
0.484375 0 -3.3877669128771e-009 -1.35510676515084e-008
0.4875 0 -3.83646163270858e-009 -1.53458465308343e-008
0.490625 0 2.16102747869108e-009 8.64410991476433e-009
0.49375 0 -2.73424040089959e-009 -1.09369616035983e-008
0.496875 0 -1.66313475919137e-009 -6.65253903676547e-009
