0.000819672131147541 -0 -0
0.00245901639344262 0.000818330600793615 0.000818330600793615
0.0040983606557377 0.00163576881902827 0.00163576881902827
0.00573770491803279 0.00245298446174047 0.00245298446174047
0.00737704918032787 0.00327011118173459 0.00327011118173459
0.00901639344262295 0.00408719343170105 0.00408719343170105
0.010655737704918 0.00490425033461861 0.00490425033461861
0.0122950819672131 0.00572129137395905 0.00572129137395905
0.0139344262295082 0.00653832185491865 0.00653832185491865
0.0155737704918033 0.00735534488086387 0.00735534488086387
0.0172131147540984 0.00817236258427556 0.00817236258427556
0.0188524590163934 0.00898937619609796 0.00898937619609796
0.0204918032786885 0.0098063867392284 0.0098063867392284
0.0221311475409836 0.0106233948204704 0.0106233948204704
0.0237704918032787 0.0114404010119529 0.0114404010119529
0.0254098360655738 0.0122574055737346 0.0122574055737346
0.0270491803278689 0.0130744088525603 0.0130744088525603
0.0286885245901639 0.0138914110218025 0.0138914110218025
0.030327868852459 0.0147084122374963 0.0147084122374963
0.0319672131147541 0.0155254126903515 0.0155254126903515
0.0336065573770492 0.0163424125537404 0.0163424125537404
0.0352459016393443 0.017159411758314 0.017159411758314
0.0368852459016393 0.0179764104601077 0.0179764104601077
0.0385245901639344 0.0187934087458075 0.0187934087458075
0.0401639344262295 0.0196104066674252 0.0196104066674252
0.0418032786885246 0.0204274042249608 0.0204274042249608
0.0434426229508197 0.0212444014704261 0.0212444014704261
0.0450819672131148 0.0220613984558327 0.0220613984558327
0.0467213114754098 0.0228783951985179 0.0228783951985179
0.0483606557377049 0.0236953917158189 0.0236953917158189
0.05 0.0245123880424103 0.0245123880424103
0.0516393442622951 0.025329384178292 0.025329384178292
0.0532786885245902 0.0261463801581385 0.0261463801581385
0.0549180327868853 0.0269633759992871 0.0269633759992871
0.0565573770491803 0.0277803717017377 0.0277803717017377
0.0581967213114754 0.0285973673175022 0.0285973673175022
0.0598360655737705 0.0294143627772314 0.0294143627772314
0.0614754098360656 0.0302313581156 0.0302313581156
0.0631147540983607 0.0310483533846195 0.0310483533846195
0.0647540983606557 0.0318653484976039 0.0318653484976039
0.0663934426229508 0.0326823435932511 0.0326823435932511
0.0680327868852459 0.033499338602212 0.033499338602212
0.069672131147541 0.034316333541824 0.034316333541824
0.071311475409836 0.0351333283947497 0.0351333283947497
0.0729508196721311 0.0359503231956637 0.0359503231956637
0.0745901639344262 0.036767317944566 0.036767317944566
0.0762295081967213 0.0375843126241193 0.0375843126241193
0.0778688524590163 0.0384013072863354 0.0384013072863354
0.0795081967213114 0.0392183018618653 0.0392183018618653
0.0811475409836065 0.0400352964547324 0.0400352964547324
0.0827868852459016 0.0408522909609133 0.0408522909609133
0.0844262295081966 0.0416692854324197 0.0416692854324197
0.0860655737704917 0.0424862798345771 0.0424862798345771
0.0877049180327868 0.0433032742540718 0.0433032742540718
0.0893442622950819 0.0441202686215547 0.0441202686215547
0.0909836065573769 0.0449372629717004 0.0449372629717004
0.092622950819672 0.0457542572698344 0.0457542572698344
0.0942622950819671 0.0465712515506311 0.0465712515506311
0.0959016393442622 0.0473882457620789 0.0473882457620789
0.0975409836065572 0.0482052399908639 0.0482052399908639
0.0991803278688523 0.0490222341849744 0.0490222341849744
0.100819672131147 0.0498392283617477 0.0498392283617477
0.102459016393442 0.0506562225211837 0.0506562225211837
0.104098360655738 0.051473216628608 0.051473216628608
0.105737704918033 0.0522902107533696 0.0522902107533696
0.107377049180328 0.0531072048087822 0.0531072048087822
0.109016393442623 0.0539241988988692 0.0539241988988692
0.110655737704918 0.0547411929196073 0.0547411929196073
0.112295081967213 0.0555581869750199 0.0555581869750199
0.113934426229508 0.0563751809610835 0.0563751809610835
0.115573770491803 0.0571921749644844 0.0571921749644844
0.117213114754098 0.0580091689852225 0.0580091689852225
0.118852459016393 0.0588261629192743 0.0588261629192743
0.120491803278688 0.0596431569053379 0.0596431569053379
0.122131147540983 0.0604601508047153 0.0604601508047153
0.123770491803278 0.0612771447907789 0.0612771447907789
0.125409836065574 0.0620941387074936 0.0620941387074936
0.127049180327869 0.062911132606871 0.062911132606871
0.128688524590164 0.0637281264368994 0.0637281264368994
0.130327868852459 0.0645451203189396 0.0645451203189396
0.131967213114754 0.0653621142356542 0.0653621142356542
0.133606557377049 0.0661791081003571 0.0661791081003571
0.135245901639344 0.0669961019477228 0.0669961019477228
0.136885245901639 0.0678130958124257 0.0678130958124257
0.138524590163934 0.0686300896597913 0.0686300896597913
0.140163934426229 0.069447083507157 0.069447083507157
0.141803278688524 0.0702640772851737 0.0702640772851737
0.143442622950819 0.0710810711325394 0.0710810711325394
0.145081967213115 0.0718980649278933 0.0718980649278933
0.14672131147541 0.07271505870591 0.07271505870591
0.148360655737705 0.0735320525012639 0.0735320525012639
0.15 0.0743490462966179 0.0743490462966179
0.151639344262295 0.0751660400572973 0.0751660400572973
0.15327868852459 0.0759830338179768 0.0759830338179768
0.154918032786885 0.0768000275786562 0.0768000275786562
0.15655737704918 0.0776170213393357 0.0776170213393357
0.158196721311475 0.0784340151173524 0.0784340151173524
0.15983606557377 0.0792510088780318 0.0792510088780318
0.161475409836066 0.080068002621374 0.080068002621374
0.163114754098361 0.0808849963647162 0.0808849963647162
0.164754098360656 0.081701990073384 0.081701990073384
0.166393442622951 0.0825189837820517 0.0825189837820517
0.168032786885246 0.0833359775253939 0.0833359775253939
0.169672131147541 0.0841529712340616 0.0841529712340616
0.171311475409836 0.0849699649253921 0.0849699649253921
0.172950819672131 0.0857869586687343 0.0857869586687343
0.174590163934426 0.086603952377402 0.086603952377402
0.176229508196721 0.0874209460513953 0.0874209460513953
0.177868852459016 0.0882379397253885 0.0882379397253885
0.179508196721311 0.0890549334340562 0.0890549334340562
0.181147540983607 0.089871927142724 0.089871927142724
0.182786885245902 0.09068892079938 0.09068892079938
0.184426229508197 0.0915059144733732 0.0915059144733732
0.186065573770492 0.0923229081647037 0.0923229081647037
0.187704918032787 0.0931399018386969 0.0931399018386969
0.189344262295082 0.0939568955126902 0.0939568955126902
0.190983606557377 0.0947738891866834 0.0947738891866834
0.192622950819672 0.0955908828606766 0.0955908828606766
0.194262295081967 0.0964078765173326 0.0964078765173326
0.195901639344262 0.0972248701393141 0.0972248701393141
0.197540983606557 0.0980418637959701 0.0980418637959701
0.199180327868853 0.0988588574179516 0.0988588574179516
0.200819672131148 0.0996758510399331 0.0996758510399331
0.202459016393443 0.100492844696589 0.100492844696589
0.204098360655738 0.101309838353245 0.101309838353245
0.205737704918033 0.102126831957889 0.102126831957889
0.207377049180328 0.102943825597208 0.102943825597208
0.209016393442623 0.103760819236527 0.103760819236527
0.210655737704918 0.104577812858508 0.104577812858508
0.212295081967213 0.105394806445815 0.105394806445815
0.213934426229508 0.106211800102471 0.106211800102471
0.215573770491803 0.107028793707116 0.107028793707116
0.217213114754099 0.10784578731176 0.10784578731176
0.218852459016394 0.108662780951079 0.108662780951079
0.220491803278689 0.109479774521049 0.109479774521049
0.222131147540984 0.11029676814303 0.11029676814303
0.223770491803279 0.111113761765012 0.111113761765012
0.225409836065574 0.111930755352319 0.111930755352319
0.227049180327869 0.112747748956963 0.112747748956963
0.228688524590164 0.113564742596282 0.113564742596282
0.230327868852459 0.114381736166251 0.114381736166251
0.231967213114754 0.115198729788233 0.115198729788233
0.233606557377049 0.11601572337554 0.11601572337554
0.235245901639345 0.11683271694551 0.11683271694551
0.23688524590164 0.117649710567491 0.117649710567491
0.238524590163935 0.118466704120124 0.118466704120124
0.24016393442623 0.119283697724768 0.119283697724768
0.241803278688525 0.120100691329412 0.120100691329412
0.24344262295082 0.120917684882045 0.120917684882045
0.245081967213115 0.121734678486689 0.121734678486689
0.24672131147541 0.122551672073996 0.122551672073996
0.248360655737705 0.123368665626629 0.123368665626629
0.25 0.124185659231273 0.124185659231273
0.251639344262295 0.125002652801243 0.125002652801243
0.25327868852459 0.12581964638855 0.12581964638855
0.254918032786886 0.126636639958519 0.126636639958519
0.256557377049181 0.127453633528489 0.127453633528489
0.258196721311476 0.128270627098459 0.128270627098459
0.259836065573771 0.129087620651092 0.129087620651092
0.261475409836066 0.129904614221061 0.129904614221061
0.263114754098361 0.130721607773694 0.130721607773694
0.264754098360656 0.131538601326326 0.131538601326326
0.266393442622951 0.132355594913633 0.132355594913633
0.268032786885246 0.133172588466266 0.133172588466266
0.269672131147541 0.133989582036236 0.133989582036236
0.271311475409836 0.134806575588868 0.134806575588868
0.272950819672131 0.135623569176175 0.135623569176175
0.274590163934426 0.136440562746145 0.136440562746145
0.276229508196721 0.137257556298778 0.137257556298778
0.277868852459016 0.138074549868747 0.138074549868747
0.279508196721311 0.13889154342138 0.13889154342138
0.281147540983607 0.139708536974013 0.139708536974013
0.282786885245902 0.140525530509308 0.140525530509308
0.284426229508197 0.141342524079278 0.141342524079278
0.286065573770492 0.14215951763191 0.14215951763191
0.287704918032787 0.142976511167205 0.142976511167205
0.289344262295082 0.143793504719838 0.143793504719838
0.290983606557377 0.144610498237796 0.144610498237796
0.292622950819672 0.145427491790429 0.145427491790429
0.294262295081967 0.146244485343061 0.146244485343061
0.295901639344262 0.147061478878356 0.147061478878356
0.297540983606557 0.147878472430989 0.147878472430989
0.299180327868852 0.148695465983621 0.148695465983621
0.300546448087431 0.149402390583191 0.149402390583191
0.301639344262295 0.14994862927395 0.14994862927395
0.302732240437158 0.150494860969133 0.150494860969133
0.303825136612022 0.151041085538708 0.151041085538708
0.304918032786885 0.151587303294747 0.151587303294747
0.306010928961748 0.15213351410722 0.15213351410722
0.307103825136612 0.152679718184174 0.152679718184174
0.308196721311475 0.153225915577622 0.153225915577622
0.309289617486339 0.153772106261556 0.153772106261556
0.310382513661202 0.154318290444024 0.154318290444024
0.311475409836066 0.154864468099021 0.154864468099021
0.312568306010929 0.155410639252551 0.155410639252551
0.313661202185792 0.155956804164674 0.155956804164674
0.314754098360656 0.15650296270536 0.15650296270536
0.315846994535519 0.157049115082657 0.157049115082657
0.316939890710383 0.157595261244552 0.157595261244552
0.318032786885246 0.158141401269063 0.158141401269063
0.319125683060109 0.158687535312225 0.158687535312225
0.320218579234973 0.159233663322027 0.159233663322027
0.321311475409836 0.159779785376486 0.159779785376486
0.3224043715847 0.160325901657643 0.160325901657643
0.323497267759563 0.160872012061475 0.160872012061475
0.324590163934426 0.161418116770022 0.161418116770022
0.32568306010929 0.161964215809292 0.161964215809292
0.326775956284153 0.162510309179282 0.162510309179282
0.327868852459017 0.163056397010024 0.163056397010024
0.32896174863388 0.163602479275511 0.163602479275511
0.330054644808744 0.164148556131778 0.164148556131778
0.331147540983607 0.164694627604831 0.164694627604831
0.33224043715847 0.165240693616653 0.165240693616653
0.333333333333334 0.165786754427302 0.165786754427302
0.334426229508197 0.166332809932754 0.166332809932754
0.335519125683061 0.166878860237034 0.166878860237034
0.336612021857924 0.167424905418159 0.167424905418159
0.337704918032787 0.167970945502134 0.167970945502134
0.338797814207651 0.168516980540971 0.168516980540971
0.339890710382514 0.169063010586683 0.169063010586683
0.340983606557378 0.169609035613263 0.169609035613263
0.342076502732241 0.170155055828758 0.170155055828758
0.343169398907104 0.170701071129145 0.170701071129145
0.344262295081968 0.171247081618446 0.171247081618446
0.345355191256831 0.171793087400687 0.171793087400687
0.346448087431695 0.172339088345836 0.172339088345836
0.347540983606558 0.17288508473996 0.17288508473996
0.348633879781422 0.173431076427022 0.173431076427022
0.349726775956285 0.173977063537052 0.173977063537052
0.350819672131148 0.174523046122061 0.174523046122061
0.351912568306012 0.175069024156045 0.175069024156045
0.353005464480875 0.175614997795037 0.175614997795037
0.354098360655739 0.176160966987027 0.176160966987027
0.355191256830602 0.176706931758019 0.176706931758019
0.356284153005465 0.177252892238045 0.177252892238045
0.357377049180329 0.17779884837509 0.17779884837509
0.358469945355192 0.178344800299186 0.178344800299186
0.359562841530056 0.178890748010332 0.178890748010332
0.360655737704919 0.179436691456516 0.179436691456516
0.361748633879782 0.179982630845785 0.179982630845785
0.362841530054646 0.180528566074116 0.180528566074116
0.363934426229509 0.181074497245532 0.181074497245532
0.365027322404373 0.181620424438051 0.181620424438051
0.366120218579236 0.18216634754765 0.18216634754765
0.3672131147541 0.182712266730363 0.182712266730363
0.368306010928963 0.18325818198619 0.18325818198619
0.369398907103826 0.183804093315132 0.183804093315132
0.37049180327869 0.184350000847218 0.184350000847218
0.371584699453553 0.184895904478424 0.184895904478424
0.372677595628417 0.185441804312774 0.185441804312774
0.37377049180328 0.185987700480297 0.185987700480297
0.374863387978143 0.186533592824958 0.186533592824958
0.375956284153007 0.18707948158081 0.18707948158081
0.37704918032787 0.187625366591817 0.187625366591817
0.378142076502734 0.188171247962003 0.188171247962003
0.379234972677597 0.188717125795392 0.188717125795392
0.38032786885246 0.189263000013966 0.189263000013966
0.381420765027324 0.189808870721748 0.189808870721748
0.382513661202187 0.19035473797075 0.19035473797075
0.383606557377051 0.190900601630943 0.190900601630943
0.384699453551914 0.191446461962386 0.191446461962386
0.385792349726778 0.191992318783036 0.191992318783036
0.386885245901641 0.192538172248931 0.192538172248931
0.387978142076504 0.193084022386074 0.193084022386074
0.389071038251368 0.193629869142455 0.193629869142455
0.390163934426231 0.194175712622098 0.194175712622098
0.391256830601095 0.194721552851007 0.194721552851007
0.392349726775958 0.195267389751166 0.195267389751166
0.393442622950821 0.195813223530621 0.195813223530621
0.394535519125685 0.196359054007331 0.196359054007331
0.395628415300548 0.196904881389344 0.196904881389344
0.396721311475412 0.197450705650652 0.197450705650652
0.397814207650275 0.197996526739246 0.197996526739246
0.398907103825138 0.198542344811159 0.198542344811159
0.400000000000002 0.199088159736363 0.199088159736363
0.401092896174865 0.199633971644886 0.199633971644886
0.402185792349729 0.200179780562735 0.200179780562735
0.403278688524592 0.200725586463903 0.200725586463903
0.404371584699455 0.201271389400404 0.201271389400404
0.405464480874319 0.201817189398241 0.201817189398241
0.406557377049182 0.202362986457416 0.202362986457416
0.407650273224046 0.202908780655946 0.202908780655946
0.408743169398909 0.203454571941819 0.203454571941819
0.409836065573773 0.204000360393053 0.204000360393053
0.410928961748636 0.204546146035653 0.204546146035653
0.412021857923499 0.205091928843615 0.205091928843615
0.413114754098363 0.20563770892096 0.20563770892096
0.414207650273226 0.206183486163667 0.206183486163667
0.41530054644809 0.206729260701763 0.206729260701763
0.416393442622953 0.207275032561256 0.207275032561256
0.417486338797816 0.207820801664127 0.207820801664127
0.41857923497268 0.208366568140406 0.208366568140406
0.419672131147543 0.208912331990092 0.208912331990092
0.420765027322407 0.209458093109163 0.209458093109163
0.42185792349727 0.210003851705665 0.210003851705665
0.422950819672133 0.210549607675574 0.210549607675574
0.424043715846997 0.211095361070903 0.211095361070903
0.42513661202186 0.211641111917658 0.211641111917658
0.426229508196724 0.212186860189831 0.212186860189831
0.427322404371587 0.212732606017454 0.212732606017454
0.428415300546451 0.213278349322508 0.213278349322508
0.429508196721314 0.213824090104993 0.213824090104993
0.430601092896177 0.214369828520944 0.214369828520944
0.431693989071041 0.21491556438832 0.21491556438832
0.432786885245904 0.215461297915169 0.215461297915169
0.433879781420768 0.216007029049479 0.216007029049479
0.434972677595631 0.216552757739237 0.216552757739237
0.436065573770494 0.217098484140479 0.217098484140479
0.437158469945358 0.217644208123176 0.217644208123176
0.438251366120221 0.218189929843362 0.218189929843362
0.439344262295085 0.218735649223021 0.218735649223021
0.440437158469948 0.219281366288158 0.219281366288158
0.441530054644811 0.219827081090784 0.219827081090784
0.442622950819675 0.220372793630901 0.220372793630901
0.443715846994538 0.220918503882501 0.220918503882501
0.444808743169402 0.221464212001621 0.221464212001621
0.445901639344265 0.222009917780213 0.222009917780213
0.446994535519129 0.222555621504341 0.222555621504341
0.448087431693992 0.22310132296596 0.22310132296596
0.449180327868855 0.223647022243085 0.223647022243085
0.450273224043719 0.224192719439742 0.224192719439742
0.451366120218582 0.224738414451906 0.224738414451906
0.452459016393446 0.225284107383601 0.225284107383601
0.453551912568309 0.225829798234827 0.225829798234827
0.454644808743172 0.226375486927566 0.226375486927566
0.455737704918036 0.226921173617853 0.226921173617853
0.456830601092899 0.227466858201666 0.227466858201666
0.457923497267763 0.228012540705009 0.228012540705009
0.459016393442626 0.228558221283919 0.228558221283919
0.460109289617489 0.229103899730347 0.229103899730347
0.461202185792353 0.229649576304354 0.229649576304354
0.462295081967216 0.230195250849903 0.230195250849903
0.46338797814208 0.230740923393 0.230740923393
0.464480874316943 0.231286594011664 0.231286594011664
0.465573770491807 0.231832262653882 0.231832262653882
0.46666666666667 0.232377929397671 0.232377929397671
0.467759562841533 0.232923594243033 0.232923594243033
0.468852459016397 0.233469257111949 0.233469257111949
0.46994535519126 0.234014918160454 0.234014918160454
0.471038251366124 0.234560577336538 0.234560577336538
0.472131147540987 0.235106234588187 0.235106234588187
0.47322404371585 0.235651890071438 0.235651890071438
0.474316939890714 0.236197543630254 0.236197543630254
0.475409836065577 0.236743195394666 0.236743195394666
0.476502732240441 0.23728884539068 0.23728884539068
0.477595628415304 0.237834493566282 0.237834493566282
0.478688524590167 0.238380139973486 0.238380139973486
0.479781420765031 0.238925784534274 0.238925784534274
0.480874316939894 0.239471427378675 0.239471427378675
0.481967213114758 0.240017068480682 0.240017068480682
0.483060109289621 0.240562707788285 0.240562707788285
0.484153005464485 0.241108345431513 0.241108345431513
0.485245901639348 0.241653981332348 0.241653981332348
0.486338797814211 0.242199615516796 0.242199615516796
0.487431693989075 0.242745248062874 0.242745248062874
0.488524590163938 0.24329087886656 0.24329087886656
0.489617486338802 0.24383650800587 0.24383650800587
0.490710382513665 0.244382135532817 0.244382135532817
0.491803278688528 0.244927761369382 0.244927761369382
0.492896174863392 0.24547338561959 0.24547338561959
0.493989071038255 0.246019008205423 0.246019008205423
0.495081967213119 0.246564629178891 0.246564629178891
0.496174863387982 0.247110248566003 0.247110248566003
0.497267759562845 0.247655866288738 0.247655866288738
0.498360655737709 0.24820148252914 0.24820148252914
0.499453551912572 0.248747097157178 0.248747097157178
