0 170.466947286354
0.01875 170.466947286354
0.0375 172.420123886814
0.05625 179.438455013763
0.075 191.840277071764
0.09375 207.286623986852
0.1125 221.6080295683
0.13125 230.310968323141
0.15 230.253363319051
0.16875 220.896469197795
0.1875 204.678200608076
0.20625 186.352806541721
0.225 171.499597091584
0.24375 164.695789883658
0.2625 167.973949648776
0.28125 180.098068481826
0.3 186.699661018515
0.30625 188.043799705109
0.3125 189.360784074802
0.31875 190.651689546086
0.325 191.917528891713
0.33125 193.159257011709
0.3375 194.377775260304
0.34375 195.573935375896
0.35 196.748543056974
0.35625 197.902361221572
0.3625 199.036112983308
0.36875 200.150484373048
0.375 201.246126831869
0.38125 202.323659497981
0.3875 203.383671307734
0.39375 204.426722928531
0.4 205.453348539552
0.40625 206.464057474433
0.4125 207.459335738552
0.41875 208.439647412233
0.425 209.405435950008
0.43125 210.357125385042
0.4375 211.29512144691
0.44375 212.219812600099
0.45 213.131571009886
0.45625 214.030753441608
0.4625 214.917702098748
0.46875 215.792745404786
0.475 216.65619873326
0.48125 217.50836509012
0.4875 218.349535752054
0.49375 219.179990864153
0.5 220
