0 133.124778582972
0.000265486725663717 133.124778582972
0.000530973451327434 133.124784461563
0.00079646017699115 133.124809150911
0.00106194690265487 133.124864573598
0.00132743362831858 133.124962537444
0.0015929203539823 133.125114815956
0.00185840707964602 133.125333166145
0.00212389380530973 133.125629333806
0.00238938053097345 133.12601505512
0.00265486725663717 133.126502056896
0.00292035398230088 133.127102056232
0.0031858407079646 133.127826759897
0.00345132743362832 133.128687863573
0.00371681415929203 133.129697051014
0.00398230088495575 133.130865993158
0.00424778761061947 133.132206347217
0.00451327433628319 133.133729755739
0.0047787610619469 133.135447845672
0.00504424778761062 133.137372227411
0.00530973451327434 133.139514493843
0.00557522123893805 133.141886219393
0.00584070796460177 133.144498959064
0.00610619469026549 133.147364247479
0.00637168141592921 133.150493597922
0.00663716814159292 133.153898501378
0.00690265486725664 133.157590425578
0.00716814159292036 133.161580814039
0.00743362831858407 133.165881085112
0.00769911504424779 133.170502631025
0.00796460176991151 133.175456816931
0.00823008849557522 133.180754979961
0.00849557522123894 133.18640842827
0.00876106194690266 133.192428440092
0.00902654867256638 133.198826262797
0.00929203539823009 133.205613111947
0.00955752212389381 133.212800170355
0.00982300884955753 133.22039858715
0.0100884955752212 133.228419476836
0.010353982300885 133.236873918366
0.0106194690265487 133.245772954206
0.0108849557522124 133.255127589409
0.0111504424778761 133.264948790693
0.0114159292035398 133.275247485513
0.0116814159292035 133.286034561148
0.0119469026548673 133.297320863782
0.012212389380531 133.309117197588
0.0124778761061947 133.321434323823
0.0127433628318584 133.334282959919
0.0130088495575221 133.347673778579
0.0132743362831859 133.361617406877
0.0135398230088496 133.37612442536
0.0138053097345133 133.391205367158
0.014070796460177 133.40687071709
0.0143362831858407 133.423130910781
0.0146017699115044 133.439996333777
0.0148672566371682 133.457477320669
0.0151327433628319 133.475584154213
0.0153982300884956 133.494327064464
0.0156637168141593 133.513716227906
0.015929203539823 133.533761766591
0.0161946902654867 133.554473747276
0.0164601769911504 133.57586218057
0.0167256637168142 133.597937020085
0.0169911504424779 133.620708161587
0.0172566371681416 133.644185442152
0.0175221238938053 133.668378639334
0.017787610619469 133.693297470325
0.0180530973451327 133.71895159113
0.0183185840707965 133.745350595741
0.0185840707964602 133.772504015318
0.0188495575221239 133.800421317375
0.0191150442477876 133.829111904965
0.0193805309734513 133.858585115882
0.019646017699115 133.888850221851
0.0199115044247788 133.919916427743
0.0201769911504425 133.951792870775
0.0204424778761062 133.98448861973
0.0207079646017699 134.018012674173
0.0209734513274336 134.052373963679
0.0212389380530973 134.087581347061
0.021504424778761 134.123643611604
0.0217699115044248 134.160569472308
0.0220353982300885 134.198367571134
0.0223008849557522 134.237046476252
0.0225663716814159 134.2766146813
0.0228318584070796 134.31708060465
0.0230973451327433 134.358452588669
0.0233628318584071 134.400738898999
0.0236283185840708 134.443947723833
0.0238938053097345 134.488087173201
0.0241592920353982 134.533165278264
0.0244247787610619 134.579189990605
0.0246902654867256 134.626169181539
0.0249557522123893 134.674110641419
0.0252212389380531 134.723022078947
0.0254867256637168 134.772911120504
0.0257522123893805 134.82378530947
0.0260176991150442 134.87565210556
0.0262831858407079 134.928518884165
0.0265486725663716 134.982392935696
0.0268141592920354 135.03728146494
0.0270796460176991 135.093191590415
0.0273451327433628 135.150130343736
0.0276106194690265 135.20810466899
0.0278761061946902 135.267121422112
0.0281415929203539 135.327187370271
0.0284070796460176 135.388309191259
0.0286725663716814 135.450493472895
0.0289380530973451 135.513746712425
0.0292035398230088 135.578075315936
0.0294690265486725 135.643485597775
0.0297345132743362 135.709983779975
0.0299999999999999 135.777575991684
0.0302654867256637 135.846268268612
0.0305309734513274 135.916066552468
0.0307964601769911 135.986976690424
0.0310619469026548 136.059004434566
0.0313274336283185 136.132155441368
0.0315929203539822 136.206435271165
0.031858407079646 136.281849387635
0.0321238938053097 136.358403157289
0.0323893805309734 136.436101848967
0.0326548672566371 136.514950633345
0.0329203539823008 136.594954582441
0.0331858407079645 136.676118669139
0.0334513274336283 136.758447766712
0.033716814159292 136.841946648359
0.0339823008849557 136.926619986741
0.0342477876106194 137.012472353537
0.0345132743362831 137.099508218993
0.0347787610619469 137.187731951493
0.0350442477876106 137.277147817126
0.0353097345132743 137.367759979265
0.035575221238938 137.459572498158
0.0358407079646017 137.552589330521
0.0361061946902655 137.646814329138
0.0363716814159292 137.742251242477
0.0366371681415929 137.838903714301
0.0369026548672566 137.936775283302
0.0371681415929203 138.03586938273
0.0374336283185841 138.136189340035
0.0376991150442478 138.237738376521
0.0379646017699115 138.340519606997
0.0382300884955752 138.444536039452
0.0384955752212389 138.549790574722
0.0387610619469026 138.656286006172
0.0390265486725664 138.764025019393
0.0392920353982301 138.873010191892
0.0395575221238938 138.983243992803
0.0398230088495575 139.094728782602
0.0400884955752212 139.207466812826
0.040353982300885 139.321460225809
0.0406194690265487 139.436711054416
0.0408849557522124 139.553221221795
0.0411504424778761 139.67099254113
0.0414159292035398 139.790026715406
0.0416814159292036 139.91032533718
0.0419469026548673 140.031889888364
0.042212389380531 140.154721740012
0.0424778761061947 140.278822152119
0.0427433628318584 140.404192273425
0.0430088495575221 140.53083314123
0.0432743362831859 140.658745681215
0.0435398230088496 140.787930707279
0.0438053097345133 140.918388921368
0.044070796460177 141.050120913334
0.0443362831858407 141.183127160783
0.0446017699115045 141.317408028943
0.0448672566371682 141.452963770539
0.0451327433628319 141.589794525672
0.0453982300884956 141.727900321711
0.0456637168141593 141.867281073191
0.0459292035398231 142.00793658172
0.0461946902654868 142.149866535897
0.0464601769911505 142.293070511234
0.0467256637168142 142.437547970091
0.0469911504424779 142.583298261618
0.0472566371681417 142.7303206217
0.0475221238938054 142.878614172925
0.0477876106194691 143.028177924543
0.0480530973451328 143.179010772446
0.0483185840707965 143.331111499151
0.0485840707964602 143.484478773796
0.048849557522124 143.639111152137
0.0491150442477877 143.795007076562
0.0493805309734514 143.95216487611
0.0496460176991151 144.110582766495
0.0499115044247788 144.270258850147
0.0501769911504426 144.431191116254
0.0504424778761063 144.593377440813
0.05070796460177 144.756815586698
0.0509734513274337 144.921503203725
0.0512389380530974 145.087437828734
0.0515044247787612 145.254616885678
0.0517699115044249 145.423037685713
0.0520353982300886 145.592697427311
0.0523008849557523 145.763593196369
0.052566371681416 145.93572196633
0.0528318584070797 146.109080598318
0.0530973451327435 146.283665841272
0.0533628318584072 146.459474332098
0.0536283185840709 146.636502595822
0.0538938053097346 146.814747045759
0.0541592920353983 146.994203983681
0.0544247787610621 147.174869600001
0.0546902654867258 147.356739973966
0.0549557522123895 147.539811073852
0.0552212389380532 147.724078757173
0.0554867256637169 147.909538770897
0.0557522123893807 148.096186751668
0.0560176991150444 148.284018226042
0.0562831858407081 148.473028610725
0.0565486725663718 148.663213212825
0.0568141592920355 148.854567230108
0.0570796460176992 149.047085751262
0.057345132743363 149.24076375618
0.0576106194690267 149.43559611623
0.0578761061946904 149.63157759456
0.0581415929203541 149.828702846386
0.0584070796460178 150.026966419307
0.0586725663716816 150.226362753616
0.0589380530973453 150.42688618263
0.059203539823009 150.628530933018
0.0594690265486727 150.831291125141
0.0597345132743364 151.035160773406
0.0600000000000002 151.240133786617
0.0602654867256639 151.446203968344
0.0605309734513276 151.653365017295
0.0607964601769913 151.861610527699
0.061061946902655 152.07093398969
0.0613274336283188 152.28132878971
0.0615929203539825 152.492788210913
0.0618584070796462 152.705305433578
0.0621238938053099 152.918873535527
0.0623893805309736 153.13348549256
0.0626548672566373 153.349134178887
0.0629203539823011 153.565812367577
0.0631858407079648 153.783512731008
0.0634513274336285 154.002227841328
0.0637168141592922 154.221950170923
0.0639823008849559 154.442672092894
0.0642477876106197 154.66438588154
0.0645132743362834 154.88708371285
0.0647787610619471 155.110757665002
0.0650442477876108 155.335399718868
0.0653097345132745 155.561001758528
0.0655752212389382 155.787555571797
0.065840707964602 156.015052850745
0.0661061946902657 156.243485192243
0.0663716814159294 156.4728440985
0.0666371681415931 156.703120977617
0.0669026548672568 156.934307144147
0.0671681415929206 157.166393819659
0.0674336283185843 157.399372133313
0.067699115044248 157.633233122438
0.0679646017699117 157.867967733122
0.0682300884955754 158.103566820806
0.0684955752212392 158.340021150886
0.0687610619469029 158.577321399322
0.0690265486725666 158.815458153254
0.0692920353982303 159.054421911625
0.069557522123894 159.294203085811
0.0698230088495577 159.534792000256
0.0700884955752215 159.776178893118
0.0703539823008852 160.018353916921
0.0706194690265489 160.261307139207
0.0708849557522126 160.505028543202
0.0711504424778763 160.74950802849
0.0714159292035401 160.994735411686
0.0716814159292038 161.24070042712
0.0719469026548675 161.487392727529
0.0722123893805312 161.734801884753
0.0724778761061949 161.982917390438
0.0727433628318587 162.231728656746
0.0730088495575224 162.481225017068
0.0732743362831861 162.731395726751
0.0735398230088498 162.982229963822
0.0738053097345135 163.233716829723
0.0740707964601773 163.485845350056
0.074336283185841 163.738604475322
0.0746017699115047 163.99198308168
0.0748672566371684 164.245969971704
0.0751327433628321 164.500553875144
0.0753982300884958 164.755723449703
0.0756637168141596 165.011467281805
0.0759292035398233 165.267773887385
0.076194690265487 165.524631712671
0.0764601769911507 165.782029134977
0.0767256637168144 166.039954463509
0.0769911504424782 166.298395940157
0.0772566371681419 166.557341740318
0.0775221238938056 166.816779973701
0.0777876106194693 167.076698685153
0.078053097345133 167.337085855482
0.0783185840707968 167.59792940229
0.0785840707964605 167.859217180808
0.0788495575221242 168.120936984738
0.0791150442477879 168.383076547098
0.0793805309734516 168.645623541076
0.0796460176991153 168.908565580884
0.0799115044247791 169.171890222617
0.0801769911504428 169.435584965127
0.0804424778761065 169.699637250883
0.0807079646017702 169.964034466856
0.0809734513274339 170.228763945392
0.0812389380530977 170.493812965101
0.0815044247787614 170.759168751744
0.0817699115044251 171.024818479128
0.0820353982300888 171.290749270001
0.0823008849557525 171.556948196957
0.0825663716814163 171.823402283342
0.08283185840708 172.090098504164
0.0830973451327437 172.357023787007
0.0833628318584074 172.624165012954
0.0836283185840711 172.891509017502
0.0838938053097349 173.159042591496
0.0841592920353986 173.426752482056
0.0844247787610623 173.694625393513
0.084690265486726 173.962647988346
0.0849557522123897 174.230806888122
0.0852212389380534 174.499088674447
0.0854867256637172 174.767479889907
0.0857522123893809 175.035967039028
0.0860176991150446 175.304536589225
0.0862831858407083 175.573174971767
0.086548672566372 175.841868582733
0.0868141592920358 176.110603783984
0.0870796460176995 176.379366904125
0.0873451327433632 176.648144239483
0.0876106194690269 176.916922055076
0.0878761061946906 177.185686585594
0.0881415929203544 177.454424036376
0.0884070796460181 177.723120584397
0.0886725663716818 177.991762379253
0.0889380530973455 178.260335544143
0.0892035398230092 178.528826176871
0.0894690265486729 178.79722035083
0.0897345132743367 179.065504116001
0.0900000000000004 179.333663499953
0.0902654867256641 179.601684508839
0.0905309734513278 179.869553128405
0.0907964601769915 180.137255324987
0.0910619469026553 180.404777046525
0.091327433628319 180.672104223565
0.0915929203539827 180.939222770275
0.0918584070796464 181.206118585457
0.0921238938053101 181.472777553555
0.0923893805309739 181.739185545681
0.0926548672566376 182.005328420623
0.0929203539823013 182.271192025869
0.093185840707965 182.536762198629
0.0934513274336287 182.802024766852
0.0937168141592924 183.066965550253
0.0939823008849562 183.331570361336
0.0942477876106199 183.59582500642
0.0945132743362836 183.859715286665
0.0947787610619473 184.123226999103
0.095044247787611 184.386345937662
0.0953097345132748 184.649057894199
0.0955752212389385 184.911348659528
0.0958407079646022 185.173204024454
0.0961061946902659 185.434609780803
0.0963716814159296 185.695551722454
0.0966371681415934 185.956015646373
0.0969026548672571 186.215987353646
0.0971681415929208 186.475452650513
0.0974336283185845 186.734397349401
0.0976991150442482 186.992807269958
0.097964601769912 187.25066824009
0.0982300884955757 187.507966096992
0.0984955752212394 187.764686688183
0.0987610619469031 188.020815872544
0.0990265486725668 188.276339521346
0.0992920353982305 188.531243519288
0.0995575221238943 188.785513765531
0.099823008849558 189.039136174728
0.100088495575222 189.292096678059
0.100353982300885 189.544381224261
0.100619469026549 189.795975780664
0.100884955752213 190.046866334217
0.101150442477877 190.297038892521
0.10141592920354 190.546479484855
0.101681415929204 190.795174163209
0.101946902654868 191.043109003309
0.102212389380531 191.290270105641
0.102477876106195 191.53664359648
0.102743362831859 191.782215628913
0.103008849557523 192.026972383859
0.103274336283186 192.270900071093
0.10353982300885 192.513984930267
0.103805309734514 192.756213231923
0.104070796460177 192.997571278517
0.104336283185841 193.238045405428
0.104601769911505 193.477621981975
0.104867256637169 193.716287412426
0.105132743362832 193.95402813701
0.105398230088496 194.190830632924
0.10566371681416 194.42668141534
0.105929203539824 194.661567038405
0.106194690265487 194.895474096246
0.106460176991151 195.128389223967
0.106725663716815 195.360299098649
0.106991150442478 195.591190440341
0.107256637168142 195.821050013054
0.107522123893806 196.049864625751
0.10778761061947 196.277621133331
0.108053097345133 196.504306437618
0.108318584070797 196.729907488338
0.108584070796461 196.954411284101
0.108849557522124 197.177804873374
0.109115044247788 197.400075355458
0.109380530973452 197.621209881452
0.109646017699116 197.841195655225
0.109911504424779 198.060019934377
0.110176991150443 198.277670031199
0.110442477876107 198.494133313632
0.11070796460177 198.709397206218
0.110973451327434 198.923449191052
0.111238938053098 199.136276808728
0.111504424778762 199.347867659284
0.111769911504425 199.558209403137
0.112035398230089 199.767289762022
0.112300884955753 199.975096519923
0.112566371681416 200.181617524001
0.11283185840708 200.386840685518
0.113097345132744 200.590753980756
0.113362831858408 200.793345451937
0.113628318584071 200.994603208128
0.113893805309735 201.194515426154
0.114159292035399 201.393070351501
0.114424778761063 201.59025629921
0.114690265486726 201.78606165478
0.11495575221239 201.98047487505
0.115221238938054 202.173484489089
0.115486725663717 202.365079099075
0.115752212389381 202.555247381174
0.116017699115045 202.743978086409
0.116283185840709 202.931260041526
0.116548672566372 203.117082149859
0.116814159292036 203.301433392186
0.1170796460177 203.484302827579
0.117345132743363 203.665679594254
0.117610619469027 203.845552910409
0.117876106194691 204.023912075064
0.118141592920355 204.200746468892
0.118407079646018 204.376045555044
0.118672566371682 204.549798879968
0.118938053097346 204.721996074231
0.119203539823009 204.892626853319
0.119469026548673 205.061681018451
0.119734513274337 205.229148457371
0.120000000000001 205.395019145145
0.120265486725664 205.559283144944
0.120530973451328 205.721930608831
0.120796460176992 205.882951778534
0.121061946902655 206.042336986212
0.121327433628319 206.200076655228
0.121592920353983 206.356161300898
0.121858407079647 206.510581531246
0.12212389380531 206.663328047752
0.122389380530974 206.814391646089
0.122654867256638 206.963763216855
0.122920353982302 207.111433746303
0.123185840707965 207.257394317059
0.123451327433629 207.401636108841
0.123716814159293 207.544150399158
0.123982300884956 207.68492856402
0.12424778761062 207.823962078628
0.124513274336284 207.961242518063
0.124778761061948 208.09676155797
0.125044247787611 208.230510975227
0.125309734513275 208.362482648619
0.125575221238939 208.492668559495
0.125840707964602 208.621060792425
0.126106194690266 208.747651535846
0.12637168141593 208.872433082702
0.126637168141594 208.995397831079
0.126902654867257 209.116538284829
0.127168141592921 209.235847054192
0.127433628318585 209.353316856407
0.127699115044248 209.468940516315
0.127964601769912 209.58271096696
0.128230088495576 209.694621250176
0.128495575221239 209.804664517174
0.128761061946903 209.912834029112
0.129026548672567 210.019123157669
0.129292035398231 210.123525385604
0.129557522123894 210.226034307304
0.129823008849558 210.32664362934
0.130088495575222 210.425347170996
0.130353982300885 210.522138864803
0.130619469026549 210.617012757061
0.130884955752213 210.709963008357
0.131150442477876 210.800983894067
0.13141592920354 210.890069804859
0.131681415929204 210.977215247187
0.131946902654868 211.062414843767
0.132212389380531 211.145663334063
0.132477876106195 211.226955574744
0.132743362831859 211.306286540154
0.133008849557522 211.383651322759
0.133274336283186 211.459045133589
0.13353982300885 211.532463302678
0.133805309734514 211.60390127949
0.134070796460177 211.673354633339
0.134336283185841 211.740819053797
0.134601769911505 211.806290351103
0.134867256637168 211.869764456553
0.135132743362832 211.931237422887
0.135398230088496 211.990705424672
0.135663716814159 212.048164758664
0.135929203539823 212.103611844177
0.136194690265487 212.157043223432
0.136460176991151 212.2084555619
0.136725663716814 212.257845648645
0.136991150442478 212.305210396645
0.137256637168142 212.350546843113
0.137522123893805 212.39385214981
0.137787610619469 212.435123603343
0.138053097345133 212.474358615464
0.138318584070797 212.511554723348
0.13858407079646 212.546709589875
0.138849557522124 212.579821003895
0.139115044247788 212.610886880487
0.139380530973451 212.63990526121
0.139646017699115 212.666874314342
0.139911504424779 212.691792335117
0.140176991150442 212.714657745944
0.140442477876106 212.735469096626
0.14070796460177 212.754225064564
0.140973451327434 212.770924454956
0.141238938053097 212.785566200983
0.141504424778761 212.798149363993
0.141769911504425 212.808673133666
0.142035398230088 212.817136828184
0.142300884955752 212.823539894376
0.142566371681416 212.827881907866
0.14283185840708 212.830162573208
0.143097345132743 212.830381724014
0.143362831858407 212.828539323067
0.143628318584071 212.824635462433
0.143893805309734 212.818670363557
0.144159292035398 212.810644377359
0.144424778761062 212.800557984307
0.144690265486725 212.788411794497
0.144955752212389 212.774206547714
0.145221238938053 212.757943113482
0.145486725663717 212.739622491115
0.14575221238938 212.719245809752
0.146017699115044 212.696814328379
0.146283185840708 212.672329435853
0.146548672566371 212.645792650911
0.146814159292035 212.617205622165
0.147079646017699 212.586570128095
0.147345132743363 212.553888077034
0.147610619469026 212.519161507136
0.14787610619469 212.482392586343
0.148141592920354 212.443583612336
0.148407079646017 212.402737012485
0.148672566371681 212.359855343781
0.148938053097345 212.314941292766
0.149203539823008 212.267997675449
0.149469026548672 212.21902743722
0.149734513274336 212.168033652741
0.15 212.115019525846
0.150265486725663 212.059988389419
0.150530973451327 212.002943705266
0.150796460176991 211.94388906398
0.151061946902654 211.882828184797
0.151327433628318 211.819764915437
0.151592920353982 211.754703231947
0.151858407079645 211.687647238525
0.152123893805309 211.618601167337
0.152389380530973 211.547569378331
0.152654867256637 211.474556359032
0.1529203539823 211.399566724341
0.153185840707964 211.32260521631
0.153451327433628 211.243676703919
0.153716814159291 211.162786182843
0.153982300884955 211.079938775203
0.154247787610619 210.995139729316
0.154513274336283 210.908394419432
0.154778761061946 210.819708345463
0.15504424778761 210.729087132703
0.155309734513274 210.636536531538
0.155575221238937 210.542062417151
0.155840707964601 210.445670789215
0.156106194690265 210.347367771574
0.156371681415928 210.247159611924
0.156637168141592 210.145052681478
0.156902654867256 210.041053474622
0.15716814159292 209.93516860857
0.157433628318583 209.827404823
0.157699115044247 209.717768979688
0.157964601769911 209.606268062131
0.158230088495574 209.492909175165
0.158495575221238 209.377699544566
0.158761061946902 209.260646516652
0.159026548672566 209.14175755787
0.159292035398229 209.021040254377
0.159557522123893 208.898502311612
0.159823008849557 208.77415155386
0.16008849557522 208.647995923806
0.160353982300884 208.520043482083
0.160619469026548 208.390302406809
0.160884955752211 208.258780993116
0.161150442477875 208.125487652675
0.161415929203539 207.990430913204
0.161681415929203 207.853619417978
0.161946902654866 207.715061925322
0.16221238938053 207.5747673081
0.162477876106194 207.432744553195
0.162743362831857 207.289002760985
0.163008849557521 207.143551144798
0.163274336283185 206.996399030376
0.163539823008849 206.847555855321
0.163805309734512 206.697031168529
0.164070796460176 206.544834629631
0.16433628318584 206.390976008407
0.164601769911503 206.23546518421
0.164867256637167 206.078312145368
0.165132743362831 205.919526988586
0.165398230088494 205.759119918341
0.165663716814158 205.597101246262
0.165929203539822 205.43348139051
0.166194690265486 205.268270875143
0.166460176991149 205.101480329485
0.166725663716813 204.93312048747
0.166991150442477 204.763202186999
0.16725663716814 204.591736369267
0.167522123893804 204.418734078106
0.167787610619468 204.244206459299
0.168053097345131 204.068164759905
0.168318584070795 203.89062032756
0.168584070796459 203.711584609785
0.168849557522123 203.531069153279
0.169115044247786 203.349085603203
0.16938053097345 203.165645702467
0.169646017699114 202.980761290997
0.169911504424777 202.794444305004
0.170176991150441 202.606706776241
0.170442477876105 202.417560831259
0.170707964601769 202.227018690648
0.170973451327432 202.03509266828
0.171238938053096 201.841795170534
0.17150442477876 201.647138695528
0.171769911504423 201.451135832332
0.172035398230087 201.253799260182
0.172300884955751 201.055141747682
0.172566371681414 200.855176152008
0.172831858407078 200.653915418093
0.173097345132742 200.451372577817
0.173362831858406 200.247560749184
0.173628318584069 200.042493135496
0.173893805309733 199.836183024519
0.174159292035397 199.62864378764
0.17442477876106 199.419888879026
0.174690265486724 199.20993183477
0.174955752212388 198.998786272032
0.175221238938052 198.786465888174
0.175486725663715 198.572984459893
0.175752212389379 198.358355842342
0.176017699115043 198.142593968252
0.176283185840706 197.925712847039
0.17654867256637 197.707726563915
0.176814159292034 197.48864927899
0.177079646017697 197.268495226361
0.177345132743361 197.047278713212
0.177610619469025 196.825014118889
0.177876106194689 196.601715893985
0.178141592920352 196.377398559414
0.178407079646016 196.152076705474
0.17867256637168 195.925764990919
0.178938053097343 195.698478142008
0.179203539823007 195.470230951566
0.179469026548671 195.241038278029
0.179734513274335 195.010915044486
0.179999999999998 194.779876237718
0.180265486725662 194.547936907234
0.180530973451326 194.315112164298
0.180796460176989 194.08141718095
0.181061946902653 193.846867189032
0.181327433628317 193.611477479199
0.18159292035398 193.375263399927
0.181858407079644 193.138240356526
0.182123893805308 192.900423810135
0.182389380530972 192.661829276722
0.182654867256635 192.422472326079
0.182920353982299 192.182368580806
0.183185840707963 191.941533715304
0.183451327433626 191.699983454746
0.18371681415929 191.457733574062
0.183982300884954 191.214799896909
0.184247787610617 190.97119829464
0.184513274336281 190.72694468527
0.184778761061945 190.482055032439
0.185044247787609 190.23654534437
0.185309734513272 189.990431672821
0.185575221238936 189.74373011204
0.1858407079646 189.496456797714
0.186106194690263 189.248627905907
0.186371681415927 189.00025965201
0.186637168141591 188.751368289674
0.186902654867255 188.501970109746
0.187168141592918 188.252081439203
0.187433628318582 188.001718640079
0.187699115044246 187.750898108394
0.187964601769909 187.499636273075
0.188230088495573 187.247949594879
0.188495575221237 186.995854565311
0.1887610619469 186.743367705539
0.189026548672564 186.490505565306
0.189292035398228 186.237284721844
0.189557522123892 185.983721778781
0.189823008849555 185.729833365047
0.190088495575219 185.475636133777
0.190353982300883 185.221146761215
0.190619469026546 184.966381945612
0.19088495575221 184.711358406125
0.191150442477874 184.456092881714
0.191415929203538 184.200602130033
0.191681415929201 183.944902926324
0.191946902654865 183.689012062311
0.192212389380529 183.432946345083
0.192477876106192 183.176722595987
0.192743362831856 182.920357649512
0.19300884955752 182.663868352173
0.193274336283183 182.407271561397
0.193539823008847 182.150584144403
0.193805309734511 181.893822977086
0.194070796460175 181.637004942893
0.194336283185838 181.380146931708
0.194601769911502 181.123265838726
0.194867256637166 180.86637856333
0.195132743362829 180.609502007972
0.195398230088493 180.352653077046
0.195663716814157 180.095848675766
0.195929203539821 179.839105709035
0.196194690265484 179.58244108033
0.196460176991148 179.325871690565
0.196725663716812 179.069414436974
0.196991150442475 178.813086211979
0.197256637168139 178.556903902068
0.197522123893803 178.300884386665
0.197787610619466 178.045044537006
0.19805309734513 177.789401215011
0.198318584070794 177.533971272161
0.198584070796458 177.278771548369
0.198849557522121 177.023818870858
0.199115044247785 176.769130053031
0.199380530973449 176.514721893354
0.199646017699112 176.260611174223
0.199911504424776 176.006814660851
0.20017699115044 175.753349100136
0.200442477876104 175.500231219548
0.200707964601767 175.247477726
0.200973451327431 174.995105304736
0.201238938053095 174.743130618206
0.201504424778758 174.491570304953
0.201769911504422 174.240440978494
0.202035398230086 173.989759226208
0.202300884955749 173.739541608217
0.202566371681413 173.489804656279
0.202831858407077 173.240564872675
0.203097345132741 172.991838729101
0.203362831858404 172.743642665559
0.203628318584068 172.495993089252
0.203893805309732 172.248906373481
0.204159292035395 172.002398856542
0.204424778761059 171.756486840626
0.204690265486723 171.511186590723
0.204955752212386 171.266514333523
0.20522123893805 171.022486256326
0.205486725663714 170.779118505947
0.205752212389378 170.536427187632
0.206017699115041 170.294428363965
0.206283185840705 170.053138053792
0.206548672566369 169.812572231132
0.206814159292032 169.572746824103
0.207079646017696 169.333677713845
0.20734513274336 169.095380733447
0.207610619469024 168.857871666877
0.207876106194687 168.621166247912
0.208141592920351 168.385280159079
0.208407079646015 168.15022903059
0.208672566371678 167.916028439284
0.208938053097342 167.682693907575
0.209203539823006 167.450240902401
0.209469026548669 167.21868483417
0.209734513274333 166.988041055724
0.209999999999997 166.758324861294
0.210265486725661 166.529551485461
0.210530973451324 166.301736102126
0.210796460176988 166.07489382348
0.211061946902652 165.849039698977
0.211327433628315 165.62418871431
0.211592920353979 165.400355790398
0.211858407079643 165.177555782369
0.212123893805307 164.955803478551
0.21238938053097 164.735113599465
0.212654867256634 164.515500796828
0.212920353982298 164.29697965255
0.213185840707961 164.079564677749
0.213451327433625 163.863270311755
0.213716814159289 163.648110921134
0.213982300884952 163.434100798703
0.214247787610616 163.221254162561
0.21451327433628 163.009585155117
0.214778761061944 162.799107842126
0.215044247787607 162.589836211729
0.215309734513271 162.3817841735
0.215575221238935 162.174965557495
0.215840707964598 161.969394113309
0.216106194690262 161.765083509135
0.216371681415926 161.56204733083
0.21663716814159 161.360299080989
0.216902654867253 161.159852178019
0.217168141592917 160.960719955222
0.217433628318581 160.762915659883
0.217699115044244 160.56645245236
0.217964601769908 160.37134340519
0.218230088495572 160.177601502186
0.218495575221235 159.98523963755
0.218761061946899 159.794270614992
0.219026548672563 159.604707146847
0.219292035398227 159.416561853205
0.21955752212389 159.229847261048
0.219823008849554 159.044575803383
0.220088495575218 158.860759818395
0.220353982300881 158.678411548596
0.220619469026545 158.497543139985
0.220884955752209 158.318166641209
0.221150442477872 158.14029400274
0.221415929203536 157.963937076049
0.2216814159292 157.789107612791
0.221946902654864 157.615817263995
0.222212389380527 157.444077579263
0.222477876106191 157.273900005972
0.222743362831855 157.105295888487
0.223008849557518 156.938276467375
0.223274336283182 156.772852878633
0.223539823008846 156.609036152917
0.22380530973451 156.446837214781
0.224070796460173 156.286266881921
0.224336283185837 156.127335864427
0.224601769911501 155.970054764046
0.224867256637164 155.814434073442
0.225132743362828 155.660484175477
0.225398230088492 155.508215342483
0.225663716814155 155.35763773556
0.225929203539819 155.208761403864
0.226194690265483 155.061596283913
0.226460176991147 154.916152198898
0.22672566371681 154.772438857998
0.226991150442474 154.630465855709
0.227256637168138 154.490242671175
0.227522123893801 154.351778667531
0.227787610619465 154.215083091247
0.228053097345129 154.080165071488
0.228318584070793 153.947033619478
0.228584070796456 153.815697627869
0.22884955752212 153.686165870125
0.229115044247784 153.558446999905
0.229380530973447 153.432549550462
0.229646017699111 153.308481934045
0.229911504424775 153.186252441313
0.230176991150438 153.065869240749
0.230442477876102 152.947340378098
0.230707964601766 152.830673775792
0.23097345132743 152.715877232404
0.231238938053093 152.602958422094
0.231504424778757 152.491924894073
0.231769911504421 152.382784072072
0.232035398230084 152.275543253819
0.232300884955748 152.170209610528
0.232566371681412 152.06679018639
0.232831858407076 151.965291898076
0.233097345132739 151.865721534253
0.233362831858403 151.7680857551
0.233628318584067 151.67239109184
0.23389380530973 151.578643946274
0.234159292035394 151.486850590331
0.234424778761058 151.39701716562
0.234690265486721 151.309149682995
0.234955752212385 151.223254022128
0.235221238938049 151.13933593109
0.235486725663713 151.057401025938
0.235752212389376 150.97745479032
0.23601769911504 150.899502575076
0.236283185840704 150.823549597862
0.236548672566367 150.749600942769
0.236814159292031 150.677661559963
0.237079646017695 150.607736265326
0.237345132743359 150.539829740108
0.237610619469022 150.473946530591
0.237876106194686 150.410091047762
0.23814159292035 150.348267566985
0.238407079646013 150.288480227701
0.238672566371677 150.230733033118
0.238938053097341 150.175029849922
0.239203539823004 150.121374407993
0.239469026548668 150.069770300133
0.239734513274332 150.020220981798
0.239999999999996 149.972729770846
0.240265486725659 149.927299847287
0.240530973451323 149.88393425305
0.240796460176987 149.842635891754
0.24106194690265 149.803407528487
0.241327433628314 149.766251789604
0.241592920353978 149.731171162521
0.241858407079641 149.698167995526
0.242123893805305 149.667244497605
0.242389380530969 149.63840273826
0.242654867256633 149.611644647357
0.242920353982296 149.586972014968
0.24318584070796 149.564386491232
0.243451327433624 149.543889586217
0.243716814159287 149.525482669802
0.243982300884951 149.509166971558
0.244247787610615 149.494943580644
0.244513274336279 149.482813445716
0.244778761061942 149.472777374835
0.245044247787606 149.464836035395
0.24530973451327 149.458989954055
0.245575221238933 149.455239516683
0.245840707964597 149.453584968305
0.246106194690261 149.454026413073
0.246371681415924 149.456563814231
0.246637168141588 149.4611969941
0.246902654867252 149.467925634066
0.247168141592916 149.476749274583
0.247433628318579 149.487667315181
0.247699115044243 149.500679014486
0.247964601769907 149.515783490249
0.24823008849557 149.532979719386
0.248495575221234 149.552266538024
0.248761061946898 149.573642641563
0.249026548672562 149.597106584738
0.249292035398225 149.622656781699
0.249557522123889 149.650291506098
0.249823008849553 149.680008891185
0.250088495575216 149.711806929913
0.25035398230088 149.745683475054
0.250619469026544 149.781636239323
0.250884955752208 149.819662795513
0.251150442477871 149.859760576641
0.251415929203535 149.901926876096
0.251681415929199 149.94615884781
0.251946902654862 149.992453506424
0.252212389380526 150.040807727472
0.25247787610619 150.091218247573
0.252743362831854 150.143681664635
0.253008849557517 150.198194438058
0.253274336283181 150.254752888963
0.253539823008845 150.313353200414
0.253805309734509 150.373991417662
0.254070796460172 150.436663448392
0.254336283185836 150.501365062978
0.2546017699115 150.568091894754
0.254867256637164 150.636839440289
0.255132743362827 150.707603059672
0.255398230088491 150.780377976807
0.255663716814155 150.855159279723
0.255929203539818 150.931941920878
0.256194690265482 151.010720717491
0.256460176991146 151.091490351869
0.25672566371681 151.174245371754
0.256991150442473 151.258980190667
0.257256637168137 151.345689088273
0.257522123893801 151.434366210749
0.257787610619465 151.525005571162
0.258053097345128 151.617601049857
0.258318584070792 151.712146394855
0.258584070796456 151.808635222254
0.25884955752212 151.907061016651
0.259115044247783 152.007417131557
0.259380530973447 152.10969678984
0.259646017699111 152.213893084158
0.259911504424774 152.319998977414
0.260176991150438 152.428007303216
0.260442477876102 152.537910766341
0.260707964601766 152.649701943221
0.260973451327429 152.76337328242
0.261238938053093 152.878917105133
0.261504424778757 152.996325605693
0.261769911504421 153.115590852077
0.262035398230084 153.236704786431
0.262300884955748 153.359659225602
0.262566371681412 153.484445861671
0.262831858407076 153.611056262503
0.263097345132739 153.739481872303
0.263362831858403 153.869714012181
0.263628318584067 154.001743880722
0.26389380530973 154.135562554567
0.264159292035394 154.271160989006
0.264424778761058 154.408530018573
0.264690265486722 154.547660357651
0.264955752212385 154.688542601092
0.265221238938049 154.831167224833
0.265486725663713 154.975524586529
0.265752212389377 155.121604926197
0.26601769911504 155.269398366854
0.266283185840704 155.418894915182
0.266548672566368 155.570084462184
0.266814159292032 155.722956783859
0.267079646017695 155.877501541879
0.267345132743359 156.033708284279
0.267610619469023 156.191566446148
0.267876106194686 156.351065350338
0.26814159292035 156.512194208167
0.268407079646014 156.674942120143
0.268672566371678 156.839298076687
0.268938053097341 157.005250958868
0.269203539823005 157.172789539144
0.269469026548669 157.341902482111
0.269734513274333 157.512578345256
0.269999999999996 157.684805579726
0.27026548672566 157.858572531094
0.270530973451324 158.033867440141
0.270796460176987 158.210678443637
0.271061946902651 158.38899357514
0.271327433628315 158.568800765789
0.271592920353979 158.750087845117
0.271858407079642 158.932842541861
0.272123893805306 159.117052484785
0.27238938053097 159.302705203507
0.272654867256634 159.489788129336
0.272920353982297 159.67828859611
0.273185840707961 159.868193841046
0.273451327433625 160.059491005599
0.273716814159289 160.252167136317
0.273982300884952 160.446209185716
0.274247787610616 160.64160401315
0.27451327433628 160.838338385695
0.274778761061943 161.036398979037
0.275044247787607 161.235772378366
0.275309734513271 161.436445079276
0.275575221238935 161.638403488672
0.275840707964598 161.841633925682
0.276106194690262 162.046122622581
0.276371681415926 162.251855725709
0.27663716814159 162.458819296407
0.276902654867253 162.666999311953
0.277168141592917 162.876381666506
0.277433628318581 163.086952172052
0.277699115044245 163.298696559361
0.277964601769908 163.511600478946
0.278230088495572 163.725649502032
0.278495575221236 163.940829121521
0.278761061946899 164.157124752975
0.279026548672563 164.374521735596
0.279292035398227 164.593005333214
0.279557522123891 164.812560735278
0.279823008849554 165.033173057856
0.280088495575218 165.254827344641
0.280353982300882 165.477508567954
0.280619469026546 165.701201629759
0.280884955752209 165.925891362685
0.281150442477873 166.151562531044
0.281415929203537 166.378199831864
0.281681415929201 166.605787895918
0.281946902654864 166.834311288761
0.282212389380528 167.063754511778
0.282477876106192 167.294102003222
0.282743362831855 167.525338139272
0.283008849557519 167.757447235085
0.283274336283183 167.990413545857
0.283539823008847 168.224221267885
0.28380530973451 168.458854539638
0.284070796460174 168.694297442826
0.284336283185838 168.930534003481
0.284601769911502 169.16754819303
0.284867256637165 169.405323929387
0.285132743362829 169.643845078035
0.285398230088493 169.883095453119
0.285663716814157 170.123058818543
0.28592920353982 170.363718889068
0.286194690265484 170.605059331413
0.286460176991148 170.847063765362
0.286725663716811 171.089715764873
0.286991150442475 171.332998859189
0.287256637168139 171.576896533956
0.287522123893803 171.82139223234
0.287787610619466 172.06646935615
0.28805309734513 172.312111266959
0.288318584070794 172.558301287237
0.288584070796458 172.805022701479
0.288849557522121 173.052258757337
0.289115044247785 173.299992666756
0.289380530973449 173.548207607116
0.289646017699113 173.796886722368
0.289911504424776 174.04601312418
0.29017699115044 174.295569893083
0.290442477876104 174.545540079617
0.290707964601767 174.795906705484
0.290973451327431 175.046652764699
0.291238938053095 175.297761224741
0.291504424778759 175.549215027716
0.291769911504422 175.80099709151
0.292035398230086 176.05309031095
0.29230088495575 176.305477558968
0.292566371681414 176.558141687761
0.292831858407077 176.811065529958
0.293097345132741 177.064231899786
0.293362831858405 177.317623594239
0.293628318584069 177.571223394243
0.293893805309732 177.825014065831
0.294159292035396 178.078978361314
0.29442477876106 178.33309902045
0.294690265486723 178.58735877162
0.294955752212387 178.841740333004
0.295221238938051 179.096226413755
0.295486725663715 179.350799715173
0.295752212389378 179.605442931885
0.296017699115042 179.860138753022
0.296283185840706 180.114869863396
0.29654867256637 180.369618944676
0.296814159292033 180.624368676574
0.297079646017697 180.879101738015
0.297345132743361 181.133800808322
0.297610619469025 181.388448568396
0.297876106194688 181.643027701889
0.298141592920352 181.897520896391
0.298407079646016 182.151910844605
0.298672566371679 182.406180245525
0.298938053097343 182.660311805619
0.299203539823007 182.914288240003
0.299469026548671 183.16809227362
0.299734513274334 183.42170664242
0.300088495575219 183.556791079032
0.300442477876104 183.641149179718
0.300796460176989 183.725407947933
0.301150442477874 183.809567617332
0.301504424778759 183.893628420747
0.301858407079644 183.977590590188
0.302212389380529 184.061454356853
0.302566371681414 184.145219951125
0.302920353982299 184.228887602579
0.303274336283184 184.312457539989
0.303628318584069 184.395929991323
0.303982300884954 184.479305183758
0.304336283185839 184.562583343672
0.304690265486724 184.645764696659
0.305044247787609 184.728849467523
0.305398230088494 184.811837880288
0.305752212389379 184.894730158199
0.306106194690264 184.977526523726
0.306460176991149 185.060227198568
0.306814159292034 185.142832403655
0.307168141592918 185.225342359154
0.307522123893803 185.307757284472
0.307876106194688 185.390077398256
0.308230088495573 185.472302918402
0.308584070796458 185.554434062053
0.308938053097343 185.63647104561
0.309292035398228 185.718414084724
0.309646017699113 185.800263394311
0.309999999999998 185.882019188549
0.310353982300883 185.963681680882
0.310707964601768 186.045251084025
0.311061946902653 186.126727609965
0.311415929203538 186.208111469966
0.311769911504423 186.289402874575
0.312123893805308 186.370602033618
0.312477876106193 186.45170915621
0.312831858407078 186.532724450755
0.313185840707963 186.613648124949
0.313539823008848 186.694480385787
0.313893805309733 186.775221439561
0.314247787610618 186.855871491865
0.314601769911503 186.9364307476
0.314955752212388 187.016899410975
0.315309734513273 187.097277685512
0.315663716814158 187.177565774047
0.316017699115042 187.257763878734
0.316371681415927 187.337872201047
0.316725663716812 187.417890941787
0.317079646017697 187.49782030108
0.317433628318582 187.577660478382
0.317787610619467 187.657411672482
0.318141592920352 187.737074081507
0.318495575221237 187.816647902921
0.318849557522122 187.896133333531
0.319203539823007 187.975530569489
0.319557522123892 188.054839806293
0.319911504424777 188.134061238794
0.320265486725662 188.213195061196
0.320619469026547 188.292241467058
0.320973451327432 188.3712006493
0.321327433628317 188.450072800202
0.321681415929202 188.528858111412
0.322035398230087 188.607556773944
0.322389380530972 188.686168978181
0.322743362831857 188.76469491388
0.323097345132742 188.843134770177
0.323451327433627 188.921488735583
0.323805309734512 188.999756997991
0.324159292035397 189.077939744679
0.324513274336281 189.156037162312
0.324867256637166 189.234049436945
0.325221238938051 189.311976754022
0.325575221238936 189.389819298386
0.325929203539821 189.467577254275
0.326283185840706 189.545250805327
0.326637168141591 189.622840134583
0.326991150442476 189.70034542449
0.327345132743361 189.777766856901
0.327699115044246 189.855104613083
0.328053097345131 189.93235887371
0.328407079646016 190.009529818878
0.328761061946901 190.086617628096
0.329115044247786 190.163622480295
0.329469026548671 190.240544553831
0.329823008849556 190.317384026482
0.330176991150441 190.394141075457
0.330530973451326 190.470815877393
0.330884955752211 190.54740860836
0.331238938053096 190.623919443866
0.331592920353981 190.700348558853
0.331946902654866 190.776696127705
0.332300884955751 190.852962324248
0.332654867256636 190.929147321753
0.33300884955752 191.005251292938
0.333362831858405 191.08127440997
0.33371681415929 191.157216844469
0.334070796460175 191.233078767508
0.33442477876106 191.308860349617
0.334778761061945 191.384561760785
0.33513274336283 191.460183170461
0.335486725663715 191.53572474756
0.3358407079646 191.611186660459
0.336194690265485 191.686569077005
0.33654867256637 191.761872164515
0.336902654867255 191.837096089779
0.33725663716814 191.912241019058
0.337610619469025 191.987307118095
0.33796460176991 192.062294552107
0.338318584070795 192.137203485796
0.33867256637168 192.212034083346
0.339026548672565 192.286786508424
0.33938053097345 192.361460924189
0.339734513274335 192.436057493286
0.34008849557522 192.510576377854
0.340442477876105 192.585017739526
0.34079646017699 192.659381739428
0.341150442477875 192.733668538189
0.341504424778759 192.807878295935
0.341858407079644 192.882011172295
0.342212389380529 192.956067326403
0.342566371681414 193.030046916898
0.342920353982299 193.103950101929
0.343274336283184 193.177777039156
0.343628318584069 193.251527885748
0.343982300884954 193.325202798393
0.344336283185839 193.398801933293
0.344690265486724 193.472325446169
0.345044247787609 193.545773492263
0.345398230088494 193.619146226338
0.345752212389379 193.692443802682
0.346106194690264 193.765666375112
0.346460176991149 193.838814096969
0.346814159292034 193.911887121126
0.347168141592919 193.984885599991
0.347522123893804 194.0578096855
0.347876106194689 194.130659529131
0.348230088495574 194.203435281897
0.348584070796459 194.276137094349
0.348938053097344 194.348765116584
0.349292035398229 194.421319498238
0.349646017699114 194.493800388495
0.349999999999998 194.566207936086
0.350353982300883 194.638542289289
0.350707964601768 194.710803595936
0.351061946902653 194.782992003407
0.351415929203538 194.855107658642
0.351769911504423 194.927150708132
0.352123893805308 194.99912129793
0.352477876106193 195.071019573646
0.352831858407078 195.142845680453
0.353185840707963 195.214599763086
0.353539823008848 195.286281965847
0.353893805309733 195.357892432603
0.354247787610618 195.429431306791
0.354601769911503 195.500898731416
0.354955752212388 195.572294849058
0.355309734513273 195.643619801867
0.355663716814158 195.714873731572
0.356017699115043 195.786056779477
0.356371681415928 195.857169086464
0.356725663716813 195.928210792998
0.357079646017698 195.999182039124
0.357433628318583 196.07008296447
0.357787610619468 196.140913708253
0.358141592920353 196.211674409273
0.358495575221237 196.28236520592
0.358849557522122 196.352986236175
0.359203539823007 196.423537637611
0.359557522123892 196.494019547393
0.359911504424777 196.564432102283
0.360265486725662 196.634775438637
0.360619469026547 196.705049692412
0.360973451327432 196.775254999163
0.361327433628317 196.845391494048
0.361681415929202 196.915459311826
0.362035398230087 196.985458586863
0.362389380530972 197.055389453128
0.362743362831857 197.125252044201
0.363097345132742 197.195046493268
0.363451327433627 197.264772933128
0.363805309734512 197.33443149619
0.364159292035397 197.40402231448
0.364513274336282 197.473545519635
0.364867256637167 197.543001242912
0.365221238938052 197.612389615184
0.365575221238937 197.681710766946
0.365929203539822 197.750964828311
0.366283185840707 197.820151929018
0.366637168141592 197.889272198427
0.366991150442476 197.958325765525
0.367345132743361 198.027312758927
0.367699115044246 198.096233306874
0.368053097345131 198.165087537238
0.368407079646016 198.233875577522
0.368761061946901 198.302597554862
0.369115044247786 198.371253596029
0.369469026548671 198.439843827426
0.369823008849556 198.508368375098
0.370176991150441 198.576827364723
0.370530973451326 198.645220921622
0.370884955752211 198.713549170756
0.371238938053096 198.781812236728
0.371592920353981 198.850010243786
0.371946902654866 198.918143315822
0.372300884955751 198.986211576375
0.372654867256636 199.05421514863
0.373008849557521 199.122154155424
0.373362831858406 199.190028719243
0.373716814159291 199.257838962224
0.374070796460176 199.325585006158
0.374424778761061 199.393266972492
0.374778761061946 199.460884982325
0.375132743362831 199.528439156416
0.375486725663715 199.595929615181
0.3758407079646 199.663356478697
0.376194690265485 199.730719866699
0.37654867256637 199.798019898588
0.376902654867255 199.865256693426
0.37725663716814 199.93243036994
0.377610619469025 199.999541046522
0.37796460176991 200.066588841234
0.378318584070795 200.133573871804
0.37867256637168 200.20049625563
0.379026548672565 200.267356109782
0.37938053097345 200.334153551001
0.379734513274335 200.400888695703
0.38008849557522 200.467561659976
0.380442477876105 200.534172559586
0.38079646017699 200.600721509976
0.381150442477875 200.667208626265
0.38150442477876 200.733634023254
0.381858407079645 200.799997815423
0.38221238938053 200.866300116934
0.382566371681415 200.932541041634
0.3829203539823 200.99872070305
0.383274336283185 201.064839214397
0.38362831858407 201.130896688578
0.383982300884954 201.19689323818
0.384336283185839 201.262828975481
0.384690265486724 201.328704012449
0.385044247787609 201.394518460741
0.385398230088494 201.460272431709
0.385752212389379 201.525966036397
0.386106194690264 201.591599385542
0.386460176991149 201.65717258958
0.386814159292034 201.72268575864
0.387168141592919 201.788139002551
0.387522123893804 201.85353243084
0.387876106194689 201.918866152736
0.388230088495574 201.984140277165
0.388584070796459 202.049354912759
0.388938053097344 202.114510167852
0.389292035398229 202.179606150482
0.389646017699114 202.244642968392
0.389999999999999 202.309620729032
0.390353982300884 202.374539539561
0.390707964601769 202.439399506845
0.391061946902654 202.504200737459
0.391415929203539 202.56894333769
0.391769911504424 202.633627413537
0.392123893805309 202.698253070711
0.392477876106194 202.762820414636
0.392831858407078 202.827329550454
0.393185840707963 202.891780583019
0.393539823008848 202.956173616905
0.393893805309733 203.020508756402
0.394247787610618 203.08478610552
0.394601769911503 203.149005767989
0.394955752212388 203.213167847259
0.395309734513273 203.277272446502
0.395663716814158 203.341319668615
0.396017699115043 203.405309616217
0.396371681415928 203.469242391653
0.396725663716813 203.533118096991
0.397079646017698 203.596936834031
0.397433628318583 203.660698704297
0.397787610619468 203.724403809043
0.398141592920353 203.788052249253
0.398495575221238 203.851644125641
0.398849557522123 203.915179538654
0.399203539823008 203.978658588471
0.399557522123893 204.042081375005
0.399911504424778 204.105447997901
0.400265486725663 204.168758556544
0.400619469026548 204.232013150052
0.400973451327433 204.295211877282
0.401327433628317 204.358354836829
0.401681415929202 204.421442127026
0.402035398230087 204.484473845948
0.402389380530972 204.54745009141
0.402743362831857 204.610370960969
0.403097345132742 204.673236551926
0.403451327433627 204.736046961323
0.403805309734512 204.79880228595
0.404159292035397 204.861502622341
0.404513274336282 204.924148066776
0.404867256637167 204.986738715284
0.405221238938052 205.049274663639
0.405575221238937 205.111756007369
0.405929203539822 205.174182841747
0.406283185840707 205.2365552618
0.406637168141592 205.298873362306
0.406991150442477 205.361137237795
0.407345132743362 205.423346982551
0.407699115044247 205.485502690612
0.408053097345132 205.547604455773
0.408407079646017 205.609652371581
0.408761061946902 205.671646531343
0.409115044247787 205.733587028124
0.409469026548672 205.795473954745
0.409823008849556 205.857307403788
0.410176991150441 205.919087467596
0.410530973451326 205.980814238272
0.410884955752211 206.04248780768
0.411238938053096 206.104108267447
0.411592920353981 206.165675708966
0.411946902654866 206.227190223392
0.412300884955751 206.288651901644
0.412654867256636 206.35006083441
0.413008849557521 206.411417112143
0.413362831858406 206.472720825062
0.413716814159291 206.533972063158
0.414070796460176 206.595170916188
0.414424778761061 206.65631747368
0.414778761061946 206.717411824934
0.415132743362831 206.778454059018
0.415486725663716 206.839444264776
0.415840707964601 206.900382530823
0.416194690265486 206.961268945548
0.416548672566371 207.022103597115
0.416902654867256 207.082886573463
0.417256637168141 207.143617962307
0.417610619469026 207.20429785114
0.417964601769911 207.26492632723
0.418318584070795 207.325503477627
0.41867256637168 207.386029389156
0.419026548672565 207.446504148426
0.41938053097345 207.506927841823
0.419734513274335 207.567300555518
0.42008849557522 207.627622375459
0.420442477876105 207.687893387382
0.42079646017699 207.748113676805
0.421150442477875 207.808283329027
0.42150442477876 207.868402429137
0.421858407079645 207.928471062007
0.42221238938053 207.988489312295
0.422566371681415 208.048457264447
0.4229203539823 208.108375002698
0.423274336283185 208.168242611069
0.42362831858407 208.228060173373
0.423982300884955 208.287827773211
0.42433628318584 208.347545493975
0.424690265486725 208.407213418849
0.42504424778761 208.46683163081
0.425398230088495 208.526400212626
0.42575221238938 208.585919246858
0.426106194690265 208.645388815863
0.42646017699115 208.704809001793
0.426814159292034 208.764179886593
0.427168141592919 208.823501552007
0.427522123893804 208.882774079575
0.427876106194689 208.941997550632
0.428230088495574 209.001172046316
0.428584070796459 209.06029764756
0.428938053097344 209.119374435098
0.429292035398229 209.178402489465
0.429646017699114 209.237381890994
0.429999999999999 209.296312719823
0.430353982300884 209.35519505589
0.430707964601769 209.414028978937
0.431061946902654 209.472814568508
0.431415929203539 209.531551903953
0.431769911504424 209.590241064425
0.432123893805309 209.648882128883
0.432477876106194 209.707475176093
0.432831858407079 209.766020284627
0.433185840707964 209.824517532864
0.433539823008849 209.882966998991
0.433893805309734 209.941368761003
0.434247787610619 209.999722896706
0.434601769911504 210.058029483714
0.434955752212389 210.116288599452
0.435309734513273 210.174500321157
0.435663716814158 210.232664725876
0.436017699115043 210.290781890469
0.436371681415928 210.34885189161
0.436725663716813 210.406874805784
0.437079646017698 210.464850709293
0.437433628318583 210.522779678251
0.437787610619468 210.58066178859
0.438141592920353 210.638497116054
0.438495575221238 210.696285736208
0.438849557522123 210.754027724432
0.439203539823008 210.811723155922
0.439557522123893 210.869372105695
0.439911504424778 210.926974648586
0.440265486725663 210.984530859248
0.440619469026548 211.042040812157
0.440973451327433 211.099504581605
0.441327433628318 211.15692224171
0.441681415929203 211.214293866409
0.442035398230088 211.271619529462
0.442389380530973 211.328899304452
0.442743362831858 211.386133264785
0.443097345132743 211.443321483691
0.443451327433628 211.500464034225
0.443805309734512 211.557560989266
0.444159292035397 211.614612421521
0.444513274336282 211.671618403522
0.444867256637167 211.728579007626
0.445221238938052 211.78549430602
0.445575221238937 211.842364370718
0.445929203539822 211.899189273561
0.446283185840707 211.955969086222
0.446637168141592 212.012703880201
0.446991150442477 212.069393726829
0.447345132743362 212.126038697267
0.447699115044247 212.182638862508
0.448053097345132 212.239194293376
0.448407079646017 212.295705060527
0.448761061946902 212.352171234452
0.449115044247787 212.408592885471
0.449469026548672 212.464970083742
0.449823008849557 212.521302899256
0.450176991150442 212.577591401836
0.450530973451327 212.633835661145
0.450884955752212 212.690035746679
0.451238938053097 212.74619172777
0.451592920353982 212.802303673589
0.451946902654867 212.858371653143
0.452300884955751 212.914395735277
0.452654867256636 212.970375988674
0.453008849557521 213.026312481858
0.453362831858406 213.082205283191
0.453716814159291 213.138054460873
0.454070796460176 213.193860082948
0.454424778761061 213.249622217299
0.454778761061946 213.30534093165
0.455132743362831 213.361016293568
0.455486725663716 213.416648370463
0.455840707964601 213.472237229586
0.456194690265486 213.527782938032
0.456548672566371 213.58328556274
0.456902654867256 213.638745170495
0.457256637168141 213.694161827925
0.457610619469026 213.749535601502
0.457964601769911 213.804866557548
0.458318584070796 213.860154762227
0.458672566371681 213.915400281552
0.459026548672566 213.970603181383
0.459380530973451 214.025763527427
0.459734513274336 214.08088138524
0.460088495575221 214.135956820227
0.460442477876106 214.190989897639
0.46079646017699 214.245980682581
0.461150442477875 214.300929240006
0.46150442477876 214.355835634716
0.461858407079645 214.410699931366
0.46221238938053 214.465522194462
0.462566371681415 214.520302488362
0.4629203539823 214.575040877274
0.463274336283185 214.629737425263
0.46362831858407 214.684392196243
0.463982300884955 214.739005253985
0.46433628318584 214.793576662111
0.464690265486725 214.848106484101
0.46504424778761 214.902594783287
0.465398230088495 214.957041622858
0.46575221238938 215.011447065858
0.466106194690265 215.065811175188
0.46646017699115 215.120134013606
0.466814159292035 215.174415643726
0.46716814159292 215.228656128021
0.467522123893805 215.282855528821
0.46787610619469 215.337013908315
0.468230088495575 215.39113132855
0.46858407079646 215.445207851434
0.468938053097345 215.499243538733
0.46929203539823 215.553238452074
0.469646017699114 215.607192652946
0.469999999999999 215.661106202696
0.470353982300884 215.714979162535
0.470707964601769 215.768811593534
0.471061946902654 215.822603556628
0.471415929203539 215.876355112614
0.471769911504424 215.930066322151
0.472123893805309 215.983737245763
0.472477876106194 216.037367943837
0.472831858407079 216.090958476626
0.473185840707964 216.144508904244
0.473539823008849 216.198019286675
0.473893805309734 216.251489683765
0.474247787610619 216.304920155227
0.474601769911504 216.358310760641
0.474955752212389 216.411661559453
0.475309734513274 216.464972610975
0.475663716814159 216.518243974389
0.476017699115044 216.571475708744
0.476371681415929 216.624667872955
0.476725663716814 216.67782052581
0.477079646017699 216.730933725963
0.477433628318584 216.784007531939
0.477787610619469 216.83704200213
0.478141592920353 216.890037194803
0.478495575221238 216.942993168092
0.478849557522123 216.995909980002
0.479203539823008 217.048787688413
0.479557522123893 217.101626351072
0.479911504424778 217.154426025602
0.480265486725663 217.207186769496
0.480619469026548 217.259908640121
0.480973451327433 217.312591694718
0.481327433628318 217.365235990401
0.481681415929203 217.417841584157
0.482035398230088 217.470408532848
0.482389380530973 217.522936893213
0.482743362831858 217.575426721862
0.483097345132743 217.627878075284
0.483451327433628 217.680291009843
0.483805309734513 217.732665581778
0.484159292035398 217.785001847206
0.484513274336283 217.837299862121
0.484867256637168 217.889559682392
0.485221238938053 217.941781363769
0.485575221238938 217.993964961877
0.485929203539823 218.046110532222
0.486283185840708 218.098218130188
0.486637168141592 218.150287811037
0.486991150442477 218.202319629911
0.487345132743362 218.254313641832
0.487699115044247 218.306269901702
0.488053097345132 218.358188464304
0.488407079646017 218.410069384301
0.488761061946902 218.461912716238
0.489115044247787 218.513718514541
0.489469026548672 218.565486833518
0.489823008849557 218.617217727359
0.490176991150442 218.668911250138
0.490530973451327 218.720567455809
0.490884955752212 218.772186398212
0.491238938053097 218.823768131069
0.491592920353982 218.875312707986
0.491946902654867 218.926820182455
0.492300884955752 218.978290607851
0.492654867256637 219.029724037433
0.493008849557522 219.081120524347
0.493362831858407 219.132480121623
0.493716814159292 219.18380288218
0.494070796460177 219.235088858819
0.494424778761062 219.286338104231
0.494778761061947 219.337550670991
0.495132743362831 219.388726611564
0.495486725663716 219.4398659783
0.495840707964601 219.490968823439
0.496194690265486 219.542035199108
0.496548672566371 219.593065157323
0.496902654867256 219.644058749987
0.497256637168141 219.695016028895
0.497610619469026 219.745937045729
0.497964601769911 219.796821852062
0.498318584070796 219.847670499357
0.498672566371681 219.898483038968
0.499026548672566 219.949259522137
0.499380530973451 220
