0.000132860938883968 -0 -0
0.000398582816651904 -0.0332640654807885 -0.0332640654807885
0.000664304694419841 -0.110867310256613 -0.110867310256613
0.000930026572187777 -0.232801310342931 -0.232801310342931
0.00119574844995571 -0.399055111607728 -0.399055111607728
0.00146147032772365 -0.609614250121524 -0.609614250121524
0.00172719220549159 -0.864460612467137 -0.864460612467137
0.00199291408325952 -1.163572402475 -1.163572402475
0.00225863596102746 -1.50692413052714 -1.50692413052714
0.00252435783879539 -1.89448661205972 -1.89448661205972
0.00279007971656333 -2.32622696627952 -2.32622696627952
0.00305580159433127 -2.802108618624 -2.802108618624
0.0033215234720992 -3.32209130236578 -3.32209130236578
0.00358724534986714 -3.88613106107262 -3.88613106107262
0.00385296722763507 -4.4941802524581 -4.4941802524581
0.00411868910540301 -5.14618755159035 -5.14618755159035
0.00438441098317095 -5.84209795378001 -5.84209795378001
0.00465013286093888 -6.58185278024917 -6.58185278024917
0.00491585473870682 -7.36538968080528 -7.36538968080528
0.00518157661647476 -8.19264263983106 -8.19264263983106
0.00544729849424269 -9.06354198066974 -9.06354198066974
0.00571302037201063 -9.9780143701175 -9.9780143701175
0.00597874224977857 -10.9359828254828 -10.9359828254828
0.0062444641275465 -11.9373667188648 -11.9373667188648
0.00651018600531444 -12.9820817839989 -12.9820817839989
0.00677590788308237 -14.0700401224603 -14.0700401224603
0.00704162976085031 -15.201150209547 -15.201150209547
0.00730735163861825 -16.3753169025154 -16.3753169025154
0.00757307351638618 -17.5924414462496 -17.5924414462496
0.00783879539415412 -18.8524214812835 -18.8524214812835
0.00810451727192206 -20.1551510519291 -20.1551510519291
0.00837023914968999 -21.5005206129088 -21.5005206129088
0.00863596102745793 -22.8884170391955 -22.8884170391955
0.00890168290522587 -24.3187236327508 -24.3187236327508
0.0091674047829938 -25.7913201329006 -25.7913201329006
0.00943312666076174 -27.3060827239291 -27.3060827239291
0.00969884853852968 -28.8628840455609 -28.8628840455609
0.00996457041629761 -30.4615932016246 -30.4615932016246
0.0102302922940655 -32.1020757695729 -32.1020757695729
0.0104960141718335 -33.7841938119265 -33.7841938119265
0.0107617360496014 -35.5078058852594 -35.5078058852594
0.0110274579273694 -37.2727670513227 -37.2727670513227
0.0112931798051373 -39.0789288877404 -39.0789288877404
0.0115589016829052 -40.9261394992403 -40.9261394992403
0.0118246235606732 -42.8142435289918 -42.8142435289918
0.0120903454384411 -44.7430821700511 -44.7430821700511
0.012356067316209 -46.7124931775539 -46.7124931775539
0.012621789193977 -48.7223108806956 -48.7223108806956
0.0128875110717449 -50.7723661948173 -50.7723661948173
0.0131532329495129 -52.8624866344556 -52.8624866344556
0.0134189548272808 -54.9924963259633 -54.9924963259633
0.0136846767050487 -57.1622160215217 -57.1622160215217
0.0139503985828167 -59.3714631109058 -59.3714631109058
0.0142161204605846 -61.62005163678 -61.62005163678
0.0144818423383525 -63.9077923074262 -63.9077923074262
0.0147475642161205 -66.2344925116113 -66.2344925116113
0.0150132860938884 -68.599956332813 -68.599956332813
0.0152790079716563 -71.0039845639802 -71.0039845639802
0.0155447298494243 -73.4463747219728 -73.4463747219728
0.0158104517271922 -75.9269210631779 -75.9269210631779
0.0160761736049602 -78.4454145988049 -78.4454145988049
0.0163418954827281 -81.0016431103952 -81.0016431103952
0.016607617360496 -83.5953911657588 -83.5953911657588
0.016873339238264 -86.2264401353395 -86.2264401353395
0.0171390611160319 -88.8945682082591 -88.8945682082591
0.0174047829937998 -91.5995504086819 -91.5995504086819
0.0176705048715678 -94.3411586135705 -94.3411586135705
0.0179362267493357 -97.1191615685159 -97.1191615685159
0.0182019486271036 -99.9333249063484 -99.9333249063484
0.0184676705048716 -102.783411163717 -102.783411163717
0.0187333923826395 -105.669179799056 -105.669179799056
0.0189991142604074 -108.590387211203 -108.590387211203
0.0192648361381754 -111.54678675629 -111.54678675629
0.0195305580159433 -114.538128767858 -114.538128767858
0.0197962798937112 -117.564160574395 -117.564160574395
0.0200620017714792 -120.624626518805 -120.624626518805
0.0203277236492471 -123.719267977127 -123.719267977127
0.020593445527015 -126.847823378318 -126.847823378318
0.020859167404783 -130.010028223512 -130.010028223512
0.0211248892825509 -133.205615106336 -133.205615106336
0.0213906111603188 -136.434313731849 -136.434313731849
0.0216563330380868 -139.695850938141 -139.695850938141
0.0219220549158547 -142.989950715805 -142.989950715805
0.0221877767936226 -146.316334229541 -146.316334229541
0.0224534986713906 -149.674719837623 -149.674719837623
0.0227192205491585 -153.064823114466 -153.064823114466
0.0229849424269265 -156.48635687138 -156.48635687138
0.0232506643046944 -159.93903117721 -159.93903117721
0.0235163861824623 -163.422553381868 -163.422553381868
0.0237821080602303 -166.936628136658 -166.936628136658
0.0240478299379982 -170.480957417374 -170.480957417374
0.0243135518157661 -174.055240545914 -174.055240545914
0.0245792736935341 -177.659174213481 -177.659174213481
0.024844995571302 -181.292452503054 -181.292452503054
0.0251107174490699 -184.954766912161 -184.954766912161
0.0253764393268379 -188.645806375992 -188.645806375992
0.0256421612046058 -192.365257291244 -192.365257291244
0.0259078830823737 -196.112803538801 -196.112803538801
0.0261736049601417 -199.888126508544 -199.888126508544
0.0264393268379096 -203.690905121927 -203.690905121927
0.0267050487156775 -207.520815857105 -207.520815857105
0.0269707705934455 -211.377532772897 -211.377532772897
0.0272364924712134 -215.260727532854 -215.260727532854
0.0275022143489813 -219.170069430387 -219.170069430387
0.0277679362267493 -223.105225413487 -223.105225413487
0.0280336581045172 -227.065860109313 -227.065860109313
0.0282993799822851 -231.051635850299 -231.051635850299
0.0285651018600531 -235.062212698218 -235.062212698218
0.028830823737821 -239.097248470706 -239.097248470706
0.0290965456155889 -243.156398766399 -243.156398766399
0.0293622674933569 -247.23931699114 -247.23931699114
0.0296279893711248 -251.345654383755 -251.345654383755
0.0298937112488928 -255.475060042257 -255.475060042257
0.0301594331266607 -259.627180950482 -259.627180950482
0.0304251550044286 -263.801662004289 -263.801662004289
0.0306908768821966 -267.998146038202 -267.998146038202
0.0309565987599645 -272.216273852676 -272.216273852676
0.0312223206377324 -276.455684240308 -276.455684240308
0.0314880425155004 -280.716014013857 -280.716014013857
0.0317537643932683 -284.996898032773 -284.996898032773
0.0320194862710362 -289.297969231327 -289.297969231327
0.0322852081488042 -293.618858645775 -293.618858645775
0.0325509300265721 -297.959195441854 -297.959195441854
0.0328166519043401 -302.318606943227 -302.318606943227
0.033082373782108 -306.696718659618 -306.696718659618
0.0333480956598759 -311.09315431387 -311.09315431387
0.0336138175376439 -315.50753587136 -315.50753587136
0.0338795394154118 -319.939483568237 -319.939483568237
0.0341452612931797 -324.388615939553 -324.388615939553
0.0344109831709477 -328.854549848034 -328.854549848034
0.0346767050487156 -333.336900513603 -333.336900513603
0.0349424269264836 -337.835281541399 -337.835281541399
0.0352081488042515 -342.349304951412 -342.349304951412
0.0354738706820194 -346.878581207786 -346.878581207786
0.0357395925597874 -351.422719247268 -351.422719247268
0.0360053144375553 -355.981326509912 -355.981326509912
0.0362710363153233 -360.554008967954 -360.554008967954
0.0365367581930912 -365.140371155118 -365.140371155118
0.0368024800708591 -369.740016197212 -369.740016197212
0.0370682019486271 -374.352545841857 -374.352545841857
0.037333923826395 -378.977560487584 -378.977560487584
0.0375996457041629 -383.614659215279 -383.614659215279
0.0378653675819309 -388.263439817598 -388.263439817598
0.0381310894596988 -392.92349882945 -392.92349882945
0.0383968113374668 -397.594431558051 -397.594431558051
0.0386625332152347 -402.275832114588 -402.275832114588
0.0389282550930026 -406.967293443418 -406.967293443418
0.0391939769707706 -411.668407353512 -411.668407353512
0.0394596988485385 -416.378764549582 -416.378764549582
0.0397254207263064 -421.097954661498 -421.097954661498
0.0399911426040744 -425.825566277546 -425.825566277546
0.0402568644818423 -430.561186973529 -430.561186973529
0.0405225863596103 -435.304403344208 -435.304403344208
0.0407883082373782 -440.05480103571 -440.05480103571
0.0410540301151461 -444.811964775484 -444.811964775484
0.0413197519929141 -449.57547840406 -449.57547840406
0.041585473870682 -454.344924907036 -454.344924907036
0.04185119574845 -459.119886446093 -459.119886446093
0.0421169176262179 -463.899944389908 -463.899944389908
0.0423826395039858 -468.68467934742 -468.68467934742
0.0426483613817538 -473.47367119831 -473.47367119831
0.0429140832595217 -478.266499124557 -478.266499124557
0.0431798051372896 -483.062741643597 -483.062741643597
0.0434455270150576 -487.861976639017 -487.861976639017
0.0437112488928255 -492.663781392325 -492.663781392325
0.0439769707705935 -497.467732616534 -497.467732616534
0.0442426926483614 -502.273406486434 -502.273406486434
0.0445084145261293 -507.080378671104 -507.080378671104
0.0447741364038973 -511.88822436718 -511.88822436718
0.0450398582816652 -516.696518329339 -516.696518329339
0.0453055801594332 -521.504834903562 -521.504834903562
0.0455713020372011 -526.312748059435 -526.312748059435
0.045837023914969 -531.119831421918 -531.119831421918
0.046102745792737 -535.925658303328 -535.925658303328
0.0463684676705049 -540.729801737134 -540.729801737134
0.0466341895482728 -545.531834509086 -545.531834509086
0.0468999114260408 -550.331329189516 -550.331329189516
0.0471656333038087 -555.127858166921 -555.127858166921
0.0474313551815767 -559.920993679095 -559.920993679095
0.0476970770593446 -564.710307846385 -564.710307846385
0.0479627989371125 -569.495372704215 -569.495372704215
0.0482285208148805 -574.275760235062 -574.275760235062
0.0484942426926484 -579.051042401081 -579.051042401081
0.0487599645704163 -583.820791177261 -583.820791177261
0.0490256864481843 -588.584578583196 -588.584578583196
0.0492914083259522 -593.341976715596 -593.341976715596
0.0495571302037202 -598.092557781769 -598.092557781769
0.0498228520814881 -602.835894131174 -602.835894131174
0.050088573959256 -607.571558287721 -607.571558287721
0.050354295837024 -612.299122983786 -612.299122983786
0.0506200177147919 -617.018161191338 -617.018161191338
0.0508857395925599 -621.728246154558 -621.728246154558
0.0511514614703278 -626.42895142332 -626.42895142332
0.0514171833480957 -631.119850884638 -631.119850884638
0.0516829052258637 -635.800518795288 -635.800518795288
0.0519486271036316 -640.470529815179 -640.470529815179
0.0522143489813995 -645.129459038371 -645.129459038371
0.0524800708591675 -649.776882026451 -649.776882026451
0.0527457927369354 -654.412374840936 -654.412374840936
0.0530115146147034 -659.035514074829 -659.035514074829
0.0532772364924713 -663.645876885565 -663.645876885565
0.0535429583702392 -668.243041027417 -668.243041027417
0.0538086802480072 -672.826584883261 -672.826584883261
0.0540744021257751 -677.39608749678 -677.39608749678
0.0543401240035431 -681.951128605611 -681.951128605611
0.054605845881311 -686.491288671942 -686.491288671942
0.0548715677590789 -691.016148915561 -691.016148915561
0.0551372896368469 -695.525291346161 -695.525291346161
0.0554030115146148 -700.018298794351 -700.018298794351
0.0556687333923827 -704.494754944074 -704.494754944074
0.0559344552701507 -708.954244365224 -708.954244365224
0.0562001771479186 -713.39635254381 -713.39635254381
0.0564658990256866 -717.820665915329 -717.820665915329
0.0567316209034545 -722.226771895783 -722.226771895783
0.0569973427812224 -726.614258912807 -726.614258912807
0.0572630646589904 -730.982716438608 -730.982716438608
0.0575287865367583 -735.331735020026 -735.331735020026
0.0577945084145262 -739.660906310941 -739.660906310941
0.0580602302922942 -743.969823102755 -743.969823102755
0.0583259521700621 -748.258079357123 -748.258079357123
0.0585916740478301 -752.525270235477 -752.525270235477
0.058857395925598 -756.770992131109 -756.770992131109
0.0591231178033659 -760.994842700514 -760.994842700514
0.0593888396811339 -765.196420893017 -765.196420893017
0.0596545615589018 -769.37532698329 -769.37532698329
0.0599202834366698 -773.531162601297 -773.531162601297
0.0601860053144377 -777.663530762569 -777.663530762569
0.0604517271922056 -781.772035899539 -781.772035899539
0.0607174490699736 -785.856283892351 -785.856283892351
0.0609831709477415 -789.915882098056 -789.915882098056
0.0612488928255094 -793.95043938174 -793.95043938174
0.0615146147032774 -797.95956614722 -797.95956614722
0.0617803365810453 -801.942874365604 -801.942874365604
0.0620460584588133 -805.899977606736 -805.899977606736
0.0623117803365812 -809.830491069039 -809.830491069039
0.0625775022143491 -813.734031607859 -813.734031607859
0.0628432240921171 -817.610217766911 -817.610217766911
0.063108945969885 -821.458669806625 -821.458669806625
0.0633746678476529 -825.279009734306 -825.279009734306
0.0636403897254209 -829.07086133291 -829.07086133291
0.0639061116031888 -832.833850190239 -832.833850190239
0.0641718334809568 -836.567603729005 -836.567603729005
0.0644375553587247 -840.271751234416 -840.271751234416
0.0647032772364926 -843.945923883491 -843.945923883491
0.0649689991142606 -847.589754774256 -847.589754774256
0.0652347209920285 -851.202878953556 -851.202878953556
0.0655004428697964 -854.784933446145 -854.784933446145
0.0657661647475644 -858.335557282393 -858.335557282393
0.0660318866253323 -861.85439152684 -861.85439152684
0.0662976085031003 -865.341079305583 -865.341079305583
0.0665633303808682 -868.795265835258 -868.795265835258
0.0668290522586361 -872.216598449566 -872.216598449566
0.0670947741364041 -875.604726627621 -875.604726627621
0.067360496014172 -878.959302021008 -878.959302021008
0.06762621789194 -882.279978481167 -882.279978481167
0.0678919397697079 -885.566412086452 -885.566412086452
0.0681576616474758 -888.818261169299 -888.818261169299
0.0684233835252438 -892.035186342647 -892.035186342647
0.0686891054030117 -895.216850527319 -895.216850527319
0.0689548272807796 -898.362918977371 -898.362918977371
0.0692205491585476 -901.473059307368 -901.473059307368
0.0694862710363155 -904.546941518052 -904.546941518052
0.0697519929140835 -907.584238022765 -907.584238022765
0.0700177147918514 -910.584623672795 -910.584623672795
0.0702834366696193 -913.547775783265 -913.547775783265
0.0705491585473873 -916.47337415901 -916.47337415901
0.0708148804251552 -919.361101118971 -919.361101118971
0.0710806023029232 -922.210641521758 -922.210641521758
0.0713463241806911 -925.021682791206 -925.021682791206
0.071612046058459 -927.793914939918 -927.793914939918
0.071877767936227 -930.527030595459 -930.527030595459
0.0721434898139949 -933.220725023146 -933.220725023146
0.0724092116917628 -935.874696151181 -935.874696151181
0.0726749335695308 -938.488644594503 -938.488644594503
0.0729406554472987 -941.062273678641 -941.062273678641
0.0732063773250667 -943.595289463246 -943.595289463246
0.0734720992028346 -946.087400765939 -946.087400765939
0.0737378210806025 -948.538319185207 -948.538319185207
0.0740035429583705 -950.947759123393 -950.947759123393
0.0742692648361384 -953.315437809805 -953.315437809805
0.0745349867139063 -955.641075323494 -955.641075323494
0.0748007085916743 -957.924394615399 -957.924394615399
0.0750664304694422 -960.165121531019 -960.165121531019
0.0753321523472102 -962.362984832341 -962.362984832341
0.0755978742249781 -964.517716219448 -964.517716219448
0.075863596102746 -966.629050352121 -966.629050352121
0.076129317980514 -968.696724871984 -968.696724871984
0.0763950398582819 -970.720480423037 -970.720480423037
0.0766607617360499 -972.700060673158 -972.700060673158
0.0769264836138178 -974.63521233453 -974.63521233453
0.0771922054915857 -976.525685184286 -976.525685184286
0.0774579273693537 -978.371232085151 -978.371232085151
0.0777236492471216 -980.171609005444 -980.171609005444
0.0779893711248895 -981.926575038866 -981.926575038866
0.0782550930026575 -983.635892424824 -983.635892424824
0.0785208148804254 -985.299326567039 -985.299326567039
0.0787865367581934 -986.916646053441 -986.916646053441
0.0790522586359613 -988.487622674891 -988.487622674891
0.0793179805137292 -990.012031444322 -990.012031444322
0.0795837023914972 -991.489650615032 -991.489650615032
0.0798494242692651 -992.920261699402 -992.920261699402
0.0801151461470331 -994.303649486434 -994.303649486434
0.080380868024801 -995.639602060369 -995.639602060369
0.0806465899025689 -996.92791081758 -996.92791081758
0.0809123117803369 -998.168370484758 -998.168370484758
0.0811780336581048 -999.360779135387 -999.360779135387
0.0814437555358727 -1000.50493820749 -1000.50493820749
0.0817094774136407 -1001.60065251969 -1001.60065251969
0.0819751992914086 -1002.64773028787 -1002.64773028787
0.0822409211691766 -1003.64598314146 -1003.64598314146
0.0825066430469445 -1004.59522613914 -1004.59522613914
0.0827723649247124 -1005.49527778511 -1005.49527778511
0.0830380868024804 -1006.34596004458 -1006.34596004458
0.0833038086802483 -1007.14709835834 -1007.14709835834
0.0835695305580162 -1007.89852165826 -1007.89852165826
0.0838352524357842 -1008.60006238184 -1008.60006238184
0.0841009743135521 -1009.25155648716 -1009.25155648716
0.0843666961913201 -1009.85284346641 -1009.85284346641
0.084632418069088 -1010.4037663607 -1010.4037663607
0.0848981399468559 -1010.90417177303 -1010.90417177303
0.0851638618246239 -1011.35390988262 -1011.35390988262
0.0854295837023918 -1011.75283445681 -1011.75283445681
0.0856953055801598 -1012.10080286574 -1012.10080286574
0.0859610274579277 -1012.3976760939 -1012.3976760939
0.0862267493356956 -1012.64331875298 -1012.64331875298
0.0864924712134636 -1012.83759909403 -1012.83759909403
0.0867581930912315 -1012.98038901916 -1012.98038901916
0.0870239149689994 -1013.07156409369 -1013.07156409369
0.0872896368467674 -1013.11100355732 -1013.11100355732
0.0875553587245353 -1013.09859033542 -1013.09859033542
0.0878210806023033 -1013.03421104956 -1013.03421104956
0.0880868024800712 -1012.91775602857 -1012.91775602857
0.0883525243578391 -1012.74911931848 -1012.74911931848
0.0886182462356071 -1012.52819869331 -1012.52819869331
0.088883968113375 -1012.25489566374 -1012.25489566374
0.0891496899911429 -1011.92911548834 -1011.92911548834
0.0894154118689109 -1011.55076718117 -1011.55076718117
0.0896811337466788 -1011.11976352182 -1011.11976352182
0.0899468556244468 -1010.63602106367 -1010.63602106367
0.0902125775022147 -1010.09946014285 -1010.09946014285
0.0904782993799826 -1009.51000488596 -1009.51000488596
0.0907440212577506 -1008.86758321849 -1008.86758321849
0.0910097431355185 -1008.17212687204 -1008.17212687204
0.0912754650132865 -1007.42357139218 -1007.42357139218
0.0915411868910544 -1006.62185614458 -1006.62185614458
0.0918069087688223 -1005.76692432344 -1005.76692432344
0.0920726306465903 -1004.85872295642 -1004.85872295642
0.0923383525243582 -1003.89720291257 -1003.89720291257
0.0926040744021261 -1002.88231890679 -1002.88231890679
0.0928697962798941 -1001.81402950638 -1001.81402950638
0.093135518157662 -1000.69229713638 -1000.69229713638
0.09340124003543 -999.517088084903 -999.517088084903
0.0936669619131979 -998.288372507663 -998.288372507663
0.0939326837909658 -997.006124433291 -997.006124433291
0.0941984056687338 -995.670321766449 -995.670321766449
0.0944641275465017 -994.280946293498 -994.280946293498
0.0947298494242697 -992.837983684958 -992.837983684958
0.0949955713020376 -991.341423499464 -991.341423499464
0.0952612931798055 -989.791259187085 -989.791259187085
0.0955270150575735 -988.187488092851 -988.187488092851
0.0957927369353414 -986.530111458143 -986.530111458143
0.0960584588131093 -984.819134424118 -984.819134424118
0.0963241806908773 -983.054566032779 -983.054566032779
0.0965899025686452 -981.236419230286 -981.236419230286
0.0968556244464132 -979.364710867069 -979.364710867069
0.0971213463241811 -977.439461700178 -977.439461700178
0.097387068201949 -975.460696393497 -975.460696393497
0.097652790079717 -973.428443518813 -973.428443518813
0.0979185119574849 -971.342735555712 -971.342735555712
0.0981842338352528 -969.203608892751 -969.203608892751
0.0984499557130208 -967.011103826286 -967.011103826286
0.0987156775907887 -964.765264560364 -964.765264560364
0.0989813994685567 -962.466139206504 -962.466139206504
0.0992471213463246 -960.113779781888 -960.113779781888
0.0995128432240925 -957.708242208388 -957.708242208388
0.0997785651018605 -955.249586311078 -955.249586311078
0.100044286979628 -952.737875816408 -952.737875816408
0.100310008857396 -950.173178350392 -950.173178350392
0.100575730735164 -947.555565435288 -947.555565435288
0.100841452612932 -944.885112487565 -944.885112487565
0.1011071744907 -942.161898815021 -942.161898815021
0.101372896368468 -939.386007612605 -939.386007612605
0.101638618246236 -936.55752596028 -936.55752596028
0.101904340124004 -933.676544818427 -933.676544818427
0.102170062001772 -930.743159023346 -930.743159023346
0.10243578387954 -927.75746728352 -927.75746728352
0.102701505757308 -924.719572174474 -924.719572174474
0.102967227635076 -921.629580134609 -921.629580134609
0.103232949512844 -918.487601458887 -918.487601458887
0.103498671390612 -915.293750294021 -915.293750294021
0.10376439326838 -912.04814463259 -912.04814463259
0.104030115146147 -908.750906306838 -908.750906306838
0.104295837023915 -905.402160982252 -905.402160982252
0.104561558901683 -902.002038150936 -902.002038150936
0.104827280779451 -898.55067112508 -898.55067112508
0.105093002657219 -895.04819702948 -895.04819702948
0.105358724534987 -891.494756793938 -891.494756793938
0.105624446412755 -887.890495145777 -887.890495145777
0.105890168290523 -884.235560601498 -884.235560601498
0.106155890168291 -880.530105458757 -880.530105458757
0.106421612046059 -876.774285787812 -876.774285787812
0.106687333923827 -872.968261422533 -872.968261422533
0.106953055801595 -869.11219595142 -869.11219595142
0.107218777679363 -865.206256708083 -865.206256708083
0.107484499557131 -861.25061476119 -861.25061476119
0.107750221434899 -857.24544490537 -857.24544490537
0.108015943312667 -853.190925650524 -853.190925650524
0.108281665190435 -849.087239211336 -849.087239211336
0.108547387068202 -844.934571496476 -844.934571496476
0.10881310894597 -840.733112097685 -840.733112097685
0.109078830823738 -836.48305427812 -836.48305427812
0.109344552701506 -832.184594961549 -832.184594961549
0.109610274579274 -827.837934719623 -827.837934719623
0.109875996457042 -823.443277760861 -823.443277760861
0.11014171833481 -819.000831917062 -819.000831917062
0.110407440212578 -814.510808631222 -814.510808631222
0.110673162090346 -809.973422944913 -809.973422944913
0.110938883968114 -805.388893484587 -805.388893484587
0.111204605845882 -800.757442448749 -800.757442448749
0.11147032772365 -796.079295593617 -796.079295593617
0.111736049601418 -791.354682219647 -791.354682219647
0.112001771479186 -786.583835157203 -786.583835157203
0.112267493356954 -781.766990751793 -781.766990751793
0.112533215234722 -776.904388849525 -776.904388849525
0.112798937112489 -771.99627278288 -771.99627278288
0.113064658990257 -767.042889353918 -767.042889353918
0.113330380868025 -762.044488820376 -762.044488820376
0.113596102745793 -757.001324878125 -757.001324878125
0.113861824623561 -751.913654647478 -751.913654647478
0.114127546501329 -746.78173865458 -746.78173865458
0.114393268379097 -741.605840816757 -741.605840816757
0.114658990256865 -736.386228424648 -736.386228424648
0.114924712134633 -731.123172125309 -731.123172125309
0.115190434012401 -725.816945905634 -725.816945905634
0.115456155890169 -720.46782707385 -720.46782707385
0.115721877767937 -715.076096242833 -715.076096242833
0.115987599645705 -709.642037311279 -709.642037311279
0.116253321523473 -704.165937445951 -704.165937445951
0.116519043401241 -698.64808706275 -698.64808706275
0.116784765279009 -693.088779808633 -693.088779808633
0.117050487156776 -687.488312541937 -687.488312541937
0.117316209034544 -681.846985313549 -681.846985313549
0.117581930912312 -676.165101348088 -676.165101348088
0.11784765279008 -670.442967022719 -670.442967022719
0.118113374667848 -664.680891848977 -664.680891848977
0.118379096545616 -658.879188451155 -658.879188451155
0.118644818423384 -653.038172546734 -653.038172546734
0.118910540301152 -647.158162925632 -647.158162925632
0.11917626217892 -641.239481429772 -641.239481429772
0.119441984056688 -635.282452931375 -635.282452931375
0.119707705934456 -629.287405311773 -629.287405311773
0.119973427812224 -623.254669440025 -623.254669440025
0.120239149689992 -617.184579151737 -617.184579151737
0.12050487156776 -611.077471226274 -611.077471226274
0.120770593445528 -604.933685365056 -604.933685365056
0.121036315323296 -598.753564169088 -598.753564169088
0.121302037201063 -592.537453116183 -592.537453116183
0.121567759078831 -586.285700538389 -586.285700538389
0.121833480956599 -579.998657599106 -579.998657599106
0.122099202834367 -573.676678269226 -573.676678269226
0.122364924712135 -567.320119304355 -567.320119304355
0.122630646589903 -560.929340220961 -560.929340220961
0.122896368467671 -554.504703272199 -554.504703272199
0.123162090345439 -548.046573423953 -548.046573423953
0.123427812223207 -541.555318330985 -541.555318330985
0.123693534100975 -535.031308312009 -535.031308312009
0.123959255978743 -528.474916324988 -528.474916324988
0.124224977856511 -521.886517942853 -521.886517942853
0.124490699734279 -515.266491327508 -515.266491327508
0.124756421612047 -508.615217205341 -508.615217205341
0.125022143489815 -501.933078841015 -501.933078841015
0.125287865367583 -495.220462013084 -495.220462013084
0.12555358724535 -488.477754986501 -488.477754986501
0.125819309123118 -481.70534848802 -481.70534848802
0.126085031000886 -474.903635678919 -474.903635678919
0.126350752878654 -468.073012129438 -468.073012129438
0.126616474756422 -461.213875791397 -461.213875791397
0.12688219663419 -454.32662697231 -454.32662697231
0.127147918511958 -447.411668307363 -447.411668307363
0.127413640389726 -440.469404733422 -440.469404733422
0.127679362267494 -433.500243460689 -433.500243460689
0.127945084145262 -426.504593946176 -426.504593946176
0.12821080602303 -419.482867865785 -419.482867865785
0.128476527900798 -412.43547908597 -412.43547908597
0.128742249778566 -405.362843635708 -405.362843635708
0.129007971656334 -398.265379679759 -398.265379679759
0.129273693534102 -391.143507488508 -391.143507488508
0.12953941541187 -383.997649410898 -383.997649410898
0.129805137289637 -376.828229845128 -376.828229845128
0.130070859167405 -369.635675209877 -369.635675209877
0.130336581045173 -362.420413915105 -362.420413915105
0.130602302922941 -355.182876334029 -355.182876334029
0.130868024800709 -347.923494772535 -347.923494772535
0.131133746678477 -340.642703441043 -340.642703441043
0.131399468556245 -333.340938423921 -333.340938423921
0.131665190434013 -326.018637650065 -326.018637650065
0.131930912311781 -318.676240863171 -318.676240863171
0.132196634189549 -311.314189591996 -311.314189591996
0.132462356067317 -303.932927120086 -303.932927120086
0.132728077945085 -296.532898455085 -296.532898455085
0.132993799822853 -289.1145502991 -289.1145502991
0.133259521700621 -281.678331017474 -281.678331017474
0.133525243578389 -274.224690608511 -274.224690608511
0.133790965456157 -266.754080672679 -266.754080672679
0.134056687333925 -259.266954381475 -259.266954381475
0.134322409211692 -251.763766446734 -251.763766446734
0.13458813108946 -244.24497308929 -244.24497308929
0.134853852967228 -236.711032007738 -236.711032007738
0.135119574844996 -229.162402346673 -229.162402346673
0.135385296722764 -221.599544665881 -221.599544665881
0.135651018600532 -214.022920908038 -214.022920908038
0.1359167404783 -206.432994367587 -206.432994367587
0.136182462356068 -198.830229658433 -198.830229658433
0.136448184233836 -191.21509268207 -191.21509268207
0.136713906111604 -183.588050595921 -183.588050595921
0.136979627989372 -175.949571780179 -175.949571780179
0.13724534986714 -168.300125806897 -168.300125806897
0.137511071744908 -160.640183406723 -160.640183406723
0.137776793622676 -152.970216436491 -152.970216436491
0.138042515500444 -145.290697847451 -145.290697847451
0.138308237378212 -137.602101651047 -137.602101651047
0.138573959255979 -129.904902888536 -129.904902888536
0.138839681133747 -122.199577595801 -122.199577595801
0.139105403011515 -114.486602771794 -114.486602771794
0.139371124889283 -106.766456345274 -106.766456345274
0.139636846767051 -99.0396171419707 -99.0396171419707
0.139902568644819 -91.3065648508901 -91.3065648508901
0.140168290522587 -83.5677799915857 -83.5677799915857
0.140434012400355 -75.8237438804655 -75.8237438804655
0.140699734278123 -68.0749385981696 -68.0749385981696
0.140965456155891 -60.3218469554493 -60.3218469554493
0.141231178033659 -52.564952459796 -52.564952459796
0.141496899911427 -44.804739282176 -44.804739282176
0.141762621789195 -37.0416922232314 -37.0416922232314
0.142028343666963 -29.2762966799083 -29.2762966799083
0.142294065544731 -21.5090386109087 -21.5090386109087
0.142559787422499 -13.7404045038537 -13.7404045038537
0.142825509300266 -5.97088134116272 -5.97088134116272
0.143091231178034 1.79904343417311 1.79904343417311
0.143356953055802 9.5688819520701 9.5688819520701
0.14362267493357 17.3381459496861 17.3381459496861
0.143888396811338 25.106346804899 25.106346804899
0.144154118689106 32.872995570962 32.872995570962
0.144419840566874 40.6376030101962 40.6376030101962
0.144685562444642 48.3996796285387 48.3996796285387
0.14495128432241 56.1587357084862 56.1587357084862
0.145217006200178 63.914281345034 63.914281345034
0.145482728077946 71.6658264788337 71.6658264788337
0.145748449955714 79.4128809304202 79.4128809304202
0.146014171833482 87.1549544348673 87.1549544348673
0.14627989371125 94.8915566755867 94.8915566755867
0.146545615589018 102.622197319304 102.622197319304
0.146811337466786 110.346386049539 110.346386049539
0.147077059344553 118.063632601579 118.063632601579
0.147342781222321 125.773446796172 125.773446796172
0.147608503100089 133.475338574933 133.475338574933
0.147874224977857 141.168818033392 141.168818033392
0.148139946855625 148.853395456185 148.853395456185
0.148405668733393 156.528581351067 156.528581351067
0.148671390611161 164.193886483568 164.193886483568
0.148937112488929 171.848821911006 171.848821911006
0.149202834366697 179.492899017142 179.492899017142
0.149468556244465 187.125629545658 187.125629545658
0.149734278122233 194.746525635989 194.746525635989
0.150000000000001 202.355099856376 202.355099856376
0.150265721877769 209.950865238304 209.950865238304
0.150531443755537 217.533335311052 217.533335311052
0.150797165633305 225.102024136346 225.102024136346
0.151062887511073 232.656446341414 232.656446341414
0.15132860938884 240.19611715428 240.19611715428
0.151594331266608 247.720552437455 247.720552437455
0.151860053144376 255.229268721954 255.229268721954
0.152125775022144 262.721783241735 262.721783241735
0.152391496899912 270.197613967606 270.197613967606
0.15265721877768 277.656279641131 277.656279641131
0.152922940655448 285.097299808752 285.097299808752
0.153188662533216 292.520194855906 292.520194855906
0.153454384410984 299.924486040508 299.924486040508
0.153720106288752 307.309695526746 307.309695526746
0.15398582816652 314.675346419848 314.675346419848
0.154251550044288 322.020962798272 322.020962798272
0.154517271922056 329.346069748578 329.346069748578
0.154782993799824 336.65019339912 336.65019339912
0.155048715677592 343.93286095267 343.93286095267
0.15531443755536 351.193600720857 351.193600720857
0.155580159433127 358.431942156684 358.431942156684
0.155845881310895 365.647415889291 365.647415889291
0.156111603188663 372.839553755721 372.839553755721
0.156377325066431 380.007888835039 380.007888835039
0.156643046944199 387.151955481282 387.151955481282
0.156908768821967 394.271289356928 394.271289356928
0.157174490699735 401.365427465207 401.365427465207
0.157440212577503 408.433908183147 408.433908183147
0.157705934455271 415.476271294944 415.476271294944
0.157971656333039 422.492058024592 422.492058024592
0.158237378210807 429.480811067963 429.480811067963
0.158503100088575 436.442074626076 436.442074626076
0.158768821966343 443.375394436973 443.375394436973
0.159034543844111 450.28031780887 450.28031780887
0.159300265721879 457.156393651719 457.156393651719
0.159565987599647 464.003172509607 464.003172509607
0.159831709477414 470.820206593177 470.820206593177
0.160097431355182 477.607049810955 477.607049810955
0.16036315323295 484.363257802196 484.363257802196
0.160628875110718 491.088387967257 491.088387967257
0.160894596988486 497.781999500967 497.781999500967
0.161160318866254 504.443653422689 504.443653422689
0.161426040744022 511.072912608615 511.072912608615
0.16169176262179 517.669341822786 517.669341822786
0.161957484499558 524.232507747688 524.232507747688
0.162223206377326 530.761979016976 530.761979016976
0.162488928255094 537.257326244463 537.257326244463
0.162754650132862 543.718122056205 543.718122056205
0.16302037201063 550.143941120883 550.143941120883
0.163286093888398 556.534360179962 556.534360179962
0.163551815766166 562.888958078816 562.888958078816
0.163817537643934 569.207315796254 569.207315796254
0.164083259521701 575.489016474996 575.489016474996
0.164348981399469 581.733645452271 581.733645452271
0.164614703277237 587.940790288478 587.940790288478
0.164880425155005 594.11004079799 594.11004079799
0.165146147032773 600.240989077825 600.240989077825
0.165411868910541 606.333229538122 606.333229538122
0.165677590788309 612.386358930386 612.386358930386
0.165943312666077 618.399976377003 618.399976377003
0.166209034543845 624.373683400658 624.373683400658
0.166474756421613 630.307083952248 630.307083952248
0.166740478299381 636.199784440301 636.199784440301
0.167006200177149 642.051393758782 642.051393758782
0.167271922054917 647.861523316294 647.861523316294
0.167537643932685 653.629787063567 653.629787063567
0.167803365810453 659.355801521375 659.355801521375
0.168069087688221 665.039185808773 665.039185808773
0.168334809565989 670.67956167048 670.67956167048
0.168600531443756 676.2765535049 676.2765535049
0.168866253321524 681.829788390437 681.829788390437
0.169131975199292 687.338896113196 687.338896113196
0.16939769707706 692.803509194046 692.803509194046
0.169663418954828 698.223262915144 698.223262915144
0.169929140832596 703.597795346889 703.597795346889
0.170194862710364 708.926747373274 708.926747373274
0.170460584588132 714.209762719373 714.209762719373
0.1707263064659 719.446487976795 719.446487976795
0.170992028343668 724.636572629362 724.636572629362
0.171257750221436 729.779669079199 729.779669079199
0.171523472099204 734.875432671234 734.875432671234
0.171789193976972 739.923521719826 739.923521719826
0.17205491585474 744.923597532836 744.923597532836
0.172320637732508 749.875324436546 749.875324436546
0.172586359610276 754.778369800368 754.778369800368
0.172852081488043 759.63240406187 759.63240406187
0.173117803365811 764.437100750097 764.437100750097
0.173383525243579 769.19213650985 769.19213650985
0.173649247121347 773.897191126392 773.897191126392
0.173914968999115 778.551947547591 778.551947547591
0.174180690876883 783.156091908305 783.156091908305
0.174446412754651 787.709313553489 787.709313553489
0.174712134632419 792.211305060651 792.211305060651
0.174977856510187 796.661762263496 796.661762263496
0.175243578387955 801.060384273314 801.060384273314
0.175509300265723 805.406873501979 805.406873501979
0.175775022143491 809.70093568398 809.70093568398
0.176040744021259 813.942279898352 813.942279898352
0.176306465899027 818.130618590279 818.130618590279
0.176572187776795 822.265667591737 822.265667591737
0.176837909654563 826.34714614385 826.34714614385
0.17710363153233 830.374776917107 830.374776917107
0.177369353410098 834.348286032964 834.348286032964
0.177635075287866 838.26740308246 838.26740308246
0.177900797165634 842.131861148779 842.131861148779
0.178166519043402 845.941396825441 845.941396825441
0.17843224092117 849.695750236941 849.695750236941
0.178697962798938 853.394665058321 853.394665058321
0.178963684676706 857.037888534107 857.037888534107
0.179229406554474 860.625171497558 860.625171497558
0.179495128432242 864.156268389279 864.156268389279
0.17976085031001 867.630937276151 867.630937276151
0.180026572187778 871.048939869303 871.048939869303
0.180292294065546 874.410041542186 874.410041542186
0.180558015943314 877.714011348866 877.714011348866
0.180823737821082 880.960622041025 880.960622041025
0.18108945969885 884.149650085511 884.149650085511
0.181355181576618 887.280875681338 887.280875681338
0.181620903454385 890.354082776906 890.354082776906
0.181886625332153 893.369059085732 893.369059085732
0.182152347209921 896.325596103342 896.325596103342
0.182418069087689 899.223489123423 899.223489123423
0.182683790965457 902.062537253016 902.062537253016
0.182949512843225 904.842543428662 904.842543428662
0.183215234720993 907.563314431166 907.563314431166
0.183480956598761 910.224660901317 910.224660901317
0.183746678476529 912.826397353689 912.826397353689
0.184012400354297 915.368342190971 915.368342190971
0.184278122232065 917.850317720335 917.850317720335
0.184543844109833 920.272150164343 920.272150164343
0.184809565987601 922.633669676458 922.633669676458
0.185075287865369 924.934710354518 924.934710354518
0.185341009743137 927.175110252723 927.175110252723
0.185606731620905 929.354711395529 929.354711395529
0.185872453498672 931.473359789745 931.473359789745
0.18613817537644 933.530905437041 933.530905437041
0.186403897254208 935.527202345928 935.527202345928
0.186669619131976 937.462108543206 937.462108543206
0.186935341009744 939.335486086049 939.335486086049
0.187201062887512 941.147201072911 941.147201072911
0.18746678476528 942.897123654444 942.897123654444
0.187732506643048 944.58512804408 944.58512804408
0.187998228520816 946.211092528622 946.211092528622
0.188263950398584 947.774899478301 947.774899478301
0.188529672276352 949.276435355972 949.276435355972
0.18879539415412 950.715590728022 950.715590728022
0.189061116031888 952.09226027197 952.09226027197
0.189326837909656 953.406342786945 953.406342786945
0.189592559787424 954.657741201279 954.657741201279
0.189858281665192 955.846362581495 955.846362581495
0.190124003542959 956.972118140008 956.972118140008
0.190389725420727 958.034923243677 958.034923243677
0.190655447298495 959.034697420445 959.034697420445
0.190921169176263 959.971364367031 959.971364367031
0.191186891054031 960.844851956211 960.844851956211
0.191452612931799 961.6550922428 961.6550922428
0.191718334809567 962.402021470721 962.402021470721
0.191984056687335 963.08558007845 963.08558007845
0.192249778565103 963.705712705549 963.705712705549
0.192515500442871 964.262368197688 964.262368197688
0.192781222320639 964.755499611887 964.755499611887
0.193046944198407 965.185064221864 965.185064221864
0.193312666076175 965.55102352221 965.55102352221
0.193578387953943 965.853343233195 965.853343233195
0.193844109831711 966.091993304519 966.091993304519
0.194109831709479 966.266947918731 966.266947918731
0.194375553587246 966.378185496041 966.378185496041
0.194641275465014 966.425688695501 966.425688695501
0.194906997342782 966.409444420134 966.409444420134
0.19517271922055 966.32944381758 966.32944381758
0.195438441098318 966.185682283729 966.185682283729
0.195704162976086 965.978159463793 965.978159463793
0.195969884853854 965.706879255089 965.706879255089
0.196235606731622 965.371849807247 965.371849807247
0.19650132860939 964.973083524353 964.973083524353
0.196767050487158 964.510597065272 964.510597065272
0.197032772364926 963.984411344177 963.984411344177
0.197298494242694 963.394551531088 963.394551531088
0.197564216120462 962.741047051338 962.741047051338
0.19782993799823 962.023931585997 962.023931585997
0.198095659875998 961.243243070377 961.243243070377
0.198361381753766 960.399023693498 960.399023693498
0.198627103631533 959.491319897016 959.491319897016
0.198892825509301 958.520182373298 958.520182373298
0.199158547387069 957.485666063714 957.485666063714
0.199424269264837 956.387830157243 956.387830157243
0.199689991142605 955.226738086731 955.226738086731
0.199955713020373 954.002457527069 954.002457527069
0.200221434898141 952.715060392099 952.715060392099
0.200487156775909 951.364622831184 951.364622831184
0.200752878653677 949.951225225467 949.951225225467
0.201018600531445 948.474952184341 948.474952184341
0.201284322409213 946.935892541064 946.935892541064
0.201550044286981 945.334139347948 945.334139347948
0.201815766164749 943.669789872395 943.669789872395
0.202081488042517 941.942945590915 941.942945590915
0.202347209920285 940.153712184415 940.153712184415
0.202612931798053 938.302199532421 938.302199532421
0.20287865367582 936.388521706563 936.388521706563
0.203144375553588 934.412796965428 934.412796965428
0.203410097431356 932.375147747192 932.375147747192
0.203675819309124 930.27570066287 930.27570066287
0.203941541186892 928.114586489162 928.114586489162
0.20420726306466 925.891940161594 925.891940161594
0.204472984942428 923.607900766723 923.607900766723
0.204738706820196 921.262611532714 921.262611532714
0.205004428697964 918.856219823251 918.856219823251
0.205270150575732 916.388877127796 916.388877127796
0.2055358724535 913.860739052506 913.860739052506
0.205801594331268 911.271965311777 911.271965311777
0.206067316209036 908.622719718297 908.622719718297
0.206333038086804 905.913170173851 905.913170173851
0.206598759964572 903.143488658514 903.143488658514
0.20686448184234 900.313851221027 900.313851221027
0.207130203720107 897.424437968209 897.424437968209
0.207395925597875 894.475433053722 894.475433053722
0.207661647475643 891.467024667164 891.467024667164
0.207927369353411 888.399405022733 888.399405022733
0.208193091231179 885.272770347027 885.272770347027
0.208458813108947 882.087320867822 882.087320867822
0.208724534986715 878.843260801335 878.843260801335
0.208990256864483 875.540798339396 875.540798339396
0.209255978742251 872.180145637251 872.180145637251
0.209521700620019 868.761518800083 868.761518800083
0.209787422497787 865.285137869753 865.285137869753
0.210053144375555 861.751226810786 861.751226810786
0.210318866253323 858.160013497324 858.160013497324
0.210584588131091 854.511729697507 854.511729697507
0.210850310008859 850.80661106085 850.80661106085
0.211116031886627 847.044897101137 847.044897101137
0.211381753764394 843.226831183791 843.226831183791
0.211647475642162 839.352660508873 839.352660508873
0.21191319751993 835.422636096213 835.422636096213
0.212178919397698 831.43701276947 831.43701276947
0.212444641275466 827.396049139987 827.396049139987
0.212710363153234 823.300007590419 823.300007590419
0.212976085031002 819.149154258375 819.149154258375
0.21324180690877 814.943759018549 814.943759018549
0.213507528786538 810.684095466895 810.684095466895
0.213773250664306 806.370440902335 806.370440902335
0.214038972542074 802.003076309111 802.003076309111
0.214304694419842 797.582286339026 797.582286339026
0.21457041629761 793.108359293053 793.108359293053
0.214836138175378 788.581587103361 788.581587103361
0.215101860053146 784.00226531385 784.00226531385
0.215367581930914 779.370693061754 779.370693061754
0.215633303808682 774.687173057959 774.687173057959
0.215899025686449 769.952011568072 769.952011568072
0.216164747564217 765.165518391884 765.165518391884
0.216430469441985 760.328006844227 760.328006844227
0.216696191319753 755.439793734004 755.439793734004
0.216961913197521 750.501199344085 750.501199344085
0.217227635075289 745.512547411091 745.512547411091
0.217493356953057 740.474165102609 740.474165102609
0.217759078830825 735.386382998371 735.386382998371
0.218024800708593 730.249535066932 730.249535066932
0.218290522586361 725.063958645245 725.063958645245
0.218556244464129 719.829994415233 719.829994415233
0.218821966341897 714.547986383361 714.547986383361
0.219087688219665 709.218281856891 709.218281856891
0.219353410097433 703.841231421529 703.841231421529
0.219619131975201 698.417188919065 698.417188919065
0.219884853852969 692.946511423636 692.946511423636
0.220150575730736 687.429559218721 687.429559218721
0.220416297608504 681.866695773507 681.866695773507
0.220682019486272 676.258287718716 676.258287718716
0.22094774136404 670.604704823503 670.604704823503
0.221213463241808 664.906319969888 664.906319969888
0.221479185119576 659.163509129549 659.163509129549
0.221744906997344 653.376651338257 653.376651338257
0.222010628875112 647.546128671384 647.546128671384
0.22227635075288 641.672326218873 641.672326218873
0.222542072630648 635.755632059351 635.755632059351
0.222807794508416 629.796437234785 629.796437234785
0.223073516386184 623.795135725555 623.795135725555
0.223339238263952 617.752124422863 617.752124422863
0.22360496014172 611.667803104127 611.667803104127
0.223870682019488 605.542574405389 605.542574405389
0.224136403897256 599.376843795428 599.376843795428
0.224402125775023 593.171019548916 593.171019548916
0.224667847652791 586.92551271882 586.92551271882
0.224933569530559 580.640737109877 580.640737109877
0.225199291408327 574.317109250995 574.317109250995
0.225465013286095 567.955048367555 567.955048367555
0.225730735163863 561.554976353386 561.554976353386
0.225996457041631 555.117317743594 555.117317743594
0.226262178919399 548.642499685472 548.642499685472
0.226527900797167 542.130951910263 542.130951910263
0.226793622674935 535.583106705668 535.583106705668
0.227059344552703 528.999398885149 528.999398885149
0.227325066430471 522.380265761515 522.380265761515
0.227590788308239 515.726147115466 515.726147115466
0.227856510186007 509.037485167795 509.037485167795
0.228122232063775 502.314724549534 502.314724549534
0.228387953941543 495.558312272015 495.558312272015
0.228653675819311 488.768697697664 488.768697697664
0.228919397697078 481.946332509627 481.946332509627
0.229185119574846 475.091670681605 475.091670681605
0.229450841452614 468.205168447802 468.205168447802
0.229716563330382 461.287284272328 461.287284272328
0.22998228520815 454.338478818615 454.338478818615
0.230248007085918 447.359214918608 447.359214918608
0.230513728963686 440.349957541855 440.349957541855
0.230779450841454 433.311173764062 433.311173764062
0.231045172719222 426.24333273682 426.24333273682
0.23131089459699 419.146905654879 419.146905654879
0.231576616474758 412.022365726086 412.022365726086
0.231842338352526 404.870188137595 404.870188137595
0.232108060230294 397.690850026444 397.690850026444
0.232373782108062 390.484830445972 390.484830445972
0.23263950398583 383.252610334164 383.252610334164
0.232905225863598 375.99467248134 375.99467248134
0.233170947741365 368.711501497647 368.711501497647
0.233436669619133 361.403583781073 361.403583781073
0.233702391496901 354.071407483648 354.071407483648
0.233968113374669 346.715462480108 346.715462480108
0.234233835252437 339.336240333772 339.336240333772
0.234499557130205 331.934234263917 331.934234263917
0.234765279007973 324.509939112946 324.509939112946
0.235031000885741 317.063851312584 317.063851312584
0.235296722763509 309.596468850619 309.596468850619
0.235562444641277 302.108291237523 302.108291237523
0.235828166519045 294.59981947255 294.59981947255
0.236093888396813 287.071556010367 287.071556010367
0.236359610274581 279.524004726925 279.524004726925
0.236625332152349 271.957670885349 271.957670885349
0.236891054030117 264.373061102237 264.373061102237
0.237156775907885 256.770683313438 256.770683313438
0.237422497785652 249.151046739287 249.151046739287
0.23768821966342 241.514661850916 241.514661850916
0.237953941541188 233.862040335591 233.862040335591
0.238219663418956 226.193695061748 226.193695061748
0.238485385296724 218.510140044754 218.510140044754
0.238751107174492 210.811890411938 210.811890411938
0.23901682905226 203.099462368469 203.099462368469
0.239282550930028 195.373373161201 195.373373161201
0.239548272807796 187.634141044771 187.634141044771
0.239813994685564 179.88228524587 179.88228524587
0.240079716563332 172.118325928912 172.118325928912
0.2403454384411 164.342784159665 164.342784159665
0.240611160318868 156.556181871132 156.556181871132
0.240876882196636 148.759041827291 148.759041827291
0.241142604074404 140.951887588439 140.951887588439
0.241408325952172 133.135243475256 133.135243475256
0.241674047829939 125.309634533185 125.309634533185
0.241939769707707 117.475586497135 117.475586497135
0.242205491585475 109.633625755649 109.633625755649
0.242471213463243 101.784279315503 101.784279315503
0.242736935341011 93.9280747655494 93.9280747655494
0.243002657218779 86.0655402407813 86.0655402407813
0.243268379096547 78.1972043871412 78.1972043871412
0.243534100974315 70.3235963252617 70.3235963252617
0.243799822852083 62.4452456145267 62.4452456145267
0.244065544729851 54.5626822168122 54.5626822168122
0.244331266607619 46.6764364609749 46.6764364609749
0.244596988485387 38.7870390067003 38.7870390067003
0.244862710363155 30.8950208079215 30.8950208079215
0.245128432240923 23.0009130776298 23.0009130776298
0.245394154118691 15.1052472508663 15.1052472508663
0.245659875996459 7.20855494899685 7.20855494899685
0.245925597874226 -0.688632056654133 -0.688632056654133
0.246191319751994 -8.5857818805286 -8.5857818805286
0.246457041629762 -16.4823625597361 -16.4823625597361
0.24672276350753 -24.3778420897788 -24.3778420897788
0.246988485385298 -32.2716884610244 -32.2716884610244
0.247254207263066 -40.1633696950735 -40.1633696950735
0.247519929140834 -48.0523538800555 -48.0523538800555
0.247785651018602 -55.9381092087076 -55.9381092087076
0.24805137289637 -63.8201040126011 -63.8201040126011
0.248317094774138 -71.6978068001131 -71.6978068001131
0.248582816651906 -79.5706862916159 -79.5706862916159
0.248848538529674 -87.4382114556301 -87.4382114556301
0.249114260407442 -95.2998515462602 -95.2998515462602
0.24937998228521 -103.155076138171 -103.155076138171
0.249645704162978 -111.003355163169 -111.003355163169
0.249911426040746 -118.844158946672 -118.844158946672
0.250177147918513 -126.676958243333 -126.676958243333
0.250442869796281 -134.501224274365 -134.501224274365
0.250708591674049 -142.316428761661 -142.316428761661
0.250974313551817 -150.122043966196 -150.122043966196
0.251240035429585 -157.917542722467 -157.917542722467
0.251505757307353 -165.702398474963 -165.702398474963
0.251771479185121 -173.476085314752 -173.476085314752
0.252037201062889 -181.238078014237 -181.238078014237
0.252302922940657 -188.987852064489 -188.987852064489
0.252568644818425 -196.7248837099 -196.7248837099
0.252834366696193 -204.448649985621 -204.448649985621
0.25310008857396 -212.158628751038 -212.158628751038
0.253365810451728 -219.854298727747 -219.854298727747
0.253631532329496 -227.535139533777 -227.535139533777
0.253897254207264 -235.200631720492 -235.200631720492
0.254162976085032 -242.850256806929 -242.850256806929
0.2544286979628 -250.483497315734 -250.483497315734
0.254694419840568 -258.09983680942 -258.09983680942
0.254960141718336 -265.698759924489 -265.698759924489
0.255225863596104 -273.279752408228 -273.279752408228
0.255491585473872 -280.842301152185 -280.842301152185
0.25575730735164 -288.385894229499 -288.385894229499
0.256023029229407 -295.910020927632 -295.910020927632
0.256288751107175 -303.414171785693 -303.414171785693
0.256554472984943 -310.897838627708 -310.897838627708
0.256820194862711 -318.360514598663 -318.360514598663
0.257085916740479 -325.801694198945 -325.801694198945
0.257351638618247 -333.220873318038 -333.220873318038
0.257617360496015 -340.617549271311 -340.617549271311
0.257883082373783 -347.991220832326 -347.991220832326
0.258148804251551 -355.341388268988 -355.341388268988
0.258414526129319 -362.667553376702 -362.667553376702
0.258680248007087 -369.969219513458 -369.969219513458
0.258945969884855 -377.245891633309 -377.245891633309
0.259211691762622 -384.497076321344 -384.497076321344
0.25947741364039 -391.722281826317 -391.722281826317
0.259743135518158 -398.921018095939 -398.921018095939
0.260008857395926 -406.09279680918 -406.09279680918
0.260274579273694 -413.237131411249 -413.237131411249
0.260540301151462 -420.353537146106 -420.353537146106
0.26080602302923 -427.44153109005 -427.44153109005
0.261071744906998 -434.50063218573 -434.50063218573
0.261337466784766 -441.530361273808 -441.530361273808
0.261603188662534 -448.530241127719 -448.530241127719
0.261868910540301 -455.499796485226 -455.499796485226
0.262134632418069 -462.438554081791 -462.438554081791
0.262400354295837 -469.346042682874 -469.346042682874
0.262666076173605 -476.221793117097 -476.221793117097
0.262931798051373 -483.065338307793 -483.065338307793
0.263197519929141 -489.876213305735 -489.876213305735
0.263463241806909 -496.653955321013 -496.653955321013
0.263728963684677 -503.398103755442 -503.398103755442
0.263994685562445 -510.108200233473 -510.108200233473
0.264260407440213 -516.78378863439 -516.78378863439
0.264526129317981 -523.424415124394 -523.424415124394
0.264791851195749 -530.02962818645 -530.02962818645
0.265057573073516 -536.598978653333 -536.598978653333
0.265323294951284 -543.132019737046 -543.132019737046
0.265589016829052 -549.628307060799 -549.628307060799
0.26585473870682 -556.087398689066 -556.087398689066
0.266120460584588 -562.508855158923 -562.508855158923
0.266386182462356 -568.89223950957 -568.89223950957
0.266651904340124 -575.237117312815 -575.237117312815
0.266917626217892 -581.543056703877 -581.543056703877
0.26718334809566 -587.809628410162 -587.809628410162
0.267449069973428 -594.036405781741 -594.036405781741
0.267714791851196 -600.222964820663 -600.222964820663
0.267980513728963 -606.368884210792 -606.368884210792
0.268246235606731 -612.473745345835 -612.473745345835
0.268511957484499 -618.537132359715 -618.537132359715
0.268777679362267 -624.558632154169 -624.558632154169
0.269043401240035 -630.537834428804 -630.537834428804
0.269309123117803 -636.474331708049 -636.474331708049
0.269574844995571 -642.36771937057 -642.36771937057
0.269840566873339 -648.217595676976 -648.217595676976
0.270106288751107 -654.023561797302 -654.023561797302
0.270372010628875 -659.785221839465 -659.785221839465
0.270637732506643 -665.502182876108 -665.502182876108
0.27090345438441 -671.174054972412 -671.174054972412
0.271169176262178 -676.800451212516 -676.800451212516
0.271434898139946 -682.380987727641 -682.380987727641
0.271700620017714 -687.915283720809 -687.915283720809
0.271966341895482 -693.402961495605 -693.402961495605
0.27223206377325 -698.843646480676 -698.843646480676
0.272497785651018 -704.236967256577 -704.236967256577
0.272763507528786 -709.58255558187 -709.58255558187
0.273029229406554 -714.880046418045 -714.880046418045
0.273294951284322 -720.129077955083 -720.129077955083
0.27356067316209 -725.329291637555 -725.329291637555
0.273826395039858 -730.480332188369 -730.480332188369
0.274092116917625 -735.581847634544 -735.581847634544
0.274357838795393 -740.633489331279 -740.633489331279
0.274623560673161 -745.634911985694 -745.634911985694
0.274889282550929 -750.58577368208 -750.58577368208
0.275155004428697 -755.485735905529 -755.485735905529
0.275420726306465 -760.334463564937 -760.334463564937
0.275686448184233 -765.131625016317 -765.131625016317
0.275952170062001 -769.876892086868 -769.876892086868
0.276217891939769 -774.569940097755 -774.569940097755
0.276483613817537 -779.210447886039 -779.210447886039
0.276749335695304 -783.79809782767 -783.79809782767
0.277015057573072 -788.33257585963 -788.33257585963
0.27728077945084 -792.81357150186 -792.81357150186
0.277546501328608 -797.24077787972 -797.24077787972
0.277812223206376 -801.613891744099 -801.613891744099
0.278077945084144 -805.932613493556 -805.932613493556
0.278343666961912 -810.196647195391 -810.196647195391
0.27860938883968 -814.405700606071 -814.405700606071
0.278875110717448 -818.5594851922 -818.5594851922
0.279140832595216 -822.657716149769 -822.657716149769
0.279406554472984 -826.700112425119 -826.700112425119
0.279672276350752 -830.686396734839 -830.686396734839
0.279937998228519 -834.616295584158 -834.616295584158
0.280203720106287 -838.489539287273 -838.489539287273
0.280469441984055 -842.30586198553 -842.30586198553
0.280735163861823 -846.065001666569 -846.065001666569
0.281000885739591 -849.766700183149 -849.766700183149
0.281266607617359 -853.410703270477 -853.410703270477
0.281532329495127 -856.996760564393 -856.996760564393
0.281798051372895 -860.524625619547 -860.524625619547
0.282063773250663 -863.994055926412 -863.994055926412
0.282329495128431 -867.404812928395 -867.404812928395
0.282595217006198 -870.756662038521 -870.756662038521
0.282860938883966 -874.049372656553 -874.049372656553
0.283126660761734 -877.282718184814 -877.282718184814
0.283392382639502 -880.456476044558 -880.456476044558
0.28365810451727 -883.570427691689 -883.570427691689
0.283923826395038 -886.624358631847 -886.624358631847
0.284189548272806 -889.618058436019 -889.618058436019
0.284455270150574 -892.551320755838 -892.551320755838
0.284720992028342 -895.423943337702 -895.423943337702
0.28498671390611 -898.235728036782 -898.235728036782
0.285252435783878 -900.986480832109 -900.986480832109
0.285518157661646 -903.676011839938 -903.676011839938
0.285783879539413 -906.304135327229 -906.304135327229
0.286049601417181 -908.870669725124 -908.870669725124
0.286315323294949 -911.375437641139 -911.375437641139
0.286581045172717 -913.818265872961 -913.818265872961
0.286846767050485 -916.198985420644 -916.198985420644
0.287112488928253 -918.517431498374 -918.517431498374
0.287378210806021 -920.773443545592 -920.773443545592
0.287643932683789 -922.966865240042 -922.966865240042
0.287909654561557 -925.097544508578 -925.097544508578
0.288175376439325 -927.165333537322 -927.165333537322
0.288441098317093 -929.170088783 -929.170088783
0.28870682019486 -931.111670982895 -931.111670982895
0.288972542072628 -932.989945165968 -932.989945165968
0.289238263950396 -934.804780661411 -934.804780661411
0.289503985828164 -936.556051109029 -936.556051109029
0.289769707705932 -938.243634467365 -938.243634467365
0.2900354295837 -939.867413023755 -939.867413023755
0.290301151461468 -941.427273402777 -941.427273402777
0.290566873339236 -942.92310657406 -942.92310657406
0.290832595217004 -944.354807860094 -944.354807860094
0.291098317094772 -945.722276944782 -945.722276944782
0.29136403897254 -947.025417880826 -947.025417880826
0.291629760850307 -948.264139095818 -948.264139095818
0.291895482728075 -949.438353400376 -949.438353400376
0.292161204605843 -950.547977993055 -950.547977993055
0.292426926483611 -951.592934468378 -951.592934468378
0.292692648361379 -952.573148821751 -952.573148821751
0.292958370239147 -953.48855145556 -953.48855145556
0.293224092116915 -954.339077183345 -954.339077183345
0.293489813994683 -955.124665235682 -955.124665235682
0.293755535872451 -955.845259266062 -955.845259266062
0.294021257750219 -956.500807353036 -956.500807353036
0.294286979627987 -957.091262005345 -957.091262005345
0.294552701505755 -957.616580166095 -957.616580166095
0.294818423383522 -958.07672321596 -958.07672321596
0.29508414526129 -958.471656976077 -958.471656976077
0.295349867139058 -958.801351711465 -958.801351711465
0.295615589016826 -959.065782132627 -959.065782132627
0.295881310894594 -959.264927399406 -959.264927399406
0.296147032772362 -959.39877112141 -959.39877112141
0.29641275465013 -959.467301361005 -959.467301361005
0.296678476527898 -959.470510632999 -959.470510632999
0.296944198405666 -959.408395907418 -959.408395907418
0.297209920283434 -959.280958609509 -959.280958609509
0.297475642161201 -959.08820462006 -959.08820462006
0.297741364038969 -958.830144275293 -958.830144275293
0.298007085916737 -958.50679236772 -958.50679236772
0.298272807794505 -958.11816814443 -958.11816814443
0.298538529672273 -957.664295307521 -957.664295307521
0.298804251550041 -957.145202011847 -957.145202011847
0.299069973427809 -956.560920864172 -956.560920864172
0.299335695305577 -955.911488921554 -955.911488921554
0.299601417183345 -955.196947689536 -955.196947689536
0.299867139061113 -954.417343119041 -954.417343119041
0.300177304964536 -238.406952603265 -953.627810413059
0.300531914893614 -237.999388526937 -951.99755410775
0.300886524822692 -237.719059213306 -950.876236853226
0.30124113475177 -237.439389498667 -949.757557994667
0.301595744680848 -237.160377057809 -948.641508231237
0.301950354609926 -236.882019576185 -947.52807830474
0.302304964539004 -236.604314750465 -946.417259001862
0.302659574468082 -236.327260287822 -945.309041151288
0.30301418439716 -236.050853906246 -944.203415624984
0.303368794326238 -235.775093334629 -943.100373338516
0.303723404255316 -235.499976312042 -941.999905248167
0.304078014184394 -235.225500588535 -940.902002354141
0.304432624113471 -234.951663924099 -939.806655696398
0.304787234042549 -234.678464089864 -938.713856359457
0.305141843971627 -234.405898866498 -937.623595465991
0.305496453900705 -234.133966045568 -936.535864182274
0.305851063829783 -233.862663428744 -935.450653714974
0.306205673758861 -233.591988827629 -934.367955310515
0.306560283687939 -233.32194006449 -933.287760257958
0.306914893617017 -233.052514970809 -932.210059883234
0.307269503546095 -232.783711389049 -931.134845556196
0.307624113475173 -232.515527170651 -930.062108682603
0.307978723404251 -232.247960177874 -928.991840711494
0.308333333333329 -231.981008282115 -927.924033128459
0.308687943262407 -231.714669364629 -926.858677458517
0.309042553191485 -231.448941316932 -925.795765267728
0.309397163120563 -231.183822039434 -924.735288157735
0.309751773049641 -230.919309442805 -923.677237771219
0.310106382978719 -230.655401446772 -922.621605787087
0.310460992907797 -230.39209598084 -921.568383923361
0.310815602836875 -230.129390984053 -920.517563936212
0.311170212765953 -229.86728440459 -919.469137618359
0.311524822695031 -229.605774200169 -918.423096800675
0.311879432624109 -229.344858337484 -917.379433349936
0.312234042553187 -229.084534792848 -916.338139171391
0.312588652482265 -228.824801551469 -915.299206205877
0.312943262411343 -228.565656607855 -914.262626431418
0.313297872340421 -228.307097965406 -913.228391861626
0.313652482269499 -228.049123636905 -912.19649454762
0.314007092198577 -227.791731643626 -911.166926574506
0.314361702127655 -227.534920015984 -910.139680063935
0.314716312056733 -227.278686793527 -909.114747174108
0.315070921985811 -227.023030023981 -908.092120095925
0.315425531914889 -226.76794776469 -907.071791058761
0.315780141843967 -226.513438080931 -906.053752323726
0.316134751773045 -226.25949904728 -905.037996189121
0.316489361702123 -226.006128746567 -904.02451498627
0.316843971631201 -225.753325270039 -903.013301080157
0.317198581560279 -225.501086718079 -902.004346872316
0.317553191489357 -225.249411199005 -900.997644796018
0.317907801418435 -224.998296829871 -899.993187319483
0.318262411347513 -224.747741735666 -898.990966942665
0.318617021276591 -224.497744050598 -897.990976202391
0.318971631205669 -224.248301916405 -896.993207665621
0.319326241134747 -223.999413483165 -895.997653932659
0.319680851063825 -223.751076909528 -895.004307638112
0.320035460992903 -223.503290361761 -894.013161447044
0.320390070921981 -223.256052014946 -893.024208059785
0.320744680851059 -223.00936005154 -892.037440206159
0.321099290780137 -222.763212662413 -891.052850649653
0.321453900709215 -222.517608046454 -890.070432185814
0.321808510638293 -222.272544410001 -889.090177640005
0.322163120567371 -222.028019968213 -888.112079872853
0.322517730496449 -221.784032942979 -887.136131771917
0.322872340425527 -221.540581564925 -886.1623262597
0.323226950354605 -221.297664071729 -885.190656286918
0.323581560283683 -221.055278709247 -884.221114836987
0.323936170212761 -220.813423731025 -883.253694924101
0.324290780141839 -220.572097397907 -882.288389591629
0.324645390070917 -220.331297978669 -881.325191914677
0.324999999999995 -220.091023749302 -880.364094997208
0.325354609929073 -219.85127299373 -879.40509197492
0.325709219858151 -219.612044002932 -878.448176011727
0.326063829787229 -219.3733350755 -877.493340301999
0.326418439716307 -219.13514451748 -876.540578069919
0.326773049645385 -218.897470642212 -875.589882568847
0.327127659574463 -218.660311770409 -874.641247081638
0.327482269503541 -218.423666229759 -873.694664919037
0.327836879432619 -218.187532355642 -872.750129422568
0.328191489361697 -217.951908490091 -871.807633960363
0.328546099290775 -217.716792982994 -870.867171931975
0.328900709219853 -217.482184190731 -869.928736762922
0.329255319148931 -217.248080476895 -868.992321907578
0.329609929078009 -217.014480212453 -868.057920849812
0.329964539007087 -216.781381774705 -867.125527098819
0.330319148936165 -216.548783548723 -866.195134194893
0.330673758865243 -216.316683925833 -865.266735703333
0.331028368794321 -216.085081304814 -864.340325219255
0.331382978723399 -215.853974090855 -863.415896363422
0.331737588652476 -215.623360695962 -862.493442783848
0.332092198581554 -215.39323953927 -861.57295815708
0.332446808510632 -215.163609046328 -860.654436185314
0.33280141843971 -214.934467649739 -859.737870598956
0.333156028368788 -214.705813788195 -858.823255152779
0.333510638297866 -214.477645907843 -857.910583631371
0.333865248226944 -214.249962460681 -856.999849842725
0.334219858156022 -214.022761905441 -856.091047621762
0.3345744680851 -213.796042707744 -855.184170830976
0.334929078014178 -213.569803339306 -854.279213357224
0.335283687943256 -213.344042278734 -853.376169114938
0.335638297872334 -213.118758010568 -852.475032042271
0.335992907801412 -212.893949026077 -851.575796104307
0.33634751773049 -212.669613822544 -850.678455290176
0.336702127659568 -212.445750904145 -849.783003616578
0.337056737588646 -212.222358780824 -848.889435123296
0.337411347517724 -211.999435969021 -847.997743876083
0.337765957446802 -211.776980991424 -847.107923965695
0.33812056737588 -211.554992376654 -846.219969506617
0.338475177304958 -211.333468660145 -845.33387464058
0.338829787234036 -211.112408382619 -844.449633530478
0.339184397163114 -210.891810091293 -843.567240365171
0.339539007092192 -210.671672339632 -842.686689358527
0.33989361702127 -210.451993686634 -841.807974746534
0.340248226950348 -210.232772698108 -840.931090792433
0.340602836879426 -210.014007944835 -840.056031779338
0.340957446808504 -209.795698004485 -839.182792017939
0.341312056737582 -209.57784145978 -838.31136583912
0.34166666666666 -209.360436900094 -837.441747600376
0.342021276595738 -209.14348292009 -836.573931680362
0.342375886524816 -208.926978120524 -835.707912482096
0.342730496453894 -208.71092110776 -834.843684431041
0.343085106382972 -208.495310494176 -833.981241976703
0.34343971631205 -208.280144897597 -833.120579590388
0.343794326241128 -208.065422941782 -832.261691767128
0.344148936170206 -207.851143256019 -831.404573024074
0.344503546099284 -207.637304475446 -830.549217901782
0.344858156028362 -207.423905240252 -829.695620961006
0.34521276595744 -207.210944196956 -828.843776787826
0.345567375886518 -206.99841999697 -827.993679987878
0.345921985815596 -206.786331297872 -827.145325191486
0.346276595744674 -206.574676762132 -826.298707048529
0.346631205673752 -206.363455058153 -825.45382023261
0.34698581560283 -206.152664859543 -824.610659438172
0.347340425531908 -205.942304845364 -823.769219381456
0.347695035460986 -205.732373700047 -822.929494800187
0.348049645390064 -205.522870113392 -822.091480453566
0.348404255319142 -205.313792780489 -821.255171121957
0.34875886524822 -205.1051404018 -820.4205616072
0.349113475177298 -204.896911683074 -819.587646732298
0.349468085106376 -204.689105335273 -818.756421341091
0.349822695035454 -204.481720074484 -817.926880297937
0.350177304964532 -204.274754622329 -817.099018489316
0.35053191489361 -204.068207705076 -816.272830820303
0.350886524822688 -203.862078054764 -815.448312219055
0.351241134751766 -203.656364408001 -814.625457632003
0.351595744680844 -203.451065506765 -813.804262027058
0.351950354609922 -203.246180098323 -812.984720393292
0.352304964539 -203.041706934192 -812.166827736767
0.352659574468078 -202.837644771817 -811.350579087268
0.353014184397156 -202.633992373134 -810.535969492537
0.353368794326234 -202.430748505208 -809.722994020831
0.353723404255312 -202.227911939831 -808.911647759323
0.35407801418439 -202.025481454087 -808.101925816347
0.354432624113468 -201.823455829467 -807.293823317868
0.354787234042546 -201.621833852673 -806.487335410691
0.355141843971624 -201.420614315374 -805.682457261496
0.355496453900702 -201.219796013489 -804.879184053957
0.35585106382978 -201.019377748467 -804.077510993868
0.356205673758858 -200.819358326004 -803.277433304015
0.356560283687936 -200.619736556765 -802.478946227061
0.356914893617014 -200.420511256066 -801.682045024263
0.357269503546092 -200.221681243949 -800.886724975794
0.35762411347517 -200.023245345186 -800.092981380742
0.357978723404248 -199.825202389037 -799.300809556148
0.358333333333326 -199.627551209653 -798.51020483861
0.358687943262403 -199.430290645429 -797.721162581718
0.359042553191481 -199.233419539734 -796.933678158937
0.359397163120559 -199.036936740181 -796.147746960726
0.359751773049637 -198.840841099114 -795.363364396458
0.360106382978715 -198.645131473445 -794.58052589378
0.360460992907793 -198.449806724173 -793.79922689669
0.360815602836871 -198.254865717346 -793.019462869383
0.361170212765949 -198.060307323182 -792.241229292727
0.361524822695027 -197.866130416305 -791.464521665218
0.361879432624105 -197.672333875828 -790.689335503312
0.362234042553183 -197.478916585273 -789.915666341092
0.362588652482261 -197.285877432329 -789.143509729315
0.362943262411339 -197.093215309413 -788.372861237654
0.363297872340417 -196.900929112792 -787.603716451167
0.363652482269495 -196.709017743217 -786.83607097287
0.364007092198573 -196.517480105852 -786.069920423408
0.364361702127651 -196.326315110105 -785.305260440421
0.364716312056729 -196.135521669634 -784.542086678537
0.365070921985807 -195.945098702024 -783.780394808095
0.365425531914885 -195.755045129267 -783.020180517069
0.365780141843963 -195.565359877766 -782.261439511062
0.366134751773041 -195.376041877767 -781.504167511068
0.366489361702119 -195.187090063768 -780.748360255072
0.366843971631197 -194.998503374192 -779.994013496769
0.367198581560275 -194.810280751631 -779.241123006523
0.367553191489353 -194.622421143324 -778.489684573294
0.367907801418431 -194.434923499877 -777.739693999508
0.368262411347509 -194.247786775985 -776.99114710394
0.368617021276587 -194.06100993067 -776.244039722678
0.368971631205665 -193.874591926639 -775.498367706557
0.369326241134743 -193.688531731091 -774.754126924365
0.369680851063821 -193.502828314749 -774.011313258998
0.370035460992899 -193.317480652265 -773.269922609059
0.370390070921977 -193.132487722215 -772.529950888861
0.370744680851055 -192.947848507428 -771.79139402971
0.371099290780133 -192.763561994495 -771.054247977979
0.371453900709211 -192.579627173617 -770.318508694468
0.371808510638289 -192.396043039001 -769.584172156005
0.372163120567367 -192.212808588462 -768.851234353849
0.372517730496445 -192.029922824222 -768.119691296888
0.372872340425523 -191.847384751869 -767.389539007477
0.373226950354601 -191.665193380679 -766.660773522717
0.373581560283679 -191.483347723935 -765.933390895741
0.373936170212757 -191.301846798366 -765.207387193466
0.374290780141835 -191.12068962487 -764.48275849948
0.374645390070913 -190.93987522787 -763.759500911478
0.374999999999991 -190.759402635075 -763.0376105403
0.375354609929069 -190.579270878364 -762.317083513456
0.375709219858147 -190.39947899314 -761.597915972561
0.376063829787225 -190.220026018415 -760.88010407366
0.376418439716303 -190.040910996966 -760.163643987864
0.376773049645381 -189.862132974697 -759.448531898788
0.377127659574459 -189.683691001359 -758.734764005435
0.377482269503537 -189.50558413079 -758.022336523159
0.377836879432615 -189.327811419714 -757.311245678854
0.378191489361693 -189.150371928381 -756.601487713524
0.378546099290771 -188.97326472105 -755.893058884199
0.378900709219849 -188.796488865023 -755.185955460092
0.379255319148927 -188.620043431292 -754.480173725167
0.379609929078005 -188.443927494693 -753.775709978772
0.379964539007083 -188.26814013271 -753.072560530838
0.380319148936161 -188.092680426591 -752.370721706363
0.380673758865239 -187.917547461514 -751.670189846054
0.381028368794317 -187.742740325299 -750.970961301198
0.381382978723395 -187.568258109858 -750.273032439432
0.381737588652473 -187.394099909743 -749.576399638972
0.382092198581551 -187.220264823276 -748.881059293105
0.382446808510629 -187.046751952225 -748.187007808901
0.382801418439707 -186.873560401724 -747.494241606896
0.383156028368785 -186.700689279712 -746.802757118846
0.383510638297863 -186.528137697814 -746.112550791256
0.383865248226941 -186.355904770944 -745.423619083774
0.384219858156019 -186.183989617138 -744.735958468552
0.384574468085097 -186.012391358122 -744.04956543249
0.384929078014175 -185.841109118026 -743.364436472104
0.385283687943253 -185.670142024745 -742.680568098981
0.385638297872331 -185.499489209462 -741.997956837849
0.385992907801408 -185.329149806406 -741.316599225622
0.386347517730486 -185.159122953009 -740.636491812036
0.386702127659564 -184.989407789672 -739.957631158688
0.387056737588642 -184.820003460001 -739.280013840003
0.38741134751772 -184.650909111127 -738.603636444507
0.387765957446798 -184.482123893068 -737.928495572271
0.388120567375876 -184.313646958566 -737.254587834266
0.388475177304954 -184.145477463892 -736.581909855568
0.388829787234032 -183.977614568199 -735.910458272795
0.38918439716311 -183.810057434007 -735.24022973603
0.389539007092188 -183.642805226725 -734.571220906898
0.389893617021266 -183.475857114401 -733.903428457604
0.390248226950344 -183.309212268454 -733.236849073817
0.390602836879422 -183.142869863588 -732.57147945435
0.3909574468085 -182.97682907723 -731.907316308918
0.391312056737578 -182.811089089534 -731.244356358136
0.391666666666656 -182.64564908362 -730.58259633448
0.392021276595734 -182.480508246213 -729.922032984853
0.392375886524812 -182.315665766444 -729.262663065776
0.39273049645389 -182.151120836649 -728.604483346596
0.393085106382968 -181.986872651569 -727.947490606275
0.393439716312046 -181.82292040923 -727.291681636921
0.393794326241124 -181.659263310786 -726.637053243144
0.394148936170202 -181.495900559793 -725.983602239173
0.39450354609928 -181.332831363015 -725.331325452062
0.394858156028358 -181.1700549297 -724.6802197188
0.395212765957436 -181.007570472061 -724.030281888242
0.395567375886514 -180.845377205596 -723.381508822386
0.395921985815592 -180.683474348051 -722.733897392204
0.39627659574467 -180.521861120134 -722.087444480535
0.396631205673748 -180.360536745279 -721.442146981115
0.396985815602826 -180.199500449805 -720.798001799221
0.397340425531904 -180.038751462758 -720.155005851034
0.397695035460982 -179.878289016228 -719.513156064913
0.39804964539006 -179.718112344389 -718.872449377557
0.398404255319138 -179.558220684381 -718.232882737523
0.398758865248216 -179.398613276468 -717.594453105874
0.399113475177294 -179.239289363402 -716.95715745361
0.399468085106372 -179.080248190418 -716.320992761671
0.39982269503545 -178.921489005474 -715.685956021896
0.400177304964528 -178.763011059096 -715.052044236384
0.400531914893606 -178.604813604854 -714.419254419415
0.400886524822684 -178.446895898963 -713.787583595852
0.401241134751762 -178.289257199642 -713.157028798569
0.40159574468084 -178.131896768317 -712.527587073266
0.401950354609918 -177.974813868655 -711.899255474621
0.402304964538996 -177.818007767373 -711.272031069491
0.402659574468074 -177.661477733508 -710.645910934034
0.403014184397152 -177.505223038265 -710.020892153061
0.40336879432623 -177.349242955972 -709.39697182389
0.403723404255308 -177.193536763523 -708.774147054094
0.404078014184386 -177.038103739736 -708.152414958943
0.404432624113464 -176.882943166953 -707.531772667812
0.404787234042542 -176.728054329042 -706.912217316169
0.40514184397162 -176.573436512755 -706.293746051022
0.405496453900698 -176.41908900765 -705.676356030599
0.405851063829776 -176.265011105367 -705.060044421466
0.406205673758854 -176.111202100192 -704.444808400767
0.406560283687932 -175.957661288576 -703.830645154303
0.40691489361701 -175.804387969533 -703.217551878133
0.407269503546088 -175.651381445285 -702.605525781141
0.407624113475166 -175.498641019576 -701.994564078302
0.407978723404244 -175.346165998632 -701.384663994529
0.408333333333322 -175.193955691329 -700.775822765315
0.4086879432624 -175.042009409183 -700.168037636734
0.409042553191478 -174.890326465558 -699.56130586223
0.409397163120556 -174.738906176698 -698.955624706794
0.409751773049634 -174.587747860696 -698.350991442785
0.410106382978712 -174.436850838287 -697.747403353146
0.41046099290779 -174.286214432769 -697.144857731078
0.410815602836868 -174.135837969529 -696.543351878115
0.411170212765946 -173.985720776113 -695.942883104451
0.411524822695024 -173.835862182714 -695.343448730857
0.411879432624102 -173.68626152145 -694.7450460858
0.41223404255318 -173.536918127322 -694.147672509287
0.412588652482258 -173.387831337255 -693.551325349019
0.412943262411335 -173.239000490259 -692.956001961036
0.413297872340413 -173.090424927668 -692.361699710671
0.413652482269491 -172.94210399354 -691.768415974159
0.414007092198569 -172.794037033938 -691.176148135751
0.414361702127647 -172.646223396848 -690.584893587391
0.414716312056725 -172.49866243282 -689.994649731282
0.415070921985803 -172.351353494331 -689.405413977322
0.415425531914881 -172.204295936577 -688.81718374631
0.415780141843959 -172.057489116524 -688.229956466096
0.416134751773037 -171.910932393377 -687.643729573508
0.416489361702115 -171.764625128668 -687.058500514672
0.416843971631193 -171.618566685852 -686.474266743407
0.417198581560271 -171.472756430868 -685.891025723472
0.417553191489349 -171.32719373174 -685.308774926959
0.417907801418427 -171.181877958414 -684.727511833657
0.418262411347505 -171.036808483003 -684.14723393201
0.418617021276583 -170.89198468018 -683.567938720721
0.418971631205661 -170.747405926386 -682.989623705546
0.419326241134739 -170.603071599904 -682.412286399615
0.419680851063817 -170.458981081579 -681.835924326317
0.420035460992895 -170.315133754024 -681.260535016095
0.420390070921973 -170.171529002252 -680.686116009008
0.420744680851051 -170.028166213363 -680.112664853452
0.421099290780129 -169.885044775899 -679.540179103594
0.421453900709207 -169.742164081125 -678.9686563245
0.421808510638285 -169.599523522073 -678.398094088291
0.422163120567363 -169.457122494015 -677.828489976062
0.422517730496441 -169.314960394071 -677.259841576283
0.422872340425519 -169.17303662128 -676.69214648512
0.423226950354597 -169.031350576768 -676.125402307073
0.423581560283675 -168.889901663985 -675.559606655938
0.423936170212753 -168.748689287982 -674.994757151926
0.424290780141831 -168.607712855895 -674.430851423581
0.424645390070909 -168.466971776946 -673.867887107783
0.424999999999987 -168.326465462117 -673.305861848467
0.425354609929065 -168.186193324715 -672.744773298862
0.425709219858143 -168.046154779813 -672.184619119253
0.426063829787221 -167.906349244164 -671.625396976656
0.426418439716299 -167.766776136686 -671.067104546744
0.426773049645377 -167.627434878461 -670.509739513845
0.427127659574455 -167.488324892175 -669.953299568701
0.427482269503533 -167.349445602517 -669.397782410067
0.427836879432611 -167.210796436018 -668.843185744072
0.428191489361689 -167.072376821215 -668.28950728486
0.428546099290767 -166.934186188648 -667.736744754591
0.428900709219845 -166.796223970619 -667.184895882476
0.429255319148923 -166.658489601035 -666.633958404141
0.429609929078001 -166.520982515966 -666.083930063864
0.429964539007079 -166.383702153245 -665.534808612981
0.430319148936157 -166.24664795287 -664.98659181148
0.430673758865235 -166.109819356361 -664.439277425442
0.431028368794313 -165.97321580692 -663.892863227682
0.431382978723391 -165.836836749676 -663.347346998705
0.431737588652469 -165.70068163208 -662.802726528319
0.432092198581547 -165.564749902864 -662.258999611456
0.432446808510625 -165.429041012687 -661.716164050747
0.432801418439703 -165.293554413968 -661.174217655873
0.433156028368781 -165.158289560893 -660.63315824357
0.433510638297859 -165.023245909887 -660.092983639549
0.433865248226937 -164.888422918583 -659.553691674332
0.434219858156015 -164.753820046453 -659.015280185813
0.434574468085093 -164.619436755056 -658.477747020222
0.434929078014171 -164.48527250731 -657.94109002924
0.435283687943249 -164.351326768381 -657.405307073523
0.435638297872327 -164.217599004875 -656.870396019499
0.435992907801405 -164.084088684762 -656.336354739046
0.436347517730483 -163.950795278415 -655.803181113661
0.436702127659561 -163.817718257572 -655.270873030288
0.437056737588639 -163.684857095732 -654.739428382927
0.437411347517717 -163.552211268478 -654.208845073913
0.437765957446795 -163.419780252036 -653.679121008145
0.438120567375873 -163.287563525355 -653.150254101422
0.438475177304951 -163.155560568989 -652.622242275957
0.438829787234029 -163.023770864772 -652.095083459089
0.439184397163107 -162.892193896143 -651.568775584574
0.439539007092185 -162.760829148625 -651.043316594498
0.439893617021263 -162.62967610894 -650.51870443576
0.44024822695034 -162.498734265978 -649.994937063914
0.440602836879418 -162.368003110071 -649.472012440283
0.440957446808496 -162.23748213283 -648.949928531322
0.441312056737574 -162.107170827955 -648.42868331182
0.441666666666652 -161.977068690745 -647.908274762979
0.44202127659573 -161.847175217782 -647.388700871129
0.442375886524808 -161.717489907654 -646.869959630617
0.442730496453886 -161.588012260229 -646.352049040918
0.443085106382964 -161.45874177698 -645.834967107919
0.443439716312042 -161.329677961461 -645.318711845844
0.44379432624112 -161.200820318351 -644.803281273403
0.444148936170198 -161.07216835393 -644.28867341572
0.444503546099276 -160.943721576082 -643.774886304329
0.444858156028354 -160.815479494295 -643.261917977179
0.445212765957432 -160.687441619897 -642.74976647959
0.44556737588651 -160.559607465343 -642.23842986137
0.445921985815588 -160.431976544926 -641.727906179703
0.446276595744666 -160.304548374145 -641.218193496582
0.446631205673744 -160.177322470583 -640.709289882332
0.446985815602822 -160.050298352782 -640.201193411128
0.4473404255319 -159.92347554129 -639.693902165161
0.447695035460978 -159.796853557617 -639.187414230466
0.448049645390056 -159.670431925274 -638.681727701096
0.448404255319134 -159.544210169218 -638.176840676872
0.448758865248212 -159.418187815847 -637.672751263387
0.44911347517729 -159.292364392841 -637.169457571365
0.449468085106368 -159.166739429565 -636.66695771826
0.449822695035446 -159.041312456824 -636.165249827297
0.450177304964524 -158.916083007029 -635.664332028116
0.450531914893602 -158.791050614031 -635.164202456124
0.45088652482268 -158.666214812965 -634.664859251859
0.451241134751758 -158.541575140327 -634.16630056131
0.451595744680836 -158.41713113454 -633.668524538159
0.451950354609914 -158.292882335224 -633.171529340898
0.452304964538992 -158.168828283367 -632.675313133468
0.45265957446807 -158.044968521315 -632.179874085261
0.453014184397148 -157.921302593101 -631.685210372402
0.453368794326226 -157.797830044116 -631.191320176465
0.453723404255304 -157.674550421279 -630.698201685116
0.454078014184382 -157.551463272467 -630.205853089867
0.45443262411346 -157.428568147241 -629.714272588965
0.454787234042538 -157.305864596686 -629.223458386746
0.455141843971616 -157.18335217357 -628.733408694279
0.455496453900694 -157.0610304313 -628.244121725199
0.455851063829772 -156.938898925129 -627.755595700514
0.45620567375885 -156.81695721151 -627.267828846041
0.456560283687928 -156.695204848582 -626.780819394328
0.456914893617006 -156.573641395684 -626.294565582734
0.457269503546084 -156.452266413116 -625.809065652466
0.457624113475162 -156.331079463185 -625.324317852742
0.45797872340424 -156.210080109238 -624.840320436952
0.458333333333318 -156.089267916063 -624.357071664253
0.458687943262396 -155.968642449814 -623.874569799257
0.459042553191474 -155.848203277765 -623.392813111059
0.459397163120552 -155.727949968632 -622.911799874528
0.45975177304963 -155.607882092656 -622.431528370623
0.460106382978708 -155.487999221278 -621.951996885114
0.460460992907786 -155.368300927304 -621.473203709218
0.460815602836864 -155.2487867845 -620.995147138001
0.461170212765942 -155.129456368315 -620.517825473262
0.46152482269502 -155.010309255482 -620.041237021928
0.461879432624098 -154.891345024255 -619.565380097019
0.462234042553176 -154.77256325345 -619.090253013799
0.462588652482254 -154.653963523646 -618.615854094583
0.462943262411332 -154.535545416784 -618.142181667138
0.46329787234041 -154.41730851609 -617.66923406436
0.463652482269488 -154.299252405909 -617.197009623635
0.464007092198566 -154.181376671869 -616.725506687476
0.464361702127644 -154.063680900641 -616.254723602565
0.464716312056722 -153.946164680739 -615.784658722957
0.4650709219858 -153.828827601559 -615.315310406236
0.465425531914878 -153.711669253858 -614.846677015432
0.465780141843956 -153.594689229357 -614.378756917426
0.466134751773034 -153.477887121297 -613.911548485189
0.466489361702112 -153.361262524125 -613.4450500965
0.46684397163119 -153.244815033727 -612.97926013491
0.467198581560268 -153.128544246473 -612.514176985892
0.467553191489345 -153.012449760975 -612.049799043898
0.467907801418423 -152.896531176085 -611.58612470434
0.468262411347501 -152.780788092662 -611.123152370646
0.468617021276579 -152.665220112443 -610.660880449771
0.468971631205657 -152.549826838128 -610.199307352514
0.469326241134735 -152.434607873862 -609.738431495448
0.469680851063813 -152.319562825309 -609.278251301237
0.470035460992891 -152.204691298697 -608.818765194787
0.470390070921969 -152.089992901935 -608.35997160774
0.470744680851047 -151.975467243815 -607.901868975262
0.471099290780125 -151.861113934252 -607.444455737007
0.471453900709203 -151.746932584761 -606.987730339042
0.471808510638281 -151.63292280766 -606.531691230641
0.472163120567359 -151.519084216471 -606.076336865885
0.472517730496437 -151.405416425916 -605.621665703666
0.472872340425515 -151.29191905184 -605.167676207361
0.473226950354593 -151.17859171137 -604.714366845481
0.473581560283671 -151.065434022996 -604.261736091983
0.473936170212749 -150.952445605607 -603.809782422429
0.474290780141827 -150.839626079699 -603.358504318794
0.474645390070905 -150.726975067205 -602.907900268822
0.474999999999983 -150.614492190545 -602.45796876218
0.475354609929061 -150.502177073657 -602.008708294629
0.475709219858139 -150.390029341524 -601.560117366096
0.476063829787217 -150.278048620088 -601.112194480354
0.476418439716295 -150.166234536737 -600.664938146949
0.476773049645373 -150.054586719979 -600.218346879915
0.477127659574451 -149.943104799042 -599.77241919617
0.477482269503529 -149.8317884042 -599.3271536168
0.477836879432607 -149.720637167487 -598.882548669947
0.478191489361685 -149.609650721418 -598.438602885672
0.478546099290763 -149.498828699712 -597.995314798848
0.478900709219841 -149.388170737369 -597.552682949477
0.479255319148919 -149.277676470192 -597.110705880766
0.479609929077997 -149.167345535424 -596.669382141695
0.479964539007075 -149.057177571352 -596.228710285409
0.480319148936153 -148.947172216664 -595.788688866658
0.480673758865231 -148.837329111891 -595.349316447564
0.481028368794309 -148.727647898204 -594.910591592816
0.481382978723387 -148.618128218058 -594.47251287223
0.481737588652465 -148.508769715108 -594.035078860434
0.482092198581543 -148.399572033414 -593.598288133655
0.482446808510621 -148.290534818554 -593.162139274216
0.482801418439699 -148.181657717311 -592.726630869245
0.483156028368777 -148.072940377029 -592.291761508116
0.483510638297855 -147.964382446493 -591.857529785973
0.483865248226933 -147.855983575292 -591.423934301167
0.484219858156011 -147.747743413894 -590.990973655576
0.484574468085089 -147.639661614292 -590.558646457166
0.484929078014167 -147.531737829278 -590.126951317113
0.485283687943245 -147.423971712209 -589.695886848835
0.485638297872323 -147.316362918121 -589.265451672484
0.485992907801401 -147.208911102453 -588.835644409812
0.486347517730479 -147.101615922167 -588.406463688666
0.486702127659557 -146.994477035345 -587.977908141379
0.487056737588635 -146.887494100071 -587.549976400285
0.487411347517713 -146.780666776513 -587.122667106053
0.487765957446791 -146.673994725399 -586.695978901596
0.488120567375869 -146.567477608259 -586.269910433034
0.488475177304947 -146.461115087984 -585.844460351937
0.488829787234025 -146.35490682827 -585.419627313079
0.489184397163103 -146.24885249329 -584.99540997316
0.489539007092181 -146.142951749223 -584.571806996894
0.489893617021259 -146.037204262649 -584.148817050598
0.490248226950337 -145.931609700788 -583.726438803153
0.490602836879415 -145.826167732143 -583.304670928571
0.490957446808493 -145.720878026498 -582.883512105993
0.491312056737571 -145.615740254121 -582.462961016483
0.491666666666649 -145.510754086318 -582.043016345274
0.492021276595727 -145.405919195682 -581.623676782726
0.492375886524805 -145.301235255041 -581.204941020164
0.492730496453883 -145.196701938751 -580.786807755003
0.493085106382961 -145.092318922447 -580.369275689786
0.493439716312039 -144.988085881685 -579.952343526738
0.493794326241117 -144.884002493463 -579.536009973854
0.494148936170195 -144.780068435824 -579.120273743295
0.494503546099272 -144.676283387848 -578.705133551391
0.49485815602835 -144.572647029099 -578.290588116397
0.495212765957428 -144.469159040264 -577.876636161054
0.495567375886506 -144.365819103068 -577.463276412273
0.495921985815584 -144.262626899801 -577.050507599206
0.496276595744662 -144.159582114195 -576.638328456779
0.49663120567374 -144.05668443038 -576.22673772152
0.496985815602818 -143.953933533691 -575.815734134765
0.497340425531896 -143.851329110024 -575.405316440094
0.497695035460974 -143.748870846635 -574.99548338654
0.498049645390052 -143.646558431504 -574.586233726018
0.49840425531913 -143.544391553332 -574.17756621333
0.498758865248208 -143.442369901701 -573.769479606804
0.499113475177286 -143.340493167074 -573.361972668295
0.499468085106364 -143.238761041197 -572.955044164787
0.499822695035442 -143.137173216458 -572.54869286583
