0.00104166666666667 -0 -0
0.003125 -1.36256519228937 -1.36256519228937
0.00520833333333333 -5.71227132363674 -5.71227132363674
0.00729166666666667 -12.7895831783098 -12.7895831783098
0.009375 -22.5289349422928 -22.5289349422928
0.0114583333333333 -34.870010337595 -34.870010337595
0.0135416666666667 -49.7434594972583 -49.7434594972583
0.015625 -67.0683022844696 -67.0683022844696
0.0177083333333333 -86.7514431921791 -86.7514431921791
0.0197916666666667 -108.687784571084 -108.687784571084
0.021875 -132.760576371361 -132.760576371361
0.0239583333333333 -158.841890700755 -158.841890700755
0.0260416666666667 -186.793179362917 -186.793179362917
0.028125 -216.465895676238 -216.465895676238
0.0302083333333333 -247.702170517237 -247.702170517237
0.0322916666666667 -280.33553604188 -280.33553604188
0.034375 -314.19169203426 -314.19169203426
0.0364583333333333 -349.089310472614 -349.089310472614
0.0385416666666667 -384.840874159731 -384.840874159731
0.040625 -421.253545342775 -421.253545342775
0.0427083333333333 -458.130060242629 -458.130060242629
0.0447916666666667 -495.269645371664 -495.269645371664
0.046875 -532.468951464971 -532.468951464971
0.0489583333333333 -569.523000798547 -569.523000798547
0.0510416666666667 -606.226143623089 -606.226143623089
0.053125 -642.373019410766 -642.373019410766
0.0552083333333333 -677.759518595804 -677.759518595804
0.0572916666666667 -712.18374048934 -712.18374048934
0.059375 -745.446943066354 -745.446943066354
0.0614583333333333 -777.354480357767 -777.354480357767
0.0635416666666667 -807.71672323351 -807.71672323351
0.065625 -836.349959433912 -836.349959433912
0.0677083333333333 -863.077268795957 -863.077268795957
0.0697916666666667 -887.729369727102 -887.729369727102
0.071875 -910.145433104114 -910.145433104114
0.0739583333333333 -930.173859914606 -930.173859914606
0.0760416666666667 -947.673019115788 -947.673019115788
0.078125 -962.511942357954 -962.511942357954
0.0802083333333333 -974.570972406802 -974.570972406802
0.0822916666666667 -983.74236230039 -983.74236230039
0.084375 -989.930822490493 -989.930822490493
0.0864583333333333 -993.054013445357 -993.054013445357
0.0885416666666667 -993.042981427749 -993.042981427749
0.090625 -989.842535411275 -989.842535411275
0.0927083333333333 -983.411563354236 -983.411563354236
0.0947916666666667 -973.72328631582 -973.72328631582
0.096875 -960.765449171951 -960.765449171951
0.0989583333333333 -944.540446964658 -944.540446964658
0.101041666666667 -925.065386202485 -925.065386202485
0.103125 -902.372080713973 -902.372080713973
0.105208333333333 -876.506981943779 -876.506981943779
0.107291666666667 -847.531043869864 -847.531043869864
0.109375 -815.519523007127 -815.519523007127
0.111458333333333 -780.561714249472 -780.561714249472
0.113541666666667 -742.760623584893 -742.760623584893
0.115625 -702.232578996716 -702.232578996716
0.117708333333333 -659.106781138378 -659.106781138378
0.119791666666667 -613.524795634219 -613.524795634219
0.121875 -565.639989119092 -565.639989119092
0.123958333333333 -515.616911378268 -515.616911378268
0.126041666666667 -463.63062618958 -463.63062618958
0.128125 -409.865993698205 -409.865993698205
0.130208333333333 -354.516907371095 -354.516907371095
0.132291666666667 -297.785488781652 -297.785488781652
0.134375 -239.881243664559 -239.881243664559
0.136458333333333 -181.020182855912 -181.020182855912
0.138541666666667 -121.423911892398 -121.423911892398
0.140625 -61.318693187118 -61.318693187118
0.142708333333333 -0.93448482443819 -0.93448482443819
0.144791666666667 59.4960398741381 59.4960398741381
0.146875 119.738487770879 119.738487770879
0.148958333333333 179.557752005131 179.557752005131
0.151041666666667 238.719024391272 238.719024391272
0.153125 296.988809718247 296.988809718247
0.155208333333333 354.135937533271 354.135937533271
0.157291666666667 409.932566994814 409.932566994814
0.159375 464.155180404061 464.155180404061
0.161458333333333 516.58556106528 516.58556106528
0.163541666666667 567.011751186794 567.011751186794
0.165625 615.228985613942 615.228985613942
0.167708333333333 661.040597283998 661.040597283998
0.169791666666667 704.258890408107 704.258890408107
0.171875 744.705977519637 744.705977519637
0.173958333333333 782.214576678846 782.214576678846
0.176041666666667 816.628765289939 816.628765289939
0.178125 847.804687169567 847.804687169567
0.180208333333333 875.611209702473 875.611209702473
0.182291666666667 899.93052813173 899.93052813173
0.184375 920.65871425451 920.65871425451
0.186458333333333 937.706207031264 937.706207031264
0.188541666666667 950.998242862892 950.998242862892
0.190625 960.475223548759 960.475223548759
0.192708333333333 966.093020204189 966.093020204189
0.194791666666667 967.823211690319 967.823211690319
0.196875 965.653256389745 965.653256389745
0.198958333333333 959.58659644863 959.58659644863
0.201041666666667 949.642693894779 949.642693894779
0.203125 935.856998335151 935.856998335151
0.205208333333333 918.280846231845 918.280846231845
0.207291666666667 896.981292049491 896.981292049491
0.209375 872.040871862631 872.040871862631
0.211458333333333 843.557300303044 843.557300303044
0.213541666666667 811.643102016522 811.643102016522
0.215625 776.4251790819 776.4251790819
0.217708333333333 738.044316124172 738.044316124172
0.219791666666667 696.654625123863 696.654625123863
0.221875 652.422932188199 652.422932188199
0.223958333333333 605.528108802622 605.528108802622
0.226041666666667 556.160350324282 556.160350324282
0.228125 504.520404709749 504.520404709749
0.230208333333333 450.818754688686 450.818754688686
0.232291666666667 395.274756799386 395.274756799386
0.234375 338.115740893423 338.115740893423
0.236458333333333 279.576073890827 279.576073890827
0.238541666666667 219.896191728019 219.896191728019
0.240625 159.321603581462 159.321603581462
0.242708333333333 98.1018725762673 98.1018725762673
0.244791666666667 36.4895772953015 36.4895772953015
0.246875 -25.2607415064719 -25.2607415064719
0.248958333333333 -86.8936445083958 -86.8936445083958
0.251041666666667 -148.15386322619 -148.15386322619
0.253125 -208.787370653468 -208.787370653468
0.255208333333333 -268.542448575146 -268.542448575146
0.257291666666667 -327.170746992248 -327.170746992248
0.259375 -384.428331126164 -384.428331126164
0.261458333333333 -440.076711516673 -440.076711516673
0.263541666666667 -493.883852794281 -493.883852794281
0.265625 -545.625156793869 -545.625156793869
0.267708333333333 -595.084415779177 -595.084415779177
0.269791666666667 -642.054731671285 -642.054731671285
0.271875 -686.339397313502 -686.339397313502
0.273958333333333 -727.752735963201 -727.752735963201
0.276041666666667 -766.120895373886 -766.120895373886
0.278125 -801.282593021254 -801.282593021254
0.280208333333333 -833.089809231445 -833.089809231445
0.282291666666667 -861.408425187827 -861.408425187827
0.284375 -886.118803025264 -886.118803025264
0.286458333333333 -907.116305464591 -907.116305464591
0.288541666666667 -924.31175269507 -924.31175269507
0.290625 -937.631814478824 -937.631814478824
0.292708333333333 -947.019335724452 -947.019335724452
0.294791666666667 -952.433594059988 -952.433594059988
0.296875 -953.850488224092 -953.850488224092
0.298958333333333 -379.711241145025 -379.711241145025
0.300347222222222 -236.715938482667 -946.863753930669
0.301041666666667 -236.169880954477 -944.679523817907
0.301736111111111 -235.626336924657 -942.505347698628
0.302430555555556 -235.085289078684 -940.341156314738
0.303125 -234.546720260629 -938.186881042515
0.303819444444444 -234.010613471515 -936.04245388606
0.304513888888889 -233.476951867238 -933.907807468953
0.305208333333333 -232.94571875717 -931.782875028679
0.305902777777778 -232.416897602194 -929.667590408775
0.306597222222222 -231.89047201307 -927.561888052281
0.307291666666667 -231.366425748634 -925.465702994537
0.307986111111111 -230.844742714222 -923.378970856886
0.308680555555556 -230.325406960165 -921.301627840661
0.309375 -229.808402679688 -919.233610718751
0.310069444444444 -229.293714207816 -917.174856831265
0.310763888888889 -228.781326019613 -915.12530407845
0.311458333333333 -228.271222728596 -913.084890914382
0.312152777777778 -227.763389085186 -911.053556340742
0.312847222222222 -227.25780997515 -909.031239900599
0.313541666666667 -226.754470418169 -907.017881672676
0.314236111111111 -226.253355566488 -905.01342226595
0.314930555555556 -225.754450703071 -903.017802812286
0.315625 -225.257741240626 -901.030964962505
0.316319444444444 -224.763212719755 -899.052850879019
0.317013888888889 -224.270850808058 -897.08340323223
0.317708333333333 -223.780641298127 -895.122565192508
0.318402777777778 -223.292570106647 -893.170280426587
0.319097222222222 -222.806623272878 -891.226493091511
0.319791666666667 -222.32278695743 -889.291147829721
0.320486111111111 -221.841047440749 -887.364189762996
0.321180555555556 -221.361391121928 -885.445564487712
0.321875 -220.883804517562 -883.53521807025
0.322569444444444 -220.408274260195 -881.633097040779
0.323263888888889 -219.934787097438 -879.73914838975
0.323958333333333 -219.463329890424 -877.853319561694
0.324652777777778 -218.993889612567 -875.975558450267
0.325347222222222 -218.526453348714 -874.105813394857
0.326041666666667 -218.061008293667 -872.244033174669
0.326736111111111 -217.597541751134 -870.390167004537
0.327430555555556 -217.13604113234 -868.544164529361
0.328125 -216.676493955411 -866.705975821645
0.328819444444444 -216.218887843575 -864.875551374301
0.329513888888889 -215.763210524629 -863.052842098517
0.330208333333333 -215.309449829588 -861.237799318354
0.330902777777778 -214.857593691459 -859.430374765837
0.331597222222222 -214.407630144461 -857.630520577844
0.332291666666667 -213.959547322839 -855.838189291356
0.332986111111111 -213.513333459842 -854.053333839368
0.333680555555556 -213.068976886535 -852.275907546139
0.334375 -212.626466031143 -850.505864124574
0.335069444444444 -212.185789417664 -848.743157670654
0.335763888888889 -211.746935665002 -846.987742660006
0.336458333333333 -211.309893486073 -845.239573944294
0.337152777777778 -210.874651686946 -843.498606747783
0.337847222222222 -210.441199165444 -841.764796661776
0.338541666666667 -210.009524910767 -840.03809964307
0.339236111111111 -209.579618002059 -838.318472008235
0.339930555555556 -209.151467607786 -836.605870431143
0.340625 -208.725062984723 -834.900251938892
0.341319444444444 -208.300393477089 -833.201573908357
0.342013888888889 -207.877448515747 -831.509794062989
0.342708333333333 -207.456217617015 -829.824870468058
0.343402777777778 -207.036690382216 -828.146761528863
0.344097222222222 -206.618856496535 -826.475425986139
0.344791666666667 -206.202705728156 -824.810822912626
0.345486111111111 -205.788227927734 -823.152911710934
0.346180555555556 -205.37541302716 -821.501652108639
0.346875 -204.96425103916 -819.857004156641
0.347569444444444 -204.554732056104 -818.218928224417
0.348263888888889 -204.146846249433 -816.587384997732
0.348958333333333 -203.740583868881 -814.962335475523
0.349652777777778 -203.335935241535 -813.343740966141
0.350347222222222 -202.932890771263 -811.731563085053
0.351041666666667 -202.531440937892 -810.125763751569
0.351736111111111 -202.131576296352 -808.526305185408
0.352430555555556 -201.733287476018 -806.933149904074
0.353125 -201.336565180141 -805.346260720565
0.353819444444444 -200.941400184682 -803.765600738727
0.354513888888889 -200.547783338066 -802.191133352265
0.355208333333333 -200.155705560288 -800.622822241151
0.355902777777778 -199.765157842167 -799.060631368669
0.356597222222222 -199.376131244658 -797.504524978634
0.357291666666667 -198.988616898251 -795.954467593004
0.357986111111111 -198.602606002315 -794.410424009259
0.358680555555556 -198.218089824159 -792.872359296637
0.359375 -197.83505969891 -791.34023879564
0.360069444444444 -197.453507028323 -789.81402811329
0.360763888888889 -197.073423280413 -788.293693121653
0.361458333333333 -196.694799988846 -786.779199955384
0.362152777777778 -196.317628752114 -785.270515008454
0.362847222222222 -195.941901233005 -783.767604932021
0.363541666666667 -195.567609158075 -782.270436632301
0.364236111111111 -195.194744316987 -780.778977267949
0.364930555555556 -194.823298561942 -779.293194247769
0.365625 -194.453263806859 -777.813055227437
0.366319444444444 -194.084632027171 -776.338528108684
0.367013888888889 -193.717395258923 -774.869581035694
0.367708333333333 -193.351545598449 -773.406182393795
0.368402777777778 -192.987075201505 -771.948300806019
0.369097222222222 -192.62397628299 -770.495905131959
0.369791666666667 -192.262241116231 -769.048964464924
0.370486111111111 -191.901862032692 -767.607448130769
0.371180555555556 -191.542831420839 -766.171325683356
0.371875 -191.185141726333 -764.740566905332
0.372569444444444 -190.828785450931 -763.315141803726
0.373263888888889 -190.473755152421 -761.895020609684
0.373958333333333 -190.120043443718 -760.48017377487
0.374652777777778 -189.767642992497 -759.07057196999
0.375347222222222 -189.41654652083 -757.666186083318
0.376041666666667 -189.066746804234 -756.266987216934
0.376736111111111 -188.718236671967 -754.872946687868
0.377430555555556 -188.371009005633 -753.484036022531
0.378125 -188.025056739344 -752.100226957376
0.378819444444444 -187.680372858945 -750.721491435782
0.379513888888889 -187.336950401851 -749.347801607403
0.380208333333333 -186.994782455936 -747.979129823746
0.380902777777778 -186.653862159747 -746.615448638989
0.381597222222222 -186.314182701841 -745.256730807362
0.382291666666667 -185.975737320051 -743.902949280203
0.382986111111111 -185.638519301365 -742.554077205462
0.383680555555556 -185.302521981394 -741.210087925577
0.384375 -184.967738743877 -739.870954975507
0.385069444444444 -184.6341630203 -738.5366520812
0.385763888888889 -184.3017882894 -737.207153157599
0.386458333333333 -183.970608076848 -735.882432307392
0.387152777777778 -183.640615954747 -734.562463818986
0.387847222222222 -183.311805541226 -733.247222164903
0.388541666666667 -182.984170500009 -731.936682000035
0.389236111111111 -182.657704540166 -730.630818160664
0.389930555555556 -182.33240141542 -729.329605661681
0.390625 -182.008254924022 -728.033019696088
0.391319444444444 -181.685258908179 -726.741035632715
0.392013888888889 -181.363407253849 -725.453629015395
0.392708333333333 -181.042693890045 -724.170775560181
0.393402777777778 -180.723112788756 -722.892451155024
0.394097222222222 -180.404657964533 -721.61863185813
0.394791666666667 -180.087323473877 -720.349293895509
0.395486111111111 -179.77110341512 -719.084413660478
0.396180555555556 -179.455991928008 -717.823967712032
0.396875 -179.141983193259 -716.567932773035
0.397569444444444 -178.829071432229 -715.316285728916
0.398263888888889 -178.51725090663 -714.069003626521
0.398958333333333 -178.20651591816 -712.82606367264
0.399652777777778 -177.89686080801 -711.58744323204
0.400347222222222 -177.58827995669 -710.35311982676
0.401041666666667 -177.280767783605 -709.12307113442
0.401736111111111 -176.974318746835 -707.897274987338
0.402430555555556 -176.668927342576 -706.675709370304
0.403125 -176.364588105117 -705.458352420467
0.403819444444444 -176.061295606233 -704.245182424932
0.404513888888889 -175.759044455068 -703.03617782027
0.405208333333333 -175.457829297516 -701.831317190065
0.405902777777778 -175.157644816268 -700.630579265073
0.406597222222222 -174.858485730316 -699.433942921262
0.407291666666667 -174.560346794706 -698.241387178826
0.407986111111111 -174.263222800178 -697.052891200713
0.408680555555556 -173.967108572788 -695.868434291154
0.409375 -173.671998973956 -694.687995895822
0.410069444444444 -173.377888899518 -693.511555598073
0.410763888888889 -173.084773280062 -692.339093120247
0.411458333333333 -172.79264708051 -691.170588322041
0.412152777777778 -172.501505299429 -690.006021197717
0.412847222222222 -172.211342969272 -688.84537187709
0.413541666666667 -171.922155155767 -687.688620623069
0.414236111111111 -171.633936957711 -686.535747830842
0.414930555555556 -171.346683506764 -685.386734027054
0.415625 -171.06038996707 -684.241559868281
0.416319444444444 -170.775051535121 -683.100206140482
0.417013888888889 -170.490663439287 -681.962653757148
0.417708333333333 -170.207220939797 -680.828883759189
0.418402777777778 -169.924719328297 -679.698877313188
0.419097222222222 -169.643153927578 -678.572615710311
0.419791666666667 -169.362520091455 -677.450080365818
0.420486111111111 -169.082813204478 -676.331252817911
0.421180555555556 -168.804028681444 -675.216114725774
0.421875 -168.526161967639 -674.104647870556
0.422569444444444 -168.249208537982 -672.996834151929
0.423263888888889 -167.973163897228 -671.892655588911
0.423958333333333 -167.69802357972 -670.792094318879
0.424652777777778 -167.423783148698 -669.695132594791
0.425347222222222 -167.150438196623 -668.601752786492
0.426041666666667 -166.877984344647 -667.511937378588
0.426736111111111 -166.606417242447 -666.425668969789
0.427430555555556 -166.335732567819 -665.342930271274
0.428125 -166.065926026795 -664.263704107182
0.428819444444444 -165.796993353079 -663.187973412316
0.429513888888889 -165.528930308079 -662.115721232315
0.430208333333333 -165.261732680502 -661.046930722007
0.430902777777778 -164.995396286232 -659.981585144926
0.431597222222222 -164.729916967986 -658.919667871946
0.432291666666667 -164.465290595427 -657.861162381707
0.432986111111111 -164.201513064368 -656.806052257473
0.433680555555556 -163.938580297282 -655.754321189127
0.434375 -163.67648824245 -654.7059529698
0.435069444444444 -163.415232874145 -653.660931496581
0.435763888888889 -163.15481019226 -652.619240769038
0.436458333333333 -162.895216222183 -651.580864888731
0.437152777777778 -162.636447014475 -650.5457880579
0.437847222222222 -162.378498644908 -649.513994579631
0.438541666666667 -162.121367214014 -648.485468856054
0.439236111111111 -161.865048846922 -647.460195387687
0.439930555555556 -161.609539693277 -646.43815877311
0.440625 -161.354835927037 -645.419343708147
0.441319444444444 -161.100933746262 -644.403734985046
0.442013888888889 -160.847829372752 -643.391317491007
0.442708333333333 -160.595519052209 -642.382076208835
0.443402777777778 -160.343999053703 -641.375996214813
0.444097222222222 -160.093265669757 -640.37306267903
0.444791666666667 -159.843315216017 -639.37326086407
0.445486111111111 -159.594144030926 -638.376576123703
0.446180555555556 -159.345748476049 -637.382993904196
0.446875 -159.098124935328 -636.392499741311
0.447569444444444 -158.851269815223 -635.405079260893
0.448263888888889 -158.605179544425 -634.420718177701
0.448958333333333 -158.359850573734 -633.439402294937
0.449652777777778 -158.115279375916 -632.461117503665
0.450347222222222 -157.87146244551 -631.485849782041
0.451041666666667 -157.628396298583 -630.513585194333
0.451736111111111 -157.386077472648 -629.544309890591
0.452430555555556 -157.144502526458 -628.578010105832
0.453125 -156.903668039805 -627.614672159218
0.453819444444444 -156.663570613637 -626.654282454549
0.454513888888889 -156.42420686937 -625.696827477479
0.455208333333333 -156.185573449371 -624.742293797483
0.455902777777778 -155.947667016104 -623.790668064414
0.456597222222222 -155.710484252618 -622.841937010473
0.457291666666667 -155.47402186202 -621.896087448078
0.457986111111111 -155.238276567302 -620.95310626921
0.458680555555556 -155.003245111516 -620.012980446065
0.459375 -154.768924257274 -619.075697029095
0.460069444444444 -154.535310786751 -618.141243147004
0.460763888888889 -154.302401501523 -617.209606006092
0.461458333333333 -154.070193222361 -616.280772889443
0.462152777777778 -153.838682789298 -615.354731157193
0.462847222222222 -153.607867061165 -614.431468244659
0.463541666666667 -153.377742915746 -613.510971662983
0.464236111111111 -153.148307249499 -612.593228997996
0.464930555555556 -152.919556977245 -611.678227908981
0.465625 -152.691489032427 -610.76595612971
0.466319444444444 -152.464100366743 -609.85640146697
0.467013888888889 -152.237387949854 -608.949551799417
0.467708333333333 -152.011348769475 -608.0453950779
0.468402777777778 -151.785979831366 -607.143919325465
0.469097222222222 -151.561278158848 -606.24511263539
0.469791666666667 -151.337240792837 -605.348963171348
0.470486111111111 -151.113864791646 -604.455459166586
0.471180555555556 -150.891147231187 -603.564588924748
0.471875 -150.669085204354 -602.676340817418
0.472569444444444 -150.447675821316 -601.790703285262
0.473263888888889 -150.226916208936 -600.907664835743
0.473958333333333 -150.00680351127 -600.027214045078
0.474652777777778 -149.787334888784 -599.149339555135
0.475347222222222 -149.568507518603 -598.27403007441
0.476041666666667 -149.350318594466 -597.401274377864
0.476736111111111 -149.132765326322 -596.531061305288
0.477430555555556 -148.915844940448 -595.663379761793
0.478125 -148.699554679072 -594.798218716287
0.478819444444444 -148.483891800675 -593.9355672027
0.479513888888889 -148.268853579344 -593.075414317375
0.480208333333333 -148.054437305214 -592.217749220856
0.480902777777778 -147.840640283799 -591.362561135195
0.481597222222222 -147.627459836408 -590.509839345634
0.482291666666667 -147.414893299579 -589.659573198316
0.482986111111111 -147.202938025235 -588.811752100939
0.483680555555556 -146.991591380566 -587.966365522263
0.484375 -146.780850747783 -587.12340299113
0.485069444444444 -146.570713524157 -586.282854096628
0.485763888888889 -146.361177121694 -585.444708486777
0.486458333333333 -146.15223896738 -584.608955869519
0.487152777777778 -145.943896502768 -583.775586011072
0.487847222222222 -145.736147183903 -582.944588735611
0.488541666666667 -145.528988481479 -582.115953925915
0.489236111111111 -145.322417880394 -581.289671521574
0.489930555555556 -145.116432879909 -580.465731519637
0.490625 -144.911030993326 -579.644123973305
0.491319444444444 -144.706209748106 -578.824838992425
0.492013888888889 -144.501966685748 -578.007866742994
0.492708333333333 -144.298299361258 -577.193197445033
0.493402777777778 -144.095205343872 -576.380821375489
0.494097222222222 -143.892682216215 -575.570728864861
0.494791666666667 -143.690727574472 -574.762910297888
0.495486111111111 -143.489339028502 -573.957356114008
0.496180555555556 -143.288514201332 -573.154056805326
0.496875 -143.08825072933 -572.353002917318
0.497569444444444 -142.888546262166 -571.554185048665
0.498263888888889 -142.689398462526 -570.757593850105
0.498958333333333 -142.49080500611 -569.96322002444
0.499652777777778 -142.292763581509 -569.171054326036
