0 191.085640138762
0.03 191.085640138762
0.06 198.366793088136
0.09 218.142600421743
0.12 238.22779055155
0.15 241.506114798813
0.18 222.09747100112
0.21 192.246140100697
0.24 173.605984322038
0.27 179.816310934959
0.3 189.549256911239
0.31 191.503823931066
0.32 193.396341204232
0.33 195.230627176684
0.34 197.010158343989
0.35 198.738108897749
0.36 200.417384788023
0.37 202.050653119659
0.38 203.640367629119
0.39 205.188790852618
0.4 206.69801348818
0.41 208.169971367309
0.42 209.606460381881
0.43 211.009149654933
0.44 212.379593197571
0.45 213.719240256104
0.46 215.029444522142
0.47 216.311472352351
0.48 217.566510122977
0.49 218.795670826167
0.5 220
