0.015 -0 -0
0.045 0.0145631067965724 0.0145631067965724
0.075 0.0288461538474394 0.0288461538474394
0.105 0.0430622009588433 0.0430622009588433
0.135 0.057251908397878 0.057251908397878
0.165 0.0714285714309426 0.0714285714309426
0.195 0.0855978260887014 0.0855978260887014
0.225 0.0997624703103384 0.0997624703103384
0.255 0.113924050636645 0.113924050636645
0.285 0.128083491462879 0.128083491462879
0.31 0.140060240967443 0.140060240967443
0.33 0.149943310660205 0.149943310660205
0.35 0.159796573876747 0.159796573876747
0.37 0.169624746453678 0.169624746453678
0.39 0.179431599232771 0.179431599232771
0.41 0.18922018349059 0.18922018349059
0.43 0.198992994748437 0.198992994748437
0.45 0.208752093804776 0.208752093804776
0.47 0.218499197433175 0.218499197433175
0.49 0.22823574730495 0.22823574730495
