0 1 -0
0.000265721877767936 1 -250.434061020671
0.000531443755535872 1 -500.850670039709
0.000797165633303809 1 -751.232376271659
0.00106288751107174 1 -1001.56173136334
0.00132860938883968 1 -1251.82129060975
0.00159433126660762 1 -1501.99361416977
0.00186005314437555 1 -1752.06126828148
0.00212577502214349 1 -2002.00682647703
0.00239149689991143 1 -2251.81287079711
0.00265721877767936 1 -2501.46199300468
0.0029229406554473 1 -2750.93679579814
0.00318866253321523 1 -3000.21989402372
0.00345438441098317 1 -3249.29391588694
0.00372010628875111 1 -3498.14150416322
0.00398582816651904 1 -3746.74531740748
0.00425155004428698 1 -3995.08803116259
0.00451727192205492 1 -4243.15233916666
0.00478299379982285 1 -4490.92095455906
0.00504871567759079 1 -4738.37661108511
0.00531443755535872 1 -4985.50206429929
0.00558015943312666 1 -5232.28009276695
0.0058458813108946 1 -5478.69349926445
0.00611160318866253 1 -5724.72511197756
0.00637732506643047 1 -5970.35778569812
0.0066430469441984 1 -6215.57440301883
0.00690876882196634 1 -6460.35787552613
0.00717449069973428 1 -6704.69114499102
0.00744021257750221 1 -6948.55718455781
0.00770593445527015 1 -7191.93899993065
0.00797165633303809 1 -7434.81963055785
0.00823737821080602 1 -7677.18215081378
0.00850310008857396 1 -7919.00967117836
0.00876882196634189 1 -8160.28533941408
0.00903454384410983 1 -8400.99234174033
0.00930026572187777 1 -8641.11390400515
0.0095659875996457 1 -8880.63329285414
0.00983170947741364 1 -9119.53381689656
0.0100974313551816 1 -9357.79882786853
0.0103631532329495 1 -9595.41172179315
0.0106288751107174 1 -9832.35594013762
0.0108945969884854 1 -10068.6149709672
0.0111603188662533 1 -10304.1723500957
0.0114260407440213 1 -10539.011662233
0.0116917626217892 1 -10773.116542129
0.0119574844995571 1 -11006.4706757138
0.0122232063773251 1 -11239.0578012351
0.012488928255093 1 -11470.8617103907
0.0127546501328609 1 -11701.8662494587
0.0130203720106289 1 -11932.0553204227
0.0132860938883968 1 -12161.4128820941
0.0135518157661647 1 -12389.9229512295
0.0138175376439327 1 -12617.5696036447
0.0140832595217006 1 -12844.3369753246
0.0143489813994686 1 -13070.2092635284
0.0146147032772365 1 -13295.170727891
0.0148804251550044 1 -13519.20569152
0.0151461470327724 1 -13742.2985420881
0.0154118689105403 1 -13964.4337329207
0.0156775907883082 1 -14185.5957840801
0.0159433126660762 1 -14405.7692834436
0.0162090345438441 1 -14624.9388877776
0.016474756421612 1 -14843.0893238071
0.01674047829938 1 -15060.2053892799
0.0170062001771479 1 -15276.2719540259
0.0172719220549159 1 -15491.2739610116
0.0175376439326838 1 -15705.1964273895
0.0178033658104517 1 -15918.0244455418
0.0180690876882197 1 -16129.7431841198
0.0183348095659876 1 -16340.3378890769
0.0186005314437555 1 -16549.7938846972
0.0188662533215235 1 -16758.0965746181
0.0191319751992914 1 -16965.2314428473
0.0193976970770593 1 -17171.1840547747
0.0196634189548273 1 -17375.9400581778
0.0199291408325952 1 -17579.4851842225
0.0201948627103632 1 -17781.805248457
0.0204605845881311 1 -17982.8861518002
0.020726306465899 1 -18182.7138815248
0.020992028343667 1 -18381.2745122331
0.0212577502214349 1 -18578.554206828
0.0215234720992028 1 -18774.5392174767
0.0217891939769708 1 -18969.2158865693
0.0220549158547387 1 -19162.5706476704
0.0223206377325066 1 -19354.5900264641
0.0225863596102746 1 -19545.2606416936
0.0228520814880425 1 -19734.5692060932
0.0231178033658105 1 -19922.5025273146
0.0233835252435784 1 -20109.0475088459
0.0236492471213463 1 -20294.1911509248
0.0239149689991143 1 -20477.9205514437
0.0241806908768822 1 -20660.2229068496
0.0244464127546501 1 -20841.085513036
0.0247121346324181 1 -21020.4957662279
0.024977856510186 1 -21198.4411638609
0.0252435783879539 1 -21374.9093054518
0.0255093002657219 1 -21549.8878934627
0.0257750221434898 1 -21723.3647341587
0.0260407440212577 1 -21895.3277384569
0.0263064658990257 1 -22065.7649227693
0.0265721877767936 1 -22234.6644098374
0.0268379096545616 1 -22402.0144295608
0.0271036315323295 1 -22567.8033198162
0.0273693534100974 1 -22732.0195272713
0.0276350752878654 1 -22894.6516081891
0.0279007971656333 1 -23055.6882292256
0.0281665190434012 1 -23215.1181682197
0.0284322409211692 1 -23372.9303149753
0.0286979627989371 1 -23529.1136720353
0.028963684676705 1 -23683.657355448
0.029229406554473 1 -23836.5505955258
0.0294951284322409 1 -23987.7827375955
0.0297608503100089 1 -24137.3432427408
0.0300265721877768 1 -24285.2216885369
0.0302922940655447 1 -24431.4077697768
0.0305580159433127 1 -24575.8912991889
0.0308237378210806 1 -24718.6622081478
0.0310894596988485 1 -24859.7105473753
0.0313551815766165 1 -24999.026487634
0.0316209034543844 1 -25136.6003204121
0.0318866253321523 1 -25272.4224586002
0.0321523472099203 1 -25406.4834371592
0.0324180690876882 1 -25538.7739137799
0.0326837909654561 1 -25669.2846695342
0.0329495128432241 1 -25798.0066095175
0.033215234720992 1 -25924.9307634821
0.03348095659876 1 -26050.048286463
0.0337466784765279 1 -26173.3504593937
0.0340124003542958 1 -26294.8286897141
0.0342781222320638 1 -26414.4745119692
0.0345438441098317 1 -26532.2795883991
0.0348095659875996 1 -26648.2357095199
0.0350752878653676 1 -26762.3347946958
0.0353410097431355 1 -26874.5688927025
0.0356067316209034 1 -26984.9301822808
0.0358724534986714 1 -27093.4109726824
0.0361381753764393 1 -27200.0037042047
0.0364038972542073 1 -27304.700948719
0.0366696191319752 1 -27407.4954101868
0.0369353410097431 1 -27508.3799251692
0.0372010628875111 1 -27607.3474633258
0.037466784765279 1 -27704.3911279044
0.0377325066430469 1 -27799.504156222
0.0379982285208149 1 -27892.6799201357
0.0382639503985828 1 -27983.9119265048
0.0385296722763507 1 -28073.1938176434
0.0387953941541187 1 -28160.5193717631
0.0390611160318866 1 -28245.8825034069
0.0393268379096546 1 -28329.2772638733
0.0395925597874225 1 -28410.6978416304
0.0398582816651904 1 -28490.1385627214
0.0401240035429584 1 -28567.5938911597
0.0403897254207263 1 -28643.0584293148
0.0406554472984942 1 -28716.5269182886
0.0409211691762622 1 -28787.9942382815
0.0411868910540301 1 -28857.4554089494
0.041452612931798 1 -28924.9055897509
0.041718334809566 1 -28990.3400802843
0.0419840566873339 1 -29053.7543206154
0.0422497785651019 1 -29115.1438915953
0.0425155004428698 1 -29174.5045151682
0.0427812223206377 1 -29231.8320546694
0.0430469441984057 1 -29287.1225151141
0.0433126660761736 1 -29340.3720434751
0.0435783879539415 1 -29391.576928952
0.0438441098317095 1 -29440.7336032292
0.0441098317094774 1 -29487.8386407249
0.0443755535872453 1 -29532.8887588297
0.0446412754650133 1 -29575.8808181355
0.0449069973427812 1 -29616.8118226542
0.0451727192205492 1 -29655.6789200262
0.0454384410983171 1 -29692.4794017197
0.045704162976085 1 -29727.210703219
0.045969884853853 1 -29759.8704042035
0.0462356067316209 1 -29790.4562287161
0.0465013286093888 1 -29818.9660453221
0.0467670504871568 1 -29845.3978672576
0.0470327723649247 1 -29869.7498525678
0.0472984942426926 1 -29892.0203042357
0.0475642161204606 1 -29912.2076702999
0.0478299379982285 1 -29930.3105439632
0.0480956598759965 1 -29946.3276636905
0.0483613817537644 1 -29960.2579132965
0.0486271036315323 1 -29972.1003220238
0.0488928255093003 1 -29981.8540646102
0.0491585473870682 1 -29989.5184613465
0.0494242692648361 1 -29995.0929781239
0.0496899911426041 1 -29998.5772264709
0.049955713020372 1 -29999.9709635807
0.0502214348981399 1 -29999.2740923279
0.0504871567759079 1 -29996.4866612753
0.0507528786536758 1 -29991.6088646707
0.0510186005314437 1 -29984.6410424332
0.0512843224092117 1 -29975.5836801295
0.0515500442869796 1 -29964.4374089402
0.0518157661647476 1 -29951.2030056155
0.0520814880425155 1 -29935.8813924215
0.0523472099202834 1 -29918.4736370756
0.0526129317980514 1 -29898.9809526724
0.0528786536758193 1 -29877.4046975987
0.0531443755535872 1 -29853.7463754394
0.0534100974313552 1 -29828.0076348723
0.0536758193091231 1 -29800.1902695532
0.053941541186891 1 -29770.2962179913
0.054207263064659 1 -29738.3275634138
0.0544729849424269 1 -29704.2865336206
0.0547387068201949 1 -29668.1755008295
0.0550044286979628 1 -29629.9969815104
0.0552701505757307 1 -29589.7536362104
0.0555358724534987 1 -29547.448269368
0.0558015943312666 1 -29503.0838291177
0.0560673162090345 1 -29456.663407085
0.0563330380868025 1 -29408.1902381704
0.0565987599645704 1 -29357.6677003241
0.0568644818423383 1 -29305.099314311
0.0571302037201063 1 -29250.4887434649
0.0573959255978742 1 -29193.8397934333
0.0576616474756422 1 -29135.1564119122
0.0579273693534101 1 -29074.4426883714
0.058193091231178 1 -29011.7028537688
0.058458813108946 1 -28946.941280256
0.0587245349867139 1 -28880.1624808737
0.0589902568644818 1 -28811.371109237
0.0592559787422498 1 -28740.571959211
0.0595217006200177 1 -28667.769964577
0.0597874224977856 1 -28592.9701986885
0.0600531443755536 1 -28516.1778741179
0.0603188662533215 1 -28437.3983422927
0.0605845881310895 1 -28356.6370931234
0.0608503100088574 1 -28273.8997546199
0.0611160318866253 1 -28189.1920925004
0.0613817537643933 1 -28102.5200097888
0.0616474756421612 1 -28013.8895464036
0.0619131975199291 1 -27923.3068787371
0.0621789193976971 1 -27830.7783192248
0.062444641275465 1 -27736.3103159056
0.0627103631532329 1 -27639.9094519724
0.0629760850310009 1 -27541.5824453136
0.0632418069087688 1 -27441.3361480444
0.0635075287865367 1 -27339.17754603
0.0637732506643047 1 -27235.1137583981
0.0640389725420726 1 -27129.1520370432
0.0643046944198406 1 -27021.2997661212
0.0645704162976085 1 -26911.5644615346
0.0648361381753764 1 -26799.9537704091
0.0651018600531444 1 -26686.4754705602
0.0653675819309123 1 -26571.1374699519
0.0656333038086802 1 -26453.9478061447
0.0658990256864482 1 -26334.9146457363
0.0661647475642161 1 -26214.0462837921
0.0664304694419841 1 -26091.3511432671
0.066696191319752 1 -25966.8377744193
0.0669619131975199 1 -25840.5148542133
0.0672276350752879 1 -25712.3911857161
0.0674933569530558 1 -25582.4756974834
0.0677590788308237 1 -25450.7774429376
0.0680248007085917 1 -25317.3055997366
0.0682905225863596 1 -25182.0694691345
0.0685562444641275 1 -25045.0784753331
0.0688219663418955 1 -24906.3421648258
0.0690876882196634 1 -24765.8702057315
0.0693534100974313 1 -24623.6723871215
0.0696191319751993 1 -24479.7586183369
0.0698848538529672 1 -24334.1389282985
0.0701505757307352 1 -24186.8234648074
0.0704162976085031 1 -24037.8224938382
0.070682019486271 1 -23887.1463988236
0.070947741364039 1 -23734.8056799305
0.0712134632418069 1 -23580.8109533285
0.0714791851195748 1 -23425.1729504501
0.0717449069973428 1 -23267.9025172429
0.0720106288751107 1 -23109.0106134135
0.0722763507528787 1 -22948.5083116641
0.0725420726306466 1 -22786.4067969207
0.0728077945084145 1 -22622.7173655535
0.0730735163861825 1 -22457.4514245902
0.0733392382639504 1 -22290.6204909204
0.0736049601417183 1 -22122.2361904937
0.0738706820194863 1 -21952.3102575088
0.0741364038972542 1 -21780.8545335965
0.0744021257750221 1 -21607.880966994
0.0746678476527901 1 -21433.4016117125
0.074933569530558 1 -21257.4286266971
0.0751992914083259 1 -21079.9742749794
0.0754650132860939 1 -20901.0509228231
0.0757307351638618 1 -20720.6710388621
0.0759964570416298 1 -20538.8471932318
0.0762621789193977 1 -20355.5920566929
0.0765279007971656 1 -20170.9183997483
0.0767936226749336 1 -19984.8390917536
0.0770593445527015 1 -19797.36710002
0.0773250664304694 1 -19608.5154889104
0.0775907883082374 1 -19418.2974189297
0.0778565101860053 1 -19226.7261458068
0.0781222320637733 1 -19033.8150195716
0.0783879539415412 1 -18839.5774836241
0.0786536758193091 1 -18644.0270737981
0.0789193976970771 1 -18447.1774174175
0.079185119574845 1 -18249.0422323468
0.0794508414526129 1 -18049.6353260352
0.0797165633303809 1 -17848.9705945543
0.0799822852081488 1 -17647.0620216299
0.0802480070859167 1 -17443.9236776673
0.0805137289636847 1 -17239.5697187709
0.0807794508414526 1 -17034.0143857577
0.0810451727192205 1 -16827.2720031647
0.0813108945969885 1 -16619.3569782511
0.0815766164747564 1 -16410.2837999939
0.0818423383525243 1 -16200.0670380783
0.0821080602302923 1 -15988.7213418826
0.0823737821080602 1 -15776.2614394569
0.0826395039858282 1 -15562.7021364973
0.0829052258635961 1 -15348.0583153136
0.083170947741364 1 -15132.3449337926
0.083436669619132 1 -14915.5770243554
0.0837023914968999 1 -14697.7696929102
0.0839681133746678 1 -14478.9381177993
0.0842338352524358 1 -14259.0975487414
0.0844995571302037 1 -14038.2633057691
0.0847652790079717 1 -13816.4507781612
0.0850310008857396 1 -13593.67542337
0.0852967227635075 1 -13369.9527659448
0.0855624446412755 1 -13145.298396449
0.0858281665190434 1 -12919.7279703748
0.0860938883968113 1 -12693.2572070512
0.0863596102745793 1 -12465.9018885492
0.0866253321523472 1 -12237.6778585819
0.0868910540301151 1 -12008.6010214003
0.0871567759078831 1 -11778.6873406847
0.087422497785651 1 -11547.9528384328
0.0876882196634189 1 -11316.4135938428
0.0879539415411869 1 -11084.0857421931
0.0882196634189548 1 -10850.9854737176
0.0884853852967228 1 -10617.1290324778
0.0887511071744907 1 -10382.5327152304
0.0890168290522586 1 -10147.2128702921
0.0892825509300266 1 -9911.1858964
0.0895482728077945 1 -9674.46824156873
0.0898139946855624 1 -9437.07640194459
0.0900797165633304 1 -9199.0269206558
0.0903454384410983 1 -8960.3363866596
0.0906111603188662 1 -8721.02143358631
0.0908768821966342 1 -8481.09873858015
0.0911426040744021 1 -8240.58502113705
0.09140832595217 1 -7999.49704193953
0.091674047829938 1 -7757.8516016887
0.0919397697077059 1 -7515.66553993346
0.0922054915854739 1 -7272.95573389703
0.0924712134632418 1 -7029.73909730077
0.0927369353410097 1 -6786.03257918556
0.0930026572187777 1 -6541.8531627307
0.0932683790965456 1 -6297.21786407029
0.0935341009743135 1 -6052.14373110753
0.0937998228520815 1 -5806.64784232671
0.0940655447298494 1 -5560.74730560297
0.0943312666076174 1 -5314.45925701017
0.0945969884853853 1 -5067.80085962675
0.0948627103631532 1 -4820.78930233962
0.0951284322409212 1 -4573.44179864631
0.0953941541186891 1 -4325.77558545554
0.095659875996457 1 -4077.80792188586
0.095925597874225 1 -3829.55608806306
0.0961913197519929 1 -3581.03738391587
0.0964570416297608 1 -3332.26912797041
0.0967227635075288 1 -3083.26865614337
0.0969884853852967 1 -2834.0533205338
0.0972542072630646 1 -2584.640488214
0.0975199291408326 1 -2335.04754001924
0.0977856510186005 1 -2085.29186933651
0.0980513728963685 1 -1835.39088089244
0.0983170947741364 1 -1585.36198954044
0.0985828166519043 1 -1335.22261904709
0.0988485385296723 1 -1084.99020087787
0.0991142604074402 1 -834.68217298258
0.0993799822852081 1 -584.315978579942
0.0996457041629761 1 -333.909064942199
0.099911426040744 1 -83.4788821791502
0.100177147918512 1 166.957117977849
0.10044286979628 1 417.381483391992
0.100708591674048 1 667.776762737344
0.100974313551816 1 918.125506714851
0.101240035429584 1 1168.41026926834
0.101505757307352 1 1418.61360880036
0.10177147918512 1 1668.71808938758
0.102037201062887 1 1918.70628199581
0.102302922940655 1 2168.56076569468
0.102568644818423 1 2418.26412887158
0.102834366696191 1 2667.79897044499
0.103100088573959 1 2917.14790107722
0.103365810451727 1 3166.29354438614
0.103631532329495 1 3415.21853815607
0.103897254207263 1 3663.90553554779
0.104162976085031 1 3912.33720630729
0.104428697962799 1 4160.49623797355
0.104694419840567 1 4408.36533708495
0.104960141718335 1 4655.92723038435
0.105225863596103 1 4903.16466602293
0.105491585473871 1 5150.06041476235
0.105757307351639 1 5396.59727117534
0.106023029229407 1 5642.75805484485
0.106288751107174 1 5888.5256115612
0.106554472984942 1 6133.88281451745
0.10682019486271 1 6378.81256550308
0.107085916740478 1 6623.29779609537
0.107351638618246 1 6867.3214688489
0.107617360496014 1 7110.86657848285
0.107883082373782 1 7353.91615306604
0.10814880425155 1 7596.45325519963
0.108414526129318 1 7838.46098319747
0.108680248007086 1 8079.9224722639
0.108945969884854 1 8320.82089566901
0.109211691762622 1 8561.13946592131
0.10947741364039 1 8800.86143593743
0.109743135518158 1 9039.97010020943
0.110008857395926 1 9278.44879596873
0.110274579273694 1 9516.28090434736
0.110540301151461 1 9753.44985153615
0.110806023029229 1 9989.93910993963
0.111071744906997 1 10225.7321993278
0.111337466784765 1 10460.8126879845
0.111603188662533 1 10695.1641938529
0.111868910540301 1 10928.7703856765
0.112134632418069 1 11161.6149841375
0.112400354295837 1 11393.6817629915
0.112666076173605 1 11624.9545501979
0.112931798051373 1 11855.4172290469
0.113197519929141 1 12085.0537392829
0.113463241806909 1 12313.8480782234
0.113728963684677 1 12541.7843018745
0.113994685562445 1 12768.8465260415
0.114260407440213 1 12995.0189274363
0.114526129317981 1 13220.2857447799
0.114791851195748 1 13444.6312799007
0.115057573073516 1 13668.0398988284
0.115323294951284 1 13890.4960328838
0.115589016829052 1 14111.9841797635
0.11585473870682 1 14332.4889046199
0.116120460584588 1 14551.9948411376
0.116386182462356 1 14770.4866926036
0.116651904340124 1 14987.9492329733
0.116917626217892 1 15204.367307932
0.11718334809566 1 15419.7258359503
0.117449069973428 1 15634.009809336
0.117714791851196 1 15847.2042952788
0.117980513728964 1 16059.294436892
0.118246235606732 1 16270.2654542471
0.1185119574845 1 16480.1026454041
0.118777679362267 1 16688.7913874359
0.119043401240035 1 16896.3171374476
0.119309123117803 1 17102.6654335894
0.119574844995571 1 17307.8218960651
0.119840566873339 1 17511.7722281336
0.120106288751107 1 17714.5022171055
0.120372010628875 1 17915.9977353334
0.120637732506643 1 18116.2447411965
0.120903454384411 1 18315.2292800792
0.121169176262179 1 18512.9374853434
0.121434898139947 1 18709.3555792948
0.121700620017715 1 18904.4698741432
0.121966341895483 1 19098.2667729561
0.122232063773251 1 19290.7327706067
0.122497785651019 1 19481.8544547144
0.122763507528787 1 19671.6185065801
0.123029229406554 1 19860.0117021137
0.123294951284322 1 20047.0209127562
0.12356067316209 1 20232.6331063944
0.123826395039858 1 20416.8353482689
0.124092116917626 1 20599.6148018758
0.124357838795394 1 20780.9587298609
0.124623560673162 1 20960.8544949075
0.12488928255093 1 21139.2895606173
0.125155004428698 1 21316.2514923833
0.125420726306466 1 21491.7279582573
0.125686448184234 1 21665.7067298085
0.125952170062002 1 21838.1756829759
0.12621789193977 1 22009.1227989135
0.126483613817538 1 22178.5361648274
0.126749335695306 1 22346.4039748062
0.127015057573073 1 22512.7145306435
0.127280779450841 1 22677.4562426537
0.127546501328609 1 22840.6176304788
0.127812223206377 1 23002.1873238892
0.128077945084145 1 23162.1540635755
0.128343666961913 1 23320.5067019335
0.128609388839681 1 23477.2342038409
0.128875110717449 1 23632.3256474262
0.129140832595217 1 23785.7702248299
0.129406554472985 1 23937.5572429579
0.129672276350753 1 24087.6761242262
0.129937998228521 1 24236.1164072985
0.130203720106289 1 24382.8677478148
0.130469441984057 1 24527.9199191126
0.130735163861825 1 24671.2628129393
0.131000885739593 1 24812.8864401569
0.13126660761736 1 24952.7809314378
0.131532329495128 1 25090.9365379528
0.131798051372896 1 25227.3436320504
0.132063773250664 1 25361.9927079276
0.132329495128432 1 25494.8743822926
0.1325952170062 1 25625.9793950185
0.132860938883968 1 25755.2986097885
0.133126660761736 1 25882.8230147328
0.133392382639504 1 26008.5437230565
0.133658104517272 1 26132.4519736592
0.13392382639504 1 26254.5391317448
0.134189548272808 1 26374.7966894241
0.134455270150576 1 26493.2162663071
0.134720992028344 1 26609.7896100872
0.134986713906112 1 26724.5085971162
0.13525243578388 1 26837.3652329708
0.135518157661647 1 26948.351653009
0.135783879539415 1 27057.4601229187
0.136049601417183 1 27164.6830392567
0.136315323294951 1 27270.0129299781
0.136581045172719 1 27373.4424549575
0.136846767050487 1 27474.9644065002
0.137112488928255 1 27574.5717098448
0.137378210806023 1 27672.2574236558
0.137643932683791 1 27768.0147405076
0.137909654561559 1 27861.8369873588
0.138175376439327 1 27953.7176260174
0.138441098317095 1 28043.6502535959
0.138706820194863 1 28131.6286029584
0.138972542072631 1 28217.6465431564
0.139238263950399 1 28301.6980798566
0.139503985828167 1 28383.7773557584
0.139769707705934 1 28463.8786510024
0.140035429583702 1 28541.9963835686
0.14030115146147 1 28618.1251096654
0.140566873339238 1 28692.2595241095
0.140832595217006 1 28764.3944606948
0.141098317094774 1 28834.5248925532
0.141364038972542 1 28902.6459325043
0.14162976085031 1 28968.7528333964
0.141895482728078 1 29032.840988437
0.142161204605846 1 29094.9059315139
0.142426926483614 1 29154.9433375068
0.142692648361382 1 29212.9490225882
0.14295837023915 1 29268.918944515
0.143224092116918 1 29322.8492029107
0.143489813994686 1 29374.7360395367
0.143755535872453 1 29424.5758385542
0.144021257750221 1 29472.3651267766
0.144286979627989 1 29518.1005739111
0.144552701505757 1 29561.7789927911
0.144818423383525 1 29603.3973395979
0.145084145261293 1 29642.9527140734
0.145349867139061 1 29680.4423597216
0.145615589016829 1 29715.8636640011
0.145881310894597 1 29749.214158507
0.146147032772365 1 29780.4915191431
0.146412754650133 1 29809.6935662834
0.146678476527901 1 29836.8182649245
0.146944198405669 1 29861.8637248272
0.147209920283437 1 29884.8282006482
0.147475642161205 1 29905.7100920618
0.147741364038973 1 29924.5079438714
0.14800708591674 1 29941.2204461107
0.148272807794508 1 29955.8464341356
0.148538529672276 1 29968.3848887044
0.148804251550044 1 29978.8349360499
0.149069973427812 1 29987.1958479393
0.14933569530558 1 29993.4670417258
0.149601417183348 1 29997.6480803886
0.149867139061116 1 29999.7386725635
0.150132860938884 1 29999.7386725635
0.150398582816652 1 29997.6480803886
0.15066430469442 1 29993.4670417258
0.150930026572188 1 29987.1958479393
0.151195748449956 1 29978.8349360499
0.151461470327724 1 29968.3848887044
0.151727192205492 1 29955.8464341356
0.15199291408326 1 29941.2204461107
0.152258635961027 1 29924.5079438714
0.152524357838795 1 29905.7100920618
0.152790079716563 1 29884.8282006482
0.153055801594331 1 29861.8637248272
0.153321523472099 1 29836.8182649245
0.153587245349867 1 29809.6935662834
0.153852967227635 1 29780.4915191431
0.154118689105403 1 29749.214158507
0.154384410983171 1 29715.8636640011
0.154650132860939 1 29680.4423597216
0.154915854738707 1 29642.9527140734
0.155181576616475 1 29603.3973395979
0.155447298494243 1 29561.7789927911
0.155713020372011 1 29518.1005739111
0.155978742249779 1 29472.3651267766
0.156244464127547 1 29424.5758385542
0.156510186005314 1 29374.7360395367
0.156775907883082 1 29322.8492029107
0.15704162976085 1 29268.918944515
0.157307351638618 1 29212.9490225882
0.157573073516386 1 29154.9433375068
0.157838795394154 1 29094.905931514
0.158104517271922 1 29032.840988437
0.15837023914969 1 28968.7528333964
0.158635961027458 1 28902.6459325043
0.158901682905226 1 28834.5248925532
0.159167404782994 1 28764.3944606948
0.159433126660762 1 28692.2595241095
0.15969884853853 1 28618.1251096654
0.159964570416298 1 28541.9963835686
0.160230292294066 1 28463.8786510024
0.160496014171833 1 28383.7773557584
0.160761736049601 1 28301.6980798566
0.161027457927369 1 28217.6465431564
0.161293179805137 1 28131.6286029584
0.161558901682905 1 28043.650253596
0.161824623560673 1 27953.7176260174
0.162090345438441 1 27861.8369873589
0.162356067316209 1 27768.0147405076
0.162621789193977 1 27672.2574236558
0.162887511071745 1 27574.5717098448
0.163153232949513 1 27474.9644065002
0.163418954827281 1 27373.4424549575
0.163684676705049 1 27270.0129299781
0.163950398582817 1 27164.6830392567
0.164216120460585 1 27057.4601229187
0.164481842338353 1 26948.351653009
0.16474756421612 1 26837.3652329708
0.165013286093888 1 26724.5085971163
0.165279007971656 1 26609.7896100872
0.165544729849424 1 26493.2162663071
0.165810451727192 1 26374.7966894241
0.16607617360496 1 26254.5391317448
0.166341895482728 1 26132.4519736592
0.166607617360496 1 26008.5437230565
0.166873339238264 1 25882.8230147328
0.167139061116032 1 25755.2986097885
0.1674047829938 1 25625.9793950185
0.167670504871568 1 25494.8743822927
0.167936226749336 1 25361.9927079276
0.168201948627104 1 25227.3436320504
0.168467670504872 1 25090.9365379528
0.168733392382639 1 24952.7809314378
0.168999114260407 1 24812.8864401569
0.169264836138175 1 24671.2628129393
0.169530558015943 1 24527.9199191126
0.169796279893711 1 24382.8677478148
0.170062001771479 1 24236.1164072985
0.170327723649247 1 24087.6761242262
0.170593445527015 1 23937.5572429579
0.170859167404783 1 23785.7702248299
0.171124889282551 1 23632.3256474262
0.171390611160319 1 23477.2342038409
0.171656333038087 1 23320.5067019336
0.171922054915855 1 23162.1540635755
0.172187776793623 1 23002.1873238892
0.172453498671391 1 22840.6176304788
0.172719220549159 1 22677.4562426537
0.172984942426926 1 22512.7145306435
0.173250664304694 1 22346.4039748062
0.173516386182462 1 22178.5361648274
0.17378210806023 1 22009.1227989135
0.174047829937998 1 21838.1756829759
0.174313551815766 1 21665.7067298085
0.174579273693534 1 21491.7279582573
0.174844995571302 1 21316.2514923833
0.17511071744907 1 21139.2895606173
0.175376439326838 1 20960.8544949076
0.175642161204606 1 20780.9587298609
0.175907883082374 1 20599.6148018759
0.176173604960142 1 20416.835348269
0.17643932683791 1 20232.6331063944
0.176705048715678 1 20047.0209127562
0.176970770593446 1 19860.0117021137
0.177236492471213 1 19671.6185065801
0.177502214348981 1 19481.8544547144
0.177767936226749 1 19290.7327706067
0.178033658104517 1 19098.2667729561
0.178299379982285 1 18904.4698741432
0.178565101860053 1 18709.3555792948
0.178830823737821 1 18512.9374853434
0.179096545615589 1 18315.2292800793
0.179362267493357 1 18116.2447411965
0.179627989371125 1 17915.9977353334
0.179893711248893 1 17714.5022171055
0.180159433126661 1 17511.7722281336
0.180425155004429 1 17307.8218960651
0.180690876882197 1 17102.6654335894
0.180956598759965 1 16896.3171374476
0.181222320637732 1 16688.7913874359
0.1814880425155 1 16480.1026454041
0.181753764393268 1 16270.2654542471
0.182019486271036 1 16059.294436892
0.182285208148804 1 15847.2042952788
0.182550930026572 1 15634.009809336
0.18281665190434 1 15419.7258359504
0.183082373782108 1 15204.367307932
0.183348095659876 1 14987.9492329734
0.183613817537644 1 14770.4866926036
0.183879539415412 1 14551.9948411377
0.18414526129318 1 14332.4889046199
0.184410983170948 1 14111.9841797635
0.184676705048716 1 13890.4960328839
0.184942426926484 1 13668.0398988285
0.185208148804252 1 13444.6312799007
0.185473870682019 1 13220.2857447799
0.185739592559787 1 12995.0189274364
0.186005314437555 1 12768.8465260416
0.186271036315323 1 12541.7843018745
0.186536758193091 1 12313.8480782235
0.186802480070859 1 12085.0537392829
0.187068201948627 1 11855.4172290469
0.187333923826395 1 11624.9545501979
0.187599645704163 1 11393.6817629915
0.187865367581931 1 11161.6149841375
0.188131089459699 1 10928.7703856765
0.188396811337467 1 10695.1641938529
0.188662533215235 1 10460.8126879846
0.188928255093003 1 10225.7321993278
0.189193976970771 1 9989.93910993964
0.189459698848538 1 9753.4498515362
0.189725420726306 1 9516.28090434741
0.189991142604074 1 9278.44879596875
0.190256864481842 1 9039.97010020946
0.19052258635961 1 8800.86143593747
0.190788308237378 1 8561.13946592133
0.191054030115146 1 8320.82089566905
0.191319751992914 1 8079.92247226391
0.191585473870682 1 7838.46098319748
0.19185119574845 1 7596.45325519965
0.192116917626218 1 7353.91615306606
0.192382639503986 1 7110.86657848288
0.192648361381754 1 6867.32146884892
0.192914083259522 1 6623.29779609537
0.19317980513729 1 6378.81256550311
0.193445527015058 1 6133.88281451749
0.193711248892825 1 5888.52561156123
0.193976970770593 1 5642.7580548449
0.194242692648361 1 5396.59727117536
0.194508414526129 1 5150.06041476236
0.194774136403897 1 4903.16466602296
0.195039858281665 1 4655.92723038437
0.195305580159433 1 4408.36533708497
0.195571302037201 1 4160.49623797359
0.195837023914969 1 3912.3372063073
0.196102745792737 1 3663.9055355478
0.196368467670505 1 3415.21853815609
0.196634189548273 1 3166.29354438615
0.196899911426041 1 2917.14790107727
0.197165633303809 1 2667.79897044505
0.197431355181577 1 2418.2641288716
0.197697077059345 1 2168.56076569472
0.197962798937112 1 1918.70628199585
0.19822852081488 1 1668.71808938761
0.198494242692648 1 1418.6136088004
0.198759964570416 1 1168.41026926835
0.199025686448184 1 918.125506714862
0.199291408325952 1 667.776762737368
0.19955713020372 1 417.381483392016
0.199822852081488 1 166.95711797786
0.200088573959256 1 -83.4788821791259
0.200354295837024 1 -333.909064942201
0.200620017714792 1 -584.315978579918
0.20088573959256 1 -834.682172982542
0.201151461470328 1 -1084.99020087784
0.201417183348096 1 -1335.22261904704
0.201682905225864 1 -1585.3619895404
0.201948627103632 1 -1835.39088089243
0.202214348981399 1 -2085.29186933649
0.202480070859167 1 -2335.04754001922
0.202745792736935 1 -2584.64048821397
0.203011514614703 1 -2834.05332053377
0.203277236492471 1 -3083.26865614336
0.203542958370239 1 -3332.26912797041
0.203808680248007 1 -3581.03738391586
0.204074402125775 1 -3829.55608806303
0.204340124003543 1 -4077.80792188582
0.204605845881311 1 -4325.77558545549
0.204871567759079 1 -4573.44179864629
0.205137289636847 1 -4820.78930233958
0.205403011514615 1 -5067.80085962673
0.205668733392383 1 -5314.45925701015
0.205934455270151 1 -5560.74730560293
0.206200177147918 1 -5806.64784232667
0.206465899025686 1 -6052.14373110752
0.206731620903454 1 -6297.21786407027
0.206997342781222 1 -6541.85316273068
0.20726306465899 1 -6786.03257918555
0.207528786536758 1 -7029.73909730075
0.207794508414526 1 -7272.955733897
0.208060230292294 1 -7515.66553993344
0.208325952170062 1 -7757.85160168867
0.20859167404783 1 -7999.49704193949
0.208857395925598 1 -8240.58502113701
0.209123117803366 1 -8481.09873858011
0.209388839681134 1 -8721.02143358629
0.209654561558902 1 -8960.33638665958
0.20992028343667 1 -9199.02692065578
0.210186005314438 1 -9437.07640194457
0.210451727192205 1 -9674.46824156869
0.210717449069973 1 -9911.18589639996
0.210983170947741 1 -10147.2128702921
0.211248892825509 1 -10382.5327152304
0.211514614703277 1 -10617.1290324777
0.211780336581045 1 -10850.9854737176
0.212046058458813 1 -11084.085742193
0.212311780336581 1 -11316.4135938428
0.212577502214349 1 -11547.9528384327
0.212843224092117 1 -11778.6873406846
0.213108945969885 1 -12008.6010214002
0.213374667847653 1 -12237.6778585819
0.213640389725421 1 -12465.9018885492
0.213906111603189 1 -12693.2572070512
0.214171833480957 1 -12919.7279703748
0.214437555358725 1 -13145.298396449
0.214703277236492 1 -13369.9527659447
0.21496899911426 1 -13593.67542337
0.215234720992028 1 -13816.4507781611
0.215500442869796 1 -14038.2633057691
0.215766164747564 1 -14259.0975487413
0.216031886625332 1 -14478.9381177992
0.2162976085031 1 -14697.7696929102
0.216563330380868 1 -14915.5770243554
0.216829052258636 1 -15132.3449337926
0.217094774136404 1 -15348.0583153136
0.217360496014172 1 -15562.7021364973
0.21762621789194 1 -15776.2614394569
0.217891939769708 1 -15988.7213418825
0.218157661647476 1 -16200.0670380783
0.218423383525244 1 -16410.2837999939
0.218689105403012 1 -16619.3569782511
0.218954827280779 1 -16827.2720031647
0.219220549158547 1 -17034.0143857576
0.219486271036315 1 -17239.5697187709
0.219751992914083 1 -17443.9236776673
0.220017714791851 1 -17647.0620216299
0.220283436669619 1 -17848.9705945543
0.220549158547387 1 -18049.6353260351
0.220814880425155 1 -18249.0422323468
0.221080602302923 1 -18447.1774174175
0.221346324180691 1 -18644.0270737981
0.221612046058459 1 -18839.5774836241
0.221877767936227 1 -19033.8150195716
0.222143489813995 1 -19226.7261458068
0.222409211691763 1 -19418.2974189297
0.222674933569531 1 -19608.5154889104
0.222940655447298 1 -19797.36710002
0.223206377325066 1 -19984.8390917536
0.223472099202834 1 -20170.9183997483
0.223737821080602 1 -20355.5920566928
0.22400354295837 1 -20538.8471932318
0.224269264836138 1 -20720.6710388621
0.224534986713906 1 -20901.050922823
0.224800708591674 1 -21079.9742749793
0.225066430469442 1 -21257.4286266971
0.22533215234721 1 -21433.4016117125
0.225597874224978 1 -21607.880966994
0.225863596102746 1 -21780.8545335965
0.226129317980514 1 -21952.3102575088
0.226395039858282 1 -22122.2361904937
0.22666076173605 1 -22290.6204909204
0.226926483613818 1 -22457.4514245902
0.227192205491585 1 -22622.7173655535
0.227457927369353 1 -22786.4067969207
0.227723649247121 1 -22948.5083116641
0.227989371124889 1 -23109.0106134135
0.228255093002657 1 -23267.9025172429
0.228520814880425 1 -23425.1729504501
0.228786536758193 1 -23580.8109533285
0.229052258635961 1 -23734.8056799304
0.229317980513729 1 -23887.1463988236
0.229583702391497 1 -24037.8224938382
0.229849424269265 1 -24186.8234648073
0.230115146147033 1 -24334.1389282984
0.230380868024801 1 -24479.7586183369
0.230646589902569 1 -24623.6723871214
0.230912311780337 1 -24765.8702057315
0.231178033658104 1 -24906.3421648258
0.231443755535872 1 -25045.0784753331
0.23170947741364 1 -25182.0694691344
0.231975199291408 1 -25317.3055997366
0.232240921169176 1 -25450.7774429376
0.232506643046944 1 -25582.4756974834
0.232772364924712 1 -25712.3911857161
0.23303808680248 1 -25840.5148542133
0.233303808680248 1 -25966.8377744193
0.233569530558016 1 -26091.3511432671
0.233835252435784 1 -26214.0462837921
0.234100974313552 1 -26334.9146457363
0.23436669619132 1 -26453.9478061447
0.234632418069088 1 -26571.1374699519
0.234898139946856 1 -26686.4754705602
0.235163861824624 1 -26799.9537704091
0.235429583702391 1 -26911.5644615346
0.235695305580159 1 -27021.2997661212
0.235961027457927 1 -27129.1520370432
0.236226749335695 1 -27235.1137583981
0.236492471213463 1 -27339.17754603
0.236758193091231 1 -27441.3361480444
0.237023914968999 1 -27541.5824453136
0.237289636846767 1 -27639.9094519724
0.237555358724535 1 -27736.3103159055
0.237821080602303 1 -27830.7783192248
0.238086802480071 1 -27923.3068787371
0.238352524357839 1 -28013.8895464036
0.238618246235607 1 -28102.5200097888
0.238883968113375 1 -28189.1920925004
0.239149689991143 1 -28273.8997546199
0.239415411868911 1 -28356.6370931233
0.239681133746678 1 -28437.3983422927
0.239946855624446 1 -28516.1778741179
0.240212577502214 1 -28592.9701986885
0.240478299379982 1 -28667.769964577
0.24074402125775 1 -28740.571959211
0.241009743135518 1 -28811.371109237
0.241275465013286 1 -28880.1624808737
0.241541186891054 1 -28946.941280256
0.241806908768822 1 -29011.7028537688
0.24207263064659 1 -29074.4426883714
0.242338352524358 1 -29135.1564119122
0.242604074402126 1 -29193.8397934332
0.242869796279894 1 -29250.4887434649
0.243135518157662 1 -29305.099314311
0.24340124003543 1 -29357.6677003241
0.243666961913198 1 -29408.1902381703
0.243932683790965 1 -29456.663407085
0.244198405668733 1 -29503.0838291177
0.244464127546501 1 -29547.448269368
0.244729849424269 1 -29589.7536362104
0.244995571302037 1 -29629.9969815104
0.245261293179805 1 -29668.1755008295
0.245527015057573 1 -29704.2865336206
0.245792736935341 1 -29738.3275634138
0.246058458813109 1 -29770.2962179913
0.246324180690877 1 -29800.1902695532
0.246589902568645 1 -29828.0076348723
0.246855624446413 1 -29853.7463754394
0.247121346324181 1 -29877.4046975987
0.247387068201949 1 -29898.9809526724
0.247652790079717 1 -29918.4736370756
0.247918511957484 1 -29935.8813924215
0.248184233835252 1 -29951.2030056155
0.24844995571302 1 -29964.4374089402
0.248715677590788 1 -29975.5836801295
0.248981399468556 1 -29984.6410424332
0.249247121346324 1 -29991.6088646707
0.249512843224092 1 -29996.4866612753
0.24977856510186 1 -29999.2740923279
0.250044286979628 1 -29999.9709635807
0.250310008857396 1 -29998.5772264709
0.250575730735164 1 -29995.0929781239
0.250841452612932 1 -29989.5184613465
0.2511071744907 1 -29981.8540646102
0.251372896368468 1 -29972.1003220238
0.251638618246236 1 -29960.2579132965
0.251904340124004 1 -29946.3276636905
0.252170062001771 1 -29930.3105439632
0.252435783879539 1 -29912.2076702999
0.252701505757307 1 -29892.0203042357
0.252967227635075 1 -29869.7498525678
0.253232949512843 1 -29845.3978672576
0.253498671390611 1 -29818.9660453221
0.253764393268379 1 -29790.4562287161
0.254030115146147 1 -29759.8704042035
0.254295837023915 1 -29727.210703219
0.254561558901683 1 -29692.4794017197
0.254827280779451 1 -29655.6789200262
0.255093002657219 1 -29616.8118226542
0.255358724534987 1 -29575.8808181355
0.255624446412755 1 -29532.8887588297
0.255890168290523 1 -29487.8386407249
0.25615589016829 1 -29440.7336032292
0.256421612046058 1 -29391.576928952
0.256687333923826 1 -29340.3720434751
0.256953055801594 1 -29287.1225151141
0.257218777679362 1 -29231.8320546694
0.25748449955713 1 -29174.5045151682
0.257750221434898 1 -29115.1438915954
0.258015943312666 1 -29053.7543206155
0.258281665190434 1 -28990.3400802843
0.258547387068202 1 -28924.9055897509
0.25881310894597 1 -28857.4554089494
0.259078830823738 1 -28787.9942382815
0.259344552701506 1 -28716.5269182886
0.259610274579274 1 -28643.0584293148
0.259875996457042 1 -28567.5938911597
0.26014171833481 1 -28490.1385627214
0.260407440212578 1 -28410.6978416304
0.260673162090345 1 -28329.2772638733
0.260938883968113 1 -28245.8825034069
0.261204605845881 1 -28160.5193717631
0.261470327723649 1 -28073.1938176434
0.261736049601417 1 -27983.9119265048
0.262001771479185 1 -27892.6799201357
0.262267493356953 1 -27799.504156222
0.262533215234721 1 -27704.3911279044
0.262798937112489 1 -27607.3474633258
0.263064658990257 1 -27508.3799251692
0.263330380868025 1 -27407.4954101868
0.263596102745793 1 -27304.700948719
0.263861824623561 1 -27200.0037042047
0.264127546501329 1 -27093.4109726824
0.264393268379097 1 -26984.9301822809
0.264658990256864 1 -26874.5688927025
0.264924712134632 1 -26762.3347946958
0.2651904340124 1 -26648.2357095199
0.265456155890168 1 -26532.2795883991
0.265721877767936 1 -26414.4745119692
0.265987599645704 1 -26294.8286897141
0.266253321523472 1 -26173.3504593937
0.26651904340124 1 -26050.048286463
0.266784765279008 1 -25924.9307634821
0.267050487156776 1 -25798.0066095175
0.267316209034544 1 -25669.2846695342
0.267581930912312 1 -25538.7739137799
0.26784765279008 1 -25406.4834371592
0.268113374667848 1 -25272.4224586002
0.268379096545616 1 -25136.6003204121
0.268644818423384 1 -24999.026487634
0.268910540301151 1 -24859.7105473753
0.269176262178919 1 -24718.6622081478
0.269441984056687 1 -24575.8912991889
0.269707705934455 1 -24431.4077697768
0.269973427812223 1 -24285.221688537
0.270239149689991 1 -24137.3432427408
0.270504871567759 1 -23987.7827375955
0.270770593445527 1 -23836.5505955258
0.271036315323295 1 -23683.657355448
0.271302037201063 1 -23529.1136720353
0.271567759078831 1 -23372.9303149753
0.271833480956599 1 -23215.1181682197
0.272099202834367 1 -23055.6882292256
0.272364924712135 1 -22894.6516081891
0.272630646589903 1 -22732.0195272713
0.27289636846767 1 -22567.8033198163
0.273162090345438 1 -22402.0144295608
0.273427812223206 1 -22234.6644098375
0.273693534100974 1 -22065.7649227693
0.273959255978742 1 -21895.327738457
0.27422497785651 1 -21723.3647341587
0.274490699734278 1 -21549.8878934627
0.274756421612046 1 -21374.9093054517
0.275022143489814 1 -21198.4411638609
0.275287865367582 1 -21020.4957662279
0.27555358724535 1 -20841.085513036
0.275819309123118 1 -20660.2229068497
0.276085031000886 1 -20477.9205514437
0.276350752878654 1 -20294.1911509248
0.276616474756422 1 -20109.047508846
0.27688219663419 1 -19922.5025273146
0.277147918511957 1 -19734.5692060932
0.277413640389725 1 -19545.2606416936
0.277679362267493 1 -19354.5900264641
0.277945084145261 1 -19162.5706476704
0.278210806023029 1 -18969.2158865693
0.278476527900797 1 -18774.5392174767
0.278742249778565 1 -18578.554206828
0.279007971656333 1 -18381.2745122331
0.279273693534101 1 -18182.7138815248
0.279539415411869 1 -17982.8861518003
0.279805137289637 1 -17781.805248457
0.280070859167405 1 -17579.4851842226
0.280336581045173 1 -17375.9400581779
0.280602302922941 1 -17171.1840547747
0.280868024800709 1 -16965.2314428473
0.281133746678477 1 -16758.0965746181
0.281399468556244 1 -16549.7938846972
0.281665190434012 1 -16340.3378890769
0.28193091231178 1 -16129.7431841198
0.282196634189548 1 -15918.0244455418
0.282462356067316 1 -15705.1964273895
0.282728077945084 1 -15491.2739610116
0.282993799822852 1 -15276.2719540259
0.28325952170062 1 -15060.2053892799
0.283525243578388 1 -14843.0893238071
0.283790965456156 1 -14624.9388877776
0.284056687333924 1 -14405.7692834436
0.284322409211692 1 -14185.5957840802
0.28458813108946 1 -13964.4337329207
0.284853852967228 1 -13742.2985420881
0.285119574844996 1 -13519.2056915201
0.285385296722763 1 -13295.1707278911
0.285651018600531 1 -13070.2092635284
0.285916740478299 1 -12844.3369753247
0.286182462356067 1 -12617.5696036448
0.286448184233835 1 -12389.9229512296
0.286713906111603 1 -12161.4128820941
0.286979627989371 1 -11932.0553204228
0.287245349867139 1 -11701.8662494587
0.287511071744907 1 -11470.8617103907
0.287776793622675 1 -11239.0578012351
0.288042515500443 1 -11006.4706757138
0.288308237378211 1 -10773.116542129
0.288573959255979 1 -10539.011662233
0.288839681133747 1 -10304.1723500957
0.289105403011515 1 -10068.6149709672
0.289371124889283 1 -9832.35594013768
0.28963684676705 1 -9595.41172179313
0.289902568644818 1 -9357.79882786854
0.290168290522586 1 -9119.53381689655
0.290434012400354 1 -8880.63329285416
0.290699734278122 1 -8641.11390400519
0.29096545615589 1 -8400.99234174035
0.291231178033658 1 -8160.28533941413
0.291496899911426 1 -7919.00967117839
0.291762621789194 1 -7677.18215081383
0.292028343666962 1 -7434.81963055788
0.29229406554473 1 -7191.93899993071
0.292559787422498 1 -6948.55718455779
0.292825509300266 1 -6704.69114499104
0.293091231178034 1 -6460.35787552612
0.293356953055802 1 -6215.57440301885
0.29362267493357 1 -5970.35778569811
0.293888396811337 1 -5724.72511197758
0.294154118689105 1 -5478.69349926445
0.294419840566873 1 -5232.28009276698
0.294685562444641 1 -4985.50206429935
0.294951284322409 1 -4738.37661108515
0.295217006200177 1 -4490.92095455913
0.295482728077945 1 -4243.1523391667
0.295748449955713 1 -3995.08803116261
0.296014171833481 1 -3746.74531740748
0.296279893711249 1 -3498.14150416324
0.296545615589017 1 -3249.29391588694
0.296811337466785 1 -3000.21989402375
0.297077059344553 1 -2750.93679579815
0.297342781222321 1 -2501.46199300471
0.297608503100089 1 -2251.81287079712
0.297874224977856 1 -2002.00682647708
0.298139946855624 1 -1752.06126828155
0.298405668733392 1 -1501.99361416982
0.29867139061116 1 -1251.82129060977
0.298937112488928 1 -1001.56173136334
0.299202834366696 1 -751.232376271688
0.299468556244464 1 -500.850670039715
0.299734278122232 1 -250.434061020706
0.3 4 0
0.300088573959256 4 0
0.300177147918512 4 0
0.300265721877768 4 0
0.300354295837024 4 0
0.30044286979628 4 0
0.300531443755536 4 0
0.300620017714792 4 0
0.300708591674048 4 0
0.300797165633304 4 0
0.30088573959256 4 0
0.300974313551816 4 0
0.301062887511072 4 0
0.301151461470328 4 0
0.301240035429584 4 0
0.30132860938884 4 0
0.301417183348096 4 0
0.301505757307352 4 0
0.301594331266608 4 0
0.301682905225864 4 0
0.30177147918512 4 0
0.301860053144376 4 0
0.301948627103632 4 0
0.302037201062888 4 0
0.302125775022143 4 0
0.302214348981399 4 0
0.302302922940655 4 0
0.302391496899911 4 0
0.302480070859167 4 0
0.302568644818423 4 0
0.302657218777679 4 0
0.302745792736935 4 0
0.302834366696191 4 0
0.302922940655447 4 0
0.303011514614703 4 0
0.303100088573959 4 0
0.303188662533215 4 0
0.303277236492471 4 0
0.303365810451727 4 0
0.303454384410983 4 0
0.303542958370239 4 0
0.303631532329495 4 0
0.303720106288751 4 0
0.303808680248007 4 0
0.303897254207263 4 0
0.303985828166519 4 0
0.304074402125775 4 0
0.304162976085031 4 0
0.304251550044287 4 0
0.304340124003543 4 0
0.304428697962799 4 0
0.304517271922055 4 0
0.304605845881311 4 0
0.304694419840567 4 0
0.304782993799823 4 0
0.304871567759079 4 0
0.304960141718335 4 0
0.305048715677591 4 0
0.305137289636847 4 0
0.305225863596103 4 0
0.305314437555359 4 0
0.305403011514615 4 0
0.305491585473871 4 0
0.305580159433127 4 0
0.305668733392383 4 0
0.305757307351639 4 0
0.305845881310895 4 0
0.305934455270151 4 0
0.306023029229407 4 0
0.306111603188663 4 0
0.306200177147919 4 0
0.306288751107174 4 0
0.30637732506643 4 0
0.306465899025686 4 0
0.306554472984942 4 0
0.306643046944198 4 0
0.306731620903454 4 0
0.30682019486271 4 0
0.306908768821966 4 0
0.306997342781222 4 0
0.307085916740478 4 0
0.307174490699734 4 0
0.30726306465899 4 0
0.307351638618246 4 0
0.307440212577502 4 0
0.307528786536758 4 0
0.307617360496014 4 0
0.30770593445527 4 0
0.307794508414526 4 0
0.307883082373782 4 0
0.307971656333038 4 0
0.308060230292294 4 0
0.30814880425155 4 0
0.308237378210806 4 0
0.308325952170062 4 0
0.308414526129318 4 0
0.308503100088574 4 0
0.30859167404783 4 0
0.308680248007086 4 0
0.308768821966342 4 0
0.308857395925598 4 0
0.308945969884854 4 0
0.30903454384411 4 0
0.309123117803366 4 0
0.309211691762622 4 0
0.309300265721878 4 0
0.309388839681134 4 0
0.30947741364039 4 0
0.309565987599646 4 0
0.309654561558902 4 0
0.309743135518158 4 0
0.309831709477414 4 0
0.30992028343667 4 0
0.310008857395926 4 0
0.310097431355182 4 0
0.310186005314438 4 0
0.310274579273694 4 0
0.310363153232949 4 0
0.310451727192205 4 0
0.310540301151461 4 0
0.310628875110717 4 0
0.310717449069973 4 0
0.310806023029229 4 0
0.310894596988485 4 0
0.310983170947741 4 0
0.311071744906997 4 0
0.311160318866253 4 0
0.311248892825509 4 0
0.311337466784765 4 0
0.311426040744021 4 0
0.311514614703277 4 0
0.311603188662533 4 0
0.311691762621789 4 0
0.311780336581045 4 0
0.311868910540301 4 0
0.311957484499557 4 0
0.312046058458813 4 0
0.312134632418069 4 0
0.312223206377325 4 0
0.312311780336581 4 0
0.312400354295837 4 0
0.312488928255093 4 0
0.312577502214349 4 0
0.312666076173605 4 0
0.312754650132861 4 0
0.312843224092117 4 0
0.312931798051373 4 0
0.313020372010629 4 0
0.313108945969885 4 0
0.313197519929141 4 0
0.313286093888397 4 0
0.313374667847653 4 0
0.313463241806909 4 0
0.313551815766165 4 0
0.313640389725421 4 0
0.313728963684677 4 0
0.313817537643933 4 0
0.313906111603189 4 0
0.313994685562445 4 0
0.314083259521701 4 0
0.314171833480957 4 0
0.314260407440213 4 0
0.314348981399469 4 0
0.314437555358725 4 0
0.314526129317981 4 0
0.314614703277237 4 0
0.314703277236492 4 0
0.314791851195748 4 0
0.314880425155004 4 0
0.31496899911426 4 0
0.315057573073516 4 0
0.315146147032772 4 0
0.315234720992028 4 0
0.315323294951284 4 0
0.31541186891054 4 0
0.315500442869796 4 0
0.315589016829052 4 0
0.315677590788308 4 0
0.315766164747564 4 0
0.31585473870682 4 0
0.315943312666076 4 0
0.316031886625332 4 0
0.316120460584588 4 0
0.316209034543844 4 0
0.3162976085031 4 0
0.316386182462356 4 0
0.316474756421612 4 0
0.316563330380868 4 0
0.316651904340124 4 0
0.31674047829938 4 0
0.316829052258636 4 0
0.316917626217892 4 0
0.317006200177148 4 0
0.317094774136404 4 0
0.31718334809566 4 0
0.317271922054916 4 0
0.317360496014172 4 0
0.317449069973428 4 0
0.317537643932684 4 0
0.31762621789194 4 0
0.317714791851196 4 0
0.317803365810452 4 0
0.317891939769708 4 0
0.317980513728964 4 0
0.31806908768822 4 0
0.318157661647476 4 0
0.318246235606732 4 0
0.318334809565988 4 0
0.318423383525244 4 0
0.3185119574845 4 0
0.318600531443756 4 0
0.318689105403011 4 0
0.318777679362267 4 0
0.318866253321523 4 0
0.318954827280779 4 0
0.319043401240035 4 0
0.319131975199291 4 0
0.319220549158547 4 0
0.319309123117803 4 0
0.319397697077059 4 0
0.319486271036315 4 0
0.319574844995571 4 0
0.319663418954827 4 0
0.319751992914083 4 0
0.319840566873339 4 0
0.319929140832595 4 0
0.320017714791851 4 0
0.320106288751107 4 0
0.320194862710363 4 0
0.320283436669619 4 0
0.320372010628875 4 0
0.320460584588131 4 0
0.320549158547387 4 0
0.320637732506643 4 0
0.320726306465899 4 0
0.320814880425155 4 0
0.320903454384411 4 0
0.320992028343667 4 0
0.321080602302923 4 0
0.321169176262179 4 0
0.321257750221435 4 0
0.321346324180691 4 0
0.321434898139947 4 0
0.321523472099203 4 0
0.321612046058459 4 0
0.321700620017715 4 0
0.321789193976971 4 0
0.321877767936227 4 0
0.321966341895483 4 0
0.322054915854739 4 0
0.322143489813995 4 0
0.322232063773251 4 0
0.322320637732507 4 0
0.322409211691763 4 0
0.322497785651019 4 0
0.322586359610275 4 0
0.322674933569531 4 0
0.322763507528787 4 0
0.322852081488043 4 0
0.322940655447298 4 0
0.323029229406554 4 0
0.32311780336581 4 0
0.323206377325066 4 0
0.323294951284322 4 0
0.323383525243578 4 0
0.323472099202834 4 0
0.32356067316209 4 0
0.323649247121346 4 0
0.323737821080602 4 0
0.323826395039858 4 0
0.323914968999114 4 0
0.32400354295837 4 0
0.324092116917626 4 0
0.324180690876882 4 0
0.324269264836138 4 0
0.324357838795394 4 0
0.32444641275465 4 0
0.324534986713906 4 0
0.324623560673162 4 0
0.324712134632418 4 0
0.324800708591674 4 0
0.32488928255093 4 0
0.324977856510186 4 0
0.325066430469442 4 0
0.325155004428698 4 0
0.325243578387954 4 0
0.32533215234721 4 0
0.325420726306466 4 0
0.325509300265722 4 0
0.325597874224978 4 0
0.325686448184234 4 0
0.32577502214349 4 0
0.325863596102746 4 0
0.325952170062002 4 0
0.326040744021258 4 0
0.326129317980514 4 0
0.32621789193977 4 0
0.326306465899026 4 0
0.326395039858282 4 0
0.326483613817538 4 0
0.326572187776794 4 0
0.32666076173605 4 0
0.326749335695306 4 0
0.326837909654562 4 0
0.326926483613818 4 0
0.327015057573074 4 0
0.327103631532329 4 0
0.327192205491585 4 0
0.327280779450841 4 0
0.327369353410097 4 0
0.327457927369353 4 0
0.327546501328609 4 0
0.327635075287865 4 0
0.327723649247121 4 0
0.327812223206377 4 0
0.327900797165633 4 0
0.327989371124889 4 0
0.328077945084145 4 0
0.328166519043401 4 0
0.328255093002657 4 0
0.328343666961913 4 0
0.328432240921169 4 0
0.328520814880425 4 0
0.328609388839681 4 0
0.328697962798937 4 0
0.328786536758193 4 0
0.328875110717449 4 0
0.328963684676705 4 0
0.329052258635961 4 0
0.329140832595217 4 0
0.329229406554473 4 0
0.329317980513729 4 0
0.329406554472985 4 0
0.329495128432241 4 0
0.329583702391497 4 0
0.329672276350753 4 0
0.329760850310009 4 0
0.329849424269265 4 0
0.329937998228521 4 0
0.330026572187777 4 0
0.330115146147033 4 0
0.330203720106289 4 0
0.330292294065545 4 0
0.330380868024801 4 0
0.330469441984057 4 0
0.330558015943313 4 0
0.330646589902569 4 0
0.330735163861825 4 0
0.330823737821081 4 0
0.330912311780337 4 0
0.331000885739593 4 0
0.331089459698849 4 0
0.331178033658104 4 0
0.33126660761736 4 0
0.331355181576616 4 0
0.331443755535872 4 0
0.331532329495128 4 0
0.331620903454384 4 0
0.33170947741364 4 0
0.331798051372896 4 0
0.331886625332152 4 0
0.331975199291408 4 0
0.332063773250664 4 0
0.33215234720992 4 0
0.332240921169176 4 0
0.332329495128432 4 0
0.332418069087688 4 0
0.332506643046944 4 0
0.3325952170062 4 0
0.332683790965456 4 0
0.332772364924712 4 0
0.332860938883968 4 0
0.332949512843224 4 0
0.33303808680248 4 0
0.333126660761736 4 0
0.333215234720992 4 0
0.333303808680248 4 0
0.333392382639504 4 0
0.33348095659876 4 0
0.333569530558016 4 0
0.333658104517272 4 0
0.333746678476528 4 0
0.333835252435784 4 0
0.33392382639504 4 0
0.334012400354296 4 0
0.334100974313552 4 0
0.334189548272808 4 0
0.334278122232064 4 0
0.33436669619132 4 0
0.334455270150576 4 0
0.334543844109832 4 0
0.334632418069088 4 0
0.334720992028344 4 0
0.3348095659876 4 0
0.334898139946856 4 0
0.334986713906112 4 0
0.335075287865368 4 0
0.335163861824624 4 0
0.33525243578388 4 0
0.335341009743136 4 0
0.335429583702392 4 0
0.335518157661647 4 0
0.335606731620903 4 0
0.335695305580159 4 0
0.335783879539415 4 0
0.335872453498671 4 0
0.335961027457927 4 0
0.336049601417183 4 0
0.336138175376439 4 0
0.336226749335695 4 0
0.336315323294951 4 0
0.336403897254207 4 0
0.336492471213463 4 0
0.336581045172719 4 0
0.336669619131975 4 0
0.336758193091231 4 0
0.336846767050487 4 0
0.336935341009743 4 0
0.337023914968999 4 0
0.337112488928255 4 0
0.337201062887511 4 0
0.337289636846767 4 0
0.337378210806023 4 0
0.337466784765279 4 0
0.337555358724535 4 0
0.337643932683791 4 0
0.337732506643047 4 0
0.337821080602303 4 0
0.337909654561559 4 0
0.337998228520815 4 0
0.338086802480071 4 0
0.338175376439327 4 0
0.338263950398583 4 0
0.338352524357839 4 0
0.338441098317095 4 0
0.338529672276351 4 0
0.338618246235607 4 0
0.338706820194863 4 0
0.338795394154119 4 0
0.338883968113375 4 0
0.338972542072631 4 0
0.339061116031887 4 0
0.339149689991143 4 0
0.339238263950399 4 0
0.339326837909655 4 0
0.339415411868911 4 0
0.339503985828166 4 0
0.339592559787422 4 0
0.339681133746678 4 0
0.339769707705934 4 0
0.33985828166519 4 0
0.339946855624446 4 0
0.340035429583702 4 0
0.340124003542958 4 0
0.340212577502214 4 0
0.34030115146147 4 0
0.340389725420726 4 0
0.340478299379982 4 0
0.340566873339238 4 0
0.340655447298494 4 0
0.34074402125775 4 0
0.340832595217006 4 0
0.340921169176262 4 0
0.341009743135518 4 0
0.341098317094774 4 0
0.34118689105403 4 0
0.341275465013286 4 0
0.341364038972542 4 0
0.341452612931798 4 0
0.341541186891054 4 0
0.34162976085031 4 0
0.341718334809566 4 0
0.341806908768822 4 0
0.341895482728078 4 0
0.341984056687334 4 0
0.34207263064659 4 0
0.342161204605846 4 0
0.342249778565102 4 0
0.342338352524358 4 0
0.342426926483614 4 0
0.34251550044287 4 0
0.342604074402126 4 0
0.342692648361382 4 0
0.342781222320638 4 0
0.342869796279894 4 0
0.34295837023915 4 0
0.343046944198406 4 0
0.343135518157662 4 0
0.343224092116918 4 0
0.343312666076174 4 0
0.34340124003543 4 0
0.343489813994686 4 0
0.343578387953942 4 0
0.343666961913198 4 0
0.343755535872453 4 0
0.343844109831709 4 0
0.343932683790965 4 0
0.344021257750221 4 0
0.344109831709477 4 0
0.344198405668733 4 0
0.344286979627989 4 0
0.344375553587245 4 0
0.344464127546501 4 0
0.344552701505757 4 0
0.344641275465013 4 0
0.344729849424269 4 0
0.344818423383525 4 0
0.344906997342781 4 0
0.344995571302037 4 0
0.345084145261293 4 0
0.345172719220549 4 0
0.345261293179805 4 0
0.345349867139061 4 0
0.345438441098317 4 0
0.345527015057573 4 0
0.345615589016829 4 0
0.345704162976085 4 0
0.345792736935341 4 0
0.345881310894597 4 0
0.345969884853853 4 0
0.346058458813109 4 0
0.346147032772365 4 0
0.346235606731621 4 0
0.346324180690877 4 0
0.346412754650133 4 0
0.346501328609389 4 0
0.346589902568645 4 0
0.346678476527901 4 0
0.346767050487157 4 0
0.346855624446413 4 0
0.346944198405669 4 0
0.347032772364925 4 0
0.347121346324181 4 0
0.347209920283437 4 0
0.347298494242693 4 0
0.347387068201949 4 0
0.347475642161205 4 0
0.347564216120461 4 0
0.347652790079717 4 0
0.347741364038973 4 0
0.347829937998229 4 0
0.347918511957484 4 0
0.34800708591674 4 0
0.348095659875996 4 0
0.348184233835252 4 0
0.348272807794508 4 0
0.348361381753764 4 0
0.34844995571302 4 0
0.348538529672276 4 0
0.348627103631532 4 0
0.348715677590788 4 0
0.348804251550044 4 0
0.3488928255093 4 0
0.348981399468556 4 0
0.349069973427812 4 0
0.349158547387068 4 0
0.349247121346324 4 0
0.34933569530558 4 0
0.349424269264836 4 0
0.349512843224092 4 0
0.349601417183348 4 0
0.349689991142604 4 0
0.34977856510186 4 0
0.349867139061116 4 0
0.349955713020372 4 0
0.350044286979628 4 0
0.350132860938884 4 0
0.35022143489814 4 0
0.350310008857396 4 0
0.350398582816652 4 0
0.350487156775908 4 0
0.350575730735164 4 0
0.35066430469442 4 0
0.350752878653676 4 0
0.350841452612932 4 0
0.350930026572188 4 0
0.351018600531444 4 0
0.3511071744907 4 0
0.351195748449956 4 0
0.351284322409212 4 0
0.351372896368468 4 0
0.351461470327724 4 0
0.35155004428698 4 0
0.351638618246236 4 0
0.351727192205492 4 0
0.351815766164748 4 0
0.351904340124004 4 0
0.35199291408326 4 0
0.352081488042515 4 0
0.352170062001771 4 0
0.352258635961027 4 0
0.352347209920283 4 0
0.352435783879539 4 0
0.352524357838795 4 0
0.352612931798051 4 0
0.352701505757307 4 0
0.352790079716563 4 0
0.352878653675819 4 0
0.352967227635075 4 0
0.353055801594331 4 0
0.353144375553587 4 0
0.353232949512843 4 0
0.353321523472099 4 0
0.353410097431355 4 0
0.353498671390611 4 0
0.353587245349867 4 0
0.353675819309123 4 0
0.353764393268379 4 0
0.353852967227635 4 0
0.353941541186891 4 0
0.354030115146147 4 0
0.354118689105403 4 0
0.354207263064659 4 0
0.354295837023915 4 0
0.354384410983171 4 0
0.354472984942427 4 0
0.354561558901683 4 0
0.354650132860939 4 0
0.354738706820195 4 0
0.354827280779451 4 0
0.354915854738707 4 0
0.355004428697963 4 0
0.355093002657219 4 0
0.355181576616475 4 0
0.355270150575731 4 0
0.355358724534987 4 0
0.355447298494243 4 0
0.355535872453499 4 0
0.355624446412755 4 0
0.355713020372011 4 0
0.355801594331267 4 0
0.355890168290523 4 0
0.355978742249779 4 0
0.356067316209035 4 0
0.356155890168291 4 0
0.356244464127547 4 0
0.356333038086802 4 0
0.356421612046058 4 0
0.356510186005314 4 0
0.35659875996457 4 0
0.356687333923826 4 0
0.356775907883082 4 0
0.356864481842338 4 0
0.356953055801594 4 0
0.35704162976085 4 0
0.357130203720106 4 0
0.357218777679362 4 0
0.357307351638618 4 0
0.357395925597874 4 0
0.35748449955713 4 0
0.357573073516386 4 0
0.357661647475642 4 0
0.357750221434898 4 0
0.357838795394154 4 0
0.35792736935341 4 0
0.358015943312666 4 0
0.358104517271922 4 0
0.358193091231178 4 0
0.358281665190434 4 0
0.35837023914969 4 0
0.358458813108946 4 0
0.358547387068202 4 0
0.358635961027458 4 0
0.358724534986714 4 0
0.35881310894597 4 0
0.358901682905226 4 0
0.358990256864482 4 0
0.359078830823738 4 0
0.359167404782994 4 0
0.35925597874225 4 0
0.359344552701506 4 0
0.359433126660762 4 0
0.359521700620018 4 0
0.359610274579274 4 0
0.35969884853853 4 0
0.359787422497786 4 0
0.359875996457042 4 0
0.359964570416298 4 0
0.360053144375554 4 0
0.36014171833481 4 0
0.360230292294066 4 0
0.360318866253321 4 0
0.360407440212577 4 0
0.360496014171833 4 0
0.360584588131089 4 0
0.360673162090345 4 0
0.360761736049601 4 0
0.360850310008857 4 0
0.360938883968113 4 0
0.361027457927369 4 0
0.361116031886625 4 0
0.361204605845881 4 0
0.361293179805137 4 0
0.361381753764393 4 0
0.361470327723649 4 0
0.361558901682905 4 0
0.361647475642161 4 0
0.361736049601417 4 0
0.361824623560673 4 0
0.361913197519929 4 0
0.362001771479185 4 0
0.362090345438441 4 0
0.362178919397697 4 0
0.362267493356953 4 0
0.362356067316209 4 0
0.362444641275465 4 0
0.362533215234721 4 0
0.362621789193977 4 0
0.362710363153233 4 0
0.362798937112489 4 0
0.362887511071745 4 0
0.362976085031001 4 0
0.363064658990257 4 0
0.363153232949513 4 0
0.363241806908769 4 0
0.363330380868025 4 0
0.363418954827281 4 0
0.363507528786537 4 0
0.363596102745793 4 0
0.363684676705049 4 0
0.363773250664305 4 0
0.363861824623561 4 0
0.363950398582817 4 0
0.364038972542073 4 0
0.364127546501329 4 0
0.364216120460585 4 0
0.364304694419841 4 0
0.364393268379097 4 0
0.364481842338353 4 0
0.364570416297609 4 0
0.364658990256864 4 0
0.36474756421612 4 0
0.364836138175376 4 0
0.364924712134632 4 0
0.365013286093888 4 0
0.365101860053144 4 0
0.3651904340124 4 0
0.365279007971656 4 0
0.365367581930912 4 0
0.365456155890168 4 0
0.365544729849424 4 0
0.36563330380868 4 0
0.365721877767936 4 0
0.365810451727192 4 0
0.365899025686448 4 0
0.365987599645704 4 0
0.36607617360496 4 0
0.366164747564216 4 0
0.366253321523472 4 0
0.366341895482728 4 0
0.366430469441984 4 0
0.36651904340124 4 0
0.366607617360496 4 0
0.366696191319752 4 0
0.366784765279008 4 0
0.366873339238264 4 0
0.36696191319752 4 0
0.367050487156776 4 0
0.367139061116032 4 0
0.367227635075288 4 0
0.367316209034544 4 0
0.3674047829938 4 0
0.367493356953056 4 0
0.367581930912312 4 0
0.367670504871568 4 0
0.367759078830824 4 0
0.36784765279008 4 0
0.367936226749336 4 0
0.368024800708592 4 0
0.368113374667848 4 0
0.368201948627104 4 0
0.36829052258636 4 0
0.368379096545616 4 0
0.368467670504872 4 0
0.368556244464128 4 0
0.368644818423384 4 0
0.36873339238264 4 0
0.368821966341895 4 0
0.368910540301151 4 0
0.368999114260407 4 0
0.369087688219663 4 0
0.369176262178919 4 0
0.369264836138175 4 0
0.369353410097431 4 0
0.369441984056687 4 0
0.369530558015943 4 0
0.369619131975199 4 0
0.369707705934455 4 0
0.369796279893711 4 0
0.369884853852967 4 0
0.369973427812223 4 0
0.370062001771479 4 0
0.370150575730735 4 0
0.370239149689991 4 0
0.370327723649247 4 0
0.370416297608503 4 0
0.370504871567759 4 0
0.370593445527015 4 0
0.370682019486271 4 0
0.370770593445527 4 0
0.370859167404783 4 0
0.370947741364039 4 0
0.371036315323295 4 0
0.371124889282551 4 0
0.371213463241807 4 0
0.371302037201063 4 0
0.371390611160319 4 0
0.371479185119575 4 0
0.371567759078831 4 0
0.371656333038087 4 0
0.371744906997343 4 0
0.371833480956599 4 0
0.371922054915855 4 0
0.372010628875111 4 0
0.372099202834367 4 0
0.372187776793623 4 0
0.372276350752879 4 0
0.372364924712135 4 0
0.372453498671391 4 0
0.372542072630647 4 0
0.372630646589903 4 0
0.372719220549159 4 0
0.372807794508415 4 0
0.37289636846767 4 0
0.372984942426926 4 0
0.373073516386182 4 0
0.373162090345438 4 0
0.373250664304694 4 0
0.37333923826395 4 0
0.373427812223206 4 0
0.373516386182462 4 0
0.373604960141718 4 0
0.373693534100974 4 0
0.37378210806023 4 0
0.373870682019486 4 0
0.373959255978742 4 0
0.374047829937998 4 0
0.374136403897254 4 0
0.37422497785651 4 0
0.374313551815766 4 0
0.374402125775022 4 0
0.374490699734278 4 0
0.374579273693534 4 0
0.37466784765279 4 0
0.374756421612046 4 0
0.374844995571302 4 0
0.374933569530558 4 0
0.375022143489814 4 0
0.37511071744907 4 0
0.375199291408326 4 0
0.375287865367582 4 0
0.375376439326838 4 0
0.375465013286094 4 0
0.37555358724535 4 0
0.375642161204606 4 0
0.375730735163862 4 0
0.375819309123118 4 0
0.375907883082374 4 0
0.37599645704163 4 0
0.376085031000886 4 0
0.376173604960142 4 0
0.376262178919398 4 0
0.376350752878654 4 0
0.37643932683791 4 0
0.376527900797166 4 0
0.376616474756422 4 0
0.376705048715678 4 0
0.376793622674934 4 0
0.37688219663419 4 0
0.376970770593446 4 0
0.377059344552702 4 0
0.377147918511958 4 0
0.377236492471213 4 0
0.377325066430469 4 0
0.377413640389725 4 0
0.377502214348981 4 0
0.377590788308237 4 0
0.377679362267493 4 0
0.377767936226749 4 0
0.377856510186005 4 0
0.377945084145261 4 0
0.378033658104517 4 0
0.378122232063773 4 0
0.378210806023029 4 0
0.378299379982285 4 0
0.378387953941541 4 0
0.378476527900797 4 0
0.378565101860053 4 0
0.378653675819309 4 0
0.378742249778565 4 0
0.378830823737821 4 0
0.378919397697077 4 0
0.379007971656333 4 0
0.379096545615589 4 0
0.379185119574845 4 0
0.379273693534101 4 0
0.379362267493357 4 0
0.379450841452613 4 0
0.379539415411869 4 0
0.379627989371125 4 0
0.379716563330381 4 0
0.379805137289637 4 0
0.379893711248893 4 0
0.379982285208149 4 0
0.380070859167405 4 0
0.380159433126661 4 0
0.380248007085917 4 0
0.380336581045173 4 0
0.380425155004429 4 0
0.380513728963685 4 0
0.380602302922941 4 0
0.380690876882197 4 0
0.380779450841453 4 0
0.380868024800709 4 0
0.380956598759965 4 0
0.381045172719221 4 0
0.381133746678477 4 0
0.381222320637732 4 0
0.381310894596988 4 0
0.381399468556244 4 0
0.3814880425155 4 0
0.381576616474756 4 0
0.381665190434012 4 0
0.381753764393268 4 0
0.381842338352524 4 0
0.38193091231178 4 0
0.382019486271036 4 0
0.382108060230292 4 0
0.382196634189548 4 0
0.382285208148804 4 0
0.38237378210806 4 0
0.382462356067316 4 0
0.382550930026572 4 0
0.382639503985828 4 0
0.382728077945084 4 0
0.38281665190434 4 0
0.382905225863596 4 0
0.382993799822852 4 0
0.383082373782108 4 0
0.383170947741364 4 0
0.38325952170062 4 0
0.383348095659876 4 0
0.383436669619132 4 0
0.383525243578388 4 0
0.383613817537644 4 0
0.3837023914969 4 0
0.383790965456156 4 0
0.383879539415412 4 0
0.383968113374668 4 0
0.384056687333924 4 0
0.38414526129318 4 0
0.384233835252436 4 0
0.384322409211692 4 0
0.384410983170948 4 0
0.384499557130204 4 0
0.38458813108946 4 0
0.384676705048716 4 0
0.384765279007972 4 0
0.384853852967228 4 0
0.384942426926484 4 0
0.38503100088574 4 0
0.385119574844996 4 0
0.385208148804252 4 0
0.385296722763508 4 0
0.385385296722764 4 0
0.385473870682019 4 0
0.385562444641275 4 0
0.385651018600531 4 0
0.385739592559787 4 0
0.385828166519043 4 0
0.385916740478299 4 0
0.386005314437555 4 0
0.386093888396811 4 0
0.386182462356067 4 0
0.386271036315323 4 0
0.386359610274579 4 0
0.386448184233835 4 0
0.386536758193091 4 0
0.386625332152347 4 0
0.386713906111603 4 0
0.386802480070859 4 0
0.386891054030115 4 0
0.386979627989371 4 0
0.387068201948627 4 0
0.387156775907883 4 0
0.387245349867139 4 0
0.387333923826395 4 0
0.387422497785651 4 0
0.387511071744907 4 0
0.387599645704163 4 0
0.387688219663419 4 0
0.387776793622675 4 0
0.387865367581931 4 0
0.387953941541187 4 0
0.388042515500443 4 0
0.388131089459699 4 0
0.388219663418955 4 0
0.388308237378211 4 0
0.388396811337467 4 0
0.388485385296723 4 0
0.388573959255979 4 0
0.388662533215235 4 0
0.388751107174491 4 0
0.388839681133747 4 0
0.388928255093003 4 0
0.389016829052259 4 0
0.389105403011515 4 0
0.389193976970771 4 0
0.389282550930027 4 0
0.389371124889283 4 0
0.389459698848539 4 0
0.389548272807795 4 0
0.38963684676705 4 0
0.389725420726306 4 0
0.389813994685562 4 0
0.389902568644818 4 0
0.389991142604074 4 0
0.39007971656333 4 0
0.390168290522586 4 0
0.390256864481842 4 0
0.390345438441098 4 0
0.390434012400354 4 0
0.39052258635961 4 0
0.390611160318866 4 0
0.390699734278122 4 0
0.390788308237378 4 0
0.390876882196634 4 0
0.39096545615589 4 0
0.391054030115146 4 0
0.391142604074402 4 0
0.391231178033658 4 0
0.391319751992914 4 0
0.39140832595217 4 0
0.391496899911426 4 0
0.391585473870682 4 0
0.391674047829938 4 0
0.391762621789194 4 0
0.39185119574845 4 0
0.391939769707706 4 0
0.392028343666962 4 0
0.392116917626218 4 0
0.392205491585474 4 0
0.39229406554473 4 0
0.392382639503986 4 0
0.392471213463242 4 0
0.392559787422498 4 0
0.392648361381754 4 0
0.39273693534101 4 0
0.392825509300266 4 0
0.392914083259522 4 0
0.393002657218778 4 0
0.393091231178034 4 0
0.39317980513729 4 0
0.393268379096546 4 0
0.393356953055802 4 0
0.393445527015058 4 0
0.393534100974314 4 0
0.39362267493357 4 0
0.393711248892825 4 0
0.393799822852081 4 0
0.393888396811337 4 0
0.393976970770593 4 0
0.394065544729849 4 0
0.394154118689105 4 0
0.394242692648361 4 0
0.394331266607617 4 0
0.394419840566873 4 0
0.394508414526129 4 0
0.394596988485385 4 0
0.394685562444641 4 0
0.394774136403897 4 0
0.394862710363153 4 0
0.394951284322409 4 0
0.395039858281665 4 0
0.395128432240921 4 0
0.395217006200177 4 0
0.395305580159433 4 0
0.395394154118689 4 0
0.395482728077945 4 0
0.395571302037201 4 0
0.395659875996457 4 0
0.395748449955713 4 0
0.395837023914969 4 0
0.395925597874225 4 0
0.396014171833481 4 0
0.396102745792737 4 0
0.396191319751993 4 0
0.396279893711249 4 0
0.396368467670505 4 0
0.396457041629761 4 0
0.396545615589017 4 0
0.396634189548273 4 0
0.396722763507529 4 0
0.396811337466785 4 0
0.396899911426041 4 0
0.396988485385297 4 0
0.397077059344553 4 0
0.397165633303809 4 0
0.397254207263065 4 0
0.397342781222321 4 0
0.397431355181577 4 0
0.397519929140833 4 0
0.397608503100089 4 0
0.397697077059345 4 0
0.397785651018601 4 0
0.397874224977857 4 0
0.397962798937113 4 0
0.398051372896368 4 0
0.398139946855624 4 0
0.39822852081488 4 0
0.398317094774136 4 0
0.398405668733392 4 0
0.398494242692648 4 0
0.398582816651904 4 0
0.39867139061116 4 0
0.398759964570416 4 0
0.398848538529672 4 0
0.398937112488928 4 0
0.399025686448184 4 0
0.39911426040744 4 0
0.399202834366696 4 0
0.399291408325952 4 0
0.399379982285208 4 0
0.399468556244464 4 0
0.39955713020372 4 0
0.399645704162976 4 0
0.399734278122232 4 0
0.399822852081488 4 0
0.399911426040744 4 0
0.4 4 0
0.400088573959256 4 0
0.400177147918512 4 0
0.400265721877768 4 0
0.400354295837024 4 0
0.40044286979628 4 0
0.400531443755536 4 0
0.400620017714792 4 0
0.400708591674048 4 0
0.400797165633304 4 0
0.40088573959256 4 0
0.400974313551816 4 0
0.401062887511072 4 0
0.401151461470328 4 0
0.401240035429584 4 0
0.40132860938884 4 0
0.401417183348096 4 0
0.401505757307352 4 0
0.401594331266608 4 0
0.401682905225864 4 0
0.40177147918512 4 0
0.401860053144376 4 0
0.401948627103632 4 0
0.402037201062887 4 0
0.402125775022143 4 0
0.402214348981399 4 0
0.402302922940655 4 0
0.402391496899911 4 0
0.402480070859167 4 0
0.402568644818423 4 0
0.402657218777679 4 0
0.402745792736935 4 0
0.402834366696191 4 0
0.402922940655447 4 0
0.403011514614703 4 0
0.403100088573959 4 0
0.403188662533215 4 0
0.403277236492471 4 0
0.403365810451727 4 0
0.403454384410983 4 0
0.403542958370239 4 0
0.403631532329495 4 0
0.403720106288751 4 0
0.403808680248007 4 0
0.403897254207263 4 0
0.403985828166519 4 0
0.404074402125775 4 0
0.404162976085031 4 0
0.404251550044287 4 0
0.404340124003543 4 0
0.404428697962799 4 0
0.404517271922055 4 0
0.404605845881311 4 0
0.404694419840567 4 0
0.404782993799823 4 0
0.404871567759079 4 0
0.404960141718335 4 0
0.405048715677591 4 0
0.405137289636847 4 0
0.405225863596103 4 0
0.405314437555359 4 0
0.405403011514615 4 0
0.405491585473871 4 0
0.405580159433127 4 0
0.405668733392383 4 0
0.405757307351639 4 0
0.405845881310895 4 0
0.405934455270151 4 0
0.406023029229407 4 0
0.406111603188663 4 0
0.406200177147919 4 0
0.406288751107174 4 0
0.40637732506643 4 0
0.406465899025686 4 0
0.406554472984942 4 0
0.406643046944198 4 0
0.406731620903454 4 0
0.40682019486271 4 0
0.406908768821966 4 0
0.406997342781222 4 0
0.407085916740478 4 0
0.407174490699734 4 0
0.40726306465899 4 0
0.407351638618246 4 0
0.407440212577502 4 0
0.407528786536758 4 0
0.407617360496014 4 0
0.40770593445527 4 0
0.407794508414526 4 0
0.407883082373782 4 0
0.407971656333038 4 0
0.408060230292294 4 0
0.40814880425155 4 0
0.408237378210806 4 0
0.408325952170062 4 0
0.408414526129318 4 0
0.408503100088574 4 0
0.40859167404783 4 0
0.408680248007086 4 0
0.408768821966342 4 0
0.408857395925598 4 0
0.408945969884854 4 0
0.40903454384411 4 0
0.409123117803366 4 0
0.409211691762622 4 0
0.409300265721878 4 0
0.409388839681134 4 0
0.40947741364039 4 0
0.409565987599646 4 0
0.409654561558902 4 0
0.409743135518158 4 0
0.409831709477414 4 0
0.40992028343667 4 0
0.410008857395926 4 0
0.410097431355182 4 0
0.410186005314438 4 0
0.410274579273694 4 0
0.41036315323295 4 0
0.410451727192205 4 0
0.410540301151461 4 0
0.410628875110717 4 0
0.410717449069973 4 0
0.410806023029229 4 0
0.410894596988485 4 0
0.410983170947741 4 0
0.411071744906997 4 0
0.411160318866253 4 0
0.411248892825509 4 0
0.411337466784765 4 0
0.411426040744021 4 0
0.411514614703277 4 0
0.411603188662533 4 0
0.411691762621789 4 0
0.411780336581045 4 0
0.411868910540301 4 0
0.411957484499557 4 0
0.412046058458813 4 0
0.412134632418069 4 0
0.412223206377325 4 0
0.412311780336581 4 0
0.412400354295837 4 0
0.412488928255093 4 0
0.412577502214349 4 0
0.412666076173605 4 0
0.412754650132861 4 0
0.412843224092117 4 0
0.412931798051373 4 0
0.413020372010629 4 0
0.413108945969885 4 0
0.413197519929141 4 0
0.413286093888397 4 0
0.413374667847653 4 0
0.413463241806909 4 0
0.413551815766165 4 0
0.413640389725421 4 0
0.413728963684677 4 0
0.413817537643933 4 0
0.413906111603189 4 0
0.413994685562445 4 0
0.414083259521701 4 0
0.414171833480957 4 0
0.414260407440213 4 0
0.414348981399469 4 0
0.414437555358725 4 0
0.41452612931798 4 0
0.414614703277236 4 0
0.414703277236492 4 0
0.414791851195748 4 0
0.414880425155004 4 0
0.41496899911426 4 0
0.415057573073516 4 0
0.415146147032772 4 0
0.415234720992028 4 0
0.415323294951284 4 0
0.41541186891054 4 0
0.415500442869796 4 0
0.415589016829052 4 0
0.415677590788308 4 0
0.415766164747564 4 0
0.41585473870682 4 0
0.415943312666076 4 0
0.416031886625332 4 0
0.416120460584588 4 0
0.416209034543844 4 0
0.4162976085031 4 0
0.416386182462356 4 0
0.416474756421612 4 0
0.416563330380868 4 0
0.416651904340124 4 0
0.41674047829938 4 0
0.416829052258636 4 0
0.416917626217892 4 0
0.417006200177148 4 0
0.417094774136404 4 0
0.41718334809566 4 0
0.417271922054916 4 0
0.417360496014172 4 0
0.417449069973428 4 0
0.417537643932684 4 0
0.41762621789194 4 0
0.417714791851196 4 0
0.417803365810452 4 0
0.417891939769708 4 0
0.417980513728964 4 0
0.41806908768822 4 0
0.418157661647476 4 0
0.418246235606732 4 0
0.418334809565988 4 0
0.418423383525244 4 0
0.4185119574845 4 0
0.418600531443756 4 0
0.418689105403012 4 0
0.418777679362268 4 0
0.418866253321523 4 0
0.418954827280779 4 0
0.419043401240035 4 0
0.419131975199291 4 0
0.419220549158547 4 0
0.419309123117803 4 0
0.419397697077059 4 0
0.419486271036315 4 0
0.419574844995571 4 0
0.419663418954827 4 0
0.419751992914083 4 0
0.419840566873339 4 0
0.419929140832595 4 0
0.420017714791851 4 0
0.420106288751107 4 0
0.420194862710363 4 0
0.420283436669619 4 0
0.420372010628875 4 0
0.420460584588131 4 0
0.420549158547387 4 0
0.420637732506643 4 0
0.420726306465899 4 0
0.420814880425155 4 0
0.420903454384411 4 0
0.420992028343667 4 0
0.421080602302923 4 0
0.421169176262179 4 0
0.421257750221435 4 0
0.421346324180691 4 0
0.421434898139947 4 0
0.421523472099203 4 0
0.421612046058459 4 0
0.421700620017715 4 0
0.421789193976971 4 0
0.421877767936227 4 0
0.421966341895483 4 0
0.422054915854739 4 0
0.422143489813995 4 0
0.422232063773251 4 0
0.422320637732507 4 0
0.422409211691763 4 0
0.422497785651019 4 0
0.422586359610275 4 0
0.422674933569531 4 0
0.422763507528787 4 0
0.422852081488042 4 0
0.422940655447298 4 0
0.423029229406554 4 0
0.42311780336581 4 0
0.423206377325066 4 0
0.423294951284322 4 0
0.423383525243578 4 0
0.423472099202834 4 0
0.42356067316209 4 0
0.423649247121346 4 0
0.423737821080602 4 0
0.423826395039858 4 0
0.423914968999114 4 0
0.42400354295837 4 0
0.424092116917626 4 0
0.424180690876882 4 0
0.424269264836138 4 0
0.424357838795394 4 0
0.42444641275465 4 0
0.424534986713906 4 0
0.424623560673162 4 0
0.424712134632418 4 0
0.424800708591674 4 0
0.42488928255093 4 0
0.424977856510186 4 0
0.425066430469442 4 0
0.425155004428698 4 0
0.425243578387954 4 0
0.42533215234721 4 0
0.425420726306466 4 0
0.425509300265722 4 0
0.425597874224978 4 0
0.425686448184234 4 0
0.42577502214349 4 0
0.425863596102746 4 0
0.425952170062002 4 0
0.426040744021258 4 0
0.426129317980514 4 0
0.42621789193977 4 0
0.426306465899026 4 0
0.426395039858282 4 0
0.426483613817538 4 0
0.426572187776794 4 0
0.42666076173605 4 0
0.426749335695306 4 0
0.426837909654562 4 0
0.426926483613818 4 0
0.427015057573074 4 0
0.427103631532329 4 0
0.427192205491585 4 0
0.427280779450841 4 0
0.427369353410097 4 0
0.427457927369353 4 0
0.427546501328609 4 0
0.427635075287865 4 0
0.427723649247121 4 0
0.427812223206377 4 0
0.427900797165633 4 0
0.427989371124889 4 0
0.428077945084145 4 0
0.428166519043401 4 0
0.428255093002657 4 0
0.428343666961913 4 0
0.428432240921169 4 0
0.428520814880425 4 0
0.428609388839681 4 0
0.428697962798937 4 0
0.428786536758193 4 0
0.428875110717449 4 0
0.428963684676705 4 0
0.429052258635961 4 0
0.429140832595217 4 0
0.429229406554473 4 0
0.429317980513729 4 0
0.429406554472985 4 0
0.429495128432241 4 0
0.429583702391497 4 0
0.429672276350753 4 0
0.429760850310009 4 0
0.429849424269265 4 0
0.429937998228521 4 0
0.430026572187777 4 0
0.430115146147033 4 0
0.430203720106289 4 0
0.430292294065545 4 0
0.430380868024801 4 0
0.430469441984057 4 0
0.430558015943313 4 0
0.430646589902569 4 0
0.430735163861825 4 0
0.430823737821081 4 0
0.430912311780337 4 0
0.431000885739593 4 0
0.431089459698849 4 0
0.431178033658105 4 0
0.431266607617361 4 0
0.431355181576616 4 0
0.431443755535872 4 0
0.431532329495128 4 0
0.431620903454384 4 0
0.43170947741364 4 0
0.431798051372896 4 0
0.431886625332152 4 0
0.431975199291408 4 0
0.432063773250664 4 0
0.43215234720992 4 0
0.432240921169176 4 0
0.432329495128432 4 0
0.432418069087688 4 0
0.432506643046944 4 0
0.4325952170062 4 0
0.432683790965456 4 0
0.432772364924712 4 0
0.432860938883968 4 0
0.432949512843224 4 0
0.43303808680248 4 0
0.433126660761736 4 0
0.433215234720992 4 0
0.433303808680248 4 0
0.433392382639504 4 0
0.43348095659876 4 0
0.433569530558016 4 0
0.433658104517272 4 0
0.433746678476528 4 0
0.433835252435784 4 0
0.43392382639504 4 0
0.434012400354296 4 0
0.434100974313552 4 0
0.434189548272808 4 0
0.434278122232064 4 0
0.43436669619132 4 0
0.434455270150576 4 0
0.434543844109832 4 0
0.434632418069088 4 0
0.434720992028344 4 0
0.4348095659876 4 0
0.434898139946856 4 0
0.434986713906112 4 0
0.435075287865368 4 0
0.435163861824624 4 0
0.43525243578388 4 0
0.435341009743135 4 0
0.435429583702391 4 0
0.435518157661647 4 0
0.435606731620903 4 0
0.435695305580159 4 0
0.435783879539415 4 0
0.435872453498671 4 0
0.435961027457927 4 0
0.436049601417183 4 0
0.436138175376439 4 0
0.436226749335695 4 0
0.436315323294951 4 0
0.436403897254207 4 0
0.436492471213463 4 0
0.436581045172719 4 0
0.436669619131975 4 0
0.436758193091231 4 0
0.436846767050487 4 0
0.436935341009743 4 0
0.437023914968999 4 0
0.437112488928255 4 0
0.437201062887511 4 0
0.437289636846767 4 0
0.437378210806023 4 0
0.437466784765279 4 0
0.437555358724535 4 0
0.437643932683791 4 0
0.437732506643047 4 0
0.437821080602303 4 0
0.437909654561559 4 0
0.437998228520815 4 0
0.438086802480071 4 0
0.438175376439327 4 0
0.438263950398583 4 0
0.438352524357839 4 0
0.438441098317095 4 0
0.438529672276351 4 0
0.438618246235607 4 0
0.438706820194863 4 0
0.438795394154119 4 0
0.438883968113375 4 0
0.438972542072631 4 0
0.439061116031887 4 0
0.439149689991143 4 0
0.439238263950399 4 0
0.439326837909655 4 0
0.439415411868911 4 0
0.439503985828167 4 0
0.439592559787423 4 0
0.439681133746678 4 0
0.439769707705934 4 0
0.43985828166519 4 0
0.439946855624446 4 0
0.440035429583702 4 0
0.440124003542958 4 0
0.440212577502214 4 0
0.44030115146147 4 0
0.440389725420726 4 0
0.440478299379982 4 0
0.440566873339238 4 0
0.440655447298494 4 0
0.44074402125775 4 0
0.440832595217006 4 0
0.440921169176262 4 0
0.441009743135518 4 0
0.441098317094774 4 0
0.44118689105403 4 0
0.441275465013286 4 0
0.441364038972542 4 0
0.441452612931798 4 0
0.441541186891054 4 0
0.44162976085031 4 0
0.441718334809566 4 0
0.441806908768822 4 0
0.441895482728078 4 0
0.441984056687334 4 0
0.44207263064659 4 0
0.442161204605846 4 0
0.442249778565102 4 0
0.442338352524358 4 0
0.442426926483614 4 0
0.44251550044287 4 0
0.442604074402126 4 0
0.442692648361382 4 0
0.442781222320638 4 0
0.442869796279894 4 0
0.44295837023915 4 0
0.443046944198406 4 0
0.443135518157662 4 0
0.443224092116918 4 0
0.443312666076174 4 0
0.44340124003543 4 0
0.443489813994686 4 0
0.443578387953942 4 0
0.443666961913198 4 0
0.443755535872453 4 0
0.443844109831709 4 0
0.443932683790965 4 0
0.444021257750221 4 0
0.444109831709477 4 0
0.444198405668733 4 0
0.444286979627989 4 0
0.444375553587245 4 0
0.444464127546501 4 0
0.444552701505757 4 0
0.444641275465013 4 0
0.444729849424269 4 0
0.444818423383525 4 0
0.444906997342781 4 0
0.444995571302037 4 0
0.445084145261293 4 0
0.445172719220549 4 0
0.445261293179805 4 0
0.445349867139061 4 0
0.445438441098317 4 0
0.445527015057573 4 0
0.445615589016829 4 0
0.445704162976085 4 0
0.445792736935341 4 0
0.445881310894597 4 0
0.445969884853853 4 0
0.446058458813109 4 0
0.446147032772365 4 0
0.446235606731621 4 0
0.446324180690877 4 0
0.446412754650133 4 0
0.446501328609389 4 0
0.446589902568645 4 0
0.446678476527901 4 0
0.446767050487157 4 0
0.446855624446413 4 0
0.446944198405669 4 0
0.447032772364925 4 0
0.447121346324181 4 0
0.447209920283437 4 0
0.447298494242693 4 0
0.447387068201949 4 0
0.447475642161205 4 0
0.447564216120461 4 0
0.447652790079717 4 0
0.447741364038973 4 0
0.447829937998229 4 0
0.447918511957484 4 0
0.44800708591674 4 0
0.448095659875996 4 0
0.448184233835252 4 0
0.448272807794508 4 0
0.448361381753764 4 0
0.44844995571302 4 0
0.448538529672276 4 0
0.448627103631532 4 0
0.448715677590788 4 0
0.448804251550044 4 0
0.4488928255093 4 0
0.448981399468556 4 0
0.449069973427812 4 0
0.449158547387068 4 0
0.449247121346324 4 0
0.44933569530558 4 0
0.449424269264836 4 0
0.449512843224092 4 0
0.449601417183348 4 0
0.449689991142604 4 0
0.44977856510186 4 0
0.449867139061116 4 0
0.449955713020372 4 0
0.450044286979628 4 0
0.450132860938884 4 0
0.45022143489814 4 0
0.450310008857396 4 0
0.450398582816652 4 0
0.450487156775908 4 0
0.450575730735164 4 0
0.45066430469442 4 0
0.450752878653676 4 0
0.450841452612932 4 0
0.450930026572188 4 0
0.451018600531444 4 0
0.4511071744907 4 0
0.451195748449956 4 0
0.451284322409212 4 0
0.451372896368468 4 0
0.451461470327724 4 0
0.45155004428698 4 0
0.451638618246236 4 0
0.451727192205492 4 0
0.451815766164748 4 0
0.451904340124004 4 0
0.45199291408326 4 0
0.452081488042516 4 0
0.452170062001771 4 0
0.452258635961027 4 0
0.452347209920283 4 0
0.452435783879539 4 0
0.452524357838795 4 0
0.452612931798051 4 0
0.452701505757307 4 0
0.452790079716563 4 0
0.452878653675819 4 0
0.452967227635075 4 0
0.453055801594331 4 0
0.453144375553587 4 0
0.453232949512843 4 0
0.453321523472099 4 0
0.453410097431355 4 0
0.453498671390611 4 0
0.453587245349867 4 0
0.453675819309123 4 0
0.453764393268379 4 0
0.453852967227635 4 0
0.453941541186891 4 0
0.454030115146147 4 0
0.454118689105403 4 0
0.454207263064659 4 0
0.454295837023915 4 0
0.454384410983171 4 0
0.454472984942427 4 0
0.454561558901683 4 0
0.454650132860939 4 0
0.454738706820195 4 0
0.454827280779451 4 0
0.454915854738707 4 0
0.455004428697963 4 0
0.455093002657219 4 0
0.455181576616475 4 0
0.455270150575731 4 0
0.455358724534987 4 0
0.455447298494243 4 0
0.455535872453499 4 0
0.455624446412755 4 0
0.455713020372011 4 0
0.455801594331267 4 0
0.455890168290523 4 0
0.455978742249779 4 0
0.456067316209035 4 0
0.456155890168291 4 0
0.456244464127546 4 0
0.456333038086802 4 0
0.456421612046058 4 0
0.456510186005314 4 0
0.45659875996457 4 0
0.456687333923826 4 0
0.456775907883082 4 0
0.456864481842338 4 0
0.456953055801594 4 0
0.45704162976085 4 0
0.457130203720106 4 0
0.457218777679362 4 0
0.457307351638618 4 0
0.457395925597874 4 0
0.45748449955713 4 0
0.457573073516386 4 0
0.457661647475642 4 0
0.457750221434898 4 0
0.457838795394154 4 0
0.45792736935341 4 0
0.458015943312666 4 0
0.458104517271922 4 0
0.458193091231178 4 0
0.458281665190434 4 0
0.45837023914969 4 0
0.458458813108946 4 0
0.458547387068202 4 0
0.458635961027458 4 0
0.458724534986714 4 0
0.45881310894597 4 0
0.458901682905226 4 0
0.458990256864482 4 0
0.459078830823738 4 0
0.459167404782994 4 0
0.45925597874225 4 0
0.459344552701506 4 0
0.459433126660762 4 0
0.459521700620018 4 0
0.459610274579274 4 0
0.45969884853853 4 0
0.459787422497786 4 0
0.459875996457042 4 0
0.459964570416298 4 0
0.460053144375554 4 0
0.46014171833481 4 0
0.460230292294066 4 0
0.460318866253322 4 0
0.460407440212578 4 0
0.460496014171834 4 0
0.460584588131089 4 0
0.460673162090345 4 0
0.460761736049601 4 0
0.460850310008857 4 0
0.460938883968113 4 0
0.461027457927369 4 0
0.461116031886625 4 0
0.461204605845881 4 0
0.461293179805137 4 0
0.461381753764393 4 0
0.461470327723649 4 0
0.461558901682905 4 0
0.461647475642161 4 0
0.461736049601417 4 0
0.461824623560673 4 0
0.461913197519929 4 0
0.462001771479185 4 0
0.462090345438441 4 0
0.462178919397697 4 0
0.462267493356953 4 0
0.462356067316209 4 0
0.462444641275465 4 0
0.462533215234721 4 0
0.462621789193977 4 0
0.462710363153233 4 0
0.462798937112489 4 0
0.462887511071745 4 0
0.462976085031001 4 0
0.463064658990257 4 0
0.463153232949513 4 0
0.463241806908769 4 0
0.463330380868025 4 0
0.463418954827281 4 0
0.463507528786537 4 0
0.463596102745793 4 0
0.463684676705049 4 0
0.463773250664305 4 0
0.463861824623561 4 0
0.463950398582817 4 0
0.464038972542073 4 0
0.464127546501329 4 0
0.464216120460585 4 0
0.464304694419841 4 0
0.464393268379097 4 0
0.464481842338353 4 0
0.464570416297608 4 0
0.464658990256864 4 0
0.46474756421612 4 0
0.464836138175376 4 0
0.464924712134632 4 0
0.465013286093888 4 0
0.465101860053144 4 0
0.4651904340124 4 0
0.465279007971656 4 0
0.465367581930912 4 0
0.465456155890168 4 0
0.465544729849424 4 0
0.46563330380868 4 0
0.465721877767936 4 0
0.465810451727192 4 0
0.465899025686448 4 0
0.465987599645704 4 0
0.46607617360496 4 0
0.466164747564216 4 0
0.466253321523472 4 0
0.466341895482728 4 0
0.466430469441984 4 0
0.46651904340124 4 0
0.466607617360496 4 0
0.466696191319752 4 0
0.466784765279008 4 0
0.466873339238264 4 0
0.46696191319752 4 0
0.467050487156776 4 0
0.467139061116032 4 0
0.467227635075288 4 0
0.467316209034544 4 0
0.4674047829938 4 0
0.467493356953056 4 0
0.467581930912312 4 0
0.467670504871568 4 0
0.467759078830824 4 0
0.46784765279008 4 0
0.467936226749336 4 0
0.468024800708592 4 0
0.468113374667848 4 0
0.468201948627104 4 0
0.46829052258636 4 0
0.468379096545616 4 0
0.468467670504872 4 0
0.468556244464128 4 0
0.468644818423384 4 0
0.46873339238264 4 0
0.468821966341895 4 0
0.468910540301151 4 0
0.468999114260407 4 0
0.469087688219663 4 0
0.469176262178919 4 0
0.469264836138175 4 0
0.469353410097431 4 0
0.469441984056687 4 0
0.469530558015943 4 0
0.469619131975199 4 0
0.469707705934455 4 0
0.469796279893711 4 0
0.469884853852967 4 0
0.469973427812223 4 0
0.470062001771479 4 0
0.470150575730735 4 0
0.470239149689991 4 0
0.470327723649247 4 0
0.470416297608503 4 0
0.470504871567759 4 0
0.470593445527015 4 0
0.470682019486271 4 0
0.470770593445527 4 0
0.470859167404783 4 0
0.470947741364039 4 0
0.471036315323295 4 0
0.471124889282551 4 0
0.471213463241807 4 0
0.471302037201063 4 0
0.471390611160319 4 0
0.471479185119575 4 0
0.471567759078831 4 0
0.471656333038087 4 0
0.471744906997343 4 0
0.471833480956599 4 0
0.471922054915855 4 0
0.472010628875111 4 0
0.472099202834367 4 0
0.472187776793623 4 0
0.472276350752879 4 0
0.472364924712135 4 0
0.472453498671391 4 0
0.472542072630647 4 0
0.472630646589903 4 0
0.472719220549159 4 0
0.472807794508415 4 0
0.472896368467671 4 0
0.472984942426926 4 0
0.473073516386182 4 0
0.473162090345438 4 0
0.473250664304694 4 0
0.47333923826395 4 0
0.473427812223206 4 0
0.473516386182462 4 0
0.473604960141718 4 0
0.473693534100974 4 0
0.47378210806023 4 0
0.473870682019486 4 0
0.473959255978742 4 0
0.474047829937998 4 0
0.474136403897254 4 0
0.47422497785651 4 0
0.474313551815766 4 0
0.474402125775022 4 0
0.474490699734278 4 0
0.474579273693534 4 0
0.47466784765279 4 0
0.474756421612046 4 0
0.474844995571302 4 0
0.474933569530558 4 0
0.475022143489814 4 0
0.47511071744907 4 0
0.475199291408326 4 0
0.475287865367582 4 0
0.475376439326838 4 0
0.475465013286094 4 0
0.47555358724535 4 0
0.475642161204606 4 0
0.475730735163862 4 0
0.475819309123118 4 0
0.475907883082374 4 0
0.47599645704163 4 0
0.476085031000886 4 0
0.476173604960142 4 0
0.476262178919398 4 0
0.476350752878654 4 0
0.47643932683791 4 0
0.476527900797166 4 0
0.476616474756422 4 0
0.476705048715678 4 0
0.476793622674934 4 0
0.47688219663419 4 0
0.476970770593446 4 0
0.477059344552701 4 0
0.477147918511957 4 0
0.477236492471213 4 0
0.477325066430469 4 0
0.477413640389725 4 0
0.477502214348981 4 0
0.477590788308237 4 0
0.477679362267493 4 0
0.477767936226749 4 0
0.477856510186005 4 0
0.477945084145261 4 0
0.478033658104517 4 0
0.478122232063773 4 0
0.478210806023029 4 0
0.478299379982285 4 0
0.478387953941541 4 0
0.478476527900797 4 0
0.478565101860053 4 0
0.478653675819309 4 0
0.478742249778565 4 0
0.478830823737821 4 0
0.478919397697077 4 0
0.479007971656333 4 0
0.479096545615589 4 0
0.479185119574845 4 0
0.479273693534101 4 0
0.479362267493357 4 0
0.479450841452613 4 0
0.479539415411869 4 0
0.479627989371125 4 0
0.479716563330381 4 0
0.479805137289637 4 0
0.479893711248893 4 0
0.479982285208149 4 0
0.480070859167405 4 0
0.480159433126661 4 0
0.480248007085917 4 0
0.480336581045173 4 0
0.480425155004429 4 0
0.480513728963685 4 0
0.480602302922941 4 0
0.480690876882197 4 0
0.480779450841453 4 0
0.480868024800709 4 0
0.480956598759965 4 0
0.481045172719221 4 0
0.481133746678477 4 0
0.481222320637733 4 0
0.481310894596989 4 0
0.481399468556244 4 0
0.4814880425155 4 0
0.481576616474756 4 0
0.481665190434012 4 0
0.481753764393268 4 0
0.481842338352524 4 0
0.48193091231178 4 0
0.482019486271036 4 0
0.482108060230292 4 0
0.482196634189548 4 0
0.482285208148804 4 0
0.48237378210806 4 0
0.482462356067316 4 0
0.482550930026572 4 0
0.482639503985828 4 0
0.482728077945084 4 0
0.48281665190434 4 0
0.482905225863596 4 0
0.482993799822852 4 0
0.483082373782108 4 0
0.483170947741364 4 0
0.48325952170062 4 0
0.483348095659876 4 0
0.483436669619132 4 0
0.483525243578388 4 0
0.483613817537644 4 0
0.4837023914969 4 0
0.483790965456156 4 0
0.483879539415412 4 0
0.483968113374668 4 0
0.484056687333924 4 0
0.48414526129318 4 0
0.484233835252436 4 0
0.484322409211692 4 0
0.484410983170948 4 0
0.484499557130204 4 0
0.48458813108946 4 0
0.484676705048716 4 0
0.484765279007972 4 0
0.484853852967228 4 0
0.484942426926484 4 0
0.48503100088574 4 0
0.485119574844996 4 0
0.485208148804252 4 0
0.485296722763508 4 0
0.485385296722763 4 0
0.485473870682019 4 0
0.485562444641275 4 0
0.485651018600531 4 0
0.485739592559787 4 0
0.485828166519043 4 0
0.485916740478299 4 0
0.486005314437555 4 0
0.486093888396811 4 0
0.486182462356067 4 0
0.486271036315323 4 0
0.486359610274579 4 0
0.486448184233835 4 0
0.486536758193091 4 0
0.486625332152347 4 0
0.486713906111603 4 0
0.486802480070859 4 0
0.486891054030115 4 0
0.486979627989371 4 0
0.487068201948627 4 0
0.487156775907883 4 0
0.487245349867139 4 0
0.487333923826395 4 0
0.487422497785651 4 0
0.487511071744907 4 0
0.487599645704163 4 0
0.487688219663419 4 0
0.487776793622675 4 0
0.487865367581931 4 0
0.487953941541187 4 0
0.488042515500443 4 0
0.488131089459699 4 0
0.488219663418955 4 0
0.488308237378211 4 0
0.488396811337467 4 0
0.488485385296723 4 0
0.488573959255979 4 0
0.488662533215235 4 0
0.488751107174491 4 0
0.488839681133747 4 0
0.488928255093003 4 0
0.489016829052259 4 0
0.489105403011515 4 0
0.489193976970771 4 0
0.489282550930027 4 0
0.489371124889283 4 0
0.489459698848539 4 0
0.489548272807795 4 0
0.48963684676705 4 0
0.489725420726306 4 0
0.489813994685562 4 0
0.489902568644818 4 0
0.489991142604074 4 0
0.49007971656333 4 0
0.490168290522586 4 0
0.490256864481842 4 0
0.490345438441098 4 0
0.490434012400354 4 0
0.49052258635961 4 0
0.490611160318866 4 0
0.490699734278122 4 0
0.490788308237378 4 0
0.490876882196634 4 0
0.49096545615589 4 0
0.491054030115146 4 0
0.491142604074402 4 0
0.491231178033658 4 0
0.491319751992914 4 0
0.49140832595217 4 0
0.491496899911426 4 0
0.491585473870682 4 0
0.491674047829938 4 0
0.491762621789194 4 0
0.49185119574845 4 0
0.491939769707706 4 0
0.492028343666962 4 0
0.492116917626218 4 0
0.492205491585474 4 0
0.49229406554473 4 0
0.492382639503986 4 0
0.492471213463242 4 0
0.492559787422498 4 0
0.492648361381754 4 0
0.49273693534101 4 0
0.492825509300266 4 0
0.492914083259522 4 0
0.493002657218778 4 0
0.493091231178034 4 0
0.49317980513729 4 0
0.493268379096546 4 0
0.493356953055802 4 0
0.493445527015058 4 0
0.493534100974314 4 0
0.49362267493357 4 0
0.493711248892826 4 0
0.493799822852082 4 0
0.493888396811337 4 0
0.493976970770593 4 0
0.494065544729849 4 0
0.494154118689105 4 0
0.494242692648361 4 0
0.494331266607617 4 0
0.494419840566873 4 0
0.494508414526129 4 0
0.494596988485385 4 0
0.494685562444641 4 0
0.494774136403897 4 0
0.494862710363153 4 0
0.494951284322409 4 0
0.495039858281665 4 0
0.495128432240921 4 0
0.495217006200177 4 0
0.495305580159433 4 0
0.495394154118689 4 0
0.495482728077945 4 0
0.495571302037201 4 0
0.495659875996457 4 0
0.495748449955713 4 0
0.495837023914969 4 0
0.495925597874225 4 0
0.496014171833481 4 0
0.496102745792737 4 0
0.496191319751993 4 0
0.496279893711249 4 0
0.496368467670505 4 0
0.496457041629761 4 0
0.496545615589017 4 0
0.496634189548273 4 0
0.496722763507529 4 0
0.496811337466785 4 0
0.496899911426041 4 0
0.496988485385297 4 0
0.497077059344553 4 0
0.497165633303809 4 0
0.497254207263065 4 0
0.497342781222321 4 0
0.497431355181577 4 0
0.497519929140833 4 0
0.497608503100089 4 0
0.497697077059345 4 0
0.497785651018601 4 0
0.497874224977856 4 0
0.497962798937112 4 0
0.498051372896368 4 0
0.498139946855624 4 0
0.49822852081488 4 0
0.498317094774136 4 0
0.498405668733392 4 0
0.498494242692648 4 0
0.498582816651904 4 0
0.49867139061116 4 0
0.498759964570416 4 0
0.498848538529672 4 0
0.498937112488928 4 0
0.499025686448184 4 0
0.49911426040744 4 0
0.499202834366696 4 0
0.499291408325952 4 0
0.499379982285208 4 0
0.499468556244464 4 0
0.49955713020372 4 0
0.499645704162976 4 0
0.499734278122232 4 0
0.499822852081488 4 0
0.499911426040744 4 0
0.5 4 0
