0.00163934426229508 1 0.748772499726158 0.748772499726158
0.00327868852459016 1 0.872887474645978 0.872887474645978
0.00491803278688525 1 0.914191458932597 0.914191458932597
0.00655737704918033 1 0.934833342011387 0.934833342011387
0.00819672131147541 1 0.947215753899115 0.947215753899115
0.00983606557377049 1 0.955469768900959 0.955469768900959
0.0114754098360656 1 0.961365065585694 0.961365065585694
0.0131147540983607 1 0.965786347736319 0.965786347736319
0.0147540983606557 1 0.969224974094769 0.969224974094769
0.0163934426229508 1 0.971975876767885 0.971975876767885
0.0180327868852459 1 0.974226514849295 0.974226514849295
0.019672131147541 1 0.976102072582445 0.976102072582445
0.0213114754098361 1 0.977689035381301 0.977689035381301
0.0229508196721312 1 0.979049328867835 0.979049328867835
0.0245901639344262 1 0.980228183262474 0.980228183262474
0.0262295081967213 1 0.981259712584936 0.981259712584936
0.0278688524590164 1 0.982169856277771 0.982169856277771
0.0295081967213115 1 0.982978857911357 0.982978857911357
0.0311475409836066 1 0.98370272903078 0.98370272903078
0.0327868852459016 1 0.984354251639632 0.984354251639632
0.0344262295081967 1 0.98494362979835 0.98494362979835
0.0360655737704918 1 0.985479470667694 0.985479470667694
0.0377049180327869 1 0.985968730703148 0.985968730703148
0.039344262295082 1 0.986417219729972 0.986417219729972
0.0409836065573771 1 0.986829802983831 0.986829802983831
0.0426229508196721 1 0.98721065577584 0.98721065577584
0.0442622950819672 1 0.987563308413171 0.987563308413171
0.0459016393442623 1 0.987890765344295 0.987890765344295
0.0475409836065574 1 0.988195634480283 0.988195634480283
0.0491803278688525 1 0.98848018676274 0.98848018676274
0.0508196721311475 1 0.988746369575395 0.988746369575395
0.0524590163934426 1 0.988995926537984 0.988995926537984
0.0540983606557377 1 0.989230360919263 0.989230360919263
0.0557377049180328 1 0.989450997577616 0.989450997577616
0.0573770491803279 1 0.98965905135539 0.98965905135539
0.059016393442623 1 0.989855499293 0.989855499293
0.060655737704918 1 0.990041342143014 0.990041342143014
0.0622950819672131 1 0.990217430090542 0.990217430090542
0.0639344262295082 1 0.990384431076328 0.990384431076328
0.0655737704918033 1 0.990543160537527 0.990543160537527
0.0672131147540984 1 0.990694103505594 0.990694103505594
0.0688524590163934 1 0.990837865637841 0.990837865637841
0.0704918032786885 1 0.990974927509246 0.990974927509246
0.0721311475409836 1 0.991105777082003 0.991105777082003
0.0737704918032787 1 0.991230809003072 0.991230809003072
0.0754098360655737 1 0.991350391993804 0.991350391993804
0.0770491803278688 1 0.991464915711145 0.991464915711145
0.0786885245901639 1 0.991574624202405 0.991574624202405
0.080327868852459 1 0.991679915660415 0.991679915660415
0.081967213114754 1 0.991780932005781 0.991780932005781
0.0836065573770491 1 0.99187801585355 0.99187801585355
0.0852459016393442 1 0.991971343132071 0.991971343132071
0.0868852459016393 1 0.992061199609456 0.992061199609456
0.0885245901639343 1 0.992147685962118 0.992147685962118
0.0901639344262294 1 0.992231046969668 0.992231046969668
0.0918032786885245 1 0.992311408891513 0.992311408891513
0.0934426229508196 1 0.992388970763946 0.992388970763946
0.0950819672131146 1 0.992463825541351 0.992463825541351
0.0967213114754097 1 0.992536194044414 0.992536194044414
0.0983606557377048 1 0.992606118801261 0.992606118801261
0.0999999999999999 1 0.992673760565319 0.992673760565319
0.101639344262295 1 0.992739219825239 0.992739219825239
0.10327868852459 1 0.992802579190526 0.992802579190526
0.104918032786885 1 0.992863999721781 0.992863999721781
0.10655737704918 1 0.992923477593317 0.992923477593317
0.108196721311475 1 0.992981215117255 0.992981215117255
0.10983606557377 1 0.993037166152262 0.993037166152262
0.111475409836065 1 0.993091533623162 0.993091533623162
0.11311475409836 1 0.993144262230858 0.993144262230858
0.114754098360656 1 0.993195535750208 0.993195535750208
0.116393442622951 1 0.993245365391942 0.993245365391942
0.118032786885246 1 0.993293747422637 0.993293747422637
0.119672131147541 1 0.993340886930408 0.993340886930408
0.121311475409836 1 0.993386668506239 0.993386668506239
0.122950819672131 1 0.99343133358715 0.99343133358715
0.124590163934426 1 0.993474729550838 0.993474729550838
0.126229508196721 1 0.993517028631661 0.993517028631661
0.127868852459016 1 0.993558210783352 0.993558210783352
0.129508196721311 1 0.99359842324109 0.99359842324109
0.131147540983606 1 0.993637620935311 0.993637620935311
0.132786885245901 1 0.993675798363641 0.993675798363641
0.134426229508197 1 0.993713064754807 0.993713064754807
0.136065573770492 1 0.993749454057278 0.993749454057278
0.137704918032787 1 0.993784956048117 0.993784956048117
0.139344262295082 1 0.993819632962698 0.993819632962698
0.140983606557377 1 0.993853460888558 0.993853460888558
0.142622950819672 1 0.993886594794242 0.993886594794242
0.144262295081967 1 0.993918902648071 0.993918902648071
0.145901639344262 1 0.993950504683559 0.993950504683559
0.147540983606557 1 0.993981425367983 0.993981425367983
0.149180327868852 1 0.994011656191777 0.994011656191777
0.150819672131147 1 0.994041208557325 0.994041208557325
0.152459016393443 1 0.994070145971014 0.994070145971014
0.154098360655738 1 0.994098467695021 0.994098467695021
0.155737704918033 1 0.994126193172237 0.994126193172237
0.157377049180328 1 0.994153351666107 0.994153351666107
0.159016393442623 1 0.994179929257688 0.994179929257688
0.160655737704918 1 0.994205964125664 0.994205964125664
0.162295081967213 1 0.994231483345396 0.994231483345396
0.163934426229508 1 0.994256470923509 0.994256470923509
0.165573770491803 1 0.994280984326012 0.994280984326012
0.167213114754098 1 0.994305038328646 0.994305038328646
0.168852459016393 1 0.994328583371141 0.994328583371141
0.170491803278688 1 0.99435168564075 0.99435168564075
0.172131147540984 1 0.994374390069312 0.994374390069312
0.173770491803279 1 0.994396613882318 0.994396613882318
0.175409836065574 1 0.994418421703951 0.994418421703951
0.177049180327869 1 0.994439846338816 0.994439846338816
0.178688524590164 1 0.994460899109621 0.994460899109621
0.180327868852459 1 0.994481548432014 0.994481548432014
0.181967213114754 1 0.994501793824502 0.994501793824502
0.183606557377049 1 0.994521719333987 0.994521719333987
0.185245901639344 1 0.994541292460385 0.994541292460385
0.186885245901639 1 0.994560501232677 0.994560501232677
0.188524590163934 1 0.994579386285214 0.994579386285214
0.19016393442623 1 0.994597945733357 0.994597945733357
0.191803278688525 1 0.994616187926005 0.994616187926005
0.19344262295082 1 0.994634110308388 0.994634110308388
0.195081967213115 1 0.99465172058753 0.99465172058753
0.19672131147541 1 0.99466907931233 0.99466907931233
0.198360655737705 1 0.994686109162825 0.994686109162825
0.2 1 0.99470288055342 0.99470288055342
0.201639344262295 1 0.994719400475934 0.994719400475934
0.20327868852459 1 0.994735633223048 0.994735633223048
0.204918032786885 1 0.994751574392176 0.994751574392176
0.20655737704918 1 0.994767314859861 0.994767314859861
0.208196721311476 1 0.994782786711135 0.994782786711135
0.209836065573771 1 0.994798006197664 0.994798006197664
0.211475409836066 1 0.994812978860536 0.994812978860536
0.213114754098361 1 0.994827784384971 0.994827784384971
0.214754098360656 1 0.994842290527089 0.994842290527089
0.216393442622951 1 0.994856608005396 0.994856608005396
0.218032786885246 1 0.994870731414261 0.994870731414261
0.219672131147541 1 0.994884580808409 0.994884580808409
0.221311475409836 1 0.994898298390536 0.994898298390536
0.222950819672131 1 0.994911783099539 0.994911783099539
0.224590163934426 1 0.994925049722877 0.994925049722877
0.226229508196722 1 0.994938155458573 0.994938155458573
0.227868852459017 1 0.994951083464587 0.994951083464587
0.229508196721312 1 0.994963763557073 0.994963763557073
0.231147540983607 1 0.994976337182607 0.994976337182607
0.232786885245902 1 0.99498868132031 0.99498868132031
0.234426229508197 1 0.995000862981713 0.995000862981713
0.236065573770492 1 0.995012917682771 0.995012917682771
0.237704918032787 1 0.995024732483254 0.995024732483254
0.239344262295082 1 0.995036458851431 0.995036458851431
0.240983606557377 1 0.995047994489638 0.995047994489638
0.242622950819672 1 0.995059342406479 0.995059342406479
0.244262295081968 1 0.995070601030753 0.995070601030753
0.245901639344263 1 0.995081667730665 0.995081667730665
0.247540983606558 1 0.995092577030961 0.995092577030961
0.249180327868853 1 0.995103395422861 0.995103395422861
0.250819672131148 1 0.995114019968619 0.995114019968619
0.252459016393443 1 0.995124537951355 0.995124537951355
0.254098360655738 1 0.995134899203225 0.995134899203225
0.255737704918033 1 0.995145138024769 0.995145138024769
0.257377049180328 1 0.995155246415449 0.995155246415449
0.259016393442623 1 0.995165216242647 0.995165216242647
0.260655737704918 1 0.995175081681621 0.995175081681621
0.262295081967213 1 0.995184802783354 0.995184802783354
0.263934426229508 1 0.995194413537573 0.995194413537573
0.265573770491803 1 0.995203926857208 0.995203926857208
0.267213114754098 1 0.995213281405665 0.995213281405665
0.268852459016394 1 0.99522255331123 0.99522255331123
0.270491803278689 1 0.9952316918068 0.9952316918068
0.272131147540984 1 0.995240751831619 0.995240751831619
0.273770491803279 1 0.995249671910968 0.995249671910968
0.275409836065574 1 0.995258485610028 0.995258485610028
0.277049180327869 1 0.995267216031253 0.995267216031253
0.278688524590164 1 0.995275822714608 0.995275822714608
0.280327868852459 1 0.995284339156118 0.995284339156118
0.281967213114754 1 0.995292745962762 0.995292745962762
0.283606557377049 1 0.995301087216361 0.995301087216361
0.285245901639344 1 0.995309301139839 0.995309301139839
0.286885245901639 1 0.995317421008593 0.995317421008593
0.288524590163934 1 0.995325469637383 0.995325469637383
0.290163934426229 1 0.995333395683671 0.995333395683671
0.291803278688524 1 0.995341274738489 0.995341274738489
0.293442622950819 1 0.995349044903136 0.995349044903136
0.295081967213115 1 0.99535671812754 0.99535671812754
0.29672131147541 1 0.995364327599496 0.995364327599496
0.298360655737705 1 0.995371843020449 0.995371843020449
0.299863387978142 1 1.01452491396207 1.01452491396207
0.301092896174863 1 0.996915812515547 0.996915812515547
0.302185792349727 1 0.996919168491998 0.996919168491998
0.30327868852459 1 0.996922311890556 0.996922311890556
0.304371584699453 1 0.996925648539709 0.996925648539709
0.305464480874317 1 0.996928775206866 0.996928775206866
0.30655737704918 1 0.996932002332368 0.996932002332368
0.307650273224044 1 0.996935188524783 0.996935188524783
0.308743169398907 1 0.996938263380186 0.996938263380186
0.30983606557377 1 0.996941442277044 0.996941442277044
0.310928961748634 1 0.996944512260008 0.996944512260008
0.312021857923497 1 0.996947521814264 0.996947521814264
0.313114754098361 1 0.996950686436796 0.996950686436796
0.314207650273224 1 0.996953650268966 0.996953650268966
0.315300546448087 1 0.996956723624954 0.996956723624954
0.316393442622951 1 0.996959669635438 0.996959669635438
0.317486338797814 1 0.996962608141792 0.996962608141792
0.318579234972678 1 0.996965611709398 0.996965611709398
0.319672131147541 1 0.996968490935029 0.996968490935029
0.320765027322405 1 0.996971365620601 0.996971365620601
0.321857923497268 1 0.996974332124973 0.996974332124973
0.322950819672131 1 0.996977129578823 0.996977129578823
0.324043715846995 1 0.996980020598945 0.996980020598945
0.325136612021858 1 0.99698286346921 0.99698286346921
0.326229508196722 1 0.996985635157217 0.996985635157217
0.327322404371585 1 0.996988455551393 0.996988455551393
0.328415300546448 1 0.996991182739492 0.996991182739492
0.329508196721312 1 0.996993984176996 0.996993984176996
0.330601092896175 1 0.996996741841999 0.996996741841999
0.331693989071039 1 0.996999361142503 0.996999361142503
0.332786885245902 1 0.997002152351637 0.997002152351637
0.333879781420765 1 0.997004783216551 0.997004783216551
0.334972677595629 1 0.99700744473794 0.99700744473794
0.336065573770492 1 0.997010114020829 0.997010114020829
0.337158469945356 1 0.99701274424745 0.99701274424745
0.338251366120219 1 0.997015359937698 0.997015359937698
0.339344262295083 1 0.997017961845143 0.997017961845143
0.340437158469946 1 0.997020479212925 0.997020479212925
0.341530054644809 1 0.997023127049023 0.997023127049023
0.342622950819673 1 0.997025620533991 0.997025620533991
0.343715846994536 1 0.997028150595152 0.997028150595152
0.3448087431694 1 0.997030718091488 0.997030718091488
0.345901639344263 1 0.997033109374456 0.997033109374456
0.346994535519126 1 0.997035705935545 0.997035705935545
0.34808743169399 1 0.997038103972259 0.997038103972259
0.349180327868853 1 0.997040565719842 0.997040565719842
0.350273224043717 1 0.997043020569397 0.997043020569397
0.35136612021858 1 0.997045397680265 0.997045397680265
0.352459016393443 1 0.997047864306247 0.997047864306247
0.353551912568307 1 0.997050230725449 0.997050230725449
0.35464480874317 1 0.997052568773701 0.997052568773701
0.355737704918034 1 0.997054974332628 0.997054974332628
0.356830601092897 1 0.997057281416809 0.997057281416809
0.357923497267761 1 0.997059657168938 0.997059657168938
0.359016393442624 1 0.997061983252756 0.997061983252756
0.360109289617487 1 0.997064212457459 0.997064212457459
0.361202185792351 1 0.997066583400131 0.997066583400131
0.362295081967214 1 0.997068811120027 0.997068811120027
0.363387978142078 1 0.997071086413457 0.997071086413457
0.364480874316941 1 0.997073386163074 0.997073386163074
0.365573770491804 1 0.99707554418668 0.99707554418668
0.366666666666668 1 0.997077798924985 0.997077798924985
0.367759562841531 1 0.997080008228622 0.997080008228622
0.368852459016395 1 0.997082172501386 0.997082172501386
0.369945355191258 1 0.997084411294972 0.997084411294972
0.371038251366121 1 0.997086510879007 0.997086510879007
0.372131147540985 1 0.997088662004259 0.997088662004259
0.373224043715848 1 0.997090889163053 0.997090889163053
0.374316939890712 1 0.997092930947808 0.997092930947808
0.375409836065575 1 0.997095144764921 0.997095144764921
0.376502732240439 1 0.997097174154392 0.997097174154392
0.377595628415302 1 0.997099257362737 0.997099257362737
0.378688524590165 1 0.997101395022699 0.997101395022699
0.379781420765029 1 0.997103420952649 0.997103420952649
0.380874316939892 1 0.997105502101513 0.997105502101513
0.381967213114756 1 0.99710759142587 0.99710759142587
0.383060109289619 1 0.997109522593724 0.997109522593724
0.384153005464482 1 0.997111653039126 0.997111653039126
0.385245901639346 1 0.997113578671309 0.997113578671309
0.386338797814209 1 0.997115609120977 0.997115609120977
0.387431693989073 1 0.997117625967364 0.997117625967364
0.388524590163936 1 0.997119558106574 0.997119558106574
0.389617486338799 1 0.997121548689821 0.997121548689821
0.390710382513663 1 0.997123526805729 0.997123526805729
0.391803278688526 1 0.997125397509946 0.997125397509946
0.39289617486339 1 0.997127423017536 0.997127423017536
0.393989071038253 1 0.997129246727 0.997129246727
0.395081967213117 1 0.997131225894042 0.997131225894042
0.39617486338798 1 0.997133146879021 0.997133146879021
0.397267759562843 1 0.99713498607221 0.99713498607221
0.398360655737707 1 0.997136934248523 0.997136934248523
0.39945355191257 1 0.997138729968892 0.997138729968892
0.400546448087434 1 0.997140611460955 0.997140611460955
0.401639344262297 1 0.997142484008592 0.997142484008592
0.40273224043716 1 0.99714430028764 0.99714430028764
0.403825136612024 1 0.997146131979986 0.997146131979986
0.404918032786887 1 0.997147955647211 0.997147955647211
0.406010928961751 1 0.997149747782875 0.997149747782875
0.407103825136614 1 0.997151580122902 0.997151580122902
0.408196721311477 1 0.997153333972713 0.997153333972713
0.409289617486341 1 0.997155128588461 0.997155128588461
0.410382513661204 1 0.997156916750823 0.997156916750823
0.411475409836068 1 0.99715865111003 0.99715865111003
0.412568306010931 1 0.997160450975995 0.997160450975995
0.413661202185794 1 0.997162126220936 0.997162126220936
0.414754098360658 1 0.997163891267278 0.997163891267278
0.415846994535521 1 0.997165651351139 0.997165651351139
0.416939890710385 1 0.997167311454856 0.997167311454856
0.418032786885248 1 0.997169062227863 0.997169062227863
0.419125683060112 1 0.99717078506983 0.99717078506983
0.420218579234975 1 0.997172384893511 0.997172384893511
0.421311475409838 1 0.997174147583313 0.997174147583313
0.422404371584702 1 0.997175787931472 0.997175787931472
0.423497267759565 1 0.997177448858985 0.997177448858985
0.424590163934429 1 0.997179106870974 0.997179106870974
0.425683060109292 1 0.997180714582468 0.997180714582468
0.426775956284155 1 0.997182415091098 0.997182415091098
0.427868852459019 1 0.997184018295389 0.997184018295389
0.428961748633882 1 0.997185595688542 0.997185595688542
0.430054644808746 1 0.997187290421005 0.997187290421005
0.431147540983609 1 0.997188793316212 0.997188793316212
0.432240437158472 1 0.997190461526469 0.997190461526469
0.433333333333336 1 0.997192057467617 0.997192057467617
0.434426229508199 1 0.997193581206243 0.997193581206243
0.435519125683063 1 0.997195223409922 0.997195223409922
0.436612021857926 1 0.997196722542002 0.997196722542002
0.43770491803279 1 0.99719834056164 0.99719834056164
0.438797814207653 1 0.997199863577968 0.997199863577968
0.439890710382516 1 0.9972013868893 0.9972013868893
0.44098360655738 1 0.997202934554214 0.997202934554214
0.442076502732243 1 0.997204459213173 0.997204459213173
0.443169398907107 1 0.997205937211618 0.997205937211618
0.44426229508197 1 0.997207535432255 0.997207535432255
0.445355191256833 1 0.997208920847527 0.997208920847527
0.446448087431697 1 0.99721054582163 0.99721054582163
0.44754098360656 1 0.997211958492287 0.997211958492287
0.448633879781424 1 0.997213420624006 0.997213420624006
0.449726775956287 1 0.997214956374328 0.997214956374328
0.45081967213115 1 0.997216375537206 0.997216375537206
0.451912568306014 1 0.997217868630812 0.997217868630812
0.453005464480877 1 0.997219340742359 0.997219340742359
0.454098360655741 1 0.997220720551285 0.997220720551285
0.455191256830604 1 0.997222222452294 0.997222222452294
0.456284153005468 1 0.997223608697269 0.997223608697269
0.457377049180331 1 0.997224998324576 0.997224998324576
0.458469945355194 1 0.9972265106555 0.9972265106555
0.459562841530058 1 0.997227812641566 0.997227812641566
0.460655737704921 1 0.997229332797974 0.997229332797974
0.461748633879785 1 0.997230690652043 0.997230690652043
0.462841530054648 1 0.997232052769157 0.997232052769157
0.463934426229511 1 0.997233466990251 0.997233466990251
0.465027322404375 1 0.997234814502351 0.997234814502351
0.466120218579238 1 0.997236214444715 0.997236214444715
0.467213114754102 1 0.997237595647708 0.997237595647708
0.468306010928965 1 0.997238886773185 0.997238886773185
0.469398907103828 1 0.997240302193073 0.997240302193073
0.470491803278692 1 0.99724165178373 0.99724165178373
0.471584699453555 1 0.997242935561724 0.997242935561724
0.472677595628419 1 0.997244344126356 0.997244344126356
0.473770491803282 1 0.99724559205776 0.99724559205776
0.474863387978146 1 0.997246941200843 0.997246941200843
0.475956284153009 1 0.997248296660491 0.997248296660491
0.477049180327872 1 0.997249587143427 0.997249587143427
0.478142076502736 1 0.997250907950384 0.997250907950384
0.479234972677599 1 0.997252140195478 0.997252140195478
0.480327868852463 1 0.99725347441307 0.99725347441307
0.481420765027326 1 0.997254768054759 0.997254768054759
0.482513661202189 1 0.997255997358411 0.997255997358411
0.483606557377053 1 0.997257329085762 0.997257329085762
0.484699453551916 1 0.997258573039485 0.997258573039485
0.48579234972678 1 0.997259824458166 0.997259824458166
0.486885245901643 1 0.997261131149277 0.997261131149277
0.487978142076506 1 0.997262326626932 0.997262326626932
0.48907103825137 1 0.997263577539527 0.997263577539527
0.490163934426233 1 0.997264860331085 0.997264860331085
0.491256830601097 1 0.997266056103117 0.997266056103117
0.49234972677596 1 0.997267331553753 0.997267331553753
0.493442622950824 1 0.997268520244768 0.997268520244768
0.494535519125687 1 0.997269741228595 0.997269741228595
0.49562841530055 1 0.997270970889824 0.997270970889824
0.496721311475414 1 0.997272114094375 0.997272114094375
0.497814207650277 1 0.997273408999693 0.997273408999693
0.498907103825141 1 0.997274570211166 0.997274570211166
