0 4 -0
0.00163934426229508 4 -1544.3626431104
0.00327868852459016 4 -3084.62991412081
0.00491803278688525 4 -4616.71730112185
0.00655737704918033 4 -6136.56198378602
0.00819672131147541 4 -7640.13360723686
0.00983606557377049 4 -9123.44496982554
0.0114754098360656 4 -10582.5625964728
0.0131147540983607 4 -12013.617169538
0.0147540983606557 4 -13412.8137895534
0.0163934426229508 4 -14776.4420386159
0.0180327868852459 4 -16100.885819748
0.019672131147541 4 -17382.6329461369
0.0213114754098361 4 -18618.2844548227
0.0229508196721312 4 -19804.563620137
0.0245901639344262 4 -20938.3246429903
0.0262295081967213 4 -22016.560992966
0.0278688524590164 4 -23036.413381098
0.0295081967213115 4 -23995.1773421916
0.0311475409836066 4 -24890.3104065786
0.0327868852459016 4 -25719.43884229
0.0344262295081967 4 -26480.3639497664
0.0360655737704918 4 -27171.0678924141
0.0377049180327869 4 -27789.7190475449
0.039344262295082 4 -28334.6768635098
0.0409836065573771 4 -28804.4962101481
0.0426229508196721 4 -29197.9312110115
0.0442622950819672 4 -29513.9385472055
0.0459016393442623 4 -29751.680224083
0.0475409836065574 4 -29910.5257934558
0.0491803278688525 4 -29990.0540254294
0.0508196721311475 4 -29990.0540254294
0.0524590163934426 4 -29910.5257934558
0.0540983606557377 4 -29751.680224083
0.0557377049180328 4 -29513.9385472055
0.0573770491803279 4 -29197.9312110115
0.059016393442623 4 -28804.496210148
0.060655737704918 4 -28334.6768635098
0.0622950819672131 4 -27789.7190475448
0.0639344262295082 4 -27171.0678924141
0.0655737704918033 4 -26480.3639497664
0.0672131147540984 4 -25719.43884229
0.0688524590163934 4 -24890.3104065786
0.0704918032786885 4 -23995.1773421916
0.0721311475409836 4 -23036.413381098
0.0737704918032787 4 -22016.560992966
0.0754098360655737 4 -20938.3246429903
0.0770491803278688 4 -19804.563620137
0.0786885245901639 4 -18618.2844548227
0.080327868852459 4 -17382.632946137
0.081967213114754 4 -16100.8858197481
0.0836065573770491 4 -14776.442038616
0.0852459016393442 4 -13412.8137895535
0.0868852459016393 4 -12013.6171695381
0.0885245901639343 4 -10582.5625964729
0.0901639344262294 4 -9123.44496982562
0.0918032786885245 4 -7640.13360723695
0.0934426229508196 4 -6136.56198378613
0.0950819672131146 4 -4616.71730112196
0.0967213114754097 4 -3084.62991412093
0.0983606557377048 4 -1544.36264311052
0.0999999999999999 4 -1.23577905720984e-010
0.101639344262295 4 1544.36264311026
0.10327868852459 4 3084.62991412068
0.104918032786885 4 4616.71730112171
0.10655737704918 4 6136.56198378587
0.108196721311475 4 7640.13360723672
0.10983606557377 4 9123.44496982538
0.111475409836065 4 10582.5625964727
0.11311475409836 4 12013.6171695378
0.114754098360656 4 13412.8137895533
0.116393442622951 4 14776.4420386158
0.118032786885246 4 16100.8858197479
0.119672131147541 4 17382.6329461367
0.121311475409836 4 18618.2844548225
0.122950819672131 4 19804.5636201368
0.124590163934426 4 20938.3246429901
0.126229508196721 4 22016.5609929658
0.127868852459016 4 23036.4133810979
0.129508196721311 4 23995.1773421915
0.131147540983606 4 24890.3104065784
0.132786885245901 4 25719.4388422899
0.134426229508197 4 26480.3639497663
0.136065573770492 4 27171.0678924141
0.137704918032787 4 27789.7190475448
0.139344262295082 4 28334.6768635098
0.140983606557377 4 28804.496210148
0.142622950819672 4 29197.9312110114
0.144262295081967 4 29513.9385472055
0.145901639344262 4 29751.680224083
0.147540983606557 4 29910.5257934558
0.149180327868852 4 29990.0540254294
0.150819672131147 4 29990.0540254294
0.152459016393443 4 29910.5257934558
0.154098360655738 4 29751.6802240831
0.155737704918033 4 29513.9385472055
0.157377049180328 4 29197.9312110115
0.159016393442623 4 28804.4962101481
0.160655737704918 4 28334.6768635099
0.162295081967213 4 27789.7190475449
0.163934426229508 4 27171.0678924142
0.165573770491803 4 26480.3639497665
0.167213114754098 4 25719.43884229
0.168852459016393 4 24890.3104065786
0.170491803278688 4 23995.1773421916
0.172131147540984 4 23036.413381098
0.173770491803279 4 22016.560992966
0.175409836065574 4 20938.3246429903
0.177049180327869 4 19804.563620137
0.178688524590164 4 18618.2844548227
0.180327868852459 4 17382.6329461369
0.181967213114754 4 16100.885819748
0.183606557377049 4 14776.4420386159
0.185245901639344 4 13412.8137895534
0.186885245901639 4 12013.617169538
0.188524590163934 4 10582.5625964728
0.19016393442623 4 9123.44496982548
0.191803278688525 4 7640.13360723682
0.19344262295082 4 6136.56198378596
0.195081967213115 4 4616.71730112178
0.19672131147541 4 3084.62991412074
0.198360655737705 4 1544.36264311031
0.2 4 -9.92337722410808e-011
0.201639344262295 4 -1544.36264311048
0.20327868852459 4 -3084.62991412092
0.204918032786885 4 -4616.71730112197
0.20655737704918 4 -6136.56198378613
0.208196721311476 4 -7640.13360723698
0.209836065573771 4 -9123.44496982567
0.211475409836066 4 -10582.562596473
0.213114754098361 4 -12013.6171695381
0.214754098360656 4 -13412.8137895536
0.216393442622951 4 -14776.4420386161
0.218032786885246 4 -16100.8858197482
0.219672131147541 4 -17382.6329461371
0.221311475409836 4 -18618.2844548228
0.222950819672131 4 -19804.5636201371
0.224590163934426 4 -20938.3246429905
0.226229508196722 4 -22016.5609929661
0.227868852459017 4 -23036.4133810981
0.229508196721312 4 -23995.1773421917
0.231147540983607 4 -24890.3104065787
0.232786885245902 4 -25719.4388422901
0.234426229508197 4 -26480.3639497665
0.236065573770492 4 -27171.0678924142
0.237704918032787 4 -27789.7190475449
0.239344262295082 4 -28334.6768635099
0.240983606557377 4 -28804.4962101481
0.242622950819672 4 -29197.9312110115
0.244262295081968 4 -29513.9385472055
0.245901639344263 4 -29751.6802240831
0.247540983606558 4 -29910.5257934558
0.249180327868853 4 -29990.0540254294
0.250819672131148 4 -29990.0540254294
0.252459016393443 4 -29910.5257934558
0.254098360655738 4 -29751.680224083
0.255737704918033 4 -29513.9385472054
0.257377049180328 4 -29197.9312110114
0.259016393442623 4 -28804.496210148
0.260655737704918 4 -28334.6768635098
0.262295081967213 4 -27789.7190475448
0.263934426229508 4 -27171.0678924141
0.265573770491803 4 -26480.3639497664
0.267213114754098 4 -25719.4388422899
0.268852459016394 4 -24890.3104065785
0.270491803278689 4 -23995.1773421915
0.272131147540984 4 -23036.413381098
0.273770491803279 4 -22016.5609929659
0.275409836065574 4 -20938.3246429903
0.277049180327869 4 -19804.563620137
0.278688524590164 4 -18618.2844548227
0.280327868852459 4 -17382.6329461369
0.281967213114754 4 -16100.8858197481
0.283606557377049 4 -14776.442038616
0.285245901639344 4 -13412.8137895535
0.286885245901639 4 -12013.6171695381
0.288524590163934 4 -10582.562596473
0.290163934426229 4 -9123.44496982569
0.291803278688524 4 -7640.13360723705
0.293442622950819 4 -6136.5619837862
0.295081967213115 4 -4616.71730112207
0.29672131147541 4 -3084.62991412107
0.298360655737705 4 -1544.36264311064
0.3 4 -2.77474983094439e-010
0.302197802197802 4 0
0.304395604395604 4 0
0.306593406593406 4 0
0.308791208791208 4 0
0.310989010989011 4 0
0.313186813186813 4 0
0.315384615384615 4 0
0.317582417582417 4 0
0.319780219780219 4 0
0.321978021978022 4 0
0.324175824175824 4 0
0.326373626373626 4 0
0.328571428571428 4 0
0.33076923076923 4 0
0.332967032967033 4 0
0.335164835164835 4 0
0.337362637362637 4 0
0.339560439560439 4 0
0.341758241758241 4 0
0.343956043956044 4 0
0.346153846153846 4 0
0.348351648351648 4 0
0.35054945054945 4 0
0.352747252747252 4 0
0.354945054945054 4 0
0.357142857142857 4 0
0.359340659340659 4 0
0.361538461538461 4 0
0.363736263736263 4 0
0.365934065934065 4 0
0.368131868131868 4 0
0.37032967032967 4 0
0.372527472527472 4 0
0.374725274725274 4 0
0.376923076923076 4 0
0.379120879120879 4 0
0.381318681318681 4 0
0.383516483516483 4 0
0.385714285714285 4 0
0.387912087912087 4 0
0.39010989010989 4 0
0.392307692307692 4 0
0.394505494505494 4 0
0.396703296703296 4 0
0.398901098901098 4 0
0.4010989010989 4 0
0.403296703296703 4 0
0.405494505494505 4 0
0.407692307692307 4 0
0.409890109890109 4 0
0.412087912087911 4 0
0.414285714285714 4 0
0.416483516483516 4 0
0.418681318681318 4 0
0.42087912087912 4 0
0.423076923076922 4 0
0.425274725274725 4 0
0.427472527472527 4 0
0.429670329670329 4 0
0.431868131868131 4 0
0.434065934065933 4 0
0.436263736263735 4 0
0.438461538461538 4 0
0.44065934065934 4 0
0.442857142857142 4 0
0.445054945054944 4 0
0.447252747252746 4 0
0.449450549450549 4 0
0.451648351648351 4 0
0.453846153846153 4 0
0.456043956043955 4 0
0.458241758241757 4 0
0.46043956043956 4 0
0.462637362637362 4 0
0.464835164835164 4 0
0.467032967032966 4 0
0.469230769230768 4 0
0.471428571428571 4 0
0.473626373626373 4 0
0.475824175824175 4 0
0.478021978021977 4 0
0.480219780219779 4 0
0.482417582417581 4 0
0.484615384615384 4 0
0.486813186813186 4 0
0.489010989010988 4 0
0.49120879120879 4 0
0.493406593406592 4 0
0.495604395604395 4 0
0.497802197802197 4 0
0.499999999999999 4 0
