0.00148514851485149 -0 -0
0.00445544554455446 -2.76770101437203 -2.76770101437203
0.00742574257425743 -11.5809955658448 -11.5809955658448
0.0103960396039604 -25.8585300347137 -25.8585300347137
0.0133663366336634 -45.3850680861964 -45.3850680861964
0.0163366336633663 -69.9290057128516 -69.9290057128516
0.0193069306930693 -99.2148876164809 -99.2148876164809
0.0222772277227723 -132.920048647431 -132.920048647431
0.0252475247524752 -170.675894949187 -170.675894949187
0.0282178217821782 -212.070724447708 -212.070724447708
0.0311881188118812 -256.653323648456 -256.653323648456
0.0341584158415842 -303.937082971552 -303.937082971552
0.0371287128712871 -353.40451196875 -353.40451196875
0.0400990099009901 -404.512080212301 -404.512080212301
0.0430693069306931 -456.695324977096 -456.695324977096
0.046039603960396 -509.374172101014 -509.374172101014
0.049009900990099 -561.958417964491 -561.958417964491
0.051980198019802 -613.853320753587 -613.853320753587
0.054950495049505 -664.46524902597 -664.46524902597
0.0579207920792079 -713.207335514213 -713.207335514213
0.0608910891089109 -759.505084272042 -759.505084272042
0.0638613861386139 -802.801879792382 -802.801879792382
0.0668316831683168 -842.56434764632 -842.56434764632
0.0698019801980198 -878.287517527755 -878.287517527755
0.0727722772277228 -909.499741342387 -909.499741342387
0.0757425742574258 -935.767321145674 -935.767321145674
0.0787128712871287 -956.698804296968 -956.698804296968
0.0816831683168317 -971.948906137843 -971.948906137843
0.0846534653465347 -981.222023797603 -981.222023797603
0.0876237623762377 -984.275308348819 -984.275308348819
0.0905940594059406 -980.921266451729 -980.921266451729
0.0935643564356436 -971.029866801805 -971.029866801805
0.0965346534653466 -954.530131095409 -954.530131095409
0.0995049504950496 -931.411193813913 -931.411193813913
0.102475247524753 -901.722819857938 -901.722819857938
0.105445544554455 -865.575373897252 -865.575373897252
0.108415841584158 -823.13924019723 -823.13924019723
0.111386138613861 -774.643696595371 -774.643696595371
0.114356435643564 -720.375251187125 -720.375251187125
0.117326732673267 -660.675455098 -660.675455098
0.12029702970297 -595.938209422861 -595.938209422861
0.123267326732673 -526.606588965181 -526.606588965181
0.126237623762376 -453.169209764296 -453.169209764296
0.129207920792079 -376.156171522914 -376.156171522914
0.132178217821782 -296.134609899899 -296.134609899899
0.135148514851485 -213.703897182245 -213.703897182245
0.138118811881188 -129.490533063438 -129.490533063438
0.141089108910891 -44.1427701023073 -44.1427701023073
0.144059405940594 41.6749791050728 41.6749791050728
0.147029702970297 127.287903964362 127.287903964362
0.15 212.01667644294 212.01667644294
0.152970297029703 295.183398294372 295.183398294372
0.155940594059406 376.117562380431 376.117562380431
0.158910891089109 454.161975277954 454.161975277954
0.161881188118812 528.678588578013 528.678588578013
0.164851485148515 599.054186970803 599.054186970803
0.167821782178218 664.705882355337 664.705882355337
0.170792079207921 725.086364808982 725.086364808982
0.173762376237624 779.688863284774 779.688863284774
0.176732673267327 828.051771357023 828.051771357023
0.17970297029703 869.762896186941 869.762896186941
0.182673267326733 904.463292104481 904.463292104481
0.185643564356436 931.850643774303 931.850643774303
0.188613861386139 951.682167799422 951.682167799422
0.191584158415842 963.777005783802 963.777005783802
0.194554455445545 968.018086287655 968.018086287655
0.197524752475248 964.353437728197 964.353437728197
0.200495049504951 952.796939064172 952.796939064172
0.203465346534654 933.428500011608 933.428500011608
0.206435643564357 906.393667530211 906.393667530211
0.20940594059406 871.902660347585 871.902660347585
0.212376237623763 830.228838311487 830.228838311487
0.215346534653465 781.706618331762 781.706618331762
0.218316831683168 726.728853550767 726.728853550767
0.221287128712871 665.743697121333 665.743697121333
0.224257425742574 599.250976532643 599.250976532643
0.227227722772277 527.798108765431 527.798108765431
0.23019801980198 451.975590642466 451.975590642466
0.233168316831683 372.412102530022 372.412102530022
0.236138613861386 289.769267008523 289.769267008523
0.239108910891089 204.736107234893 204.736107234893
0.242079207920792 118.023252436984 118.023252436984
0.245049504950495 30.3569402881649 30.3569402881649
0.248019801980198 -57.5271322134286 -57.5271322134286
0.250990099009901 -144.890056308164 -144.890056308164
0.253960396039604 -230.996003461449 -230.996003461449
0.256930693069307 -315.118507257596 -315.118507257596
0.25990099009901 -396.546680664285 -396.546680664285
0.262871287128713 -474.591314586678 -474.591314586678
0.265841584158416 -548.590804558394 -548.590804558394
0.268811881188119 -617.916853810655 -617.916853810655
0.271782178217822 -681.979902809019 -681.979902809019
0.274752475247525 -740.234237633263 -740.234237633263
0.277722772277228 -792.182732281954 -792.182732281954
0.280693069306931 -837.381183084172 -837.381183084172
0.283663366336634 -875.442196872285 -875.442196872285
0.286633663366337 -906.038598379951 -906.038598379951
0.28960396039604 -928.906326446978 -928.906326446978
0.292574257425743 -943.846793001513 -943.846793001513
0.295544554455446 -950.728683411645 -950.728683411645
0.298990487284023 -378.231567329385 -378.231567329385
0.302912055911474 -234.252435485966 -58.5631088714916
0.306833624538925 -231.258510021349 -57.8146275053373
0.310755193166376 -228.340148115666 -57.0850370289165
0.314676761793827 -225.494524701555 -56.3736311753887
0.318598330421278 -222.718953804624 -55.6797384511559
0.322519899048729 -220.010880087149 -55.0027200217872
0.326441467676179 -217.367871001355 -54.3419677503388
0.33036303630363 -214.787609501542 -53.6969023753855
0.334284604931081 -212.26788726915 -53.0669718172875
0.338206173558532 -209.80659840924 -52.45164960231
0.342127742185983 -207.401733580395 -51.8504333950987
0.346049310813434 -205.051374523843 -51.2628436309608
0.349970879440885 -202.753688960317 -50.6884222400793
0.353892448068336 -200.506925826308 -50.126731456577
0.357814016695787 -198.309410823495 -49.5773527058736
0.361735585323238 -196.159542257691 -49.0398855644226
0.365657153950689 -194.055787145618 -48.5139467864046
0.36957872257814 -191.996677569348 -47.9991693923371
0.373500291205591 -189.980807260658 -47.4952018151645
0.377421859833042 -188.006828398122 -47.0017070995304
0.381343428460493 -186.073448601934 -46.5183621504836
0.385264997087944 -184.179428112256 -46.0448570280641
0.389186565715395 -182.323577138118 -45.5808942845294
0.393108134342846 -180.504753364987 -45.1261883412468
0.397029702970297 -178.721859610177 -44.6804649025442
0.400951271597748 -176.97384161563 -44.2434604039076
0.404872840225199 -175.259685969201 -43.8149214923001
0.40879440885265 -173.578418145409 -43.3946045363524
0.412715977480101 -171.929100657978 -42.9822751644944
0.416637546107552 -170.310831316713 -42.5777078291782
0.420559114735003 -168.722741581855 -42.1806853954638
0.424480683362454 -167.163995009726 -41.7909987524316
0.428402251989905 -165.633785783649 -41.4084464459123
0.432323820617356 -164.131337324875 -41.0328343312186
0.436245389244807 -162.65590097849 -40.6639752446225
0.440166957872258 -161.206754769458 -40.3016886923644
0.444088526499708 -159.783202224609 -39.9458005561522
0.448010095127159 -158.384571256566 -39.5961428141414
0.45193166375461 -157.01021310571 -39.2525532764275
0.455853232382061 -155.659501336726 -38.9148753341816
0.459774801009512 -154.331830886616 -38.5829577216539
0.463696369636963 -153.026617160884 -38.2566542902209
0.467617938264414 -151.743295175311 -37.9358237938277
0.471539506891865 -150.481318740494 -37.6203296851236
0.475461075519316 -149.240159686733 -37.3100399216833
0.479382644146767 -148.019307127032 -37.0048267817579
0.483304212774218 -146.818266755893 -36.7045666889733
0.487225781401669 -145.636560182005 -36.4091400455013
0.49114735002912 -144.473724292962 -36.1184310732404
