0 136.776595878489
0.00184049079754601 136.776595878489
0.00368098159509202 136.778553410196
0.00552147239263804 136.786763266563
0.00736196319018405 136.805155548933
0.00920245398773006 136.837578597106
0.0110429447852761 136.887810738617
0.0128834355828221 136.959551383086
0.0147239263803681 137.056408214015
0.0165644171779141 137.181883478166
0.0184049079754601 137.339360200244
0.0202453987730061 137.532088632314
0.0220858895705521 137.76317308858
0.0239263803680982 138.035559257822
0.0257668711656442 138.352022060892
0.0276073619631902 138.715154108353
0.0294478527607362 139.127354806164
0.0312883435582822 139.590820152479
0.0331288343558282 140.10753326479
0.0349693251533742 140.679255673292
0.0368098159509203 141.307519413219
0.0386503067484663 141.993619945803
0.0404907975460123 142.738609934467
0.0423312883435583 143.543293899754
0.0441717791411043 144.408223773345
0.0460122699386503 145.333695368359
0.0478527607361963 146.319745779865
0.0496932515337424 147.366151726309
0.0515337423312884 148.47242883921
0.0533742331288344 149.637831905199
0.0552147239263804 150.861356061116
0.0570552147239264 152.141738939542
0.0588957055214724 153.477463758832
0.0607361963190185 154.866763348387
0.0625766871165645 156.307625096625
0.0644171779141105 157.797796805897
0.0662576687116565 159.33479343537
0.0680981595092025 160.91590470982
0.0699386503067485 162.538203569193
0.0717791411042945 164.198555430862
0.0736196319018406 165.893628233607
0.0754601226993866 167.619903229611
0.0773006134969326 169.373686488097
0.0791411042944786 171.151121071705
0.0809815950920246 172.948199844324
0.0828220858895706 174.760778866821
0.0846625766871167 176.584591335025
0.0865030674846627 178.415262012348
0.0883435582822087 180.248322107653
0.0901840490797547 182.079224547342
0.0920245398773007 183.903359589211
0.0938650306748467 185.716070724322
0.0957055214723928 187.512670812077
0.0975460122699388 189.288458392781
0.0993865030674848 191.038734121252
0.101226993865031 192.758817264554
0.103067484662577 194.444062206575
0.104907975460123 196.089874902083
0.106748466257669 197.691729222932
0.108588957055215 199.245183139393
0.110429447852761 200.745894680029
0.112269938650307 202.189637614198
0.114110429447853 203.572316802132
0.115950920245399 204.889983158576
0.117791411042945 206.13884817719
0.119631901840491 207.315297964359
0.121472392638037 208.415906732606
0.123312883435583 209.437449705601
0.125153374233129 210.376915388668
0.126993865030675 211.231517160787
0.128834355828221 211.998704146323
0.130674846625767 212.676171327123
0.132515337423313 213.261868858116
0.134355828220859 213.754010552239
0.136196319018405 214.151081503261
0.138036809815951 214.451844817979
0.139877300613497 214.655347432246
0.141717791411043 214.760924988366
0.143558282208589 214.768205754546
0.145398773006135 214.677113570348
0.147239263803681 214.487869805343
0.149079754601227 214.20099432153
0.150920245398773 213.817305433446
0.152760736196319 213.337918863306
0.154601226993865 212.764245691905
0.156441717791411 212.09798930945
0.158282208588957 211.341141373898
0.160122699386503 210.495976787741
0.161963190184049 209.56504770756
0.163803680981595 208.551176603971
0.165644171779141 207.457448392826
0.167484662576687 206.287201661753
0.169325153374233 205.044019019207
0.171165644171779 203.731716596235
0.173006134969325 202.354332734093
0.174846625766871 200.916115893671
0.176687116564417 199.421511825361
0.178527607361963 197.875150040625
0.180368098159509 196.28182962891
0.182208588957055 194.646504465881
0.184049079754601 192.974267861077
0.185889570552147 191.270336695084
0.187730061349693 189.540035098123
0.189570552147239 187.788777723618
0.191411042944785 186.022052671743
0.193251533742331 184.24540411927
0.195092024539877 182.464414713085
0.196932515337423 180.6846877857
0.198773006134969 178.911829451728
0.200613496932515 177.151430644873
0.202453987730061 175.409049155211
0.204294478527607 173.690191726736
0.206134969325153 172.000296274964
0.207975460122699 170.344714284175
0.209815950920245 168.728693443296
0.211656441717791 167.157360578806
0.213496932515337 165.635704942099
0.215337423312883 164.16856190768
0.217177914110429 162.76059713727
0.219018404907975 161.416291263469
0.220858895705521 160.139925144919
0.222699386503067 158.935565743147
0.224539877300613 157.807052669226
0.226380368098159 156.757985446252
0.228220858895705 155.791711531319
0.230061349693251 154.911315138201
0.231901840490797 154.119606899344
0.233742331288343 153.41911440302
0.235582822085889 152.812073638652
0.237423312883435 152.300421380315
0.239263803680981 151.885788535348
0.241104294478527 151.569494481826
0.242944785276073 151.352542415386
0.244785276073619 151.235615722553
0.246625766871165 151.219075394332
0.248466257668711 151.302958490378
0.250306748466257 151.486977660552
0.252147239263803 151.770521727193
0.253987730061349 152.152657327873
0.255828220858895 152.632131614893
0.257668711656441 153.207376004243
0.259509202453987 153.876510963241
0.261349693251533 154.637351822604
0.263190184049079 155.487415595276
0.265030674846625 156.423928780946
0.266871165644171 157.443836131899
0.268711656441717 158.543810352615
0.270552147239263 159.720262702367
0.272392638036809 160.969354467058
0.274233128834355 162.287009263573
0.276073619631901 163.668926137129
0.277914110429447 165.110593409413
0.279754601226993 166.607303232749
0.281595092024539 168.154166803139
0.283435582822085 169.746130182769
0.285276073619631 171.377990680496
0.287116564417177 173.044413736915
0.288957055214723 174.739950258861
0.290797546012269 176.459054346647
0.292638036809815 178.196101355986
0.294478527607361 179.945406235332
0.296319018404907 181.701242078438
0.298159509202453 183.457858831116
0.300598533592697 184.383685315516
0.303037557982941 184.959053622627
0.305476582373185 185.529809588819
0.307915606763429 186.096026574088
0.310354631153673 186.657776202036
0.312793655543917 187.215128414237
0.31523267993416 187.768151522506
0.317671704324404 188.316912259134
0.320110728714648 188.861475825217
0.322549753104892 189.401905937144
0.324988777495136 189.938264871335
0.32742780188538 190.47061350731
0.329866826275624 190.999011369153
0.332305850665868 191.523516665452
0.334744875056112 192.044186327785
0.337183899446356 192.561076047798
0.3396229238366 193.074240312951
0.342061948226843 193.583732440991
0.344500972617087 194.089604613193
0.346939997007331 194.59190790643
0.349379021397575 195.090692324118
0.351818045787819 195.586006826095
0.354257070178063 196.077899357453
0.356696094568307 196.566416876387
0.359135118958551 197.051605381104
0.361574143348795 197.533509935805
0.364013167739039 198.012174695805
0.366452192129282 198.487642931812
0.368891216519526 198.959957053399
0.37133024090977 199.429158631704
0.373769265300014 199.895288421385
0.376208289690258 200.358386381863
0.378647314080502 200.818491697881
0.381086338470746 201.275642799395
0.38352536286099 201.729877380838
0.385964387251234 202.181232419772
0.388403411641478 202.629744194949
0.390842436031722 203.07544830381
0.393281460421965 203.51837967944
0.395720484812209 203.958572606997
0.398159509202453 204.396060739636
0.400598533592697 204.830877113949
0.403037557982941 205.263054164932
0.405476582373185 205.692623740509
0.407915606763429 206.119617115611
0.410354631153673 206.54406500584
0.412793655543917 206.965997580728
0.415232679934161 207.385444476605
0.417671704324404 207.802434809091
0.420110728714648 208.216997185221
0.422549753104892 208.629159715225
0.424988777495136 209.038950023962
0.42742780188538 209.446395262032
0.429866826275624 209.851522116572
0.432305850665868 210.254356821741
0.434744875056112 210.654925168918
0.437183899446356 211.053252516607
0.4396229238366 211.449363800071
0.442061948226844 211.843283540701
0.444500972617087 212.235035855123
0.446939997007331 212.624644464055
0.449379021397575 213.012132700932
0.451818045787819 213.397523520285
0.454257070178063 213.780839505903
0.456696094568307 214.162102878776
0.459135118958551 214.541335504822
0.461574143348795 214.918558902413
0.464013167739039 215.2937942497
0.466452192129283 215.667062391751
0.468891216519526 216.038383847496
0.47133024090977 216.407778816496
0.473769265300014 216.77526718554
0.476208289690258 217.140868535062
0.478647314080502 217.504602145411
0.481086338470746 217.866487002941
0.48352536286099 218.226541805968
0.485964387251234 218.584784970561
0.488403411641478 218.941234636196
0.490842436031722 219.295908671267
0.493281460421966 219.648824678461
0.495720484812209 220
