0.0230769230769231 -19893.6797472239 -9946.83987361195 -9946.83987361195
0.0461538461538461 -29781.2662229416 -22335.9496672062 -22335.9496672062
0.0692307692307692 -24689.5159768097 -20574.5966473414 -20574.5966473414
0.0923076923076923 -7179.46992862674 -6282.03618754837 -6282.03618754837
0.115384615384615 13941.6951613131 12547.5256451817 12547.5256451817
0.138461538461538 28050.4872805624 25712.9466738489 25712.9466738489
0.161538461538462 28050.4872805625 26046.8810462365 26046.8810462365
0.184615384615385 13941.6951613131 13070.339213731 13070.339213731
0.207692307692308 -7179.46992862672 -6780.61048814743 -6780.61048814743
0.230769230769231 -24689.5159768097 -23455.0401779692 -23455.0401779692
0.253846153846154 -29781.2662229416 -28427.572303717 -28427.572303717
0.276923076923077 -19893.6797472239 5037.07088675418 5037.07088675418
0.296153846153846 -3616.10040765969 7801.19733148993 -33805.1884364556
0.307692307692308 0 -3.02952758365894e-010 -1.21181103346358e-009
0.315384615384615 0 -4.73732748490092e-010 -1.89493099396037e-009
0.323076923076923 0 3.59340533519414e-012 1.43736213407766e-011
0.330769230769231 0 -6.8442791001893e-010 -2.73771164007572e-009
0.338461538461538 0 -5.11058919299753e-010 -2.04423567719901e-009
0.346153846153846 0 -6.33634348693829e-012 -2.53453739477532e-011
0.353846153846154 0 -1.10590718346245e-010 -4.4236287338498e-010
0.361538461538462 0 -4.78127503605751e-010 -1.912510014423e-009
0.369230769230769 0 -1.43403258018316e-010 -5.73613032073263e-010
0.376923076923077 0 -2.26681294200191e-010 -9.06725176800763e-010
0.384615384615385 0 7.0862288259477e-011 2.83449153037908e-010
0.392307692307692 0 2.92609523212721e-010 1.17043809285088e-009
0.4 0 -5.50694038981005e-010 -2.20277615592402e-009
0.407692307692308 0 -5.99285721938224e-010 -2.3971428877529e-009
0.415384615384615 0 4.4446046637353e-010 1.77784186549412e-009
0.423076923076923 0 -1.23758372237082e-009 -4.95033488948329e-009
0.430769230769231 0 -2.50103943012187e-011 -1.00041577204875e-010
0.438461538461538 0 -1.61158196923869e-010 -6.44632787695476e-010
0.446153846153846 0 1.58389716572335e-010 6.33558866289339e-010
0.453846153846154 0 -4.70715939155473e-010 -1.88286375662189e-009
0.461538461538462 0 -4.60694387730925e-010 -1.8427775509237e-009
0.469230769230769 0 -1.89228101539645e-010 -7.56912406158579e-010
0.476923076923077 0 -6.80197665665415e-011 -2.72079066266166e-010
0.484615384615385 0 -1.24812434417735e-010 -4.99249737670939e-010
0.492307692307692 0 -1.62240235352177e-010 -6.48960941408707e-010
