0.015 -0 -0
0.045 -242.705098312484 -242.705098312484
0.075 -659.193577786873 -659.193577786873
0.105 -669.506337660233 -669.506337660233
0.135 -109.277474908783 -109.277474908783
0.165 646.95479325645 646.95479325645
0.195 995.044363347417 995.044363347417
0.225 621.338525955305 621.338525955305
0.255 -207.010887097351 -207.010887097351
0.285 -324.431532542686 -324.431532542686
0.305 -195.456701982684 -781.826807930735
0.315 -189.251727316562 -757.006909266249
0.325 -183.428597245284 -733.714388981138
0.335 -177.953116730502 -711.812466922007
0.345 -172.795055375994 -691.180221503975
0.355 -167.927589027377 -671.710356109508
0.365 -163.326833163617 -653.307332654469
0.375 -158.971450945921 -635.885803783685
0.385 -154.842322349924 -619.369289399696
0.395 -150.922263556254 -603.689054225018
0.405 -147.195787912895 -588.78315165158
0.415 -143.648901457163 -574.595605828653
0.425 -140.268927305229 -561.075709220915
0.435 -137.044354263736 -548.177417054944
0.445 -133.964705853319 -535.858823413275
0.455 -131.020426603795 -524.081706415179
0.465 -128.202783020919 -512.811132083675
0.475 -125.503777062587 -502.01510825035
0.485 -122.91607031903 -491.664281276121
0.495 -120.432917383292 -481.731669533166
