0.0107142857142857 -0 -0
0.0321428571428571 0.00714285714309426 0.00714285714309426
0.0535714285714286 0.0171428571434262 0.0171428571434262
0.075 0.027551020407941 0.027551020407941
0.0964285714285714 0.0380952380951764 0.0380952380951764
0.117857142857143 0.04870129870388 0.04870129870388
0.139285714285714 0.0593406593435475 0.0593406593435475
0.160714285714286 0.0700000000036501 0.0700000000036501
0.182142857142857 0.080672268910007 0.080672268910007
0.203571428571429 0.0913533834608415 0.0913533834608415
0.225 0.102040816326886 0.102040816326886
0.246428571428571 0.112732919253441 0.112732919253441
0.267857142857143 0.12342857142869 0.12342857142869
0.289285714285714 0.134126984127458 0.134126984127458
0.306666666666667 0.142779503106993 0.142779503106993
0.32 0.149608134921664 0.149608134921664
0.333333333333333 0.156423809523432 0.156423809523432
0.346666666666667 0.163228021976636 0.163228021976636
0.36 0.170022045852392 0.170022045852392
0.373333333333333 0.176806972787347 0.176806972787347
0.386666666666666 0.183583743842064 0.183583743842064
0.4 0.190353174603075 0.190353174603075
0.413333333333333 0.19711597542269 0.19711597542269
0.426666666666666 0.203872767855984 0.203872767855984
0.44 0.210624098124157 0.210624098124157
0.453333333333333 0.217370448177689 0.217370448177689
0.466666666666666 0.224112244900709 0.224112244900709
0.48 0.230849867727301 0.230849867727301
