0 4 -0
0.000208478109798471 4 -196.484584699809
0.000416956219596942 4 -392.96074095189
0.000625434329395414 4 -589.420040670064
0.000833912439193885 4 -785.854056491233
0.00104239054899236 4 -982.254362136882
0.00125086865879083 4 -1178.61253277454
0.0014593467685893 4 -1374.92014537916
0.00166782487838777 4 -1571.16877909445
0.00187630298818624 4 -1767.3500155941
0.00208478109798471 4 -1963.45543944286
0.00229325920778318 4 -2159.47663845758
0.00250173731758165 4 -2355.40520406804
0.00271021542738013 4 -2551.23273167762
0.0029186935371786 4 -2746.95082102387
0.00312717164697707 4 -2942.55107653881
0.00333564975677554 4 -3138.02510770912
0.00354412786657401 4 -3333.36452943599
0.00375260597637248 4 -3528.56096239488
0.00396108408617095 4 -3723.6060333949
0.00416956219596942 4 -3918.49137573804
0.0043780403057679 4 -4113.20862957803
0.00458651841556637 4 -4307.74944227898
0.00479499652536484 4 -4502.10546877365
0.00500347463516331 4 -4696.26837192142
0.00521195274496178 4 -4890.22982286596
0.00542043085476025 4 -5083.98150139246
0.00562890896455872 4 -5277.51509628456
0.0058373870743572 4 -5470.82230568086
0.00604586518415567 4 -5663.89483743107
0.00625434329395414 4 -5856.72440945164
0.00646282140375261 4 -6049.30275008113
0.00667129951355108 4 -6241.62159843493
0.00687977762334955 4 -6433.6727047597
0.00708825573314802 4 -6625.44783078721
0.00729673384294649 4 -6816.93875008776
0.00750521195274497 4 -7008.13724842303
0.00771369006254344 4 -7199.03512409846
0.00792216817234191 4 -7389.62418831508
0.00813064628214038 4 -7579.89626552075
0.00833912439193885 4 -7769.84319376089
0.00854760250173732 4 -7959.45682502858
0.00875608061153579 4 -8148.72902561408
0.00896455872133426 4 -8337.65167645374
0.00917303683113273 4 -8526.21667347829
0.0093815149409312 4 -8714.41592796043
0.00958999305072967 4 -8902.24136686188
0.00979847116052814 4 -9089.68493317959
0.0100069492703266 4 -9276.73858629142
0.0102154273801251 4 -9463.39430230107
0.0104239054899236 4 -9649.6440743822
0.010632383599722 4 -9835.47991312194
0.0108408617095205 4 -10020.8938468636
0.011049339819319 4 -10205.8779220487
0.0112578179291174 4 -10390.4242035579
0.0114662960389159 4 -10574.5247750517
0.0116747741487144 4 -10758.1717393098
0.0118832522585128 4 -10941.3572185701
0.0120917303683113 4 -11124.0733548662
0.0123002084781098 4 -11306.312310365
0.0125086865879083 4 -11488.0662677024
0.0127171646977067 4 -11669.3274303192
0.0129256428075052 4 -11850.088022795
0.0131341209173037 4 -12030.340291182
0.0133425990271021 4 -12210.0765033377
0.0135510771369006 4 -12389.2889492564
0.0137595552466991 4 -12567.9699413999
0.0139680333564976 4 -12746.1118150275
0.014176511466296 4 -12923.7069285246
0.0143849895760945 4 -13100.7476637306
0.014593467685893 4 -13277.2264262656
0.0148019457956914 4 -13453.1356458561
0.0150104239054899 4 -13628.46777666
0.0152189020152884 4 -13803.2152975901
0.0154273801250868 4 -13977.3707126367
0.0156358582348853 4 -14150.9265511893
0.0158443363446838 4 -14323.8753683569
0.0160528144544823 4 -14496.2097452874
0.0162612925642807 4 -14667.9222894859
0.0164697706740792 4 -14839.0056351318
0.0166782487838777 4 -15009.4524433948
0.0168867268936761 4 -15179.2554027496
0.0170952050034746 4 -15348.4072292895
0.0173036831132731 4 -15516.900667039
0.0175121612230715 4 -15684.7284882651
0.01772063933287 4 -15851.8834937872
0.0179291174426685 4 -16018.3585132858
0.018137595552467 4 -16184.1464056105
0.0183460736622654 4 -16349.2400590857
0.0185545517720639 4 -16513.6323918165
0.0187630298818624 4 -16677.3163519915
0.0189715079916608 4 -16840.2849181862
0.0191799861014593 4 -17002.5310996637
0.0193884642112578 4 -17164.0479366747
0.0195969423210563 4 -17324.8285007558
0.0198054204308547 4 -17484.8658950273
0.0200138985406532 4 -17644.1532544883
0.0202223766504517 4 -17802.683746312
0.0204308547602501 4 -17960.450570138
0.0206393328700486 4 -18117.4469583645
0.0208478109798471 4 -18273.6661764384
0.0210562890896455 4 -18429.1015231446
0.021264767199444 4 -18583.7463308927
0.0214732453092425 4 -18737.5939660036
0.021681723419041 4 -18890.6378289941
0.0218902015288394 4 -19042.8713548594
0.0220986796386379 4 -19194.2880133555
0.0223071577484364 4 -19344.8813092787
0.0225156358582348 4 -19494.6447827444
0.0227241139680333 4 -19643.5720094645
0.0229325920778318 4 -19791.6566010225
0.0231410701876303 4 -19938.8922051479
0.0233495482974287 4 -20085.2725059885
0.0235580264072272 4 -20230.7912243813
0.0237665045170257 4 -20375.4421181223
0.0239749826268241 4 -20519.2189822334
0.0241834607366226 4 -20662.1156492294
0.0243919388464211 4 -20804.1259893822
0.0246004169562195 4 -20945.2439109837
0.024808895066018 4 -21085.4633606073
0.0250173731758165 4 -21224.7783233672
0.025225851285615 4 -21363.1828231771
0.0254343293954134 4 -21500.6709230057
0.0256428075052119 4 -21637.2367251321
0.0258512856150104 4 -21772.8743713983
0.0260597637248088 4 -21907.5780434609
0.0262682418346073 4 -22041.3419630402
0.0264767199444058 4 -22174.1603921686
0.0266851980542042 4 -22306.0276334363
0.0268936761640027 4 -22436.938030236
0.0271021542738012 4 -22566.8859670052
0.0273106323835997 4 -22695.8658694676
0.0275191104933981 4 -22823.8722048717
0.0277275886031966 4 -22950.8994822285
0.0279360667129951 4 -23076.9422525467
0.0281445448227935 4 -23201.9951090669
0.028353022932592 4 -23326.0526874931
0.0285615010423905 4 -23449.1096662229
0.028769979152189 4 -23571.1607665762
0.0289784572619874 4 -23692.2007530209
0.0291869353717859 4 -23812.224433398
0.0293954134815844 4 -23931.2266591443
0.0296038915913828 4 -24049.202325513
0.0298123697011813 4 -24166.1463717931
0.0300208478109798 4 -24282.0537815258
0.0302293259207782 4 -24396.9195827204
0.0304378040305767 4 -24510.7388480673
0.0306462821403752 4 -24623.506695149
0.0308547602501737 4 -24735.2182866504
0.0310632383599721 4 -24845.8688305652
0.0312717164697706 4 -24955.4535804026
0.0314801945795691 4 -25063.9678353899
0.0316886726893676 4 -25171.4069406748
0.031897150799166 4 -25277.766287525
0.0321056289089645 4 -25383.0413135254
0.032314107018763 4 -25487.2275027745
0.0325225851285614 4 -25590.3203860777
0.0327310632383599 4 -25692.315541139
0.0329395413481584 4 -25793.2085927508
0.0331480194579569 4 -25892.9952129819
0.0333564975677553 4 -25991.6711213624
0.0335649756775538 4 -26089.232085068
0.0337734537873523 4 -26185.6739191013
0.0339819318971508 4 -26280.9924864712
0.0341904100069492 4 -26375.1836983707
0.0343988881167477 4 -26468.243514352
0.0346073662265462 4 -26560.1679425
0.0348158443363447 4 -26650.9530396032
0.0350243224461431 4 -26740.5949113235
0.0352328005559416 4 -26829.0897123625
0.0354412786657401 4 -26916.433646627
0.0356497567755386 4 -27002.6229673916
0.035858234885337 4 -27087.6539774595
0.0360667129951355 4 -27171.523029321
0.036275191104934 4 -27254.22652531
0.0364836692147325 4 -27335.7609177584
0.0366921473245309 4 -27416.1227091484
0.0369006254343294 4 -27495.308452262
0.0371091035441279 4 -27573.3147503295
0.0373175816539263 4 -27650.1382571749
0.0375260597637248 4 -27725.7756773595
0.0377345378735233 4 -27800.2237663231
0.0379430159833218 4 -27873.4793305236
0.0381514940931202 4 -27945.5392275733
0.0383599722029187 4 -28016.4003663746
0.0385684503127172 4 -28086.0597072518
0.0387769284225157 4 -28154.5142620817
0.0389854065323141 4 -28221.7610944223
0.0391938846421126 4 -28287.7973196379
0.0394023627519111 4 -28352.6201050236
0.0396108408617096 4 -28416.2266699262
0.039819318971508 4 -28478.614285864
0.0400277970813065 4 -28539.7802766437
0.040236275191105 4 -28599.7220184747
0.0404447533009035 4 -28658.4369400824
0.0406532314107019 4 -28715.9225228182
0.0408617095205004 4 -28772.1763007673
0.0410701876302989 4 -28827.1958608547
0.0412786657400974 4 -28880.9788429489
0.0414871438498958 4 -28933.5229399626
0.0416956219596943 4 -28984.8258979524
0.0419041000694928 4 -29034.8855162147
0.0421125781792912 4 -29083.6996473807
0.0423210562890897 4 -29131.2661975082
0.0425295343988882 4 -29177.5831261718
0.0427380125086867 4 -29222.6484465496
0.0429464906184851 4 -29266.4602255096
0.0431549687282836 4 -29309.0165836915
0.0433634468380821 4 -29350.3156955881
0.0435719249478806 4 -29390.3557896232
0.043780403057679 4 -29429.1351482278
0.0439888811674775 4 -29466.6521079136
0.044197359277276 4 -29502.9050593446
0.0444058373870745 4 -29537.8924474058
0.0446143154968729 4 -29571.6127712702
0.0448227936066714 4 -29604.0645844632
0.0450312717164699 4 -29635.2464949242
0.0452397498262684 4 -29665.157165067
0.0454482279360668 4 -29693.7953118365
0.0456567060458653 4 -29721.1597067643
0.0458651841556638 4 -29747.249176021
0.0460736622654623 4 -29772.0626004668
0.0462821403752607 4 -29795.5989156994
0.0464906184850592 4 -29817.8571120995
0.0466990965948577 4 -29838.8362348744
0.0469075747046561 4 -29858.5353840991
0.0471160528144546 4 -29876.9537147541
0.0473245309242531 4 -29894.0904367626
0.0475330090340516 4 -29909.9448150238
0.04774148714385 4 -29924.5161694448
0.0479499652536485 4 -29937.8038749692
0.048158443363447 4 -29949.8073616048
0.0483669214732455 4 -29960.5261144471
0.0485753995830439 4 -29969.9596737022
0.0487838776928424 4 -29978.1076347058
0.0489923558026409 4 -29984.9696479411
0.0492008339124394 4 -29990.5454190538
0.0494093120222378 4 -29994.8347088642
0.0496177901320363 4 -29997.837333378
0.0498262682418348 4 -29999.5531637938
0.0500347463516333 4 -29999.9821265092
0.0502432244614317 4 -29999.1242031231
0.0504517025712302 4 -29996.9794304372
0.0506601806810287 4 -29993.5479004542
0.0508686587908272 4 -29988.8297603739
0.0510771369006256 4 -29982.8252125866
0.0512856150104241 4 -29975.5345146647
0.0514940931202226 4 -29966.9579793518
0.051702571230021 4 -29957.0959745488
0.0519110493398195 4 -29945.9489232986
0.052119527449618 4 -29933.5173037676
0.0523280055594165 4 -29919.8016492254
0.0525364836692149 4 -29904.8025480219
0.0527449617790134 4 -29888.5206435619
0.0529534398888119 4 -29870.9566342778
0.0531619179986104 4 -29852.1112735994
0.0533703961084088 4 -29831.9853699214
0.0535788742182073 4 -29810.5797865694
0.0537873523280058 4 -29787.8954417621
0.0539958304378043 4 -29763.9333085723
0.0542043085476027 4 -29738.6944148852
0.0544127866574012 4 -29712.1798433542
0.0546212647671997 4 -29684.3907313544
0.0548297428769982 4 -29655.3282709338
0.0550382209867966 4 -29624.9937087626
0.0552466990965951 4 -29593.3883460789
0.0554551772063936 4 -29560.5135386337
0.0556636553161921 4 -29526.3706966322
0.0558721334259905 4 -29490.9612846736
0.056080611535789 4 -29454.2868216882
0.0562890896455875 4 -29416.348880872
0.0564975677553859 4 -29377.1490896198
0.0567060458651844 4 -29336.6891294546
0.0569145239749829 4 -29294.9707359562
0.0571230020847814 4 -29251.9956986865
0.0573314801945798 4 -29207.7658611123
0.0575399583043783 4 -29162.2831205271
0.0577484364141768 4 -29115.5494279687
0.0579569145239753 4 -29067.5667881364
0.0581653926337737 4 -29018.3372593045
0.0583738707435722 4 -28967.8629532341
0.0585823488533707 4 -28916.1460350827
0.0587908269631692 4 -28863.1887233109
0.0589993050729676 4 -28808.9932895877
0.0592077831827661 4 -28753.562058693
0.0594162612925646 4 -28696.8974084174
0.0596247394023631 4 -28639.0017694607
0.0598332175121615 4 -28579.8776253276
0.06004169562196 4 -28519.5275122209
0.0602501737317585 4 -28457.9540189328
0.060458651841557 4 -28395.159786734
0.0606671299513554 4 -28331.1475092603
0.0608756080611539 4 -28265.9199323969
0.0610840861709524 4 -28199.479854161
0.0612925642807508 4 -28131.8301245813
0.0615010423905493 4 -28062.9736455761
0.0617095205003478 4 -27992.9133708288
0.0619179986101463 4 -27921.6523056609
0.0621264767199447 4 -27849.1935069034
0.0623349548297432 4 -27775.5400827654
0.0625434329395417 4 -27700.6951927012
0.0627519110493402 4 -27624.6620472742
0.0629603891591386 4 -27547.4439080198
0.0631688672689371 4 -27469.0440873048
0.0633773453787356 4 -27389.4659481859
0.0635858234885341 4 -27308.7129042652
0.0637943015983325 4 -27226.7884195438
0.064002779708131 4 -27143.6960082731
0.0642112578179295 4 -27059.4392348043
0.064419735927728 4 -26974.021713435
0.0646282140375264 4 -26887.447108255
0.0648366921473249 4 -26799.7191329883
0.0650451702571234 4 -26710.8415508341
0.0652536483669219 4 -26620.8181743057
0.0654621264767203 4 -26529.6528650663
0.0656706045865188 4 -26437.3495337641
0.0658790826963173 4 -26343.9121398636
0.0660875608061157 4 -26249.344691477
0.0662960389159142 4 -26153.6512451909
0.0665045170257127 4 -26056.8359058935
0.0667129951355112 4 -25958.9028265977
0.0669214732453096 4 -25859.8562082633
0.0671299513551081 4 -25759.7002996166
0.0673384294649066 4 -25658.4393969685
0.0675469075747051 4 -25556.0778440299
0.0677553856845035 4 -25452.6200317253
0.067963863794302 4 -25348.0703980047
0.0681723419041005 4 -25242.4334276533
0.068380820013899 4 -25135.7136520985
0.0685892981236974 4 -25027.9156492164
0.0687977762334959 4 -24919.0440431349
0.0690062543432944 4 -24809.1035040351
0.0692147324530929 4 -24698.0987479516
0.0694232105628913 4 -24586.0345365699
0.0696316886726898 4 -24472.9156770221
0.0698401667824883 4 -24358.7470216806
0.0700486448922868 4 -24243.5334679503
0.0702571230020852 4 -24127.279958058
0.0704656011118837 4 -24009.991478841
0.0706740792216822 4 -23891.6730615327
0.0708825573314806 4 -23772.3297815471
0.0710910354412791 4 -23651.9667582608
0.0712995135510776 4 -23530.5891547936
0.0715079916608761 4 -23408.2021777869
0.0717164697706745 4 -23284.8110771806
0.071924947880473 4 -23160.4211459876
0.0721334259902715 4 -23035.0377200668
0.07234190410007 4 -22908.6661778943
0.0725503822098684 4 -22781.3119403329
0.0727588603196669 4 -22652.9804703989
0.0729673384294654 4 -22523.6772730286
0.0731758165392639 4 -22393.4078948414
0.0733842946490623 4 -22262.1779239024
0.0735927727588608 4 -22129.9929894826
0.0738012508686593 4 -21996.8587618171
0.0740097289784578 4 -21862.7809518623
0.0742182070882562 4 -21727.7653110505
0.0744266851980547 4 -21591.8176310436
0.0746351633078532 4 -21454.9437434845
0.0748436414176517 4 -21317.1495197466
0.0750521195274501 4 -21178.4408706827
0.0752605976372486 4 -21038.8237463706
0.0754690757470471 4 -20898.3041358586
0.0756775538568455 4 -20756.8880669079
0.075886031966644 4 -20614.5816057346
0.0760945100764425 4 -20471.3908567493
0.076302988186241 4 -20327.3219622952
0.0765114662960394 4 -20182.3811023845
0.0767199444058379 4 -20036.5744944334
0.0769284225156364 4 -19889.9083929958
0.0771369006254349 4 -19742.3890894941
0.0773453787352333 4 -19594.0229119503
0.0775538568450318 4 -19444.8162247139
0.0777623349548303 4 -19294.775428189
0.0779708130646288 4 -19143.9069585601
0.0781792911744272 4 -18992.2172875154
0.0783877692842257 4 -18839.71292197
0.0785962473940242 4 -18686.400403786
0.0788047255038227 4 -18532.2863094922
0.0790132036136211 4 -18377.3772500021
0.0792216817234196 4 -18221.6798703303
0.0794301598332181 4 -18065.2008493071
0.0796386379430166 4 -17907.9468992924
0.079847116052815 4 -17749.9247658878
0.0800555941626135 4 -17591.1412276467
0.080264072272412 4 -17431.6030957843
0.0804725503822104 4 -17271.3172138848
0.0806810284920089 4 -17110.2904576079
0.0808895066018074 4 -16948.5297343944
0.0810979847116059 4 -16786.0419831693
0.0813064628214043 4 -16622.8341740443
0.0815149409312028 4 -16458.9133080189
0.0817234190410013 4 -16294.2864166803
0.0819318971507998 4 -16128.9605619011
0.0821403752605982 4 -15962.9428355371
0.0823488533703967 4 -15796.2403591227
0.0825573314801952 4 -15628.8602835656
0.0827658095899937 4 -15460.8097888396
0.0829742876997921 4 -15292.0960836774
0.0831827658095906 4 -15122.7264052607
0.0833912439193891 4 -14952.7080189099
0.0835997220291876 4 -14782.0482177727
0.083808200138986 4 -14610.7543225109
0.0840166782487845 4 -14438.8336809868
0.084225156358583 4 -14266.2936679475
0.0844336344683815 4 -14093.141684709
0.0846421125781799 4 -13919.3851588382
0.0848505906879784 4 -13745.0315438351
0.0850590687977769 4 -13570.088318812
0.0852675469075753 4 -13394.5629881738
0.0854760250173738 4 -13218.463081295
0.0856845031271723 4 -13041.7961521978
0.0858929812369708 4 -12864.569779227
0.0861014593467692 4 -12686.7915647258
0.0863099374565677 4 -12508.4691347091
0.0865184155663662 4 -12329.6101385368
0.0867268936761647 4 -12150.2222485852
0.0869353717859631 4 -11970.3131599185
0.0871438498957616 4 -11789.8905899579
0.0873523280055601 4 -11608.9622781515
0.0875608061153586 4 -11427.5359856415
0.087769284225157 4 -11245.6194949316
0.0879777623349555 4 -11063.2206095533
0.088186240444754 4 -10880.3471537309
0.0883947185545525 4 -10697.0069720462
0.0886031966643509 4 -10513.2079291014
0.0888116747741494 4 -10328.9579091824
0.0890201528839479 4 -10144.2648159202
0.0892286309937464 4 -9959.1365719521
0.0894371091035448 4 -9773.58111858157
0.0896455872133433 4 -9587.60641543785
0.0898540653231418 4 -9401.22044013435
0.0900625434329402 4 -9214.43118792656
0.0902710215427387 4 -9027.246671369
0.0904794996525372 4 -8839.67491997155
0.0906879777623357 4 -8651.72397985499
0.0908964558721341 4 -8463.40191340589
0.0911049339819326 4 -8274.71679893071
0.0913134120917311 4 -8085.67673030933
0.0915218902015296 4 -7896.28981664782
0.091730368311328 4 -7706.56418193057
0.0919388464211265 4 -7516.50796467184
0.092147324530925 4 -7326.12931756665
0.0923558026407235 4 -7135.43640714102
0.0925642807505219 4 -6944.4374134017
0.0927727588603204 4 -6753.14052948525
0.0929812369701189 4 -6561.55396130659
0.0931897150799174 4 -6369.68592720703
0.0933981931897158 4 -6177.54465760166
0.0936066712995143 4 -5985.13839462639
0.0938151494093128 4 -5792.47539178432
0.0940236275191113 4 -5599.56391359173
0.0942321056289097 4 -5406.41223522355
0.0944405837387082 4 -5213.02864215839
0.0946490618485067 4 -5019.42142982314
0.0948575399583051 4 -4825.5989032371
0.0950660180681036 4 -4631.56937665574
0.0952744961779021 4 -4437.34117321407
0.0954829742877006 4 -4242.92262456955
0.095691452397499 4 -4048.32207054476
0.0958999305072975 4 -3853.54785876962
0.096108408617096 4 -3658.6083443233
0.0963168867268945 4 -3463.51188937585
0.0965253648366929 4 -3268.26686282947
0.0967338429464914 4 -3072.8816399595
0.0969423210562899 4 -2877.36460205522
0.0971507991660884 4 -2681.72413606022
0.0973592772758868 4 -2485.96863421273
0.0975677553856853 4 -2290.10649368558
0.0977762334954838 4 -2094.14611622599
0.0979847116052823 4 -1898.09590779516
0.0981931897150807 4 -1701.96427820772
0.0984016678248792 4 -1505.75964077097
0.0986101459346777 4 -1309.49041192393
0.0988186240444762 4 -1113.1650108764
0.0990271021542746 4 -916.791859247727
0.0992355802640731 4 -720.379380705557
0.0994440583738716 4 -523.936000604551
0.09965253648367 4 -327.470145624914
0.0998610145934685 4 -130.99024341094
0.100069492703267 4 65.4952777905036
0.100277970813065 4 261.977989491517
0.100486448922864 4 458.449463324717
0.100694927032662 4 654.901271404781
0.100903405142461 4 851.324986689975
0.101111883252259 4 1047.71218334364
0.101320361362058 4 1244.05443709563
0.101528839471856 4 1440.34332560367
0.101737317581655 4 1636.57042881467
0.101945795691453 4 1832.72732932588
0.102154273801252 4 2028.80561274599
0.10236275191105 4 2224.79686805607
0.102571230020849 4 2420.69268797035
0.102779708130647 4 2616.48466929689
0.102988186240446 4 2812.16441329805
0.103196664350244 4 3007.72352605074
0.103405142460043 4 3203.15361880646
0.103613620569841 4 3398.44630835123
0.10382209867964 4 3593.59321736513
0.104030576789438 4 3788.58597478166
0.104239054899236 4 3983.41621614687
0.104447533009035 4 4178.07558397811
0.104656011118833 4 4372.55572812259
0.104864489228632 4 4566.8483061155
0.10507296733843 4 4760.94498353796
0.105281445448229 4 4954.83743437444
0.105489923558027 4 5148.51734136998
0.105698401667826 4 5341.97639638696
0.105906879777624 4 5535.20630076146
0.106115357887423 4 5728.19876565926
0.106323835997221 4 5920.94551243141
0.10653231410702 4 6113.43827296932
0.106740792216818 4 6305.66879005947
0.106949270326617 4 6497.62881773761
0.107157748436415 4 6689.31012164243
0.107366226546214 4 6880.70447936883
0.107574704656012 4 7071.80368082064
0.107783182765811 4 7262.59952856274
0.107991660875609 4 7453.08383817279
0.108200138985407 4 7643.24843859222
0.108408617095206 4 7833.0851724768
0.108617095205004 4 8022.58589654653
0.108825573314803 4 8211.74248193496
0.109034051424601 4 8400.54681453792
0.1092425295344 4 8588.99079536151
0.109451007644198 4 8777.0663408696
0.109659485753997 4 8964.76538333053
0.109867963863795 4 9152.0798711632
0.110076441973594 4 9339.00176928246
0.110284920083392 4 9525.52305944378
0.110493398193191 4 9711.63574058717
0.110701876302989 4 9897.33182918048
0.110910354412788 4 10082.6033595618
0.111118832522586 4 10267.4423842811
0.111327310632385 4 10451.8409744412
0.111535788742183 4 10635.7912200381
0.111744266851982 4 10819.2852302999
0.11195274496178 4 11002.3151340255
0.112161223071578 4 11184.8730799223
0.112369701181377 4 11366.9512369428
0.112578179291175 4 11548.5417946207
0.112786657400974 4 11729.6369634059
0.112995135510772 4 11910.2289749986
0.113203613620571 4 12090.3100826824
0.113412091730369 4 12269.872561657
0.113620569840168 4 12448.9087093692
0.113829047949966 4 12627.4108458433
0.114037526059765 4 12805.3713140109
0.114246004169563 4 12982.782480039
0.114454482279362 4 13159.6367336575
0.11466296038916 4 13335.926488486
0.114871438498959 4 13511.6441823588
0.115079916608757 4 13686.7822776493
0.115288394718556 4 13861.3332615939
0.115496872828354 4 14035.2896466135
0.115705350938153 4 14208.6439706352
0.115913829047951 4 14381.3887974122
0.116122307157749 4 14553.516716843
0.116330785267548 4 14725.0203452888
0.116539263377346 4 14895.8923258907
0.116747741487145 4 15066.1253288852
0.116956219596943 4 15235.7120519184
0.117164697706742 4 15404.6452203594
0.11737317581654 4 15572.9175876123
0.117581653926339 4 15740.5219354272
0.117790132036137 4 15907.4510742095
0.117998610145936 4 16073.6978433286
0.118207088255734 4 16239.2551114253
0.118415566365533 4 16404.1157767169
0.118624044475331 4 16568.2727673026
0.11883252258513 4 16731.7190414665
0.119041000694928 4 16894.44758798
0.119249478804727 4 17056.4514264019
0.119457956914525 4 17217.7236073786
0.119666435024324 4 17378.2572129416
0.119874913134122 4 17538.0453568047
0.12008339124392 4 17697.081184659
0.120291869353719 4 17855.3578744673
0.120500347463517 4 18012.8686367565
0.120708825573316 4 18169.6067149088
0.120917303683114 4 18325.5653854517
0.121125781792913 4 18480.7379583464
0.121334259902711 4 18635.1177772748
0.12154273801251 4 18788.6982199246
0.121751216122308 4 18941.4726982742
0.121959694232107 4 19093.4346588745
0.122168172341905 4 19244.5775831305
0.122376650451704 4 19394.8949875806
0.122585128561502 4 19544.3804241751
0.122793606671301 4 19693.0274805525
0.123002084781099 4 19840.8297803146
0.123210562890898 4 19987.7809833002
0.123419041000696 4 20133.8747858567
0.123627519110495 4 20279.104921111
0.123835997220293 4 20423.465159238
0.124044475330091 4 20566.9493077277
0.12425295343989 4 20709.5512116514
0.124461431549688 4 20851.2647539252
0.124669909659487 4 20992.0838555724
0.124878387769285 4 21132.0024759846
0.125086865879084 4 21271.0146131808
0.125295343988882 4 21409.1143040643
0.125503822098681 4 21546.2956246793
0.125712300208479 4 21682.5526904644
0.125920778318278 4 21817.8796565053
0.126129256428076 4 21952.2707177856
0.126337734537875 4 22085.7201094354
0.126546212647673 4 22218.2221069792
0.126754690757472 4 22349.7710265809
0.12696316886727 4 22480.3612252879
0.127171646977068 4 22609.9871012732
0.127380125086867 4 22738.6430940755
0.127588603196665 4 22866.3236848379
0.127797081306464 4 22993.0233965445
0.128005559416262 4 23118.7367942556
0.128214037526061 4 23243.4584853403
0.128422515635859 4 23367.1831197086
0.128630993745658 4 23489.9053900401
0.128839471855456 4 23611.6200320123
0.129047949965255 4 23732.3218245261
0.129256428075053 4 23852.0055899296
0.129464906184852 4 23970.6661942406
0.12967338429465 4 24088.2985473669
0.129881862404448 4 24204.8976033239
0.130090340514247 4 24320.4583604519
0.130298818624045 4 24434.9758616302
0.130507296733844 4 24548.4451944898
0.130715774843642 4 24660.8614916243
0.130924252953441 4 24772.2199307985
0.131132731063239 4 24882.5157351552
0.131341209173038 4 24991.7441734204
0.131549687282836 4 25099.900560106
0.131758165392635 4 25206.9802557108
0.131966643502433 4 25312.9786669197
0.132175121612231 4 25417.8912468007
0.13238359972203 4 25521.7134949996
0.132592077831828 4 25624.4409579335
0.132800555941627 4 25726.0692289817
0.133009034051425 4 25826.5939486746
0.133217512161224 4 25926.0108048807
0.133425990271022 4 26024.315532992
0.133634468380821 4 26121.5039161062
0.133842946490619 4 26217.5717852081
0.134051424600418 4 26312.5150193486
0.134259902710216 4 26406.3295458209
0.134468380820015 4 26499.0113403356
0.134676858929813 4 26590.5564271932
0.134885337039611 4 26680.9608794548
0.13509381514941 4 26770.2208191101
0.135302293259208 4 26858.3324172445
0.135510771369007 4 26945.2918942026
0.135719249478805 4 27031.0955197508
0.135927727588604 4 27115.7396132372
0.136136205698402 4 27199.2205437493
0.136344683808201 4 27281.53473027
0.136553161917999 4 27362.6786418312
0.136761640027798 4 27442.648797665
0.136970118137596 4 27521.4417673532
0.137178596247395 4 27599.0541709748
0.137387074357193 4 27675.4826792501
0.137595552466991 4 27750.7240136845
0.13780403057679 4 27824.7749467084
0.138012508686588 4 27897.632301816
0.138220986796387 4 27969.2929537016
0.138429464906185 4 28039.7538283934
0.138637943015984 4 28109.0119033857
0.138846421125782 4 28177.0642077681
0.139054899235581 4 28243.9078223534
0.139263377345379 4 28309.5398798027
0.139471855455178 4 28373.9575647482
0.139680333564976 4 28437.1581139142
0.139888811674775 4 28499.1388162353
0.140097289784573 4 28559.8970129732
0.140305767894371 4 28619.4300978304
0.14051424600417 4 28677.7355170621
0.140722724113968 4 28734.8107695856
0.140931202223767 4 28790.6534070879
0.141139680333565 4 28845.2610341303
0.141348158443364 4 28898.6313082516
0.141556636553162 4 28950.7619400684
0.141765114662961 4 29001.650693373
0.141973592772759 4 29051.2953852299
0.142182070882558 4 29099.693886069
0.142390548992356 4 29146.8441197772
0.142599027102154 4 29192.7440637872
0.142807505211953 4 29237.3917491645
0.143015983321751 4 29280.7852606918
0.14322446143155 4 29322.9227369511
0.143432939541348 4 29363.8023704035
0.143641417651147 4 29403.4224074669
0.143849895760945 4 29441.7811485912
0.144058373870744 4 29478.876948331
0.144266851980542 4 29514.7082154164
0.144475330090341 4 29549.2734128212
0.144683808200139 4 29582.5710578287
0.144892286309938 4 29614.5997220955
0.145100764419736 4 29645.3580317127
0.145309242529534 4 29674.8446672649
0.145517720639333 4 29703.0583638865
0.145726198749131 4 29729.9979113164
0.14593467685893 4 29755.6621539495
0.146143154968728 4 29780.0499908867
0.146351633078527 4 29803.1603759818
0.146560111188325 4 29824.9923178862
0.146768589298124 4 29845.5448800921
0.146977067407922 4 29864.8171809721
0.147185545517721 4 29882.8083938171
0.147394023627519 4 29899.5177468719
0.147602501737318 4 29914.9445233683
0.147810979847116 4 29929.0880615558
0.148019457956914 4 29941.9477547298
0.148227936066713 4 29953.5230512582
0.148436414176511 4 29963.8134546042
0.14864489228631 4 29972.8185233485
0.148853370396108 4 29980.5378712074
0.149061848505907 4 29986.9711670502
0.149270326615705 4 29992.1181349126
0.149478804725504 4 29995.9785540091
0.149687282835302 4 29998.5522587424
0.149895760945101 4 29999.8391387102
0.150104239054899 4 29999.8391387102
0.150312717164698 4 29998.5522587424
0.150521195274496 4 29995.9785540091
0.150729673384294 4 29992.1181349126
0.150938151494093 4 29986.9711670502
0.151146629603891 4 29980.5378712074
0.15135510771369 4 29972.8185233485
0.151563585823488 4 29963.8134546042
0.151772063933287 4 29953.5230512582
0.151980542043085 4 29941.9477547299
0.152189020152884 4 29929.0880615558
0.152397498262682 4 29914.9445233683
0.152605976372481 4 29899.5177468719
0.152814454482279 4 29882.8083938171
0.153022932592077 4 29864.8171809721
0.153231410701876 4 29845.5448800922
0.153439888811674 4 29824.9923178863
0.153648366921473 4 29803.1603759818
0.153856845031271 4 29780.0499908868
0.15406532314107 4 29755.6621539496
0.154273801250868 4 29729.9979113164
0.154482279360667 4 29703.0583638865
0.154690757470465 4 29674.8446672649
0.154899235580264 4 29645.3580317128
0.155107713690062 4 29614.5997220955
0.155316191799861 4 29582.5710578287
0.155524669909659 4 29549.2734128212
0.155733148019457 4 29514.7082154165
0.155941626129256 4 29478.8769483311
0.156150104239054 4 29441.7811485913
0.156358582348853 4 29403.422407467
0.156567060458651 4 29363.8023704035
0.15677553856845 4 29322.9227369511
0.156984016678248 4 29280.7852606919
0.157192494788047 4 29237.3917491646
0.157400972897845 4 29192.7440637873
0.157609451007644 4 29146.8441197773
0.157817929117442 4 29099.6938860691
0.158026407227241 4 29051.29538523
0.158234885337039 4 29001.6506933731
0.158443363446837 4 28950.7619400685
0.158651841556636 4 28898.6313082517
0.158860319666434 4 28845.2610341304
0.159068797776233 4 28790.6534070879
0.159277275886031 4 28734.8107695857
0.15948575399583 4 28677.7355170622
0.159694232105628 4 28619.4300978305
0.159902710215427 4 28559.8970129733
0.160111188325225 4 28499.1388162354
0.160319666435024 4 28437.1581139143
0.160528144544822 4 28373.9575647483
0.160736622654621 4 28309.5398798028
0.160945100764419 4 28243.9078223535
0.161153578874217 4 28177.0642077682
0.161362056984016 4 28109.0119033858
0.161570535093814 4 28039.7538283936
0.161779013203613 4 27969.2929537017
0.161987491313411 4 27897.6323018162
0.16219596942321 4 27824.7749467085
0.162404447533008 4 27750.7240136846
0.162612925642807 4 27675.4826792503
0.162821403752605 4 27599.0541709749
0.163029881862404 4 27521.4417673534
0.163238359972202 4 27442.6487976651
0.163446838082001 4 27362.6786418313
0.163655316191799 4 27281.5347302702
0.163863794301597 4 27199.2205437494
0.164072272411396 4 27115.7396132373
0.164280750521194 4 27031.095519751
0.164489228630993 4 26945.2918942028
0.164697706740791 4 26858.3324172446
0.16490618485059 4 26770.2208191103
0.165114662960388 4 26680.9608794549
0.165323141070187 4 26590.5564271934
0.165531619179985 4 26499.0113403358
0.165740097289784 4 26406.3295458211
0.165948575399582 4 26312.5150193488
0.16615705350938 4 26217.5717852083
0.166365531619179 4 26121.5039161063
0.166574009728977 4 26024.3155329921
0.166782487838776 4 25926.0108048809
0.166990965948574 4 25826.5939486747
0.167199444058373 4 25726.0692289819
0.167407922168171 4 25624.4409579337
0.16761640027797 4 25521.7134949997
0.167824878387768 4 25417.8912468008
0.168033356497567 4 25312.9786669199
0.168241834607365 4 25206.980255711
0.168450312717164 4 25099.9005601061
0.168658790826962 4 24991.7441734206
0.16886726893676 4 24882.5157351554
0.169075747046559 4 24772.2199307987
0.169284225156357 4 24660.8614916245
0.169492703266156 4 24548.44519449
0.169701181375954 4 24434.9758616304
0.169909659485753 4 24320.4583604521
0.170118137595551 4 24204.8976033241
0.17032661570535 4 24088.2985473671
0.170535093815148 4 23970.6661942408
0.170743571924947 4 23852.0055899298
0.170952050034745 4 23732.3218245263
0.171160528144544 4 23611.6200320125
0.171369006254342 4 23489.9053900403
0.17157748436414 4 23367.1831197088
0.171785962473939 4 23243.4584853405
0.171994440583737 4 23118.7367942558
0.172202918693536 4 22993.0233965447
0.172411396803334 4 22866.3236848381
0.172619874913133 4 22738.6430940757
0.172828353022931 4 22609.9871012734
0.17303683113273 4 22480.3612252881
0.173245309242528 4 22349.7710265811
0.173453787352327 4 22218.2221069794
0.173662265462125 4 22085.7201094356
0.173870743571924 4 21952.2707177858
0.174079221681722 4 21817.8796565056
0.17428769979152 4 21682.5526904646
0.174496177901319 4 21546.2956246795
0.174704656011117 4 21409.1143040645
0.174913134120916 4 21271.014613181
0.175121612230714 4 21132.0024759849
0.175330090340513 4 20992.0838555726
0.175538568450311 4 20851.2647539254
0.17574704656011 4 20709.5512116517
0.175955524669908 4 20566.949307728
0.176164002779707 4 20423.4651592382
0.176372480889505 4 20279.1049211113
0.176580958999303 4 20133.874785857
0.176789437109102 4 19987.7809833005
0.1769979152189 4 19840.829780315
0.177206393328699 4 19693.0274805529
0.177414871438497 4 19544.3804241755
0.177623349548296 4 19394.894987581
0.177831827658094 4 19244.5775831308
0.178040305767893 4 19093.4346588749
0.178248783877691 4 18941.4726982746
0.17845726198749 4 18788.698219925
0.178665740097288 4 18635.1177772752
0.178874218207087 4 18480.7379583469
0.179082696316885 4 18325.5653854521
0.179291174426683 4 18169.6067149092
0.179499652536482 4 18012.868636757
0.17970813064628 4 17855.3578744678
0.179916608756079 4 17697.0811846595
0.180125086865877 4 17538.0453568052
0.180333564975676 4 17378.2572129422
0.180542043085474 4 17217.7236073791
0.180750521195273 4 17056.4514264025
0.180958999305071 4 16894.4475879806
0.18116747741487 4 16731.7190414671
0.181375955524668 4 16568.2727673032
0.181584433634467 4 16404.1157767175
0.181792911744265 4 16239.2551114259
0.182001389854063 4 16073.6978433293
0.182209867963862 4 15907.4510742101
0.18241834607366 4 15740.5219354278
0.182626824183459 4 15572.917587613
0.182835302293257 4 15404.6452203601
0.183043780403056 4 15235.7120519191
0.183252258512854 4 15066.125328886
0.183460736622653 4 14895.8923258915
0.183669214732451 4 14725.0203452895
0.18387769284225 4 14553.5167168437
0.184086170952048 4 14381.388797413
0.184294649061847 4 14208.643970636
0.184503127171645 4 14035.2896466143
0.184711605281443 4 13861.3332615947
0.184920083391242 4 13686.7822776502
0.18512856150104 4 13511.6441823596
0.185337039610839 4 13335.9264884869
0.185545517720637 4 13159.6367336584
0.185753995830436 4 12982.7824800399
0.185962473940234 4 12805.3713140118
0.186170952050033 4 12627.4108458442
0.186379430159831 4 12448.9087093701
0.18658790826963 4 12269.872561658
0.186796386379428 4 12090.3100826834
0.187004864489226 4 11910.2289749996
0.187213342599025 4 11729.6369634069
0.187421820708823 4 11548.5417946218
0.187630298818622 4 11366.9512369439
0.18783877692842 4 11184.8730799234
0.188047255038219 4 11002.3151340266
0.188255733148017 4 10819.285230301
0.188464211257816 4 10635.7912200392
0.188672689367614 4 10451.8409744423
0.188881167477413 4 10267.4423842822
0.189089645587211 4 10082.6033595629
0.18929812369701 4 9897.33182918163
0.189506601806808 4 9711.63574058834
0.189715079916606 4 9525.52305944495
0.189923558026405 4 9339.00176928365
0.190132036136203 4 9152.07987116441
0.190340514246002 4 8964.76538333175
0.1905489923558 4 8777.06634087084
0.190757470465599 4 8588.99079536276
0.190965948575397 4 8400.54681453918
0.191174426685196 4 8211.74248193624
0.191382904794994 4 8022.58589654782
0.191591382904793 4 7833.08517247811
0.191799861014591 4 7643.24843859354
0.19200833912439 4 7453.08383817413
0.192216817234188 4 7262.5995285641
0.192425295343986 4 7071.80368082201
0.192633773453785 4 6880.70447937022
0.192842251563583 4 6689.31012164383
0.193050729673382 4 6497.62881773903
0.19325920778318 4 6305.6687900609
0.193467685892979 4 6113.43827297076
0.193676164002777 4 5920.94551243285
0.193884642112576 4 5728.19876566072
0.194093120222374 4 5535.20630076293
0.194301598332173 4 5341.97639638845
0.194510076441971 4 5148.51734137149
0.19471855455177 4 4954.83743437596
0.194927032661568 4 4760.94498353949
0.195135510771366 4 4566.84830611706
0.195343988881165 4 4372.55572812415
0.195552466990963 4 4178.07558397969
0.195760945100762 4 3983.41621614846
0.19596942321056 4 3788.58597478327
0.196177901320359 4 3593.59321736675
0.196386379430157 4 3398.44630835287
0.196594857539956 4 3203.15361880814
0.196803335649754 4 3007.72352605243
0.197011813759553 4 2812.16441329976
0.197220291869351 4 2616.48466929861
0.197428769979149 4 2420.69268797207
0.197637248088948 4 2224.7968680578
0.197845726198746 4 2028.80561274774
0.198054204308545 4 1832.72732932764
0.198262682418343 4 1636.57042881645
0.198471160528142 4 1440.34332560546
0.19867963863794 4 1244.05443709744
0.198888116747739 4 1047.71218334546
0.199096594857537 4 851.324986691811
0.199305072967336 4 654.90127140663
0.199513551077134 4 458.449463326579
0.199722029186933 4 261.977989493393
0.199930507296731 4 65.4952777923931
0.200138985406529 4 -130.990243409038
0.200347463516328 4 -327.470145622998
0.200555941626126 4 -523.936000602622
0.200764419735925 4 -720.379380703615
0.200972897845723 4 -916.791859245771
0.201181375955522 4 -1113.16501087444
0.20138985406532 4 -1309.49041192197
0.201598332175119 4 -1505.75964076899
0.201806810284917 4 -1701.96427820573
0.202015288394716 4 -1898.09590779315
0.202223766504514 4 -2094.14611622397
0.202432244614313 4 -2290.10649368355
0.202640722724111 4 -2485.96863421069
0.202849200833909 4 -2681.72413605816
0.203057678943708 4 -2877.36460205315
0.203266157053506 4 -3072.88163995743
0.203474635163305 4 -3268.26686282738
0.203683113273103 4 -3463.51188937375
0.203891591382902 4 -3658.60834432119
0.2041000694927 4 -3853.54785876749
0.204308547602499 4 -4048.32207054262
0.204517025712297 4 -4242.9226245674
0.204725503822096 4 -4437.34117321191
0.204933981931894 4 -4631.56937665358
0.205142460041693 4 -4825.59890323493
0.205350938151491 4 -5019.42142982096
0.205559416261289 4 -5213.0286421562
0.205767894371088 4 -5406.41223522135
0.205976372480886 4 -5599.56391358952
0.206184850590685 4 -5792.4753917821
0.206393328700483 4 -5985.13839462416
0.206601806810282 4 -6177.54465759942
0.20681028492008 4 -6369.68592720478
0.207018763029879 4 -6561.55396130433
0.207227241139677 4 -6753.14052948298
0.207435719249476 4 -6944.43741339942
0.207644197359274 4 -7135.43640713873
0.207852675469072 4 -7326.12931756435
0.208061153578871 4 -7516.50796466951
0.208269631688669 4 -7706.56418192823
0.208478109798468 4 -7896.28981664547
0.208686587908266 4 -8085.67673030699
0.208895066018065 4 -8274.71679892836
0.209103544127863 4 -8463.40191340352
0.209312022237662 4 -8651.72397985262
0.20952050034746 4 -8839.67491996917
0.209728978457259 4 -9027.24667136661
0.209937456567057 4 -9214.43118792417
0.210145934676856 4 -9401.22044013195
0.210354412786654 4 -9587.60641543544
0.210562890896452 4 -9773.58111857916
0.210771369006251 4 -9959.13657194968
0.210979847116049 4 -10144.2648159178
0.211188325225848 4 -10328.9579091799
0.211396803335646 4 -10513.2079290989
0.211605281445445 4 -10697.0069720437
0.211813759555243 4 -10880.3471537285
0.212022237665042 4 -11063.2206095508
0.21223071577484 4 -11245.6194949291
0.212439193884639 4 -11427.535985639
0.212647671994437 4 -11608.962278149
0.212856150104236 4 -11789.8905899555
0.213064628214034 4 -11970.313159916
0.213273106323832 4 -12150.2222485828
0.213481584433631 4 -12329.6101385343
0.213690062543429 4 -12508.4691347066
0.213898540653228 4 -12686.7915647233
0.214107018763026 4 -12864.5697792245
0.214315496872825 4 -13041.7961521953
0.214523974982623 4 -13218.4630812925
0.214732453092422 4 -13394.5629881713
0.21494093120222 4 -13570.0883188095
0.215149409312019 4 -13745.0315438326
0.215357887421817 4 -13919.3851588357
0.215566365531616 4 -14093.1416847064
0.215774843641414 4 -14266.293667945
0.215983321751212 4 -14438.8336809843
0.216191799861011 4 -14610.7543225084
0.216400277970809 4 -14782.0482177701
0.216608756080608 4 -14952.7080189073
0.216817234190406 4 -15122.7264052581
0.217025712300205 4 -15292.0960836749
0.217234190410003 4 -15460.8097888371
0.217442668519802 4 -15628.860283563
0.2176511466296 4 -15796.2403591202
0.217859624739399 4 -15962.9428355346
0.218068102849197 4 -16128.9605618985
0.218276580958995 4 -16294.2864166777
0.218485059068794 4 -16458.9133080164
0.218693537178592 4 -16622.8341740417
0.218902015288391 4 -16786.0419831667
0.219110493398189 4 -16948.5297343919
0.219318971507988 4 -17110.2904576054
0.219527449617786 4 -17271.3172138822
0.219735927727585 4 -17431.6030957818
0.219944405837383 4 -17591.1412276442
0.220152883947182 4 -17749.9247658852
0.22036136205698 4 -17907.9468992899
0.220569840166779 4 -18065.2008493045
0.220778318276577 4 -18221.6798703277
0.220986796386375 4 -18377.3772499996
0.221195274496174 4 -18532.2863094897
0.221403752605972 4 -18686.4004037835
0.221612230715771 4 -18839.7129219675
0.221820708825569 4 -18992.2172875129
0.222029186935368 4 -19143.9069585575
0.222237665045166 4 -19294.7754281865
0.222446143154965 4 -19444.8162247114
0.222654621264763 4 -19594.0229119478
0.222863099374562 4 -19742.3890894916
0.22307157748436 4 -19889.9083929933
0.223280055594159 4 -20036.5744944309
0.223488533703957 4 -20182.381102382
0.223697011813755 4 -20327.3219622927
0.223905489923554 4 -20471.3908567469
0.224113968033352 4 -20614.5816057321
0.224322446143151 4 -20756.8880669054
0.224530924252949 4 -20898.3041358561
0.224739402362748 4 -21038.8237463682
0.224947880472546 4 -21178.4408706803
0.225156358582345 4 -21317.1495197442
0.225364836692143 4 -21454.943743482
0.225573314801942 4 -21591.8176310412
0.22578179291174 4 -21727.7653110481
0.225990271021539 4 -21862.7809518599
0.226198749131337 4 -21996.8587618147
0.226407227241135 4 -22129.9929894802
0.226615705350934 4 -22262.1779239001
0.226824183460732 4 -22393.407894839
0.227032661570531 4 -22523.6772730262
0.227241139680329 4 -22652.9804703966
0.227449617790128 4 -22781.3119403305
0.227658095899926 4 -22908.666177892
0.227866574009725 4 -23035.0377200645
0.228075052119523 4 -23160.4211459853
0.228283530229322 4 -23284.8110771783
0.22849200833912 4 -23408.2021777846
0.228700486448918 4 -23530.5891547913
0.228908964558717 4 -23651.9667582585
0.229117442668515 4 -23772.3297815449
0.229325920778314 4 -23891.6730615305
0.229534398888112 4 -24009.9914788388
0.229742876997911 4 -24127.2799580558
0.229951355107709 4 -24243.5334679481
0.230159833217508 4 -24358.7470216784
0.230368311327306 4 -24472.9156770199
0.230576789437105 4 -24586.0345365678
0.230785267546903 4 -24698.0987479494
0.230993745656702 4 -24809.1035040329
0.2312022237665 4 -24919.0440431327
0.231410701876298 4 -25027.9156492143
0.231619179986097 4 -25135.7136520964
0.231827658095895 4 -25242.4334276512
0.232036136205694 4 -25348.0703980026
0.232244614315492 4 -25452.6200317232
0.232453092425291 4 -25556.0778440278
0.232661570535089 4 -25658.4393969665
0.232870048644888 4 -25759.7002996146
0.233078526754686 4 -25859.8562082613
0.233287004864485 4 -25958.9028265957
0.233495482974283 4 -26056.8359058916
0.233703961084082 4 -26153.651245189
0.23391243919388 4 -26249.344691475
0.234120917303678 4 -26343.9121398617
0.234329395413477 4 -26437.3495337621
0.234537873523275 4 -26529.6528650644
0.234746351633074 4 -26620.8181743038
0.234954829742872 4 -26710.8415508323
0.235163307852671 4 -26799.7191329864
0.235371785962469 4 -26887.4471082532
0.235580264072268 4 -26974.0217134332
0.235788742182066 4 -27059.4392348025
0.235997220291865 4 -27143.6960082714
0.236205698401663 4 -27226.7884195421
0.236414176511462 4 -27308.7129042635
0.23662265462126 4 -27389.4659481842
0.236831132731058 4 -27469.0440873031
0.237039610840857 4 -27547.4439080181
0.237248088950655 4 -27624.6620472726
0.237456567060454 4 -27700.6951926995
0.237665045170252 4 -27775.5400827638
0.237873523280051 4 -27849.1935069018
0.238082001389849 4 -27921.6523056593
0.238290479499648 4 -27992.9133708273
0.238498957609446 4 -28062.9736455746
0.238707435719245 4 -28131.8301245798
0.238915913829043 4 -28199.4798541595
0.239124391938841 4 -28265.9199323955
0.23933287004864 4 -28331.1475092588
0.239541348158438 4 -28395.1597867326
0.239749826268237 4 -28457.9540189314
0.239958304378035 4 -28519.5275122195
0.240166782487834 4 -28579.8776253263
0.240375260597632 4 -28639.0017694594
0.240583738707431 4 -28696.8974084161
0.240792216817229 4 -28753.5620586917
0.241000694927028 4 -28808.9932895865
0.241209173036826 4 -28863.1887233097
0.241417651146625 4 -28916.1460350815
0.241626129256423 4 -28967.862953233
0.241834607366221 4 -29018.3372593033
0.24204308547602 4 -29067.5667881353
0.242251563585818 4 -29115.5494279676
0.242460041695617 4 -29162.283120526
0.242668519805415 4 -29207.7658611113
0.242876997915214 4 -29251.9956986855
0.243085476025012 4 -29294.9707359553
0.243293954134811 4 -29336.6891294536
0.243502432244609 4 -29377.1490896188
0.243710910354408 4 -29416.3488808711
0.243919388464206 4 -29454.2868216873
0.244127866574005 4 -29490.9612846728
0.244336344683803 4 -29526.3706966314
0.244544822793601 4 -29560.5135386329
0.2447533009034 4 -29593.3883460782
0.244961779013198 4 -29624.9937087619
0.245170257122997 4 -29655.3282709331
0.245378735232795 4 -29684.3907313537
0.245587213342594 4 -29712.1798433535
0.245795691452392 4 -29738.6944148846
0.246004169562191 4 -29763.9333085717
0.246212647671989 4 -29787.8954417615
0.246421125781788 4 -29810.5797865689
0.246629603891586 4 -29831.9853699209
0.246838082001385 4 -29852.1112735989
0.247046560111183 4 -29870.9566342774
0.247255038220981 4 -29888.5206435615
0.24746351633078 4 -29904.8025480215
0.247671994440578 4 -29919.801649225
0.247880472550377 4 -29933.5173037672
0.248088950660175 4 -29945.9489232983
0.248297428769974 4 -29957.0959745485
0.248505906879772 4 -29966.9579793515
0.248714384989571 4 -29975.5345146645
0.248922863099369 4 -29982.8252125864
0.249131341209168 4 -29988.8297603738
0.249339819318966 4 -29993.5479004541
0.249548297428764 4 -29996.9794304371
0.249756775538563 4 -29999.124203123
0.249965253648361 4 -29999.9821265092
0.25017373175816 4 -29999.5531637939
0.250382209867958 4 -29997.837333378
0.250590687977757 4 -29994.8347088643
0.250799166087555 4 -29990.5454190539
0.251007644197354 4 -29984.9696479413
0.251216122307152 4 -29978.1076347059
0.251424600416951 4 -29969.9596737024
0.251633078526749 4 -29960.5261144474
0.251841556636548 4 -29949.8073616051
0.252050034746346 4 -29937.8038749696
0.252258512856144 4 -29924.5161694451
0.252466990965943 4 -29909.9448150242
0.252675469075741 4 -29894.090436763
0.25288394718554 4 -29876.9537147545
0.253092425295338 4 -29858.5353840996
0.253300903405137 4 -29838.836234875
0.253509381514935 4 -29817.8571121
0.253717859624734 4 -29795.5989157
0.253926337734532 4 -29772.0626004675
0.254134815844331 4 -29747.2491760217
0.254343293954129 4 -29721.159706765
0.254551772063928 4 -29693.7953118373
0.254760250173726 4 -29665.1571650678
0.254968728283524 4 -29635.246494925
0.255177206393323 4 -29604.064584464
0.255385684503121 4 -29571.6127712711
0.25559416261292 4 -29537.8924474067
0.255802640722718 4 -29502.9050593455
0.256011118832517 4 -29466.6521079146
0.256219596942315 4 -29429.1351482288
0.256428075052114 4 -29390.3557896243
0.256636553161912 4 -29350.3156955892
0.256845031271711 4 -29309.0165836926
0.257053509381509 4 -29266.4602255108
0.257261987491308 4 -29222.6484465509
0.257470465601106 4 -29177.583126173
0.257678943710904 4 -29131.2661975096
0.257887421820703 4 -29083.699647382
0.258095899930501 4 -29034.8855162161
0.2583043780403 4 -28984.8258979538
0.258512856150098 4 -28933.5229399641
0.258721334259897 4 -28880.9788429504
0.258929812369695 4 -28827.1958608563
0.259138290479494 4 -28772.1763007689
0.259346768589292 4 -28715.9225228198
0.259555246699091 4 -28658.4369400841
0.259763724808889 4 -28599.7220184764
0.259972202918688 4 -28539.7802766454
0.260180681028486 4 -28478.6142858658
0.260389159138284 4 -28416.226669928
0.260597637248083 4 -28352.6201050254
0.260806115357881 4 -28287.7973196398
0.26101459346768 4 -28221.7610944242
0.261223071577478 4 -28154.5142620837
0.261431549687277 4 -28086.0597072538
0.261640027797075 4 -28016.4003663767
0.261848505906874 4 -27945.5392275754
0.262056984016672 4 -27873.4793305257
0.262265462126471 4 -27800.2237663253
0.262473940236269 4 -27725.7756773617
0.262682418346067 4 -27650.1382571772
0.262890896455866 4 -27573.3147503318
0.263099374565664 4 -27495.3084522643
0.263307852675463 4 -27416.1227091507
0.263516330785261 4 -27335.7609177608
0.26372480889506 4 -27254.2265253124
0.263933287004858 4 -27171.5230293235
0.264141765114657 4 -27087.653977462
0.264350243224455 4 -27002.6229673942
0.264558721334254 4 -26916.4336466296
0.264767199444052 4 -26829.0897123652
0.264975677553851 4 -26740.5949113262
0.265184155663649 4 -26650.953039606
0.265392633773447 4 -26560.1679425028
0.265601111883246 4 -26468.2435143549
0.265809589993044 4 -26375.1836983736
0.266018068102843 4 -26280.9924864741
0.266226546212641 4 -26185.6739191042
0.26643502432244 4 -26089.232085071
0.266643502432238 4 -25991.6711213654
0.266851980542037 4 -25892.995212985
0.267060458651835 4 -25793.208592754
0.267268936761634 4 -25692.3155411421
0.267477414871432 4 -25590.3203860809
0.267685892981231 4 -25487.2275027778
0.267894371091029 4 -25383.0413135287
0.268102849200827 4 -25277.7662875283
0.268311327310626 4 -25171.4069406782
0.268519805420424 4 -25063.9678353933
0.268728283530223 4 -24955.453580406
0.268936761640021 4 -24845.8688305687
0.26914523974982 4 -24735.2182866539
0.269353717859618 4 -24623.5066951526
0.269562195969417 4 -24510.7388480709
0.269770674079215 4 -24396.9195827241
0.269979152189014 4 -24282.0537815295
0.270187630298812 4 -24166.1463717968
0.270396108408611 4 -24049.2023255168
0.270604586518409 4 -23931.2266591481
0.270813064628207 4 -23812.2244334018
0.271021542738006 4 -23692.2007530247
0.271230020847804 4 -23571.1607665801
0.271438498957603 4 -23449.1096662269
0.271646977067401 4 -23326.0526874971
0.2718554551772 4 -23201.995109071
0.272063933286998 4 -23076.9422525508
0.272272411396797 4 -22950.8994822326
0.272480889506595 4 -22823.8722048759
0.272689367616394 4 -22695.8658694718
0.272897845726192 4 -22566.8859670095
0.27310632383599 4 -22436.9380302403
0.273314801945789 4 -22306.0276334406
0.273523280055587 4 -22174.160392173
0.273731758165386 4 -22041.3419630446
0.273940236275184 4 -21907.5780434653
0.274148714384983 4 -21772.8743714027
0.274357192494781 4 -21637.2367251366
0.27456567060458 4 -21500.6709230102
0.274774148714378 4 -21363.1828231816
0.274982626824177 4 -21224.7783233718
0.275191104933975 4 -21085.4633606119
0.275399583043774 4 -20945.2439109884
0.275608061153572 4 -20804.1259893869
0.27581653926337 4 -20662.1156492341
0.276025017373169 4 -20519.2189822382
0.276233495482967 4 -20375.4421181271
0.276441973592766 4 -20230.7912243862
0.276650451702564 4 -20085.2725059933
0.276858929812363 4 -19938.8922051528
0.277067407922161 4 -19791.6566010274
0.27727588603196 4 -19643.5720094695
0.277484364141758 4 -19494.6447827494
0.277692842251557 4 -19344.8813092837
0.277901320361355 4 -19194.2880133606
0.278109798471154 4 -19042.8713548646
0.278318276580952 4 -18890.6378289992
0.27852675469075 4 -18737.5939660089
0.278735232800549 4 -18583.7463308979
0.278943710910347 4 -18429.1015231499
0.279152189020146 4 -18273.6661764437
0.279360667129944 4 -18117.4469583698
0.279569145239743 4 -17960.4505701433
0.279777623349541 4 -17802.6837463174
0.27998610145934 4 -17644.1532544938
0.280194579569138 4 -17484.8658950327
0.280403057678937 4 -17324.8285007613
0.280611535788735 4 -17164.0479366802
0.280820013898534 4 -17002.5310996693
0.281028492008332 4 -16840.2849181918
0.28123697011813 4 -16677.3163519971
0.281445448227929 4 -16513.6323918221
0.281653926337727 4 -16349.2400590915
0.281862404447526 4 -16184.1464056162
0.282070882557324 4 -16018.3585132916
0.282279360667123 4 -15851.883493793
0.282487838776921 4 -15684.728488271
0.28269631688672 4 -15516.9006670449
0.282904794996518 4 -15348.4072292954
0.283113273106317 4 -15179.2554027555
0.283321751216115 4 -15009.4524434008
0.283530229325913 4 -14839.0056351378
0.283738707435712 4 -14667.9222894919
0.28394718554551 4 -14496.2097452934
0.284155663655309 4 -14323.875368363
0.284364141765107 4 -14150.9265511954
0.284572619874906 4 -13977.3707126429
0.284781097984704 4 -13803.2152975963
0.284989576094503 4 -13628.4677766663
0.285198054204301 4 -13453.1356458623
0.2854065323141 4 -13277.2264262719
0.285615010423898 4 -13100.7476637369
0.285823488533697 4 -12923.706928531
0.286031966643495 4 -12746.1118150338
0.286240444753293 4 -12567.9699414063
0.286448922863092 4 -12389.2889492628
0.28665740097289 4 -12210.0765033442
0.286865879082689 4 -12030.3402911885
0.287074357192487 4 -11850.0880228015
0.287282835302286 4 -11669.3274303257
0.287491313412084 4 -11488.066267709
0.287699791521883 4 -11306.3123103715
0.287908269631681 4 -11124.0733548728
0.28811674774148 4 -10941.3572185767
0.288325225851278 4 -10758.1717393165
0.288533703961077 4 -10574.5247750583
0.288742182070875 4 -10390.4242035646
0.288950660180673 4 -10205.8779220554
0.289159138290472 4 -10020.8938468704
0.28936761640027 4 -9835.47991312869
0.289576094510069 4 -9649.644074389
0.289784572619867 4 -9463.39430230788
0.289993050729666 4 -9276.73858629828
0.290201528839464 4 -9089.68493318644
0.290410006949263 4 -8902.24136686878
0.290618485059061 4 -8714.41592796733
0.29082696316886 4 -8526.21667348523
0.291035441278658 4 -8337.65167646068
0.291243919388457 4 -8148.72902562107
0.291452397498255 4 -7959.45682503556
0.291660875608053 4 -7769.84319376792
0.291869353717852 4 -7579.89626552778
0.29207783182765 4 -7389.62418832216
0.292286309937449 4 -7199.03512410553
0.292494788047247 4 -7008.13724843015
0.292703266157046 4 -6816.93875009487
0.292911744266844 4 -6625.44783079437
0.293120222376643 4 -6433.6727047669
0.293328700486441 4 -6241.62159844213
0.29353717859624 4 -6049.30275008837
0.293745656706038 4 -5856.72440945888
0.293954134815836 4 -5663.89483743835
0.294162612925635 4 -5470.82230568814
0.294371091035433 4 -5277.51509629188
0.294579569145232 4 -5083.98150139978
0.29478804725503 4 -4890.22982287332
0.294996525364829 4 -4696.26837192877
0.295205003474627 4 -4502.10546878104
0.295413481584426 4 -4307.74944228637
0.295621959694224 4 -4113.20862958546
0.295830437804023 4 -3918.49137574546
0.296038915913821 4 -3723.60603340236
0.29624739402362 4 -3528.56096240233
0.296455872133418 4 -3333.36452944349
0.296664350243216 4 -3138.0251077166
0.296872828353015 4 -2942.55107654634
0.297081306462813 4 -2746.95082103138
0.297289784572612 4 -2551.23273168517
0.29749826268241 4 -2355.40520407558
0.297706740792209 4 -2159.47663846517
0.297915218902007 4 -1963.45543945043
0.298123697011806 4 -1767.35001560171
0.298332175121604 4 -1571.16877910205
0.298540653231403 4 -1374.92014538679
0.298749131341201 4 -1178.61253278216
0.298957609451 4 -982.25436214454
0.299166087560798 4 -785.854056498875
0.299374565670596 4 -589.420040677744
0.299583043780395 4 -392.960740959555
0.299791521890193 4 -196.484584707511
0.300069299667971 4 0
0.300347077445749 4 0
0.300624855223527 4 0
0.300902633001304 4 0
0.301180410779082 4 0
0.30145818855686 4 0
0.301735966334638 4 0
0.302013744112415 4 0
0.302291521890193 4 0
0.302569299667971 4 0
0.302847077445749 4 0
0.303124855223527 4 0
0.303402633001304 4 0
0.303680410779082 4 0
0.30395818855686 4 0
0.304235966334638 4 0
0.304513744112415 4 0
0.304791521890193 4 0
0.305069299667971 4 0
0.305347077445749 4 0
0.305624855223526 4 0
0.305902633001304 4 0
0.306180410779082 4 0
0.30645818855686 4 0
0.306735966334638 4 0
0.307013744112415 4 0
0.307291521890193 4 0
0.307569299667971 4 0
0.307847077445749 4 0
0.308124855223526 4 0
0.308402633001304 4 0
0.308680410779082 4 0
0.30895818855686 4 0
0.309235966334637 4 0
0.309513744112415 4 0
0.309791521890193 4 0
0.310069299667971 4 0
0.310347077445748 4 0
0.310624855223526 4 0
0.310902633001304 4 0
0.311180410779082 4 0
0.31145818855686 4 0
0.311735966334637 4 0
0.312013744112415 4 0
0.312291521890193 4 0
0.312569299667971 4 0
0.312847077445748 4 0
0.313124855223526 4 0
0.313402633001304 4 0
0.313680410779082 4 0
0.313958188556859 4 0
0.314235966334637 4 0
0.314513744112415 4 0
0.314791521890193 4 0
0.31506929966797 4 0
0.315347077445748 4 0
0.315624855223526 4 0
0.315902633001304 4 0
0.316180410779082 4 0
0.316458188556859 4 0
0.316735966334637 4 0
0.317013744112415 4 0
0.317291521890193 4 0
0.31756929966797 4 0
0.317847077445748 4 0
0.318124855223526 4 0
0.318402633001304 4 0
0.318680410779081 4 0
0.318958188556859 4 0
0.319235966334637 4 0
0.319513744112415 4 0
0.319791521890192 4 0
0.32006929966797 4 0
0.320347077445748 4 0
0.320624855223526 4 0
0.320902633001304 4 0
0.321180410779081 4 0
0.321458188556859 4 0
0.321735966334637 4 0
0.322013744112415 4 0
0.322291521890192 4 0
0.32256929966797 4 0
0.322847077445748 4 0
0.323124855223526 4 0
0.323402633001303 4 0
0.323680410779081 4 0
0.323958188556859 4 0
0.324235966334637 4 0
0.324513744112415 4 0
0.324791521890192 4 0
0.32506929966797 4 0
0.325347077445748 4 0
0.325624855223526 4 0
0.325902633001303 4 0
0.326180410779081 4 0
0.326458188556859 4 0
0.326735966334637 4 0
0.327013744112414 4 0
0.327291521890192 4 0
0.32756929966797 4 0
0.327847077445748 4 0
0.328124855223525 4 0
0.328402633001303 4 0
0.328680410779081 4 0
0.328958188556859 4 0
0.329235966334637 4 0
0.329513744112414 4 0
0.329791521890192 4 0
0.33006929966797 4 0
0.330347077445748 4 0
0.330624855223525 4 0
0.330902633001303 4 0
0.331180410779081 4 0
0.331458188556859 4 0
0.331735966334636 4 0
0.332013744112414 4 0
0.332291521890192 4 0
0.33256929966797 4 0
0.332847077445747 4 0
0.333124855223525 4 0
0.333402633001303 4 0
0.333680410779081 4 0
0.333958188556859 4 0
0.334235966334636 4 0
0.334513744112414 4 0
0.334791521890192 4 0
0.33506929966797 4 0
0.335347077445747 4 0
0.335624855223525 4 0
0.335902633001303 4 0
0.336180410779081 4 0
0.336458188556858 4 0
0.336735966334636 4 0
0.337013744112414 4 0
0.337291521890192 4 0
0.33756929966797 4 0
0.337847077445747 4 0
0.338124855223525 4 0
0.338402633001303 4 0
0.338680410779081 4 0
0.338958188556858 4 0
0.339235966334636 4 0
0.339513744112414 4 0
0.339791521890192 4 0
0.340069299667969 4 0
0.340347077445747 4 0
0.340624855223525 4 0
0.340902633001303 4 0
0.34118041077908 4 0
0.341458188556858 4 0
0.341735966334636 4 0
0.342013744112414 4 0
0.342291521890192 4 0
0.342569299667969 4 0
0.342847077445747 4 0
0.343124855223525 4 0
0.343402633001303 4 0
0.34368041077908 4 0
0.343958188556858 4 0
0.344235966334636 4 0
0.344513744112414 4 0
0.344791521890191 4 0
0.345069299667969 4 0
0.345347077445747 4 0
0.345624855223525 4 0
0.345902633001302 4 0
0.34618041077908 4 0
0.346458188556858 4 0
0.346735966334636 4 0
0.347013744112414 4 0
0.347291521890191 4 0
0.347569299667969 4 0
0.347847077445747 4 0
0.348124855223525 4 0
0.348402633001302 4 0
0.34868041077908 4 0
0.348958188556858 4 0
0.349235966334636 4 0
0.349513744112413 4 0
0.349791521890191 4 0
0.350069299667969 4 0
0.350347077445747 4 0
0.350624855223524 4 0
0.350902633001302 4 0
0.35118041077908 4 0
0.351458188556858 4 0
0.351735966334636 4 0
0.352013744112413 4 0
0.352291521890191 4 0
0.352569299667969 4 0
0.352847077445747 4 0
0.353124855223524 4 0
0.353402633001302 4 0
0.35368041077908 4 0
0.353958188556858 4 0
0.354235966334635 4 0
0.354513744112413 4 0
0.354791521890191 4 0
0.355069299667969 4 0
0.355347077445747 4 0
0.355624855223524 4 0
0.355902633001302 4 0
0.35618041077908 4 0
0.356458188556858 4 0
0.356735966334635 4 0
0.357013744112413 4 0
0.357291521890191 4 0
0.357569299667969 4 0
0.357847077445746 4 0
0.358124855223524 4 0
0.358402633001302 4 0
0.35868041077908 4 0
0.358958188556857 4 0
0.359235966334635 4 0
0.359513744112413 4 0
0.359791521890191 4 0
0.360069299667969 4 0
0.360347077445746 4 0
0.360624855223524 4 0
0.360902633001302 4 0
0.36118041077908 4 0
0.361458188556857 4 0
0.361735966334635 4 0
0.362013744112413 4 0
0.362291521890191 4 0
0.362569299667968 4 0
0.362847077445746 4 0
0.363124855223524 4 0
0.363402633001302 4 0
0.363680410779079 4 0
0.363958188556857 4 0
0.364235966334635 4 0
0.364513744112413 4 0
0.364791521890191 4 0
0.365069299667968 4 0
0.365347077445746 4 0
0.365624855223524 4 0
0.365902633001302 4 0
0.366180410779079 4 0
0.366458188556857 4 0
0.366735966334635 4 0
0.367013744112413 4 0
0.36729152189019 4 0
0.367569299667968 4 0
0.367847077445746 4 0
0.368124855223524 4 0
0.368402633001301 4 0
0.368680410779079 4 0
0.368958188556857 4 0
0.369235966334635 4 0
0.369513744112413 4 0
0.36979152189019 4 0
0.370069299667968 4 0
0.370347077445746 4 0
0.370624855223524 4 0
0.370902633001301 4 0
0.371180410779079 4 0
0.371458188556857 4 0
0.371735966334635 4 0
0.372013744112412 4 0
0.37229152189019 4 0
0.372569299667968 4 0
0.372847077445746 4 0
0.373124855223524 4 0
0.373402633001301 4 0
0.373680410779079 4 0
0.373958188556857 4 0
0.374235966334635 4 0
0.374513744112412 4 0
0.37479152189019 4 0
0.375069299667968 4 0
0.375347077445746 4 0
0.375624855223523 4 0
0.375902633001301 4 0
0.376180410779079 4 0
0.376458188556857 4 0
0.376735966334634 4 0
0.377013744112412 4 0
0.37729152189019 4 0
0.377569299667968 4 0
0.377847077445746 4 0
0.378124855223523 4 0
0.378402633001301 4 0
0.378680410779079 4 0
0.378958188556857 4 0
0.379235966334634 4 0
0.379513744112412 4 0
0.37979152189019 4 0
0.380069299667968 4 0
0.380347077445745 4 0
0.380624855223523 4 0
0.380902633001301 4 0
0.381180410779079 4 0
0.381458188556856 4 0
0.381735966334634 4 0
0.382013744112412 4 0
0.38229152189019 4 0
0.382569299667968 4 0
0.382847077445745 4 0
0.383124855223523 4 0
0.383402633001301 4 0
0.383680410779079 4 0
0.383958188556856 4 0
0.384235966334634 4 0
0.384513744112412 4 0
0.38479152189019 4 0
0.385069299667967 4 0
0.385347077445745 4 0
0.385624855223523 4 0
0.385902633001301 4 0
0.386180410779078 4 0
0.386458188556856 4 0
0.386735966334634 4 0
0.387013744112412 4 0
0.38729152189019 4 0
0.387569299667967 4 0
0.387847077445745 4 0
0.388124855223523 4 0
0.388402633001301 4 0
0.388680410779078 4 0
0.388958188556856 4 0
0.389235966334634 4 0
0.389513744112412 4 0
0.389791521890189 4 0
0.390069299667967 4 0
0.390347077445745 4 0
0.390624855223523 4 0
0.390902633001301 4 0
0.391180410779078 4 0
0.391458188556856 4 0
0.391735966334634 4 0
0.392013744112412 4 0
0.392291521890189 4 0
0.392569299667967 4 0
0.392847077445745 4 0
0.393124855223523 4 0
0.3934026330013 4 0
0.393680410779078 4 0
0.393958188556856 4 0
0.394235966334634 4 0
0.394513744112411 4 0
0.394791521890189 4 0
0.395069299667967 4 0
0.395347077445745 4 0
0.395624855223523 4 0
0.3959026330013 4 0
0.396180410779078 4 0
0.396458188556856 4 0
0.396735966334634 4 0
0.397013744112411 4 0
0.397291521890189 4 0
0.397569299667967 4 0
0.397847077445745 4 0
0.398124855223522 4 0
0.3984026330013 4 0
0.398680410779078 4 0
0.398958188556856 4 0
0.399235966334633 4 0
0.399513744112411 4 0
0.399791521890189 4 0
0.400069299667967 4 0
0.400347077445745 4 0
0.400624855223522 4 0
0.4009026330013 4 0
0.401180410779078 4 0
0.401458188556856 4 0
0.401735966334633 4 0
0.402013744112411 4 0
0.402291521890189 4 0
0.402569299667967 4 0
0.402847077445744 4 0
0.403124855223522 4 0
0.4034026330013 4 0
0.403680410779078 4 0
0.403958188556856 4 0
0.404235966334633 4 0
0.404513744112411 4 0
0.404791521890189 4 0
0.405069299667967 4 0
0.405347077445744 4 0
0.405624855223522 4 0
0.4059026330013 4 0
0.406180410779078 4 0
0.406458188556855 4 0
0.406735966334633 4 0
0.407013744112411 4 0
0.407291521890189 4 0
0.407569299667966 4 0
0.407847077445744 4 0
0.408124855223522 4 0
0.4084026330013 4 0
0.408680410779078 4 0
0.408958188556855 4 0
0.409235966334633 4 0
0.409513744112411 4 0
0.409791521890189 4 0
0.410069299667966 4 0
0.410347077445744 4 0
0.410624855223522 4 0
0.4109026330013 4 0
0.411180410779077 4 0
0.411458188556855 4 0
0.411735966334633 4 0
0.412013744112411 4 0
0.412291521890188 4 0
0.412569299667966 4 0
0.412847077445744 4 0
0.413124855223522 4 0
0.4134026330013 4 0
0.413680410779077 4 0
0.413958188556855 4 0
0.414235966334633 4 0
0.414513744112411 4 0
0.414791521890188 4 0
0.415069299667966 4 0
0.415347077445744 4 0
0.415624855223522 4 0
0.415902633001299 4 0
0.416180410779077 4 0
0.416458188556855 4 0
0.416735966334633 4 0
0.41701374411241 4 0
0.417291521890188 4 0
0.417569299667966 4 0
0.417847077445744 4 0
0.418124855223522 4 0
0.418402633001299 4 0
0.418680410779077 4 0
0.418958188556855 4 0
0.419235966334633 4 0
0.41951374411241 4 0
0.419791521890188 4 0
0.420069299667966 4 0
0.420347077445744 4 0
0.420624855223521 4 0
0.420902633001299 4 0
0.421180410779077 4 0
0.421458188556855 4 0
0.421735966334633 4 0
0.42201374411241 4 0
0.422291521890188 4 0
0.422569299667966 4 0
0.422847077445744 4 0
0.423124855223521 4 0
0.423402633001299 4 0
0.423680410779077 4 0
0.423958188556855 4 0
0.424235966334632 4 0
0.42451374411241 4 0
0.424791521890188 4 0
0.425069299667966 4 0
0.425347077445743 4 0
0.425624855223521 4 0
0.425902633001299 4 0
0.426180410779077 4 0
0.426458188556855 4 0
0.426735966334632 4 0
0.42701374411241 4 0
0.427291521890188 4 0
0.427569299667966 4 0
0.427847077445743 4 0
0.428124855223521 4 0
0.428402633001299 4 0
0.428680410779077 4 0
0.428958188556854 4 0
0.429235966334632 4 0
0.42951374411241 4 0
0.429791521890188 4 0
0.430069299667965 4 0
0.430347077445743 4 0
0.430624855223521 4 0
0.430902633001299 4 0
0.431180410779077 4 0
0.431458188556854 4 0
0.431735966334632 4 0
0.43201374411241 4 0
0.432291521890188 4 0
0.432569299667965 4 0
0.432847077445743 4 0
0.433124855223521 4 0
0.433402633001299 4 0
0.433680410779076 4 0
0.433958188556854 4 0
0.434235966334632 4 0
0.43451374411241 4 0
0.434791521890187 4 0
0.435069299667965 4 0
0.435347077445743 4 0
0.435624855223521 4 0
0.435902633001299 4 0
0.436180410779076 4 0
0.436458188556854 4 0
0.436735966334632 4 0
0.43701374411241 4 0
0.437291521890187 4 0
0.437569299667965 4 0
0.437847077445743 4 0
0.438124855223521 4 0
0.438402633001298 4 0
0.438680410779076 4 0
0.438958188556854 4 0
0.439235966334632 4 0
0.43951374411241 4 0
0.439791521890187 4 0
0.440069299667965 4 0
0.440347077445743 4 0
0.440624855223521 4 0
0.440902633001298 4 0
0.441180410779076 4 0
0.441458188556854 4 0
0.441735966334632 4 0
0.442013744112409 4 0
0.442291521890187 4 0
0.442569299667965 4 0
0.442847077445743 4 0
0.44312485522352 4 0
0.443402633001298 4 0
0.443680410779076 4 0
0.443958188556854 4 0
0.444235966334632 4 0
0.444513744112409 4 0
0.444791521890187 4 0
0.445069299667965 4 0
0.445347077445743 4 0
0.44562485522352 4 0
0.445902633001298 4 0
0.446180410779076 4 0
0.446458188556854 4 0
0.446735966334631 4 0
0.447013744112409 4 0
0.447291521890187 4 0
0.447569299667965 4 0
0.447847077445742 4 0
0.44812485522352 4 0
0.448402633001298 4 0
0.448680410779076 4 0
0.448958188556854 4 0
0.449235966334631 4 0
0.449513744112409 4 0
0.449791521890187 4 0
0.450069299667965 4 0
0.450347077445742 4 0
0.45062485522352 4 0
0.450902633001298 4 0
0.451180410779076 4 0
0.451458188556853 4 0
0.451735966334631 4 0
0.452013744112409 4 0
0.452291521890187 4 0
0.452569299667964 4 0
0.452847077445742 4 0
0.45312485522352 4 0
0.453402633001298 4 0
0.453680410779076 4 0
0.453958188556853 4 0
0.454235966334631 4 0
0.454513744112409 4 0
0.454791521890187 4 0
0.455069299667964 4 0
0.455347077445742 4 0
0.45562485522352 4 0
0.455902633001298 4 0
0.456180410779075 4 0
0.456458188556853 4 0
0.456735966334631 4 0
0.457013744112409 4 0
0.457291521890187 4 0
0.457569299667964 4 0
0.457847077445742 4 0
0.45812485522352 4 0
0.458402633001298 4 0
0.458680410779075 4 0
0.458958188556853 4 0
0.459235966334631 4 0
0.459513744112409 4 0
0.459791521890186 4 0
0.460069299667964 4 0
0.460347077445742 4 0
0.46062485522352 4 0
0.460902633001297 4 0
0.461180410779075 4 0
0.461458188556853 4 0
0.461735966334631 4 0
0.462013744112409 4 0
0.462291521890186 4 0
0.462569299667964 4 0
0.462847077445742 4 0
0.46312485522352 4 0
0.463402633001297 4 0
0.463680410779075 4 0
0.463958188556853 4 0
0.464235966334631 4 0
0.464513744112408 4 0
0.464791521890186 4 0
0.465069299667964 4 0
0.465347077445742 4 0
0.465624855223519 4 0
0.465902633001297 4 0
0.466180410779075 4 0
0.466458188556853 4 0
0.466735966334631 4 0
0.467013744112408 4 0
0.467291521890186 4 0
0.467569299667964 4 0
0.467847077445742 4 0
0.468124855223519 4 0
0.468402633001297 4 0
0.468680410779075 4 0
0.468958188556853 4 0
0.46923596633463 4 0
0.469513744112408 4 0
0.469791521890186 4 0
0.470069299667964 4 0
0.470347077445742 4 0
0.470624855223519 4 0
0.470902633001297 4 0
0.471180410779075 4 0
0.471458188556853 4 0
0.47173596633463 4 0
0.472013744112408 4 0
0.472291521890186 4 0
0.472569299667964 4 0
0.472847077445741 4 0
0.473124855223519 4 0
0.473402633001297 4 0
0.473680410779075 4 0
0.473958188556852 4 0
0.47423596633463 4 0
0.474513744112408 4 0
0.474791521890186 4 0
0.475069299667964 4 0
0.475347077445741 4 0
0.475624855223519 4 0
0.475902633001297 4 0
0.476180410779075 4 0
0.476458188556852 4 0
0.47673596633463 4 0
0.477013744112408 4 0
0.477291521890186 4 0
0.477569299667963 4 0
0.477847077445741 4 0
0.478124855223519 4 0
0.478402633001297 4 0
0.478680410779074 4 0
0.478958188556852 4 0
0.47923596633463 4 0
0.479513744112408 4 0
0.479791521890186 4 0
0.480069299667963 4 0
0.480347077445741 4 0
0.480624855223519 4 0
0.480902633001297 4 0
0.481180410779074 4 0
0.481458188556852 4 0
0.48173596633463 4 0
0.482013744112408 4 0
0.482291521890185 4 0
0.482569299667963 4 0
0.482847077445741 4 0
0.483124855223519 4 0
0.483402633001296 4 0
0.483680410779074 4 0
0.483958188556852 4 0
0.48423596633463 4 0
0.484513744112408 4 0
0.484791521890185 4 0
0.485069299667963 4 0
0.485347077445741 4 0
0.485624855223519 4 0
0.485902633001296 4 0
0.486180410779074 4 0
0.486458188556852 4 0
0.48673596633463 4 0
0.487013744112407 4 0
0.487291521890185 4 0
0.487569299667963 4 0
0.487847077445741 4 0
0.488124855223519 4 0
0.488402633001296 4 0
0.488680410779074 4 0
0.488958188556852 4 0
0.48923596633463 4 0
0.489513744112407 4 0
0.489791521890185 4 0
0.490069299667963 4 0
0.490347077445741 4 0
0.490624855223518 4 0
0.490902633001296 4 0
0.491180410779074 4 0
0.491458188556852 4 0
0.491735966334629 4 0
0.492013744112407 4 0
0.492291521890185 4 0
0.492569299667963 4 0
0.492847077445741 4 0
0.493124855223518 4 0
0.493402633001296 4 0
0.493680410779074 4 0
0.493958188556852 4 0
0.494235966334629 4 0
0.494513744112407 4 0
0.494791521890185 4 0
0.495069299667963 4 0
0.49534707744574 4 0
0.495624855223518 4 0
0.495902633001296 4 0
0.496180410779074 4 0
0.496458188556851 4 0
0.496735966334629 4 0
0.497013744112407 4 0
0.497291521890185 4 0
0.497569299667963 4 0
0.49784707744574 4 0
0.498124855223518 4 0
0.498402633001296 4 0
0.498680410779074 4 0
0.498958188556851 4 0
0.499235966334629 4 0
0.499513744112407 4 0
