0 133.119506897243
0.0003 133.119506897243
0.0006 133.119515379418
0.0009 133.119551003195
0.0012 133.119630970557
0.0015 133.119772316778
0.0018 133.119992026118
0.0021 133.120307057135
0.0024 133.120734349915
0.0027 133.121290827993
0.003 133.12199339831
0.0033 133.122858950333
0.0036 133.12390435478
0.0039 133.125146462132
0.0042 133.126602101031
0.0045 133.128288076619
0.0048 133.130221168829
0.0051 133.132418130657
0.0054 133.134895686417
0.0057 133.137670529988
0.006 133.140759323056
0.0063 133.144178693349
0.0066 133.147945232883
0.0069 133.15207549619
0.0072 133.156585998565
0.0075 133.161493214304
0.0078 133.166813574947
0.0081 133.17256346753
0.0084 133.178759232831
0.0087 133.185417163624
0.009 133.192553502941
0.0093 133.200184442333
0.0096 133.208326120136
0.0099 133.216994619746
0.0102 133.226205967893
0.0105 133.235976132925
0.0108 133.246321023098
0.0111 133.257256484864
0.0114 133.268798301177
0.0117 133.28096218979
0.012 133.293763801576
0.0123 133.307218718837
0.0126 133.321342453634
0.0129 133.336150446114
0.0132 133.351658062851
0.0135 133.367880595185
0.0138 133.384833257583
0.0141 133.402531185988
0.0144 133.420989436191
0.0147 133.440222982207
0.015 133.46024671465
0.0153 133.481075439129
0.0156 133.502723874646
0.0159 133.525206651995
0.0162 133.548538312186
0.0165 133.572733304864
0.0168 133.597805986737
0.0171 133.623770620024
0.0174 133.650641370901
0.0177 133.678432307958
0.018 133.707157400671
0.0183 133.736830517879
0.0186 133.767465426268
0.0189 133.799075788872
0.0192 133.831675163577
0.0195 133.865277001641
0.0198 133.899894646218
0.0201 133.935541330896
0.0204 133.972230178247
0.0207 134.009974198384
0.021 134.048786287529
0.0213 134.088679226596
0.0216 134.129665679779
0.0219 134.171758193157
0.0222 134.214969193305
0.0225 134.259310985921
0.0228 134.304795754462
0.0231 134.351435558791
0.0234 134.399242333837
0.0237 134.44822788827
0.024 134.498403903181
0.0243 134.54978193078
0.0246 134.602373393104
0.0249 134.656189580738
0.0252 134.71124165155
0.0255 134.767540629435
0.0258 134.825097403073
0.0261 134.883922724705
0.0264 134.944027208915
0.0267 135.005421331427
0.027 135.068115427919
0.0273 135.132119692848
0.0276 135.197444178285
0.0279 135.264098792769
0.0282 135.332093300174
0.0285 135.401437318586
0.0288 135.472140319198
0.0291 135.544211625214
0.0294 135.617660410778
0.0297 135.692495699901
0.03 135.768726365418
0.0303 135.846361127951
0.0306 135.925408554885
0.0309 136.005877059367
0.0312 136.087774899311
0.0315 136.171110176423
0.0318 136.255890835241
0.0321 136.342124662184
0.0324 136.429819284628
0.0327 136.518982169984
0.033 136.609620624798
0.0333 136.70174179387
0.0336 136.79535265938
0.0339 136.890460040036
0.0342 136.987070590232
0.0345 137.085190799233
0.0348 137.184826990359
0.0351 137.285985320202
0.0354 137.388671777845
0.0357 137.492892184106
0.036 137.598652190796
0.0363 137.70595727999
0.0366 137.81481276332
0.0369 137.925223781278
0.0372 138.03719530254
0.0375 138.150732123306
0.0378 138.265838866654
0.0381 138.382519981915
0.0384 138.500779744057
0.0387 138.620622253096
0.039 138.742051433516
0.0393 138.865071033711
0.0396 138.989684625435
0.0399 139.115895603283
0.0402 139.243707184178
0.0405 139.373122406878
0.0408 139.504144131501
0.0411 139.636775039069
0.0414 139.771017631063
0.0417 139.906874229003
0.042 140.044346974041
0.0423 140.183437826571
0.0426 140.324148565858
0.0429 140.466480789684
0.0432 140.610435914012
0.0435 140.756015172666
0.0438 140.903219617031
0.0441 141.052050115768
0.0444 141.202507354546
0.0447 141.354591835799
0.045 141.50830387849
0.0453 141.663643617897
0.0456 141.820611005425
0.0459 141.979205808419
0.0462 142.139427610011
0.0465 142.301275808975
0.0468 142.464749619601
0.0471 142.629848071594
0.0474 142.79657000998
0.0477 142.964914095038
0.048 143.134878802246
0.0483 143.306462422248
0.0486 143.479663060835
0.0489 143.654478638945
0.0492 143.830906892685
0.0495 144.008945373365
0.0498 144.188591447553
0.0501 144.369842297149
0.0504 144.552694919473
0.0507 144.737146127375
0.051 144.923192549361
0.0513 145.110830629737
0.0516 145.300056628768
0.0519 145.490866622865
0.0522 145.683256504775
0.0525 145.8772219838
0.0528 146.072758586032
0.0531 146.269861654601
0.0534 146.468526349946
0.0537 146.6687476501
0.054 146.870520350996
0.0543 147.07383906679
0.0546 147.2786982302
0.0549 147.485092092862
0.0552 147.693014725708
0.0555 147.902460019357
0.0558 148.113421684527
0.0561 148.325893252462
0.0564 148.53986807538
0.0567 148.75533932693
0.057 148.972300002681
0.0573 149.190742920613
0.0576 149.410660721636
0.0579 149.632045870121
0.0582 149.854890654451
0.0585 150.079187187588
0.0588 150.304927407657
0.0591 150.532103078547
0.0594 150.760705790532
0.0597 150.990726960901
0.06 151.222157834619
0.0603 151.45498948499
0.0606 151.689212814344
0.0609 151.924818554743
0.0612 152.1617972687
0.0615 152.400139349915
0.0618 152.639835024027
0.0621 152.880874349386
0.0624 153.12324721784
0.0627 153.366943355535
0.063 153.611952323735
0.0633 153.858263519658
0.0636 154.105866177329
0.0639 154.354749368444
0.0642 154.604902003257
0.0645 154.856312831478
0.0648 155.10897044319
0.0651 155.362863269779
0.0654 155.617979584883
0.0657 155.874307505353
0.066 156.131834992233
0.0663 156.390549851752
0.0666 156.650439736337
0.0669 156.911492145632
0.0672 157.173694427545
0.0675 157.437033779297
0.0678 157.701497248494
0.0681 157.967071734212
0.0684 158.2337439881
0.0687 158.501500615486
0.069 158.770328076518
0.0693 159.040212687298
0.0696 159.311140621043
0.0699 159.583097909261
0.0702 159.856070442934
0.0705 160.130043973719
0.0708 160.405004115165
0.0711 160.680936343942
0.0714 160.957826001079
0.0717 161.235658293228
0.072 161.514418293926
0.0723 161.794090944885
0.0726 162.074661057286
0.0729 162.356113313086
0.0732 162.638432266347
0.0735 162.921602344568
0.0738 163.205607850036
0.0741 163.490432961187
0.0744 163.776061733979
0.0747 164.062478103283
0.075 164.349665884278
0.0753 164.637608773865
0.0756 164.926290352088
0.0759 165.215694083575
0.0762 165.505803318981
0.0765 165.796601296448
0.0768 166.088071143079
0.0771 166.380195876416
0.0774 166.672958405936
0.0777 166.96634153456
0.078 167.26032796016
0.0783 167.554900277096
0.0786 167.850040977746
0.0789 168.14573245406
0.0792 168.441956999117
0.0795 168.738696808692
0.0798 169.035933982841
0.0801 169.333650527486
0.0804 169.631828356019
0.0807 169.930449290908
0.081 170.229495065318
0.0813 170.528947324738
0.0816 170.828787628624
0.0819 171.12899745204
0.0822 171.429558187319
0.0825 171.730451145726
0.0828 172.031657559135
0.0831 172.333158581707
0.0834 172.634935291587
0.0837 172.936968692599
0.084 173.239239715957
0.0843 173.541729221976
0.0846 173.844418001804
0.0849 174.147286779143
0.0852 174.450316211995
0.0855 174.753486894409
0.0858 175.056779358226
0.0861 175.36017407485
0.0864 175.663651457007
0.0867 175.967191860525
0.087 176.270775586112
0.0873 176.574382881141
0.0876 176.877993941448
0.0879 177.181588913129
0.0882 177.485147894345
0.0885 177.788650937133
0.0888 178.092078049226
0.0891 178.395409195868
0.0894 178.69862430165
0.0897 179.001703252337
0.09 179.304625896707
0.0903 179.607372048391
0.0906 179.909921487724
0.0909 180.212253963594
0.0912 180.514349195296
0.0915 180.816186874393
0.0918 181.117746666579
0.0921 181.419008213549
0.0924 181.719951134863
0.0927 182.020555029827
0.093 182.320799479366
0.0933 182.620664047908
0.0936 182.920128285262
0.0939 183.21917172851
0.0942 183.517773903891
0.0945 183.815914328694
0.0948 184.11357251315
0.0951 184.41072796233
0.0954 184.707360178035
0.0957 185.003448660703
0.096 185.298972911304
0.0963 185.593912433241
0.0966 185.888246734255
0.0969 186.181955328329
0.0972 186.475017737586
0.0975 186.767413494205
0.0978 187.059122142313
0.0981 187.350123239902
0.0984 187.640396360729
0.0987 187.92992109622
0.099 188.218677057382
0.0993 188.5066438767
0.0996 188.793801210047
0.0999 189.080128738583
0.1002 189.365606170662
0.1005 189.650213243731
0.1008 189.933929726229
0.1011 190.216735419486
0.1014 190.498610159621
0.1017 190.779533819438
0.102 191.059486310314
0.1023 191.338447584096
0.1026 191.616397634985
0.1029 191.893316501424
0.1032 192.169184267979
0.1035 192.443981067222
0.1038 192.717687081606
0.1041 192.990282545341
0.1044 193.261747746261
0.1047 193.532063027694
0.105 193.801208790324
0.1053 194.069165494051
0.1056 194.335913659845
0.1059 194.601433871596
0.1062 194.865706777964
0.1065 195.128713094215
0.1068 195.390433604065
0.1071 195.650849161504
0.1074 195.909940692629
0.1077 196.167689197463
0.108 196.424075751772
0.1083 196.679081508874
0.1086 196.932687701443
0.1089 197.184875643312
0.1092 197.435626731257
0.1095 197.684922446794
0.1098 197.932744357949
0.1101 198.179074121035
0.1104 198.42389348242
0.1107 198.667184280282
0.111 198.908928446364
0.1113 199.149108007716
0.1116 199.387705088436
0.1119 199.624701911396
0.1122 199.860080799964
0.1125 200.093824179723
0.1128 200.325914580167
0.1131 200.556334636408
0.1134 200.785067090859
0.1137 201.012094794916
0.114 201.237400710632
0.1143 201.460967912374
0.1146 201.682779588483
0.1149 201.902819042914
0.1152 202.121069696871
0.1155 202.337515090437
0.1158 202.552138884184
0.1161 202.764924860781
0.1164 202.975856926594
0.1167 203.184919113264
0.117 203.392095579288
0.1173 203.597370611585
0.1176 203.800728627044
0.1179 204.002154174075
0.1182 204.201631934137
0.1185 204.399146723263
0.1188 204.594683493568
0.1191 204.78822733475
0.1194 204.979763475576
0.1197 205.169277285362
0.12 205.356754275434
0.1203 205.54218010058
0.1206 205.725540560496
0.1209 205.906821601207
0.1212 206.086009316491
0.1215 206.263089949276
0.1218 206.438049893036
0.1221 206.610875693165
0.1224 206.781554048349
0.1227 206.950071811912
0.123 207.116415993162
0.1233 207.28057375871
0.1236 207.442532433792
0.1239 207.602279503561
0.1242 207.759802614377
0.1245 207.91508957508
0.1248 208.068128358244
0.1251 208.218907101428
0.1254 208.367414108402
0.1257 208.513637850364
0.126 208.657566967143
0.1263 208.799190268387
0.1266 208.938496734734
0.1269 209.075475518973
0.1272 209.210115947185
0.1275 209.342407519874
0.1278 209.472339913079
0.1281 209.599902979476
0.1284 209.725086749455
0.1287 209.847881432197
0.129 209.968277416718
0.1293 210.086265272912
0.1296 210.201835752572
0.1299 210.314979790392
0.1302 210.425688504963
0.1305 210.533953199743
0.1308 210.639765364016
0.1311 210.743116673835
0.1314 210.843998992947
0.1317 210.942404373704
0.132 211.038325057954
0.1323 211.13175347792
0.1326 211.22268225706
0.1329 211.311104210907
0.1332 211.397012347903
0.1335 211.480399870202
0.1338 211.561260174466
0.1341 211.639586852643
0.1344 211.715373692723
0.1347 211.788614679482
0.135 211.859303995206
0.1353 211.9274360204
0.1356 211.993005334477
0.1359 212.05600671643
0.1362 212.11643514549
0.1365 212.17428580176
0.1368 212.22955406684
0.1371 212.282235524426
0.1374 212.332325960894
0.1377 212.379821365872
0.138 212.424717932784
0.1383 212.467012059383
0.1386 212.506700348264
0.1389 212.543779607361
0.1392 212.578246850422
0.1395 212.610099297467
0.1398 212.639334375232
0.1401 212.665949717589
0.1404 212.689943165953
0.1407 212.711312769663
0.141 212.730056786356
0.1413 212.746173682311
0.1416 212.759662132781
0.1419 212.770521022308
0.1422 212.778749445013
0.1425 212.784346704872
0.1428 212.787312315976
0.1431 212.787646002764
0.1434 212.785347700244
0.1437 212.780417554196
0.144 212.77285592135
0.1443 212.762663369552
0.1446 212.749840677908
0.1449 212.734388836907
0.1452 212.716309048533
0.1455 212.695602726348
0.1458 212.672271495561
0.1461 212.646317193084
0.1464 212.617741867558
0.1467 212.586547779367
0.147 212.552737400631
0.1473 212.516313415184
0.1476 212.477278718527
0.1479 212.435636417764
0.1482 212.391389831524
0.1485 212.344542489855
0.1488 212.29509813411
0.1491 212.243060716804
0.1494 212.188434401457
0.1497 212.13122356242
0.15 212.071432784678
0.1503 212.009066863634
0.1506 211.94413080488
0.1509 211.876629823942
0.1512 211.80656934601
0.1515 211.733955005649
0.1518 211.658792646489
0.1521 211.5810883209
0.1524 211.500848289643
0.1527 211.418079021509
0.153 211.332787192934
0.1533 211.244979687595
0.1536 211.154663595991
0.1539 211.061846215004
0.1542 210.96653504744
0.1545 210.868737801552
0.1548 210.768462390547
0.1551 210.665716932068
0.1554 210.560509747667
0.1557 210.452849362252
0.156 210.342744503516
0.1563 210.230204101353
0.1566 210.115237287252
0.1569 209.997853393671
0.1572 209.878061953397
0.1575 209.755872698885
0.1578 209.631295561578
0.1581 209.504340671216
0.1584 209.375018355114
0.1587 209.243339137435
0.159 209.109313738441
0.1593 208.972953073718
0.1596 208.834268253398
0.1599 208.693270581351
0.1602 208.549971554366
0.1605 208.404382861309
0.1608 208.256516382271
0.1611 208.106384187694
0.1614 207.953998537475
0.1617 207.799371880065
0.162 207.642516851536
0.1623 207.483446274645
0.1626 207.322173157871
0.1629 207.158710694437
0.1632 206.993072261322
0.1635 206.825271418241
0.1638 206.655321906629
0.1641 206.483237648589
0.1644 206.309032745834
0.1647 206.132721478611
0.165 205.954318304609
0.1653 205.773837857844
0.1656 205.59129494754
0.1659 205.406704556981
0.1662 205.220081842359
0.1665 205.031442131594
0.1668 204.84080092315
0.1671 204.648173884825
0.1674 204.453576852531
0.1677 204.257025829062
0.168 204.058536982835
0.1683 203.858126646627
0.1686 203.655811316291
0.1689 203.451607649459
0.1692 203.245532464229
0.1695 203.037602737838
0.1698 202.827835605319
0.1701 202.616248358144
0.1704 202.402858442854
0.1707 202.187683459671
0.171 201.970741161098
0.1713 201.752049450508
0.1716 201.53162638071
0.1719 201.309490152511
0.1722 201.085659113257
0.1725 200.860151755366
0.1728 200.632986714842
0.1731 200.404182769777
0.1734 200.173758838845
0.1737 199.941733979774
0.174 199.708127387813
0.1743 199.472958394179
0.1746 199.236246464498
0.1749 198.998011197228
0.1752 198.758272322073
0.1755 198.51704969838
0.1758 198.274363313533
0.1761 198.030233281322
0.1764 197.78467984031
0.1767 197.537723352185
0.177 197.2893843001
0.1773 197.039683287002
0.1776 196.788641033948
0.1779 196.536278378412
0.1782 196.282616272581
0.1785 196.027675781636
0.1788 195.771478082028
0.1791 195.514044459738
0.1794 195.255396308533
0.1797 194.995555128202
0.18 194.73454252279
0.1803 194.472380198823
0.1806 194.20908996351
0.1809 193.944693722956
0.1812 193.679213480345
0.1815 193.412671334126
0.1818 193.145089476188
0.1821 192.876490190021
0.1824 192.606895848871
0.1827 192.336328913892
0.183 192.064811932276
0.1833 191.792367535386
0.1836 191.519018436879
0.1839 191.244787430815
0.1842 190.969697389763
0.1845 190.6937712629
0.1848 190.417032074095
0.1851 190.139502919999
0.1854 189.861206968111
0.1857 189.58216745485
0.186 189.302407683616
0.1863 189.02195102284
0.1866 188.740820904033
0.1869 188.459040819827
0.1872 188.176634322008
0.1875 187.893625019541
0.1878 187.6100365766
0.1881 187.325892710576
0.1884 187.041217190091
0.1887 186.756033833003
0.189 186.470366504405
0.1893 186.184239114621
0.1896 185.897675617196
0.1899 185.610700006878
0.1902 185.323336317603
0.1905 185.035608620467
0.1908 184.747541021701
0.1911 184.459157660637
0.1914 184.170482707672
0.1917 183.881540362231
0.192 183.592354850721
0.1923 183.302950424484
0.1926 183.013351357752
0.1929 182.723581945587
0.1932 182.433666501835
0.1935 182.14362935706
0.1938 181.853494856488
0.1941 181.563287357942
0.1944 181.27303122978
0.1947 180.982750848828
0.195 180.692470598309
0.1953 180.402214865778
0.1956 180.112008041047
0.1959 179.821874514115
0.1962 179.531838673095
0.1965 179.241924902139
0.1968 178.952157579364
0.1971 178.662561074779
0.1974 178.373159748209
0.1977 178.083977947217
0.198 177.795040005033
0.1983 177.50637023848
0.1986 177.217992945894
0.1989 176.92993240506
0.1992 176.64221287113
0.1995 176.354858574558
0.1998 176.067893719027
0.2001 175.781342479384
0.2004 175.495228999565
0.2007 175.209577390539
0.201 174.924411728241
0.2013 174.639756051506
0.2016 174.35563436002
0.2019 174.072070612254
0.2022 173.78908872342
0.2025 173.50671256341
0.2028 173.224965954758
0.2031 172.943872670591
0.2034 172.663456432586
0.2037 172.38374090894
0.204 172.104749712329
0.2043 171.826506397883
0.2046 171.549034461161
0.2049 171.272357336127
0.2052 170.996498393136
0.2055 170.721480936924
0.2058 170.447328204595
0.2061 170.174063363629
0.2064 169.901709509877
0.2067 169.630289665572
0.207 169.359826777348
0.2073 169.090343714256
0.2076 168.821863265792
0.2079 168.554408139928
0.2082 168.288000961154
0.2085 168.02266426852
0.2088 167.758420513688
0.2091 167.495292058997
0.2094 167.233301175518
0.2097 166.972470041136
0.21 166.712820738628
0.2103 166.454375253749
0.2106 166.197155473328
0.2109 165.941183183375
0.2112 165.686480067186
0.2115 165.433067703469
0.2118 165.180967564469
0.2121 164.930201014106
0.2124 164.680789306116
0.2127 164.432753582213
0.213 164.186114870245
0.2133 163.940894082371
0.2136 163.697112013241
0.2139 163.454789338186
0.2142 163.213946611423
0.2145 162.974604264263
0.2148 162.736782603331
0.2151 162.500501808802
0.2154 162.265781932635
0.2157 162.032642896834
0.216 161.801104491702
0.2163 161.57118637412
0.2166 161.342908065831
0.2169 161.116288951732
0.2172 160.891348278186
0.2175 160.668105151335
0.2178 160.446578535434
0.2181 160.226787251191
0.2184 160.008749974119
0.2187 159.792485232906
0.219 159.578011407787
0.2193 159.365346728938
0.2196 159.154509274877
0.2199 158.94551697088
0.2202 158.738387587409
0.2205 158.53313873855
0.2208 158.329787880471
0.2211 158.128352309887
0.2214 157.92884916254
0.2217 157.731295411692
0.222 157.535707866637
0.2223 157.342103171216
0.2226 157.150497802356
0.2229 156.960908068619
0.2232 156.773350108763
0.2235 156.587839890322
0.2238 156.404393208195
0.2241 156.223025683256
0.2244 156.043752760972
0.2247 155.866589710039
0.225 155.691551621036
0.2253 155.518653405086
0.2256 155.347909792541
0.2259 155.179335331677
0.2262 155.012944387404
0.2265 154.848751139994
0.2268 154.686769583825
0.2271 154.527013526138
0.2274 154.369496585811
0.2277 154.214232192153
0.228 154.061233583704
0.2283 153.910513807063
0.2286 153.762085715723
0.2289 153.615961968931
0.2292 153.472155030555
0.2295 153.330677167975
0.2298 153.191540450986
0.2301 153.054756750723
0.2304 152.920337738598
0.2307 152.788294885255
0.231 152.658639459546
0.2313 152.531382527518
0.2316 152.406534951421
0.2319 152.284107388734
0.2322 152.16411029121
0.2325 152.046553903928
0.2328 151.931448264379
0.2331 151.818803201557
0.2334 151.708628335074
0.2337 151.600933074288
0.234 151.495726617458
0.2343 151.393017950905
0.2346 151.292815848199
0.2349 151.195128869368
0.2352 151.099965360111
0.2355 151.007333451045
0.2358 150.917241056962
0.2361 150.829695876104
0.2364 150.744705389462
0.2367 150.66227686009
0.237 150.582417332435
0.2373 150.505133631695
0.2376 150.430432363183
0.2379 150.358319911722
0.2382 150.288802441054
0.2385 150.221885893262
0.2388 150.157575988223
0.2391 150.095878223074
0.2394 150.03679787169
0.2397 149.980339984199
0.24 149.926509386498
0.2403 149.875310679798
0.2406 149.826748240188
0.2409 149.780826218217
0.2412 149.737548538492
0.2415 149.696918899305
0.2418 149.658940772265
0.2421 149.623617401969
0.2424 149.59095180567
0.2427 149.560946772985
0.243 149.53360486561
0.2433 149.508928417061
0.2436 149.48691953243
0.2439 149.467580088165
0.2442 149.450911731867
0.2445 149.436915882109
0.2448 149.425593728273
0.2451 149.416946230407
0.2454 149.410974119105
0.2457 149.407677895402
0.246 149.407057830689
0.2463 149.409113966658
0.2466 149.41384611525
0.2469 149.421253858637
0.2472 149.43133654922
0.2475 149.444093309643
0.2478 149.45952303283
0.2481 149.477624382045
0.2484 149.498395790964
0.2487 149.521835463778
0.249 149.547941375303
0.2493 149.576711271123
0.2496 149.608142667741
0.2499 149.64223285276
0.2502 149.678978885077
0.2505 149.7183775951
0.2508 149.760425584985
0.2511 149.805119228891
0.2514 149.852454673256
0.2517 149.902427837096
0.252 149.955034412316
0.2523 150.010269864048
0.2526 150.068129431008
0.2529 150.128608125866
0.2532 150.191700735647
0.2535 150.257401822141
0.2538 150.325705722337
0.2541 150.396606548882
0.2544 150.470098190548
0.2547 150.546174312727
0.255 150.624828357945
0.2553 150.706053546393
0.2556 150.789842876479
0.2559 150.876189125395
0.2562 150.965084849712
0.2565 151.056522385989
0.2568 151.150493851395
0.2571 151.246991144368
0.2574 151.34600594527
0.2577 151.447529717083
0.258 151.551553706107
0.2583 151.65806894269
0.2586 151.767066241966
0.2589 151.878536204618
0.2592 151.992469217662
0.2595 152.108855455243
0.2598 152.227684879454
0.2601 152.348947241172
0.2604 152.472632080914
0.2607 152.598728729713
0.261 152.727226310004
0.2613 152.858113736541
0.2616 152.991379717322
0.2619 153.127012754535
0.2622 153.265001145526
0.2625 153.405332983779
0.2628 153.547996159919
0.2631 153.692978362728
0.2634 153.840267080187
0.2637 153.98984960052
0.264 154.141713013277
0.2643 154.295844210414
0.2646 154.452229887407
0.2649 154.610856544368
0.2652 154.771710487194
0.2655 154.934777828718
0.2658 155.10004448989
0.2661 155.267496200965
0.2664 155.437118502714
0.2667 155.608896747648
0.267 155.782816101263
0.2673 155.958861543295
0.2676 156.137017868998
0.2679 156.317269690434
0.2682 156.499601437781
0.2685 156.683997360656
0.2688 156.870441529457
0.2691 157.058917836714
0.2694 157.249409998464
0.2697 157.441901555636
0.27 157.636375875455
0.2703 157.832816152858
0.2706 158.031205411925
0.2709 158.231526507331
0.2712 158.433762125809
0.2715 158.637894787622
0.2718 158.843906848063
0.2721 159.051780498958
0.2724 159.261497770188
0.2727 159.473040531227
0.273 159.68639049269
0.2733 159.901529207901
0.2736 160.118438074466
0.2739 160.337098335871
0.2742 160.557491083083
0.2745 160.779597256173
0.2748 161.003397645948
0.2751 161.228872895597
0.2754 161.456003502348
0.2757 161.684769819146
0.276 161.915152056332
0.2763 162.147130283344
0.2766 162.380684430429
0.2769 162.61579429036
0.2772 162.852439520179
0.2775 163.090599642938
0.2778 163.330254049461
0.2781 163.571382000112
0.2784 163.813962626584
0.2787 164.057974933687
0.279 164.303397801153
0.2793 164.55020998546
0.2796 164.798390121651
0.2799 165.047916725179
0.2802 165.298768193753
0.2805 165.550922809197
0.2808 165.804358739325
0.2811 166.059054039816
0.2814 166.314986656107
0.2817 166.572134425296
0.282 166.830475078046
0.2823 167.089986240511
0.2826 167.350645436261
0.2829 167.612430088224
0.2832 167.875317520629
0.2835 168.139284960967
0.2838 168.404309541954
0.2841 168.670368303503
0.2844 168.93743819471
0.2847 169.205496075841
0.285 169.474518720332
0.2853 169.744482816797
0.2856 170.015364971036
0.2859 170.287141708064
0.2862 170.559789474134
0.2865 170.833284638777
0.2868 171.107603496842
0.2871 171.382722270547
0.2874 171.658617111537
0.2877 171.935264102944
0.288 172.212639261459
0.2883 172.490718539405
0.2886 172.769477826821
0.2889 173.048892953546
0.2892 173.328939691312
0.2895 173.609593755844
0.2898 173.890830808963
0.2901 174.172626460691
0.2904 174.454956271366
0.2907 174.737795753762
0.291 175.021120375205
0.2913 175.304905559706
0.2916 175.589126690086
0.2919 175.873759110114
0.2922 176.158778126644
0.2925 176.444159011754
0.2928 176.729877004894
0.2931 177.015907315035
0.2934 177.302225122815
0.2937 177.588805582698
0.294 177.875623825126
0.2943 178.162654958683
0.2946 178.44987407225
0.2949 178.737256237173
0.2952 179.024776509423
0.2955 179.312409931769
0.2958 179.600131535938
0.2961 179.887916344791
0.2964 180.17573937449
0.2967 180.463575636668
0.297 180.751400140606
0.2973 181.039187895398
0.2976 181.326913912129
0.2979 181.614553206048
0.2982 181.902080798736
0.2985 182.189471720282
0.2988 182.476701011456
0.2991 182.763743725878
0.2994 183.050574932189
0.2997 183.337169716221
0.3 183.451668736108
0.3004 183.54700194737
0.3008 183.642208301399
0.3012 183.737288135355
0.3016 183.83224178506
0.302 183.927069584997
0.3024 184.021771868322
0.3028 184.116348966872
0.3032 184.210801211165
0.3036 184.305128930417
0.304 184.39933245254
0.3044 184.493412104154
0.3048 184.587368210592
0.3052 184.681201095907
0.3056 184.774911082878
0.306 184.868498493018
0.3064 184.961963646581
0.3068 185.055306862567
0.3072 185.148528458726
0.3076 185.241628751573
0.308 185.334608056384
0.3084 185.427466687212
0.3088 185.520204956885
0.3092 185.612823177017
0.3096 185.705321658016
0.31 185.797700709085
0.3104 185.88996063823
0.3108 185.982101752271
0.3112 186.07412435684
0.3116 186.166028756394
0.312 186.257815254217
0.3124 186.349484152426
0.3128 186.441035751982
0.3132 186.532470352688
0.3136 186.623788253202
0.314 186.714989751038
0.3144 186.806075142576
0.3148 186.897044723062
0.3152 186.987898786621
0.3156 187.078637626257
0.316 187.16926153386
0.3164 187.259770800214
0.3168 187.350165714999
0.3172 187.4404465668
0.3176 187.530613643111
0.318 187.620667230339
0.3184 187.710607613812
0.3188 187.800435077783
0.3192 187.890149905435
0.3196 187.979752378889
0.32 188.069242779205
0.3204 188.158621386391
0.3208 188.247888479407
0.3212 188.337044336171
0.3216 188.426089233561
0.322 188.515023447423
0.3224 188.603847252579
0.3228 188.692560922824
0.3232 188.781164730939
0.3236 188.869658948691
0.324 188.958043846841
0.3244 189.046319695148
0.3248 189.134486762373
0.3252 189.222545316284
0.3256 189.310495623663
0.326 189.398337950308
0.3264 189.486072561041
0.3268 189.57369971971
0.3272 189.661219689193
0.3276 189.748632731408
0.328 189.835939107311
0.3284 189.923139076906
0.3288 190.010232899247
0.3292 190.097220832442
0.3296 190.184103133659
0.33 190.270880059133
0.3304 190.357551864163
0.3308 190.444118803126
0.3312 190.530581129474
0.3316 190.616939095742
0.332 190.703192953551
0.3324 190.789342953615
0.3328 190.875389345741
0.3332 190.961332378837
0.3336 191.047172300916
0.334 191.132909359098
0.3344 191.218543799616
0.3348 191.30407586782
0.3352 191.389505808182
0.3356 191.474833864298
0.336 191.560060278893
0.3364 191.645185293828
0.3368 191.7302091501
0.3372 191.815132087848
0.3376 191.899954346358
0.338 191.984676164064
0.3384 192.069297778556
0.3388 192.15381942658
0.3392 192.238241344047
0.3396 192.32256376603
0.34 192.406786926775
0.3404 192.490911059701
0.3408 192.574936397402
0.3412 192.658863171658
0.3416 192.74269161343
0.342 192.826421952872
0.3424 192.910054419328
0.3428 192.993589241339
0.3432 193.077026646649
0.3436 193.160366862202
0.344 193.243610114155
0.3444 193.326756627871
0.3448 193.409806627932
0.3452 193.492760338138
0.3456 193.575617981512
0.346 193.6583797803
0.3464 193.741045955983
0.3468 193.823616729269
0.3472 193.906092320108
0.3476 193.988472947688
0.348 194.07075883044
0.3484 194.152950186044
0.3488 194.235047231429
0.3492 194.317050182779
0.3496 194.398959255535
0.35 194.480774664401
0.3504 194.562496623342
0.3508 194.644125345593
0.3512 194.725661043659
0.3516 194.80710392932
0.352 194.888454213632
0.3524 194.969712106935
0.3528 195.05087781885
0.3532 195.131951558287
0.3536 195.212933533446
0.354 195.293823951821
0.3544 195.374623020204
0.3548 195.455330944686
0.3552 195.535947930661
0.3556 195.616474182831
0.356 195.696909905206
0.3564 195.777255301111
0.3568 195.857510573184
0.3572 195.937675923383
0.3576 196.017751552989
0.358 196.097737662607
0.3584 196.177634452169
0.3588 196.25744212094
0.3592 196.337160867517
0.3596 196.416790889835
0.36 196.496332385169
0.3604 196.575785550137
0.3608 196.6551505807
0.3612 196.734427672172
0.3616 196.813617019215
0.362 196.892718815846
0.3624 196.971733255441
0.3628 197.050660530734
0.3632 197.129500833822
0.3636 197.20825435617
0.364 197.286921288609
0.3644 197.365501821342
0.3648 197.443996143945
0.3652 197.522404445373
0.3656 197.600726913959
0.366 197.678963737418
0.3664 197.75711510285
0.3668 197.835181196743
0.3672 197.913162204975
0.3676 197.991058312818
0.368 198.068869704936
0.3684 198.146596565396
0.3688 198.224239077662
0.3692 198.301797424603
0.3696 198.379271788494
0.37 198.456662351018
0.3704 198.533969293269
0.3708 198.611192795755
0.3712 198.688333038399
0.3716 198.765390200546
0.372 198.842364460958
0.3724 198.919255997824
0.3728 198.996064988756
0.3732 199.072791610797
0.3736 199.14943604042
0.374 199.225998453532
0.3744 199.302479025475
0.3748 199.378877931031
0.3752 199.455195344421
0.3756 199.53143143931
0.376 199.607586388808
0.3764 199.683660365473
0.3768 199.759653541313
0.3772 199.835566087788
0.3776 199.911398175815
0.378 199.987149975765
0.3784 200.062821657472
0.3788 200.138413390227
0.3792 200.21392534279
0.3796 200.289357683384
0.38 200.364710579701
0.3804 200.439984198905
0.3808 200.515178707631
0.3812 200.590294271992
0.3816 200.665331057575
0.382 200.740289229448
0.3824 200.815168952162
0.3828 200.889970389751
0.3832 200.964693705733
0.3836 201.039339063118
0.384 201.113906624403
0.3844 201.18839655158
0.3848 201.262809006134
0.3852 201.337144149046
0.3856 201.411402140798
0.386 201.485583141372
0.3864 201.559687310252
0.3868 201.633714806427
0.3872 201.707665788394
0.3876 201.781540414159
0.388 201.855338841238
0.3884 201.929061226662
0.3888 202.002707726974
0.3892 202.076278498237
0.3896 202.149773696032
0.39 202.223193475461
0.3904 202.296537991149
0.3908 202.369807397245
0.3912 202.443001847428
0.3916 202.516121494902
0.392 202.589166492404
0.3924 202.662136992203
0.3928 202.735033146104
0.3932 202.807855105446
0.3936 202.880603021108
0.394 202.953277043508
0.3944 203.025877322609
0.3948 203.098404007914
0.3952 203.170857248474
0.3956 203.243237192889
0.396 203.315543989304
0.3964 203.387777785421
0.3968 203.45993872849
0.3972 203.53202696532
0.3976 203.604042642274
0.398 203.675985905274
0.3984 203.747856899803
0.3988 203.819655770905
0.3992 203.891382663189
0.3996 203.963037720829
0.4 204.034621087566
0.4004 204.10613290671
0.4008 204.177573321142
0.4012 204.248942473315
0.4016 204.320240505257
0.402 204.39146755857
0.4024 204.462623774437
0.4028 204.533709293615
0.4032 204.604724256448
0.4036 204.675668802857
0.404 204.74654307235
0.4044 204.817347204021
0.4048 204.888081336551
0.4052 204.958745608209
0.4056 205.029340156855
0.406 205.099865119944
0.4064 205.170320634522
0.4068 205.240706837231
0.4072 205.31102386431
0.4076 205.381271851599
0.408 205.451450934536
0.4084 205.52156124816
0.4088 205.591602927116
0.4092 205.661576105652
0.4096 205.731480917625
0.41 205.801317496496
0.4104 205.871085975339
0.4108 205.940786486838
0.4112 206.01041916329
0.4116 206.079984136604
0.412 206.149481538307
0.4124 206.218911499543
0.4128 206.288274151074
0.4132 206.357569623281
0.4136 206.426798046168
0.414 206.495959549361
0.4144 206.565054262112
0.4148 206.634082313298
0.4152 206.703043831422
0.4156 206.771938944618
0.416 206.840767780648
0.4164 206.909530466909
0.4168 206.978227130426
0.4172 207.046857897864
0.4176 207.11542289552
0.418 207.183922249329
0.4184 207.252356084866
0.4188 207.320724527345
0.4192 207.389027701621
0.4196 207.457265732192
0.42 207.525438743201
0.4204 207.593546858435
0.4208 207.66159020133
0.4212 207.729568894968
0.4216 207.797483062082
0.422 207.865332825054
0.4224 207.933118305919
0.4228 208.000839626368
0.4232 208.068496907743
0.4236 208.136090271044
0.424 208.203619836928
0.4244 208.271085725711
0.4248 208.338488057368
0.4252 208.405826951536
0.4256 208.473102527516
0.426 208.540314904269
0.4264 208.607464200425
0.4268 208.674550534278
0.4272 208.74157402379
0.4276 208.808534786592
0.428 208.875432939986
0.4284 208.942268600942
0.4288 209.009041886107
0.4292 209.075752911799
0.4296 209.14240179401
0.43 209.208988648411
0.4304 209.275513590349
0.4308 209.341976734849
0.4312 209.408378196616
0.4316 209.474718090037
0.432 209.54099652918
0.4324 209.607213627795
0.4328 209.67336949932
0.4332 209.739464256876
0.4336 209.805498013272
0.434 209.871470881003
0.4344 209.937382972255
0.4348 210.003234398904
0.4352 210.069025272517
0.4356 210.134755704354
0.436 210.200425805368
0.4364 210.266035686206
0.4368 210.331585457213
0.4372 210.39707522843
0.4376 210.462505109596
0.438 210.527875210148
0.4384 210.593185639226
0.4388 210.658436505668
0.4392 210.723627918019
0.4396 210.788759984523
0.44 210.853832813131
0.4404 210.918846511499
0.4408 210.983801186991
0.4412 211.048696946678
0.4416 211.113533897339
0.442 211.178312145465
0.4424 211.243031797255
0.4428 211.307692958624
0.4432 211.372295735197
0.4436 211.436840232315
0.444 211.501326555032
0.4444 211.56575480812
0.4448 211.630125096069
0.4452 211.694437523084
0.4456 211.758692193093
0.446 211.822889209741
0.4464 211.887028676397
0.4468 211.951110696151
0.4472 212.015135371815
0.4476 212.079102805927
0.448 212.143013100751
0.4484 212.206866358274
0.4488 212.270662680213
0.4492 212.334402168013
0.4496 212.398084922845
0.45 212.461711045615
0.4504 212.525280636957
0.4508 212.588793797237
0.4512 212.652250626554
0.4516 212.715651224741
0.452 212.778995691368
0.4524 212.842284125738
0.4528 212.905516626891
0.4532 212.968693293607
0.4536 213.031814224401
0.454 213.09487951753
0.4544 213.157889270991
0.4548 213.220843582522
0.4552 213.283742549603
0.4556 213.346586269458
0.456 213.409374839055
0.4564 213.472108355105
0.4568 213.534786914067
0.4572 213.597410612146
0.4576 213.659979545294
0.458 213.722493809213
0.4584 213.784953499353
0.4588 213.847358710914
0.4592 213.909709538849
0.4596 213.972006077861
0.46 214.034248422407
0.4604 214.096436666696
0.4608 214.158570904695
0.4612 214.220651230122
0.4616 214.282677736455
0.462 214.344650516928
0.4624 214.406569664531
0.4628 214.468435272015
0.4632 214.53024743189
0.4636 214.592006236426
0.464 214.653711777655
0.4644 214.715364147371
0.4648 214.77696343713
0.4652 214.838509738253
0.4656 214.900003141825
0.466 214.961443738695
0.4664 215.02283161948
0.4668 215.084166874564
0.4672 215.145449594098
0.4676 215.206679868
0.468 215.267857785962
0.4684 215.32898343744
0.4688 215.390056911666
0.4692 215.45107829764
0.4696 215.512047684139
0.47 215.572965159707
0.4704 215.633830812668
0.4708 215.694644731117
0.4712 215.755407002927
0.4716 215.816117715744
0.472 215.876776956995
0.4724 215.937384813883
0.4728 215.997941373388
0.4732 216.058446722272
0.4736 216.118900947076
0.474 216.179304134122
0.4744 216.239656369513
0.4748 216.299957739134
0.4752 216.360208328655
0.4756 216.420408223527
0.476 216.480557508988
0.4764 216.540656270059
0.4768 216.60070459155
0.4772 216.660702558053
0.4776 216.720650253952
0.478 216.780547763417
0.4784 216.840395170406
0.4788 216.900192558669
0.4792 216.959940011742
0.4796 217.019637612957
0.48 217.079285445434
0.4804 217.138883592086
0.4808 217.19843213562
0.4812 217.257931158535
0.4816 217.317380743127
0.482 217.376780971483
0.4824 217.436131925491
0.4828 217.49543368683
0.4832 217.55468633698
0.4836 217.613889957216
0.484 217.673044628614
0.4844 217.732150432047
0.4848 217.791207448189
0.4852 217.850215757514
0.4856 217.909175440296
0.486 217.968086576612
0.4864 218.026949246341
0.4868 218.085763529165
0.4872 218.144529504571
0.4876 218.203247251847
0.488 218.261916850089
0.4884 218.320538378197
0.4888 218.379111914878
0.4892 218.437637538646
0.4896 218.496115327821
0.49 218.554545360533
0.4904 218.61292771472
0.4908 218.671262468129
0.4912 218.729549698317
0.4916 218.787789482652
0.492 218.845981898314
0.4924 218.904127022293
0.4928 218.962224931392
0.4932 219.020275702229
0.4936 219.078279411232
0.494 219.136236134648
0.4944 219.194145948534
0.4948 219.252008928765
0.4952 219.309825151033
0.4956 219.367594690844
0.496 219.425317623523
0.4964 219.482994024213
0.4968 219.540623967875
0.4972 219.598207529289
0.4976 219.655744783053
0.498 219.713235803588
0.4984 219.770680665135
0.4988 219.828079441754
0.4992 219.88543220733
0.4996 219.942739035569
0.5 220
