0 1 -0
0.01875 1 -16667.1069905881
0.0375 1 -27716.3859753386
0.05625 1 -29423.5584120969
0.075 1 -21213.2034355964
0.09375 1 -5852.70966048385
0.1125 1 11480.5029709527
0.13125 1 24944.0883690764
0.15 1 30000
0.16875 1 24944.0883690764
0.1875 1 11480.5029709527
0.20625 1 -5852.70966048385
0.225 1 -21213.2034355964
0.24375 1 -29423.5584120969
0.2625 1 -27716.3859753386
0.28125 1 -16667.1069905881
0.3 4 0
0.30625 4 0
0.3125 4 0
0.31875 4 0
0.325 4 0
0.33125 4 0
0.3375 4 0
0.34375 4 0
0.35 4 0
0.35625 4 0
0.3625 4 0
0.36875 4 0
0.375 4 0
0.38125 4 0
0.3875 4 0
0.39375 4 0
0.4 4 0
0.40625 4 0
0.4125 4 0
0.41875 4 0
0.425 4 0
0.43125 4 0
0.4375 4 0
0.44375 4 0
0.45 4 0
0.45625 4 0
0.4625 4 0
0.46875 4 0
0.475 4 0
0.48125 4 0
0.4875 4 0
0.49375 4 0
0.5 4 0
