0.00184049079754601 -1733.65533047687 -1155.77022031981 -1155.77022031981
0.00368098159509202 -3461.51625649793 -3057.57611983047 -3057.57611983047
0.00552147239263804 -5177.80774027296 -4815.83399929774 -4815.83399929774
0.00736196319018405 -6876.79341261354 -6534.94898129369 -6534.94898129369
0.00920245398773006 -8552.79474562716 -8223.25949431607 -8223.25949431607
0.0110429447852761 -10200.2100320879 -9879.32161745436 -9879.32161745436
0.0128834355828221 -11813.5331080492 -11499.3219797307 -11499.3219797307
0.0147239263803681 -13387.3717561218 -13078.6909882288 -13078.6909882288
0.0165644171779141 -14916.4657279076 -14612.6168514368 -14612.6168514368
0.0184049079754601 -16395.7043253526 -16096.2539328628 -16096.2539328628
0.0202453987730061 -17820.1434822579 -17524.8244385479 -17524.8244385479
0.0220858895705521 -19185.0222888551 -18893.6765509002 -18893.6765509002
0.0239263803680982 -20485.778904218 -20198.3224866166 -20198.3224866166
0.0257668711656442 -21718.065803325 -21434.466292187 -21434.466292187
0.0276073619631902 -22877.7643078129 -22598.0258572305 -22598.0258572305
0.0294478527607362 -23960.9983518549 -23685.1513360241 -23685.1513360241
0.0312883435582822 -24964.147437154 -24692.2411055949 -24692.2411055949
0.0331288343558282 -25883.8587337519 -25615.9558647633 -25615.9558647633
0.0349693251533742 -26717.0582862079 -26453.2312069277 -26453.2312069277
0.0368098159509203 -27460.9612876956 -27201.2888510893 -27201.2888510893
0.0386503067484663 -28113.0813876751 -27857.6466346736 -27857.6466346736
0.0404907975460123 -28671.2390020351 -28420.127323933 -28420.127323933
0.0423312883435583 -29133.5685979267 -28886.8662703783 -28886.8662703783
0.0441717791411043 -29498.5249289428 -29256.3179272903 -29256.3179272903
0.0460122699386503 -29764.8881998027 -29527.2612303333 -29527.2612303333
0.0478527607361963 -29931.7681432793 -29698.803843032 -29698.803843032
0.0496932515337424 -29998.606995744 -29770.3852656965 -29770.3852656965
0.0515337423312884 -29965.1813613823 -29741.7788068352 -29741.7788068352
0.0533742331288344 -29831.602958851 -29613.0924170908 -29613.0924170908
0.0552147239263804 -29598.3182478799 -29384.7683878773 -29384.7683878773
0.0570552147239264 -29266.1069370682 -29057.5819195931 -29057.5819195931
0.0588957055214724 -28836.0793778597 -28632.6385666074 -28632.6385666074
0.0607361963190185 -28309.6728534108 -28111.3705701188 -28111.3705701188
0.0625766871165645 -27688.6467747514 -27495.5320925648 -27495.5320925648
0.0644171779141105 -26975.0768002978 -26787.193370569 -26787.193370569
0.0662576687116565 -26171.3478983691 -25988.7338075445 -25988.7338075445
0.0680981595092025 -25280.1463758964 -25102.8340290268 -25102.8340290268
0.0699386503067485 -24304.4508999667 -24132.4669287826 -24132.4669287826
0.0717791411042945 -23247.5225422093 -23080.8877351781 -23080.8877351781
0.0736196319018406 -22112.8938793007 -21951.623132576 -21951.623132576
0.0754601226993866 -20904.3571860169 -20748.4594731639 -20748.4594731639
0.0773006134969326 -19625.9517602953 -19475.4301199078 -19475.4301199078
0.0791411042944786 -18281.9504226701 -18136.8019626825 -18136.8019626825
0.0809815950920246 -16876.8452352037 -16737.0611528487 -16737.0611528487
0.0828220858895706 -15415.3324876463 -15280.898104332 -15280.898104332
0.0846625766871167 -13902.2970010047 -13773.1918111441 -13773.1918111441
0.0865030674846627 -12342.7958009815 -12218.9935343523 -12218.9935343523
0.0883435582822087 -10742.0412158539 -10623.5099124624 -10623.5099124624
0.0901840490797547 -9105.38345528461 -8992.08555236689 -8992.08555236689
0.0920245398773007 -7438.29272829023 -7330.1851589251 -7330.1851589251
0.0938650306748467 -5746.34096013575 -5643.37526258423 -5643.37526258423
0.0957055214723928 -4035.18316926232 -3937.30560675741 -3937.30560675741
0.0975460122699388 -2310.53856649212 -2217.69025695128 -2217.69025695128
0.0993865030674848 -578.1714396829 -490.288494746289 -490.288494746289
0.101226993865031 1156.12811227879 1239.11443953932 1239.11443953932
0.103067484662577 2886.5635317526 2964.72669043825 2964.72669043825
0.104907975460123 4607.3511762066 4680.7691538345 4680.7691538345
0.106748466257669 6312.73964891317 6381.49479985291 6381.49479985291
0.108588957055215 7997.02902186964 8061.20788923638 8061.20788923638
0.110429447852761 9654.58988669482 9714.28301776157 9714.28301776157
0.112269938650307 11279.8821698273 11335.1839256058 11335.1839256058
0.114110429447853 12867.4736491398 12918.4820085888 12918.4820085888
0.115950920245399 14412.0581100809 14458.8744694153 14458.8744694153
0.117791411042945 15908.4730806612 15951.2020482852 15951.2020482852
0.119631901840491 17351.7170860079 17390.4662735315 17390.4662735315
0.121472392638037 18736.9663648185 18771.8461746778 18771.8461746778
0.123312883435583 20059.5909918405 20090.7144020297 20090.7144020297
0.125153374233129 21315.170352493 21342.652698764 21342.652698764
0.126993865030675 22499.5079179077 22523.4666741115 22523.4666741115
0.128834355828221 23608.6452710073 23629.1998279575 23629.1998279575
0.130674846625767 24638.8753367419 24656.1467800379 24656.1467800379
0.132515337423313 25586.7547722634 25600.8656596408 25600.8656596408
0.134355828220859 26449.1154756264 26460.1896141971 26460.1896141971
0.136196319018405 27223.0751745511 27231.2373985229 27231.2373985229
0.138036809815951 27906.047059855 27911.4230090964 27911.4230090964
0.139877300613497 28495.7484313578 28498.4643312971 28498.4643312971
0.141717791411043 28990.2083273612 28990.3907705245 28990.3907705245
0.143558282208589 29387.7741122032 29385.5498421722 29385.5498421722
0.145398773006135 29687.1169998704 29682.6126975015 29682.6126975015
0.147239263803681 29887.2364952057 29880.5785682806 29880.5785682806
0.149079754601227 29987.4637378683 29978.7781138203 29978.7781138203
0.150920245398773 29987.4637378683 29976.8756605336 29976.8756605336
0.152760736196319 29887.2364952057 29874.8703254935 29874.8703254935
0.154601226993865 29687.1169998703 29673.0960213495 29673.0960213495
0.156441717791411 29387.7741122032 29372.2203412316 29372.2203412316
0.158282208588957 28990.2083273612 28973.2423286779 28973.2423286779
0.160122699386503 28495.7484313578 28477.4891390786 28477.4891390786
0.161963190184049 27906.047059855 27886.6116043347 27886.6116043347
0.163803680981595 27223.0751745511 27202.5787154268 27202.5787154268
0.165644171779141 26449.1154756264 26427.6710412506 26427.6710412506
0.167484662576687 25586.7547722633 25564.473105744 25564.473105744
0.169325153374233 24638.8753367419 24615.8647489278 24615.8647489278
0.171165644171779 23608.6452710073 23585.0115005604 23585.0115005604
0.173006134969325 22499.5079179076 22475.3539987202 22475.3539987202
0.174846625766871 21315.170352493 21290.5964885187 21290.5964885187
0.176687116564417 20059.5909918405 20034.6944396659 20034.6944396659
0.178527607361963 18736.9663648185 18711.8413240265 18711.8413240265
0.180368098159509 17351.7170860079 17326.4545973527 17326.4545973527
0.182208588957055 15908.4730806612 15883.1609324695 15883.1609324695
0.184049079754601 14412.0581100809 14386.7807526666 14386.7807526666
0.185889570552147 12867.4736491398 12842.3121173416 12842.3121173416
0.187730061349693 11279.8821698274 11254.9140139631 11254.9140139631
0.189570552147239 9654.58988669488 9629.8891116338 9629.8891116338
0.191411042944785 7997.02902186973 7972.66603444879 7972.66603444879
0.193251533742331 6312.73964891325 6288.78121366636 6288.78121366636
0.195092024539877 4607.35117620671 4583.86037928411 4583.86037928411
0.196932515337423 2886.56353175273 2863.59975313534 2863.59975313534
0.198773006134969 1156.12811227891 1133.747005996 1133.747005996
0.200613496932515 -578.171439682755 -599.91795706608 -599.91795706608
0.202453987730061 -2310.53856649196 -2331.6023195488 -2331.6023195488
0.204294478527607 -4035.18316926216 -4055.51971949333 -4055.51971949333
0.206134969325153 -5746.34096013558 -5765.90959398791 -5765.90959398791
0.207975460122699 -7438.29272829004 -7457.05643754218 -7457.05643754218
0.209815950920245 -9105.38345528441 -9123.30891015042 -9123.30891015042
0.211656441717791 -10742.0412158537 -10759.0987306156 -10759.0987306156
0.213496932515337 -12342.7958009812 -12358.9592927389 -12358.9592927389
0.215337423312883 -13902.2970010045 -13917.5439414723 -13917.5439414723
0.217177914110429 -15415.3324876461 -15429.6438482846 -15429.6438482846
0.219018404907975 -16876.8452352034 -16890.2054259699 -16890.2054259699
0.220858895705521 -18281.9504226699 -18294.347224528 -18294.347224528
0.222699386503067 -19625.9517602951 -19637.3762518556 -19637.3762518556
0.224539877300613 -20904.3571860166 -20914.8036644849 -20914.8036644849
0.226380368098159 -22112.8938793004 -22122.3597759689 -22122.3597759689
0.228220858895705 -23247.5225422091 -23256.0083329047 -23256.0083329047
0.230061349693251 -24304.4508999665 -24311.9600106171 -24311.9600106171
0.231901840490797 -25280.1463758962 -25286.6850835421 -25286.6850835421
0.233742331288343 -26171.3478983689 -26176.9252279964 -26176.9252279964
0.235582822085889 -26975.0768002976 -26979.7044176885 -26979.7044176885
0.237423312883435 -27688.6467747513 -27692.3388756997 -27692.3388756997
0.239263803680981 -28309.6728534106 -28312.4460496882 -28312.4460496882
0.241104294478527 -28836.0793778596 -28837.952580185 -28837.952580185
0.242944785276073 -29266.1069370681 -29267.1012353364 -29267.1012353364
0.244785276073619 -29598.3182478799 -29598.4567892056 -29598.4567892056
0.246625766871165 -29831.6029588509 -29830.9108234034 -29830.9108234034
0.248466257668711 -29965.1813613823 -29963.6854367369 -29963.6854367369
0.250306748466257 -29998.606995744 -29996.3358496897 -29996.3358496897
0.252147239263803 -29931.7681432793 -29928.7518957114 -29928.7518957114
0.253987730061349 -29764.8881998027 -29761.158393816 -29761.158393816
0.255828220858895 -29498.5249289429 -29494.1144015645 -29494.1144015645
0.257668711656441 -29133.5685979269 -29128.5113507587 -29128.5113507587
0.259509202453987 -28671.2390020353 -28665.5700720279 -28665.5700720279
0.261349693251533 -28113.0813876753 -28106.8367186112 -28106.8367186112
0.263190184049079 -27460.9612876958 -27454.1776023069 -27454.1776023069
0.265030674846625 -26717.0582862082 -26709.7729594994 -26709.7729594994
0.266871165644171 -25883.8587337522 -25876.1096677259 -25876.1096677259
0.268711656441717 -24964.1474371544 -24955.9729372005 -24955.9729372005
0.270552147239263 -23960.9983518553 -23952.4370050667 -23952.4370050667
0.272392638036809 -22877.7643078133 -22868.8548635453 -22868.8548635453
0.274233128834355 -21718.0658033255 -21708.8470562172 -21708.8470562172
0.276073619631901 -20485.7789042185 -20476.2895798478 -20476.2895798478
0.277914110429447 -19185.0222888556 -19175.3009324355 -19175.3009324355
0.279754601226993 -17820.1434822585 -17810.2283503933 -17810.2283503933
0.281595092024539 -16395.7043253532 -16385.6332811329 -16385.6332811329
0.283435582822085 -14916.4657279082 -14906.2761397273 -14906.2761397273
0.285276073619631 -13387.3717561225 -13377.1003999805 -13377.1003999805
0.287116564417177 -11813.5331080499 -11803.2160740839 -11803.2160740839
0.288957055214723 -10200.2100320886 -10189.8826348496 -10189.8826348496
0.290797546012269 -8552.79474562785 -8542.49143886538 -8542.49143886538
0.292638036809815 -6876.79341261426 -6866.54770825253 -6866.54770825253
0.294478527607361 -5177.8077402737 -5167.65213191267 -5167.65213191267
0.296319018404907 -3461.5162564987 -3434.14882557032 -3434.14882557032
0.298309142600628 -1592.84621458438 249815.956324102 249815.956324102
0.300598533592697 0 58127.2486219348 131255.3861762
0.303037557982941 0 3.12017393276056 0.780043483190139
0.305476582373185 0 3.0460308260867 0.761507706521676
0.307915606763429 0 2.97421836695498 0.743554591738745
0.310354631153673 0 2.90464564009059 0.726161410022648
0.312793655543917 0 2.83722605090869 0.709306512727173
0.31523267993416 0 2.77187691021782 0.692969227554454
0.317671704324404 0 2.70851935899699 0.677129839749249
0.320110728714648 0 2.64707811075472 0.66176952768868
0.322549753104892 0 2.58748123742452 0.646870309356129
0.324988777495136 0 2.52966007396055 0.632415018490137
0.32742780188538 0 2.47354895292073 0.618387238230184
0.329866826275624 0 2.41908513528336 0.60477128382084
0.332305850665868 0 2.3662086056177 0.591552151404424
0.334744875056112 0 2.31486195794938 0.578715489487345
0.337183899446356 0 2.26499025163892 0.566247562909731
0.3396229238366 0 2.2165409206555 0.554135230163876
0.342061948226843 0 2.1694636062069 0.542365901551724
0.344500972617087 0 2.12371007393525 0.530927518483814
0.346939997007331 0 2.07923414003453 0.519808535008633
0.349379021397575 0 2.03599150023786 0.508997875059464
0.351818045787819 0 1.99393972349907 0.498484930874767
0.354257070178063 0 1.95303807604986 0.488259519012465
0.356696094568307 0 1.91324750235784 0.478311875589461
0.359135118958551 0 1.87453055097069 0.468632637742672
0.361574143348795 0 1.83685123832556 0.459212809581389
0.364013167739039 0 1.80017503432618 0.450043758581545
0.366452192129282 0 1.76446878851905 0.441117197129762
0.368891216519526 0 1.72970063500377 0.432425158750942
0.37133024090977 0 1.69583998026851 0.423959995067127
0.373769265300014 0 1.66285738566857 0.415714346417142
0.376208289690258 0 1.63072460539994 0.407681151349985
0.378647314080502 0 1.59941440771386 0.399853601928464
0.381086338470746 0 1.56890067425057 0.392225168562642
0.38352536286099 0 1.53915822158474 0.384789555396184
0.385964387251234 0 1.51016282418905 0.377540706047262
0.388403411641478 0 1.48189118895925 0.370472797239812
0.390842436031722 0 1.45432087528789 0.363580218821972
0.393281460421965 0 1.42743024975086 0.356857562437715
0.395720484812209 0 1.40119852160114 0.350299630400285
0.398159509202453 0 1.37560561681499 0.343901404203747
0.400598533592697 0 1.35063221339426 0.337658053348565
0.403037557982941 0 1.32625967142982 0.331564917857455
0.405476582373185 0 1.30247003139924 0.32561750784981
0.407915606763429 0 1.2792459762855 0.319811494071376
0.410354631153673 0 1.25657079621 0.3141426990525
0.412793655543917 0 1.23442837034869 0.308607092587174
0.415232679934161 0 1.21280313740959 0.303200784352397
0.417671704324404 0 1.19168008302713 0.297920020756782
0.420110728714648 0 1.17104473440888 0.29276118360222
0.422549753104892 0 1.15088307940429 0.287720769851073
0.424988777495136 0 1.1311815964809 0.282795399120226
0.42742780188538 0 1.11192726989057 0.277981817472643
0.429866826275624 0 1.09310742549284 0.27327685637321
0.432305850665868 0 1.07470992735518 0.268677481838794
0.434744875056112 0 1.05672297202894 0.264180743007236
0.437183899446356 0 1.03913516779003 0.259783791947508
0.4396229238366 0 1.02193551927193 0.255483879817982
0.442061948226844 0 1.00511337250069 0.251278343125173
0.444500972617087 0 0.9886584088501 0.247164602212525
0.446939997007331 0 0.972560695841078 0.24314017396027
0.449379021397575 0 0.956810556998998 0.23920263924975
0.451818045787819 0 0.941398689487799 0.23534967237195
0.454257070178063 0 0.92631604801453 0.231579012003633
0.456696094568307 0 0.911553884615929 0.227888471153982
0.459135118958551 0 0.897103740697493 0.224275935174373
0.461574143348795 0 0.882957421562244 0.220739355390561
0.464013167739039 0 0.869106959994464 0.217276739998616
0.466452192129283 0 0.855544685753219 0.213886171438305
0.468891216519526 0 0.842263129193028 0.210565782298257
0.47133024090977 0 0.829255072051092 0.207313768012773
0.473769265300014 0 0.816513507385509 0.204128376846377
0.476208289690258 0 0.804031634222229 0.201007908555557
0.478647314080502 0 0.791802898419109 0.197950724604777
0.481086338470746 0 0.779820888692191 0.194955222173048
0.48352536286099 0 0.768079415167174 0.192019853791794
0.485964387251234 0 0.756572493722051 0.189143123430513
0.488403411641478 0 0.745294265741252 0.186323566435313
0.490842436031722 0 0.734239113148213 0.183559778287053
0.493281460421966 0 -293.332660071531 -73.3331650178826
