0 4 -0
0.000184615384615385 4 -173.994925324791
0.000369230769230769 4 -347.983997752483
0.000553846153846154 4 -521.961364582859
0.000738461538461538 4 -695.921173509457
0.000923076923076923 4 -869.857572816435
0.00110769230769231 4 -1043.76471157541
0.00129230769230769 4 -1217.63673984228
0.00147692307692308 4 -1391.46780885399
0.00166153846153846 4 -1565.25207122529
0.00184615384615385 4 -1738.98368114544
0.00203076923076923 4 -1912.65679457483
0.00221538461538462 4 -2086.26556944155
0.0024 4 -2259.80416583798
0.00258461538461538 4 -2433.26674621715
0.00276923076923077 4 -2606.64747558914
0.00295384615384615 4 -2779.94052171739
0.00313846153846154 4 -2953.14005531483
0.00332307692307692 4 -3126.24025024
0.00350769230769231 4 -3299.23528369303
0.00369230769230769 4 -3472.1193364115
0.00387692307692308 4 -3644.88659286622
0.00406153846153846 4 -3817.53124145678
0.00424615384615385 4 -3990.04747470715
0.00443076923076923 4 -4162.42948946093
0.00461538461538461 4 -4334.67148707664
0.0048 4 -4506.76767362271
0.00498461538461538 4 -4678.71226007243
0.00516923076923077 4 -4850.49946249867
0.00535384615384615 4 -5022.1235022684
0.00553846153846154 4 -5193.57860623715
0.00572307692307692 4 -5364.85900694313
0.00590769230769231 4 -5535.9589428013
0.00609230769230769 4 -5706.87265829714
0.00627692307692308 4 -5877.59440418027
0.00646153846153846 4 -6048.11843765787
0.00664615384615385 4 -6218.4390225878
0.00683076923076923 4 -6388.5504296716
0.00701538461538462 4 -6558.44693664721
0.0072 4 -6728.12282848144
0.00738461538461538 4 -6897.57239756221
0.00756923076923077 4 -7066.7899438906
0.00775384615384615 4 -7235.7697752725
0.00793846153846154 4 -7404.50620751014
0.00812307692307692 4 -7572.99356459332
0.00830769230769231 4 -7741.22617889027
0.00849230769230769 4 -7909.19839133837
0.00867692307692307 4 -8076.90455163446
0.00886153846153846 4 -8244.33901842494
0.00904615384615384 4 -8411.49615949552
0.00923076923076922 4 -8578.37035196067
0.00941538461538461 4 -8744.9559824528
0.00959999999999999 4 -8911.24744731104
0.00978461538461538 4 -9077.23915276977
0.00996923076923076 4 -9242.92551514675
0.0101538461538461 4 -9408.30096103101
0.0103384615384615 4 -9573.35992747025
0.0105230769230769 4 -9738.09686215803
0.0107076923076923 4 -9902.5062236205
0.0108923076923077 4 -10066.5824814028
0.0110769230769231 4 -10230.3201162553
0.0112615384615384 4 -10393.7136203187
0.0114461538461538 4 -10556.7574973101
0.0116307692307692 4 -10719.4462627071
0.0118153846153846 4 -10881.774443933
0.012 4 -11043.7365805403
0.0121846153846154 4 -11205.3272243948
0.0123692307692307 4 -11366.5409398584
0.0125538461538461 4 -11527.3723039726
0.0127384615384615 4 -11687.8159066404
0.0129230769230769 4 -11847.8663508083
0.0131076923076923 4 -12007.5182526483
0.0132923076923077 4 -12166.7662417384
0.0134769230769231 4 -12325.6049612438
0.0136615384615384 4 -12484.0290680966
0.0138461538461538 4 -12642.0332331759
0.0140307692307692 4 -12799.6121414869
0.0142153846153846 4 -12956.7604923398
0.0144 4 -13113.472999528
0.0145846153846154 4 -13269.7443915058
0.0147692307692307 4 -13425.5694115662
0.0149538461538461 4 -13580.942818017
0.0151384615384615 4 -13735.8593843578
0.0153230769230769 4 -13890.3138994555
0.0155076923076923 4 -14044.3011677196
0.0156923076923077 4 -14197.8160092769
0.015876923076923 4 -14350.853260146
0.0160615384615384 4 -14503.4077724107
0.0162461538461538 4 -14655.4744143935
0.0164307692307692 4 -14807.0480708278
0.0166153846153846 4 -14958.1236430304
0.0168 4 -15108.6960490728
0.0169846153846153 4 -15258.760223952
0.0171692307692307 4 -15408.3111197613
0.0173538461538461 4 -15557.3437058596
0.0175384615384615 4 -15705.852969041
0.0177230769230769 4 -15853.8339137033
0.0179076923076923 4 -16001.281562016
0.0180923076923076 4 -16148.1909540878
0.018276923076923 4 -16294.5571481335
0.0184615384615384 4 -16440.3752206401
0.0186461538461538 4 -16585.6402665325
0.0188307692307692 4 -16730.3473993385
0.0190153846153846 4 -16874.4917513532
0.0191999999999999 4 -17018.0684738027
0.0193846153846153 4 -17161.072737007
0.0195692307692307 4 -17303.499730543
0.0197538461538461 4 -17445.3446634057
0.0199384615384615 4 -17586.6027641698
0.0201230769230769 4 -17727.26928115
0.0203076923076923 4 -17867.3394825609
0.0204923076923076 4 -18006.8086566762
0.020676923076923 4 -18145.672111987
0.0208615384615384 4 -18283.9251773599
0.0210461538461538 4 -18421.5632021939
0.0212307692307692 4 -18558.581556577
0.0214153846153846 4 -18694.9756314419
0.0215999999999999 4 -18830.740838721
0.0217846153846153 4 -18965.8726115006
0.0219692307692307 4 -19100.3664041748
0.0221538461538461 4 -19234.2176925984
0.0223384615384615 4 -19367.4219742387
0.0225230769230769 4 -19499.9747683274
0.0227076923076922 4 -19631.8716160111
0.0228923076923076 4 -19763.1080805013
0.023076923076923 4 -19893.6797472238
0.0232615384615384 4 -20023.582223967
0.0234461538461538 4 -20152.8111410296
0.0236307692307692 4 -20281.362151368
0.0238153846153845 4 -20409.230930742
0.0239999999999999 4 -20536.4131778606
0.0241846153846153 4 -20662.9046145266
0.0243692307692307 4 -20788.7009857805
0.0245538461538461 4 -20913.7980600436
0.0247384615384615 4 -21038.1916292603
0.0249230769230768 4 -21161.87750904
0.0251076923076922 4 -21284.8515387974
0.0252923076923076 4 -21407.1095818925
0.025476923076923 4 -21528.6475257701
0.0256615384615384 4 -21649.4612820979
0.0258461538461538 4 -21769.546786904
0.0260307692307691 4 -21888.9000007137
0.0262153846153845 4 -22007.5169086853
0.0263999999999999 4 -22125.3935207452
0.0265846153846153 4 -22242.5258717221
0.0267692307692307 4 -22358.9100214804
0.0269538461538461 4 -22474.5420550529
0.0271384615384615 4 -22589.4180827719
0.0273230769230768 4 -22703.534240401
0.0275076923076922 4 -22816.8866892642
0.0276923076923076 4 -22929.4716163754
0.027876923076923 4 -23041.2852345668
0.0280615384615384 4 -23152.323782616
0.0282461538461538 4 -23262.5835253727
0.0284307692307691 4 -23372.0607538844
0.0286153846153845 4 -23480.751785521
0.0287999999999999 4 -23588.6529640985
0.0289846153846153 4 -23695.7606600027
0.0291692307692307 4 -23802.0712703104
0.0293538461538461 4 -23907.5812189113
0.0295384615384614 4 -24012.2869566278
0.0297230769230768 4 -24116.1849613349
0.0299076923076922 4 -24219.271738078
0.0300923076923076 4 -24321.5438191912
0.030276923076923 4 -24422.9977644134
0.0304615384615384 4 -24523.6301610041
0.0306461538461537 4 -24623.4376238587
0.0308307692307691 4 -24722.4167956216
0.0310153846153845 4 -24820.5643467998
0.0311999999999999 4 -24917.8769758743
0.0313846153846153 4 -25014.3514094119
0.0315692307692307 4 -25109.9844021745
0.0317538461538461 4 -25204.7727372289
0.0319384615384614 4 -25298.7132260547
0.0321230769230768 4 -25391.8027086515
0.0323076923076922 4 -25484.0380536456
0.0324923076923076 4 -25575.4161583947
0.032676923076923 4 -25665.933949093
0.0328615384615384 4 -25755.5883808739
0.0330461538461538 4 -25844.3764379128
0.0332307692307692 4 -25932.2951335288
0.0334153846153845 4 -26019.3415102844
0.0335999999999999 4 -26105.5126400857
0.0337846153846153 4 -26190.8056242807
0.0339692307692307 4 -26275.2175937566
0.0341538461538461 4 -26358.7457090365
0.0343384615384615 4 -26441.3871603748
0.0345230769230769 4 -26523.139167852
0.0347076923076923 4 -26603.9989814677
0.0348923076923076 4 -26683.9638812336
0.035076923076923 4 -26763.0311772649
0.0352615384615384 4 -26841.1982098703
0.0354461538461538 4 -26918.4623496423
0.0356307692307692 4 -26994.8209975448
0.0358153846153846 4 -27070.2715850013
0.036 4 -27144.8115739806
0.0361846153846153 4 -27218.4384570827
0.0363692307692307 4 -27291.1497576229
0.0365538461538461 4 -27362.9430297151
0.0367384615384615 4 -27433.8158583543
0.0369230769230769 4 -27503.7658594975
0.0371076923076923 4 -27572.7906801441
0.0372923076923077 4 -27640.887998415
0.0374769230769231 4 -27708.0555236309
0.0376615384615384 4 -27774.290996389
0.0378461538461538 4 -27839.5921886392
0.0380307692307692 4 -27903.956903759
0.0382153846153846 4 -27967.3829766276
0.0384 4 -28029.8682736984
0.0385846153846154 4 -28091.4106930708
0.0387692307692308 4 -28152.0081645613
0.0389538461538462 4 -28211.6586497726
0.0391384615384615 4 -28270.3601421627
0.0393230769230769 4 -28328.1106671118
0.0395076923076923 4 -28384.9082819894
0.0396923076923077 4 -28440.751076219
0.0398769230769231 4 -28495.6371713428
0.0400615384615385 4 -28549.5647210847
0.0402461538461539 4 -28602.5319114126
0.0404307692307693 4 -28654.5369605991
0.0406153846153846 4 -28705.5781192816
0.0408 4 -28755.6536705213
0.0409846153846154 4 -28804.7619298607
0.0411692307692308 4 -28852.9012453806
0.0413538461538462 4 -28900.0699977551
0.0415384615384616 4 -28946.2666003066
0.041723076923077 4 -28991.4894990589
0.0419076923076924 4 -29035.7371727898
0.0420923076923077 4 -29079.0081330818
0.0422769230769231 4 -29121.3009243724
0.0424615384615385 4 -29162.6141240032
0.0426461538461539 4 -29202.9463422674
0.0428307692307693 4 -29242.2962224571
0.0430153846153847 4 -29280.6624409083
0.0432000000000001 4 -29318.0437070458
0.0433846153846155 4 -29354.4387634267
0.0435692307692308 4 -29389.8463857823
0.0437538461538462 4 -29424.2653830598
0.0439384615384616 4 -29457.6945974618
0.044123076923077 4 -29490.1329044857
0.0443076923076924 4 -29521.5792129613
0.0444923076923078 4 -29552.0324650876
0.0446769230769232 4 -29581.4916364684
0.0448615384615385 4 -29609.9557361465
0.0450461538461539 4 -29637.4238066376
0.0452307692307693 4 -29663.8949239618
0.0454153846153847 4 -29689.3681976751
0.0456000000000001 4 -29713.8427708995
0.0457846153846155 4 -29737.3178203515
0.0459692307692309 4 -29759.7925563696
0.0461538461538463 4 -29781.2662229416
0.0463384615384616 4 -29801.7380977295
0.046523076923077 4 -29821.2074920936
0.0467076923076924 4 -29839.6737511163
0.0468923076923078 4 -29857.1362536236
0.0470769230769232 4 -29873.5944122063
0.0472615384615386 4 -29889.0476732395
0.047446153846154 4 -29903.4955169015
0.0476307692307694 4 -29916.9374571912
0.0478153846153847 4 -29929.3730419441
0.0480000000000001 4 -29940.8018528482
0.0481846153846155 4 -29951.2235054573
0.0483692307692309 4 -29960.6376492047
0.0485538461538463 4 -29969.0439674143
0.0487384615384617 4 -29976.4421773117
0.0489230769230771 4 -29982.8320300336
0.0491076923076925 4 -29988.2133106359
0.0492923076923078 4 -29992.5858381016
0.0494769230769232 4 -29995.9494653461
0.0496615384615386 4 -29998.3040792226
0.049846153846154 4 -29999.6496005259
0.0500307692307694 4 -29999.9859839948
0.0502153846153848 4 -29999.3132183141
0.0504000000000002 4 -29997.6313261145
0.0505846153846156 4 -29994.9403639719
0.0507692307692309 4 -29991.2404224058
0.0509538461538463 4 -29986.531625876
0.0511384615384617 4 -29980.8141327786
0.0513230769230771 4 -29974.0881354404
0.0515076923076925 4 -29966.3538601126
0.0516923076923079 4 -29957.6115669633
0.0518769230769233 4 -29947.8615500686
0.0520615384615387 4 -29937.1041374027
0.052246153846154 4 -29925.3396908267
0.0524307692307694 4 -29912.5686060771
0.0526153846153848 4 -29898.7913127516
0.0528000000000002 4 -29884.0082742952
0.0529846153846156 4 -29868.2199879845
0.053169230769231 4 -29851.4269849109
0.0533538461538464 4 -29833.629829963
0.0535384615384617 4 -29814.829121807
0.0537230769230771 4 -29795.0254928673
0.0539076923076925 4 -29774.2196093046
0.0540923076923079 4 -29752.412170994
0.0542769230769233 4 -29729.603911501
0.0544615384615387 4 -29705.7955980572
0.0546461538461541 4 -29680.9880315343
0.0548307692307695 4 -29655.1820464171
0.0550153846153848 4 -29628.3785107757
0.0552000000000002 4 -29600.578326236
0.0553846153846156 4 -29571.7824279495
0.055569230769231 4 -29541.9917845618
0.0557538461538464 4 -29511.2073981803
0.0559384615384618 4 -29479.4303043399
0.0561230769230772 4 -29446.6615719687
0.0563076923076926 4 -29412.9023033518
0.0564923076923079 4 -29378.1536340944
0.0566769230769233 4 -29342.4167330834
0.0568615384615387 4 -29305.692802448
0.0570461538461541 4 -29267.9830775196
0.0572307692307695 4 -29229.2888267901
0.0574153846153849 4 -29189.6113518691
0.0576000000000003 4 -29148.9519874402
0.0577846153846157 4 -29107.312101216
0.057969230769231 4 -29064.6930938926
0.0581538461538464 4 -29021.0963991017
0.0583384615384618 4 -28976.5234833629
0.0585230769230772 4 -28930.9758460342
0.0587076923076926 4 -28884.4550192617
0.058892307692308 4 -28836.9625679279
0.0590769230769234 4 -28788.5000895991
0.0592615384615388 4 -28739.0692144716
0.0594461538461541 4 -28688.6716053172
0.0596307692307695 4 -28637.3089574267
0.0598153846153849 4 -28584.9829985533
0.0600000000000003 4 -28531.6954888545
0.0601846153846157 4 -28477.4482208326
0.0603692307692311 4 -28422.2430192746
0.0605538461538465 4 -28366.0817411907
0.0607384615384619 4 -28308.9662757521
0.0609230769230772 4 -28250.898544227
0.0611076923076926 4 -28191.8804999166
0.061292307692308 4 -28131.9141280886
0.0614769230769234 4 -28071.0014459111
0.0616615384615388 4 -28009.1445023844
0.0618461538461542 4 -27946.3453782723
0.0620307692307696 4 -27882.6061860319
0.0622153846153849 4 -27817.9290697425
0.0624000000000003 4 -27752.3162050336
0.0625846153846157 4 -27685.769799012
0.0627692307692311 4 -27618.2920901869
0.0629538461538465 4 -27549.8853483951
0.0631384615384619 4 -27480.5518747246
0.0633230769230772 4 -27410.294001437
0.0635076923076926 4 -27339.1140918892
0.063692307692308 4 -27267.0145404537
0.0638769230769234 4 -27193.9977724385
0.0640615384615388 4 -27120.0662440049
0.0642461538461541 4 -27045.2224420855
0.0644307692307695 4 -26969.4688843
0.0646153846153849 4 -26892.808118871
0.0648000000000003 4 -26815.2427245378
0.0649846153846157 4 -26736.77531047
0.065169230769231 4 -26657.4085161798
0.0653538461538464 4 -26577.1450114327
0.0655384615384618 4 -26495.9874961583
0.0657230769230772 4 -26413.9387003591
0.0659076923076926 4 -26331.0013840188
0.0660923076923079 4 -26247.1783370094
0.0662769230769233 4 -26162.4723789976
0.0664615384615387 4 -26076.8863593495
0.0666461538461541 4 -25990.423157035
0.0668307692307695 4 -25903.0856805311
0.0670153846153849 4 -25814.8768677238
0.0672000000000002 4 -25725.7996858095
0.0673846153846156 4 -25635.8571311949
0.067569230769231 4 -25545.0522293966
0.0677538461538464 4 -25453.3880349391
0.0679384615384618 4 -25360.8676312517
0.0681230769230771 4 -25267.4941305656
0.0683076923076925 4 -25173.2706738086
0.0684923076923079 4 -25078.2004304994
0.0686769230769233 4 -24982.2865986414
0.0688615384615387 4 -24885.5324046149
0.069046153846154 4 -24787.9411030685
0.0692307692307694 4 -24689.5159768096
0.0694153846153848 4 -24590.2603366942
0.0696000000000002 4 -24490.1775215154
0.0697846153846156 4 -24389.270897891
0.0699692307692309 4 -24287.5438601504
0.0701538461538463 4 -24184.9998302203
0.0703384615384617 4 -24081.6422575096
0.0705230769230771 4 -23977.4746187936
0.0707076923076925 4 -23872.5004180967
0.0708923076923078 4 -23766.7231865746
0.0710769230769232 4 -23660.1464823959
0.0712615384615386 4 -23552.7738906219
0.071446153846154 4 -23444.6090230863
0.0716307692307694 4 -23335.6555182736
0.0718153846153847 4 -23225.9170411966
0.0720000000000001 4 -23115.3972832736
0.0721846153846155 4 -23004.0999622035
0.0723692307692309 4 -22892.0288218414
0.0725538461538463 4 -22779.1876320722
0.0727384615384616 4 -22665.580188684
0.072923076923077 4 -22551.2103132404
0.0731076923076924 4 -22436.0818529521
0.0732923076923078 4 -22320.198680547
0.0734769230769232 4 -22203.5646941405
0.0736615384615385 4 -22086.183817104
0.0738461538461539 4 -21968.0599979332
0.0740307692307693 4 -21849.1972101148
0.0742153846153847 4 -21729.5994519936
0.0744000000000001 4 -21609.2707466372
0.0745846153846154 4 -21488.2151417012
0.0747692307692308 4 -21366.4367092929
0.0749538461538462 4 -21243.9395458342
0.0751384615384616 4 -21120.7277719241
0.075323076923077 4 -20996.8055321997
0.0755076923076923 4 -20872.176995197
0.0756923076923077 4 -20746.8463532107
0.0758769230769231 4 -20620.8178221531
0.0760615384615385 4 -20494.0956414125
0.0762461538461539 4 -20366.6840737101
0.0764307692307692 4 -20238.5874049572
0.0766153846153846 4 -20109.8099441105
0.0768 4 -19980.3560230275
0.0769846153846154 4 -19850.2299963209
0.0771692307692308 4 -19719.4362412116
0.0773538461538461 4 -19587.9791573819
0.0775384615384615 4 -19455.8631668273
0.0777230769230769 4 -19323.092713708
0.0779076923076923 4 -19189.6722641989
0.0780923076923077 4 -19055.60630634
0.078276923076923 4 -18920.8993498849
0.0784615384615384 4 -18785.5559261494
0.0786461538461538 4 -18649.5805878591
0.0788307692307692 4 -18512.977908996
0.0790153846153846 4 -18375.7524846447
0.0792 4 -18237.9089308382
0.0793846153846153 4 -18099.4518844021
0.0795692307692307 4 -17960.3860027989
0.0797538461538461 4 -17820.7159639713
0.0799384615384615 4 -17680.446466185
0.0801230769230769 4 -17539.5822278702
0.0803076923076922 4 -17398.1279874634
0.0804923076923076 4 -17256.0885032477
0.080676923076923 4 -17113.4685531928
0.0808615384615384 4 -16970.2729347944
0.0810461538461538 4 -16826.5064649125
0.0812307692307691 4 -16682.1739796098
0.0814153846153845 4 -16537.2803339887
0.0815999999999999 4 -16391.8304020282
0.0817846153846153 4 -16245.8290764196
0.0819692307692307 4 -16099.2812684025
0.082153846153846 4 -15952.1919075989
0.0823384615384614 4 -15804.565941848
0.0825230769230768 4 -15656.4083370393
0.0827076923076922 4 -15507.7240769459
0.0828923076923076 4 -15358.5181630566
0.0830769230769229 4 -15208.7956144078
0.0832615384615383 4 -15058.5614674146
0.0834461538461537 4 -14907.8207757014
0.0836307692307691 4 -14756.5786099319
0.0838153846153845 4 -14604.8400576386
0.0839999999999998 4 -14452.6102230516
0.0841846153846152 4 -14299.8942269269
0.0843692307692306 4 -14146.6972063741
0.084553846153846 4 -13993.0243146838
0.0847384615384614 4 -13838.880721154
0.0849230769230767 4 -13684.2716109163
0.0851076923076921 4 -13529.2021847615
0.0852923076923075 4 -13373.6776589647
0.0854769230769229 4 -13217.7032651099
0.0856615384615383 4 -13061.2842499136
0.0858461538461536 4 -12904.4258750489
0.086030769230769 4 -12747.1334169681
0.0862153846153844 4 -12589.4121667254
0.0863999999999998 4 -12431.2674297987
0.0865846153846152 4 -12272.7045259114
0.0867692307692305 4 -12113.7287888534
0.0869538461538459 4 -11954.3455663015
0.0871384615384613 4 -11794.5602196395
0.0873230769230767 4 -11634.3781237783
0.0875076923076921 4 -11473.8046669746
0.0876923076923074 4 -11312.8452506498
0.0878769230769228 4 -11151.5052892084
0.0880615384615382 4 -10989.7902098557
0.0882461538461536 4 -10827.7054524155
0.088430769230769 4 -10665.2564691467
0.0886153846153843 4 -10502.4487245604
0.0887999999999997 4 -10339.2876952357
0.0889846153846151 4 -10175.7788696357
0.0891692307692305 4 -10011.9277479227
0.0893538461538459 4 -9847.73984177318
0.0895384615384612 4 -9683.22067419264
0.0897230769230766 4 -9518.37577932963
0.089907692307692 4 -9353.21070228954
0.0900923076923074 4 -9187.73099894823
0.0902769230769228 4 -9021.94223576504
0.0904615384615381 4 -8855.84998959553
0.0906461538461535 4 -8689.45984750395
0.0908307692307689 4 -8522.77740657527
0.0910153846153843 4 -8355.8082737269
0.0911999999999997 4 -8188.55806552006
0.0913846153846151 4 -8021.0324079709
0.0915692307692304 4 -7853.23693636121
0.0917538461538458 4 -7685.1772950489
0.0919384615384612 4 -7516.85913727804
0.0921230769230766 4 -7348.28812498884
0.092307692307692 4 -7179.46992862705
0.0924923076923073 4 -7010.41022695333
0.0926769230769227 4 -6841.1147068521
0.0928615384615381 4 -6671.58906314039
0.0930461538461535 4 -6501.83899837616
0.0932307692307689 4 -6331.87022266654
0.0934153846153842 4 -6161.68845347569
0.0935999999999996 4 -5991.29941543256
0.093784615384615 4 -5820.70884013826
0.0939692307692304 4 -5649.92246597328
0.0941538461538458 4 -5478.94603790441
0.0943384615384611 4 -5307.78530729159
0.0945230769230765 4 -5136.44603169439
0.0947076923076919 4 -4964.93397467827
0.0948923076923073 4 -4793.25490562084
0.0950769230769227 4 -4621.41459951767
0.095261538461538 4 -4449.4188367881
0.0954461538461534 4 -4277.27340308074
0.0956307692307688 4 -4104.9840890789
0.0958153846153842 4 -3932.55669030579
0.0959999999999996 4 -3759.99700692955
0.0961846153846149 4 -3587.31084356812
0.0963692307692303 4 -3414.50400909407
0.0965538461538457 4 -3241.58231643912
0.0967384615384611 4 -3068.55158239863
0.0969230769230765 4 -2895.41762743589
0.0971076923076918 4 -2722.18627548643
0.0972923076923072 4 -2548.86335376201
0.0974769230769226 4 -2375.45469255468
0.097661538461538 4 -2201.96612504057
0.0978461538461534 4 -2028.40348708376
0.0980307692307687 4 -1854.77261703995
0.0982153846153841 4 -1681.07935556
0.0983999999999995 4 -1507.32954539356
0.0985846153846149 4 -1333.52903119245
0.0987692307692303 4 -1159.68365931415
0.0989538461538456 4 -985.799277624977
0.099138461538461 4 -811.881735303556
0.0993230769230764 4 -637.936882643948
0.0995076923076918 4 -463.970570858905
0.0996923076923072 4 -289.988651882989
0.0998769230769225 4 -115.9969781758
0.100061538461538 4 57.9985974749419
0.100246153846153 4 231.992222150248
0.100430769230769 4 405.978042996798
0.100615384615384 4 579.950207423738
0.100799999999999 4 753.902863299608
0.100984615384615 4 927.830159149168
0.10116923076923 4 1101.72624435029
0.101353846153846 4 1275.58526933067
0.101538461538461 4 1449.40138576468
0.101723076923076 4 1623.16874677003
0.101907692307692 4 1796.88150710453
0.102092307692307 4 1970.53382336263
0.102276923076922 4 2144.119854172
0.102461538461538 4 2317.6337603901
0.102646153846153 4 2491.06970530049
0.102830769230769 4 2664.42185480924
0.103015384615384 4 2837.68437764113
0.103199999999999 4 3010.85144553587
0.103384615384615 4 3183.9172334441
0.10356923076923 4 3356.87591972333
0.103753846153846 4 3529.72168633379
0.103938461538461 4 3702.44871903418
0.104123076923076 4 3875.05120757716
0.104307692307692 4 4047.52334590488
0.104492307692307 4 4219.85933234421
0.104676923076922 4 4392.05336980201
0.104861538461538 4 4564.09966596
0.105046153846153 4 4735.99243346969
0.105230769230769 4 4907.72589014704
0.105415384615384 4 5079.29425916698
0.105599999999999 4 5250.69176925767
0.105784615384615 4 5421.91265489469
0.10596923076923 4 5592.951156495
0.106153846153845 4 5763.80152061062
0.106338461538461 4 5934.45800012222
0.106523076923076 4 6104.91485443238
0.106707692307692 4 6275.1663496588
0.106892307692307 4 6445.20675882708
0.107076923076922 4 6615.03036206339
0.107261538461538 4 6784.6314467869
0.107446153846153 4 6954.00430790195
0.107630769230769 4 7123.1432479899
0.107815384615384 4 7292.04257750086
0.107999999999999 4 7460.69661494498
0.108184615384615 4 7629.0996870837
0.10836923076923 4 7797.24612912045
0.108553846153845 4 7965.1302848913
0.108738461538461 4 8132.74650705515
0.108923076923076 4 8300.0891572838
0.109107692307692 4 8467.1526064515
0.109292307692307 4 8633.93123482436
0.109476923076922 4 8800.41943224939
0.109661538461538 4 8966.61159834323
0.109846153846153 4 9132.50214268048
0.110030769230768 4 9298.08548498181
0.110215384615384 4 9463.35605530167
0.110399999999999 4 9628.30829421559
0.110584615384615 4 9792.93665300726
0.11076923076923 4 9957.23559385515
0.110953846153845 4 10121.1995900188
0.111138461538461 4 10284.8231260247
0.111323076923076 4 10448.1006978519
0.111507692307692 4 10611.0268131171
0.111692307692307 4 10773.5959912594
0.111876923076922 4 10935.8027637245
0.112061538461538 4 11097.6416741491
0.112246153846153 4 11259.107278544
0.112430769230768 4 11420.1941454774
0.112615384615384 4 11580.8968562576
0.112799999999999 4 11741.2100051154
0.112984615384615 4 11901.1281993855
0.11316923076923 4 12060.6460596884
0.113353846153845 4 12219.7582201114
0.113538461538461 4 12378.4593283883
0.113723076923076 4 12536.7440460806
0.113907692307691 4 12694.607048756
0.114092307692307 4 12852.0430261683
0.114276923076922 4 13009.0466824356
0.114461538461538 4 13165.6127362185
0.114646153846153 4 13321.7359208979
0.114830769230768 4 13477.4109847521
0.115015384615384 4 13632.6326911332
0.115199999999999 4 13787.3958186439
0.115384615384614 4 13941.6951613123
0.11556923076923 4 14095.5255287677
0.115753846153845 4 14248.8817464149
0.115938461538461 4 14401.7586556082
0.116123076923076 4 14554.1511138251
0.116307692307691 4 14706.0539948393
0.116492307692307 4 14857.4621888929
0.116676923076922 4 15008.3706028685
0.116861538461538 4 15158.7741604605
0.117046153846153 4 15308.6678023458
0.117230769230768 4 15458.046486354
0.117415384615384 4 15606.905187637
0.117599999999999 4 15755.2388988381
0.117784615384614 4 15903.0426302603
0.11796923076923 4 16050.3114100344
0.118153846153845 4 16197.0402842859
0.118338461538461 4 16343.2243173017
0.118523076923076 4 16488.8585916967
0.118707692307691 4 16633.9382085782
0.118892307692307 4 16778.4582877118
0.119076923076922 4 16922.4139676845
0.119261538461537 4 17065.800406069
0.119446153846153 4 17208.6127795865
0.119630769230768 4 17350.8462842683
0.119815384615384 4 17492.4961356183
0.119999999999999 4 17633.5575687734
0.120184615384614 4 17774.0258386638
0.12036923076923 4 17913.8962201729
0.120553846153845 4 18053.1640082958
0.120738461538461 4 18191.8245182981
0.120923076923076 4 18329.873085873
0.121107692307691 4 18467.3050672985
0.121292307692307 4 18604.1158395937
0.121476923076922 4 18740.3008006738
0.121661538461537 4 18875.8553695054
0.121846153846153 4 19010.7749862606
0.122030769230768 4 19145.0551124699
0.122215384615384 4 19278.6912311754
0.122399999999999 4 19411.6788470826
0.122584615384614 4 19544.0134867112
0.12276923076923 4 19675.6906985463
0.122953846153845 4 19806.7060531876
0.12313846153846 4 19937.0551434986
0.123323076923076 4 20066.7335847548
0.123507692307691 4 20195.7370147911
0.123692307692307 4 20324.0610941488
0.123876923076922 4 20451.7015062214
0.124061538461537 4 20578.6539573998
0.124246153846153 4 20704.9141772167
0.124430769230768 4 20830.4779184904
0.124615384615384 4 20955.3409574674
0.124799999999999 4 21079.4990939647
0.124984615384614 4 21202.9481515113
0.12516923076923 4 21325.683977488
0.125353846153845 4 21447.7024432679
0.12553846153846 4 21568.9994443545
0.125723076923076 4 21689.5709005206
0.125907692307691 4 21809.4127559448
0.126092307692307 4 21928.5209793483
0.126276923076922 4 22046.8915641305
0.126461538461537 4 22164.5205285037
0.126646153846153 4 22281.4039156272
0.126830769230768 4 22397.5377937399
0.127015384615384 4 22512.9182562934
0.127199999999999 4 22627.5414220825
0.127384615384614 4 22741.4034353765
0.12756923076923 4 22854.5004660485
0.127753846153845 4 22966.8287097042
0.127938461538461 4 23078.3843878102
0.128123076923076 4 23189.1637478208
0.128307692307691 4 23299.1630633044
0.128492307692307 4 23408.3786340687
0.128676923076922 4 23516.8067862854
0.128861538461538 4 23624.4438726134
0.129046153846153 4 23731.2862723219
0.129230769230768 4 23837.3303914121
0.129415384615384 4 23942.5726627378
0.129599999999999 4 24047.0095461258
0.129784615384614 4 24150.6375284947
0.12996923076923 4 24253.4531239731
0.130153846153845 4 24355.4528740172
0.130338461538461 4 24456.6333475266
0.130523076923076 4 24556.99114096
0.130707692307691 4 24656.5228784499
0.130892307692307 4 24755.2252119158
0.131076923076922 4 24853.0948211769
0.131261538461538 4 24950.1284140638
0.131446153846153 4 25046.3227265295
0.131630769230768 4 25141.6745227589
0.131815384615384 4 25236.1805952776
0.131999999999999 4 25329.8377650601
0.132184615384615 4 25422.6428816364
0.13236923076923 4 25514.5928231983
0.132553846153845 4 25605.6844967042
0.132738461538461 4 25695.914837983
0.132923076923076 4 25785.2808118378
0.133107692307692 4 25873.7794121471
0.133292307692307 4 25961.4076619668
0.133476923076922 4 26048.1626136295
0.133661538461538 4 26134.0413488445
0.133846153846153 4 26219.0409787952
0.134030769230769 4 26303.158644237
0.134215384615384 4 26386.3915155927
0.134399999999999 4 26468.7367930483
0.134584615384615 4 26550.1917066471
0.13476923076923 4 26630.7535163824
0.134953846153846 4 26710.4195122903
0.135138461538461 4 26789.1870145406
0.135323076923076 4 26867.0533735266
0.135507692307692 4 26944.0159699548
0.135692307692307 4 27020.0722149327
0.135876923076923 4 27095.219550056
0.136061538461538 4 27169.4554474945
0.136246153846153 4 27242.7774100773
0.136430769230769 4 27315.1829713767
0.136615384615384 4 27386.6696957911
0.136799999999999 4 27457.2351786273
0.136984615384615 4 27526.8770461809
0.13716923076923 4 27595.5929558164
0.137353846153846 4 27663.380596046
0.137538461538461 4 27730.2376866073
0.137723076923076 4 27796.1619785401
0.137907692307692 4 27861.1512542619
0.138092307692307 4 27925.2033276426
0.138276923076923 4 27988.316044078
0.138461538461538 4 28050.4872805623
0.138646153846153 4 28111.7149457595
0.138830769230769 4 28171.9969800739
0.139015384615384 4 28231.3313557189
0.1392 4 28289.7160767858
0.139384615384615 4 28347.1491793107
0.13956923076923 4 28403.6287313404
0.139753846153846 4 28459.1528329977
0.139938461538461 4 28513.719616545
0.140123076923077 4 28567.3272464473
0.140307692307692 4 28619.973919434
0.140492307692307 4 28671.6578645595
0.140676923076923 4 28722.3773432625
0.140861538461538 4 28772.1306494251
0.141046153846154 4 28820.9161094296
0.141230769230769 4 28868.7320822149
0.141415384615384 4 28915.5769593321
0.1416 4 28961.4491649982
0.141784615384615 4 29006.3471561491
0.141969230769231 4 29050.269422492
0.142153846153846 4 29093.2144865554
0.142338461538461 4 29135.1809037396
0.142523076923077 4 29176.1672623648
0.142707692307692 4 29216.1721837187
0.142892307692307 4 29255.1943221028
0.143076923076923 4 29293.2323648781
0.143261538461538 4 29330.2850325086
0.143446153846154 4 29366.3510786048
0.143630769230769 4 29401.4292899655
0.143815384615384 4 29435.5184866186
0.144 4 29468.6175218606
0.144184615384615 4 29500.7252822958
0.144369230769231 4 29531.8406878728
0.144553846153846 4 29561.9626919218
0.144738461538461 4 29591.0902811891
0.144923076923077 4 29619.2224758715
0.145107692307692 4 29646.3583296493
0.145292307692308 4 29672.4969297178
0.145476923076923 4 29697.6373968184
0.145661538461538 4 29721.7788852681
0.145846153846154 4 29744.9205829878
0.146030769230769 4 29767.0617115295
0.146215384615385 4 29788.201526103
0.1464 4 29808.3393156002
0.146584615384615 4 29827.4744026199
0.146769230769231 4 29845.6061434899
0.146953846153846 4 29862.7339282887
0.147138461538462 4 29878.8571808665
0.147323076923077 4 29893.9753588642
0.147507692307692 4 29908.0879537316
0.147692307692308 4 29921.1944907447
0.147876923076923 4 29933.2945290217
0.148061538461539 4 29944.3876615376
0.148246153846154 4 29954.473515138
0.148430769230769 4 29963.5517505517
0.148615384615385 4 29971.6220624022
0.1488 4 29978.6841792177
0.148984615384615 4 29984.7378634404
0.149169230769231 4 29989.7829114347
0.149353846153846 4 29993.8191534935
0.149538461538462 4 29996.8464538445
0.149723076923077 4 29998.8647106543
0.149907692307692 4 29999.8738560322
0.150092307692308 4 29999.8738560322
0.150276923076923 4 29998.8647106543
0.150461538461539 4 29996.8464538445
0.150646153846154 4 29993.8191534935
0.150830769230769 4 29989.7829114347
0.151015384615385 4 29984.7378634404
0.1512 4 29978.6841792177
0.151384615384616 4 29971.6220624022
0.151569230769231 4 29963.5517505517
0.151753846153846 4 29954.4735151379
0.151938461538462 4 29944.3876615376
0.152123076923077 4 29933.2945290217
0.152307692307693 4 29921.1944907447
0.152492307692308 4 29908.0879537316
0.152676923076923 4 29893.9753588642
0.152861538461539 4 29878.8571808665
0.153046153846154 4 29862.7339282887
0.15323076923077 4 29845.6061434898
0.153415384615385 4 29827.4744026199
0.1536 4 29808.3393156002
0.153784615384616 4 29788.2015261029
0.153969230769231 4 29767.0617115295
0.154153846153847 4 29744.9205829878
0.154338461538462 4 29721.7788852681
0.154523076923077 4 29697.6373968184
0.154707692307693 4 29672.4969297177
0.154892307692308 4 29646.3583296492
0.155076923076924 4 29619.2224758715
0.155261538461539 4 29591.0902811891
0.155446153846154 4 29561.9626919218
0.15563076923077 4 29531.8406878728
0.155815384615385 4 29500.7252822957
0.156 4 29468.6175218606
0.156184615384616 4 29435.5184866185
0.156369230769231 4 29401.4292899655
0.156553846153847 4 29366.3510786048
0.156738461538462 4 29330.2850325086
0.156923076923077 4 29293.2323648781
0.157107692307693 4 29255.1943221028
0.157292307692308 4 29216.1721837186
0.157476923076924 4 29176.1672623647
0.157661538461539 4 29135.1809037396
0.157846153846154 4 29093.2144865554
0.15803076923077 4 29050.2694224919
0.158215384615385 4 29006.347156149
0.158400000000001 4 28961.4491649981
0.158584615384616 4 28915.576959332
0.158769230769231 4 28868.7320822148
0.158953846153847 4 28820.9161094295
0.159138461538462 4 28772.130649425
0.159323076923078 4 28722.3773432625
0.159507692307693 4 28671.6578645594
0.159692307692308 4 28619.9739194339
0.159876923076924 4 28567.3272464472
0.160061538461539 4 28513.7196165449
0.160246153846155 4 28459.1528329976
0.16043076923077 4 28403.6287313403
0.160615384615385 4 28347.1491793106
0.160800000000001 4 28289.7160767857
0.160984615384616 4 28231.3313557188
0.161169230769232 4 28171.9969800738
0.161353846153847 4 28111.7149457594
0.161538461538462 4 28050.4872805622
0.161723076923078 4 27988.3160440779
0.161907692307693 4 27925.2033276425
0.162092307692308 4 27861.1512542618
0.162276923076924 4 27796.16197854
0.162461538461539 4 27730.2376866072
0.162646153846155 4 27663.3805960459
0.16283076923077 4 27595.5929558163
0.163015384615385 4 27526.8770461808
0.163200000000001 4 27457.2351786272
0.163384615384616 4 27386.669695791
0.163569230769232 4 27315.1829713766
0.163753846153847 4 27242.7774100772
0.163938461538462 4 27169.4554474944
0.164123076923078 4 27095.2195500559
0.164307692307693 4 27020.0722149326
0.164492307692309 4 26944.0159699546
0.164676923076924 4 26867.0533735264
0.164861538461539 4 26789.1870145404
0.165046153846155 4 26710.4195122902
0.16523076923077 4 26630.7535163823
0.165415384615386 4 26550.1917066469
0.165600000000001 4 26468.7367930482
0.165784615384616 4 26386.3915155925
0.165969230769232 4 26303.1586442368
0.166153846153847 4 26219.0409787951
0.166338461538463 4 26134.0413488443
0.166523076923078 4 26048.1626136294
0.166707692307693 4 25961.4076619666
0.166892307692309 4 25873.779412147
0.167076923076924 4 25785.2808118376
0.16726153846154 4 25695.9148379829
0.167446153846155 4 25605.684496704
0.16763076923077 4 25514.5928231981
0.167815384615386 4 25422.6428816362
0.168000000000001 4 25329.8377650599
0.168184615384616 4 25236.1805952774
0.168369230769232 4 25141.6745227587
0.168553846153847 4 25046.3227265293
0.168738461538463 4 24950.1284140636
0.168923076923078 4 24853.0948211767
0.169107692307693 4 24755.2252119156
0.169292307692309 4 24656.5228784498
0.169476923076924 4 24556.9911409598
0.16966153846154 4 24456.6333475264
0.169846153846155 4 24355.452874017
0.17003076923077 4 24253.4531239729
0.170215384615386 4 24150.6375284945
0.170400000000001 4 24047.0095461256
0.170584615384617 4 23942.5726627376
0.170769230769232 4 23837.3303914119
0.170953846153847 4 23731.2862723218
0.171138461538463 4 23624.4438726132
0.171323076923078 4 23516.8067862852
0.171507692307694 4 23408.3786340686
0.171692307692309 4 23299.1630633042
0.171876923076924 4 23189.1637478206
0.17206153846154 4 23078.38438781
0.172246153846155 4 22966.828709704
0.172430769230771 4 22854.5004660483
0.172615384615386 4 22741.4034353763
0.172800000000001 4 22627.5414220823
0.172984615384617 4 22512.9182562932
0.173169230769232 4 22397.5377937397
0.173353846153848 4 22281.403915627
0.173538461538463 4 22164.5205285035
0.173723076923078 4 22046.8915641303
0.173907692307694 4 21928.5209793481
0.174092307692309 4 21809.4127559446
0.174276923076924 4 21689.5709005204
0.17446153846154 4 21568.9994443543
0.174646153846155 4 21447.7024432677
0.174830769230771 4 21325.6839774878
0.175015384615386 4 21202.948151511
0.175200000000001 4 21079.4990939645
0.175384615384617 4 20955.3409574671
0.175569230769232 4 20830.4779184901
0.175753846153848 4 20704.9141772165
0.175938461538463 4 20578.6539573996
0.176123076923078 4 20451.7015062212
0.176307692307694 4 20324.0610941485
0.176492307692309 4 20195.7370147908
0.176676923076925 4 20066.7335847544
0.17686153846154 4 19937.0551434983
0.177046153846155 4 19806.7060531873
0.177230769230771 4 19675.690698546
0.177415384615386 4 19544.0134867108
0.177600000000002 4 19411.6788470822
0.177784615384617 4 19278.691231175
0.177969230769232 4 19145.0551124695
0.178153846153848 4 19010.7749862602
0.178338461538463 4 18875.855369505
0.178523076923079 4 18740.3008006733
0.178707692307694 4 18604.1158395932
0.178892307692309 4 18467.305067298
0.179076923076925 4 18329.8730858725
0.17926153846154 4 18191.8245182976
0.179446153846156 4 18053.1640082953
0.179630769230771 4 17913.8962201724
0.179815384615386 4 17774.0258386633
0.180000000000002 4 17633.5575687729
0.180184615384617 4 17492.4961356178
0.180369230769233 4 17350.8462842677
0.180553846153848 4 17208.6127795859
0.180738461538463 4 17065.8004060685
0.180923076923079 4 16922.4139676839
0.181107692307694 4 16778.4582877112
0.181292307692309 4 16633.9382085776
0.181476923076925 4 16488.858591696
0.18166153846154 4 16343.2243173011
0.181846153846156 4 16197.0402842852
0.182030769230771 4 16050.3114100337
0.182215384615386 4 15903.0426302597
0.182400000000002 4 15755.2388988374
0.182584615384617 4 15606.9051876363
0.182769230769233 4 15458.0464863532
0.182953846153848 4 15308.667802345
0.183138461538463 4 15158.7741604597
0.183323076923079 4 15008.3706028677
0.183507692307694 4 14857.4621888921
0.18369230769231 4 14706.0539948385
0.183876923076925 4 14554.1511138243
0.18406153846154 4 14401.7586556073
0.184246153846156 4 14248.881746414
0.184430769230771 4 14095.5255287668
0.184615384615387 4 13941.6951613114
0.184800000000002 4 13787.395818643
0.184984615384617 4 13632.6326911323
0.185169230769233 4 13477.4109847511
0.185353846153848 4 13321.735920897
0.185538461538464 4 13165.6127362175
0.185723076923079 4 13009.0466824346
0.185907692307694 4 12852.0430261674
0.18609230769231 4 12694.607048755
0.186276923076925 4 12536.7440460796
0.186461538461541 4 12378.4593283873
0.186646153846156 4 12219.7582201103
0.186830769230771 4 12060.6460596874
0.187015384615387 4 11901.1281993844
0.187200000000002 4 11741.2100051143
0.187384615384617 4 11580.8968562565
0.187569230769233 4 11420.1941454763
0.187753846153848 4 11259.1072785429
0.187938461538464 4 11097.641674148
0.188123076923079 4 10935.8027637233
0.188307692307694 4 10773.5959912582
0.18849230769231 4 10611.0268131159
0.188676923076925 4 10448.1006978507
0.188861538461541 4 10284.8231260235
0.189046153846156 4 10121.1995900176
0.189230769230771 4 9957.2355938539
0.189415384615387 4 9792.936653006
0.189600000000002 4 9628.3082942143
0.189784615384618 4 9463.35605530038
0.189969230769233 4 9298.08548498052
0.190153846153848 4 9132.50214267915
0.190338461538464 4 8966.61159834189
0.190523076923079 4 8800.41943224805
0.190707692307695 4 8633.93123482298
0.19089230769231 4 8467.15260645012
0.191076923076925 4 8300.08915728242
0.191261538461541 4 8132.74650705374
0.191446153846156 4 7965.13028488987
0.191630769230772 4 7797.246129119
0.191815384615387 4 7629.09968708224
0.192000000000002 4 7460.69661494352
0.192184615384618 4 7292.04257749936
0.192369230769233 4 7123.1432479884
0.192553846153849 4 6954.00430790044
0.192738461538464 4 6784.63144678537
0.192923076923079 4 6615.03036206185
0.193107692307695 4 6445.20675882553
0.19329230769231 4 6275.16634965722
0.193476923076925 4 6104.9148544308
0.193661538461541 4 5934.45800012062
0.193846153846156 4 5763.801520609
0.194030769230772 4 5592.95115649337
0.194215384615387 4 5421.91265489303
0.194400000000002 4 5250.691769256
0.194584615384618 4 5079.29425916531
0.194769230769233 4 4907.72589014534
0.194953846153849 4 4735.99243346798
0.195138461538464 4 4564.09966595828
0.195323076923079 4 4392.05336980027
0.195507692307695 4 4219.85933234247
0.19569230769231 4 4047.52334590312
0.195876923076926 4 3875.05120757538
0.196061538461541 4 3702.44871903239
0.196246153846156 4 3529.72168633197
0.196430769230772 4 3356.8759197215
0.196615384615387 4 3183.91723344227
0.196800000000003 4 3010.85144553401
0.196984615384618 4 2837.68437763927
0.197169230769233 4 2664.42185480736
0.197353846153849 4 2491.06970529859
0.197538461538464 4 2317.6337603882
0.19772307692308 4 2144.1198541701
0.197907692307695 4 1970.53382336068
0.19809230769231 4 1796.88150710259
0.198276923076926 4 1623.16874676809
0.198461538461541 4 1449.4013857627
0.198646153846157 4 1275.58526932869
0.198830769230772 4 1101.72624434828
0.199015384615387 4 927.830159147155
0.199200000000003 4 753.902863297581
0.199384615384618 4 579.950207421684
0.199569230769233 4 405.978042994744
0.199753846153849 4 231.992222148194
0.199938461538464 4 57.9985974728479
0.20012307692308 4 -115.996978177894
0.200307692307695 4 -289.988651885083
0.20049230769231 4 -463.970570861025
0.200676923076926 4 -637.936882646081
0.200861538461541 4 -811.881735305715
0.201046153846157 4 -985.799277627136
0.201230769230772 4 -1159.68365931631
0.201415384615387 4 -1333.52903119465
0.201600000000003 4 -1507.32954539575
0.201784615384618 4 -1681.0793555622
0.201969230769234 4 -1854.77261704217
0.202153846153849 4 -2028.403487086
0.202338461538464 4 -2201.9661250428
0.20252307692308 4 -2375.45469255694
0.202707692307695 4 -2548.86335376428
0.202892307692311 4 -2722.1862754887
0.203076923076926 4 -2895.41762743819
0.203261538461541 4 -3068.55158240092
0.203446153846157 4 -3241.58231644145
0.203630769230772 4 -3414.50400909641
0.203815384615388 4 -3587.31084357045
0.204000000000003 4 -3759.9970069319
0.204184615384618 4 -3932.55669030815
0.204369230769234 4 -4104.98408908127
0.204553846153849 4 -4277.27340308313
0.204738461538465 4 -4449.41883679049
0.20492307692308 4 -4621.41459952007
0.205107692307695 4 -4793.25490562326
0.205292307692311 4 -4964.93397468069
0.205476923076926 4 -5136.44603169683
0.205661538461542 4 -5307.78530729405
0.205846153846157 4 -5478.94603790686
0.206030769230772 4 -5649.92246597575
0.206215384615388 4 -5820.70884014075
0.206400000000003 4 -5991.29941543505
0.206584615384618 4 -6161.6884534782
0.206769230769234 4 -6331.87022266904
0.206953846153849 4 -6501.83899837867
0.207138461538465 4 -6671.58906314292
0.20732307692308 4 -6841.11470685464
0.207507692307695 4 -7010.41022695586
0.207692307692311 4 -7179.46992862962
0.207876923076926 4 -7348.2881249914
0.208061538461542 4 -7516.85913728063
0.208246153846157 4 -7685.17729505147
0.208430769230772 4 -7853.2369363638
0.208615384615388 4 -8021.0324079735
0.208800000000003 4 -8188.55806552266
0.208984615384619 4 -8355.8082737295
0.209169230769234 4 -8522.7774065779
0.209353846153849 4 -8689.45984750658
0.209538461538465 4 -8855.84998959815
0.20972307692308 4 -9021.94223576769
0.209907692307696 4 -9187.73099895089
0.210092307692311 4 -9353.21070229222
0.210276923076926 4 -9518.37577933229
0.210461538461542 4 -9683.22067419532
0.210646153846157 4 -9847.73984177587
0.210830769230773 4 -10011.9277479254
0.211015384615388 4 -10175.7788696384
0.211200000000003 4 -10339.2876952385
0.211384615384619 4 -10502.4487245631
0.211569230769234 4 -10665.2564691494
0.21175384615385 4 -10827.7054524182
0.211938461538465 4 -10989.7902098584
0.21212307692308 4 -11151.5052892111
0.212307692307696 4 -11312.8452506526
0.212492307692311 4 -11473.8046669774
0.212676923076926 4 -11634.3781237811
0.212861538461542 4 -11794.5602196423
0.213046153846157 4 -11954.3455663042
0.213230769230773 4 -12113.7287888562
0.213415384615388 4 -12272.7045259142
0.213600000000003 4 -12431.2674298015
0.213784615384619 4 -12589.4121667282
0.213969230769234 4 -12747.1334169709
0.21415384615385 4 -12904.4258750517
0.214338461538465 4 -13061.2842499164
0.21452307692308 4 -13217.7032651127
0.214707692307696 4 -13373.6776589676
0.214892307692311 4 -13529.2021847643
0.215076923076927 4 -13684.2716109191
0.215261538461542 4 -13838.8807211568
0.215446153846157 4 -13993.0243146867
0.215630769230773 4 -14146.697206377
0.215815384615388 4 -14299.8942269297
0.216000000000004 4 -14452.6102230544
0.216184615384619 4 -14604.8400576414
0.216369230769234 4 -14756.5786099347
0.21655384615385 4 -14907.8207757042
0.216738461538465 4 -15058.5614674174
0.216923076923081 4 -15208.7956144107
0.217107692307696 4 -15358.5181630595
0.217292307692311 4 -15507.7240769488
0.217476923076927 4 -15656.4083370422
0.217661538461542 4 -15804.5659418508
0.217846153846158 4 -15952.1919076017
0.218030769230773 4 -16099.2812684053
0.218215384615388 4 -16245.8290764224
0.218400000000004 4 -16391.830402031
0.218584615384619 4 -16537.2803339915
0.218769230769234 4 -16682.1739796126
0.21895384615385 4 -16826.5064649153
0.219138461538465 4 -16970.2729347972
0.219323076923081 4 -17113.4685531957
0.219507692307696 4 -17256.0885032505
0.219692307692311 4 -17398.1279874662
0.219876923076927 4 -17539.582227873
0.220061538461542 4 -17680.4464661878
0.220246153846158 4 -17820.7159639741
0.220430769230773 4 -17960.3860028017
0.220615384615388 4 -18099.4518844049
0.220800000000004 4 -18237.908930841
0.220984615384619 4 -18375.7524846476
0.221169230769235 4 -18512.9779089988
0.22135384615385 4 -18649.5805878619
0.221538461538465 4 -18785.5559261523
0.221723076923081 4 -18920.8993498877
0.221907692307696 4 -19055.6063063428
0.222092307692312 4 -19189.6722642017
0.222276923076927 4 -19323.0927137108
0.222461538461542 4 -19455.8631668302
0.222646153846158 4 -19587.9791573847
0.222830769230773 4 -19719.4362412144
0.223015384615389 4 -19850.2299963237
0.223200000000004 4 -19980.3560230303
0.223384615384619 4 -20109.8099441132
0.223569230769235 4 -20238.5874049599
0.22375384615385 4 -20366.6840737129
0.223938461538466 4 -20494.0956414153
0.224123076923081 4 -20620.8178221559
0.224307692307696 4 -20746.8463532134
0.224492307692312 4 -20872.1769951997
0.224676923076927 4 -20996.8055322024
0.224861538461542 4 -21120.7277719268
0.225046153846158 4 -21243.939545837
0.225230769230773 4 -21366.4367092956
0.225415384615389 4 -21488.2151417039
0.225600000000004 4 -21609.2707466399
0.225784615384619 4 -21729.5994519963
0.225969230769235 4 -21849.1972101175
0.22615384615385 4 -21968.0599979358
0.226338461538466 4 -22086.1838171067
0.226523076923081 4 -22203.5646941432
0.226707692307696 4 -22320.1986805497
0.226892307692312 4 -22436.0818529547
0.227076923076927 4 -22551.2103132431
0.227261538461543 4 -22665.5801886866
0.227446153846158 4 -22779.1876320748
0.227630769230773 4 -22892.028821844
0.227815384615389 4 -23004.0999622061
0.228000000000004 4 -23115.3972832762
0.22818461538462 4 -23225.9170411992
0.228369230769235 4 -23335.6555182761
0.22855384615385 4 -23444.6090230889
0.228738461538466 4 -23552.7738906245
0.228923076923081 4 -23660.1464823985
0.229107692307697 4 -23766.7231865772
0.229292307692312 4 -23872.5004180992
0.229476923076927 4 -23977.4746187961
0.229661538461543 4 -24081.6422575121
0.229846153846158 4 -24184.9998302228
0.230030769230774 4 -24287.5438601529
0.230215384615389 4 -24389.2708978935
0.230400000000004 4 -24490.1775215179
0.23058461538462 4 -24590.2603366967
0.230769230769235 4 -24689.515976812
0.230953846153851 4 -24787.9411030709
0.231138461538466 4 -24885.5324046173
0.231323076923081 4 -24982.2865986438
0.231507692307697 4 -25078.2004305018
0.231692307692312 4 -25173.2706738109
0.231876923076927 4 -25267.494130568
0.232061538461543 4 -25360.867631254
0.232246153846158 4 -25453.3880349414
0.232430769230774 4 -25545.0522293989
0.232615384615389 4 -25635.8571311972
0.232800000000004 4 -25725.7996858117
0.23298461538462 4 -25814.876867726
0.233169230769235 4 -25903.0856805333
0.233353846153851 4 -25990.4231570372
0.233538461538466 4 -26076.8863593517
0.233723076923081 4 -26162.4723789998
0.233907692307697 4 -26247.1783370116
0.234092307692312 4 -26331.0013840209
0.234276923076928 4 -26413.9387003612
0.234461538461543 4 -26495.9874961604
0.234646153846158 4 -26577.1450114348
0.234830769230774 4 -26657.4085161819
0.235015384615389 4 -26736.7753104721
0.235200000000005 4 -26815.2427245398
0.23538461538462 4 -26892.808118873
0.235569230769235 4 -26969.468884302
0.235753846153851 4 -27045.2224420875
0.235938461538466 4 -27120.0662440069
0.236123076923082 4 -27193.9977724404
0.236307692307697 4 -27267.0145404557
0.236492307692312 4 -27339.1140918911
0.236676923076928 4 -27410.2940014389
0.236861538461543 4 -27480.5518747265
0.237046153846159 4 -27549.885348397
0.237230769230774 4 -27618.2920901887
0.237415384615389 4 -27685.7697990138
0.237600000000005 4 -27752.3162050354
0.23778461538462 4 -27817.9290697442
0.237969230769235 4 -27882.6061860336
0.238153846153851 4 -27946.3453782741
0.238338461538466 4 -28009.1445023861
0.238523076923082 4 -28071.0014459127
0.238707692307697 4 -28131.9141280902
0.238892307692312 4 -28191.8804999182
0.239076923076928 4 -28250.8985442287
0.239261538461543 4 -28308.9662757537
0.239446153846159 4 -28366.0817411923
0.239630769230774 4 -28422.2430192761
0.239815384615389 4 -28477.4482208341
0.240000000000005 4 -28531.695488856
0.24018461538462 4 -28584.9829985548
0.240369230769236 4 -28637.3089574281
0.240553846153851 4 -28688.6716053186
0.240738461538466 4 -28739.069214473
0.240923076923082 4 -28788.5000896005
0.241107692307697 4 -28836.9625679293
0.241292307692313 4 -28884.455019263
0.241476923076928 4 -28930.9758460355
0.241661538461543 4 -28976.5234833641
0.241846153846159 4 -29021.0963991029
0.242030769230774 4 -29064.6930938938
0.24221538461539 4 -29107.3121012172
0.242400000000005 4 -29148.9519874413
0.24258461538462 4 -29189.6113518702
0.242769230769236 4 -29229.2888267913
0.242953846153851 4 -29267.9830775207
0.243138461538467 4 -29305.6928024491
0.243323076923082 4 -29342.4167330844
0.243507692307697 4 -29378.1536340954
0.243692307692313 4 -29412.9023033528
0.243876923076928 4 -29446.6615719696
0.244061538461543 4 -29479.4303043408
0.244246153846159 4 -29511.2073981812
0.244430769230774 4 -29541.9917845627
0.24461538461539 4 -29571.7824279503
0.244800000000005 4 -29600.5783262368
0.24498461538462 4 -29628.3785107765
0.245169230769236 4 -29655.1820464179
0.245353846153851 4 -29680.988031535
0.245538461538467 4 -29705.7955980579
0.245723076923082 4 -29729.6039115017
0.245907692307697 4 -29752.4121709947
0.246092307692313 4 -29774.2196093053
0.246276923076928 4 -29795.0254928679
0.246461538461544 4 -29814.8291218076
0.246646153846159 4 -29833.6298299635
0.246830769230774 4 -29851.4269849114
0.24701538461539 4 -29868.219987985
0.247200000000005 4 -29884.0082742956
0.247384615384621 4 -29898.791312752
0.247569230769236 4 -29912.5686060775
0.247753846153851 4 -29925.3396908271
0.247938461538467 4 -29937.104137403
0.248123076923082 4 -29947.8615500689
0.248307692307698 4 -29957.6115669636
0.248492307692313 4 -29966.3538601128
0.248676923076928 4 -29974.0881354406
0.248861538461544 4 -29980.8141327788
0.249046153846159 4 -29986.5316258762
0.249230769230775 4 -29991.2404224059
0.24941538461539 4 -29994.940363972
0.249600000000005 4 -29997.6313261145
0.249784615384621 4 -29999.3132183142
0.249969230769236 4 -29999.9859839948
0.250153846153852 4 -29999.6496005258
0.250338461538467 4 -29998.3040792225
0.250523076923082 4 -29995.949465346
0.250707692307698 4 -29992.5858381015
0.250892307692313 4 -29988.2133106358
0.251076923076928 4 -29982.8320300334
0.251261538461544 4 -29976.4421773115
0.251446153846159 4 -29969.0439674141
0.251630769230775 4 -29960.6376492044
0.25181538461539 4 -29951.223505457
0.252000000000005 4 -29940.8018528478
0.252184615384621 4 -29929.3730419437
0.252369230769236 4 -29916.9374571908
0.252553846153852 4 -29903.4955169011
0.252738461538467 4 -29889.047673239
0.252923076923082 4 -29873.5944122058
0.253107692307698 4 -29857.1362536231
0.253292307692313 4 -29839.6737511157
0.253476923076929 4 -29821.207492093
0.253661538461544 4 -29801.7380977288
0.253846153846159 4 -29781.266222941
0.254030769230775 4 -29759.7925563689
0.25421538461539 4 -29737.3178203507
0.254400000000006 4 -29713.8427708988
0.254584615384621 4 -29689.3681976744
0.254769230769236 4 -29663.894923961
0.254953846153852 4 -29637.4238066368
0.255138461538467 4 -29609.9557361457
0.255323076923083 4 -29581.4916364675
0.255507692307698 4 -29552.0324650866
0.255692307692313 4 -29521.5792129603
0.255876923076929 4 -29490.1329044847
0.256061538461544 4 -29457.6945974607
0.25624615384616 4 -29424.2653830587
0.256430769230775 4 -29389.8463857813
0.25661538461539 4 -29354.4387634256
0.256800000000006 4 -29318.0437070447
0.256984615384621 4 -29280.6624409071
0.257169230769236 4 -29242.2962224559
0.257353846153852 4 -29202.9463422662
0.257538461538467 4 -29162.6141240019
0.257723076923083 4 -29121.3009243711
0.257907692307698 4 -29079.0081330805
0.258092307692313 4 -29035.7371727884
0.258276923076929 4 -28991.4894990575
0.258461538461544 4 -28946.2666003051
0.25864615384616 4 -28900.0699977536
0.258830769230775 4 -28852.9012453791
0.25901538461539 4 -28804.7619298592
0.259200000000006 4 -28755.6536705197
0.259384615384621 4 -28705.57811928
0.259569230769237 4 -28654.5369605974
0.259753846153852 4 -28602.5319114109
0.259938461538467 4 -28549.564721083
0.260123076923083 4 -28495.6371713411
0.260307692307698 4 -28440.7510762172
0.260492307692314 4 -28384.9082819876
0.260676923076929 4 -28328.11066711
0.260861538461544 4 -28270.3601421608
0.26104615384616 4 -28211.6586497707
0.261230769230775 4 -28152.0081645593
0.261415384615391 4 -28091.4106930688
0.261600000000006 4 -28029.8682736964
0.261784615384621 4 -27967.3829766256
0.261969230769237 4 -27903.956903757
0.262153846153852 4 -27839.5921886371
0.262338461538468 4 -27774.2909963869
0.262523076923083 4 -27708.0555236288
0.262707692307698 4 -27640.8879984128
0.262892307692314 4 -27572.7906801418
0.263076923076929 4 -27503.7658594952
0.263261538461544 4 -27433.815858352
0.26344615384616 4 -27362.9430297128
0.263630769230775 4 -27291.1497576205
0.263815384615391 4 -27218.4384570803
0.264000000000006 4 -27144.8115739781
0.264184615384621 4 -27070.2715849988
0.264369230769237 4 -26994.8209975423
0.264553846153852 4 -26918.4623496397
0.264738461538468 4 -26841.1982098677
0.264923076923083 4 -26763.0311772623
0.265107692307698 4 -26683.963881231
0.265292307692314 4 -26603.998981465
0.265476923076929 4 -26523.1391678493
0.265661538461545 4 -26441.3871603721
0.26584615384616 4 -26358.7457090338
0.266030769230775 4 -26275.2175937539
0.266215384615391 4 -26190.8056242779
0.266400000000006 4 -26105.5126400829
0.266584615384622 4 -26019.3415102815
0.266769230769237 4 -25932.2951335259
0.266953846153852 4 -25844.3764379099
0.267138461538468 4 -25755.5883808709
0.267323076923083 4 -25665.93394909
0.267507692307699 4 -25575.4161583917
0.267692307692314 4 -25484.0380536425
0.267876923076929 4 -25391.8027086484
0.268061538461545 4 -25298.7132260515
0.26824615384616 4 -25204.7727372258
0.268430769230776 4 -25109.9844021713
0.268615384615391 4 -25014.3514094087
0.268800000000006 4 -24917.8769758711
0.268984615384622 4 -24820.5643467965
0.269169230769237 4 -24722.4167956183
0.269353846153852 4 -24623.4376238553
0.269538461538468 4 -24523.6301610008
0.269723076923083 4 -24422.9977644099
0.269907692307699 4 -24321.5438191878
0.270092307692314 4 -24219.2717380746
0.270276923076929 4 -24116.1849613314
0.270461538461545 4 -24012.2869566243
0.27064615384616 4 -23907.5812189077
0.270830769230776 4 -23802.0712703068
0.271015384615391 4 -23695.760659999
0.271200000000006 4 -23588.6529640948
0.271384615384622 4 -23480.7517855172
0.271569230769237 4 -23372.0607538807
0.271753846153853 4 -23262.583525369
0.271938461538468 4 -23152.3237826122
0.272123076923083 4 -23041.2852345629
0.272307692307699 4 -22929.4716163715
0.272492307692314 4 -22816.8866892603
0.27267692307693 4 -22703.5342403971
0.272861538461545 4 -22589.418082768
0.27304615384616 4 -22474.5420550488
0.273230769230776 4 -22358.9100214764
0.273415384615391 4 -22242.525871718
0.273600000000007 4 -22125.393520741
0.273784615384622 4 -22007.5169086811
0.273969230769237 4 -21888.9000007095
0.274153846153853 4 -21769.5467868998
0.274338461538468 4 -21649.4612820936
0.274523076923084 4 -21528.6475257658
0.274707692307699 4 -21407.1095818882
0.274892307692314 4 -21284.851538793
0.27507692307693 4 -21161.8775090356
0.275261538461545 4 -21038.1916292559
0.275446153846161 4 -20913.7980600391
0.275630769230776 4 -20788.700985776
0.275815384615391 4 -20662.9046145221
0.276000000000007 4 -20536.4131778561
0.276184615384622 4 -20409.2309307374
0.276369230769237 4 -20281.3621513634
0.276553846153853 4 -20152.811141025
0.276738461538468 4 -20023.5822239623
0.276923076923084 4 -19893.6797472191
0.277107692307699 4 -19763.1080804966
0.277292307692314 4 -19631.8716160063
0.27747692307693 4 -19499.9747683226
0.277661538461545 4 -19367.4219742338
0.277846153846161 4 -19234.2176925935
0.278030769230776 4 -19100.3664041699
0.278215384615391 4 -18965.8726114957
0.278400000000007 4 -18830.740838716
0.278584615384622 4 -18694.9756314369
0.278769230769238 4 -18558.581556572
0.278953846153853 4 -18421.5632021888
0.279138461538468 4 -18283.9251773548
0.279323076923084 4 -18145.6721119819
0.279507692307699 4 -18006.8086566711
0.279692307692315 4 -17867.3394825558
0.27987692307693 4 -17727.2692811448
0.280061538461545 4 -17586.6027641646
0.280246153846161 4 -17445.3446634004
0.280430769230776 4 -17303.4997305377
0.280615384615392 4 -17161.0727370017
0.280800000000007 4 -17018.0684737973
0.280984615384622 4 -16874.4917513479
0.281169230769238 4 -16730.3473993331
0.281353846153853 4 -16585.640266527
0.281538461538469 4 -16440.3752206346
0.281723076923084 4 -16294.557148128
0.281907692307699 4 -16148.1909540822
0.282092307692315 4 -16001.2815620104
0.28227692307693 4 -15853.8339136977
0.282461538461545 4 -15705.8529690354
0.282646153846161 4 -15557.343705854
0.282830769230776 4 -15408.3111197556
0.283015384615392 4 -15258.7602239463
0.283200000000007 4 -15108.6960490671
0.283384615384622 4 -14958.1236430247
0.283569230769238 4 -14807.048070822
0.283753846153853 4 -14655.4744143877
0.283938461538469 4 -14503.4077724049
0.284123076923084 4 -14350.8532601401
0.284307692307699 4 -14197.816009271
0.284492307692315 4 -14044.3011677137
0.28467692307693 4 -13890.3138994496
0.284861538461546 4 -13735.8593843519
0.285046153846161 4 -13580.942818011
0.285230769230776 4 -13425.5694115602
0.285415384615392 4 -13269.7443914998
0.285600000000007 4 -13113.4729995219
0.285784615384623 4 -12956.7604923337
0.285969230769238 4 -12799.6121414808
0.286153846153853 4 -12642.0332331697
0.286338461538469 4 -12484.0290680904
0.286523076923084 4 -12325.6049612376
0.2867076923077 4 -12166.7662417323
0.286892307692315 4 -12007.5182526421
0.28707692307693 4 -11847.8663508021
0.287261538461546 4 -11687.8159066341
0.287446153846161 4 -11527.3723039663
0.287630769230777 4 -11366.5409398521
0.287815384615392 4 -11205.3272243884
0.288000000000007 4 -11043.7365805339
0.288184615384623 4 -10881.7744439266
0.288369230769238 4 -10719.4462627007
0.288553846153853 4 -10556.7574973036
0.288738461538469 4 -10393.7136203122
0.288923076923084 4 -10230.3201162487
0.2891076923077 4 -10066.5824813963
0.289292307692315 4 -9902.50622361395
0.28947692307693 4 -9738.09686215144
0.289661538461546 4 -9573.35992746367
0.289846153846161 4 -9408.3009610244
0.290030769230777 4 -9242.9255151401
0.290215384615392 4 -9077.23915276313
0.290400000000007 4 -8911.24744730436
0.290584615384623 4 -8744.95598244609
0.290769230769238 4 -8578.37035195397
0.290953846153854 4 -8411.49615948878
0.291138461538469 4 -8244.33901841817
0.291323076923084 4 -8076.9045516277
0.2915076923077 4 -7909.19839133157
0.291692307692315 4 -7741.22617888344
0.291876923076931 4 -7572.9935645865
0.292061538461546 4 -7404.50620750329
0.292246153846161 4 -7235.7697752656
0.292430769230777 4 -7066.78994388367
0.292615384615392 4 -6897.57239755531
0.292800000000008 4 -6728.12282847449
0.292984615384623 4 -6558.44693664023
0.293169230769238 4 -6388.55042966464
0.293353846153854 4 -6218.4390225808
0.293538461538469 4 -6048.11843765084
0.293723076923085 4 -5877.59440417326
0.2939076923077 4 -5706.87265829009
0.294092307692315 4 -5535.95894279422
0.294276923076931 4 -5364.85900693607
0.294461538461546 4 -5193.57860623005
0.294646153846161 4 -5022.12350226128
0.294830769230777 4 -4850.49946249156
0.295015384615392 4 -4678.7122600653
0.295200000000008 4 -4506.76767361554
0.295384615384623 4 -4334.67148706949
0.295569230769238 4 -4162.42948945375
0.295753846153854 4 -3990.04747469994
0.295938461538469 4 -3817.53124144959
0.296123076923085 4 -3644.88659285899
0.2963076923077 4 -3472.11933640425
0.296492307692315 4 -3299.2352836858
0.296676923076931 4 -3126.24025023274
0.296861538461546 4 -2953.14005530754
0.297046153846162 4 -2779.94052171007
0.297230769230777 4 -2606.64747558185
0.297415384615392 4 -2433.26674620982
0.297600000000008 4 -2259.80416583063
0.297784615384623 4 -2086.26556943422
0.297969230769239 4 -1912.65679456747
0.298153846153854 4 -1738.98368113805
0.298338461538469 4 -1565.25207121793
0.298523076923085 4 -1391.4678088466
0.2987076923077 4 -1217.63673983486
0.298892307692316 4 -1043.76471156802
0.299076923076931 4 -869.857572809013
0.299261538461546 4 -695.921173502007
0.299446153846162 4 -521.961364575435
0.299630769230777 4 -347.983997745033
0.299815384615393 4 -173.994925317315
0.300061387075417 4 0
0.300307389535442 4 0
0.300553391995466 4 0
0.300799394455491 4 0
0.301045396915516 4 0
0.30129139937554 4 0
0.301537401835565 4 0
0.301783404295589 4 0
0.302029406755614 4 0
0.302275409215639 4 0
0.302521411675663 4 0
0.302767414135688 4 0
0.303013416595712 4 0
0.303259419055737 4 0
0.303505421515761 4 0
0.303751423975786 4 0
0.303997426435811 4 0
0.304243428895835 4 0
0.30448943135586 4 0
0.304735433815884 4 0
0.304981436275909 4 0
0.305227438735934 4 0
0.305473441195958 4 0
0.305719443655983 4 0
0.305965446116007 4 0
0.306211448576032 4 0
0.306457451036057 4 0
0.306703453496081 4 0
0.306949455956106 4 0
0.30719545841613 4 0
0.307441460876155 4 0
0.30768746333618 4 0
0.307933465796204 4 0
0.308179468256229 4 0
0.308425470716253 4 0
0.308671473176278 4 0
0.308917475636303 4 0
0.309163478096327 4 0
0.309409480556352 4 0
0.309655483016376 4 0
0.309901485476401 4 0
0.310147487936426 4 0
0.31039349039645 4 0
0.310639492856475 4 0
0.310885495316499 4 0
0.311131497776524 4 0
0.311377500236549 4 0
0.311623502696573 4 0
0.311869505156598 4 0
0.312115507616622 4 0
0.312361510076647 4 0
0.312607512536672 4 0
0.312853514996696 4 0
0.313099517456721 4 0
0.313345519916745 4 0
0.31359152237677 4 0
0.313837524836795 4 0
0.314083527296819 4 0
0.314329529756844 4 0
0.314575532216868 4 0
0.314821534676893 4 0
0.315067537136918 4 0
0.315313539596942 4 0
0.315559542056967 4 0
0.315805544516991 4 0
0.316051546977016 4 0
0.316297549437041 4 0
0.316543551897065 4 0
0.31678955435709 4 0
0.317035556817114 4 0
0.317281559277139 4 0
0.317527561737164 4 0
0.317773564197188 4 0
0.318019566657213 4 0
0.318265569117237 4 0
0.318511571577262 4 0
0.318757574037286 4 0
0.319003576497311 4 0
0.319249578957336 4 0
0.31949558141736 4 0
0.319741583877385 4 0
0.319987586337409 4 0
0.320233588797434 4 0
0.320479591257459 4 0
0.320725593717483 4 0
0.320971596177508 4 0
0.321217598637532 4 0
0.321463601097557 4 0
0.321709603557582 4 0
0.321955606017606 4 0
0.322201608477631 4 0
0.322447610937655 4 0
0.32269361339768 4 0
0.322939615857705 4 0
0.323185618317729 4 0
0.323431620777754 4 0
0.323677623237778 4 0
0.323923625697803 4 0
0.324169628157828 4 0
0.324415630617852 4 0
0.324661633077877 4 0
0.324907635537901 4 0
0.325153637997926 4 0
0.325399640457951 4 0
0.325645642917975 4 0
0.325891645378 4 0
0.326137647838024 4 0
0.326383650298049 4 0
0.326629652758074 4 0
0.326875655218098 4 0
0.327121657678123 4 0
0.327367660138147 4 0
0.327613662598172 4 0
0.327859665058197 4 0
0.328105667518221 4 0
0.328351669978246 4 0
0.32859767243827 4 0
0.328843674898295 4 0
0.32908967735832 4 0
0.329335679818344 4 0
0.329581682278369 4 0
0.329827684738393 4 0
0.330073687198418 4 0
0.330319689658443 4 0
0.330565692118467 4 0
0.330811694578492 4 0
0.331057697038516 4 0
0.331303699498541 4 0
0.331549701958566 4 0
0.33179570441859 4 0
0.332041706878615 4 0
0.332287709338639 4 0
0.332533711798664 4 0
0.332779714258689 4 0
0.333025716718713 4 0
0.333271719178738 4 0
0.333517721638762 4 0
0.333763724098787 4 0
0.334009726558812 4 0
0.334255729018836 4 0
0.334501731478861 4 0
0.334747733938885 4 0
0.33499373639891 4 0
0.335239738858934 4 0
0.335485741318959 4 0
0.335731743778984 4 0
0.335977746239008 4 0
0.336223748699033 4 0
0.336469751159057 4 0
0.336715753619082 4 0
0.336961756079107 4 0
0.337207758539131 4 0
0.337453760999156 4 0
0.33769976345918 4 0
0.337945765919205 4 0
0.33819176837923 4 0
0.338437770839254 4 0
0.338683773299279 4 0
0.338929775759303 4 0
0.339175778219328 4 0
0.339421780679353 4 0
0.339667783139377 4 0
0.339913785599402 4 0
0.340159788059426 4 0
0.340405790519451 4 0
0.340651792979476 4 0
0.3408977954395 4 0
0.341143797899525 4 0
0.341389800359549 4 0
0.341635802819574 4 0
0.341881805279599 4 0
0.342127807739623 4 0
0.342373810199648 4 0
0.342619812659672 4 0
0.342865815119697 4 0
0.343111817579722 4 0
0.343357820039746 4 0
0.343603822499771 4 0
0.343849824959795 4 0
0.34409582741982 4 0
0.344341829879845 4 0
0.344587832339869 4 0
0.344833834799894 4 0
0.345079837259918 4 0
0.345325839719943 4 0
0.345571842179968 4 0
0.345817844639992 4 0
0.346063847100017 4 0
0.346309849560041 4 0
0.346555852020066 4 0
0.346801854480091 4 0
0.347047856940115 4 0
0.34729385940014 4 0
0.347539861860164 4 0
0.347785864320189 4 0
0.348031866780214 4 0
0.348277869240238 4 0
0.348523871700263 4 0
0.348769874160287 4 0
0.349015876620312 4 0
0.349261879080337 4 0
0.349507881540361 4 0
0.349753884000386 4 0
0.34999988646041 4 0
0.350245888920435 4 0
0.350491891380459 4 0
0.350737893840484 4 0
0.350983896300509 4 0
0.351229898760533 4 0
0.351475901220558 4 0
0.351721903680582 4 0
0.351967906140607 4 0
0.352213908600632 4 0
0.352459911060656 4 0
0.352705913520681 4 0
0.352951915980705 4 0
0.35319791844073 4 0
0.353443920900755 4 0
0.353689923360779 4 0
0.353935925820804 4 0
0.354181928280828 4 0
0.354427930740853 4 0
0.354673933200878 4 0
0.354919935660902 4 0
0.355165938120927 4 0
0.355411940580951 4 0
0.355657943040976 4 0
0.355903945501001 4 0
0.356149947961025 4 0
0.35639595042105 4 0
0.356641952881074 4 0
0.356887955341099 4 0
0.357133957801124 4 0
0.357379960261148 4 0
0.357625962721173 4 0
0.357871965181197 4 0
0.358117967641222 4 0
0.358363970101247 4 0
0.358609972561271 4 0
0.358855975021296 4 0
0.35910197748132 4 0
0.359347979941345 4 0
0.35959398240137 4 0
0.359839984861394 4 0
0.360085987321419 4 0
0.360331989781443 4 0
0.360577992241468 4 0
0.360823994701493 4 0
0.361069997161517 4 0
0.361315999621542 4 0
0.361562002081566 4 0
0.361808004541591 4 0
0.362054007001616 4 0
0.36230000946164 4 0
0.362546011921665 4 0
0.362792014381689 4 0
0.363038016841714 4 0
0.363284019301739 4 0
0.363530021761763 4 0
0.363776024221788 4 0
0.364022026681812 4 0
0.364268029141837 4 0
0.364514031601862 4 0
0.364760034061886 4 0
0.365006036521911 4 0
0.365252038981935 4 0
0.36549804144196 4 0
0.365744043901985 4 0
0.365990046362009 4 0
0.366236048822034 4 0
0.366482051282058 4 0
0.366728053742083 4 0
0.366974056202107 4 0
0.367220058662132 4 0
0.367466061122157 4 0
0.367712063582181 4 0
0.367958066042206 4 0
0.36820406850223 4 0
0.368450070962255 4 0
0.36869607342228 4 0
0.368942075882304 4 0
0.369188078342329 4 0
0.369434080802353 4 0
0.369680083262378 4 0
0.369926085722403 4 0
0.370172088182427 4 0
0.370418090642452 4 0
0.370664093102476 4 0
0.370910095562501 4 0
0.371156098022526 4 0
0.37140210048255 4 0
0.371648102942575 4 0
0.371894105402599 4 0
0.372140107862624 4 0
0.372386110322649 4 0
0.372632112782673 4 0
0.372878115242698 4 0
0.373124117702722 4 0
0.373370120162747 4 0
0.373616122622772 4 0
0.373862125082796 4 0
0.374108127542821 4 0
0.374354130002845 4 0
0.37460013246287 4 0
0.374846134922895 4 0
0.375092137382919 4 0
0.375338139842944 4 0
0.375584142302968 4 0
0.375830144762993 4 0
0.376076147223018 4 0
0.376322149683042 4 0
0.376568152143067 4 0
0.376814154603091 4 0
0.377060157063116 4 0
0.377306159523141 4 0
0.377552161983165 4 0
0.37779816444319 4 0
0.378044166903214 4 0
0.378290169363239 4 0
0.378536171823264 4 0
0.378782174283288 4 0
0.379028176743313 4 0
0.379274179203337 4 0
0.379520181663362 4 0
0.379766184123387 4 0
0.380012186583411 4 0
0.380258189043436 4 0
0.38050419150346 4 0
0.380750193963485 4 0
0.38099619642351 4 0
0.381242198883534 4 0
0.381488201343559 4 0
0.381734203803583 4 0
0.381980206263608 4 0
0.382226208723632 4 0
0.382472211183657 4 0
0.382718213643682 4 0
0.382964216103706 4 0
0.383210218563731 4 0
0.383456221023755 4 0
0.38370222348378 4 0
0.383948225943805 4 0
0.384194228403829 4 0
0.384440230863854 4 0
0.384686233323878 4 0
0.384932235783903 4 0
0.385178238243928 4 0
0.385424240703952 4 0
0.385670243163977 4 0
0.385916245624001 4 0
0.386162248084026 4 0
0.386408250544051 4 0
0.386654253004075 4 0
0.3869002554641 4 0
0.387146257924124 4 0
0.387392260384149 4 0
0.387638262844174 4 0
0.387884265304198 4 0
0.388130267764223 4 0
0.388376270224247 4 0
0.388622272684272 4 0
0.388868275144297 4 0
0.389114277604321 4 0
0.389360280064346 4 0
0.38960628252437 4 0
0.389852284984395 4 0
0.39009828744442 4 0
0.390344289904444 4 0
0.390590292364469 4 0
0.390836294824493 4 0
0.391082297284518 4 0
0.391328299744543 4 0
0.391574302204567 4 0
0.391820304664592 4 0
0.392066307124616 4 0
0.392312309584641 4 0
0.392558312044666 4 0
0.39280431450469 4 0
0.393050316964715 4 0
0.393296319424739 4 0
0.393542321884764 4 0
0.393788324344789 4 0
0.394034326804813 4 0
0.394280329264838 4 0
0.394526331724862 4 0
0.394772334184887 4 0
0.395018336644912 4 0
0.395264339104936 4 0
0.395510341564961 4 0
0.395756344024985 4 0
0.39600234648501 4 0
0.396248348945035 4 0
0.396494351405059 4 0
0.396740353865084 4 0
0.396986356325108 4 0
0.397232358785133 4 0
0.397478361245158 4 0
0.397724363705182 4 0
0.397970366165207 4 0
0.398216368625231 4 0
0.398462371085256 4 0
0.39870837354528 4 0
0.398954376005305 4 0
0.39920037846533 4 0
0.399446380925354 4 0
0.399692383385379 4 0
0.399938385845403 4 0
0.400184388305428 4 0
0.400430390765453 4 0
0.400676393225477 4 0
0.400922395685502 4 0
0.401168398145526 4 0
0.401414400605551 4 0
0.401660403065576 4 0
0.4019064055256 4 0
0.402152407985625 4 0
0.402398410445649 4 0
0.402644412905674 4 0
0.402890415365699 4 0
0.403136417825723 4 0
0.403382420285748 4 0
0.403628422745772 4 0
0.403874425205797 4 0
0.404120427665822 4 0
0.404366430125846 4 0
0.404612432585871 4 0
0.404858435045895 4 0
0.40510443750592 4 0
0.405350439965945 4 0
0.405596442425969 4 0
0.405842444885994 4 0
0.406088447346018 4 0
0.406334449806043 4 0
0.406580452266068 4 0
0.406826454726092 4 0
0.407072457186117 4 0
0.407318459646141 4 0
0.407564462106166 4 0
0.407810464566191 4 0
0.408056467026215 4 0
0.40830246948624 4 0
0.408548471946264 4 0
0.408794474406289 4 0
0.409040476866314 4 0
0.409286479326338 4 0
0.409532481786363 4 0
0.409778484246387 4 0
0.410024486706412 4 0
0.410270489166437 4 0
0.410516491626461 4 0
0.410762494086486 4 0
0.41100849654651 4 0
0.411254499006535 4 0
0.41150050146656 4 0
0.411746503926584 4 0
0.411992506386609 4 0
0.412238508846633 4 0
0.412484511306658 4 0
0.412730513766683 4 0
0.412976516226707 4 0
0.413222518686732 4 0
0.413468521146756 4 0
0.413714523606781 4 0
0.413960526066806 4 0
0.41420652852683 4 0
0.414452530986855 4 0
0.414698533446879 4 0
0.414944535906904 4 0
0.415190538366928 4 0
0.415436540826953 4 0
0.415682543286978 4 0
0.415928545747002 4 0
0.416174548207027 4 0
0.416420550667051 4 0
0.416666553127076 4 0
0.416912555587101 4 0
0.417158558047125 4 0
0.41740456050715 4 0
0.417650562967174 4 0
0.417896565427199 4 0
0.418142567887224 4 0
0.418388570347248 4 0
0.418634572807273 4 0
0.418880575267297 4 0
0.419126577727322 4 0
0.419372580187347 4 0
0.419618582647371 4 0
0.419864585107396 4 0
0.42011058756742 4 0
0.420356590027445 4 0
0.42060259248747 4 0
0.420848594947494 4 0
0.421094597407519 4 0
0.421340599867543 4 0
0.421586602327568 4 0
0.421832604787593 4 0
0.422078607247617 4 0
0.422324609707642 4 0
0.422570612167666 4 0
0.422816614627691 4 0
0.423062617087716 4 0
0.42330861954774 4 0
0.423554622007765 4 0
0.423800624467789 4 0
0.424046626927814 4 0
0.424292629387839 4 0
0.424538631847863 4 0
0.424784634307888 4 0
0.425030636767912 4 0
0.425276639227937 4 0
0.425522641687962 4 0
0.425768644147986 4 0
0.426014646608011 4 0
0.426260649068035 4 0
0.42650665152806 4 0
0.426752653988085 4 0
0.426998656448109 4 0
0.427244658908134 4 0
0.427490661368158 4 0
0.427736663828183 4 0
0.427982666288208 4 0
0.428228668748232 4 0
0.428474671208257 4 0
0.428720673668281 4 0
0.428966676128306 4 0
0.429212678588331 4 0
0.429458681048355 4 0
0.42970468350838 4 0
0.429950685968404 4 0
0.430196688428429 4 0
0.430442690888453 4 0
0.430688693348478 4 0
0.430934695808503 4 0
0.431180698268527 4 0
0.431426700728552 4 0
0.431672703188576 4 0
0.431918705648601 4 0
0.432164708108626 4 0
0.43241071056865 4 0
0.432656713028675 4 0
0.432902715488699 4 0
0.433148717948724 4 0
0.433394720408749 4 0
0.433640722868773 4 0
0.433886725328798 4 0
0.434132727788822 4 0
0.434378730248847 4 0
0.434624732708872 4 0
0.434870735168896 4 0
0.435116737628921 4 0
0.435362740088945 4 0
0.43560874254897 4 0
0.435854745008995 4 0
0.436100747469019 4 0
0.436346749929044 4 0
0.436592752389068 4 0
0.436838754849093 4 0
0.437084757309118 4 0
0.437330759769142 4 0
0.437576762229167 4 0
0.437822764689191 4 0
0.438068767149216 4 0
0.438314769609241 4 0
0.438560772069265 4 0
0.43880677452929 4 0
0.439052776989314 4 0
0.439298779449339 4 0
0.439544781909364 4 0
0.439790784369388 4 0
0.440036786829413 4 0
0.440282789289437 4 0
0.440528791749462 4 0
0.440774794209487 4 0
0.441020796669511 4 0
0.441266799129536 4 0
0.44151280158956 4 0
0.441758804049585 4 0
0.44200480650961 4 0
0.442250808969634 4 0
0.442496811429659 4 0
0.442742813889683 4 0
0.442988816349708 4 0
0.443234818809733 4 0
0.443480821269757 4 0
0.443726823729782 4 0
0.443972826189806 4 0
0.444218828649831 4 0
0.444464831109856 4 0
0.44471083356988 4 0
0.444956836029905 4 0
0.445202838489929 4 0
0.445448840949954 4 0
0.445694843409979 4 0
0.445940845870003 4 0
0.446186848330028 4 0
0.446432850790052 4 0
0.446678853250077 4 0
0.446924855710101 4 0
0.447170858170126 4 0
0.447416860630151 4 0
0.447662863090175 4 0
0.4479088655502 4 0
0.448154868010224 4 0
0.448400870470249 4 0
0.448646872930274 4 0
0.448892875390298 4 0
0.449138877850323 4 0
0.449384880310347 4 0
0.449630882770372 4 0
0.449876885230397 4 0
0.450122887690421 4 0
0.450368890150446 4 0
0.45061489261047 4 0
0.450860895070495 4 0
0.45110689753052 4 0
0.451352899990544 4 0
0.451598902450569 4 0
0.451844904910593 4 0
0.452090907370618 4 0
0.452336909830643 4 0
0.452582912290667 4 0
0.452828914750692 4 0
0.453074917210716 4 0
0.453320919670741 4 0
0.453566922130766 4 0
0.45381292459079 4 0
0.454058927050815 4 0
0.454304929510839 4 0
0.454550931970864 4 0
0.454796934430889 4 0
0.455042936890913 4 0
0.455288939350938 4 0
0.455534941810962 4 0
0.455780944270987 4 0
0.456026946731012 4 0
0.456272949191036 4 0
0.456518951651061 4 0
0.456764954111085 4 0
0.45701095657111 4 0
0.457256959031135 4 0
0.457502961491159 4 0
0.457748963951184 4 0
0.457994966411208 4 0
0.458240968871233 4 0
0.458486971331258 4 0
0.458732973791282 4 0
0.458978976251307 4 0
0.459224978711331 4 0
0.459470981171356 4 0
0.459716983631381 4 0
0.459962986091405 4 0
0.46020898855143 4 0
0.460454991011454 4 0
0.460700993471479 4 0
0.460946995931504 4 0
0.461192998391528 4 0
0.461439000851553 4 0
0.461685003311577 4 0
0.461931005771602 4 0
0.462177008231626 4 0
0.462423010691651 4 0
0.462669013151676 4 0
0.4629150156117 4 0
0.463161018071725 4 0
0.463407020531749 4 0
0.463653022991774 4 0
0.463899025451799 4 0
0.464145027911823 4 0
0.464391030371848 4 0
0.464637032831872 4 0
0.464883035291897 4 0
0.465129037751922 4 0
0.465375040211946 4 0
0.465621042671971 4 0
0.465867045131995 4 0
0.46611304759202 4 0
0.466359050052045 4 0
0.466605052512069 4 0
0.466851054972094 4 0
0.467097057432118 4 0
0.467343059892143 4 0
0.467589062352168 4 0
0.467835064812192 4 0
0.468081067272217 4 0
0.468327069732241 4 0
0.468573072192266 4 0
0.468819074652291 4 0
0.469065077112315 4 0
0.46931107957234 4 0
0.469557082032364 4 0
0.469803084492389 4 0
0.470049086952414 4 0
0.470295089412438 4 0
0.470541091872463 4 0
0.470787094332487 4 0
0.471033096792512 4 0
0.471279099252537 4 0
0.471525101712561 4 0
0.471771104172586 4 0
0.47201710663261 4 0
0.472263109092635 4 0
0.47250911155266 4 0
0.472755114012684 4 0
0.473001116472709 4 0
0.473247118932733 4 0
0.473493121392758 4 0
0.473739123852783 4 0
0.473985126312807 4 0
0.474231128772832 4 0
0.474477131232856 4 0
0.474723133692881 4 0
0.474969136152906 4 0
0.47521513861293 4 0
0.475461141072955 4 0
0.475707143532979 4 0
0.475953145993004 4 0
0.476199148453029 4 0
0.476445150913053 4 0
0.476691153373078 4 0
0.476937155833102 4 0
0.477183158293127 4 0
0.477429160753152 4 0
0.477675163213176 4 0
0.477921165673201 4 0
0.478167168133225 4 0
0.47841317059325 4 0
0.478659173053274 4 0
0.478905175513299 4 0
0.479151177973324 4 0
0.479397180433348 4 0
0.479643182893373 4 0
0.479889185353397 4 0
0.480135187813422 4 0
0.480381190273447 4 0
0.480627192733471 4 0
0.480873195193496 4 0
0.48111919765352 4 0
0.481365200113545 4 0
0.48161120257357 4 0
0.481857205033594 4 0
0.482103207493619 4 0
0.482349209953643 4 0
0.482595212413668 4 0
0.482841214873693 4 0
0.483087217333717 4 0
0.483333219793742 4 0
0.483579222253766 4 0
0.483825224713791 4 0
0.484071227173816 4 0
0.48431722963384 4 0
0.484563232093865 4 0
0.484809234553889 4 0
0.485055237013914 4 0
0.485301239473939 4 0
0.485547241933963 4 0
0.485793244393988 4 0
0.486039246854012 4 0
0.486285249314037 4 0
0.486531251774062 4 0
0.486777254234086 4 0
0.487023256694111 4 0
0.487269259154135 4 0
0.48751526161416 4 0
0.487761264074185 4 0
0.488007266534209 4 0
0.488253268994234 4 0
0.488499271454258 4 0
0.488745273914283 4 0
0.488991276374308 4 0
0.489237278834332 4 0
0.489483281294357 4 0
0.489729283754381 4 0
0.489975286214406 4 0
0.490221288674431 4 0
0.490467291134455 4 0
0.49071329359448 4 0
0.490959296054504 4 0
0.491205298514529 4 0
0.491451300974554 4 0
0.491697303434578 4 0
0.491943305894603 4 0
0.492189308354627 4 0
0.492435310814652 4 0
0.492681313274677 4 0
0.492927315734701 4 0
0.493173318194726 4 0
0.49341932065475 4 0
0.493665323114775 4 0
0.493911325574799 4 0
0.494157328034824 4 0
0.494403330494849 4 0
0.494649332954873 4 0
0.494895335414898 4 0
0.495141337874922 4 0
0.495387340334947 4 0
0.495633342794972 4 0
0.495879345254996 4 0
0.496125347715021 4 0
0.496371350175045 4 0
0.49661735263507 4 0
0.496863355095095 4 0
0.497109357555119 4 0
0.497355360015144 4 0
0.497601362475168 4 0
0.497847364935193 4 0
0.498093367395218 4 0
0.498339369855242 4 0
0.498585372315267 4 0
0.498831374775291 4 0
0.499077377235316 4 0
0.499323379695341 4 0
0.499569382155365 4 0
