0.0107142857142857 -0 -0
0.0321428571428571 -196.203084501 -196.203084501
0.0535714285714286 -536.113672129663 -536.113672129663
0.075 -821.561765905999 -821.561765905999
0.0964285714285714 -871.63100383424 -871.63100383424
0.117857142857143 -610.260260339822 -610.260260339822
0.139285714285714 -107.025025554045 -107.025025554045
0.160714285714286 448.590855453606 448.590855453606
0.182142857142857 828.884741142257 828.884741142257
0.203571428571429 869.617054964705 869.617054964705
0.225 546.204895445551 546.204895445551
0.246428571428571 -10.3272316784184 -10.3272316784184
0.267857142857143 -566.043071705543 -566.043071705543
0.289285714285714 -227.38526898732 -227.38526898732
0.314285714285714 -199.280906121782 -797.12362448713
0.342857142857143 -183.269193794951 -733.076775179804
0.371428571428571 -169.639123100654 -678.556492402615
0.4 -157.896096805565 -631.584387222261
0.428571428571429 -147.673602349214 -590.694409396854
0.457142857142857 -138.694270735539 -554.777082942155
0.485714285714286 -130.744328028777 -522.977312115107
