0 1 1
0.000184729064039409 1 1
0.000369458128078818 1 1
0.000554187192118227 1 1
0.000738916256157635 1 1
0.000923645320197044 1 1
0.00110837438423645 1 1
0.00129310344827586 1 1
0.00147783251231527 1 1
0.00166256157635468 1 1
0.00184729064039409 1 1
0.0020320197044335 1 1
0.00221674876847291 1 1
0.00240147783251232 1 1
0.00258620689655172 1 1
0.00277093596059113 1 1
0.00295566502463054 1 1
0.00314039408866995 1 1
0.00332512315270936 1 1
0.00350985221674877 1 1
0.00369458128078818 1 1
0.00387931034482759 1 1
0.004064039408867 1 1
0.0042487684729064 1 1
0.00443349753694581 1 1
0.00461822660098522 1 1
0.00480295566502463 1 1
0.00498768472906404 1 1
0.00517241379310345 1 1
0.00535714285714286 1 1
0.00554187192118227 1 1
0.00572660098522168 1 1
0.00591133004926109 1 1
0.00609605911330049 1 1
0.0062807881773399 1 1
0.00646551724137931 1 1
0.00665024630541872 1 1
0.00683497536945813 1 1
0.00701970443349754 1 1
0.00720443349753695 1 1
0.00738916256157636 1 1
0.00757389162561577 1 1
0.00775862068965518 1 1
0.00794334975369458 1 1
0.00812807881773399 1 1
0.0083128078817734 1 1
0.00849753694581281 1 1
0.00868226600985222 1 1
0.00886699507389163 1 1
0.00905172413793104 1 1
0.00923645320197045 1 1
0.00942118226600986 1 1
0.00960591133004927 1 1
0.00979064039408867 1 1
0.00997536945812808 1 1
0.0101600985221675 1 1
0.0103448275862069 1 1
0.0105295566502463 1 1
0.0107142857142857 1 1
0.0108990147783251 1 1
0.0110837438423645 1 1
0.0112684729064039 1 1
0.0114532019704434 1 1
0.0116379310344828 1 1
0.0118226600985222 1 1
0.0120073891625616 1 1
0.012192118226601 1 1
0.0123768472906404 1 1
0.0125615763546798 1 1
0.0127463054187192 1 1
0.0129310344827586 1 1
0.013115763546798 1 1
0.0133004926108374 1 1
0.0134852216748769 1 1
0.0136699507389163 1 1
0.0138546798029557 1 1
0.0140394088669951 1 1
0.0142241379310345 1 1
0.0144088669950739 1 1
0.0145935960591133 1 1
0.0147783251231527 1 1
0.0149630541871921 1 1
0.0151477832512315 1 1
0.0153325123152709 1 1
0.0155172413793104 1 1
0.0157019704433498 1 1
0.0158866995073892 1 1
0.0160714285714286 1 1
0.016256157635468 1 1
0.0164408866995074 1 1
0.0166256157635468 1 1
0.0168103448275862 1 1
0.0169950738916256 1 1
0.017179802955665 1 1
0.0173645320197044 1 1
0.0175492610837438 1 1
0.0177339901477832 1 1
0.0179187192118226 1 1
0.0181034482758621 1 1
0.0182881773399015 1 1
0.0184729064039409 1 1
0.0186576354679803 1 1
0.0188423645320197 1 1
0.0190270935960591 1 1
0.0192118226600985 1 1
0.0193965517241379 1 1
0.0195812807881773 1 1
0.0197660098522167 1 1
0.0199507389162561 1 1
0.0201354679802955 1 1
0.0203201970443349 1 1
0.0205049261083744 1 1
0.0206896551724138 1 1
0.0208743842364532 1 1
0.0210591133004926 1 1
0.021243842364532 1 1
0.0214285714285714 1 1
0.0216133004926108 1 1
0.0217980295566502 1 1
0.0219827586206896 1 1
0.022167487684729 1 1
0.0223522167487684 1 1
0.0225369458128078 1 1
0.0227216748768472 1 1
0.0229064039408866 1 1
0.0230911330049261 1 1
0.0232758620689655 1 1
0.0234605911330049 1 1
0.0236453201970443 1 1
0.0238300492610837 1 1
0.0240147783251231 1 1
0.0241995073891625 1 1
0.0243842364532019 1 1
0.0245689655172413 1 1
0.0247536945812807 1 1
0.0249384236453201 1 1
0.0251231527093595 1 1
0.0253078817733989 1 1
0.0254926108374383 1 1
0.0256773399014778 1 1
0.0258620689655172 1 1
0.0260467980295566 1 1
0.026231527093596 1 1
0.0264162561576354 1 1
0.0266009852216748 1 1
0.0267857142857142 1 1
0.0269704433497536 1 1
0.027155172413793 1 1
0.0273399014778324 1 1
0.0275246305418718 1 1
0.0277093596059112 1 1
0.0278940886699506 1 1
0.02807881773399 1 1
0.0282635467980295 1 1
0.0284482758620689 1 1
0.0286330049261083 1 1
0.0288177339901477 1 1
0.0290024630541871 1 1
0.0291871921182265 1 1
0.0293719211822659 1 1
0.0295566502463053 1 1
0.0297413793103447 1 1
0.0299261083743841 1 1
0.0301108374384235 1 1
0.0302955665024629 1 1
0.0304802955665023 1 1
0.0306650246305417 1 1
0.0308497536945812 1 1
0.0310344827586206 1 1
0.03121921182266 1 1
0.0314039408866994 1 1
0.0315886699507388 1 1
0.0317733990147782 1 1
0.0319581280788176 1 1
0.032142857142857 1 1
0.0323275862068964 1 1
0.0325123152709358 1 1
0.0326970443349752 1 1
0.0328817733990146 1 1
0.033066502463054 1 1
0.0332512315270935 1 1
0.0334359605911329 1 1
0.0336206896551723 1 1
0.0338054187192117 1 1
0.0339901477832511 1 1
0.0341748768472905 1 1
0.0343596059113299 1 1
0.0345443349753693 1 1
0.0347290640394087 1 1
0.0349137931034481 1 1
0.0350985221674875 1 1
0.0352832512315269 1 1
0.0354679802955663 1 1
0.0356527093596057 1 1
0.0358374384236452 1 1
0.0360221674876846 1 1
0.036206896551724 1 1
0.0363916256157634 1 1
0.0365763546798028 1 1
0.0367610837438422 1 1
0.0369458128078816 1 1
0.037130541871921 1 1
0.0373152709359604 1 1
0.0374999999999998 1 1
0.0376847290640392 1 1
0.0378694581280786 1 1
0.038054187192118 1 1
0.0382389162561574 1 1
0.0384236453201969 1 1
0.0386083743842363 1 1
0.0387931034482757 1 1
0.0389778325123151 1 1
0.0391625615763545 1 1
0.0393472906403939 1 1
0.0395320197044333 1 1
0.0397167487684727 1 1
0.0399014778325121 1 1
0.0400862068965515 1 1
0.0402709359605909 1 1
0.0404556650246303 1 1
0.0406403940886697 1 1
0.0408251231527091 1 1
0.0410098522167486 1 1
0.041194581280788 1 1
0.0413793103448274 1 1
0.0415640394088668 1 1
0.0417487684729062 1 1
0.0419334975369456 1 1
0.042118226600985 1 1
0.0423029556650244 1 1
0.0424876847290638 1 1
0.0426724137931032 1 1
0.0428571428571426 1 1
0.043041871921182 1 1
0.0432266009852214 1 1
0.0434113300492609 1 1
0.0435960591133003 1 1
0.0437807881773397 1 1
0.0439655172413791 1 1
0.0441502463054185 1 1
0.0443349753694579 1 1
0.0445197044334973 1 1
0.0447044334975367 1 1
0.0448891625615761 1 1
0.0450738916256155 1 1
0.0452586206896549 1 1
0.0454433497536943 1 1
0.0456280788177337 1 1
0.0458128078817731 1 1
0.0459975369458126 1 1
0.046182266009852 1 1
0.0463669950738914 1 1
0.0465517241379308 1 1
0.0467364532019702 1 1
0.0469211822660096 1 1
0.047105911330049 1 1
0.0472906403940884 1 1
0.0474753694581278 1 1
0.0476600985221672 1 1
0.0478448275862066 1 1
0.048029556650246 1 1
0.0482142857142854 1 1
0.0483990147783248 1 1
0.0485837438423643 1 1
0.0487684729064037 1 1
0.0489532019704431 1 1
0.0491379310344825 1 1
0.0493226600985219 1 1
0.0495073891625613 1 1
0.0496921182266007 1 1
0.0498768472906401 1 1
0.0500615763546795 1 1
0.0502463054187189 1 1
0.0504310344827583 1 1
0.0506157635467977 1 1
0.0508004926108371 1 1
0.0509852216748765 1 1
0.051169950738916 1 1
0.0513546798029554 1 1
0.0515394088669948 1 1
0.0517241379310342 1 1
0.0519088669950736 1 1
0.052093596059113 1 1
0.0522783251231524 1 1
0.0524630541871918 1 1
0.0526477832512312 1 1
0.0528325123152706 1 1
0.05301724137931 1 1
0.0532019704433494 1 1
0.0533866995073888 1 1
0.0535714285714282 1 1
0.0537561576354677 1 1
0.0539408866995071 1 1
0.0541256157635465 1 1
0.0543103448275859 1 1
0.0544950738916253 1 1
0.0546798029556647 1 1
0.0548645320197041 1 1
0.0550492610837435 1 1
0.0552339901477829 1 1
0.0554187192118223 1 1
0.0556034482758617 1 1
0.0557881773399011 1 1
0.0559729064039405 1 1
0.05615763546798 1 1
0.0563423645320194 1 1
0.0565270935960588 1 1
0.0567118226600982 1 1
0.0568965517241376 1 1
0.057081280788177 1 1
0.0572660098522164 1 1
0.0574507389162558 1 1
0.0576354679802952 1 1
0.0578201970443346 1 1
0.058004926108374 1 1
0.0581896551724134 1 1
0.0583743842364528 1 1
0.0585591133004922 1 1
0.0587438423645317 1 1
0.0589285714285711 1 1
0.0591133004926105 1 1
0.0592980295566499 1 1
0.0594827586206893 1 1
0.0596674876847287 1 1
0.0598522167487681 1 1
0.0600369458128075 1 1
0.0602216748768469 1 1
0.0604064039408863 1 1
0.0605911330049257 1 1
0.0607758620689651 1 1
0.0609605911330045 1 1
0.0611453201970439 1 1
0.0613300492610834 1 1
0.0615147783251228 1 1
0.0616995073891622 1 1
0.0618842364532016 1 1
0.062068965517241 1 1
0.0622536945812804 1 1
0.0624384236453198 1 1
0.0626231527093592 1 1
0.0628078817733986 1 1
0.062992610837438 1 1
0.0631773399014774 1 1
0.0633620689655168 1 1
0.0635467980295562 1 1
0.0637315270935957 1 1
0.0639162561576351 1 1
0.0641009852216745 1 1
0.0642857142857139 1 1
0.0644704433497533 1 1
0.0646551724137927 1 1
0.0648399014778321 1 1
0.0650246305418715 1 1
0.0652093596059109 1 1
0.0653940886699503 1 1
0.0655788177339897 1 1
0.0657635467980291 1 1
0.0659482758620685 1 1
0.0661330049261079 1 1
0.0663177339901474 1 1
0.0665024630541868 1 1
0.0666871921182262 1 1
0.0668719211822656 1 1
0.067056650246305 1 1
0.0672413793103444 1 1
0.0674261083743838 1 1
0.0676108374384232 1 1
0.0677955665024626 1 1
0.067980295566502 1 1
0.0681650246305414 1 1
0.0683497536945808 1 1
0.0685344827586202 1 1
0.0687192118226597 1 1
0.0689039408866991 1 1
0.0690886699507385 1 1
0.0692733990147779 1 1
0.0694581280788173 1 1
0.0696428571428567 1 1
0.0698275862068961 1 1
0.0700123152709355 1 1
0.0701970443349749 1 1
0.0703817733990143 1 1
0.0705665024630537 1 1
0.0707512315270931 1 1
0.0709359605911325 1 1
0.0711206896551719 1 1
0.0713054187192114 1 1
0.0714901477832508 1 1
0.0716748768472902 1 1
0.0718596059113296 1 1
0.072044334975369 1 1
0.0722290640394084 1 1
0.0724137931034478 1 1
0.0725985221674872 1 1
0.0727832512315266 1 1
0.072967980295566 1 1
0.0731527093596054 1 1
0.0733374384236448 1 1
0.0735221674876842 1 1
0.0737068965517236 1 1
0.0738916256157631 1 1
0.0740763546798025 1 1
0.0742610837438419 1 1
0.0744458128078813 1 1
0.0746305418719207 1 1
0.0748152709359601 1 1
0.0749999999999995 1 1
0.0751847290640389 1 1
0.0753694581280783 1 1
0.0755541871921177 1 1
0.0757389162561571 1 1
0.0759236453201965 1 1
0.0761083743842359 1 1
0.0762931034482753 1 1
0.0764778325123148 1 1
0.0766625615763542 1 1
0.0768472906403936 1 1
0.077032019704433 1 1
0.0772167487684724 1 1
0.0774014778325118 1 1
0.0775862068965512 1 1
0.0777709359605906 1 1
0.07795566502463 1 1
0.0781403940886694 1 1
0.0783251231527088 1 1
0.0785098522167482 1 1
0.0786945812807876 1 1
0.078879310344827 1 1
0.0790640394088665 1 1
0.0792487684729059 1 1
0.0794334975369453 1 1
0.0796182266009847 1 1
0.0798029556650241 1 1
0.0799876847290635 1 1
0.0801724137931029 1 1
0.0803571428571423 1 1
0.0805418719211817 1 1
0.0807266009852211 1 1
0.0809113300492605 1 1
0.0810960591132999 1 1
0.0812807881773393 1 1
0.0814655172413788 1 1
0.0816502463054182 1 1
0.0818349753694576 1 1
0.082019704433497 1 1
0.0822044334975364 1 1
0.0823891625615758 1 1
0.0825738916256152 1 1
0.0827586206896546 1 1
0.082943349753694 1 1
0.0831280788177334 1 1
0.0833128078817728 1 1
0.0834975369458122 1 1
0.0836822660098516 1 1
0.083866995073891 1 1
0.0840517241379305 1 1
0.0842364532019699 1 1
0.0844211822660093 1 1
0.0846059113300487 1 1
0.0847906403940881 1 1
0.0849753694581275 1 1
0.0851600985221669 1 1
0.0853448275862063 1 1
0.0855295566502457 1 1
0.0857142857142851 1 1
0.0858990147783245 1 1
0.0860837438423639 1 1
0.0862684729064033 1 1
0.0864532019704427 1 1
0.0866379310344822 1 1
0.0868226600985216 1 1
0.087007389162561 1 1
0.0871921182266004 1 1
0.0873768472906398 1 1
0.0875615763546792 1 1
0.0877463054187186 1 1
0.087931034482758 1 1
0.0881157635467974 1 1
0.0883004926108368 1 1
0.0884852216748762 1 1
0.0886699507389156 1 1
0.088854679802955 1 1
0.0890394088669944 1 1
0.0892241379310339 1 1
0.0894088669950733 1 1
0.0895935960591127 1 1
0.0897783251231521 1 1
0.0899630541871915 1 1
0.0901477832512309 1 1
0.0903325123152703 1 1
0.0905172413793097 1 1
0.0907019704433491 1 1
0.0908866995073885 1 1
0.0910714285714279 1 1
0.0912561576354673 1 1
0.0914408866995067 1 1
0.0916256157635462 1 1
0.0918103448275856 1 1
0.091995073891625 1 1
0.0921798029556644 1 1
0.0923645320197038 1 1
0.0925492610837432 1 1
0.0927339901477826 1 1
0.092918719211822 1 1
0.0931034482758614 1 1
0.0932881773399008 1 1
0.0934729064039402 1 1
0.0936576354679796 1 1
0.093842364532019 1 1
0.0940270935960584 1 1
0.0942118226600979 1 1
0.0943965517241373 1 1
0.0945812807881767 1 1
0.0947660098522161 1 1
0.0949507389162555 1 1
0.0951354679802949 1 1
0.0953201970443343 1 1
0.0955049261083737 1 1
0.0956896551724131 1 1
0.0958743842364525 1 1
0.0960591133004919 1 1
0.0962438423645313 1 1
0.0964285714285707 1 1
0.0966133004926101 1 1
0.0967980295566496 1 1
0.096982758620689 1 1
0.0971674876847284 1 1
0.0973522167487678 1 1
0.0975369458128072 1 1
0.0977216748768466 1 1
0.097906403940886 1 1
0.0980911330049254 1 1
0.0982758620689648 1 1
0.0984605911330042 1 1
0.0986453201970436 1 1
0.098830049261083 1 1
0.0990147783251224 1 1
0.0991995073891618 1 1
0.0993842364532013 1 1
0.0995689655172407 1 1
0.0997536945812801 1 1
0.0999384236453195 1 1
0.100123152709359 1 1
0.100307881773398 1 1
0.100492610837438 1 1
0.100677339901477 1 1
0.100862068965517 1 1
0.101046798029556 1 1
0.101231527093595 1 1
0.101416256157635 1 1
0.101600985221674 1 1
0.101785714285714 1 1
0.101970443349753 1 1
0.102155172413792 1 1
0.102339901477832 1 1
0.102524630541871 1 1
0.102709359605911 1 1
0.10289408866995 1 1
0.103078817733989 1 1
0.103263546798029 1 1
0.103448275862068 1 1
0.103633004926108 1 1
0.103817733990147 1 1
0.104002463054186 1 1
0.104187192118226 1 1
0.104371921182265 1 1
0.104556650246305 1 1
0.104741379310344 1 1
0.104926108374383 1 1
0.105110837438423 1 1
0.105295566502462 1 1
0.105480295566502 1 1
0.105665024630541 1 1
0.105849753694581 1 1
0.10603448275862 1 1
0.106219211822659 1 1
0.106403940886699 1 1
0.106588669950738 1 1
0.106773399014778 1 1
0.106958128078817 1 1
0.107142857142856 1 1
0.107327586206896 1 1
0.107512315270935 1 1
0.107697044334975 1 1
0.107881773399014 1 1
0.108066502463053 1 1
0.108251231527093 1 1
0.108435960591132 1 1
0.108620689655172 1 1
0.108805418719211 1 1
0.10899014778325 1 1
0.10917487684729 1 1
0.109359605911329 1 1
0.109544334975369 1 1
0.109729064039408 1 1
0.109913793103447 1 1
0.110098522167487 1 1
0.110283251231526 1 1
0.110467980295566 1 1
0.110652709359605 1 1
0.110837438423645 1 1
0.111022167487684 1 1
0.111206896551723 1 1
0.111391625615763 1 1
0.111576354679802 1 1
0.111761083743842 1 1
0.111945812807881 1 1
0.11213054187192 1 1
0.11231527093596 1 1
0.112499999999999 1 1
0.112684729064039 1 1
0.112869458128078 1 1
0.113054187192117 1 1
0.113238916256157 1 1
0.113423645320196 1 1
0.113608374384236 1 1
0.113793103448275 1 1
0.113977832512314 1 1
0.114162561576354 1 1
0.114347290640393 1 1
0.114532019704433 1 1
0.114716748768472 1 1
0.114901477832511 1 1
0.115086206896551 1 1
0.11527093596059 1 1
0.11545566502463 1 1
0.115640394088669 1 1
0.115825123152709 1 1
0.116009852216748 1 1
0.116194581280787 1 1
0.116379310344827 1 1
0.116564039408866 1 1
0.116748768472906 1 1
0.116933497536945 1 1
0.117118226600984 1 1
0.117302955665024 1 1
0.117487684729063 1 1
0.117672413793103 1 1
0.117857142857142 1 1
0.118041871921181 1 1
0.118226600985221 1 1
0.11841133004926 1 1
0.1185960591133 1 1
0.118780788177339 1 1
0.118965517241378 1 1
0.119150246305418 1 1
0.119334975369457 1 1
0.119519704433497 1 1
0.119704433497536 1 1
0.119889162561575 1 1
0.120073891625615 1 1
0.120258620689654 1 1
0.120443349753694 1 1
0.120628078817733 1 1
0.120812807881772 1 1
0.120997536945812 1 1
0.121182266009851 1 1
0.121366995073891 1 1
0.12155172413793 1 1
0.12173645320197 1 1
0.121921182266009 1 1
0.122105911330048 1 1
0.122290640394088 1 1
0.122475369458127 1 1
0.122660098522167 1 1
0.122844827586206 1 1
0.123029556650245 1 1
0.123214285714285 1 1
0.123399014778324 1 1
0.123583743842364 1 1
0.123768472906403 1 1
0.123953201970442 1 1
0.124137931034482 1 1
0.124322660098521 1 1
0.124507389162561 1 1
0.1246921182266 1 1
0.124876847290639 1 1
0.125061576354679 1 1
0.125246305418718 1 1
0.125431034482758 1 1
0.125615763546797 1 1
0.125800492610837 1 1
0.125985221674876 1 1
0.126169950738915 1 1
0.126354679802955 1 1
0.126539408866994 1 1
0.126724137931034 1 1
0.126908866995073 1 1
0.127093596059112 1 1
0.127278325123152 1 1
0.127463054187191 1 1
0.127647783251231 1 1
0.12783251231527 1 1
0.128017241379309 1 1
0.128201970443349 1 1
0.128386699507388 1 1
0.128571428571428 1 1
0.128756157635467 1 1
0.128940886699506 1 1
0.129125615763546 1 1
0.129310344827585 1 1
0.129495073891625 1 1
0.129679802955664 1 1
0.129864532019703 1 1
0.130049261083743 1 1
0.130233990147782 1 1
0.130418719211822 1 1
0.130603448275861 1 1
0.130788177339901 1 1
0.13097290640394 1 1
0.131157635467979 1 1
0.131342364532019 1 1
0.131527093596058 1 1
0.131711822660098 1 1
0.131896551724137 1 1
0.132081280788176 1 1
0.132266009852216 1 1
0.132450738916255 1 1
0.132635467980295 1 1
0.132820197044334 1 1
0.133004926108373 1 1
0.133189655172413 1 1
0.133374384236452 1 1
0.133559113300492 1 1
0.133743842364531 1 1
0.13392857142857 1 1
0.13411330049261 1 1
0.134298029556649 1 1
0.134482758620689 1 1
0.134667487684728 1 1
0.134852216748767 1 1
0.135036945812807 1 1
0.135221674876846 1 1
0.135406403940886 1 1
0.135591133004925 1 1
0.135775862068964 1 1
0.135960591133004 1 1
0.136145320197043 1 1
0.136330049261083 1 1
0.136514778325122 1 1
0.136699507389162 1 1
0.136884236453201 1 1
0.13706896551724 1 1
0.13725369458128 1 1
0.137438423645319 1 1
0.137623152709359 1 1
0.137807881773398 1 1
0.137992610837437 1 1
0.138177339901477 1 1
0.138362068965516 1 1
0.138546798029556 1 1
0.138731527093595 1 1
0.138916256157634 1 1
0.139100985221674 1 1
0.139285714285713 1 1
0.139470443349753 1 1
0.139655172413792 1 1
0.139839901477831 1 1
0.140024630541871 1 1
0.14020935960591 1 1
0.14039408866995 1 1
0.140578817733989 1 1
0.140763546798028 1 1
0.140948275862068 1 1
0.141133004926107 1 1
0.141317733990147 1 1
0.141502463054186 1 1
0.141687192118226 1 1
0.141871921182265 1 1
0.142056650246304 1 1
0.142241379310344 1 1
0.142426108374383 1 1
0.142610837438423 1 1
0.142795566502462 1 1
0.142980295566501 1 1
0.143165024630541 1 1
0.14334975369458 1 1
0.14353448275862 1 1
0.143719211822659 1 1
0.143903940886698 1 1
0.144088669950738 1 1
0.144273399014777 1 1
0.144458128078817 1 1
0.144642857142856 1 1
0.144827586206895 1 1
0.145012315270935 1 1
0.145197044334974 1 1
0.145381773399014 1 1
0.145566502463053 1 1
0.145751231527092 1 1
0.145935960591132 1 1
0.146120689655171 1 1
0.146305418719211 1 1
0.14649014778325 1 1
0.14667487684729 1 1
0.146859605911329 1 1
0.147044334975368 1 1
0.147229064039408 1 1
0.147413793103447 1 1
0.147598522167487 1 1
0.147783251231526 1 1
0.147967980295565 1 1
0.148152709359605 1 1
0.148337438423644 1 1
0.148522167487684 1 1
0.148706896551723 1 1
0.148891625615762 1 1
0.149076354679802 1 1
0.149261083743841 1 1
0.149445812807881 1 1
0.14963054187192 1 1
0.149815270935959 1 1
0.149999999999999 1 1
0.150184729064038 1 1
0.150369458128078 1 1
0.150554187192117 1 1
0.150738916256156 1 1
0.150923645320196 1 1
0.151108374384235 1 1
0.151293103448275 1 1
0.151477832512314 1 1
0.151662561576354 1 1
0.151847290640393 1 1
0.152032019704432 1 1
0.152216748768472 1 1
0.152401477832511 1 1
0.152586206896551 1 1
0.15277093596059 1 1
0.152955665024629 1 1
0.153140394088669 1 1
0.153325123152708 1 1
0.153509852216748 1 1
0.153694581280787 1 1
0.153879310344826 1 1
0.154064039408866 1 1
0.154248768472905 1 1
0.154433497536945 1 1
0.154618226600984 1 1
0.154802955665023 1 1
0.154987684729063 1 1
0.155172413793102 1 1
0.155357142857142 1 1
0.155541871921181 1 1
0.15572660098522 1 1
0.15591133004926 1 1
0.156096059113299 1 1
0.156280788177339 1 1
0.156465517241378 1 1
0.156650246305418 1 1
0.156834975369457 1 1
0.157019704433496 1 1
0.157204433497536 1 1
0.157389162561575 1 1
0.157573891625615 1 1
0.157758620689654 1 1
0.157943349753693 1 1
0.158128078817733 1 1
0.158312807881772 1 1
0.158497536945812 1 1
0.158682266009851 1 1
0.15886699507389 1 1
0.15905172413793 1 1
0.159236453201969 1 1
0.159421182266009 1 1
0.159605911330048 1 1
0.159790640394087 1 1
0.159975369458127 1 1
0.160160098522166 1 1
0.160344827586206 1 1
0.160529556650245 1 1
0.160714285714284 1 1
0.160899014778324 1 1
0.161083743842363 1 1
0.161268472906403 1 1
0.161453201970442 1 1
0.161637931034482 1 1
0.161822660098521 1 1
0.16200738916256 1 1
0.1621921182266 1 1
0.162376847290639 1 1
0.162561576354679 1 1
0.162746305418718 1 1
0.162931034482757 1 1
0.163115763546797 1 1
0.163300492610836 1 1
0.163485221674876 1 1
0.163669950738915 1 1
0.163854679802954 1 1
0.164039408866994 1 1
0.164224137931033 1 1
0.164408866995073 1 1
0.164593596059112 1 1
0.164778325123151 1 1
0.164963054187191 1 1
0.16514778325123 1 1
0.16533251231527 1 1
0.165517241379309 1 1
0.165701970443348 1 1
0.165886699507388 1 1
0.166071428571427 1 1
0.166256157635467 1 1
0.166440886699506 1 1
0.166625615763546 1 1
0.166810344827585 1 1
0.166995073891624 1 1
0.167179802955664 1 1
0.167364532019703 1 1
0.167549261083743 1 1
0.167733990147782 1 1
0.167918719211821 1 1
0.168103448275861 1 1
0.1682881773399 1 1
0.16847290640394 1 1
0.168657635467979 1 1
0.168842364532018 1 1
0.169027093596058 1 1
0.169211822660097 1 1
0.169396551724137 1 1
0.169581280788176 1 1
0.169766009852215 1 1
0.169950738916255 1 1
0.170135467980294 1 1
0.170320197044334 1 1
0.170504926108373 1 1
0.170689655172412 1 1
0.170874384236452 1 1
0.171059113300491 1 1
0.171243842364531 1 1
0.17142857142857 1 1
0.17161330049261 1 1
0.171798029556649 1 1
0.171982758620688 1 1
0.172167487684728 1 1
0.172352216748767 1 1
0.172536945812807 1 1
0.172721674876846 1 1
0.172906403940885 1 1
0.173091133004925 1 1
0.173275862068964 1 1
0.173460591133004 1 1
0.173645320197043 1 1
0.173830049261082 1 1
0.174014778325122 1 1
0.174199507389161 1 1
0.174384236453201 1 1
0.17456896551724 1 1
0.174753694581279 1 1
0.174938423645319 1 1
0.175123152709358 1 1
0.175307881773398 1 1
0.175492610837437 1 1
0.175677339901476 1 1
0.175862068965516 1 1
0.176046798029555 1 1
0.176231527093595 1 1
0.176416256157634 1 1
0.176600985221674 1 1
0.176785714285713 1 1
0.176970443349752 1 1
0.177155172413792 1 1
0.177339901477831 1 1
0.177524630541871 1 1
0.17770935960591 1 1
0.177894088669949 1 1
0.178078817733989 1 1
0.178263546798028 1 1
0.178448275862068 1 1
0.178633004926107 1 1
0.178817733990146 1 1
0.179002463054186 1 1
0.179187192118225 1 1
0.179371921182265 1 1
0.179556650246304 1 1
0.179741379310343 1 1
0.179926108374383 1 1
0.180110837438422 1 1
0.180295566502462 1 1
0.180480295566501 1 1
0.18066502463054 1 1
0.18084975369458 1 1
0.181034482758619 1 1
0.181219211822659 1 1
0.181403940886698 1 1
0.181588669950737 1 1
0.181773399014777 1 1
0.181958128078816 1 1
0.182142857142856 1 1
0.182327586206895 1 1
0.182512315270935 1 1
0.182697044334974 1 1
0.182881773399013 1 1
0.183066502463053 1 1
0.183251231527092 1 1
0.183435960591132 1 1
0.183620689655171 1 1
0.18380541871921 1 1
0.18399014778325 1 1
0.184174876847289 1 1
0.184359605911329 1 1
0.184544334975368 1 1
0.184729064039407 1 1
0.184913793103447 1 1
0.185098522167486 1 1
0.185283251231526 1 1
0.185467980295565 1 1
0.185652709359604 1 1
0.185837438423644 1 1
0.186022167487683 1 1
0.186206896551723 1 1
0.186391625615762 1 1
0.186576354679801 1 1
0.186761083743841 1 1
0.18694581280788 1 1
0.18713054187192 1 1
0.187315270935959 1 1
0.187499999999999 1 1
0.187684729064038 1 1
0.187869458128077 1 1
0.188054187192117 1 1
0.188238916256156 1 1
0.188423645320196 1 1
0.188608374384235 1 1
0.188793103448274 1 1
0.188977832512314 1 1
0.189162561576353 1 1
0.189347290640393 1 1
0.189532019704432 1 1
0.189716748768471 1 1
0.189901477832511 1 1
0.19008620689655 1 1
0.19027093596059 1 1
0.190455665024629 1 1
0.190640394088668 1 1
0.190825123152708 1 1
0.191009852216747 1 1
0.191194581280787 1 1
0.191379310344826 1 1
0.191564039408865 1 1
0.191748768472905 1 1
0.191933497536944 1 1
0.192118226600984 1 1
0.192302955665023 1 1
0.192487684729063 1 1
0.192672413793102 1 1
0.192857142857141 1 1
0.193041871921181 1 1
0.19322660098522 1 1
0.19341133004926 1 1
0.193596059113299 1 1
0.193780788177338 1 1
0.193965517241378 1 1
0.194150246305417 1 1
0.194334975369457 1 1
0.194519704433496 1 1
0.194704433497535 1 1
0.194889162561575 1 1
0.195073891625614 1 1
0.195258620689654 1 1
0.195443349753693 1 1
0.195628078817732 1 1
0.195812807881772 1 1
0.195997536945811 1 1
0.196182266009851 1 1
0.19636699507389 1 1
0.196551724137929 1 1
0.196736453201969 1 1
0.196921182266008 1 1
0.197105911330048 1 1
0.197290640394087 1 1
0.197475369458127 1 1
0.197660098522166 1 1
0.197844827586205 1 1
0.198029556650245 1 1
0.198214285714284 1 1
0.198399014778324 1 1
0.198583743842363 1 1
0.198768472906402 1 1
0.198953201970442 1 1
0.199137931034481 1 1
0.199322660098521 1 1
0.19950738916256 1 1
0.199692118226599 1 1
0.199876847290639 1 1
0.200061576354678 1 1
0.200246305418718 1 1
0.200431034482757 1 1
0.200615763546796 1 1
0.200800492610836 1 1
0.200985221674875 1 1
0.201169950738915 1 1
0.201354679802954 1 1
0.201539408866993 1 1
0.201724137931033 1 1
0.201908866995072 1 1
0.202093596059112 1 1
0.202278325123151 1 1
0.202463054187191 1 1
0.20264778325123 1 1
0.202832512315269 1 1
0.203017241379309 1 1
0.203201970443348 1 1
0.203386699507388 1 1
0.203571428571427 1 1
0.203756157635466 1 1
0.203940886699506 1 1
0.204125615763545 1 1
0.204310344827585 1 1
0.204495073891624 1 1
0.204679802955663 1 1
0.204864532019703 1 1
0.205049261083742 1 1
0.205233990147782 1 1
0.205418719211821 1 1
0.20560344827586 1 1
0.2057881773399 1 1
0.205972906403939 1 1
0.206157635467979 1 1
0.206342364532018 1 1
0.206527093596057 1 1
0.206711822660097 1 1
0.206896551724136 1 1
0.207081280788176 1 1
0.207266009852215 1 1
0.207450738916255 1 1
0.207635467980294 1 1
0.207820197044333 1 1
0.208004926108373 1 1
0.208189655172412 1 1
0.208374384236452 1 1
0.208559113300491 1 1
0.20874384236453 1 1
0.20892857142857 1 1
0.209113300492609 1 1
0.209298029556649 1 1
0.209482758620688 1 1
0.209667487684727 1 1
0.209852216748767 1 1
0.210036945812806 1 1
0.210221674876846 1 1
0.210406403940885 1 1
0.210591133004924 1 1
0.210775862068964 1 1
0.210960591133003 1 1
0.211145320197043 1 1
0.211330049261082 1 1
0.211514778325121 1 1
0.211699507389161 1 1
0.2118842364532 1 1
0.21206896551724 1 1
0.212253694581279 1 1
0.212438423645319 1 1
0.212623152709358 1 1
0.212807881773397 1 1
0.212992610837437 1 1
0.213177339901476 1 1
0.213362068965516 1 1
0.213546798029555 1 1
0.213731527093594 1 1
0.213916256157634 1 1
0.214100985221673 1 1
0.214285714285713 1 1
0.214470443349752 1 1
0.214655172413791 1 1
0.214839901477831 1 1
0.21502463054187 1 1
0.21520935960591 1 1
0.215394088669949 1 1
0.215578817733988 1 1
0.215763546798028 1 1
0.215948275862067 1 1
0.216133004926107 1 1
0.216317733990146 1 1
0.216502463054185 1 1
0.216687192118225 1 1
0.216871921182264 1 1
0.217056650246304 1 1
0.217241379310343 1 1
0.217426108374383 1 1
0.217610837438422 1 1
0.217795566502461 1 1
0.217980295566501 1 1
0.21816502463054 1 1
0.21834975369458 1 1
0.218534482758619 1 1
0.218719211822658 1 1
0.218903940886698 1 1
0.219088669950737 1 1
0.219273399014777 1 1
0.219458128078816 1 1
0.219642857142855 1 1
0.219827586206895 1 1
0.220012315270934 1 1
0.220197044334974 1 1
0.220381773399013 1 1
0.220566502463052 1 1
0.220751231527092 1 1
0.220935960591131 1 1
0.221120689655171 1 1
0.22130541871921 1 1
0.221490147783249 1 1
0.221674876847289 1 1
0.221859605911328 1 1
0.222044334975368 1 1
0.222229064039407 1 1
0.222413793103446 1 1
0.222598522167486 1 1
0.222783251231525 1 1
0.222967980295565 1 1
0.223152709359604 1 1
0.223337438423644 1 1
0.223522167487683 1 1
0.223706896551722 1 1
0.223891625615762 1 1
0.224076354679801 1 1
0.224261083743841 1 1
0.22444581280788 1 1
0.224630541871919 1 1
0.224815270935959 1 1
0.224999999999998 1 1
0.225184729064038 1 1
0.225369458128077 1 1
0.225554187192116 1 1
0.225738916256156 1 1
0.225923645320195 1 1
0.226108374384235 1 1
0.226293103448274 1 1
0.226477832512313 1 1
0.226662561576353 1 1
0.226847290640392 1 1
0.227032019704432 1 1
0.227216748768471 1 1
0.22740147783251 1 1
0.22758620689655 1 1
0.227770935960589 1 1
0.227955665024629 1 1
0.228140394088668 1 1
0.228325123152708 1 1
0.228509852216747 1 1
0.228694581280786 1 1
0.228879310344826 1 1
0.229064039408865 1 1
0.229248768472905 1 1
0.229433497536944 1 1
0.229618226600983 1 1
0.229802955665023 1 1
0.229987684729062 1 1
0.230172413793102 1 1
0.230357142857141 1 1
0.23054187192118 1 1
0.23072660098522 1 1
0.230911330049259 1 1
0.231096059113299 1 1
0.231280788177338 1 1
0.231465517241377 1 1
0.231650246305417 1 1
0.231834975369456 1 1
0.232019704433496 1 1
0.232204433497535 1 1
0.232389162561574 1 1
0.232573891625614 1 1
0.232758620689653 1 1
0.232943349753693 1 1
0.233128078817732 1 1
0.233312807881772 1 1
0.233497536945811 1 1
0.23368226600985 1 1
0.23386699507389 1 1
0.234051724137929 1 1
0.234236453201969 1 1
0.234421182266008 1 1
0.234605911330047 1 1
0.234790640394087 1 1
0.234975369458126 1 1
0.235160098522166 1 1
0.235344827586205 1 1
0.235529556650244 1 1
0.235714285714284 1 1
0.235899014778323 1 1
0.236083743842363 1 1
0.236268472906402 1 1
0.236453201970441 1 1
0.236637931034481 1 1
0.23682266009852 1 1
0.23700738916256 1 1
0.237192118226599 1 1
0.237376847290638 1 1
0.237561576354678 1 1
0.237746305418717 1 1
0.237931034482757 1 1
0.238115763546796 1 1
0.238300492610836 1 1
0.238485221674875 1 1
0.238669950738914 1 1
0.238854679802954 1 1
0.239039408866993 1 1
0.239224137931033 1 1
0.239408866995072 1 1
0.239593596059111 1 1
0.239778325123151 1 1
0.23996305418719 1 1
0.24014778325123 1 1
0.240332512315269 1 1
0.240517241379308 1 1
0.240701970443348 1 1
0.240886699507387 1 1
0.241071428571427 1 1
0.241256157635466 1 1
0.241440886699505 1 1
0.241625615763545 1 1
0.241810344827584 1 1
0.241995073891624 1 1
0.242179802955663 1 1
0.242364532019702 1 1
0.242549261083742 1 1
0.242733990147781 1 1
0.242918719211821 1 1
0.24310344827586 1 1
0.2432881773399 1 1
0.243472906403939 1 1
0.243657635467978 1 1
0.243842364532018 1 1
0.244027093596057 1 1
0.244211822660097 1 1
0.244396551724136 1 1
0.244581280788175 1 1
0.244766009852215 1 1
0.244950738916254 1 1
0.245135467980294 1 1
0.245320197044333 1 1
0.245504926108372 1 1
0.245689655172412 1 1
0.245874384236451 1 1
0.246059113300491 1 1
0.24624384236453 1 1
0.246428571428569 1 1
0.246613300492609 1 1
0.246798029556648 1 1
0.246982758620688 1 1
0.247167487684727 1 1
0.247352216748766 1 1
0.247536945812806 1 1
0.247721674876845 1 1
0.247906403940885 1 1
0.248091133004924 1 1
0.248275862068964 1 1
0.248460591133003 1 1
0.248645320197042 1 1
0.248830049261082 1 1
0.249014778325121 1 1
0.249199507389161 1 1
0.2493842364532 1 1
0.249568965517239 1 1
0.249753694581279 1 1
0.249938423645318 1 1
0.250123152709358 1 1
0.250307881773397 1 1
0.250492610837436 1 1
0.250677339901476 1 1
0.250862068965515 1 1
0.251046798029555 1 1
0.251231527093594 1 1
0.251416256157634 1 1
0.251600985221673 1 1
0.251785714285713 1 1
0.251970443349752 1 1
0.252155172413791 1 1
0.252339901477831 1 1
0.25252463054187 1 1
0.25270935960591 1 1
0.252894088669949 1 1
0.253078817733989 1 1
0.253263546798028 1 1
0.253448275862067 1 1
0.253633004926107 1 1
0.253817733990146 1 1
0.254002463054186 1 1
0.254187192118225 1 1
0.254371921182265 1 1
0.254556650246304 1 1
0.254741379310343 1 1
0.254926108374383 1 1
0.255110837438422 1 1
0.255295566502462 1 1
0.255480295566501 1 1
0.255665024630541 1 1
0.25584975369458 1 1
0.25603448275862 1 1
0.256219211822659 1 1
0.256403940886698 1 1
0.256588669950738 1 1
0.256773399014777 1 1
0.256958128078817 1 1
0.257142857142856 1 1
0.257327586206896 1 1
0.257512315270935 1 1
0.257697044334974 1 1
0.257881773399014 1 1
0.258066502463053 1 1
0.258251231527093 1 1
0.258435960591132 1 1
0.258620689655172 1 1
0.258805418719211 1 1
0.25899014778325 1 1
0.25917487684729 1 1
0.259359605911329 1 1
0.259544334975369 1 1
0.259729064039408 1 1
0.259913793103448 1 1
0.260098522167487 1 1
0.260283251231527 1 1
0.260467980295566 1 1
0.260652709359605 1 1
0.260837438423645 1 1
0.261022167487684 1 1
0.261206896551724 1 1
0.261391625615763 1 1
0.261576354679803 1 1
0.261761083743842 1 1
0.261945812807881 1 1
0.262130541871921 1 1
0.26231527093596 1 1
0.2625 1 1
0.262684729064039 1 1
0.262869458128079 1 1
0.263054187192118 1 1
0.263238916256157 1 1
0.263423645320197 1 1
0.263608374384236 1 1
0.263793103448276 1 1
0.263977832512315 1 1
0.264162561576355 1 1
0.264347290640394 1 1
0.264532019704434 1 1
0.264716748768473 1 1
0.264901477832512 1 1
0.265086206896552 1 1
0.265270935960591 1 1
0.265455665024631 1 1
0.26564039408867 1 1
0.26582512315271 1 1
0.266009852216749 1 1
0.266194581280788 1 1
0.266379310344828 1 1
0.266564039408867 1 1
0.266748768472907 1 1
0.266933497536946 1 1
0.267118226600986 1 1
0.267302955665025 1 1
0.267487684729064 1 1
0.267672413793104 1 1
0.267857142857143 1 1
0.268041871921183 1 1
0.268226600985222 1 1
0.268411330049262 1 1
0.268596059113301 1 1
0.268780788177341 1 1
0.26896551724138 1 1
0.269150246305419 1 1
0.269334975369459 1 1
0.269519704433498 1 1
0.269704433497538 1 1
0.269889162561577 1 1
0.270073891625617 1 1
0.270258620689656 1 1
0.270443349753695 1 1
0.270628078817735 1 1
0.270812807881774 1 1
0.270997536945814 1 1
0.271182266009853 1 1
0.271366995073893 1 1
0.271551724137932 1 1
0.271736453201971 1 1
0.271921182266011 1 1
0.27210591133005 1 1
0.27229064039409 1 1
0.272475369458129 1 1
0.272660098522169 1 1
0.272844827586208 1 1
0.273029556650248 1 1
0.273214285714287 1 1
0.273399014778326 1 1
0.273583743842366 1 1
0.273768472906405 1 1
0.273953201970445 1 1
0.274137931034484 1 1
0.274322660098524 1 1
0.274507389162563 1 1
0.274692118226602 1 1
0.274876847290642 1 1
0.275061576354681 1 1
0.275246305418721 1 1
0.27543103448276 1 1
0.2756157635468 1 1
0.275800492610839 1 1
0.275985221674878 1 1
0.276169950738918 1 1
0.276354679802957 1 1
0.276539408866997 1 1
0.276724137931036 1 1
0.276908866995076 1 1
0.277093596059115 1 1
0.277278325123155 1 1
0.277463054187194 1 1
0.277647783251233 1 1
0.277832512315273 1 1
0.278017241379312 1 1
0.278201970443352 1 1
0.278386699507391 1 1
0.278571428571431 1 1
0.27875615763547 1 1
0.278940886699509 1 1
0.279125615763549 1 1
0.279310344827588 1 1
0.279495073891628 1 1
0.279679802955667 1 1
0.279864532019707 1 1
0.280049261083746 1 1
0.280233990147785 1 1
0.280418719211825 1 1
0.280603448275864 1 1
0.280788177339904 1 1
0.280972906403943 1 1
0.281157635467983 1 1
0.281342364532022 1 1
0.281527093596062 1 1
0.281711822660101 1 1
0.28189655172414 1 1
0.28208128078818 1 1
0.282266009852219 1 1
0.282450738916259 1 1
0.282635467980298 1 1
0.282820197044338 1 1
0.283004926108377 1 1
0.283189655172416 1 1
0.283374384236456 1 1
0.283559113300495 1 1
0.283743842364535 1 1
0.283928571428574 1 1
0.284113300492614 1 1
0.284298029556653 1 1
0.284482758620692 1 1
0.284667487684732 1 1
0.284852216748771 1 1
0.285036945812811 1 1
0.28522167487685 1 1
0.28540640394089 1 1
0.285591133004929 1 1
0.285775862068969 1 1
0.285960591133008 1 1
0.286145320197047 1 1
0.286330049261087 1 1
0.286514778325126 1 1
0.286699507389166 1 1
0.286884236453205 1 1
0.287068965517245 1 1
0.287253694581284 1 1
0.287438423645323 1 1
0.287623152709363 1 1
0.287807881773402 1 1
0.287992610837442 1 1
0.288177339901481 1 1
0.288362068965521 1 1
0.28854679802956 1 1
0.2887315270936 1 1
0.288916256157639 1 1
0.289100985221678 1 1
0.289285714285718 1 1
0.289470443349757 1 1
0.289655172413797 1 1
0.289839901477836 1 1
0.290024630541876 1 1
0.290209359605915 1 1
0.290394088669954 1 1
0.290578817733994 1 1
0.290763546798033 1 1
0.290948275862073 1 1
0.291133004926112 1 1
0.291317733990152 1 1
0.291502463054191 1 1
0.29168719211823 1 1
0.29187192118227 1 1
0.292056650246309 1 1
0.292241379310349 1 1
0.292426108374388 1 1
0.292610837438428 1 1
0.292795566502467 1 1
0.292980295566507 1 1
0.293165024630546 1 1
0.293349753694585 1 1
0.293534482758625 1 1
0.293719211822664 1 1
0.293903940886704 1 1
0.294088669950743 1 1
0.294273399014783 1 1
0.294458128078822 1 1
0.294642857142861 1 1
0.294827586206901 1 1
0.29501231527094 1 1
0.29519704433498 1 1
0.295381773399019 1 1
0.295566502463059 1 1
0.295751231527098 1 1
0.295935960591137 1 1
0.296120689655177 1 1
0.296305418719216 1 1
0.296490147783256 1 1
0.296674876847295 1 1
0.296859605911335 1 1
0.297044334975374 1 1
0.297229064039414 1 1
0.297413793103453 1 1
0.297598522167492 1 1
0.297783251231532 1 1
0.297967980295571 1 1
0.298152709359611 1 1
0.29833743842365 1 1
0.29852216748769 1 1
0.298706896551729 1 1
0.298891625615768 1 1
0.299076354679808 1 1
0.299261083743847 1 1
0.299445812807887 1 1
0.299630541871926 1 1
0.299815270935966 1 1
0.300000000000005 1 1
0.300123152709365 1 1
0.300246305418724 1 1
0.300369458128084 1 1
0.300492610837443 1 1
0.300615763546803 1 1
0.300738916256163 1 1
0.300862068965522 1 1
0.300985221674882 1 1
0.301108374384241 1 1
0.301231527093601 1 1
0.30135467980296 1 1
0.30147783251232 1 1
0.30160098522168 1 1
0.301724137931039 1 1
0.301847290640399 1 1
0.301970443349758 1 1
0.302093596059118 1 1
0.302216748768478 1 1
0.302339901477837 1 1
0.302463054187197 1 1
0.302586206896556 1 1
0.302709359605916 1 1
0.302832512315276 1 1
0.302955665024635 1 1
0.303078817733995 1 1
0.303201970443354 1 1
0.303325123152714 1 1
0.303448275862073 1 1
0.303571428571433 1 1
0.303694581280793 1 1
0.303817733990152 1 1
0.303940886699512 1 1
0.304064039408871 1 1
0.304187192118231 1 1
0.304310344827591 1 1
0.30443349753695 1 1
0.30455665024631 1 1
0.304679802955669 1 1
0.304802955665029 1 1
0.304926108374388 1 1
0.305049261083748 1 1
0.305172413793108 1 1
0.305295566502467 1 1
0.305418719211827 1 1
0.305541871921186 1 1
0.305665024630546 1 1
0.305788177339906 1 1
0.305911330049265 1 1
0.306034482758625 1 1
0.306157635467984 1 1
0.306280788177344 1 1
0.306403940886704 1 1
0.306527093596063 1 1
0.306650246305423 1 1
0.306773399014782 1 1
0.306896551724142 1 1
0.307019704433501 1 1
0.307142857142861 1 1
0.307266009852221 1 1
0.30738916256158 1 1
0.30751231527094 1 1
0.307635467980299 1 1
0.307758620689659 1 1
0.307881773399019 1 1
0.308004926108378 1 1
0.308128078817738 1 1
0.308251231527097 1 1
0.308374384236457 1 1
0.308497536945816 1 1
0.308620689655176 1 1
0.308743842364536 1 1
0.308866995073895 1 1
0.308990147783255 1 1
0.309113300492614 1 1
0.309236453201974 1 1
0.309359605911334 1 1
0.309482758620693 1 1
0.309605911330053 1 1
0.309729064039412 1 1
0.309852216748772 1 1
0.309975369458132 1 1
0.310098522167491 1 1
0.310221674876851 1 1
0.31034482758621 1 1
0.31046798029557 1 1
0.310591133004929 1 1
0.310714285714289 1 1
0.310837438423649 1 1
0.310960591133008 1 1
0.311083743842368 1 1
0.311206896551727 1 1
0.311330049261087 1 1
0.311453201970447 1 1
0.311576354679806 1 1
0.311699507389166 1 1
0.311822660098525 1 1
0.311945812807885 1 1
0.312068965517245 1 1
0.312192118226604 1 1
0.312315270935964 1 1
0.312438423645323 1 1
0.312561576354683 1 1
0.312684729064042 1 1
0.312807881773402 1 1
0.312931034482762 1 1
0.313054187192121 1 1
0.313177339901481 1 1
0.31330049261084 1 1
0.3134236453202 1 1
0.31354679802956 1 1
0.313669950738919 1 1
0.313793103448279 1 1
0.313916256157638 1 1
0.314039408866998 1 1
0.314162561576357 1 1
0.314285714285717 1 1
0.314408866995077 1 1
0.314532019704436 1 1
0.314655172413796 1 1
0.314778325123155 1 1
0.314901477832515 1 1
0.315024630541875 1 1
0.315147783251234 1 1
0.315270935960594 1 1
0.315394088669953 1 1
0.315517241379313 1 1
0.315640394088673 1 1
0.315763546798032 1 1
0.315886699507392 1 1
0.316009852216751 1 1
0.316133004926111 1 1
0.31625615763547 1 1
0.31637931034483 1 1
0.31650246305419 1 1
0.316625615763549 1 1
0.316748768472909 1 1
0.316871921182268 1 1
0.316995073891628 1 1
0.317118226600988 1 1
0.317241379310347 1 1
0.317364532019707 1 1
0.317487684729066 1 1
0.317610837438426 1 1
0.317733990147785 1 1
0.317857142857145 1 1
0.317980295566505 1 1
0.318103448275864 1 1
0.318226600985224 1 1
0.318349753694583 1 1
0.318472906403943 1 1
0.318596059113303 1 1
0.318719211822662 1 1
0.318842364532022 1 1
0.318965517241381 1 1
0.319088669950741 1 1
0.319211822660101 1 1
0.31933497536946 1 1
0.31945812807882 1 1
0.319581280788179 1 1
0.319704433497539 1 1
0.319827586206898 1 1
0.319950738916258 1 1
0.320073891625618 1 1
0.320197044334977 1 1
0.320320197044337 1 1
0.320443349753696 1 1
0.320566502463056 1 1
0.320689655172416 1 1
0.320812807881775 1 1
0.320935960591135 1 1
0.321059113300494 1 1
0.321182266009854 1 1
0.321305418719213 1 1
0.321428571428573 1 1
0.321551724137933 1 1
0.321674876847292 1 1
0.321798029556652 1 1
0.321921182266011 1 1
0.322044334975371 1 1
0.322167487684731 1 1
0.32229064039409 1 1
0.32241379310345 1 1
0.322536945812809 1 1
0.322660098522169 1 1
0.322783251231529 1 1
0.322906403940888 1 1
0.323029556650248 1 1
0.323152709359607 1 1
0.323275862068967 1 1
0.323399014778326 1 1
0.323522167487686 1 1
0.323645320197046 1 1
0.323768472906405 1 1
0.323891625615765 1 1
0.324014778325124 1 1
0.324137931034484 1 1
0.324261083743844 1 1
0.324384236453203 1 1
0.324507389162563 1 1
0.324630541871922 1 1
0.324753694581282 1 1
0.324876847290641 1 1
0.325000000000001 1 1
0.325123152709361 1 1
0.32524630541872 1 1
0.32536945812808 1 1
0.325492610837439 1 1
0.325615763546799 1 1
0.325738916256159 1 1
0.325862068965518 1 1
0.325985221674878 1 1
0.326108374384237 1 1
0.326231527093597 1 1
0.326354679802957 1 1
0.326477832512316 1 1
0.326600985221676 1 1
0.326724137931035 1 1
0.326847290640395 1 1
0.326970443349754 1 1
0.327093596059114 1 1
0.327216748768474 1 1
0.327339901477833 1 1
0.327463054187193 1 1
0.327586206896552 1 1
0.327709359605912 1 1
0.327832512315272 1 1
0.327955665024631 1 1
0.328078817733991 1 1
0.32820197044335 1 1
0.32832512315271 1 1
0.328448275862069 1 1
0.328571428571429 1 1
0.328694581280789 1 1
0.328817733990148 1 1
0.328940886699508 1 1
0.329064039408867 1 1
0.329187192118227 1 1
0.329310344827587 1 1
0.329433497536946 1 1
0.329556650246306 1 1
0.329679802955665 1 1
0.329802955665025 1 1
0.329926108374385 1 1
0.330049261083744 1 1
0.330172413793104 1 1
0.330295566502463 1 1
0.330418719211823 1 1
0.330541871921182 1 1
0.330665024630542 1 1
0.330788177339902 1 1
0.330911330049261 1 1
0.331034482758621 1 1
0.33115763546798 1 1
0.33128078817734 1 1
0.3314039408867 1 1
0.331527093596059 1 1
0.331650246305419 1 1
0.331773399014778 1 1
0.331896551724138 1 1
0.332019704433497 1 1
0.332142857142857 1 1
0.332266009852217 1 1
0.332389162561576 1 1
0.332512315270936 1 1
0.332635467980295 1 1
0.332758620689655 1 1
0.332881773399015 1 1
0.333004926108374 1 1
0.333128078817734 1 1
0.333251231527093 1 1
0.333374384236453 1 1
0.333497536945813 1 1
0.333620689655172 1 1
0.333743842364532 1 1
0.333866995073891 1 1
0.333990147783251 1 1
0.33411330049261 1 1
0.33423645320197 1 1
0.33435960591133 1 1
0.334482758620689 1 1
0.334605911330049 1 1
0.334729064039408 1 1
0.334852216748768 1 1
0.334975369458128 1 1
0.335098522167487 1 1
0.335221674876847 1 1
0.335344827586206 1 1
0.335467980295566 1 1
0.335591133004925 1 1
0.335714285714285 1 1
0.335837438423645 1 1
0.335960591133004 1 1
0.336083743842364 1 1
0.336206896551723 1 1
0.336330049261083 1 1
0.336453201970443 1 1
0.336576354679802 1 1
0.336699507389162 1 1
0.336822660098521 1 1
0.336945812807881 1 1
0.337068965517241 1 1
0.3371921182266 1 1
0.33731527093596 1 1
0.337438423645319 1 1
0.337561576354679 1 1
0.337684729064038 1 1
0.337807881773398 1 1
0.337931034482758 1 1
0.338054187192117 1 1
0.338177339901477 1 1
0.338300492610836 1 1
0.338423645320196 1 1
0.338546798029556 1 1
0.338669950738915 1 1
0.338793103448275 1 1
0.338916256157634 1 1
0.339039408866994 1 1
0.339162561576353 1 1
0.339285714285713 1 1
0.339408866995073 1 1
0.339532019704432 1 1
0.339655172413792 1 1
0.339778325123151 1 1
0.339901477832511 1 1
0.340024630541871 1 1
0.34014778325123 1 1
0.34027093596059 1 1
0.340394088669949 1 1
0.340517241379309 1 1
0.340640394088669 1 1
0.340763546798028 1 1
0.340886699507388 1 1
0.341009852216747 1 1
0.341133004926107 1 1
0.341256157635466 1 1
0.341379310344826 1 1
0.341502463054186 1 1
0.341625615763545 1 1
0.341748768472905 1 1
0.341871921182264 1 1
0.341995073891624 1 1
0.342118226600984 1 1
0.342241379310343 1 1
0.342364532019703 1 1
0.342487684729062 1 1
0.342610837438422 1 1
0.342733990147781 1 1
0.342857142857141 1 1
0.342980295566501 1 1
0.34310344827586 1 1
0.34322660098522 1 1
0.343349753694579 1 1
0.343472906403939 1 1
0.343596059113299 1 1
0.343719211822658 1 1
0.343842364532018 1 1
0.343965517241377 1 1
0.344088669950737 1 1
0.344211822660097 1 1
0.344334975369456 1 1
0.344458128078816 1 1
0.344581280788175 1 1
0.344704433497535 1 1
0.344827586206894 1 1
0.344950738916254 1 1
0.345073891625614 1 1
0.345197044334973 1 1
0.345320197044333 1 1
0.345443349753692 1 1
0.345566502463052 1 1
0.345689655172412 1 1
0.345812807881771 1 1
0.345935960591131 1 1
0.34605911330049 1 1
0.34618226600985 1 1
0.34630541871921 1 1
0.346428571428569 1 1
0.346551724137929 1 1
0.346674876847288 1 1
0.346798029556648 1 1
0.346921182266007 1 1
0.347044334975367 1 1
0.347167487684727 1 1
0.347290640394086 1 1
0.347413793103446 1 1
0.347536945812805 1 1
0.347660098522165 1 1
0.347783251231525 1 1
0.347906403940884 1 1
0.348029556650244 1 1
0.348152709359603 1 1
0.348275862068963 1 1
0.348399014778322 1 1
0.348522167487682 1 1
0.348645320197042 1 1
0.348768472906401 1 1
0.348891625615761 1 1
0.34901477832512 1 1
0.34913793103448 1 1
0.34926108374384 1 1
0.349384236453199 1 1
0.349507389162559 1 1
0.349630541871918 1 1
0.349753694581278 1 1
0.349876847290638 1 1
0.349999999999997 1 1
0.350123152709357 1 1
0.350246305418716 1 1
0.350369458128076 1 1
0.350492610837435 1 1
0.350615763546795 1 1
0.350738916256155 1 1
0.350862068965514 1 1
0.350985221674874 1 1
0.351108374384233 1 1
0.351231527093593 1 1
0.351354679802953 1 1
0.351477832512312 1 1
0.351600985221672 1 1
0.351724137931031 1 1
0.351847290640391 1 1
0.35197044334975 1 1
0.35209359605911 1 1
0.35221674876847 1 1
0.352339901477829 1 1
0.352463054187189 1 1
0.352586206896548 1 1
0.352709359605908 1 1
0.352832512315268 1 1
0.352955665024627 1 1
0.353078817733987 1 1
0.353201970443346 1 1
0.353325123152706 1 1
0.353448275862066 1 1
0.353571428571425 1 1
0.353694581280785 1 1
0.353817733990144 1 1
0.353940886699504 1 1
0.354064039408863 1 1
0.354187192118223 1 1
0.354310344827583 1 1
0.354433497536942 1 1
0.354556650246302 1 1
0.354679802955661 1 1
0.354802955665021 1 1
0.354926108374381 1 1
0.35504926108374 1 1
0.3551724137931 1 1
0.355295566502459 1 1
0.355418719211819 1 1
0.355541871921178 1 1
0.355665024630538 1 1
0.355788177339898 1 1
0.355911330049257 1 1
0.356034482758617 1 1
0.356157635467976 1 1
0.356280788177336 1 1
0.356403940886696 1 1
0.356527093596055 1 1
0.356650246305415 1 1
0.356773399014774 1 1
0.356896551724134 1 1
0.357019704433494 1 1
0.357142857142853 1 1
0.357266009852213 1 1
0.357389162561572 1 1
0.357512315270932 1 1
0.357635467980291 1 1
0.357758620689651 1 1
0.357881773399011 1 1
0.35800492610837 1 1
0.35812807881773 1 1
0.358251231527089 1 1
0.358374384236449 1 1
0.358497536945809 1 1
0.358620689655168 1 1
0.358743842364528 1 1
0.358866995073887 1 1
0.358990147783247 1 1
0.359113300492606 1 1
0.359236453201966 1 1
0.359359605911326 1 1
0.359482758620685 1 1
0.359605911330045 1 1
0.359729064039404 1 1
0.359852216748764 1 1
0.359975369458124 1 1
0.360098522167483 1 1
0.360221674876843 1 1
0.360344827586202 1 1
0.360467980295562 1 1
0.360591133004922 1 1
0.360714285714281 1 1
0.360837438423641 1 1
0.360960591133 1 1
0.36108374384236 1 1
0.361206896551719 1 1
0.361330049261079 1 1
0.361453201970439 1 1
0.361576354679798 1 1
0.361699507389158 1 1
0.361822660098517 1 1
0.361945812807877 1 1
0.362068965517237 1 1
0.362192118226596 1 1
0.362315270935956 1 1
0.362438423645315 1 1
0.362561576354675 1 1
0.362684729064034 1 1
0.362807881773394 1 1
0.362931034482754 1 1
0.363054187192113 1 1
0.363177339901473 1 1
0.363300492610832 1 1
0.363423645320192 1 1
0.363546798029552 1 1
0.363669950738911 1 1
0.363793103448271 1 1
0.36391625615763 1 1
0.36403940886699 1 1
0.36416256157635 1 1
0.364285714285709 1 1
0.364408866995069 1 1
0.364532019704428 1 1
0.364655172413788 1 1
0.364778325123147 1 1
0.364901477832507 1 1
0.365024630541867 1 1
0.365147783251226 1 1
0.365270935960586 1 1
0.365394088669945 1 1
0.365517241379305 1 1
0.365640394088665 1 1
0.365763546798024 1 1
0.365886699507384 1 1
0.366009852216743 1 1
0.366133004926103 1 1
0.366256157635462 1 1
0.366379310344822 1 1
0.366502463054182 1 1
0.366625615763541 1 1
0.366748768472901 1 1
0.36687192118226 1 1
0.36699507389162 1 1
0.36711822660098 1 1
0.367241379310339 1 1
0.367364532019699 1 1
0.367487684729058 1 1
0.367610837438418 1 1
0.367733990147778 1 1
0.367857142857137 1 1
0.367980295566497 1 1
0.368103448275856 1 1
0.368226600985216 1 1
0.368349753694575 1 1
0.368472906403935 1 1
0.368596059113295 1 1
0.368719211822654 1 1
0.368842364532014 1 1
0.368965517241373 1 1
0.369088669950733 1 1
0.369211822660093 1 1
0.369334975369452 1 1
0.369458128078812 1 1
0.369581280788171 1 1
0.369704433497531 1 1
0.36982758620689 1 1
0.36995073891625 1 1
0.37007389162561 1 1
0.370197044334969 1 1
0.370320197044329 1 1
0.370443349753688 1 1
0.370566502463048 1 1
0.370689655172408 1 1
0.370812807881767 1 1
0.370935960591127 1 1
0.371059113300486 1 1
0.371182266009846 1 1
0.371305418719206 1 1
0.371428571428565 1 1
0.371551724137925 1 1
0.371674876847284 1 1
0.371798029556644 1 1
0.371921182266003 1 1
0.372044334975363 1 1
0.372167487684723 1 1
0.372290640394082 1 1
0.372413793103442 1 1
0.372536945812801 1 1
0.372660098522161 1 1
0.372783251231521 1 1
0.37290640394088 1 1
0.37302955665024 1 1
0.373152709359599 1 1
0.373275862068959 1 1
0.373399014778318 1 1
0.373522167487678 1 1
0.373645320197038 1 1
0.373768472906397 1 1
0.373891625615757 1 1
0.374014778325116 1 1
0.374137931034476 1 1
0.374261083743836 1 1
0.374384236453195 1 1
0.374507389162555 1 1
0.374630541871914 1 1
0.374753694581274 1 1
0.374876847290634 1 1
0.374999999999993 1 1
0.375123152709353 1 1
0.375246305418712 1 1
0.375369458128072 1 1
0.375492610837431 1 1
0.375615763546791 1 1
0.375738916256151 1 1
0.37586206896551 1 1
0.37598522167487 1 1
0.376108374384229 1 1
0.376231527093589 1 1
0.376354679802949 1 1
0.376477832512308 1 1
0.376600985221668 1 1
0.376724137931027 1 1
0.376847290640387 1 1
0.376970443349746 1 1
0.377093596059106 1 1
0.377216748768466 1 1
0.377339901477825 1 1
0.377463054187185 1 1
0.377586206896544 1 1
0.377709359605904 1 1
0.377832512315264 1 1
0.377955665024623 1 1
0.378078817733983 1 1
0.378201970443342 1 1
0.378325123152702 1 1
0.378448275862062 1 1
0.378571428571421 1 1
0.378694581280781 1 1
0.37881773399014 1 1
0.3789408866995 1 1
0.379064039408859 1 1
0.379187192118219 1 1
0.379310344827579 1 1
0.379433497536938 1 1
0.379556650246298 1 1
0.379679802955657 1 1
0.379802955665017 1 1
0.379926108374377 1 1
0.380049261083736 1 1
0.380172413793096 1 1
0.380295566502455 1 1
0.380418719211815 1 1
0.380541871921175 1 1
0.380665024630534 1 1
0.380788177339894 1 1
0.380911330049253 1 1
0.381034482758613 1 1
0.381157635467972 1 1
0.381280788177332 1 1
0.381403940886692 1 1
0.381527093596051 1 1
0.381650246305411 1 1
0.38177339901477 1 1
0.38189655172413 1 1
0.38201970443349 1 1
0.382142857142849 1 1
0.382266009852209 1 1
0.382389162561568 1 1
0.382512315270928 1 1
0.382635467980287 1 1
0.382758620689647 1 1
0.382881773399007 1 1
0.383004926108366 1 1
0.383128078817726 1 1
0.383251231527085 1 1
0.383374384236445 1 1
0.383497536945805 1 1
0.383620689655164 1 1
0.383743842364524 1 1
0.383866995073883 1 1
0.383990147783243 1 1
0.384113300492603 1 1
0.384236453201962 1 1
0.384359605911322 1 1
0.384482758620681 1 1
0.384605911330041 1 1
0.3847290640394 1 1
0.38485221674876 1 1
0.38497536945812 1 1
0.385098522167479 1 1
0.385221674876839 1 1
0.385344827586198 1 1
0.385467980295558 1 1
0.385591133004918 1 1
0.385714285714277 1 1
0.385837438423637 1 1
0.385960591132996 1 1
0.386083743842356 1 1
0.386206896551715 1 1
0.386330049261075 1 1
0.386453201970435 1 1
0.386576354679794 1 1
0.386699507389154 1 1
0.386822660098513 1 1
0.386945812807873 1 1
0.387068965517233 1 1
0.387192118226592 1 1
0.387315270935952 1 1
0.387438423645311 1 1
0.387561576354671 1 1
0.387684729064031 1 1
0.38780788177339 1 1
0.38793103448275 1 1
0.388054187192109 1 1
0.388177339901469 1 1
0.388300492610828 1 1
0.388423645320188 1 1
0.388546798029548 1 1
0.388669950738907 1 1
0.388793103448267 1 1
0.388916256157626 1 1
0.389039408866986 1 1
0.389162561576346 1 1
0.389285714285705 1 1
0.389408866995065 1 1
0.389532019704424 1 1
0.389655172413784 1 1
0.389778325123143 1 1
0.389901477832503 1 1
0.390024630541863 1 1
0.390147783251222 1 1
0.390270935960582 1 1
0.390394088669941 1 1
0.390517241379301 1 1
0.390640394088661 1 1
0.39076354679802 1 1
0.39088669950738 1 1
0.391009852216739 1 1
0.391133004926099 1 1
0.391256157635459 1 1
0.391379310344818 1 1
0.391502463054178 1 1
0.391625615763537 1 1
0.391748768472897 1 1
0.391871921182256 1 1
0.391995073891616 1 1
0.392118226600976 1 1
0.392241379310335 1 1
0.392364532019695 1 1
0.392487684729054 1 1
0.392610837438414 1 1
0.392733990147774 1 1
0.392857142857133 1 1
0.392980295566493 1 1
0.393103448275852 1 1
0.393226600985212 1 1
0.393349753694571 1 1
0.393472906403931 1 1
0.393596059113291 1 1
0.39371921182265 1 1
0.39384236453201 1 1
0.393965517241369 1 1
0.394088669950729 1 1
0.394211822660089 1 1
0.394334975369448 1 1
0.394458128078808 1 1
0.394581280788167 1 1
0.394704433497527 1 1
0.394827586206887 1 1
0.394950738916246 1 1
0.395073891625606 1 1
0.395197044334965 1 1
0.395320197044325 1 1
0.395443349753684 1 1
0.395566502463044 1 1
0.395689655172404 1 1
0.395812807881763 1 1
0.395935960591123 1 1
0.396059113300482 1 1
0.396182266009842 1 1
0.396305418719202 1 1
0.396428571428561 1 1
0.396551724137921 1 1
0.39667487684728 1 1
0.39679802955664 1 1
0.396921182265999 1 1
0.397044334975359 1 1
0.397167487684719 1 1
0.397290640394078 1 1
0.397413793103438 1 1
0.397536945812797 1 1
0.397660098522157 1 1
0.397783251231517 1 1
0.397906403940876 1 1
0.398029556650236 1 1
0.398152709359595 1 1
0.398275862068955 1 1
0.398399014778315 1 1
0.398522167487674 1 1
0.398645320197034 1 1
0.398768472906393 1 1
0.398891625615753 1 1
0.399014778325112 1 1
0.399137931034472 1 1
0.399261083743832 1 1
0.399384236453191 1 1
0.399507389162551 1 1
0.39963054187191 1 1
0.39975369458127 1 1
0.39987684729063 1 1
0.399999999999989 1 1
0.400123152709349 1 1
0.400246305418708 1 1
0.400369458128068 1 1
0.400492610837427 1 1
0.400615763546787 1 1
0.400738916256147 1 1
0.400862068965506 1 1
0.400985221674866 1 1
0.401108374384225 1 1
0.401231527093585 1 1
0.401354679802945 1 1
0.401477832512304 1 1
0.401600985221664 1 1
0.401724137931023 1 1
0.401847290640383 1 1
0.401970443349743 1 1
0.402093596059102 1 1
0.402216748768462 1 1
0.402339901477821 1 1
0.402463054187181 1 1
0.40258620689654 1 1
0.4027093596059 1 1
0.40283251231526 1 1
0.402955665024619 1 1
0.403078817733979 1 1
0.403201970443338 1 1
0.403325123152698 1 1
0.403448275862058 1 1
0.403571428571417 1 1
0.403694581280777 1 1
0.403817733990136 1 1
0.403940886699496 1 1
0.404064039408855 1 1
0.404187192118215 1 1
0.404310344827575 1 1
0.404433497536934 1 1
0.404556650246294 1 1
0.404679802955653 1 1
0.404802955665013 1 1
0.404926108374373 1 1
0.405049261083732 1 1
0.405172413793092 1 1
0.405295566502451 1 1
0.405418719211811 1 1
0.405541871921171 1 1
0.40566502463053 1 1
0.40578817733989 1 1
0.405911330049249 1 1
0.406034482758609 1 1
0.406157635467968 1 1
0.406280788177328 1 1
0.406403940886688 1 1
0.406527093596047 1 1
0.406650246305407 1 1
0.406773399014766 1 1
0.406896551724126 1 1
0.407019704433486 1 1
0.407142857142845 1 1
0.407266009852205 1 1
0.407389162561564 1 1
0.407512315270924 1 1
0.407635467980283 1 1
0.407758620689643 1 1
0.407881773399003 1 1
0.408004926108362 1 1
0.408128078817722 1 1
0.408251231527081 1 1
0.408374384236441 1 1
0.408497536945801 1 1
0.40862068965516 1 1
0.40874384236452 1 1
0.408866995073879 1 1
0.408990147783239 1 1
0.409113300492599 1 1
0.409236453201958 1 1
0.409359605911318 1 1
0.409482758620677 1 1
0.409605911330037 1 1
0.409729064039396 1 1
0.409852216748756 1 1
0.409975369458116 1 1
0.410098522167475 1 1
0.410221674876835 1 1
0.410344827586194 1 1
0.410467980295554 1 1
0.410591133004914 1 1
0.410714285714273 1 1
0.410837438423633 1 1
0.410960591132992 1 1
0.411083743842352 1 1
0.411206896551711 1 1
0.411330049261071 1 1
0.411453201970431 1 1
0.41157635467979 1 1
0.41169950738915 1 1
0.411822660098509 1 1
0.411945812807869 1 1
0.412068965517229 1 1
0.412192118226588 1 1
0.412315270935948 1 1
0.412438423645307 1 1
0.412561576354667 1 1
0.412684729064027 1 1
0.412807881773386 1 1
0.412931034482746 1 1
0.413054187192105 1 1
0.413177339901465 1 1
0.413300492610824 1 1
0.413423645320184 1 1
0.413546798029544 1 1
0.413669950738903 1 1
0.413793103448263 1 1
0.413916256157622 1 1
0.414039408866982 1 1
0.414162561576342 1 1
0.414285714285701 1 1
0.414408866995061 1 1
0.41453201970442 1 1
0.41465517241378 1 1
0.41477832512314 1 1
0.414901477832499 1 1
0.415024630541859 1 1
0.415147783251218 1 1
0.415270935960578 1 1
0.415394088669937 1 1
0.415517241379297 1 1
0.415640394088657 1 1
0.415763546798016 1 1
0.415886699507376 1 1
0.416009852216735 1 1
0.416133004926095 1 1
0.416256157635455 1 1
0.416379310344814 1 1
0.416502463054174 1 1
0.416625615763533 1 1
0.416748768472893 1 1
0.416871921182252 1 1
0.416995073891612 1 1
0.417118226600972 1 1
0.417241379310331 1 1
0.417364532019691 1 1
0.41748768472905 1 1
0.41761083743841 1 1
0.41773399014777 1 1
0.417857142857129 1 1
0.417980295566489 1 1
0.418103448275848 1 1
0.418226600985208 1 1
0.418349753694568 1 1
0.418472906403927 1 1
0.418596059113287 1 1
0.418719211822646 1 1
0.418842364532006 1 1
0.418965517241365 1 1
0.419088669950725 1 1
0.419211822660085 1 1
0.419334975369444 1 1
0.419458128078804 1 1
0.419581280788163 1 1
0.419704433497523 1 1
0.419827586206883 1 1
0.419950738916242 1 1
0.420073891625602 1 1
0.420197044334961 1 1
0.420320197044321 1 1
0.42044334975368 1 1
0.42056650246304 1 1
0.4206896551724 1 1
0.420812807881759 1 1
0.420935960591119 1 1
0.421059113300478 1 1
0.421182266009838 1 1
0.421305418719198 1 1
0.421428571428557 1 1
0.421551724137917 1 1
0.421674876847276 1 1
0.421798029556636 1 1
0.421921182265996 1 1
0.422044334975355 1 1
0.422167487684715 1 1
0.422290640394074 1 1
0.422413793103434 1 1
0.422536945812793 1 1
0.422660098522153 1 1
0.422783251231513 1 1
0.422906403940872 1 1
0.423029556650232 1 1
0.423152709359591 1 1
0.423275862068951 1 1
0.423399014778311 1 1
0.42352216748767 1 1
0.42364532019703 1 1
0.423768472906389 1 1
0.423891625615749 1 1
0.424014778325108 1 1
0.424137931034468 1 1
0.424261083743828 1 1
0.424384236453187 1 1
0.424507389162547 1 1
0.424630541871906 1 1
0.424753694581266 1 1
0.424876847290626 1 1
0.424999999999985 1 1
0.425123152709345 1 1
0.425246305418704 1 1
0.425369458128064 1 1
0.425492610837424 1 1
0.425615763546783 1 1
0.425738916256143 1 1
0.425862068965502 1 1
0.425985221674862 1 1
0.426108374384221 1 1
0.426231527093581 1 1
0.426354679802941 1 1
0.4264778325123 1 1
0.42660098522166 1 1
0.426724137931019 1 1
0.426847290640379 1 1
0.426970443349739 1 1
0.427093596059098 1 1
0.427216748768458 1 1
0.427339901477817 1 1
0.427463054187177 1 1
0.427586206896536 1 1
0.427709359605896 1 1
0.427832512315256 1 1
0.427955665024615 1 1
0.428078817733975 1 1
0.428201970443334 1 1
0.428325123152694 1 1
0.428448275862054 1 1
0.428571428571413 1 1
0.428694581280773 1 1
0.428817733990132 1 1
0.428940886699492 1 1
0.429064039408852 1 1
0.429187192118211 1 1
0.429310344827571 1 1
0.42943349753693 1 1
0.42955665024629 1 1
0.429679802955649 1 1
0.429802955665009 1 1
0.429926108374369 1 1
0.430049261083728 1 1
0.430172413793088 1 1
0.430295566502447 1 1
0.430418719211807 1 1
0.430541871921167 1 1
0.430665024630526 1 1
0.430788177339886 1 1
0.430911330049245 1 1
0.431034482758605 1 1
0.431157635467964 1 1
0.431280788177324 1 1
0.431403940886684 1 1
0.431527093596043 1 1
0.431650246305403 1 1
0.431773399014762 1 1
0.431896551724122 1 1
0.432019704433482 1 1
0.432142857142841 1 1
0.432266009852201 1 1
0.43238916256156 1 1
0.43251231527092 1 1
0.43263546798028 1 1
0.432758620689639 1 1
0.432881773398999 1 1
0.433004926108358 1 1
0.433128078817718 1 1
0.433251231527077 1 1
0.433374384236437 1 1
0.433497536945797 1 1
0.433620689655156 1 1
0.433743842364516 1 1
0.433866995073875 1 1
0.433990147783235 1 1
0.434113300492595 1 1
0.434236453201954 1 1
0.434359605911314 1 1
0.434482758620673 1 1
0.434605911330033 1 1
0.434729064039392 1 1
0.434852216748752 1 1
0.434975369458112 1 1
0.435098522167471 1 1
0.435221674876831 1 1
0.43534482758619 1 1
0.43546798029555 1 1
0.43559113300491 1 1
0.435714285714269 1 1
0.435837438423629 1 1
0.435960591132988 1 1
0.436083743842348 1 1
0.436206896551708 1 1
0.436330049261067 1 1
0.436453201970427 1 1
0.436576354679786 1 1
0.436699507389146 1 1
0.436822660098505 1 1
0.436945812807865 1 1
0.437068965517225 1 1
0.437192118226584 1 1
0.437315270935944 1 1
0.437438423645303 1 1
0.437561576354663 1 1
0.437684729064023 1 1
0.437807881773382 1 1
0.437931034482742 1 1
0.438054187192101 1 1
0.438177339901461 1 1
0.43830049261082 1 1
0.43842364532018 1 1
0.43854679802954 1 1
0.438669950738899 1 1
0.438793103448259 1 1
0.438916256157618 1 1
0.439039408866978 1 1
0.439162561576338 1 1
0.439285714285697 1 1
0.439408866995057 1 1
0.439532019704416 1 1
0.439655172413776 1 1
0.439778325123136 1 1
0.439901477832495 1 1
0.440024630541855 1 1
0.440147783251214 1 1
0.440270935960574 1 1
0.440394088669933 1 1
0.440517241379293 1 1
0.440640394088653 1 1
0.440763546798012 1 1
0.440886699507372 1 1
0.441009852216731 1 1
0.441133004926091 1 1
0.441256157635451 1 1
0.44137931034481 1 1
0.44150246305417 1 1
0.441625615763529 1 1
0.441748768472889 1 1
0.441871921182248 1 1
0.441995073891608 1 1
0.442118226600968 1 1
0.442241379310327 1 1
0.442364532019687 1 1
0.442487684729046 1 1
0.442610837438406 1 1
0.442733990147766 1 1
0.442857142857125 1 1
0.442980295566485 1 1
0.443103448275844 1 1
0.443226600985204 1 1
0.443349753694564 1 1
0.443472906403923 1 1
0.443596059113283 1 1
0.443719211822642 1 1
0.443842364532002 1 1
0.443965517241361 1 1
0.444088669950721 1 1
0.444211822660081 1 1
0.44433497536944 1 1
0.4444581280788 1 1
0.444581280788159 1 1
0.444704433497519 1 1
0.444827586206879 1 1
0.444950738916238 1 1
0.445073891625598 1 1
0.445197044334957 1 1
0.445320197044317 1 1
0.445443349753676 1 1
0.445566502463036 1 1
0.445689655172396 1 1
0.445812807881755 1 1
0.445935960591115 1 1
0.446059113300474 1 1
0.446182266009834 1 1
0.446305418719194 1 1
0.446428571428553 1 1
0.446551724137913 1 1
0.446674876847272 1 1
0.446798029556632 1 1
0.446921182265992 1 1
0.447044334975351 1 1
0.447167487684711 1 1
0.44729064039407 1 1
0.44741379310343 1 1
0.447536945812789 1 1
0.447660098522149 1 1
0.447783251231509 1 1
0.447906403940868 1 1
0.448029556650228 1 1
0.448152709359587 1 1
0.448275862068947 1 1
0.448399014778307 1 1
0.448522167487666 1 1
0.448645320197026 1 1
0.448768472906385 1 1
0.448891625615745 1 1
0.449014778325105 1 1
0.449137931034464 1 1
0.449261083743824 1 1
0.449384236453183 1 1
0.449507389162543 1 1
0.449630541871902 1 1
0.449753694581262 1 1
0.449876847290622 1 1
0.449999999999981 1 1
0.450123152709341 1 1
0.4502463054187 1 1
0.45036945812806 1 1
0.45049261083742 1 1
0.450615763546779 1 1
0.450738916256139 1 1
0.450862068965498 1 1
0.450985221674858 1 1
0.451108374384217 1 1
0.451231527093577 1 1
0.451354679802937 1 1
0.451477832512296 1 1
0.451600985221656 1 1
0.451724137931015 1 1
0.451847290640375 1 1
0.451970443349735 1 1
0.452093596059094 1 1
0.452216748768454 1 1
0.452339901477813 1 1
0.452463054187173 1 1
0.452586206896533 1 1
0.452709359605892 1 1
0.452832512315252 1 1
0.452955665024611 1 1
0.453078817733971 1 1
0.45320197044333 1 1
0.45332512315269 1 1
0.45344827586205 1 1
0.453571428571409 1 1
0.453694581280769 1 1
0.453817733990128 1 1
0.453940886699488 1 1
0.454064039408848 1 1
0.454187192118207 1 1
0.454310344827567 1 1
0.454433497536926 1 1
0.454556650246286 1 1
0.454679802955645 1 1
0.454802955665005 1 1
0.454926108374365 1 1
0.455049261083724 1 1
0.455172413793084 1 1
0.455295566502443 1 1
0.455418719211803 1 1
0.455541871921163 1 1
0.455665024630522 1 1
0.455788177339882 1 1
0.455911330049241 1 1
0.456034482758601 1 1
0.456157635467961 1 1
0.45628078817732 1 1
0.45640394088668 1 1
0.456527093596039 1 1
0.456650246305399 1 1
0.456773399014758 1 1
0.456896551724118 1 1
0.457019704433478 1 1
0.457142857142837 1 1
0.457266009852197 1 1
0.457389162561556 1 1
0.457512315270916 1 1
0.457635467980276 1 1
0.457758620689635 1 1
0.457881773398995 1 1
0.458004926108354 1 1
0.458128078817714 1 1
0.458251231527073 1 1
0.458374384236433 1 1
0.458497536945793 1 1
0.458620689655152 1 1
0.458743842364512 1 1
0.458866995073871 1 1
0.458990147783231 1 1
0.459113300492591 1 1
0.45923645320195 1 1
0.45935960591131 1 1
0.459482758620669 1 1
0.459605911330029 1 1
0.459729064039389 1 1
0.459852216748748 1 1
0.459975369458108 1 1
0.460098522167467 1 1
0.460221674876827 1 1
0.460344827586186 1 1
0.460467980295546 1 1
0.460591133004906 1 1
0.460714285714265 1 1
0.460837438423625 1 1
0.460960591132984 1 1
0.461083743842344 1 1
0.461206896551704 1 1
0.461330049261063 1 1
0.461453201970423 1 1
0.461576354679782 1 1
0.461699507389142 1 1
0.461822660098501 1 1
0.461945812807861 1 1
0.462068965517221 1 1
0.46219211822658 1 1
0.46231527093594 1 1
0.462438423645299 1 1
0.462561576354659 1 1
0.462684729064019 1 1
0.462807881773378 1 1
0.462931034482738 1 1
0.463054187192097 1 1
0.463177339901457 1 1
0.463300492610817 1 1
0.463423645320176 1 1
0.463546798029536 1 1
0.463669950738895 1 1
0.463793103448255 1 1
0.463916256157614 1 1
0.464039408866974 1 1
0.464162561576334 1 1
0.464285714285693 1 1
0.464408866995053 1 1
0.464532019704412 1 1
0.464655172413772 1 1
0.464778325123132 1 1
0.464901477832491 1 1
0.465024630541851 1 1
0.46514778325121 1 1
0.46527093596057 1 1
0.465394088669929 1 1
0.465517241379289 1 1
0.465640394088649 1 1
0.465763546798008 1 1
0.465886699507368 1 1
0.466009852216727 1 1
0.466133004926087 1 1
0.466256157635447 1 1
0.466379310344806 1 1
0.466502463054166 1 1
0.466625615763525 1 1
0.466748768472885 1 1
0.466871921182245 1 1
0.466995073891604 1 1
0.467118226600964 1 1
0.467241379310323 1 1
0.467364532019683 1 1
0.467487684729042 1 1
0.467610837438402 1 1
0.467733990147762 1 1
0.467857142857121 1 1
0.467980295566481 1 1
0.46810344827584 1 1
0.4682266009852 1 1
0.46834975369456 1 1
0.468472906403919 1 1
0.468596059113279 1 1
0.468719211822638 1 1
0.468842364531998 1 1
0.468965517241357 1 1
0.469088669950717 1 1
0.469211822660077 1 1
0.469334975369436 1 1
0.469458128078796 1 1
0.469581280788155 1 1
0.469704433497515 1 1
0.469827586206875 1 1
0.469950738916234 1 1
0.470073891625594 1 1
0.470197044334953 1 1
0.470320197044313 1 1
0.470443349753673 1 1
0.470566502463032 1 1
0.470689655172392 1 1
0.470812807881751 1 1
0.470935960591111 1 1
0.47105911330047 1 1
0.47118226600983 1 1
0.47130541871919 1 1
0.471428571428549 1 1
0.471551724137909 1 1
0.471674876847268 1 1
0.471798029556628 1 1
0.471921182265988 1 1
0.472044334975347 1 1
0.472167487684707 1 1
0.472290640394066 1 1
0.472413793103426 1 1
0.472536945812785 1 1
0.472660098522145 1 1
0.472783251231505 1 1
0.472906403940864 1 1
0.473029556650224 1 1
0.473152709359583 1 1
0.473275862068943 1 1
0.473399014778303 1 1
0.473522167487662 1 1
0.473645320197022 1 1
0.473768472906381 1 1
0.473891625615741 1 1
0.474014778325101 1 1
0.47413793103446 1 1
0.47426108374382 1 1
0.474384236453179 1 1
0.474507389162539 1 1
0.474630541871898 1 1
0.474753694581258 1 1
0.474876847290618 1 1
0.474999999999977 1 1
0.475123152709337 1 1
0.475246305418696 1 1
0.475369458128056 1 1
0.475492610837416 1 1
0.475615763546775 1 1
0.475738916256135 1 1
0.475862068965494 1 1
0.475985221674854 1 1
0.476108374384213 1 1
0.476231527093573 1 1
0.476354679802933 1 1
0.476477832512292 1 1
0.476600985221652 1 1
0.476724137931011 1 1
0.476847290640371 1 1
0.476970443349731 1 1
0.47709359605909 1 1
0.47721674876845 1 1
0.477339901477809 1 1
0.477463054187169 1 1
0.477586206896529 1 1
0.477709359605888 1 1
0.477832512315248 1 1
0.477955665024607 1 1
0.478078817733967 1 1
0.478201970443326 1 1
0.478325123152686 1 1
0.478448275862046 1 1
0.478571428571405 1 1
0.478694581280765 1 1
0.478817733990124 1 1
0.478940886699484 1 1
0.479064039408844 1 1
0.479187192118203 1 1
0.479310344827563 1 1
0.479433497536922 1 1
0.479556650246282 1 1
0.479679802955641 1 1
0.479802955665001 1 1
0.479926108374361 1 1
0.48004926108372 1 1
0.48017241379308 1 1
0.480295566502439 1 1
0.480418719211799 1 1
0.480541871921159 1 1
0.480665024630518 1 1
0.480788177339878 1 1
0.480911330049237 1 1
0.481034482758597 1 1
0.481157635467957 1 1
0.481280788177316 1 1
0.481403940886676 1 1
0.481527093596035 1 1
0.481650246305395 1 1
0.481773399014754 1 1
0.481896551724114 1 1
0.482019704433474 1 1
0.482142857142833 1 1
0.482266009852193 1 1
0.482389162561552 1 1
0.482512315270912 1 1
0.482635467980272 1 1
0.482758620689631 1 1
0.482881773398991 1 1
0.48300492610835 1 1
0.48312807881771 1 1
0.48325123152707 1 1
0.483374384236429 1 1
0.483497536945789 1 1
0.483620689655148 1 1
0.483743842364508 1 1
0.483866995073867 1 1
0.483990147783227 1 1
0.484113300492587 1 1
0.484236453201946 1 1
0.484359605911306 1 1
0.484482758620665 1 1
0.484605911330025 1 1
0.484729064039385 1 1
0.484852216748744 1 1
0.484975369458104 1 1
0.485098522167463 1 1
0.485221674876823 1 1
0.485344827586182 1 1
0.485467980295542 1 1
0.485591133004902 1 1
0.485714285714261 1 1
0.485837438423621 1 1
0.48596059113298 1 1
0.48608374384234 1 1
0.4862068965517 1 1
0.486330049261059 1 1
0.486453201970419 1 1
0.486576354679778 1 1
0.486699507389138 1 1
0.486822660098498 1 1
0.486945812807857 1 1
0.487068965517217 1 1
0.487192118226576 1 1
0.487315270935936 1 1
0.487438423645295 1 1
0.487561576354655 1 1
0.487684729064015 1 1
0.487807881773374 1 1
0.487931034482734 1 1
0.488054187192093 1 1
0.488177339901453 1 1
0.488300492610813 1 1
0.488423645320172 1 1
0.488546798029532 1 1
0.488669950738891 1 1
0.488793103448251 1 1
0.48891625615761 1 1
0.48903940886697 1 1
0.48916256157633 1 1
0.489285714285689 1 1
0.489408866995049 1 1
0.489532019704408 1 1
0.489655172413768 1 1
0.489778325123128 1 1
0.489901477832487 1 1
0.490024630541847 1 1
0.490147783251206 1 1
0.490270935960566 1 1
0.490394088669926 1 1
0.490517241379285 1 1
0.490640394088645 1 1
0.490763546798004 1 1
0.490886699507364 1 1
0.491009852216723 1 1
0.491133004926083 1 1
0.491256157635443 1 1
0.491379310344802 1 1
0.491502463054162 1 1
0.491625615763521 1 1
0.491748768472881 1 1
0.491871921182241 1 1
0.4919950738916 1 1
0.49211822660096 1 1
0.492241379310319 1 1
0.492364532019679 1 1
0.492487684729038 1 1
0.492610837438398 1 1
0.492733990147758 1 1
0.492857142857117 1 1
0.492980295566477 1 1
0.493103448275836 1 1
0.493226600985196 1 1
0.493349753694556 1 1
0.493472906403915 1 1
0.493596059113275 1 1
0.493719211822634 1 1
0.493842364531994 1 1
0.493965517241354 1 1
0.494088669950713 1 1
0.494211822660073 1 1
0.494334975369432 1 1
0.494458128078792 1 1
0.494581280788151 1 1
0.494704433497511 1 1
0.494827586206871 1 1
0.49495073891623 1 1
0.49507389162559 1 1
0.495197044334949 1 1
0.495320197044309 1 1
0.495443349753669 1 1
0.495566502463028 1 1
0.495689655172388 1 1
0.495812807881747 1 1
0.495935960591107 1 1
0.496059113300466 1 1
0.496182266009826 1 1
0.496305418719186 1 1
0.496428571428545 1 1
0.496551724137905 1 1
0.496674876847264 1 1
0.496798029556624 1 1
0.496921182265984 1 1
0.497044334975343 1 1
0.497167487684703 1 1
0.497290640394062 1 1
0.497413793103422 1 1
0.497536945812782 1 1
0.497660098522141 1 1
0.497783251231501 1 1
0.49790640394086 1 1
0.49802955665022 1 1
0.498152709359579 1 1
0.498275862068939 1 1
0.498399014778299 1 1
0.498522167487658 1 1
0.498645320197018 1 1
0.498768472906377 1 1
0.498891625615737 1 1
0.499014778325097 1 1
0.499137931034456 1 1
0.499261083743816 1 1
0.499384236453175 1 1
0.499507389162535 1 1
0.499630541871894 1 1
0.499753694581254 1 1
0.499876847290614 1 1
0.499999999999973 1 1
