0 137.263346218485
0.00232558139534884 137.263346218485
0.00465116279069767 137.26729404513
0.00697674418604651 137.283837002984
0.00930232558139535 137.32085198473
0.0116279069767442 137.385997890468
0.013953488372093 137.486721447175
0.0162790697674419 137.630222030699
0.0186046511627907 137.823409452102
0.0209302325581395 138.072860919225
0.0232558139534884 138.384778994656
0.0255813953488372 138.764951317712
0.027906976744186 139.218712528628
0.0302325581395349 139.750908705613
0.0325581395348837 140.365864564367
0.0348837209302326 141.067353633161
0.0372093023255814 141.858571589739
0.0395348837209302 142.742112923471
0.0418604651162791 143.719951064776
0.0441860465116279 144.793422102936
0.0465116279069767 145.963212192471
0.0488372093023256 147.22934872714
0.0511627906976744 148.591195339284
0.0534883720930233 150.047450760661
0.0558139534883721 151.596151559269
0.0581395348837209 153.234678744893
0.0604651162790698 154.959768214468
0.0627906976744186 156.767524986827
0.0651162790697674 158.653441155169
0.0674418604651163 160.612417464754
0.0697674418604651 162.638788402949
0.072093023255814 164.726350669035
0.0744186046511628 166.868394872145
0.0767441860465116 169.057740287476
0.0790697674418605 171.286772483665
0.0813953488372093 173.547483617876
0.0837209302325581 175.831515180028
0.086046511627907 178.130202953546
0.0883720930232558 180.43462394732
0.0906976744186047 182.735645042135
0.0930232558139535 185.023973084849
0.0953488372093023 187.290206155035
0.0976744186046512 189.524885721748
0.1 191.718549402591
0.102325581395349 193.861784033299
0.104651162790698 195.94527875372
0.106976744186047 197.959877815336
0.109302325581395 199.896632816383
0.111627906976744 201.746854073068
0.113953488372093 203.50216083952
0.116279069767442 205.154530094789
0.118604651162791 206.696343622391
0.12093023255814 208.120433116691
0.123255813953488 209.420123060574
0.125581395348837 210.589271130518
0.127906976744186 211.622305898104
0.130232558139535 212.514261611313
0.132558139534884 213.260809854357
0.134883720930233 213.858287901426
0.137209302325581 214.303723597331
0.13953488372093 214.594856616581
0.141860465116279 214.73015597186
0.144186046511628 214.70883366296
0.146511627906977 214.530854378066
0.148837209302326 214.196941180497
0.151162790697674 213.708577135757
0.153488372093023 213.068002855674
0.155813953488372 212.278209958581
0.158139534883721 211.342930466644
0.16046511627907 210.266622183568
0.162790697674419 209.05445011783
0.165116279069767 207.712264038169
0.167441860465116 206.246572269267
0.169767441860465 204.664511856146
0.172093023255814 202.973815245801
0.174418604651163 201.18277365377
0.176744186046512 199.300197301695
0.17906976744186 197.335372729249
0.181395348837209 195.298017400131
0.183720930232558 193.198231836944
0.186046511627907 191.046449533656
0.188372093023256 188.85338490694
0.190697674418605 186.629979558866
0.193023255813953 184.387347133152
0.195348837209302 182.136717055427
0.197674418604651 179.889377454639
0.2 177.656617567844
0.202325581395349 175.449669934076
0.204651162790698 173.279652684856
0.206976744186047 171.157512239082
0.209302325581395 169.093966708547
0.211627906976744 167.099450317275
0.213953488372093 165.184059133044
0.216279069767442 163.357498403164
0.218604651162791 161.62903177859
0.22093023255814 160.007432700995
0.223255813953488 158.500938216453
0.225581395348837 157.117205466968
0.227906976744186 155.863271097309
0.230232558139535 154.745513799564
0.232558139534884 153.769620201509
0.234883720930233 152.940554287481
0.237209302325581 152.262530521992
0.23953488372093 151.738990826902
0.241860465116279 151.372585542739
0.244186046511628 151.165158483785
0.246511627906977 151.117736174937
0.248837209302326 151.230521336262
0.251162790697674 151.502890658691
0.253488372093023 151.933396891507
0.255813953488372 152.519775239422
0.258139534883721 153.258954044077
0.26046511627907 154.147069701995
0.262790697674419 155.179485748402
0.265116279069767 156.350816014072
0.267441860465116 157.654951740539
0.269767441860465 159.085092517824
0.272093023255814 160.63378088826
0.274418604651163 162.292940440305
0.276744186046512 164.053917197399
0.27906976744186 165.907524089136
0.281395348837209 167.844088275307
0.283720930232558 169.853501077897
0.286046511627907 171.925270261898
0.288372093023256 174.048574392954
0.290697674418605 176.212318988427
0.293023255813953 178.405194168556
0.295348837209302 180.615733506012
0.297674418604651 182.832373765347
0.3 183.714770277014
0.303125 184.450862703845
0.30625 185.17940546476
0.309375 185.900551852467
0.3125 186.614450537786
0.315625 187.321245753599
0.31875 188.021077469748
0.321875 188.714081559399
0.325 189.400389957362
0.328125 190.080130810848
0.33125 190.753428623067
0.334375 191.420404390102
0.3375 192.081175731397
0.340625 192.735857014247
0.34375 193.384559472596
0.346875 194.027391320462
0.35 194.664457860275
0.353125 195.295861586401
0.35625 195.921702284104
0.359375 196.542077124184
0.3625 197.157080753528
0.365625 197.766805381761
0.36875 198.371340864222
0.371875 198.970774781431
0.375 199.565192515232
0.378125 200.154677321781
0.38125 200.739310401527
0.384375 201.319170966337
0.3875 201.894336303902
0.390625 202.464881839558
0.39375 203.030881195647
0.396875 203.592406248526
0.4 204.149527183343
0.403125 204.702312546683
0.40625 205.250829297179
0.409375 205.795142854184
0.4125 206.335317144597
0.415625 206.871414647911
0.41875 207.403496439591
0.421875 207.931622232819
0.425 208.455850418717
0.428125 208.976238105085
0.43125 209.492841153734
0.434375 210.005714216472
0.4375 210.5149107698
0.440625 211.020483148371
0.44375 211.52248257727
0.446875 212.020959203159
0.45 212.515962124339
0.453125 213.007539419766
0.45625 213.49573817708
0.459375 213.980604519669
0.4625 214.462183632816
0.465625 214.940519788972
0.46875 215.415656372178
0.471875 215.887635901674
0.475 216.356500054738
0.478125 216.822289688766
0.48125 217.285044862637
0.484375 217.744804857389
0.4875 218.201608196227
0.490625 218.65549266389
0.49375 219.106495325409
0.496875 219.554652544268
0.5 220
