0.00116279069767442 -0 -0
0.00348837209302326 -1.69756545722919 -1.69756545722919
0.00581395348837209 -7.11347187719554 -7.11347187719554
0.00813953488372093 -15.916442150565 -15.916442150565
0.0104651162790698 -28.012739467685 -28.012739467685
0.0127906976744186 -43.3111293839775 -43.3111293839775
0.0151162790697674 -61.7052509150642 -61.7052509150642
0.0174418604651163 -83.070591203325 -83.070591203325
0.0197674418604651 -107.264130862943 -107.264130862943
0.022093023255814 -134.124772435493 -134.124772435493
0.0244186046511628 -163.474098914142 -163.474098914142
0.0267441860465116 -195.117320693837 -195.117320693837
0.0290697674418605 -228.844356103194 -228.844356103194
0.0313953488372093 -264.431019264526 -264.431019264526
0.0337209302325581 -301.640299581501 -301.640299581501
0.036046511627907 -340.22372132852 -340.22372132852
0.0383720930232558 -379.92277350446 -379.92277350446
0.0406976744186047 -420.470400761089 -420.470400761089
0.0430232558139535 -461.592546408846 -461.592546408846
0.0453488372093023 -503.009738500019 -503.009738500019
0.0476744186046512 -544.438709907897 -544.438709907897
0.05 -585.594043221825 -585.594043221825
0.0523255813953488 -626.189831192205 -626.189831192205
0.0546511627906977 -665.941343401438 -665.941343401438
0.0569767441860465 -704.566689818363 -704.566689818363
0.0593023255813954 -741.78847191734 -741.78847191734
0.0616279069767442 -777.335412114025 -777.335412114025
0.063953488372093 -810.943952387023 -810.943952387023
0.0662790697674419 -842.359813121558 -842.359813121558
0.0686046511627907 -871.339503423842 -871.339503423842
0.0709302325581395 -897.651774417269 -897.651774417269
0.0732558139534884 -921.079007337011 -921.079007337011
0.0755813953488372 -941.418528592573 -941.418528592573
0.077906976744186 -958.48384436118 -958.48384436118
0.0802325581395349 -972.105787710895 -972.105787710895
0.0825581395348837 -982.133571725422 -982.133571725422
0.0848837209302326 -988.435742612766 -988.435742612766
0.0872093023255814 -990.90102732258 -990.90102732258
0.0895348837209302 -989.439070770343 -989.439070770343
0.0918604651162791 -983.981058367377 -983.981058367377
0.0941860465116279 -974.480220179966 -974.480220179966
0.0965116279069767 -960.912213686305 -960.912213686305
0.0988372093023256 -943.2753827625 -943.2753827625
0.101162790697674 -921.590891204727 -921.590891204727
0.103488372093023 -895.902729780624 -895.902729780624
0.105813953488372 -866.277596495047 -866.277596495047
0.108139534883721 -832.804650450454 -832.804650450454
0.11046511627907 -795.595140374169 -795.595140374169
0.112790697674419 -754.781909574476 -754.781909574476
0.115116279069767 -710.518779765622 -710.518779765622
0.117441860465116 -662.979816869073 -662.979816869073
0.119767441860465 -612.35848254887 -612.35848254887
0.122093023255814 -558.866675869916 -558.866675869916
0.124418604651163 -502.733670075555 -502.733670075555
0.126744186046512 -444.204950062154 -444.204950062154
0.12906976744186 -383.540956680006 -383.540956680006
0.131395348837209 -321.01574450891 -321.01574450891
0.133720930232558 -256.915560239654 -256.915560239654
0.136046511627907 -191.537349238839 -191.537349238839
0.138372093023256 -125.187198277866 -125.187198277866
0.140697674418605 -58.1787227696596 -58.1787227696596
0.143023255813953 9.1685928268702 9.1685928268702
0.145348837209302 76.5310925044357 76.5310925044357
0.147674418604651 143.582674954483 143.582674954483
0.15 209.996539238419 209.996539238419
0.152325581395349 275.446940435765 275.446940435765
0.154651162790698 339.610945749942 339.610945749942
0.156976744186047 402.170181532958 402.170181532958
0.159302325581395 462.812561722475 462.812561722475
0.161627906976744 521.233988267495 521.233988267495
0.163953488372093 577.140014254203 577.140014254203
0.166279069767442 630.247460627821 630.247460627821
0.168604651162791 680.28597764194 680.28597764194
0.17093023255814 726.999542448591 726.999542448591
0.173255813953488 770.147884573094 770.147884573094
0.175581395348837 809.507831392218 809.507831392218
0.177906976744186 844.874566151901 844.874566151901
0.180232558139535 876.062791520506 876.062791520506
0.182558139534884 902.907792170424 902.907792170424
0.184883720930233 925.266390414149 925.266390414149
0.187209302325581 943.017789487978 943.017789487978
0.18953488372093 956.064299671754 956.064299671754
0.191860465116279 964.33194305691 964.33194305691
0.194186046511628 967.770933421774 967.770933421774
0.196511627906977 966.356028338658 966.356028338658
0.198837209302326 960.086751321906 960.086751321906
0.201162790697674 948.987482520504 948.987482520504
0.203488372093023 933.107417164259 933.107417164259
0.205813953488372 912.520391683113 912.520391683113
0.208139534883721 887.324578129971 887.324578129971
0.21046511627907 857.642048247093 857.642048247093
0.212790697674419 823.618209219124 823.618209219124
0.215116279069767 785.421113848201 785.421113848201
0.217441860465116 743.240648566995 743.240648566995
0.219767441860465 697.287603365947 697.287603365947
0.222093023255814 647.792628352807 647.792628352807
0.224418604651163 595.005082278738 595.005082278738
0.226744186046512 539.191778953527 539.191778953527
0.22906976744186 480.635638030316 480.635638030316
0.231395348837209 419.634247163747 419.634247163747
0.233720930232558 356.498343031922 356.498343031922
0.236046511627907 291.550219160134 291.550219160134
0.238372093023256 225.122068888857 225.122068888857
0.240697674418605 157.554272190027 157.554272190027
0.243023255813953 89.1936353500171 89.1936353500171
0.245348837209302 20.3915928048656 20.3915928048656
0.247674418604651 -48.4976193698505 -48.4976193698505
0.25 -117.118808644359 -117.118808644359
0.252325581395349 -185.117680110997 -185.117680110997
0.254651162790698 -252.142689603574 -252.142689603574
0.256976744186047 -317.846886001668 -317.846886001668
0.259302325581395 -381.889732904659 -381.889732904659
0.261627906976744 -443.938899955088 -443.938899955088
0.263953488372093 -503.672014237763 -503.672014237763
0.266279069767442 -560.778362380797 -560.778362380797
0.268604651162791 -614.960534232603 -614.960534232603
0.27093023255814 -665.935999287538 -665.935999287538
0.273255813953488 -713.438607379241 -713.438607379241
0.275581395348837 -757.220005550618 -757.220005550618
0.277906976744186 -797.05096344706 -797.05096344706
0.280232558139535 -832.722600053415 -832.722600053415
0.282558139534884 -864.047505113467 -864.047505113467
0.284883720930233 -890.86074912053 -890.86074912053
0.287209302325581 -913.020776354251 -913.020776354251
0.28953488372093 -930.410176053157 -930.410176053157
0.291860465116279 -942.93632745547 -942.93632745547
0.294186046511628 -950.531915106131 -950.531915106131
0.296511627906977 -953.155311513959 -953.155311513959
0.298837209302326 -379.430500016834 -379.430500016834
0.3015625 -235.549576585937 -942.198306343747
0.3046875 -233.133683492752 -932.534733971009
0.3078125 -230.766844066426 -923.067376265704
0.3109375 -228.447579301947 -913.790317207789
0.3140625 -226.174469060134 -904.697876240537
0.3171875 -223.946149167924 -895.784596671695
0.3203125 -221.761308688229 -887.045234752917
0.3234375 -219.618687348244 -878.474749392977
0.3265625 -217.51707311526 -870.06829246104
0.3296875 -215.455299910373 -861.821199641493
0.3328125 -213.432245451105 -853.728981804419
0.3359375 -211.446829214356 -845.787316857425
0.3390625 -209.498010511922 -837.992042047687
0.3421875 -207.584786671633 -830.339146686532
0.3453125 -205.706191317141 -822.824765268563
0.3484375 -203.861292740304 -815.445170961214
0.3515625 -202.049192360383 -808.196769441532
0.3546875 -200.269023264697 -801.076093058789
0.3578125 -198.519948825707 -794.079795302826
0.3609375 -196.801161389986 -787.204645559944
0.3640625 -195.11188103471 -780.447524138838
0.3671875 -193.451354387599 -773.805417550396
0.3703125 -191.81885350669 -767.275414026761
0.3734375 -190.213674816269 -760.854699265076
0.3765625 -188.635138095797 -754.54055238319
0.3796875 -187.082585518875 -748.330342075499
0.3828125 -185.555380739134 -742.221522956536
0.3859375 -184.052908020592 -736.211632082367
0.3890625 -182.574571409987 -730.298285639949
0.3921875 -181.119793948556 -724.479175794225
0.3953125 -179.688016921292 -718.752067685166
0.3984375 -178.278699141517 -713.114796566068
0.4015625 -176.891316268821 -707.565265075284
0.4046875 -175.525360158636 -702.101440634545
0.4078125 -174.180338241704 -696.721352966818
0.4109375 -172.855772931899 -691.423091727595
0.4140625 -171.551201060736 -686.204804242943
0.4171875 -170.266173337432 -681.064693349729
0.4203125 -169.000253833065 -676.001015332261
0.4234375 -167.753019487446 -671.012077949783
0.4265625 -166.524059637723 -666.096238550893
0.4296875 -165.312975567629 -661.251902270514
0.4328125 -164.119380076182 -656.477520304727
0.4359375 -162.942897064887 -651.771588259546
0.4390625 -161.783161142712 -647.13264457085
0.4421875 -160.639817247712 -642.559268990847
0.4453125 -159.512520284568 -638.050081138272
0.4484375 -158.400934777365 -633.60373910946
0.4515625 -157.304734536684 -629.218938146735
0.4546875 -156.223602340561 -624.894409362244
0.4578125 -155.15722962834 -620.62891851336
0.4609375 -154.105316207122 -616.421264828487
0.4640625 -153.067569970045 -612.270279880179
0.4671875 -152.043706625755 -608.17482650302
0.4703125 -151.033449438874 -604.133797755496
0.4734375 -150.036528980536 -600.146115922146
0.4765625 -149.052682888867 -596.210731555466
0.4796875 -148.081655638762 -592.326622555049
0.4828125 -147.123198320715 -588.49279328286
0.4859375 -146.177068427988 -584.708273711951
0.4890625 -145.243029652102 -580.972118608408
0.4921875 -144.32085168605 -577.283406744201
0.4953125 -143.410310035043 -573.641240140171
0.4984375 -142.511185834201 -570.044743336805
