0 4 -0
0.00184049079754601 4 -1733.65533047687
0.00368098159509202 4 -3461.51625649793
0.00552147239263804 4 -5177.80774027296
0.00736196319018405 4 -6876.79341261354
0.00920245398773006 4 -8552.79474562716
0.0110429447852761 4 -10200.2100320879
0.0128834355828221 4 -11813.5331080492
0.0147239263803681 4 -13387.3717561218
0.0165644171779141 4 -14916.4657279076
0.0184049079754601 4 -16395.7043253526
0.0202453987730061 4 -17820.1434822579
0.0220858895705521 4 -19185.0222888551
0.0239263803680982 4 -20485.778904218
0.0257668711656442 4 -21718.065803325
0.0276073619631902 4 -22877.7643078129
0.0294478527607362 4 -23960.9983518549
0.0312883435582822 4 -24964.147437154
0.0331288343558282 4 -25883.8587337519
0.0349693251533742 4 -26717.0582862079
0.0368098159509203 4 -27460.9612876956
0.0386503067484663 4 -28113.0813876751
0.0404907975460123 4 -28671.2390020351
0.0423312883435583 4 -29133.5685979267
0.0441717791411043 4 -29498.5249289428
0.0460122699386503 4 -29764.8881998027
0.0478527607361963 4 -29931.7681432793
0.0496932515337424 4 -29998.606995744
0.0515337423312884 4 -29965.1813613823
0.0533742331288344 4 -29831.602958851
0.0552147239263804 4 -29598.3182478799
0.0570552147239264 4 -29266.1069370682
0.0588957055214724 4 -28836.0793778597
0.0607361963190185 4 -28309.6728534108
0.0625766871165645 4 -27688.6467747514
0.0644171779141105 4 -26975.0768002978
0.0662576687116565 4 -26171.3478983691
0.0680981595092025 4 -25280.1463758964
0.0699386503067485 4 -24304.4508999667
0.0717791411042945 4 -23247.5225422093
0.0736196319018406 4 -22112.8938793007
0.0754601226993866 4 -20904.3571860169
0.0773006134969326 4 -19625.9517602953
0.0791411042944786 4 -18281.9504226701
0.0809815950920246 4 -16876.8452352037
0.0828220858895706 4 -15415.3324876463
0.0846625766871167 4 -13902.2970010047
0.0865030674846627 4 -12342.7958009815
0.0883435582822087 4 -10742.0412158539
0.0901840490797547 4 -9105.38345528461
0.0920245398773007 4 -7438.29272829023
0.0938650306748467 4 -5746.34096013575
0.0957055214723928 4 -4035.18316926232
0.0975460122699388 4 -2310.53856649212
0.0993865030674848 4 -578.1714396829
0.101226993865031 4 1156.12811227879
0.103067484662577 4 2886.5635317526
0.104907975460123 4 4607.3511762066
0.106748466257669 4 6312.73964891317
0.108588957055215 4 7997.02902186964
0.110429447852761 4 9654.58988669482
0.112269938650307 4 11279.8821698273
0.114110429447853 4 12867.4736491398
0.115950920245399 4 14412.0581100809
0.117791411042945 4 15908.4730806612
0.119631901840491 4 17351.7170860079
0.121472392638037 4 18736.9663648185
0.123312883435583 4 20059.5909918405
0.125153374233129 4 21315.170352493
0.126993865030675 4 22499.5079179077
0.128834355828221 4 23608.6452710073
0.130674846625767 4 24638.8753367419
0.132515337423313 4 25586.7547722634
0.134355828220859 4 26449.1154756264
0.136196319018405 4 27223.0751745511
0.138036809815951 4 27906.047059855
0.139877300613497 4 28495.7484313578
0.141717791411043 4 28990.2083273612
0.143558282208589 4 29387.7741122032
0.145398773006135 4 29687.1169998704
0.147239263803681 4 29887.2364952057
0.149079754601227 4 29987.4637378683
0.150920245398773 4 29987.4637378683
0.152760736196319 4 29887.2364952057
0.154601226993865 4 29687.1169998703
0.156441717791411 4 29387.7741122032
0.158282208588957 4 28990.2083273612
0.160122699386503 4 28495.7484313578
0.161963190184049 4 27906.047059855
0.163803680981595 4 27223.0751745511
0.165644171779141 4 26449.1154756264
0.167484662576687 4 25586.7547722633
0.169325153374233 4 24638.8753367419
0.171165644171779 4 23608.6452710073
0.173006134969325 4 22499.5079179076
0.174846625766871 4 21315.170352493
0.176687116564417 4 20059.5909918405
0.178527607361963 4 18736.9663648185
0.180368098159509 4 17351.7170860079
0.182208588957055 4 15908.4730806612
0.184049079754601 4 14412.0581100809
0.185889570552147 4 12867.4736491398
0.187730061349693 4 11279.8821698274
0.189570552147239 4 9654.58988669488
0.191411042944785 4 7997.02902186973
0.193251533742331 4 6312.73964891325
0.195092024539877 4 4607.35117620671
0.196932515337423 4 2886.56353175273
0.198773006134969 4 1156.12811227891
0.200613496932515 4 -578.171439682755
0.202453987730061 4 -2310.53856649196
0.204294478527607 4 -4035.18316926216
0.206134969325153 4 -5746.34096013558
0.207975460122699 4 -7438.29272829004
0.209815950920245 4 -9105.38345528441
0.211656441717791 4 -10742.0412158537
0.213496932515337 4 -12342.7958009812
0.215337423312883 4 -13902.2970010045
0.217177914110429 4 -15415.3324876461
0.219018404907975 4 -16876.8452352034
0.220858895705521 4 -18281.9504226699
0.222699386503067 4 -19625.9517602951
0.224539877300613 4 -20904.3571860166
0.226380368098159 4 -22112.8938793004
0.228220858895705 4 -23247.5225422091
0.230061349693251 4 -24304.4508999665
0.231901840490797 4 -25280.1463758962
0.233742331288343 4 -26171.3478983689
0.235582822085889 4 -26975.0768002976
0.237423312883435 4 -27688.6467747513
0.239263803680981 4 -28309.6728534106
0.241104294478527 4 -28836.0793778596
0.242944785276073 4 -29266.1069370681
0.244785276073619 4 -29598.3182478799
0.246625766871165 4 -29831.6029588509
0.248466257668711 4 -29965.1813613823
0.250306748466257 4 -29998.606995744
0.252147239263803 4 -29931.7681432793
0.253987730061349 4 -29764.8881998027
0.255828220858895 4 -29498.5249289429
0.257668711656441 4 -29133.5685979269
0.259509202453987 4 -28671.2390020353
0.261349693251533 4 -28113.0813876753
0.263190184049079 4 -27460.9612876958
0.265030674846625 4 -26717.0582862082
0.266871165644171 4 -25883.8587337522
0.268711656441717 4 -24964.1474371544
0.270552147239263 4 -23960.9983518553
0.272392638036809 4 -22877.7643078133
0.274233128834355 4 -21718.0658033255
0.276073619631901 4 -20485.7789042185
0.277914110429447 4 -19185.0222888556
0.279754601226993 4 -17820.1434822585
0.281595092024539 4 -16395.7043253532
0.283435582822085 4 -14916.4657279082
0.285276073619631 4 -13387.3717561225
0.287116564417177 4 -11813.5331080499
0.288957055214723 4 -10200.2100320886
0.290797546012269 4 -8552.79474562785
0.292638036809815 4 -6876.79341261426
0.294478527607361 4 -5177.8077402737
0.296319018404907 4 -3461.5162564987
0.298159509202453 4 -1733.65533047766
0.300598533592697 4 0
0.303037557982941 4 0
0.305476582373185 4 0
0.307915606763429 4 0
0.310354631153673 4 0
0.312793655543917 4 0
0.31523267993416 4 0
0.317671704324404 4 0
0.320110728714648 4 0
0.322549753104892 4 0
0.324988777495136 4 0
0.32742780188538 4 0
0.329866826275624 4 0
0.332305850665868 4 0
0.334744875056112 4 0
0.337183899446356 4 0
0.3396229238366 4 0
0.342061948226843 4 0
0.344500972617087 4 0
0.346939997007331 4 0
0.349379021397575 4 0
0.351818045787819 4 0
0.354257070178063 4 0
0.356696094568307 4 0
0.359135118958551 4 0
0.361574143348795 4 0
0.364013167739039 4 0
0.366452192129282 4 0
0.368891216519526 4 0
0.37133024090977 4 0
0.373769265300014 4 0
0.376208289690258 4 0
0.378647314080502 4 0
0.381086338470746 4 0
0.38352536286099 4 0
0.385964387251234 4 0
0.388403411641478 4 0
0.390842436031722 4 0
0.393281460421965 4 0
0.395720484812209 4 0
0.398159509202453 4 0
0.400598533592697 4 0
0.403037557982941 4 0
0.405476582373185 4 0
0.407915606763429 4 0
0.410354631153673 4 0
0.412793655543917 4 0
0.415232679934161 4 0
0.417671704324404 4 0
0.420110728714648 4 0
0.422549753104892 4 0
0.424988777495136 4 0
0.42742780188538 4 0
0.429866826275624 4 0
0.432305850665868 4 0
0.434744875056112 4 0
0.437183899446356 4 0
0.4396229238366 4 0
0.442061948226844 4 0
0.444500972617087 4 0
0.446939997007331 4 0
0.449379021397575 4 0
0.451818045787819 4 0
0.454257070178063 4 0
0.456696094568307 4 0
0.459135118958551 4 0
0.461574143348795 4 0
0.464013167739039 4 0
0.466452192129283 4 0
0.468891216519526 4 0
0.47133024090977 4 0
0.473769265300014 4 0
0.476208289690258 4 0
0.478647314080502 4 0
0.481086338470746 4 0
0.48352536286099 4 0
0.485964387251234 4 0
0.488403411641478 4 0
0.490842436031722 4 0
0.493281460421966 4 0
0.495720484812209 4 0
