0.00132743362831858 -0 -0
0.00398230088495575 -2.21172871466962 -2.21172871466962
0.00663716814159292 -9.26158239459852 -9.26158239459852
0.00929203539823009 -20.7021001158132 -20.7021001158132
0.0119469026548673 -36.3871381268481 -36.3871381268481
0.0146017699115044 -56.1658738531808 -56.1658738531808
0.0172566371681416 -79.8602611283665 -79.8602611283665
0.0199115044247788 -107.261620509375 -107.261620509375
0.0225663716814159 -138.130807618004 -138.130807618004
0.0252212389380531 -172.199493352066 -172.199493352066
0.0278761061946903 -209.171958495709 -209.171958495709
0.0305309734513274 -248.727210257732 -248.727210257732
0.0331858407079646 -290.52134061455 -290.52134061455
0.0358407079646018 -334.190082897836 -334.190082897836
0.0384955752212389 -379.351536199266 -379.351536199266
0.0411504424778761 -425.609032072414 -425.609032072414
0.0438053097345133 -472.55411976848 -472.55411976848
0.0464601769911504 -519.769646737079 -519.769646737079
0.0491150442477876 -566.832911123028 -566.832911123028
0.0517699115044248 -613.318862834716 -613.318862834716
0.0544247787610619 -658.803329605012 -658.803329605012
0.0570796460176991 -702.86624439047 -702.86624439047
0.0597345132743363 -745.094850499316 -745.094850499316
0.0623893805309735 -785.086861022652 -785.086861022652
0.0650442477876106 -822.453549478332 -822.453549478332
0.0676991150442478 -856.822749066574 -856.822749066574
0.070353982300885 -887.841738580601 -887.841738580601
0.0730088495575221 -915.179993814077 -915.179993814077
0.0756637168141593 -938.531784253165 -938.531784253165
0.0783185840707964 -957.618595931296 -957.618595931296
0.0809734513274336 -972.191362550671 -972.191362550671
0.0836283185840708 -982.032488328365 -982.032488328365
0.086283185840708 -986.957647497568 -986.957647497568
0.0889380530973451 -986.817346975303 -986.817346975303
0.0915929203539823 -981.498240386613 -981.498240386613
0.0942477876106195 -970.924183398891 -970.924183398891
0.0969026548672566 -955.057022157671 -955.057022157671
0.0995575221238938 -933.897108512674 -933.897108512674
0.102212389380531 -907.483537667673 -907.483537667673
0.104867256637168 -875.894105865313 -875.894105865313
0.107522123893805 -839.244987715374 -839.244987715374
0.110176991150442 -797.6901347774 -797.6901347774
0.11283185840708 -751.420399001434 -751.420399001434
0.115486725663717 -700.662386601043 -700.662386601043
0.118141592920354 -645.677049865769 -645.677049865769
0.120796460176991 -586.758026302241 -586.758026302241
0.123451327433628 -524.229736311318 -524.229736311318
0.126106194690265 -458.445252349204 -458.445252349204
0.128761061946903 -389.783954172425 -389.783954172425
0.13141592920354 -318.648986315913 -318.648986315913
0.134070796460177 -245.464535391978 -245.464535391978
0.136725663716814 -170.672946112311 -170.672946112311
0.139380530973451 -94.7316961190975 -94.7316961190975
0.142035398230088 -18.1102507530425 -18.1102507530425
0.144690265486726 58.7131802187615 58.7131802187615
0.147345132743363 135.254961152559 135.254961152559
0.15 211.029401012611 211.029401012611
0.152654867256637 285.5521520325 285.5521520325
0.155309734513274 358.343612545866 358.343612545866
0.157964601769912 428.932309900975 428.932309900975
0.160619469026549 496.858239463408 496.858239463408
0.163274336283186 561.6761359726 561.6761359726
0.165929203539823 622.958653945773 622.958653945773
0.16858407079646 680.299434416192 680.299434416192
0.171238938053097 733.316036048345 733.316036048345
0.173893805309735 781.652709582355 781.652709582355
0.176548672566372 824.982995621016 824.982995621016
0.179203539823009 863.012126976205 863.012126976205
0.181858407079646 895.479218127879 895.479218127879
0.184513274336283 922.159225812519 922.159225812519
0.18716814159292 942.864666333803 942.864666333803
0.189823008849558 957.447076870201 957.447076870201
0.192477876106195 965.798209827304 965.798209827304
0.195132743362832 967.85095113596 967.85095113596
0.197787610619469 963.579955317216 963.579955317216
0.200442477876106 953.001992109296 953.001992109296
0.203097345132743 936.176001464653 936.176001464653
0.205752212389381 913.202855764996 913.202855764996
0.208407079646018 884.224830152023 884.224830152023
0.211061946902655 849.424783919478 849.424783919478
0.213716814159292 809.025057942391 809.025057942391
0.216371681415929 763.286095117571 763.286095117571
0.219026548672566 712.504792742307 712.504792742307
0.221681415929204 657.012597652001 657.012597652001
0.224336283185841 597.173356757413 597.173356757413
0.226991150442478 533.380937357915 533.380937357915
0.229646017699115 466.056633243479 466.056633243479
0.232300884955752 395.646374126179 395.646374126179
0.234955752212389 322.61775734919 322.61775734919
0.237610619469027 247.456922097913 247.456922097913
0.240265486725664 170.665287475405 170.665287475405
0.242920353982301 92.7561767944044 92.7561767944044
0.245575221238938 14.2513512730438 14.2513512730438
0.248230088495575 -64.3225230037712 -64.3225230037712
0.250884955752212 -142.437450487129 -142.437450487129
0.25353982300885 -219.567699220622 -219.567699220622
0.256194690265487 -295.193386673614 -295.193386673614
0.258849557522124 -368.804033479644 -368.804033479644
0.261504424778761 -439.902060388287 -439.902060388287
0.264159292035398 -508.006204090479 -508.006204090479
0.266814159292035 -572.65482810006 -572.65482810006
0.269469026548673 -633.409105562911 -633.409105562911
0.27212389380531 -689.856051716791 -689.856051716791
0.274778761061947 -741.611384732948 -741.611384732948
0.277433628318584 -788.322194827219 -788.322194827219
0.280088495575221 -829.66940282882 -829.66940282882
0.282743362831858 -865.369990825775 -865.369990825775
0.285398230088496 -895.178989061786 -895.178989061786
0.288053097345133 -918.891204926743 -918.891204926743
0.29070796460177 -936.342681650067 -936.342681650067
0.293362831858407 -947.411876164948 -947.411876164948
0.296017699115044 -952.020547541948 -952.020547541948
0.298672566371681 -379.042958531871 -379.042958531871
0.300442477876106 -236.134273135465 -944.537092541861
0.301327433628319 -235.440780409638 -941.763121638551
0.302212389380531 -234.751349134652 -939.005396538609
0.303097345132743 -234.065943735738 -936.263774942953
0.303982300884956 -233.384529052354 -933.538116209415
0.304867256637168 -232.707070332344 -930.828281329376
0.305752212389381 -232.033533225762 -928.134132903049
0.306637168141593 -231.363883779247 -925.455535116988
0.307522123893805 -230.698088430241 -922.792353720963
0.308407079646018 -230.036114001467 -920.144456005868
0.30929203539823 -229.37792769531 -917.51171078124
0.310176991150443 -228.723497088468 -914.89398835387
0.311061946902655 -228.072790126643 -912.291160506572
0.311946902654867 -227.425775119223 -909.703100476894
0.31283185840708 -226.782420734156 -907.129682936622
0.313716814159292 -226.142695993 -904.570783971999
0.314601769911504 -225.50657026592 -902.02628106368
0.315486725663717 -224.87401326661 -899.496053066439
0.316371681415929 -224.244995047666 -896.979980190664
0.317256637168142 -223.619485995888 -894.477943983551
0.318141592920354 -222.997456827639 -891.989827310554
0.319026548672566 -222.37887858401 -889.515514336039
0.319911504424779 -221.763722626562 -887.054890506247
0.320796460176991 -221.151960633148 -884.607842532593
0.321681415929204 -220.543564592877 -882.174258371506
0.322566371681416 -219.938506802508 -879.754027210034
0.323451327433628 -219.336759861866 -877.347039447466
0.324336283185841 -218.738296669874 -874.953186679496
0.325221238938053 -218.143090420459 -872.572361681835
0.326106194690265 -217.55111459846 -870.204458393839
0.326991150442478 -216.962342975751 -867.849371903005
0.32787610619469 -216.376749607387 -865.506998429549
0.328761061946903 -215.794308827818 -863.177235311273
0.329646017699115 -215.214995247063 -860.859980988252
0.330530973451327 -214.63878374708 -858.555134988319
0.33141592920354 -214.065649478098 -856.262597912391
0.332300884955752 -213.495567854966 -853.982271419863
0.333185840707965 -212.928514553932 -851.714058215726
0.334070796460177 -212.364465508761 -849.457862035044
0.334955752212389 -211.80339690772 -847.213587630878
0.335840707964602 -211.245285189887 -844.981140759548
0.336725663716814 -210.690107042226 -842.760428168905
0.337610619469027 -210.137839395954 -840.551357583816
0.338495575221239 -209.588459423743 -838.353837694972
0.339380530973451 -209.041944536066 -836.167778144263
0.340265486725664 -208.498272378653 -833.993089514612
0.341150442477876 -207.957420828995 -831.829683315981
0.342035398230088 -207.419367993774 -829.677471975096
0.342920353982301 -206.884092205371 -827.536368821484
0.343805309734513 -206.351572019514 -825.406288078057
0.344690265486726 -205.821786212033 -823.287144848131
0.345575221238938 -205.29471377619 -821.178855104759
0.34646017699115 -204.770333919795 -819.081335679178
0.347345132743363 -204.248626062728 -816.994504250911
0.348230088495575 -203.729569833826 -814.918279335305
0.349115044247788 -203.2131450687 -812.852580274801
0.35 -202.699331806855 -810.797327227419
0.350884955752212 -202.188110289075 -808.752441156302
0.351769911504425 -201.679460955019 -806.717843820078
0.352654867256637 -201.173364440648 -804.693457762591
0.35353982300885 -200.669801575974 -802.679206303897
0.354424778761062 -200.168753382307 -800.675013529229
0.355309734513274 -199.670201069998 -798.680804279992
0.356194690265487 -199.17412603629 -796.696504145161
0.357079646017699 -198.68050986272 -794.72203945088
0.357964601769912 -198.189334313025 -792.757337252099
0.358849557522124 -197.700581330804 -790.802325323214
0.359734513274336 -197.214233037233 -788.856932148931
0.360619469026549 -196.730271729171 -786.921086916684
0.361504424778761 -196.248679876736 -784.994719506946
0.362389380530973 -195.769440121232 -783.07776048493
0.363274336283186 -195.29253527319 -781.170141092759
0.364159292035398 -194.817948310219 -779.271793240876
0.365044247787611 -194.345662374916 -777.382649499663
0.365929203539823 -193.87566077307 -775.502643092281
0.366814159292035 -193.407926971445 -773.631707885781
0.367699115044248 -192.942444596074 -771.769778384295
0.36858407079646 -192.479197430158 -769.916789720634
0.369469026548673 -192.018169412382 -768.07267764953
0.370353982300885 -191.559344634854 -766.237378539415
0.371238938053097 -191.102707341314 -764.410829365257
0.37212389380531 -190.64824192549 -762.59296770196
0.373008849557522 -190.195932929273 -760.783731717091
0.373893805309734 -189.745765040689 -758.983060162755
0.374778761061947 -189.297723092549 -757.190892370197
0.375663716814159 -188.851792060512 -755.407168242047
0.376548672566372 -188.407957061551 -753.631828246205
0.377433628318584 -187.966203352159 -751.864813408637
0.378318584070796 -187.52651632675 -750.106065307001
0.379203539823009 -187.088881516231 -748.355526064925
0.380088495575221 -186.65328458606 -746.613138344239
0.380973451327434 -186.21971133498 -744.878845339919
0.381858407079646 -185.788147693448 -743.152590773794
0.382743362831858 -185.358579721892 -741.43431888757
0.383628318584071 -184.930993609497 -739.723974437987
0.384513274336283 -184.505375672566 -738.021502690264
0.385398230088496 -184.081712352996 -736.326849411983
0.386283185840708 -183.659990217065 -734.639960868261
0.38716814159292 -183.240195953722 -732.960783814889
0.388053097345133 -182.822316373414 -731.289265493655
0.388938053097345 -182.406338406672 -729.62535362669
0.389823008849558 -181.992249102698 -727.968996410791
0.39070796460177 -181.580035627916 -726.320142511665
0.391592920353982 -181.16968526489 -724.678741059561
0.392477876106195 -180.761185410854 -723.044741643416
0.393362831858407 -180.354523576409 -721.418094305635
0.394247787610619 -179.949687384291 -719.798749537163
0.395132743362832 -179.546664568201 -718.186658272803
0.396017699115044 -179.145442971423 -716.581771885693
0.396902654867257 -178.7460105456 -714.984042182401
0.397787610619469 -178.348355349677 -713.393421398708
0.398672566371681 -177.952465548681 -711.809862194723
0.399557522123894 -177.558329412357 -710.233317649427
0.400442477876106 -177.165935314244 -708.663741256978
0.401327433628319 -176.775271730288 -707.101086921153
0.402212389380531 -176.386327238051 -705.545308952205
0.403097345132743 -175.999090515269 -703.996362061075
0.403982300884956 -175.613550338914 -702.454201355656
0.404867256637168 -175.229695584077 -700.918782336309
0.405752212389381 -174.847515222938 -699.390060891754
0.406637168141593 -174.466998323628 -697.867993294513
0.407522123893805 -174.088134049334 -696.352536197337
0.408407079646018 -173.710911657012 -694.843646628047
0.40929203539823 -173.33532049669 -693.34128198676
0.410176991150442 -172.961350010221 -691.845400040883
0.411061946902655 -172.588989730344 -690.355958921375
0.411946902654867 -172.218229279791 -688.872917119162
0.41283185840708 -171.849058370319 -687.396233481277
0.413716814159292 -171.48146680158 -685.92586720632
0.414601769911504 -171.115444460506 -684.461777842022
0.415486725663717 -170.750981319993 -683.003925279973
0.416371681415929 -170.388067438371 -681.552269753483
0.417256637168142 -170.026692958143 -680.106771832573
0.418141592920354 -169.666848105308 -678.667392421232
0.419026548672566 -169.308523188519 -677.234092754078
0.419911504424779 -168.95170859803 -675.80683439212
0.420796460176991 -168.596394804961 -674.385579219843
0.421681415929204 -168.242572360499 -672.970289441997
0.422566371681416 -167.890231894777 -671.560927579106
0.423451327433628 -167.53936411648 -670.15745646592
0.424336283185841 -167.189959811761 -668.759839247045
0.425221238938053 -166.842009843361 -667.368039373445
0.426106194690266 -166.495505150027 -665.98202060011
0.426991150442478 -166.150436745555 -664.601746982221
0.42787610619469 -165.806795718153 -663.227182872612
0.428761061946903 -165.46457322964 -661.858292918558
0.429646017699115 -165.123760514451 -660.495042057803
0.430530973451327 -164.784348879187 -659.137395516749
0.43141592920354 -164.446329702037 -657.785318808148
0.432300884955752 -164.109694431386 -656.438777725544
0.433185840707965 -163.774434585781 -655.097738343124
0.434070796460177 -163.440541752812 -653.762167011247
0.434955752212389 -163.108007588475 -652.432030353901
0.435840707964602 -162.776823816757 -651.107295267028
0.436725663716814 -162.446982228512 -649.787928914049
0.437610619469027 -162.118474681012 -648.473898724049
0.438495575221239 -161.791293097397 -647.165172389589
0.439380530973451 -161.465429465805 -645.861717863218
0.440265486725664 -161.140875838718 -644.563503354871
0.441150442477876 -160.817624332526 -643.270497330102
0.442035398230089 -160.495667126692 -641.982668506769
0.442920353982301 -160.174996463114 -640.699985852456
0.443805309734513 -159.855604645644 -639.422418582577
0.444690265486726 -159.537484039381 -638.149936157523
0.445575221238938 -159.220627070087 -636.882508280347
0.44646017699115 -158.905026223578 -635.620104894313
0.447345132743363 -158.590674045102 -634.362696180407
0.448230088495575 -158.277563138801 -633.110252555202
0.449115044247788 -157.965686167075 -631.8627446683
0.45 -157.655035850197 -630.620143400788
0.450884955752212 -157.345604965321 -629.382419861286
0.451769911504425 -157.037386346351 -628.149545385403
0.452654867256637 -156.730372883325 -626.9214915333
0.45353982300885 -156.424557521648 -625.69823008659
0.454424778761062 -156.119933261624 -624.479733046497
0.455309734513274 -155.816493158186 -623.265972632745
0.456194690265487 -155.514230319832 -622.056921279329
0.457079646017699 -155.213137908757 -620.852551635029
0.457964601769911 -154.913209139865 -619.65283655946
0.458849557522124 -154.614437280406 -618.457749121626
0.459734513274336 -154.316815649498 -617.267262597991
0.460619469026549 -154.020337617477 -616.081350469908
0.461504424778761 -153.724996605761 -614.899986423045
0.462389380530973 -153.430786085994 -613.723144343976
0.463274336283186 -153.137699579596 -612.550798318385
0.464159292035398 -152.845730657671 -611.382922630682
0.465044247787611 -152.554872939982 -610.219491759927
0.465929203539823 -152.265120094884 -609.060480379537
0.466814159292035 -151.976465838807 -607.90586335523
0.467699115044248 -151.688903935582 -606.755615742327
0.46858407079646 -151.402428196325 -605.609712785302
0.469469026548673 -151.117032478756 -604.468129915022
0.470353982300885 -150.832710686705 -603.330842746818
0.471238938053097 -150.549456769928 -602.197827079713
0.47212389380531 -150.267264723561 -601.069058894243
0.473008849557522 -149.986128587518 -599.944514350073
0.473893805309735 -149.706042446357 -598.824169785427
0.474778761061947 -149.427000428725 -597.708001714899
0.475663716814159 -149.148996706977 -596.59598682791
0.476548672566372 -148.872025496835 -595.48810198734
0.477433628318584 -148.5960810566 -594.3843242264
0.478318584070796 -148.321157687447 -593.284630749788
0.479203539823009 -148.047249732365 -592.18899892946
0.480088495575221 -147.774351576169 -591.097406304675
0.480973451327434 -147.502457645007 -590.009830580026
0.481858407079646 -147.231562406003 -588.926249624011
0.482743362831858 -146.961660366808 -587.846641467234
0.483628318584071 -146.692746075197 -586.770984300789
0.484513274336283 -146.424814118956 -585.699256475823
0.485398230088496 -146.157859125112 -584.631436500447
0.486283185840708 -145.891875760004 -583.567503040017
0.48716814159292 -145.626858728681 -582.507434914726
0.488053097345133 -145.362802774539 -581.451211098156
0.488938053097345 -145.099702678994 -580.398810715975
0.489823008849558 -144.837553261355 -579.350213045421
0.49070796460177 -144.576349378166 -578.305397512664
0.491592920353982 -144.316085922929 -577.264343691718
0.492477876106195 -144.056757826046 -576.227031304185
0.493362831858407 -143.798360054113 -575.193440216451
0.494247787610619 -143.540887609994 -574.163550439975
0.495132743362832 -143.284335532076 -573.137342128302
0.496017699115044 -143.028698894228 -572.114795576912
0.496902654867257 -142.773972805355 -571.095891221421
0.497787610619469 -142.520152409314 -570.080609637257
0.498672566371681 -142.267232884161 -569.068931536645
0.499557522123894 -142.015209442408 -568.060837769632
