0.00163934426229508 -1544.3626431104 -1156.37628350188 -1156.37628350188
0.00327868852459016 -3084.62991412081 -2628.81138628387 -2628.81138628387
0.00491803278688525 -4616.71730112185 -4136.0066229024 -4136.0066229024
0.00655737704918033 -6136.56198378602 -5642.10900658256 -5642.10900658256
0.00819672131147541 -7640.13360723686 -7136.75184961659 -7136.75184961659
0.00983606557377049 -9123.44496982554 -8613.84313612676 -8613.84313612676
0.0114754098360656 -10582.5625964728 -10068.5517475339 -10068.5517475339
0.0131147540983607 -12013.617169538 -11496.5625092413 -11496.5625092413
0.0147540983606557 -13412.8137895534 -12893.8347708476 -12893.8347708476
0.0163934426229508 -14776.4420386159 -14256.5118174929 -14256.5118174929
0.0180327868852459 -16100.885819748 -15580.884959983 -15580.884959983
0.019672131147541 -17382.6329461369 -16863.3802460703 -16863.3802460703
0.0213114754098361 -18618.2844548227 -18100.555452746 -18100.555452746
0.0229508196721312 -19804.563620137 -19289.1020563121 -19289.1020563121
0.0245901639344262 -20938.3246429903 -20425.8496951184 -20425.8496951184
0.0262295081967213 -22016.560992966 -21507.7718697425 -21507.7718697425
0.0278688524590164 -23036.413381098 -22531.9922077609 -22531.9922077609
0.0295081967213115 -23995.1773421916 -23495.7909093505 -23495.7909093505
0.0311475409836066 -24890.3104065786 -24396.611144283 -24396.611144283
0.0327868852459016 -25719.43884229 -25232.0652557778 -25232.0652557778
0.0344262295081967 -26480.3639497664 -25999.9406748087 -25999.9406748087
0.0360655737704918 -27171.0678924141 -26698.2054794377 -26698.2054794377
0.0377049180327869 -27789.7190475449 -27325.0135508616 -27325.0135508616
0.039344262295082 -28334.6768635098 -27878.7092907197 -27878.7092907197
0.0409836065573771 -28804.4962101481 -28357.8318718913 -28357.8318718913
0.0426229508196721 -29197.9312110115 -28761.1190011734 -28761.1190011734
0.0442622950819672 -29513.9385472055 -29087.5101765233 -29087.5101765233
0.0459016393442623 -29751.680224083 -29336.1494251026 -29336.1494251026
0.0475409836065574 -29910.5257934558 -29506.3875106509 -29506.3875106509
0.0491803278688525 -29990.0540254294 -29597.7836017931 -29597.7836017931
0.0508196721311475 -29990.0540254294 -29610.1063950872 -29610.1063950872
0.0524590163934426 -29910.5257934558 -29543.3346874176 -29543.3346874176
0.0540983606557377 -29751.680224083 -29397.6573960475 -29397.6573960475
0.0557377049180328 -29513.9385472055 -29173.4730244954 -29173.4730244954
0.0573770491803279 -29197.9312110115 -28871.3885757113 -28871.3885757113
0.059016393442623 -28804.496210148 -28492.2179142859 -28492.2179142859
0.060655737704918 -28334.6768635098 -28036.9795819109 -28036.9795819109
0.0622950819672131 -27789.7190475448 -27506.894071625 -27506.894071625
0.0639344262295082 -27171.0678924141 -26903.3805677605 -26903.3805677605
0.0655737704918033 -26480.3639497664 -26228.053159659 -26228.053159659
0.0672131147540984 -25719.43884229 -25482.7165399486 -25482.7165399486
0.0688524590163934 -24890.3104065786 -24669.361197477 -24669.361197477
0.0704918032786885 -23995.1773421916 -23790.1581186942 -23790.1581186942
0.0721311475409836 -23036.413381098 -22847.4530104423 -22847.4530104423
0.0737704918032787 -22016.560992966 -21843.760060501 -21843.760060501
0.0754098360655737 -20938.3246429903 -20781.7552511717 -20781.7552511717
0.0770491803278688 -19804.563620137 -19664.2692446681 -19664.2692446681
0.0786885245901639 -18618.2844548227 -18494.2798586042 -18494.2798586042
0.080327868852459 -17382.632946137 -17274.9041514329 -17274.9041514329
0.081967213114754 -16100.8858197481 -16009.3901392707 -16009.3901392707
0.0836065573770491 -14776.442038616 -14701.1081657278 -14701.1081657278
0.0852459016393442 -13412.8137895535 -13353.541947463 -13353.541947463
0.0868852459016393 -12013.6171695381 -11970.2793198027 -11970.2793198027
0.0885245901639343 -10582.5625964729 -10555.0027064776 -10555.0027064776
0.0901639344262294 -9123.44496982562 -9111.47933864433 -9111.47933864433
0.0918032786885245 -7640.13360723695 -7643.55124983237 -7643.55124983237
0.0934426229508196 -6136.56198378613 -6155.12507249751 -6155.12507249751
0.0950819672131146 -4616.71730112196 -4650.1616639079 -4650.1616639079
0.0967213114754097 -3084.62991412093 -3132.66558837271 -3132.66558837271
0.0983606557377048 -1544.36264311052 -1606.67448448224 -1606.67448448224
0.0999999999999999 -1.23577905720984e-010 -76.2483442480194 -76.2483442480194
0.101639344262295 1544.36264311026 1454.54126575151 1454.54126575151
0.10327868852459 3084.62991412068 2981.62201413017 2981.62201413017
0.104918032786885 4616.71730112171 4500.93161581129 4500.93161581129
0.10655737704918 6136.56198378587 6008.42861574682 6008.42861574682
0.108196721311475 7640.13360723672 7500.10311766941 7500.10311766941
0.10983606557377 9123.44496982538 8971.98742777593 8971.98742777593
0.111475409836065 10582.5625964727 10420.1665869319 10420.1665869319
0.11311475409836 12013.6171695378 11840.7887616507 11840.7887616507
0.114754098360656 13412.8137895533 13230.0754680344 13230.0754680344
0.116393442622951 14776.4420386158 14584.3315999525 14584.3315999525
0.118032786885246 16100.8858197479 15899.9552360915 15899.9552360915
0.119672131147541 17382.6329461367 17173.4471993106 17173.4471993106
0.121311475409836 18618.2844548225 18401.4203426722 18401.4203426722
0.122950819672131 19804.5636201368 19580.6085384924 19580.6085384924
0.124590163934426 20938.3246429901 20707.875345116 20707.875345116
0.126229508196721 22016.5609929658 21780.2223301906 21780.2223301906
0.127868852459016 23036.4133810979 22794.797026539 22794.797026539
0.129508196721311 23995.1773421915 23748.9005011565 23748.9005011565
0.131147540983606 24890.3104065784 24639.9945159813 24639.9945159813
0.132786885245901 25719.4388422899 25465.7082622471 25465.7082622471
0.134426229508197 26480.3639497663 26223.8446503861 26223.8446503861
0.136065573770492 27171.0678924141 26912.3861386514 26912.3861386514
0.137704918032787 27789.7190475448 27529.5000847972 27529.5000847972
0.139344262295082 28334.6768635098 28073.5436073785 28073.5436073785
0.140983606557377 28804.496210148 28543.0679431097 28543.0679431097
0.142622950819672 29197.9312110114 28936.8222888595 28936.8222888595
0.144262295081967 29513.9385472055 29253.7571181476 29253.7571181476
0.145901639344262 29751.680224083 29493.0269637853 29493.0269637853
0.147540983606557 29910.5257934558 29653.9926583845 29653.9926583845
0.149180327868852 29990.0540254294 29736.2230274291 29736.2230274291
0.150819672131147 29990.0540254294 29739.4960307133 29739.4960307133
0.152459016393443 29910.5257934558 29663.799348142 29663.799348142
0.154098360655738 29751.6802240831 29509.3304092991 29509.3304092991
0.155737704918033 29513.9385472055 29276.4958662937 29276.4958662937
0.157377049180328 29197.9312110115 28965.9105111286 28965.9105111286
0.159016393442623 28804.4962101481 28578.3956411077 28578.3956411077
0.160655737704918 28334.6768635099 28114.9768757473 28114.9768757473
0.162295081967213 27789.7190475449 27576.8814318952 27576.8814318952
0.163934426229508 27171.0678924142 26965.5348634362 26965.5348634362
0.165573770491803 26480.3639497665 26282.5572751868 26282.5572751868
0.167213114754098 25719.43884229 25529.7590198273 25529.7590198273
0.168852459016393 24890.3104065786 24709.1358907892 24709.1358907892
0.170491803278688 23995.1773421916 23822.8638224205 23822.8638224205
0.172131147540984 23036.413381098 22873.2931124516 22873.2931124516
0.173770491803279 22016.560992966 21862.9421816471 21862.9421816471
0.175409836065574 20938.3246429903 20794.4908875808 20794.4908875808
0.177049180327869 19804.563620137 19670.7734097307 19670.7734097307
0.178688524590164 18618.2844548227 18494.7707252676 18494.7707252676
0.180327868852459 17382.6329461369 17269.6026953883 17269.6026953883
0.181967213114754 16100.885819748 15998.5197830145 15998.5197830145
0.183606557377049 14776.4420386159 14684.8944241659 14684.8944241659
0.185245901639344 13412.8137895534 13332.2120753244 13332.2120753244
0.186885245901639 12013.617169538 11944.0619614528 11944.0619614528
0.188524590163934 10582.5625964728 10524.1275483561 10524.1275483561
0.19016393442623 9123.44496982548 9076.17676494644 9076.17676494644
0.191803278688525 7640.13360723682 7604.05200182546 7604.05200182546
0.19344262295082 6136.56198378596 6111.65991195291 6111.65991195291
0.195081967213115 4616.71730112178 4602.9610409338 4602.9610409338
0.19672131147541 3084.62991412074 3081.95931450685 3081.95931450685
0.198360655737705 1544.36264311031 1552.69141062906 1552.69141062906
0.2 -9.92337722410808e-011 19.2160452481389 19.2160452481389
0.201639344262295 -1544.36264311048 -1514.39680101599 -1514.39680101599
0.20327868852459 -3084.62991412092 -3044.07668563615 -3044.07668563615
0.204918032786885 -4616.71730112197 -4565.76350802534 -4565.76350802534
0.20655737704918 -6136.56198378613 -6075.41828623433 -6075.41828623433
0.208196721311476 -7640.13360723698 -7569.03387754962 -7569.03387754962
0.209836065573771 -9123.44496982567 -9042.64561404157 -9042.64561404157
0.211475409836066 -10582.562596473 -10492.3418262041 -10492.3418262041
0.213114754098361 -12013.6171695381 -11914.2742251596 -11914.2742251596
0.214754098360656 -13412.8137895536 -13304.6681172038 -13304.6681172038
0.216393442622951 -14776.4420386161 -14659.8324227154 -14659.8324227154
0.218032786885246 -16100.8858197482 -15976.1694732157 -15976.1694732157
0.219672131147541 -17382.6329461371 -17250.1845608065 -17250.1845608065
0.221311475409836 -18618.2844548228 -18478.4952139201 -18478.4952139201
0.222950819672131 -19804.5636201371 -19657.8401757087 -19657.8401757087
0.224590163934426 -20938.3246429905 -20785.0880604952 -20785.0880604952
0.226229508196722 -22016.5609929661 -21857.2456655064 -21857.2456655064
0.227868852459017 -23036.4133810981 -22871.4659163887 -22871.4659163887
0.229508196721312 -23995.1773421917 -23825.0554244573 -23825.0554244573
0.231147540983607 -24890.3104065787 -24715.4816363569 -24715.4816363569
0.232786885245902 -25719.4388422901 -25540.3795571039 -25540.3795571039
0.234426229508197 -26480.3639497665 -26297.5580282796 -26297.5580282796
0.236065573770492 -27171.0678924142 -26985.0055449099 -26985.0055449099
0.237704918032787 -27789.7190475449 -27600.8955960609 -27600.8955960609
0.239344262295082 -28334.6768635099 -28143.5915140058 -28143.5915140058
0.240983606557377 -28804.4962101481 -28611.6508200935 -28611.6508200935
0.242622950819672 -29197.9312110115 -29003.8290552408 -29003.8290552408
0.244262295081968 -29513.9385472055 -29319.08308468 -29319.08308468
0.245901639344263 -29751.6802240831 -29556.5738692285 -29556.5738692285
0.247540983606558 -29910.5257934558 -29715.6686941613 -29715.6686941613
0.249180327868853 -29990.0540254294 -29795.9428512461 -29795.9428512461
0.250819672131148 -29990.0540254294 -29797.1807687092 -29797.1807687092
0.252459016393443 -29910.5257934558 -29719.3765860483 -29719.3765860483
0.254098360655738 -29751.680224083 -29562.7341727143 -29562.7341727143
0.255737704918033 -29513.9385472054 -29327.6665901043 -29327.6665901043
0.257377049180328 -29197.9312110114 -29014.7949985944 -29014.7949985944
0.259016393442623 -28804.496210148 -28624.9470123766 -28624.9470123766
0.260655737704918 -28334.6768635098 -28159.1545063951 -28159.1545063951
0.262295081967213 -27789.7190475448 -27618.6508814735 -27618.6508814735
0.263934426229508 -27171.0678924141 -27004.8677946063 -27004.8677946063
0.265573770491803 -26480.3639497664 -26319.4313632041 -26319.4313632041
0.267213114754098 -25719.4388422899 -25564.1578534408 -25564.1578534408
0.268852459016394 -24890.3104065785 -24741.0488637897 -24741.0488637897
0.270491803278689 -23995.1773421915 -23852.286017252 -23852.286017252
0.272131147540984 -23036.413381098 -22900.2251754471 -22900.2251754471
0.273770491803279 -22016.5609929659 -21887.3901906264 -21887.3901906264
0.275409836065574 -20938.3246429903 -20816.4662118329 -20816.4662118329
0.277049180327869 -19804.563620137 -19690.2925630359 -19690.2925630359
0.278688524590164 -18618.2844548227 -18511.8552122799 -18511.8552122799
0.280327868852459 -17382.6329461369 -17284.2788515536 -17284.2788515536
0.281967213114754 -16100.8858197481 -16010.8186085757 -16010.8186085757
0.283606557377049 -14776.442038616 -14694.851412594 -14694.851412594
0.285245901639344 -13412.8137895535 -13339.8670366743 -13339.8670366743
0.286885245901639 -12013.6171695381 -11949.4588408004 -11949.4588408004
0.288524590163934 -10582.562596473 -10527.3142398614 -10527.3142398614
0.290163934426229 -9123.44496982569 -9077.20492224571 -9077.20492224571
0.291803278688524 -7640.13360723705 -7602.97684447341 -7602.97684447341
0.293442622950819 -6136.5619837862 -6108.54002894145 -6108.54002894145
0.295081967213115 -4616.71730112207 -4597.85819154494 -4597.85819154494
0.29672131147541 -3084.62991412107 -3074.93822664643 -3074.93822664643
0.298360655737705 -1544.36264311064 -1543.81957755971 -1543.81957755971
0.300139614483876 0 370656.696463713 -622.43725760677
0.302197802197802 0 346.845344419944 1387.38137767978
0.304395604395604 0 -2.7337590070587 -10.9350360282348
0.306593406593406 0 -2.67552520243277 -10.7021008097311
0.308791208791208 0 -2.61893370453142 -10.4757348181257
0.310989010989011 0 -2.56392702121142 -10.2557080848457
0.313186813186813 0 -2.51045005467277 -10.0418002186911
0.315384615384615 0 -2.45845001188153 -9.83380004752613
0.317582417582417 0 -2.4078762422202 -9.63150496888079
0.319780219780219 0 -2.35868017761462 -9.43472071045847
0.321978021978022 0 -2.31081524567307 -9.24326098269227
0.324175824175824 0 -2.26423669257359 -9.05694677029438
0.326373626373626 0 -2.2189016127871 -8.8756064511484
0.328571428571428 0 -2.17476877202164 -8.69907508808655
0.33076923076923 0 -2.13179861093062 -8.52719444372247
0.332967032967033 0 -2.08995306516304 -8.35981226065218
0.335164835164835 0 -2.04919557977882 -8.19678231911529
0.337362637362637 0 -2.00949104421267 -8.0379641768507
0.339560439560439 0 -1.97080565051064 -7.88322260204254
0.341758241758241 0 -1.93310690275546 -7.73242761102185
0.343956043956044 0 -1.89636357099402 -7.58545428397607
0.346153846153846 0 -1.86054555959369 -7.44218223837474
0.348351648351648 0 -1.82562393750131 -7.30249575000525
0.35054945054945 0 -1.79157080818219 -7.16628323272875
0.352747252747252 0 -1.75835938552209 -7.03343754208837
0.354945054945054 0 -1.72596377757309 -6.90385511029237
0.357142857142857 0 -1.69435912828282 -6.77743651313128
0.359340659340659 0 -1.66352141436985 -6.65408565747941
0.361538461538461 0 -1.63342752452859 -6.53371009811434
0.363736263736263 0 -1.60405516055804 -6.41622064223218
0.365934065934065 0 -1.57538282944775 -6.30153131779099
0.368131868131868 0 -1.5473898079606 -6.1895592318424
0.37032967032967 0 -1.52005609073759 -6.08022436295036
0.372527472527472 0 -1.49336238057704 -5.97344952230816
0.374725274725274 0 -1.46729004447658 -5.86916017790631
0.376923076923076 0 -1.44182113001882 -5.76728452007528
0.379120879120879 0 -1.41693826014709 -5.66775304058835
0.381318681318681 0 -1.39262468990555 -5.57049875962221
0.383516483516483 0 -1.36886422604807 -5.47545690419228
0.385714285714285 0 -1.34564121111881 -5.38256484447523
0.387912087912087 0 -1.32294056196347 -5.29176224785386
0.39010989010989 0 -1.30074765251267 -5.20299061005068
0.392307692307692 0 -1.27904839014502 -5.11619356058008
0.394505494505494 0 -1.25782910543813 -5.03131642175251
0.396703296703296 0 -1.23707660482739 -4.94830641930958
0.398901098901098 0 -1.21677811827029 -4.86711247308118
0.4010989010989 0 -1.1969213152092 -4.7876852608368
0.403296703296703 0 -1.17749422102629 -4.70997688410515
0.405494505494505 0 -1.15848529022 -4.63394116087998
0.407692307692307 0 -1.13988335125574 -4.55953340502296
0.409890109890109 0 -1.12167752012675 -4.48671008050699
0.412087912087911 0 -1.10385735141357 -4.41542940565428
0.414285714285714 0 -1.0864126712004 -4.34565068480159
0.416483516483516 0 -1.06933364250662 -4.27733457002648
0.418681318681318 0 -1.05261073786473 -4.21044295145893
0.42087912087912 0 -1.03623472871958 -4.14493891487833
0.423076923076922 0 -1.02019664239091 -4.08078656956365
0.425274725274725 0 -1.0044878323946 -4.01795132957841
0.427472527472527 0 -0.989099883460943 -3.95639953384377
0.429670329670329 0 -0.974024661481656 -3.89609864592662
0.431868131868131 0 -0.959254218469887 -3.83701687387955
0.434065934065933 0 -0.944780933711996 -3.77912373484799
0.436263736263735 0 -0.930597348152721 -3.72238939261089
0.438461538461538 0 -0.916696273068724 -3.6667850922749
0.44065934065934 0 -0.903070677591155 -3.61228271036462
0.442857142857142 0 -0.889713795110073 -3.55885518044029
0.445054945054944 0 -0.876619011941654 -3.50647604776661
0.447252747252746 0 -0.863779972518825 -3.4551198900753
0.449450549450549 0 -0.851190411493196 -3.40476164597278
0.451648351648351 0 -0.838844341488806 -3.35537736595522
0.453846153846153 0 -0.826735877630276 -3.3069435105211
0.456043956043955 0 -0.814859333130202 -3.25943733252081
0.458241758241757 0 -0.803209202940157 -3.21283681176063
0.46043956043956 0 -0.791780093018091 -3.16712037207237
0.462637362637362 0 -0.780566794644855 -3.12226717857942
0.464835164835164 0 -0.769564255950637 -3.07825702380255
0.467032967032966 0 -0.758767514261798 -3.03507005704719
0.469230769230768 0 -0.748171812449946 -2.99268724979978
0.471428571428571 0 -0.737772468971859 -2.95108987588744
0.473626373626373 0 -0.727564971379282 -2.91025988551713
0.475824175824175 0 -0.717544910611321 -2.87017964244528
0.478021978021977 0 -0.707708008091848 -2.83083203236739
0.480219780219779 0 -0.698050088103455 -2.79220035241382
0.482417582417581 0 -0.688567106647094 -2.75426842658837
0.484615384615384 0 -0.679255106746872 -2.71702042698749
0.486813186813186 0 -0.670110282152744 -2.68044112861098
0.489010989010988 0 -0.66112886634883 -2.64451546539532
0.49120879120879 0 -0.652307240709487 -2.60922896283795
0.493406593406592 0 -0.643641878996436 -2.57456751598574
0.495604395604395 0 -0.63512930392658 -2.54051721570632
0.497802197802197 0 -0.626766196965117 -2.50706478786047
