0.00297029702970297 -2795.37802452215 -1863.58534967717 -1863.58534967717
0.00594059405940594 -5566.4326148848 -4916.61008591304 -4916.61008591304
0.00891089108910891 -8289.05198252491 -7708.67164174816 -7708.67164174816
0.0118811881188119 -10939.5457884797 -10393.8443745874 -10393.8443745874
0.0148514851485149 -13494.8512802291 -12971.6787189726 -12971.6787189726
0.0178217821782178 -15932.7339677182 -15426.6378238133 -15426.6378238133
0.0207920792079208 -18231.981092416 -17740.2256010822 -17740.2256010822
0.0237623762376238 -20372.5862059766 -19893.7455007028 -19893.7455007028
0.0267326732673267 -22335.9232524305 -21869.2752531014 -21869.2752531014
0.0297029702970297 -24104.9086391603 -23650.1369604166 -23650.1369604166
0.0326732673267327 -25664.1498864349 -25221.1824206322 -25221.1824206322
0.0356435643564356 -27000.0795620559 -26568.9943481799 -26568.9943481799
0.0386138613861386 -28101.0733357103 -27682.0403090319 -27682.0403090319
0.0415841584158416 -28957.5511258031 -28550.7942666922 -28550.7942666922
0.0445544554455446 -29562.0604586604 -29167.8321722084 -29167.8321722084
0.0475247524752475 -29909.3413147689 -29527.9044853736 -29527.9044853736
0.0504950495049505 -29996.3718978045 -29627.9869578412 -29627.9869578412
0.0534653465346535 -29822.3949282016 -29467.3103242248 -29467.3103242248
0.0564356435643565 -29388.9242324724 -29047.3692733113 -29047.3692733113
0.0594059405940594 -28699.7315709426 -28371.9110003819 -28371.9110003819
0.0623762376237624 -27760.8138185172 -27446.9036758209 -27446.9036758209
0.0653465346534654 -26580.3407840494 -26280.4852551102 -26280.4852551102
0.0683168316831683 -25168.584122349 -24882.89317462 -24882.89317462
0.0712871287128713 -23537.827957391 -23266.3756114233 -23266.3756114233
0.0742574257425743 -21702.2619944175 -21445.0851252017 -21445.0851252017
0.0772277227722773 -19677.8580509982 -19434.9556396527 -19434.9556396527
0.0801980198019802 -17482.231081389 -17253.5638567886 -17253.5638567886
0.0831683168316832 -15134.4859034592 -14919.9763268287 -14919.9763268287
0.0861386138613862 -12655.0509618618 -12454.5835165219 -12454.5835165219
0.0891089108910891 -10065.5005739257 -9878.92232927156 -9878.92232927156
0.0920792079207921 -7388.36720496 -7215.48862828687 -7215.48862828687
0.0950495049504951 -4646.9454064225 -4487.54139974631 -4487.54139974631
0.0980198019801981 -1865.08912294438 -1718.90026424037 -1718.90026424037
0.100990099009901 932.995868095148 1066.26189795748 1066.26189795748
0.103960396039604 3722.96257839782 3843.62940070513 3843.62940070513
0.106930693069307 6480.53465929456 6588.95545123685 6588.95545123685
0.10990099009901 9181.71763763667 9278.27325081206 9278.27325081206
0.112871287128713 11803.0076990026 11888.1046585045 11888.1046585045
0.115841584158416 14321.5962015339 14395.6646008687 14395.6646008687
0.118811881188119 16715.5681408629 16779.0594479877 16779.0594479877
0.121782178217822 18964.0928392298 19017.4776284368 19017.4776284368
0.124752475247525 21047.6051995433 21091.3708241237 21091.3708241237
0.127722772277228 22947.9759472395 22982.6241673262 22982.6241673262
0.130693069306931 24648.6693786121 24674.7139585445 24674.7139585445
0.133663366336634 26134.8872429985 26152.8515323209 26152.8515323209
0.136633663366337 27393.6975068586 27404.1120185918 27404.1120185918
0.13960396039604 28414.14687933 28417.54687916 28417.54687916
0.142574257425743 29187.3561201431 29184.2792393744 29184.2792393744
0.145544554455446 29706.5973005901 29697.5811856478 29697.5811856478
0.148514851485149 29967.3523452783 29952.932355837 29952.932355837
0.151485148514852 29967.3523452783 29948.0593127096 29948.0593127096
0.154455445544555 29706.5973005901 29682.9553577182 29682.9553577182
0.157425742574258 29187.3561201431 29159.8806127996 29159.8806127996
0.16039603960396 28414.14687933 28383.3423694382 28383.3423694382
0.163366336633663 27393.6975068585 27360.0558761212 27360.0558761212
0.166336633663366 26134.8872429985 26098.8859055246 26098.8859055246
0.169306930693069 24648.669378612 24610.76961002 24610.76961002
0.172277227722772 22947.9759472394 22908.6213369512 22908.6213369512
0.175247524752475 21047.6051995432 21007.2202321805 21007.2202321805
0.178217821782178 18964.0928392297 18923.0816102323 18923.0816102323
0.181188118811881 16715.5681408628 16674.3132104106 16674.3132104106
0.184158415841584 14321.5962015337 14280.4575901953 14280.4575901953
0.187128712871287 11803.0076990025 11762.3220274906 11762.3220274906
0.19009900990099 9181.71763763652 9141.7974122497 9141.7974122497
0.193069306930693 6480.53465929439 6441.66770373602 6441.66770373602
0.196039603960396 3722.96257839767 3685.41161177754 3685.41161177754
0.199009900990099 932.995868094986 896.998228160375 896.998228160375
0.201980198019802 -1865.08912294452 -1899.32161332513 -1899.32161332513
0.204950495049505 -4646.94540642266 -4679.22643199549 -4679.22643199549
0.207920792079208 -7388.36720496015 -7418.53581362183 -7418.53581362183
0.210891089108911 -10065.5005739259 -10093.4208991266 -10093.4208991266
0.213861386138614 -12655.050961862 -12680.6118167156 -12680.6118167156
0.216831683168317 -15134.4859034593 -15157.6002521301 -15157.6002521301
0.21980198019802 -17482.2310813891 -17502.8353938889 -17502.8353938889
0.222772277227723 -19677.8580509983 -19695.9115479791 -19695.9115479791
0.225742574257426 -21702.2619944176 -21717.7457892898 -21717.7457892898
0.228712871287129 -23537.8279573911 -23550.7441033512 -23550.7441033512
0.231683168316832 -25168.5841223491 -25178.9545724059 -25178.9545724059
0.234653465346535 -26580.3407840495 -26588.2062724971 -26588.2062724971
0.237623762376238 -27760.8138185173 -27766.2326725084 -27766.2326725084
0.240594059405941 -28699.7315709426 -28702.7784611343 -28702.7784611343
0.243564356435644 -29388.9242324725 -29389.688871846 -29389.688871846
0.246534653465347 -29822.3949282016 -29820.9807282897 -29820.9807282897
0.24950495049505 -29996.3718978045 -29992.8945915421 -29992.8945915421
0.252475247524753 -29909.3413147689 -29903.9275553157 -29903.9275553157
0.255445544554456 -29562.0604586604 -29554.846403347 -29554.846403347
0.258415841584159 -28957.551125803 -28948.6810142401 -28948.6810142401
0.261386138613862 -28101.0733357102 -28090.6980710409 -28090.6980710409
0.264356435643565 -27000.0795620558 -26988.3553039757 -26988.3553039757
0.267326732673268 -25664.1498864348 -25651.2366643678 -25651.2366643678
0.27029702970297 -24104.9086391602 -24090.9689936878 -24090.9689936878
0.273267326732673 -22335.9232524303 -22321.1209126025 -22321.1209126025
0.276237623762376 -20372.5862059764 -20357.0848098795 -20357.0848098795
0.279207920792079 -18231.9810924158 -18215.9429577218 -18215.9429577218
0.282178217821782 -15932.7339677181 -15916.3189186332 -15916.3189186332
0.285148514851485 -13494.8512802289 -13478.2155366215 -13478.2155366215
0.288118811881188 -10939.5457884795 -10922.8409224676 -10922.8409224676
0.291089108910891 -8289.0519825247 -8272.42394727693 -8272.42394727693
0.294059405940594 -5566.43261488463 -5378.26857716451 -5378.26857716451
0.297267520869734 -2572.13913932041 154139.109199362 154139.109199362
0.300951271597748 0 35936.3053165056 81320.8635808715
0.304872840225199 0 4.91012164856518 1.22753041214129
0.30879440885265 0 4.72541247773908 1.18135311943477
0.312715977480101 0 4.54985293153572 1.13746323288393
0.316637546107552 0 4.38288340925311 1.09572085231328
0.320559114735003 0 4.22398489355483 1.05599622338871
0.324480683362454 0 4.07267554196499 1.01816888549125
0.328402251989905 0 3.92850762239855 0.982126905599637
0.332323820617356 0 3.79106473640976 0.947766184102441
0.336245389244807 0 3.65995927351417 0.914989818378542
0.340166957872258 0 3.5348301384198 0.883707534604949
0.344088526499709 0 3.41534063700612 0.85383515925153
0.34801009512716 0 3.30117659562753 0.825294148906882
0.351931663754611 0 3.1920445986597 0.798011149664926
0.355853232382062 0 3.08767042453691 0.771917606134227
0.359774801009513 0 2.98779759246574 0.746949398116434
0.363696369636964 0 2.89218601831172 0.723046504577929
0.367617938264415 0 2.80061085482087 0.700152713705217
0.371539506891866 0 2.71286131106677 0.678215327766691
0.375461075519317 0 2.62873968887599 0.657184922218998
0.379382644146768 0 2.54806041724433 0.637015104311082
0.383304212774219 0 2.47064919612576 0.617662299031441
0.387225781401669 0 2.39634221449241 0.599085553623102
0.39114735002912 0 2.32498542442764 0.581246356106911
0.395068918656571 0 2.25643383930377 0.564108459825942
0.398990487284022 0 2.19055096727346 0.547637741818364
0.402912055911473 0 2.12720818430704 0.531802046076761
0.406833624538924 0 2.06628425024133 0.516571062560332
0.410755193166375 0 2.00766480163907 0.501916200409766
0.414676761793826 0 1.95124189500018 0.487810473750046
0.418598330421277 0 1.89691360658583 0.474228401646458
0.422519899048728 0 1.84458362341001 0.461145905852502
0.426441467676179 0 1.79416091178645 0.448540227946612
0.43036303630363 0 1.74555936912696 0.436389842281741
0.434284604931081 0 1.69869750099724 0.424674375249311
0.438206173558532 0 1.65349816345052 0.413374540862631
0.442127742185983 0 1.60988828441042 0.402472071102605
0.446049310813434 0 1.56779859954661 0.391949649886652
0.449970879440885 0 1.52716343773966 0.381790859434915
0.453892448068336 0 1.48792051534822 0.371980128837055
0.457814016695787 0 1.4500107044348 0.362502676108699
0.461735585323238 0 1.41337788048105 0.353344470120262
0.465657153950689 0 1.3779687208083 0.344492180202075
0.46957872257814 0 1.34373255487192 0.335933138717981
0.473500291205591 0 1.31062121571437 0.327655303928592
0.477421859833042 0 1.27858887744348 0.31964721936087
0.481343428460493 0 1.24759194623159 0.311897986557898
0.485264997087944 0 1.21758892845942 0.304397232114855
0.489186565715395 0 -297.711691998377 -74.4279229995942
