0.00236220472440945 1 0.748232528808046 0.748232528808046
0.0047244094488189 1 0.87195909684594 0.87195909684594
0.00708661417322835 1 0.913104211986559 0.913104211986559
0.0094488188976378 1 0.933662262671693 0.933662262671693
0.0118110236220472 1 0.945993219486575 0.945993219486575
0.0141732283464567 1 0.954212491884424 0.954212491884424
0.0165354330708661 1 0.960082802619231 0.960082802619231
0.0188976377952756 1 0.964485260622085 0.964485260622085
0.021259842519685 1 0.967909225407376 0.967909225407376
0.0236220472440945 1 0.970648311665043 0.970648311665043
0.0259842519685039 1 0.972889341954653 0.972889341954653
0.0283464566929134 1 0.974756819020104 0.974756819020104
0.0307086614173228 1 0.976336971351793 0.976336971351793
0.0330708661417323 1 0.97769138290643 0.97769138290643
0.0354330708661417 1 0.978865192331591 0.978865192331591
0.0377952755905512 1 0.979892257433057 0.979892257433057
0.0401574803149606 1 0.980798497937691 0.980798497937691
0.0425196850393701 1 0.981604044204002 0.981604044204002
0.0448818897637795 1 0.98232478044392 0.98232478044392
0.047244094488189 1 0.982973444333213 0.982973444333213
0.0496062992125984 1 0.983560335681456 0.983560335681456
0.0519685039370079 1 0.984093867714233 0.984093867714233
0.0543307086614173 1 0.984581000563723 0.984581000563723
0.0566929133858268 1 0.985027542616971 0.985027542616971
0.0590551181102362 1 0.985438357333043 0.985438357333043
0.0614173228346457 1 0.98581758296516 0.98581758296516
0.0637795275590551 1 0.986168699888188 0.986168699888188
0.0661417322834646 1 0.986494741942575 0.986494741942575
0.068503937007874 1 0.986798296932943 0.986798296932943
0.0708661417322835 1 0.987081626638966 0.987081626638966
0.0732283464566929 1 0.987346666411383 0.987346666411383
0.0755905511811024 1 0.987595131568148 0.987595131568148
0.0779527559055118 1 0.987828539851223 0.987828539851223
0.0803149606299213 1 0.988048247447932 0.988048247447932
0.0826771653543308 1 0.988255366198474 0.988255366198474
0.0850393700787402 1 0.988450983657476 0.988450983657476
0.0874015748031497 1 0.988636049500985 0.988636049500985
0.0897637795275591 1 0.988811363844675 0.988811363844675
0.0921259842519686 1 0.988977660805149 0.988977660805149
0.094488188976378 1 0.989135686848916 0.989135686848916
0.0968503937007875 1 0.98928597480023 0.98928597480023
0.0992125984251969 1 0.989429105879253 0.989429105879253
0.101574803149606 1 0.989565595334603 0.989565595334603
0.103937007874016 1 0.989695882402337 0.989695882402337
0.106299212598425 1 0.989820355277315 0.989820355277315
0.108661417322835 1 0.989939437714018 0.989939437714018
0.111023622047244 1 0.990053450212065 0.990053450212065
0.113385826771654 1 0.990162709642615 0.990162709642615
0.115748031496063 1 0.990267501864339 0.990267501864339
0.118110236220473 1 0.990368115079981 0.990368115079981
0.120472440944882 1 0.990464765451352 0.990464765451352
0.122834645669292 1 0.990557711283439 0.990557711283439
0.125196850393701 1 0.990647153137311 0.990647153137311
0.12755905511811 1 0.990733275774426 0.990733275774426
0.12992125984252 1 0.990816259872524 0.990816259872524
0.132283464566929 1 0.990896293759677 0.990896293759677
0.134645669291339 1 0.990973508091604 0.990973508091604
0.137007874015748 1 0.991048063417041 0.991048063417041
0.139370078740158 1 0.991120105558293 0.991120105558293
0.141732283464567 1 0.991189730377695 0.991189730377695
0.144094488188977 1 0.99125706602841 0.99125706602841
0.146456692913386 1 0.991322253755408 0.991322253755408
0.148818897637796 1 0.991385346118657 0.991385346118657
0.151181102362205 1 0.991446491079407 0.991446491079407
0.153543307086614 1 0.991505723625671 0.991505723625671
0.155905511811024 1 0.991563190418071 0.991563190418071
0.158267716535433 1 0.991618941555763 0.991618941555763
0.160629921259843 1 0.991673021943775 0.991673021943775
0.162992125984252 1 0.991725574277272 0.991725574277272
0.165354330708662 1 0.99177658942475 0.99177658942475
0.167716535433071 1 0.991826186751931 0.991826186751931
0.170078740157481 1 0.991874416208837 0.991874416208837
0.17244094488189 1 0.991921293540525 0.991921293540525
0.1748031496063 1 0.991966933445756 0.991966933445756
0.177165354330709 1 0.992011346031953 0.992011346031953
0.179527559055118 1 0.992054599717773 0.992054599717773
0.181889763779528 1 0.992096688918734 0.992096688918734
0.184251968503937 1 0.992137753729695 0.992137753729695
0.186614173228347 1 0.992177738499674 0.992177738499674
0.188976377952756 1 0.992216748321973 0.992216748321973
0.191338582677166 1 0.992254805188638 0.992254805188638
0.193700787401575 1 0.992291888090851 0.992291888090851
0.196062992125985 1 0.992328112009612 0.992328112009612
0.198425196850394 1 0.992363468330332 0.992363468330332
0.200787401574804 1 0.992397987434394 0.992397987434394
0.203149606299213 1 0.992431698290141 0.992431698290141
0.205511811023622 1 0.992464654147803 0.992464654147803
0.207874015748032 1 0.99249684069264 0.99249684069264
0.210236220472441 1 0.992528318795574 0.992528318795574
0.212598425196851 1 0.992559092263313 0.992559092263313
0.21496062992126 1 0.992589184101727 0.992589184101727
0.21732283464567 1 0.992618621437542 0.992618621437542
0.219685039370079 1 0.992647435625511 0.992647435625511
0.222047244094489 1 0.99267562650448 0.99267562650448
0.224409448818898 1 0.992703233810171 0.992703233810171
0.226771653543308 1 0.992730265963654 0.992730265963654
0.229133858267717 1 0.992756725393911 0.992756725393911
0.231496062992126 1 0.992782664845939 0.992782664845939
0.233858267716536 1 0.99280806506534 0.99280806506534
0.236220472440945 1 0.992832962093695 0.992832962093695
0.238582677165355 1 0.992857355722895 0.992857355722895
0.240944881889764 1 0.992881296188492 0.992881296188492
0.243307086614174 1 0.992904746496319 0.992904746496319
0.245669291338583 1 0.992927760749827 0.992927760749827
0.248031496062993 1 0.992950336636613 0.992950336636613
0.250393700787402 1 0.992972486563277 0.992972486563277
0.252755905511812 1 0.992994217355292 0.992994217355292
0.255118110236221 1 0.993015545583801 0.993015545583801
0.25748031496063 1 0.993036487445286 0.993036487445286
0.25984251968504 1 0.993057033195762 0.993057033195762
0.262204724409449 1 0.993077228805245 0.993077228805245
0.264566929133859 1 0.993097053682878 0.993097053682878
0.266929133858268 1 0.993116532658468 0.993116532658468
0.269291338582678 1 0.993135664781845 0.993135664781845
0.271653543307087 1 0.993154469155369 0.993154469155369
0.274015748031497 1 0.993172933969293 0.993172933969293
0.276377952755906 1 0.993191108329772 0.993191108329772
0.278740157480316 1 0.993208959564062 0.993208959564062
0.281102362204725 1 0.993226505534283 0.993226505534283
0.283464566929134 1 0.993243763931753 0.993243763931753
0.285826771653544 1 0.993260742054651 0.993260742054651
0.288188976377953 1 0.993277436733333 0.993277436733333
0.290551181102363 1 0.993293870057955 0.993293870057955
0.292913385826772 1 0.993310033338181 0.993310033338181
0.295275590551182 1 0.993325922664325 0.993325922664325
0.297637795275591 1 0.99334159009735 0.99334159009735
0.2998031496063 1 1.01213270537079 1.01213270537079
0.301574803149607 1 0.995563754121977 0.995563754121977
0.303149606299213 1 0.995570473399728 0.995570473399728
0.30472440944882 1 0.995577214791801 0.995577214791801
0.306299212598426 1 0.995583846207477 0.995583846207477
0.307874015748032 1 0.995590384106661 0.995590384106661
0.309448818897638 1 0.995596867885081 0.995596867885081
0.311023622047245 1 0.995603314031978 0.995603314031978
0.312598425196851 1 0.995609693036435 0.995609693036435
0.314173228346457 1 0.995615963628222 0.995615963628222
0.315748031496064 1 0.995622199106776 0.995622199106776
0.31732283464567 1 0.995628369623389 0.995628369623389
0.318897637795276 1 0.995634514002181 0.995634514002181
0.320472440944882 1 0.995640544775097 0.995640544775097
0.322047244094489 1 0.995646534780688 0.995646534780688
0.323622047244095 1 0.995652476694871 0.995652476694871
0.325196850393701 1 0.99565835157015 0.99565835157015
0.326771653543308 1 0.995664163247621 0.995664163247621
0.328346456692914 1 0.995669915494952 0.995669915494952
0.32992125984252 1 0.995675623495308 0.995675623495308
0.331496062992126 1 0.995681290928262 0.995681290928262
0.333070866141733 1 0.99568688694119 0.99568688694119
0.334645669291339 1 0.995692414915484 0.995692414915484
0.336220472440945 1 0.99569792411764 0.99569792411764
0.337795275590552 1 0.995703372067811 0.995703372067811
0.339370078740158 1 0.995708761958465 0.995708761958465
0.340944881889764 1 0.995714073949768 0.995714073949768
0.34251968503937 1 0.995719391419772 0.995719391419772
0.344094488188977 1 0.99572463724421 0.99572463724421
0.345669291338583 1 0.995729802795312 0.995729802795312
0.347244094488189 1 0.995734959746542 0.995734959746542
0.348818897637795 1 0.995740065166788 0.995740065166788
0.350393700787402 1 0.995745133297379 0.995745133297379
0.351968503937008 1 0.995750120950961 0.995750120950961
0.353543307086614 1 0.995755099547644 0.995755099547644
0.355118110236221 1 0.995760014421763 0.995760014421763
0.356692913385827 1 0.995764891007842 0.995764891007842
0.358267716535433 1 0.995769708854586 0.995769708854586
0.359842519685039 1 0.995774493309143 0.995774493309143
0.361417322834646 1 0.995779269775944 0.995779269775944
0.362992125984252 1 0.995783948863971 0.995783948863971
0.364566929133858 1 0.995788613022788 0.995788613022788
0.366141732283465 1 0.995793241644003 0.995793241644003
0.367716535433071 1 0.995797859920738 0.995797859920738
0.369291338582677 1 0.995802389742379 0.995802389742379
0.370866141732283 1 0.995806878952928 0.995806878952928
0.37244094488189 1 0.995811375556604 0.995811375556604
0.374015748031496 1 0.995815801384804 0.995815801384804
0.375590551181102 1 0.995820192742045 0.995820192742045
0.377165354330709 1 0.995824540106942 0.995824540106942
0.378740157480315 1 0.995828868331017 0.995828868331017
0.380314960629921 1 0.995833156392138 0.995833156392138
0.381889763779527 1 0.995837406110539 0.995837406110539
0.383464566929134 1 0.995841596308543 0.995841596308543
0.38503937007874 1 0.995845786072978 0.995845786072978
0.386614173228346 1 0.995849942825212 0.995849942825212
0.388188976377953 1 0.995854045301739 0.995854045301739
0.389763779527559 1 0.995858118053409 0.995858118053409
0.391338582677165 1 0.995862162730497 0.995862162730497
0.392913385826771 1 0.995866203923184 0.995866203923184
0.394488188976378 1 0.995870174421047 0.995870174421047
0.396062992125984 1 0.995874098580292 0.995874098580292
0.39763779527559 1 0.995878035274536 0.995878035274536
0.399212598425197 1 0.995881940231839 0.995881940231839
0.400787401574803 1 0.995885780458637 0.995885780458637
0.402362204724409 1 0.9958895917014 0.9958895917014
0.403937007874015 1 0.995893386854241 0.995893386854241
0.405511811023622 1 0.995897155868048 0.995897155868048
0.407086614173228 1 0.99590092307538 0.99590092307538
0.408661417322834 1 0.995904598050794 0.995904598050794
0.410236220472441 1 0.99590828519765 0.99590828519765
0.411811023622047 1 0.995911928542624 0.995911928542624
0.413385826771653 1 0.995915540767141 0.995915540767141
0.414960629921259 1 0.995919134577313 0.995919134577313
0.416535433070866 1 0.995922722704053 0.995922722704053
0.418110236220472 1 0.995926271974279 0.995926271974279
0.419685039370078 1 0.995929783513578 0.995929783513578
0.421259842519685 1 0.99593325843043 0.99593325843043
0.422834645669291 1 0.99593672078049 0.99593672078049
0.424409448818897 1 0.995940160242481 0.995940160242481
0.425984251968503 1 0.995943543473135 0.995943543473135
0.42755905511811 1 0.99594695180148 0.99594695180148
0.429133858267716 1 0.995950317577175 0.995950317577175
0.430708661417322 1 0.99595366473225 0.99595366473225
0.432283464566929 1 0.995956959861678 0.995956959861678
0.433858267716535 1 0.995960249789191 0.995960249789191
0.435433070866141 1 0.995963501122946 0.995963501122946
0.437007874015747 1 0.995966737737591 0.995966737737591
0.438582677165354 1 0.995969972095733 0.995969972095733
0.44015748031496 1 0.995973159282135 0.995973159282135
0.441732283464566 1 0.995976323089876 0.995976323089876
0.443307086614173 1 0.995979487380743 0.995979487380743
0.444881889763779 1 0.995982607200849 0.995982607200849
0.446456692913385 1 0.995985706305139 0.995985706305139
0.448031496062991 1 0.995988785556749 0.995988785556749
0.449606299212598 1 0.995991834325983 0.995991834325983
0.451181102362204 1 0.995994876372862 0.995994876372862
0.45275590551181 1 0.995997912564624 0.995997912564624
0.454330708661417 1 0.996000886355774 0.996000886355774
0.455905511811023 1 0.996003901714032 0.996003901714032
0.457480314960629 1 0.996006833349703 0.996006833349703
0.459055118110235 1 0.996009773649822 0.996009773649822
0.460629921259842 1 0.996012666066302 0.996012666066302
0.462204724409448 1 0.996015557164108 0.996015557164108
0.463779527559054 1 0.99601844773508 0.99601844773508
0.465354330708661 1 0.996021292641188 0.996021292641188
0.466929133858267 1 0.996024138417872 0.996024138417872
0.468503937007873 1 0.996026962867436 0.996026962867436
0.470078740157479 1 0.99602976666511 0.99602976666511
0.471653543307086 1 0.996032527517832 0.996032527517832
0.473228346456692 1 0.996035268965847 0.996035268965847
0.474803149606298 1 0.996038026096265 0.996038026096265
0.476377952755905 1 0.996040753745833 0.996040753745833
0.477952755905511 1 0.996043463987117 0.996043463987117
0.479527559055117 1 0.996046157443381 0.996046157443381
0.481102362204723 1 0.996048823250417 0.996048823250417
0.48267716535433 1 0.996051473457137 0.996051473457137
0.484251968503936 1 0.996054108662836 0.996054108662836
0.485826771653542 1 0.996056717980376 0.996056717980376
0.487401574803149 1 0.996059313435677 0.996059313435677
0.488976377952755 1 0.996061907084503 0.996061907084503
0.490551181102361 1 0.996064488054012 0.996064488054012
0.492125984251967 1 0.996067022470133 0.996067022470133
0.493700787401574 1 0.996069602607174 0.996069602607174
0.49527559055118 1 0.996072091452436 0.996072091452436
0.496850393700786 1 0.996074592599247 0.996074592599247
0.498425196850393 1 0.996077072219974 0.996077072219974
