0.0176470588235294 -15792.9648863207 -7896.4824431603 -7896.4824431603
0.0352941176470588 -26854.8987406519 -20141.1740554889 -20141.1740554889
0.0529411764705882 -29872.025288851 -24893.354407376 -24893.354407376
0.0705882352941176 -23940.5168184072 -20947.9522161064 -20947.9522161064
0.0882352941176471 -10837.2499856146 -9753.52498705302 -9753.52498705302
0.105882352941176 5512.4855344971 5053.11173995564 5053.11173995564
0.123529411764706 20210.8693093967 18767.2357872971 18767.2357872971
0.141176470588235 28854.7692951846 27051.3462142355 27051.3462142355
0.158823529411765 28854.7692951846 27251.7265565631 27251.7265565631
0.176470588235294 20210.8693093967 19200.3258439267 19200.3258439267
0.194117647058824 5512.4855344971 5261.91801020181 5261.91801020181
0.211764705882353 -10837.2499856146 -10385.6979028805 -10385.6979028805
0.229411764705882 -23940.5168184072 -23019.727710007 -23019.727710007
0.247058823529412 -29872.025288851 -28805.1672428206 -28805.1672428206
0.264705882352941 -26854.8987406519 -25959.7354492967 -25959.7354492967
0.282352941176471 -15792.9648863207 16708.8522975569 16708.8522975569
0.301838235294118 0 5830.48670728772 -24779.5685059731
0.325 0 -3.21383945097645e-011 -1.28553578039058e-010
0.35 0 -5.88100996472869e-012 -2.35240398589148e-011
0.375 0 -9.8402767415943e-012 -3.93611069663772e-011
0.4 0 3.5892816496741e-011 1.43571265986964e-010
0.425 0 -2.3370847740727e-011 -9.34833909629078e-011
0.45 0 -1.02791849106628e-010 -4.11167396426511e-010
0.475 0 3.22724303421302e-012 1.29089721368521e-011
