0 220.061955843751
0.00236220472440945 220.061955843751
0.0047244094488189 220.06195306032
0.00708661417322835 220.061947497828
0.0094488188976378 220.061939157365
0.0118110236220472 220.061928039363
0.0141732283464567 220.061914144041
0.0165354330708661 220.061897471523
0.0188976377952756 220.061878021885
0.021259842519685 220.061855795181
0.0236220472440945 220.061830791446
0.0259842519685039 220.061803010706
0.0283464566929134 220.061772452981
0.0307086614173228 220.061739118286
0.0330708661417323 220.061703006634
0.0354330708661417 220.061664118033
0.0377952755905512 220.061622452492
0.0401574803149606 220.061578010016
0.0425196850393701 220.061530790611
0.0448818897637795 220.061480794282
0.047244094488189 220.061428021033
0.0496062992125984 220.061372470865
0.0519685039370079 220.061314143784
0.0543307086614173 220.06125303979
0.0566929133858268 220.061189158886
0.0590551181102362 220.061122501074
0.0614173228346457 220.061053066356
0.0637795275590551 220.060980854733
0.0661417322834646 220.060905866206
0.068503937007874 220.060828100776
0.0708661417322835 220.060747558446
0.0732283464566929 220.060664239214
0.0755905511811024 220.060578143083
0.0779527559055118 220.060489270054
0.0803149606299213 220.060397620126
0.0826771653543308 220.060303193302
0.0850393700787402 220.06020598958
0.0874015748031497 220.060106008962
0.0897637795275591 220.060003251449
0.0921259842519686 220.05989771704
0.094488188976378 220.059789405736
0.0968503937007875 220.059678317539
0.0992125984251969 220.059564452447
0.101574803149606 220.059447810461
0.103937007874016 220.059328391583
0.106299212598425 220.059206195811
0.108661417322835 220.059081223146
0.111023622047244 220.05895347359
0.113385826771654 220.05882294714
0.115748031496063 220.058689643799
0.118110236220473 220.058553563567
0.120472440944882 220.058414706442
0.122834645669292 220.058273072427
0.125196850393701 220.05812866152
0.12755905511811 220.057981473722
0.12992125984252 220.057831509033
0.132283464566929 220.057678767454
0.134645669291339 220.057523248984
0.137007874015748 220.057364953624
0.139370078740158 220.057203881374
0.141732283464567 220.057040032233
0.144094488188977 220.056873406203
0.146456692913386 220.056704003283
0.148818897637796 220.056531823473
0.151181102362205 220.056356866773
0.153543307086614 220.056179133184
0.155905511811024 220.055998622705
0.158267716535433 220.055815335337
0.160629921259843 220.055629271079
0.162992125984252 220.055440429933
0.165354330708662 220.055248811897
0.167716535433071 220.055054416972
0.170078740157481 220.054857245159
0.17244094488189 220.054657296456
0.1748031496063 220.054454570864
0.177165354330709 220.054249068384
0.179527559055118 220.054040789015
0.181889763779528 220.053829732758
0.184251968503937 220.053615899611
0.186614173228347 220.053399289577
0.188976377952756 220.053179902654
0.191338582677166 220.052957738842
0.193700787401575 220.052732798142
0.196062992125985 220.052505080553
0.198425196850394 220.052274586077
0.200787401574804 220.052041314712
0.203149606299213 220.051805266459
0.205511811023622 220.051566441317
0.207874015748032 220.051324839288
0.210236220472441 220.05108046037
0.212598425196851 220.050833304565
0.21496062992126 220.050583371871
0.21732283464567 220.05033066229
0.219685039370079 220.05007517582
0.222047244094489 220.049816912463
0.224409448818898 220.049555872217
0.226771653543308 220.049292055084
0.229133858267717 220.049025461063
0.231496062992126 220.048756090154
0.233858267716536 220.048483942358
0.236220472440945 220.048209017673
0.238582677165355 220.047931316101
0.240944881889764 220.047650837642
0.243307086614174 220.047367582294
0.245669291338583 220.047081550059
0.248031496062993 220.046792740936
0.250393700787402 220.046501154926
0.252755905511812 220.046206792028
0.255118110236221 220.045909652243
0.25748031496063 220.04560973557
0.25984251968504 220.045307042009
0.262204724409449 220.045001571561
0.264566929133859 220.044693324225
0.266929133858268 220.044382300002
0.269291338582678 220.044068498892
0.271653543307087 220.043751920894
0.274015748031497 220.043432566008
0.276377952755906 220.043110434236
0.278740157480316 220.042785525576
0.281102362204725 220.042457840028
0.283464566929134 220.042127377593
0.285826771653544 220.041794138271
0.288188976377953 220.041458122061
0.290551181102363 220.041119328965
0.292913385826772 220.040777758981
0.295275590551182 220.040433412109
0.297637795275591 220.040086288351
0.300000000000001 220.039736387705
0.301574803149607 220.039501519874
0.303149606299213 220.03926541274
0.30472440944882 220.039028066336
0.306299212598426 220.038789480694
0.307874015748032 220.038549655845
0.309448818897638 220.038308591823
0.311023622047245 220.038066288658
0.312598425196851 220.037822746379
0.314173228346457 220.037577965018
0.315748031496064 220.037331944605
0.31732283464567 220.037084685167
0.318897637795276 220.036836186735
0.320472440944882 220.036586449336
0.322047244094489 220.036335472998
0.323622047244095 220.03608325775
0.325196850393701 220.035829803617
0.326771653543308 220.035575110627
0.328346456692914 220.035319178807
0.32992125984252 220.035062008181
0.331496062992126 220.034803598777
0.333070866141733 220.034543950618
0.334645669291339 220.03428306373
0.336220472440945 220.034020938138
0.337795275590552 220.033757573865
0.339370078740158 220.033492970936
0.340944881889764 220.033227129374
0.34251968503937 220.032960049202
0.344094488188977 220.032691730443
0.345669291338583 220.03242217312
0.347244094488189 220.032151377255
0.348818897637795 220.03187934287
0.350393700787402 220.031606069986
0.351968503937008 220.031331558626
0.353543307086614 220.031055808809
0.355118110236221 220.030778820557
0.356692913385827 220.030500593891
0.358267716535433 220.030221128831
0.359842519685039 220.029940425396
0.361417322834646 220.029658483607
0.362992125984252 220.029375303483
0.364566929133858 220.029090885042
0.366141732283465 220.028805228305
0.367716535433071 220.02851833329
0.369291338582677 220.028230200016
0.370866141732283 220.0279408285
0.37244094488189 220.02765021876
0.374015748031496 220.027358370815
0.375590551181102 220.027065284682
0.377165354330709 220.026770960379
0.378740157480315 220.026475397922
0.380314960629921 220.026178597329
0.381889763779527 220.025880558615
0.383464566929134 220.025581281799
0.38503937007874 220.025280766895
0.386614173228346 220.024979013921
0.388188976377953 220.024676022892
0.389763779527559 220.024371793823
0.391338582677165 220.024066326731
0.392913385826771 220.023759621631
0.394488188976378 220.023451678537
0.396062992125984 220.023142497465
0.39763779527559 220.02283207843
0.399212598425197 220.022520421446
0.400787401574803 220.022207526528
0.402362204724409 220.021893393689
0.403937007874015 220.021578022945
0.405511811023622 220.021261414309
0.407086614173228 220.020943567795
0.408661417322834 220.020624483416
0.410236220472441 220.020304161186
0.411811023622047 220.019982601118
0.413385826771653 220.019659803226
0.414960629921259 220.019335767522
0.416535433070866 220.01901049402
0.418110236220472 220.018683982732
0.419685039370078 220.01835623367
0.421259842519685 220.018027246848
0.422834645669291 220.017697022277
0.424409448818897 220.017365559969
0.425984251968503 220.017032859937
0.42755905511811 220.016698922193
0.429133858267716 220.016363746748
0.430708661417322 220.016027333614
0.432283464566929 220.015689682802
0.433858267716535 220.015350794324
0.435433070866141 220.015010668191
0.437007874015747 220.014669304414
0.438582677165354 220.014326703005
0.44015748031496 220.013982863973
0.441732283464566 220.013637787331
0.443307086614173 220.013291473088
0.444881889763779 220.012943921255
0.446456692913385 220.012595131843
0.448031496062991 220.012245104862
0.449606299212598 220.011893840322
0.451181102362204 220.011541338233
0.45275590551181 220.011187598606
0.454330708661417 220.010832621449
0.455905511811023 220.010476406774
0.457480314960629 220.010118954589
0.459055118110235 220.009760264905
0.460629921259842 220.00940033773
0.462204724409448 220.009039173075
0.463779527559054 220.008676770948
0.465354330708661 220.008313131359
0.466929133858267 220.007948254317
0.468503937007873 220.007582139831
0.470078740157479 220.00721478791
0.471653543307086 220.006846198562
0.473228346456692 220.006476371797
0.474803149606298 220.006105307623
0.476377952755905 220.005733006049
0.477952755905511 220.005359467083
0.479527559055117 220.004984690734
0.481102362204723 220.00460867701
0.48267716535433 220.004231425919
0.484251968503936 220.003852937469
0.485826771653542 220.00347321167
0.487401574803149 220.003092248527
0.488976377952755 220.002710048051
0.490551181102361 220.002326610247
0.492125984251967 220.001941935125
0.493700787401574 220.001556022692
0.49527559055118 220.001168872955
0.496850393700786 220.000780485923
0.498425196850393 220.000390861602
0.499999999999999 220
