0 132.933215760359
0.000208623087621697 132.933215760359
0.000417246175243394 132.933218612913
0.00062586926286509 132.933230593419
0.000834492350486787 132.93325748772
0.00104311543810848 132.933305026487
0.00125173852573018 132.933378924444
0.00146036161335188 132.93348488919
0.00166898470097357 132.933628623947
0.00187760778859527 132.933815828514
0.00208623087621697 132.934052199574
0.00229485396383866 132.934343430703
0.00250347705146036 132.934695212255
0.00271210013908206 132.935113231176
0.00292072322670376 132.935603170775
0.00312934631432545 132.936170710472
0.00333796940194715 132.93682152554
0.00354659248956885 132.93756128683
0.00375521557719054 132.938395660492
0.00396383866481224 132.939330307694
0.00417246175243394 132.940370884341
0.00438108484005563 132.941523040785
0.00458970792767733 132.942792421541
0.00479833101529903 132.944184664995
0.00500695410292073 132.945705403124
0.00521557719054242 132.9473602612
0.00542420027816412 132.949154857502
0.00563282336578582 132.951094803033
0.00584144645340751 132.953185701226
0.00605006954102921 132.955433147657
0.00625869262865091 132.957842729759
0.0064673157162726 132.960420026531
0.0066759388038943 132.963170608253
0.006884561891516 132.966100036194
0.0070931849791377 132.969213862332
0.00730180806675939 132.972517629062
0.00751043115438109 132.976016868912
0.00771905424200279 132.979717104256
0.00792767732962448 132.983623847028
0.00813630041724618 132.987742598441
0.00834492350486788 132.992078848697
0.00855354659248957 132.996638076707
0.00876216968011127 133.001425749805
0.00897079276773296 133.006447323468
0.00917941585535466 133.011708241031
0.00938803894297636 133.017213933404
0.00959666203059805 133.022969818794
0.00980528511821975 133.028981302424
0.0100139082058414 133.03525377625
0.0102225312934631 133.041792618682
0.0104311543810848 133.048603194308
0.0106397774687065 133.055690853612
0.0108484005563282 133.0630609327
0.0110570236439499 133.070718753019
0.0112656467315716 133.078669621083
0.0114742698191933 133.086918828199
0.011682892906815 133.095471650188
0.0118915159944367 133.104333347113
0.0121001390820584 133.113509163005
0.0123087621696801 133.123004325593
0.0125173852573018 133.132824046026
0.0127260083449235 133.142973518607
0.0129346314325452 133.153457920521
0.0131432545201669 133.164282411564
0.0133518776077886 133.175452133875
0.0135605006954103 133.18697221167
0.013769123783032 133.19884775097
0.0139777468706537 133.211083839339
0.0141863699582754 133.223685545616
0.0143949930458971 133.236657919651
0.0146036161335188 133.250005992041
0.0148122392211405 133.263734773867
0.0150208623087622 133.277849256433
0.0152294853963838 133.292354411004
0.0154381084840055 133.307255188545
0.0156467315716272 133.322556519462
0.0158553546592489 133.338263313345
0.0160639777468706 133.354380458709
0.0162726008344923 133.37091282274
0.016481223922114 133.387865251036
0.0166898470097357 133.405242567356
0.0168984700973574 133.423049573363
0.0171070931849791 133.441291048375
0.0173157162726008 133.459971749112
0.0175243393602225 133.479096409448
0.0177329624478442 133.498669740156
0.0179415855354659 133.518696428665
0.0181502086230876 133.539181138813
0.0183588317107093 133.560128510597
0.018567454798331 133.581543159931
0.0187760778859527 133.603429678402
0.0189847009735744 133.625792633026
0.0191933240611961 133.648636566009
0.0194019471488178 133.671965994502
0.0196105702364395 133.695785410367
0.0198191933240612 133.720099279935
0.0200278164116829 133.744912043771
0.0202364394993046 133.770228116437
0.0204450625869263 133.79605188626
0.020653685674548 133.822387715094
0.0208623087621696 133.849239938094
0.0210709318497913 133.876612863478
0.021279554937413 133.904510772306
0.0214881780250347 133.932937918242
0.0216968011126564 133.961898527336
0.0219054242002781 133.99139679779
0.0221140472878998 134.021436899741
0.0223226703755215 134.052022975031
0.0225312934631432 134.083159136991
0.0227399165507649 134.114849470214
0.0229485396383866 134.147098030343
0.0231571627260083 134.179908843846
0.02336578581363 134.213285907804
0.0235744089012517 134.247233189696
0.0237830319888734 134.28175462718
0.0239916550764951 134.316854127887
0.0242002781641168 134.352535569204
0.0244089012517385 134.38880279807
0.0246175243393602 134.425659630763
0.0248261474269819 134.463109852693
0.0250347705146036 134.501157218203
0.0252433936022253 134.539805450357
0.025452016689847 134.57905824074
0.0256606397774687 134.618919249261
0.0258692628650904 134.659392103945
0.0260778859527121 134.700480400745
0.0262865090403337 134.742187703335
0.0264951321279554 134.784517542923
0.0267037552155771 134.827473418053
0.0269123783031988 134.871058794412
0.0271210013908205 134.915277104645
0.0273296244784422 134.960131748157
0.0275382475660639 135.005626090933
0.0277468706536856 135.051763465349
0.0279554937413073 135.098547169987
0.028164116828929 135.145980469452
0.0283727399165507 135.194066594194
0.0285813630041724 135.24280874032
0.0287899860917941 135.292210069427
0.0289986091794158 135.342273708415
0.0292072322670375 135.393002749318
0.0294158553546592 135.444400249131
0.0296244784422809 135.496469229633
0.0298331015299026 135.549212677222
0.0300417246175243 135.602633542744
0.030250347705146 135.656734741326
0.0304589707927677 135.711519152212
0.0306675938803894 135.7669896186
0.0308762169680111 135.823148947476
0.0310848400556328 135.879999909459
0.0312934631432545 135.937545238641
0.0315020862308762 135.995787632426
0.0317107093184979 136.054729751382
0.0319193324061196 136.11437421908
0.0321279554937413 136.174723621949
0.032336578581363 136.235780509121
0.0325452016689847 136.297547392286
0.0327538247566064 136.360026745544
0.0329624478442281 136.423221005261
0.0331710709318498 136.487132569922
0.0333796940194715 136.551763799997
0.0335883171070932 136.617117017796
0.0337969401947149 136.683194507333
0.0340055632823366 136.749998514188
0.0342141863699583 136.817531245378
0.03442280945758 136.885794869217
0.0346314325452017 136.954791515193
0.0348400556328234 137.024523273833
0.0350486787204451 137.094992196582
0.0352573018080668 137.16620029567
0.0354659248956884 137.238149543997
0.0356745479833101 137.310841875005
0.0358831710709318 137.384279182562
0.0360917941585535 137.458463320843
0.0363004172461752 137.533396104213
0.0365090403337969 137.609079307114
0.0367176634214186 137.685514663954
0.0369262865090403 137.762703868992
0.037134909596662 137.840648576233
0.0373435326842837 137.919350399322
0.0375521557719054 137.998810911436
0.0377607788595271 138.079031645183
0.0379694019471488 138.160014092501
0.0381780250347705 138.241759704558
0.0383866481223922 138.324269891655
0.0385952712100139 138.407546023129
0.0388038942976356 138.491589427263
0.0390125173852573 138.576401391193
0.039221140472879 138.661983160814
0.0394297635605007 138.748335940699
0.0396383866481224 138.83546089401
0.0398470097357441 138.923359142412
0.0400556328233658 139.012031765995
0.0402642559109875 139.101479803192
0.0404728789986092 139.191704250699
0.0406815020862309 139.282706063402
0.0408901251738526 139.374486154303
0.0410987482614743 139.467045394442
0.041307371349096 139.560384612835
0.0415159944367177 139.6545045964
0.0417246175243394 139.74940608989
0.0419332406119611 139.845089795834
0.0421418636995828 139.941556374468
0.0423504867872045 140.038806443679
0.0425591098748262 140.136840578946
0.0427677329624479 140.23565931328
0.0429763560500696 140.335263137174
0.0431849791376913 140.435652498546
0.043393602225313 140.536827802693
0.0436022253129347 140.638789412238
0.0438108484005564 140.741537647086
0.0440194714881781 140.84507278438
0.0442280945757998 140.949395058453
0.0444367176634215 141.054504660797
0.0446453407510432 141.160401740013
0.0448539638386649 141.267086401784
0.0450625869262866 141.374558708835
0.0452712100139083 141.4828186809
0.04547983310153 141.591866294697
0.0456884561891517 141.701701483891
0.0458970792767734 141.812324139076
0.0461057023643951 141.923734107741
0.0463143254520168 142.035931194258
0.0465229485396385 142.148915159852
0.0467315716272602 142.262685722588
0.0469401947148819 142.377242557354
0.0471488178025036 142.492585295843
0.0473574408901253 142.608713526544
0.047566063977747 142.725626794731
0.0477746870653687 142.843324602452
0.0479833101529904 142.961806408527
0.0481919332406121 143.081071628538
0.0484005563282338 143.201119634831
0.0486091794158555 143.321949756517
0.0488178025034772 143.443561279466
0.0490264255910989 143.565953446318
0.0492350486787206 143.689125456487
0.0494436717663423 143.813076466168
0.049652294853964 143.937805588344
0.0498609179415857 144.063311892804
0.0500695410292074 144.189594406152
0.0502781641168291 144.316652111823
0.0504867872044508 144.444483950104
0.0506954102920725 144.573088818151
0.0509040333796942 144.702465570012
0.0511126564673159 144.832613016651
0.0513212795549376 144.963529925972
0.0515299026425593 145.095215022852
0.051738525730181 145.227666989164
0.0519471488178027 145.360884463817
0.0521557719054244 145.494866042781
0.0523643949930461 145.629610279131
0.0525730180806678 145.765115683081
0.0527816411682895 145.901380722025
0.0529902642559112 146.038403820579
0.0531988873435329 146.176183360624
0.0534075104311546 146.314717681356
0.0536161335187763 146.45400507933
0.053824756606398 146.594043808509
0.0540333796940197 146.734832080324
0.0542420027816414 146.876368063718
0.0544506258692631 147.01864988521
0.0546592489568848 147.161675628948
0.0548678720445065 147.305443336774
0.0550764951321282 147.449951008281
0.0552851182197499 147.59519660088
0.0554937413073716 147.741178029867
0.0557023643949933 147.887893168488
0.055910987482615 148.035339848013
0.0561196105702367 148.183515857804
0.0563282336578584 148.332418945393
0.0565368567454801 148.482046816553
0.0567454798331018 148.632397135383
0.0569541029207235 148.783467524382
0.0571627260083452 148.935255564533
0.0573713490959669 149.087758795386
0.0575799721835886 149.240974715148
0.0577885952712103 149.394900780764
0.057997218358832 149.549534408012
0.0582058414464537 149.704872971594
0.0584144645340754 149.860913805228
0.0586230876216971 150.017654201743
0.0588317107093188 150.175091413181
0.0590403337969405 150.333222650891
0.0592489568845622 150.492045085634
0.0594575799721839 150.651555847685
0.0596662030598056 150.811752026939
0.0598748261474273 150.972630673016
0.060083449235049 151.134188795373
0.0602920723226707 151.296423363416
0.0605006954102924 151.459331306606
0.0607093184979141 151.622909514582
0.0609179415855358 151.787154837274
0.0611265646731575 151.95206408502
0.0613351877607792 152.11763402869
0.0615438108484009 152.283861399806
0.0617524339360226 152.450742890667
0.0619610570236443 152.618275154475
0.062169680111266 152.786454805463
0.0623783031988877 152.955278419024
0.0625869262865094 153.124742531845
0.0627955493741311 153.294843642038
0.0630041724617528 153.465578209277
0.0632127955493745 153.636942654932
0.0634214186369962 153.808933362216
0.0636300417246179 153.981546676314
0.0638386648122396 154.154778904537
0.0640472878998612 154.328626316459
0.0642559109874829 154.503085144067
0.0644645340751046 154.678151581908
0.0646731571627263 154.853821787239
0.064881780250348 155.030091880177
0.0650904033379697 155.206957943856
0.0652990264255914 155.38441602458
0.0655076495132131 155.56246213198
0.0657162726008348 155.741092239171
0.0659248956884565 155.920302282919
0.0661335187760782 156.100088163794
0.0663421418636999 156.280445746342
0.0665507649513216 156.461370859247
0.0667593880389433 156.642859295498
0.0669680111265649 156.824906812561
0.0671766342141866 157.007509132545
0.0673852573018083 157.190661942382
0.06759388038943 157.374360893993
0.0678025034770517 157.558601604472
0.0680111265646734 157.743379656255
0.0682197496522951 157.928690597308
0.0684283727399168 158.114529941303
0.0686369958275385 158.3008931678
0.0688456189151602 158.487775722436
0.0690542420027819 158.675173017107
0.0692628650904036 158.863080430154
0.0694714881780253 159.05149330656
0.069680111265647 159.240406958131
0.0698887343532686 159.429816663695
0.0700973574408903 159.619717669296
0.070305980528512 159.810105188386
0.0705146036161337 160.000974402025
0.0707232267037554 160.192320459078
0.0709318497913771 160.384138476418
0.0711404728789988 160.576423539126
0.0713490959666205 160.769170700694
0.0715577190542422 160.962374983232
0.0717663421418639 161.156031377673
0.0719749652294856 161.350134843983
0.0721835883171073 161.544680311368
0.072392211404729 161.739662678487
0.0726008344923506 161.935076813663
0.0728094575799723 162.130917555101
0.073018080667594 162.327179711098
0.0732267037552157 162.523858060265
0.0734353268428374 162.720947351742
0.0736439499304591 162.91844230542
0.0738525730180808 163.116337612163
0.0740611961057025 163.314627934027
0.0742698191933242 163.513307904491
0.0744784422809459 163.712372128676
0.0746870653685676 163.911815183575
0.0748956884561893 164.111631618283
0.075104311543811 164.311815954223
0.0753129346314327 164.512362685382
0.0755215577190543 164.713266278538
0.075730180806676 164.914521173501
0.0759388038942977 165.116121783341
0.0761474269819194 165.318062494629
0.0763560500695411 165.520337667676
0.0765646731571628 165.722941636768
0.0767732962447845 165.925868710409
0.0769819193324062 166.129113171564
0.0771905424200279 166.3326692779
0.0773991655076496 166.536531262031
0.0776077885952713 166.740693331766
0.077816411682893 166.945149670352
0.0780250347705147 167.149894436724
0.0782336578581364 167.354921765756
0.078442280945758 167.560225768509
0.0786509040333797 167.765800532484
0.0788595271210014 167.971640121876
0.0790681502086231 168.177738577826
0.0792767732962448 168.384089918678
0.0794853963838665 168.590688140234
0.0796940194714882 168.797527216015
0.0799026425591099 169.004601097515
0.0801112656467316 169.211903714465
0.0803198887343533 169.419428975092
0.080528511821975 169.627170766382
0.0807371349095967 169.835122954343
0.0809457579972184 170.043279384269
0.08115438108484 170.251633881005
0.0813630041724617 170.460180249215
0.0815716272600834 170.668912273649
0.0817802503477051 170.877823719411
0.0819888734353268 171.086908332227
0.0821974965229485 171.29615983872
0.0824061196105702 171.505571946677
0.0826147426981919 171.715138345324
0.0828233657858136 171.9248527056
0.0830319888734353 172.134708680429
0.083240611961057 172.344699904997
0.0834492350486787 172.554819997029
0.0836578581363004 172.765062557066
0.0838664812239221 172.975421168743
0.0840751043115437 173.185889399066
0.0842837273991654 173.396460798696
0.0844923504867871 173.607128902227
0.0847009735744088 173.81788722847
0.0849095966620305 174.028729280732
0.0851182197496522 174.239648547104
0.0853268428372739 174.450638500742
0.0855354659248956 174.661692600154
0.0857440890125173 174.872804289483
0.085952712100139 175.083966998799
0.0861613351877607 175.295174144379
0.0863699582753824 175.506419129004
0.0865785813630041 175.717695342241
0.0867872044506258 175.928996160735
0.0869958275382474 176.1403149485
0.0872044506258691 176.35164505721
0.0874130737134908 176.562979826491
0.0876216968011125 176.774312584213
0.0878303198887342 176.985636646783
0.0880389429763559 177.196945319439
0.0882475660639776 177.408231896548
0.0884561891515993 177.619489661894
0.088664812239221 177.83071188898
0.0888734353268427 178.041891841322
0.0890820584144644 178.253022772746
0.0892906815020861 178.464097927688
0.0894993045897078 178.675110541486
0.0897079276773294 178.886053840686
0.0899165507649511 179.096921043339
0.0901251738525728 179.307705359296
0.0903337969401945 179.518399990515
0.0905424200278162 179.728998131358
0.0907510431154379 179.939492968895
0.0909596662030596 180.149877683203
0.0911682892906813 180.360145447668
0.091376912378303 180.570289429292
0.0915855354659247 180.78030278899
0.0917941585535464 180.9901786819
0.0920027816411681 181.199910257682
0.0922114047287898 181.409490660824
0.0924200278164115 181.618913030949
0.0926286509040331 181.828170503114
0.0928372739916548 182.037256208125
0.0930458970792765 182.246163272833
0.0932545201668982 182.454884820446
0.0934631432545199 182.663413970835
0.0936717663421416 182.871743840839
0.0938803894297633 183.079867544572
0.094089012517385 183.287778193733
0.0942976356050067 183.495468897912
0.0945062586926284 183.702932764894
0.0947148817802501 183.910162900976
0.0949235048678718 184.117152411268
0.0951321279554935 184.323894400001
0.0953407510431152 184.530381970842
0.0955493741307368 184.736608227198
0.0957579972183585 184.942566272526
0.0959666203059802 185.148249210643
0.0961752433936019 185.353650146034
0.0963838664812236 185.558762184163
0.0965924895688453 185.763578431782
0.096801112656467 185.96809199724
0.0970097357440887 186.172295990793
0.0972183588317104 186.376183524917
0.0974269819193321 186.57974771461
0.0976356050069538 186.782981677712
0.0978442280945755 186.985878535207
0.0980528511821972 187.188431411536
0.0982614742698188 187.390633434909
0.0984700973574405 187.59247773761
0.0986787204450622 187.793957456312
0.0988873435326839 187.995065732383
0.0990959666203056 188.195795712198
0.0993045897079273 188.39614054745
0.099513212795549 188.596093395455
0.0997218358831707 188.795647419466
0.0999304589707924 188.994795788981
0.100139082058414 189.193531680053
0.100347705146036 189.391848275597
0.100556328233657 189.589738765701
0.100764951321279 189.787196347935
0.100973574408901 189.984214227659
0.101182197496523 190.180785618332
0.101390820584144 190.376903741819
0.101599443671766 190.572561828702
0.101808066759388 190.767753118584
0.102016689847009 190.962470860399
0.102225312934631 191.15670831272
0.102433936022253 191.350458744065
0.102642559109874 191.543715433202
0.102851182197496 191.736471669459
0.103059805285118 191.928720753028
0.103268428372739 192.120455995271
0.103477051460361 192.311670719026
0.103685674547983 192.502358258912
0.103894297635605 192.692511961633
0.104102920723226 192.882125186283
0.104311543810848 193.07119130465
0.10452016689847 193.259703701522
0.104728789986091 193.447655774983
0.104937413073713 193.635040936725
0.105146036161335 193.821852612342
0.105354659248956 194.008084241637
0.105563282336578 194.193729278922
0.1057719054242 194.378781193318
0.105980528511821 194.563233469055
0.106189151599443 194.747079605772
0.106397774687065 194.93031311882
0.106606397774687 195.112927539554
0.106815020862308 195.294916415635
0.10702364394993 195.476273311328
0.107232267037552 195.656991807799
0.107440890125173 195.837065503407
0.107649513212795 196.016488014007
0.107858136300417 196.195252973238
0.108066759388038 196.373354032823
0.10827538247566 196.550784862858
0.108484005563282 196.72753915211
0.108692628650903 196.903610608307
0.108901251738525 197.078992958427
0.109109874826147 197.253679948996
0.109318497913769 197.42766534637
0.10952712100139 197.600942937032
0.109735744089012 197.773506527876
0.109944367176634 197.945349946499
0.110152990264255 198.116467041482
0.110361613351877 198.286851682686
0.110570236439499 198.456497761527
0.11077885952712 198.625399191271
0.110987482614742 198.793549907309
0.111196105702364 198.960943867448
0.111404728789985 199.127575052188
0.111613351877607 199.293437465008
0.111821974965229 199.458525132641
0.112030598052851 199.62283210536
0.112239221140472 199.786352457252
0.112447844228094 199.949080286499
0.112656467315716 200.111009715653
0.112865090403337 200.272134891914
0.113073713490959 200.432449987403
0.113282336578581 200.591949199438
0.113490959666202 200.750626750807
0.113699582753824 200.908476890038
0.113908205841446 201.065493891675
0.114116828929067 201.221672056542
0.114325452016689 201.377005712016
0.114534075104311 201.531489212297
0.114742698191933 201.685116938669
0.114951321279554 201.837883299771
0.115159944367176 201.989782731862
0.115368567454798 202.14080969908
0.115577190542419 202.290958693712
0.115785813630041 202.440224236448
0.115994436717663 202.588600876647
0.116203059805284 202.736083192596
0.116411682892906 202.882665791765
0.116620305980528 203.028343311065
0.116828929068149 203.173110417108
0.117037552155771 203.316961806456
0.117246175243393 203.459892205878
0.117454798331015 203.601896372602
0.117663421418636 203.742969094564
0.117872044506258 203.883105190661
0.11808066759388 204.022299510998
0.118289290681501 204.160546937134
0.118497913769123 204.297842382331
0.118706536856745 204.434180791797
0.118915159944366 204.569557142931
0.119123783031988 204.703966445561
0.11933240611961 204.837403742193
0.119541029207232 204.969864108243
0.119749652294853 205.101342652279
0.119958275382475 205.231834516256
0.120166898470097 205.361334875755
0.120375521557718 205.489838940213
0.12058414464534 205.617341953161
0.120792767732962 205.743839192448
0.121001390820583 205.869325970481
0.121210013908205 205.993797634443
0.121418636995827 206.11724956653
0.121627260083448 206.239677184171
0.12183588317107 206.361075940252
0.122044506258692 206.481441323344
0.122253129346314 206.60076885792
0.122461752433935 206.719054104576
0.122670375521557 206.836292660252
0.122878998609179 206.952480158446
0.1230876216968 207.06761226943
0.123296244784422 207.181684700466
0.123504867872044 207.294693196018
0.123713490959665 207.406633537962
0.123922114047287 207.517501545796
0.124130737134909 207.627293076847
0.12433936022253 207.736004026481
0.124547983310152 207.843630328303
0.124756606397774 207.950167954364
0.124965229485396 208.05561291536
0.125173852573017 208.159961260835
0.125382475660639 208.263209079376
0.125591098748261 208.365352498813
0.125799721835882 208.466387686413
0.126008344923504 208.566310849072
0.126216968011126 208.665118233511
0.126425591098747 208.762806126462
0.126634214186369 208.85937085486
0.126842837273991 208.954808786027
0.127051460361613 209.04911632786
0.127260083449234 209.142289929014
0.127468706536856 209.234326079083
0.127677329624478 209.32522130878
0.127885952712099 209.414972190117
0.128094575799721 209.503575336582
0.128303198887343 209.591027403312
0.128511821974965 209.677325087268
0.128720445062586 209.762465127406
0.128929068150208 209.846444304849
0.12913769123783 209.92925944305
0.129346314325451 210.010907407964
0.129554937413073 210.091385108209
0.129763560500695 210.17068949523
0.129972183588316 210.248817563462
0.130180806675938 210.325766350484
0.13038942976356 210.401532937181
0.130598052851182 210.476114447898
0.130806675938803 210.549508050593
0.131015299026425 210.621710956993
0.131223922114047 210.692720422736
0.131432545201668 210.762533747527
0.13164116828929 210.831148275282
0.131849791376912 210.89856139427
0.132058414464534 210.964770537261
0.132267037552155 211.029773181659
0.132475660639777 211.093566849649
0.132684283727399 211.156149108329
0.13289290681502 211.217517569848
0.133101529902642 211.277669891537
0.133310152990264 211.336603776041
0.133518776077885 211.39431697145
0.133727399165507 211.450807271423
0.133936022253129 211.50607251532
0.134144645340751 211.560110588316
0.134353268428372 211.612919421534
0.134561891515994 211.664496992156
0.134770514603616 211.714841323543
0.134979137691237 211.763950485355
0.135187760778859 211.811822593661
0.135396383866481 211.858455811049
0.135605006954103 211.903848346743
0.135813630041724 211.947998456705
0.136022253129346 211.990904443742
0.136230876216968 212.032564657612
0.136439499304589 212.072977495126
0.136648122392211 212.112141400247
0.136856745479833 212.150054864186
0.137065368567454 212.186716425504
0.137273991655076 212.2221246702
0.137482614742698 212.256278231806
0.13769123783032 212.289175791477
0.137899860917941 212.320816078078
0.138108484005563 212.351197868273
0.138317107093185 212.380319986602
0.138525730180806 212.408181305573
0.138734353268428 212.434780745731
0.13894297635605 212.460117275744
0.139151599443672 212.484189912477
0.139360222531293 212.506997721063
0.139568845618915 212.528539814976
0.139777468706537 212.548815356101
0.139986091794158 212.567823554804
0.14019471488178 212.585563669992
0.140403337969402 212.60203500918
0.140611961057024 212.617236928553
0.140820584144645 212.631168833023
0.141029207232267 212.643830176287
0.141237830319889 212.655220460882
0.14144645340751 212.665339238239
0.141655076495132 212.674186108733
0.141863699582754 212.681760721731
0.142072322670375 212.688062775641
0.142280945757997 212.693092017952
0.142489568845619 212.696848245283
0.142698191933241 212.69933130342
0.142906815020862 212.700541087352
0.143115438108484 212.700477541311
0.143324061196106 212.699140658804
0.143532684283727 212.696530482647
0.143741307371349 212.692647104991
0.143949930458971 212.687490667355
0.144158553546593 212.681061360645
0.144367176634214 212.673359425184
0.144575799721836 212.66438515073
0.144784422809458 212.654138876496
0.144993045897079 212.642620991165
0.145201668984701 212.629831932908
0.145410292072323 212.615772189397
0.145618915159944 212.600442297811
0.145827538247566 212.583842844851
0.146036161335188 212.565974466741
0.14624478442281 212.546837849238
0.146453407510431 212.526433727627
0.146662030598053 212.504762886726
0.146870653685675 212.481826160884
0.147079276773296 212.457624433975
0.147287899860918 212.432158639391
0.14749652294854 212.405429760035
0.147705146036162 212.377438828312
0.147913769123783 212.348186926112
0.148122392211405 212.317675184797
0.148331015299027 212.285904785185
0.148539638386648 212.252876957531
0.14874826147427 212.218592981502
0.148956884561892 212.183054186159
0.149165507649513 212.146261949927
0.149374130737135 212.108217700568
0.149582753824757 212.068922915153
0.149791376912379 212.028379120029
0.15 211.986587890784
0.150208623087622 211.943550852211
0.150417246175244 211.899269678271
0.150625869262865 211.853746092051
0.150834492350487 211.806981865721
0.151043115438109 211.75897882049
0.151251738525731 211.70973882656
0.151460361613352 211.659263803073
0.151668984700974 211.607555718065
0.151877607788596 211.55461658841
0.152086230876217 211.500448479764
0.152294853963839 211.445053506508
0.152503477051461 211.388433831689
0.152712100139082 211.330591666956
0.152920723226704 211.271529272501
0.153129346314326 211.211248956986
0.153337969401948 211.149753077481
0.153546592489569 211.08704403939
0.153755215577191 211.023124296379
0.153963838664813 210.957996350304
0.154172461752434 210.891662751132
0.154381084840056 210.824126096862
0.154589707927678 210.755389033448
0.1547983310153 210.68545425471
0.155006954102921 210.614324502254
0.155215577190543 210.542002565385
0.155424200278165 210.468491281012
0.155632823365786 210.393793533565
0.155841446453408 210.317912254895
0.15605006954103 210.240850424184
0.156258692628651 210.162611067842
0.156467315716273 210.083197259412
0.156675938803895 210.002612119467
0.156884561891517 209.920858815505
0.157093184979138 209.837940561845
0.15730180806676 209.753860619519
0.157510431154382 209.668622296162
0.157719054242003 209.5822289459
0.157927677329625 209.494683969235
0.158136300417247 209.405990812931
0.158344923504869 209.316152969898
0.15855354659249 209.225173979064
0.158762169680112 209.133057425264
0.158970792767734 209.039806939108
0.159179415855355 208.945426196855
0.159388038942977 208.849918920292
0.159596662030599 208.753288876596
0.159805285118221 208.655539878206
0.160013908205842 208.556675782689
0.160222531293464 208.456700492603
0.160431154381086 208.35561795536
0.160639777468707 208.253432163083
0.160848400556329 208.150147152469
0.161057023643951 208.045767004641
0.161265646731572 207.940295845004
0.161474269819194 207.833737843097
0.161682892906816 207.726097212443
0.161891515994438 207.617378210397
0.162100139082059 207.507585137993
0.162308762169681 207.396722339789
0.162517385257303 207.284794203706
0.162726008344924 207.171805160874
0.162934631432546 207.057759685467
0.163143254520168 206.942662294539
0.16335187760779 206.826517547863
0.163560500695411 206.70933004776
0.163769123783033 206.591104438932
0.163977746870655 206.47184540829
0.164186369958276 206.351557684783
0.164394993045898 206.230246039223
0.16460361613352 206.107915284106
0.164812239221141 205.984570273439
0.165020862308763 205.860215902554
0.165229485396385 205.734857107931
0.165438108484007 205.60849886701
0.165646731571628 205.48114619801
0.16585535465925 205.352804159738
0.166063977746872 205.2234778514
0.166272600834493 205.093172412413
0.166481223922115 204.961893022209
0.166689847009737 204.829644900042
0.166898470097359 204.696433304791
0.16710709318498 204.562263534762
0.167315716272602 204.42714092749
0.167524339360224 204.291070859533
0.167732962447845 204.154058746273
0.167941585535467 204.016110041709
0.168150208623089 203.877230238251
0.16835883171071 203.737424866508
0.168567454798332 203.596699495084
0.168776077885954 203.45505973036
0.168984700973576 203.312511216284
0.169193324061197 203.169059634156
0.169401947148819 203.024710702405
0.169610570236441 202.879470176381
0.169819193324062 202.733343848122
0.170027816411684 202.586337546144
0.170236439499306 202.438457135209
0.170445062586928 202.289708516103
0.170653685674549 202.140097625408
0.170862308762171 201.989630435276
0.171070931849793 201.838312953196
0.171279554937414 201.686151221763
0.171488178025036 201.533151318445
0.171696801112658 201.37931935535
0.171905424200279 201.224661478986
0.172114047287901 201.069183870025
0.172322670375523 200.912892743064
0.172531293463145 200.755794346384
0.172739916550766 200.597894961704
0.172948539638388 200.439200903943
0.17315716272601 200.279718520968
0.173365785813631 200.119454193352
0.173574408901253 199.958414334122
0.173783031988875 199.796605388511
0.173991655076497 199.634033833706
0.174200278164118 199.470706178593
0.17440890125174 199.306628963507
0.174617524339362 199.141808759971
0.174826147426983 198.976252170443
0.175034770514605 198.809965828055
0.175243393602227 198.642956396354
0.175452016689849 198.475230569037
0.17566063977747 198.306795069697
0.175869262865092 198.137656651546
0.176077885952714 197.967822097162
0.176286509040335 197.797298218214
0.176495132127957 197.626091855196
0.176703755215579 197.454209877158
0.1769123783032 197.281659181434
0.177121001390822 197.108446693372
0.177329624478444 196.934579366058
0.177538247566066 196.760064180042
0.177746870653687 196.584908143063
0.177955493741309 196.409118289771
0.178164116828931 196.232701681447
0.178372739916552 196.055665405726
0.178581363004174 195.878016576314
0.178789986091796 195.699762332707
0.178998609179418 195.520909839907
0.179207232267039 195.341466288136
0.179415855354661 195.161438892553
0.179624478442283 194.980834892967
0.179833101529904 194.799661553546
0.180041724617526 194.617926162531
0.180250347705148 194.435636031941
0.180458970792769 194.252798497289
0.180667593880391 194.069420917283
0.180876216968013 193.885510673535
0.181084840055635 193.701075170267
0.181293463143256 193.516121834012
0.181502086230878 193.330658113321
0.1817107093185 193.144691478464
0.181919332406121 192.958229421128
0.182127955493743 192.771279454124
0.182336578581365 192.583849111077
0.182545201668987 192.395945946133
0.182753824756608 192.207577533649
0.18296244784423 192.018751467895
0.183171070931852 191.829475362745
0.183379694019473 191.639756851372
0.183588317107095 191.449603585944
0.183796940194717 191.259023237314
0.184005563282338 191.068023494712
0.18421418636996 190.876612065435
0.184422809457582 190.684796674539
0.184631432545204 190.492585064525
0.184840055632825 190.29998499503
0.185048678720447 190.107004242513
0.185257301808069 189.913650599939
0.18546592489569 189.719931876471
0.185674547983312 189.525855897147
0.185883171070934 189.331430502569
0.186091794158556 189.136663548586
0.186300417246177 188.941562905976
0.186509040333799 188.746136460124
0.186717663421421 188.550392110711
0.186926286509042 188.354337771387
0.187134909596664 188.157981369455
0.187343532684286 187.961330845547
0.187552155771907 187.764394153305
0.187760778859529 187.567179259057
0.187969401947151 187.369694141494
0.188178025034773 187.171946791346
0.188386648122394 186.973945211062
0.188595271210016 186.775697414477
0.188803894297638 186.577211426495
0.189012517385259 186.378495282755
0.189221140472881 186.179557029313
0.189429763560503 185.980404722308
0.189638386648125 185.781046427636
0.189847009735746 185.581490220624
0.190055632823368 185.3817441857
0.19026425591099 185.181816416061
0.190472878998611 184.981715013349
0.190681502086233 184.781448087317
0.190890125173855 184.581023755498
0.191098748261476 184.380450142875
0.191307371349098 184.179735381552
0.19151599443672 183.978887610416
0.191724617524342 183.777914974813
0.191933240611963 183.576825626208
0.192141863699585 183.375627721854
0.192350486787207 183.174329424463
0.192559109874828 182.972938901866
0.19276773296245 182.771464326683
0.192976356050072 182.569913875986
0.193184979137694 182.368295730968
0.193393602225315 182.166618076604
0.193602225312937 181.96488910132
0.193810848400559 181.763116996652
0.19401947148818 181.561309956917
0.194228094575802 181.359476178871
0.194436717663424 181.157623861378
0.194645340751046 180.955761205069
0.194853963838667 180.75389641201
0.195062586926289 180.552037685362
0.195271210013911 180.350193229045
0.195479833101532 180.148371247404
0.195688456189154 179.946579944865
0.195897079276776 179.744827525607
0.196105702364397 179.543122193216
0.196314325452019 179.341472150355
0.196522948539641 179.139885598421
0.196731571627263 178.93837073721
0.196940194714884 178.73693576458
0.197148817802506 178.535588876112
0.197357440890128 178.334338264773
0.197566063977749 178.133192120581
0.197774687065371 177.932158630262
0.197983310152993 177.731245976917
0.198191933240615 177.530462339684
0.198400556328236 177.329815893399
0.198609179415858 177.12931480826
0.19881780250348 176.92896724949
0.199026425591101 176.728781376997
0.199235048678723 176.528765345043
0.199443671766345 176.328927301901
0.199652294853966 176.129275389521
0.199860917941588 175.929817743195
0.20006954102921 175.730562491219
0.200278164116832 175.531517754555
0.200486787204453 175.332691646499
0.200695410292075 175.134092272343
0.200904033379697 174.935727729038
0.201112656467318 174.737606104864
0.20132127955494 174.53973547909
0.201529902642562 174.34212392164
0.201738525730184 174.144779492761
0.201947148817805 173.947710242688
0.202155771905427 173.750924211309
0.202364394993049 173.554429427833
0.20257301808067 173.358233910457
0.202781641168292 173.162345666032
0.202990264255914 172.96677268973
0.203198887343535 172.771522964718
0.203407510431157 172.576604461817
0.203616133518779 172.38202513918
0.203824756606401 172.187792941955
0.204033379694022 171.993915801958
0.204242002781644 171.800401637343
0.204450625869266 171.607258352271
0.204659248956887 171.414493836584
0.204867872044509 171.222115965475
0.205076495132131 171.03013259916
0.205285118219753 170.83855158255
0.205493741307374 170.64738074493
0.205702364394996 170.456627899625
0.205910987482618 170.26630084368
0.206119610570239 170.076407357532
0.206328233657861 169.886955204689
0.206536856745483 169.697952131403
0.206745479833104 169.50940586635
0.206954102920726 169.321324120304
0.207162726008348 169.133714585819
0.20737134909597 168.946584936906
0.207579972183591 168.759942828713
0.207788595271213 168.573795897205
0.207997218358835 168.388151758847
0.208205841446456 168.203018010283
0.208414464534078 168.01840222802
0.2086230876217 167.834311968111
0.208831710709322 167.65075476584
0.209040333796943 167.467738135406
0.209248956884565 167.28526956961
0.209457579972187 167.103356539538
0.209666203059808 166.922006494253
0.20987482614743 166.74122686048
0.210083449235052 166.561025042297
0.210292072322673 166.381408420821
0.210500695410295 166.202384353906
0.210709318497917 166.023960175826
0.210917941585539 165.846143196975
0.21112656467316 165.668940703557
0.211335187760782 165.49235995728
0.211543810848404 165.316408195053
0.211752433936025 165.14109262868
0.211961057023647 164.966420444561
0.212169680111269 164.792398803389
0.212378303198891 164.619034839846
0.212586926286512 164.446335662307
0.212795549374134 164.274308352541
0.213004172461756 164.102959965413
0.213212795549377 163.932297528587
0.213421418636999 163.762328042229
0.213630041724621 163.593058478716
0.213838664812243 163.424495782341
0.214047287899864 163.256646869022
0.214255910987486 163.089518626006
0.214464534075108 162.923117911587
0.214673157162729 162.75745155481
0.214881780250351 162.592526355189
0.215090403337973 162.428349082416
0.215299026425594 162.264926476077
0.215507649513216 162.102265245372
0.215716272600838 161.940372068824
0.21592489568846 161.779253594005
0.216133518776081 161.618916437252
0.216342141863703 161.459367183387
0.216550764951325 161.300612385441
0.216759388038946 161.142658564377
0.216968011126568 160.985512208814
0.21717663421419 160.829179774753
0.217385257301812 160.673667685304
0.217593880389433 160.518982330414
0.217802503477055 160.365130066598
0.218011126564677 160.212117216672
0.218219749652298 160.05995006948
0.21842837273992 159.908634879632
0.218636995827542 159.758177867239
0.218845618915163 159.608585217649
0.219054242002785 159.459863081185
0.219262865090407 159.312017572883
0.219471488178029 159.165054772235
0.21968011126565 159.018980722932
0.219888734353272 158.873801432604
0.220097357440894 158.72952287257
0.220305980528515 158.586150977579
0.220514603616137 158.443691645564
0.220723226703759 158.302150737388
0.220931849791381 158.161534076594
0.221140472879002 158.021847449163
0.221349095966624 157.883096603262
0.221557719054246 157.745287249002
0.221766342141867 157.608425058199
0.221974965229489 157.472515664126
0.222183588317111 157.337564661278
0.222392211404732 157.203577605131
0.222600834492354 157.070560011909
0.222809457579976 156.938517358345
0.223018080667598 156.807455081453
0.223226703755219 156.677378578289
0.223435326842841 156.548293205727
0.223643949930463 156.420204280228
0.223852573018084 156.293117077614
0.224061196105706 156.167036832843
0.224269819193328 156.041968739783
0.22447844228095 155.917917950994
0.224687065368571 155.794889577505
0.224895688456193 155.672888688598
0.225104311543815 155.551920311587
0.225312934631436 155.431989431609
0.225521557719058 155.313100991407
0.22573018080668 155.195259891116
0.225938803894301 155.07847098806
0.226147426981923 154.962739096538
0.226356050069545 154.848068987619
0.226564673157167 154.734465388941
0.226773296244788 154.621932984503
0.22698191933241 154.510476414468
0.227190542420032 154.40010027496
0.227399165507653 154.290809117872
0.227607788595275 154.182607450666
0.227816411682897 154.075499736178
0.228025034770519 153.969490392434
0.22823365785814 153.86458379245
0.228442280945762 153.760784264051
0.228650904033384 153.658096089681
0.228859527121005 153.556523506219
0.229068150208627 153.456070704799
0.229276773296249 153.356741830626
0.22948539638387 153.258540982796
0.229694019471492 153.161472214126
0.229902642559114 153.065539530971
0.230111265646736 152.970746893056
0.230319888734357 152.8770982133
0.230528511821979 152.784597357654
0.230737134909601 152.693248144926
0.230945757997222 152.60305434662
0.231154381084844 152.514019686772
0.231363004172466 152.426147841787
0.231571627260088 152.339442440281
0.231780250347709 152.253907062924
0.231988873435331 152.169545242281
0.232197496522953 152.086360462663
0.232406119610574 152.00435615997
0.232614742698196 151.923535721549
0.232823365785818 151.843902486038
0.23303198887344 151.765459743227
0.233240611961061 151.68821073391
0.233449235048683 151.612158649746
0.233657858136305 151.53730663312
0.233866481223926 151.463657777002
0.234075104311548 151.391215124815
0.23428372739917 151.319981670303
0.234492350486791 151.249960357393
0.234700973574413 151.181154080073
0.234909596662035 151.113565682262
0.235118219749657 151.047197957683
0.235326842837278 150.982053649743
0.2355354659249 150.918135451413
0.235744089012522 150.855446005103
0.235952712100143 150.793987902552
0.236161335187765 150.733763684711
0.236369958275387 150.674775841629
0.236578581363009 150.617026812346
0.23678720445063 150.56051898478
0.236995827538252 150.505254695627
0.237204450625874 150.451236230249
0.237413073713495 150.39846582258
0.237621696801117 150.346945655023
0.237830319888739 150.296677858351
0.23803894297636 150.247664511612
0.238247566063982 150.19990764204
0.238456189151604 150.153409224957
0.238664812239226 150.108171183689
0.238873435326847 150.064195389477
0.239082058414469 150.021483661395
0.239290681502091 149.980037766263
0.239499304589712 149.939859418571
0.239707927677334 149.900950280399
0.239916550764956 149.86331196134
0.240125173852578 149.82694601843
0.240333796940199 149.791853956071
0.240542420027821 149.758037225967
0.240751043115443 149.725497227055
0.240959666203064 149.694235305437
0.241168289290686 149.664252754321
0.241376912378308 149.635550813962
0.241585535465929 149.608130671597
0.241794158553551 149.581993461396
0.242002781641173 149.557140264404
0.242211404728795 149.53357210849
0.242420027816416 149.511289968299
0.242628650904038 149.490294765202
0.24283727399166 149.470587367256
0.243045897079281 149.452168589156
0.243254520166903 149.435039192197
0.243463143254525 149.419199884235
0.243671766342147 149.404651319652
0.243880389429768 149.391394099321
0.24408901251739 149.379428770575
0.244297635605012 149.368755827177
0.244506258692633 149.359375709296
0.244714881780255 149.351288803477
0.244923504867877 149.344495442622
0.245132127955498 149.338995905969
0.24534075104312 149.334790419073
0.245549374130742 149.331879153793
0.245757997218364 149.330262228275
0.245966620305985 149.32993970694
0.246175243393607 149.33091160048
0.246383866481229 149.333177865847
0.24659248956885 149.33673840625
0.246801112656472 149.34159307115
0.247009735744094 149.347741656266
0.247218358831716 149.355183903569
0.247426981919337 149.363919501295
0.247635605006959 149.373948083946
0.247844228094581 149.385269232299
0.248052851182202 149.39788247342
0.248261474269824 149.411787280678
0.248470097357446 149.426983073757
0.248678720445068 149.443469218676
0.248887343532689 149.46124502781
0.249095966620311 149.480309759913
0.249304589707933 149.500662620139
0.249513212795554 149.522302760074
0.249721835883176 149.545229277762
0.249930458970798 149.569441217738
0.250139082058419 149.59493757106
0.250347705146041 149.621717275349
0.250556328233663 149.649779214821
0.250764951321285 149.679122220335
0.250973574408906 149.709745069429
0.251182197496528 149.741646486369
0.25139082058415 149.774825142197
0.251599443671771 149.809279654777
0.251808066759393 149.845008588849
0.252016689847015 149.882010456082
0.252225312934637 149.920283715132
0.252433936022258 149.959826771699
0.25264255910988 150.000637978589
0.252851182197502 150.042715635775
0.253059805285123 150.086057990462
0.253268428372745 150.130663237158
0.253477051460367 150.17652951774
0.253685674547988 150.223654921528
0.25389429763561 150.272037485358
0.254102920723232 150.321675193657
0.254311543810854 150.372565978524
0.254520166898475 150.42470771981
0.254728789986097 150.478098245202
0.254937413073719 150.532735330303
0.25514603616134 150.588616698727
0.255354659248962 150.645740022182
0.255563282336584 150.704102920565
0.255771905424206 150.763702962056
0.255980528511827 150.824537663213
0.256189151599449 150.88660448907
0.256397774687071 150.949900853238
0.256606397774692 151.014424118009
0.256815020862314 151.080171594458
0.257023643949936 151.147140542553
0.257232267037557 151.215328171261
0.257440890125179 151.284731638662
0.257649513212801 151.355348052062
0.257858136300423 151.427174468107
0.258066759388044 151.500207892901
0.258275382475666 151.574445282128
0.258484005563288 151.649883541173
0.258692628650909 151.726519525245
0.258901251738531 151.804350039504
0.259109874826153 151.88337183919
0.259318497913775 151.963581629752
0.259527121001396 152.044976066984
0.259735744089018 152.127551757156
0.25994436717664 152.211305257151
0.260152990264261 152.296233074608
0.260361613351883 152.382331668058
0.260570236439505 152.469597447071
0.260778859527126 152.558026772399
0.260987482614748 152.647615956124
0.26119610570237 152.738361261806
0.261404728789992 152.830258904637
0.261613351877613 152.923305051594
0.261821974965235 153.01749582159
0.262030598052857 153.112827285638
0.262239221140478 153.209295467008
0.2624478442281 153.306896341386
0.262656467315722 153.405625837042
0.262865090403344 153.505479834992
0.263073713490965 153.606454169168
0.263282336578587 153.708544626587
0.263490959666209 153.811746947523
0.26369958275383 153.916056825678
0.263908205841452 154.021469908363
0.264116828929074 154.127981796669
0.264325452016695 154.235588045652
0.264534075104317 154.344284164513
0.264742698191939 154.454065616779
0.264951321279561 154.564927820492
0.265159944367182 154.676866148395
0.265368567454804 154.78987592812
0.265577190542426 154.903952442379
0.265785813630047 155.019090929163
0.265994436717669 155.135286581927
0.266203059805291 155.252534549796
0.266411682892913 155.370829937759
0.266620305980534 155.490167806872
0.266828929068156 155.610543174457
0.267037552155778 155.731951014311
0.267246175243399 155.854386256911
0.267454798331021 155.97784378962
0.267663421418643 156.102318456898
0.267872044506265 156.227805060516
0.268080667593886 156.354298359767
0.268289290681508 156.481793071681
0.26849791376913 156.610283871248
0.268706536856751 156.739765391627
0.268915159944373 156.870232224377
0.269123783031995 157.001678919674
0.269332406119616 157.134099986536
0.269541029207238 157.267489893051
0.26974965229486 157.401843066603
0.269958275382482 157.537153894101
0.270166898470103 157.673416722216
0.270375521557725 157.810625857605
0.270584144645347 157.948775567154
0.270792767732968 158.087860078211
0.27100139082059 158.227873578823
0.271210013908212 158.368810217979
0.271418636995834 158.510664105849
0.271627260083455 158.65342931403
0.271835883171077 158.797099875785
0.272044506258699 158.9416697863
0.27225312934632 159.08713300292
0.272461752433942 159.233483445408
0.272670375521564 159.380714996192
0.272878998609185 159.52882150062
0.273087621696807 159.677796767214
0.273296244784429 159.827634567923
0.273504867872051 159.978328638387
0.273713490959672 160.129872678192
0.273922114047294 160.28226035113
0.274130737134916 160.435485285467
0.274339360222537 160.589541074201
0.274547983310159 160.744421275328
0.274756606397781 160.900119412114
0.274965229485403 161.056628973359
0.275173852573024 161.213943413665
0.275382475660646 161.372056153715
0.275591098748268 161.530960580539
0.275799721835889 161.690650047789
0.276008344923511 161.851117876021
0.276216968011133 162.012357352961
0.276425591098754 162.174361733797
0.276634214186376 162.337124241447
0.276842837273998 162.500638066847
0.27705146036162 162.664896369233
0.277260083449241 162.829892276424
0.277468706536863 162.995618885107
0.277677329624485 163.162069261127
0.277885952712106 163.32923643977
0.278094575799728 163.497113426056
0.27830319888735 163.665693195032
0.278511821974972 163.834968692057
0.278720445062593 164.004932833103
0.278929068150215 164.175578505044
0.279137691237837 164.346898565955
0.279346314325458 164.51888584541
0.27955493741308 164.691533144775
0.279763560500702 164.864833237515
0.279972183588323 165.038778869489
0.280180806675945 165.213362759255
0.280389429763567 165.388577598371
0.280598052851189 165.564416051703
0.28080667593881 165.740870757726
0.281015299026432 165.917934328835
0.281223922114054 166.095599351648
0.281432545201675 166.27385838732
0.281641168289297 166.45270397185
0.281849791376919 166.632128616393
0.282058414464541 166.812124807571
0.282267037552162 166.992685007789
0.282475660639784 167.173801655545
0.282684283727406 167.355467165751
0.282892906815027 167.537673930044
0.283101529902649 167.720414317107
0.283310152990271 167.903680672986
0.283518776077892 168.08746532141
0.283727399165514 168.27176056411
0.283936022253136 168.456558681143
0.284144645340758 168.64185193121
0.284353268428379 168.827632551985
0.284561891516001 169.013892760434
0.284770514603623 169.200624753143
0.284979137691244 169.387820706642
0.285187760778866 169.575472777734
0.285396383866488 169.763573103821
0.28560500695411 169.952113803232
0.285813630041731 170.141086975557
0.286022253129353 170.330484701969
0.286230876216975 170.520299045564
0.286439499304596 170.710522051685
0.286648122392218 170.90114574826
0.28685674547984 171.092162146135
0.287065368567462 171.283563239403
0.287273991655083 171.475341005745
0.287482614742705 171.667487406763
0.287691237830327 171.859994388315
0.287899860917948 172.052853880855
0.28810848400557 172.246057799769
0.288317107093192 172.439598045712
0.288525730180813 172.63346650495
0.288734353268435 172.827655049698
0.288942976356057 173.022155538459
0.289151599443679 173.216959816368
0.2893602225313 173.412059715531
0.289568845618922 173.607447055368
0.289777468706544 173.803113642957
0.289986091794165 173.999051273373
0.290194714881787 174.195251730036
0.290403337969409 174.391706785054
0.290611961057031 174.588408199569
0.290820584144652 174.785347724097
0.291029207232274 174.98251709888
0.291237830319896 175.179908054232
0.291446453407517 175.377512310879
0.291655076495139 175.575321580313
0.291863699582761 175.773327565139
0.292072322670382 175.971521959419
0.292280945758004 176.169896449021
0.292489568845626 176.368442711974
0.292698191933248 176.567152418807
0.292906815020869 176.766017232909
0.293115438108491 176.965028810869
0.293324061196113 177.164178802834
0.293532684283734 177.363458852855
0.293741307371356 177.562860599238
0.293949930458978 177.762375674898
0.2941585535466 177.961995707706
0.294367176634221 178.161712320844
0.294575799721843 178.361517133154
0.294784422809465 178.561401759491
0.294993045897086 178.761357811079
0.295201668984708 178.961376895855
0.29541029207233 179.161450618828
0.295618915159951 179.361570582431
0.295827538247573 179.561728386873
0.296036161335195 179.761915630488
0.296244784422817 179.962123910095
0.296453407510438 180.162344821347
0.29666203059806 180.362569959086
0.296870653685682 180.562790917692
0.297079276773303 180.762999291444
0.297287899860925 180.963186674867
0.297496522948547 181.163344663086
0.297705146036169 181.363464852183
0.29791376912379 181.563538839547
0.298122392211412 181.763558224231
0.298331015299034 181.963514607299
0.298539638386655 182.163399592187
0.298748261474277 182.363204785052
0.298956884561899 182.562921795123
0.29916550764952 182.762542235059
0.299374130737142 182.9620577213
0.299582753824764 183.161459874418
0.299791376912386 183.360740319473
0.300000000000007 183.440383844971
0.300278164116836 183.506713467863
0.300556328233665 183.572981674437
0.300834492350494 183.639188578323
0.301112656467323 183.705334292834
0.301390820584152 183.771418930969
0.301668984700981 183.837442605416
0.30194714881781 183.903405428551
0.302225312934639 183.969307512437
0.302503477051467 184.035148968831
0.302781641168296 184.100929909181
0.303059805285125 184.166650444627
0.303337969401954 184.232310686004
0.303616133518783 184.297910743841
0.303894297635612 184.363450728366
0.304172461752441 184.428930749501
0.30445062586927 184.494350916869
0.304728789986099 184.559711339792
0.305006954102928 184.625012127293
0.305285118219757 184.690253388095
0.305563282336585 184.755435230628
0.305841446453414 184.820557763021
0.306119610570243 184.885621093113
0.306397774687072 184.950625328445
0.306675938803901 185.015570576268
0.30695410292073 185.08045694354
0.307232267037559 185.145284536928
0.307510431154388 185.210053462811
0.307788595271217 185.274763827278
0.308066759388046 185.339415736131
0.308344923504874 185.404009294887
0.308623087621703 185.468544608774
0.308901251738532 185.533021782738
0.309179415855361 185.597440921443
0.30945757997219 185.661802129267
0.309735744089019 185.72610551031
0.310013908205848 185.79035116839
0.310292072322677 185.854539207045
0.310570236439506 185.918669729537
0.310848400556335 185.982742838848
0.311126564673164 186.046758637686
0.311404728789992 186.110717228482
0.311682892906821 186.174618713393
0.31196105702365 186.238463194304
0.312239221140479 186.302250772825
0.312517385257308 186.365981550297
0.312795549374137 186.429655627789
0.313073713490966 186.4932731061
0.313351877607795 186.556834085764
0.313630041724624 186.620338667042
0.313908205841453 186.683786949933
0.314186369958281 186.747179034168
0.31446453407511 186.810515019212
0.314742698191939 186.873795004271
0.315020862308768 186.937019088282
0.315299026425597 187.000187369924
0.315577190542426 187.063299947615
0.315855354659255 187.12635691951
0.316133518776084 187.189358383507
0.316411682892913 187.252304437246
0.316689847009742 187.315195178107
0.316968011126571 187.378030703218
0.317246175243399 187.440811109447
0.317524339360228 187.503536493409
0.317802503477057 187.566206951466
0.318080667593886 187.628822579725
0.318358831710715 187.691383474044
0.318636995827544 187.753889730028
0.318915159944373 187.81634144303
0.319193324061202 187.878738708157
0.319471488178031 187.941081620266
0.31974965229486 188.003370273966
0.320027816411688 188.065604763619
0.320305980528517 188.127785183341
0.320584144645346 188.189911627005
0.320862308762175 188.251984188238
0.321140472879004 188.314002960422
0.321418636995833 188.3759680367
0.321696801112662 188.437879509971
0.321974965229491 188.499737472893
0.32225312934632 188.561542017885
0.322531293463149 188.623293237126
0.322809457579978 188.684991222558
0.323087621696806 188.746636065884
0.323365785813635 188.808227858569
0.323643949930464 188.869766691846
0.323922114047293 188.931252656709
0.324200278164122 188.99268584392
0.324478442280951 189.054066344007
0.32475660639778 189.115394247264
0.325034770514609 189.176669643754
0.325312934631438 189.23789262331
0.325591098748267 189.299063275533
0.325869262865095 189.360181689795
0.326147426981924 189.421247955239
0.326425591098753 189.482262160781
0.326703755215582 189.543224395109
0.326981919332411 189.604134746684
0.32726008344924 189.664993303743
0.327538247566069 189.725800154296
0.327816411682898 189.78655538613
0.328094575799727 189.847259086809
0.328372739916556 189.907911343674
0.328650904033385 189.968512243844
0.328929068150213 190.029061874217
0.329207232267042 190.089560321471
0.329485396383871 190.150007672063
0.3297635605007 190.210404012232
0.330041724617529 190.270749428
0.330319888734358 190.33104400517
0.330598052851187 190.391287829329
0.330876216968016 190.451480985848
0.331154381084845 190.511623559882
0.331432545201674 190.571715636373
0.331710709318502 190.631757300048
0.331988873435331 190.691748635422
0.33226703755216 190.751689726796
0.332545201668989 190.811580658261
0.332823365785818 190.871421513697
0.333101529902647 190.931212376772
0.333379694019476 190.990953330946
0.333657858136305 191.05064445947
0.333936022253134 191.110285845387
0.334214186369963 191.169877571533
0.334492350486792 191.229419720535
0.33477051460362 191.288912374817
0.335048678720449 191.348355616595
0.335326842837278 191.407749527882
0.335605006954107 191.467094190486
0.335883171070936 191.526389686013
0.336161335187765 191.585636095864
0.336439499304594 191.644833501241
0.336717663421423 191.703981983142
0.336995827538252 191.763081622367
0.337273991655081 191.822132499513
0.33755215577191 191.881134694979
0.337830319888738 191.940088288966
0.338108484005567 191.998993361477
0.338386648122396 192.057849992317
0.338664812239225 192.116658261093
0.338942976356054 192.175418247218
0.339221140472883 192.234130029909
0.339499304589712 192.292793688189
0.339777468706541 192.351409300884
0.34005563282337 192.409976946629
0.340333796940199 192.468496703866
0.340611961057027 192.526968650844
0.340890125173856 192.58539286562
0.341168289290685 192.643769426061
0.341446453407514 192.702098409843
0.341724617524343 192.760379894453
0.342002781641172 192.818613957187
0.342280945758001 192.876800675155
0.34255910987483 192.934940125277
0.342837273991659 192.993032384288
0.343115438108488 193.051077528733
0.343393602225317 193.109075634973
0.343671766342145 193.167026779184
0.343949930458974 193.224931037356
0.344228094575803 193.282788485295
0.344506258692632 193.340599198624
0.344784422809461 193.398363252781
0.34506258692629 193.456080723024
0.345340751043119 193.513751684426
0.345618915159948 193.571376211883
0.345897079276777 193.628954380105
0.346175243393606 193.686486263627
0.346453407510434 193.7439719368
0.346731571627263 193.801411473799
0.347009735744092 193.858804948619
0.347287899860921 193.916152435078
0.34756606397775 193.973454006816
0.347844228094579 194.030709737296
0.348122392211408 194.087919699807
0.348400556328237 194.145083967459
0.348678720445066 194.20220261319
0.348956884561895 194.259275709762
0.349235048678724 194.316303329762
0.349513212795552 194.373285545607
0.349791376912381 194.430222429537
0.35006954102921 194.487114053623
0.350347705146039 194.543960489764
0.350625869262868 194.600761809685
0.350904033379697 194.657518084943
0.351182197496526 194.714229386925
0.351460361613355 194.770895786846
0.351738525730184 194.827517355755
0.352016689847013 194.88409416453
0.352294853963841 194.940626283883
0.35257301808067 194.997113784357
0.352851182197499 195.053556736329
0.353129346314328 195.10995521001
0.353407510431157 195.166309275444
0.353685674547986 195.222619002509
0.353963838664815 195.278884460922
0.354242002781644 195.335105720231
0.354520166898473 195.391282849824
0.354798331015302 195.447415918922
0.355076495132131 195.503504996587
0.355354659248959 195.559550151717
0.355632823365788 195.615551453048
0.355910987482617 195.671508969155
0.356189151599446 195.727422768452
0.356467315716275 195.783292919194
0.356745479833104 195.839119489476
0.357023643949933 195.894902547231
0.357301808066762 195.950642160238
0.357579972183591 196.006338396114
0.35785813630042 196.06199132232
0.358136300417248 196.117601006159
0.358414464534077 196.173167514777
0.358692628650906 196.228690915166
0.358970792767735 196.284171274158
0.359248956884564 196.339608658435
0.359527121001393 196.395003134519
0.359805285118222 196.45035476878
0.360083449235051 196.505663627436
0.36036161335188 196.560929776548
0.360639777468709 196.616153282027
0.360917941585538 196.67133420963
0.361196105702366 196.726472624961
0.361474269819195 196.781568593476
0.361752433936024 196.836622180476
0.362030598052853 196.891633451115
0.362308762169682 196.946602470393
0.362586926286511 197.001529303164
0.36286509040334 197.056414014131
0.363143254520169 197.111256667848
0.363421418636998 197.166057328721
0.363699582753827 197.220816061009
0.363977746870655 197.275532928823
0.364255910987484 197.330207996126
0.364534075104313 197.384841326737
0.364812239221142 197.439432984327
0.365090403337971 197.493983032422
0.3653685674548 197.548491534403
0.365646731571629 197.602958553505
0.365924895688458 197.657384152821
0.366203059805287 197.711768395298
0.366481223922116 197.766111343742
0.366759388038945 197.820413060813
0.367037552155773 197.874673609032
0.367315716272602 197.928893050775
0.367593880389431 197.983071448277
0.36787204450626 198.037208863633
0.368150208623089 198.091305358795
0.368428372739918 198.145360995578
0.368706536856747 198.199375835654
0.368984700973576 198.253349940556
0.369262865090405 198.307283371679
0.369541029207234 198.361176190279
0.369819193324062 198.415028457472
0.370097357440891 198.46884023424
0.37037552155772 198.522611581422
0.370653685674549 198.576342559726
0.370931849791378 198.630033229719
0.371210013908207 198.683683651833
0.371488178025036 198.737293886365
0.371766342141865 198.790863993476
0.372044506258694 198.844394033192
0.372322670375523 198.897884065405
0.372600834492352 198.951334149871
0.37287899860918 199.004744346214
0.373157162726009 199.058114713925
0.373435326842838 199.111445312361
0.373713490959667 199.164736200745
0.373991655076496 199.217987438171
0.374269819193325 199.271199083599
0.374547983310154 199.324371195858
0.374826147426983 199.377503833646
0.375104311543812 199.430597055531
0.375382475660641 199.483650919949
0.375660639777469 199.536665485209
0.375938803894298 199.589640809487
0.376216968011127 199.642576950834
0.376495132127956 199.695473967168
0.376773296244785 199.748331916282
0.377051460361614 199.801150855839
0.377329624478443 199.853930843377
0.377607788595272 199.906671936302
0.377885952712101 199.959374191899
0.37816411682893 200.012037667323
0.378442280945759 200.064662419602
0.378720445062587 200.117248505642
0.378998609179416 200.169795982221
0.379276773296245 200.222304905993
0.379554937413074 200.274775333486
0.379833101529903 200.327207321105
0.380111265646732 200.379600925132
0.380389429763561 200.431956201723
0.38066759388039 200.484273206913
0.380945757997219 200.536551996614
0.381223922114048 200.588792626614
0.381502086230877 200.640995152581
0.381780250347705 200.693159630059
0.382058414464534 200.745286114473
0.382336578581363 200.797374661126
0.382614742698192 200.849425325199
0.382892906815021 200.901438161754
0.38317107093185 200.953413225734
0.383449235048679 201.005350571961
0.383727399165508 201.057250255137
0.384005563282337 201.109112329848
0.384283727399166 201.160936850558
0.384561891515994 201.212723871614
0.384840055632823 201.264473447247
0.385118219749652 201.316185631569
0.385396383866481 201.367860478573
0.38567454798331 201.419498042137
0.385952712100139 201.471098376024
0.386230876216968 201.522661533877
0.386509040333797 201.574187569227
0.386787204450626 201.625676535486
0.387065368567455 201.677128485954
0.387343532684284 201.728543473813
0.387621696801112 201.779921552134
0.387899860917941 201.83126277387
0.38817802503477 201.882567191863
0.388456189151599 201.93383485884
0.388734353268428 201.985065827416
0.389012517385257 202.036260150092
0.389290681502086 202.087417879256
0.389568845618915 202.138539067184
0.389847009735744 202.189623766043
0.390125173852573 202.240672027883
0.390403337969401 202.291683904647
0.39068150208623 202.342659448166
0.390959666203059 202.393598710159
0.391237830319888 202.444501742236
0.391515994436717 202.495368595896
0.391794158553546 202.54619932253
0.392072322670375 202.596993973417
0.392350486787204 202.64775259973
0.392628650904033 202.698475252529
0.392906815020862 202.74916198277
0.393184979137691 202.799812841298
0.393463143254519 202.850427878852
0.393741307371348 202.90100714606
0.394019471488177 202.951550693447
0.394297635605006 203.002058571429
0.394575799721835 203.052530830315
0.394853963838664 203.102967520308
0.395132127955493 203.153368691505
0.395410292072322 203.203734393898
0.395688456189151 203.254064677372
0.39596662030598 203.304359591708
0.396244784422808 203.354619186582
0.396522948539637 203.404843511564
0.396801112656466 203.455032616123
0.397079276773295 203.50518654962
0.397357440890124 203.555305361314
0.397635605006953 203.605389100363
0.397913769123782 203.655437815817
0.398191933240611 203.705451556628
0.39847009735744 203.755430371642
0.398748261474269 203.805374309604
0.399026425591098 203.855283419158
0.399304589707926 203.905157748845
0.399582753824755 203.954997347104
0.399860917941584 204.004802262274
0.400139082058413 204.054572542594
0.400417246175242 204.104308236201
0.400695410292071 204.154009391132
0.4009735744089 204.203676055323
0.401251738525729 204.253308276613
0.401529902642558 204.302906102739
0.401808066759387 204.352469581341
0.402086230876215 204.401998759957
0.402364394993044 204.451493686029
0.402642559109873 204.500954406899
0.402920723226702 204.550380969814
0.403198887343531 204.599773421919
0.40347705146036 204.649131810264
0.403755215577189 204.698456181801
0.404033379694018 204.747746583385
0.404311543810847 204.797003061774
0.404589707927676 204.846225663631
0.404867872044505 204.895414435522
0.405146036161333 204.944569423914
0.405424200278162 204.993690675184
0.405702364394991 205.04277823561
0.40598052851182 205.091832151374
0.406258692628649 205.140852468566
0.406536856745478 205.189839233179
0.406815020862307 205.238792491113
0.407093184979136 205.287712288174
0.407371349095965 205.336598670073
0.407649513212794 205.385451682428
0.407927677329622 205.434271370764
0.408205841446451 205.483057780512
0.40848400556328 205.53181095701
0.408762169680109 205.580530945506
0.409040333796938 205.629217791152
0.409318497913767 205.677871539011
0.409596662030596 205.726492234052
0.409874826147425 205.775079921153
0.410152990264254 205.823634645101
0.410431154381083 205.872156450593
0.410709318497912 205.920645382232
0.41098748261474 205.969101484534
0.411265646731569 206.017524801923
0.411543810848398 206.065915378731
0.411821974965227 206.114273259204
0.412100139082056 206.162598487496
0.412378303198885 206.210891107671
0.412656467315714 206.259151163706
0.412934631432543 206.307378699488
0.413212795549372 206.355573758815
0.413490959666201 206.403736385396
0.413769123783029 206.451866622854
0.414047287899858 206.499964514723
0.414325452016687 206.548030104447
0.414603616133516 206.596063435387
0.414881780250345 206.644064550813
0.415159944367174 206.692033493909
0.415438108484003 206.739970307774
0.415716272600832 206.787875035418
0.415994436717661 206.835747719766
0.41627260083449 206.883588403656
0.416550764951319 206.931397129842
0.416828929068147 206.97917394099
0.417107093184976 207.026918879682
0.417385257301805 207.074631988416
0.417663421418634 207.122313309602
0.417941585535463 207.169962885567
0.418219749652292 207.217580758554
0.418497913769121 207.265166970722
0.41877607788595 207.312721564144
0.419054242002779 207.36024458081
0.419332406119608 207.407736062629
0.419610570236436 207.455196051422
0.419888734353265 207.50262458893
0.420166898470094 207.550021716811
0.420445062586923 207.597387476638
0.420723226703752 207.644721909906
0.421001390820581 207.692025058022
0.42127955493741 207.739296962315
0.421557719054239 207.786537664031
0.421835883171068 207.833747204335
0.422114047287897 207.880925624308
0.422392211404726 207.928072964954
0.422670375521554 207.975189267192
0.422948539638383 208.022274571863
0.423226703755212 208.069328919726
0.423504867872041 208.116352351461
0.42378303198887 208.163344907665
0.424061196105699 208.21030662886
0.424339360222528 208.257237555482
0.424617524339357 208.304137727894
0.424895688456186 208.351007186375
0.425173852573015 208.397845971126
0.425452016689844 208.44465412227
0.425730180806672 208.491431679852
0.426008344923501 208.538178683836
0.42628650904033 208.58489517411
0.426564673157159 208.631581190483
0.426842837273988 208.678236772687
0.427121001390817 208.724861960374
0.427399165507646 208.771456793121
0.427677329624475 208.818021310428
0.427955493741304 208.864555551715
0.428233657858133 208.911059556328
0.428511821974961 208.957533363536
0.42878998609179 209.00397701253
0.429068150208619 209.050390542426
0.429346314325448 209.096773992264
0.429624478442277 209.143127401007
0.429902642559106 209.189450807544
0.430180806675935 209.235744250688
0.430458970792764 209.282007769175
0.430737134909593 209.328241401668
0.431015299026422 209.374445186755
0.431293463143251 209.420619162949
0.431571627260079 209.466763368687
0.431849791376908 209.512877842333
0.432127955493737 209.558962622179
0.432406119610566 209.605017746438
0.432684283727395 209.651043253255
0.432962447844224 209.697039180697
0.433240611961053 209.74300556676
0.433518776077882 209.788942449365
0.433796940194711 209.834849866363
0.43407510431154 209.88072785553
0.434353268428368 209.926576454568
0.434631432545197 209.972395701111
0.434909596662026 210.018185632717
0.435187760778855 210.063946286873
0.435465924895684 210.109677700994
0.435744089012513 210.155379912424
0.436022253129342 210.201052958435
0.436300417246171 210.246696876228
0.436578581363 210.292311702933
0.436856745479829 210.337897475608
0.437134909596658 210.383454231241
0.437413073713486 210.428982006749
0.437691237830315 210.47448083898
0.437969401947144 210.519950764711
0.438247566063973 210.565391820647
0.438525730180802 210.610804043426
0.438803894297631 210.656187469614
0.43908205841446 210.70154213571
0.439360222531289 210.746868078142
0.439638386648118 210.792165333268
0.439916550764947 210.837433937379
0.440194714881775 210.882673926696
0.440472878998604 210.927885337371
0.440751043115433 210.97306820549
0.441029207232262 211.018222567067
0.441307371349091 211.06334845805
0.44158553546592 211.108445914319
0.441863699582749 211.153514971686
0.442141863699578 211.198555665896
0.442420027816407 211.243568032625
0.442698191933236 211.288552107483
0.442976356050065 211.333507926013
0.443254520166893 211.37843552369
0.443532684283722 211.423334935923
0.443810848400551 211.468206198054
0.44408901251738 211.513049345359
0.444367176634209 211.557864413048
0.444645340751038 211.602651436265
0.444923504867867 211.647410450085
0.445201668984696 211.692141489522
0.445479833101525 211.736844589522
0.445757997218354 211.781519784965
0.446036161335182 211.826167110666
0.446314325452011 211.870786601377
0.44659248956884 211.915378291781
0.446870653685669 211.959942216501
0.447148817802498 212.004478410091
0.447426981919327 212.048986907043
0.447705146036156 212.093467741785
0.447983310152985 212.137920948679
0.448261474269814 212.182346562024
0.448539638386643 212.226744616056
0.448817802503472 212.271115144946
0.4490959666203 212.315458182802
0.449374130737129 212.359773763669
0.449652294853958 212.404061921527
0.449930458970787 212.448322690296
0.450208623087616 212.492556103831
0.450486787204445 212.536762195925
0.450764951321274 212.580941000307
0.451043115438103 212.625092550646
0.451321279554932 212.669216880547
0.451599443671761 212.713314023553
0.451877607788589 212.757384013147
0.452155771905418 212.801426882746
0.452433936022247 212.84544266571
0.452712100139076 212.889431395335
0.452990264255905 212.933393104855
0.453268428372734 212.977327827445
0.453546592489563 213.021235596218
0.453824756606392 213.065116444225
0.454102920723221 213.108970404457
0.45438108484005 213.152797509846
0.454659248956879 213.19659779326
0.454937413073707 213.240371287511
0.455215577190536 213.284118025347
0.455493741307365 213.327838039457
0.455771905424194 213.371531362473
0.456050069541023 213.415198026963
0.456328233657852 213.458838065438
0.456606397774681 213.502451510349
0.45688456189151 213.546038394088
0.457162726008339 213.589598748987
0.457440890125168 213.63313260732
0.457719054241996 213.676640001302
0.457997218358825 213.720120963087
0.458275382475654 213.763575524775
0.458553546592483 213.807003718403
0.458831710709312 213.850405575953
0.459109874826141 213.893781129346
0.45938803894297 213.937130410448
0.459666203059799 213.980453451065
0.459944367176628 214.023750282946
0.460222531293457 214.067020937783
0.460500695410286 214.110265447208
0.460778859527114 214.153483842799
0.461057023643943 214.196676156076
0.461335187760772 214.2398424185
0.461613351877601 214.282982661477
0.46189151599443 214.326096916356
0.462169680111259 214.369185214429
0.462447844228088 214.412247586932
0.462726008344917 214.455284065043
0.463004172461746 214.498294679886
0.463282336578575 214.541279462528
0.463560500695403 214.58423844398
0.463838664812232 214.627171655198
0.464116828929061 214.67007912708
0.46439499304589 214.712960890471
0.464673157162719 214.755816976159
0.464951321279548 214.798647414877
0.465229485396377 214.841452237305
0.465507649513206 214.884231474065
0.465785813630035 214.926985155725
0.466063977746864 214.969713312799
0.466342141863693 215.012415975746
0.466620305980521 215.05509317497
0.46689847009735 215.097744940822
0.467176634214179 215.140371303597
0.467454798331008 215.182972293537
0.467732962447837 215.22554794083
0.468011126564666 215.268098275609
0.468289290681495 215.310623327956
0.468567454798324 215.353123127896
0.468845618915153 215.395597705403
0.469123783031982 215.438047090396
0.469401947148811 215.480471312743
0.469680111265639 215.522870402257
0.469958275382468 215.565244388698
0.470236439499297 215.607593301775
0.470514603616126 215.649917171142
0.470792767732955 215.692216026401
0.471070931849784 215.734489897104
0.471349095966613 215.776738812747
0.471627260083442 215.818962802776
0.471905424200271 215.861161896584
0.4721835883171 215.903336123514
0.472461752433928 215.945485512854
0.472739916550757 215.987610093842
0.473018080667586 216.029709895665
0.473296244784415 216.071784947457
0.473574408901244 216.113835278303
0.473852573018073 216.155860917234
0.474130737134902 216.197861893231
0.474408901251731 216.239838235225
0.47468706536856 216.281789972094
0.474965229485389 216.323717132668
0.475243393602218 216.365619745723
0.475521557719046 216.407497839988
0.475799721835875 216.44935144414
0.476077885952704 216.491180586805
0.476356050069533 216.532985296559
0.476634214186362 216.574765601929
0.476912378303191 216.616521531392
0.47719054242002 216.658253113374
0.477468706536849 216.699960376252
0.477746870653678 216.741643348354
0.478025034770507 216.783302057958
0.478303198887335 216.824936533292
0.478581363004164 216.866546802535
0.478859527120993 216.908132893819
0.479137691237822 216.949694835224
0.479415855354651 216.991232654782
0.47969401947148 217.032746380478
0.479972183588309 217.074236040245
0.480250347705138 217.115701661971
0.480528511821967 217.157143273494
0.480806675938796 217.198560902602
0.481084840055625 217.239954577038
0.481363004172453 217.281324324494
0.481641168289282 217.322670172616
0.481919332406111 217.363992149001
0.48219749652294 217.405290281199
0.482475660639769 217.446564596712
0.482753824756598 217.487815122994
0.483031988873427 217.529041887452
0.483310152990256 217.570244917445
0.483588317107085 217.611424240287
0.483866481223914 217.652579883243
0.484144645340742 217.693711873529
0.484422809457571 217.734820238319
0.4847009735744 217.775905004737
0.484979137691229 217.81696619986
0.485257301808058 217.858003850719
0.485535465924887 217.8990179843
0.485813630041716 217.940008627542
0.486091794158545 217.980975807335
0.486369958275374 218.021919550527
0.486648122392203 218.062839883917
0.486926286509032 218.103736834259
0.48720445062586 218.144610428262
0.487482614742689 218.185460692588
0.487760778859518 218.226287653854
0.488038942976347 218.267091338631
0.488317107093176 218.307871773445
0.488595271210005 218.348628984777
0.488873435326834 218.389362999063
0.489151599443663 218.430073842691
0.489429763560492 218.470761542009
0.489707927677321 218.511426123315
0.489986091794149 218.552067612866
0.490264255910978 218.592686036872
0.490542420027807 218.6332814215
0.490820584144636 218.673853792871
0.491098748261465 218.714403177063
0.491376912378294 218.754929600109
0.491655076495123 218.795433087998
0.491933240611952 218.835913666674
0.492211404728781 218.876371362038
0.49248956884561 218.916806199947
0.492767732962439 218.957218206214
0.493045897079267 218.997607406608
0.493324061196096 219.037973826856
0.493602225312925 219.078317492639
0.493880389429754 219.118638429596
0.494158553546583 219.158936663323
0.494436717663412 219.199212219372
0.494714881780241 219.239465123252
0.49499304589707 219.27969540043
0.495271210013899 219.319903076328
0.495549374130728 219.360088176327
0.495827538247556 219.400250725765
0.496105702364385 219.440390749938
0.496383866481214 219.480508274096
0.496662030598043 219.520603323451
0.496940194714872 219.560675923171
0.497218358831701 219.60072609838
0.49749652294853 219.640753874162
0.497774687065359 219.680759275559
0.498052851182188 219.720742327569
0.498331015299017 219.760703055151
0.498609179415846 219.80064148322
0.498887343532674 219.840557636649
0.499165507649503 219.880451540272
0.499443671766332 219.920323218878
0.499721835883161 219.960172697218
0.49999999999999 220
