0 136.76644066251
0.00208333333333333 136.76644066251
0.00416666666666667 136.769279339994
0.00625 136.781179905251
0.00833333333333333 136.807824870206
0.0104166666666667 136.854760151336
0.0125 136.927406006206
0.0145833333333333 137.031038213492
0.0166666666666667 137.170763843251
0.01875 137.351496016568
0.0208333333333333 137.577928901091
0.0229166666666667 137.854513435198
0.025 138.185434040825
0.0270833333333333 138.574586497831
0.0291666666666667 139.025557113823
0.03125 139.541603302401
0.0333333333333333 140.125635669154
0.0354166666666667 140.780201694226
0.0375 141.507471091044
0.0395833333333333 142.30922291221
0.0416666666666667 143.186834465007
0.04375 144.141272090513
0.0458333333333333 145.173083851704
0.0479166666666667 146.282394167256
0.05 147.468900418919
0.0520833333333333 148.731871551468
0.0541666666666667 150.07014867524
0.05625 151.482147672315
0.0583333333333333 152.965863798334
0.0604166666666667 154.518878263056
0.0625 156.138366763801
0.0645833333333333 157.821109937204
0.0666666666666667 159.563505686025
0.06875 161.36158332935
0.0708333333333333 163.211019516281
0.0729166666666667 165.107155835248
0.075 167.045018043403
0.0770833333333333 169.019336833228
0.0791666666666667 171.024570046474
0.08125 173.054926238988
0.0833333333333333 175.10438949378
0.0854166666666667 177.166745373969
0.0875 179.23560790198
0.0895833333333333 181.304447446621
0.0916666666666667 183.366619395395
0.09375 185.415393485716
0.0958333333333333 187.443983665541
0.0979166666666667 189.445578351316
0.1 191.413370949159
0.102083333333333 193.340590503747
0.104166666666667 195.220532338568
0.10625 197.046588550951
0.108333333333333 198.81227822568
0.110416666666667 200.511277231944
0.1125 202.137447469964
0.114583333333333 203.684865435766
0.116666666666667 205.147849975343
0.11875 206.520989102714
0.120833333333333 207.799165760285
0.122916666666667 208.977582404284
0.125 210.051784302988
0.127083333333333 211.017681440883
0.129166666666667 211.871568927755
0.13125 212.610145818111
0.133333333333333 213.230532253073
0.135416666666667 213.730284844041
0.1375 214.10741022499
0.139583333333333 214.3603767081
0.141666666666667 214.488123985573
0.14375 214.490070828957
0.145833333333333 214.366120745886
0.147916666666667 214.11666556303
0.15 213.742586913019
0.152083333333333 213.245255612204
0.154166666666667 212.626528925291
0.15625 211.888745722097
0.158333333333333 211.034719540858
0.160416666666667 210.067729581682
0.1625 208.991509662796
0.164583333333333 207.810235181157
0.166666666666667 206.528508127795
0.16875 205.151340216787
0.170833333333333 203.684134195103
0.172916666666667 202.132663408604
0.175 200.503049707189
0.177083333333333 198.801739779502
0.179166666666667 197.035480014565
0.18125 195.211289994352
0.183333333333333 193.336434727411
0.185416666666667 191.418395739381
0.1875 189.464841141399
0.189583333333333 187.483594802101
0.191666666666667 185.482604753041
0.19375 183.469910960949
0.195833333333333 181.453612603261
0.197916666666667 179.441834985782
0.2 177.442696243181
0.202083333333333 175.464273964234
0.204166666666667 173.514571884369
0.20625 171.601486788052
0.208333333333333 169.732775762949
0.210416666666667 167.916023946569
0.2125 166.158612904271
0.214583333333333 164.46768977507
0.216666666666667 162.850137318649
0.21875 161.31254499339
0.220833333333333 159.861181191049
0.222916666666667 158.50196674899
0.225 157.240449855651
0.227083333333333 156.081782459143
0.229166666666667 155.030698282664
0.23125 154.091492543729
0.233333333333333 153.268003467064
0.235416666666667 152.563595673536
0.2375 151.981145519597
0.239583333333333 151.523028453497
0.241666666666667 151.191108446035
0.24375 150.986729544835
0.245833333333333 150.910709592136
0.247916666666667 150.963336136941
0.25 151.144364563
0.252083333333333 151.453018444722
0.254166666666667 151.887992133583
0.25625 152.447455568115
0.258333333333333 153.129061291015
0.260416666666667 153.929953647528
0.2625 154.846780129854
0.264583333333333 155.875704823176
0.266666666666667 157.01242389983
0.26875 158.25218309937
0.270833333333333 159.589797123685
0.272916666666667 161.019670868088
0.275 162.535822401345
0.277083333333333 164.13190760004
0.279166666666667 165.801246335501
0.28125 167.536850104733
0.283333333333333 169.331450990541
0.285416666666667 171.177531830177
0.2875 173.067357466562
0.289583333333333 174.993006951343
0.291666666666667 176.946406564841
0.29375 178.919363514267
0.295833333333333 180.903600168558
0.297916666666667 182.890788685692
0.3 183.681853771411
0.300694444444444 183.846239839801
0.301388888888889 184.010246701575
0.302083333333333 184.173876102217
0.302777777777778 184.337129775189
0.303472222222222 184.500009442036
0.304166666666667 184.662516812503
0.304861111111111 184.824653584633
0.305555555555556 184.986421444881
0.30625 185.147822068216
0.306944444444444 185.308857118225
0.307638888888889 185.469528247217
0.308333333333333 185.629837096324
0.309027777777778 185.789785295602
0.309722222222222 185.949374464129
0.310416666666667 186.108606210107
0.311111111111111 186.267482130954
0.311805555555556 186.426003813404
0.3125 186.584172833602
0.313194444444444 186.741990757196
0.313888888888889 186.899459139431
0.314583333333333 187.056579525241
0.315277777777778 187.213353449341
0.315972222222222 187.369782436313
0.316666666666667 187.525868000702
0.317361111111111 187.681611647096
0.318055555555556 187.83701487022
0.31875 187.992079155016
0.319444444444444 188.146805976734
0.320138888888889 188.30119680101
0.320833333333333 188.455253083955
0.321527777777778 188.608976272234
0.322222222222222 188.762367803149
0.322916666666667 188.915429104718
0.323611111111111 189.068161595758
0.324305555555556 189.22056668596
0.325 189.372645775969
0.325694444444444 189.524400257461
0.326388888888889 189.67583151322
0.327083333333333 189.826940917214
0.327777777777778 189.977729834667
0.328472222222222 190.128199622136
0.329166666666667 190.278351627583
0.329861111111111 190.428187190447
0.330555555555556 190.577707641718
0.33125 190.726914304004
0.331944444444444 190.875808491604
0.332638888888889 191.024391510578
0.333333333333333 191.172664658814
0.334027777777778 191.320629226096
0.334722222222222 191.468286494174
0.335416666666667 191.615637736825
0.336111111111111 191.762684219926
0.336805555555556 191.909427201513
0.3375 192.055867931851
0.338194444444444 192.202007653494
0.338888888888889 192.347847601349
0.339583333333333 192.493389002739
0.340277777777778 192.638633077467
0.340972222222222 192.783581037873
0.341666666666667 192.928234088898
0.342361111111111 193.072593428145
0.343055555555556 193.216660245935
0.34375 193.360435725367
0.344444444444444 193.503921042379
0.345138888888889 193.647117365801
0.345833333333333 193.790025857417
0.346527777777778 193.93264767202
0.347222222222222 194.074983957463
0.347916666666667 194.217035854725
0.348611111111111 194.358804497953
0.349305555555556 194.500291014529
0.35 194.641496525113
0.350694444444444 194.782422143705
0.351388888888889 194.923068977689
0.352083333333333 195.063438127895
0.352777777777778 195.203530688642
0.353472222222222 195.343347747795
0.354166666666667 195.482890386812
0.354861111111111 195.622159680797
0.355555555555556 195.761156698547
0.35625 195.899882502604
0.356944444444444 196.038338149302
0.357638888888889 196.176524688815
0.358333333333333 196.314443165205
0.359027777777778 196.452094616472
0.359722222222222 196.589480074596
0.360416666666667 196.726600565588
0.361111111111111 196.863457109533
0.361805555555556 197.000050720636
0.3625 197.13638240727
0.363194444444444 197.272453172015
0.363888888888889 197.408264011708
0.364583333333333 197.543815917483
0.365277777777778 197.679109874818
0.365972222222222 197.814146863573
0.366666666666667 197.948927858036
0.367361111111111 198.083453826966
0.368055555555556 198.217725733632
0.36875 198.351744535855
0.369444444444444 198.485511186051
0.370138888888889 198.619026631271
0.370833333333333 198.752291813238
0.371527777777778 198.885307668392
0.372222222222222 199.018075127924
0.372916666666667 199.15059511782
0.373611111111111 199.282868558898
0.374305555555556 199.414896366845
0.375 199.546679452257
0.375694444444444 199.678218720674
0.376388888888889 199.809515072621
0.377083333333333 199.940569403644
0.377777777777778 200.071382604342
0.378472222222222 200.201955560411
0.379166666666667 200.332289152674
0.379861111111111 200.46238425712
0.380555555555556 200.592241744936
0.38125 200.721862482547
0.381944444444444 200.851247331646
0.382638888888889 200.980397149229
0.383333333333333 201.109312787633
0.384027777777778 201.237995094564
0.384722222222222 201.366444913137
0.385416666666667 201.494663081901
0.386111111111111 201.622650434879
0.386805555555556 201.7504078016
0.3875 201.877936007124
0.388194444444444 202.005235872083
0.388888888888889 202.132308212708
0.389583333333333 202.259153840861
0.390277777777778 202.385773564066
0.390972222222222 202.512168185541
0.391666666666667 202.638338504227
0.392361111111111 202.76428531482
0.393055555555556 202.890009407799
0.39375 203.015511569458
0.394444444444444 203.140792581934
0.395138888888889 203.265853223235
0.395833333333333 203.390694267273
0.396527777777778 203.51531648389
0.397222222222222 203.639720638885
0.397916666666667 203.763907494046
0.398611111111111 203.887877807176
0.399305555555556 204.011632332119
0.4 204.135171818791
0.400694444444444 204.258497013206
0.401388888888889 204.3816086575
0.402083333333333 204.504507489963
0.402777777777778 204.627194245062
0.403472222222222 204.749669653468
0.404166666666667 204.871934442084
0.404861111111111 204.993989334066
0.405555555555556 205.115835048856
0.40625 205.237472302201
0.406944444444444 205.35890180618
0.407638888888889 205.480124269232
0.408333333333333 205.601140396177
0.409027777777778 205.721950888241
0.409722222222222 205.842556443084
0.410416666666667 205.96295775482
0.411111111111111 206.083155514042
0.411805555555556 206.203150407848
0.4125 206.322943119862
0.413194444444444 206.442534330257
0.413888888888889 206.561924715782
0.414583333333333 206.68111494978
0.415277777777778 206.800105702216
0.415972222222222 206.918897639693
0.416666666666667 207.037491425481
0.417361111111111 207.155887719536
0.418055555555556 207.274087178522
0.41875 207.392090455833
0.419444444444444 207.509898201616
0.420138888888889 207.627511062791
0.420833333333333 207.744929683072
0.421527777777778 207.86215470299
0.422222222222222 207.979186759912
0.422916666666667 208.096026488063
0.423611111111111 208.212674518547
0.424305555555556 208.329131479366
0.425 208.445397995442
0.425694444444444 208.561474688634
0.426388888888889 208.677362177762
0.427083333333333 208.793061078625
0.427777777777778 208.908572004019
0.428472222222222 209.02389556376
0.429166666666667 209.1390323647
0.429861111111111 209.253983010747
0.430555555555556 209.368748102886
0.43125 209.483328239196
0.431944444444444 209.597724014868
0.432638888888889 209.711936022226
0.433333333333333 209.825964850743
0.434027777777778 209.939811087061
0.434722222222222 210.053475315007
0.435416666666667 210.166958115614
0.436111111111111 210.280260067136
0.436805555555556 210.393381745068
0.4375 210.506323722162
0.438194444444444 210.619086568443
0.438888888888889 210.731670851231
0.439583333333333 210.844077135152
0.440277777777778 210.956305982161
0.440972222222222 211.068357951555
0.441666666666667 211.18023359999
0.442361111111111 211.291933481499
0.443055555555556 211.403458147507
0.44375 211.51480814685
0.444444444444444 211.625984025787
0.445138888888889 211.736986328021
0.445833333333333 211.847815594709
0.446527777777778 211.958472364484
0.447222222222222 212.068957173467
0.447916666666667 212.179270555283
0.448611111111111 212.289413041078
0.449305555555556 212.399385159532
0.45 212.509187436876
0.450694444444444 212.618820396908
0.451388888888889 212.728284561004
0.452083333333333 212.837580448138
0.452777777777778 212.946708574892
0.453472222222222 213.055669455475
0.454166666666667 213.164463601735
0.454861111111111 213.273091523172
0.455555555555556 213.381553726956
0.45625 213.48985071794
0.456944444444444 213.597982998671
0.457638888888889 213.705951069408
0.458333333333333 213.813755428135
0.459027777777778 213.921396570574
0.459722222222222 214.028874990197
0.460416666666667 214.136191178243
0.461111111111111 214.243345623731
0.461805555555556 214.350338813468
0.4625 214.457171232072
0.463194444444444 214.563843361976
0.463888888888889 214.670355683445
0.464583333333333 214.77670867459
0.465277777777778 214.88290281138
0.465972222222222 214.988938567653
0.466666666666667 215.094816415129
0.467361111111111 215.200536823428
0.468055555555556 215.306100260073
0.46875 215.411507190512
0.469444444444444 215.516758078122
0.470138888888889 215.621853384228
0.470833333333333 215.726793568111
0.471527777777778 215.831579087022
0.472222222222222 215.936210396192
0.472916666666667 216.040687948845
0.473611111111111 216.145012196213
0.474305555555556 216.24918358754
0.475 216.353202570102
0.475694444444444 216.457069589212
0.476388888888889 216.560785088236
0.477083333333333 216.664349508601
0.477777777777778 216.76776328981
0.478472222222222 216.871026869448
0.479166666666667 216.974140683199
0.479861111111111 217.077105164851
0.480555555555556 217.179920746313
0.48125 217.282587857621
0.481944444444444 217.385106926952
0.482638888888889 217.487478380632
0.483333333333333 217.58970264315
0.484027777777778 217.691780137164
0.484722222222222 217.793711283517
0.485416666666667 217.895496501242
0.486111111111111 217.997136207576
0.486805555555556 218.09863081797
0.4875 218.199980746097
0.488194444444444 218.301186403864
0.488888888888889 218.40224820142
0.489583333333333 218.503166547171
0.490277777777778 218.603941847782
0.490972222222222 218.704574508194
0.491666666666667 218.80506493163
0.492361111111111 218.905413519606
0.493055555555556 219.00562067194
0.49375 219.105686786762
0.494444444444444 219.205612260524
0.495138888888889 219.305397488006
0.495833333333333 219.405042862331
0.496527777777778 219.504548774971
0.497222222222222 219.603915615755
0.497916666666667 219.703143772882
0.498611111111111 219.802233632925
0.499305555555556 219.901185580846
0.5 220
