0 133.709258686258
0.00163934426229508 133.709258686258
0.00327868852459016 133.711330488253
0.00491803278688525 133.718225407959
0.00655737704918033 133.732677758652
0.00819672131147541 133.757396594658
0.00983606557377049 133.795057152279
0.0114754098360656 133.848292334309
0.0131147540983607 133.919684302507
0.0147540983606557 134.011756210856
0.0163934426229508 134.126964105808
0.0180327868852459 134.267689017553
0.019672131147541 134.436229265265
0.0213114754098361 134.634792998444
0.0229508196721312 134.865490995763
0.0245901639344262 135.130329742044
0.0262295081967213 135.431204803214
0.0278688524590164 135.769894518257
0.0295081967213115 136.148054026299
0.0311475409836066 136.567209646027
0.0327868852459016 137.028753623674
0.0344262295081967 137.533939264791
0.0360655737704918 138.083876463955
0.0377049180327869 138.67952764547
0.039344262295082 139.321704126982
0.0409836065573771 140.011062916762
0.0426229508196721 140.748103954211
0.0442622950819672 141.53316780192
0.0459016393442623 142.366433796368
0.0475409836065574 143.247918663064
0.0491803278688525 144.177475600683
0.0508196721311475 145.154793837403
0.0524590163934426 146.179398661391
0.0540983606557377 147.250651926038
0.0557377049180328 148.367753029237
0.0573770491803279 149.529740364697
0.059016393442623 150.735493241952
0.060655737704918 151.983734270447
0.0622950819672131 153.273032201769
0.0639344262295082 154.60180522284
0.0655737704918033 155.968324691613
0.0672131147540984 157.370719305595
0.0688524590163934 158.806979692302
0.0704918032786885 160.274963409574
0.0721311475409836 161.772400342544
0.0737704918032787 163.296898482915
0.0754098360655737 164.845950075165
0.0770491803278688 166.416938113223
0.0786885245901639 168.007143170223
0.080327868852459 169.613750542946
0.081967213114754 171.233857691716
0.0836065573770491 172.864481955651
0.0852459016393442 174.502568522382
0.0868852459016393 176.14499863065
0.0885245901639343 177.788597983475
0.0901639344262294 179.430145349041
0.0918032786885245 181.066381325821
0.0934426229508196 182.694017248044
0.0950819672131146 184.309744207153
0.0967213114754097 185.910242164549
0.0983606557377048 187.492189130626
0.0999999999999999 189.052270384917
0.101639344262295 190.58718771196
0.10327868852459 192.093668627464
0.104918032786885 193.568475569307
0.10655737704918 195.008415027979
0.108196721311475 196.410346591187
0.10983606557377 197.771191877546
0.111475409836065 199.087943334539
0.11311475409836 200.357672876261
0.114754098360656 201.577540336852
0.116393442622951 202.744801715998
0.118032786885246 203.856817193401
0.119672131147541 204.911058889704
0.121311475409836 205.905118352034
0.122950819672131 206.836713742993
0.124590163934426 207.703696712761
0.126229508196721 208.50405893474
0.127868852459016 209.2359382861
0.129508196721311 209.897624655478
0.131147540983606 210.487565361111
0.132786885245901 211.004370163658
0.134426229508197 211.446815859089
0.136065573770492 211.813850438101
0.137704918032787 212.104596799685
0.139344262295082 212.318356007651
0.140983606557377 212.45461008014
0.142622950819672 212.51302430339
0.144262295081967 212.493449062315
0.145901639344262 212.395921181719
0.147540983606557 212.220664773307
0.149180327868852 211.968091584974
0.150819672131147 211.638800850176
0.152459016393443 211.233578636557
0.154098360655738 210.753396694337
0.155737704918033 210.199410806321
0.157377049180328 209.572958642748
0.159016393442623 208.875557125514
0.160655737704918 208.108899307654
0.162295081967213 207.274850775279
0.163934426229508 206.375445580451
0.165573770491803 205.412881714764
0.167213114754098 204.389516134659
0.168852459016393 203.307859350704
0.170491803278688 202.170569594276
0.172131147540984 200.980446576243
0.173770491803279 199.740424853363
0.175409836065574 198.453566819174
0.177049180327869 197.123055337225
0.178688524590164 195.752186035459
0.180327868852459 194.344359281496
0.181967213114754 192.903071859481
0.183606557377049 191.43190836996
0.185245901639344 189.934532375054
0.186885245901639 188.414677311904
0.188524590163934 186.876137198024
0.19016393442623 185.322757152792
0.191803278688525 183.758423759842
0.19344262295082 182.18705529559
0.195081967213115 180.61259184952
0.19672131147541 179.038985362188
0.198360655737705 177.470189607174
0.2 175.910150143385
0.201639344262295 174.362794264258
0.20327868852459 172.832020970439
0.204918032786885 171.321690992515
0.20655737704918 169.835616890272
0.208196721311476 168.377553254796
0.209836065573771 166.9511870395
0.211475409836066 165.560128045857
0.213114754098361 164.207899589261
0.214754098360656 162.897929369964
0.216393442622951 161.633540573585
0.218032786885246 160.417943225049
0.219672131147541 159.254225819249
0.221311475409836 158.145347250949
0.222950819672131 157.094129065757
0.224590163934426 156.103248053123
0.226229508196722 155.175229201475
0.227868852459017 154.312439034646
0.229508196721312 153.5170793478
0.231147540983607 152.791181359995
0.232786885245902 152.136600299456
0.234426229508197 151.555010436524
0.236065573770492 151.047900578051
0.237704918032787 150.616570035827
0.239344262295082 150.262125080399
0.240983606557377 149.985475890338
0.242622950819672 149.787334005753
0.244262295081968 149.668210293492
0.245901639344263 149.628413430165
0.247540983606558 149.668048907717
0.249180327868853 149.787018564956
0.250819672131148 149.985020647005
0.252459016393443 150.26155039329
0.254098360655738 150.615901153269
0.255737704918033 151.047166027697
0.257377049180328 151.55424003187
0.259016393442623 152.135822775847
0.260655737704918 152.790421655355
0.262295081967213 153.516355545651
0.263934426229508 154.311758989326
0.265573770491803 155.174586867718
0.267213114754098 156.10261954428
0.268852459016394 157.093468467027
0.270491803278689 158.144582215953
0.272131147540984 159.253252980085
0.273770491803279 160.416623447756
0.275409836065574 161.631694092491
0.277049180327869 162.895330835912
0.278688524590164 164.204273068009
0.280327868852459 165.555142004158
0.281967213114754 166.944449357398
0.283606557377049 168.36860630358
0.285245901639344 169.823932716226
0.286885245901639 171.306666647203
0.288524590163934 172.812974028651
0.290163934426229 174.338958570957
0.291803278688524 175.880671831094
0.293442622950819 177.43412342509
0.295081967213115 178.995291358062
0.29672131147541 180.560132444851
0.298360655737705 182.124592794074
0.3 183.684618328193
0.302197802197802 184.204806437939
0.304395604395604 184.71955575981
0.306593406593406 185.230615006619
0.308791208791208 185.738036707763
0.310989010989011 186.241872278904
0.313186813186813 186.742172053238
0.315384615384615 187.238985311665
0.317582417582417 187.732360311922
0.319780219780219 188.222344316712
0.321978021978022 188.708983620871
0.324175824175824 189.192323577618
0.326373626373626 189.672408623917
0.328571428571428 190.149282304996
0.33076923076923 190.622987298046
0.332967032967033 191.09356543514
0.335164835164835 191.561057725402
0.337362637362637 192.025504376451
0.339560439560439 192.486944815155
0.341758241758241 192.945417707713
0.343956043956044 193.400960979097
0.346153846153846 193.85361183188
0.348351648351648 194.303406764466
0.35054945054945 194.750381588748
0.352747252747252 195.194571447221
0.354945054945054 195.63601082956
0.357142857142857 196.074733588692
0.359340659340659 196.51077295637
0.361538461538461 196.944161558282
0.363736263736263 197.3749314287
0.365934065934065 197.803114024684
0.368131868131868 198.228740239869
0.37032967032967 198.651840417844
0.372527472527472 199.072444365126
0.374725274725274 199.490581363765
0.376923076923076 199.906280183577
0.379120879120879 200.319569094017
0.381318681318681 200.730475875723
0.383516483516483 201.139027831713
0.385714285714285 201.545251798279
0.387912087912087 201.949174155557
0.39010989010989 202.350820837812
0.392307692307692 202.75021734343
0.394505494505494 203.147388744627
0.396703296703296 203.542359696897
0.398901098901098 203.935154448198
0.4010989010989 204.325796847877
0.403296703296703 204.714310355369
0.405494505494505 205.100718048643
0.407692307692307 205.485042632429
0.409890109890109 205.86730644623
0.412087912087911 206.247531472103
0.414285714285714 206.625739342254
0.416483516483516 207.001951346417
0.418681318681318 207.376188439047
0.42087912087912 207.748471246322
0.423076923076922 208.118820072968
0.425274725274725 208.487254908902
0.427472527472527 208.853795435703
0.429670329670329 209.218461032928
0.431868131868131 209.581270784255
0.434065934065933 209.942243483475
0.436263736263735 210.301397640338
0.438461538461538 210.658751486246
0.44065934065934 211.014322979804
0.442857142857142 211.368129812239
0.445054945054944 211.720189412678
0.447252747252746 212.070518953306
0.449450549450549 212.419135354383
0.451648351648351 212.766055289156
0.453846153846153 213.111295188641
0.456043956043955 213.454871246289
0.458241758241757 213.796799422549
0.46043956043956 214.137095449314
0.462637362637362 214.475774834265
0.464835164835164 214.812852865112
0.467032967032966 215.148344613734
0.469230769230768 215.48226494022
0.471428571428571 215.814628496826
0.473626373626373 216.145449731824
0.475824175824175 216.474742893277
0.478021978021977 216.80252203272
0.480219780219779 217.128801008755
0.482417582417581 217.453593490568
0.484615384615384 217.77691296137
0.486813186813186 218.098772721746
0.489010989010988 218.419185892949
0.49120879120879 218.738165420101
0.493406593406592 219.055724075336
0.495604395604395 219.371874460866
0.497802197802197 219.686629011985
0.499999999999999 220
