0.0002997002997003 -282.456704648751 -188.30446952081 -188.30446952081
0.000599400599400599 -564.88836996314 -498.984309793286 -498.984309793286
0.000899100899100899 -847.269958828499 -788.094038470976 -788.094038470976
0.0011988011988012 -1129.57643856936 -1073.54268193265 -1073.54268193265
0.0014985014985015 -1411.78278316856 -1357.58772953153 -1357.58772953153
0.0017982017982018 -1693.86397548575 -1640.88139334805 -1640.88139334805
0.0020979020979021 -1975.79500947514 -1923.67457702436 -1923.67457702436
0.0023976023976024 -2257.55089240222 -2206.07655215693 -2206.07655215693
0.0026973026973027 -2539.10664705936 -2488.13572613279 -2488.13572613279
0.002997002997003 -2820.43731397996 -2769.87070380077 -2769.87070380077
0.0032967032967033 -3101.5179536511 -3051.28406432478 -3051.28406432478
0.0035964035964036 -3382.32364872439 -3332.36914184012 -3332.36914184012
0.0038961038961039 -3662.8295062248 -3613.11362767572 -3613.11362767572
0.0041958041958042 -3943.01065975744 -3893.50161751103 -3893.50161751103
0.0044955044955045 -4222.84227171193 -4173.51483017722 -4173.51483017722
0.0047952047952048 -4502.29953546415 -4453.13336762814 -4453.13336762814
0.00509490509490509 -4781.35767757538 -4732.33620367079 -4732.33620367079
0.00539460539460539 -5059.99195998837 -5011.10151187754 -5011.10151187754
0.00569430569430569 -5338.17768222037 -5289.40688533404 -5289.40688533404
0.00599400599400599 -5615.89018355277 -5567.22950031937 -5567.22950031937
0.00629370629370629 -5893.10484521723 -5844.54622072914 -5844.54622072914
0.00659340659340659 -6169.7970925781 -6121.33368611576 -6121.33368611576
0.00689310689310689 -6445.94239731091 -6397.56836863072 -6397.56836863072
0.00719280719280719 -6721.5162795768 -6673.22662318077 -6673.22662318077
0.00749250749250749 -6996.49431019258 -6948.28472026838 -6948.28472026838
0.00779220779220779 -7270.85211279637 -7222.71887711986 -7222.71887711986
0.00809190809190809 -7544.56536600848 -7496.50527385646 -7496.50527385646
0.00839160839160839 -7817.60980558753 -7769.62008055251 -7769.62008055251
0.00869130869130869 -8089.96122658136 -8042.03946243744 -8042.03946243744
0.00899100899100898 -8361.59548547282 -8313.73959933037 -8313.73959933037
0.00929070929070928 -8632.48850232003 -8584.69669184075 -8584.69669184075
0.00959040959040958 -8902.61626289103 -8854.88696906625 -8854.88696906625
0.00989010989010988 -9171.95482079258 -9124.28670239922 -9124.28670239922
0.0101898101898102 -9440.48029959303 -9392.87220236866 -9392.87220236866
0.0104895104895105 -9708.16889493886 -9660.61983539822 -9660.61983539822
0.0107892107892108 -9974.99687666493 -9927.50601785388 -9927.50601785388
0.0110889110889111 -10240.9405908982 -10193.5072305039 -10193.5072305039
0.0113886113886114 -10505.9764621543 -10458.6000159659 -10458.6000159659
0.0116883116883117 -10770.080995428 -10722.7609844563 -10722.7609844563
0.011988011988012 -11033.2307782754 -10985.9668206404 -10985.9668206404
0.0122877122877123 -11295.4024828899 -11248.1942812673 -11248.1942812673
0.0125874125874126 -11556.5728681699 -11509.4202044969 -11509.4202044969
0.0128871128871129 -11816.7187817791 -11769.6215072333 -11769.6215072333
0.0131868131868132 -12075.817162199 -12028.7751916023 -12028.7751916023
0.0134865134865135 -12333.8450407734 -12286.8583475206 -12286.8583475206
0.0137862137862138 -12590.7795437441 -12543.8481538778 -12543.8481538778
0.0140859140859141 -12846.597894279 -12799.7218821992 -12799.7218821992
0.0143856143856144 -13101.2774144913 -13054.4568973598 -13054.4568973598
0.0146853146853147 -13354.7955274494 -13308.0306640217 -13308.0306640217
0.014985014985015 -13607.1297591788 -13560.4207437375 -13560.4207437375
0.0152847152847153 -13858.2577406541 -13811.6048025635 -13811.6048025635
0.0155844155844156 -14108.1572097821 -14061.5606087324 -14061.5606087324
0.0158841158841159 -14356.8060133751 -14310.266038275 -14310.266038275
0.0161838161838162 -14604.1821091151 -14557.6990742269 -14557.6990742269
0.0164835164835165 -14850.2635675074 -14803.8378112377 -14803.8378112377
0.0167832167832168 -15095.0285738251 -15048.6604585905 -15048.6604585905
0.0170829170829171 -15338.4554300424 -15292.1453364527 -15292.1453364527
0.0173826173826174 -15580.5225567585 -15534.2708865029 -15534.2708865029
0.0176823176823177 -15821.2084951105 -15775.015666589 -15775.015666589
0.017982017982018 -16060.4919086754 -16014.3583568369 -16014.3583568369
0.0182817182817183 -16298.351585362 -16252.2777597025 -16252.2777597025
0.0185814185814186 -16534.766439291 -16488.7528041604 -16488.7528041604
0.0188811188811189 -16769.7155126644 -16723.7625444541 -16723.7625444541
0.0191808191808192 -17003.1779776232 -16957.2861655361 -16957.2861655361
0.0194805194805195 -17235.1331380939 -17189.3029818063 -17189.3029818063
0.0197802197802198 -17465.5604316231 -17419.7924409349 -17419.7924409349
0.0200799200799201 -17694.4394312004 -17648.734125781 -17648.734125781
0.0203796203796204 -17921.7498470692 -17876.1077553412 -17876.1077553412
0.0206793206793207 -18147.4715285253 -18101.8931872848 -18101.8931872848
0.020979020979021 -18371.5844657031 -18326.0704182465 -18326.0704182465
0.0212787212787213 -18594.0687913499 -18548.6195892287 -18548.6195892287
0.0215784215784216 -18814.9047825866 -18769.5209827048 -18769.5209827048
0.0218781218781219 -19034.0728626565 -18988.7550295998 -18988.7550295998
0.0221778221778222 -19251.5536026602 -19206.3023035065 -19206.3023035065
0.0224775224775225 -19467.3277232786 -19422.1435327587 -19422.1435327587
0.0227772227772228 -19681.3760964816 -19636.2595924322 -19636.2595924322
0.0230769230769231 -19893.6797472238 -19848.6315132111 -19848.6315132111
0.0233766233766233 -20104.2198551268 -20059.2404765553 -20059.2404765553
0.0236763236763236 -20312.9777561471 -20268.0678235687 -20268.0678235687
0.0239760239760239 -20519.9349442314 -20475.0950508102 -20475.0950508102
0.0242757242757242 -20725.0730729565 -20680.3038146839 -20680.3038146839
0.0245754245754245 -20928.3739571558 -20883.6759326562 -20883.6759326562
0.0248751248751248 -21129.8195745318 -21085.1933847831 -21085.1933847831
0.0251748251748251 -21329.392067253 -21284.8383152365 -21284.8383152365
0.0254745254745254 -21527.0737435379 -21482.5930347858 -21482.5930347858
0.0257742257742257 -21722.8470792224 -21678.4400197662 -21678.4400197662
0.026073926073926 -21916.6947193141 -21872.3619170969 -21872.3619170969
0.0263736263736263 -22108.5994795301 -22064.3415438953 -22064.3415438953
0.0266733266733266 -22298.5443478209 -22254.3618889859 -22254.3618889859
0.0269730269730269 -22486.5124858782 -22442.4061140893 -22442.4061140893
0.0272727272727272 -22672.4872306277 -22628.4575585221 -22628.4575585221
0.0275724275724275 -22856.4520957063 -22812.499734653 -22812.499734653
0.0278721278721278 -23038.3907729233 -22994.5163354482 -22994.5163354482
0.0281718281718281 -23218.2871337065 -23174.4912324826 -23174.4912324826
0.0284715284715284 -23396.1252305318 -23352.4084777514 -23352.4084777514
0.0287712287712287 -23571.8892983366 -23528.2523070811 -23528.2523070811
0.029070929070929 -23745.5637559181 -23702.0071374856 -23702.0071374856
0.0293706293706293 -23917.1332073137 -23873.6575734293 -23873.6575734293
0.0296703296703296 -24086.5824431665 -24043.1884054667 -24043.1884054667
0.0299700299700299 -24253.8964420731 -24210.5846101288 -24210.5846101288
0.0302697302697302 -24419.0603719156 -24375.8313555489 -24375.8313555489
0.0305694305694305 -24582.0595911763 -24538.913999775 -24538.913999775
0.0308691308691308 -24742.8796502354 -24699.818091611 -24699.818091611
0.0311688311688311 -24901.5062926524 -24858.5293730447 -24858.5293730447
0.0314685314685314 -25057.9254564295 -25015.0337820076 -25015.0337820076
0.0317682317682317 -25212.1232752585 -25169.3174500345 -25169.3174500345
0.032067932067932 -25364.0860797497 -25321.3667069134 -25321.3667069134
0.0323676323676323 -25513.800398644 -25471.1680796191 -25471.1680796191
0.0326673326673326 -25661.2529600069 -25618.708294732 -25618.708294732
0.0329670329670329 -25806.430692405 -25763.9742795947 -25763.9742795947
0.0332667332667332 -25949.3207260649 -25906.9531625021 -25906.9531625021
0.0335664335664335 -26089.9103940141 -26047.6322741636 -26047.6322741636
0.0338661338661338 -26228.1872332036 -26185.9991507573 -26185.9991507573
0.0341658341658341 -26364.1389856133 -26322.0415315769 -26322.0415315769
0.0344655344655344 -26497.7535993381 -26455.7473630265 -26455.7473630265
0.0347652347652347 -26629.0192296566 -26587.1047981718 -26587.1047981718
0.035064935064935 -26757.9242400808 -26716.1021991499 -26716.1021991499
0.0353646353646353 -26884.4572033882 -26842.7281354349 -26842.7281354349
0.0356643356643356 -27008.6069026342 -26966.97138783 -26966.97138783
0.0359640359640359 -27130.3623321469 -27088.8209496022 -27088.8209496022
0.0362637362637362 -27249.7126985026 -27208.2660247505 -27208.2660247505
0.0365634365634365 -27366.6474214824 -27325.2960294361 -27325.2960294361
0.0368631368631368 -27481.1561350106 -27439.9005962899 -27439.9005962899
0.0371628371628371 -27593.228688073 -27552.0695714021 -27552.0695714021
0.0374625374625374 -27702.8551456174 -27661.7930167081 -27661.7930167081
0.0377622377622377 -27810.025789434 -27769.0612120583 -27769.0612120583
0.038061938061938 -27914.7311190169 -27873.8646547474 -27873.8646547474
0.0383616383616383 -28016.9618524063 -27976.1940590301 -27976.1940590301
0.0386613386613386 -28116.7089270116 -28076.0403604083 -28076.0403604083
0.0389610389610389 -28213.9635004143 -28173.3947132458 -28173.3947132458
0.0392607392607392 -28308.7169511524 -28268.2484928196 -28268.2484928196
0.0395604395604395 -28400.9608794842 -28360.593298019 -28360.593298019
0.0398601398601398 -28490.6871081332 -28450.420946721 -28450.420946721
0.0401598401598401 -28577.887683013 -28537.7234832398 -28537.7234832398
0.0404595404595404 -28662.5548739325 -28622.4931740288 -28622.4931740288
0.0407592407592407 -28744.6811752806 -28704.7225103551 -28704.7225103551
0.041058941058941 -28824.2593066924 -28784.4042087562 -28784.4042087562
0.0413586413586413 -28901.282213694 -28861.5312114942 -28861.5312114942
0.0416583416583416 -28975.7430683282 -28936.0966882769 -28936.0966882769
0.0419580419580419 -29047.6352697593 -29008.0940341648 -29008.0940341648
0.0422577422577422 -29116.952444859 -29077.5168738279 -29077.5168738279
0.0425574425574425 -29183.6884487708 -29144.359057541 -29144.359057541
0.0428571428571428 -29247.8373654547 -29208.6146673423 -29208.6146673423
0.0431568431568431 -29309.3935082121 -29270.2780130311 -29270.2780130311
0.0434565434565434 -29368.3514201896 -29329.3436338695 -29329.3436338695
0.0437562437562437 -29424.7058748626 -29385.8063006041 -29385.8063006041
0.044055944055944 -29478.4518764992 -29439.6610133602 -29439.6610133602
0.0443556443556443 -29529.5846606023 -29490.9030049267 -29490.9030049267
0.0446553446553446 -29578.0996943325 -29539.5277392825 -29539.5277392825
0.0449550449550449 -29623.9926769099 -29585.5309110624 -29585.5309110624
0.0452547452547452 -29667.259539995 -29628.9084488379 -29628.9084488379
0.0455544455544455 -29707.8964480497 -29669.6565145895 -29669.6565145895
0.0458541458541458 -29745.8997986773 -29707.7715006272 -29707.7715006272
0.0461538461538461 -29781.2662229416 -29743.2500357196 -29743.2500357196
0.0464535464535464 -29813.9925856658 -29776.0889801116 -29776.0889801116
0.0467532467532467 -29844.0759857101 -29806.2854300621 -29806.2854300621
0.047052947052947 -29871.5137562295 -29833.836714122 -29833.836714122
0.0473526473526473 -29896.3034649094 -29858.7403967153 -29858.7403967153
0.0476523476523476 -29918.442914182 -29880.9942766386 -29880.9942766386
0.0479520479520479 -29937.9301414205 -29900.5963874595 -29900.5963874595
0.0482517482517482 -29954.7634191135 -29917.5449975961 -29917.5449975961
0.0485514485514485 -29968.9412550179 -29931.8386113488 -29931.8386113488
0.0488511488511488 -29980.4623922911 -29943.475968025 -29943.475968025
0.0491508491508491 -29989.3258096029 -29952.4560429619 -29952.4560429619
0.0494505494505494 -29995.5307212255 -29958.7780453751 -29958.7780453751
0.0497502497502497 -29999.0765771034 -29962.4414225535 -29962.4414225535
0.05004995004995 -29999.9630629022 -29963.4458554815 -29963.4458554815
0.0503496503496503 -29998.1901000364 -29961.7912620755 -29961.7912620755
0.0506493506493506 -29993.7578456762 -29957.47779534 -29957.47779534
0.0509490509490509 -29986.6666927339 -29950.505844379 -29950.505844379
0.0512487512487512 -29976.9172698289 -29940.8760341336 -29940.8760341336
0.0515484515484515 -29964.5104412319 -29928.5892238456 -29928.5892238456
0.0518481518481518 -29949.4473067883 -29913.6465118761 -29913.6465118761
0.0521478521478521 -29931.7292018209 -29896.0492262237 -29896.0492262237
0.0524475524475524 -29911.3576970113 -29875.7989353609 -29875.7989353609
0.0527472527472527 -29888.3345982608 -29852.8974413028 -29852.8974413028
0.053046953046953 -29862.6619465302 -29827.3467799599 -29827.3467799599
0.0533466533466533 -29834.3420176589 -29799.1492243488 -29799.1492243488
0.0536463536463536 -29803.3773221634 -29768.307279871 -29768.307279871
0.0539460539460539 -29769.7706050141 -29734.8236875126 -29734.8236875126
0.0542457542457542 -29733.5248453928 -29698.7014232503 -29698.7014232503
0.0545454545454545 -29694.643256428 -29659.9436945783 -29659.9436945783
0.0548451548451548 -29653.1292849102 -29618.5539456171 -29618.5539456171
0.0551448551448551 -29608.9866109866 -29574.5358507874 -29574.5358507874
0.0554445554445554 -29562.2191478344 -29527.8933211783 -29527.8933211783
0.0557442557442557 -29512.8310413143 -29478.6304963148 -29478.6304963148
0.056043956043956 -29460.8266696029 -29426.751751468 -29426.751751468
0.0563436563436563 -29406.2106428044 -29372.2616925962 -29372.2616925962
0.0566433566433566 -29348.9878025421 -29315.1651557158 -29315.1651557158
0.0569430569430569 -29289.163221529 -29255.4672107171 -29255.4672107171
0.0572427572427572 -29226.7422031185 -29193.1731569313 -29193.1731569313
0.0575424575424575 -29161.7302808339 -29128.2885221795 -29128.2885221795
0.0578421578421578 -29094.1332178778 -29060.8190659383 -29060.8190659383
0.0581418581418581 -29023.9570066217 -28990.7707768094 -28990.7707768094
0.0584415584415584 -28951.2078680742 -28918.1498709243 -28918.1498709243
0.0587412587412587 -28875.89225133 -28842.9627938399 -28842.9627938399
0.059040959040959 -28798.0168329977 -28765.2162173562 -28765.2162173562
0.0593406593406593 -28717.5885166085 -28684.9170398191 -28684.9170398191
0.0596403596403596 -28634.6144320038 -28602.0723889636 -28602.0723889636
0.0599400599400599 -28549.1019347032 -28516.6896136473 -28516.6896136473
0.0602397602397602 -28461.0586052526 -28428.7762914389 -28428.7762914389
0.0605394605394605 -28370.4922485522 -28338.3402219415 -28338.3402219415
0.0608391608391608 -28277.4108931643 -28245.389430886 -28245.389430886
0.0611388611388611 -28181.8227906021 -28149.9321631257 -28149.9321631257
0.0614385614385614 -28083.7364145976 -28051.9768899005 -28051.9768899005
0.0617382617382617 -27983.160460351 -27951.5323015128 -27951.5323015128
0.062037962037962 -27880.1038437595 -27848.6073095108 -27848.6073095108
0.0623376623376623 -27774.575700627 -27743.2110444237 -27743.2110444237
0.0626373626373626 -27666.5853858543 -27635.3528579503 -27635.3528579503
0.0629370629370629 -27556.14247261 -27525.0423181574 -27525.0423181574
0.0632367632367632 -27443.2567514812 -27412.2892119673 -27412.2892119673
0.0635364635364635 -27327.9382296064 -27297.1035406719 -27297.1035406719
0.0638361638361638 -27210.1971297877 -27179.4955240062 -27179.4955240062
0.0641358641358641 -27090.043889585 -27059.4755943863 -27059.4755943863
0.0644355644355644 -26967.4891603906 -26937.0543990729 -26937.0543990729
0.0647352647352647 -26842.5438064849 -26812.2427972606 -26812.2427972606
0.065034965034965 -26715.2189040733 -26685.0518619217 -26685.0518619217
0.0653346653346653 -26585.5257403045 -26555.4928749828 -26555.4928749828
0.0656343656343656 -26453.4758122696 -26423.5773285321 -26423.5773285321
0.0659340659340659 -26319.0808259833 -26289.3169250629 -26289.3169250629
0.0662337662337662 -26182.3526953457 -26152.7235732881 -26152.7235732881
0.0665334665334665 -26043.3035410866 -26013.8093906026 -26013.8093906026
0.0668331668331668 -25901.9456896908 -25872.5866976142 -25872.5866976142
0.0671328671328671 -25758.2916723053 -25729.0680221906 -25729.0680221906
0.0674325674325675 -25612.3542236286 -25583.2660933544 -25583.2660933544
0.0677322677322678 -25464.1462807818 -25435.1938446891 -25435.1938446891
0.0680319680319681 -25313.6809821616 -25284.8644094976 -25284.8644094976
0.0683316683316684 -25160.9716662755 -25132.2911223018 -25132.2911223018
0.0686313686313687 -25006.03187056 -24977.4875155808 -24977.4875155808
0.068931068931069 -24848.8753301795 -24820.4673212655 -24820.4673212655
0.0692307692307693 -24689.5159768097 -24661.2444639833 -24661.2444639833
0.0695304695304696 -24527.9679374019 -24499.8330698444 -24499.8330698444
0.0698301698301699 -24364.245532931 -24336.2474514346 -24336.2474514346
0.0701298701298702 -24198.3632771259 -24170.5021207153 -24170.5021207153
0.0704295704295705 -24030.3358751828 -24002.6117771914 -24002.6117771914
0.0707292707292708 -23860.1782224617 -23832.591311607 -23832.591311607
0.0710289710289711 -23687.9054031659 -23660.4558048862 -23660.4558048862
0.0713286713286714 -23513.5326890049 -23486.2205226351 -23486.2205226351
0.0716283716283717 -23337.0755378404 -23309.9009197786 -23309.9009197786
0.071928071928072 -23158.5495923162 -23131.5126334777 -23131.5126334777
0.0722277722277724 -22977.9706784714 -22951.071485223 -22951.071485223
0.0725274725274727 -22795.3548043373 -22768.5934797702 -22768.5934797702
0.072827172827173 -22610.7181585187 -22584.0947993072 -22584.0947993072
0.0731268731268733 -22424.0771087584 -22397.5918084003 -22397.5918084003
0.0734265734265736 -22235.4482004865 -22209.1010484867 -22209.1010484867
0.0737262737262739 -22044.8481553534 -22018.6392345645 -22018.6392345645
0.0740259740259742 -21852.293869748 -21826.2232614078 -21826.2232614078
0.0743256743256745 -21657.802413299 -21631.8701917016 -21631.8701917016
0.0746253746253748 -21461.3910273626 -21435.5972638324 -21435.5972638324
0.0749250749250751 -21263.0771234934 -21237.4218847762 -21237.4218847762
0.0752247752247754 -21062.8782819013 -21037.361629956 -21037.361629956
0.0755244755244757 -20860.8122498929 -20835.4342408781 -20835.4342408781
0.075824175824176 -20656.8969402982 -20631.6576288007 -20631.6576288007
0.0761238761238763 -20451.1504298827 -20426.0498631643 -20426.0498631643
0.0764235764235766 -20243.590957745 -20218.6291812788 -20218.6291812788
0.0767232767232769 -20034.2369236998 -20009.4139761203 -20009.4139761203
0.0770229770229773 -19823.1068866467 -19798.4228037872 -19798.4228037872
0.0773226773226776 -19610.2195629254 -19585.6743757386 -19585.6743757386
0.0776223776223779 -19395.593824656 -19371.1875586329 -19371.1875586329
0.0779220779220782 -19179.2486980664 -19154.9813754401 -19154.9813754401
0.0782217782217785 -18961.2033618054 -18937.0750008443 -18937.0750008443
0.0785214785214788 -18741.4771452429 -18717.4877588552 -18717.4877588552
0.0788211788211791 -18520.0895267558 -18496.2391232771 -18496.2391232771
0.0791208791208794 -18297.060132002 -18273.3487156425 -18273.3487156425
0.0794205794205797 -18072.4087321799 -18048.8363031373 -18048.8363031373
0.07972027972028 -17846.1552422763 -17822.7217965321 -17822.7217965321
0.0800199800199803 -17618.3197193005 -17595.0252477817 -17595.0252477817
0.0803196803196806 -17388.9223605067 -17365.7668498539 -17365.7668498539
0.0806193806193809 -17157.9835016032 -17134.9669340144 -17134.9669340144
0.0809190809190812 -16925.52361495 -16902.6459693308 -16902.6459693308
0.0812187812187815 -16691.5633077435 -16668.824556785 -16668.824556785
0.0815184815184818 -16456.1233201901 -16433.523434477 -16433.523434477
0.0818181818181822 -16219.2245236677 -16196.7634679319 -16196.7634679319
0.0821178821178825 -15980.8879188749 -15958.5656537134 -15958.5656537134
0.0824175824175828 -15741.13463397 -15718.951114478 -15718.951114478
0.0827172827172831 -15499.9859226975 -15477.9411032281 -15477.9411032281
0.0830169830169834 -15257.4631625045 -15235.5569901208 -15235.5569901208
0.0833166833166837 -15013.5878526451 -14991.8202705066 -14991.8202705066
0.083616383616384 -14768.3816122747 -14746.7525606191 -14746.7525606191
0.0839160839160843 -14521.8661785338 -14500.3755910355 -14500.3755910355
0.0842157842157846 -14274.0634046207 -14252.7112124959 -14252.7112124959
0.0845154845154849 -14024.9952578542 -14003.7813884155 -14003.7813884155
0.0848151848151852 -13774.6838177266 -13753.6081927726 -13753.6081927726
0.0851148851148855 -13523.1512739461 -13502.2138108588 -13502.2138108588
0.0854145854145858 -13270.4199244696 -13249.6205377956 -13249.6205377956
0.0857142857142861 -13016.5121735264 -12995.8507723141 -12995.8507723141
0.0860139860139864 -12761.4505296319 -12740.9270197042 -12740.9270197042
0.0863136863136867 -12505.2576035922 -12484.871886852 -12484.871886852
0.0866133866133871 -12247.9561064997 -12227.7080788522 -12227.7080788522
0.0869130869130874 -11989.56884772 -11969.4584016432 -11969.4584016432
0.0872127872127877 -11730.1187328696 -11710.1457579928 -11710.1457579928
0.087512487512488 -11469.6287617856 -11449.7931431551 -11449.7931431551
0.0878121878121883 -11208.1220264865 -11188.4236440112 -11188.4236440112
0.0881118881118886 -10945.6217091255 -10926.0604397999 -10926.0604397999
0.0884115884115889 -10682.1510799352 -10662.7267946036 -10662.7267946036
0.0887112887112892 -10417.7334951649 -10398.4460628272 -10398.4460628272
0.0890109890109895 -10152.3923950097 -10133.2416800974 -10133.2416800974
0.0893106893106898 -9886.15130153313 -9867.13716334884 -9867.13716334884
0.0896103896103901 -9619.03381658162 -9600.15611154348 -9600.15611154348
0.0899100899100904 -9351.06361969225 -9332.32219941795 -9332.32219941795
0.0902097902097907 -9082.2644659937 -9063.65917883387 -9063.65917883387
0.090509490509491 -8812.6601841003 -8794.19087283836 -8794.19087283836
0.0908091908091913 -8542.27467399974 -8523.94117986463 -8523.94117986463
0.0911088911088916 -8271.13190493431 -8252.93406398649 -8252.93406398649
0.0914085914085919 -7999.25591327612 -7981.19355625901 -7981.19355625901
0.0917082917082923 -7726.67080039627 -7708.74375574924 -7708.74375574924
0.0920079920079926 -7453.40073052834 -7435.60882168792 -7435.60882168792
0.0923076923076929 -7179.46992862623 -7161.81297702974 -7161.81297702974
0.0926073926073932 -6904.90267821666 -6887.38049964774 -6887.38049964774
0.0929070929070935 -6629.72331924655 -6612.33572525578 -6612.33572525578
0.0932067932067938 -6353.9562459252 -6336.70304494595 -6336.70304494595
0.0935064935064941 -6077.62590456189 -6060.50690176785 -6060.50690176785
0.0938061938061944 -5800.75679139868 -5783.77178699705 -5783.77178699705
0.0941058941058947 -5523.37345043891 -5506.52224272764 -5506.52224272764
0.094405594405595 -5245.50047127137 -5228.78285148357 -5228.78285148357
0.0947052947052953 -4967.1624868905 -4950.578244198 -4950.578244198
0.0950049950049956 -4688.38417151273 -4671.9330926817 -4671.9330926817
0.0953046953046959 -4409.19023838908 -4392.87210428334 -4392.87210428334
0.0956043956043962 -4129.60543761446 -4113.42002639081 -4113.42002639081
0.0959040959040965 -3849.65455393354 -3833.60164046969 -3833.60164046969
0.0962037962037968 -3569.3624045437 -3553.44175767791 -3553.44175767791
0.0965034965034972 -3288.7538368949 -3272.96522431119 -3272.96522431119
0.0968031968031975 -3007.85372648717 -2992.19691108923 -2992.19691108923
0.0971028971028978 -2726.68697466526 -2711.1617157347 -2711.1617157347
0.0974025974025981 -2445.27850641126 -2429.88456049886 -2429.88456049886
0.0977022977022984 -2163.6532681351 -2148.39038586914 -2148.39038586914
0.0980019980019987 -1881.83622546295 -1866.70415632489 -1866.70415632489
0.098301698301699 -1599.85236102418 -1584.85084898324 -1584.85084898324
0.0986013986013993 -1317.7266722366 -1302.85545997982 -1302.85545997982
0.0989010989010996 -1035.48416909058 -1020.74299342949 -1020.74299342949
0.0992007992007999 -753.14987193184 -738.538466854896 -738.538466854896
0.0995004995005002 -470.748809243533 -456.266905849901 -456.266905849901
0.0998001998002005 -188.306015427441 -173.953340635507 -173.953340635507
0.100099900099901 94.1534714152595 108.377194528593 108.377194528593
0.100399600399601 376.604611703543 390.699661616599 390.699661616599
0.100699300699301 659.022366596344 672.989027671533 672.989027671533
0.100999000999002 941.381700212108 955.220259372684 955.220259372684
0.101298701298702 1223.65758184828 1237.36832901979 1237.36832901979
0.101598401598402 1505.82498820015 1519.40821670671 1519.40821670671
0.101898101898103 1787.8589055792 1801.31491186843 1801.31491186843
0.102197802197803 2069.73433213048 2083.06341800096 2083.06341800096
0.102497502497503 2351.42628004898 2364.62874818193 2364.62874818193
0.102797202797204 2632.90977779483 2645.98593517316 2645.98593517316
0.103096903096904 2914.15987230686 2927.11002885566 2927.11002885566
0.103396603396604 3195.15163121481 3207.97610093973 3207.97610093973
0.103696303696305 3475.86014504936 3488.55924462245 3488.55924462245
0.103996003996005 3756.26052945051 3768.83457898082 3768.83457898082
0.104295704295705 4036.32792737335 4048.77725021152 4048.77725021152
0.104595404595405 4316.03751129175 4328.36243412999 4328.36243412999
0.104895104895106 4595.36448539921 4607.56533772381 4607.56533772381
0.105194805194806 4874.28408780695 4886.36120133757 4886.36120133757
0.105494505494506 5152.77159273907 5164.72530529769 5164.72530529769
0.105794205794207 5430.80231272438 5442.63296196017 5442.63296196017
0.106093906093907 5708.35160078499 5720.05952993565 5720.05952993565
0.106393606393607 5985.39485262114 5996.98040582615 5996.98040582615
0.106693306693308 6261.9075087924 6273.37103528072 6273.37103528072
0.106993006993008 6537.86505689476 6549.20690694966 6549.20690694966
0.107292707292708 6813.24303373369 6824.4635622781 6824.4635622781
0.107592407592408 7088.01702749272 7099.11659230871 7099.11659230871
0.107892107892109 7362.16267989747 7373.14164145757 7373.14164145757
0.108191808191809 7635.65568837507 7646.51440906758 7646.51440906758
0.108491508491509 7908.47180820845 7919.21065413401 7919.21065413401
0.10879120879121 8180.58685468565 8191.20619591757 8191.20619591757
0.10909090909091 8451.97670524373 8462.47691328033 8462.47691328033
0.10939060939061 8722.61730160721 8732.99875067524 8732.99875067524
0.109690309690311 8992.48465192082 9002.74772002782 9002.74772002782
0.109990009990011 9261.55483287627 9271.69990007183 9271.69990007183
0.110289710289711 9529.80399183309 9539.83144171597 9539.83144171597
0.110589410589412 9797.20834893306 9807.11856833031 9807.11856833031
0.110889110889112 10063.7441992083 10073.5375760368 10073.5375760368
0.111188811188812 10329.3879146828 10339.0648403416 10339.0648403416
0.111488511488512 10594.1159464666 10603.6768151566 10603.6768151566
0.111788211788213 10857.9048268438 10867.350035628 10867.350035628
0.112087912087913 11120.7311713529 11130.0611196956 11130.0611196956
0.112387612387613 11382.5716808594 11391.7867709166 11391.7867709166
0.112687312687314 11643.4031436215 11652.5037806644 11652.5037806644
0.112987012987014 11903.2024373482 11912.1890277793 11912.1890277793
0.113286713286714 12161.946531248 12170.8194852019 12170.8194852019
0.113586413586415 12419.6124880716 12428.3722180483 12428.3722180483
0.113886113886115 12676.1774661448 12684.824387385 12684.824387385
0.114185814185815 12931.6187213932 12940.1532511534 12940.1532511534
0.114485514485516 13185.9136093589 13194.3361673171 13194.3361673171
0.114785214785216 13439.0395872073 13447.3505963653 13447.3505963653
0.115084915084916 13690.974215726 13699.1741006613 13699.1741006613
0.115384615384616 13941.6951613139 13949.784348845 13949.784348845
0.115684315684317 14191.1801979608 14199.1591177127 14199.1591177127
0.115984015984017 14439.4072092178 14447.2762934595 14447.2762934595
0.116283716283717 14686.3541901582 14694.1138722816 14694.1138722816
0.116583416583418 14931.9992493275 14939.6499660588 14939.6499660588
0.116883116883118 15176.3206106849 15183.8628007399 15183.8628007399
0.117182817182818 15419.2966155332 15426.7307210735 15426.7307210735
0.117482517482519 15660.9057244386 15668.2321870867 15668.2321870867
0.117782217782219 15901.1265191408 15908.3457854699 15908.3457854699
0.118081918081919 16139.9377044512 16147.0502219473 16147.0502219473
0.11838161838162 16377.3181101408 16384.3243291622 16384.3243291622
0.11868131868132 16613.2466928169 16620.1470638008 16620.1470638008
0.11898101898102 16847.7025377886 16854.4975154342 16854.4975154342
0.11928071928072 17080.6648609208 17087.3549017373 17087.3549017373
0.119580419580421 17312.1130104769 17318.6985725797 17318.6985725797
0.119880119880121 17542.0264689492 17548.5080112532 17548.5080112532
0.120179820179821 17770.3848548779 17776.7628417412 17776.7628417412
0.120479520479522 17997.1679246578 18003.4428188581 18003.4428188581
0.120779220779222 18222.3555743333 18228.5278418372 18228.5278418372
0.121078921078922 18445.9278413799 18451.997950508 18451.997950508
0.121378621378623 18667.8649064743 18673.8333281051 18673.8333281051
0.121678321678323 18888.1470952512 18894.0143002885 18894.0143002885
0.121978021978023 19106.7548800476 19112.5213423928 19112.5213423928
0.122277722277723 19323.6688816334 19329.3350759117 19329.3350759117
0.122577422577424 19538.86987093 19544.436276381 19544.436276381
0.122877122877124 19752.3387707144 19757.8058651075 19757.8058651075
0.123176823176824 19964.0566573106 19969.4249214827 19969.4249214827
0.123476523476525 20174.0047622672 20179.2746801005 20179.2746801005
0.123776223776225 20382.164474021 20387.3365281814 20387.3365281814
0.124075924075925 20588.517339547 20593.592015986 20593.592015986
0.124375624375626 20793.0450659944 20798.0228536147 20798.0228536147
0.124675324675326 20995.7295223077 21000.6109093775 21000.6109093775
0.124975024975026 21196.5527408347 21201.3382192574 21201.3382192574
0.125274725274727 21395.4969189187 21400.1869802181 21400.1869802181
0.125574425574427 21592.5444204772 21597.1395590296 21597.1395590296
0.125874125874127 21787.6777775646 21792.1784881053 21792.1784881053
0.126173826173827 21980.8796919217 21985.2864724319 21985.2864724319
0.126473526473528 22172.1330365081 22176.4463860365 22176.4463860365
0.126773226773228 22361.4208570212 22365.6412732029 22365.6412732029
0.127072927072928 22548.726373399 22552.8543592031 22552.8543592031
0.127372627372629 22734.0329813077 22738.069039475 22738.069039475
0.127672327672329 22917.3242536131 22921.2688878103 22921.2688878103
0.127972027972029 23098.5839418377 23102.4376572519 23102.4376572519
0.12827172827173 23277.7959776005 23281.5592822661 23281.5592822661
0.12857142857143 23454.9444740417 23458.6178755199 23458.6178755199
0.12887112887113 23630.0137272308 23633.5977344767 23633.5977344767
0.129170829170831 23802.9882175589 23806.4833410306 23806.4833410306
0.129470529470531 23973.8526111147 23977.2593633515 23977.2593633515
0.129770229770231 24142.5917610434 24145.9106548761 24145.9106548761
0.130069930069931 24309.1907088897 24312.4222574188 24312.4222574188
0.130369630369632 24473.6346859236 24476.7794052323 24476.7794052323
0.130669330669332 24635.9091144502 24638.9675211483 24638.9675211483
0.130969030969032 24795.9996091013 24798.9722209486 24798.9722209486
0.131268731268733 24953.891978111 24956.779313304 24956.779313304
0.131568431568433 25109.5722245737 25112.3748022448 25112.3748022448
0.131868131868133 25263.0265476851 25265.7448886816 25265.7448886816
0.132167832167834 25414.2413439651 25416.8759709751 25416.8759709751
0.132467532467534 25563.2032084644 25565.7546420131 25565.7546420131
0.132767232767234 25709.8989359523 25712.3677011832 25712.3677011832
0.133066933066935 25854.3155220876 25856.7021432186 25856.7021432186
0.133366633366635 25996.4401645712 25998.7451663587 25998.7451663587
0.133666333666335 26136.2602642814 26138.4841725948 26138.4841725948
0.133966033966035 26273.7634263903 26275.9067695025 26275.9067695025
0.134265734265736 26408.9374614628 26411.0007663597 26411.0007663597
0.134565434565436 26541.7703865372 26543.7541819925 26543.7541819925
0.134865134865136 26672.2504261876 26674.1552408957 26674.1552408957
0.135164835164837 26800.3660135675 26802.1923788583 26802.1923788583
0.135464535464537 26926.1057914353 26927.8542371792 26927.8542371792
0.135764235764237 27049.4586131612 27051.1296705033 27051.1296705033
0.136063936063938 27170.4135437151 27172.0077454759 27172.0077454759
0.136363636363638 27288.9598606362 27290.4777393884 27290.4777393884
0.136663336663338 27405.0870549833 27406.5291429419 27406.5291429419
0.136963036963038 27518.7848322669 27520.1516642802 27520.1516642802
0.137262737262739 27630.043113361 27631.3352247847 27631.3352247847
0.137562437562439 27738.8520353973 27740.0699602459 27740.0699602459
0.137862137862139 27845.2019526391 27846.3462258411 27846.3462258411
0.13816183816184 27949.0834373368 27950.1545950925 27950.1545950925
0.13846153846154 28050.487280563 28051.4858600898 28051.4858600898
0.13876123876124 28149.4044930295 28150.3310307574 28150.3310307574
0.139060939060941 28245.8263058839 28246.6813395081 28246.6813395081
0.139360639360641 28339.744171487 28340.5282367071 28340.5282367071
0.139660339660341 28431.1497641705 28431.8634007105 28431.8634007105
0.139960039960042 28520.0349809749 28520.6787269922 28520.6787269922
0.140259740259742 28606.3919423683 28606.9663353197 28606.9663353197
0.140559440559442 28690.2129929443 28690.7185728204 28690.7185728204
0.140859140859142 28771.490702101 28771.9280078539 28771.9280078539
0.141158841158843 28850.2178646999 28850.5874352851 28850.5874352851
0.141458541458543 28926.387501704 28926.6898766908 28926.6898766908
0.141758241758243 28999.992860797 29000.2285792966 29000.2285792966
0.142057942057944 29071.0274169818 29071.1970196634 29071.1970196634
0.142357642357644 29139.4848731587 29139.5889004035 29139.5889004035
0.142657342657344 29205.3591606841 29205.3981510094 29205.3981510094
0.142957042957045 29268.6444399077 29268.6189347053 29268.6189347053
0.143256743256745 29329.3351006909 29329.24564009 29329.24564009
0.143556443556445 29387.425762904 29387.2728870292 29387.2728870292
0.143856143856146 29442.9112769028 29442.69552558 29442.69552558
0.144155844155846 29495.7867239854 29495.5086377656 29495.5086377656
0.144455544455546 29546.047416828 29545.7075352277 29545.7075352277
0.144755244755246 29593.6888999008 29593.2877641646 29593.2877641646
0.145054945054947 29638.7069498626 29638.2450988624 29638.2450988624
0.145354645354647 29681.0975759355 29680.5755497949 29680.5755497949
0.145654345654347 29720.8570202583 29720.2753593723 29720.2753593723
0.145954045954048 29757.9817582199 29757.341001166 29757.341001166
0.146253746253748 29792.4684987719 29791.769185471 29791.769185471
0.146553446553448 29824.31418472 29823.5568540965 29823.5568540965
0.146853146853149 29853.515992995 29852.7011849724 29852.7011849724
0.147152847152849 29880.0713349036 29879.199586617 29879.199586617
0.147452547452549 29903.977856357 29903.0497065418 29903.0497065418
0.14775224775225 29925.2334380806 29924.2494257193 29924.2494257193
0.14805194805195 29943.8361958011 29942.7968577951 29942.7968577951
0.14835164835165 29959.7844804138 29958.6903543176 29958.6903543176
0.14865134865135 29973.0768781287 29971.9285004666 29971.9285004666
0.148951048951051 29983.7122105963 29982.5101190136 29982.5101190136
0.149250749250751 29991.6895350112 29990.4342641405 29990.4342641405
0.149550449550451 29997.0081441964 29995.7002304659 29995.7002304659
0.149850149850152 29999.6675666658 29998.307545914 29998.307545914
0.150149850149852 29999.6675666657 29998.2559728119 29998.2559728119
0.150449550449552 29997.0081441963 29995.5455108906 29995.5455108906
0.150749250749253 29991.6895350111 29990.1763971163 29990.1763971163
0.151048951048953 29983.7122105962 29982.1491004499 29982.1491004499
0.151348651348653 29973.0768781286 29971.4643292741 29971.4643292741
0.151648351648353 29959.7844804136 29958.1230232974 29958.1230232974
0.151948051948054 29943.8361958009 29942.1263628804 29942.1263628804
0.152247752247754 29925.2334380804 29923.4757599861 29923.4757599861
0.152547452547454 29903.9778563568 29902.1728617963 29902.1728617963
0.152847152847155 29880.0713349032 29878.2195540128 29878.2195540128
0.153146853146855 29853.5159929947 29851.6179543378 29851.6179543378
0.153446553446555 29824.3141847196 29822.3704154484 29822.3704154484
0.153746253746256 29792.4684987715 29790.4795257578 29790.4795257578
0.154045954045956 29757.9817582195 29755.9481092244 29755.9481092244
0.154345654345656 29720.8570202578 29718.7792191356 29718.7792191356
0.154645354645357 29681.097575935 29678.9761477291 29678.9761477291
0.154945054945057 29638.7069498621 29636.5424180762 29636.5424180762
0.155244755244757 29593.6888999003 29591.4817886334 29591.4817886334
0.155544455544457 29546.0474168274 29543.7982460655 29543.7982460655
0.155844155844158 29495.7867239848 29493.4960158108 29493.4960158108
0.156143856143858 29442.9112769022 29440.5795511061 29440.5795511061
0.156443556443558 29387.4257629034 29385.0535384744 29385.0535384744
0.156743256743259 29329.3351006902 29326.9228962476 29326.9228962476
0.157042957042959 29268.6444399069 29266.192771816 29266.192771816
0.157342657342659 29205.3591606833 29202.8685458466 29202.8685458466
0.15764235764236 29139.4848731579 29136.9558269983 29136.9558269983
0.15794205794206 29071.0274169809 29068.4604529625 29068.4604529625
0.15824175824176 28999.9928607961 28997.3884921438 28997.3884921438
0.158541458541461 28926.3875017031 28923.7462396317 28923.7462396317
0.158841158841161 28850.2178646989 28847.5402201412 28847.5402201412
0.159140859140861 28771.4907021001 28768.7771846133 28768.7771846133
0.159440559440561 28690.2129929433 28687.4641112529 28687.4641112529
0.159740259740262 28606.3919423673 28603.6082024381 28603.6082024381
0.160039960039962 28520.0349809739 28517.2168905068 28517.2168905068
0.160339660339662 28431.1497641694 28428.297827063 28428.297827063
0.160639360639363 28339.7441714859 28336.8588916008 28336.8588916008
0.160939060939063 28245.8263058828 28242.9081852488 28242.9081852488
0.161238761238763 28149.4044930283 28146.4540327349 28146.4540327349
0.161538461538464 28050.4872805618 28047.5049799261 28047.5049799261
0.161838161838164 27949.0834373355 27946.0697957925 27946.0697957925
0.162137862137864 27845.2019526379 27842.1574658206 27842.1574658206
0.162437562437565 27738.852035396 27735.777199676 27735.777199676
0.162737262737265 27630.0431133597 27626.9384233447 27626.9384233447
0.163036963036965 27518.7848322655 27515.6507798265 27515.6507798265
0.163336663336665 27405.0870549819 27401.9241323497 27401.9241323497
0.163636363636366 27288.9598606347 27285.768558101 27285.768558101
0.163936063936066 27170.4135437136 27167.1943492133 27167.1943492133
0.164235764235766 27049.4586131597 27046.2120147231 27046.2120147231
0.164535464535467 26926.1057914338 26922.8322739614 26922.8322739614
0.164835164835167 26800.366013566 26797.0660607142 26797.0660607142
0.165134865134867 26672.250426186 26668.9245216812 26668.9245216812
0.165434565434568 26541.7703865356 26538.4190104994 26538.4190104994
0.165734265734268 26408.9374614611 26405.5610941078 26405.5610941078
0.166033966033968 26273.7634263886 26270.3625455049 26270.3625455049
0.166333666333669 26136.2602642797 26132.8353453569 26132.8353453569
0.166633366633369 25996.4401645696 25992.9916836175 25992.9916836175
0.166933066933069 25854.3155220859 25850.8439516333 25850.8439516333
0.167232767232769 25709.8989359505 25706.404747872 25706.404747872
0.16753246753247 25563.2032084626 25559.6868722443 25559.6868722443
0.16783216783217 25414.2413439633 25410.703327071 25410.703327071
0.16813186813187 25263.0265476832 25259.4673174234 25259.4673174234
0.168431568431571 25109.5722245719 25105.9922451215 25105.9922451215
0.168731268731271 24953.8919781091 24950.2917128594 24950.2917128594
0.169030969030971 24795.9996090994 24792.3795182049 24792.3795182049
0.169330669330672 24635.9091144483 24632.2696586751 24632.2696586751
0.169630369630372 24473.6346859217 24469.9763228737 24469.9763228737
0.169930069930072 24309.1907088877 24305.5138946151 24305.5138946151
0.170229770229772 24142.5917610414 24138.8969491227 24138.8969491227
0.170529470529473 23973.8526111127 23970.1402542999 23970.1402542999
0.170829170829173 23802.9882175569 23799.2587659754 23799.2587659754
0.171128871128873 23630.0137272287 23626.2676297992 23626.2676297992
0.171428571428574 23454.9444740396 23451.1821768011 23451.1821768011
0.171728271728274 23277.7959775984 23274.0179265525 23274.0179265525
0.172027972027974 23098.5839418355 23094.7905785985 23094.7905785985
0.172327672327675 22917.3242536109 22913.5160200508 22913.5160200508
0.172627372627375 22734.0329813054 22730.2103167008 22730.2103167008
0.172927072927075 22548.7263733968 22544.8897145865 22544.8897145865
0.173226773226776 22361.4208570189 22357.570639973 22357.570639973
0.173526473526476 22172.1330365057 22168.2696936269 22168.2696936269
0.173826173826176 21980.8796919193 21977.0036542762 21977.0036542762
0.174125874125876 21787.6777775623 21783.7894757376 21783.7894757376
0.174425574425577 21592.5444204748 21588.6442811802 21588.6442811802
0.174725274725277 21395.4969189163 21391.5853668966 21391.5853668966
0.175024975024977 21196.5527408323 21192.6301997377 21192.6301997377
0.175324675324678 20995.7295223053 20991.7964132766 20991.7964132766
0.175624375624378 20793.0450659919 20789.101807449 20789.101807449
0.175924075924078 20588.5173395446 20584.5643504193 20584.5643504193
0.176223776223779 20382.1644740185 20378.2021677686 20378.2021677686
0.176523476523479 20174.0047622647 20170.0335519464 20170.0335519464
0.176823176823179 19964.056657308 19960.0769546319 19960.0769546319
0.17712287712288 19752.3387707118 19748.3509835087 19748.3509835087
0.17742257742258 19538.8698709274 19534.8744053862 19534.8744053862
0.17772227772228 19323.6688816308 19319.6661429791 19319.6661429791
0.17802197802198 19106.7548800449 19102.7452697819 19102.7452697819
0.178321678321681 18888.1470952486 18884.1310134982 18884.1310134982
0.178621378621381 18667.8649064716 18663.8427512277 18663.8427512277
0.178921078921081 18445.9278413772 18441.9000078209 18441.9000078209
0.179220779220782 18222.3555743306 18218.3224570863 18218.3224570863
0.179520479520482 17997.1679246551 17993.1299144333 17993.1299144333
0.179820179820182 17770.3848548751 17766.3423402924 17766.3423402924
0.180119880119883 17542.0264689464 17537.9798375073 17537.9798375073
0.180419580419583 17312.1130104742 17308.0626455671 17308.0626455671
0.180719280719283 17080.664860918 17076.6111459086 17076.6111459086
0.181018981018984 16847.7025377858 16843.6458517124 16843.6458517124
0.181318681318684 16613.246692814 16609.1874141517 16609.1874141517
0.181618381618384 16377.3181101379 16373.2566140819 16373.2566140819
0.181918081918084 16139.9377044483 16135.8743638554 16135.8743638554
0.182217782217785 15901.1265191379 15897.0617050171 15897.0617050171
0.182517482517485 15660.9057244357 15656.8398053742 15656.8398053742
0.182817182817185 15419.2966155302 15415.229957951 15415.229957951
0.183116883116886 15176.320610682 15172.253578681 15172.253578681
0.183416583416586 14931.9992493245 14927.9322040991 14927.9322040991
0.183716283716286 14686.3541901552 14682.2874902947 14682.2874902947
0.184015984015987 14439.4072092149 14435.3412115472 14435.3412115472
0.184315684315687 14191.1801979578 14187.1152576967 14187.1152576967
0.184615384615387 13941.6951613109 13937.6316292865 13937.6316292865
0.184915084915087 13690.974215723 13686.9124425306 13686.9124425306
0.185214785214788 13439.0395872042 13434.9799200256 13434.9799200256
0.185514485514488 13185.9136093558 13181.8563928568 13181.8563928568
0.185814185814188 12931.6187213902 12927.5642979555 12927.5642979555
0.186113886113889 12676.1774661417 12672.126175458 12672.126175458
0.186413586413589 12419.6124880685 12415.5646682719 12415.5646682719
0.186713286713289 12161.9465312448 12157.9025175314 12157.9025175314
0.18701298701299 11903.202437345 11899.1625621579 11899.1625621579
0.18731268731269 11643.4031436184 11639.3677371637 11639.3677371637
0.18761238761239 11382.5716808562 11378.5410706768 11378.5410706768
0.187912087912091 11120.7311713497 11116.7056831882 11116.7056831882
0.188211788211791 10857.9048268407 10853.88478299 10853.88478299
0.188511488511491 10594.1159464634 10590.101667952 10590.101667952
0.188811188811191 10329.3879146796 10325.3797193771 10325.3797193771
0.189110889110892 10063.7441992051 10059.7424025021 10059.7424025021
0.189410589410592 9797.20834892983 9793.21326351553 9793.21326351553
0.189710289710292 9529.80399182984 9525.81592815977 9525.81592815977
0.190009990009993 9261.55483287303 9257.57409874337 9257.57409874337
0.190309690309693 8992.48465191757 8988.51155305398 8988.51155305398
0.190609390609393 8722.61730160394 8718.65214073735 8718.65214073735
0.190909090909094 8451.97670524044 8448.01978251893 8448.01978251893
0.191208791208794 8180.58685468237 8176.63846816699 8176.63846816699
0.191508491508494 7908.47180820515 7904.53225286026 7904.53225286026
0.191808191808195 7635.65568837176 7631.7252579936 7631.7252579936
0.192107892107895 7362.16267989418 7358.24166343019 7358.24166343019
0.192407592407595 7088.0170274894 7084.10571336582 7084.10571336582
0.192707292707295 6813.24303373037 6809.34170731669 6809.34170731669
0.193006993006996 6537.86505689142 6533.97399996001 6533.97399996001
0.193306693306696 6261.90750878906 6258.02700161705 6258.02700161705
0.193606393606396 5985.39485261779 5981.52517271088 5981.52517271088
0.193906093906097 5708.35160078163 5704.49302266064 5704.49302266064
0.194205794205797 5430.80231272101 5426.95510940451 5426.95510940451
0.194505494505497 5152.77159273571 5148.93603353832 5148.93603353832
0.194805194805198 4874.28408780358 4870.46043973365 4870.46043973365
0.195104895104898 4595.36448539583 4591.55301404655 4591.55301404655
0.195404595404598 4316.03751128839 4312.23847772728 4312.23847772728
0.195704295704299 4036.32792736997 4032.54159149161 4032.54159149161
0.196003996003999 3756.26052944711 3752.48714774953 3752.48714774953
0.196303696303699 3475.86014504596 3472.09997170129 3472.09997170129
0.196603396603399 3195.15163121141 3191.40491831628 3191.40491831628
0.1969030969031 2914.15987230347 2910.42686804279 2910.42686804279
0.1972027972028 2632.90977779142 2629.19073011344 2629.19073011344
0.1975024975025 2351.42628004559 2347.72143097491 2347.72143097491
0.197802197802201 2069.73433212707 2066.04392423451 2066.04392423451
0.198101898101901 1787.85890557579 1784.18317687304 1784.18317687304
0.198401598401601 1505.82498819673 1502.16417570735 1502.16417570735
0.198701298701302 1223.65758184487 1220.01191802841 1220.01191802841
0.199000999001002 941.381700208697 937.751415848033 937.751415848033
0.199300699300702 659.022366592919 655.407690967007 655.407690967007
0.199600399600402 376.604611700144 373.005769085441 373.005769085441
0.199900099900103 94.1534714118466 90.5706856356068 90.5706856356068
0.200199800199803 -188.306015430854 -191.872523911987 -191.872523911987
0.200499500499503 -470.748809246959 -474.29882296842 -474.29882296842
0.200799200799204 -753.149871935252 -756.683175920083 -756.683175920083
0.201098901098904 -1035.48416909399 -1039.00054990451 -1039.00054990451
0.201398601398604 -1317.72667224002 -1321.22592007049 -1321.22592007049
0.201698301698305 -1599.8523610276 -1603.33426914266 -1603.33426914266
0.201998001998005 -1881.83622546635 -1885.30058856705 -1885.30058856705
0.202297702297705 -2163.65326813851 -2167.09988409117 -2167.09988409117
0.202597402597406 -2445.27850641468 -2448.70717596358 -2448.70717596358
0.202897102897106 -2726.68697466864 -2730.09750040571 -2730.09750040571
0.203196803196806 -3007.85372649057 -3011.24591487142 -3011.24591487142
0.203496503496506 -3288.75383689831 -3292.12749540915 -3292.12749540915
0.203796203796207 -3569.3624045471 -3572.71734509181 -3572.71734509181
0.204095904095907 -3849.65455393693 -3852.99058852446 -3852.99058852446
0.204395604395607 -4129.60543761784 -4132.92238313642 -4132.92238313642
0.204695304695308 -4409.19023839246 -4412.48791368519 -4412.48791368519
0.204995004995008 -4688.38417151609 -4691.66239784832 -4691.66239784832
0.205294705294708 -4967.16248689387 -4970.42108770154 -4970.42108770154
0.205594405594409 -5245.50047127473 -5248.73927309521 -5248.73927309521
0.205894105894109 -5523.37345044228 -5526.59228249664 -5526.59228249664
0.206193806193809 -5800.75679140202 -5803.95548478958 -5803.95548478958
0.20649350649351 -6077.62590456523 -6080.8042945533 -6080.8042945533
0.20679320679321 -6353.95624592855 -6357.11416847571 -6357.11416847571
0.20709290709291 -6629.72331924987 -6632.86061443779 -6632.86061443779
0.20739260739261 -6904.90267821998 -6908.01918760905 -6908.01918760905
0.207692307692311 -7179.46992862954 -7182.56549637049 -7182.56549637049
0.207992007992011 -7453.40073053166 -7456.47520411218 -7456.47520411218
0.208291708291711 -7726.67080039957 -7729.72402977116 -7729.72402977116
0.208591408591412 -7999.25591327941 -8002.28774995009 -8002.28774995009
0.208891108891112 -8271.1319049376 -8274.1422042051 -8274.1422042051
0.209190809190812 -8542.27467400302 -8545.26329368641 -8545.26329368641
0.209490509490513 -8812.66018410356 -8815.62698325544 -8815.62698325544
0.209790209790213 -9082.26446599696 -9085.20930773142 -9085.20930773142
0.210089910089913 -9351.06361969551 -9353.98636894449 -9353.98636894449
0.210389610389614 -9619.03381658484 -9621.93434007837 -9621.93434007837
0.210689310689314 -9886.15130153635 -9889.02947001209 -9889.02947001209
0.210989010989014 -10152.3923950129 -10155.2480813334 -10155.2480813334
0.211288711288714 -10417.7334951681 -10420.5665737261 -10420.5665737261
0.211588411588415 -10682.1510799384 -10684.9614289539 -10684.9614289539
0.211888111888115 -10945.6217091287 -10948.4092091863 -10948.4092091863
0.212187812187815 -11208.1220264896 -11210.8865594435 -11210.8865594435
0.212487512487516 -11469.6287617887 -11472.3702135285 -11472.3702135285
0.212787212787216 -11730.1187328727 -11732.8369910884 -11732.8369910884
0.213086913086916 -11989.5688477231 -11992.2638022819 -11992.2638022819
0.213386613386617 -12247.9561065028 -12250.6276495912 -12250.6276495912
0.213686313686317 -12505.2576035953 -12507.9056312217 -12507.9056312217
0.213986013986017 -12761.450529635 -12764.0749391215 -12764.0749391215
0.214285714285717 -13016.5121735295 -13019.1128652256 -13019.1128652256
0.214585414585418 -13270.4199244726 -13272.996800428 -13272.996800428
0.214885114885118 -13523.1512739491 -13525.7042398804 -13525.7042398804
0.215184815184818 -13774.6838177297 -13777.2127806938 -13777.2127806938
0.215484515484519 -14024.9952578572 -14027.5001278754 -14027.5001278754
0.215784215784219 -14274.0634046237 -14276.5440945616 -14276.5440945616
0.216083916083919 -14521.8661785368 -14524.3226032077 -14524.3226032077
0.21638361638362 -14768.3816122777 -14770.8136886716 -14770.8136886716
0.21668331668332 -15013.587852648 -15015.9955006692 -15015.9955006692
0.21698301698302 -15257.4631625074 -15259.8463043269 -15259.8463043269
0.217282717282721 -15499.9859227005 -15502.3444826376 -15502.3444826376
0.217582417582421 -15741.1346339729 -15743.4685385983 -15743.4685385983
0.217882117882121 -15980.8879188778 -15983.1970973472 -15983.1970973472
0.218181818181821 -16219.2245236705 -16221.5089092573 -16221.5089092573
0.218481518481522 -16456.123320193 -16458.3828457348 -16458.3828457348
0.218781218781222 -16691.5633077463 -16693.7979095968 -16693.7979095968
0.219080919080922 -16925.5236149528 -16927.7332324595 -16927.7332324595
0.219380619380623 -17157.983501606 -17160.1680756118 -17160.1680756118
0.219680319680323 -17388.9223605095 -17391.0818350038 -17391.0818350038
0.219980019980023 -17618.3197193032 -17620.4540392724 -17620.4540392724
0.220279720279724 -17846.155242279 -17848.2643566296 -17848.2643566296
0.220579420579424 -18072.4087321826 -18074.4925916215 -18074.4925916215
0.220879120879124 -18297.0601320047 -18299.1186888514 -18299.1186888514
0.221178821178825 -18520.0895267585 -18522.1227363874 -18522.1227363874
0.221478521478525 -18741.4771452455 -18743.4849647371 -18743.4849647371
0.221778221778225 -18961.2033618081 -18963.1857512033 -18963.1857512033
0.222077922077925 -19179.248698069 -19181.2056191784 -19181.2056191784
0.222377622377626 -19395.5938246586 -19397.5252421826 -19397.5252421826
0.222677322677326 -19610.219562928 -19612.1254431577 -19612.1254431577
0.222977022977026 -19823.1068866493 -19824.9871985049 -19824.9871985049
0.223276723276727 -20034.2369237023 -20036.0916380127 -20036.0916380127
0.223576423576427 -20243.5909577475 -20245.4200479447 -20245.4200479447
0.223876123876127 -20451.1504298852 -20452.9538709682 -20452.9538709682
0.224175824175828 -20656.8969403007 -20658.6747105064 -20658.6747105064
0.224475524475528 -20860.8122498953 -20862.56432877 -20862.56432877
0.224775224775228 -21062.8782819037 -21064.6046517399 -21064.6046517399
0.225074925074929 -21263.0771234958 -21264.7777684658 -21264.7777684658
0.225374625374629 -21461.3910273649 -21463.0659344672 -21463.0659344672
0.225674325674329 -21657.8024133014 -21659.4515703937 -21659.4515703937
0.225974025974029 -21852.2938697503 -21853.9172676485 -21853.9172676485
0.22627372627373 -22044.8481553558 -22046.4457873609 -22046.4457873609
0.22657342657343 -22235.4482004887 -22237.0200618947 -22237.0200618947
0.22687312687313 -22424.0771087606 -22425.6231963528 -22425.6231963528
0.227172827172831 -22610.7181585209 -22612.2384713502 -22612.2384713502
0.227472527472531 -22795.3548043395 -22796.8493445203 -22796.8493445203
0.227772227772231 -22977.9706784735 -22979.4394488556 -22979.4394488556
0.228071928071932 -23158.5495923184 -23159.9925986428 -23159.9925986428
0.228371628371632 -23337.0755378425 -23338.4927884376 -23338.4927884376
0.228671328671332 -23513.532689007 -23514.9241923518 -23514.9241923518
0.228971028971032 -23687.905403168 -23689.2711715727 -23689.2711715727
0.229270729270733 -23860.1782224637 -23861.5182701703 -23861.5182701703
0.229570429570433 -24030.3358751848 -24031.6502169156 -24031.6502169156
0.229870129870133 -24198.3632771279 -24199.6519315336 -24199.6519315336
0.230169830169834 -24364.245532933 -24365.508520191 -24365.508520191
0.230469530469534 -24527.9679374038 -24529.2052782639 -24529.2052782639
0.230769230769234 -24689.5159768116 -24690.7276959564 -24690.7276959564
0.231068931068935 -24848.8753301814 -24850.0614531541 -24850.0614531541
0.231368631368635 -25006.0318705618 -25007.192424722 -25007.192424722
0.231668331668335 -25160.9716662774 -25162.1066816916 -25162.1066816916
0.231968031968036 -25313.6809821634 -25314.7904905418 -25314.7904905418
0.232267732267736 -25464.1462807836 -25465.23031565 -25465.23031565
0.232567432567436 -25612.3542236304 -25613.4128198397 -25613.4128198397
0.232867132867136 -25758.291672307 -25759.3248677796 -25759.3248677796
0.233166833166837 -25901.9456896925 -25902.9535236822 -25902.9535236822
0.233466533466537 -26043.3035410883 -26044.2860540661 -26044.2860540661
0.233766233766237 -26182.3526953474 -26183.3099305205 -26183.3099305205
0.234065934065938 -26319.0808259849 -26320.0128286666 -26320.0128286666
0.234365634365638 -26453.4758122712 -26454.382628388 -26454.382628388
0.234665334665338 -26585.525740306 -26586.4074188074 -26586.4074188074
0.234965034965039 -26715.2189040748 -26716.0754953474 -26716.0754953474
0.235264735264739 -26842.5438064864 -26843.375362174 -26843.375362174
0.235564435564439 -26967.4891603921 -26968.2957346385 -26968.2957346385
0.23586413586414 -27090.0438895865 -27090.825537921 -27090.825537921
0.23616383616384 -27210.1971297891 -27210.9539094694 -27210.9539094694
0.23646353646354 -27327.9382296078 -27328.6702001747 -27328.6702001747
0.23676323676324 -27443.2567514826 -27443.9639733263 -27443.9639733263
0.237062937062941 -27556.1424726113 -27556.8250089517 -27556.8250089517
0.237362637362641 -27666.5853858557 -27667.2433005527 -27667.2433005527
0.237662337662341 -27774.5757006283 -27775.2090597612 -27775.2090597612
0.237962037962042 -27880.1038437607 -27880.7127149739 -27880.7127149739
0.238261738261742 -27983.1604603522 -27983.7449131559 -27983.7449131559
0.238561438561442 -28083.7364145988 -28084.29651974 -28084.29651974
0.238861138861143 -28181.8227906033 -28182.3586210627 -28182.3586210627
0.239160839160843 -28277.4108931655 -28277.9225229949 -28277.9225229949
0.239460539460543 -28370.4922485533 -28370.9797536916 -28370.9797536916
0.239760239760244 -28461.0586052537 -28461.5220628557 -28461.5220628557
0.240059940059944 -28549.1019347042 -28549.5414244846 -28549.5414244846
0.240359640359644 -28634.6144320048 -28635.0300342336 -28635.0300342336
0.240659340659344 -28717.5885166095 -28717.9803134253 -28717.9803134253
0.240959040959045 -28798.0168329987 -28798.3849086283 -28798.3849086283
0.241258741258745 -28875.8922513309 -28876.2366909162 -28876.2366909162
0.241558441558445 -28951.2078680751 -28951.5287589253 -28951.5287589253
0.241858141858146 -29023.9570066226 -29024.254435579 -29024.254435579
0.242157842157846 -29094.1332178787 -29094.4072762105 -29094.4072762105
0.242457542457546 -29161.7302808347 -29161.9810592693 -29161.9810592693
0.242757242757247 -29226.7422031193 -29226.9697947566 -29226.9697947566
0.243056943056947 -29289.1632215298 -29289.3677199964 -29289.3677199964
0.243356643356647 -29348.9878025428 -29349.1693039532 -29349.1693039532
0.243656343656348 -29406.2106428051 -29406.3692445842 -29406.3692445842
0.243956043956048 -29460.8266696036 -29460.9624696707 -29460.9624696707
0.244255744255748 -29512.831041315 -29512.9441398672 -29512.9441398672
0.244555444555448 -29562.219147835 -29562.3096457321 -29562.3096457321
0.244855144855149 -29608.9866109872 -29609.0546114075 -29609.0546114075
0.245154845154849 -29653.1292849108 -29653.1748916474 -29653.1748916474
0.245454545454549 -29694.6432564285 -29694.6665745443 -29694.6665745443
0.24575424575425 -29733.5248453933 -29733.5259817221 -29733.5259817221
0.24605394605395 -29769.7706050146 -29769.7496678947 -29769.7496678947
0.24635364635365 -29803.3773221638 -29803.334420105 -29803.334420105
0.246653346653351 -29834.3420176593 -29834.277262031 -29834.277262031
0.246953046953051 -29862.6619465305 -29862.5754487905 -29862.5754487905
0.247252747252751 -29888.3345982611 -29888.2264709259 -29888.2264709259
0.247552447552451 -29911.3576970116 -29911.2280555407 -29911.2280555407
0.247852147852152 -29931.7292018211 -29931.5781607831 -29931.5781607831
0.248151848151852 -29949.4473067885 -29949.2749833101 -29949.2749833101
0.248451548451552 -29964.510441232 -29964.3169537208 -29964.3169537208
0.248751248751253 -29976.917269829 -29976.702736101 -29976.702736101
0.249050949050953 -29986.666692734 -29986.4312339016 -29986.4312339016
0.249350649350653 -29993.7578456763 -29993.5015831508 -29993.5015831508
0.249650349650354 -29998.1901000364 -29997.9131561109 -29997.9131561109
0.249950049950054 -29999.9630629022 -29999.6655614563 -29999.6655614563
0.250249750249754 -29999.0765771034 -29998.7586428517 -29998.7586428517
0.250549450549454 -29995.5307212254 -29995.1924807237 -29995.1924807237
0.250849150849155 -29989.3258096028 -29988.9673889357 -29988.9673889357
0.251148851148855 -29980.462392291 -29980.0839193923 -29980.0839193923
0.251448551448555 -29968.9412550177 -29968.5428599915 -29968.5428599915
0.251748251748256 -29954.7634191133 -29954.3452313057 -29954.3452313057
0.252047952047956 -29937.9301414203 -29937.4922914949 -29937.4922914949
0.252347652347656 -29918.4429141818 -29917.9855348875 -29917.9855348875
0.252647352647356 -29896.3034649091 -29895.8266899257 -29895.8266899257
0.252947052947057 -29871.5137562291 -29871.0177183727 -29871.0177183727
0.253246753246757 -29844.0759857098 -29843.5608211724 -29843.5608211724
0.253546453546457 -29813.9925856654 -29813.4584303727 -29813.4584303727
0.253846153846158 -29781.2662229412 -29780.7132124466 -29780.7132124466
0.254145854145858 -29745.8997986769 -29745.3280725627 -29745.3280725627
0.254445554445558 -29707.8964480492 -29707.3061446055 -29707.3061446055
0.254745254745258 -29667.2595399945 -29666.650797973 -29666.650797973
0.255044955044959 -29623.9926769093 -29623.3656377271 -29623.3656377271
0.255344655344659 -29578.0996943319 -29577.4544993587 -29577.4544993587
0.255644355644359 -29529.5846606017 -29528.9214511483 -29528.9214511483
0.25594405594406 -29478.4518764986 -29477.7707968435 -29477.7707968435
0.25624375624376 -29424.705874862 -29424.0070682037 -29424.0070682037
0.25654345654346 -29368.3514201889 -29367.635031155 -29367.635031155
0.25684315684316 -29309.3935082114 -29308.6596824474 -29308.6596824474
0.257142857142861 -29247.837365454 -29247.0862488429 -29247.0862488429
0.257442557442561 -29183.68844877 -29182.9201888342 -29182.9201888342
0.257742257742261 -29116.9524448583 -29116.1671886623 -29116.1671886623
0.258041958041961 -29047.6352697586 -29046.8331659329 -29046.8331659329
0.258341658341662 -28975.7430683274 -28974.9242668975 -28974.9242668975
0.258641358641362 -28901.2822136932 -28900.4468630996 -28900.4468630996
0.258941058941062 -28824.2593066915 -28823.4075581508 -28823.4075581508
0.259240759240763 -28744.6811752797 -28743.8131799425 -28743.8131799425
0.259540459540463 -28662.5548739315 -28661.6707839361 -28661.6707839361
0.259840159840163 -28577.8876830121 -28576.9876498005 -28576.9876498005
0.260139860139863 -28490.6871081322 -28489.7712856521 -28489.7712856521
0.260439560439564 -28400.9608794832 -28400.0294212059 -28400.0294212059
0.260739260739264 -28308.7169511514 -28307.7700116945 -28307.7700116945
0.261038961038964 -28213.9635004133 -28213.0012341807 -28213.0012341807
0.261338661338665 -28116.7089270106 -28115.7314895747 -28115.7314895747
0.261638361638365 -28016.9618524053 -28015.9693995778 -28015.9693995778
0.261938061938065 -27914.7311190158 -27913.7238080605 -27913.7238080605
0.262237762237765 -27810.0257894329 -27809.0037767375 -27809.0037767375
0.262537462537466 -27702.8551456163 -27701.8185884407 -27701.8185884407
0.262837162837166 -27593.2286880719 -27592.1777450083 -27592.1777450083
0.263136863136866 -27481.1561350094 -27480.0909651728 -27480.0909651728
0.263436563436566 -27366.6474214813 -27365.5681827598 -27365.5681827598
0.263736263736267 -27249.7126985014 -27248.6195505898 -27248.6195505898
0.264035964035967 -27130.3623321457 -27129.2554351927 -27129.2554351927
0.264335664335667 -27008.606902633 -27007.4864165875 -27007.4864165875
0.264635364635368 -26884.457203387 -26883.3232893248 -26883.3232893248
0.264935064935068 -26757.9242400796 -26756.7770594173 -26756.7770594173
0.265234765234768 -26629.0192296553 -26627.8589425237 -26627.8589425237
0.265534465534468 -26497.7535993369 -26496.5803687942 -26496.5803687942
0.265834165834169 -26364.1389856121 -26362.9529734552 -26362.9529734552
0.266133866133869 -26228.1872332023 -26226.9886013265 -26226.9886013265
0.266433566433569 -26089.9103940127 -26088.6993062726 -26088.6993062726
0.26673326673327 -25949.3207260636 -25948.0973455872 -25948.0973455872
0.26703296703297 -25806.4306924037 -25805.1951819675 -25805.1951819675
0.26733266733267 -25661.2529600056 -25660.0054832805 -25660.0054832805
0.26763236763237 -25513.8003986427 -25512.5411201015 -25512.5411201015
0.267932067932071 -25364.0860797484 -25362.815163259 -25362.815163259
0.268231768231771 -25212.1232752571 -25210.8408854888 -25210.8408854888
0.268531468531471 -25057.9254564282 -25056.6317583369 -25056.6317583369
0.268831168831171 -24901.506292651 -24900.2014503305 -24900.2014503305
0.269130869130872 -24742.879650234 -24741.5638292583 -24741.5638292583
0.269430569430572 -24582.0595911749 -24580.7329568558 -24580.7329568558
0.269730269730272 -24419.0603719142 -24417.7230901323 -24417.7230901323
0.270029970029973 -24253.8964420717 -24252.548677951 -24252.548677951
0.270329670329673 -24086.582443165 -24085.2243620353 -24085.2243620353
0.270629370629373 -23917.1332073123 -23915.7649754473 -23915.7649754473
0.270929070929073 -23745.5637559166 -23744.185540105 -23744.185540105
0.271228771228774 -23571.8892983352 -23570.5012633576 -23570.5012633576
0.271528471528474 -23396.1252305303 -23394.7275427842 -23394.7275427842
0.271828171828174 -23218.2871337051 -23216.879960227 -23216.879960227
0.272127872127875 -23038.3907729219 -23036.9742789926 -23036.9742789926
0.272427572427575 -22856.4520957049 -22855.026448644 -22855.026448644
0.272727272727275 -22672.4872306263 -22671.0525964983 -22671.0525964983
0.273026973026975 -22486.5124858767 -22485.0690305169 -22485.0690305169
0.273326673326676 -22298.5443478194 -22297.0922380797 -22297.0922380797
0.273626373626376 -22108.5994795286 -22107.1388825432 -22107.1388825432
0.273926073926076 -21916.6947193126 -21915.2258004221 -21915.2258004221
0.274225774225776 -21722.847079221 -21721.3700052281 -21721.3700052281
0.274525474525477 -21527.0737435365 -21525.5886805361 -21525.5886805361
0.274825174825177 -21329.3920672516 -21327.8991819127 -21327.8991819127
0.275124875124877 -21129.8195745303 -21128.3190325146 -21128.3190325146
0.275424575424578 -20928.3739571543 -20926.865924381 -20926.865924381
0.275724275724278 -20725.073072955 -20723.5577168769 -20723.5577168769
0.276023976023978 -20519.93494423 -20518.4124291158 -20518.4124291158
0.276323676323678 -20312.9777561457 -20311.4482485312 -20311.4482485312
0.276623376623379 -20104.2198551253 -20102.683521396 -20102.683521396
0.276923076923079 -19893.6797472224 -19892.1367509431 -19892.1367509431
0.277222777222779 -19681.3760964802 -19679.8266046591 -19679.8266046591
0.27752247752248 -19467.3277232771 -19465.7719006891 -19465.7719006891
0.27782217782218 -19251.5536026587 -19249.9916138583 -19249.9916138583
0.27812187812188 -19034.0728626551 -19032.5048731538 -19032.5048731538
0.27842157842158 -18814.9047825852 -18813.3309569817 -18813.3309569817
0.278721278721281 -18594.0687913485 -18592.4892928557 -18592.4892928557
0.279020979020981 -18371.5844657017 -18369.9994596192 -18369.9994596192
0.279320679320681 -18147.4715285238 -18145.8811785839 -18145.8811785839
0.279620379620381 -17921.7498470678 -17920.1543163756 -17920.1543163756
0.279920079920082 -17694.439431199 -17692.8388833546 -17692.8388833546
0.280219780219782 -17465.5604316217 -17463.9550307607 -17463.9550307607
0.280519480519482 -17235.1331380925 -17233.5230453251 -17233.5230453251
0.280819180819183 -17003.1779776218 -17001.5633562298 -17001.5633562298
0.281118881118883 -16769.715512663 -16768.096525603 -16768.096525603
0.281418581418583 -16534.7664392896 -16533.1432478717 -16533.1432478717
0.281718281718283 -16298.3515853606 -16296.7243510147 -16296.7243510147
0.282017982017984 -16060.491908674 -16058.8607921211 -16058.8607921211
0.282317682317684 -15821.2084951091 -15819.573657685 -15819.573657685
0.282617382617384 -15580.5225567572 -15578.8841594765 -15578.8841594765
0.282917082917085 -15338.4554300411 -15336.8136316693 -15336.8136316693
0.283216783216785 -15095.0285738238 -15093.3835352506 -15093.3835352506
0.283516483516485 -14850.2635675061 -14848.6154481858 -14848.6154481858
0.283816183816185 -14604.1821091138 -14602.531066975 -14602.531066975
0.284115884115886 -14356.8060133738 -14355.1522075731 -14355.1522075731
0.284415584415586 -14108.1572097808 -14106.5007977672 -14106.5007977672
0.284715284715286 -13858.2577406529 -13856.5988803057 -13856.5988803057
0.285014985014987 -13607.1297591776 -13605.4686071722 -13605.4686071722
0.285314685314687 -13354.7955274482 -13353.1322414489 -13353.1322414489
0.285614385614387 -13101.2774144901 -13099.6121490451 -13099.6121490451
0.285914085914087 -12846.5978942778 -12844.9308065798 -12844.9308065798
0.286213786213788 -12590.7795437429 -12589.1107886757 -12589.1107886757
0.286513486513488 -12333.8450407722 -12332.1747723459 -12332.1747723459
0.286813186813188 -12075.8171621978 -12074.1455347408 -12074.1455347408
0.287112887112888 -11816.7187817779 -11815.0459502483 -11815.0459502483
0.287412587412589 -11556.5728681687 -11554.8989834846 -11554.8989834846
0.287712287712289 -11295.4024828888 -11293.7276990579 -11293.7276990579
0.288011988011989 -11033.2307782743 -11031.5552472743 -11031.5552472743
0.28831168831169 -10770.0809954268 -10768.4048685117 -10768.4048685117
0.28861138861139 -10505.9764621532 -10504.299889373 -10504.299889373
0.28891108891109 -10240.9405908971 -10239.2637232592 -10239.2637232592
0.28921078921079 -9974.99687666386 -9973.31986398317 -9973.31986398317
0.289510489510491 -9708.16889493784 -9706.49188507433 -9706.49188507433
0.289810189810191 -9440.48029959202 -9438.80344225212 -9438.80344225212
0.290109890109891 -9171.95482079158 -9170.27826291335 -9170.27826291335
0.290409590409592 -8902.61626289003 -8900.94015240502 -8900.94015240502
0.290709290709292 -8632.48850231905 -8630.81298508642 -8630.81298508642
0.291008991008992 -8361.59548547185 -8359.92070743226 -8359.92070743226
0.291308691308692 -8089.96122658039 -8088.28733321367 -8088.28733321367
0.291608391608393 -7817.60980558657 -7815.93694184188 -7815.93694184188
0.291908091908093 -7544.56536600759 -7542.89367481384 -7542.89367481384
0.292207792207793 -7270.85211279548 -7269.18173785517 -7269.18173785517
0.292507492507493 -6996.49431019171 -6994.82539387862 -6994.82539387862
0.292807192807194 -6721.51627957594 -6719.84896385187 -6719.84896385187
0.293106893106894 -6445.94239731006 -6444.27682324477 -6444.27682324477
0.293406593406594 -6169.79709257725 -6168.1333990863 -6168.1333990863
0.293706293706295 -5893.1048452164 -5891.44317337664 -5891.44317337664
0.294005994005995 -5615.89018355201 -5614.2306719142 -5614.2306719142
0.294305694305695 -5338.17768221962 -5336.52046833001 -5336.52046833001
0.294605394605395 -5059.99195998763 -5058.33718177884 -5058.33718177884
0.294905094905096 -4781.35767757465 -4779.70547179071 -4779.70547179071
0.295204795204796 -4502.29953546343 -4500.65003722727 -4500.65003722727
0.295504495504496 -4222.84227171122 -4221.1956168209 -4221.1956168209
0.295804195804197 -3943.01065975675 -3941.36698212038 -3941.36698212038
0.296103896103897 -3662.82950622411 -3661.18893897423 -3661.18893897423
0.296403596403597 -3382.32364872377 -3380.68632458784 -3380.68632458784
0.296703296703297 -3101.5179536505 -3099.88400552452 -3099.88400552452
0.297002997002998 -2820.43731397936 -2818.80687190449 -2818.80687190449
0.297302697302698 -2539.10664705877 -2537.47984078838 -2537.47984078838
0.297602397602398 -2257.55089240165 -2255.92785227608 -2255.92785227608
0.297902097902098 -1975.79500947458 -1974.17586338478 -1974.17586338478
0.298201798201799 -1693.86397548521 -1692.24885111038 -1692.24885111038
0.298501498501499 -1411.78278316803 -1410.17180757036 -1410.17180757036
0.298801198801199 -1129.57643856889 -1127.96973767898 -1127.96973767898
0.2991008991009 -847.269958828045 -845.667657137494 -845.667657137494
0.2994005994006 -564.888369962698 -764.658671540113 -764.658671540113
0.299725175024577 -259.013219139759 1531474.25485013 1531474.25485013
0.300099501297107 0 358197.467806775 806420.365028758
0.300498702893913 0 0.526303963072289 0.131575990768072
0.300897904490719 0 0.524211629912743 0.131052907478186
0.301297106087526 0 0.522130770227281 0.13053269255682
0.301696307684332 0 0.520061044977271 0.130015261244318
0.302095509281139 0 0.518002002628594 0.129500500657149
0.302494710877945 0 0.515953615994768 0.128988403998692
0.302893912474751 0 0.513916643186997 0.128479160796749
0.303293114071558 0 0.511889772766717 0.127972443191679
0.303692315668364 0 0.509874088697454 0.127468522174364
0.304091517265171 0 0.507868610111412 0.126967152527853
0.304490718861977 0 0.50587368484542 0.126468421211355
0.304889920458783 0 0.503889206905165 0.125972301726291
0.30528912205559 0 0.501914975601942 0.125478743900485
0.305688323652396 0 0.499951054320842 0.124987763580211
0.306087525249203 0 0.497997773276813 0.124499443319203
0.306486726846009 0 0.496054303265611 0.124013575816403
0.306885928442815 0 0.494120799367182 0.123530199841796
0.307285130039622 0 0.492197867852884 0.123049466963221
0.307684331636428 0 0.490284784069222 0.122571196017306
0.308083533233235 0 0.488381277713038 0.122095319428259
0.308482734830041 0 0.486487357142426 0.121621839285607
0.308881936426847 0 0.484603490302683 0.121150872575671
0.309281138023654 0 0.482729714457127 0.120682428614282
0.30968033962046 0 0.480865458661331 0.120216364665333
0.310079541217266 0 0.479010259918333 0.119752564979583
0.310478742814073 0 0.477165193045452 0.119291298261363
0.310877944410879 0 0.47532912496025 0.118832281240062
0.311277146007686 0 0.473502820984436 0.118375705246109
0.311676347604492 0 0.471685555800808 0.117921388950202
0.312075549201298 0 0.46987761408465 0.117469403521163
0.312474750798105 0 0.468079042801088 0.117019760700272
0.312873952394911 0 0.466289474886306 0.116572368721576
0.313273153991718 0 0.464509737350161 0.11612743433754
0.313672355588524 0 0.462738461496542 0.115684615374135
0.31407155718533 0 0.460976368195257 0.115244092048814
0.314470758782137 0 0.459222878817971 0.114805719704493
0.314869960378943 0 0.457478794329111 0.114369698582278
0.31526916197575 0 0.455742727119168 0.113935681779792
0.315668363572556 0 0.454015385756008 0.113503846439002
0.316067565169362 0 0.452297972168092 0.113074493042023
0.316466766766169 0 0.450588255122019 0.112647063780505
0.316865968362975 0 0.448887175241322 0.11222179381033
0.317265169959782 0 0.447195457329425 0.111798864332356
0.317664371556588 0 0.44551164738606 0.111377911846515
0.318063573153394 0 0.443836040793186 0.110959010198297
0.318462774750201 0 0.442169077853948 0.110542269463487
0.318861976347007 0 0.440510275035644 0.110127568758911
0.319261177943814 0 0.438859653619241 0.10971491340481
0.31966037954062 0 0.437217742004928 0.109304435501232
0.320059581137426 0 0.435583970595745 0.108895992648936
0.320458782734233 0 0.433958100358484 0.108489525089621
0.320857984331039 0 0.432340225593864 0.108085056398466
0.321257185927846 0 0.430730774691556 0.107682693672889
0.321656387524652 0 0.429129084435039 0.10728227110876
0.322055589121458 0 0.427535006805333 0.106883751701333
0.322454790718265 0 0.42594908960465 0.106487272401162
0.322853992315071 0 0.42437079348037 0.106092698370093
0.323253193911878 0 0.422800812964951 0.105700203241238
0.323652395508684 0 0.421238222683199 0.1053095556708
0.32405159710549 0 0.419683690656035 0.104920922664009
0.324450798702297 0 0.418136267797259 0.104534066949315
0.324850000299103 0 0.416596423009545 0.104149105752386
0.32524920189591 0 0.415064438554008 0.103766109638502
0.325648403492716 0 0.413539697805577 0.103384924451394
0.326047605089522 0 0.412022470623382 0.103005617655845
0.326446806686329 0 0.410513201521859 0.102628300380465
0.326846008283135 0 0.409010368766228 0.102252592191557
0.327245209879942 0 0.407515840032393 0.101878960008098
0.327644411476748 0 0.406028449410509 0.101507112352627
0.328043613073554 0 0.404547388123837 0.101136847030959
0.328442814670361 0 0.403073991303175 0.100768497825794
0.328842016267167 0 0.401608171294946 0.100402042823736
0.329241217863974 0 0.400148773843487 0.100037193460872
0.32964041946078 0 0.398696792258486 0.0996741980646216
0.330039621057586 0 0.397251621544261 0.0993129053860652
0.330438822654393 0 0.39581391481929 0.0989534787048225
0.330838024251199 0 0.394383085861769 0.0985957714654422
0.331237225848006 0 0.392958916166037 0.0982397290415091
0.331636427444812 0 0.391541199416934 0.0978852998542334
0.332035629041618 0 0.390130456895546 0.0975326142238865
0.332434830638425 0 0.388726868115476 0.0971817170288689
0.332834032235231 0 0.387330093348512 0.0968325233371281
0.333233233832038 0 0.385939452250623 0.0964848630626557
0.333632435428844 0 0.384555710384297 0.0961389275960743
0.33403163702565 0 0.383178761232909 0.0957946903082273
0.334430838622457 0 0.381808518509941 0.0954521296274854
0.334830040219263 0 0.380444381847845 0.0951110954619613
0.33522924181607 0 0.379086665785948 0.0947716664464869
0.335628443412876 0 0.377735709436182 0.0944339273590455
0.336027645009682 0 0.376390627271619 0.0940976568179048
0.336426846606489 0 0.375052522935921 0.0937631307339802
0.336826048203295 0 0.373720743212499 0.0934301858031247
0.337225249800102 0 0.372395197856098 0.0930987994640246
0.337624451396908 0 0.371075290610658 0.0927688226526646
0.338023652993714 0 0.369762775645275 0.0924406939113188
0.338422854590521 0 0.368455512853117 0.0921138782132793
0.338822056187327 0 0.367154784528973 0.0917886961322433
0.339221257784134 0 0.365859943920923 0.0914649859802308
0.33962045938094 0 0.364571270895859 0.0911428177239647
0.340019660977746 0 0.363288723986378 0.0908221809965944
0.340418862574553 0 0.362011941176684 0.090502985294171
0.340818064171359 0 0.360741669131209 0.0901854172828022
0.341217265768166 0 0.359477086719912 0.089869271679978
0.341616467364972 0 0.358218661374606 0.0895546653436514
0.342015668961778 0 0.356965294677914 0.0892413236694784
0.342414870558585 0 0.355718428118752 0.0889296070296881
0.342814072155391 0 0.354477226018781 0.0886193065046953
0.343213273752198 0 0.353241609420555 0.0883104023551387
0.343612475349004 0 0.352011900748427 0.0880029751871068
0.34401167694581 0 0.350787932434887 0.0876969831087217
0.344410878542617 0 0.349569582579158 0.0873923956447895
0.344810080139423 0 0.348356955301323 0.0870892388253308
0.34520928173623 0 0.347149845477208 0.0867874613693021
0.345608483333036 0 0.345948275153743 0.0864870687884359
0.346007684929842 0 0.344751959203322 0.0861879898008306
0.346406886526649 0 0.343561555831834 0.0858903889579585
0.346806088123455 0 0.342376525501626 0.0855941313754065
0.347205289720261 0 0.34119709476395 0.0852992736909874
0.347604491317068 0 0.34002247243508 0.08500561810877
0.348003692913874 0 0.338853884776054 0.0847134711940136
0.348402894510681 0 0.337690650415958 0.0844226626039895
0.348802096107487 0 0.336532500134235 0.0841331250335589
0.349201297704293 0 0.335379578430428 0.0838448946076069
0.3496004993011 0 0.334231908666442 0.0835579771666105
0.349999700897906 0 0.333089394368089 0.0832723485920223
0.350398902494713 0 0.331952533702099 0.0829881334255249
0.350798104091519 0 0.330820278566865 0.0827050696417162
0.351197305688325 0 0.329693247342308 0.082423311835577
0.351596507285132 0 0.328572120685022 0.0821430301712556
0.351995708881938 0 0.327455500251567 0.0818638750628917
0.352394910478745 0 0.326343655861708 0.0815859139654271
0.352794112075551 0 0.325237100283693 0.0813092750709233
0.353193313672357 0 0.324135697688409 0.0810339244221022
0.353592515269164 0 0.323039020329696 0.0807597550824239
0.35399171686597 0 0.321947241925635 0.0804868104814087
0.354390918462777 0 0.320860960695843 0.0802152401739608
0.354790120059583 0 0.319778700766577 0.0799446751916444
0.355189321656389 0 0.318701731278491 0.0796754328196227
0.355588523253196 0 0.317629606669119 0.0794074016672798
0.355987724850002 0 0.316562843792261 0.0791407109480652
0.356386926446809 0 0.31549988817421 0.0788749720435524
0.356786128043615 0 0.314441397698632 0.0786103494246581
0.357185329640421 0 0.313388817371821 0.0783472043429551
0.357584531237228 0 0.312340095744536 0.078085023936134
0.357983732834034 0 0.311296645223537 0.0778241613058842
0.358382934430841 0 0.310257811455253 0.0775644528638133
0.358782136027647 0 0.309223193015698 0.0773057982539245
0.359181337624453 0 0.308193177870735 0.0770482944676838
0.35958053922126 0 0.307167873813237 0.0767919684533092
0.359979740818066 0 0.306147108681189 0.0765367771702972
0.360378942414873 0 0.30513043077229 0.0762826076930724
0.360778144011679 0 0.304118894699772 0.076029723674943
0.361177345608485 0 0.303111671374191 0.0757779178435477
0.361576547205292 0 0.302108903092847 0.0755272257732117
0.361975748802098 0 0.301110455901334 0.0752776139753335
0.362374950398905 0 0.300116812064465 0.0750292030161162
0.362774151995711 0 0.299126750862927 0.0747816877157317
0.363173353592517 0 0.298141453563125 0.0745353633907813
0.363572555189324 0 0.297160578737688 0.0742901446844219
0.36397175678613 0 0.296183332677176 0.074045833169294
0.364370958382937 0 0.29521132581151 0.0738028314528775
0.364770159979743 0 0.294243041678439 0.0735607604196098
0.365169361576549 0 0.293279011455357 0.0733197528638391
0.365568563173356 0 0.292319674496134 0.0730799186240335
0.365967764770162 0 0.291364128699916 0.0728410321749789
0.366366966366969 0 0.290412808263653 0.0726032020659132
0.366766167963775 0 0.289464985957835 0.0723662464894586
0.367165369560581 0 0.288521986002545 0.0721304965006362
0.367564571157388 0 0.28758290218711 0.0718957255467775
0.367963772754194 0 0.28664816655741 0.0716620416393524
0.368362974351001 0 0.285717409345073 0.0714293523362683
0.368762175947807 0 0.284790350843173 0.0711975877107932
0.369161377544613 0 0.283867695354721 0.0709669238386801
0.36956057914142 0 0.282948454381399 0.0707371135953496
0.369959780738226 0 0.282033516105403 0.0705083790263508
0.370358982335033 0 0.281122612988544 0.0702806532471361
0.370758183931839 0 0.280215213631704 0.0700538034079261
0.371157385528645 0 0.279312130084614 0.0698280325211534
0.371556587125452 0 0.278412841507791 0.0696032103769477
0.371955788722258 0 0.277517457208095 0.0693793643020237
0.372354990319065 0 0.276626004079638 0.0691565010199094
0.372754191915871 0 0.275738426567768 0.068934606641942
0.373153393512677 0 0.274854230320301 0.0687135575800752
0.373552595109484 0 0.273973731865661 0.0684934329664153
0.37395179670629 0 0.273097167500001 0.0682742918750003
0.374350998303097 0 0.272224514750083 0.0680561286875208
0.374750199899903 0 0.271355671813189 0.0678389179532973
0.375149401496709 0 0.270490278920669 0.0676225697301673
0.375548603093516 0 0.269628789743811 0.0674071974359527
0.375947804690322 0 0.268770330935242 0.0671925827338106
0.376347006287129 0 0.267916271141471 0.0669790677853678
0.376746207883935 0 0.267065404054915 0.0667663510137288
0.377145409480741 0 0.266218052082108 0.0665545130205271
0.377544611077548 0 0.26537464030247 0.0663436600756174
0.377943812674354 0 0.264534447496559 0.0661336118741398
0.378343014271161 0 0.263698461606036 0.065924615401509
0.378742215867967 0 0.262865454423228 0.065716363605807
0.379141417464773 0 0.262035907784552 0.0655089769461379
0.37954061906158 0 0.261210051436956 0.0653025128592391
0.379939820658386 0 0.260387506402926 0.0650968766007316
0.380339022255193 0 0.259568356151282 0.0648920890378206
0.380738223851999 0 0.258752611843484 0.064688152960871
0.381137425448805 0 0.257940212431966 0.0644850531079916
0.381536627045612 0 0.257131739639225 0.0642829349098064
0.381935828642418 0 0.256326097811564 0.064081524452891
0.382335030239224 0 0.255523726357906 0.0638809315894766
0.382734231836031 0 0.254725352152046 0.0636813380380115
0.383133433432837 0 0.253930025985054 0.0634825064962636
0.383532635029644 0 0.25313797829677 0.0632844945741926
0.38393183662645 0 0.252349192247305 0.0630872980618262
0.384331038223256 0 0.251563582607769 0.0628908956519423
0.384730239820063 0 0.250781353086279 0.0626953382715697
0.385129441416869 0 0.250002282829463 0.0625005707073657
0.385528643013676 0 0.249226440715347 0.0623066101788366
0.385927844610482 0 0.24845400749173 0.0621135018729325
0.386327046207288 0 0.247684383554742 0.0619210958886854
0.386726247804095 0 0.246917973961458 0.0617294934903645
0.387125449400901 0 0.2461552969868 0.0615388242467
0.387524650997708 0 0.245395199839854 0.0613487999599635
0.387923852594514 0 0.244638427549584 0.0611596068873959
0.38832305419132 0 0.243884411626825 0.0609711029067063
0.388722255788127 0 0.243134126286252 0.0607835315715631
0.389121457384933 0 0.242386518852658 0.0605966297131646
0.38952065898174 0 0.241642258215024 0.060410564553756
0.389919860578546 0 0.240900879582736 0.0602252198956841
0.390319062175352 0 0.240162034106091 0.0600405085265227
0.390718263772159 0 0.239426738717928 0.0598566846794819
0.391117465368965 0 0.238694343044209 0.0596735857610521
0.391516666965772 0 0.237965027533305 0.0594912568833262
0.391915868562578 0 0.237238733094176 0.0593096832735439
0.392315070159384 0 0.236515161997371 0.0591287904993429
0.392714271756191 0 0.235794848399657 0.0589487120999142
0.393113473352997 0 0.235077196287511 0.0587692990718777
0.393512674949804 0 0.234362442006 0.0585906105015001
0.39391187654661 0 0.233650406401913 0.0584126016004783
0.394311078143416 0 0.232941743776238 0.0582354359440595
0.394710279740223 0 0.232235087228731 0.0580587718071828
0.395109481337029 0 0.23153222381426 0.0578830559535651
0.395508682933836 0 0.23083202850894 0.0577080071272351
0.395907884530642 0 0.230134210285881 0.0575335525714701
0.396307086127448 0 0.229440027905985 0.0573600069764963
0.396706287724255 0 0.228748006682171 0.0571870016705428
0.397105489321061 0 0.228058578079986 0.0570146445199964
0.397504690917868 0 0.227372296822915 0.0568430742057287
0.397903892514674 0 0.226688412631703 0.0566721031579257
0.39830309411148 0 0.226007190606752 0.0565017976516881
0.398702295708287 0 0.225329198188156 0.056332299547039
0.399101497305093 0 0.224653699170482 0.0561634247926206
0.3995006989019 0 0.223980794900432 0.0559951987251079
0.399899900498706 0 0.223311068610003 0.0558277671525007
0.400299102095512 0 0.22264380083322 0.055660950208305
0.400698303692319 0 0.221978932026067 0.0554947330065168
0.401097505289125 0 0.221316707026583 0.0553291767566457
0.401496706885932 0 0.220657317911821 0.0551643294779551
0.401895908482738 0 0.220000369262834 0.0550000923157084
0.402295110079544 0 0.219345948728097 0.0548364871820242
0.402694311676351 0 0.218694628033253 0.0546736570083134
0.403093513273157 0 0.218045142690426 0.0545112856726065
0.403492714869964 0 0.21739885380202 0.054349713450505
0.40389191646677 0 0.216754930645435 0.0541887326613587
0.404291118063576 0 0.21611338401535 0.0540283460038375
0.404690319660383 0 0.215474352775988 0.0538685881939969
0.405089521257189 0 0.214837569155558 0.0537093922888895
0.405488722853996 0 0.214203786646428 0.053550946661607
0.405887924450802 0 0.213572638940849 0.0533931597352124
0.406287126047608 0 0.212944067564321 0.0532360168910802
0.406686327644415 0 0.212317429461348 0.053079357365337
0.407085529241221 0 0.211693639457648 0.052923409864412
0.407484730838028 0 0.211071779714432 0.052767944928608
0.407883932434834 0 0.210453025872649 0.0526132564681623
0.40828313403164 0 0.209836186382405 0.0524590465956012
0.408682335628447 0 0.209221806551117 0.0523054516377792
0.409081537225253 0 0.208609670955887 0.0521524177389716
0.40948073882206 0 0.208000052755371 0.0520000131888428
0.409879940418866 0 0.207393179048741 0.0518482947621852
0.410279142015672 0 0.206788338019761 0.0516970845049403
0.410678343612479 0 0.206185664066134 0.0515464160165335
0.411077545209285 0 0.205585424589843 0.0513963561474608
0.411476746806092 0 0.204987484570314 0.0512468711425785
0.411875948402898 0 0.20439219942861 0.0510980498571524
0.412275149999704 0 0.203799344341008 0.0509498360852519
0.412674351596511 0 0.20320829289076 0.0508020732226899
0.413073553193317 0 0.202619979921099 0.0506549949802746
0.413472754790124 0 0.202033512206721 0.0505083780516803
0.41387195638693 0 0.201449558423256 0.0503623896058141
0.414271157983736 0 0.200867673033399 0.0502169182583497
0.414670359580543 0 0.200288259303715 0.0500720648259287
0.415069561177349 0 0.199711142520527 0.0499277856301318
0.415468762774156 0 0.199135747514965 0.0497839368787413
0.415867964370962 0 0.198562884397631 0.0496407210994077
0.416267165967768 0 0.197991893409826 0.0494979733524566
0.416666367564575 0 0.197423321659015 0.0493558304147538
0.417065569161381 0 0.196857317939084 0.0492143294847709
0.417464770758187 0 0.196292918347098 0.0490732295867744
0.417863972354994 0 0.1957307233531 0.0489326808382749
0.4182631739518 0 0.195170757277829 0.0487926893194573
0.418662375548607 0 0.1946130036146 0.0486532509036501
0.419061577145413 0 0.194057405053787 0.0485143512634468
0.419460778742219 0 0.193503863761851 0.0483759659404628
0.419859980339026 0 0.192952598607347 0.0482381496518367
0.420259181935832 0 0.192403253234572 0.0481008133086431
0.420658383532639 0 0.191856145190941 0.0479640362977352
0.421057585129445 0 0.191311195609752 0.0478277989024379
0.421456786726251 0 0.19076792931355 0.0476919823283875
0.421855988323058 0 0.190227081095158 0.0475567702737895
0.422255189919864 0 0.189687919682888 0.0474219799207219
0.422654391516671 0 0.189150923678469 0.0472877309196174
0.423053593113477 0 0.188615820006273 0.0471539550015683
0.423452794710283 0 0.188082832396602 0.0470207080991504
0.42385199630709 0 0.187551789830921 0.0468879474577303
0.424251197903896 0 0.187023018917263 0.0467557547293158
0.424650399500703 0 0.186495559380461 0.0466238898451154
0.425049601097509 0 0.18597091187521 0.0464927279688025
0.425448802694315 0 0.185447684899522 0.0463619212248805
0.425848004291122 0 0.184926769755367 0.0462316924388418
0.426247205887928 0 0.184407414868978 0.0461018537172445
0.426646407484735 0 0.183890795285415 0.0459726988213537
0.427045609081541 0 0.183375730046078 0.0458439325115195
0.427444810678347 0 0.182862071955637 0.0457155179889093
0.427844012275154 0 0.182351066027107 0.0455877665067769
0.42824321387196 0 0.181841780541546 0.0454604451353866
0.428642415468767 0 0.181333782879572 0.045333445719893
0.429041617065573 0 0.180828568166221 0.0452071420415554
0.429440818662379 0 0.18032438487924 0.0450810962198099
0.429840020259186 0 0.17982265799438 0.044955664498595
0.430239221855992 0 0.179322279804518 0.0448305699511296
0.430638423452799 0 0.178823892397165 0.0447059730992914
0.431037625049605 0 0.178327389714073 0.0445818474285184
0.431436826646411 0 0.177832810313184 0.0444582025782961
0.431836028243218 0 0.177339979964976 0.044334994991244
0.432235229840024 0 0.176849047840825 0.0442122619602063
0.432634431436831 0 0.17636012931463 0.0440900323286576
0.433033633033637 0 0.175873128223471 0.0439682820558677
0.433432834630443 0 0.175387557852042 0.0438468894630105
0.43383203622725 0 0.174903790789552 0.0437259476973879
0.434231237824056 0 0.174421809830051 0.0436054524575127
0.434630439420863 0 0.173941922167686 0.0434854805419214
0.435029641017669 0 0.173463510256681 0.0433658775641702
0.435428842614475 0 0.17298699484222 0.0432467487105549
0.435828044211282 0 0.17251187210491 0.0431279680262275
0.436227245808088 0 0.172039033954271 0.0430097584885677
0.436626447404895 0 0.1715670208858 0.04289175522145
0.437025649001701 0 0.171097374863087 0.0427743437157718
0.437424850598507 0 0.170629287297103 0.0426573218242757
0.437824052195314 0 0.170162988679347 0.0425407471698367
0.43822325379212 0 0.169698142909597 0.0424245357273993
0.438622455388927 0 0.169235275311405 0.0423088188278513
0.439021656985733 0 0.168773988529482 0.0421934971323705
0.439420858582539 0 0.168314567874402 0.0420786419686006
0.439820060179346 0 0.167856376379088 0.041964094094772
0.440219261776152 0 0.167400352564128 0.041850088141032
0.440618463372959 0 0.166946156090741 0.0417365390226852
0.441017664969765 0 0.166493416569511 0.0416233541423777
0.441416866566571 0 0.166041733454101 0.0415104333635253
0.441816068163378 0 0.165592282549966 0.0413980706374915
0.442215269760184 0 0.165144426585257 0.0412861066463142
0.442614471356991 0 0.164697676557518 0.0411744191393794
0.443013672953797 0 0.164252942227231 0.0410632355568078
0.443412874550603 0 0.163809498378042 0.0409523745945104
0.44381207614741 0 0.163368018614407 0.0408420046536018
0.444211277744216 0 0.162927720252529 0.0407319300631323
0.444610479341023 0 0.162489397993079 0.0406223494982697
0.445009680937829 0 0.162052569493938 0.0405131423734846
0.445408882534635 0 0.1616169019143 0.0404042254785751
0.445808084131442 0 0.161183105536017 0.0402957763840042
0.446207285728248 0 0.16075097051157 0.0401877426278925
0.446606487325055 0 0.160320437750253 0.0400801094375631
0.447005688921861 0 0.15989124182965 0.0399728104574125
0.447404890518667 0 0.159463803731037 0.0398659509327592
0.447804092115474 0 0.159037625081213 0.0397594062703033
0.44820329371228 0 0.158613072182477 0.0396532680456193
0.448602495309087 0 0.158189949396789 0.0395474873491973
0.449001696905893 0 0.157768747852964 0.039442186963241
0.449400898502699 0 0.157348504370858 0.0393371260927146
0.449800100099506 0 0.156929834946782 0.0392324587366956
0.450199301696312 0 0.15651261556717 0.0391281538917925
0.450598503293119 0 0.156097231347872 0.039024307836968
0.450997704889925 0 0.155682792113079 0.0389206980282699
0.451396906486731 0 0.155270344219172 0.038817586054793
0.451796108083538 0 0.154859124197835 0.0387147810494587
0.452195309680344 0 0.154449234667218 0.0386123086668045
0.452594511277151 0 0.154041109562039 0.0385102773905097
0.452993712873957 0 0.153634265305254 0.0384085663263135
0.453392914470763 0 0.15322854958601 0.0383071373965026
0.45379211606757 0 0.152824677179521 0.0382061692948802
0.454191317664376 0 0.152422088911821 0.0381055222279554
0.454590519261182 0 0.152020735672072 0.0380051839180179
0.454989720857989 0 0.151621078952907 0.0379052697382267
0.455388922454795 0 0.151222485052618 0.0378056212631545
0.455788124051602 0 0.150825544594362 0.0377063861485904
0.456187325648408 0 0.150430110190554 0.0376075275476386
0.456586527245214 0 0.150036010250062 0.0375090025625154
0.456985728842021 0 0.149642870152854 0.0374107175382136
0.457384930438827 0 0.149251540417925 0.0373128851044812
0.457784132035634 0 0.148861241969924 0.0372153104924809
0.45818333363244 0 0.14847259930992 0.0371181498274801
0.458582535229246 0 0.148085142594327 0.0370212856485818
0.458981736826053 0 0.14769909214071 0.0369247730351776
0.459380938422859 0 0.147314288059613 0.0368285720149033
0.459780140019666 0 0.14693054705051 0.0367326367626276
0.460179341616472 0 0.146548911744712 0.0366372279361779
0.460578543213278 0 0.146168260896047 0.0365420652240118
0.460977744810085 0 0.145788698732407 0.0364471746831016
0.461376946406891 0 0.145410663552039 0.0363526658880098
0.461776148003698 0 0.145034036202018 0.0362585090505045
0.462175349600504 0 0.144658495982947 0.0361646239957367
0.46257455119731 0 0.144284235099198 0.0360710587747996
0.462973752794117 0 0.143911602098957 0.0359779005247392
0.463372954390923 0 0.143540031080217 0.0358850077700541
0.46377215598773 0 0.14316946890974 0.035792367227435
0.464171357584536 0 0.142800019046942 0.0357000047617356
0.464570559181342 0 0.142432477061721 0.0356081192654301
0.464969760778149 0 0.142066189336577 0.0355165473341442
0.465368962374955 0 0.141700658706224 0.0354251646765559
0.465768163971762 0 0.141336615359759 0.0353341538399398
0.466167365568568 0 0.140973876194302 0.0352434690485756
0.466566567165374 0 0.140612058256936 0.0351530145642339
0.466965768762181 0 0.14025164926157 0.0350629123153925
0.467364970358987 0 0.139892937864014 0.0349732344660035
0.467764171955794 0 0.13953476410309 0.0348836910257726
0.4681633735526 0 0.139178444800898 0.0347946112002244
0.468562575149406 0 0.138823135258926 0.0347057838147315
0.468961776746213 0 0.138468861968768 0.034617215492192
0.469360978343019 0 0.138115987658781 0.0345289969146952
0.469760179939826 0 0.137763962535159 0.0344409906337898
0.470159381536632 0 0.137413643789876 0.0343534109474689
0.470558583133438 0 0.137064084228034 0.0342660210570085
0.470957784730245 0 0.13671592212123 0.0341789805303076
0.471356986327051 0 0.136368705179495 0.0340921762948737
0.471756187923858 0 0.136022853247299 0.0340057133118247
0.472155389520664 0 0.135677874275679 0.0339194685689198
0.47255459111747 0 0.13533450528679 0.0338336263216975
0.472953792714277 0 0.134991679578404 0.033747919894601
0.473352994311083 0 0.134650451721536 0.033662612930384
0.47375219590789 0 0.134310608333639 0.0335776520834097
0.474151397504696 0 0.13397120237532 0.03349280059383
0.474550599101502 0 0.133633587423019 0.0334083968557547
0.474949800698309 0 0.133297313739731 0.0333243284349329
0.475349002295115 0 0.132961376973698 0.0332403442434244
0.475748203891922 0 0.132627251561979 0.0331568128904946
0.476147405488728 0 0.132293895594911 0.0330734738987276
0.476546607085534 0 0.131962032345963 0.0329905080864908
0.476945808682341 0 0.13163093913204 0.03290773478301
0.477345010279147 0 0.131300944773813 0.0328252361934533
0.477744211875954 0 0.130971646277695 0.0327429115694238
0.47814341347276 0 0.130644227908178 0.0326610569770444
0.478542615069566 0 0.130317357941991 0.0325793394854977
0.478941816666373 0 0.129991648797638 0.0324979121994094
0.479341018263179 0 0.129666981013393 0.0324167452533482
0.479740219859986 0 0.129343574222115 0.0323358935555286
0.480139421456792 0 0.129021273095197 0.0322553182737993
0.480538623053598 0 0.128699726024524 0.0321749315061311
0.480937824650405 0 0.128379633996141 0.0320949084990353
0.481337026247211 0 0.128060967193014 0.0320152417982534
0.481736227844018 0 0.127742428436816 0.031935607109204
0.482135429440824 0 0.127425915190503 0.0318564787976258
0.48253463103763 0 0.127109560290574 0.0317773900726435
0.482933832634437 0 0.126795047791887 0.0316987619479718
0.483333034231243 0 0.126481189963263 0.0316202974908158
0.48373223582805 0 0.126167851805505 0.0315419629513763
0.484131437424856 0 0.125856309067684 0.031464077266921
0.484530639021662 0 0.125545501226097 0.0313863753065242
0.484929840618469 0 0.125235599340988 0.031308899835247
0.485329042215275 0 0.124926579240355 0.0312316448100887
0.485728243812082 0 0.124618935600189 0.0311547339000472
0.486127445408888 0 0.124312075569932 0.0310780188924831
0.486526647005694 0 0.124006460544283 0.0310016151360707
0.486925848602501 0 0.123701286145571 0.0309253215363927
0.487325050199307 0 0.123397872787007 0.0308494681967516
0.487724251796114 0 0.123094848286487 0.0307737120716218
0.48812345339292 0 0.122793500498933 0.0306983751247334
0.488522654989726 0 0.122492603129372 0.030623150782343
0.488921856586533 0 0.12219287626221 0.0305482190655526
0.489321058183339 0 0.121893953652305 0.0304734884130762
0.489720259780145 0 0.121596345080864 0.030399086270216
0.490119461376952 0 0.121299474093705 0.0303248685234263
0.490518662973758 0 0.121003640283287 0.0302509100708218
0.490917864570565 0 0.120708592467748 0.030177148116937
0.491317066167371 0 0.120414420489663 0.0301036051224157
0.491716267764177 0 0.120121377041587 0.0300303442603968
0.492115469360984 0 0.119829699888191 0.0299574249720478
0.49251467095779 0 0.119538004815833 0.0298845012039581
0.492913872554597 0 0.11924810417533 0.0298120260438325
0.493313074151403 0 0.118958583559376 0.029739645889844
0.493712275748209 0 0.118670332680526 0.0296675831701316
0.494111477345016 0 0.118382441935862 0.0295956104839655
0.494510678941822 0 0.118096306359475 0.0295240765898688
0.494909880538629 0 0.117810808151856 0.0294527020379641
0.495309082135435 0 0.117526420198008 0.0293816050495021
0.495708283732241 0 0.117242529987431 0.0293106324968578
0.496107485329048 0 0.11695993775353 0.0292399844383824
0.496506686925854 0 0.116677823089577 0.0291694557723942
0.496905888522661 0 0.116396956868762 0.0290992392171905
0.497305090119467 0 0.116117203547434 0.0290293008868584
0.497704291716273 0 0.115837877595578 0.0289594693988946
0.49810349331308 0 0.115559349323005 0.0288898373307512
0.498502694909886 0 0.115282153594564 0.0288205383986411
0.498901896506693 0 -287.571093091199 -71.8927732727999
