0.001171875 -0 -0
0.003515625 -1.72416945936372 -1.72416945936372
0.005859375 -7.22469356670141 -7.22469356670141
0.008203125 -16.1644639394581 -16.1644639394581
0.010546875 -28.4473041291615 -28.4473041291615
0.012890625 -43.9792559063426 -43.9792559063426
0.015234375 -62.6506890418993 -62.6506890418993
0.017578125 -84.3332474253233 -84.3332474253233
0.019921875 -108.879511265732 -108.879511265732
0.022265625 -136.123458007023 -136.123458007023
0.024609375 -165.881261589263 -165.881261589263
0.026953125 -197.952285947613 -197.952285947613
0.029296875 -232.120216773704 -232.120216773704
0.031640625 -268.154304581864 -268.154304581864
0.033984375 -305.810702819229 -305.810702819229
0.036328125 -344.833888981084 -344.833888981084
0.038671875 -384.958158391952 -384.958158391952
0.041015625 -425.909180956175 -425.909180956175
0.043359375 -467.405611368243 -467.405611368243
0.045703125 -509.160743260315 -509.160743260315
0.048046875 -550.884197678618 -550.884197678618
0.050390625 -592.283636176641 -592.283636176641
0.052734375 -633.066488727018 -633.066488727018
0.055078125 -672.941686599079 -672.941686599079
0.057421875 -711.621390336525 -711.621390336525
0.059765625 -748.822703003425 -748.822703003425
0.062109375 -784.269358951266 -784.269358951266
0.064453125 -817.69337849375 -817.69337849375
0.066796875 -848.836679063643 -848.836679063643
0.069140625 -877.452633662809 -877.452633662809
0.071484375 -903.307567704639 -903.307567704639
0.073828125 -926.182185685745 -926.182185685745
0.076171875 -945.872919507516 -945.872919507516
0.078515625 -962.193190698514 -962.193190698514
0.080859375 -974.974579261725 -974.974579261725
0.083203125 -984.067892384398 -984.067892384398
0.085546875 -989.344126800206 -989.344126800206
0.087890625 -990.695319179407 -990.695319179407
0.090234375 -988.035279541582 -988.035279541582
0.0925781250000001 -981.300203331884 -981.300203331884
0.0949218750000001 -970.449158472754 -970.449158472754
0.0972656250000001 -955.464444396263 -955.464444396263
0.0996093750000001 -936.351820770991 -936.351820770991
0.101953125 -913.140604361373 -913.140604361373
0.104296875 -885.883633189078 -885.883633189078
0.106640625 -854.657097904625 -854.657097904625
0.108984375 -819.560241015812 -819.560241015812
0.111328125 -780.714925356806 -780.714925356806
0.113671875 -738.265073909982 -738.265073909982
0.116015625 -692.375983812975 -692.375983812975
0.118359375 -643.233518084902 -643.233518084902
0.120703125 -591.043179293289 -591.043179293289
0.123046875 -536.029070043393 -536.029070043393
0.125390625 -478.432745809478 -478.432745809478
0.127734375 -418.511966233491 -418.511966233491
0.130078125 -356.539351589806 -356.539351589806
0.132421875 -292.800951652231 -292.800951652231
0.134765625 -227.59473469705 -227.59473469705
0.137109375 -161.229004831572 -161.229004831572
0.139453125 -94.0207562489983 -94.0207562489983
0.141796875 -26.2939733739161 -26.2939733739161
0.144140625 41.6221138209342 41.6221138209342
0.146484375 109.394809782983 109.394809782983
0.148828125 176.689758876188 176.689758876188
0.151171875 243.17276649051 243.17276649051
0.153515625 308.511625745183 308.511625745183
0.155859375 372.37793971708 372.37793971708
0.158203125 434.448929131965 434.448929131965
0.160546875 494.409215517505 494.409215517505
0.162890625 551.952569934692 551.952569934692
0.165234375 606.783617574001 606.783617574001
0.167578125 658.619488728825 658.619488728825
0.169921875 707.191406935635 707.191406935635
0.172265625 752.24620539849 752.24620539849
0.174609375 793.547763193286 793.547763193286
0.176953125 830.878353172314 830.878353172314
0.179296875 864.039893958992 864.039893958992
0.181640625 892.855098935252 892.855098935252
0.183984375 917.168515675997 917.168515675997
0.186328125 936.847449873567 936.847449873567
0.188671875 951.782768417191 951.782768417191
0.191015625 961.889576944971 961.889576944971
0.193359375 967.107767864485 967.107767864485
0.195703125 967.402435540171 967.402435540171
0.198046875 962.764156066114 962.764156066114
0.200390625 953.20912977911 953.20912977911
0.202734375 938.779185414339 938.779185414339
0.205078125 919.541645559366 919.541645559366
0.207421875 895.589053820356 895.589053820356
0.209765625 867.038764869782 867.038764869782
0.212109375 834.032399295647 834.032399295647
0.214453125 796.735165913924 796.735165913924
0.216796875 755.335054933069 755.335054933069
0.219140625 710.041906070486 710.041906070486
0.221484375 661.086356408826 661.086356408826
0.223828125 608.718673444782 608.718673444782
0.226171875 553.207479417021 553.207479417021
0.228515625 494.838373603222 494.838373603222
0.230859375 433.91245984248 433.91245984248
0.233203125 370.744787068155 370.744787068155
0.235546875 305.662711122204 305.662711122204
0.237890625 239.00418656421 239.00418656421
0.240234375 171.115997583656 171.115997583656
0.242578125 102.351937469903 102.351937469903
0.244921875 33.070946389477 33.070946389477
0.247265625 -36.3647825373482 -36.3647825373482
0.249609375 -105.591718680383 -105.591718680383
0.251953125 -174.246920550237 -174.246920550237
0.254296875 -241.969963265171 -241.969963265171
0.256640625 -308.404856422615 -308.404856422615
0.258984375 -373.201941999626 -373.201941999626
0.261328125 -436.019761998493 -436.019761998493
0.263671875 -496.526885702612 -496.526885702612
0.266015625 -554.403686610543 -554.403686610543
0.268359375 -609.344059374538 -609.344059374538
0.270703125 -661.057067380001 -661.057067380001
0.273046875 -709.268511964619 -709.268511964619
0.275390625 -753.72241468689 -753.72241468689
0.277734375 -794.182404512224 -794.182404512224
0.280078125 -830.433002287912 -830.433002287912
0.282421875 -862.280795423261 -862.280795423261
0.284765625 -889.555496275825 -889.555496275825
0.287109375 -912.110878364001 -912.110878364001
0.289453125 -929.825585180127 -929.825585180127
0.291796875 -942.603807059216 -942.603807059216
0.294140625 -950.375822266651 -950.375822266651
0.296484375 -953.098399196448 -953.098399196448
0.29921875 -378.961232385782 -378.961232385782
0.30234375 -235.137121257449 -58.7842803143621
0.30546875 -232.731626410823 -58.1829066027058
0.30859375 -230.374850447179 -57.5937126117947
0.31171875 -228.065328136945 -57.0163320342363
0.31484375 -225.801652423406 -56.4504131058516
0.31796875 -223.582471564205 -55.8956178910512
0.32109375 -221.4064864395 -55.3516216098751
0.32421875 -219.272448015981 -54.8181120039953
0.32734375 -217.179154956166 -54.2947887390415
0.33046875 -215.125451363201 -53.7813628408003
0.33359375 -213.110224652537 -53.2775561631342
0.33671875 -211.132403542069 -52.7831008855173
0.33984375 -209.190956153179 -52.2977390382948
0.34296875 -207.284888215563 -51.8212220538908
0.34609375 -205.413241369379 -51.3533103423447
0.34921875 -203.575091558459 -50.8937728896149
0.35234375 -201.769547509166 -50.4423868772915
0.35546875 -199.995749289292 -49.9989373223229
0.35859375 -198.252866942539 -49.5632167356348
0.36171875 -196.540099193589 -49.1350247983974
0.36484375 -194.856672219757 -48.7141680549394
0.36796875 -193.201838485411 -48.3004596213527
0.37109375 -191.574875635006 -47.8937189087515
0.37421875 -189.975085441811 -47.4937713604527
0.37734375 -188.401792808754 -47.1004482021885
0.38046875 -186.854344818539 -46.7135862046348
0.38359375 -185.332109830197 -46.3330274575492
0.38671875 -183.834476619459 -45.9586191548647
0.38984375 -182.360853560376 -45.590213390094
0.39296875 -180.910667846174 -45.2276669615435
0.39609375 -179.483364746802 -44.8708411867005
0.39921875 -178.078406901423 -44.5196017253556
0.40234375 -176.695273643936 -44.173818410984
0.40546875 -175.333460359589 -43.8333650898971
0.40859375 -173.992477871179 -43.4981194677948
0.41171875 -172.671851853165 -43.1679629632913
0.41484375 -171.371122272349 -42.8427805680872
0.41796875 -170.089842853495 -42.5224607133737
0.421093749999999 -168.827580568859 -42.2068951422148
0.42421875 -167.583915150299 -41.8959787875747
0.427343749999999 -166.358438622674 -41.5896096556685
0.43046875 -165.150754857714 -41.2876887144284
0.433593749999999 -163.960479147036 -40.9901197867589
0.436718749999999 -162.787237793573 -40.6968094483932
0.439843749999999 -161.630667720428 -40.4076669301071
0.442968749999999 -160.490416096318 -40.1226040240795
0.446093749999999 -159.366139976546 -39.8415349941365
0.449218749999999 -158.257505959327 -39.5643764898318
0.452343749999999 -157.164189855976 -39.2910474639939
0.455468749999999 -156.085876374964 -39.021469093741
0.458593749999999 -155.022258818735 -38.7555647046838
0.461718749999999 -153.973038792874 -38.4932596982185
0.464843749999999 -152.937925927035 -38.2344814817588
0.467968749999999 -151.916637606992 -37.9791594017479
0.471093749999999 -150.908898717398 -37.7272246793495
0.474218749999999 -149.914441394685 -37.4786103486713
0.477343749999999 -148.933004789824 -37.233251197456
0.480468749999999 -147.964334839962 -36.9910837099906
0.483593749999999 -147.0081840494 -36.7520460123501
0.486718749999999 -146.064311278615 -36.5160778196537
0.489843749999999 -145.132481541605 -36.2831203854012
0.492968749999999 -144.212465810724 -36.053116452681
