0 1 -0
0.00208333333333333 1 -1962.09387690429
0.00416666666666667 1 -3915.78576660155
0.00625 1 -5852.70966048385
0.00833333333333333 1 -7764.57135307562
0.0104166666666667 1 -9643.18395909485
0.0125 1 -11480.5029709527
0.0145833333333333 1 -13268.66070657
0.0166666666666667 1 -15000
0.01875 1 -16667.1069905881
0.0208333333333333 1 -18262.8428702616
0.0229166666666667 1 -19780.3744530021
0.025 1 -21213.2034355964
0.0270833333333333 1 -22555.1942243693
0.0291666666666667 1 -23800.6002087371
0.03125 1 -24944.0883690764
0.0333333333333333 1 -25980.7621135332
0.0354166666666667 1 -26906.1822459806
0.0375 1 -27716.3859753386
0.0395833333333333 1 -28407.9038848532
0.0416666666666667 1 -28977.774788672
0.04375 1 -29423.5584120969
0.0458333333333333 1 -29743.3458412143
0.0479166666666667 1 -29935.7676971581
0.05 1 -30000
0.0520833333333333 1 -29935.7676971581
0.0541666666666667 1 -29743.3458412143
0.05625 1 -29423.5584120969
0.0583333333333333 1 -28977.774788672
0.0604166666666667 1 -28407.9038848532
0.0625 1 -27716.3859753386
0.0645833333333333 1 -26906.1822459806
0.0666666666666667 1 -25980.7621135332
0.06875 1 -24944.0883690764
0.0708333333333333 1 -23800.6002087371
0.0729166666666667 1 -22555.1942243693
0.075 1 -21213.2034355964
0.0770833333333333 1 -19780.3744530021
0.0791666666666667 1 -18262.8428702616
0.08125 1 -16667.1069905881
0.0833333333333333 1 -15000
0.0854166666666667 1 -13268.66070657
0.0875 1 -11480.5029709527
0.0895833333333333 1 -9643.18395909485
0.0916666666666667 1 -7764.57135307563
0.09375 1 -5852.70966048385
0.0958333333333333 1 -3915.78576660156
0.0979166666666667 1 -1962.09387690429
0.1 1 9.64885723403475e-012
0.102083333333333 1 1962.09387690429
0.104166666666667 1 3915.78576660155
0.10625 1 5852.70966048385
0.108333333333333 1 7764.57135307562
0.110416666666667 1 9643.18395909485
0.1125 1 11480.5029709527
0.114583333333333 1 13268.66070657
0.116666666666667 1 15000
0.11875 1 16667.1069905881
0.120833333333333 1 18262.8428702616
0.122916666666667 1 19780.3744530021
0.125 1 21213.2034355964
0.127083333333333 1 22555.1942243693
0.129166666666667 1 23800.600208737
0.13125 1 24944.0883690764
0.133333333333333 1 25980.7621135332
0.135416666666667 1 26906.1822459806
0.1375 1 27716.3859753386
0.139583333333333 1 28407.9038848532
0.141666666666667 1 28977.774788672
0.14375 1 29423.5584120969
0.145833333333333 1 29743.3458412143
0.147916666666667 1 29935.7676971581
0.15 1 30000
0.152083333333333 1 29935.7676971581
0.154166666666667 1 29743.3458412143
0.15625 1 29423.5584120969
0.158333333333333 1 28977.7747886721
0.160416666666667 1 28407.9038848532
0.1625 1 27716.3859753386
0.164583333333333 1 26906.1822459807
0.166666666666667 1 25980.7621135332
0.16875 1 24944.0883690764
0.170833333333333 1 23800.6002087371
0.172916666666667 1 22555.1942243693
0.175 1 21213.2034355964
0.177083333333333 1 19780.3744530021
0.179166666666667 1 18262.8428702616
0.18125 1 16667.1069905881
0.183333333333333 1 15000
0.185416666666667 1 13268.66070657
0.1875 1 11480.5029709527
0.189583333333333 1 9643.18395909486
0.191666666666667 1 7764.57135307565
0.19375 1 5852.70966048384
0.195833333333333 1 3915.78576660155
0.197916666666667 1 1962.09387690431
0.2 1 -1.92977144680695e-011
0.202083333333333 1 -1962.0938769043
0.204166666666667 1 -3915.78576660154
0.20625 1 -5852.70966048385
0.208333333333333 1 -7764.57135307563
0.210416666666667 1 -9643.18395909484
0.2125 1 -11480.5029709527
0.214583333333333 1 -13268.66070657
0.216666666666667 1 -15000
0.21875 1 -16667.1069905881
0.220833333333333 1 -18262.8428702616
0.222916666666667 1 -19780.3744530021
0.225 1 -21213.2034355964
0.227083333333333 1 -22555.1942243693
0.229166666666667 1 -23800.600208737
0.23125 1 -24944.0883690763
0.233333333333333 1 -25980.7621135332
0.235416666666667 1 -26906.1822459806
0.2375 1 -27716.3859753386
0.239583333333333 1 -28407.9038848532
0.241666666666667 1 -28977.774788672
0.24375 1 -29423.5584120969
0.245833333333333 1 -29743.3458412143
0.247916666666667 1 -29935.7676971581
0.25 1 -30000
0.252083333333333 1 -29935.7676971581
0.254166666666667 1 -29743.3458412143
0.25625 1 -29423.5584120969
0.258333333333333 1 -28977.7747886721
0.260416666666667 1 -28407.9038848532
0.2625 1 -27716.3859753386
0.264583333333333 1 -26906.1822459806
0.266666666666667 1 -25980.7621135332
0.26875 1 -24944.0883690764
0.270833333333333 1 -23800.6002087371
0.272916666666667 1 -22555.1942243694
0.275 1 -21213.2034355964
0.277083333333333 1 -19780.374453002
0.279166666666667 1 -18262.8428702616
0.28125 1 -16667.1069905881
0.283333333333333 1 -15000
0.285416666666667 1 -13268.6607065701
0.2875 1 -11480.5029709527
0.289583333333333 1 -9643.18395909486
0.291666666666667 1 -7764.57135307562
0.29375 1 -5852.70966048384
0.295833333333333 1 -3915.78576660153
0.297916666666667 1 -1962.09387690431
0.3 4 0
0.300694444444444 4 0
0.301388888888889 4 0
0.302083333333333 4 0
0.302777777777778 4 0
0.303472222222222 4 0
0.304166666666667 4 0
0.304861111111111 4 0
0.305555555555556 4 0
0.30625 4 0
0.306944444444444 4 0
0.307638888888889 4 0
0.308333333333333 4 0
0.309027777777778 4 0
0.309722222222222 4 0
0.310416666666667 4 0
0.311111111111111 4 0
0.311805555555556 4 0
0.3125 4 0
0.313194444444444 4 0
0.313888888888889 4 0
0.314583333333333 4 0
0.315277777777778 4 0
0.315972222222222 4 0
0.316666666666667 4 0
0.317361111111111 4 0
0.318055555555556 4 0
0.31875 4 0
0.319444444444444 4 0
0.320138888888889 4 0
0.320833333333333 4 0
0.321527777777778 4 0
0.322222222222222 4 0
0.322916666666667 4 0
0.323611111111111 4 0
0.324305555555556 4 0
0.325 4 0
0.325694444444444 4 0
0.326388888888889 4 0
0.327083333333333 4 0
0.327777777777778 4 0
0.328472222222222 4 0
0.329166666666667 4 0
0.329861111111111 4 0
0.330555555555556 4 0
0.33125 4 0
0.331944444444444 4 0
0.332638888888889 4 0
0.333333333333333 4 0
0.334027777777778 4 0
0.334722222222222 4 0
0.335416666666667 4 0
0.336111111111111 4 0
0.336805555555556 4 0
0.3375 4 0
0.338194444444444 4 0
0.338888888888889 4 0
0.339583333333333 4 0
0.340277777777778 4 0
0.340972222222222 4 0
0.341666666666667 4 0
0.342361111111111 4 0
0.343055555555556 4 0
0.34375 4 0
0.344444444444444 4 0
0.345138888888889 4 0
0.345833333333333 4 0
0.346527777777778 4 0
0.347222222222222 4 0
0.347916666666667 4 0
0.348611111111111 4 0
0.349305555555556 4 0
0.35 4 0
0.350694444444444 4 0
0.351388888888889 4 0
0.352083333333333 4 0
0.352777777777778 4 0
0.353472222222222 4 0
0.354166666666667 4 0
0.354861111111111 4 0
0.355555555555556 4 0
0.35625 4 0
0.356944444444444 4 0
0.357638888888889 4 0
0.358333333333333 4 0
0.359027777777778 4 0
0.359722222222222 4 0
0.360416666666667 4 0
0.361111111111111 4 0
0.361805555555556 4 0
0.3625 4 0
0.363194444444444 4 0
0.363888888888889 4 0
0.364583333333333 4 0
0.365277777777778 4 0
0.365972222222222 4 0
0.366666666666667 4 0
0.367361111111111 4 0
0.368055555555556 4 0
0.36875 4 0
0.369444444444444 4 0
0.370138888888889 4 0
0.370833333333333 4 0
0.371527777777778 4 0
0.372222222222222 4 0
0.372916666666667 4 0
0.373611111111111 4 0
0.374305555555556 4 0
0.375 4 0
0.375694444444444 4 0
0.376388888888889 4 0
0.377083333333333 4 0
0.377777777777778 4 0
0.378472222222222 4 0
0.379166666666667 4 0
0.379861111111111 4 0
0.380555555555556 4 0
0.38125 4 0
0.381944444444444 4 0
0.382638888888889 4 0
0.383333333333333 4 0
0.384027777777778 4 0
0.384722222222222 4 0
0.385416666666667 4 0
0.386111111111111 4 0
0.386805555555556 4 0
0.3875 4 0
0.388194444444444 4 0
0.388888888888889 4 0
0.389583333333333 4 0
0.390277777777778 4 0
0.390972222222222 4 0
0.391666666666667 4 0
0.392361111111111 4 0
0.393055555555556 4 0
0.39375 4 0
0.394444444444444 4 0
0.395138888888889 4 0
0.395833333333333 4 0
0.396527777777778 4 0
0.397222222222222 4 0
0.397916666666667 4 0
0.398611111111111 4 0
0.399305555555556 4 0
0.4 4 0
0.400694444444444 4 0
0.401388888888889 4 0
0.402083333333333 4 0
0.402777777777778 4 0
0.403472222222222 4 0
0.404166666666667 4 0
0.404861111111111 4 0
0.405555555555556 4 0
0.40625 4 0
0.406944444444444 4 0
0.407638888888889 4 0
0.408333333333333 4 0
0.409027777777778 4 0
0.409722222222222 4 0
0.410416666666667 4 0
0.411111111111111 4 0
0.411805555555556 4 0
0.4125 4 0
0.413194444444444 4 0
0.413888888888889 4 0
0.414583333333333 4 0
0.415277777777778 4 0
0.415972222222222 4 0
0.416666666666667 4 0
0.417361111111111 4 0
0.418055555555556 4 0
0.41875 4 0
0.419444444444444 4 0
0.420138888888889 4 0
0.420833333333333 4 0
0.421527777777778 4 0
0.422222222222222 4 0
0.422916666666667 4 0
0.423611111111111 4 0
0.424305555555556 4 0
0.425 4 0
0.425694444444444 4 0
0.426388888888889 4 0
0.427083333333333 4 0
0.427777777777778 4 0
0.428472222222222 4 0
0.429166666666667 4 0
0.429861111111111 4 0
0.430555555555556 4 0
0.43125 4 0
0.431944444444444 4 0
0.432638888888889 4 0
0.433333333333333 4 0
0.434027777777778 4 0
0.434722222222222 4 0
0.435416666666667 4 0
0.436111111111111 4 0
0.436805555555556 4 0
0.4375 4 0
0.438194444444444 4 0
0.438888888888889 4 0
0.439583333333333 4 0
0.440277777777778 4 0
0.440972222222222 4 0
0.441666666666667 4 0
0.442361111111111 4 0
0.443055555555556 4 0
0.44375 4 0
0.444444444444444 4 0
0.445138888888889 4 0
0.445833333333333 4 0
0.446527777777778 4 0
0.447222222222222 4 0
0.447916666666667 4 0
0.448611111111111 4 0
0.449305555555556 4 0
0.45 4 0
0.450694444444444 4 0
0.451388888888889 4 0
0.452083333333333 4 0
0.452777777777778 4 0
0.453472222222222 4 0
0.454166666666667 4 0
0.454861111111111 4 0
0.455555555555556 4 0
0.45625 4 0
0.456944444444444 4 0
0.457638888888889 4 0
0.458333333333333 4 0
0.459027777777778 4 0
0.459722222222222 4 0
0.460416666666667 4 0
0.461111111111111 4 0
0.461805555555556 4 0
0.4625 4 0
0.463194444444444 4 0
0.463888888888889 4 0
0.464583333333333 4 0
0.465277777777778 4 0
0.465972222222222 4 0
0.466666666666667 4 0
0.467361111111111 4 0
0.468055555555556 4 0
0.46875 4 0
0.469444444444444 4 0
0.470138888888889 4 0
0.470833333333333 4 0
0.471527777777778 4 0
0.472222222222222 4 0
0.472916666666667 4 0
0.473611111111111 4 0
0.474305555555556 4 0
0.475 4 0
0.475694444444444 4 0
0.476388888888889 4 0
0.477083333333333 4 0
0.477777777777778 4 0
0.478472222222222 4 0
0.479166666666667 4 0
0.479861111111111 4 0
0.480555555555556 4 0
0.48125 4 0
0.481944444444444 4 0
0.482638888888889 4 0
0.483333333333333 4 0
0.484027777777778 4 0
0.484722222222222 4 0
0.485416666666667 4 0
0.486111111111111 4 0
0.486805555555556 4 0
0.4875 4 0
0.488194444444444 4 0
0.488888888888889 4 0
0.489583333333333 4 0
0.490277777777778 4 0
0.490972222222222 4 0
0.491666666666667 4 0
0.492361111111111 4 0
0.493055555555556 4 0
0.49375 4 0
0.494444444444444 4 0
0.495138888888889 4 0
0.495833333333333 4 0
0.496527777777778 4 0
0.497222222222222 4 0
0.497916666666667 4 0
0.498611111111111 4 0
0.499305555555556 4 0
0.5 4 0
