0.00015 -0 -0
0.00045 -0.0282739153097585 -0.0282739153097585
0.00075 -0.118745923600727 -0.118745923600727
0.00105 -0.266557874700387 -0.266557874700387
0.00135 -0.471154070093386 -0.471154070093386
0.00165 -0.732364467144938 -0.732364467144938
0.00195 -1.05010338861196 -1.05010338861196
0.00225 -1.42430926748223 -1.42430926748223
0.00255 -1.85492692698593 -1.85492692698593
0.00285 -2.34190105506589 -2.34190105506589
0.00315 -2.88517341061834 -2.88517341061834
0.00345 -3.48468149023044 -3.48468149023044
0.00375 -4.14035783781704 -4.14035783781704
0.00405 -4.85212966414868 -4.85212966414868
0.00435 -5.61991862734127 -5.61991862734127
0.00465 -6.44364070088462 -6.44364070088462
0.00495 -7.32320609368268 -7.32320609368268
0.00525 -8.2585192001261 -8.2585192001261
0.00555 -9.24947856987046 -9.24947856987046
0.00585 -10.2959768909727 -10.2959768909727
0.00615 -11.3979009796594 -11.3979009796594
0.00645 -12.5551317785266 -12.5551317785266
0.00675 -13.7675443572031 -13.7675443572031
0.00705 -15.0350079163294 -15.0350079163294
0.00735 -16.3573857948525 -16.3573857948525
0.00765 -17.734535478553 -17.734535478553
0.00795 -19.1663086102759 -19.1663086102759
0.00825 -20.6525510010162 -20.6525510010162
0.00855 -22.1931026433708 -22.1931026433708
0.00885 -23.7877977242344 -23.7877977242344
0.00915 -25.4364646398623 -25.4364646398623
0.00945 -27.1389260112187 -27.1389260112187
0.00975 -28.8949986994188 -28.8949986994188
0.01005 -30.7044938230661 -30.7044938230661
0.01035 -32.5672167752108 -32.5672167752108
0.01065 -34.4829672422028 -34.4829672422028
0.01095 -36.4515392211236 -36.4515392211236
0.01125 -38.4727210404397 -38.4727210404397
0.01155 -40.5462953786658 -40.5462953786658
0.01185 -42.6720392859655 -42.6720392859655
0.01215 -44.8497242043307 -44.8497242043307
0.01245 -47.0791159896559 -47.0791159896559
0.01275 -49.3599749339069 -49.3599749339069
0.01305 -51.6920557872898 -51.6920557872898
0.01335 -54.0751077827887 -54.0751077827887
0.01365 -56.5088746583342 -56.5088746583342
0.01395 -58.9930946824779 -58.9930946824779
0.01425 -61.5275006789299 -61.5275006789299
0.01455 -64.1118200513802 -64.1118200513802
0.01485 -66.7457748102152 -66.7457748102152
0.01515 -69.4290815988552 -69.4290815988552
0.01545 -72.1614517201867 -72.1614517201867
0.01575 -74.9425911647942 -74.9425911647942
0.01605 -77.7722006383404 -77.7722006383404
0.01635 -80.6499755905558 -80.6499755905558
0.01665 -83.5756062442291 -83.5756062442291
0.01695 -86.548777624292 -86.548777624292
0.01725 -89.5691695883253 -89.5691695883253
0.01755 -92.6364568569701 -92.6364568569701
0.01785 -95.7503090449071 -95.7503090449071
0.01815 -98.9103906923106 -98.9103906923106
0.01845 -102.11636129687 -102.11636129687
0.01875 -105.367875346379 -105.367875346379
0.01905 -108.664582351707 -108.664582351707
0.01935 -112.006126880052 -112.006126880052
0.01965 -115.392148588853 -115.392148588853
0.01995 -118.822282260661 -118.822282260661
0.02025 -122.29615783743 -122.29615783743
0.02055 -125.813400455949 -125.813400455949
0.02085 -129.37363048394 -129.37363048394
0.02115 -132.976463555963 -132.976463555963
0.02145 -136.621510610079 -136.621510610079
0.02175 -140.308377925749 -140.308377925749
0.02205 -144.036667160208 -144.036667160208
0.02235 -147.805975387314 -147.805975387314
0.02265 -151.615895135819 -151.615895135819
0.02295 -155.466014428593 -155.466014428593
0.02325 -159.355916821558 -159.355916821558
0.02355 -163.28518144339 -163.28518144339
0.02385 -167.253383036154 -167.253383036154
0.02415 -171.260091995862 -171.260091995862
0.02445 -175.304874413105 -175.304874413105
0.02475 -179.387292115223 -179.387292115223
0.02505 -183.506902707222 -183.506902707222
0.02535 -187.663259615078 -187.663259615078
0.0256500000000001 -191.855912127797 -191.855912127797
0.0259500000000001 -196.084405440331 -196.084405440331
0.0262500000000001 -200.348280698108 -200.348280698108
0.0265500000000001 -204.647075039759 -204.647075039759
0.0268500000000001 -208.980321641453 -208.980321641453
0.0271500000000001 -213.347549762375 -213.347549762375
0.0274500000000001 -217.748284789063 -217.748284789063
0.0277500000000001 -222.182048281259 -222.182048281259
0.0280500000000001 -226.648358017295 -226.648358017295
0.0283500000000001 -231.146728039941 -231.146728039941
0.0286500000000001 -235.676668703775 -235.676668703775
0.0289500000000001 -240.237686721514 -240.237686721514
0.0292500000000001 -244.829285211191 -244.829285211191
0.0295500000000001 -249.450963744096 -249.450963744096
0.0298500000000001 -254.102218391855 -254.102218391855
0.0301500000000001 -258.782541775607 -258.782541775607
0.0304500000000001 -263.491423114033 -263.491423114033
0.0307500000000001 -268.228348272525 -268.228348272525
0.0310500000000001 -272.992799812452 -272.992799812452
0.0313500000000001 -277.784257040044 -277.784257040044
0.0316500000000001 -282.602196057364 -282.602196057364
0.0319500000000001 -287.446089811472 -287.446089811472
0.0322500000000001 -292.315408146067 -292.315408146067
0.0325500000000001 -297.209617851119 -297.209617851119
0.0328500000000001 -302.128182714417 -302.128182714417
0.0331500000000001 -307.070563573196 -307.070563573196
0.0334500000000001 -312.036218365582 -312.036218365582
0.0337500000000001 -317.024602182793 -317.024602182793
0.0340500000000001 -322.035167321246 -322.035167321246
0.0343500000000001 -327.067363334569 -327.067363334569
0.0346500000000001 -332.120637087504 -332.120637087504
0.0349500000000001 -337.194432808114 -337.194432808114
0.0352500000000001 -342.288192141211 -342.288192141211
0.0355500000000001 -347.401354202456 -347.401354202456
0.0358500000000001 -352.533355631408 -352.533355631408
0.0361500000000001 -357.683630646193 -357.683630646193
0.0364500000000001 -362.851611097786 -362.851611097786
0.0367500000000001 -368.036726524016 -368.036726524016
0.0370500000000001 -373.238404205267 -373.238404205267
0.0373500000000001 -378.456069218582 -378.456069218582
0.0376500000000001 -383.689144493076 -383.689144493076
0.0379500000000001 -388.937050866218 -388.937050866218
0.0382500000000001 -394.199207138115 -394.199207138115
0.0385500000000001 -399.475030129111 -399.475030129111
0.0388500000000001 -404.763934733789 -404.763934733789
0.0391500000000001 -410.065333978859 -410.065333978859
0.0394500000000001 -415.378639078957 -415.378639078957
0.0397500000000001 -420.703259493204 -420.703259493204
0.0400500000000001 -426.038602982336 -426.038602982336
0.0403500000000001 -431.384075665164 -431.384075665164
0.0406500000000001 -436.739082076466 -436.739082076466
0.0409500000000001 -442.10302522392 -442.10302522392
0.0412500000000001 -447.47530664542 -447.47530664542
0.0415500000000001 -452.855326466496 -452.855326466496
0.0418500000000001 -458.242483459136 -458.242483459136
0.0421500000000001 -463.636175098543 -463.636175098543
0.0424500000000001 -469.035797621776 -469.035797621776
0.0427500000000001 -474.440746085728 -474.440746085728
0.0430500000000001 -479.850414425679 -479.850414425679
0.0433500000000002 -485.264195513366 -485.264195513366
0.0436500000000001 -490.681481215726 -490.681481215726
0.0439500000000002 -496.10166245382 -496.10166245382
0.0442500000000002 -501.524129261005 -501.524129261005
0.0445500000000002 -506.948270842145 -506.948270842145
0.0448500000000002 -512.373475632918 -512.373475632918
0.0451500000000002 -517.79913135808 -517.79913135808
0.0454500000000002 -523.224625091056 -523.224625091056
0.0457500000000002 -528.649343313058 -528.649343313058
0.0460500000000002 -534.072671972297 -534.072671972297
0.0463500000000002 -539.493996543475 -539.493996543475
0.0466500000000002 -544.912702087004 -544.912702087004
0.0469500000000002 -550.32817330859 -550.32817330859
0.0472500000000002 -555.739794618641 -555.739794618641
0.0475500000000002 -561.146950191945 -561.146950191945
0.0478500000000002 -566.549024027078 -566.549024027078
0.0481500000000002 -571.945400006086 -571.945400006086
0.0484500000000002 -577.335461954173 -577.335461954173
0.0487500000000002 -582.718593699383 -582.718593699383
0.0490500000000002 -588.094179132383 -588.094179132383
0.0493500000000002 -593.461602265487 -593.461602265487
0.0496500000000002 -598.82024729338 -598.82024729338
0.0499500000000002 -604.169498652235 -604.169498652235
0.0502500000000002 -609.508741079405 -609.508741079405
0.0505500000000002 -614.837359673099 -614.837359673099
0.0508500000000002 -620.154739952549 -620.154739952549
0.0511500000000002 -625.460267916651 -625.460267916651
0.0514500000000002 -630.753330104691 -630.753330104691
0.0517500000000002 -636.033313654991 -636.033313654991
0.0520500000000002 -641.299606365067 -641.299606365067
0.0523500000000002 -646.55159675084 -646.55159675084
0.0526500000000002 -651.788674106323 -651.788674106323
0.0529500000000002 -657.010228562645 -657.010228562645
0.0532500000000002 -662.215651147638 -662.215651147638
0.0535500000000002 -667.404333845146 -667.404333845146
0.0538500000000002 -672.575669654047 -672.575669654047
0.0541500000000002 -677.729052647559 -677.729052647559
0.0544500000000002 -682.863878031981 -682.863878031981
0.0547500000000002 -687.97954220571 -687.97954220571
0.0550500000000002 -693.075442818459 -693.075442818459
0.0553500000000002 -698.150978829517 -698.150978829517
0.0556500000000002 -703.205550566774 -703.205550566774
0.0559500000000002 -708.238559784794 -708.238559784794
0.0562500000000002 -713.249409723839 -713.249409723839
0.0565500000000002 -718.23750516766 -718.23750516766
0.0568500000000002 -723.202252502044 -723.202252502044
0.0571500000000002 -728.143059772322 -728.143059772322
0.0574500000000002 -733.059336741822 -733.059336741822
0.0577500000000002 -737.950494949378 -737.950494949378
0.0580500000000002 -742.815947766739 -742.815947766739
0.0583500000000002 -747.655110456549 -747.655110456549
0.0586500000000002 -752.467400229288 -752.467400229288
0.0589500000000002 -757.252236300114 -757.252236300114
0.0592500000000002 -762.009039946558 -762.009039946558
0.0595500000000002 -766.737234564611 -766.737234564611
0.0598500000000002 -771.436245725946 -771.436245725946
0.0601500000000002 -776.105501233531 -776.105501233531
0.0604500000000002 -780.744431178846 -780.744431178846
0.0607500000000002 -785.352467996934 -785.352467996934
0.0610500000000002 -789.929046523052 -789.929046523052
0.0613500000000003 -794.473604047615 -794.473604047615
0.0616500000000002 -798.985580372194 -798.985580372194
0.0619500000000003 -803.464417864367 -803.464417864367
0.0622500000000002 -807.909561512664 -807.909561512664
0.0625500000000003 -812.320458981333 -812.320458981333
0.0628500000000003 -816.696560665283 -816.696560665283
0.0631500000000002 -821.037319743994 -821.037319743994
0.0634500000000002 -825.342192235231 -825.342192235231
0.0637500000000002 -829.610637049143 -829.610637049143
0.0640500000000002 -833.842116042073 -833.842116042073
0.0643500000000002 -838.036094069613 -838.036094069613
0.0646500000000002 -842.192039038992 -842.192039038992
0.0649500000000002 -846.309421963364 -846.309421963364
0.0652500000000002 -850.387717012495 -850.387717012495
0.0655500000000002 -854.426401565813 -854.426401565813
0.0658500000000002 -858.424956264798 -858.424956264798
0.0661500000000002 -862.38286506358 -862.38286506358
0.0664500000000002 -866.299615281321 -866.299615281321
0.0667500000000002 -870.174697651957 -870.174697651957
0.0670500000000002 -874.0076063764 -874.0076063764
0.0673500000000002 -877.797839171706 -877.797839171706
0.0676500000000002 -881.544897322044 -881.544897322044
0.0679500000000002 -885.248285728058 -885.248285728058
0.0682500000000002 -888.907512956507 -888.907512956507
0.0685500000000002 -892.522091289247 -892.522091289247
0.0688500000000001 -896.091536772114 -896.091536772114
0.0691500000000001 -899.615369264097 -899.615369264097
0.0694500000000001 -903.093112484044 -903.093112484044
0.0697500000000001 -906.524294059921 -906.524294059921
0.0700500000000001 -909.908445575146 -909.908445575146
0.0703500000000001 -913.245102616713 -913.245102616713
0.0706500000000001 -916.533804821048 -916.533804821048
0.0709500000000001 -919.774095920711 -919.774095920711
0.0712500000000001 -922.965523791106 -922.965523791106
0.0715500000000001 -926.10764049463 -926.10764049463
0.0718500000000001 -929.200002327567 -929.200002327567
0.0721500000000001 -932.242169863855 -932.242169863855
0.0724500000000001 -935.233708000093 -935.233708000093
0.0727500000000001 -938.174185999401 -938.174185999401
0.0730500000000001 -941.063177536042 -941.063177536042
0.0733500000000001 -943.90026073692 -943.90026073692
0.0736500000000001 -946.685018226674 -946.685018226674
0.0739500000000001 -949.417037168701 -949.417037168701
0.0742500000000001 -952.095909308165 -952.095909308165
0.07455 -954.72123101293 -954.72123101293
0.07485 -957.292603315428 -957.292603315428
0.07515 -959.809631953685 -959.809631953685
0.07545 -962.27192741092 -962.27192741092
0.07575 -964.679104956569 -964.679104956569
0.07605 -967.030784685695 -967.030784685695
0.07635 -969.326591557357 -969.326591557357
0.07665 -971.566155434497 -971.566155434497
0.07695 -973.74911112136 -973.74911112136
0.07725 -975.875098401862 -975.875098401862
0.07755 -977.943762076923 -977.943762076923
0.07785 -979.954752000746 -979.954752000746
0.07815 -981.907723118146 -981.907723118146
0.07845 -983.802335500078 -983.802335500078
0.07875 -985.638254379448 -985.638254379448
0.07905 -987.41515018645 -987.41515018645
0.07935 -989.132698582485 -989.132698582485
0.07965 -990.790580495116 -990.790580495116
0.07995 -992.388482150943 -992.388482150943
0.0802499999999999 -993.926095109525 -993.926095109525
0.0805499999999999 -995.403116295298 -995.403116295298
0.0808499999999999 -996.819248030647 -996.819248030647
0.0811499999999999 -998.174198067356 -998.174198067356
0.0814499999999999 -999.467679617775 -999.467679617775
0.0817499999999999 -1000.69941138514 -1000.69941138514
0.0820499999999999 -1001.86911759484 -1001.86911759484
0.0823499999999999 -1002.9765280233 -1002.9765280233
0.0826499999999999 -1004.02137802737 -1004.02137802737
0.0829499999999999 -1005.00340857328 -1005.00340857328
0.0832499999999999 -1005.92236626521 -1005.92236626521
0.0835499999999999 -1006.77800337233 -1006.77800337233
0.0838499999999999 -1007.57007785622 -1007.57007785622
0.0841499999999999 -1008.29835339776 -1008.29835339776
0.0844499999999999 -1008.96259942279 -1008.96259942279
0.0847499999999999 -1009.56259112868 -1009.56259112868
0.0850499999999999 -1010.09810950832 -1010.09810950832
0.0853499999999999 -1010.5689413759 -1010.5689413759
0.0856499999999999 -1010.9748793901 -1010.9748793901
0.0859499999999998 -1011.31572207777 -1011.31572207777
0.0862499999999998 -1011.5912738569 -1011.5912738569
0.0865499999999998 -1011.80134505957 -1011.80134505957
0.0868499999999998 -1011.94575195308 -1011.94575195308
0.0871499999999998 -1012.02431676237 -1012.02431676237
0.0874499999999998 -1012.03686768969 -1012.03686768969
0.0877499999999998 -1011.98323893556 -1011.98323893556
0.0880499999999998 -1011.86327071853 -1011.86327071853
0.0883499999999998 -1011.67680929374 -1011.67680929374
0.0886499999999998 -1011.4237069728 -1011.4237069728
0.0889499999999998 -1011.10382214036 -1011.10382214036
0.0892499999999998 -1010.71701927301 -1010.71701927301
0.0895499999999998 -1010.26316895513 -1010.26316895513
0.0898499999999998 -1009.7421478963 -1009.7421478963
0.0901499999999998 -1009.15383894602 -1009.15383894602
0.0904499999999998 -1008.49813111012 -1008.49813111012
0.0907499999999998 -1007.77491956497 -1007.77491956497
0.0910499999999998 -1006.98410567134 -1006.98410567134
0.0913499999999998 -1006.12559698893 -1006.12559698893
0.0916499999999997 -1005.19930728827 -1005.19930728827
0.0919499999999997 -1004.20515656396 -1004.20515656396
0.0922499999999997 -1003.14307104602 -1003.14307104602
0.0925499999999997 -1002.01298321205 -1002.01298321205
0.0928499999999997 -1000.81483179688 -1000.81483179688
0.0931499999999997 -999.54856180356 -999.54856180356
0.0934499999999997 -998.214124512913 -998.214124512913
0.0937499999999997 -996.811477491804 -996.811477491804
0.0940499999999997 -995.340584602313 -995.340584602313
0.0943499999999997 -993.801416009319 -993.801416009319
0.0946499999999997 -992.1939481877 -992.1939481877
0.0949499999999997 -990.518163929721 -990.518163929721
0.0952499999999997 -988.774052350342 -988.774052350342
0.0955499999999997 -986.961608892993 -986.961608892993
0.0958499999999997 -985.080835334316 -985.080835334316
0.0961499999999997 -983.131739789087 -983.131739789087
0.0964499999999997 -981.114336713821 -981.114336713821
0.0967499999999997 -979.028646909607 -979.028646909607
0.0970499999999997 -976.874697525242 -976.874697525242
0.0973499999999996 -974.652522059311 -974.652522059311
0.0976499999999996 -972.362160360471 -972.362160360471
0.0979499999999996 -970.003658629916 -970.003658629916
0.0982499999999996 -967.577069420808 -967.577069420808
0.0985499999999996 -965.082451638087 -965.082451638087
0.0988499999999996 -962.519870537998 -962.519870537998
0.0991499999999996 -959.889397725628 -959.889397725628
0.0994499999999996 -957.191111154051 -957.191111154051
0.0997499999999996 -954.425095120447 -954.425095120447
0.10005 -951.59144026411 -951.59144026411
0.10035 -948.690243561903 -948.690243561903
0.10065 -945.721608323898 -945.721608323898
0.10095 -942.685644188733 -942.685644188733
0.10125 -939.582467117361 -939.582467117361
0.10155 -936.412199387651 -936.412199387651
0.10185 -933.174969587185 -933.174969587185
0.10215 -929.870912606248 -929.870912606248
0.10245 -926.500169629397 -926.500169629397
0.10275 -923.062888127883 -923.062888127883
0.10305 -919.559221849321 -919.559221849321
0.10335 -915.989330809358 -915.989330809358
0.10365 -912.353381280203 -912.353381280203
0.10395 -908.651545780591 -908.651545780591
0.10425 -904.884003064315 -904.884003064315
0.10455 -901.050938108294 -901.050938108294
0.10485 -897.152542099301 -897.152542099301
0.10515 -893.189012422132 -893.189012422132
0.10545 -889.160552644626 -889.160552644626
0.105749999999999 -885.067372503462 -885.067372503462
0.106049999999999 -880.909687891081 -880.909687891081
0.106349999999999 -876.687720837405 -876.687720837405
0.106649999999999 -872.401699496379 -872.401699496379
0.106949999999999 -868.051858128354 -868.051858128354
0.107249999999999 -863.638437082746 -863.638437082746
0.107549999999999 -859.16168278042 -859.16168278042
0.107849999999999 -854.621847695683 -854.621847695683
0.108149999999999 -850.019190337529 -850.019190337529
0.108449999999999 -845.353975229841 -845.353975229841
0.108749999999999 -840.62647289187 -840.62647289187
0.109049999999999 -835.836959817489 -835.836959817489
0.109349999999999 -830.985718454163 -830.985718454163
0.109649999999999 -826.073037180682 -826.073037180682
0.109949999999999 -821.099210286699 -821.099210286699
0.110249999999999 -816.064537948099 -816.064537948099
0.110549999999999 -810.969326204922 -810.969326204922
0.110849999999999 -805.813886936827 -805.813886936827
0.111149999999999 -800.598537839126 -800.598537839126
0.111449999999999 -795.323602397768 -795.323602397768
0.111749999999999 -789.989409863855 -789.989409863855
0.112049999999999 -784.596295227592 -784.596295227592
0.112349999999999 -779.144599192137 -779.144599192137
0.112649999999999 -773.634668145462 -773.634668145462
0.112949999999999 -768.066854134209 -768.066854134209
0.113249999999999 -762.441514834317 -762.441514834317
0.113549999999999 -756.75901352336 -756.75901352336
0.113849999999999 -751.019719050135 -751.019719050135
0.114149999999999 -745.224005806051 -745.224005806051
0.114449999999999 -739.372253694247 -739.372253694247
0.114749999999999 -733.464848099648 -733.464848099648
0.115049999999999 -727.502179856477 -727.502179856477
0.115349999999999 -721.484645217269 -721.484645217269
0.115649999999999 -715.412645820474 -715.412645820474
0.115949999999999 -709.286588657581 -709.286588657581
0.116249999999999 -703.106886039772 -703.106886039772
0.116549999999999 -696.87395556438 -696.87395556438
0.116849999999999 -690.588220080125 -690.588220080125
0.117149999999999 -684.250107652436 -684.250107652436
0.117449999999999 -677.860051528588 -677.860051528588
0.117749999999999 -671.418490101417 -671.418490101417
0.118049999999999 -664.925866873034 -664.925866873034
0.118349999999999 -658.382630418638 -658.382630418638
0.118649999999999 -651.789234348712 -651.789234348712
0.118949999999999 -645.146137271221 -645.146137271221
0.119249999999999 -638.453802754005 -638.453802754005
0.119549999999999 -631.712699286027 -631.712699286027
0.119849999999999 -624.923300237299 -624.923300237299
0.120149999999999 -618.086083820515 -618.086083820515
0.120449999999999 -611.201533050784 -611.201533050784
0.120749999999999 -604.270135704326 -604.270135704326
0.121049999999999 -597.292384278395 -597.292384278395
0.121349999999999 -590.268775948933 -590.268775948933
0.121649999999999 -583.199812530116 -583.199812530116
0.121949999999999 -576.086000430583 -576.086000430583
0.122249999999999 -568.927850611753 -568.927850611753
0.122549999999999 -561.725878544053 -561.725878544053
0.122849999999999 -554.480604163625 -554.480604163625
0.123149999999999 -547.192551827891 -547.192551827891
0.123449999999999 -539.862250271691 -539.862250271691
0.123749999999999 -532.490232562187 -532.490232562187
0.124049999999999 -525.077036053195 -525.077036053195
0.124349999999999 -517.623202340379 -517.623202340379
0.124649999999999 -510.129277214067 -510.129277214067
0.124949999999999 -502.59581061321 -502.59581061321
0.125249999999999 -495.023356578675 -495.023356578675
0.125549999999999 -487.412473205779 -487.412473205779
0.125849999999999 -479.763722596734 -479.763722596734
0.126149999999999 -472.077670811946 -472.077670811946
0.126449999999999 -464.354887822841 -464.354887822841
0.126749999999999 -456.595947461551 -456.595947461551
0.127049999999999 -448.801427372321 -448.801427372321
0.127349999999999 -440.97190896224 -440.97190896224
0.127649999999999 -433.107977351028 -433.107977351028
0.127949999999999 -425.21022132064 -425.21022132064
0.128249999999999 -417.279233264765 -417.279233264765
0.128549999999999 -409.315609137479 -409.315609137479
0.128849999999999 -401.319948402185 -401.319948402185
0.129149999999999 -393.292853980161 -393.292853980161
0.129449999999999 -385.234932197515 -385.234932197515
0.129749999999999 -377.146792733925 -377.146792733925
0.130049999999999 -369.029048569492 -369.029048569492
0.130349999999999 -360.882315931595 -360.882315931595
0.130649999999999 -352.707214241832 -352.707214241832
0.130949999999999 -344.504366061832 -344.504366061832
0.131249999999999 -336.274397039347 -336.274397039347
0.131549999999999 -328.017935854916 -328.017935854916
0.131849999999999 -319.735614165969 -319.735614165969
0.132149999999999 -311.428066552916 -311.428066552916
0.132449999999999 -303.095930463636 -303.095930463636
0.132749999999999 -294.739846157957 -294.739846157957
0.133049999999999 -286.360456651475 -286.360456651475
0.133349999999999 -277.958407660795 -277.958407660795
0.133649999999999 -269.534347545838 -269.534347545838
0.133949999999999 -261.08892725432 -261.08892725432
0.134249999999999 -252.622800264627 -252.622800264627
0.134549999999999 -244.136622528401 -244.136622528401
0.134849999999999 -235.631052413415 -235.631052413415
0.135149999999999 -227.106750646252 -227.106750646252
0.135449999999999 -218.564380254615 -218.564380254615
0.135749999999999 -210.004606508771 -210.004606508771
0.136049999999999 -201.428096863386 -201.428096863386
0.136349999999999 -192.83552089945 -192.83552089945
0.136649999999999 -184.227550264969 -184.227550264969
0.136949999999999 -175.604858616794 -175.604858616794
0.137249999999999 -166.968121560463 -166.968121560463
0.137549999999999 -158.318016592223 -158.318016592223
0.137849999999999 -149.655223037826 -149.655223037826
0.138149999999999 -140.980421994451 -140.980421994451
0.138449999999999 -132.294296269796 -132.294296269796
0.138749999999999 -123.597530322096 -123.597530322096
0.139049999999999 -114.890810199787 -114.890810199787
0.139349999999999 -106.174823481335 -106.174823481335
0.139649999999999 -97.4502592148004 -97.4502592148004
0.139949999999999 -88.7178078566346 -88.7178078566346
0.140249999999999 -79.9781612104766 -79.9781612104766
0.140549999999999 -71.2320123669012 -71.2320123669012
0.140849999999999 -62.4800556415532 -62.4800556415532
0.141149999999999 -53.7229865139466 -53.7229865139466
0.141449999999999 -44.9615015663577 -44.9615015663577
0.141749999999999 -36.1962984213922 -36.1962984213922
0.142049999999999 -27.4280756808783 -27.4280756808783
0.142349999999999 -18.6575328640023 -18.6575328640023
0.142649999999999 -9.88537034468588 -9.88537034468588
0.142949999999999 -1.11228929019565 -1.11228929019565
0.143249999999999 7.66100840129032 7.66100840129032
0.143549999999999 16.4338201630206 16.4338201630206
0.143849999999999 25.205442821914 25.205442821914
0.144149999999999 33.9751726609923 33.9751726609923
0.144449999999999 42.7423054822877 42.7423054822877
0.144749999999999 51.5061366690854 51.5061366690854
0.145049999999999 60.265961248452 60.265961248452
0.145349999999999 69.0210739543318 69.0210739543318
0.145649999999999 77.7707692899791 77.7707692899791
0.145949999999999 86.5143415914342 86.5143415914342
0.146249999999999 95.2510850895768 95.2510850895768
0.146549999999999 103.980293973412 103.980293973412
0.146849999999999 112.701262453546 112.701262453546
0.147149999999999 121.41328482367 121.41328482367
0.147449999999999 130.115655525647 130.115655525647
0.147749999999999 138.807669210337 138.807669210337
0.148049999999999 147.488620802676 147.488620802676
0.148349999999999 156.157805563074 156.157805563074
0.148649999999999 164.814519151169 164.814519151169
0.148949999999999 173.458057689212 173.458057689212
0.149249999999999 182.087717824023 182.087717824023
0.149549999999999 190.70279679094 190.70279679094
0.149849999999999 199.302592476063 199.302592476063
0.150149999999999 207.886403480112 207.886403480112
0.150449999999999 216.45352918019 216.45352918019
0.150749999999999 225.003269793736 225.003269793736
0.151049999999999 233.534926440295 233.534926440295
0.151349999999999 242.04780120499 242.04780120499
0.151649999999999 250.541197201244 250.541197201244
0.151949999999999 259.014418632546 259.014418632546
0.152249999999999 267.466770856591 267.466770856591
0.152549999999999 275.897560445723 275.897560445723
0.152849999999999 284.306095251263 284.306095251263
0.153149999999999 292.691684464804 292.691684464804
0.153449999999999 301.053638680363 301.053638680363
0.153749999999999 309.391269957189 309.391269957189
0.154049999999999 317.703891881062 317.703891881062
0.154349999999999 325.99081962663 325.99081962663
0.154649999999999 334.251370019463 334.251370019463
0.154949999999999 342.484861596783 342.484861596783
0.155249999999999 350.690614670081 350.690614670081
0.155549999999999 358.867951386136 358.867951386136
0.155849999999999 367.016195787831 367.016195787831
0.156149999999999 375.134673876119 375.134673876119
0.156449999999999 383.222713670553 383.222713670553
0.156749999999999 391.279645269928 391.279645269928
0.157049999999999 399.304800913759 399.304800913759
0.157349999999999 407.297515041876 407.297515041876
0.157649999999999 415.257124355245 415.257124355245
0.157949999999999 423.18296787613 423.18296787613
0.158249999999999 431.074387008058 431.074387008058
0.158549999999999 438.930725595412 438.930725595412
0.158849999999999 446.75132998331 446.75132998331
0.159149999999999 454.535549076904 454.535549076904
0.159449999999999 462.282734400503 462.282734400503
0.159749999999999 469.992240157069 469.992240157069
0.160049999999999 477.663423286382 477.663423286382
0.160349999999999 485.29564352369 485.29564352369
0.160649999999999 492.888263458534 492.888263458534
0.160949999999999 500.44064859236 500.44064859236
0.161249999999999 507.952167396487 507.952167396487
0.161549999999999 515.422191370002 515.422191370002
0.161849999999998 522.85009509698 522.85009509698
0.162149999999999 530.235256303608 530.235256303608
0.162449999999998 537.577055915032 537.577055915032
0.162749999999999 544.874878112012 544.874878112012
0.163049999999998 552.128110387666 552.128110387666
0.163349999999998 559.336143602422 559.336143602422
0.163649999999998 566.498372041432 566.498372041432
0.163949999999998 573.614193469041 573.614193469041
0.164249999999998 580.683009184308 580.683009184308
0.164549999999998 587.70422407548 587.70422407548
0.164849999999998 594.677246675796 594.677246675796
0.165149999999998 601.601489216534 601.601489216534
0.165449999999998 608.476367681969 608.476367681969
0.165749999999998 615.301301862511 615.301301862511
0.166049999999998 622.075715408433 622.075715408433
0.166349999999998 628.799035883295 628.799035883295
0.166649999999998 635.470694815676 635.470694815676
0.166949999999998 642.090127752795 642.090127752795
0.167249999999998 648.656774311576 648.656774311576
0.167549999999998 655.170078231511 655.170078231511
0.167849999999998 661.629487424686 661.629487424686
0.168149999999998 668.034454028543 668.034454028543
0.168449999999998 674.38443445487 674.38443445487
0.168749999999998 680.678889441235 680.678889441235
0.169049999999998 686.91728410054 686.91728410054
0.169349999999998 693.099087970855 693.099087970855
0.169649999999998 699.223775064297 699.223775064297
0.169949999999998 705.290823916585 705.290823916585
0.170249999999998 711.299717634688 711.299717634688
0.170549999999998 717.249943945433 717.249943945433
0.170849999999998 723.140995242867 723.140995242867
0.171149999999998 728.972368635728 728.972368635728
0.171449999999998 734.74356599481 734.74356599481
0.171749999999998 740.454093998532 740.454093998532
0.172049999999998 746.10346417946 746.10346417946
0.172349999999998 751.691192970535 751.691192970535
0.172649999999998 757.216801749223 757.216801749223
0.172949999999998 762.679816883368 762.679816883368
0.173249999999998 768.079769774583 768.079769774583
0.173549999999998 773.41619690344 773.41619690344
0.173849999999998 778.688639872106 778.688639872106
0.174149999999998 783.896645447347 783.896645447347
0.174449999999998 789.039765604305 789.039765604305
0.174749999999998 794.117557567044 794.117557567044
0.175049999999998 799.129583851747 799.129583851747
0.175349999999998 804.075412307744 804.075412307744
0.175649999999998 808.954616157678 808.954616157678
0.175949999999998 813.766774038432 813.766774038432
0.176249999999998 818.511470041206 818.511470041206
0.176549999999998 823.188293750358 823.188293750358
0.176849999999998 827.796840283194 827.796840283194
0.177149999999998 832.336710327581 832.336710327581
0.177449999999998 836.807510180601 836.807510180601
0.177749999999998 841.208851785969 841.208851785969
0.178049999999998 845.54035277146 845.54035277146
0.178349999999998 849.801636484055 849.801636484055
0.178649999999998 853.992332027644 853.992332027644
0.178949999999998 858.112074298087 858.112074298087
0.179249999999998 862.160504017974 862.160504017974
0.179549999999998 866.137267771308 866.137267771308
0.179849999999998 870.042018037888 870.042018037888
0.180149999999998 873.874413226474 873.874413226474
0.180449999999998 877.634117707752 877.634117707752
0.180749999999998 881.320801847494 881.320801847494
0.181049999999998 884.934142037916 884.934142037916
0.181349999999998 888.473820729322 888.473820729322
0.181649999999998 891.939526461272 891.939526461272
0.181949999999998 895.330953892426 895.330953892426
0.182249999999998 898.647803831523 898.647803831523
0.182549999999998 901.889783265422 901.889783265422
0.182849999999998 905.056605388855 905.056605388855
0.183149999999998 908.147989632369 908.147989632369
0.183449999999998 911.163661690277 911.163661690277
0.183749999999998 914.103353547375 914.103353547375
0.184049999999998 916.966803506227 916.966803506227
0.184349999999998 919.753756212553 919.753756212553
0.184649999999998 922.463962681377 922.463962681377
0.184949999999998 925.097180321567 925.097180321567
0.185249999999998 927.653172960845 927.653172960845
0.185549999999998 930.131710868902 930.131710868902
0.185849999999998 932.532570780893 932.532570780893
0.186149999999998 934.855535920841 934.855535920841
0.186449999999998 937.100396023046 937.100396023046
0.186749999999998 939.266947353967 939.266947353967
0.187049999999998 941.354992733257 941.354992733257
0.187349999999998 943.364341554229 943.364341554229
0.187649999999998 945.294809803651 945.294809803651
0.187949999999998 947.146220081076 947.146220081076
0.188249999999998 948.918401617884 948.918401617884
0.188549999999998 950.611190294713 950.611190294713
0.188849999999998 952.224428659747 952.224428659747
0.189149999999998 953.757965945291 953.757965945291
0.189449999999998 955.211658084068 955.211658084068
0.189749999999998 956.585367725703 956.585367725703
0.190049999999998 957.878964250843 957.878964250843
0.190349999999998 959.092323786782 959.092323786782
0.190649999999998 960.225329221013 960.225329221013
0.190949999999998 961.277870214682 961.277870214682
0.191249999999998 962.249843215564 962.249843215564
0.191549999999998 963.141151469908 963.141151469908
0.191849999999998 963.951705035034 963.951705035034
0.192149999999998 964.681420789191 964.681420789191
0.192449999999998 965.330222442826 965.330222442826
0.192749999999998 965.898040547775 965.898040547775
0.193049999999998 966.384812507499 966.384812507499
0.193349999999998 966.790482584562 966.790482584562
0.193649999999998 967.115001909254 967.115001909254
0.193949999999998 967.358328487459 967.358328487459
0.194249999999998 967.520427206239 967.520427206239
0.194549999999998 967.601269841509 967.601269841509
0.194849999999998 967.600835062588 967.600835062588
0.195149999999998 967.519108437405 967.519108437405
0.195449999999998 967.356082437145 967.356082437145
0.195749999999998 967.111756440318 967.111756440318
0.196049999999998 966.786136734849 966.786136734849
0.196349999999998 966.379236521391 966.379236521391
0.196649999999998 965.891075915787 965.891075915787
0.196949999999998 965.321681949073 965.321681949073
0.197249999999998 964.67108856937 964.67108856937
0.197549999999998 963.939336641317 963.939336641317
0.197849999999998 963.126473945977 963.126473945977
0.198149999999998 962.232555179507 962.232555179507
0.198449999999998 961.257641951363 961.257641951363
0.198749999999998 960.201802782213 960.201802782213
0.199049999999998 959.065113100716 959.065113100716
0.199349999999998 957.847655240395 957.847655240395
0.199649999999998 956.549518434808 956.549518434808
0.199949999999998 955.17079881328 955.17079881328
0.200249999999998 953.711599395604 953.711599395604
0.200549999999998 952.172030085308 952.172030085308
0.200849999999998 950.552207663501 950.552207663501
0.201149999999998 948.852255782147 948.852255782147
0.201449999999998 947.072304955251 947.072304955251
0.201749999999998 945.212492550998 945.212492550998
0.202049999999998 943.272962782563 943.272962782563
0.202349999999998 941.253866698541 941.253866698541
0.202649999999998 939.155362172623 939.155362172623
0.202949999999998 936.97761389232 936.97761389232
0.203249999999998 934.720793348068 934.720793348068
0.203549999999998 932.385078821104 932.385078821104
0.203849999999998 929.970655370198 929.970655370198
0.204149999999998 927.477714818868 927.477714818868
0.204449999999998 924.906455741166 924.906455741166
0.204749999999998 922.257083447467 922.257083447467
0.205049999999998 919.529809969125 919.529809969125
0.205349999999998 916.724854042741 916.724854042741
0.205649999999998 913.842441094062 913.842441094062
0.205949999999998 910.882803221303 910.882803221303
0.206249999999998 907.846179176393 907.846179176393
0.206549999999998 904.732814348961 904.732814348961
0.206849999999998 901.542960745966 901.542960745966
0.207149999999998 898.276876972943 898.276876972943
0.207449999999998 894.934828214199 894.934828214199
0.207749999999998 891.517086212446 891.517086212446
0.208049999999998 888.023929247671 888.023929247671
0.208349999999998 884.455642115067 884.455642115067
0.208649999999998 880.812516103712 880.812516103712
0.208949999999998 877.094848973172 877.094848973172
0.209249999999998 873.302944930193 873.302944930193
0.209549999999998 869.43711460511 869.43711460511
0.209849999999998 865.497675026556 865.497675026556
0.210149999999998 861.484949597392 861.484949597392
0.210449999999998 857.399268068283 857.399268068283
0.210749999999998 853.240966512014 853.240966512014
0.211049999999998 849.010387295929 849.010387295929
0.211349999999998 844.707879055401 844.707879055401
0.211649999999998 840.333796665505 840.333796665505
0.211949999999998 835.888501212499 835.888501212499
0.212249999999998 831.372359964936 831.372359964936
0.212549999999998 826.785746343622 826.785746343622
0.212849999999998 822.129039892445 822.129039892445
0.213149999999998 817.402626246443 817.402626246443
0.213449999999998 812.606897101584 812.606897101584
0.213749999999998 807.742250182173 807.742250182173
0.214049999999998 802.809089209499 802.809089209499
0.214349999999998 797.807823867913 797.807823867913
0.214649999999998 792.738869772052 792.738869772052
0.214949999999998 787.602648432539 787.602648432539
0.215249999999998 782.399587221695 782.399587221695
0.215549999999998 777.130119338854 777.130119338854
0.215849999999998 771.794683773806 771.794683773806
0.216149999999998 766.393725272205 766.393725272205
0.216449999999998 760.927694297682 760.927694297682
0.216749999999998 755.397046995465 755.397046995465
0.217049999999998 749.802245154664 749.802245154664
0.217349999999998 744.143756170104 744.143756170104
0.217649999999998 738.422053003471 738.422053003471
0.217949999999998 732.637614144759 732.637614144759
0.218249999999998 726.790923571912 726.790923571912
0.218549999999998 720.882470711407 720.882470711407
0.218849999999997 714.912750397332 714.912750397332
0.219149999999998 708.882262830268 708.882262830268
0.219449999999997 702.791513535885 702.791513535885
0.219749999999998 696.641013322221 696.641013322221
0.220049999999997 690.431278238085 690.431278238085
0.220349999999997 684.162829529479 684.162829529479
0.220649999999997 677.836193596117 677.836193596117
0.220949999999997 671.451901947554 671.451901947554
0.221249999999997 665.010491158663 665.010491158663
0.221549999999997 658.512502825393 658.512502825393
0.221849999999997 651.958483518248 651.958483518248
0.222149999999997 645.348984737192 645.348984737192
0.222449999999997 638.684562865611 638.684562865611
0.222749999999997 631.96577912322 631.96577912322
0.223049999999997 625.193199519174 625.193199519174
0.223349999999997 618.367394803935 618.367394803935
0.223649999999997 611.488940422191 611.488940422191
0.223949999999997 604.558416463779 604.558416463779
0.224249999999997 597.57640761499 597.57640761499
0.224549999999997 590.543503109302 590.543503109302
0.224849999999997 583.460296677932 583.460296677932
0.225149999999997 576.327386499145 576.327386499145
0.225449999999997 569.145375148423 569.145375148423
0.225749999999997 561.914869547024 561.914869547024
0.226049999999997 554.636480911294 554.636480911294
0.226349999999997 547.310824700086 547.310824700086
0.226649999999997 539.938520563605 539.938520563605
0.226949999999997 532.520192290159 532.520192290159
0.227249999999997 525.05646775387 525.05646775387
0.227549999999997 517.547978860951 517.547978860951
0.227849999999997 509.995361496844 509.995361496844
0.228149999999997 502.39925547127 502.39925547127
0.228449999999997 494.7603044648 494.7603044648
0.228749999999997 487.079155973333 487.079155973333
0.229049999999997 479.356461254004 479.356461254004
0.229349999999997 471.592875269001 471.592875269001
0.229649999999997 463.789056630048 463.789056630048
0.229949999999997 455.945667542892 455.945667542892
0.230249999999997 448.063373750074 448.063373750074
0.230549999999997 440.142844474754 440.142844474754
0.230849999999997 432.184752363204 432.184752363204
0.231149999999997 424.189773428054 424.189773428054
0.231449999999997 416.158586990131 416.158586990131
0.231749999999997 408.091875620471 408.091875620471
0.232049999999997 399.990325082532 399.990325082532
0.232349999999997 391.854624272791 391.854624272791
0.232649999999997 383.685465162766 383.685465162766
0.232949999999997 375.483542739138 375.483542739138
0.233249999999997 367.249554944446 367.249554944446
0.233549999999997 358.984202617686 358.984202617686
0.233849999999997 350.688189434247 350.688189434247
0.234149999999997 342.362221845084 342.362221845084
0.234449999999997 334.007009017038 334.007009017038
0.234749999999997 325.623262771254 325.623262771254
0.235049999999997 317.211697522832 317.211697522832
0.235349999999997 308.773030218958 308.773030218958
0.235649999999997 300.307980277902 300.307980277902
0.235949999999997 291.817269526386 291.817269526386
0.236249999999997 283.301622139049 283.301622139049
0.236549999999997 274.761764574976 274.761764574976
0.236849999999997 266.198425515635 266.198425515635
0.237149999999997 257.612335802359 257.612335802359
0.237449999999997 249.004228373622 249.004228373622
0.237749999999997 240.374838201755 240.374838201755
0.238049999999997 231.724902229473 231.724902229473
0.238349999999997 223.055159307061 223.055159307061
0.238649999999997 214.366350128235 214.366350128235
0.238949999999997 205.659217166669 205.659217166669
0.239249999999997 196.934504611382 196.934504611382
0.239549999999997 188.192958303641 188.192958303641
0.239849999999997 179.43532567197 179.43532567197
0.240149999999997 170.662355667351 170.662355667351
0.240449999999997 161.874798699652 161.874798699652
0.240749999999997 153.073406571688 153.073406571688
0.241049999999997 144.258932415558 144.258932415558
0.241349999999997 135.432130626327 135.432130626327
0.241649999999997 126.593756797604 126.593756797604
0.241949999999997 117.744567656359 117.744567656359
0.242249999999997 108.885320997369 108.885320997369
0.242549999999997 100.016775616988 100.016775616988
0.242849999999997 91.1396912489219 91.1396912489219
0.243149999999997 82.2548284972413 82.2548284972413
0.243449999999997 73.3629487708261 73.3629487708261
0.243749999999997 64.4648142185626 64.4648142185626
0.244049999999997 55.5611876613208 55.5611876613208
0.244349999999997 46.6528325281956 46.6528325281956
0.244649999999997 37.7405127881995 37.7405127881995
0.244949999999997 28.8249928859348 28.8249928859348
0.245249999999997 19.9070376736662 19.9070376736662
0.245549999999997 10.9874123464238 10.9874123464238
0.245849999999997 2.06688237483377 2.06688237483377
0.246149999999997 -6.85378656119913 -6.85378656119913
0.246449999999997 -15.7738286386196 -15.7738286386196
0.246749999999997 -24.6924779580127 -24.6924779580127
0.247049999999997 -33.608968609921 -33.608968609921
0.247349999999997 -42.5225347414463 -42.5225347414463
0.247649999999997 -51.4324106229462 -51.4324106229462
0.247949999999997 -60.3378307142558 -60.3378307142558
0.248249999999997 -69.2380297308167 -69.2380297308167
0.248549999999997 -78.1322427115091 -78.1322427115091
0.248849999999997 -87.0197050841171 -87.0197050841171
0.249149999999997 -95.8996527317405 -95.8996527317405
0.249449999999997 -104.77132205987 -104.77132205987
0.249749999999997 -113.633950062516 -113.633950062516
0.250049999999997 -122.486774388904 -122.486774388904
0.250349999999997 -131.329033409315 -131.329033409315
0.250649999999997 -140.159966281601 -140.159966281601
0.250949999999997 -148.978813018156 -148.978813018156
0.251249999999997 -157.784814550913 -157.784814550913
0.251549999999997 -166.577212798416 -166.577212798416
0.251849999999997 -175.35525073176 -175.35525073176
0.252149999999997 -184.118172440246 -184.118172440246
0.252449999999997 -192.865223197221 -192.865223197221
0.252749999999997 -201.59564952697 -201.59564952697
0.253049999999997 -210.308699268846 -210.308699268846
0.253349999999997 -219.003621644352 -219.003621644352
0.253649999999997 -227.679667321847 -227.679667321847
0.253949999999997 -236.3360884821 -236.3360884821
0.254249999999997 -244.972138883857 -244.972138883857
0.254549999999997 -253.587073928827 -253.587073928827
0.254849999999997 -262.180150726673 -262.180150726673
0.255149999999997 -270.750628160291 -270.750628160291
0.255449999999997 -279.297766950132 -279.297766950132
0.255749999999997 -287.820829719294 -287.820829719294
0.256049999999997 -296.319081057466 -296.319081057466
0.256349999999997 -304.791787586112 -304.791787586112
0.256649999999997 -313.238218021562 -313.238218021562
0.256949999999997 -321.657643239727 -321.657643239727
0.257249999999998 -330.049336340039 -330.049336340039
0.257549999999998 -338.41257270827 -338.41257270827
0.257849999999998 -346.746630081043 -346.746630081043
0.258149999999998 -355.050788608367 -355.050788608367
0.258449999999998 -363.32433091701 -363.32433091701
0.258749999999998 -371.566542173506 -371.566542173506
0.259049999999998 -379.776710146208 -379.776710146208
0.259349999999998 -387.954125268569 -387.954125268569
0.259649999999998 -396.098080700445 -396.098080700445
0.259949999999998 -404.207872391188 -404.207872391188
0.260249999999998 -412.282799140561 -412.282799140561
0.260549999999998 -420.322162660417 -420.322162660417
0.260849999999998 -428.325267636656 -428.325267636656
0.261149999999998 -436.291421789292 -436.291421789292
0.261449999999998 -444.21993593365 -444.21993593365
0.261749999999998 -452.110124041762 -452.110124041762
0.262049999999998 -459.96130330091 -459.96130330091
0.262349999999998 -467.772794175119 -467.772794175119
0.262649999999998 -475.54392046474 -475.54392046474
0.262949999999998 -483.27400936472 -483.27400936472
0.263249999999998 -490.962391525045 -490.962391525045
0.263549999999998 -498.608401109664 -498.608401109664
0.263849999999998 -506.211375853619 -506.211375853619
0.264149999999998 -513.770657123302 -513.770657123302
0.264449999999998 -521.28558997282 -521.28558997282
0.264749999999998 -528.755523202923 -528.755523202923
0.265049999999998 -536.179809416808 -536.179809416808
0.265349999999998 -543.557805079047 -543.557805079047
0.265649999999998 -550.8888705711 -550.8888705711
0.265949999999998 -558.172370247784 -558.172370247784
0.266249999999998 -565.407672493924 -565.407672493924
0.266549999999998 -572.594149779206 -572.594149779206
0.266849999999998 -579.73117871389 -579.73117871389
0.267149999999998 -586.818140104792 -586.818140104792
0.267449999999998 -593.854419007869 -593.854419007869
0.267749999999998 -600.8394047844 -600.8394047844
0.268049999999998 -607.772491154321 -607.772491154321
0.268349999999998 -614.653076249094 -614.653076249094
0.268649999999998 -621.480562666174 -621.480562666174
0.268949999999998 -628.254357520461 -628.254357520461
0.269249999999998 -634.973872497729 -634.973872497729
0.269549999999998 -641.638523906352 -641.638523906352
0.269849999999998 -648.247732728464 -648.247732728464
0.270149999999998 -654.800924672069 -654.800924672069
0.270449999999999 -661.297530221153 -661.297530221153
0.270749999999998 -667.736984686466 -667.736984686466
0.271049999999999 -674.118728255451 -674.118728255451
0.271349999999999 -680.4422060416 -680.4422060416
0.271649999999999 -686.7068681341 -686.7068681341
0.271949999999999 -692.912169646623 -692.912169646623
0.272249999999999 -699.05757076441 -699.05757076441
0.272549999999999 -705.142536794009 -705.142536794009
0.272849999999999 -711.166538209511 -711.166538209511
0.273149999999999 -717.129050699441 -717.129050699441
0.273449999999999 -723.02955521451 -723.02955521451
0.273749999999999 -728.867538012329 -728.867538012329
0.274049999999999 -734.642490703929 -734.642490703929
0.274349999999999 -740.353910298287 -740.353910298287
0.274649999999999 -746.001299247989 -746.001299247989
0.274949999999999 -751.584165492432 -751.584165492432
0.275249999999999 -757.102022502447 -757.102022502447
0.275549999999999 -762.554389323214 -762.554389323214
0.275849999999999 -767.940790616801 -767.940790616801
0.276149999999999 -773.26075670527 -773.26075670527
0.276449999999999 -778.513823611983 -778.513823611983
0.276749999999999 -783.699533102814 -783.699533102814
0.277049999999999 -788.81743272774 -788.81743272774
0.277349999999999 -793.867075860438 -793.867075860438
0.277649999999999 -798.848021738555 -798.848021738555
0.277949999999999 -803.759835502926 -803.759835502926
0.278249999999999 -808.602088236986 -808.602088236986
0.278549999999999 -813.374357004004 -813.374357004004
0.278849999999999 -818.076224885545 -818.076224885545
0.279149999999999 -822.707281019272 -822.707281019272
0.279449999999999 -827.267120634758 -827.267120634758
0.279749999999999 -831.755345090244 -831.755345090244
0.280049999999999 -836.171561908543 -836.171561908543
0.280349999999999 -840.515384811719 -840.515384811719
0.280649999999999 -844.786433756042 -844.786433756042
0.280949999999999 -848.984334966379 -848.984334966379
0.281249999999999 -853.108720968786 -853.108720968786
0.281549999999999 -857.159230625086 -857.159230625086
0.281849999999999 -861.135509163849 -861.135509163849
0.282149999999999 -865.037208212982 -865.037208212982
0.282449999999999 -868.863985831183 -868.863985831183
0.282749999999999 -872.615506538826 -872.615506538826
0.283049999999999 -876.291441347519 -876.291441347519
0.283349999999999 -879.891467790515 -879.891467790515
0.28365 -883.415269951608 -883.415269951608
0.283949999999999 -886.86253849346 -886.86253849346
0.28425 -890.232970686024 -890.232970686024
0.28455 -893.526270433824 -893.526270433824
0.28485 -896.742148302489 -896.742148302489
0.28515 -899.880321545178 -899.880321545178
0.28545 -902.940514128356 -902.940514128356
0.28575 -905.922456756703 -905.922456756703
0.28605 -908.825886897849 -908.825886897849
0.28635 -911.650548806241 -911.650548806241
0.28665 -914.396193545883 -914.396193545883
0.28695 -917.062579014025 -917.062579014025
0.28725 -919.649469962944 -919.649469962944
0.28755 -922.156638020984 -922.156638020984
0.28785 -924.583861713965 -924.583861713965
0.28815 -926.930926485265 -926.930926485265
0.28845 -929.197624716475 -929.197624716475
0.28875 -931.383755744927 -931.383755744927
0.28905 -933.489125883777 -933.489125883777
0.28935 -935.513548439057 -935.513548439057
0.28965 -937.456843726541 -937.456843726541
0.28995 -939.31883909003 -939.31883909003
0.29025 -941.099368915748 -941.099368915748
0.29055 -942.798274648927 -942.798274648927
0.29085 -944.415404808297 -944.415404808297
0.29115 -945.950614999826 -945.950614999826
0.29145 -947.4037679315 -947.4037679315
0.29175 -948.774733424879 -948.774733424879
0.29205 -950.06338842893 -950.06338842893
0.29235 -951.269617030353 -951.269617030353
0.29265 -952.393310466088 -952.393310466088
0.29295 -953.43436713307 -953.43436713307
0.29325 -954.392692597802 -954.392692597802
0.29355 -955.268199606489 -955.268199606489
0.29385 -956.060808092995 -956.060808092995
0.29415 -956.770445186805 -956.770445186805
0.29445 -957.397045221266 -957.397045221266
0.29475 -957.940549738983 -957.940549738983
0.29505 -958.400907499026 -958.400907499026
0.29535 -958.778074481851 -958.778074481851
0.29565 -959.072013894608 -959.072013894608
0.29595 -959.28269617436 -959.28269617436
0.29625 -959.410098993108 -959.410098993108
0.29655 -959.454207259777 -959.454207259777
0.296850000000001 -959.41501312249 -959.41501312249
0.29715 -959.29251597056 -959.29251597056
0.297450000000001 -959.086722435814 -959.086722435814
0.297750000000001 -958.797646392024 -958.797646392024
0.298050000000001 -958.425308955953 -958.425308955953
0.298350000000001 -957.969738485645 -957.969738485645
0.298650000000001 -957.430970578723 -957.430970578723
0.298950000000001 -956.809048070966 -956.809048070966
0.299250000000001 -956.104021033468 -956.104021033468
0.299550000000001 -955.315946768565 -955.315946768565
0.299899600798404 -381.562441823652 -381.562441823652
0.30029880239521 -238.254613343358 -953.01845337343
0.300698003992017 -237.938310538557 -951.753242154228
0.301097205588823 -237.622846456613 -950.491385826452
0.301496407185629 -237.308217766176 -949.232871064704
0.301895608782436 -236.99442115341 -947.97768461364
0.302294810379242 -236.681453321638 -946.725813286553
0.302694011976049 -236.36931099184 -945.477243967358
0.303093213572855 -236.057990902366 -944.231963609462
0.303492415169661 -235.747489808441 -942.989959233765
0.303891616766468 -235.43780448245 -941.751217929798
0.304290818363274 -235.128931714075 -940.515726856299
0.304690019960081 -234.820868309162 -939.283473236648
0.305089221556887 -234.513611090644 -938.054444362577
0.305488423153693 -234.207156898185 -936.82862759274
0.3058876247505 -233.901502587752 -935.606010351009
0.306286826347306 -233.59664503176 -934.386580127041
0.306686027944113 -233.292581118855 -933.170324475422
0.307085229540919 -232.989307753989 -931.957231015956
0.307484431137725 -232.686821857775 -930.747287431101
0.307883632734532 -232.385120367417 -929.540481469666
0.308282834331338 -232.084200235566 -928.336800942262
0.308682035928145 -231.784058430752 -927.136233723006
0.309081237524951 -231.48469193738 -925.938767749522
0.309480439121757 -231.186097754881 -924.744391019524
0.309879640718564 -230.888272898843 -923.553091595372
0.31027884231537 -230.591214399665 -922.364857598661
0.310678043912177 -230.294919303268 -921.179677213071
0.311077245508983 -229.99938467045 -919.997538681801
0.311476447105789 -229.704607577391 -918.818430309563
0.311875648702596 -229.410585115148 -917.64234046059
0.312274850299402 -229.117314389588 -916.469257558351
0.312674051896209 -228.824792521458 -915.299170085833
0.313073253493015 -228.53301664603 -914.132066584122
0.313472455089821 -228.241983913527 -912.967935654107
0.313871656686628 -227.951691488409 -911.806765953635
0.314270858283434 -227.662136549164 -910.648546196656
0.314670059880241 -227.373316289373 -909.493265157493
0.315069261477047 -227.085227916287 -908.340911665149
0.315468463073853 -226.797868651539 -907.191474606155
0.31586766467066 -226.511235730643 -906.044942922572
0.316266866267466 -226.225326403284 -904.901305613135
0.316666067864273 -225.940137932815 -903.76055173126
0.317065269461079 -225.655667596473 -902.622670385891
0.317464471057885 -225.371912685306 -901.487650741226
0.317863672654692 -225.088870503322 -900.35548201329
0.318262874251498 -224.806538369051 -899.226153476206
0.318662075848305 -224.524913613911 -898.099654455643
0.319061277445111 -224.243993582631 -896.975974330524
0.319460479041917 -223.963775633328 -895.855102533313
0.319859680638724 -223.684257137432 -894.737028549729
0.32025888223553 -223.405435479116 -893.621741916465
0.320658083832337 -223.127308055939 -892.509232223758
0.321057285429143 -222.849872278204 -891.399489112817
0.321456487025949 -222.573125569171 -890.292502276685
0.321855688622756 -222.297065364845 -889.188261459381
0.322254890219562 -222.021689114046 -888.086756456185
0.322654091816369 -221.746994278125 -886.987977112499
0.323053293413175 -221.472978330891 -885.891913323564
0.323452495009981 -221.199638758828 -884.79855503531
0.323851696606788 -220.926973060521 -883.707892242084
0.324250898203594 -220.65497874723 -882.619914988922
0.324650099800401 -220.383653342176 -881.534613368705
0.325049301397207 -220.112994380682 -880.451977522728
0.325448502994013 -219.842999410602 -879.371997642408
0.32584770459082 -219.573665991395 -878.294663965581
0.326246906187626 -219.304991694625 -877.219966778498
0.326646107784433 -219.036974103742 -876.147896414969
0.327045309381239 -218.769610814019 -875.078443256078
0.327444510978045 -218.502899432261 -874.011597729043
0.327843712574852 -218.236837577161 -872.947350308643
0.328242914171658 -217.971422878877 -871.885691515508
0.328642115768465 -217.706652978887 -870.826611915546
0.329041317365271 -217.442525530628 -869.770102122512
0.329440518962077 -217.179038198647 -868.716152794586
0.329839720558884 -216.916188658665 -867.66475463466
0.33023892215569 -216.653974597584 -866.615898390336
0.330638123752497 -216.392393713767 -865.569574855069
0.331037325349303 -216.131443716755 -864.525774867022
0.331436526946109 -215.871122326556 -863.484489306224
0.331835728542916 -215.611427274638 -862.445709098554
0.332234930139722 -215.352356303366 -861.409425213462
0.332634131736529 -215.093907165708 -860.375628662833
0.333033333333335 -214.836077625317 -859.344310501269
0.333432534930141 -214.578865457163 -858.315461828651
0.333831736526948 -214.322268446254 -857.289073785018
0.334230938123754 -214.066284388495 -856.265137553979
0.33463013972056 -213.810911089967 -855.243644359867
0.335029341317367 -213.556146367576 -854.224585470305
0.335428542914173 -213.301988048552 -853.207952194208
0.33582774451098 -213.048433970161 -852.193735880645
0.336226946107786 -212.795481980351 -851.181927921405
0.336626147704592 -212.543129937036 -850.172519748144
0.337025349301399 -212.29137570824 -849.165502832961
0.337424550898205 -212.040217172454 -848.160868689817
0.337823752495012 -211.789652217637 -847.158608870548
0.338222954091818 -211.539678742072 -846.158714968286
0.338622155688624 -211.290294653866 -845.161178615463
0.339021357285431 -211.041497871024 -844.165991484094
0.339420558882237 -210.793286321161 -843.173145284644
0.339819760479044 -210.545657941932 -842.182631767729
0.34021896207585 -210.298610680532 -841.194442722129
0.340618163672656 -210.052142493767 -840.208569975069
0.341017365269463 -209.806251347912 -839.225005391649
0.341416566866269 -209.560935218926 -838.243740875702
0.341815768463076 -209.316192092092 -837.264768368367
0.342214970059882 -209.072019962236 -836.288079848945
0.342614171656688 -208.828416833511 -835.313667334043
0.343013373253495 -208.585380718966 -834.341522875866
0.343412574850301 -208.342909641338 -833.37163856535
0.343811776447108 -208.101001632756 -832.404006531024
0.344210978043914 -207.859654733826 -831.438618935305
0.34461017964072 -207.618866994551 -830.475467978202
0.345009381237527 -207.378636474044 -829.514545896177
0.345408582834333 -207.138961240323 -828.55584496129
0.34580778443114 -206.899839370371 -827.599357481484
0.346206986027946 -206.661268949719 -826.645075798875
0.346606187624752 -206.423248073293 -825.692992293173
0.347005389221559 -206.18577484428 -824.743099377122
0.347404590818365 -205.948847374979 -823.795389499917
0.347803792415172 -205.712463786019 -822.849855144076
0.348202994011978 -205.476622206786 -821.906488827144
0.348602195608784 -205.241320775139 -820.965283100555
0.349001397205591 -205.006557637764 -820.026230551056
0.349400598802397 -204.772330949394 -819.089323797577
0.349799800399204 -204.538638873448 -818.154555493791
0.35019900199601 -204.305479581814 -817.221918327258
0.350598203592816 -204.072851254431 -816.291405017722
0.350997405189623 -203.840752079775 -815.3630083191
0.351396606786429 -203.609180254372 -814.43672101749
0.351795808383236 -203.378133982721 -813.512535930885
0.352195009980042 -203.147611478006 -812.590445912023
0.352594211576848 -202.917610961171 -811.670443844683
0.352993413173655 -202.688130661277 -810.75252264511
0.353392614770461 -202.459168815219 -809.836675260875
0.353791816367268 -202.230723668217 -808.922894672869
0.354191017964074 -202.002793473114 -808.011173892456
0.35459021956088 -201.775376490866 -807.101505963464
0.354989421157687 -201.548470989764 -806.193883959054
0.355388622754493 -201.322075246356 -805.288300985424
0.3557878243513 -201.096187544668 -804.384750178672
0.356187025948106 -200.870806176627 -803.483224706509
0.356586227544912 -200.645929441566 -802.583717766263
0.356985429141719 -200.421555646647 -801.686222586589
0.357384630738525 -200.197683106653 -800.790732426612
0.357783832335332 -199.974310143556 -799.897240574224
0.358183033932138 -199.751435087017 -799.00574034807
0.358582235528944 -199.529056274175 -798.1162250967
0.358981437125751 -199.307172049428 -797.228688197711
0.359380638722557 -199.085780764579 -796.343123058318
0.359779840319364 -198.86488077891 -795.459523115638
0.36017904191617 -198.644470458604 -794.577881834414
0.360578243512976 -198.424548177465 -793.698192709859
0.360977445109783 -198.205112316488 -792.820449265951
0.361376646706589 -197.98616126343 -791.94464505372
0.361775848303396 -197.767693413596 -791.070773654385
0.362175049900202 -197.549707169055 -790.198828676222
0.362574251497008 -197.332200939066 -789.328803756265
0.362973453093815 -197.115173139794 -788.460692559178
0.363372654690621 -196.898622194382 -787.594488777528
0.363771856287428 -196.682546533092 -786.730186132366
0.364171057884234 -196.466944592806 -785.867778371225
0.36457025948104 -196.251814817458 -785.007259269833
0.364969461077847 -196.037155657672 -784.148622630686
0.365368662674653 -195.822965570834 -783.291862283337
0.36576786427146 -195.609243021241 -782.436972084962
0.366167065868266 -195.39598647945 -781.583945917799
0.366566267465072 -195.183194423069 -780.732777692277
0.366965469061879 -194.970865336329 -779.883461345314
0.367364670658685 -194.758997710006 -779.035990840026
0.367763872255492 -194.547590041219 -778.190360164874
0.368163073852298 -194.336640833844 -777.346563335376
0.368562275449104 -194.126148598241 -776.504594392965
0.368961477045911 -193.916111850962 -775.664447403849
0.369360678642717 -193.706529115252 -774.826116461006
0.369759880239523 -193.497398920406 -773.989595681622
0.37015908183633 -193.288719802627 -773.154879210507
0.370558283433136 -193.080490303955 -772.321961215822
0.370957485029943 -192.872708972698 -771.49083589079
0.371356686626749 -192.66537436378 -770.661497455121
0.371755888223555 -192.458485037826 -769.833940151303
0.372155089820362 -192.252039562292 -769.008158249169
0.372554291417168 -192.046036509977 -768.184146039907
0.372953493013975 -191.840474460369 -767.361897841476
0.373352694610781 -191.635351998726 -766.541407994903
0.373751896207587 -191.430667716569 -765.722670866277
0.374151097804394 -191.226420211401 -764.905680845606
0.3745502994012 -191.022608086706 -764.090432346823
0.374949500998007 -190.819229951874 -763.276919807497
0.375348702594813 -190.616284422137 -762.465137688549
0.375747904191619 -190.413770118635 -761.655080474538
0.376147105788426 -190.211685668344 -760.846742673376
0.376546307385232 -190.010029704295 -760.040118817179
0.376945508982039 -189.808800864785 -759.23520345914
0.377344710578845 -189.60799779452 -758.431991178081
0.377743912175651 -189.407619143546 -757.630476574185
0.378143113772458 -189.207663567817 -756.83065427127
0.378542315369264 -189.008129728771 -756.032518915082
0.378941516966071 -188.809016293538 -755.236065174154
0.379340718562877 -188.610321934949 -754.441287739796
0.379739920159683 -188.412045331099 -753.648181324397
0.38013912175649 -188.214185166138 -752.85674066455
0.380538323353296 -188.016740129339 -752.066960517354
0.380937524950103 -187.819708915601 -751.278835662405
0.381336726546909 -187.623090225378 -750.492360901513
0.381735928143715 -187.426882764462 -749.707531057847
0.382135129740522 -187.231085244126 -748.924340976503
0.382534331337328 -187.035696380771 -748.142785523084
0.382933532934135 -186.840714896493 -747.362859585974
0.383332734530941 -186.646139518444 -746.584558073777
0.383731936127747 -186.451968979256 -745.807875917026
0.384131137724554 -186.25820201669 -745.032808066758
0.38453033932136 -186.064837373985 -744.25934949594
0.384929540918167 -185.871873799297 -743.487495197187
0.385328742514973 -185.679310046261 -742.717240185045
0.385727944111779 -185.487144873427 -741.948579493706
0.386127145708586 -185.29537704461 -741.181508178442
0.386526347305392 -185.104005328685 -740.416021314739
0.386925548902199 -184.913028499434 -739.652113997738
0.387324750499005 -184.722445335913 -738.88978134365
0.387723952095811 -184.532254622227 -738.12901848891
0.388123153692618 -184.3424551474 -737.369820589599
0.388522355289424 -184.153045705576 -736.612182822305
0.388921556886231 -183.964025095603 -735.856100382411
0.389320758483037 -183.775392121523 -735.101568486091
0.389719960079843 -183.587145591936 -734.348582367743
0.39011916167665 -183.399284320568 -733.597137282271
0.390518363273456 -183.211807126128 -732.847228504513
0.390917564870263 -183.024712831812 -732.098851327249
0.391316766467069 -182.838000265656 -731.352001062625
0.391715968063875 -182.651668260751 -730.606673043006
0.392115169660682 -182.465715654959 -729.862862619837
0.392514371257488 -182.280141290413 -729.120565161652
0.392913572854295 -182.094944014372 -728.379776057488
0.393312774451101 -181.910122678439 -727.640490713754
0.393711976047907 -181.725676139128 -726.902704556511
0.394111177644714 -181.541603257582 -726.166413030328
0.39451037924152 -181.357902899501 -725.431611598004
0.394909580838327 -181.17457393514 -724.69829574056
0.395308782435133 -180.991615239383 -723.966460957532
0.395707984031939 -180.80902569167 -723.236102766679
0.396107185628746 -180.626804175926 -722.507216703705
0.396506387225552 -180.44494958042 -721.779798321682
0.396905588822359 -180.263460798263 -721.053843193051
0.397304790419165 -180.08233672655 -720.329346906198
0.397703992015971 -179.901576267006 -719.606305068023
0.398103193612778 -179.72117832577 -718.884713303079
0.398502395209584 -179.541141813466 -718.164567253865
0.398901596806391 -179.361465644991 -717.445862579963
0.399300798403197 -179.182148739654 -716.728594958615
0.399700000000003 -179.003190020894 -716.012760083577
0.40009920159681 -178.824588416566 -715.298353666266
0.400498403193616 -178.646342858795 -714.585371435182
0.400897604790423 -178.46845228405 -713.873809136199
0.401296806387229 -178.290915632856 -713.163662531425
0.401696007984035 -178.113731850084 -712.454927400337
0.402095209580842 -177.936899884591 -711.747599538363
0.402494411177648 -177.760418689717 -711.041674758869
0.402893612774455 -177.584287223078 -710.337148892311
0.403292814371261 -177.408504445703 -709.634017782814
0.403692015968067 -177.233069323396 -708.932277293583
0.404091217564874 -177.057980825516 -708.231923302063
0.40449041916168 -176.883237925981 -707.532951703924
0.404889620758487 -176.708839602554 -706.835358410218
0.405288822355293 -176.534784837056 -706.139139348224
0.405688023952099 -176.361072615222 -705.444290460889
0.406087225548906 -176.187701926777 -704.750807707106
0.406486427145712 -176.014671765643 -704.058687062571
0.406885628742518 -175.84198112959 -703.367924518358
0.407284830339325 -175.66962902023 -702.67851608092
0.407684031936131 -175.49761444295 -701.990457771802
0.408083233532938 -175.325936407196 -701.303745628783
0.408482435129744 -175.154593926327 -700.618375705307
0.40888163672655 -174.983586017619 -699.934344070477
0.409280838323357 -174.812911702052 -699.251646808208
0.409680039920163 -174.642570004306 -698.570280017224
0.41007924151697 -174.472559953049 -697.890239812195
0.410478443113776 -174.302880580722 -697.211522322887
0.410877644710582 -174.133530923539 -696.534123694156
0.411276846307389 -173.964510021418 -695.858040085671
0.411676047904195 -173.795816917834 -695.183267671338
0.412075249501002 -173.627450660253 -694.509802641011
0.412474451097808 -173.459410299625 -693.837641198499
0.412873652694614 -173.291694890534 -693.166779562135
0.413272854291421 -173.12430349155 -692.497213966201
0.413672055888227 -172.957235164448 -691.828940657792
0.414071257485034 -172.790488974775 -691.161955899098
0.41447045908184 -172.62406399178 -690.496255967118
0.414869660678646 -172.457959288273 -689.831837153091
0.415268862275453 -172.292173940552 -689.168695762208
0.415668063872259 -172.126707028547 -688.506828114187
0.416067265469066 -171.961557635532 -687.846230542129
0.416466467065872 -171.796724848557 -687.186899394229
0.416865668662678 -171.632207758017 -686.528831032066
0.417264870259485 -171.468005458008 -685.872021832031
0.417664071856291 -171.304117045618 -685.216468182473
0.418063273453098 -171.140541621994 -684.562166487975
0.418462475049904 -170.977278291199 -683.909113164796
0.41886167664671 -170.814326161001 -683.257304644002
0.419260878243517 -170.65168434237 -682.606737369479
0.419660079840323 -170.489351949766 -681.957407799062
0.42005928143713 -170.327328100994 -681.309312403975
0.420458483033936 -170.165611917277 -680.66244766911
0.420857684630742 -170.00420252283 -680.01681009132
0.421256886227549 -169.84309904578 -679.372396183121
0.421656087824355 -169.682300617177 -678.729202468706
0.422055289421162 -169.521806371342 -678.087225485369
0.422454491017968 -169.361615446018 -677.44646178407
0.422853692614774 -169.201726982076 -676.806907928304
0.423252894211581 -169.042140123808 -676.168560495233
0.423652095808387 -168.882854018566 -675.531416074266
0.424051297405194 -168.723867817049 -674.895471268196
0.424450499002 -168.565180673015 -674.260722692061
0.424849700598806 -168.406791743501 -673.627166974003
0.425248902195613 -168.24870018853 -672.99480075412
0.425648103792419 -168.090905171546 -672.363620686183
0.426047305389226 -167.933405858981 -671.733623435924
0.426446506986032 -167.776201420401 -671.104805681603
0.426845708582838 -167.619291028361 -670.477164113443
0.427244910179645 -167.462673858692 -669.850695434766
0.427644111776451 -167.306349090286 -669.225396361143
0.428043313373258 -167.15031590474 -668.601263618962
0.428442514970064 -166.994573487284 -667.978293949138
0.42884171656687 -166.839121025781 -667.356484103123
0.429240918163677 -166.683957711224 -666.735830844898
0.429640119760483 -166.529082737815 -666.116330951261
0.43003932135729 -166.374495302458 -665.497981209832
0.430438522954096 -166.220194605119 -664.880778420475
0.430837724550902 -166.066179848897 -664.264719395586
0.431236926147709 -165.912450239596 -663.649800958382
0.431636127744515 -165.759004986082 -663.036019944327
0.432035329341322 -165.605843299998 -662.42337319999
0.432434530938128 -165.452964396189 -661.811857584757
0.432833732534934 -165.300367491995 -661.20146996798
0.433232934131741 -165.148051808242 -660.592207232966
0.433632135728547 -164.996016567963 -659.984066271851
0.434031337325354 -164.844260997468 -659.377043989871
0.43443053892216 -164.692784325486 -658.771137301944
0.434829740518966 -164.541585784165 -658.166343136658
0.435228942115773 -164.390664608142 -657.562658432569
0.435628143712579 -164.240020034906 -656.960080139623
0.436027345309386 -164.089651304719 -656.358605218874
0.436426546906192 -163.93955766055 -655.758230642198
0.436825748502998 -163.789738348216 -655.158953392862
0.437224950099805 -163.640192616381 -654.560770465524
0.437624151696611 -163.490919716345 -653.963678865379
0.438023353293418 -163.341918902325 -653.367675609298
0.438422554890224 -163.193189430746 -652.772757722983
0.43882175648703 -163.044730561451 -652.178922245802
0.439220958083837 -162.896541556346 -651.586166225384
0.439620159680643 -162.74862168033 -650.994486721319
0.44001936127745 -162.600970201004 -650.403880804017
0.440418562874256 -162.453586388464 -649.814345553857
0.440817764471062 -162.306469515368 -649.225878061471
0.441216966067869 -162.159618857434 -648.638475429735
0.441616167664675 -162.013033692446 -648.052134769785
0.442015369261481 -161.866713301179 -647.466853204717
0.442414570858288 -161.72065696697 -646.88262786788
0.442813772455094 -161.574863975648 -646.299455902591
0.443212974051901 -161.429333615605 -645.717334462419
0.443612175648707 -161.284065177725 -645.136260710898
0.444011377245513 -161.139057955597 -644.556231822389
0.44441057884232 -160.994311245517 -643.977244982069
0.444809780439126 -160.849824345773 -643.399297383094
0.445208982035933 -160.705596557715 -642.822386230862
0.445608183632739 -160.561627184758 -642.246508739032
0.446007385229545 -160.417915533235 -641.671662132939
0.446406586826352 -160.274460911473 -641.097843645891
0.446805788423158 -160.13126263079 -640.525050523158
0.447204990019965 -159.988320004496 -639.953280017984
0.447604191616771 -159.845632348822 -639.382529395288
0.448003393213577 -159.70319898192 -638.812795927678
0.448402594810384 -159.561019224789 -638.244076899157
0.44880179640719 -159.419092400567 -637.676369602267
0.449200998003997 -159.277417834951 -637.109671339805
0.449600199600803 -159.135994856134 -636.543979424534
0.449999401197609 -158.994822794298 -635.979291177193
0.450398602794416 -158.853900982478 -635.415603929911
0.450797804391222 -158.713228755769 -634.852915023075
0.451197005988029 -158.572805451831 -634.291221807325
0.451596207584835 -158.432630410177 -633.730521640707
0.451995409181641 -158.292702973378 -633.170811893511
0.452394610778448 -158.153022485858 -632.612089943431
0.452793812375254 -158.013588294461 -632.054353177846
0.453193013972061 -157.874399748169 -631.497598992676
0.453592215568867 -157.735456198737 -630.941824794949
0.453991417165673 -157.596756999489 -630.387027997958
0.45439061876248 -157.45830150681 -629.833206027242
0.454789820359286 -157.320089078722 -629.28035631489
0.455189021956093 -157.182119075739 -628.728476302958
0.455588223552899 -157.04439086044 -628.177563441761
0.455987425149705 -156.906903798038 -627.627615192152
0.456386626746512 -156.769657255526 -627.078629022103
0.456785828343318 -156.632650602531 -626.530602410122
0.457185029940125 -156.495883210317 -625.983532841269
0.457584231536931 -156.359354452998 -625.437417811993
0.457983433133737 -156.223063706395 -624.89225482558
0.458382634730544 -156.08701034875 -624.348041394999
0.45878183632735 -155.951193760369 -623.804775041475
0.459181037924157 -155.815613323837 -623.262453295349
0.459580239520963 -155.680268423663 -622.72107369465
0.459979441117769 -155.545158446559 -622.180633786235
0.460378642714576 -155.410282781376 -621.641131125506
0.460777844311382 -155.275640819386 -621.102563277545
0.461177045908189 -155.141231953639 -620.564927814557
0.461576247504995 -155.007055579037 -620.02822231615
0.461975449101801 -154.873111093046 -619.492444372182
0.462374650698608 -154.739397895122 -618.957591580489
0.462773852295414 -154.605915386506 -618.423661546024
0.463173053892221 -154.472662970856 -617.890651883424
0.463572255489027 -154.339640053682 -617.358560214728
0.463971457085833 -154.206846042773 -616.827384171092
0.46437065868264 -154.074280347484 -616.297121389935
0.464769860279446 -153.941942379732 -615.767769518928
0.465169061876253 -153.809831553073 -615.239326212292
0.465568263473059 -153.677947283412 -614.711789133648
0.465967465069865 -153.546288988362 -614.185155953449
0.466366666666672 -153.414856087745 -613.659424350978
0.466765868263478 -153.28364800316 -613.134592012639
0.467165069860285 -153.152664158344 -612.610656633375
0.467564271457091 -153.021903978885 -612.087615915539
0.467963473053897 -152.891366892364 -611.565467569454
0.468362674650704 -152.761052328355 -611.044209313419
0.46876187624751 -152.630959718355 -610.523838873421
0.469161077844317 -152.501088495642 -610.004353982567
0.469560279441123 -152.371438095627 -609.485752382509
0.469959481037929 -152.242007955718 -608.96803182287
0.470358682634736 -152.112797514957 -608.451190059827
0.470757884231542 -151.983806214453 -607.935224857811
0.471157085828349 -151.855033497237 -607.420133988947
0.471556287425155 -151.72647880819 -606.905915232761
0.471955489021961 -151.598141593975 -606.392566375901
0.472354690618768 -151.470021303389 -605.880085213556
0.472753892215574 -151.342117386938 -605.368469547752
0.473153093812381 -151.214429296766 -604.857717187064
0.473552295409187 -151.086956486939 -604.347825947758
0.473951497005993 -150.959698413802 -603.83879365521
0.4743506986028 -150.832654535052 -603.330618140209
0.474749900199606 -150.705824310522 -602.823297242088
0.475149101796413 -150.579207201397 -602.316828805589
0.475548303393219 -150.452802671142 -601.811210684569
0.475947504990025 -150.326610184859 -601.306440739434
0.476346706586832 -150.200629209214 -600.802516836856
0.476745908183638 -150.074859213084 -600.299436852335
0.477145109780444 -149.949299666767 -599.797198667066
0.477544311377251 -149.823950042768 -599.295800171074
0.477943512974057 -149.698809814806 -598.795239259223
0.478342714570864 -149.57387845866 -598.295513834638
0.47874191616767 -149.449155452104 -597.796621808417
0.479141117764476 -149.324640274196 -597.298561096785
0.479540319361283 -149.200332405985 -596.801329623939
0.479939520958089 -149.076231330015 -596.304925320059
0.480338722554896 -148.952336530824 -595.809346123297
0.480737924151702 -148.828647494375 -595.314589977502
0.481137125748508 -148.705163708766 -594.820654835065
0.481536327345315 -148.581884663305 -594.327538653221
0.481935528942121 -148.458809849365 -593.835239397461
0.482334730538928 -148.335938759743 -593.343755038973
0.482733932135734 -148.213270888945 -592.85308355578
0.48313313373254 -148.090805733398 -592.363222933594
0.483532335329347 -147.968542790884 -591.874171163537
0.483931536926153 -147.846481560963 -591.385926243854
0.48433073852296 -147.724621544976 -590.898486179904
0.484729940119766 -147.6029622459 -590.411848983601
0.485129141716572 -147.481503167782 -589.926012671129
0.485528343313379 -147.360243817231 -589.440975268924
0.485927544910185 -147.239183701852 -588.95673480741
0.486326746506992 -147.118322331032 -588.473289324128
0.486725948103798 -146.997659215793 -587.990636863173
0.487125149700604 -146.877193868583 -587.508775474333
0.487524351297411 -146.756925803558 -587.027703214231
0.487923552894217 -146.636854536653 -586.547418146611
0.488322754491024 -146.516979585299 -586.067918341196
0.48872195608783 -146.397300468209 -585.589201872836
0.489121157684636 -146.27781670616 -585.11126682464
0.489520359281443 -146.158527820855 -584.634111283419
0.489919560878249 -146.039433335847 -584.157733343387
0.490318762475056 -145.920532776826 -583.682131107304
0.490717964071862 -145.801825670123 -583.207302680492
0.491117165668668 -145.683311544275 -582.7332461771
0.491516367265475 -145.564989928746 -582.259959714982
0.491915568862281 -145.446860355133 -581.787441420533
0.492314770459088 -145.328922356034 -581.315689424136
0.492713972055894 -145.211175466037 -580.844701864148
0.4931131736527 -145.093619220942 -580.374476883768
0.493512375249507 -144.976253157972 -579.905012631889
0.493911576846313 -144.859076816132 -579.436307264526
0.49431077844312 -144.742089735776 -578.968358943103
0.494709980039926 -144.625291458614 -578.501165834455
0.495109181636732 -144.508681528135 -578.034726112538
0.495508383233539 -144.392259488966 -577.569037955864
0.495907584830345 -144.276024887373 -577.104099549493
0.496306786427152 -144.159977271046 -576.639909084185
0.496705988023958 -144.04411618924 -576.176464756961
0.497105189620764 -143.928441192493 -575.713764769971
0.497504391217571 -143.812951832907 -575.251807331629
0.497903592814377 -143.697647663869 -574.790590655475
0.498302794411184 -143.582528240471 -574.330112961884
0.49870199600799 -143.467593118876 -573.870372475504
0.499101197604796 -143.35284185674 -573.411367426962
0.4993007984032 -143.295535035125 -573.182140140499
