0 133.119506898429
0.0003 133.119506898429
0.0006 133.119515380603
0.0009 133.11955100438
0.0012 133.119630971743
0.0015 133.119772317964
0.0018 133.119992027304
0.0021 133.12030705832
0.0024 133.120734351101
0.0027 133.121290829179
0.003 133.121993399495
0.0033 133.122858951519
0.0036 133.123904355966
0.0039 133.125146463317
0.0042 133.126602102216
0.0045 133.128288077804
0.0048 133.130221170015
0.0051 133.132418131843
0.0054 133.134895687603
0.0057 133.137670531174
0.006 133.140759324241
0.0063 133.144178694535
0.0066 133.147945234069
0.0069 133.152075497376
0.0072 133.156585999751
0.0075 133.161493215489
0.0078 133.166813576133
0.0081 133.172563468716
0.0084 133.178759234016
0.0087 133.185417164809
0.009 133.192553504126
0.0093 133.200184443518
0.0096 133.208326121322
0.0099 133.216994620931
0.0102 133.226205969078
0.0105 133.235976134111
0.0108 133.246321024284
0.0111 133.25725648605
0.0114 133.268798302362
0.0117 133.280962190976
0.012 133.293763802761
0.0123 133.307218720023
0.0126 133.32134245482
0.0129 133.3361504473
0.0132 133.351658064036
0.0135 133.367880596371
0.0138 133.384833258768
0.0141 133.402531187173
0.0144 133.420989437377
0.0147 133.440222983392
0.015 133.460246715835
0.0153 133.481075440315
0.0156 133.502723875831
0.0159 133.52520665318
0.0162 133.548538313372
0.0165 133.572733306049
0.0168 133.597805987922
0.0171 133.62377062121
0.0174 133.650641372086
0.0177 133.678432309143
0.018 133.707157401857
0.0183 133.736830519064
0.0186 133.767465427453
0.0189 133.799075790057
0.0192 133.831675164763
0.0195 133.865277002827
0.0198 133.899894647404
0.0201 133.935541332082
0.0204 133.972230179433
0.0207 134.00997419957
0.021 134.048786288715
0.0213 134.088679227782
0.0216 134.129665680965
0.0219 134.171758194343
0.0222 134.214969194491
0.0225 134.259310987107
0.0228 134.304795755648
0.0231 134.351435559976
0.0234 134.399242335023
0.0237 134.448227889455
0.024 134.498403904366
0.0243 134.549781931965
0.0246 134.602373394289
0.0249 134.656189581924
0.0252 134.711241652736
0.0255000000000001 134.76754063062
0.0258000000000001 134.825097404259
0.0261000000000001 134.883922725891
0.0264000000000001 134.9440272101
0.0267000000000001 135.005421332612
0.0270000000000001 135.068115429104
0.0273000000000001 135.132119694033
0.0276000000000001 135.19744417947
0.0279000000000001 135.264098793954
0.0282000000000001 135.332093301359
0.0285000000000001 135.401437319771
0.0288000000000001 135.472140320383
0.0291000000000001 135.544211626399
0.0294000000000001 135.617660411962
0.0297000000000001 135.692495701086
0.0300000000000001 135.768726366603
0.0303000000000001 135.846361129136
0.0306000000000001 135.92540855607
0.0309000000000001 136.005877060552
0.0312000000000001 136.087774900495
0.0315000000000001 136.171110177607
0.0318000000000001 136.255890836425
0.0321000000000001 136.342124663368
0.0324000000000001 136.429819285812
0.0327000000000001 136.518982171167
0.0330000000000001 136.609620625982
0.0333000000000001 136.701741795054
0.0336000000000001 136.795352660563
0.0339000000000001 136.890460041218
0.0342000000000001 136.987070591414
0.0345000000000001 137.085190800415
0.0348000000000001 137.184826991541
0.0351000000000001 137.285985321384
0.0354000000000001 137.388671779026
0.0357000000000001 137.492892185287
0.0360000000000001 137.598652191976
0.0363000000000001 137.70595728117
0.0366000000000001 137.814812764499
0.0369000000000001 137.925223782456
0.0372000000000001 138.037195303718
0.0375000000000001 138.150732124484
0.0378000000000001 138.265838867831
0.0381000000000001 138.382519983091
0.0384000000000001 138.500779745233
0.0387000000000001 138.620622254271
0.0390000000000001 138.742051434692
0.0393000000000001 138.865071034885
0.0396000000000001 138.989684626609
0.0399000000000001 139.115895604457
0.0402000000000001 139.243707185352
0.0405000000000001 139.373122408051
0.0408000000000001 139.504144132674
0.0411000000000001 139.636775040241
0.0414000000000001 139.771017632235
0.0417000000000001 139.906874230175
0.0420000000000001 140.044346975213
0.0423000000000001 140.183437827742
0.0426000000000001 140.324148567029
0.0429000000000001 140.466480790854
0.0432000000000001 140.610435915182
0.0435000000000001 140.756015173836
0.0438000000000002 140.903219618201
0.0441000000000002 141.052050116937
0.0444000000000002 141.202507355715
0.0447000000000002 141.354591836968
0.0450000000000002 141.508303879658
0.0453000000000002 141.663643619065
0.0456000000000002 141.820611006593
0.0459000000000002 141.979205809586
0.0462000000000002 142.139427611178
0.0465000000000002 142.301275810141
0.0468000000000002 142.464749620767
0.0471000000000002 142.62984807276
0.0474000000000002 142.796570011145
0.0477000000000002 142.964914096203
0.0480000000000002 143.134878803411
0.0483000000000002 143.306462423413
0.0486000000000002 143.479663061999
0.0489000000000002 143.654478640109
0.0492000000000002 143.830906893849
0.0495000000000002 144.008945374528
0.0498000000000002 144.188591448716
0.0501000000000002 144.369842298312
0.0504000000000002 144.552694920636
0.0507000000000002 144.737146128538
0.0510000000000002 144.923192550524
0.0513000000000002 145.110830630899
0.0516000000000002 145.30005662993
0.0519000000000002 145.490866624027
0.0522000000000002 145.683256505936
0.0525000000000002 145.877221984961
0.0528000000000002 146.072758587193
0.0531000000000002 146.269861655762
0.0534000000000002 146.468526351106
0.0537000000000002 146.66874765126
0.0540000000000002 146.870520352156
0.0543000000000002 147.07383906795
0.0546000000000002 147.27869823136
0.0549000000000002 147.485092094022
0.0552000000000002 147.693014726867
0.0555000000000002 147.902460020516
0.0558000000000002 148.113421685686
0.0561000000000002 148.325893253621
0.0564000000000002 148.539868076539
0.0567000000000002 148.755339328089
0.0570000000000002 148.97230000384
0.0573000000000002 149.190742921771
0.0576000000000002 149.410660722794
0.0579000000000002 149.632045871279
0.0582000000000002 149.854890655609
0.0585000000000002 150.079187188746
0.0588000000000002 150.304927408814
0.0591000000000002 150.532103079704
0.0594000000000002 150.760705791688
0.0597000000000002 150.990726962058
0.0600000000000002 151.222157835776
0.0603000000000002 151.454989486146
0.0606000000000002 151.689212815499
0.0609000000000002 151.924818555898
0.0612000000000002 152.161797269855
0.0615000000000002 152.40013935107
0.0618000000000003 152.639835025181
0.0621000000000003 152.88087435054
0.0624000000000003 153.123247218994
0.0627000000000003 153.366943356689
0.0630000000000003 153.611952324888
0.0633000000000002 153.858263520811
0.0636000000000002 154.105866178482
0.0639000000000002 154.354749369597
0.0642000000000002 154.604902004409
0.0645000000000002 154.85631283263
0.0648000000000002 155.108970444342
0.0651000000000002 155.362863270931
0.0654000000000002 155.617979586035
0.0657000000000002 155.874307506504
0.0660000000000002 156.131834993384
0.0663000000000002 156.390549852903
0.0666000000000002 156.650439737487
0.0669000000000002 156.911492146783
0.0672000000000002 157.173694428696
0.0675000000000002 157.437033780447
0.0678000000000002 157.701497249644
0.0681000000000002 157.967071735362
0.0684000000000002 158.233743989249
0.0687000000000001 158.501500616636
0.0690000000000001 158.770328077668
0.0693000000000001 159.040212688447
0.0696000000000001 159.311140622192
0.0699000000000001 159.58309791041
0.0702000000000001 159.856070444083
0.0705000000000001 160.130043974868
0.0708000000000001 160.405004116314
0.0711000000000001 160.68093634509
0.0714000000000001 160.957826002228
0.0717000000000001 161.235658294376
0.0720000000000001 161.514418295074
0.0723000000000001 161.794090946033
0.0726000000000001 162.074661058433
0.0729000000000001 162.356113314233
0.0732000000000001 162.638432267494
0.0735000000000001 162.921602345715
0.0738000000000001 163.205607851183
0.0741000000000001 163.490432962334
0.0744 163.776061735126
0.0747 164.06247810443
0.075 164.349665885425
0.0753 164.637608775011
0.0756 164.926290353234
0.0759 165.215694084721
0.0762 165.505803320127
0.0765 165.796601297594
0.0768 166.088071144224
0.0771 166.380195877561
0.0774 166.672958407081
0.0777 166.966341535704
0.078 167.260327961305
0.0783 167.55490027824
0.0786 167.85004097889
0.0789 168.145732455204
0.0792 168.44195700026
0.0795 168.738696809835
0.0798 169.035933983983
0.0800999999999999 169.333650528628
0.0803999999999999 169.631828357161
0.0806999999999999 169.93044929205
0.0809999999999999 170.229495066459
0.0812999999999999 170.528947325879
0.0815999999999999 170.828787629765
0.0818999999999999 171.12899745318
0.0821999999999999 171.429558188459
0.0824999999999999 171.730451146866
0.0827999999999999 172.031657560274
0.0830999999999999 172.333158582846
0.0833999999999999 172.634935292725
0.0836999999999999 172.936968693737
0.0839999999999999 173.239239717094
0.0842999999999999 173.541729223113
0.0845999999999999 173.84441800294
0.0848999999999999 174.147286780279
0.0851999999999999 174.450316213131
0.0854999999999999 174.753486895544
0.0857999999999998 175.056779359361
0.0860999999999998 175.360174075984
0.0863999999999998 175.663651458141
0.0866999999999998 175.967191861659
0.0869999999999998 176.270775587245
0.0872999999999998 176.574382882274
0.0875999999999998 176.877993942581
0.0878999999999998 177.181588914261
0.0881999999999998 177.485147895477
0.0884999999999998 177.788650938265
0.0887999999999998 178.092078050357
0.0890999999999998 178.395409196999
0.0893999999999998 178.698624302781
0.0896999999999998 179.001703253467
0.0899999999999998 179.304625897836
0.0902999999999998 179.60737204952
0.0905999999999998 179.909921488853
0.0908999999999998 180.212253964723
0.0911999999999998 180.514349196424
0.0914999999999997 180.816186875521
0.0917999999999997 181.117746667707
0.0920999999999997 181.419008214676
0.0923999999999997 181.71995113599
0.0926999999999997 182.020555030954
0.0929999999999997 182.320799480493
0.0932999999999997 182.620664049034
0.0935999999999997 182.920128286388
0.0938999999999997 183.219171729635
0.0941999999999997 183.517773905016
0.0944999999999997 183.815914329819
0.0947999999999997 184.113572514275
0.0950999999999997 184.410727963454
0.0953999999999997 184.707360179159
0.0956999999999997 185.003448661827
0.0959999999999997 185.298972912427
0.0962999999999997 185.593912434364
0.0965999999999997 185.888246735378
0.0968999999999997 186.181955329451
0.0971999999999996 186.475017738709
0.0974999999999996 186.767413495327
0.0977999999999996 187.059122143435
0.0980999999999996 187.350123241024
0.0983999999999996 187.64039636185
0.0986999999999996 187.929921097341
0.0989999999999996 188.218677058503
0.0992999999999996 188.50664387782
0.0995999999999996 188.793801211167
0.0998999999999996 189.080128739703
0.1002 189.365606171782
0.1005 189.650213244851
0.1008 189.933929727348
0.1011 190.216735420604
0.1014 190.49861016074
0.1017 190.779533820556
0.102 191.059486311432
0.1023 191.338447585214
0.1026 191.616397636103
0.1029 191.893316502541
0.1032 192.169184269096
0.1035 192.443981068339
0.1038 192.717687082723
0.1041 192.990282546457
0.1044 193.261747747376
0.1047 193.532063028809
0.105 193.801208791438
0.1053 194.069165495165
0.105599999999999 194.335913660958
0.105899999999999 194.601433872709
0.106199999999999 194.865706779077
0.106499999999999 195.128713095328
0.106799999999999 195.390433605177
0.107099999999999 195.650849162615
0.107399999999999 195.90994069374
0.107699999999999 196.167689198574
0.107999999999999 196.424075752883
0.108299999999999 196.679081509984
0.108599999999999 196.932687702553
0.108899999999999 197.184875644421
0.109199999999999 197.435626732366
0.109499999999999 197.684922447902
0.109799999999999 197.932744359056
0.110099999999999 198.179074122143
0.110399999999999 198.423893483527
0.110699999999999 198.667184281388
0.110999999999999 198.90892844747
0.111299999999999 199.149108008821
0.111599999999999 199.387705089541
0.111899999999999 199.6247019125
0.112199999999999 199.860080801068
0.112499999999999 200.093824180826
0.112799999999999 200.325914581269
0.113099999999999 200.55633463751
0.113399999999999 200.78506709196
0.113699999999999 201.012094796017
0.113999999999999 201.237400711732
0.114299999999999 201.460967913474
0.114599999999999 201.682779589582
0.114899999999999 201.902819044012
0.115199999999999 202.121069697969
0.115499999999999 202.337515091534
0.115799999999999 202.55213888528
0.116099999999999 202.764924861877
0.116399999999999 202.975856927689
0.116699999999999 203.184919114359
0.116999999999999 203.392095580383
0.117299999999999 203.597370612678
0.117599999999999 203.800728628137
0.117899999999999 204.002154175167
0.118199999999999 204.201631935229
0.118499999999999 204.399146724355
0.118799999999999 204.59468349466
0.119099999999999 204.788227335841
0.119399999999999 204.979763476667
0.119699999999999 205.169277286453
0.119999999999999 205.356754276524
0.120299999999999 205.54218010167
0.120599999999999 205.725540561586
0.120899999999999 205.906821602297
0.121199999999999 206.08600931758
0.121499999999999 206.263089950365
0.121799999999999 206.438049894124
0.122099999999999 206.610875694253
0.122399999999999 206.781554049437
0.122699999999999 206.950071813
0.122999999999999 207.116415994249
0.123299999999999 207.280573759797
0.123599999999999 207.442532434879
0.123899999999999 207.602279504648
0.124199999999999 207.759802615464
0.124499999999999 207.915089576166
0.124799999999999 208.06812835933
0.125099999999999 208.218907102514
0.125399999999999 208.367414109487
0.125699999999999 208.513637851449
0.125999999999999 208.657566968228
0.126299999999999 208.799190269472
0.126599999999999 208.938496735819
0.126899999999999 209.075475520057
0.127199999999999 209.210115948269
0.127499999999999 209.342407520957
0.127799999999999 209.472339914163
0.128099999999999 209.599902980559
0.128399999999999 209.725086750538
0.128699999999999 209.84788143328
0.128999999999999 209.9682774178
0.129299999999999 210.086265273994
0.129599999999999 210.201835753654
0.129899999999999 210.314979791474
0.130199999999999 210.425688506045
0.130499999999999 210.533953200824
0.130799999999999 210.639765365097
0.131099999999999 210.743116674915
0.131399999999999 210.843998994027
0.131699999999999 210.942404374783
0.131999999999999 211.038325059033
0.132299999999999 211.131753478999
0.132599999999999 211.222682258138
0.132899999999999 211.311104211985
0.133199999999999 211.397012348981
0.133499999999999 211.480399871279
0.133799999999999 211.561260175543
0.134099999999999 211.639586853719
0.134399999999999 211.715373693799
0.134699999999999 211.788614680557
0.134999999999999 211.859303996281
0.135299999999999 211.927436021475
0.135599999999999 211.993005335551
0.135899999999999 212.056006717504
0.136199999999999 212.116435146563
0.136499999999999 212.174285802833
0.136799999999999 212.229554067912
0.137099999999999 212.282235525497
0.137399999999999 212.332325961965
0.137699999999999 212.379821366943
0.137999999999999 212.424717933854
0.138299999999999 212.467012060453
0.138599999999999 212.506700349334
0.138899999999999 212.54377960843
0.139199999999999 212.57824685149
0.139499999999999 212.610099298535
0.139799999999999 212.639334376299
0.140099999999999 212.665949718656
0.140399999999999 212.689943167019
0.140699999999999 212.711312770729
0.140999999999999 212.730056787422
0.141299999999999 212.746173683376
0.141599999999999 212.759662133846
0.141899999999999 212.770521023372
0.142199999999999 212.778749446077
0.142499999999999 212.784346705936
0.142799999999999 212.787312317039
0.143099999999999 212.787646003826
0.143399999999999 212.785347701306
0.143699999999999 212.780417555257
0.143999999999999 212.77285592241
0.144299999999999 212.762663370612
0.144599999999999 212.749840678967
0.144899999999999 212.734388837967
0.145199999999999 212.716309049592
0.145499999999999 212.695602727406
0.145799999999999 212.672271496619
0.146099999999999 212.646317194142
0.146399999999999 212.617741868615
0.146699999999999 212.586547780423
0.146999999999999 212.552737401687
0.147299999999999 212.516313416239
0.147599999999999 212.477278719582
0.147899999999999 212.435636418819
0.148199999999999 212.391389832578
0.148499999999999 212.344542490909
0.148799999999999 212.295098135164
0.149099999999999 212.243060717857
0.149399999999999 212.18843440251
0.149699999999999 212.131223563472
0.149999999999999 212.07143278573
0.150299999999999 212.009066864686
0.150599999999999 211.944130805931
0.150899999999999 211.876629824993
0.151199999999999 211.806569347061
0.151499999999999 211.7339550067
0.151799999999999 211.658792647539
0.152099999999999 211.58108832195
0.152399999999999 211.500848290693
0.152699999999999 211.418079022559
0.152999999999999 211.332787193984
0.153299999999999 211.244979688644
0.153599999999999 211.15466359704
0.153899999999999 211.061846216053
0.154199999999999 210.966535048489
0.154499999999999 210.868737802601
0.154799999999999 210.768462391595
0.155099999999999 210.665716933116
0.155399999999999 210.560509748715
0.155699999999999 210.452849363299
0.155999999999999 210.342744504562
0.156299999999999 210.2302041024
0.156599999999999 210.115237288298
0.156899999999999 209.997853394717
0.157199999999999 209.878061954443
0.157499999999999 209.755872699931
0.157799999999999 209.631295562624
0.158099999999999 209.504340672261
0.158399999999999 209.375018356159
0.158699999999999 209.24333913848
0.158999999999999 209.109313739485
0.159299999999999 208.972953074762
0.159599999999999 208.834268254442
0.159899999999999 208.693270582395
0.160199999999999 208.549971555409
0.160499999999999 208.404382862352
0.160799999999999 208.256516383314
0.161099999999999 208.106384188737
0.161399999999999 207.953998538518
0.161699999999999 207.799371881107
0.161999999999999 207.642516852578
0.162299999999999 207.483446275687
0.162599999999998 207.322173158912
0.162899999999998 207.158710695478
0.163199999999998 206.993072262362
0.163499999999998 206.825271419281
0.163799999999998 206.655321907669
0.164099999999998 206.483237649628
0.164399999999998 206.309032746873
0.164699999999998 206.13272147965
0.164999999999998 205.954318305648
0.165299999999998 205.773837858883
0.165599999999998 205.591294948578
0.165899999999998 205.406704558019
0.166199999999998 205.220081843397
0.166499999999998 205.031442132632
0.166799999999998 204.840800924187
0.167099999999998 204.648173885861
0.167399999999998 204.453576853568
0.167699999999998 204.257025830098
0.167999999999998 204.058536983871
0.168299999999998 203.858126647662
0.168599999999998 203.655811317326
0.168899999999998 203.451607650493
0.169199999999998 203.245532465263
0.169499999999998 203.037602738872
0.169799999999998 202.827835606353
0.170099999999998 202.616248359178
0.170399999999998 202.402858443887
0.170699999999998 202.187683460704
0.170999999999998 201.970741162131
0.171299999999998 201.75204945154
0.171599999999998 201.531626381742
0.171899999999998 201.309490153542
0.172199999999998 201.085659114288
0.172499999999998 200.860151756397
0.172799999999998 200.632986715872
0.173099999999998 200.404182770807
0.173399999999998 200.173758839875
0.173699999999998 199.941733980804
0.173999999999998 199.708127388842
0.174299999999998 199.472958395208
0.174599999999998 199.236246465527
0.174899999999998 198.998011198257
0.175199999999998 198.758272323101
0.175499999999998 198.517049699409
0.175799999999998 198.274363314562
0.176099999999998 198.03023328235
0.176399999999998 197.784679841338
0.176699999999998 197.537723353213
0.176999999999998 197.289384301128
0.177299999999998 197.039683288029
0.177599999999998 196.788641034975
0.177899999999998 196.536278379439
0.178199999999998 196.282616273608
0.178499999999998 196.027675782663
0.178799999999998 195.771478083054
0.179099999999998 195.514044460765
0.179399999999998 195.25539630956
0.179699999999998 194.995555129228
0.179999999999998 194.734542523817
0.180299999999998 194.472380199849
0.180599999999998 194.209089964536
0.180899999999998 193.944693723982
0.181199999999998 193.679213481371
0.181499999999998 193.412671335152
0.181799999999998 193.145089477214
0.182099999999998 192.876490191046
0.182399999999998 192.606895849897
0.182699999999998 192.336328914917
0.182999999999998 192.0648119333
0.183299999999998 191.79236753641
0.183599999999998 191.519018437903
0.183899999999998 191.244787431839
0.184199999999998 190.969697390787
0.184499999999998 190.693771263924
0.184799999999998 190.417032075119
0.185099999999998 190.139502921023
0.185399999999998 189.861206969134
0.185699999999998 189.582167455874
0.185999999999998 189.302407684639
0.186299999999998 189.021951023863
0.186599999999998 188.740820905056
0.186899999999998 188.45904082085
0.187199999999998 188.17663432303
0.187499999999998 187.893625020564
0.187799999999998 187.610036577623
0.188099999999998 187.325892711598
0.188399999999998 187.041217191113
0.188699999999998 186.756033834025
0.188999999999998 186.470366505427
0.189299999999998 186.184239115643
0.189599999999998 185.897675618218
0.189899999999998 185.6107000079
0.190199999999998 185.323336318625
0.190499999999998 185.035608621489
0.190799999999998 184.747541022723
0.191099999999998 184.459157661658
0.191399999999998 184.170482708694
0.191699999999998 183.881540363253
0.191999999999998 183.592354851742
0.192299999999998 183.302950425505
0.192599999999998 183.013351358773
0.192899999999998 182.723581946608
0.193199999999998 182.433666502856
0.193499999999998 182.143629358081
0.193799999999998 181.853494857508
0.194099999999998 181.563287358962
0.194399999999998 181.2730312308
0.194699999999998 180.982750849847
0.194999999999998 180.692470599329
0.195299999999998 180.402214866797
0.195599999999998 180.112008042066
0.195899999999998 179.821874515134
0.196199999999998 179.531838674114
0.196499999999998 179.241924903157
0.196799999999998 178.952157580382
0.197099999999998 178.662561075798
0.197399999999998 178.373159749227
0.197699999999998 178.083977948234
0.197999999999998 177.795040006051
0.198299999999998 177.506370239497
0.198599999999998 177.217992946911
0.198899999999998 176.929932406077
0.199199999999998 176.642212872147
0.199499999999998 176.354858575574
0.199799999999998 176.067893720044
0.200099999999998 175.7813424804
0.200399999999998 175.495229000581
0.200699999999998 175.209577391556
0.200999999999998 174.924411729257
0.201299999999998 174.639756052522
0.201599999999998 174.355634361035
0.201899999999998 174.07207061327
0.202199999999998 173.789088724435
0.202499999999998 173.506712564426
0.202799999999998 173.224965955774
0.203099999999998 172.943872671606
0.203399999999998 172.663456433602
0.203699999999998 172.383740909956
0.203999999999998 172.104749713344
0.204299999999998 171.826506398899
0.204599999999998 171.549034462176
0.204899999999998 171.272357337142
0.205199999999998 170.996498394151
0.205499999999998 170.721480937939
0.205799999999998 170.44732820561
0.206099999999998 170.174063364644
0.206399999999998 169.901709510891
0.206699999999998 169.630289666586
0.206999999999998 169.359826778363
0.207299999999998 169.090343715271
0.207599999999998 168.821863266807
0.207899999999998 168.554408140943
0.208199999999998 168.288000962168
0.208499999999998 168.022664269534
0.208799999999998 167.758420514703
0.209099999999998 167.495292060011
0.209399999999998 167.233301176532
0.209699999999998 166.97247004215
0.209999999999998 166.712820739642
0.210299999999998 166.454375254763
0.210599999999998 166.197155474343
0.210899999999998 165.941183184389
0.211199999999998 165.6864800682
0.211499999999998 165.433067704484
0.211799999999998 165.180967565484
0.212099999999998 164.93020101512
0.212399999999998 164.680789307131
0.212699999999998 164.432753583228
0.212999999999998 164.18611487126
0.213299999999998 163.940894083386
0.213599999999998 163.697112014256
0.213899999999998 163.454789339201
0.214199999999998 163.213946612438
0.214499999999998 162.974604265278
0.214799999999998 162.736782604346
0.215099999999998 162.500501809816
0.215399999999998 162.26578193365
0.215699999999998 162.032642897848
0.215999999999998 161.801104492716
0.216299999999998 161.571186375134
0.216599999999998 161.342908066845
0.216899999999998 161.116288952746
0.217199999999998 160.8913482792
0.217499999999998 160.668105152349
0.217799999999998 160.446578536448
0.218099999999998 160.226787252205
0.218399999999998 160.008749975133
0.218699999999998 159.79248523392
0.218999999999998 159.5780114088
0.219299999999997 159.365346729951
0.219599999999997 159.15450927589
0.219899999999997 158.945516971894
0.220199999999997 158.738387588422
0.220499999999997 158.533138739564
0.220799999999997 158.329787881485
0.221099999999997 158.1283523109
0.221399999999997 157.928849163553
0.221699999999997 157.731295412705
0.221999999999997 157.53570786765
0.222299999999997 157.342103172229
0.222599999999997 157.150497803369
0.222899999999997 156.960908069632
0.223199999999997 156.773350109776
0.223499999999997 156.587839891335
0.223799999999997 156.404393209208
0.224099999999997 156.223025684269
0.224399999999997 156.043752761985
0.224699999999997 155.866589711052
0.224999999999997 155.691551622049
0.225299999999997 155.518653406099
0.225599999999997 155.347909793554
0.225899999999997 155.17933533269
0.226199999999997 155.012944388417
0.226499999999997 154.848751141007
0.226799999999997 154.686769584838
0.227099999999997 154.527013527151
0.227399999999997 154.369496586824
0.227699999999997 154.214232193166
0.227999999999997 154.061233584717
0.228299999999997 153.910513808076
0.228599999999997 153.762085716736
0.228899999999997 153.615961969944
0.229199999999997 153.472155031568
0.229499999999997 153.330677168987
0.229799999999997 153.191540451998
0.230099999999997 153.054756751735
0.230399999999997 152.92033773961
0.230699999999997 152.788294886268
0.230999999999997 152.658639460559
0.231299999999997 152.531382528531
0.231599999999997 152.406534952434
0.231899999999997 152.284107389748
0.232199999999997 152.164110292223
0.232499999999997 152.046553904941
0.232799999999997 151.931448265392
0.233099999999997 151.81880320257
0.233399999999997 151.708628336087
0.233699999999997 151.600933075302
0.233999999999997 151.495726618471
0.234299999999997 151.393017951918
0.234599999999997 151.292815849213
0.234899999999997 151.195128870381
0.235199999999997 151.099965361125
0.235499999999997 151.007333452059
0.235799999999997 150.917241057976
0.236099999999997 150.829695877118
0.236399999999997 150.744705390476
0.236699999999997 150.662276861103
0.236999999999997 150.582417333449
0.237299999999997 150.505133632708
0.237599999999997 150.430432364196
0.237899999999997 150.358319912735
0.238199999999997 150.288802442067
0.238499999999997 150.221885894274
0.238799999999997 150.157575989236
0.239099999999997 150.095878224086
0.239399999999997 150.036797872703
0.239699999999997 149.980339985212
0.239999999999997 149.92650938751
0.240299999999997 149.87531068081
0.240599999999997 149.8267482412
0.240899999999997 149.780826219228
0.241199999999997 149.737548539504
0.241499999999997 149.696918900316
0.241799999999997 149.658940773277
0.242099999999997 149.62361740298
0.242399999999997 149.59095180668
0.242699999999997 149.560946773995
0.242999999999997 149.533604866621
0.243299999999997 149.508928418071
0.243599999999997 149.48691953344
0.243899999999997 149.467580089175
0.244199999999997 149.450911732876
0.244499999999997 149.436915883118
0.244799999999997 149.425593729281
0.245099999999997 149.416946231416
0.245399999999997 149.410974120113
0.245699999999997 149.40767789641
0.245999999999997 149.407057831697
0.246299999999997 149.409113967665
0.246599999999997 149.413846116257
0.246899999999997 149.421253859644
0.247199999999997 149.431336550227
0.247499999999997 149.44409331065
0.247799999999997 149.459523033837
0.248099999999997 149.477624383051
0.248399999999997 149.49839579197
0.248699999999997 149.521835464784
0.248999999999997 149.547941376309
0.249299999999997 149.576711272128
0.249599999999997 149.608142668746
0.249899999999997 149.642232853765
0.250199999999997 149.678978886082
0.250499999999997 149.718377596105
0.250799999999997 149.760425585989
0.251099999999997 149.805119229895
0.251399999999997 149.85245467426
0.251699999999997 149.902427838099
0.251999999999997 149.955034413319
0.252299999999997 150.010269865051
0.252599999999997 150.06812943201
0.252899999999997 150.128608126868
0.253199999999997 150.191700736649
0.253499999999997 150.257401823142
0.253799999999997 150.325705723339
0.254099999999997 150.396606549883
0.254399999999997 150.470098191549
0.254699999999997 150.546174313727
0.254999999999997 150.624828358945
0.255299999999997 150.706053547393
0.255599999999997 150.789842877478
0.255899999999997 150.876189126394
0.256199999999997 150.965084850711
0.256499999999997 151.056522386987
0.256799999999997 151.150493852394
0.257099999999997 151.246991145366
0.257399999999998 151.346005946268
0.257699999999998 151.44752971808
0.257999999999998 151.551553707104
0.258299999999998 151.658068943687
0.258599999999998 151.767066242962
0.258899999999998 151.878536205614
0.259199999999998 151.992469218658
0.259499999999998 152.108855456238
0.259799999999998 152.227684880449
0.260099999999998 152.348947242166
0.260399999999998 152.472632081908
0.260699999999998 152.598728730706
0.260999999999998 152.727226310997
0.261299999999998 152.858113737534
0.261599999999998 152.991379718314
0.261899999999998 153.127012755527
0.262199999999998 153.265001146517
0.262499999999998 153.40533298477
0.262799999999998 153.547996160909
0.263099999999998 153.692978363718
0.263399999999998 153.840267081176
0.263699999999998 153.989849601509
0.263999999999998 154.141713014265
0.264299999999998 154.295844211402
0.264599999999998 154.452229888394
0.264899999999998 154.610856545355
0.265199999999998 154.77171048818
0.265499999999998 154.934777829703
0.265799999999998 155.100044490875
0.266099999999998 155.267496201949
0.266399999999998 155.437118503697
0.266699999999998 155.608896748631
0.266999999999998 155.782816102245
0.267299999999998 155.958861544277
0.267599999999998 156.137017869979
0.267899999999998 156.317269691414
0.268199999999998 156.499601438761
0.268499999999998 156.683997361635
0.268799999999998 156.870441530435
0.269099999999998 157.058917837691
0.269399999999998 157.249409999441
0.269699999999998 157.441901556612
0.269999999999998 157.636375876431
0.270299999999998 157.832816153833
0.270599999999999 158.031205412899
0.270899999999999 158.231526508305
0.271199999999999 158.433762126782
0.271499999999999 158.637894788594
0.271799999999999 158.843906849034
0.272099999999999 159.051780499928
0.272399999999999 159.261497771158
0.272699999999999 159.473040532196
0.272999999999999 159.686390493659
0.273299999999999 159.901529208868
0.273599999999999 160.118438075433
0.273899999999999 160.337098336836
0.274199999999999 160.557491084048
0.274499999999999 160.779597257137
0.274799999999999 161.003397646912
0.275099999999999 161.228872896559
0.275399999999999 161.45600350331
0.275699999999999 161.684769820107
0.275999999999999 161.915152057292
0.276299999999999 162.147130284304
0.276599999999999 162.380684431387
0.276899999999999 162.615794291318
0.277199999999999 162.852439521136
0.277499999999999 163.090599643895
0.277799999999999 163.330254050416
0.278099999999999 163.571382001067
0.278399999999999 163.813962627538
0.278699999999999 164.057974934639
0.278999999999999 164.303397802105
0.279299999999999 164.550209986411
0.279599999999999 164.798390122601
0.279899999999999 165.047916726128
0.280199999999999 165.298768194701
0.280499999999999 165.550922810144
0.280799999999999 165.804358740271
0.281099999999999 166.059054040761
0.281399999999999 166.314986657052
0.281699999999999 166.572134426239
0.281999999999999 166.830475078988
0.282299999999999 167.089986241452
0.282599999999999 167.350645437202
0.282899999999999 167.612430089163
0.283199999999999 167.875317521568
0.283499999999999 168.139284961905
0.283799999999999 168.40430954289
0.2841 168.670368304438
0.2844 168.937438195644
0.2847 169.205496076774
0.285 169.474518721265
0.2853 169.744482817728
0.2856 170.015364971967
0.2859 170.287141708994
0.2862 170.559789475063
0.2865 170.833284639705
0.2868 171.107603497769
0.2871 171.382722271473
0.2874 171.658617112462
0.2877 171.935264103868
0.288 172.212639262383
0.2883 172.490718540328
0.2886 172.769477827743
0.2889 173.048892954467
0.2892 173.328939692232
0.2895 173.609593756763
0.2898 173.890830809881
0.2901 174.172626461608
0.2904 174.454956272283
0.2907 174.737795754678
0.291 175.02112037612
0.2913 175.30490556062
0.2916 175.589126691
0.2919 175.873759111027
0.2922 176.158778127556
0.2925 176.444159012665
0.2928 176.729877005805
0.2931 177.015907315945
0.2934 177.302225123724
0.2937 177.588805583606
0.294 177.875623826034
0.2943 178.16265495959
0.2946 178.449874073156
0.2949 178.737256238078
0.2952 179.024776510328
0.2955 179.312409932672
0.2958 179.600131536841
0.2961 179.887916345693
0.2964 180.175739375391
0.2967 180.463575637569
0.297 180.751400141506
0.297300000000001 181.039187896297
0.297600000000001 181.326913913028
0.297900000000001 181.614553206945
0.298200000000001 181.902080799632
0.298500000000001 182.189471721178
0.298800000000001 182.476701012351
0.299100000000001 182.763743726773
0.299400000000001 183.050574933083
0.299700000000001 183.337169717113
0.300000000000001 183.451668737
0.300400000000001 183.547001948262
0.300800000000001 183.642208302291
0.301200000000001 183.737288136247
0.301600000000001 183.832241785951
0.302000000000001 183.927069585888
0.302400000000001 184.021771869213
0.302800000000001 184.116348967762
0.303200000000001 184.210801212055
0.303600000000001 184.305128931306
0.304000000000001 184.399332453429
0.304400000000001 184.493412105042
0.304800000000001 184.58736821148
0.305200000000001 184.681201096794
0.305600000000001 184.774911083765
0.306000000000001 184.868498493905
0.306400000000001 184.961963647467
0.306800000000001 185.055306863452
0.307200000000001 185.148528459611
0.307600000000001 185.241628752457
0.308000000000001 185.334608057268
0.308400000000001 185.427466688095
0.308800000000001 185.520204957768
0.309200000000001 185.6128231779
0.309600000000001 185.705321658898
0.310000000000001 185.797700709966
0.310400000000001 185.889960639111
0.310800000000001 185.982101753151
0.311200000000001 186.07412435772
0.311600000000001 186.166028757273
0.312000000000001 186.257815255095
0.312400000000001 186.349484153304
0.312800000000001 186.441035752859
0.313200000000001 186.532470353564
0.313600000000001 186.623788254077
0.314000000000001 186.714989751913
0.314400000000001 186.80607514345
0.314800000000001 186.897044723936
0.315200000000001 186.987898787494
0.315600000000001 187.078637627129
0.316000000000001 187.169261534731
0.316400000000001 187.259770801084
0.316800000000001 187.350165715869
0.317200000000001 187.44044656767
0.317600000000001 187.53061364398
0.318000000000001 187.620667231207
0.318400000000001 187.71060761468
0.318800000000001 187.80043507865
0.319200000000001 187.890149906301
0.319600000000001 187.979752379754
0.320000000000001 188.069242780069
0.320400000000001 188.158621387255
0.320800000000001 188.247888480271
0.321200000000001 188.337044337034
0.321600000000001 188.426089234423
0.322000000000001 188.515023448285
0.322400000000001 188.60384725344
0.322800000000001 188.692560923684
0.323200000000001 188.781164731798
0.323600000000001 188.86965894955
0.324000000000001 188.958043847699
0.324400000000001 189.046319696005
0.324800000000001 189.134486763229
0.325200000000001 189.222545317139
0.325600000000001 189.310495624517
0.326000000000001 189.398337951162
0.326400000000001 189.486072561894
0.326800000000001 189.573699720562
0.327200000000001 189.661219690044
0.327600000000002 189.748632732258
0.328000000000002 189.835939108161
0.328400000000002 189.923139077755
0.328800000000002 190.010232900094
0.329200000000002 190.097220833288
0.329600000000002 190.184103134505
0.330000000000002 190.270880059978
0.330400000000002 190.357551865007
0.330800000000002 190.444118803969
0.331200000000002 190.530581130316
0.331600000000002 190.616939096583
0.332000000000002 190.703192954392
0.332400000000002 190.789342954454
0.332800000000002 190.875389346579
0.333200000000002 190.961332379675
0.333600000000002 191.047172301753
0.334000000000002 191.132909359934
0.334400000000002 191.218543800451
0.334800000000002 191.304075868655
0.335200000000002 191.389505809015
0.335600000000002 191.47483386513
0.336000000000002 191.560060279724
0.336400000000002 191.645185294659
0.336800000000002 191.73020915093
0.337200000000002 191.815132088677
0.337600000000002 191.899954347185
0.338000000000002 191.984676164891
0.338400000000002 192.069297779382
0.338800000000002 192.153819427405
0.339200000000002 192.238241344871
0.339600000000002 192.322563766853
0.340000000000002 192.406786927597
0.340400000000002 192.490911060522
0.340800000000002 192.574936398222
0.341200000000002 192.658863172477
0.341600000000002 192.742691614248
0.342000000000002 192.826421953689
0.342400000000002 192.910054420144
0.342800000000002 192.993589242155
0.343200000000002 193.077026647463
0.343600000000002 193.160366863016
0.344000000000002 193.243610114967
0.344400000000002 193.326756628683
0.344800000000002 193.409806628743
0.345200000000002 193.492760338949
0.345600000000002 193.575617982321
0.346000000000002 193.658379781109
0.346400000000002 193.74104595679
0.346800000000002 193.823616730076
0.347200000000002 193.906092320914
0.347600000000002 193.988472948493
0.348000000000002 194.070758831244
0.348400000000002 194.152950186847
0.348800000000002 194.23504723223
0.349200000000002 194.31705018358
0.349600000000002 194.398959256335
0.350000000000002 194.4807746652
0.350400000000002 194.56249662414
0.350800000000002 194.64412534639
0.351200000000002 194.725661044455
0.351600000000002 194.807103930115
0.352000000000002 194.888454214426
0.352400000000002 194.969712107728
0.352800000000002 195.050877819642
0.353200000000002 195.131951559077
0.353600000000002 195.212933534235
0.354000000000002 195.293823952609
0.354400000000002 195.374623020991
0.354800000000002 195.455330945472
0.355200000000002 195.535947931446
0.355600000000002 195.616474183615
0.356000000000002 195.696909905989
0.356400000000002 195.777255301892
0.356800000000002 195.857510573964
0.357200000000002 195.937675924163
0.357600000000002 196.017751553768
0.358000000000002 196.097737663384
0.358400000000002 196.177634452945
0.358800000000002 196.257442121715
0.359200000000002 196.337160868291
0.359600000000002 196.416790890608
0.360000000000002 196.496332385942
0.360400000000002 196.575785550908
0.360800000000002 196.65515058147
0.361200000000002 196.734427672941
0.361600000000002 196.813617019982
0.362000000000002 196.892718816612
0.362400000000002 196.971733256206
0.362800000000003 197.050660531498
0.363200000000003 197.129500834586
0.363600000000003 197.208254356932
0.364000000000003 197.28692128937
0.364400000000003 197.365501822102
0.364800000000003 197.443996144704
0.365200000000003 197.522404446131
0.365600000000003 197.600726914716
0.366000000000003 197.678963738173
0.366400000000003 197.757115103604
0.366800000000003 197.835181197496
0.367200000000003 197.913162205727
0.367600000000003 197.991058313568
0.368000000000003 198.068869705686
0.368400000000003 198.146596566145
0.368800000000003 198.224239078409
0.369200000000003 198.301797425349
0.369600000000003 198.379271789239
0.370000000000003 198.456662351761
0.370400000000003 198.533969294011
0.370800000000003 198.611192796496
0.371200000000003 198.68833303914
0.371600000000003 198.765390201285
0.372000000000003 198.842364461696
0.372400000000003 198.91925599856
0.372800000000003 198.996064989491
0.373200000000003 199.072791611531
0.373600000000003 199.149436041153
0.374000000000003 199.225998454264
0.374400000000003 199.302479026206
0.374800000000003 199.378877931761
0.375200000000003 199.45519534515
0.375600000000003 199.531431440038
0.376000000000003 199.607586389534
0.376400000000003 199.683660366198
0.376800000000003 199.759653542036
0.377200000000003 199.835566088511
0.377600000000003 199.911398176536
0.378000000000003 199.987149976485
0.378400000000003 200.06282165819
0.378800000000003 200.138413390945
0.379200000000003 200.213925343506
0.379600000000003 200.289357684099
0.380000000000003 200.364710580415
0.380400000000003 200.439984199617
0.380800000000003 200.515178708342
0.381200000000003 200.590294272701
0.381600000000003 200.665331058283
0.382000000000003 200.740289230155
0.382400000000003 200.815168952868
0.382800000000003 200.889970390455
0.383200000000003 200.964693706436
0.383600000000003 201.039339063819
0.384000000000003 201.113906625103
0.384400000000003 201.188396552279
0.384800000000003 201.262809006831
0.385200000000003 201.337144149742
0.385600000000003 201.411402141493
0.386000000000003 201.485583142066
0.386400000000003 201.559687310944
0.386800000000003 201.633714807118
0.387200000000003 201.707665789084
0.387600000000003 201.781540414847
0.388000000000003 201.855338841925
0.388400000000003 201.929061227347
0.388800000000003 202.002707727658
0.389200000000003 202.07627849892
0.389600000000003 202.149773696713
0.390000000000003 202.223193476141
0.390400000000003 202.296537991827
0.390800000000003 202.369807397922
0.391200000000003 202.443001848104
0.391600000000003 202.516121495576
0.392000000000003 202.589166493077
0.392400000000003 202.662136992875
0.392800000000003 202.735033146774
0.393200000000003 202.807855106115
0.393600000000003 202.880603021775
0.394000000000003 202.953277044174
0.394400000000003 203.025877323273
0.394800000000003 203.098404008576
0.395200000000003 203.170857249135
0.395600000000003 203.243237193548
0.396000000000003 203.315543989962
0.396400000000003 203.387777786077
0.396800000000003 203.459938729145
0.397200000000003 203.532026965974
0.397600000000004 203.604042642926
0.398000000000004 203.675985905924
0.398400000000004 203.747856900451
0.398800000000004 203.819655771552
0.399200000000004 203.891382663835
0.399600000000004 203.963037721473
0.400000000000004 204.034621088209
0.400400000000004 204.106132907351
0.400800000000004 204.177573321781
0.401200000000004 204.248942473953
0.401600000000004 204.320240505893
0.402000000000004 204.391467559205
0.402400000000004 204.46262377507
0.402800000000004 204.533709294247
0.403200000000004 204.604724257078
0.403600000000004 204.675668803485
0.404000000000004 204.746543072977
0.404400000000004 204.817347204647
0.404800000000004 204.888081337175
0.405200000000004 204.958745608831
0.405600000000004 205.029340157476
0.406000000000004 205.099865120563
0.406400000000004 205.170320635139
0.406800000000004 205.240706837847
0.407200000000004 205.311023864925
0.407600000000004 205.381271852212
0.408000000000004 205.451450935147
0.408400000000004 205.521561248769
0.408800000000004 205.591602927724
0.409200000000004 205.661576106258
0.409600000000004 205.731480918229
0.410000000000004 205.801317497099
0.410400000000004 205.87108597594
0.410800000000004 205.940786487437
0.411200000000004 206.010419163887
0.411600000000004 206.079984137199
0.412000000000004 206.149481538901
0.412400000000004 206.218911500135
0.412800000000004 206.288274151664
0.413200000000004 206.357569623869
0.413600000000004 206.426798046755
0.414000000000004 206.495959549946
0.414400000000004 206.565054262696
0.414800000000004 206.634082313879
0.415200000000004 206.703043832002
0.415600000000004 206.771938945196
0.416000000000004 206.840767781225
0.416400000000004 206.909530467483
0.416800000000004 206.978227130999
0.417200000000004 207.046857898435
0.417600000000004 207.115422896089
0.418000000000004 207.183922249897
0.418400000000004 207.252356085432
0.418800000000004 207.320724527909
0.419200000000004 207.389027702183
0.419600000000004 207.457265732752
0.420000000000004 207.525438743759
0.420400000000004 207.593546858992
0.420800000000004 207.661590201885
0.421200000000004 207.729568895521
0.421600000000004 207.797483062632
0.422000000000004 207.865332825603
0.422400000000004 207.933118306467
0.422800000000004 208.000839626913
0.423200000000004 208.068496908287
0.423600000000004 208.136090271586
0.424000000000004 208.203619837468
0.424400000000004 208.271085726248
0.424800000000004 208.338488057904
0.425200000000004 208.40582695207
0.425600000000004 208.473102528047
0.426000000000004 208.540314904799
0.426400000000004 208.607464200953
0.426800000000004 208.674550534804
0.427200000000004 208.741574024314
0.427600000000004 208.808534787114
0.428000000000004 208.875432940505
0.428400000000004 208.94226860146
0.428800000000004 209.009041886623
0.429200000000004 209.075752912312
0.429600000000004 209.142401794522
0.430000000000004 209.208988648921
0.430400000000004 209.275513590857
0.430800000000004 209.341976735355
0.431200000000004 209.40837819712
0.431600000000004 209.474718090538
0.432000000000004 209.540996529679
0.432400000000005 209.607213628292
0.432800000000005 209.673369499815
0.433200000000005 209.739464257368
0.433600000000005 209.805498013762
0.434000000000005 209.87147088149
0.434400000000005 209.93738297274
0.434800000000005 210.003234399387
0.435200000000005 210.069025272998
0.435600000000005 210.134755704833
0.436000000000005 210.200425805844
0.436400000000005 210.266035686681
0.436800000000005 210.331585457685
0.437200000000005 210.3970752289
0.437600000000005 210.462505110063
0.438000000000005 210.527875210613
0.438400000000005 210.593185639688
0.438800000000005 210.658436506129
0.439200000000005 210.723627918476
0.439600000000005 210.788759984978
0.440000000000005 210.853832813584
0.440400000000005 210.91884651195
0.440800000000005 210.983801187439
0.441200000000005 211.048696947124
0.441600000000005 211.113533897782
0.442000000000005 211.178312145905
0.442400000000005 211.243031797694
0.442800000000005 211.30769295906
0.443200000000005 211.372295735631
0.443600000000005 211.436840232746
0.444000000000005 211.50132655546
0.444400000000005 211.565754808546
0.444800000000005 211.630125096492
0.445200000000005 211.694437523505
0.445600000000005 211.758692193511
0.446000000000005 211.822889210157
0.446400000000005 211.88702867681
0.446800000000005 211.951110696561
0.447200000000005 212.015135372223
0.447600000000005 212.079102806333
0.448000000000005 212.143013101154
0.448400000000005 212.206866358675
0.448800000000005 212.270662680611
0.449200000000005 212.334402168408
0.449600000000005 212.398084923239
0.450000000000005 212.461711046006
0.450400000000005 212.525280637345
0.450800000000005 212.588793797622
0.451200000000005 212.652250626936
0.451600000000005 212.715651225122
0.452000000000005 212.778995691746
0.452400000000005 212.842284126113
0.452800000000005 212.905516627264
0.453200000000005 212.968693293976
0.453600000000005 213.031814224767
0.454000000000005 213.094879517894
0.454400000000005 213.157889271352
0.454800000000005 213.220843582881
0.455200000000005 213.283742549959
0.455600000000005 213.346586269812
0.456000000000005 213.409374839406
0.456400000000005 213.472108355453
0.456800000000005 213.534786914412
0.457200000000005 213.597410612488
0.457600000000005 213.659979545634
0.458000000000005 213.72249380955
0.458400000000005 213.784953499687
0.458800000000005 213.847358711246
0.459200000000005 213.909709539178
0.459600000000005 213.972006078187
0.460000000000005 214.03424842273
0.460400000000005 214.096436667017
0.460800000000005 214.158570905012
0.461200000000005 214.220651230437
0.461600000000005 214.282677736767
0.462000000000005 214.344650517237
0.462400000000005 214.406569664837
0.462800000000005 214.468435272318
0.463200000000005 214.53024743219
0.463600000000005 214.592006236724
0.464000000000005 214.65371177795
0.464400000000005 214.715364147663
0.464800000000005 214.776963437419
0.465200000000005 214.838509738539
0.465600000000005 214.900003142108
0.466000000000005 214.961443738975
0.466400000000005 215.022831619757
0.466800000000005 215.084166874838
0.467200000000005 215.145449594369
0.467600000000006 215.206679868269
0.468000000000006 215.267857786227
0.468400000000006 215.328983437702
0.468800000000006 215.390056911925
0.469200000000006 215.451078297897
0.469600000000006 215.512047684392
0.470000000000006 215.572965159957
0.470400000000006 215.633830812915
0.470800000000006 215.694644731361
0.471200000000006 215.755407003168
0.471600000000006 215.816117715982
0.472000000000006 215.87677695723
0.472400000000006 215.937384814115
0.472800000000006 215.997941373617
0.473200000000006 216.058446722498
0.473600000000006 216.118900947299
0.474000000000006 216.179304134341
0.474400000000006 216.239656369729
0.474800000000006 216.299957739347
0.475200000000006 216.360208328864
0.475600000000006 216.420408223733
0.476000000000006 216.480557509191
0.476400000000006 216.540656270259
0.476800000000006 216.600704591746
0.477200000000006 216.660702558247
0.477600000000006 216.720650254143
0.478000000000006 216.780547763604
0.478400000000006 216.84039517059
0.478800000000006 216.900192558849
0.479200000000006 216.95994001192
0.479600000000006 217.019637613131
0.480000000000006 217.079285445604
0.480400000000006 217.138883592253
0.480800000000006 217.198432135784
0.481200000000006 217.257931158696
0.481600000000006 217.317380743284
0.482000000000006 217.376780971637
0.482400000000006 217.436131925641
0.482800000000006 217.495433686977
0.483200000000006 217.554686337123
0.483600000000006 217.613889957357
0.484000000000006 217.673044628751
0.484400000000006 217.732150432181
0.484800000000006 217.79120744832
0.485200000000006 217.850215757641
0.485600000000006 217.909175440419
0.486000000000006 217.968086576732
0.486400000000006 218.026949246458
0.486800000000006 218.085763529279
0.487200000000006 218.144529504681
0.487600000000006 218.203247251954
0.488000000000006 218.261916850192
0.488400000000006 218.320538378297
0.488800000000006 218.379111914974
0.489200000000006 218.437637538738
0.489600000000006 218.49611532791
0.490000000000006 218.554545360619
0.490400000000006 218.612927714803
0.490800000000006 218.671262468208
0.491200000000006 218.729549698393
0.491600000000006 218.787789482725
0.492000000000006 218.845981898383
0.492400000000006 218.904127022359
0.492800000000006 218.962224931455
0.493200000000006 219.020275702288
0.493600000000006 219.078279411288
0.494000000000006 219.1362361347
0.494400000000006 219.194145948583
0.494800000000006 219.252008928811
0.495200000000006 219.309825151075
0.495600000000006 219.367594690882
0.496000000000006 219.425317623558
0.496400000000006 219.482994024245
0.496800000000006 219.540623967903
0.497200000000006 219.598207529313
0.497600000000006 219.655744783074
0.498000000000006 219.713235803606
0.498400000000006 219.770680665149
0.498800000000006 219.828079441765
0.499200000000006 219.885432207337
0.499600000000006 219.942739035573
0.500000000000006 220
