0 220.046065666951
0.0272727272727273 220.046065666951
0.0545454545454545 220.045817733067
0.0818181818181818 220.045222691745
0.109090909090909 220.044266375334
0.136363636363636 220.042944061284
0.163636363636364 220.041253602982
0.190909090909091 220.039193844559
0.218181818181818 220.036764092493
0.245454545454545 220.033963898035
0.272727272727273 220.030792954146
0.290909090909091 220.028473572648
0.309090909090909 220.025984216274
0.327272727272727 220.023325420524
0.345454545454546 220.02049763406
0.363636363636364 220.017501236518
0.381818181818182 220.014336551979
0.4 220.011003859301
0.418181818181818 220.007503400164
0.436363636363636 220.003835385394
0.454545454545455 220
