0 133.054665764431
0.000235294117647059 133.054665764431
0.000470588235294118 133.054669856841
0.000705882352941176 133.05468704456
0.000941176470588235 133.054725627935
0.00117647058823529 133.054793827835
0.00141176470588235 133.054899841807
0.00164705882352941 133.055051856623
0.00188235294117647 133.055258052102
0.00211764705882353 133.055526602375
0.00235294117647059 133.055865676194
0.00258823529411765 133.056283436845
0.00282352941176471 133.056788041864
0.00305882352941176 133.057387642653
0.00329411764705882 133.058090384041
0.00352941176470588 133.058904403811
0.00376470588235294 133.05983783221
0.004 133.060898791443
0.00423529411764706 133.062095395163
0.00447058823529412 133.063435747952
0.00470588235294118 133.064927944802
0.00494117647058824 133.066580070592
0.0051764705882353 133.068400199563
0.00541176470588236 133.070396394794
0.00564705882352941 133.072576707676
0.00588235294117647 133.074949177386
0.00611764705882353 133.077521830363
0.00635294117647059 133.08030267978
0.00658823529411765 133.083299725023
0.00682352941176471 133.086520951164
0.00705882352941177 133.089974328438
0.00729411764705883 133.093667811717
0.00752941176470589 133.097609339996
0.00776470588235295 133.10180683586
0.00800000000000001 133.106268204973
0.00823529411764707 133.111001335554
0.00847058823529413 133.116014097858
0.00870588235294118 133.121314343658
0.00894117647058824 133.126909905731
0.0091764705882353 133.13280859734
0.00941176470588236 133.13901821172
0.00964705882352942 133.145546521562
0.00988235294117648 133.152401278505
0.0101176470588235 133.159590212625
0.0103529411764706 133.167121031919
0.0105882352941177 133.175001421804
0.0108235294117647 133.183239044606
0.0110588235294118 133.191841539052
0.0112941176470588 133.200816519771
0.0115294117647059 133.210171576786
0.011764705882353 133.219914275017
0.012 133.230052153774
0.0122352941176471 133.240592726265
0.0124705882352941 133.251543479097
0.0127058823529412 133.262911871777
0.0129411764705883 133.274705336222
0.0131764705882353 133.286931276264
0.0134117647058824 133.299597067162
0.0136470588235294 133.312710055109
0.0138823529411765 133.326277556749
0.0141176470588235 133.340306858687
0.0143529411764706 133.354805217007
0.0145882352941177 133.369779856792
0.0148235294117647 133.385237971641
0.0150588235294118 133.401186723189
0.0152941176470588 133.417633240635
0.0155294117647059 133.434584620264
0.015764705882353 133.452047924975
0.016 133.47003018381
0.0162352941176471 133.488538391487
0.0164705882352941 133.50757950793
0.0167058823529412 133.527160457806
0.0169411764705883 133.547288130062
0.0171764705882353 133.567969377467
0.0174117647058824 133.589211016147
0.0176470588235294 133.611019825136
0.0178823529411765 133.633402545916
0.0181176470588236 133.656365881971
0.0183529411764706 133.679916498331
0.0185882352941177 133.704061021128
0.0188235294117647 133.728806037151
0.0190588235294118 133.754158093402
0.0192941176470589 133.780123696654
0.0195294117647059 133.806709313018
0.019764705882353 133.833921367502
0.02 133.861766243579
0.0202352941176471 133.890250282757
0.0204705882352941 133.91937978415
0.0207058823529412 133.949161004052
0.0209411764705883 133.979600155514
0.0211764705882353 134.010703407922
0.0214117647058824 134.042476886579
0.0216470588235294 134.074926672291
0.0218823529411765 134.10805880095
0.0221176470588236 134.141879263128
0.0223529411764706 134.176394003665
0.0225882352941177 134.211608921267
0.0228235294117647 134.247529868101
0.0230588235294118 134.284162649398
0.0232941176470589 134.321513023053
0.0235294117647059 134.359586699234
0.023764705882353 134.398389339987
0.024 134.437926558851
0.0242352941176471 134.47820392047
0.0244705882352942 134.51922694021
0.0247058823529412 134.561001083781
0.0249411764705883 134.603531766858
0.0251764705882353 134.646824354708
0.0254117647058824 134.69088416182
0.0256470588235294 134.735716451532
0.0258823529411765 134.781326435672
0.0261176470588236 134.827719274194
0.0263529411764706 134.874900074816
0.0265882352941177 134.922873892667
0.0268235294117647 134.971645729933
0.0270588235294118 135.021220535508
0.0272941176470589 135.071603204648
0.0275294117647059 135.122798578623
0.027764705882353 135.174811444385
0.028 135.227646534222
0.0282352941176471 135.281308525429
0.0284705882352942 135.335802039978
0.0287058823529412 135.391131644188
0.0289411764705883 135.447301848401
0.0291764705882353 135.504317106665
0.0294117647058824 135.562181816409
0.0296470588235295 135.620900318139
0.0298823529411765 135.680476895116
0.0301176470588236 135.740915773059
0.0303529411764706 135.802221119833
0.0305882352941177 135.864397045152
0.0308235294117648 135.927447600282
0.0310588235294118 135.991376777746
0.0312941176470589 136.056188511033
0.0315294117647059 136.121886674314
0.031764705882353 136.188475082155
0.032 136.25595748924
0.0322352941176471 136.324337590094
0.0324705882352941 136.393619018808
0.0327058823529412 136.463805348774
0.0329411764705883 136.534900092416
0.0331764705882353 136.606906700928
0.0334117647058824 136.679828564019
0.0336470588235294 136.753669009653
0.0338823529411765 136.828431303803
0.0341176470588235 136.904118650198
0.0343529411764706 136.980734190086
0.0345882352941176 137.058281001988
0.0348235294117647 137.136762101463
0.0350588235294118 137.216180440878
0.0352941176470588 137.296538909175
0.0355294117647059 137.37784033165
0.0357647058823529 137.460087469726
0.036 137.543283020741
0.036235294117647 137.62742961773
0.0364705882352941 137.712529829218
0.0367058823529412 137.79858615901
0.0369411764705882 137.885601045993
0.0371764705882353 137.973576863932
0.0374117647058823 138.06251592128
0.0376470588235294 138.152420460984
0.0378823529411764 138.2432926603
0.0381176470588235 138.335134630608
0.0383529411764705 138.427948417233
0.0385882352941176 138.52173599927
0.0388235294117647 138.616499289414
0.0390588235294117 138.712240133789
0.0392941176470588 138.808960311788
0.0395294117647058 138.906661535909
0.0397647058823529 139.005345451604
0.0399999999999999 139.105013637125
0.040235294117647 139.205667603376
0.040470588235294 139.307308793768
0.0407058823529411 139.409938584082
0.0409411764705882 139.513558282333
0.0411764705882352 139.618169128635
0.0414117647058823 139.723772295075
0.0416470588235293 139.830368885592
0.0418823529411764 139.937959935854
0.0421176470588234 140.046546413141
0.0423529411764705 140.156129216238
0.0425882352941175 140.266709175325
0.0428235294117646 140.378287051873
0.0430588235294117 140.490863538544
0.0432941176470587 140.604439259098
0.0435294117647058 140.719014768302
0.0437647058823528 140.834590551838
0.0439999999999999 140.951167026227
0.0442352941176469 141.068744538745
0.044470588235294 141.187323367348
0.044705882352941 141.306903720606
0.0449411764705881 141.427485737632
0.0451764705882352 141.54906948802
0.0454117647058822 141.671654971789
0.0456470588235293 141.795242119325
0.0458823529411763 141.919830791337
0.0461176470588234 142.045420778804
0.0463529411764704 142.172011802938
0.0465882352941175 142.299603515144
0.0468235294117645 142.428195496989
0.0470588235294116 142.55778726017
0.0472941176470587 142.688378246489
0.0475294117647057 142.819967827835
0.0477647058823528 142.952555306164
0.0479999999999998 143.086139913486
0.0482352941176469 143.220720811861
0.0484705882352939 143.356297093388
0.048705882352941 143.49286778021
0.0489411764705881 143.630431824517
0.0491764705882351 143.768988108551
0.0494117647058822 143.908535444622
0.0496470588235292 144.049072575125
0.0498823529411763 144.190598172555
0.0501176470588233 144.333110839539
0.0503529411764704 144.476609108859
0.0505882352941174 144.62109144349
0.0508235294117645 144.766556236633
0.0510588235294116 144.913001811759
0.0512941176470586 145.060426422657
0.0515294117647057 145.208828253476
0.0517647058823527 145.358205418789
0.0519999999999998 145.508555963642
0.0522352941176468 145.659877863622
0.0524705882352939 145.812169024924
0.0527058823529409 145.965427284416
0.052941176470588 146.119650409718
0.0531764705882351 146.274836099282
0.0534117647058821 146.430981982471
0.0536470588235292 146.588085619648
0.0538823529411762 146.746144502269
0.0541176470588233 146.905156052977
0.0543529411764703 147.065117625699
0.0545882352941174 147.226026505755
0.0548235294117644 147.38787990996
0.0550588235294115 147.550674986743
0.0552941176470586 147.714408816253
0.0555294117647056 147.879078410491
0.0557647058823527 148.044680713422
0.0559999999999997 148.211212601113
0.0562352941176468 148.378670881862
0.0564705882352938 148.547052296331
0.0567058823529409 148.716353517692
0.0569411764705879 148.886571151767
0.057176470588235 149.057701737181
0.0574117647058821 149.22974174551
0.0576470588235291 149.402687581441
0.0578823529411762 149.576535582931
0.0581176470588232 149.751282021371
0.0583529411764703 149.92692310176
0.0585882352941173 150.103454962869
0.0588235294117644 150.280873677425
0.0590588235294114 150.459175252288
0.0592941176470585 150.638355628638
0.0595294117647056 150.818410682161
0.0597647058823526 150.999336223243
0.0599999999999997 151.181127997167
0.0602352941176467 151.363781684314
0.0604705882352938 151.547292900364
0.0607058823529408 151.731657196508
0.0609411764705879 151.916870059658
0.061176470588235 152.102926912666
0.061411764705882 152.28982311454
0.0616470588235291 152.477553960669
0.0618823529411761 152.666114683054
0.0621176470588232 152.855500450535
0.0623529411764702 153.045706369029
0.0625882352941173 153.236727481768
0.0628235294117643 153.428558769543
0.0630588235294114 153.62119515095
0.0632941176470585 153.814631482642
0.0635294117647055 154.008862559581
0.0637647058823526 154.203883115297
0.0639999999999996 154.399687822151
0.0642352941176467 154.596271291599
0.0644705882352937 154.793628074462
0.0647058823529408 154.991752661199
0.0649411764705878 155.190639482185
0.0651764705882349 155.390282907987
0.065411764705882 155.590677249652
0.065647058823529 155.791816758993
0.0658823529411761 155.993695628883
0.0661176470588231 156.196307993543
0.0663529411764702 156.399647928847
0.0665882352941172 156.603709452624
0.0668235294117643 156.808486524956
0.0670588235294114 157.013973048497
0.0672941176470584 157.220162868778
0.0675294117647055 157.427049774528
0.0677647058823525 157.63462749799
0.0679999999999996 157.842889715246
0.0682352941176466 158.051830046544
0.0684705882352937 158.261442056625
0.0687058823529407 158.471719255061
0.0689411764705878 158.682655096587
0.0691764705882349 158.894242981444
0.0694117647058819 159.106476255722
0.069647058823529 159.319348211707
0.069882352941176 159.53285208823
0.0701176470588231 159.746981071021
0.0703529411764701 159.961728293066
0.0705882352941172 160.177086834968
0.0708235294117642 160.393049725309
0.0710588235294113 160.609609941017
0.0712941176470584 160.826760407733
0.0715294117647054 161.044494000189
0.0717647058823525 161.262803542582
0.0719999999999995 161.481681808949
0.0722352941176466 161.701121523557
0.0724705882352936 161.921115361281
0.0727058823529407 162.141655947998
0.0729411764705877 162.362735860975
0.0731764705882348 162.584347629266
0.0734117647058819 162.806483734108
0.0736470588235289 163.029136609323
0.073882352941176 163.252298641718
0.074117647058823 163.475962171499
0.0743529411764701 163.700119492672
0.0745882352941171 163.92476285346
0.0748235294117642 164.149884456717
0.0750588235294112 164.37547646035
0.0752941176470583 164.601530977731
0.0755294117647054 164.828040078129
0.0757647058823524 165.054995787135
0.0759999999999995 165.282390087088
0.0762352941176465 165.51021491751
0.0764705882352936 165.738462175539
0.0767058823529406 165.967123716368
0.0769411764705877 166.196191353685
0.0771764705882347 166.425656860115
0.0774117647058818 166.655511967664
0.0776470588235289 166.885748368172
0.0778823529411759 167.116357713758
0.078117647058823 167.347331617275
0.07835294117647 167.578661652767
0.0785882352941171 167.810339355926
0.0788235294117641 168.042356224553
0.0790588235294112 168.274703719021
0.0792941176470583 168.507373262739
0.0795294117647053 168.740356242622
0.0797647058823524 168.973644009561
0.0799999999999994 169.207227878893
0.0802352941176465 169.441099130881
0.0804705882352935 169.675249011185
0.0807058823529406 169.909668731346
0.0809411764705876 170.144349469265
0.0811764705882347 170.379282369689
0.0814117647058818 170.614458544696
0.0816470588235288 170.849869074183
0.0818823529411759 171.085505006357
0.0821176470588229 171.321357358226
0.08235294117647 171.557417116095
0.082588235294117 171.793675236063
0.0828235294117641 172.03012264452
0.0830588235294111 172.266750238649
0.0832941176470582 172.503548886925
0.0835294117647053 172.740509429626
0.0837647058823523 172.977622679333
0.0839999999999994 173.214879421442
0.0842352941176464 173.452270414673
0.0844705882352935 173.68978639158
0.0847058823529405 173.927418059069
0.0849411764705876 174.165156098909
0.0851764705882346 174.402991168253
0.0854117647058817 174.640913900153
0.0856470588235288 174.878914904083
0.0858823529411758 175.116984766461
0.0861176470588229 175.355114051175
0.0863529411764699 175.593293300101
0.086588235294117 175.83151303364
0.086823529411764 176.069763751238
0.0870588235294111 176.308035931922
0.0872941176470581 176.546320034826
0.0875294117647052 176.784606499729
0.0877647058823523 177.022885747588
0.0879999999999993 177.26114818107
0.0882352941176464 177.499384185093
0.0884705882352934 177.737584127366
0.0887058823529405 177.975738358921
0.0889411764705875 178.213837214662
0.0891764705882346 178.451871013903
0.0894117647058816 178.689830060913
0.0896470588235287 178.927704645459
0.0898823529411758 179.165485043352
0.0901176470588228 179.403161516995
0.0903529411764699 179.640724315928
0.0905882352941169 179.878163677382
0.090823529411764 180.115469826823
0.091058823529411 180.352632978506
0.0912941176470581 180.589643336026
0.0915294117647052 180.826491092872
0.0917647058823522 181.063166432979
0.0919999999999993 181.299659531282
0.0922352941176463 181.535960554274
0.0924705882352934 181.77205966056
0.0927058823529404 182.007947001414
0.0929411764705875 182.243612721335
0.0931764705882345 182.47904695861
0.0934117647058816 182.714239845868
0.0936470588235287 182.949181510643
0.0938823529411757 183.183862075931
0.0941176470588228 183.418271660755
0.0943529411764698 183.652400380721
0.0945882352941169 183.886238348586
0.0948235294117639 184.119775674813
0.095058823529411 184.35300246814
0.095294117647058 184.585908836141
0.0955294117647051 184.818484885789
0.0957647058823522 185.05072072402
0.0959999999999992 185.282606458297
0.0962352941176463 185.514132197176
0.0964705882352933 185.745288050869
0.0967058823529404 185.97606413181
0.0969411764705874 186.20645055522
0.0971764705882345 186.43643743967
0.0974117647058815 186.666014907653
0.0976470588235286 186.895173086141
0.0978823529411757 187.123902107156
0.0981176470588227 187.352192108335
0.0983529411764698 187.580033233496
0.0985882352941168 187.807415633199
0.0988235294117639 188.03432946532
0.0990588235294109 188.260764895607
0.099294117647058 188.486712098253
0.099529411764705 188.712161256458
0.0997647058823521 188.937102562991
0.0999999999999992 189.161526220762
0.100235294117646 189.38542244338
0.100470588235293 189.608781455719
0.10070588235294 189.831593494483
0.100941176470587 190.05384880877
0.101176470588234 190.275537660631
0.101411764705881 190.496650325639
0.101647058823529 190.717177093445
0.101882352941176 190.937108268345
0.102117647058823 191.156434169838
0.10235294117647 191.375145133187
0.102588235294117 191.593231509981
0.102823529411764 191.810683668693
0.103058823529411 192.027491995238
0.103294117647058 192.243646893535
0.103529411764705 192.459138786059
0.103764705882352 192.673958114402
0.103999999999999 192.888095339829
0.104235294117646 193.10154094383
0.104470588235293 193.314285428677
0.10470588235294 193.526319317976
0.104941176470587 193.737633157223
0.105176470588234 193.948217514349
0.105411764705881 194.158062980279
0.105647058823528 194.367160169475
0.105882352941176 194.575499720487
0.106117647058823 194.783072296503
0.10635294117647 194.989868585891
0.106588235294117 195.195879302749
0.106823529411764 195.401095187446
0.107058823529411 195.605507007166
0.107294117647058 195.809105556452
0.107529411764705 196.011881657744
0.107764705882352 196.21382616192
0.107999999999999 196.414929948831
0.108235294117646 196.615183927844
0.108470588235293 196.814579038372
0.10870588235294 197.013106250408
0.108941176470587 197.210756565063
0.109176470588234 197.407521015091
0.109411764705881 197.603390665421
0.109647058823528 197.798356613686
0.109882352941176 197.99240999075
0.110117647058823 198.185541961229
0.11035294117647 198.37774372402
0.110588235294117 198.569006512818
0.110823529411764 198.759321596641
0.111058823529411 198.948680280341
0.111294117647058 199.137073905131
0.111529411764705 199.324493849088
0.111764705882352 199.510931527678
0.111999999999999 199.696378394258
0.112235294117646 199.88082594059
0.112470588235293 200.064265697348
0.11270588235294 200.246689234623
0.112941176470587 200.428088162428
0.113176470588234 200.608454131198
0.113411764705881 200.787778832292
0.113647058823528 200.966053998487
0.113882352941175 201.143271404479
0.114117647058823 201.319422867372
0.11435294117647 201.494500247175
0.114588235294117 201.668495447282
0.114823529411764 201.841400414972
0.115058823529411 202.013207141881
0.115294117647058 202.183907664496
0.115529411764705 202.353494064628
0.115764705882352 202.521958469893
0.115999999999999 202.689293054191
0.116235294117646 202.855490038172
0.116470588235293 203.020541689717
0.11670588235294 203.184440324399
0.116941176470587 203.347178305953
0.117176470588234 203.50874804674
0.117411764705881 203.669142008209
0.117647058823528 203.828352701356
0.117882352941175 203.986372687177
0.118117647058822 204.143194577128
0.11835294117647 204.298811033573
0.118588235294117 204.453214770233
0.118823529411764 204.606398552634
0.119058823529411 204.758355198549
0.119294117647058 204.909077578438
0.119529411764705 205.05855861589
0.119764705882352 205.206791288055
0.119999999999999 205.353768626077
0.120235294117646 205.499483715527
0.120470588235293 205.643929696827
0.12070588235294 205.787099765675
0.120941176470587 205.928987173468
0.121176470588234 206.069585227719
0.121411764705881 206.208887292474
0.121647058823528 206.346886788722
0.121882352941175 206.48357719481
0.122117647058822 206.618952046844
0.122352941176469 206.753004939097
0.122588235294117 206.885729524409
0.122823529411764 207.017119514583
0.123058823529411 207.147168680781
0.123294117647058 207.275870853917
0.123529411764705 207.403219925042
0.123764705882352 207.529209845734
0.123999999999999 207.653834628475
0.124235294117646 207.777088347034
0.124470588235293 207.898965136843
0.12470588235294 208.019459195364
0.124941176470587 208.138564782467
0.125176470588234 208.256276220788
0.125411764705881 208.372587896098
0.125647058823528 208.487494257656
0.125882352941175 208.600989818572
0.126117647058822 208.713069156155
0.126352941176469 208.823726912265
0.126588235294116 208.932957793657
0.126823529411764 209.040756572323
0.127058823529411 209.147118085836
0.127294117647058 209.252037237678
0.127529411764705 209.355508997579
0.127764705882352 209.457528401841
0.127999999999999 209.558090553668
0.128235294117646 209.657190623482
0.128470588235293 209.754823849243
0.12870588235294 209.850985536767
0.128941176470587 209.945671060032
0.129176470588234 210.038875861487
0.129411764705881 210.130595452357
0.129647058823528 210.22082541294
0.129882352941175 210.309561392906
0.130117647058822 210.396799111589
0.130352941176469 210.482534358274
0.130588235294116 210.566762992486
0.130823529411763 210.649480944266
0.131058823529411 210.730684214454
0.131294117647058 210.810368874959
0.131529411764705 210.88853106903
0.131764705882352 210.965167011526
0.131999999999999 211.040272989171
0.132235294117646 211.11384536082
0.132470588235293 211.185880557709
0.13270588235294 211.256375083709
0.132941176470587 211.32532551557
0.133176470588234 211.392728503165
0.133411764705881 211.458580769732
0.133647058823528 211.522879112104
0.133882352941175 211.585620400946
0.134117647058822 211.646801580977
0.134352941176469 211.706419671197
0.134588235294116 211.764471765106
0.134823529411763 211.820955030916
0.13505882352941 211.875866711767
0.135294117647058 211.929204125931
0.135529411764705 211.980964667017
0.135764705882352 212.03114580417
0.135999999999999 212.079745082263
0.136235294117646 212.126760122093
0.136470588235293 212.172188620565
0.13670588235294 212.216028350877
0.136941176470587 212.258277162694
0.137176470588234 212.298932982328
0.137411764705881 212.337993812905
0.137647058823528 212.375457734534
0.137882352941175 212.411322904467
0.138117647058822 212.445587557257
0.138352941176469 212.478250004913
0.138588235294116 212.509308637048
0.138823529411763 212.538761921027
0.13905882352941 212.566608402105
0.139294117647057 212.592846703567
0.139529411764705 212.617475526858
0.139764705882352 212.640493651714
0.139999999999999 212.661899936282
0.140235294117646 212.681693317248
0.140470588235293 212.699872809942
0.14070588235294 212.716437508459
0.140941176470587 212.73138658576
0.141176470588234 212.74471929378
0.141411764705881 212.75643496352
0.141647058823528 212.766533005147
0.141882352941175 212.775012908082
0.142117647058822 212.781874241085
0.142352941176469 212.787116652337
0.142588235294116 212.790739869517
0.142823529411763 212.792743699874
0.14305882352941 212.793128030297
0.143294117647057 212.791892827377
0.143529411764704 212.789038137468
0.143764705882352 212.784564086741
0.143999999999999 212.778470881236
0.144235294117646 212.770758806908
0.144470588235293 212.761428229671
0.14470588235294 212.750479595432
0.144941176470587 212.737913430127
0.145176470588234 212.723730339751
0.145411764705881 212.707931010381
0.145647058823528 212.690516208195
0.145882352941175 212.671486779492
0.146117647058822 212.650843650699
0.146352941176469 212.62858782838
0.146588235294116 212.604720399242
0.146823529411763 212.579242530127
0.14705882352941 212.55215546801
0.147294117647057 212.523460539988
0.147529411764704 212.493159153264
0.147764705882351 212.461252795129
0.147999999999999 212.42774303294
0.148235294117646 212.392631514085
0.148470588235293 212.355919965958
0.14870588235294 212.317610195921
0.148941176470587 212.277704091259
0.149176470588234 212.236203619135
0.149411764705881 212.193110826545
0.149647058823528 212.148427840257
0.149882352941175 212.102156866756
0.150117647058822 212.054300192179
0.150352941176469 212.00486018225
0.150588235294116 211.953839282202
0.150823529411763 211.90124001671
0.15105882352941 211.847064989799
0.151294117647057 211.791316884769
0.151529411764704 211.733998464098
0.151764705882351 211.675112569353
0.151999999999998 211.614662121087
0.152235294117646 211.55265011874
0.152470588235293 211.489079640533
0.15270588235294 211.423953843352
0.152941176470587 211.357275962633
0.153176470588234 211.289049312247
0.153411764705881 211.219277284369
0.153647058823528 211.147963349354
0.153882352941175 211.075111055601
0.154117647058822 211.000724029416
0.154352941176469 210.924805974871
0.154588235294116 210.847360673658
0.154823529411763 210.768391984936
0.15505882352941 210.687903845181
0.155294117647057 210.605900268023
0.155529411764704 210.522385344083
0.155764705882351 210.437363240807
0.155999999999998 210.350838202293
0.156235294117646 210.262814549116
0.156470588235293 210.173296678146
0.15670588235294 210.082289062364
0.156941176470587 209.989796250674
0.157176470588234 209.895822867709
0.157411764705881 209.800373613632
0.157647058823528 209.703453263938
0.157882352941175 209.605066669247
0.158117647058822 209.505218755091
0.158352941176469 209.403914521703
0.158588235294116 209.3011590438
0.158823529411763 209.196957470356
0.15905882352941 209.091315024378
0.159294117647057 208.984237002677
0.159529411764704 208.875728775629
0.159764705882351 208.76579578694
0.159999999999998 208.654443553398
0.160235294117645 208.541677664632
0.160470588235293 208.427503782856
0.16070588235294 208.311927642615
0.160941176470587 208.194955050525
0.161176470588234 208.076591885012
0.161411764705881 207.956844096041
0.161647058823528 207.835717704847
0.161882352941175 207.713218803658
0.162117647058822 207.589353555416
0.162352941176469 207.464128193495
0.162588235294116 207.33754902141
0.162823529411763 207.209622412529
0.16305882352941 207.080354809777
0.163294117647057 206.949752725335
0.163529411764704 206.817822740337
0.163764705882351 206.684571504567
0.163999999999998 206.550005736143
0.164235294117645 206.414132221203
0.164470588235292 206.276957813591
0.16470588235294 206.138489434528
0.164941176470587 205.998734072292
0.165176470588234 205.857698781882
0.165411764705881 205.715390684689
0.165647058823528 205.571816968155
0.165882352941175 205.426984885436
0.166117647058822 205.280901755052
0.166352941176469 205.13357496054
0.166588235294116 204.985011950105
0.166823529411763 204.835220236257
0.16705882352941 204.68420739546
0.167294117647057 204.53198106776
0.167529411764704 204.378548956423
0.167764705882351 204.223918827566
0.167999999999998 204.068098509776
0.168235294117645 203.911095893739
0.168470588235292 203.752918931857
0.168705882352939 203.593575637861
0.168941176470587 203.433074086425
0.169176470588234 203.271422412773
0.169411764705881 203.108628812286
0.169647058823528 202.9447015401
0.169882352941175 202.779648910706
0.170117647058822 202.613479297547
0.170352941176469 202.446201132603
0.170588235294116 202.277822905985
0.170823529411763 202.108353165515
0.17105882352941 201.937800516311
0.171294117647057 201.766173620363
0.171529411764704 201.593481196106
0.171764705882351 201.419732017995
0.171999999999998 201.244934916071
0.172235294117645 201.069098775527
0.172470588235292 200.892232536268
0.172705882352939 200.714345192473
0.172941176470586 200.535445792146
0.173176470588234 200.355543436673
0.173411764705881 200.17464728037
0.173647058823528 199.992766530027
0.173882352941175 199.809910444454
0.174117647058822 199.62608833402
0.174352941176469 199.441309560191
0.174588235294116 199.255583535064
0.174823529411763 199.068919720898
0.17505882352941 198.881327629644
0.175294117647057 198.692816822467
0.175529411764704 198.503396909274
0.175764705882351 198.31307754823
0.175999999999998 198.121868445276
0.176235294117645 197.929779353644
0.176470588235292 197.736820073368
0.176705882352939 197.543000450793
0.176941176470586 197.348330378081
0.177176470588233 197.152819792715
0.177411764705881 196.956478676998
0.177647058823528 196.759317057555
0.177882352941175 196.561345004822
0.178117647058822 196.362572632546
0.178352941176469 196.163010097273
0.178588235294116 195.962667597832
0.178823529411763 195.761555374827
0.17905882352941 195.559683710114
0.179294117647057 195.357062926287
0.179529411764704 195.153703386151
0.179764705882351 194.9496154922
0.179999999999998 194.744809686092
0.180235294117645 194.539296448117
0.180470588235292 194.333086296667
0.180705882352939 194.126189787704
0.180941176470586 193.918617514222
0.181176470588233 193.710380105708
0.18141176470588 193.501488227606
0.181647058823528 193.291952580772
0.181882352941175 193.081783900928
0.182117647058822 192.87099295812
0.182352941176469 192.659590556164
0.182588235294116 192.447587532099
0.182823529411763 192.234994755633
0.18305882352941 192.02182312859
0.183294117647057 191.80808358435
0.183529411764704 191.593787087294
0.183764705882351 191.378944632239
0.183999999999998 191.163567243884
0.184235294117645 190.947665976235
0.184470588235292 190.731251912049
0.184705882352939 190.51433616226
0.184941176470586 190.296929865411
0.185176470588233 190.079044187085
0.18541176470588 189.860690319329
0.185647058823527 189.641879480084
0.185882352941175 189.422622912602
0.186117647058822 189.202931884877
0.186352941176469 188.982817689056
0.186588235294116 188.762291640868
0.186823529411763 188.541365079036
0.18705882352941 188.320049364692
0.187294117647057 188.098355880798
0.187529411764704 187.876296031553
0.187764705882351 187.65388124181
0.187999999999998 187.431122956484
0.188235294117645 187.208032639961
0.188470588235292 186.984621775509
0.188705882352939 186.760901864683
0.188941176470586 186.536884426731
0.189176470588233 186.312580997998
0.18941176470588 186.088003131332
0.189647058823527 185.863162395481
0.189882352941174 185.638070374501
0.190117647058822 185.412738667152
0.190352941176469 185.187178886297
0.190588235294116 184.961402658301
0.190823529411763 184.735421622431
0.19105882352941 184.509247430247
0.191294117647057 184.282891745001
0.191529411764704 184.056366241033
0.191764705882351 183.829682603158
0.191999999999998 183.602852526069
0.192235294117645 183.37588771372
0.192470588235292 183.148799878723
0.192705882352939 182.921600741737
0.192941176470586 182.694302030857
0.193176470588233 182.466915481007
0.19341176470588 182.239452833326
0.193647058823527 182.011925834557
0.193882352941174 181.784346236435
0.194117647058821 181.556725795077
0.194352941176469 181.329076270362
0.194588235294116 181.101409425327
0.194823529411763 180.873737025545
0.19505882352941 180.646070838514
0.195294117647057 180.418422633045
0.195529411764704 180.190804178642
0.195764705882351 179.963227244891
0.195999999999998 179.735703600842
0.196235294117645 179.508245014396
0.196470588235292 179.280863251688
0.196705882352939 179.05357007647
0.196941176470586 178.826377249499
0.197176470588233 178.599296527915
0.19741176470588 178.372339664631
0.197647058823527 178.145518407715
0.197882352941174 177.918844499773
0.198117647058821 177.692329677333
0.198352941176468 177.465985670233
0.198588235294116 177.239824201
0.198823529411763 177.01385698424
0.19905882352941 176.788095726017
0.199294117647057 176.562552123246
0.199529411764704 176.33723786307
0.199764705882351 176.11216462225
0.199999999999998 175.887344066553
0.200235294117645 175.662787850133
0.200470588235292 175.438507614924
0.200705882352939 175.214514990021
0.200941176470586 174.990821591072
0.201176470588233 174.767439019667
0.20141176470588 174.544378862723
0.201647058823527 174.321652691876
0.201882352941174 174.099272062871
0.202117647058821 173.877248514952
0.202352941176468 173.655593570253
0.202588235294115 173.434318733191
0.202823529411763 173.213435489859
0.20305882352941 172.992955307419
0.203294117647057 172.772889633497
0.203529411764704 172.553249895576
0.203764705882351 172.334047500397
0.203999999999998 172.115293833349
0.204235294117645 171.897000257876
0.204470588235292 171.679178114867
0.204705882352939 171.461838722063
0.204941176470586 171.244993373454
0.205176470588233 171.028653338681
0.20541176470588 170.812829862444
0.205647058823527 170.597534163899
0.205882352941174 170.382777436071
0.206117647058821 170.168570845257
0.206352941176468 169.954925530431
0.206588235294115 169.741852602662
0.206823529411762 169.529363144515
0.20705882352941 169.317468209469
0.207294117647057 169.106178821329
0.207529411764704 168.89550597364
0.207764705882351 168.685460629104
0.207999999999998 168.476053718996
0.208235294117645 168.267296142585
0.208470588235292 168.059198766555
0.208705882352939 167.851772424424
0.208941176470586 167.645027915972
0.209176470588233 167.438976006665
0.20941176470588 167.233627427078
0.209647058823527 167.028992872333
0.209882352941174 166.825083001519
0.210117647058821 166.621908437132
0.210352941176468 166.419479764505
0.210588235294115 166.217807531248
0.210823529411762 166.016902246678
0.211058823529409 165.81677438127
0.211294117647057 165.617434366086
0.211529411764704 165.418892592229
0.211764705882351 165.221159410282
0.211999999999998 165.024245129758
0.212235294117645 164.828160018548
0.212470588235292 164.632914302377
0.212705882352939 164.438518164249
0.212941176470586 164.244981743912
0.213176470588233 164.052315137311
0.21341176470588 163.860528396047
0.213647058823527 163.669631526843
0.213882352941174 163.479634491006
0.214117647058821 163.290547203896
0.214352941176468 163.102379534392
0.214588235294115 162.915141304365
0.214823529411762 162.728842288154
0.215058823529409 162.543492212039
0.215294117647056 162.35910075372
0.215529411764704 162.1756775418
0.215764705882351 161.993232155268
0.215999999999998 161.811774122983
0.216235294117645 161.631312923165
0.216470588235292 161.451857982884
0.216705882352939 161.273418677557
0.216941176470586 161.096004330442
0.217176470588233 160.919624212135
0.21741176470588 160.744287540078
0.217647058823527 160.570003478055
0.217882352941174 160.396781135707
0.218117647058821 160.224629568036
0.218352941176468 160.053557774923
0.218588235294115 159.883574700637
0.218823529411762 159.71468923336
0.219058823529409 159.546910204703
0.219294117647056 159.380246389233
0.219529411764704 159.214706503998
0.219764705882351 159.05029920806
0.219999999999998 158.887033102024
0.220235294117645 158.724916727576
0.220470588235292 158.563958567024
0.220705882352939 158.404167042833
0.220941176470586 158.24555051718
0.221176470588233 158.088117291494
0.22141176470588 157.931875606009
0.221647058823527 157.776833639324
0.221882352941174 157.62299950795
0.222117647058821 157.470381265883
0.222352941176468 157.318986904158
0.222588235294115 157.168824350421
0.222823529411762 157.0199014685
0.223058823529409 156.872226057976
0.223294117647056 156.725805853764
0.223529411764703 156.580648525688
0.223764705882351 156.43676167807
0.223999999999998 156.294152849317
0.224235294117645 156.152829511507
0.224470588235292 156.012799069989
0.224705882352939 155.874068862974
0.224941176470586 155.736646161145
0.225176470588233 155.600538167251
0.22541176470588 155.465752015725
0.225647058823527 155.332294772288
0.225882352941174 155.20017343357
0.226117647058821 155.069394926723
0.226352941176468 154.93996610905
0.226588235294115 154.811893767625
0.226823529411762 154.685184618926
0.227058823529409 154.559845308469
0.227294117647056 154.435882410443
0.227529411764703 154.313302427351
0.22776470588235 154.192111789656
0.227999999999998 154.072316855429
0.228235294117645 153.953923909999
0.228470588235292 153.836939165613
0.228705882352939 153.721368761091
0.228941176470586 153.607218761494
0.229176470588233 153.494495157786
0.22941176470588 153.383203866512
0.229647058823527 153.273350729468
0.229882352941174 153.164941513382
0.230117647058821 153.057981909597
0.230352941176468 152.952477533757
0.230588235294115 152.848433925501
0.230823529411762 152.745856548152
0.231058823529409 152.644750788424
0.231294117647056 152.545121956118
0.231529411764703 152.446975283832
0.23176470588235 152.350315926671
0.231999999999997 152.255148961965
0.232235294117645 152.161479388984
0.232470588235292 152.069312128663
0.232705882352939 151.978652023332
0.232941176470586 151.889503836444
0.233176470588233 151.80187225231
0.23341176470588 151.715761875845
0.233647058823527 151.631177232306
0.233882352941174 151.54812276704
0.234117647058821 151.466602845243
0.234352941176468 151.38662175171
0.234588235294115 151.308183690597
0.234823529411762 151.231292785191
0.235058823529409 151.155953077673
0.235294117647056 151.082168528895
0.235529411764703 151.009943018161
0.23576470588235 150.939280343001
0.235999999999997 150.870184218966
0.236235294117644 150.802658279415
0.236470588235292 150.736706075311
0.236705882352939 150.672331075021
0.236941176470586 150.609536664118
0.237176470588233 150.548326145194
0.23741176470588 150.488702737666
0.237647058823527 150.430669577602
0.237882352941174 150.374229717533
0.238117647058821 150.319386126288
0.238352941176468 150.266141688817
0.238588235294115 150.214499206031
0.238823529411762 150.164461394638
0.239058823529409 150.116030886991
0.239294117647056 150.069210230932
0.239529411764703 150.024001889647
0.23976470588235 149.980408241521
0.239999999999997 149.938431580005
0.240235294117644 149.898074113476
0.240470588235291 149.859337965112
0.240705882352939 149.822225172765
0.240941176470586 149.786737688843
0.241176470588233 149.752877380192
0.24141176470588 149.720646027988
0.241647058823527 149.690045327626
0.241882352941174 149.661076888623
0.242117647058821 149.633742234517
0.242352941176468 149.608042802776
0.242588235294115 149.583979944709
0.242823529411762 149.561554925384
0.243058823529409 149.540768923544
0.243294117647056 149.521623031541
0.243529411764703 149.504118255256
0.24376470588235 149.488255514044
0.243999999999997 149.474035640663
0.244235294117644 149.461459381229
0.244470588235291 149.450527395153
0.244705882352938 149.441240255105
0.244941176470586 149.433598446964
0.245176470588233 149.427602369783
0.24541176470588 149.423252335758
0.245647058823527 149.420548570198
0.245882352941174 149.4194912115
0.246117647058821 149.420080311131
0.246352941176468 149.422315833617
0.246588235294115 149.426197656528
0.246823529411762 149.431725570474
0.247058823529409 149.438899279109
0.247294117647056 149.447718399129
0.247529411764703 149.458182460286
0.24776470588235 149.470290905397
0.247999999999997 149.484043090366
0.248235294117644 149.499438284205
0.248470588235291 149.516475669061
0.248705882352938 149.535154340249
0.248941176470585 149.555473306288
0.249176470588233 149.577431488945
0.24941176470588 149.601027723274
0.249647058823527 149.626260757677
0.249882352941174 149.653129253949
0.250117647058821 149.681631787345
0.250352941176468 149.711766846642
0.250588235294115 149.743532834209
0.250823529411762 149.776928066078
0.251058823529409 149.811950772026
0.251294117647056 149.848599095657
0.251529411764703 149.886871094488
0.25176470588235 149.926764740045
0.251999999999997 149.968277917956
0.252235294117644 150.011408428054
0.252470588235291 150.056153984484
0.252705882352938 150.102512215812
0.252941176470585 150.150480665142
0.253176470588233 150.200056790236
0.25341176470588 150.251237963636
0.253647058823527 150.304021472795
0.253882352941174 150.358404520211
0.254117647058821 150.414384223566
0.254352941176468 150.471957615864
0.254588235294115 150.531121645585
0.254823529411762 150.59187317683
0.255058823529409 150.654208989484
0.255294117647056 150.718125779372
0.255529411764703 150.783620158427
0.25576470588235 150.850688654859
0.255999999999997 150.91932771333
0.256235294117644 150.98953369513
0.256470588235291 151.061302878366
0.256705882352938 151.134631458147
0.256941176470585 151.209515546773
0.257176470588232 151.285951173939
0.25741176470588 151.363934286929
0.257647058823527 151.443460750828
0.257882352941174 151.524526348727
0.258117647058821 151.60712678194
0.258352941176468 151.691257670225
0.258588235294115 151.776914552002
0.258823529411762 151.864092884587
0.259058823529409 151.952788044418
0.259294117647056 152.042995327298
0.259529411764703 152.134709948629
0.25976470588235 152.227927043663
0.259999999999997 152.322641667747
0.260235294117644 152.418848796582
0.260470588235291 152.516543326475
0.260705882352938 152.615720074605
0.260941176470585 152.716373779291
0.261176470588232 152.818499100259
0.261411764705879 152.92209061892
0.261647058823527 153.02714283865
0.261882352941174 153.133650185069
0.262117647058821 153.241607006335
0.262352941176468 153.351007573432
0.262588235294115 153.461846080469
0.262823529411762 153.574116644976
0.263058823529409 153.687813308213
0.263294117647056 153.802930035477
0.263529411764703 153.919460716414
0.26376470588235 154.037399165336
0.263999999999997 154.156739121543
0.264235294117644 154.277474249649
0.264470588235291 154.399598139906
0.264705882352938 154.523104308542
0.264941176470585 154.647986198096
0.265176470588232 154.774237177762
0.265411764705879 154.901850543728
0.265647058823526 155.03081951953
0.265882352941174 155.161137256405
0.266117647058821 155.292796833643
0.266352941176468 155.425791258953
0.266588235294115 155.560113468827
0.266823529411762 155.695756328904
0.267058823529409 155.832712634348
0.267294117647056 155.970975110221
0.267529411764703 156.110536411864
0.26776470588235 156.251389125279
0.267999999999997 156.393525767519
0.268235294117644 156.536938787078
0.268470588235291 156.681620564287
0.268705882352938 156.827563411711
0.268941176470585 156.974759574553
0.269176470588232 157.123201231059
0.269411764705879 157.272880492927
0.269647058823526 157.423789405724
0.269882352941173 157.575919949298
0.270117647058821 157.729264038202
0.270352941176468 157.883813522116
0.270588235294115 158.039560186276
0.270823529411762 158.196495751905
0.271058823529409 158.354611876647
0.271294117647056 158.513900155003
0.271529411764703 158.674352118777
0.27176470588235 158.835959237519
0.271999999999997 158.998712918971
0.272235294117644 159.162604509521
0.272470588235291 159.327625294658
0.272705882352938 159.49376649943
0.272941176470585 159.661019288904
0.273176470588232 159.829374768635
0.273411764705879 159.99882398513
0.273647058823526 160.16935792632
0.273882352941173 160.340967522037
0.27411764705882 160.513643644492
0.274352941176468 160.68737710875
0.274588235294115 160.862158673222
0.274823529411762 161.037979040146
0.275058823529409 161.214828856082
0.275294117647056 161.392698712401
0.275529411764703 161.571579145785
0.27576470588235 161.751460638722
0.275999999999997 161.932333620013
0.276235294117644 162.114188465274
0.276470588235291 162.297015497445
0.276705882352938 162.480804987303
0.276941176470585 162.66554715397
0.277176470588232 162.851232165437
0.277411764705879 163.037850139079
0.277647058823526 163.225391142178
0.277882352941173 163.413845192449
0.27811764705882 163.603202258568
0.278352941176467 163.7934522607
0.278588235294115 163.984585071033
0.278823529411762 164.176590514319
0.279058823529409 164.369458368402
0.279294117647056 164.56317836477
0.279529411764703 164.757740189089
0.27976470588235 164.953133481757
0.279999999999997 165.149347838448
0.280235294117644 165.346372810661
0.280470588235291 165.544197906281
0.280705882352938 165.742812590126
0.280941176470585 165.942206284512
0.281176470588232 166.14236836981
0.281411764705879 166.343288185011
0.281647058823526 166.544955028287
0.281882352941173 166.747358157564
0.28211764705882 166.95048679109
0.282352941176467 167.154330108003
0.282588235294114 167.358877248909
0.282823529411762 167.564117316458
0.283058823529409 167.77003937592
0.283294117647056 167.976632455769
0.283529411764703 168.183885548261
0.28376470588235 168.39178761002
0.283999999999997 168.600327562627
0.284235294117644 168.809494293204
0.284470588235291 169.019276655008
0.284705882352938 169.229663468022
0.284941176470585 169.440643519545
0.285176470588232 169.652205564796
0.285411764705879 169.864338327504
0.285647058823526 170.077030500511
0.285882352941173 170.290270746372
0.28611764705882 170.504047697959
0.286352941176467 170.718349959064
0.286588235294114 170.933166105006
0.286823529411761 171.148484683238
0.287058823529409 171.364294213957
0.287294117647056 171.580583190714
0.287529411764703 171.797340081027
0.28776470588235 172.014553326994
0.287999999999997 172.23221134591
0.288235294117644 172.450302530879
0.288470588235291 172.668815251439
0.288705882352938 172.887737854175
0.288941176470585 173.107058663342
0.289176470588232 173.326765981489
0.289411764705879 173.546848090076
0.289647058823526 173.767293250107
0.289882352941173 173.988089702747
0.29011764705882 174.209225669955
0.290352941176467 174.430689355106
0.290588235294114 174.652468943626
0.290823529411761 174.874552603617
0.291058823529408 175.096928486489
0.291294117647056 175.319584727593
0.291529411764703 175.542509446854
0.29176470588235 175.765690749402
0.291999999999997 175.989116726207
0.292235294117644 176.212775454718
0.292470588235291 176.436654999495
0.292705882352938 176.660743412847
0.292941176470585 176.885028735471
0.293176470588232 177.109498997088
0.293411764705879 177.334142217083
0.293647058823526 177.558946405147
0.293882352941173 177.783899561911
0.29411764705882 178.008989679595
0.294352941176467 178.234204742641
0.294588235294114 178.45953272836
0.294823529411761 178.684961607574
0.295058823529408 178.910479345256
0.295294117647055 179.136073901174
0.295529411764703 179.361733230535
0.29576470588235 179.58744528463
0.295999999999997 179.813198011473
0.296235294117644 180.038979356451
0.296470588235291 180.264777262966
0.296705882352938 180.490579673076
0.296941176470585 180.716374528148
0.297176470588232 180.942149769494
0.297411764705879 181.167893339021
0.297647058823526 181.393593179876
0.297882352941173 181.619237237088
0.29811764705882 181.844813458214
0.298352941176467 182.070309793987
0.298588235294114 182.295714198955
0.298823529411761 182.52101463213
0.299058823529408 182.746199057632
0.299294117647055 182.971255445331
0.299529411764702 183.196171771491
0.29976470588235 183.420936019419
0.300078185506174 183.540576865529
0.300391665129998 183.6152977424
0.300705144753823 183.689940683498
0.301018624377647 183.764505851232
0.301332104001472 183.838993407502
0.301645583625296 183.913403513705
0.301959063249121 183.987736330735
0.302272542872945 184.061992018984
0.30258602249677 184.136170738346
0.302899502120594 184.210272648219
0.303212981744418 184.284297907505
0.303526461368243 184.358246674613
0.303839940992067 184.432119107465
0.304153420615892 184.505915363489
0.304466900239716 184.579635599631
0.304780379863541 184.653279972351
0.305093859487365 184.726848637626
0.30540733911119 184.800341750952
0.305720818735014 184.873759467348
0.306034298358838 184.947101941356
0.306347777982663 185.020369327041
0.306661257606487 185.093561778
0.306974737230312 185.166679447354
0.307288216854136 185.239722487759
0.307601696477961 185.312691051402
0.307915176101785 185.385585290006
0.308228655725609 185.458405354829
0.308542135349434 185.531151396671
0.308855614973258 185.60382356587
0.309169094597083 185.676422012307
0.309482574220907 185.748946885407
0.309796053844732 185.821398334143
0.310109533468556 185.893776507033
0.310423013092381 185.966081552148
0.310736492716205 186.038313617109
0.311049972340029 186.110472849089
0.311363451963854 186.18255939482
0.311676931587678 186.254573400587
0.311990411211503 186.326515012237
0.312303890835327 186.398384375176
0.312617370459152 186.470181634372
0.312930850082976 186.541906934358
0.313244329706801 186.613560419233
0.313557809330625 186.685142232664
0.313871288954449 186.756652517885
0.314184768578274 186.828091417703
0.314498248202098 186.899459074498
0.314811727825923 186.970755630223
0.315125207449747 187.041981226409
0.315438687073572 187.113136004162
0.315752166697396 187.184220104172
0.316065646321221 187.255233666705
0.316379125945045 187.326176831613
0.316692605568869 187.397049738333
0.317006085192694 187.467852525885
0.317319564816518 187.53858533288
0.317633044440343 187.609248297518
0.317946524064167 187.679841557587
0.318260003687992 187.750365250472
0.318573483311816 187.820819513148
0.318886962935641 187.89120448219
0.319200442559465 187.961520293767
0.319513922183289 188.031767083648
0.319827401807114 188.101944987204
0.320140881430938 188.172054139406
0.320454361054763 188.242094674831
0.320767840678587 188.312066727659
0.321081320302412 188.381970431678
0.321394799926236 188.451805920285
0.32170827955006 188.521573326485
0.322021759173885 188.591272782896
0.322335238797709 188.660904421747
0.322648718421534 188.730468374884
0.322962198045358 188.799964773768
0.323275677669183 188.869393749475
0.323589157293007 188.938755432704
0.323902636916832 189.00804995377
0.324216116540656 189.077277442614
0.32452959616448 189.146438028797
0.324843075788305 189.215531841506
0.325156555412129 189.284559009554
0.325470035035954 189.353519661382
0.325783514659778 189.422413925061
0.326096994283603 189.49124192829
0.326410473907427 189.560003798401
0.326723953531252 189.62869966236
0.327037433155076 189.697329646767
0.3273509127789 189.765893877858
0.327664392402725 189.834392481508
0.327977872026549 189.902825583229
0.328291351650374 189.971193308174
0.328604831274198 190.039495781138
0.328918310898023 190.107733126558
0.329231790521847 190.175905468517
0.329545270145672 190.244012930742
0.329858749769496 190.312055636609
0.33017222939332 190.38003370914
0.330485709017145 190.447947271008
0.330799188640969 190.515796444539
0.331112668264794 190.583581351707
0.331426147888618 190.651302114145
0.331739627512443 190.718958853136
0.332053107136267 190.786551689622
0.332366586760092 190.854080744204
0.332680066383916 190.921546137139
0.33299354600774 190.988947988345
0.333307025631565 191.056286417402
0.333620505255389 191.123561543553
0.333933984879214 191.190773485705
0.334247464503038 191.25792236243
0.334560944126863 191.325008291966
0.334874423750687 191.392031392219
0.335187903374511 191.458991780764
0.335501382998336 191.525889574848
0.33581486262216 191.592724891388
0.336128342245985 191.659497846973
0.336441821869809 191.726208557867
0.336755301493634 191.792857140009
0.337068781117458 191.859443709014
0.337382260741283 191.925968380176
0.337695740365107 191.992431268465
0.338009219988931 192.058832488534
0.338322699612756 192.125172154716
0.33863617923658 192.191450381024
0.338949658860405 192.257667281159
0.339263138484229 192.323822968504
0.339576618108054 192.389917556127
0.339890097731878 192.455951156785
0.340203577355703 192.521923882922
0.340517056979527 192.587835846672
0.340830536603351 192.653687159859
0.341144016227176 192.719477933999
0.341457495851 192.785208280299
0.341770975474825 192.850878309663
0.342084455098649 192.916488132688
0.342397934722474 192.982037859666
0.342711414346298 193.047527600589
0.343024893970123 193.112957465145
0.343338373593947 193.178327562722
0.343651853217771 193.24363800241
0.343965332841596 193.308888892998
0.34427881246542 193.37408034298
0.344592292089245 193.439212460552
0.344905771713069 193.504285353617
0.345219251336894 193.569299129782
0.345532730960718 193.634253896361
0.345846210584543 193.699149760377
0.346159690208367 193.763986828562
0.346473169832191 193.828765207358
0.346786649456016 193.893485002917
0.34710012907984 193.958146321107
0.347413608703665 194.022749267504
0.347727088327489 194.087293947402
0.348040567951314 194.15178046581
0.348354047575138 194.216208927452
0.348667527198962 194.28057943677
0.348981006822787 194.344892097926
0.349294486446611 194.409147014798
0.349607966070436 194.473344290988
0.34992144569426 194.537484029818
0.350234925318085 194.601566334331
0.350548404941909 194.665591307296
0.350861884565734 194.729559051205
0.351175364189558 194.793469668275
0.351488843813382 194.85732326045
0.351802323437207 194.921119929403
0.352115803061031 194.984859776531
0.352429282684856 195.048542902966
0.35274276230868 195.112169409565
0.353056241932505 195.175739396919
0.353369721556329 195.239252965351
0.353683201180154 195.302710214916
0.353996680803978 195.366111245405
0.354310160427802 195.429456156342
0.354623640051627 195.492745046989
0.354937119675451 195.555978016342
0.355250599299276 195.619155163138
0.3555640789231 195.68227658585
0.355877558546925 195.745342382693
0.356191038170749 195.808352651621
0.356504517794574 195.871307490329
0.356817997418398 195.934206996257
0.357131477042222 195.997051266586
0.357444956666047 196.059840398242
0.357758436289871 196.122574487895
0.358071915913696 196.185253631963
0.35838539553752 196.24787792661
0.358698875161345 196.310447467747
0.359012354785169 196.372962351034
0.359325834408994 196.435422671882
0.359639314032818 196.49782852545
0.359952793656642 196.56018000665
0.360266273280467 196.622477210145
0.360579752904291 196.684720230352
0.360893232528116 196.746909161442
0.36120671215194 196.809044097339
0.361520191775765 196.871125131725
0.361833671399589 196.933152358036
0.362147151023413 196.995125869467
0.362460630647238 197.05704575897
0.362774110271062 197.118912119257
0.363087589894887 197.180725042799
0.363401069518711 197.242484621827
0.363714549142536 197.304190948335
0.36402802876636 197.365844114078
0.364341508390185 197.427444210574
0.364654988014009 197.488991329107
0.364968467637833 197.550485560723
0.365281947261658 197.611926996234
0.365595426885482 197.67331572622
0.365908906509307 197.734651841026
0.366222386133131 197.795935430766
0.366535865756956 197.857166585323
0.36684934538078 197.918345394348
0.367162825004605 197.979471947264
0.367476304628429 198.040546333264
0.367789784252253 198.101568641314
0.368103263876078 198.162538960151
0.368416743499902 198.223457378286
0.368730223123727 198.284323984004
0.369043702747551 198.345138865367
0.369357182371376 198.405902110209
0.3696706619952 198.466613806143
0.369984141619025 198.527274040559
0.370297621242849 198.587882900625
0.370611100866673 198.648440473285
0.370924580490498 198.708946845267
0.371238060114322 198.769402103077
0.371551539738147 198.829806333
0.371865019361971 198.890159621106
0.372178498985796 198.950462053246
0.37249197860962 199.010713715053
0.372805458233445 199.070914691947
0.373118937857269 199.131065069129
0.373432417481093 199.191164931587
0.373745897104918 199.251214364097
0.374059376728742 199.311213451217
0.374372856352567 199.371162277298
0.374686335976391 199.431060926475
0.374999815600216 199.490909482674
0.37531329522404 199.55070802961
0.375626774847864 199.610456650788
0.375940254471689 199.670155429504
0.376253734095513 199.729804448848
0.376567213719338 199.789403791699
0.376880693343162 199.848953540731
0.377194172966987 199.908453778411
0.377507652590811 199.967904587001
0.377821132214636 200.027306048559
0.37813461183846 200.086658244937
0.378448091462284 200.145961257785
0.378761571086109 200.205215168549
0.379075050709933 200.264420058473
0.379388530333758 200.323576008601
0.379702009957582 200.382683099775
0.380015489581407 200.441741412636
0.380328969205231 200.500751027628
0.380642448829056 200.559712024994
0.38095592845288 200.618624484779
0.381269408076704 200.677488486832
0.381582887700529 200.736304110804
0.381896367324353 200.795071436148
0.382209846948178 200.853790542126
0.382523326572002 200.912461507801
0.382836806195827 200.971084412044
0.383150285819651 201.02965933353
0.383463765443476 201.088186350743
0.3837772450673 201.146665541974
0.384090724691124 201.205096985323
0.384404204314949 201.263480758696
0.384717683938773 201.321816939813
0.385031163562598 201.380105606201
0.385344643186422 201.438346835197
0.385658122810247 201.496540703952
0.385971602434071 201.554687289427
0.386285082057896 201.612786668397
0.38659856168172 201.670838917448
0.386912041305544 201.728844112982
0.387225520929369 201.786802331215
0.387539000553193 201.844713648176
0.387852480177018 201.902578139713
0.388165959800842 201.960395881486
0.388479439424667 202.018166948976
0.388792919048491 202.075891417478
0.389106398672316 202.133569362106
0.38941987829614 202.191200857794
0.389733357919964 202.248785979294
0.390046837543789 202.306324801176
0.390360317167613 202.363817397833
0.390673796791438 202.421263843478
0.390987276415262 202.478664212144
0.391300756039087 202.536018577688
0.391614235662911 202.593327013788
0.391927715286735 202.650589593947
0.39224119491056 202.70780639149
0.392554674534384 202.764977479566
0.392868154158209 202.822102931151
0.393181633782033 202.879182819044
0.393495113405858 202.936217215872
0.393808593029682 202.993206194087
0.394122072653507 203.050149825967
0.394435552277331 203.107048183622
0.394749031901155 203.163901338984
0.39506251152498 203.22070936382
0.395375991148804 203.27747232972
0.395689470772629 203.33419030811
0.396002950396453 203.390863370242
0.396316430020278 203.4474915872
0.396629909644102 203.504075029899
0.396943389267927 203.560613769087
0.397256868891751 203.617107875344
0.397570348515575 203.673557419083
0.3978838281394 203.72996247055
0.398197307763224 203.786323099826
0.398510787387049 203.842639376825
0.398824267010873 203.898911371298
0.399137746634698 203.95513915283
0.399451226258522 204.011322790843
0.399764705882347 204.067462354595
0.400078185506171 204.123557913182
0.400391665129995 204.179609535536
0.40070514475382 204.23561729043
0.401018624377644 204.291581246473
0.401332104001469 204.347501472113
0.401645583625293 204.403378035641
0.401959063249118 204.459211005185
0.402272542872942 204.515000448714
0.402586022496767 204.570746434039
0.402899502120591 204.626449028813
0.403212981744415 204.68210830053
0.40352646136824 204.737724316528
0.403839940992064 204.793297143986
0.404153420615889 204.848826849929
0.404466900239713 204.904313501225
0.404780379863538 204.959757164586
0.405093859487362 205.015157906571
0.405407339111186 205.070515793581
0.405720818735011 205.125830891867
0.406034298358835 205.181103267525
0.40634777798266 205.236332986497
0.406661257606484 205.291520114573
0.406974737230309 205.346664717391
0.407288216854133 205.401766860438
0.407601696477958 205.45682660905
0.407915176101782 205.51184402841
0.408228655725606 205.566819183554
0.408542135349431 205.621752139365
0.408855614973255 205.67664296058
0.40916909459708 205.731491711784
0.409482574220904 205.786298457416
0.409796053844729 205.841063261765
0.410109533468553 205.895786188976
0.410423013092378 205.950467303043
0.410736492716202 206.005106667815
0.411049972340026 206.059704346995
0.411363451963851 206.114260404141
0.411676931587675 206.168774902665
0.4119904112115 206.223247905833
0.412303890835324 206.277679476769
0.412617370459149 206.332069678452
0.412930850082973 206.386418573716
0.413244329706798 206.440726225255
0.413557809330622 206.494992695618
0.413871288954446 206.549218047212
0.414184768578271 206.603402342304
0.414498248202095 206.657545643018
0.41481172782592 206.711648011337
0.415125207449744 206.765709509105
0.415438687073569 206.819730198024
0.415752166697393 206.873710139659
0.416065646321218 206.927649395433
0.416379125945042 206.981548026631
0.416692605568866 207.035406094402
0.417006085192691 207.089223659754
0.417319564816515 207.143000783559
0.41763304444034 207.19673752655
0.417946524064164 207.250433949327
0.418260003687989 207.30409011235
0.418573483311813 207.357706075945
0.418886962935637 207.411281900301
0.419200442559462 207.464817645475
0.419513922183286 207.518313371386
0.419827401807111 207.57176913782
0.420140881430935 207.62518500443
0.42045436105476 207.678561030734
0.420767840678584 207.731897276118
0.421081320302409 207.785193799834
0.421394799926233 207.838450661004
0.421708279550057 207.891667918616
0.422021759173882 207.944845631527
0.422335238797706 207.997983858464
0.422648718421531 208.051082658022
0.422962198045355 208.104142088665
0.42327567766918 208.15716220873
0.423589157293004 208.210143076422
0.423902636916829 208.263084749816
0.424216116540653 208.315987286862
0.424529596164477 208.368850745377
0.424843075788302 208.421675183054
0.425156555412126 208.474460657455
0.425470035035951 208.527207226018
0.425783514659775 208.57991494605
0.4260969942836 208.632583874735
0.426410473907424 208.68521406913
0.426723953531249 208.737805586165
0.427037433155073 208.790358482646
0.427350912778897 208.842872815253
0.427664392402722 208.895348640542
0.427977872026546 208.947786014944
0.428291351650371 209.000184994766
0.428604831274195 209.052545636192
0.42891831089802 209.104867995284
0.429231790521844 209.157152127977
0.429545270145669 209.209398090089
0.429858749769493 209.261605937311
0.430172229393317 209.313775725215
0.430485709017142 209.365907509251
0.430799188640966 209.418001344747
0.431112668264791 209.470057286911
0.431426147888615 209.522075390832
0.43173962751244 209.574055711475
0.432053107136264 209.62599830369
0.432366586760088 209.677903222204
0.432680066383913 209.729770521628
0.432993546007737 209.781600256451
0.433307025631562 209.833392481047
0.433620505255386 209.88514724967
0.433933984879211 209.936864616457
0.434247464503035 209.988544635427
0.43456094412686 210.040187360484
0.434874423750684 210.091792845413
0.435187903374508 210.143361143884
0.435501382998333 210.194892309451
0.435814862622157 210.246386395553
0.436128342245982 210.297843455512
0.436441821869806 210.349263542537
0.436755301493631 210.40064670972
0.437068781117455 210.451993010041
0.43738226074128 210.503302496366
0.437695740365104 210.554575221446
0.438009219988928 210.605811237918
0.438322699612753 210.657010598309
0.438636179236577 210.708173355031
0.438949658860402 210.759299560384
0.439263138484226 210.810389266557
0.439576618108051 210.861442525627
0.439890097731875 210.912459389558
0.4402035773557 210.963439910204
0.440517056979524 211.01438413931
0.440830536603348 211.065292128508
0.441144016227173 211.116163929321
0.441457495850997 211.166999593163
0.441770975474822 211.217799171336
0.442084455098646 211.268562715036
0.442397934722471 211.319290275347
0.442711414346295 211.369981903247
0.44302489397012 211.420637649605
0.443338373593944 211.471257565181
0.443651853217768 211.521841700629
0.443965332841593 211.572390106494
0.444278812465417 211.622902833216
0.444592292089242 211.673379931125
0.444905771713066 211.723821450449
0.445219251336891 211.774227441307
0.445532730960715 211.824597953712
0.445846210584539 211.874933037572
0.446159690208364 211.92523274269
0.446473169832188 211.975497118765
0.446786649456013 212.02572621539
0.447100129079837 212.075920082053
0.447413608703662 212.12607876814
0.447727088327486 212.176202322931
0.448040567951311 212.226290795605
0.448354047575135 212.276344235236
0.448667527198959 212.326362690796
0.448981006822784 212.376346211153
0.449294486446608 212.426294845074
0.449607966070433 212.476208641224
0.449921445694257 212.526087648166
0.450234925318082 212.575931914361
0.450548404941906 212.625741488169
0.450861884565731 212.67551641785
0.451175364189555 212.725256751562
0.451488843813379 212.774962537364
0.451802323437204 212.824633823213
0.452115803061028 212.874270656969
0.452429282684853 212.923873086389
0.452742762308677 212.973441159135
0.453056241932502 213.022974922766
0.453369721556326 213.072474424746
0.453683201180151 213.121939712436
0.453996680803975 213.171370833103
0.454310160427799 213.220767833915
0.454623640051624 213.270130761941
0.454937119675448 213.319459664155
0.455250599299273 213.368754587431
0.455564078923097 213.418015578549
0.455877558546922 213.46724268419
0.456191038170746 213.516435950942
0.456504517794571 213.565595425293
0.456817997418395 213.614721153638
0.457131477042219 213.663813182276
0.457444956666044 213.71287155741
0.457758436289868 213.761896325149
0.458071915913693 213.810887531507
0.458385395537517 213.859845222403
0.458698875161342 213.908769443663
0.459012354785166 213.957660241018
0.45932583440899 214.006517660106
0.459639314032815 214.055341746471
0.459952793656639 214.104132545564
0.460266273280464 214.152890102743
0.460579752904288 214.201614463274
0.460893232528113 214.250305672331
0.461206712151937 214.298963774994
0.461520191775762 214.347588816252
0.461833671399586 214.396180841004
0.46214715102341 214.444739894054
0.462460630647235 214.493266020119
0.462774110271059 214.541759263821
0.463087589894884 214.590219669696
0.463401069518708 214.638647282185
0.463714549142533 214.687042145642
0.464028028766357 214.735404304329
0.464341508390182 214.78373380242
0.464654988014006 214.832030683998
0.46496846763783 214.880294993059
0.465281947261655 214.928526773508
0.465595426885479 214.976726069162
0.465908906509304 215.024892923748
0.466222386133128 215.073027380909
0.466535865756953 215.121129484195
0.466849345380777 215.169199277072
0.467162825004602 215.217236802916
0.467476304628426 215.265242105018
0.46778978425225 215.313215226578
0.468103263876075 215.361156210715
0.468416743499899 215.409065100456
0.468730223123724 215.456941938745
0.469043702747548 215.504786768437
0.469357182371373 215.552599632305
0.469670661995197 215.600380573033
0.469984141619022 215.648129633221
0.470297621242846 215.695846855383
0.47061110086667 215.743532281949
0.470924580490495 215.791185955264
0.471238060114319 215.838807917588
0.471551539738144 215.886398211096
0.471865019361968 215.933956877881
0.472178498985793 215.98148395995
0.472491978609617 216.028979499228
0.472805458233442 216.076443537556
0.473118937857266 216.123876116691
0.47343241748109 216.171277278308
0.473745897104915 216.218647064
0.474059376728739 216.265985515275
0.474372856352564 216.31329267356
0.474686335976388 216.360568580202
0.474999815600213 216.407813276462
0.475313295224037 216.455026803522
0.475626774847861 216.502209202483
0.475940254471686 216.549360514362
0.47625373409551 216.596480780098
0.476567213719335 216.643570040548
0.476880693343159 216.690628336487
0.477194172966984 216.737655708613
0.477507652590808 216.78465219754
0.477821132214633 216.831617843804
0.478134611838457 216.878552687862
0.478448091462281 216.92545677009
0.478761571086106 216.972330130786
0.47907505070993 217.019172810166
0.479388530333755 217.065984848371
0.479702009957579 217.11276628546
0.480015489581404 217.159517161416
0.480328969205228 217.206237516142
0.480642448829053 217.252927389463
0.480955928452877 217.299586821128
0.481269408076701 217.346215850805
0.481582887700526 217.392814518088
0.48189636732435 217.439382862492
0.482209846948175 217.485920923454
0.482523326571999 217.532428740335
0.482836806195824 217.578906352421
0.483150285819648 217.625353798918
0.483463765443473 217.671771118959
0.483777245067297 217.718158351599
0.484090724691121 217.764515535818
0.484404204314946 217.81084271052
0.48471768393877 217.857139914532
0.485031163562595 217.903407186609
0.485344643186419 217.949644565428
0.485658122810244 217.995852089592
0.485971602434068 218.04202979763
0.486285082057893 218.088177727996
0.486598561681717 218.134295919068
0.486912041305541 218.180384409153
0.487225520929366 218.226443236482
0.48753900055319 218.272472439212
0.487852480177015 218.318472055428
0.488165959800839 218.364442123139
0.488479439424664 218.410382680285
0.488792919048488 218.456293764727
0.489106398672312 218.50217541426
0.489419878296137 218.548027666601
0.489733357919961 218.593850559396
0.490046837543786 218.639644130221
0.49036031716761 218.685408416577
0.490673796791435 218.731143455894
0.490987276415259 218.776849285531
0.491300756039084 218.822525942775
0.491614235662908 218.868173464842
0.491927715286732 218.913791888876
0.492241194910557 218.95938125195
0.492554674534381 219.004941591068
0.492868154158206 219.050472943161
0.49318163378203 219.095975345091
0.493495113405855 219.141448833649
0.493808593029679 219.186893445556
0.494122072653504 219.232309217464
0.494435552277328 219.277696185954
0.494749031901152 219.323054387539
0.495062511524977 219.368383858661
0.495375991148801 219.413684635693
0.495689470772626 219.45895675494
0.49600295039645 219.504200252637
0.496316430020275 219.549415164952
0.496629909644099 219.594601527982
0.496943389267924 219.639759377758
0.497256868891748 219.684888750242
0.497570348515572 219.729989681327
0.497883828139397 219.775062206839
0.498197307763221 219.820106362538
0.498510787387046 219.865122184113
0.49882426701087 219.910109707189
0.499137746634695 219.955068967321
0.499451226258519 220
