0.009375 -0 -0
0.028125 -104.169418691175 -104.169418691175
0.046875 -374.310993437265 -374.310993437265
0.065625 -661.430509760059 -661.430509760059
0.084375 -823.805168804718 -823.805168804718
0.103125 -763.808297677193 -763.808297677193
0.121875 -464.156733591547 -464.156733591547
0.140625 3.0722668848163 3.0722668848163
0.159375 499.034353133663 499.034353133663
0.178125 864.974324785017 864.974324785017
0.196875 977.354350205583 977.354350205583
0.215625 792.171170673991 792.171170673991
0.234375 362.869717756033 362.869717756033
0.253125 -174.835187472946 -174.835187472946
0.271875 -646.619671096025 -646.619671096025
0.290625 -352.084935290088 -352.084935290088
0.303125 -215.062189855031 -860.248759420122
0.309375 -210.717499150886 -842.869996603545
0.315625 -206.544875405326 -826.179501621303
0.321875 -202.534295300364 -810.137181201458
0.328125 -198.67649919941 -794.705996797641
0.334375 -194.962919775126 -779.851679100505
0.340625 -191.385618494845 -765.542473979381
0.346875 -187.937228972419 -751.748915889678
0.353125 -184.610906335732 -738.44362534293
0.359375 -181.400281877723 -725.601127510893
0.365625 -178.299422358451 -713.197689433803
0.371875 -175.302793411251 -701.211173645002
0.378125 -172.405226578008 -689.620906312032
0.384375 -169.601889560476 -678.407558241903
0.390625 -166.888259327507 -667.553037310029
0.396875 -164.260097763294 -657.040391053175
0.403125 -161.713429580928 -646.853718323712
0.409375 -159.244522259083 -636.978089036331
0.415625 -156.849867789018 -627.399471156074
0.421875 -154.526166043998 -618.104664175992
0.428125 -152.270309605396 -609.081238421583
0.434375 -150.079369898845 -600.31747959538
0.440625 -147.950584510209 -591.802338040836
0.446875 -145.881345566008 -583.52538226403
0.453125 -143.869189075449 -575.476756301798
0.459375 -141.911785142446 -567.647140569785
0.465625 -140.006928966041 -560.027715864164
0.471875 -138.152532555901 -552.610130223604
0.478125 -136.346617097655 -545.386468390622
0.484375 -134.587305909304 -538.349223637217
0.490625 -132.872817935935 -531.491271743741
0.496875 -131.201461735487 -524.805846941947
