0.00208333333333333 -1962.09387690429 -981.046938448344 -981.046938448344
0.00416666666666667 -3915.78576660155 -2936.83932495787 -2936.83932495787
0.00625 -5852.70966048385 -4877.25805039882 -4877.25805039882
0.00833333333333333 -7764.57135307562 -6793.999933948 -6793.999933948
0.0104166666666667 -9643.18395909485 -8678.86556317962 -8678.86556317962
0.0125 -11480.5029709527 -10523.7943900325 -10523.7943900325
0.0145833333333333 -13268.66070657 -12320.8992275207 -12320.8992275207
0.0166666666666667 -15000 -14062.5 -14062.5
0.01875 -16667.1069905881 -15741.1566022282 -15741.1566022282
0.0208333333333333 -18262.8428702616 -17349.7007267515 -17349.7007267515
0.0229166666666667 -19780.3744530021 -18881.266523319 -18881.266523319
0.025 -21213.2034355964 -20329.319959111 -20329.319959111
0.0270833333333333 -22555.1942243693 -21687.6867541939 -21687.6867541939
0.0291666666666667 -23800.6002087371 -22950.5787727104 -22950.5787727104
0.03125 -24944.0883690764 -24112.6187567748 -24112.6187567748
0.0333333333333333 -25980.7621135332 -25168.8632974845 -25168.8632974845
0.0354166666666667 -26906.1822459806 -26114.8239446245 -26114.8239446245
0.0375 -27716.3859753386 -26946.4863649144 -26946.4863649144
0.0395833333333333 -28407.9038848532 -27660.3274668398 -27660.3274668398
0.0416666666666667 -28977.774788672 -28253.330418955 -28253.330418955
0.04375 -29423.5584120969 -28722.9974975285 -28722.9974975285
0.0458333333333333 -29743.3458412143 -29067.3607084599 -29067.3607084599
0.0479166666666667 -29935.7676971581 -29284.9901385186 -29284.9901385186
0.05 -30000 -29374.9999999965 -29374.9999999965
0.0520833333333333 -29935.7676971581 -29337.0523432096 -29337.0523432096
0.0541666666666667 -29743.3458412143 -29171.3584211865 -29171.3584211865
0.05625 -29423.5584120969 -28878.6777007656 -28878.6777007656
0.0583333333333333 -28977.774788672 -28460.3145245868 -28460.3145245868
0.0604166666666667 -28407.9038848532 -27918.1124385606 -27918.1124385606
0.0625 -27716.3859753386 -27254.4462090867 -27254.4462090867
0.0645833333333333 -26906.1822459806 -26472.2115645861 -26472.2115645861
0.0666666666666667 -25980.7621135332 -25574.8127055055 -25574.8127055055
0.06875 -24944.0883690764 -24566.1476362082 -24566.1476362082
0.0708333333333333 -23800.6002087371 -23450.5913821273 -23450.5913821273
0.0729166666666667 -22555.1942243693 -22232.9771640217 -22232.9771640217
0.075 -21213.2034355964 -20918.5756101034 -20918.5756101034
0.0770833333333333 -19780.3744530021 -19513.0720955288 -19513.0720955288
0.0791666666666667 -18262.8428702616 -18022.5423061715 -18022.5423061715
0.08125 -16667.1069905881 -16453.4261317357 -16453.4261317357
0.0833333333333333 -15000 -14812.499999995 -14812.499999995
0.0854166666666667 -13268.66070657 -13106.8477711297 -13106.8477711297
0.0875 -11480.5029709527 -11343.8303165376 -11343.8303165376
0.0895833333333333 -9643.18395909487 -9531.05391305437 -9531.05391305437
0.0916666666666667 -7764.57135307562 -7676.33758770573 -7676.33758770573
0.09375 -5852.70966048385 -5787.67955313422 -5787.67955313422
0.0958333333333333 -3915.78576660156 -3873.22287783545 -3873.22287783545
0.0979166666666667 -1962.09387690429 -1941.22053779272 -1941.22053779272
0.1 9.64885723403475e-012 7.23264781399282e-009 7.23264781399282e-009
0.102083333333333 1962.09387690429 1942.0725108133 1942.0725108133
0.104166666666667 3915.78576660154 3876.62790893607 3876.62790893607
0.10625 5852.70966048386 5795.3301540029 5795.3301540029
0.108333333333333 7764.57135307562 7689.91201314336 7689.91201314336
0.110416666666667 9643.18395909485 9552.21052553109 9552.21052553109
0.1125 11480.5029709527 11374.2020175118 11374.2020175118
0.114583333333333 13268.66070657 13148.0365183326 13148.0365183326
0.116666666666667 15000 14866.0714285662 14866.0714285662
0.11875 16667.1069905881 16520.9042976907 16520.9042976907
0.120833333333333 18262.8428702616 18105.4045696608 18105.4045696608
0.122916666666667 19780.3744530021 19612.74416103 19612.74416103
0.125 21213.2034355964 21036.4267402988 21036.4267402988
0.127083333333333 22555.1942243693 22370.3155831869 22370.3155831869
0.129166666666667 23800.600208737 23608.6598844867 23608.6598844867
0.13125 24944.0883690763 24746.119413779 24746.119413779
0.133333333333333 25980.7621135332 25777.7874095314 25777.7874095314
0.135416666666667 26906.1822459807 26699.2116133056 26699.2116133056
0.1375 27716.3859753386 27506.413354311 27506.413354311
0.139583333333333 28407.9038848532 28195.9046021304 28195.9046021304
0.141666666666667 28977.774788672 28764.7029152221 28764.7029152221
0.14375 29423.5584120969 29210.344220707 29210.344220707
0.145833333333333 29743.3458412143 29530.8933709324 29530.8933709324
0.147916666666667 29935.7676971581 29724.952431684 29724.952431684
0.15 30000 29791.6666666691 29791.6666666691
0.152083333333333 29935.7676971581 29730.7281923765 29730.7281923765
0.154166666666667 29743.3458412143 29542.3772882433 29542.3772882433
0.15625 29423.5584120969 29227.4013560305 29227.4013560305
0.158333333333333 28977.7747886721 28787.1315334878 28787.1315334878
0.160416666666667 28407.9038848532 28223.4369765106 28223.4369765106
0.1625 27716.3859753386 27538.7168344867 27538.7168344867
0.164583333333333 26906.1822459807 26735.8899532864 26735.8899532864
0.166666666666667 25980.7621135331 25818.3823503206 25818.3823503206
0.16875 24944.0883690764 24790.1125149566 24790.1125149566
0.170833333333333 23800.6002087371 23655.4745977129 23655.4745977129
0.172916666666667 22555.1942243693 22419.3195603681 22419.3195603681
0.175 21213.2034355964 21086.9343675213 21086.9343675213
0.177083333333333 19780.3744530021 19664.0193091657 19664.0193091657
0.179166666666667 18262.8428702616 18156.6635512516 18156.6635512516
0.18125 16667.1069905881 16571.3190193791 16571.3190193791
0.183333333333333 15000 14914.7727272604 14914.7727272604
0.185416666666667 13268.66070657 13194.1176688935 13194.1176688935
0.1875 11480.5029709527 11416.7223988992 11416.7223988992
0.189583333333333 9643.18395909486 9590.19943184063 9590.19943184063
0.191666666666667 7764.57135307565 7722.3725957008 7722.3725957008
0.19375 5852.70966048386 5821.24347952184 5821.24347952184
0.195833333333333 3915.78576660155 3894.95711890771 3894.95711890771
0.197916666666667 1962.09387690428 1951.76706701434 1951.76706701434
0.2 -1.92977144680695e-011 9.8401953252392e-009 9.8401953252392e-009
0.202083333333333 -1962.0938769043 -1951.97999093877 -1951.97999093877
0.204166666666667 -3915.78576660154 -3895.80726779039 -3895.80726779039
0.20625 -5852.70966048385 -5823.15052078738 -5823.15052078738
0.208333333333333 -7764.57135307561 -7725.74849630364 -7725.74849630364
0.210416666666667 -9643.18395909484 -9595.44542464355 -9595.44542464355
0.2125 -11480.5029709527 -11424.2259956023 -11424.2259956023
0.214583333333333 -13268.6607065701 -13204.2497322728 -13204.2497322728
0.216666666666667 -15000 -14927.8846153877 -14927.8846153877
0.21875 -16667.1069905881 -16587.7398144385 -16587.7398144385
0.220833333333333 -18262.8428702616 -18176.6973850161 -18176.6973850161
0.222916666666667 -19780.3744530021 -19687.9427966865 -19687.9427966865
0.225 -21213.2034355964 -21114.9941604318 -21114.9941604318
0.227083333333333 -22555.1942243693 -22451.7300306812 -22451.7300306812
0.229166666666667 -23800.600208737 -23692.4156623316 -23692.4156623316
0.23125 -24944.0883690764 -24831.7276106733 -24831.7276106733
0.233333333333333 -25980.7621135332 -25864.7765683776 -25864.7765683776
0.235416666666667 -26906.1822459806 -26787.1283422358 -26787.1283422358
0.2375 -27716.3859753386 -27594.8228789502 -27594.8228789502
0.239583333333333 -28407.9038848532 -28284.3912592666 -28284.3912592666
0.241666666666667 -28977.774788672 -28852.8705869947 -28852.8705869947
0.24375 -29423.5584120969 -29297.8167094861 -29297.8167094861
0.245833333333333 -29743.3458412143 -29617.314714772 -29617.314714772
0.247916666666667 -29935.7676971581 -29809.9871606174 -29809.9871606174
0.25 -30000 -29875.0000000103 -29875.0000000103
0.252083333333333 -29935.7676971581 -29812.0661777477 -29812.0661777477
0.254166666666667 -29743.3458412143 -29621.446882855 -29621.446882855
0.25625 -29423.5584120969 -29303.9504510724 -29303.9504510724
0.258333333333333 -28977.7747886721 -28860.9289225731 -28860.9289225731
0.260416666666667 -28407.9038848532 -28294.2722693186 -28294.2722693186
0.2625 -27716.3859753386 -27606.400316701 -27606.400316701
0.264583333333333 -26906.1822459806 -26800.2523946147 -26800.2523946147
0.266666666666667 -25980.7621135332 -25879.2747615222 -25879.2747615222
0.26875 -24944.0883690764 -24847.405856027 -24847.405856027
0.270833333333333 -23800.6002087371 -23709.0594386978 -23709.0594386978
0.272916666666667 -22555.1942243694 -22469.1056967899 -22469.1056967899
0.275 -21213.2034355964 -21132.8503922868 -21132.8503922868
0.277083333333333 -19780.374453002 -19706.0121430287 -19706.0121430287
0.279166666666667 -18262.8428702616 -18194.6979341801 -18194.6979341801
0.28125 -16667.1069905881 -16605.3769646977 -16605.3769646977
0.283333333333333 -15000 -14944.8529411693 -14944.8529411693
0.285416666666667 -13268.6607065701 -13220.2349375746 -13220.2349375746
0.2875 -11480.5029709527 -11438.9069456901 -11438.9069456901
0.289583333333333 -9643.18395909486 -9608.49624700579 -9608.49624700579
0.291666666666667 -7764.57135307562 -7736.84074110719 -7736.84074110719
0.29375 -5852.70966048384 -5831.95537090318 -5831.95537090318
0.295833333333333 -3915.78576660153 -3901.99778854572 -3901.99778854572
0.297916666666667 -1962.09387690431 273348.693038173 273348.693038173
0.299652777777778 -327.242744825475 101928.048810682 -410563.329475548
0.300694444444444 0 -4.03008656469679e-008 -1.61203462587872e-007
0.301388888888889 0 7.32049259920222e-009 2.92819703968089e-008
0.302083333333333 0 -1.19080138852983e-008 -4.7632055541193e-008
0.302777777777778 0 8.93587955923784e-009 3.57435182369514e-008
0.303472222222222 0 -7.72621765192998e-008 -3.09048706077199e-007
0.304166666666667 0 1.27972481926488e-008 5.11889927705953e-008
0.304861111111111 0 2.59245199339622e-008 1.03698079735849e-007
0.305555555555556 0 3.18931354053638e-008 1.27572541621455e-007
0.30625 0 -1.3750372269377e-008 -5.50014890775078e-008
0.306944444444444 0 -3.85396691935392e-010 -1.54158676774157e-009
0.307638888888889 0 4.36506848725341e-008 1.74602739490136e-007
0.308333333333333 0 -1.17442034475759e-007 -4.69768137903037e-007
0.309027777777778 0 -2.40294579739794e-008 -9.61178318959175e-008
0.309722222222222 0 3.5356069641508e-008 1.41424278566032e-007
0.310416666666667 0 4.29240857622961e-008 1.71696343049184e-007
0.311111111111111 0 4.87554639518251e-009 1.950218558073e-008
0.311805555555556 0 -5.0854693284982e-008 -2.03418773139928e-007
0.3125 0 -4.49544721448094e-008 -1.79817888579237e-007
0.313194444444444 0 5.39038791429855e-009 2.15615516571942e-008
0.313888888888889 0 -1.02908552475983e-007 -4.1163420990393e-007
0.314583333333333 0 -2.31253215252578e-008 -9.25012861010312e-008
0.315277777777778 0 -6.87037739474982e-008 -2.74815095789993e-007
0.315972222222222 0 5.16492413673186e-008 2.06596965469275e-007
0.316666666666667 0 -9.47681827748915e-008 -3.79072731099566e-007
0.317361111111111 0 -4.67806974776921e-008 -1.87122789910768e-007
0.318055555555556 0 -1.39938750543743e-008 -5.59755002174974e-008
0.31875 0 3.2067775885694e-008 1.28271103542776e-007
0.319444444444444 0 -2.89229926965085e-008 -1.15691970786034e-007
0.320138888888889 0 -2.85405850796657e-008 -1.14162340318663e-007
0.320833333333333 0 4.35957867209002e-008 1.74383146883601e-007
0.321527777777778 0 4.67827936217462e-009 1.87131174486985e-008
0.322222222222222 0 9.21185576095195e-008 3.68474230438078e-007
0.322916666666667 0 1.02984150239821e-008 4.11936600959285e-008
0.323611111111111 0 -7.8527471220892e-008 -3.14109884883568e-007
0.324305555555556 0 2.35818114500355e-008 9.43272458001418e-008
0.325 0 7.16045684284314e-009 2.86418273713726e-008
0.325694444444444 0 -1.27721935373331e-008 -5.10887741493325e-008
0.326388888888889 0 -9.79504137373937e-008 -3.91801654949575e-007
0.327083333333333 0 3.15146736732309e-008 1.26058694692924e-007
0.327777777777778 0 -1.01968061113378e-007 -4.07872244453511e-007
0.328472222222222 0 -3.3193912734765e-009 -1.3277565093906e-008
0.329166666666667 0 -1.11455553647093e-008 -4.45822214588371e-008
0.329861111111111 0 -9.93388647130866e-008 -3.97355458852346e-007
0.330555555555556 0 -3.33851366719775e-008 -1.3354054668791e-007
0.33125 0 7.24009531572764e-010 2.89603812629105e-009
0.331944444444444 0 4.91457251463751e-009 1.965829005855e-008
0.332638888888889 0 -4.75098941399046e-008 -1.90039576559618e-007
0.333333333333333 0 4.28337565416827e-008 1.71335026166731e-007
0.334027777777778 0 -4.6577069020797e-008 -1.86308276083188e-007
0.334722222222222 0 -8.10834121836616e-008 -3.24333648734647e-007
0.335416666666667 0 -1.6611348321716e-008 -6.64453932868638e-008
0.336111111111111 0 7.63513054433236e-008 3.05405221773294e-007
0.336805555555556 0 -2.84921183553717e-008 -1.13968473421487e-007
0.3375 0 7.00951297005761e-008 2.80380518802304e-007
0.338194444444444 0 -3.14004723660095e-008 -1.25601889464038e-007
0.338888888888889 0 -1.92881251953861e-008 -7.71525007815444e-008
0.339583333333333 0 -1.60368405671583e-008 -6.41473622686333e-008
0.340277777777778 0 1.32830432367623e-008 5.31321729470491e-008
0.340972222222222 0 5.03455623422869e-008 2.01382249369148e-007
0.341666666666667 0 -4.70239262163311e-008 -1.88095704865325e-007
0.342361111111111 0 2.56347446312796e-008 1.02538978525119e-007
0.343055555555556 0 -2.62539269676459e-008 -1.05015707870584e-007
0.34375 0 -7.94807419879365e-008 -3.17922967951746e-007
0.344444444444444 0 9.73590240685175e-009 3.8943609627407e-008
0.345138888888889 0 -5.14719727604674e-008 -2.05887891041869e-007
0.345833333333333 0 2.38981268509349e-008 9.55925074037396e-008
0.346527777777778 0 -6.17180599212403e-008 -2.46872239684961e-007
0.347222222222222 0 -5.66440046867458e-008 -2.26576018746983e-007
0.347916666666667 0 -2.98865028533541e-008 -1.19546011413417e-007
0.348611111111111 0 -6.30513681106421e-008 -2.52205472442569e-007
0.349305555555556 0 -1.16097668258366e-009 -4.64390673033464e-009
0.35 0 3.07061233582675e-008 1.2282449343307e-007
0.350694444444444 0 -6.52473876907789e-009 -2.60989550763116e-008
0.351388888888889 0 6.41666956723005e-009 2.56666782689202e-008
0.352083333333333 0 6.52230269793111e-008 2.60892107917244e-007
0.352777777777778 0 -6.36231854602064e-008 -2.54492741840826e-007
0.353472222222222 0 1.81312505284672e-008 7.25250021138687e-008
0.354166666666667 0 3.54856285532473e-008 1.41942514212989e-007
0.354861111111111 0 -1.23424245383717e-008 -4.93696981534868e-008
0.355555555555556 0 -6.60161925125638e-008 -2.64064770050255e-007
0.35625 0 -6.01433289136225e-008 -2.4057331565449e-007
0.356944444444444 0 -5.0509563846621e-008 -2.02038255386484e-007
0.357638888888889 0 -1.20733264162875e-007 -4.829330566515e-007
0.358333333333333 0 4.19153177283085e-008 1.67661270913234e-007
0.359027777777778 0 -2.14328114250571e-008 -8.57312457002283e-008
0.359722222222222 0 2.04616555359537e-009 8.18466221438148e-009
0.360416666666667 0 2.93523263498321e-008 1.17409305399329e-007
0.361111111111111 0 -5.44601594590143e-008 -2.17840637836057e-007
0.361805555555556 0 -9.08366111695919e-008 -3.63346444678368e-007
0.3625 0 -4.96788541338762e-008 -1.98715416535505e-007
0.363194444444444 0 -1.95936299689839e-008 -7.83745198759357e-008
0.363888888888889 0 -2.05122758473388e-008 -8.20491033893551e-008
0.364583333333333 0 -1.12019303547381e-007 -4.48077214189524e-007
0.365277777777778 0 -2.93978195399171e-008 -1.17591278159668e-007
0.365972222222222 0 -5.81945907023092e-008 -2.32778362809237e-007
0.366666666666667 0 -2.28124882620504e-008 -9.12499530482016e-008
0.367361111111111 0 -1.02036727649422e-007 -4.08146910597686e-007
0.368055555555556 0 -5.34727884612796e-008 -2.13891153845118e-007
0.36875 0 -2.93983955823209e-008 -1.17593582329284e-007
0.369444444444444 0 4.36613061494704e-008 1.74645224597881e-007
0.370138888888889 0 -1.30578924783648e-007 -5.22315699134593e-007
0.370833333333333 0 7.50486414586563e-009 3.00194565834625e-008
0.371527777777778 0 -3.46451450705459e-008 -1.38580580282183e-007
0.372222222222222 0 7.15249441763487e-008 2.86099776705395e-007
0.372916666666667 0 -4.22536642546277e-009 -1.69014657018511e-008
0.373611111111111 0 -4.17367047985538e-008 -1.66946819194215e-007
0.374305555555556 0 -2.79915400691302e-008 -1.11966160276521e-007
0.375 0 -1.49302650243044e-007 -5.97210600972178e-007
0.375694444444444 0 4.22677996115633e-008 1.69071198446253e-007
0.376388888888889 0 -1.31625644701049e-007 -5.26502578804197e-007
0.377083333333333 0 -5.12290938951657e-008 -2.04916375580663e-007
0.377777777777778 0 -3.01175173036145e-008 -1.20470069214458e-007
0.378472222222222 0 4.75809160878756e-008 1.90323664351503e-007
0.379166666666667 0 -1.49537604277295e-007 -5.98150417109179e-007
0.379861111111111 0 -3.62421610090273e-008 -1.44968644036109e-007
0.380555555555556 0 1.0283884692724e-008 4.11355387708962e-008
0.38125 0 -1.05028956024071e-007 -4.20115824096282e-007
0.381944444444444 0 -6.94768402809134e-008 -2.77907361123654e-007
0.382638888888889 0 -3.95622119456556e-008 -1.58248847782622e-007
0.383333333333333 0 -4.49356465081076e-008 -1.79742586032431e-007
0.384027777777778 0 -4.02184065436302e-008 -1.60873626174521e-007
0.384722222222222 0 -5.37625943763901e-008 -2.1505037750556e-007
0.385416666666667 0 -1.34718787476969e-008 -5.38875149907876e-008
0.386111111111111 0 -1.12374886374695e-008 -4.49499545498781e-008
0.386805555555556 0 -1.37038359116396e-008 -5.48153436465585e-008
0.3875 0 -8.66241272261038e-009 -3.46496508904415e-008
0.388194444444444 0 5.07627743060495e-008 2.03051097224198e-007
0.388888888888889 0 -2.11552175777286e-008 -8.46208703109144e-008
0.389583333333333 0 1.19744812995741e-008 4.78979251982963e-008
0.390277777777778 0 -1.02261971133048e-008 -4.09047884532194e-008
0.390972222222222 0 9.36729060216119e-009 3.74691624086447e-008
0.391666666666667 0 -9.90107485360808e-008 -3.96042994144323e-007
0.392361111111111 0 -5.86760601168639e-008 -2.34704240467456e-007
0.393055555555556 0 -2.46273249143549e-008 -9.85092996574196e-008
0.39375 0 -1.06594276262838e-007 -4.26377105051352e-007
0.394444444444444 0 -6.82750588459826e-008 -2.7310023538393e-007
0.395138888888889 0 -2.88475830218244e-008 -1.15390332087298e-007
0.395833333333333 0 -4.53293234526979e-008 -1.81317293810792e-007
0.396527777777778 0 -4.74690661559339e-008 -1.89876264623736e-007
0.397222222222222 0 -9.46968936832208e-009 -3.78787574732883e-008
0.397916666666667 0 -3.43621257102862e-009 -1.37448502841145e-008
0.398611111111111 0 -7.62778996760122e-008 -3.05111598704049e-007
0.399305555555556 0 -6.74330490576962e-008 -2.69732196230785e-007
0.4 0 -5.47820039331628e-008 -2.19128015732651e-007
0.400694444444444 0 -5.80302530465179e-010 -2.32121012186072e-009
0.401388888888889 0 -2.94739264136904e-008 -1.17895705654761e-007
0.402083333333333 0 5.20582540805575e-008 2.0823301632223e-007
0.402777777777778 0 6.3444559950493e-009 2.53778239801972e-008
0.403472222222222 0 -1.03529522304478e-008 -4.1411808921791e-008
0.404166666666667 0 -1.29674019975487e-007 -5.1869607990195e-007
0.404861111111111 0 -5.90426644111073e-008 -2.36170657644429e-007
0.405555555555556 0 -1.99877812930986e-008 -7.99511251723945e-008
0.40625 0 2.2459621854628e-008 8.98384874185121e-008
0.406944444444444 0 1.0905788217889e-008 4.36231528715559e-008
0.407638888888889 0 -2.30482290833699e-008 -9.21929163334794e-008
0.408333333333333 0 4.58490225377533e-008 1.83396090151013e-007
0.409027777777778 0 -1.48745160161781e-007 -5.94980640647124e-007
0.409722222222222 0 -4.55561066836078e-008 -1.82224426734431e-007
0.410416666666667 0 2.16832602634476e-008 8.67330410537903e-008
0.411111111111111 0 -1.11256304169416e-007 -4.45025216677665e-007
0.411805555555556 0 -2.1671905416954e-008 -8.6687621667816e-008
0.4125 0 -5.14006534305366e-008 -2.05602613722146e-007
0.413194444444444 0 -6.5230862056436e-008 -2.60923448225744e-007
0.413888888888889 0 -3.60901724612723e-008 -1.44360689845089e-007
0.414583333333333 0 -4.07188734991212e-008 -1.62875493996485e-007
0.415277777777778 0 -6.87158691152284e-010 -2.74863476460914e-009
0.415972222222222 0 -3.19326721992967e-008 -1.27730688797187e-007
0.416666666666667 0 3.09273886500706e-008 1.23709554600282e-007
0.417361111111111 0 9.25321184068089e-009 3.70128473627235e-008
0.418055555555556 0 -2.60548074809594e-008 -1.04219229923838e-007
0.41875 0 1.3473998036709e-008 5.38959921468362e-008
0.419444444444444 0 2.14040229249145e-008 8.5616091699658e-008
0.420138888888889 0 -6.43066822932301e-008 -2.57226729172921e-007
0.420833333333333 0 3.73314606950111e-008 1.49325842780044e-007
0.421527777777778 0 -1.07203972223301e-007 -4.28815888893206e-007
0.422222222222222 0 -5.10003828642433e-008 -2.04001531456973e-007
0.422916666666667 0 4.67992147497876e-009 1.8719685899915e-008
0.423611111111111 0 -1.38366516932634e-007 -5.53466067730535e-007
0.424305555555556 0 -2.30185703558596e-008 -9.20742814234383e-008
0.425 0 -6.94707820681584e-009 -2.77883128272634e-008
0.425694444444444 0 -2.19339274312612e-008 -8.77357097250447e-008
0.426388888888889 0 -1.00702513429063e-007 -4.02810053716251e-007
0.427083333333333 0 -1.98980656342074e-008 -7.95922625368296e-008
0.427777777777778 0 -6.32060923080846e-008 -2.52824369232338e-007
0.428472222222222 0 -1.62515317248916e-008 -6.50061268995664e-008
0.429166666666667 0 -4.73616951482647e-008 -1.89446780593059e-007
0.429861111111111 0 -5.62349159161326e-008 -2.2493966366453e-007
0.430555555555556 0 -8.32829031544923e-008 -3.33131612617969e-007
0.43125 0 7.15221505209271e-009 2.86088602083708e-008
0.431944444444444 0 -1.14876157461119e-007 -4.59504629844478e-007
0.432638888888889 0 4.53778112998728e-008 1.81511245199491e-007
0.433333333333333 0 -4.33811371440659e-008 -1.73524548576264e-007
0.434027777777778 0 -3.53427367372207e-010 -1.41370946948883e-009
0.434722222222222 0 1.10635079372573e-009 4.42540317490291e-009
0.435416666666667 0 2.10316128149399e-008 8.41264512597597e-008
0.436111111111111 0 2.32275600027806e-009 9.29102400111226e-009
0.436805555555556 0 6.82347050086908e-008 2.72938820034763e-007
0.4375 0 -5.35562451529718e-009 -2.14224980611887e-008
0.438194444444444 0 -8.01603550574023e-008 -3.20641420229609e-007
0.438888888888889 0 -6.4786841714189e-008 -2.59147366856756e-007
0.439583333333333 0 -3.02823396690165e-008 -1.21129358676066e-007
0.440277777777778 0 -3.07458437258664e-008 -1.22983374903466e-007
0.440972222222222 0 -1.00677241661517e-007 -4.02708966646068e-007
0.441666666666667 0 -1.64250047525225e-008 -6.57000190100901e-008
0.442361111111111 0 -5.99761521451737e-008 -2.39904608580695e-007
0.443055555555556 0 -1.45260155001671e-008 -5.81040620006684e-008
0.44375 0 -4.59538435473432e-008 -1.83815374189373e-007
0.444444444444444 0 -1.10941016373545e-007 -4.4376406549418e-007
0.445138888888889 0 4.55346337858466e-008 1.82138535143386e-007
0.445833333333333 0 -5.05585106490851e-008 -2.0223404259634e-007
0.446527777777778 0 -4.92424937528908e-008 -1.96969975011563e-007
0.447222222222222 0 -6.24712058480987e-008 -2.49884823392395e-007
0.447916666666667 0 -3.36651190645341e-008 -1.34660476258136e-007
0.448611111111111 0 1.61991460493239e-008 6.47965841972956e-008
0.449305555555556 0 2.98831599342095e-008 1.19532639736838e-007
0.45 0 -1.70019331946492e-008 -6.80077327785969e-008
0.450694444444444 0 -3.63635285211415e-008 -1.45454114084566e-007
0.451388888888889 0 -6.11510620602148e-008 -2.44604248240859e-007
0.452083333333333 0 -6.63983964584754e-008 -2.65593585833902e-007
0.452777777777778 0 3.304371990755e-008 1.321748796302e-007
0.453472222222222 0 -8.70885746366352e-008 -3.48354298546541e-007
0.454166666666667 0 2.06420055360573e-008 8.25680221442291e-008
0.454861111111111 0 -1.3176634623108e-007 -5.27065384924318e-007
0.455555555555556 0 -2.07024933781363e-008 -8.28099735125453e-008
0.45625 0 -5.39021758734399e-008 -2.1560870349376e-007
0.456944444444444 0 -9.48868679677441e-008 -3.79547471870977e-007
0.457638888888889 0 8.63975355598258e-009 3.45590142239303e-008
0.458333333333333 0 -4.48169210833593e-008 -1.79267684333437e-007
0.459027777777778 0 -6.56127569824975e-008 -2.6245102792999e-007
0.459722222222222 0 -7.80218065381455e-008 -3.12087226152582e-007
0.460416666666667 0 -8.2704283240869e-008 -3.30817132963476e-007
0.461111111111111 0 4.22551391467215e-009 1.69020556586886e-008
0.461805555555556 0 -4.19541766740952e-008 -1.67816706696381e-007
0.4625 0 2.53932442640707e-008 1.01572977056283e-007
0.463194444444444 0 1.27154778460604e-008 5.08619113842417e-008
0.463888888888889 0 -6.40164615927866e-008 -2.56065846371146e-007
0.464583333333333 0 5.25842544395588e-008 2.10337017758235e-007
0.465277777777778 0 4.94270415641096e-008 1.97708166256438e-007
0.465972222222222 0 -5.37174668383244e-008 -2.14869867353297e-007
0.466666666666667 0 -1.99163899658065e-008 -7.96655598632261e-008
0.467361111111111 0 7.61785261914376e-008 3.0471410476575e-007
0.468055555555556 0 -3.24488210781839e-008 -1.29795284312736e-007
0.46875 0 -9.60071702138524e-008 -3.8402868085541e-007
0.469444444444444 0 -1.12168243923897e-007 -4.48672975695586e-007
0.470138888888889 0 2.91112528470252e-008 1.16445011388101e-007
0.470833333333333 0 -4.23841422136132e-008 -1.69536568854453e-007
0.471527777777778 0 3.37697233946639e-009 1.35078893578656e-008
0.472222222222222 0 -9.82046209058504e-008 -3.92818483623402e-007
0.472916666666667 0 3.29212674742321e-008 1.31685069896928e-007
0.473611111111111 0 -1.09453035491341e-007 -4.37812141965365e-007
0.474305555555556 0 -8.91874685378564e-008 -3.56749874151426e-007
0.475 0 6.81370749296215e-010 2.72548299718486e-009
0.475694444444444 0 -4.84466563216801e-008 -1.9378662528672e-007
0.476388888888889 0 -2.85734025361645e-008 -1.14293610144658e-007
0.477083333333333 0 -7.97033565784535e-008 -3.18813426313814e-007
0.477777777777778 0 3.60130111778196e-008 1.44052044711278e-007
0.478472222222222 0 -5.11627988161401e-008 -2.0465119526456e-007
0.479166666666667 0 5.96357050698239e-008 2.38542820279296e-007
0.479861111111111 0 -3.88750149293046e-008 -1.55500059717219e-007
0.480555555555556 0 5.18409823739263e-008 2.07363929495705e-007
0.48125 0 -3.88462041754581e-008 -1.55384816701832e-007
0.481944444444444 0 -1.73901492629712e-008 -6.95605970518847e-008
0.482638888888889 0 1.42648528960289e-008 5.70594115841155e-008
0.483333333333333 0 -2.74591521934225e-008 -1.0983660877369e-007
0.484027777777778 0 -2.94913889578869e-008 -1.17965555831548e-007
0.484722222222222 0 -9.33238311843679e-008 -3.73295324737472e-007
0.485416666666667 0 -3.18549650177172e-009 -1.27419860070869e-008
0.486111111111111 0 -4.99503021801828e-008 -1.99801208720731e-007
0.486805555555556 0 -8.69132554799076e-008 -3.47653021919631e-007
0.4875 0 3.12140057391075e-010 1.2485602295643e-009
0.488194444444444 0 -5.88331454677717e-008 -2.35332581871087e-007
0.488888888888889 0 -3.44722682217707e-008 -1.37889072887083e-007
0.489583333333333 0 -7.89800973558026e-008 -3.1592038942321e-007
0.490277777777778 0 -1.8555588793535e-008 -7.42223551741399e-008
0.490972222222222 0 -2.73584832299388e-010 -1.09433932919755e-009
0.491666666666667 0 -1.37455829769276e-007 -5.49823319077106e-007
0.492361111111111 0 8.13554470617669e-008 3.25421788247068e-007
0.493055555555556 0 -1.72474023795339e-008 -6.89896095181355e-008
0.49375 0 -3.23778674757242e-008 -1.29511469902897e-007
0.494444444444444 0 5.22305434857487e-008 2.08922173942995e-007
0.495138888888889 0 -5.01321845186658e-008 -2.00528738074663e-007
0.495833333333333 0 -3.07057841338207e-008 -1.22823136535283e-007
0.496527777777778 0 3.24349777805276e-008 1.2973991112211e-007
0.497222222222222 0 -1.3540313004901e-008 -5.41612520196041e-008
0.497916666666667 0 -4.13451164518243e-008 -1.65380465807297e-007
0.498611111111111 0 -5.49132327353609e-008 -2.19652930941443e-007
0.499305555555556 0 -1.1557559916063e-008 -4.62302396642521e-008
