0.01875 -16667.1069905881 -8333.55349529399 -8333.55349529399
0.0375 -27716.3859753386 -20787.289481504 -20787.289481504
0.05625 -29423.5584120969 -24519.6320100808 -24519.6320100808
0.075 -21213.2034355964 -18561.553006147 -18561.553006147
0.09375 -5852.70966048385 -5267.43869443548 -5267.43869443548
0.1125 11480.5029709527 10523.79439004 10523.79439004
0.13125 24944.0883690764 23162.3677712852 23162.3677712852
0.15 30000 28125.0000000001 28125.0000000001
0.16875 24944.0883690764 23558.3056819054 23558.3056819054
0.1875 11480.5029709527 10906.4778224051 10906.4778224051
0.20625 -5852.70966048385 -5586.67740318901 -5586.67740318901
0.225 -21213.2034355964 -20329.3199591132 -20329.3199591132
0.24375 -29423.5584120969 -28291.8830885546 -28291.8830885546
0.2625 -27716.3859753386 -26726.515047648 -26726.515047648
0.28125 -16667.1069905881 13933.0443871858 13933.0443871858
0.296875 -2940.51420988682 10006.6244766655 -42694.9311004412
0.30625 0 3.86314109953081e-010 1.54525643981232e-009
0.3125 0 -2.72184053073941e-010 -1.08873621229577e-009
0.31875 0 5.58187047781576e-010 2.2327481911263e-009
0.325 0 -8.26562749868854e-010 -3.30625099947542e-009
0.33125 0 -6.42437884860833e-010 -2.56975153944333e-009
0.3375 0 5.50719963459619e-010 2.20287985383847e-009
0.34375 0 -6.15963038151012e-010 -2.46385215260405e-009
0.35 0 1.11614209937929e-009 4.46456839751718e-009
0.35625 0 -5.64398430525585e-010 -2.25759372210234e-009
0.3625 0 -7.74442579031218e-010 -3.09777031612487e-009
0.36875 0 -1.12166396698062e-010 -4.48665586792248e-010
0.375 0 -2.06708724211541e-010 -8.26834896846166e-010
0.38125 0 5.99389390579921e-010 2.39755756231968e-009
0.3875 0 1.44727240944298e-010 5.78908963777191e-010
0.39375 0 1.17837309574945e-010 4.71349238299781e-010
0.4 0 -1.744313027352e-009 -6.97725210940799e-009
0.40625 0 -1.77693073930222e-010 -7.10772295720887e-010
0.4125 0 4.75420376467421e-010 1.90168150586968e-009
0.41875 0 -3.08746726360953e-010 -1.23498690544381e-009
0.425 0 5.99363695929404e-010 2.39745478371762e-009
0.43125 0 -3.06166686206541e-010 -1.22466674482616e-009
0.4375 0 -1.956530175968e-012 -7.82612070387199e-012
0.44375 0 4.34236684168992e-010 1.73694673667597e-009
0.45 0 -1.20711835588989e-009 -4.82847342355956e-009
0.45625 0 6.14531865273285e-010 2.45812746109314e-009
0.4625 0 -5.40917460972881e-010 -2.16366984389152e-009
0.46875 0 -9.99852053003758e-010 -3.99940821201503e-009
0.475 0 -2.54007341476081e-010 -1.01602936590432e-009
0.48125 0 -8.91302039389152e-010 -3.56520815755661e-009
0.4875 0 3.33335638294022e-010 1.33334255317609e-009
0.49375 0 -5.56006436391159e-010 -2.22402574556464e-009
