0 178.699888072749
0.0230769230769231 178.699888072749
0.0461538461538461 182.231310513084
0.0692307692307692 193.866071527811
0.0923076923076923 211.568231499924
0.115384615384615 228.310323085751
0.138461538461538 235.933748702416
0.161538461538462 229.744384029509
0.184615384615385 211.433889234781
0.207692307692308 188.726477897361
0.230769230769231 171.830245016138
0.253846153846154 168.439224598763
0.276923076923077 179.823804403264
0.3 187.722452588993
0.307692307692308 189.322178803825
0.315384615384615 190.882405605944
0.323076923076923 192.405036581506
0.330769230769231 193.891840945879
0.338461538461538 195.344465899576
0.346153846153846 196.764447595887
0.353846153846154 198.153220903268
0.361538461538462 199.512128118018
0.369230769230769 200.842426759825
0.376923076923077 202.145296563657
0.384615384615385 203.421845765391
0.392307692307692 204.67311676511
0.4 205.900091240564
0.407692307692308 207.103694773627
0.415384615384615 208.284801044391
0.423076923076923 209.444235640461
0.430769230769231 210.582779523089
0.438461538461538 211.701172186556
0.446153846153846 212.800114542831
0.453846153846154 213.880271559683
0.461538461538462 214.942274677092
0.469230769230769 215.986724023966
0.476923076923077 217.01419045463
0.484615384615385 218.025217422404
0.492307692307692 219.020322705646
0.5 220
