0 132.888108990928
0.000163576881134133 132.888108990928
0.000327153762268266 132.888110365963
0.000490730643402399 132.888116141044
0.000654307524536532 132.888129105301
0.000817884405670665 132.888152021425
0.000981461286804798 132.888187644626
0.00114503816793893 132.888238726949
0.00130861504907306 132.888308018644
0.0014721919302072 132.888398268688
0.00163576881134133 132.888512224982
0.00179934569247546 132.888652634411
0.0019629225736096 132.888822242846
0.00212649945474373 132.889023795105
0.00229007633587786 132.889260034898
0.002453653217012 132.889533704762
0.00261723009814613 132.889847545989
0.00278080697928026 132.890204298546
0.00294438386041439 132.890606700997
0.00310796074154853 132.891057490422
0.00327153762268266 132.891559402335
0.00343511450381679 132.892115170597
0.00359869138495093 132.892727527331
0.00376226826608506 132.893399202844
0.00392584514721919 132.894132925533
0.00408942202835333 132.894931421804
0.00425299890948746 132.895797415989
0.00441657579062159 132.896733630254
0.00458015267175573 132.897742784518
0.00474372955288986 132.898827596364
0.00490730643402399 132.899990780957
0.00507088331515812 132.901235050954
0.00523446019629226 132.902563116422
0.00539803707742639 132.90397768475
0.00556161395856052 132.905481460561
0.00572519083969466 132.907077145633
0.00588876772082879 132.908767438807
0.00605234460196292 132.910555035903
0.00621592148309706 132.912442629638
0.00637949836423119 132.914432909536
0.00654307524536532 132.916528561844
0.00670665212649945 132.918732269448
0.00687022900763359 132.921046711788
0.00703380588876772 132.92347456477
0.00719738276990185 132.926018500685
0.00736095965103599 132.92868118812
0.00752453653217012 132.931465291877
0.00768811341330425 132.934373472885
0.00785169029443839 132.937408388119
0.00801526717557252 132.940572690512
0.00817884405670665 132.943869028872
0.00834242093784079 132.947300047799
0.00850599781897492 132.950868387599
0.00866957470010905 132.954576684201
0.00883315158124318 132.958427569071
0.00899672846237732 132.962423669134
0.00916030534351145 132.966567606684
0.00932388222464558 132.970861999301
0.00948745910577972 132.975309459774
0.00965103598691385 132.97991259601
0.00981461286804798 132.984674010955
0.00997818974918212 132.98959630251
0.0101417666303162 132.994682063449
0.0103053435114504 132.999933881335
0.0104689203925845 133.005354338439
0.0106324972737186 133.010946011656
0.0107960741548528 133.016711472424
0.0109596510359869 133.022653286641
0.011123227917121 133.028774014584
0.0112868047982552 133.035076210826
0.0114503816793893 133.041562424157
0.0116139585605234 133.048235197499
0.0117775354416576 133.055097067827
0.0119411123227917 133.062150566086
0.0121046892039258 133.069398217115
0.01226826608506 133.076842539559
0.0124318429661941 133.084486045794
0.0125954198473282 133.092331241844
0.0127589967284624 133.100380627302
0.0129225736095965 133.108636695248
0.0130861504907306 133.117101932173
0.0132497273718648 133.125778817894
0.0134133042529989 133.13466982548
0.013576881134133 133.143777421167
0.0137404580152672 133.153104064286
0.0139040348964013 133.162652207177
0.0140676117775354 133.172424295114
0.0142311886586696 133.182422766226
0.0143947655398037 133.192650051419
0.0145583424209378 133.203108574297
0.014721919302072 133.213800751084
0.0148854961832061 133.224728990549
0.0150490730643402 133.235895693924
0.0152126499454744 133.24730325483
0.0153762268266085 133.2589540592
0.0155398037077426 133.270850485199
0.0157033805888768 133.282994903152
0.0158669574700109 133.295389675464
0.016030534351145 133.308037156546
0.0161941112322792 133.320939692737
0.0163576881134133 133.33409962223
0.0165212649945474 133.347519274997
0.0166848418756816 133.361200972711
0.0168484187568157 133.375147028675
0.0170119956379498 133.389359747742
0.017175572519084 133.403841426247
0.0173391494002181 133.418594351926
0.0175027262813522 133.433620803846
0.0176663031624864 133.448923052332
0.0178298800436205 133.464503358891
0.0179934569247546 133.480363976138
0.0181570338058888 133.496507147726
0.0183206106870229 133.512935108271
0.018484187568157 133.529650083281
0.0186477644492912 133.546654289081
0.0188113413304253 133.563949932746
0.0189749182115594 133.581539212022
0.0191384950926936 133.599424315262
0.0193020719738277 133.61760742135
0.0194656488549618 133.636090699631
0.019629225736096 133.654876309842
0.0197928026172301 133.673966402038
0.0199563794983642 133.693363116528
0.0201199563794984 133.713068583797
0.0202835332606325 133.733084924443
0.0204471101417666 133.753414249106
0.0206106870229008 133.774058658398
0.0207742639040349 133.795020242833
0.020937840785169 133.816301082762
0.0211014176663032 133.837903248302
0.0212649945474373 133.859828799271
0.0214285714285714 133.882079785117
0.0215921483097056 133.904658244852
0.0217557251908397 133.927566206987
0.0219193020719738 133.950805689462
0.022082878953108 133.974378699583
0.0222464558342421 133.998287233953
0.0224100327153762 134.022533278407
0.0225736095965104 134.047118807948
0.0227371864776445 134.072045786681
0.0229007633587786 134.097316167747
0.0230643402399128 134.122931893259
0.0232279171210469 134.148894894239
0.023391494002181 134.175207090554
0.0235550708833152 134.201870390849
0.0237186477644493 134.228886692489
0.0238822246455834 134.256257881493
0.0240458015267176 134.283985832469
0.0242093784078517 134.312072408558
0.0243729552889858 134.340519461367
0.02453653217012 134.369328830907
0.0247001090512541 134.398502345535
0.0248636859323882 134.428041821893
0.0250272628135224 134.457949064843
0.0251908396946565 134.48822586741
0.0253544165757906 134.518874010723
0.0255179934569248 134.549895263952
0.0256815703380589 134.58129138425
0.025845147219193 134.613064116697
0.0260087241003272 134.645215194236
0.0261723009814613 134.677746337619
0.0263358778625954 134.710659255347
0.0264994547437296 134.743955643614
0.0266630316248637 134.777637186246
0.0268266085059978 134.811705554651
0.026990185387132 134.846162407754
0.0271537622682661 134.881009391948
0.0273173391494002 134.916248141033
0.0274809160305344 134.951880276166
0.0276444929116685 134.987907405798
0.0278080697928026 135.024331125628
0.0279716466739367 135.061153018543
0.0281352235550709 135.098374654565
0.028298800436205 135.135997590798
0.0284623773173391 135.174023371375
0.0286259541984733 135.212453527405
0.0287895310796074 135.251289576918
0.0289531079607415 135.290533024817
0.0291166848418757 135.330185362822
0.0292802617230098 135.370248069424
0.0294438386041439 135.410722609827
0.0296074154852781 135.451610435902
0.0297709923664122 135.492912986136
0.0299345692475463 135.534631685582
0.0300981461286805 135.576767945808
0.0302617230098146 135.61932316485
0.0304252998909487 135.662298727161
0.0305888767720829 135.705696003564
0.030752453653217 135.749516351206
0.0309160305343511 135.793761113505
0.0310796074154853 135.838431620108
0.0312431842966194 135.883529186842
0.0314067611777535 135.929055115666
0.0315703380588877 135.97501069463
0.0317339149400218 136.021397197823
0.031897491821156 136.068215885331
0.0320610687022901 136.115468003195
0.0322246455834242 136.163154783361
0.0323882224645584 136.211277443638
0.0325517993456925 136.259837187656
0.0327153762268266 136.308835204823
0.0328789531079608 136.358272670278
0.0330425299890949 136.408150744853
0.033206106870229 136.458470575029
0.0333696837513632 136.509233292895
0.0335332606324973 136.560440016106
0.0336968375136315 136.612091847845
0.0338604143947656 136.664189876776
0.0340239912758997 136.716735177013
0.0341875681570339 136.769728808073
0.034351145038168 136.823171814842
0.0345147219193021 136.877065227533
0.0346782988004363 136.931410061647
0.0348418756815704 136.98620731794
0.0350054525627045 137.041457982381
0.0351690294438387 137.097163026116
0.0353326063249728 137.153323405434
0.035496183206107 137.209940061726
0.0356597600872411 137.267013921452
0.0358233369683752 137.324545896109
0.0359869138495094 137.382536882189
0.0361504907306435 137.44098776115
0.0363140676117776 137.499899399379
0.0364776444929118 137.559272648161
0.0366412213740459 137.619108343643
0.0368047982551801 137.679407306803
0.0369683751363142 137.740170343418
0.0371319520174483 137.801398244031
0.0372955288985825 137.863091783919
0.0374591057797166 137.925251723064
0.0376226826608507 137.987878806122
0.0377862595419849 138.05097376239
0.037949836423119 138.114537305781
0.0381134133042531 138.17857013479
0.0382769901853873 138.24307293247
0.0384405670665214 138.308046366397
0.0386041439476556 138.373491088651
0.0387677208287897 138.439407735781
0.0389312977099238 138.505796928779
0.039094874591058 138.572659273059
0.0392584514721921 138.639995358423
0.0394220283533262 138.707805759042
0.0395856052344604 138.776091033426
0.0397491821155945 138.844851724401
0.0399127589967286 138.914088359085
0.0400763358778628 138.983801448864
0.0402399127589969 139.053991489369
0.0404034896401311 139.12465896045
0.0405670665212652 139.195804326157
0.0407306434023993 139.267428034717
0.0408942202835335 139.339530518511
0.0410577971646676 139.412112194053
0.0412213740458017 139.485173461972
0.0413849509269359 139.558714706988
0.04154852780807 139.632736297893
0.0417121046892041 139.707238587534
0.0418756815703383 139.782221912793
0.0420392584514724 139.857686594565
0.0422028353326066 139.933632937745
0.0423664122137407 140.010061231209
0.0425299890948748 140.086971747794
0.042693565976009 140.164364744285
0.0428571428571431 140.242240461398
0.0430207197382772 140.320599123761
0.0431842966194114 140.399440939906
0.0433478735005455 140.478766102244
0.0435114503816796 140.558574787062
0.0436750272628138 140.638867154499
0.0438386041439479 140.719643348539
0.0440021810250821 140.800903496995
0.0441657579062162 140.8826477115
0.0443293347873503 140.964876087489
0.0444929116684845 141.047588704194
0.0446564885496186 141.130785624629
0.0448200654307527 141.214466895578
0.0449836423118869 141.298632547591
0.045147219193021 141.383282594967
0.0453107960741551 141.468417035751
0.0454743729552893 141.554035851721
0.0456379498364234 141.64013900838
0.0458015267175576 141.726726454951
0.0459651035986917 141.813798124368
0.0461286804798258 141.901353933268
0.04629225736096 141.989393781987
0.0464558342420941 142.07791755455
0.0466194111232282 142.166925118672
0.0467829880043624 142.256416325745
0.0469465648854965 142.346391010842
0.0471101417666306 142.436848992705
0.0472737186477648 142.527790073746
0.0474372955288989 142.619214040043
0.0476008724100331 142.711120661339
0.0477644492911672 142.803509691033
0.0479280261723013 142.896380866189
0.0480916030534355 142.989733907525
0.0482551799345696 143.083568519417
0.0484187568157037 143.177884389898
0.0485823336968379 143.272681190659
0.048745910577972 143.367958577048
0.0489094874591062 143.46371618807
0.0490730643402403 143.559953646392
0.0492366412213744 143.656670558343
0.0494002181025086 143.753866513917
0.0495637949836427 143.851541086775
0.0497273718647768 143.94969383425
0.049890948745911 144.04832429735
0.0500545256270451 144.147432000762
0.0502181025081792 144.247016452857
0.0503816793893134 144.347077145698
0.0505452562704475 144.44761355504
0.0507088331515817 144.548625140342
0.0508724100327158 144.650111344772
0.0510359869138499 144.752071595212
0.0511995637949841 144.854505302269
0.0513631406761182 144.95741186028
0.0515267175572523 145.060790647324
0.0516902944383865 145.164641025226
0.0518538713195206 145.268962339574
0.0520174482006547 145.373753919723
0.0521810250817889 145.479015078805
0.052344601962923 145.584745113746
0.0525081788440572 145.690943305272
0.0526717557251913 145.797608917922
0.0528353326063254 145.904741200063
0.0529989094874596 146.012339383899
0.0531624863685937 146.120402685487
0.0533260632497278 146.228930304749
0.053489640130862 146.337921425489
0.0536532170119961 146.447375215403
0.0538167938931302 146.5572908261
0.0539803707742644 146.667667393113
0.0541439476553985 146.778504035917
0.0543075245365327 146.889799857946
0.0544711014176668 147.001553946609
0.0546346782988009 147.113765373307
0.0547982551799351 147.226433193452
0.0549618320610692 147.339556446488
0.0551254089422033 147.453134155903
0.0552889858233375 147.567165329255
0.0554525627044716 147.681648958188
0.0556161395856057 147.796584018456
0.0557797164667399 147.911969469939
0.055943293347874 148.027804256666
0.0561068702290082 148.14408730684
0.0562704471101423 148.260817532855
0.0564340239912764 148.37799383132
0.0565976008724106 148.495615083087
0.0567611777535447 148.613680153265
0.0569247546346788 148.732187891255
0.057088331515813 148.851137130763
0.0572519083969471 148.970526689835
0.0574154852780812 149.090355370876
0.0575790621592154 149.210621960678
0.0577426390403495 149.331325230446
0.0579062159214837 149.452463935824
0.0580697928026178 149.574036816924
0.0582333696837519 149.696042598351
0.0583969465648861 149.818479989234
0.0585605234460202 149.94134768325
0.0587241003271543 150.064644358659
0.0588876772082885 150.188368678328
0.0590512540894226 150.312519289764
0.0592148309705567 150.437094825144
0.0593784078516909 150.562093901342
0.059541984732825 150.687515119967
0.0597055616139592 150.813357067389
0.0598691384950933 150.939618314772
0.0600327153762274 151.066297418109
0.0601962922573616 151.193392918253
0.0603598691384957 151.32090334095
0.0605234460196298 151.448827196875
0.060687022900764 151.577162981663
0.0608505997818981 151.705909175948
0.0610141766630323 151.835064245393
0.0611777535441664 151.964626640731
0.0613413304253005 152.094594797797
0.0615049073064347 152.224967137566
0.0616684841875688 152.355742066189
0.0618320610687029 152.486917975034
0.0619956379498371 152.618493240717
0.0621592148309712 152.750466225147
0.0623227917121053 152.882835275561
0.0624863685932395 153.015598724564
0.0626499454743736 153.148754890166
0.0628135223555077 153.282302075828
0.0629770992366419 153.416238570496
0.063140676117776 153.550562648646
0.0633042529989102 153.685272570321
0.0634678298800443 153.820366581179
0.0636314067611784 153.955842912527
0.0637949836423126 154.091699781372
0.0639585605234467 154.227935390456
0.0641221374045808 154.364547928305
0.064285714285715 154.50153556927
0.0644492911668491 154.638896473573
0.0646128680479832 154.776628787348
0.0647764449291174 154.91473064269
0.0649400218102515 155.053200157699
0.0651035986913857 155.192035436525
0.0652671755725198 155.331234569416
0.0654307524536539 155.47079563276
0.0655943293347881 155.61071668914
0.0657579062159222 155.750995787373
0.0659214830970563 155.891630962565
0.0660850599781905 156.032620236153
0.0662486368593246 156.17396161596
0.0664122137404587 156.315653096238
0.0665757906215929 156.457692657722
0.066739367502727 156.600078267677
0.0669029443838612 156.742807879949
0.0670665212649953 156.885879435018
0.0672300981461294 157.029290860046
0.0673936750272636 157.173040068928
0.0675572519083977 157.317124962348
0.0677208287895318 157.461543427828
0.067884405670666 157.60629333978
0.0680479825518001 157.751372559561
0.0682115594329342 157.896778935527
0.0683751363140684 158.042510303083
0.0685387131952025 158.188564484743
0.0687022900763367 158.334939290178
0.0688658669574708 158.481632516276
0.0690294438386049 158.628641947196
0.0691930207197391 158.775965354421
0.0693565976008732 158.923600496819
0.0695201744820073 159.071545120696
0.0696837513631415 159.219796959852
0.0698473282442756 159.368353735643
0.0700109051254098 159.517213157032
0.0701744820065439 159.666372920654
0.070338058887678 159.815830710868
0.0705016357688122 159.965584199818
0.0706652126499463 160.115631047497
0.0708287895310804 160.265968901796
0.0709923664122146 160.416595398573
0.0711559432933487 160.567508161711
0.0713195201744828 160.718704803175
0.071483097055617 160.870182923075
0.0716466739367511 161.02194010973
0.0718102508178853 161.173973939724
0.0719738276990194 161.326281977974
0.0721374045801535 161.478861777787
0.0723009814612877 161.631710880925
0.0724645583424218 161.78482681767
0.0726281352235559 161.938207106882
0.0727917121046901 162.091849256068
0.0729552889858242 162.245750761444
0.0731188658669583 162.399909107998
0.0732824427480925 162.554321769557
0.0734460196292266 162.708986208849
0.0736095965103608 162.863899877574
0.0737731733914949 163.019060216462
0.073936750272629 163.174464655345
0.0741003271537632 163.330110613222
0.0742639040348973 163.485995498323
0.0744274809160314 163.642116708181
0.0745910577971656 163.798471629694
0.0747546346782997 163.955057639196
0.0749182115594338 164.111872102525
0.075081788440568 164.268912375089
0.0752453653217021 164.426175801937
0.0754089422028363 164.583659717827
0.0755725190839704 164.741361447294
0.0757360959651045 164.899278304723
0.0758996728462387 165.057407594416
0.0760632497273728 165.215746610662
0.0762268266085069 165.374292637809
0.0763904034896411 165.533042950335
0.0765539803707752 165.691994812918
0.0767175572519093 165.851145480507
0.0768811341330435 166.010492198395
0.0770447110141776 166.170032202292
0.0772082878953118 166.329762718393
0.0773718647764459 166.489680963455
0.07753544165758 166.649784144869
0.0776990185387142 166.810069460731
0.0778625954198483 166.970534099918
0.0780261723009824 167.131175242161
0.0781897491821166 167.291990058117
0.0783533260632507 167.452975709447
0.0785169029443848 167.614129348887
0.078680479825519 167.775448120327
0.0788440567066531 167.936929158881
0.0790076335877873 168.098569590967
0.0791712104689214 168.260366534379
0.0793347873500555 168.422317098368
0.0794983642311897 168.584418383712
0.0796619411123238 168.746667482796
0.0798255179934579 168.90906147969
0.0799890948745921 169.071597450223
0.0801526717557262 169.234272462062
0.0803162486368603 169.39708357479
0.0804798255179945 169.56002783998
0.0806434023991286 169.72310230128
0.0808069792802628 169.886303994486
0.0809705561613969 170.04962994762
0.081134133042531 170.213077181013
0.0812977099236652 170.37664270738
0.0814612868047993 170.540323531904
0.0816248636859334 170.70411665231
0.0817884405670676 170.868019058947
0.0819520174482017 171.03202773487
0.0821155943293359 171.196139655918
0.08227917121047 171.360351790795
0.0824427480916041 171.52466110115
0.0826063249727383 171.689064541661
0.0827699018538724 171.853559060112
0.0829334787350065 172.018141597475
0.0830970556161407 172.182809087997
0.0832606324972748 172.347558459273
0.0834242093784089 172.512386632336
0.0835877862595431 172.677290521733
0.0837513631406772 172.842267035615
0.0839149400218114 173.00731307581
0.0840785169029455 173.172425537913
0.0842420937840796 173.337601311369
0.0844056706652138 173.502837279551
0.0845692475463479 173.668130319848
0.084732824427482 173.833477303749
0.0848964013086162 173.998875096923
0.0850599781897503 174.164320559307
0.0852235550708844 174.329810545189
0.0853871319520186 174.49534190329
0.0855507088331527 174.660911476854
0.0857142857142869 174.826516103727
0.085877862595421 174.992152616445
0.0860414394765551 175.157817842321
0.0862050163576893 175.323508603526
0.0863685932388234 175.489221717177
0.0865321701199575 175.654953995424
0.0866957470010917 175.820702245533
0.0868593238822258 175.986463269974
0.0870229007633599 176.152233866506
0.0871864776444941 176.318010828265
0.0873500545256282 176.48379094385
0.0875136314067624 176.649570997408
0.0876772082878965 176.815347768723
0.0878407851690306 176.981118033302
0.0880043620501648 177.146878562462
0.0881679389312989 177.31262612342
0.088331515812433 177.478357479375
0.0884950926935672 177.644069389601
0.0886586695747013 177.809758609532
0.0888222464558354 177.97542189085
0.0889858233369696 178.141055981575
0.0891494002181037 178.30665762615
0.0893129770992379 178.472223565532
0.089476553980372 178.63775053728
0.0896401308615061 178.803235275641
0.0898037077426403 178.968674511644
0.0899672846237744 179.134064973183
0.0901308615049085 179.299403385109
0.0902944383860427 179.464686469319
0.0904580152671768 179.629910944844
0.0906215921483109 179.795073527942
0.0907851690294451 179.960170932179
0.0909487459105792 180.12519986853
0.0911123227917134 180.290157045458
0.0912758996728475 180.455039169011
0.0914394765539816 180.619842942907
0.0916030534351158 180.784565068629
0.0917666303162499 180.949202245508
0.091930207197384 181.113751170822
0.0920937840785182 181.278208539877
0.0922573609596523 181.442571046104
0.0924209378407864 181.606835381148
0.0925845147219206 181.770998234955
0.0927480916030547 181.935056295867
0.0929116684841889 182.09900625071
0.093075245365323 182.262844784886
0.0932388222464571 182.426568582462
0.0934023991275913 182.590174326263
0.0935659760087254 182.753658697963
0.0937295528898595 182.917018378173
0.0938931297709937 183.080250046536
0.0940567066521278 183.243350381814
0.094220283533262 183.406316061983
0.0943838604143961 183.569143764323
0.0945474372955302 183.731830165507
0.0947110141766644 183.894371941696
0.0948745910577985 184.056765768627
0.0950381679389326 184.219008321708
0.0952017448200668 184.381096276106
0.0953653217012009 184.543026306842
0.095528898582335 184.704795088878
0.0956924754634692 184.866399297213
0.0958560523446033 185.027835606972
0.0960196292257375 185.1891006935
0.0961832061068716 185.35019123245
0.0963467829880057 185.511103899881
0.0965103598691399 185.67183537234
0.096673936750274 185.832382326966
0.0968375136314081 185.992741441569
0.0970010905125423 186.152909394733
0.0971646673936764 186.312882865901
0.0973282442748105 186.472658535469
0.0974918211559447 186.632233084877
0.0976553980370788 186.791603196703
0.097818974918213 186.950765554753
0.0979825517993471 187.109716844152
0.0981461286804812 187.268453751439
0.0983097055616154 187.426972964656
0.0984732824427495 187.58527117344
0.0986368593238836 187.743345069118
0.0988004362050178 187.901191344794
0.0989640130861519 188.058806695446
0.099127589967286 188.216187818012
0.0992911668484202 188.373331411489
0.0994547437295543 188.530234177016
0.0996183206106885 188.686892817975
0.0997818974918226 188.843304040075
0.0999454743729567 188.99946455145
0.100109051254091 189.155371062743
0.100272628135225 189.311020287207
0.100436205016359 189.466408940789
0.100599781897493 189.621533742225
0.100763358778627 189.776391413132
0.100926935659762 189.930978678097
0.101090512540896 190.085292264769
0.10125408942203 190.239328903954
0.101417666303164 190.393085329702
0.101581243184298 190.546558279398
0.101744820065432 190.699744493858
0.101908396946566 190.852640717416
0.102071973827701 191.005243698015
0.102235550708835 191.157550187301
0.102399127589969 191.309556940712
0.102562704471103 191.461260717569
0.102726281352237 191.612658281167
0.102889858233371 191.763746398865
0.103053435114505 191.914521842179
0.103217011995639 192.06498138687
0.103380588876774 192.215121813035
0.103544165757908 192.364939905201
0.103707742639042 192.514432452408
0.103871319520176 192.663596248308
0.10403489640131 192.812428091249
0.104198473282444 192.960924784365
0.104362050163578 193.109083135671
0.104525627044713 193.256899958148
0.104689203925847 193.404372069836
0.104852780806981 193.551496293921
0.105016357688115 193.698269458827
0.105179934569249 193.844688398303
0.105343511450383 193.990749951515
0.105507088331517 194.136450963134
0.105670665212652 194.281788283423
0.105834242093786 194.426758768332
0.10599781897492 194.571359279579
0.106161395856054 194.715586684745
0.106324972737188 194.85943785736
0.106488549618322 195.002909676992
0.106652126499456 195.145999029336
0.10681570338059 195.2887028063
0.106979280261725 195.431017906097
0.107142857142859 195.572941233328
0.107306434023993 195.714469699076
0.107470010905127 195.855600220986
0.107633587786261 195.996329723361
0.107797164667395 196.136655137242
0.107960741548529 196.276573400501
0.108124318429664 196.416081457924
0.108287895310798 196.555176261301
0.108451472191932 196.693854769509
0.108615049073066 196.832113948604
0.1087786259542 196.969950771902
0.108942202835334 197.10736222007
0.109105779716468 197.244345281207
0.109269356597603 197.380896950937
0.109432933478737 197.517014232486
0.109596510359871 197.652694136777
0.109760087241005 197.787933682508
0.109923664122139 197.92272989624
0.110087241003273 198.057079812483
0.110250817884407 198.190980473781
0.110414394765541 198.324428930794
0.110577971646676 198.457422242386
0.11074154852781 198.589957475706
0.110905125408944 198.722031706277
0.111068702290078 198.853642018072
0.111232279171212 198.984785503608
0.111395856052346 199.11545926402
0.11155943293348 199.24566040915
0.111723009814615 199.37538605763
0.111886586695749 199.504633336962
0.112050163576883 199.633399383602
0.112213740458017 199.761681343046
0.112377317339151 199.889476369905
0.112540894220285 200.016781627995
0.112704471101419 200.143594290412
0.112868047982554 200.269911539621
0.113031624863688 200.39573056753
0.113195201744822 200.521048575575
0.113358778625956 200.645862774802
0.11352235550709 200.770170385945
0.113685932388224 200.893968639508
0.113849509269358 201.017254775847
0.114013086150492 201.140026045246
0.114176663031627 201.262279708
0.114340239912761 201.384013034494
0.114503816793895 201.50522330528
0.114667393675029 201.62590781116
0.114830970556163 201.746063853264
0.114994547437297 201.865688743123
0.115158124318431 201.984779802757
0.115321701199566 202.103334364746
0.1154852780807 202.221349772307
0.115648854961834 202.338823379379
0.115812431842968 202.455752550692
0.115976008724102 202.572134661851
0.116139585605236 202.687967099406
0.11630316248637 202.803247260934
0.116466739367505 202.917972555114
0.116630316248639 203.0321404018
0.116793893129773 203.145748232101
0.116957470010907 203.258793488454
0.117121046892041 203.371273624698
0.117284623773175 203.483186106152
0.117448200654309 203.594528409689
0.117611777535443 203.705298023806
0.117775354416578 203.815492448705
0.117938931297712 203.92510919636
0.118102508178846 204.034145790597
0.11826608505998 204.14259976716
0.118429661941114 204.25046867379
0.118593238822248 204.357750070295
0.118756815703382 204.464441528621
0.118920392584517 204.570540632926
0.119083969465651 204.676044979652
0.119247546346785 204.780952177594
0.119411123227919 204.885259847973
0.119574700109053 204.988965624507
0.119738276990187 205.092067153479
0.119901853871321 205.194562093809
0.120065430752456 205.296448117126
0.12022900763359 205.397722907831
0.120392584514724 205.498384163173
0.120556161395858 205.598429593314
0.120719738276992 205.6978569214
0.120883315158126 205.796663883625
0.12104689203926 205.894848229305
0.121210468920394 205.992407720939
0.121374045801529 206.089340134282
0.121537622682663 206.185643258408
0.121701199563797 206.281314895778
0.121864776444931 206.376352862306
0.122028353326065 206.470754987425
0.122191930207199 206.564519114153
0.122355507088333 206.657643099157
0.122519083969468 206.75012481282
0.122682660850602 206.841962139302
0.122846237731736 206.933152976608
0.12300981461287 207.023695236648
0.123173391494004 207.113586845306
0.123336968375138 207.202825742496
0.123500545256272 207.29140988223
0.123664122137407 207.37933723268
0.123827699018541 207.466605776236
0.123991275899675 207.553213509573
0.124154852780809 207.639158443709
0.124318429661943 207.724438604067
0.124482006543077 207.809052030534
0.124645583424211 207.892996777526
0.124809160305345 207.976270914042
0.12497273718648 208.058872523726
0.125136314067614 208.140799704926
0.125299890948748 208.222050570756
0.125463467829882 208.302623249146
0.125627044711016 208.38251588291
0.12579062159215 208.461726629797
0.125954198473284 208.54025366255
0.126117775354419 208.618095168963
0.126281352235553 208.695249351938
0.126444929116687 208.77171442954
0.126608505997821 208.847488635053
0.126772082878955 208.922570217038
0.126935659760089 208.996957439382
0.127099236641223 209.070648581358
0.127262813522358 209.143641937677
0.127426390403492 209.215935818542
0.127589967284626 209.287528549702
0.12775354416576 209.358418472501
0.127917121046894 209.428603943939
0.128080697928028 209.498083336715
0.128244274809162 209.566855039283
0.128407851690296 209.634917455906
0.128571428571431 209.702269006701
0.128735005452565 209.768908127693
0.128898582333699 209.834833270866
0.129062159214833 209.900042904211
0.129225736095967 209.964535511775
0.129389312977101 210.028309593711
0.129552889858235 210.091363666326
0.12971646673937 210.15369626213
0.129880043620504 210.215305929882
0.130043620501638 210.276191234638
0.130207197382772 210.336350757799
0.130370774263906 210.395783097154
0.13053435114504 210.454486866932
0.130697928026174 210.512460697839
0.130861504907309 210.569703237113
0.131025081788443 210.626213148559
0.131188658669577 210.681989112601
0.131352235550711 210.737029826322
0.131515812431845 210.791334003508
0.131679389312979 210.844900374691
0.131842966194113 210.897727687192
0.132006543075247 210.949814705162
0.132170119956382 211.001160209626
0.132333696837516 211.051762998522
0.13249727371865 211.101621886743
0.132660850599784 211.150735706175
0.132824427480918 211.199103305742
0.132988004362052 211.24672355144
0.133151581243186 211.293595326379
0.133315158124321 211.339717530821
0.133478735005455 211.385089082218
0.133642311886589 211.429708915251
0.133805888767723 211.473575981866
0.133969465648857 211.516689251309
0.134133042529991 211.559047710165
0.134296619411125 211.600650362396
0.13446019629226 211.64149622937
0.134623773173394 211.681584349902
0.134787350054528 211.720913780286
0.134950926935662 211.759483594328
0.135114503816796 211.797292883384
0.13527808069793 211.834340756387
0.135441657579064 211.870626339884
0.135605234460198 211.906148778069
0.135768811341333 211.940907232811
0.135932388222467 211.974900883689
0.136095965103601 212.008128928021
0.136259541984735 212.040590580893
0.136423118865869 212.072285075194
0.136586695747003 212.103211661639
0.136750272628137 212.133369608804
0.136913849509272 212.162758203151
0.137077426390406 212.191376749056
0.13724100327154 212.219224568839
0.137404580152674 212.246301002789
0.137568157033808 212.272605409193
0.137731733914942 212.29813716436
0.137895310796076 212.322895662646
0.138058887677211 212.346880316483
0.138222464558345 212.3700905564
0.138386041439479 212.392525831052
0.138549618320613 212.414185607237
0.138713195201747 212.435069369926
0.138876772082881 212.455176622282
0.139040348964015 212.474506885684
0.139203925845149 212.493059699749
0.139367502726284 212.510834622353
0.139531079607418 212.527831229652
0.139694656488552 212.544049116102
0.139858233369686 212.559487894481
0.14002181025082 212.574147195907
0.140185387131954 212.588026669856
0.140348964013088 212.601125984183
0.140512540894223 212.613444825141
0.140676117775357 212.624982897394
0.140839694656491 212.635739924038
0.141003271537625 212.645715646616
0.141166848418759 212.654909825136
0.141330425299893 212.663322238085
0.141494002181027 212.670952682444
0.141657579062162 212.677800973705
0.141821155943296 212.683866945882
0.14198473282443 212.689150451528
0.142148309705564 212.693651361745
0.142311886586698 212.6973695662
0.142475463467832 212.700304973136
0.142639040348966 212.702457509381
0.1428026172301 212.703827120366
0.142966194111235 212.704413770129
0.143129770992369 212.704217441328
0.143293347873503 212.703238135252
0.143456924754637 212.701475871829
0.143620501635771 212.698930689635
0.143784078516905 212.695602645902
0.143947655398039 212.691491816527
0.144111232279174 212.68659829608
0.144274809160308 212.680922197807
0.144438386041442 212.67446365364
0.144601962922576 212.667222814203
0.14476553980371 212.659199848816
0.144929116684844 212.650394945498
0.145092693565978 212.640808310977
0.145256270447113 212.630440170689
0.145419847328247 212.619290768782
0.145583424209381 212.607360368122
0.145747001090515 212.594649250292
0.145910577971649 212.581157715595
0.146074154852783 212.566886083058
0.146237731733917 212.551834690428
0.146401308615051 212.536003894176
0.146564885496186 212.519394069497
0.14672846237732 212.502005610308
0.146892039258454 212.483838929247
0.147055616139588 212.464894457673
0.147219193020722 212.445172645662
0.147382769901856 212.424673962006
0.14754634678299 212.40339889421
0.147709923664125 212.381347948486
0.147873500545259 212.358521649753
0.148037077426393 212.334920541629
0.148200654307527 212.310545186428
0.148364231188661 212.285396165153
0.148527808069795 212.259474077491
0.148691384950929 212.232779541808
0.148854961832064 212.205313195139
0.149018538713198 212.17707569318
0.149182115594332 212.148067710285
0.149345692475466 212.118289939453
0.1495092693566 212.08774309232
0.149672846237734 212.05642789915
0.149836423118868 212.024345108825
0.150000000000002 211.991495488835
0.150163576881137 211.957879825265
0.150327153762271 211.923498922787
0.150490730643405 211.888353604644
0.150654307524539 211.85244471264
0.150817884405673 211.815773107128
0.150981461286807 211.778339666993
0.151145038167941 211.740145289642
0.151308615049076 211.701190890987
0.15147219193021 211.66147740543
0.151635768811344 211.62100578585
0.151799345692478 211.579777003584
0.151962922573612 211.537792048413
0.152126499454746 211.495051928545
0.15229007633588 211.451557670593
0.152453653217015 211.407310319566
0.152617230098149 211.362310938842
0.152780806979283 211.316560610152
0.152944383860417 211.270060433565
0.153107960741551 211.222811527461
0.153271537622685 211.174815028516
0.153435114503819 211.126072091676
0.153598691384953 211.076583890144
0.153762268266088 211.026351615348
0.153925845147222 210.975376476927
0.154089422028356 210.923659702703
0.15425299890949 210.871202538661
0.154416575790624 210.818006248923
0.154580152671758 210.764072115725
0.154743729552892 210.709401439392
0.154907306434027 210.653995538312
0.155070883315161 210.597855748913
0.155234460196295 210.540983425631
0.155398037077429 210.48337994089
0.155561613958563 210.425046685071
0.155725190839697 210.365985066486
0.155888767720831 210.306196511347
0.156052344601966 210.245682463742
0.1562159214831 210.184444385603
0.156379498364234 210.122483756675
0.156543075245368 210.059802074489
0.156706652126502 209.99640085433
0.156870229007636 209.932281629208
0.15703380588877 209.867445949822
0.157197382769904 209.801895384532
0.157360959651039 209.735631519325
0.157524536532173 209.668655957784
0.157688113413307 209.600970321051
0.157851690294441 209.532576247796
0.158015267175575 209.463475394182
0.158178844056709 209.393669433831
0.158342420937843 209.323160057785
0.158505997818978 209.251948974476
0.158669574700112 209.180037909685
0.158833151581246 209.107428606507
0.15899672846238 209.034122825316
0.159160305343514 208.960122343723
0.159323882224648 208.885428956541
0.159487459105782 208.810044475747
0.159651035986917 208.733970730439
0.159814612868051 208.657209566802
0.159978189749185 208.579762848064
0.160141766630319 208.501632454455
0.160305343511453 208.422820283172
0.160468920392587 208.34332824833
0.160632497273721 208.263158280926
0.160796074154856 208.182312328794
0.16095965103599 208.100792356562
0.161123227917124 208.018600345612
0.161286804798258 207.935738294032
0.161450381679392 207.852208216574
0.161613958560526 207.768012144612
0.16177753544166 207.683152126092
0.161941112322794 207.597630225491
0.162104689203929 207.511448523768
0.162268266085063 207.42460911832
0.162431842966197 207.337114122934
0.162595419847331 207.24896566774
0.162758996728465 207.160165899163
0.162922573609599 207.070716979876
0.163086150490733 206.980621088751
0.163249727371868 206.889880420809
0.163413304253002 206.798497187171
0.163576881134136 206.706473615009
0.16374045801527 206.613811947497
0.163904034896404 206.520514443756
0.164067611777538 206.426583378806
0.164231188658672 206.332021043515
0.164394765539807 206.236829744544
0.164558342420941 206.141011804298
0.164721919302075 206.044569560869
0.164885496183209 205.947505367987
0.165049073064343 205.849821594965
0.165212649945477 205.751520626641
0.165376226826611 205.65260486333
0.165539803707745 205.553076720763
0.16570338058888 205.452938630036
0.165866957470014 205.352193037549
0.166030534351148 205.250842404958
0.166194111232282 205.148889209109
0.166357688113416 205.046335941986
0.16652126499455 204.943185110653
0.166684841875684 204.839439237197
0.166848418756819 204.735100858666
0.167011995637953 204.630172527013
0.167175572519087 204.524656809038
0.167339149400221 204.418556286325
0.167502726281355 204.311873555185
0.167666303162489 204.204611226592
0.167829880043623 204.096771926128
0.167993456924758 203.988358293915
0.168157033805892 203.87937298456
0.168320610687026 203.769818667087
0.16848418756816 203.65969802488
0.168647764449294 203.549013755614
0.168811341330428 203.437768571199
0.168974918211562 203.325965197711
0.169138495092696 203.213606375331
0.169302071973831 203.100694858277
0.169465648854965 202.987233414745
0.169629225736099 202.873224826839
0.169792802617233 202.758671890507
0.169956379498367 202.643577415475
0.170119956379501 202.527944225182
0.170283533260635 202.411775156711
0.17044711014177 202.295073060725
0.170610687022904 202.177840801397
0.170774263904038 202.060081256342
0.170937840785172 201.94179731655
0.171101417666306 201.822991886321
0.17126499454744 201.703667883187
0.171428571428574 201.583828237852
0.171592148309709 201.463475894118
0.171755725190843 201.342613808814
0.171919302071977 201.221244951729
0.172082878953111 201.099372305539
0.172246455834245 200.976998865737
0.172410032715379 200.854127640559
0.172573609596513 200.730761650917
0.172737186477647 200.606903930321
0.172900763358782 200.482557524814
0.173064340239916 200.35772549289
0.17322791712105 200.23241090543
0.173391494002184 200.10661684562
0.173555070883318 199.980346408883
0.173718647764452 199.853602702805
0.173882224645586 199.726388847056
0.174045801526721 199.598707973317
0.174209378407855 199.470563225207
0.174372955288989 199.341957758206
0.174536532170123 199.212894739577
0.174700109051257 199.083377348293
0.174863685932391 198.953408774959
0.175027262813525 198.822992221735
0.17519083969466 198.692130902259
0.175354416575794 198.560828041569
0.175517993456928 198.429086876026
0.175681570338062 198.296910653236
0.175845147219196 198.164302631971
0.17600872410033 198.031266082089
0.176172300981464 197.897804284456
0.176335877862598 197.763920530869
0.176499454743733 197.62961812397
0.176663031624867 197.494900377175
0.176826608506001 197.359770614583
0.176990185387135 197.224232170905
0.177153762268269 197.088288391377
0.177317339149403 196.951942631681
0.177480916030537 196.815198257865
0.177644492911672 196.678058646255
0.177808069792806 196.540527183383
0.17797164667394 196.402607265893
0.178135223555074 196.264302300469
0.178298800436208 196.125615703744
0.178462377317342 195.986550902221
0.178625954198476 195.847111332188
0.178789531079611 195.707300439635
0.178953107960745 195.567121680169
0.179116684841879 195.426578518929
0.179280261723013 195.285674430505
0.179443838604147 195.144412898848
0.179607415485281 195.002797417187
0.179770992366415 194.860831487946
0.179934569247549 194.718518622655
0.180098146128684 194.575862341863
0.180261723009818 194.432866175058
0.180425299890952 194.289533660572
0.180588876772086 194.145868345501
0.18075245365322 194.001873785615
0.180916030534354 193.857553545271
0.181079607415488 193.712911197327
0.181243184296623 193.567950323052
0.181406761177757 193.422674512038
0.181570338058891 193.277087362115
0.181733914940025 193.131192479259
0.181897491821159 192.984993477504
0.182061068702293 192.838493978856
0.182224645583427 192.691697613198
0.182388222464562 192.544608018208
0.182551799345696 192.397228839262
0.18271537622683 192.249563729349
0.182878953107964 192.10161634898
0.183042529989098 191.953390366096
0.183206106870232 191.804889455979
0.183369683751366 191.656117301162
0.1835332606325 191.507077591336
0.183696837513635 191.357774023258
0.183860414394769 191.208210300665
0.184023991275903 191.058390134176
0.184187568157037 190.908317241204
0.184351145038171 190.757995345863
0.184514721919305 190.607428178876
0.184678298800439 190.456619477481
0.184841875681574 190.305572985343
0.185005452562708 190.154292452455
0.185169029443842 190.002781635049
0.185332606324976 189.851044295503
0.18549618320611 189.699084202245
0.185659760087244 189.546905129663
0.185823336968378 189.394510858008
0.185986913849513 189.241905173302
0.186150490730647 189.089091867243
0.186314067611781 188.936074737112
0.186477644492915 188.782857585677
0.186641221374049 188.629444221101
0.186804798255183 188.475838456845
0.186968375136317 188.322044111571
0.187131952017451 188.168065009053
0.187295528898586 188.013904978078
0.18745910577972 187.859567852349
0.187622682660854 187.705057470393
0.187786259541988 187.550377675464
0.187949836423122 187.395532315447
0.188113413304256 187.240525242761
0.18827699018539 187.085360314266
0.188440567066525 186.930041391163
0.188604143947659 186.774572338899
0.188767720828793 186.618957027073
0.188931297709927 186.463199329336
0.189094874591061 186.307303123294
0.189258451472195 186.151272290415
0.189422028353329 185.995110715927
0.189585605234464 185.838822288726
0.189749182115598 185.682410901273
0.189912758996732 185.525880449502
0.190076335877866 185.369234832719
0.190239912759 185.212477953505
0.190403489640134 185.05561371762
0.190567066521268 184.898646033903
0.190730643402402 184.741578814174
0.190894220283537 184.584415973139
0.191057797164671 184.427161428289
0.191221374045805 184.269819099801
0.191384950926939 184.112392910442
0.191548527808073 183.954886785471
0.191712104689207 183.797304652537
0.191875681570341 183.639650441584
0.192039258451476 183.48192808475
0.19220283533261 183.324141516269
0.192366412213744 183.166294672373
0.192529989094878 183.008391491191
0.192693565976012 182.850435912653
0.192857142857146 182.692431878387
0.19302071973828 182.534383331624
0.193184296619415 182.376294217094
0.193347873500549 182.218168480934
0.193511450381683 182.060010070579
0.193675027262817 181.90182293467
0.193838604143951 181.743611022954
0.194002181025085 181.58537828618
0.194165757906219 181.427128676003
0.194329334787353 181.268866144884
0.194492911668488 181.110594645991
0.194656488549622 180.952318133094
0.194820065430756 180.794040560475
0.19498364231189 180.635765882819
0.195147219193024 180.477498055118
0.195310796074158 180.319241032573
0.195474372955292 180.160998770491
0.195637949836427 180.002775224185
0.195801526717561 179.844574348878
0.195965103598695 179.686400099598
0.196128680479829 179.528256431081
0.196292257360963 179.370147297671
0.196455834242097 179.212076653218
0.196619411123231 179.054048450981
0.196782988004366 178.896066643526
0.1969465648855 178.738135182626
0.197110141766634 178.58025801916
0.197273718647768 178.422439103016
0.197437295528902 178.264682382989
0.197600872410036 178.106991806681
0.19776444929117 177.949371320399
0.197928026172304 177.791824869061
0.198091603053439 177.63435639609
0.198255179934573 177.476969843316
0.198418756815707 177.319669150875
0.198582333696841 177.162458257114
0.198745910577975 177.005341098484
0.198909487459109 176.848321609445
0.199073064340243 176.691403722363
0.199236641221378 176.534591367414
0.199400218102512 176.377888472479
0.199563794983646 176.221298963049
0.19972737186478 176.064826762123
0.199890948745914 175.90847579011
0.200054525627048 175.752249964725
0.200218102508182 175.596153200894
0.200381679389317 175.440189410655
0.200545256270451 175.284362503052
0.200708833151585 175.128676384043
0.200872410032719 174.973134956398
0.201035986913853 174.817742119596
0.201199563794987 174.662501769732
0.201363140676121 174.507417799413
0.201526717557255 174.352494097662
0.20169029443839 174.197734549815
0.201853871319524 174.043143037428
0.202017448200658 173.888723438172
0.202181025081792 173.734479625736
0.202344601962926 173.580415469733
0.20250817884406 173.426534835592
0.202671755725194 173.27284158447
0.202835332606329 173.119339573144
0.202998909487463 172.966032653918
0.203162486368597 172.812924674525
0.203326063249731 172.660019478026
0.203489640130865 172.507320902712
0.203653217011999 172.354832782009
0.203816793893133 172.202558944378
0.203980370774268 172.050503213215
0.204143947655402 171.898669406759
0.204307524536536 171.747061337989
0.20447110141767 171.595682814528
0.204634678298804 171.444537638548
0.204798255179938 171.29362960667
0.204961832061072 171.142962509868
0.205125408942206 170.992540133372
0.205288985823341 170.842366256569
0.205452562704475 170.692444652911
0.205616139585609 170.542779089815
0.205779716466743 170.393373328565
0.205943293347877 170.244231124221
0.206106870229011 170.095356225517
0.206270447110145 169.946752374769
0.20643402399128 169.798423307777
0.206597600872414 169.65037275373
0.206761177753548 169.502604435109
0.206924754634682 169.355122067596
0.207088331515816 169.207929359972
0.20725190839695 169.061030014027
0.207415485278084 168.914427724463
0.207579062159219 168.7681261788
0.207742639040353 168.622129057281
0.207906215921487 168.476440032776
0.208069792802621 168.331062770691
0.208233369683755 168.18600092887
0.208396946564889 168.041258157503
0.208560523446023 167.896838099034
0.208724100327157 167.752744388064
0.208887677208292 167.60898065126
0.209051254089426 167.46555050726
0.20921483097056 167.32245756658
0.209378407851694 167.179705431524
0.209541984732828 167.037297696089
0.209705561613962 166.89523794587
0.209869138495096 166.753529757974
0.210032715376231 166.612176700922
0.210196292257365 166.471182334561
0.210359869138499 166.330550209969
0.210523446019633 166.190283869367
0.210687022900767 166.050386846026
0.210850599781901 165.910862664176
0.211014176663035 165.771714838913
0.21117775354417 165.632946876114
0.211341330425304 165.494562272341
0.211504907306438 165.356564514753
0.211668484187572 165.218957081018
0.211832061068706 165.08174343922
0.21199563794984 164.94492704777
0.212159214830974 164.808511355319
0.212322791712108 164.672499800667
0.212486368593243 164.536895812675
0.212649945474377 164.401702810177
0.212813522355511 164.266924201889
0.212977099236645 164.132563386324
0.213140676117779 163.998623751704
0.213304252998913 163.865108675869
0.213467829880047 163.732021526194
0.213631406761182 163.5993656595
0.213794983642316 163.467144421966
0.21395856052345 163.335361149046
0.214122137404584 163.204019165377
0.214285714285718 163.0731217847
0.214449291166852 162.942672309769
0.214612868047986 162.812674032265
0.214776444929121 162.683130232717
0.214940021810255 162.554044180409
0.215103598691389 162.425419133301
0.215267175572523 162.297258337943
0.215430752453657 162.169565029391
0.215594329334791 162.04234243112
0.215757906215925 161.915593754947
0.215921483097059 161.789322200941
0.216085059978194 161.663530957345
0.216248636859328 161.538223200489
0.216412213740462 161.413402094712
0.216575790621596 161.289070792275
0.21673936750273 161.165232433285
0.216902944383864 161.041890145608
0.217066521264998 160.919047044791
0.217230098146133 160.796706233979
0.217393675027267 160.674870803836
0.217557251908401 160.553543832465
0.217720828789535 160.432728385327
0.217884405670669 160.31242751516
0.218047982551803 160.192644261903
0.218211559432937 160.073381652613
0.218375136314072 159.954642701389
0.218538713195206 159.836430409294
0.21870229007634 159.718747764274
0.218865866957474 159.601597741083
0.219029443838608 159.484983301203
0.219193020719742 159.368907392771
0.219356597600876 159.253372950495
0.21952017448201 159.138382895588
0.219683751363145 159.02394013568
0.219847328244279 158.910047564752
0.220010905125413 158.796708063054
0.220174482006547 158.683924497035
0.220338058887681 158.571699719265
0.220501635768815 158.460036568359
0.220665212649949 158.348937868907
0.220828789531084 158.2384064314
0.220992366412218 158.128445052151
0.221155943293352 158.01905651323
0.221319520174486 157.910243582386
0.22148309705562 157.802009012974
0.221646673936754 157.694355543887
0.221810250817888 157.587285899482
0.221973827699023 157.480802789511
0.222137404580157 157.374908909044
0.222300981461291 157.269606938406
0.222464558342425 157.164899543103
0.222628135223559 157.060789373752
0.222791712104693 156.957279066014
0.222955288985827 156.854371240522
0.223118865866962 156.752068502814
0.223282442748096 156.650373443264
0.22344601962923 156.549288637015
0.223609596510364 156.448816643912
0.223773173391498 156.348960008433
0.223936750272632 156.249721259622
0.224100327153766 156.151102911025
0.2242639040349 156.053107460623
0.224427480916035 155.955737390766
0.224591057797169 155.858995168106
0.224754634678303 155.762883243538
0.224918211559437 155.667404052129
0.225081788440571 155.572560013057
0.225245365321705 155.478353529547
0.225408942202839 155.38478698881
0.225572519083974 155.291862761975
0.225736095965108 155.199583204032
0.225899672846242 155.107950653767
0.226063249727376 155.016967433702
0.22622682660851 154.92663585003
0.226390403489644 154.836958192561
0.226553980370778 154.747936734655
0.226717557251913 154.659573733167
0.226881134133047 154.571871428383
0.227044711014181 154.484832043965
0.227208287895315 154.39845778689
0.227371864776449 154.312750847392
0.227535441657583 154.227713398904
0.227699018538717 154.143347598003
0.227862595419851 154.059655584348
0.228026172300986 153.97663948063
0.22818974918212 153.894301392507
0.228353326063254 153.81264340856
0.228516902944388 153.731667600226
0.228680479825522 153.65137602175
0.228844056706656 153.57177071013
0.22900763358779 153.492853685062
0.229171210468925 153.414626948885
0.229334787350059 153.337092486529
0.229498364231193 153.260252265466
0.229661941112327 153.18410823565
0.229825517993461 153.108662329473
0.229989094874595 153.033916461709
0.230152671755729 152.959872529465
0.230316248636864 152.886532412129
0.230479825517998 152.813897971321
0.230643402399132 152.741971050846
0.230806979280266 152.670753476639
0.2309705561614 152.600247056722
0.231134133042534 152.530453581152
0.231297709923668 152.461374821977
0.231461286804802 152.393012533184
0.231624863685937 152.325368450657
0.231788440567071 152.258444292126
0.231952017448205 152.192241757126
0.232115594329339 152.126762526948
0.232279171210473 152.062008264595
0.232442748091607 151.997980614737
0.232606324972741 151.934681203668
0.232769901853876 151.872111639264
0.23293347873501 151.810273510935
0.233097055616144 151.749168389586
0.233260632497278 151.688797827576
0.233424209378412 151.629163358673
0.233587786259546 151.570266498013
0.23375136314068 151.512108742063
0.233914940021815 151.454691568576
0.234078516902949 151.398016436555
0.234242093784083 151.342084786212
0.234405670665217 151.286898038928
0.234569247546351 151.232457597217
0.234732824427485 151.178764844688
0.234896401308619 151.125821146005
0.235059978189753 151.073627846851
0.235223555070888 151.022186273896
0.235387131952022 150.971497734753
0.235550708833156 150.921563517951
0.23571428571429 150.872384892893
0.235877862595424 150.823963109826
0.236041439476558 150.776299399806
0.236205016357692 150.729394974662
0.236368593238827 150.683251026968
0.236532170119961 150.637868730004
0.236695747001095 150.593249237732
0.236859323882229 150.549393684755
0.237022900763363 150.506303186294
0.237186477644497 150.463978838155
0.237350054525631 150.422421716696
0.237513631406766 150.381632878803
0.2376772082879 150.341613361854
0.237840785169034 150.302364183696
0.238004362050168 150.263886342618
0.238167938931302 150.226180817315
0.238331515812436 150.189248566873
0.23849509269357 150.15309053073
0.238658669574704 150.11770762866
0.238822246455839 150.083100760743
0.238985823336973 150.04927080734
0.239149400218107 150.016218629068
0.239312977099241 149.983945066779
0.239476553980375 149.952450941533
0.239640130861509 149.921737054576
0.239803707742643 149.89180418732
0.239967284623778 149.862653101318
0.240130861504912 149.834284538241
0.240294438386046 149.806699219864
0.24045801526718 149.779897848038
0.240621592148314 149.753881104674
0.240785169029448 149.728649651722
0.240948745910582 149.704204131154
0.241112322791717 149.680545164944
0.241275899672851 149.65767335505
0.241439476553985 149.635589283397
0.241603053435119 149.61429351186
0.241766630316253 149.59378658225
0.241930207197387 149.574069016292
0.242093784078521 149.555141315618
0.242257360959655 149.537003961746
0.24242093784079 149.519657416066
0.242584514721924 149.50310211983
0.242748091603058 149.487338494137
0.242911668484192 149.472366939917
0.243075245365326 149.458187837926
0.24323882224646 149.444801548725
0.243402399127594 149.432208412678
0.243565976008729 149.420408749934
0.243729552889863 149.409402860423
0.243893129770997 149.39919102384
0.244056706652131 149.389773499642
0.244220283533265 149.381150527035
0.244383860414399 149.37332232497
0.244547437295533 149.366289092129
0.244711014176668 149.360051006926
0.244874591057802 149.354608227496
0.245038167938936 149.349960891687
0.24520174482007 149.346109117061
0.245365321701204 149.343053000882
0.245528898582338 149.340792620117
0.245692475463472 149.339328031429
0.245856052344606 149.338659271177
0.246019629225741 149.338786355406
0.246183206106875 149.339709279855
0.246346782988009 149.341428019947
0.246510359869143 149.34394253079
0.246673936750277 149.347252747178
0.246837513631411 149.35135858359
0.247001090512545 149.35625993419
0.24716466739368 149.361956672826
0.247328244274814 149.368448653035
0.247491821155948 149.375735708042
0.247655398037082 149.383817650764
0.247818974918216 149.392694273814
0.24798255179935 149.402365349499
0.248146128680484 149.412830629831
0.248309705561619 149.424089846529
0.248473282442753 149.43614271102
0.248636859323887 149.448988914451
0.248800436205021 149.462628127692
0.248964013086155 149.477060001341
0.249127589967289 149.492284165734
0.249291166848423 149.508300230953
0.249454743729557 149.525107786829
0.249618320610692 149.542706402958
0.249781897491826 149.561095628705
0.24994547437296 149.580274993216
0.250109051254094 149.600244005427
0.250272628135228 149.621002154077
0.250436205016362 149.642548907717
0.250599781897496 149.664883714722
0.25076335877863 149.688006003305
0.250926935659765 149.711915181529
0.251090512540899 149.73661063732
0.251254089422033 149.762091738482
0.251417666303167 149.78835783271
0.251581243184301 149.815408247607
0.251744820065435 149.843242290697
0.251908396946569 149.871859249443
0.252071973827703 149.901258391263
0.252235550708837 149.931438963546
0.252399127589972 149.962400193672
0.252562704471106 149.994141289028
0.25272628135224 150.026661437026
0.252889858233374 150.059959805126
0.253053435114508 150.094035540852
0.253217011995642 150.128887771811
0.253380588876776 150.164515605719
0.25354416575791 150.200918130417
0.253707742639044 150.238094413897
0.253871319520178 150.276043504319
0.254034896401313 150.314764430041
0.254198473282447 150.354256199634
0.254362050163581 150.394517801913
0.254525627044715 150.435548205955
0.254689203925849 150.477346361131
0.254852780806983 150.519911197124
0.255016357688117 150.563241623959
0.255179934569251 150.60733653203
0.255343511450385 150.652194792123
0.25550708833152 150.697815255448
0.255670665212654 150.744196753662
0.255834242093788 150.791338098903
0.255997818974922 150.839238083813
0.256161395856056 150.887895481572
0.25632497273719 150.937309045925
0.256488549618324 150.987477511215
0.256652126499458 151.038399592411
0.256815703380592 151.090073985142
0.256979280261727 151.142499365727
0.257142857142861 151.195674391208
0.257306434023995 151.249597699384
0.257470010905129 151.304267908843
0.257633587786263 151.359683618997
0.257797164667397 151.415843410115
0.257960741548531 151.47274584336
0.258124318429665 151.530389460822
0.258287895310799 151.588772785555
0.258451472191934 151.647894321616
0.258615049073068 151.707752554097
0.258778625954202 151.768345949165
0.258942202835336 151.829672954101
0.25910577971647 151.891731997336
0.259269356597604 151.954521488493
0.259432933478738 152.018039818422
0.259596510359872 152.082285359243
0.259760087241006 152.147256464387
0.259923664122141 152.212951468633
0.260087241003275 152.279368688154
0.260250817884409 152.346506420555
0.260414394765543 152.414362944918
0.260577971646677 152.482936521843
0.260741548527811 152.552225393492
0.260905125408945 152.622227783633
0.261068702290079 152.692941897684
0.261232279171213 152.764365922755
0.261395856052347 152.8364980277
0.261559432933482 152.909336363156
0.261723009814616 152.98287906159
0.26188658669575 153.05712423735
0.262050163576884 153.132069986708
0.262213740458018 153.207714387908
0.262377317339152 153.284055501217
0.262540894220286 153.361091368968
0.26270447110142 153.438820015614
0.262868047982554 153.517239447776
0.263031624863689 153.596347654292
0.263195201744823 153.676142606268
0.263358778625957 153.756622257128
0.263522355507091 153.837784542668
0.263685932388225 153.919627381102
0.263849509269359 154.002148673122
0.264013086150493 154.085346301944
0.264176663031627 154.169218133364
0.264340239912761 154.253762015813
0.264503816793896 154.338975780408
0.26466739367503 154.424857241006
0.264830970556164 154.511404194265
0.264994547437298 154.598614419692
0.265158124318432 154.686485679702
0.265321701199566 154.775015719675
0.2654852780807 154.864202268013
0.265648854961834 154.954043036194
0.265812431842968 155.044535718833
0.265976008724103 155.13567799374
0.266139585605237 155.227467521974
0.266303162486371 155.319901947909
0.266466739367505 155.412978899287
0.266630316248639 155.506695987281
0.266793893129773 155.601050806556
0.266957470010907 155.696040935328
0.267121046892041 155.791663935423
0.267284623773175 155.887917352345
0.26744820065431 155.984798715332
0.267611777535444 156.082305537419
0.267775354416578 156.180435315505
0.267938931297712 156.279185530413
0.268102508178846 156.378553646951
0.26826608505998 156.478537113984
0.268429661941114 156.579133364491
0.268593238822248 156.680339815633
0.268756815703382 156.782153868817
0.268920392584516 156.884572909766
0.269083969465651 156.987594308579
0.269247546346785 157.091215419801
0.269411123227919 157.195433582492
0.269574700109053 157.300246120287
0.269738276990187 157.405650341475
0.269901853871321 157.511643539055
0.270065430752455 157.618222990815
0.270229007633589 157.725385959394
0.270392584514723 157.833129692355
0.270556161395858 157.941451422253
0.270719738276992 158.050348366707
0.270883315158126 158.159817728469
0.27104689203926 158.269856695496
0.271210468920394 158.380462441019
0.271374045801528 158.491632123619
0.271537622682662 158.603362887297
0.271701199563796 158.715651861544
0.27186477644493 158.828496161418
0.272028353326065 158.941892887615
0.272191930207199 159.055839126544
0.272355507088333 159.170331950399
0.272519083969467 159.285368417236
0.272682660850601 159.400945571046
0.272846237731735 159.517060441829
0.273009814612869 159.633710045675
0.273173391494003 159.750891384833
0.273336968375137 159.868601447791
0.273500545256272 159.986837209353
0.273664122137406 160.105595630714
0.27382769901854 160.224873659538
0.273991275899674 160.344668230039
0.274154852780808 160.464976263051
0.274318429661942 160.585794666117
0.274482006543076 160.707120333559
0.27464558342421 160.828950146562
0.274809160305344 160.95128097325
0.274972737186479 161.07410966877
0.275136314067613 161.197433075369
0.275299890948747 161.321248022475
0.275463467829881 161.44555132678
0.275627044711015 161.570339792316
0.275790621592149 161.695610210544
0.275954198473283 161.821359360428
0.276117775354417 161.947584008525
0.276281352235551 162.07428090906
0.276444929116686 162.201446804013
0.27660850599782 162.329078423203
0.276772082878954 162.457172484369
0.276935659760088 162.585725693254
0.277099236641222 162.714734743691
0.277262813522356 162.844196317686
0.27742639040349 162.974107085502
0.277589967284624 163.104463705747
0.277753544165758 163.235262825456
0.277917121046892 163.366501080179
0.278080697928027 163.498175094064
0.278244274809161 163.630281479949
0.278407851690295 163.762816839442
0.278571428571429 163.895777763011
0.278735005452563 164.029160830074
0.278898582333697 164.16296260908
0.279062159214831 164.297179657601
0.279225736095965 164.431808522422
0.279389312977099 164.566845739623
0.279552889858234 164.702287834674
0.279716466739368 164.838131322519
0.279880043620502 164.974372707669
0.280043620501636 165.11100848429
0.28020719738277 165.248035136292
0.280370774263904 165.385449137419
0.280534351145038 165.52324695134
0.280697928026172 165.661425031741
0.280861504907306 165.799979822414
0.281025081788441 165.938907757345
0.281188658669575 166.078205260814
0.281352235550709 166.217868747477
0.281515812431843 166.357894622464
0.281679389312977 166.498279281471
0.281842966194111 166.639019110846
0.282006543075245 166.780110487691
0.282170119956379 166.921549779948
0.282333696837513 167.063333346495
0.282497273718648 167.205457537237
0.282660850599782 167.347918693204
0.282824427480916 167.49071314664
0.28298800436205 167.633837221099
0.283151581243184 167.777287231542
0.283315158124318 167.921059484425
0.283478735005452 168.065150277802
0.283642311886586 168.209555901412
0.28380588876772 168.354272636781
0.283969465648855 168.499296757313
0.284133042529989 168.644624528386
0.284296619411123 168.790252207451
0.284460196292257 168.936176044126
0.284623773173391 169.082392280289
0.284787350054525 169.228897150182
0.284950926935659 169.375686880501
0.285114503816793 169.522757690496
0.285278080697927 169.670105792068
0.285441657579061 169.817727389865
0.285605234460196 169.965618681382
0.28576881134133 170.113775857054
0.285932388222464 170.26219510036
0.286095965103598 170.410872587917
0.286259541984732 170.559804489578
0.286423118865866 170.708986968533
0.286586695747 170.858416181408
0.286750272628134 171.008088278358
0.286913849509268 171.157999403173
0.287077426390403 171.308145693375
0.287241003271537 171.458523280315
0.287404580152671 171.609128289274
0.287568157033805 171.759956839564
0.287731733914939 171.911005044626
0.287895310796073 172.062269012131
0.288058887677207 172.213744844078
0.288222464558341 172.365428636898
0.288386041439475 172.517316481553
0.28854961832061 172.669404463633
0.288713195201744 172.821688663464
0.288876772082878 172.974165156202
0.289040348964012 173.126830011936
0.289203925845146 173.279679295793
0.28936750272628 173.432709068033
0.289531079607414 173.585915384156
0.289694656488548 173.739294295001
0.289858233369682 173.892841846846
0.290021810250817 174.046554081515
0.290185387131951 174.200427036474
0.290348964013085 174.354456744936
0.290512540894219 174.508639235966
0.290676117775353 174.662970534576
0.290839694656487 174.817446661836
0.291003271537621 174.972063634968
0.291166848418755 175.126817467457
0.291330425299889 175.281704169146
0.291494002181024 175.436719746346
0.291657579062158 175.591860201934
0.291821155943292 175.747121535455
0.291984732824426 175.902499743232
0.29214830970556 176.057990818463
0.292311886586694 176.213590751325
0.292475463467828 176.36929552908
0.292639040348962 176.525101136176
0.292802617230096 176.681003554354
0.29296619411123 176.836998762746
0.293129770992365 176.993082737986
0.293293347873499 177.149251454305
0.293456924754633 177.305500883644
0.293620501635767 177.461826995751
0.293784078516901 177.61822575829
0.293947655398035 177.774693136939
0.294111232279169 177.931225095502
0.294274809160303 178.087817596007
0.294438386041437 178.244466598811
0.294601962922572 178.401168062708
0.294765539803706 178.55791794503
0.29492911668484 178.71471220175
0.295092693565974 178.871546787593
0.295256270447108 179.028417656132
0.295419847328242 179.185320759898
0.295583424209376 179.342252050485
0.29574700109051 179.49920747865
0.295910577971644 179.656182994421
0.296074154852779 179.813174547203
0.296237731733913 179.970178085877
0.296401308615047 180.127189558911
0.296564885496181 180.284204914461
0.296728462377315 180.441220100476
0.296892039258449 180.598231064805
0.297055616139583 180.755233755299
0.297219193020717 180.912224119915
0.297382769901851 181.069198106827
0.297546346782986 181.226151664522
0.29770992366412 181.38308074191
0.297873500545254 181.53998128843
0.298037077426388 181.69684925415
0.298200654307522 181.853680589875
0.298364231188656 182.010471247252
0.29852780806979 182.167217178871
0.298691384950924 182.323914338375
0.298854961832058 182.48055868056
0.299018538713193 182.637146161483
0.299182115594327 182.793672738564
0.299345692475461 182.950134370693
0.299509269356595 183.106527018332
0.299672846237729 183.262846643622
0.299836423118863 183.419089210486
0.300054525627042 183.502349963858
0.300272628135221 183.55436146672
0.3004907306434 183.606335204831
0.300708833151578 183.658271232992
0.300926935659757 183.710169605885
0.301145038167936 183.762030378073
0.301363140676115 183.813853604002
0.301581243184294 183.865639337995
0.301799345692473 183.917387634264
0.302017448200651 183.969098546897
0.30223555070883 184.02077212987
0.302453653217009 184.072408437039
0.302671755725188 184.124007522145
0.302889858233367 184.175569438812
0.303107960741546 184.227094240549
0.303326063249724 184.278581980749
0.303544165757903 184.33003271269
0.303762268266082 184.381446489536
0.303980370774261 184.432823364334
0.30419847328244 184.484163390021
0.304416575790618 184.535466619415
0.304634678298797 184.586733105226
0.304852780806976 184.637962900047
0.305070883315155 184.689156056358
0.305288985823334 184.74031262653
0.305507088331513 184.791432662819
0.305725190839691 184.842516217369
0.30594329334787 184.893563342213
0.306161395856049 184.944574089274
0.306379498364228 184.995548510362
0.306597600872407 185.046486657178
0.306815703380586 185.097388581312
0.307033805888764 185.148254334243
0.307251908396943 185.199083967343
0.307470010905122 185.249877531873
0.307688113413301 185.300635078984
0.30790621592148 185.351356659719
0.308124318429659 185.402042325014
0.308342420937837 185.452692125696
0.308560523446016 185.503306112482
0.308778625954195 185.553884335986
0.308996728462374 185.60442684671
0.309214830970553 185.654933695052
0.309432933478732 185.705404931303
0.30965103598691 185.755840605647
0.309869138495089 185.806240768163
0.310087241003268 185.856605468823
0.310305343511447 185.906934757494
0.310523446019626 185.95722868394
0.310741548527805 186.007487297816
0.310959651035983 186.057710648675
0.311177753544162 186.107898785968
0.311395856052341 186.158051759037
0.31161395856052 186.208169617124
0.311832061068699 186.258252409367
0.312050163576878 186.3083001848
0.312268266085056 186.358312992355
0.312486368593235 186.408290880861
0.312704471101414 186.458233899045
0.312922573609593 186.508142095533
0.313140676117772 186.558015518848
0.313358778625951 186.607854217412
0.313576881134129 186.657658239547
0.313794983642308 186.707427633472
0.314013086150487 186.757162447308
0.314231188658666 186.806862729074
0.314449291166845 186.856528526689
0.314667393675023 186.906159887974
0.314885496183202 186.955756860648
0.315103598691381 187.005319492335
0.31532170119956 187.054847830555
0.315539803707739 187.104341922734
0.315757906215918 187.153801816196
0.315976008724096 187.203227558169
0.316194111232275 187.252619195784
0.316412213740454 187.301976776072
0.316630316248633 187.351300345969
0.316848418756812 187.400589952313
0.317066521264991 187.449845641846
0.317284623773169 187.499067461212
0.317502726281348 187.54825545696
0.317720828789527 187.597409675544
0.317938931297706 187.646530163321
0.318157033805885 187.695616966554
0.318375136314064 187.744670131407
0.318593238822242 187.793689703955
0.318811341330421 187.842675730175
0.3190294438386 187.891628255949
0.319247546346779 187.940547327066
0.319465648854958 187.989432989223
0.319683751363137 188.038285288021
0.319901853871315 188.087104268967
0.320119956379494 188.135889977479
0.320338058887673 188.184642458877
0.320556161395852 188.233361758392
0.320774263904031 188.282047921162
0.32099236641221 188.330700992233
0.321210468920388 188.379321016559
0.321428571428567 188.427908039001
0.321646673936746 188.476462104331
0.321864776444925 188.524983257229
0.322082878953104 188.573471542284
0.322300981461283 188.621927003995
0.322519083969461 188.670349686771
0.32273718647764 188.718739634929
0.322955288985819 188.767096892698
0.323173391493998 188.815421504218
0.323391494002177 188.863713513537
0.323609596510356 188.911972964616
0.323827699018534 188.960199901326
0.324045801526713 189.008394367452
0.324263904034892 189.056556406687
0.324482006543071 189.104686062637
0.32470010905125 189.152783378823
0.324918211559429 189.200848398674
0.325136314067607 189.248881165534
0.325354416575786 189.296881722659
0.325572519083965 189.344850113219
0.325790621592144 189.392786380296
0.326008724100323 189.440690566886
0.326226826608501 189.4885627159
0.32644492911668 189.536402870161
0.326663031624859 189.584211072407
0.326881134133038 189.63198736529
0.327099236641217 189.679731791379
0.327317339149396 189.727444393153
0.327535441657574 189.775125213012
0.327753544165753 189.822774293267
0.327971646673932 189.870391676146
0.328189749182111 189.917977403793
0.32840785169029 189.965531518267
0.328625954198469 190.013054061546
0.328844056706647 190.06054507552
0.329062159214826 190.108004602
0.329280261723005 190.15543268271
0.329498364231184 190.202829359296
0.329716466739363 190.250194673316
0.329934569247542 190.297528666249
0.33015267175572 190.34483137949
0.330370774263899 190.392102854354
0.330588876772078 190.439343132073
0.330806979280257 190.486552253796
0.331025081788436 190.533730260593
0.331243184296615 190.580877193452
0.331461286804793 190.627993093279
0.331679389312972 190.675078000901
0.331897491821151 190.722131957064
0.33211559432933 190.769155002433
0.332333696837509 190.816147177593
0.332551799345688 190.86310852305
0.332769901853866 190.91003907923
0.332988004362045 190.956938886478
0.333206106870224 191.003807985062
0.333424209378403 191.05064641517
0.333642311886582 191.097454216911
0.333860414394761 191.144231430316
0.334078516902939 191.190978095337
0.334296619411118 191.237694251847
0.334514721919297 191.284379939643
0.334732824427476 191.331035198442
0.334950926935655 191.377660067885
0.335169029443834 191.424254587536
0.335387131952012 191.470818796879
0.335605234460191 191.517352735323
0.33582333696837 191.563856442202
0.336041439476549 191.61032995677
0.336259541984728 191.656773318205
0.336477644492907 191.703186565612
0.336695747001085 191.749569738016
0.336913849509264 191.795922874369
0.337131952017443 191.842246013545
0.337350054525622 191.888539194346
0.337568157033801 191.934802455494
0.337786259541979 191.981035835642
0.338004362050158 192.027239373361
0.338222464558337 192.073413107155
0.338440567066516 192.119557075446
0.338658669574695 192.165671316588
0.338876772082874 192.211755868858
0.339094874591052 192.257810770458
0.339312977099231 192.30383605952
0.33953107960741 192.349831774098
0.339749182115589 192.395797952177
0.339967284623768 192.441734631665
0.340185387131947 192.4876418504
0.340403489640125 192.533519646146
0.340621592148304 192.579368056595
0.340839694656483 192.625187119365
0.341057797164662 192.670976872004
0.341275899672841 192.716737351986
0.34149400218102 192.762468596716
0.341712104689198 192.808170643523
0.341930207197377 192.85384352967
0.342148309705556 192.899487292343
0.342366412213735 192.945101968662
0.342584514721914 192.990687595672
0.342802617230093 193.03624421035
0.343020719738271 193.081771849601
0.34323882224645 193.12727055026
0.343456924754629 193.172740349093
0.343675027262808 193.218181282794
0.343893129770987 193.263593387989
0.344111232279166 193.308976701232
0.344329334787344 193.35433125901
0.344547437295523 193.399657097739
0.344765539803702 193.444954253766
0.344983642311881 193.490222763371
0.34520174482006 193.535462662763
0.345419847328239 193.580673988083
0.345637949836417 193.625856775403
0.345856052344596 193.671011060729
0.346074154852775 193.716136879996
0.346292257360954 193.761234269073
0.346510359869133 193.806303263761
0.346728462377312 193.851343899792
0.34694656488549 193.896356212832
0.347164667393669 193.941340238481
0.347382769901848 193.986296012268
0.347600872410027 194.031223569658
0.347818974918206 194.07612294605
0.348037077426385 194.120994176774
0.348255179934563 194.165837297095
0.348473282442742 194.210652342212
0.348691384950921 194.255439347256
0.3489094874591 194.300198347296
0.349127589967279 194.34492937733
0.349345692475457 194.389632472295
0.349563794983636 194.43430766706
0.349781897491815 194.47895499643
0.349999999999994 194.523574495145
0.350218102508173 194.568166197878
0.350436205016352 194.61273013924
0.35065430752453 194.657266353775
0.350872410032709 194.701774875966
0.351090512540888 194.746255740227
0.351308615049067 194.790708980912
0.351526717557246 194.835134632308
0.351744820065425 194.879532728641
0.351962922573603 194.923903304071
0.352181025081782 194.968246392696
0.352399127589961 195.012562028549
0.35261723009814 195.056850245602
0.352835332606319 195.101111077763
0.353053435114498 195.145344558877
0.353271537622676 195.189550722726
0.353489640130855 195.23372960303
0.353707742639034 195.277881233446
0.353925845147213 195.32200564757
0.354143947655392 195.366102878935
0.354362050163571 195.410172961011
0.354580152671749 195.454215927209
0.354798255179928 195.498231810875
0.355016357688107 195.542220645296
0.355234460196286 195.586182463698
0.355452562704465 195.630117299244
0.355670665212644 195.674025185036
0.355888767720822 195.717906154116
0.356106870229001 195.761760239466
0.35632497273718 195.805587474006
0.356543075245359 195.849387890596
0.356761177753538 195.893161522036
0.356979280261717 195.936908401066
0.357197382769895 195.980628560365
0.357415485278074 196.024322032553
0.357633587786253 196.067988850191
0.357851690294432 196.111629045778
0.358069792802611 196.155242651757
0.35828789531079 196.198829700508
0.358505997818968 196.242390224356
0.358724100327147 196.285924255563
0.358942202835326 196.329431826335
0.359160305343505 196.372912968818
0.359378407851684 196.416367715099
0.359596510359863 196.459796097209
0.359814612868041 196.503198147118
0.36003271537622 196.54657389674
0.360250817884399 196.589923377928
0.360468920392578 196.633246622481
0.360687022900757 196.676543662138
0.360905125408935 196.71981452858
0.361123227917114 196.763059253433
0.361341330425293 196.806277868263
0.361559432933472 196.84947040458
0.361777535441651 196.892636893839
0.36199563794983 196.935777367434
0.362213740458008 196.978891856705
0.362431842966187 197.021980392935
0.362649945474366 197.06504300735
0.362868047982545 197.108079731122
0.363086150490724 197.151090595362
0.363304252998903 197.19407563113
0.363522355507081 197.237034869427
0.36374045801526 197.279968341199
0.363958560523439 197.322876077337
0.364176663031618 197.365758108676
0.364394765539797 197.408614465995
0.364612868047976 197.451445180019
0.364830970556154 197.494250281417
0.365049073064333 197.537029800803
0.365267175572512 197.579783768736
0.365485278080691 197.622512215721
0.36570338058887 197.665215172209
0.365921483097049 197.707892668594
0.366139585605227 197.750544735218
0.366357688113406 197.793171402369
0.366575790621585 197.835772700278
0.366793893129764 197.878348659126
0.367011995637943 197.920899309036
0.367230098146122 197.963424680082
0.3674482006543 198.00592480228
0.367666303162479 198.048399705595
0.367884405670658 198.090849419939
0.368102508178837 198.133273975169
0.368320610687016 198.175673401091
0.368538713195195 198.218047727456
0.368756815703373 198.260396983964
0.368974918211552 198.30272120026
0.369193020719731 198.345020405941
0.36941112322791 198.387294630545
0.369629225736089 198.429543903564
0.369847328244268 198.471768254434
0.370065430752446 198.51396771254
0.370283533260625 198.556142307215
0.370501635768804 198.59829206774
0.370719738276983 198.640417023345
0.370937840785162 198.682517203209
0.371155943293341 198.724592636456
0.371374045801519 198.766643352163
0.371592148309698 198.808669379353
0.371810250817877 198.850670747
0.372028353326056 198.892647484025
0.372246455834235 198.9345996193
0.372464558342413 198.976527181644
0.372682660850592 199.018430199827
0.372900763358771 199.06030870257
0.37311886586695 199.102162718539
0.373336968375129 199.143992276355
0.373555070883308 199.185797404585
0.373773173391486 199.227578131748
0.373991275899665 199.269334486312
0.374209378407844 199.311066496697
0.374427480916023 199.35277419127
0.374645583424202 199.394457598353
0.374863685932381 199.436116746214
0.375081788440559 199.477751663074
0.375299890948738 199.519362377105
0.375517993456917 199.560948916429
0.375736095965096 199.60251130912
0.375954198473275 199.644049583202
0.376172300981454 199.685563766651
0.376390403489632 199.727053887394
0.376608505997811 199.76851997331
0.37682660850599 199.809962052228
0.377044711014169 199.851380151931
0.377262813522348 199.892774300153
0.377480916030527 199.934144524578
0.377699018538705 199.975490852845
0.377917121046884 200.016813312543
0.378135223555063 200.058111931214
0.378353326063242 200.099386736353
0.378571428571421 200.140637755406
0.3787895310796 200.181865015772
0.379007633587778 200.223068544805
0.379225736095957 200.264248369808
0.379443838604136 200.30540451804
0.379661941112315 200.34653701671
0.379880043620494 200.387645892984
0.380098146128673 200.428731173978
0.380316248636851 200.469792886763
0.38053435114503 200.510831058362
0.380752453653209 200.551845715753
0.380970556161388 200.592836885867
0.381188658669567 200.633804595589
0.381406761177746 200.674748871757
0.381624863685924 200.715669741165
0.381842966194103 200.756567230559
0.382061068702282 200.79744136664
0.382279171210461 200.838292176063
0.38249727371864 200.879119685438
0.382715376226819 200.919923921329
0.382933478734997 200.960704910255
0.383151581243176 201.001462678688
0.383369683751355 201.042197253058
0.383587786259534 201.082908659748
0.383805888767713 201.123596925095
0.384023991275891 201.164262075392
0.38424209378407 201.204904136889
0.384460196292249 201.245523135789
0.384678298800428 201.286119098251
0.384896401308607 201.326692050391
0.385114503816786 201.367242018277
0.385332606324964 201.407769027937
0.385550708833143 201.448273105352
0.385768811341322 201.48875427646
0.385986913849501 201.529212567154
0.38620501635768 201.569648003285
0.386423118865859 201.61006061066
0.386641221374037 201.650450415039
0.386859323882216 201.690817442143
0.387077426390395 201.731161717646
0.387295528898574 201.77148326718
0.387513631406753 201.811782116335
0.387731733914932 201.852058290656
0.38794983642311 201.892311815645
0.388167938931289 201.932542716761
0.388386041439468 201.972751019421
0.388604143947647 202.012936749
0.388822246455826 202.053099930827
0.389040348964005 202.093240590191
0.389258451472183 202.133358752338
0.389476553980362 202.173454442472
0.389694656488541 202.213527685753
0.38991275899672 202.253578507301
0.390130861504899 202.293606932192
0.390348964013078 202.333612985461
0.390567066521256 202.3735966921
0.390785169029435 202.413558077061
0.391003271537614 202.453497165252
0.391221374045793 202.493413981542
0.391439476553972 202.533308550755
0.391657579062151 202.573180897677
0.391875681570329 202.61303104705
0.392093784078508 202.652859023576
0.392311886586687 202.692664851915
0.392529989094866 202.732448556687
0.392748091603045 202.77221016247
0.392966194111224 202.811949693802
0.393184296619402 202.851667175178
0.393402399127581 202.891362631056
0.39362050163576 202.931036085849
0.393838604143939 202.970687563933
0.394056706652118 203.010317089641
0.394274809160297 203.049924687268
0.394492911668475 203.089510381067
0.394711014176654 203.12907419525
0.394929116684833 203.168616153991
0.395147219193012 203.208136281423
0.395365321701191 203.247634601639
0.395583424209369 203.287111138692
0.395801526717548 203.326565916595
0.396019629225727 203.365998959322
0.396237731733906 203.405410290808
0.396455834242085 203.444799934947
0.396673936750264 203.484167915594
0.396892039258442 203.523514256564
0.397110141766621 203.562838981636
0.3973282442748 203.602142114545
0.397546346782979 203.64142367899
0.397764449291158 203.680683698632
0.397982551799337 203.719922197089
0.398200654307515 203.759139197944
0.398418756815694 203.79833472474
0.398636859323873 203.837508800981
0.398854961832052 203.876661450132
0.399073064340231 203.915792695621
0.39929116684841 203.954902560837
0.399509269356588 203.99399106913
0.399727371864767 204.033058243812
0.399945474372946 204.072104108157
0.400163576881125 204.111128685401
0.400381679389304 204.150131998743
0.400599781897483 204.189114071343
0.400817884405661 204.228074926322
0.40103598691384 204.267014586766
0.401254089422019 204.305933075721
0.401472191930198 204.344830416197
0.401690294438377 204.383706631166
0.401908396946556 204.422561743562
0.402126499454734 204.461395776281
0.402344601962913 204.500208752185
0.402562704471092 204.539000694096
0.402780806979271 204.5777716248
0.40299890948745 204.616521567044
0.403217011995629 204.655250543541
0.403435114503807 204.693958576966
0.403653217011986 204.732645689957
0.403871319520165 204.771311905114
0.404089422028344 204.809957245004
0.404307524536523 204.848581732154
0.404525627044702 204.887185389056
0.40474372955288 204.925768238166
0.404961832061059 204.964330301902
0.405179934569238 205.002871602649
0.405398037077417 205.041392162751
0.405616139585596 205.079892004521
0.405834242093774 205.118371150233
0.406052344601953 205.156829622126
0.406270447110132 205.195267442403
0.406488549618311 205.233684633231
0.40670665212649 205.272081216742
0.406924754634669 205.310457215033
0.407142857142847 205.348812650162
0.407360959651026 205.387147544156
0.407579062159205 205.425461919005
0.407797164667384 205.463755796662
0.408015267175563 205.502029199047
0.408233369683742 205.540282148044
0.40845147219192 205.578514665502
0.408669574700099 205.616726773235
0.408887677208278 205.654918493022
0.409105779716457 205.693089846607
0.409323882224636 205.7312408557
0.409541984732815 205.769371541975
0.409760087240993 205.807481927074
0.409978189749172 205.8455720326
0.410196292257351 205.883641880126
0.41041439476553 205.921691491188
0.410632497273709 205.959720887289
0.410850599781888 205.997730089897
0.411068702290066 206.035719120445
0.411286804798245 206.073688000334
0.411504907306424 206.111636750929
0.411723009814603 206.149565393563
0.411941112322782 206.187473949533
0.412159214830961 206.225362440104
0.412377317339139 206.263230886505
0.412595419847318 206.301079309934
0.412813522355497 206.338907731555
0.413031624863676 206.376716172495
0.413249727371855 206.414504653852
0.413467829880034 206.452273196688
0.413685932388212 206.490021822033
0.413904034896391 206.527750550883
0.41412213740457 206.565459404201
0.414340239912749 206.603148402916
0.414558342420928 206.640817567927
0.414776444929107 206.678466920095
0.414994547437285 206.716096480253
0.415212649945464 206.753706269199
0.415430752453643 206.791296307697
0.415648854961822 206.828866616481
0.415866957470001 206.86641721625
0.41608505997818 206.903948127673
0.416303162486358 206.941459371383
0.416521264994537 206.978950967985
0.416739367502716 207.016422938046
0.416957470010895 207.053875302107
0.417175572519074 207.091308080672
0.417393675027252 207.128721294214
0.417611777535431 207.166114963176
0.41782988004361 207.203489107967
0.418047982551789 207.240843748964
0.418266085059968 207.278178906513
0.418484187568147 207.315494600927
0.418702290076325 207.352790852489
0.418920392584504 207.39006768145
0.419138495092683 207.427325108026
0.419356597600862 207.464563152407
0.419574700109041 207.501781834747
0.41979280261722 207.538981175171
0.420010905125398 207.576161193771
0.420229007633577 207.61332191061
0.420447110141756 207.650463345717
0.420665212649935 207.687585519093
0.420883315158114 207.724688450704
0.421101417666293 207.761772160488
0.421319520174471 207.798836668351
0.42153762268265 207.835881994168
0.421755725190829 207.872908157784
0.421973827699008 207.909915179012
0.422191930207187 207.946903077635
0.422410032715366 207.983871873405
0.422628135223544 208.020821586045
0.422846237731723 208.057752235244
0.423064340239902 208.094663840664
0.423282442748081 208.131556421934
0.42350054525626 208.168429998656
0.423718647764439 208.205284590398
0.423936750272617 208.242120216699
0.424154852780796 208.27893689707
0.424372955288975 208.315734650989
0.424591057797154 208.352513497905
0.424809160305333 208.389273457237
0.425027262813512 208.426014548376
0.42524536532169 208.46273679068
0.425463467829869 208.499440203478
0.425681570338048 208.536124806072
0.425899672846227 208.57279061773
0.426117775354406 208.609437657694
0.426335877862585 208.646065945176
0.426553980370763 208.682675499356
0.426772082878942 208.719266339387
0.426990185387121 208.755838484391
0.4272082878953 208.792391953463
0.427426390403479 208.828926765667
0.427644492911658 208.865442940038
0.427862595419836 208.901940495582
0.428080697928015 208.938419451276
0.428298800436194 208.974879826068
0.428516902944373 209.011321638877
0.428735005452552 209.047744908593
0.42895310796073 209.084149654079
0.429171210468909 209.120535894165
0.429389312977088 209.156903647657
0.429607415485267 209.19325293333
0.429825517993446 209.229583769929
0.430043620501625 209.265896176174
0.430261723009803 209.302190170754
0.430479825517982 209.33846577233
0.430697928026161 209.374722999536
0.43091603053434 209.410961870975
0.431134133042519 209.447182405225
0.431352235550698 209.483384620832
0.431570338058876 209.519568536318
0.431788440567055 209.555734170175
0.432006543075234 209.591881540865
0.432224645583413 209.628010666826
0.432442748091592 209.664121566466
0.432660850599771 209.700214258164
0.432878953107949 209.736288760273
0.433097055616128 209.772345091119
0.433315158124307 209.808383268997
0.433533260632486 209.844403312177
0.433751363140665 209.880405238902
0.433969465648844 209.916389067385
0.434187568157022 209.952354815814
0.434405670665201 209.988302502348
0.43462377317338 210.024232145119
0.434841875681559 210.060143762232
0.435059978189738 210.096037371764
0.435278080697917 210.131912991767
0.435496183206095 210.167770640263
0.435714285714274 210.203610335249
0.435932388222453 210.239432094693
0.436150490730632 210.275235936539
0.436368593238811 210.311021878702
0.43658669574699 210.346789939069
0.436804798255168 210.382540135503
0.437022900763347 210.418272485839
0.437241003271526 210.453987007885
0.437459105779705 210.489683719422
0.437677208287884 210.525362638206
0.437895310796063 210.561023781965
0.438113413304241 210.596667168401
0.43833151581242 210.63229281519
0.438549618320599 210.66790073998
0.438767720828778 210.703490960396
0.438985823336957 210.739063494032
0.439203925845136 210.774618358461
0.439422028353314 210.810155571225
0.439640130861493 210.845675149843
0.439858233369672 210.881177111807
0.440076335877851 210.916661474584
0.44029443838603 210.952128255612
0.440512540894208 210.987577472306
0.440730643402387 211.023009142055
0.440948745910566 211.058423282221
0.441166848418745 211.093819910141
0.441384950926924 211.129199043125
0.441603053435103 211.164560698459
0.441821155943281 211.199904893403
0.44203925845146 211.235231645191
0.442257360959639 211.270540971031
0.442475463467818 211.305832888108
0.442693565975997 211.341107413578
0.442911668484176 211.376364564574
0.443129770992354 211.411604358204
0.443347873500533 211.446826811549
0.443565976008712 211.482031941666
0.443784078516891 211.517219765586
0.44400218102507 211.552390300317
0.444220283533249 211.587543562839
0.444438386041427 211.622679570108
0.444656488549606 211.657798339057
0.444874591057785 211.692899886592
0.445092693565964 211.727984229594
0.445310796074143 211.763051384921
0.445528898582322 211.798101369404
0.4457470010905 211.833134199851
0.445965103598679 211.868149893044
0.446183206106858 211.903148465742
0.446401308615037 211.938129934678
0.446619411123216 211.973094316561
0.446837513631395 212.008041628076
0.447055616139573 212.042971885882
0.447273718647752 212.077885106616
0.447491821155931 212.112781306889
0.44770992366411 212.147660503288
0.447928026172289 212.182522712376
0.448146128680468 212.217367950692
0.448364231188646 212.25219623475
0.448582333696825 212.287007581041
0.448800436205004 212.321802006031
0.449018538713183 212.356579526162
0.449236641221362 212.391340157853
0.449454743729541 212.426083917499
0.449672846237719 212.46081082147
0.449890948745898 212.495520886113
0.450109051254077 212.530214127751
0.450327153762256 212.564890562684
0.450545256270435 212.599550207187
0.450763358778614 212.634193077513
0.450981461286792 212.668819189889
0.451199563794971 212.703428560521
0.45141766630315 212.738021205591
0.451635768811329 212.772597141256
0.451853871319508 212.807156383651
0.452071973827686 212.841698948887
0.452290076335865 212.876224853052
0.452508178844044 212.91073411221
0.452726281352223 212.945226742404
0.452944383860402 212.979702759652
0.453162486368581 213.014162179948
0.453380588876759 213.048605019265
0.453598691384938 213.083031293551
0.453816793893117 213.117441018733
0.454034896401296 213.151834210714
0.454252998909475 213.186210885374
0.454471101417654 213.220571058569
0.454689203925832 213.254914746136
0.454907306434011 213.289241963884
0.45512540894219 213.323552727604
0.455343511450369 213.35784705306
0.455561613958548 213.392124955998
0.455779716466727 213.426386452138
0.455997818974905 213.460631557178
0.456215921483084 213.494860286794
0.456434023991263 213.52907265664
0.456652126499442 213.563268682347
0.456870229007621 213.597448379522
0.4570883315158 213.631611763753
0.457306434023978 213.665758850603
0.457524536532157 213.699889655615
0.457742639040336 213.734004194306
0.457960741548515 213.768102482176
0.458178844056694 213.802184534698
0.458396946564873 213.836250367326
0.458615049073051 213.870299995491
0.45883315158123 213.904333434602
0.459051254089409 213.938350700046
0.459269356597588 213.972351807188
0.459487459105767 214.006336771371
0.459705561613946 214.040305607916
0.459923664122124 214.074258332123
0.460141766630303 214.10819495927
0.460359869138482 214.142115504613
0.460577971646661 214.176019983386
0.46079607415484 214.209908410802
0.461014176663019 214.243780802053
0.461232279171197 214.277637172307
0.461450381679376 214.311477536713
0.461668484187555 214.345301910398
0.461886586695734 214.379110308466
0.462104689203913 214.412902746001
0.462322791712092 214.446679238067
0.46254089422027 214.480439799704
0.462758996728449 214.514184445931
0.462977099236628 214.547913191748
0.463195201744807 214.581626052132
0.463413304252986 214.615323042039
0.463631406761164 214.649004176404
0.463849509269343 214.682669470142
0.464067611777522 214.716318938145
0.464285714285701 214.749952595286
0.46450381679388 214.783570456415
0.464721919302059 214.817172536363
0.464940021810237 214.85075884994
0.465158124318416 214.884329411933
0.465376226826595 214.91788423711
0.465594329334774 214.951423340219
0.465812431842953 214.984946735985
0.466030534351132 215.018454439115
0.46624863685931 215.051946464292
0.466466739367489 215.085422826181
0.466684841875668 215.118883539426
0.466902944383847 215.152328618651
0.467121046892026 215.185758078457
0.467339149400205 215.219171933427
0.467557251908383 215.252570198123
0.467775354416562 215.285952887086
0.467993456924741 215.319320014838
0.46821155943292 215.35267159588
0.468429661941099 215.386007644691
0.468647764449278 215.419328175732
0.468865866957456 215.452633203444
0.469083969465635 215.485922742247
0.469302071973814 215.519196806539
0.469520174481993 215.552455410702
0.469738276990172 215.585698569096
0.469956379498351 215.618926296058
0.470174482006529 215.652138605911
0.470392584514708 215.685335512953
0.470610687022887 215.718517031465
0.470828789531066 215.751683175707
0.471046892039245 215.784833959919
0.471264994547424 215.817969398322
0.471483097055602 215.851089505117
0.471701199563781 215.884194294484
0.47191930207196 215.917283780586
0.472137404580139 215.950357977564
0.472355507088318 215.98341689954
0.472573609596497 216.016460560618
0.472791712104675 216.04948897488
0.473009814612854 216.082502156391
0.473227917121033 216.115500119193
0.473446019629212 216.148482877313
0.473664122137391 216.181450444756
0.47388222464557 216.214402835507
0.474100327153748 216.247340063534
0.474318429661927 216.280262142784
0.474536532170106 216.313169087186
0.474754634678285 216.346060910648
0.474972737186464 216.378937627061
0.475190839694642 216.411799250295
0.475408942202821 216.444645794203
0.475627044711 216.477477272616
0.475845147219179 216.510293699348
0.476063249727358 216.543095088194
0.476281352235537 216.57588145293
0.476499454743715 216.608652807312
0.476717557251894 216.641409165079
0.476935659760073 216.674150539949
0.477153762268252 216.706876945623
0.477371864776431 216.739588395782
0.47758996728461 216.772284904088
0.477808069792788 216.804966484186
0.478026172300967 216.837633149701
0.478244274809146 216.87028491424
0.478462377317325 216.90292179139
0.478680479825504 216.935543794721
0.478898582333683 216.968150937785
0.479116684841861 217.000743234112
0.47933478735004 217.033320697218
0.479552889858219 217.065883340598
0.479770992366398 217.098431177729
0.479989094874577 217.130964222069
0.480207197382756 217.163482487059
0.480425299890934 217.195985986122
0.480643402399113 217.22847473266
0.480861504907292 217.260948740059
0.481079607415471 217.293408021687
0.48129770992365 217.325852590892
0.481515812431829 217.358282461006
0.481733914940007 217.390697645342
0.481952017448186 217.423098157194
0.482170119956365 217.45548400984
0.482388222464544 217.487855216537
0.482606324972723 217.520211790527
0.482824427480902 217.552553745033
0.48304252998908 217.584881093259
0.483260632497259 217.617193848393
0.483478735005438 217.649492023603
0.483696837513617 217.681775632041
0.483914940021796 217.714044686841
0.484133042529975 217.746299201118
0.484351145038153 217.778539187971
0.484569247546332 217.810764660479
0.484787350054511 217.842975631707
0.48500545256269 217.875172114698
0.485223555070869 217.90735412248
0.485441657579048 217.939521668063
0.485659760087226 217.97167476444
0.485877862595405 218.003813424586
0.486095965103584 218.035937661458
0.486314067611763 218.068047487996
0.486532170119942 218.100142917123
0.48675027262812 218.132223961743
0.486968375136299 218.164290634746
0.487186477644478 218.196342949001
0.487404580152657 218.228380917361
0.487622682660836 218.260404552664
0.487840785169015 218.292413867727
0.488058887677193 218.324408875352
0.488276990185372 218.356389588324
0.488495092693551 218.38835601941
0.48871319520173 218.42030818136
0.488931297709909 218.452246086909
0.489149400218088 218.48416974877
0.489367502726266 218.516079179645
0.489585605234445 218.547974392215
0.489803707742624 218.579855399145
0.490021810250803 218.611722213083
0.490239912758982 218.643574846662
0.490458015267161 218.675413312495
0.490676117775339 218.70723762318
0.490894220283518 218.739047791299
0.491112322791697 218.770843829416
0.491330425299876 218.802625750077
0.491548527808055 218.834393565814
0.491766630316234 218.866147289141
0.491984732824412 218.897886932555
0.492202835332591 218.929612508537
0.49242093784077 218.961324029551
0.492639040348949 218.993021508045
0.492857142857128 219.02470495645
0.493075245365307 219.056374387181
0.493293347873485 219.088029812636
0.493511450381664 219.119671245196
0.493729552889843 219.151298697227
0.493947655398022 219.182912181078
0.494165757906201 219.214511709082
0.49438386041438 219.246097293554
0.494601962922558 219.277668946794
0.494820065430737 219.309226681087
0.495038167938916 219.340770508699
0.495256270447095 219.372300441882
0.495474372955274 219.403816492872
0.495692475463453 219.435318673886
0.495910577971631 219.466806997128
0.49612868047981 219.498281474784
0.496346782987989 219.529742119025
0.496564885496168 219.561188942006
0.496782988004347 219.592621955864
0.497001090512526 219.624041172723
0.497219193020704 219.65544660469
0.497437295528883 219.686838263854
0.497655398037062 219.718216162291
0.497873500545241 219.74958031206
0.49809160305342 219.780930725203
0.498309705561598 219.812267413748
0.498527808069777 219.843590389707
0.498745910577956 219.874899665074
0.498964013086135 219.906195251831
0.499182115594314 219.937477161941
0.499400218102493 219.968745407353
0.499618320610671 220
