0 137.939572079296
0.00234375 137.939572079296
0.0046875 137.943613101466
0.00703125 137.960545977013
0.009375 137.998431439371
0.01171875 138.065104808424
0.0140625 138.168181189454
0.01640625 138.315018741896
0.01875 138.512674790549
0.02109375 138.767861145078
0.0234375 139.086900499782
0.02578125 139.475684706632
0.028125 139.939635376822
0.03046875 140.483667134885
0.0328125 141.112153786249
0.03515625 141.828897620982
0.0375 142.637102048281
0.03984375 143.539347732012
0.0421875 144.537572374878
0.04453125 145.633054276522
0.046875 146.826399768539
0.04921875 148.117534606848
0.0515625 149.505699379137
0.05390625 150.989448962091
0.05625 152.566656040058
0.05859375 154.234518673659
0.0609375 155.989571883823
0.06328125 157.827703193865
0.065625 159.74417204971
0.06796875 161.733633016265
0.0703125 163.790162626413
0.07265625 165.90728973822
0.075 168.078029235921
0.07734375 170.294918891017
0.0796875 172.550059181717
0.08203125 174.835155851861
0.084375 177.141564974637
0.08671875 179.460340271825
0.0890625 181.782282426152
0.09140625 184.097990112578
0.0937500000000001 186.397912464137
0.0960937500000001 188.672402679307
0.0984375000000001 190.911772470861
0.10078125 193.106347050793
0.103125 195.246520342265
0.10546875 197.322810107552
0.1078125 199.325912680766
0.11015625 201.246756995647
0.1125 203.076557601952
0.11484375 204.806866368928
0.1171875 206.42962258099
0.11953125 207.937201139001
0.121875 209.32245859047
0.12421875 210.578776723384
0.1265625 211.700103471375
0.12890625 212.680990892235
0.13125 213.516629997523
0.13359375 214.202882227958
0.1359375 214.736307387405
0.13828125 215.114187867479
0.140625 215.334549014937
0.14296875 215.396175515032
0.1453125 215.298623685764
0.14765625 215.042229600336
0.15 214.628112977969
0.15234375 214.058176806507
0.1546875 213.335102683667
0.15703125 212.462341887455
0.159375 211.444102209802
0.16171875 210.285330610933
0.1640625 208.991691775149
0.16640625 207.569542671459
0.16875 206.025903244751
0.17109375 204.368423384746
0.1734375 202.605346340843
0.17578125 200.745468770859
0.178125 198.798097630611
0.18046875 196.773004129145
0.1828125 194.680374991015
0.18515625 192.5307612824
0.1875 190.335025071759
0.18984375 188.104284208281
0.1921875 185.849855512316
0.19453125 183.583196681384
0.196875 181.315847223086
0.19921875 179.059368732306
0.2015625 176.825284834387
0.20390625 174.625021118572
0.20625 172.469845386792
0.20859375 170.370808541901
0.2109375 168.338686436737
0.21328125 166.383923000888
0.215625 164.516574955777
0.21796875 162.746258420778
0.2203125 161.082097703425
0.22265625 159.532676555592
0.225 158.105992164706
0.22734375 156.809412134822
0.2296875 155.649634696689
0.23203125 154.632652368934
0.234375 153.763719274243
0.23671875 153.04732229505
0.2390625 152.48715623279
0.24140625 152.086103113453
0.24375 151.846215760008
0.24609375 151.768705729408
0.2484375 151.85393568848
0.25078125 152.101416279137
0.253125 152.509807499177
0.25546875 153.076924600579
0.2578125 153.79974848282
0.26015625 154.674440534382
0.2625 155.696361851565
0.26484375 156.860096739931
0.2671875 158.159480380424
0.26953125 159.587630519584
0.271875 161.136983021255
0.27421875 162.799331096172
0.2765625 164.565868005595
0.27890625 166.42723301617
0.28125 168.373560365283
0.28359375 170.394530979556
0.2859375 172.479426673952
0.28828125 174.617186545118
0.290625 176.796465260384
0.29296875 179.005692933179
0.2953125 181.233136266616
0.29765625 183.466960639733
0.30078125 184.651214490939
0.30390625 185.386017994868
0.30703125 186.113304327402
0.31015625 186.833225735049
0.31328125 187.545929885477
0.31640625 188.251560049301
0.31953125 188.950255272939
0.32265625 189.642150543062
0.32578125 190.327376943112
0.32890625 191.00606180235
0.33203125 191.67832883786
0.33515625 192.344298289899
0.33828125 193.004087050968
0.34140625 193.657808788947
0.34453125 194.305574064621
0.34765625 194.9474904439
0.35078125 195.58366260502
0.35390625 196.214192440986
0.35703125 196.839179157515
0.36015625 197.458719366711
0.36328125 198.072907176691
0.36640625 198.681834277377
0.36953125 199.285590022644
0.37265625 199.884261509004
0.37578125 200.477933651009
0.37890625 201.066689253537
0.38203125 201.650609081095
0.38515625 202.229771924314
0.38828125 202.80425466375
0.39140625 203.374132331126
0.39453125 203.939478168145
0.39765625 204.500363682979
0.40078125 205.056858704546
0.40390625 205.609031434683
0.40703125 206.156948498307
0.41015625 206.700674991654
0.41328125 207.240274528696
0.41640625 207.775809285797
0.41953125 208.307340044714
0.42265625 208.834926233992
0.42578125 209.358625968836
0.428906249999999 209.878496089532
0.432031249999999 210.394592198462
0.435156249999999 210.906968695797
0.438281249999999 211.415678813902
0.441406249999999 211.920774650528
0.444531249999999 212.422307200829
0.447656249999999 212.920326388256
0.450781249999999 213.414881094379
0.453906249999999 213.906019187679
0.457031249999999 214.39378755135
0.460156249999999 214.878232110159
0.463281249999999 215.359397856387
0.466406249999999 215.837328874909
0.469531249999999 216.312068367431
0.472656249999999 216.783658675922
0.475781249999999 217.252141305281
0.478906249999999 217.717556945249
0.482031249999999 218.179945491624
0.485156249999999 218.639346066778
0.488281249999999 219.095797039524
0.491406249999999 219.549336044341
0.494531249999999 220
