0.03 -24270.5098312484 -12135.2549156242 -12135.2549156242
0.06 -28531.6954888546 -21398.7716166409 -21398.7716166409
0.09 -9270.50983124843 -7725.42485937369 -7725.42485937369
0.12 17633.5575687742 15429.3628726774 15429.3628726774
0.15 30000 27000 27000
0.18 17633.5575687742 16164.094438043 16164.094438043
0.21 -9270.50983124842 -8608.33055758775 -8608.33055758775
0.24 -28531.6954888546 -26748.4645208011 -26748.4645208011
0.27 -24270.5098312484 -4898.17414380753 -4898.17414380753
0.295 -4693.03395120691 5567.57502880459 -24744.7779057981
0.31 0 4.77889457397143e-010 1.91155782958857e-009
0.32 0 -1.18796032039237e-010 -4.75184128156946e-010
0.33 0 -1.88429869350846e-010 -7.53719477403386e-010
0.34 0 7.09920276159896e-011 2.83968110463958e-010
0.35 0 -2.83299177767609e-010 -1.13319671107043e-009
0.36 0 -4.01693531832454e-010 -1.60677412732981e-009
0.37 0 -4.12967333002673e-011 -1.65186933201069e-010
0.38 0 -8.13384447514851e-011 -3.2535377900594e-010
0.39 0 6.64879476261695e-011 2.65951790504678e-010
0.4 0 -4.85163124952506e-010 -1.94065249981002e-009
0.41 0 -8.26616891467289e-011 -3.30646756586916e-010
0.42 0 1.31883591349334e-010 5.27534365397335e-010
0.43 0 -6.77525703499427e-010 -2.71010281399771e-009
0.44 0 -3.84343756316079e-010 -1.53737502526432e-009
0.45 0 4.10620611586885e-011 1.64248244634754e-010
0.46 0 -1.15103427996651e-010 -4.60413711986602e-010
0.47 0 -3.9609125672029e-010 -1.58436502688116e-009
0.48 0 -1.21372819202511e-010 -4.85491276810042e-010
0.49 0 5.51174752097708e-011 2.20469900839083e-010
