0 4 -0
0.0003 4 -282.73915299432
0.0006 4 -565.453191462245
0.0009 4 -848.117003108198
0.0012 4 -1130.70548009804
0.0015 4 -1413.19352128928
0.0018 4 -1695.55603446074
0.0021 4 -1977.76793854134
0.0024 4 -2259.80416583798
0.0027 4 -2541.6396642622
0.003 4 -2823.24939955543
0.0033 4 -3104.60835751268
0.0036 4 -3385.69154620445
0.0039 4 -3666.47399819668
0.0042 4 -3946.93077276847
0.0045 4 -4227.03695812748
0.0048 4 -4506.76767362271
0.0051 4 -4786.09807195459
0.0054 4 -5065.00334138202
0.0057 4 -5343.4587079263
0.006 4 -5621.43943757174
0.0063 4 -5898.9208384626
0.0066 4 -6175.87826309644
0.0069 4 -6452.2871105134
0.0072 4 -6728.12282848143
0.0075 4 -7003.36091567716
0.0078 4 -7277.97692386222
0.0081 4 -7551.94646005491
0.0084 4 -7825.24518869691
0.0087 4 -8097.84883381489
0.009 4 -8369.73318117688
0.0093 4 -8640.87408044307
0.0096 4 -8911.24744731105
0.0099 4 -9180.82926565502
0.0102 4 -9449.59558965914
0.0105 4 -9717.52254594448
0.0108 4 -9984.5863356896
0.0111 4 -10250.7632367445
0.0114 4 -10516.0296057378
0.0117 4 -10780.3618801767
0.012 4 -11043.7365805403
0.0123 4 -11306.1303123649
0.0126 4 -11567.5197683219
0.0129 4 -11827.8817302885
0.0132 4 -12087.1930714099
0.0135 4 -12345.4307581533
0.0138 4 -12602.5718523542
0.0141 4 -12858.5935132538
0.0144 4 -13113.472999528
0.0147 4 -13367.1876713069
0.015 4 -13619.7149921864
0.0153 4 -13871.0325312298
0.0156 4 -14121.11796496
0.0159 4 -14369.9490793428
0.0162 4 -14617.50377176
0.0165 4 -14863.7600529722
0.0168 4 -15108.6960490728
0.0171 4 -15352.2900034304
0.0174 4 -15594.5202786213
0.0177 4 -15835.365358352
0.018 4 -16074.8038493699
0.0183 4 -16312.8144833638
0.0186 4 -16549.3761188529
0.0189 4 -16784.467743065
0.0192 4 -17018.0684738027
0.0195 4 -17250.1575612984
0.0198 4 -17480.7143900573
0.0201 4 -17709.7184806889
0.0204 4 -17937.1494917256
0.0207 4 -18162.9872214301
0.021 4 -18387.2116095893
0.0213 4 -18609.8027392967
0.0216 4 -18830.740838721
0.0219 4 -19050.0062828628
0.0222 4 -19267.5795952976
0.0225 4 -19483.4414499055
0.0228 4 -19697.5726725887
0.0231 4 -19909.9542429738
0.0234 4 -20120.5672961016
0.0237 4 -20329.3931241031
0.024 4 -20536.4131778607
0.0243 4 -20741.6090686562
0.0246 4 -20944.9625698042
0.0249 4 -21146.4556182709
0.0252 4 -21346.0703162786
0.0255000000000001 4 -21543.7889328957
0.0258000000000001 4 -21739.5939056114
0.0261000000000001 4 -21933.467841896
0.0264000000000001 4 -22125.3935207453
0.0267000000000001 4 -22315.3538942108
0.0270000000000001 4 -22503.3320889138
0.0273000000000001 4 -22689.3114075442
0.0276000000000001 4 -22873.2753303435
0.0279000000000001 4 -23055.2075165723
0.0282000000000001 4 -23235.0918059621
0.0285000000000001 4 -23412.9122201499
0.0288000000000001 4 -23588.6529640986
0.0291000000000001 4 -23762.298427499
0.0294000000000001 4 -23933.8331861572
0.0297000000000001 4 -24103.2420033639
0.0300000000000001 4 -24270.5098312485
0.0303000000000001 4 -24435.6218121153
0.0306000000000001 4 -24598.5632797636
0.0309000000000001 4 -24759.31976079
0.0312000000000001 4 -24917.8769758744
0.0315000000000001 4 -25074.2208410482
0.0318000000000001 4 -25228.3374689451
0.0321000000000001 4 -25380.2131700353
0.0324000000000001 4 -25529.8344538408
0.0327000000000001 4 -25677.188030134
0.0330000000000001 4 -25822.2608101184
0.0333000000000001 4 -25965.0399075906
0.0336000000000001 4 -26105.5126400858
0.0339000000000001 4 -26243.6665300036
0.0342000000000001 4 -26379.4893057167
0.0345000000000001 4 -26512.9689026608
0.0348000000000001 4 -26644.0934644064
0.0351000000000001 4 -26772.8513437116
0.0354000000000001 4 -26899.2311035571
0.0357000000000001 4 -27023.221518162
0.0360000000000001 4 -27144.8115739806
0.0363000000000001 4 -27263.9904706812
0.0366000000000001 4 -27380.7476221051
0.0369000000000001 4 -27495.072657207
0.0372000000000001 4 -27606.9554209762
0.0375000000000001 4 -27716.3859753386
0.0378000000000001 4 -27823.3546000399
0.0381000000000001 4 -27927.8517935081
0.0384000000000001 4 -28029.8682736984
0.0387000000000001 4 -28129.3949789171
0.0390000000000001 4 -28226.4230686268
0.0393000000000001 4 -28320.9439242315
0.0396000000000001 4 -28412.9491498424
0.0399000000000001 4 -28502.4305730232
0.0402000000000001 4 -28589.3802455166
0.0405000000000001 4 -28673.7904439499
0.0408000000000001 4 -28755.6536705213
0.0411000000000001 4 -28834.9626536656
0.0414000000000001 4 -28911.7103487003
0.0417000000000001 4 -28985.8899384515
0.0420000000000001 4 -29057.494833859
0.0423000000000001 4 -29126.518674562
0.0426000000000001 4 -29192.9553294638
0.0429000000000001 4 -29256.7988972767
0.0432000000000001 4 -29318.0437070458
0.0435000000000001 4 -29376.684318653
0.0438000000000002 4 -29432.7155233
0.0441000000000002 4 -29486.1323439714
0.0444000000000002 4 -29536.9300358762
0.0447000000000002 4 -29585.1040868697
0.0450000000000002 4 -29630.6502178542
0.0453000000000002 4 -29673.5643831589
0.0456000000000002 4 -29713.8427708996
0.0459000000000002 4 -29751.4818033169
0.0462000000000002 4 -29786.4781370944
0.0465000000000002 4 -29818.8286636554
0.0468000000000002 4 -29848.530509439
0.0471000000000002 4 -29875.5810361556
0.0474000000000002 4 -29899.9778410209
0.0477000000000002 4 -29921.7187569697
0.0480000000000002 4 -29940.8018528482
0.0483000000000002 4 -29957.2254335853
0.0486000000000002 4 -29970.9880403437
0.0489000000000002 4 -29982.0884506492
0.0492000000000002 4 -29990.525678499
0.0495000000000002 4 -29996.2989744498
0.0498000000000002 4 -29999.4078256841
0.0501000000000002 4 -29999.8519560557
0.0504000000000002 4 -29997.6313261145
0.0507000000000002 4 -29992.7461331095
0.0510000000000002 4 -29985.1968109719
0.0513000000000002 4 -29974.9840302762
0.0516000000000002 4 -29962.1086981805
0.0519000000000002 4 -29946.5719583463
0.0522000000000002 4 -29928.3751908367
0.0525000000000002 4 -29907.5200119938
0.0528000000000002 4 -29884.0082742952
0.0531000000000002 4 -29857.8420661892
0.0534000000000002 4 -29829.0237119099
0.0537000000000002 4 -29797.5557712702
0.0540000000000002 4 -29763.4410394343
0.0543000000000002 4 -29726.6825466701
0.0546000000000002 4 -29687.2835580795
0.0549000000000002 4 -29645.2475733084
0.0552000000000002 4 -29600.578326236
0.0555000000000002 4 -29553.2797846432
0.0558000000000002 4 -29503.3561498599
0.0561000000000002 4 -29450.8118563919
0.0564000000000002 4 -29395.6515715274
0.0567000000000002 4 -29337.8801949216
0.0570000000000002 4 -29277.5028581624
0.0573000000000002 4 -29214.5249243138
0.0576000000000002 4 -29148.9519874402
0.0579000000000002 4 -29080.7898721088
0.0582000000000002 4 -29010.044632873
0.0585000000000002 4 -28936.7225537339
0.0588000000000002 4 -28860.8301475825
0.0591000000000002 4 -28782.3741556212
0.0594000000000002 4 -28701.3615467648
0.0597000000000002 4 -28617.7995170217
0.0600000000000002 4 -28531.6954888545
0.0603000000000002 4 -28443.0571105209
0.0606000000000002 4 -28351.8922553941
0.0609000000000002 4 -28258.2090212636
0.0612000000000002 4 -28162.0157296161
0.0615000000000002 4 -28063.3209248959
0.0618000000000003 4 -27962.1333737462
0.0621000000000003 4 -27858.4620642304
0.0624000000000003 4 -27752.3162050337
0.0627000000000003 4 -27643.7052246449
0.0630000000000003 4 -27532.6387705193
0.0633000000000002 4 -27419.1267082217
0.0636000000000002 4 -27303.1791205498
0.0639000000000002 4 -27184.8063066386
0.0642000000000002 4 -27064.018781046
0.0645000000000002 4 -26940.8272728184
0.0648000000000002 4 -26815.2427245378
0.0651000000000002 4 -26687.27629135
0.0654000000000002 4 -26556.9393399736
0.0657000000000002 4 -26424.24344769
0.0660000000000002 4 -26289.2004013158
0.0663000000000002 4 -26151.8221961552
0.0666000000000002 4 -26012.1210349346
0.0669000000000002 4 -25870.109326719
0.0672000000000002 4 -25725.7996858095
0.0675000000000002 4 -25579.2049306227
0.0678000000000002 4 -25430.3380825524
0.0681000000000002 4 -25279.2123648129
0.0684000000000002 4 -25125.8412012642
0.0687000000000001 4 -24970.2382152198
0.0690000000000001 4 -24812.4172282368
0.0693000000000001 4 -24652.3922588876
0.0696000000000001 4 -24490.1775215154
0.0699000000000001 4 -24325.7874249711
0.0702000000000001 4 -24159.2365713336
0.0705000000000001 4 -23990.5397546126
0.0708000000000001 4 -23819.711959435
0.0711000000000001 4 -23646.7683597131
0.0714000000000001 4 -23471.7243172976
0.0717000000000001 4 -23294.5953806123
0.0720000000000001 4 -23115.3972832736
0.0723000000000001 4 -22934.1459426927
0.0726000000000001 4 -22750.8574586616
0.0729000000000001 4 -22565.5481119233
0.0732000000000001 4 -22378.2343627254
0.0735000000000001 4 -22188.9328493583
0.0738000000000001 4 -21997.6603866768
0.0741000000000001 4 -21804.4339646071
0.0744 4 -21609.2707466372
0.0747 4 -21412.1880682926
0.075 4 -21213.2034355964
0.0753 4 -21012.3345235142
0.0756 4 -20809.5991743841
0.0759 4 -20605.0153963322
0.0762 4 -20398.6013616726
0.0765 4 -20190.3754052932
0.0768 4 -19980.3560230275
0.0771 4 -19768.5618700115
0.0774 4 -19555.0117590264
0.0777 4 -19339.7246588278
0.078 4 -19122.7196924607
0.0783 4 -18904.0161355611
0.0786 4 -18683.6334146434
0.0789 4 -18461.5911053752
0.0792 4 -18237.9089308382
0.0795 4 -18012.6067597766
0.0798 4 -17785.7046048318
0.0800999999999999 4 -17557.2226207653
0.0803999999999999 4 -17327.1811026681
0.0806999999999999 4 -17095.6004841578
0.0809999999999999 4 -16862.501335564
0.0812999999999999 4 -16627.9043621009
0.0815999999999999 4 -16391.8304020281
0.0818999999999999 4 -16154.3004247999
0.0821999999999999 4 -15915.3355292021
0.0824999999999999 4 -15674.9569414785
0.0827999999999999 4 -15433.1860134453
0.0830999999999999 4 -15190.0442205941
0.0833999999999999 4 -14945.5531601848
0.0836999999999999 4 -14699.7345493272
0.0839999999999999 4 -14452.6102230516
0.0842999999999999 4 -14204.2021323695
0.0845999999999999 4 -13954.5323423239
0.0848999999999999 4 -13703.6230300291
0.0851999999999999 4 -13451.4964827011
0.0854999999999999 4 -13198.1750956776
0.0857999999999998 4 -12943.6813704289
0.0860999999999998 4 -12688.0379125592
0.0863999999999998 4 -12431.2674297987
0.0866999999999998 4 -12173.3927299861
0.0869999999999998 4 -11914.4367190436
0.0872999999999998 4 -11654.4223989411
0.0875999999999998 4 -11393.3728656542
0.0878999999999998 4 -11131.3113071117
0.0881999999999998 4 -10868.2610011365
0.0884999999999998 4 -10604.2453133779
0.0887999999999998 4 -10339.2876952357
0.0890999999999998 4 -10073.4116817776
0.0893999999999998 4 -9806.64088964847
0.0896999999999998 4 -9538.99901497253
0.0899999999999998 4 -9270.50983124863
0.0902999999999998 4 -9001.1971872385
0.0905999999999998 4 -8731.08500484837
0.0908999999999998 4 -8460.1972770041
0.0911999999999998 4 -8188.55806551998
0.0914999999999997 4 -7916.19149896142
0.0917999999999997 4 -7643.1217705017
0.0920999999999997 4 -7369.37313577303
0.0923999999999997 4 -7094.96991071198
0.0926999999999997 4 -6819.93646939964
0.0929999999999997 4 -6544.29724189653
0.0932999999999997 4 -6268.07671207261
0.0935999999999997 4 -5991.29941543247
0.0938999999999997 4 -5713.98993693596
0.0941999999999997 4 -5436.17290881439
0.0944999999999997 4 -5157.87300838258
0.0947999999999997 4 -4879.1149558468
0.0950999999999997 4 -4599.92351210912
0.0953999999999997 4 -4320.32347656787
0.0956999999999997 4 -4040.33968491489
0.0959999999999997 4 -3759.99700692944
0.0962999999999997 4 -3479.32034426916
0.0965999999999997 4 -3198.33462825812
0.0968999999999997 4 -2917.06481767231
0.0971999999999996 4 -2635.53589652263
0.0974999999999996 4 -2353.77287183568
0.0977999999999996 4 -2071.80077143251
0.0980999999999996 4 -1789.64464170547
0.0983999999999996 4 -1507.32954539344
0.0986999999999996 4 -1224.88055935565
0.0989999999999996 4 -942.322772344207
0.0992999999999996 4 -659.681282775515
0.0995999999999996 4 -376.981196500945
0.0998999999999996 4 -94.2476245767577
0.1002 4 188.49431896638
0.1005 4 471.219519354228
0.1008 4 753.902863299728
0.1011 4 1036.51924123377
0.1014 4 1319.04354953554
0.1017 4 1601.4506927624
0.102 4 1883.71558587899
0.1023 4 2165.8131564854
0.1026 4 2447.71834704431
0.1029 4 2729.40611710667
0.1032 4 3010.85144553602
0.1035 4 3292.02933273093
0.1038 4 3572.91480284566
0.1041 4 3853.48290600865
0.1044 4 4133.7087205387
0.1047 4 4413.56735515867
0.105 4 4693.03395120647
0.1053 4 4972.08368484314
0.105599999999999 4 5250.69176925782
0.105899999999999 4 5528.83345686952
0.106199999999999 4 5806.48404152533
0.106499999999999 4 6083.61886069489
0.106799999999999 4 6360.21329766115
0.107099999999999 4 6636.24278370693
0.107399999999999 4 6911.68280029723
0.107699999999999 4 7186.50888125716
0.107999999999999 4 7460.69661494515
0.108299999999999 4 7734.2216464213
0.108599999999999 4 8007.05967961076
0.108899999999999 4 8279.18647946187
0.109199999999999 4 8550.57787409878
0.109499999999999 4 8821.20975696861
0.109799999999999 4 9091.05808898271
0.110099999999999 4 9360.09890065193
0.110399999999999 4 9628.30829421577
0.110699999999999 4 9895.66244576507
0.110999999999999 4 10162.1376073582
0.111299999999999 4 10427.7101091306
0.111599999999999 4 10692.356361397
0.111899999999999 4 10956.0528567471
0.112199999999999 4 11218.7761721335
0.112499999999999 4 11480.5029709521
0.112799999999999 4 11741.2100051155
0.113099999999999 4 12000.8741171174
0.113399999999999 4 12259.4722420899
0.113699999999999 4 12516.9814098524
0.113999999999999 4 12773.3787469516
0.114299999999999 4 13028.6414786936
0.114599999999999 4 13282.7469311665
0.114899999999999 4 13535.6725332548
0.115199999999999 4 13787.3958186441
0.115499999999999 4 14037.8944278166
0.115799999999999 4 14287.1461100376
0.116099999999999 4 14535.1287253314
0.116399999999999 4 14781.8202464482
0.116699999999999 4 15027.1987608207
0.116999999999999 4 15271.2424725106
0.117299999999999 4 15513.9297041441
0.117599999999999 4 15755.2388988383
0.117899999999999 4 15995.1486221151
0.118199999999999 4 16233.6375638057
0.118499999999999 4 16470.6845399434
0.118799999999999 4 16706.2684946451
0.119099999999999 4 16940.3685019817
0.119399999999999 4 17172.9637678372
0.119699999999999 4 17404.0336317549
0.119999999999999 4 17633.5575687736
0.120299999999999 4 17861.5151912501
0.120599999999999 4 18087.8862506702
0.120899999999999 4 18312.6506394475
0.121199999999999 4 18535.7883927095
0.121499999999999 4 18757.2796900706
0.121799999999999 4 18977.1048573932
0.122099999999999 4 19195.2443685348
0.122399999999999 4 19411.6788470828
0.122699999999999 4 19626.3890680753
0.122999999999999 4 19839.355959709
0.123299999999999 4 20050.5606050332
0.123599999999999 4 20259.9842436302
0.123899999999999 4 20467.6082732813
0.124199999999999 4 20673.4142516199
0.124499999999999 4 20877.3838977689
0.124799999999999 4 21079.4990939649
0.125099999999999 4 21279.7418871677
0.125399999999999 4 21478.0944906544
0.125699999999999 4 21674.5392855999
0.125999999999999 4 21869.0588226418
0.126299999999999 4 22061.6358234299
0.126599999999999 4 22252.2531821616
0.126899999999999 4 22440.8939671009
0.127199999999999 4 22627.5414220826
0.127499999999999 4 22812.1789680004
0.127799999999999 4 22994.79020428
0.128099999999999 4 23175.3589103354
0.128399999999999 4 23353.8690470102
0.128699999999999 4 23530.3047580018
0.128999999999999 4 23704.6503712702
0.129299999999999 4 23876.8904004299
0.129599999999999 4 24047.0095461258
0.129899999999999 4 24214.9926973915
0.130199999999999 4 24380.8249329923
0.130499999999999 4 24544.4915227502
0.130799999999999 4 24705.9779288523
0.131099999999999 4 24865.2698071424
0.131399999999999 4 25022.3530083946
0.131699999999999 4 25177.213579571
0.131999999999999 4 25329.83776506
0.132299999999999 4 25480.212007899
0.132599999999999 4 25628.3229509784
0.132899999999999 4 25774.1574382277
0.133199999999999 4 25917.7025157846
0.133499999999999 4 26058.9454331453
0.133799999999999 4 26197.8736442971
0.134099999999999 4 26334.4748088332
0.134399999999999 4 26468.7367930481
0.134699999999999 4 26600.6476710163
0.134999999999999 4 26730.1957256506
0.135299999999999 4 26857.3694497439
0.135599999999999 4 26982.1575469907
0.135899999999999 4 27104.5489329906
0.136199999999999 4 27224.5327362331
0.136499999999999 4 27342.098299063
0.136799999999999 4 27457.2351786271
0.137099999999999 4 27569.9331478022
0.137399999999999 4 27680.1821961031
0.137699999999999 4 27787.9725305716
0.137999999999999 4 27893.2945766472
0.138299999999999 4 27996.1389790166
0.138599999999999 4 28096.4966024454
0.138899999999999 4 28194.3585325892
0.139199999999999 4 28289.7160767856
0.139499999999999 4 28382.560764826
0.139799999999999 4 28472.8843497085
0.140099999999999 4 28560.67880837
0.140399999999999 4 28645.936342399
0.140699999999999 4 28728.6493787284
0.140999999999999 4 28808.810570308
0.141299999999999 4 28886.4127967573
0.141599999999999 4 28961.4491649979
0.141899999999999 4 29033.9130098657
0.142199999999999 4 29103.7978947029
0.142499999999999 4 29171.09761193
0.142799999999999 4 29235.8061835971
0.143099999999999 4 29297.9178619145
0.143399999999999 4 29357.4271297639
0.143699999999999 4 29414.3287011881
0.143999999999999 4 29468.6175218605
0.144299999999999 4 29520.288769534
0.144599999999999 4 29569.3378544698
0.144899999999999 4 29615.7604198444
0.145199999999999 4 29659.5523421372
0.145499999999999 4 29700.7097314966
0.145799999999999 4 29739.228932085
0.146099999999999 4 29775.1065224046
0.146399999999999 4 29808.3393156001
0.146699999999999 4 29838.9243597429
0.146999999999999 4 29866.8589380923
0.147299999999999 4 29892.1405693377
0.147599999999999 4 29914.7670078183
0.147899999999999 4 29934.7362437232
0.148199999999999 4 29952.0465032692
0.148499999999999 4 29966.696248859
0.148799999999999 4 29978.6841792176
0.149099999999999 4 29988.0092295077
0.149399999999999 4 29994.6705714242
0.149699999999999 4 29998.6676132685
0.149999999999999 4 30000
0.150299999999999 4 29998.6676132685
0.150599999999999 4 29994.6705714243
0.150899999999999 4 29988.0092295077
0.151199999999999 4 29978.6841792177
0.151499999999999 4 29966.6962488592
0.151799999999999 4 29952.0465032693
0.152099999999999 4 29934.7362437233
0.152399999999999 4 29914.7670078185
0.152699999999999 4 29892.1405693379
0.152999999999999 4 29866.8589380925
0.153299999999999 4 29838.9243597431
0.153599999999999 4 29808.3393156004
0.153899999999999 4 29775.1065224049
0.154199999999999 4 29739.2289320854
0.154499999999999 4 29700.7097314969
0.154799999999999 4 29659.5523421376
0.155099999999999 4 29615.7604198448
0.155399999999999 4 29569.3378544702
0.155699999999999 4 29520.2887695344
0.155999999999999 4 29468.6175218609
0.156299999999999 4 29414.3287011886
0.156599999999999 4 29357.4271297644
0.156899999999999 4 29297.917861915
0.157199999999999 4 29235.8061835976
0.157499999999999 4 29171.0976119306
0.157799999999999 4 29103.7978947035
0.158099999999999 4 29033.9130098663
0.158399999999999 4 28961.4491649986
0.158699999999999 4 28886.412796758
0.158999999999999 4 28808.8105703087
0.159299999999999 4 28728.6493787291
0.159599999999999 4 28645.9363423997
0.159899999999999 4 28560.6788083707
0.160199999999999 4 28472.8843497093
0.160499999999999 4 28382.5607648268
0.160799999999999 4 28289.7160767864
0.161099999999999 4 28194.3585325901
0.161399999999999 4 28096.4966024463
0.161699999999999 4 27996.1389790175
0.161999999999999 4 27893.2945766481
0.162299999999999 4 27787.9725305725
0.162599999999998 4 27680.182196104
0.162899999999998 4 27569.9331478032
0.163199999999998 4 27457.2351786281
0.163499999999998 4 27342.0982990639
0.163799999999998 4 27224.5327362341
0.164099999999998 4 27104.5489329917
0.164399999999998 4 26982.1575469918
0.164699999999998 4 26857.369449745
0.164999999999998 4 26730.1957256517
0.165299999999998 4 26600.6476710174
0.165599999999998 4 26468.7367930493
0.165899999999998 4 26334.4748088344
0.166199999999998 4 26197.8736442983
0.166499999999998 4 26058.9454331465
0.166799999999998 4 25917.7025157858
0.167099999999998 4 25774.1574382289
0.167399999999998 4 25628.3229509796
0.167699999999998 4 25480.2120079003
0.167999999999998 4 25329.8377650613
0.168299999999998 4 25177.2135795723
0.168599999999998 4 25022.353008396
0.168899999999998 4 24865.2698071437
0.169199999999998 4 24705.9779288537
0.169499999999998 4 24544.4915227516
0.169799999999998 4 24380.8249329937
0.170099999999998 4 24214.9926973929
0.170399999999998 4 24047.0095461272
0.170699999999998 4 23876.8904004314
0.170999999999998 4 23704.6503712717
0.171299999999998 4 23530.3047580033
0.171599999999998 4 23353.8690470117
0.171899999999998 4 23175.3589103369
0.172199999999998 4 22994.7902042815
0.172499999999998 4 22812.178968002
0.172799999999998 4 22627.5414220842
0.173099999999998 4 22440.8939671025
0.173399999999998 4 22252.2531821632
0.173699999999998 4 22061.6358234316
0.173999999999998 4 21869.0588226434
0.174299999999998 4 21674.5392856016
0.174599999999998 4 21478.0944906561
0.174899999999998 4 21279.7418871694
0.175199999999998 4 21079.4990939666
0.175499999999998 4 20877.3838977706
0.175799999999998 4 20673.4142516216
0.176099999999998 4 20467.6082732831
0.176399999999998 4 20259.9842436319
0.176699999999998 4 20050.560605035
0.176999999999998 4 19839.3559597108
0.177299999999998 4 19626.3890680771
0.177599999999998 4 19411.6788470846
0.177899999999998 4 19195.2443685366
0.178199999999998 4 18977.104857395
0.178499999999998 4 18757.2796900725
0.178799999999998 4 18535.7883927114
0.179099999999998 4 18312.6506394494
0.179399999999998 4 18087.8862506721
0.179699999999998 4 17861.515191252
0.179999999999998 4 17633.5575687756
0.180299999999998 4 17404.0336317569
0.180599999999998 4 17172.9637678391
0.180899999999998 4 16940.3685019837
0.181199999999998 4 16706.2684946471
0.181499999999998 4 16470.6845399454
0.181799999999998 4 16233.6375638077
0.182099999999998 4 15995.1486221171
0.182399999999998 4 15755.2388988404
0.182699999999998 4 15513.9297041462
0.182999999999998 4 15271.2424725126
0.183299999999998 4 15027.1987608228
0.183599999999998 4 14781.8202464503
0.183899999999998 4 14535.1287253335
0.184199999999998 4 14287.1461100397
0.184499999999998 4 14037.8944278188
0.184799999999998 4 13787.3958186462
0.185099999999998 4 13535.672533257
0.185399999999998 4 13282.7469311687
0.185699999999998 4 13028.6414786958
0.185999999999998 4 12773.3787469538
0.186299999999998 4 12516.9814098546
0.186599999999998 4 12259.4722420921
0.186899999999998 4 12000.8741171196
0.187199999999998 4 11741.2100051177
0.187499999999998 4 11480.5029709544
0.187799999999998 4 11218.7761721357
0.188099999999998 4 10956.0528567493
0.188399999999998 4 10692.3563613993
0.188699999999998 4 10427.7101091328
0.188999999999998 4 10162.1376073605
0.189299999999998 4 9895.66244576734
0.189599999999998 4 9628.30829421806
0.189899999999998 4 9360.09890065422
0.190199999999998 4 9091.05808898502
0.190499999999998 4 8821.20975697091
0.190799999999998 4 8550.5778741011
0.191099999999998 4 8279.18647946418
0.191399999999998 4 8007.0596796131
0.191699999999998 4 7734.22164642362
0.191999999999998 4 7460.69661494749
0.192299999999998 4 7186.5088812595
0.192599999999998 4 6911.68280029958
0.192899999999998 4 6636.24278370928
0.193199999999998 4 6360.21329766352
0.193499999999998 4 6083.61886069728
0.193799999999998 4 5806.48404152771
0.194099999999998 4 5528.83345687192
0.194399999999998 4 5250.6917692602
0.194699999999998 4 4972.08368484553
0.194999999999998 4 4693.03395120885
0.195299999999998 4 4413.56735516107
0.195599999999998 4 4133.70872054108
0.195899999999998 4 3853.48290601105
0.196199999999998 4 3572.91480284805
0.196499999999998 4 3292.02933273333
0.196799999999998 4 3010.85144553841
0.197099999999998 4 2729.40611710908
0.197399999999998 4 2447.71834704671
0.197699999999998 4 2165.81315648782
0.197999999999998 4 1883.71558588139
0.198299999999998 4 1601.45069276482
0.198599999999998 4 1319.04354953795
0.198899999999998 4 1036.51924123619
0.199199999999998 4 753.902863302162
0.199499999999998 4 471.21951935665
0.199799999999998 4 188.494318968816
0.200099999999998 4 -94.2476245743486
0.200399999999998 4 -376.981196498523
0.200699999999998 4 -659.681282773107
0.200999999999998 4 -942.322772341785
0.201299999999998 4 -1224.88055935325
0.201599999999998 4 -1507.32954539102
0.201899999999998 4 -1789.64464170306
0.202199999999998 4 -2071.8007714301
0.202499999999998 4 -2353.77287183328
0.202799999999998 4 -2635.53589652021
0.203099999999998 4 -2917.06481766991
0.203399999999998 4 -3198.33462825571
0.203699999999998 4 -3479.32034426677
0.203999999999998 4 -3759.99700692704
0.204299999999998 4 -4040.3396849125
0.204599999999998 4 -4320.32347656547
0.204899999999998 4 -4599.92351210671
0.205199999999998 4 -4879.11495584441
0.205499999999998 4 -5157.87300838018
0.205799999999998 4 -5436.17290881202
0.206099999999998 4 -5713.98993693359
0.206399999999998 4 -5991.29941543011
0.206699999999998 4 -6268.07671207024
0.206999999999998 4 -6544.29724189418
0.207299999999998 4 -6819.93646939728
0.207599999999998 4 -7094.96991070964
0.207899999999998 4 -7369.37313577068
0.208199999999998 4 -7643.12177049937
0.208499999999998 4 -7916.19149895908
0.208799999999998 4 -8188.55806551766
0.209099999999998 4 -8460.19727700178
0.209399999999998 4 -8731.08500484607
0.209699999999998 4 -9001.19718723619
0.209999999999998 4 -9270.50983124634
0.210299999999998 4 -9538.99901497023
0.210599999999998 4 -9806.64088964617
0.210899999999998 4 -10073.4116817753
0.211199999999998 4 -10339.2876952334
0.211499999999998 4 -10604.2453133756
0.211799999999998 4 -10868.2610011343
0.212099999999998 4 -11131.3113071095
0.212399999999998 4 -11393.3728656519
0.212699999999998 4 -11654.4223989389
0.212999999999998 4 -11914.4367190413
0.213299999999998 4 -12173.3927299839
0.213599999999998 4 -12431.2674297965
0.213899999999998 4 -12688.037912557
0.214199999999998 4 -12943.6813704267
0.214499999999998 4 -13198.1750956754
0.214799999999998 4 -13451.4964826989
0.215099999999998 4 -13703.623030027
0.215399999999998 4 -13954.5323423217
0.215699999999998 4 -14204.2021323674
0.215999999999998 4 -14452.6102230494
0.216299999999998 4 -14699.7345493251
0.216599999999998 4 -14945.5531601827
0.216899999999998 4 -15190.044220592
0.217199999999998 4 -15433.1860134432
0.217499999999998 4 -15674.9569414765
0.217799999999998 4 -15915.3355292
0.218099999999998 4 -16154.3004247978
0.218399999999998 4 -16391.8304020261
0.218699999999998 4 -16627.9043620989
0.218999999999998 4 -16862.501335562
0.219299999999997 4 -17095.6004841558
0.219599999999997 4 -17327.1811026661
0.219899999999997 4 -17557.2226207634
0.220199999999997 4 -17785.7046048299
0.220499999999997 4 -18012.6067597746
0.220799999999997 4 -18237.9089308363
0.221099999999997 4 -18461.5911053733
0.221399999999997 4 -18683.6334146415
0.221699999999997 4 -18904.0161355592
0.221999999999997 4 -19122.7196924588
0.222299999999997 4 -19339.7246588259
0.222599999999997 4 -19555.0117590245
0.222899999999997 4 -19768.5618700097
0.223199999999997 4 -19980.3560230257
0.223499999999997 4 -20190.3754052914
0.223799999999997 4 -20398.6013616708
0.224099999999997 4 -20605.0153963305
0.224399999999997 4 -20809.5991743824
0.224699999999997 4 -21012.3345235124
0.224999999999997 4 -21213.2034355947
0.225299999999997 4 -21412.1880682909
0.225599999999997 4 -21609.2707466355
0.225899999999997 4 -21804.4339646054
0.226199999999997 4 -21997.6603866751
0.226499999999997 4 -22188.9328493566
0.226799999999997 4 -22378.2343627238
0.227099999999997 4 -22565.5481119217
0.227399999999997 4 -22750.85745866
0.227699999999997 4 -22934.1459426911
0.227999999999997 4 -23115.3972832721
0.228299999999997 4 -23294.5953806108
0.228599999999997 4 -23471.7243172961
0.228899999999997 4 -23646.7683597116
0.229199999999997 4 -23819.7119594335
0.229499999999997 4 -23990.5397546112
0.229799999999997 4 -24159.2365713322
0.230099999999997 4 -24325.7874249697
0.230399999999997 4 -24490.1775215141
0.230699999999997 4 -24652.3922588863
0.230999999999997 4 -24812.4172282354
0.231299999999997 4 -24970.2382152185
0.231599999999997 4 -25125.8412012629
0.231899999999997 4 -25279.2123648116
0.232199999999997 4 -25430.3380825511
0.232499999999997 4 -25579.2049306214
0.232799999999997 4 -25725.7996858082
0.233099999999997 4 -25870.1093267178
0.233399999999997 4 -26012.1210349334
0.233699999999997 4 -26151.822196154
0.233999999999997 4 -26289.2004013146
0.234299999999997 4 -26424.2434476889
0.234599999999997 4 -26556.9393399724
0.234899999999997 4 -26687.2762913489
0.235199999999997 4 -26815.2427245367
0.235499999999997 4 -26940.8272728173
0.235799999999997 4 -27064.0187810449
0.236099999999997 4 -27184.8063066376
0.236399999999997 4 -27303.1791205488
0.236699999999997 4 -27419.1267082208
0.236999999999997 4 -27532.6387705184
0.237299999999997 4 -27643.7052246439
0.237599999999997 4 -27752.3162050327
0.237899999999997 4 -27858.4620642295
0.238199999999997 4 -27962.1333737454
0.238499999999997 4 -28063.3209248951
0.238799999999997 4 -28162.0157296153
0.239099999999997 4 -28258.2090212628
0.239399999999997 4 -28351.8922553933
0.239699999999997 4 -28443.0571105201
0.239999999999997 4 -28531.6954888538
0.240299999999997 4 -28617.799517021
0.240599999999997 4 -28701.3615467641
0.240899999999997 4 -28782.3741556205
0.241199999999997 4 -28860.8301475818
0.241499999999997 4 -28936.7225537332
0.241799999999997 4 -29010.0446328724
0.242099999999997 4 -29080.7898721082
0.242399999999997 4 -29148.9519874396
0.242699999999997 4 -29214.5249243132
0.242999999999997 4 -29277.5028581618
0.243299999999997 4 -29337.8801949211
0.243599999999997 4 -29395.6515715269
0.243899999999997 4 -29450.8118563914
0.244199999999997 4 -29503.3561498594
0.244499999999997 4 -29553.2797846427
0.244799999999997 4 -29600.5783262356
0.245099999999997 4 -29645.247573308
0.245399999999997 4 -29687.2835580791
0.245699999999997 4 -29726.6825466698
0.245999999999997 4 -29763.441039434
0.246299999999997 4 -29797.5557712699
0.246599999999997 4 -29829.0237119097
0.246899999999997 4 -29857.842066189
0.247199999999997 4 -29884.0082742949
0.247499999999997 4 -29907.5200119936
0.247799999999997 4 -29928.3751908366
0.248099999999997 4 -29946.5719583462
0.248399999999997 4 -29962.1086981804
0.248699999999997 4 -29974.9840302761
0.248999999999997 4 -29985.1968109719
0.249299999999997 4 -29992.7461331095
0.249599999999997 4 -29997.6313261144
0.249899999999997 4 -29999.8519560557
0.250199999999997 4 -29999.4078256841
0.250499999999997 4 -29996.2989744499
0.250799999999997 4 -29990.5256784991
0.251099999999997 4 -29982.0884506493
0.251399999999997 4 -29970.9880403439
0.251699999999997 4 -29957.2254335854
0.251999999999997 4 -29940.8018528483
0.252299999999997 4 -29921.7187569699
0.252599999999997 4 -29899.9778410211
0.252899999999997 4 -29875.5810361558
0.253199999999997 4 -29848.5305094393
0.253499999999997 4 -29818.8286636557
0.253799999999997 4 -29786.4781370947
0.254099999999997 4 -29751.4818033172
0.254399999999997 4 -29713.8427708999
0.254699999999997 4 -29673.5643831592
0.254999999999997 4 -29630.6502178545
0.255299999999997 4 -29585.1040868701
0.255599999999997 4 -29536.9300358766
0.255899999999997 4 -29486.1323439718
0.256199999999997 4 -29432.7155233005
0.256499999999997 4 -29376.6843186535
0.256799999999997 4 -29318.0437070463
0.257099999999997 4 -29256.7988972772
0.257399999999998 4 -29192.9553294643
0.257699999999998 4 -29126.5186745625
0.257999999999998 4 -29057.4948338595
0.258299999999998 4 -28985.889938452
0.258599999999998 4 -28911.7103487009
0.258899999999998 4 -28834.9626536662
0.259199999999998 4 -28755.6536705219
0.259499999999998 4 -28673.7904439505
0.259799999999998 4 -28589.3802455172
0.260099999999998 4 -28502.4305730238
0.260399999999998 4 -28412.949149843
0.260699999999998 4 -28320.9439242322
0.260999999999998 4 -28226.4230686275
0.261299999999998 4 -28129.3949789178
0.261599999999998 4 -28029.8682736991
0.261899999999998 4 -27927.8517935088
0.262199999999998 4 -27823.3546000406
0.262499999999998 4 -27716.3859753394
0.262799999999998 4 -27606.9554209769
0.263099999999998 4 -27495.0726572077
0.263399999999998 4 -27380.7476221059
0.263699999999998 4 -27263.990470682
0.263999999999998 4 -27144.8115739814
0.264299999999998 4 -27023.2215181628
0.264599999999998 4 -26899.2311035579
0.264899999999998 4 -26772.8513437123
0.265199999999998 4 -26644.0934644072
0.265499999999998 4 -26512.9689026616
0.265799999999998 4 -26379.4893057175
0.266099999999998 4 -26243.6665300044
0.266399999999998 4 -26105.5126400866
0.266699999999998 4 -25965.0399075914
0.266999999999998 4 -25822.2608101191
0.267299999999998 4 -25677.1880301349
0.267599999999998 4 -25529.8344538416
0.267899999999998 4 -25380.2131700361
0.268199999999998 4 -25228.3374689459
0.268499999999998 4 -25074.220841049
0.268799999999998 4 -24917.8769758752
0.269099999999998 4 -24759.3197607908
0.269399999999998 4 -24598.5632797644
0.269699999999998 4 -24435.6218121161
0.269999999999998 4 -24270.5098312493
0.270299999999998 4 -24103.2420033647
0.270599999999999 4 -23933.833186158
0.270899999999999 4 -23762.2984274999
0.271199999999999 4 -23588.6529640994
0.271499999999999 4 -23412.9122201507
0.271799999999999 4 -23235.0918059629
0.272099999999999 4 -23055.2075165731
0.272399999999999 4 -22873.2753303443
0.272699999999999 4 -22689.311407545
0.272999999999999 4 -22503.3320889146
0.273299999999999 4 -22315.3538942116
0.273599999999999 4 -22125.393520746
0.273899999999999 4 -21933.4678418967
0.274199999999999 4 -21739.5939056122
0.274499999999999 4 -21543.7889328965
0.274799999999999 4 -21346.0703162793
0.275099999999999 4 -21146.4556182716
0.275399999999999 4 -20944.9625698049
0.275699999999999 4 -20741.6090686569
0.275999999999999 4 -20536.4131778614
0.276299999999999 4 -20329.3931241038
0.276599999999999 4 -20120.5672961023
0.276899999999999 4 -19909.9542429745
0.277199999999999 4 -19697.5726725894
0.277499999999999 4 -19483.4414499062
0.277799999999999 4 -19267.5795952982
0.278099999999999 4 -19050.0062828635
0.278399999999999 4 -18830.7408387217
0.278699999999999 4 -18609.8027392973
0.278999999999999 4 -18387.2116095899
0.279299999999999 4 -18162.9872214307
0.279599999999999 4 -17937.1494917262
0.279899999999999 4 -17709.7184806894
0.280199999999999 4 -17480.7143900579
0.280499999999999 4 -17250.157561299
0.280799999999999 4 -17018.0684738033
0.281099999999999 4 -16784.4677430656
0.281399999999999 4 -16549.3761188534
0.281699999999999 4 -16312.8144833643
0.281999999999999 4 -16074.8038493704
0.282299999999999 4 -15835.3653583525
0.282599999999999 4 -15594.5202786217
0.282899999999999 4 -15352.2900034308
0.283199999999999 4 -15108.6960490733
0.283499999999999 4 -14863.7600529726
0.283799999999999 4 -14617.5037717604
0.2841 4 -14369.9490793432
0.2844 4 -14121.1179649604
0.2847 4 -13871.0325312301
0.285 4 -13619.7149921868
0.2853 4 -13367.1876713072
0.2856 4 -13113.4729995283
0.2859 4 -12858.5935132541
0.2862 4 -12602.5718523545
0.2865 4 -12345.4307581535
0.2868 4 -12087.1930714101
0.2871 4 -11827.8817302888
0.2874 4 -11567.5197683221
0.2877 4 -11306.1303123651
0.288 4 -11043.7365805405
0.2883 4 -10780.3618801769
0.2886 4 -10516.0296057379
0.2889 4 -10250.7632367446
0.2892 4 -9984.58633568967
0.2895 4 -9717.52254594456
0.2898 4 -9449.59558965919
0.2901 4 -9180.82926565504
0.2904 4 -8911.24744731108
0.2907 4 -8640.87408044307
0.291 4 -8369.73318117684
0.2913 4 -8097.84883381482
0.2916 4 -7825.24518869685
0.2919 4 -7551.94646005483
0.2922 4 -7277.9769238621
0.2925 4 -7003.360915677
0.2928 4 -6728.12282848129
0.2931 4 -6452.28711051323
0.2934 4 -6175.87826309623
0.2937 4 -5898.92083846241
0.294 4 -5621.43943757151
0.2943 4 -5343.45870792604
0.2946 4 -5065.00334138171
0.2949 4 -4786.0980719543
0.2952 4 -4506.76767362239
0.2955 4 -4227.03695812712
0.2958 4 -3946.93077276808
0.2961 4 -3666.47399819631
0.2964 4 -3385.69154620404
0.2967 4 -3104.60835751223
0.297 4 -2823.249399555
0.297300000000001 4 -2541.63966426174
0.297600000000001 4 -2259.80416583748
0.297900000000001 4 -1977.7679385408
0.298200000000001 4 -1695.55603446022
0.298500000000001 4 -1413.19352128872
0.298800000000001 4 -1130.70548009744
0.299100000000001 4 -848.11700310757
0.299400000000001 4 -565.453191461635
0.299700000000001 4 -282.739152993674
0.300099201596807 4 0
0.300498403193613 4 0
0.30089760479042 4 0
0.301296806387226 4 0
0.301696007984033 4 0
0.302095209580839 4 0
0.302494411177645 4 0
0.302893612774452 4 0
0.303292814371258 4 0
0.303692015968065 4 0
0.304091217564871 4 0
0.304490419161677 4 0
0.304889620758484 4 0
0.30528882235529 4 0
0.305688023952097 4 0
0.306087225548903 4 0
0.306486427145709 4 0
0.306885628742516 4 0
0.307284830339322 4 0
0.307684031936129 4 0
0.308083233532935 4 0
0.308482435129741 4 0
0.308881636726548 4 0
0.309280838323354 4 0
0.309680039920161 4 0
0.310079241516967 4 0
0.310478443113773 4 0
0.31087764471058 4 0
0.311276846307386 4 0
0.311676047904193 4 0
0.312075249500999 4 0
0.312474451097805 4 0
0.312873652694612 4 0
0.313272854291418 4 0
0.313672055888225 4 0
0.314071257485031 4 0
0.314470459081837 4 0
0.314869660678644 4 0
0.31526886227545 4 0
0.315668063872257 4 0
0.316067265469063 4 0
0.316466467065869 4 0
0.316865668662676 4 0
0.317264870259482 4 0
0.317664071856289 4 0
0.318063273453095 4 0
0.318462475049901 4 0
0.318861676646708 4 0
0.319260878243514 4 0
0.319660079840321 4 0
0.320059281437127 4 0
0.320458483033933 4 0
0.32085768463074 4 0
0.321256886227546 4 0
0.321656087824353 4 0
0.322055289421159 4 0
0.322454491017965 4 0
0.322853692614772 4 0
0.323252894211578 4 0
0.323652095808385 4 0
0.324051297405191 4 0
0.324450499001997 4 0
0.324849700598804 4 0
0.32524890219561 4 0
0.325648103792417 4 0
0.326047305389223 4 0
0.326446506986029 4 0
0.326845708582836 4 0
0.327244910179642 4 0
0.327644111776449 4 0
0.328043313373255 4 0
0.328442514970061 4 0
0.328841716566868 4 0
0.329240918163674 4 0
0.329640119760481 4 0
0.330039321357287 4 0
0.330438522954093 4 0
0.3308377245509 4 0
0.331236926147706 4 0
0.331636127744513 4 0
0.332035329341319 4 0
0.332434530938125 4 0
0.332833732534932 4 0
0.333232934131738 4 0
0.333632135728544 4 0
0.334031337325351 4 0
0.334430538922157 4 0
0.334829740518964 4 0
0.33522894211577 4 0
0.335628143712576 4 0
0.336027345309383 4 0
0.336426546906189 4 0
0.336825748502996 4 0
0.337224950099802 4 0
0.337624151696608 4 0
0.338023353293415 4 0
0.338422554890221 4 0
0.338821756487028 4 0
0.339220958083834 4 0
0.33962015968064 4 0
0.340019361277447 4 0
0.340418562874253 4 0
0.34081776447106 4 0
0.341216966067866 4 0
0.341616167664672 4 0
0.342015369261479 4 0
0.342414570858285 4 0
0.342813772455092 4 0
0.343212974051898 4 0
0.343612175648704 4 0
0.344011377245511 4 0
0.344410578842317 4 0
0.344809780439124 4 0
0.34520898203593 4 0
0.345608183632736 4 0
0.346007385229543 4 0
0.346406586826349 4 0
0.346805788423156 4 0
0.347204990019962 4 0
0.347604191616768 4 0
0.348003393213575 4 0
0.348402594810381 4 0
0.348801796407188 4 0
0.349200998003994 4 0
0.3496001996008 4 0
0.349999401197607 4 0
0.350398602794413 4 0
0.35079780439122 4 0
0.351197005988026 4 0
0.351596207584832 4 0
0.351995409181639 4 0
0.352394610778445 4 0
0.352793812375252 4 0
0.353193013972058 4 0
0.353592215568864 4 0
0.353991417165671 4 0
0.354390618762477 4 0
0.354789820359284 4 0
0.35518902195609 4 0
0.355588223552896 4 0
0.355987425149703 4 0
0.356386626746509 4 0
0.356785828343316 4 0
0.357185029940122 4 0
0.357584231536928 4 0
0.357983433133735 4 0
0.358382634730541 4 0
0.358781836327348 4 0
0.359181037924154 4 0
0.35958023952096 4 0
0.359979441117767 4 0
0.360378642714573 4 0
0.36077784431138 4 0
0.361177045908186 4 0
0.361576247504992 4 0
0.361975449101799 4 0
0.362374650698605 4 0
0.362773852295412 4 0
0.363173053892218 4 0
0.363572255489024 4 0
0.363971457085831 4 0
0.364370658682637 4 0
0.364769860279444 4 0
0.36516906187625 4 0
0.365568263473056 4 0
0.365967465069863 4 0
0.366366666666669 4 0
0.366765868263476 4 0
0.367165069860282 4 0
0.367564271457088 4 0
0.367963473053895 4 0
0.368362674650701 4 0
0.368761876247508 4 0
0.369161077844314 4 0
0.36956027944112 4 0
0.369959481037927 4 0
0.370358682634733 4 0
0.370757884231539 4 0
0.371157085828346 4 0
0.371556287425152 4 0
0.371955489021959 4 0
0.372354690618765 4 0
0.372753892215571 4 0
0.373153093812378 4 0
0.373552295409184 4 0
0.373951497005991 4 0
0.374350698602797 4 0
0.374749900199603 4 0
0.37514910179641 4 0
0.375548303393216 4 0
0.375947504990023 4 0
0.376346706586829 4 0
0.376745908183635 4 0
0.377145109780442 4 0
0.377544311377248 4 0
0.377943512974055 4 0
0.378342714570861 4 0
0.378741916167667 4 0
0.379141117764474 4 0
0.37954031936128 4 0
0.379939520958087 4 0
0.380338722554893 4 0
0.380737924151699 4 0
0.381137125748506 4 0
0.381536327345312 4 0
0.381935528942119 4 0
0.382334730538925 4 0
0.382733932135731 4 0
0.383133133732538 4 0
0.383532335329344 4 0
0.383931536926151 4 0
0.384330738522957 4 0
0.384729940119763 4 0
0.38512914171657 4 0
0.385528343313376 4 0
0.385927544910183 4 0
0.386326746506989 4 0
0.386725948103795 4 0
0.387125149700602 4 0
0.387524351297408 4 0
0.387923552894215 4 0
0.388322754491021 4 0
0.388721956087827 4 0
0.389121157684634 4 0
0.38952035928144 4 0
0.389919560878247 4 0
0.390318762475053 4 0
0.390717964071859 4 0
0.391117165668666 4 0
0.391516367265472 4 0
0.391915568862279 4 0
0.392314770459085 4 0
0.392713972055891 4 0
0.393113173652698 4 0
0.393512375249504 4 0
0.393911576846311 4 0
0.394310778443117 4 0
0.394709980039923 4 0
0.39510918163673 4 0
0.395508383233536 4 0
0.395907584830343 4 0
0.396306786427149 4 0
0.396705988023955 4 0
0.397105189620762 4 0
0.397504391217568 4 0
0.397903592814375 4 0
0.398302794411181 4 0
0.398701996007987 4 0
0.399101197604794 4 0
0.3995003992016 4 0
0.399899600798407 4 0
0.400298802395213 4 0
0.400698003992019 4 0
0.401097205588826 4 0
0.401496407185632 4 0
0.401895608782439 4 0
0.402294810379245 4 0
0.402694011976051 4 0
0.403093213572858 4 0
0.403492415169664 4 0
0.403891616766471 4 0
0.404290818363277 4 0
0.404690019960083 4 0
0.40508922155689 4 0
0.405488423153696 4 0
0.405887624750502 4 0
0.406286826347309 4 0
0.406686027944115 4 0
0.407085229540922 4 0
0.407484431137728 4 0
0.407883632734534 4 0
0.408282834331341 4 0
0.408682035928147 4 0
0.409081237524954 4 0
0.40948043912176 4 0
0.409879640718566 4 0
0.410278842315373 4 0
0.410678043912179 4 0
0.411077245508986 4 0
0.411476447105792 4 0
0.411875648702598 4 0
0.412274850299405 4 0
0.412674051896211 4 0
0.413073253493018 4 0
0.413472455089824 4 0
0.41387165668663 4 0
0.414270858283437 4 0
0.414670059880243 4 0
0.41506926147705 4 0
0.415468463073856 4 0
0.415867664670662 4 0
0.416266866267469 4 0
0.416666067864275 4 0
0.417065269461082 4 0
0.417464471057888 4 0
0.417863672654694 4 0
0.418262874251501 4 0
0.418662075848307 4 0
0.419061277445114 4 0
0.41946047904192 4 0
0.419859680638726 4 0
0.420258882235533 4 0
0.420658083832339 4 0
0.421057285429146 4 0
0.421456487025952 4 0
0.421855688622758 4 0
0.422254890219565 4 0
0.422654091816371 4 0
0.423053293413178 4 0
0.423452495009984 4 0
0.42385169660679 4 0
0.424250898203597 4 0
0.424650099800403 4 0
0.42504930139721 4 0
0.425448502994016 4 0
0.425847704590822 4 0
0.426246906187629 4 0
0.426646107784435 4 0
0.427045309381242 4 0
0.427444510978048 4 0
0.427843712574854 4 0
0.428242914171661 4 0
0.428642115768467 4 0
0.429041317365274 4 0
0.42944051896208 4 0
0.429839720558886 4 0
0.430238922155693 4 0
0.430638123752499 4 0
0.431037325349306 4 0
0.431436526946112 4 0
0.431835728542918 4 0
0.432234930139725 4 0
0.432634131736531 4 0
0.433033333333338 4 0
0.433432534930144 4 0
0.43383173652695 4 0
0.434230938123757 4 0
0.434630139720563 4 0
0.43502934131737 4 0
0.435428542914176 4 0
0.435827744510982 4 0
0.436226946107789 4 0
0.436626147704595 4 0
0.437025349301402 4 0
0.437424550898208 4 0
0.437823752495014 4 0
0.438222954091821 4 0
0.438622155688627 4 0
0.439021357285434 4 0
0.43942055888224 4 0
0.439819760479046 4 0
0.440218962075853 4 0
0.440618163672659 4 0
0.441017365269465 4 0
0.441416566866272 4 0
0.441815768463078 4 0
0.442214970059885 4 0
0.442614171656691 4 0
0.443013373253497 4 0
0.443412574850304 4 0
0.44381177644711 4 0
0.444210978043917 4 0
0.444610179640723 4 0
0.445009381237529 4 0
0.445408582834336 4 0
0.445807784431142 4 0
0.446206986027949 4 0
0.446606187624755 4 0
0.447005389221561 4 0
0.447404590818368 4 0
0.447803792415174 4 0
0.448202994011981 4 0
0.448602195608787 4 0
0.449001397205593 4 0
0.4494005988024 4 0
0.449799800399206 4 0
0.450199001996013 4 0
0.450598203592819 4 0
0.450997405189625 4 0
0.451396606786432 4 0
0.451795808383238 4 0
0.452195009980045 4 0
0.452594211576851 4 0
0.452993413173657 4 0
0.453392614770464 4 0
0.45379181636727 4 0
0.454191017964077 4 0
0.454590219560883 4 0
0.454989421157689 4 0
0.455388622754496 4 0
0.455787824351302 4 0
0.456187025948109 4 0
0.456586227544915 4 0
0.456985429141721 4 0
0.457384630738528 4 0
0.457783832335334 4 0
0.458183033932141 4 0
0.458582235528947 4 0
0.458981437125753 4 0
0.45938063872256 4 0
0.459779840319366 4 0
0.460179041916173 4 0
0.460578243512979 4 0
0.460977445109785 4 0
0.461376646706592 4 0
0.461775848303398 4 0
0.462175049900205 4 0
0.462574251497011 4 0
0.462973453093817 4 0
0.463372654690624 4 0
0.46377185628743 4 0
0.464171057884237 4 0
0.464570259481043 4 0
0.464969461077849 4 0
0.465368662674656 4 0
0.465767864271462 4 0
0.466167065868269 4 0
0.466566267465075 4 0
0.466965469061881 4 0
0.467364670658688 4 0
0.467763872255494 4 0
0.468163073852301 4 0
0.468562275449107 4 0
0.468961477045913 4 0
0.46936067864272 4 0
0.469759880239526 4 0
0.470159081836333 4 0
0.470558283433139 4 0
0.470957485029945 4 0
0.471356686626752 4 0
0.471755888223558 4 0
0.472155089820365 4 0
0.472554291417171 4 0
0.472953493013977 4 0
0.473352694610784 4 0
0.47375189620759 4 0
0.474151097804397 4 0
0.474550299401203 4 0
0.474949500998009 4 0
0.475348702594816 4 0
0.475747904191622 4 0
0.476147105788429 4 0
0.476546307385235 4 0
0.476945508982041 4 0
0.477344710578848 4 0
0.477743912175654 4 0
0.47814311377246 4 0
0.478542315369267 4 0
0.478941516966073 4 0
0.47934071856288 4 0
0.479739920159686 4 0
0.480139121756492 4 0
0.480538323353299 4 0
0.480937524950105 4 0
0.481336726546912 4 0
0.481735928143718 4 0
0.482135129740524 4 0
0.482534331337331 4 0
0.482933532934137 4 0
0.483332734530944 4 0
0.48373193612775 4 0
0.484131137724556 4 0
0.484530339321363 4 0
0.484929540918169 4 0
0.485328742514976 4 0
0.485727944111782 4 0
0.486127145708588 4 0
0.486526347305395 4 0
0.486925548902201 4 0
0.487324750499008 4 0
0.487723952095814 4 0
0.48812315369262 4 0
0.488522355289427 4 0
0.488921556886233 4 0
0.48932075848304 4 0
0.489719960079846 4 0
0.490119161676652 4 0
0.490518363273459 4 0
0.490917564870265 4 0
0.491316766467072 4 0
0.491715968063878 4 0
0.492115169660684 4 0
0.492514371257491 4 0
0.492913572854297 4 0
0.493312774451104 4 0
0.49371197604791 4 0
0.494111177644716 4 0
0.494510379241523 4 0
0.494909580838329 4 0
0.495308782435136 4 0
0.495707984031942 4 0
0.496107185628748 4 0
0.496506387225555 4 0
0.496905588822361 4 0
0.497304790419168 4 0
0.497703992015974 4 0
0.49810319361278 4 0
0.498502395209587 4 0
0.498901596806393 4 0
0.4993007984032 4 0
0.4993007984032 4 0
