0.0003 -282.73915299432 -141.369576548793 -141.369576548793
0.0006 -565.453191462245 -424.0898933953 -424.0898933953
0.0009 -848.117003108198 -706.764169388374 -706.764169388374
0.0012 -1130.70548009804 -989.367294974071 -989.367294974071
0.0015 -1413.19352128928 -1271.87416925128 -1271.87416925128
0.0018 -1695.55603446074 -1554.25969815589 -1554.25969815589
0.0021 -1977.76793854134 -1836.49880006619 -1836.49880006619
0.0024 -2259.80416583798 -2118.56640552652 -2118.56640552652
0.0027 -2541.6396642622 -2400.43746064652 -2400.43746064652
0.003 -2823.24939955543 -2682.08692945551 -2682.08692945551
0.0033 -3104.60835751268 -2963.48979580529 -2963.48979580529
0.0036 -3385.69154620445 -3244.62106529529 -3244.62106529529
0.0039 -3666.47399819668 -3525.45576751133 -3525.45576751133
0.0042 -3946.93077276847 -3805.9689593018 -3805.9689593018
0.0045 -4227.03695812748 -4086.13572603742 -4086.13572603742
0.0048 -4506.76767362271 -4365.93118406689 -4365.93118406689
0.0051 -4786.09807195459 -4645.3304816554 -4645.3304816554
0.0054 -5065.00334138202 -4924.30880410175 -4924.30880410175
0.0057 -5343.4587079263 -5202.84137361613 -5202.84137361613
0.006 -5621.43943757174 -5480.90345150835 -5480.90345150835
0.0063 -5898.9208384626 -5758.47034243511 -5758.47034243511
0.0066 -6175.87826309644 -6035.51739344097 -6035.51739344097
0.0069 -6452.2871105134 -6312.01999919459 -6312.01999919459
0.0072 -6728.12282848144 -6587.9536031076 -6587.9536031076
0.0075 -7003.36091567716 -6863.29369722847 -6863.29369722847
0.0078 -7277.97692386222 -7138.01582938613 -7138.01582938613
0.0081 -7551.94646005491 -7412.0955994608 -7412.0955994608
0.0084 -7825.24518869691 -7685.50866763376 -7685.50866763376
0.0087 -8097.84883381489 -7958.230750442 -7958.230750442
0.009 -8369.73318117688 -8230.23762787628 -8230.23762787628
0.0093 -8640.87408044307 -8501.5051441476 -8501.5051441476
0.0096 -8911.24744731105 -8772.00920570178 -8772.00920570178
0.0099 -9180.82926565502 -9041.7257917605 -9041.7257917605
0.0102 -9449.59558965914 -9310.63094855219 -9310.63094855219
0.0105 -9717.52254594448 -9578.70079556441 -9578.70079556441
0.0108 -9984.5863356896 -9845.91152526063 -9845.91152526063
0.0111 -10250.7632367445 -10112.2394095024 -10112.2394095024
0.0114 -10516.0296057378 -10377.6607949249 -10377.6607949249
0.0117 -10780.3618801767 -10642.1521125644 -10642.1521125644
0.012 -11043.7365805403 -10905.6898733132 -10905.6898733132
0.0123 -11306.1303123649 -11168.2506744167 -11168.2506744167
0.0126 -11567.5197683219 -11429.8112000256 -11429.8112000256
0.0129 -11827.8817302885 -11690.3482217198 -11690.3482217198
0.0132 -12087.1930714099 -11949.8386047629 -11949.8386047629
0.0135 -12345.4307581533 -12208.2593051932 -12208.2593051932
0.0138 -12602.5718523542 -12465.5873754361 -12465.5873754361
0.0141 -12858.5935132538 -12721.7999655269 -12721.7999655269
0.0144 -13113.472999528 -12976.8743224155 -12976.8743224155
0.0147 -13367.1876713069 -13230.7877971703 -13230.7877971703
0.015 -13619.7149921864 -13483.5178421231 -13483.5178421231
0.0153 -13871.0325312298 -13735.0420161717 -13735.0420161717
0.0156 -14121.11796496 -13985.3379847504 -13985.3379847504
0.0159 -14369.9490793428 -14234.3835216604 -14234.3835216604
0.0162 -14617.50377176 -14482.1565147653 -14482.1565147653
0.0165 -14863.7600529722 -14728.63496178 -14728.63496178
0.0168 -15108.6960490728 -14973.7969769337 -14973.7969769337
0.0171 -15352.2900034303 -15217.6207930704 -15217.6207930704
0.0174 -15594.5202786213 -15460.0847588566 -15460.0847588566
0.0177 -15835.365358352 -15701.167346845 -15701.167346845
0.018 -16074.8038493699 -15940.8471507158 -15940.8471507158
0.0183 -16312.8144833638 -16179.1028892147 -16179.1028892147
0.0186 -16549.3761188529 -16415.9134081331 -16415.9134081331
0.0189 -16784.467743065 -16651.2576817277 -16651.2576817277
0.0192 -17018.0684738027 -16885.1148140579 -16885.1148140579
0.0195 -17250.1575612984 -17117.4640413657 -17117.4640413657
0.0198 -17480.7143900573 -17348.2847358745 -17348.2847358745
0.0201 -17709.7184806888 -17577.5564023054 -17577.5564023054
0.0204 -17937.1494917256 -17805.2586865626 -17805.2586865626
0.0207 -18162.98722143 -18031.3713720494 -18031.3713720494
0.021 -18387.2116095893 -18255.8743838782 -18255.8743838782
0.0213 -18609.8027392967 -18478.7477905609 -18478.7477905609
0.0216 -18830.740838721 -18699.971805061 -18699.971805061
0.0219 -19050.0062828628 -18919.5267874332 -18919.5267874332
0.0222 -19267.5795952975 -19137.3932468199 -19137.3932468199
0.0225 -19483.4414499055 -19353.5518402957 -19353.5518402957
0.0228 -19697.5726725887 -19567.983378634 -19567.983378634
0.0231 -19909.9542429738 -19780.6688258099 -19780.6688258099
0.0234 -20120.5672961016 -19991.5893006447 -19991.5893006447
0.0237 -20329.3931241031 -20200.726079147 -20200.726079147
0.024 -20536.4131778607 -20408.0605952004 -20408.0605952004
0.0243 -20741.6090686562 -20613.5744451329 -20613.5744451329
0.0246 -20944.9625698042 -20817.2493833295 -20817.2493833295
0.0249 -21146.4556182708 -21019.0673315365 -21019.0673315365
0.0252 -21346.0703162786 -21219.010373531 -21219.010373531
0.0255 -21543.7889328957 -21417.0607628511 -21417.0607628511
0.0258 -21739.5939056114 -21613.2009177591 -21613.2009177591
0.0261 -21933.4678418959 -21807.4134292921 -21807.4134292921
0.0264 -22125.3935207452 -21999.6810571631 -21999.6810571631
0.0267 -22315.3538942108 -22189.9867378299 -22189.9867378299
0.027 -22503.3320889138 -22378.3135772141 -22378.3135772141
0.0273 -22689.3114075442 -22564.6448612924 -22564.6448612924
0.0276 -22873.2753303434 -22748.9640513488 -22748.9640513488
0.0279 -23055.2075165723 -22931.2547882511 -22931.2547882511
0.0282 -23235.091805962 -23111.5008917791 -23111.5008917791
0.0285 -23412.9122201499 -23289.6863664959 -23289.6863664959
0.0288 -23588.6529640986 -23465.795396705 -23465.795396705
0.0291 -23762.298427499 -23639.8123530661 -23639.8123530661
0.0294 -23933.8331861571 -23811.7217922952 -23811.7217922952
0.0297 -24103.2420033638 -23981.5084577789 -23981.5084577789
0.03 -24270.5098312484 -24149.1572819815 -24149.1572819815
0.0303 -24435.6218121153 -24314.6533876221 -24314.6533876221
0.0306 -24598.5632797636 -24477.9820872506 -24477.9820872506
0.0309 -24759.31976079 -24639.1288878805 -24639.1288878805
0.0312 -24917.8769758744 -24798.0794905777 -24798.0794905777
0.0315 -25074.2208410481 -24954.8197894702 -24954.8197894702
0.0318 -25228.3374689451 -25109.3358770384 -25109.3358770384
0.0321 -25380.2131700353 -25261.6140433359 -25261.6140433359
0.0324 -25529.8344538408 -25411.6407760777 -25411.6407760777
0.0327 -25677.188030134 -25559.4027637094 -25559.4027637094
0.033 -25822.2608101183 -25704.8868975683 -25704.8868975683
0.0333 -25965.0399075906 -25848.0802686494 -25848.0802686494
0.0336 -26105.5126400858 -25988.970173016 -25988.970173016
0.0339 -26243.6665300036 -26127.5441117484 -26127.5441117484
0.0342 -26379.4893057167 -26263.7897911549 -26263.7897911549
0.0345 -26512.9689026608 -26397.6951252578 -26397.6951252578
0.0348 -26644.0934644063 -26529.2482338999 -26529.2482338999
0.0351 -26772.8513437115 -26658.4374490106 -26658.4374490106
0.0354 -26899.2311035571 -26785.2513110233 -26785.2513110233
0.0357 -27023.2215181619 -26909.6785707251 -26909.6785707251
0.036 -27144.8115739806 -27031.7081923827 -27031.7081923827
0.0363 -27263.9904706812 -27151.3293530939 -27151.3293530939
0.0366 -27380.7476221051 -27268.5314432515 -27268.5314432515
0.0369 -27495.0726572069 -27383.3040693818 -27383.3040693818
0.0372 -27606.9554209761 -27495.6370524927 -27495.6370524927
0.0375 -27716.3859753386 -27605.5204315225 -27605.5204315225
0.0378 -27823.3546000398 -27712.9444628597 -27712.9444628597
0.0381 -27927.8517935081 -27817.8996212839 -27817.8996212839
0.0384 -28029.8682736984 -27920.3766008004 -27920.3766008004
0.0387 -28129.3949789171 -28020.3663155609 -28020.3663155609
0.039 -28226.4230686268 -28117.8599027156 -28117.8599027156
0.0393 -28320.9439242315 -28212.8487183089 -28212.8487183089
0.0396 -28412.9491498423 -28305.3243426299 -28305.3243426299
0.0399 -28502.4305730231 -28395.2785781547 -28395.2785781547
0.0402 -28589.3802455166 -28482.7034530507 -28482.7034530507
0.0405 -28673.7904439499 -28567.5912199809 -28567.5912199809
0.0408 -28755.6536705213 -28649.9343555154 -28649.9343555154
0.0411 -28834.9626536656 -28729.72556371 -28729.72556371
0.0414 -28911.7103487003 -28806.9577742461 -28806.9577742461
0.0417 -28985.8899384514 -28881.6241475438 -28881.6241475438
0.042 -29057.4948338589 -28953.7180665958 -28953.7180665958
0.0423 -29126.5186745619 -29023.2331474495 -29023.2331474495
0.0426 -29192.9553294638 -29090.1632332797 -29090.1632332797
0.0429 -29256.7988972767 -29154.5023975438 -29154.5023975438
0.0432 -29318.0437070458 -29216.2449440697 -29216.2449440697
0.0435 -29376.684318653 -29275.3854070725 -29275.3854070725
0.0438 -29432.7155233 -29331.9185524907 -29331.9185524907
0.0441 -29486.1323439714 -29385.8393767084 -29385.8393767084
0.0444 -29536.9300358762 -29437.1431101212 -29437.1431101212
0.0447 -29585.1040868697 -29485.8252142719 -29485.8252142719
0.045 -29630.6502178541 -29531.8813835239 -29531.8813835239
0.0453 -29673.5643831589 -29575.3075478517 -29575.3075478517
0.0456 -29713.8427708995 -29616.0998669559 -29616.0998669559
0.0459 -29751.4818033169 -29654.2547384038 -29654.2547384038
0.0462 -29786.4781370944 -29689.7687926905 -29689.7687926905
0.0465 -29818.8286636554 -29722.6388937914 -29722.6388937914
0.0468 -29848.530509439 -29752.8621421268 -29752.8621421268
0.0471 -29875.5810361556 -29780.4358738295 -29780.4358738295
0.0474 -29899.9778410209 -29805.3576580262 -29805.3576580262
0.0477 -29921.7187569697 -29827.6253017753 -29827.6253017753
0.048 -29940.8018528481 -29847.2368467445 -29847.2368467445
0.0483 -29957.2254335853 -29864.1905719053 -29864.1905719053
0.0486 -29970.9880403437 -29878.484991092 -29878.484991092
0.0489 -29982.0884506492 -29890.1188541367 -29890.1188541367
0.0492 -29990.525678499 -29899.0911492318 -29899.0911492318
0.0495 -29996.2989744498 -29905.401098638 -29905.401098638
0.0498 -29999.4078256841 -29909.04816353 -29909.04816353
0.0501 -29999.8519560557 -29910.0320400475 -29910.0320400475
0.0504 -29997.6313261145 -29908.352661337 -29908.352661337
0.0507 -29992.7461331095 -29904.0101977305 -29904.0101977305
0.051 -29985.1968109719 -29897.0050558625 -29897.0050558625
0.0513 -29974.9840302762 -29887.3378782232 -29887.3378782232
0.0516 -29962.1086981805 -29875.0095448361 -29875.0095448361
0.0519 -29946.5719583464 -29860.021171889 -29860.021171889
0.0522 -29928.3751908368 -29842.374112703 -29842.374112703
0.0525 -29907.5200119938 -29822.0699550767 -29822.0699550767
0.0528 -29884.0082742952 -29799.110523266 -29799.110523266
0.0531 -29857.8420661892 -29773.4978794625 -29773.4978794625
0.0534 -29829.02371191 -29745.2343193502 -29745.2343193502
0.0537 -29797.5557712702 -29714.3223754788 -29714.3223754788
0.054 -29763.4410394343 -29680.7648144616 -29680.7648144616
0.0543 -29726.6825466702 -29644.56463879 -29644.56463879
0.0546 -29687.2835580795 -29605.7250867775 -29605.7250867775
0.0549 -29645.2475733084 -29564.2496292997 -29564.2496292997
0.0552 -29600.578326236 -29520.1419720325 -29520.1419720325
0.0555 -29553.2797846432 -29473.4060553791 -29473.4060553791
0.0558 -29503.3561498599 -29424.0460527864 -29424.0460527864
0.0561 -29450.811856392 -29372.0663703584 -29372.0663703584
0.0564 -29395.6515715274 -29317.4716471528 -29317.4716471528
0.0567 -29337.8801949217 -29260.2667554504 -29260.2667554504
0.057 -29277.5028581624 -29200.4567980818 -29200.4567980818
0.0573 -29214.5249243139 -29138.0471105116 -29138.0471105116
0.0576 -29148.9519874402 -29073.0432583699 -29073.0432583699
0.0579 -29080.7898721089 -29005.4510384156 -29005.4510384156
0.0582 -29010.0446328731 -28935.2764768698 -28935.2764768698
0.0585 -28936.7225537339 -28862.5258292187 -28862.5258292187
0.0588 -28860.8301475826 -28787.2055807933 -28787.2055807933
0.0591 -28782.3741556213 -28709.3224448179 -28709.3224448179
0.0594 -28701.3615467649 -28628.8833614225 -28628.8833614225
0.0597 -28617.7995170218 -28545.8954980409 -28545.8954980409
0.06 -28531.6954888546 -28460.3662503338 -28460.3662503338
0.0603 -28443.057110521 -28372.3032373451 -28372.3032373451
0.0606 -28351.8922553941 -28281.7143043352 -28281.7143043352
0.0609 -28258.2090212637 -28188.6075212392 -28188.6075212392
0.0612 -28162.0157296162 -28092.9911813859 -28092.9911813859
0.0615 -28063.320924896 -27994.8738007437 -27994.8738007437
0.0618 -27962.1333737463 -27894.2641182304 -27894.2641182304
0.0621 -27858.4620642305 -27791.1710931859 -27791.1710931859
0.0624 -27752.3162050337 -27685.6039063247 -27685.6039063247
0.0627 -27643.705224645 -27577.5719582428 -27577.5719582428
0.063 -27532.6387705194 -27467.0848689338 -27467.0848689338
0.0633 -27419.1267082218 -27354.1524739601 -27354.1524739601
0.0636 -27303.1791205499 -27238.7848299414 -27238.7848299414
0.0639 -27184.8063066387 -27120.9922073365 -27120.9922073365
0.0642 -27064.0187810461 -27000.7850920489 -27000.7850920489
0.0645 -26940.8272728185 -26878.1741861069 -26878.1741861069
0.0648 -26815.2427245379 -26753.1704036175 -26753.1704036175
0.0651 -26687.2762913501 -26625.7848706565 -26625.7848706565
0.0654 -26556.9393399737 -26496.0289290947 -26496.0289290947
0.0657 -26424.2434476901 -26363.9141244007 -26363.9141244007
0.066 -26289.2004013159 -26229.4522183163 -26229.4522183163
0.0663 -26151.8221961553 -26092.6551777015 -26092.6551777015
0.0666 -26012.1210349347 -25953.5351764035 -25953.5351764035
0.0669 -25870.1093267191 -25812.1045972571 -25812.1045972571
0.0672 -25725.7996858096 -25668.3760257771 -25668.3760257771
0.0675 -25579.2049306228 -25522.3622524905 -25522.3622524905
0.0678 -25430.3380825525 -25374.0762734045 -25374.0762734045
0.0681 -25279.212364813 -25223.5312798501 -25223.5312798501
0.0684 -25125.8412012643 -25070.7406718843 -25070.7406718843
0.0687 -24970.2382152199 -24915.7180442337 -24915.7180442337
0.069 -24812.4172282369 -24758.4771904843 -24758.4771904843
0.0693 -24652.3922588877 -24599.032102332 -24599.032102332
0.0696 -24490.1775215155 -24437.3969666074 -24437.3969666074
0.0699 -24325.7874249712 -24273.5861642012 -24273.5861642012
0.0702 -24159.2365713337 -24107.6142708098 -24107.6142708098
0.0705 -23990.5397546127 -23939.4960533359 -23939.4960533359
0.0708 -23819.7119594351 -23769.2464675733 -23769.2464675733
0.0711 -23646.7683597132 -23596.880662838 -23596.880662838
0.0714 -23471.7243172976 -23422.4139719121 -23422.4139719121
0.0717 -23294.5953806124 -23245.8619176251 -23245.8619176251
0.072 -23115.3972832737 -23067.2402056321 -23067.2402056321
0.0723 -22934.1459426928 -22886.5647265924 -22886.5647265924
0.0726 -22750.8574586617 -22703.8515546297 -22703.8515546297
0.0729 -22565.5481119234 -22519.1169430594 -22519.1169430594
0.0732 -22378.2343627255 -22332.377324641 -22332.377324641
0.0735 -22188.9328493583 -22143.6493130076 -22143.6493130076
0.0738 -21997.6603866768 -21952.9496941208 -21952.9496941208
0.0741 -21804.4339646071 -21760.295434517 -21760.295434517
0.0744 -21609.2707466372 -21565.7036685881 -21565.7036685881
0.0747 -21412.1880682926 -21369.1917068189 -21369.1917068189
0.075 -21213.2034355964 -21170.7770285248 -21170.7770285248
0.0753 -21012.3345235142 -20970.4772835166 -20970.4772835166
0.0756 -20809.5991743842 -20768.3102867273 -20768.3102867273
0.0759 -20605.0153963322 -20564.2940224213 -20564.2940224213
0.0762 -20398.6013616726 -20358.4466343434 -20358.4466343434
0.0765 -20190.3754052932 -20150.7864340241 -20150.7864340241
0.0768 -19980.3560230276 -19941.3318901564 -19941.3318901564
0.0771 -19768.5618700115 -19730.1016328 -19730.1016328
0.0774 -19555.0117590264 -19517.1144495268 -19517.1144495268
0.0777 -19339.7246588278 -19302.3892827988 -19302.3892827988
0.078 -19122.7196924607 -19085.9452320005 -19085.9452320005
0.0783 -18904.0161355611 -18867.8015452645 -18867.8015452645
0.0786 -18683.6334146434 -18647.9776252986 -18647.9776252986
0.0789 -18461.5911053751 -18426.4930236068 -18426.4930236068
0.0792 -18237.9089308382 -18203.3674367275 -18203.3674367275
0.0795 -18012.6067597765 -17978.6207091189 -17978.6207091189
0.0798 -17785.7046048318 -17752.2728294061 -17752.2728294061
0.0801 -17557.2226207653 -17524.3439264637 -17524.3439264637
0.0804 -17327.181102668 -17294.854272425 -17294.854272425
0.0807 -17095.6004841577 -17063.8242750745 -17063.8242750745
0.081 -16862.5013355639 -16831.2744811685 -16831.2744811685
0.0813 -16627.9043621008 -16597.2255718852 -16597.2255718852
0.0816 -16391.8304020281 -16361.6983612505 -16361.6983612505
0.0819 -16154.3004247998 -16124.7137942905 -16124.7137942905
0.0822 -15915.335529202 -15886.292946415 -15886.292946415
0.0825 -15674.9569414785 -15646.4570194586 -15646.4570194586
0.0828 -15433.1860134452 -15405.2273431467 -15405.2273431467
0.0831 -15190.044220594 -15162.6253683605 -15162.6253683605
0.0834 -14945.5531601847 -14918.672668595 -14918.672668595
0.0837 -14699.7345493271 -14673.3909391641 -14673.3909391641
0.084 -14452.6102230515 -14426.8019911769 -14426.8019911769
0.0843 -14204.2021323694 -14178.9277515976 -14178.9277515976
0.0846 -13954.5323423238 -13929.7902635423 -13929.7902635423
0.0849 -13703.623030029 -13679.4116816739 -13679.4116816739
0.0852 -13451.496482701 -13427.8142708281 -13427.8142708281
0.0855 -13198.1750956775 -13175.0204027109 -13175.0204027109
0.0858 -12943.6813704288 -12921.0525564175 -12921.0525564175
0.0861 -12688.0379125591 -12665.9333173008 -12665.9333173008
0.0864 -12431.2674297985 -12409.6853682391 -12409.6853682391
0.0867 -12173.392729986 -12152.3314967926 -12152.3314967926
0.087 -11914.4367190434 -11893.894586836 -11893.894586836
0.0873 -11654.422398941 -11634.3976181219 -11634.3976181219
0.0876 -11393.372865654 -11373.8636654532 -11373.8636654532
0.0879 -11131.3113071115 -11112.3158954718 -11112.3158954718
0.0882 -10868.2610011364 -10849.7775638705 -10849.7775638705
0.0885 -10604.2453133777 -10586.2720162889 -10586.2720162889
0.0888 -10339.2876952355 -10321.8226821052 -10321.8226821052
0.0891 -10073.4116817774 -10056.4530765183 -10056.4530765183
0.0894 -9806.64088964828 -9790.18679437923 -9790.18679437923
0.0897 -9538.99901497234 -9523.04751132758 -9523.04751132758
0.09 -9270.50983124843 -9255.05898136065 -9255.05898136065
0.0903 -9001.19718723829 -8986.24503235972 -8986.24503235972
0.0906 -8731.08500484817 -8716.62956612121 -8716.62956612121
0.0909 -8460.19727700388 -8446.23655545336 -8446.23655545336
0.0912 -8188.55806551976 -8175.09004206423 -8175.09004206423
0.0915 -7916.19149896118 -7903.21413610031 -7903.21413610031
0.0918 -7643.12177050147 -7630.63300966132 -7630.63300966132
0.0921 -7369.3731357728 -7357.37089917007 -7357.37089917007
0.0924 -7094.96991071174 -7083.45210262812 -7083.45210262812
0.0927 -6819.93646939941 -6808.90097323562 -6808.90097323562
0.093 -6544.2972418963 -6533.74192350853 -6533.74192350853
0.0933 -6268.07671207236 -6257.99941857602 -6257.99941857602
0.0936 -5991.29941543223 -5981.69797407498 -5981.69797407498
0.0939 -5713.9899369357 -5704.862157534 -5704.862157534
0.0942 -5436.17290881413 -5427.516582557 -5427.516582557
0.0945 -5157.8730083823 -5149.68590830256 -5149.68590830256
0.0948 -4879.11495584651 -4871.39483737164 -4871.39483737164
0.0951 -4599.92351210883 -4592.66811227908 -4592.66811227908
0.0954 -4320.32347656758 -4313.53051478918 -4313.53051478918
0.0957 -4040.33968491458 -4034.00686427431 -4034.00686427431
0.096 -3759.99700692914 -3754.12201151323 -3754.12201151323
0.0963 -3479.32034426884 -3473.90084254288 -3473.90084254288
0.0966 -3198.3346282578 -3193.36827004725 -3193.36827004725
0.0969 -2917.06481767199 -2912.54923688511 -2912.54923688511
0.0972 -2635.53589652229 -2631.46871209412 -2631.46871209412
0.0975 -2353.77287183535 -2350.15168248638 -2350.15168248638
0.0978 -2071.80077143218 -2068.62316277066 -2068.62316277066
0.0981 -1789.64464170513 -1786.90818225176 -1786.90818225176
0.0984 -1507.3295453931 -1505.03178673192 -1505.03178673192
0.0987 -1224.88055935531 -1223.01903893953 -1223.01903893953
0.099 -942.32277234386 -940.895010610774 -940.895010610774
0.0993 -659.681282775169 -658.684785209323 -658.684785209323
0.0996 -376.981196500585 -376.413453776648 -376.413453776648
0.0999 -94.247624576398 -94.1061116111239 -94.1061116111239
0.1002 188.494318966766 188.21214180134 188.21214180134
0.1005 471.219519354614 470.51620653 470.51620653
0.1008 753.902863300114 752.780984174877 752.780984174877
0.1011 1036.51924123417 1034.98137898696 1034.98137898696
0.1014 1319.04354953594 1317.09230134774 1317.09230134774
0.1017 1601.4506927628 1599.08867143065 1599.08867143065
0.102 1883.7155858794 1880.94541574984 1880.94541574984
0.1023 2165.81315648581 2162.63747739357 2162.63747739357
0.1026 2447.71834704472 2444.13981146155 2444.13981146155
0.1029 2729.40611710708 2725.42739059256 2725.42739059256
0.1032 3010.85144553643 3006.47520830283 3006.47520830283
0.1035 3292.02933273135 3287.25827534467 3287.25827534467
0.1038 3572.91480284608 3567.75163040456 3567.75163040456
0.1041 3853.48290600907 3847.9303372291 3847.9303372291
0.1044 4133.70872053913 4127.76948365298 4127.76948365298
0.1047 4413.56735515911 4407.2441930712 4407.2441930712
0.105 4693.03395120692 4686.32961681884 4686.32961681884
0.1053 4972.08368484358 4965.00094400087 4965.00094400087
0.1056 5250.69176925827 5243.23340020931 5243.23340020931
0.1059 5528.83345687 5521.00224794702 5521.00224794702
0.1062 5806.4840415258 5798.28279300144 5798.28279300144
0.1065 6083.61886069538 6075.05038323395 6075.05038323395
0.1068 6360.21329766164 6351.280413572 6351.280413572
0.1071 6636.24278370741 6626.94832671088 6626.94832671088
0.1074 6911.68280029772 6902.02961159895 6902.02961159895
0.1077 7186.50888125764 7176.49981566801 7176.49981566801
0.108 7460.69661494562 7450.33453608582 7450.33453608582
0.1083 7734.22164642179 7723.50942790271 7723.50942790271
0.1086 8007.05967961125 7996.00020499966 7996.00020499966
0.1089 8279.18647946237 8267.78264122802 8267.78264122802
0.1092 8550.57787409927 8538.83257493041 8538.83257493041
0.1095 8821.20975696911 8809.1259078703 8809.1259078703
0.1098 9091.05808898321 9078.63861095797 9078.63861095797
0.1101 9360.09890065244 9347.34672186907 9347.34672186907
0.1104 9628.30829421627 9615.2263531686 9615.2263531686
0.1107 9895.66244576558 9882.2536887094 9882.2536887094
0.111 10162.1376073587 10148.40498958 10148.40498958
0.1113 10427.7101091311 10413.6565912871 10413.6565912871
0.1116 10692.3563613975 10677.9849144083 10677.9849144083
0.1119 10956.0528567476 10941.3664592684 10941.3664592684
0.1122 11218.776172134 11203.7778077984 11203.7778077984
0.1125 11480.5029709527 11465.1956334331 11465.1956334331
0.1128 11741.2100051161 11725.5966938561 11725.5966938561
0.1131 12000.8741171179 11984.9578380914 11984.9578380914
0.1134 12259.4722420905 12243.2560092221 12243.2560092221
0.1137 12516.981409853 12500.4682417434 12500.4682417434
0.114 12773.3787469522 12756.5716694884 12756.5716694884
0.1143 13028.6414786941 13011.5435239374 13011.5435239374
0.1146 13282.746931167 13265.3611366556 13265.3611366556
0.1149 13535.6725332553 13518.0019432238 13518.0019432238
0.1152 13787.3958186446 13769.4434800725 13769.4434800725
0.1155 14037.8944278172 14019.6633963809 14019.6633963809
0.1158 14287.1461100382 14268.639444287 14268.639444287
0.1161 14535.1287253319 14516.3494891689 14516.3494891689
0.1164 14781.8202464487 14762.7715093211 14762.7715093211
0.1167 15027.1987608213 15007.8835949168 15007.8835949168
0.117 15271.2424725111 15251.6639568823 15251.6639568823
0.1173 15513.9297041447 15494.0909193923 15494.0909193923
0.1176 15755.2388988389 15735.1429310944 15735.1429310944
0.1179 15995.1486221156 15974.798560669 15974.798560669
0.1182 16233.6375638063 16213.0365008184 16213.0365008184
0.1185 16470.6845399439 16449.8355718245 16449.8355718245
0.1188 16706.2684946456 16685.1747214872 16685.1747214872
0.1191 16940.3685019823 16919.0330254634 16919.0330254634
0.1194 17172.9637678377 17151.3896922968 17151.3896922968
0.1197 17404.0336317555 17382.2240665575 17382.2240665575
0.12 17633.5575687742 17611.5156216356 17611.5156216356
0.1203 17861.5151912506 17839.2439755896 17839.2439755896
0.1206 18087.8862506707 18065.3888795252 18065.3888795252
0.1209 18312.6506394481 18289.9302293048 18289.9302293048
0.1212 18535.78839271 18512.8480606412 18512.8480606412
0.1215 18757.2796900711 18734.1225549777 18734.1225549777
0.1218 18977.1048573937 18953.7340387364 18953.7340387364
0.1221 19195.2443685353 19171.6629870098 19171.6629870098
0.1224 19411.6788470833 19387.8900250879 19387.8900250879
0.1227 19626.3890680758 19602.3959276121 19602.3959276121
0.123 19839.3559597095 19815.1616236071 19815.1616236071
0.1233 20050.5606050338 20026.1681954425 20026.1681954425
0.1236 20259.9842436307 20235.3968842904 20235.3968842904
0.1239 20467.6082732819 20442.8290866572 20442.8290866572
0.1242 20673.4142516204 20648.4463598889 20648.4463598889
0.1245 20877.3838977694 20852.2304235327 20852.2304235327
0.1248 21079.4990939655 21054.1631579415 21054.1631579415
0.1251 21279.7418871682 21254.2266085198 21254.2266085198
0.1254 21478.0944906549 21452.402990249 21452.402990249
0.1257 21674.5392856005 21648.6746805605 21648.6746805605
0.126 21869.0588226423 21843.0242283159 21843.0242283159
0.1263 22061.6358234305 22035.4343557793 22035.4343557793
0.1266 22252.2531821622 22225.887953409 22225.887953409
0.1269 22440.8939671015 22414.3680876782 22414.3680876782
0.1272 22627.5414220831 22600.8580003426 22600.8580003426
0.1275 22812.1789680009 22785.341110512 22785.341110512
0.1278 22994.7902042805 22967.8010141512 22967.8010141512
0.1281 23175.3589103359 23148.2214876319 23148.2214876319
0.1284 23353.8690470107 23326.586489371 23326.586489371
0.1287 23530.3047580023 23502.8801602978 23502.8801602978
0.129 23704.6503712707 23677.0868246121 23677.0868246121
0.1293 23876.8904004305 23849.1909912926 23849.1909912926
0.1296 24047.0095461263 24019.1773596053 24019.1773596053
0.1299 24214.992697392 24187.0308118878 24187.0308118878
0.1302 24380.8249329928 24352.7364251529 24352.7364251529
0.1305 24544.4915227507 24516.2794637112 24516.2794637112
0.1308 24705.9779288528 24677.6453852866 24677.6453852866
0.1311 24865.2698071428 24836.8198412807 24836.8198412807
0.1314 25022.3530083951 24993.7886789585 24993.7886789585
0.1317 25177.2135795714 25148.5379373861 25148.5379373861
0.132 25329.8377650604 25301.0538581052 25301.0538581052
0.1323 25480.2120078995 25451.3228789987 25451.3228789987
0.1326 25628.3229509789 25599.33163593 25599.33163593
0.1329 25774.1574382282 25745.0669664386 25745.0669664386
0.1332 25917.7025157851 25888.5159140155 25888.5159140155
0.1335 26058.9454331457 26029.6657188513 26029.6657188513
0.1338 26197.8736442976 26168.5038309718 26168.5038309718
0.1341 26334.4748088336 26305.0179017241 26305.0179017241
0.1344 26468.7367930486 26439.1957925291 26439.1957925291
0.1347 26600.6476710167 26571.0255694117 26571.0255694117
0.135 26730.195725651 26700.49550788 26700.49550788
0.1353 26857.3694497443 26827.5940959784 26827.5940959784
0.1356 26982.1575469911 26952.3100271869 26952.3100271869
0.1359 27104.548932991 27074.6322124451 27074.6322124451
0.1362 27224.5327362335 27194.5497705158 27194.5497705158
0.1365 27342.0982990634 27312.0520373992 27312.0520373992
0.1368 27457.2351786275 27427.128560914 27427.128560914
0.1371 27569.9331478026 27539.769107869 27539.769107869
0.1374 27680.1821961034 27649.9636566167 27649.9636566167
0.1377 27787.972530572 27757.7024075675 27757.7024075675
0.138 27893.2945766475 27862.9757781916 27862.9757781916
0.1383 27996.138979017 27965.7744033401 27965.7744033401
0.1386 28096.4966024458 28066.0891389995 28066.0891389995
0.1389 28194.3585325896 28163.9110606401 28163.9110606401
0.1392 28289.7160767859 28259.2314692541 28259.2314692541
0.1395 28382.5607648264 28352.0418820393 28352.0418820393
0.1398 28472.8843497088 28442.3340444397 28442.3340444397
0.1401 28560.6788083703 28530.099923399 28530.099923399
0.1404 28645.9363423993 28615.3317093982 28615.3317093982
0.1407 28728.6493787287 28698.0218207754 28698.0218207754
0.141 28808.8105703083 28778.1628996532 28778.1628996532
0.1413 28886.4127967576 28855.7478154131 28855.7478154131
0.1416 28961.4491649982 28930.7696631036 28930.7696631036
0.1419 29033.913009866 29003.2217706362 29003.2217706362
0.1422 29103.7978947032 29073.0976861511 29073.0976861511
0.1425 29171.0976119303 29140.3911931518 29140.3911931518
0.1428 29235.8061835973 29205.096303037 29205.096303037
0.1431 29297.9178619147 29267.2072564086 29267.2072564086
0.1434 29357.4271297642 29326.7185240048 29326.7185240048
0.1437 29414.3287011883 29383.6248090166 29383.6248090166
0.144 29468.6175218607 29437.9210454338 29437.9210454338
0.1443 29520.2887695342 29489.6023988846 29489.6023988846
0.1446 29569.3378544699 29538.6642670574 29538.6642670574
0.1449 29615.7604198446 29585.1022829057 29585.1022829057
0.1452 29659.5523421374 29628.9123088556 29628.9123088556
0.1455 29700.7097314967 29670.0904433056 29670.0904433056
0.1458 29739.2289320852 29708.633017151 29708.633017151
0.1461 29775.1065224047 29744.5365977681 29744.5365977681
0.1464 29808.3393156002 29777.7979841739 29777.7979841739
0.1467 29838.924359743 29808.4142126926 29808.4142126926
0.147 29866.8589380924 29836.3825519508 29836.3825519508
0.1473 29892.1405693378 29861.7005077955 29861.7005077955
0.1476 29914.7670078184 29884.3658216809 29884.3658216809
0.1479 29934.7362437232 29904.3764710513 29904.3764710513
0.1482 29952.0465032693 29921.730667151 29921.730667151
0.1485 29966.6962488591 29936.4268589684 29936.4268589684
0.1488 29978.6841792177 29948.4637317813 29948.4637317813
0.1491 29988.0092295077 29957.8402062788 29957.8402062788
0.1494 29994.6705714243 29964.5554402615 29964.5554402615
0.1497 29998.6676132685 29968.6088280928 29968.6088280928
0.15 30000 29970.0000000083 29970.0000000083
0.1503 29998.6676132685 29968.7288231281 29968.7288231281
0.1506 29994.6705714243 29964.7954013164 29964.7954013164
0.1509 29988.0092295077 29958.2000754347 29958.2000754347
0.1512 29978.6841792177 29948.9434207445 29948.9434207445
0.1515 29966.6962488591 29937.0262532635 29937.0262532635
0.1518 29952.0465032693 29922.4496198908 29922.4496198908
0.1521 29934.7362437232 29905.2148079324 29905.2148079324
0.1524 29914.7670078184 29885.3233391197 29885.3233391197
0.1527 29892.1405693378 29862.776973502 29862.776973502
0.153 29866.8589380924 29837.5777044216 29837.5777044216
0.1533 29838.924359743 29809.727761066 29809.727761066
0.1536 29808.3393156003 29779.2296094029 29779.2296094029
0.1539 29775.1065224047 29746.0859507288 29746.0859507288
0.1542 29739.2289320852 29710.299721193 29710.299721193
0.1545 29700.7097314967 29671.8740909329 29671.8740909329
0.1548 29659.5523421374 29630.8124657912 29630.8124657912
0.1551 29615.7604198446 29587.1184853413 29587.1184853413
0.1554 29569.3378544699 29540.7960224903 29540.7960224903
0.1557 29520.2887695342 29491.8491849544 29491.8491849544
0.156 29468.6175218607 29440.2823128672 29440.2823128672
0.1563 29414.3287011883 29386.0999787175 29386.0999787175
0.1566 29357.4271297642 29329.3069887728 29329.3069887728
0.1569 29297.9178619147 29269.9083802736 29269.9083802736
0.1572 29235.8061835973 29207.9094215058 29207.9094215058
0.1575 29171.0976119303 29143.3156136337 29143.3156136337
0.1578 29103.7978947032 29076.1326877105 29076.1326877105
0.1581 29033.913009866 29006.3666028911 29006.3666028911
0.1584 28961.4491649982 28934.023550345 28934.023550345
0.1587 28886.4127967576 28859.10994887 28859.10994887
0.159 28808.8105703083 28781.6324469272 28781.6324469272
0.1593 28728.6493787287 28701.5979199107 28701.5979199107
0.1596 28645.9363423993 28619.0134700558 28619.0134700558
0.1599 28560.6788083703 28533.8864268003 28533.8864268003
0.1602 28472.8843497088 28446.2243453555 28446.2243453555
0.1605 28382.5607648264 28356.035007219 28356.035007219
0.1608 28289.7160767859 28263.3264165388 28263.3264165388
0.1611 28194.3585325896 28168.1068020461 28168.1068020461
0.1614 28096.4966024458 28070.3846166931 28070.3846166931
0.1617 27996.138979017 27970.1685350925 27970.1685350925
0.162 27893.2945766475 27867.4674513915 27867.4674513915
0.1623 27787.972530572 27762.2904852689 27762.2904852689
0.1626 27680.1821961034 27654.6469732676 27654.6469732676
0.1629 27569.9331478026 27544.5464688451 27544.5464688451
0.1632 27457.2351786275 27431.9987495363 27431.9987495363
0.1635 27342.0982990634 27317.013805096 27317.013805096
0.1638 27224.5327362335 27199.601845244 27199.601845244
0.1641 27104.548932991 27079.773294366 27079.773294366
0.1644 26982.1575469911 26957.5387901209 26957.5387901209
0.1647 26857.3694497444 26832.9091863986 26832.9091863986
0.165 26730.195725651 26705.8955472724 26705.8955472724
0.1653 26600.6476710167 26576.5091519609 26576.5091519609
0.1656 26468.7367930486 26444.7614882949 26444.7614882949
0.1659 26334.4748088337 26310.6642530572 26310.6642530572
0.1662 26197.8736442976 26174.2293538698 26174.2293538698
0.1665 26058.9454331457 26035.4689058278 26035.4689058278
0.1668 25917.7025157851 25894.395229229 25894.395229229
0.1671 25774.1574382282 25751.0208519315 25751.0208519315
0.1674 25628.3229509789 25605.3585038363 25605.3585038363
0.1677 25480.2120078995 25457.421120556 25457.421120556
0.168 25329.8377650605 25307.2218382932 25307.2218382932
0.1683 25177.2135795715 25154.7739956196 25154.7739956196
0.1686 25022.3530083952 25000.0911280878 25000.0911280878
0.1689 24865.2698071429 24843.1869745093 24843.1869745093
0.1692 24705.9779288528 24684.0754662643 24684.0754662643
0.1695 24544.4915227507 24522.7707337189 24522.7707337189
0.1698 24380.8249329928 24359.2871017901 24359.2871017901
0.1701 24214.992697392 24193.6390881962 24193.6390881962
0.1704 24047.0095461263 24025.8414042001 24025.8414042001
0.1707 23876.8904004305 23855.9089500835 23855.9089500835
0.171 23704.6503712707 23683.8568182655 23683.8568182655
0.1713 23530.3047580023 23509.7002877719 23509.7002877719
0.1716 23353.8690470107 23333.4548256738 23333.4548256738
0.1719 23175.3589103359 23155.1360843971 23155.1360843971
0.1722 22994.7902042805 22974.7598992507 22974.7598992507
0.1725 22812.1789680009 22792.3422904627 22792.3422904627
0.1728 22627.5414220831 22607.8994590734 22607.8994590734
0.1731 22440.8939671015 22421.4477849376 22421.4477849376
0.1734 22252.2531821622 22233.0038291154 22233.0038291154
0.1737 22061.6358234305 22042.5843249515 22042.5843249515
0.174 21869.0588226423 21850.2061853118 21850.2061853118
0.1743 21674.5392856005 21655.8864980348 21655.8864980348
0.1746 21478.0944906549 21459.6425197821 21459.6425197821
0.1749 21279.7418871682 21261.4916795748 21261.4916795748
0.1752 21079.4990939655 21061.4515780803 21061.4515780803
0.1755 20877.3838977694 20859.5399797361 20859.5399797361
0.1758 20673.4142516205 20655.7748198548 20655.7748198548
0.1761 20467.6082732819 20450.174194595 20450.174194595
0.1764 20259.9842436308 20242.7563655743 20242.7563655743
0.1767 20050.5606050338 20033.5397557761 20033.5397557761
0.177 19839.3559597096 19822.5429462926 19822.5429462926
0.1773 19626.3890680758 19609.7846778795 19609.7846778795
0.1776 19411.6788470833 19395.2838480704 19395.2838480704
0.1779 19195.2443685354 19179.0595082385 19179.0595082385
0.1782 18977.1048573937 18961.1308636267 18961.1308636267
0.1785 18757.2796900712 18741.5172706116 18741.5172706116
0.1788 18535.78839271 18520.2382349129 18520.2382349129
0.1791 18312.6506394481 18297.3134111153 18297.3134111153
0.1794 18087.8862506708 18072.7626000237 18072.7626000237
0.1797 17861.5151912507 17846.605745898 17846.605745898
0.18 17633.5575687742 17618.8629373234 17618.8629373234
0.1803 17404.0336317555 17389.5544028205 17389.5544028205
0.1806 17172.9637678377 17158.7005088714 17158.7005088714
0.1809 16940.3685019823 16926.3217617993 16926.3217617993
0.1812 16706.2684946457 16692.4388017968 16692.4388017968
0.1815 16470.684539944 16457.0724045017 16457.0724045017
0.1818 16233.6375638063 16220.2434733533 16220.2434733533
0.1821 15995.1486221157 15981.9730465587 15981.9730465587
0.1824 15755.2388988389 15742.2822881503 15742.2822881503
0.1827 15513.9297041447 15501.1924870724 15501.1924870724
0.183 15271.2424725111 15258.7250616267 15258.7250616267
0.1833 15027.1987608213 15014.901544465 15014.901544465
0.1836 14781.8202464487 14769.7435959747 14769.7435959747
0.1839 14535.128725332 14523.2729920853 14523.2729920853
0.1842 14287.1461100382 14275.5116258991 14275.5116258991
0.1845 14037.8944278172 14026.4815058299 14026.4815058299
0.1848 13787.3958186446 13776.2047506306 13776.2047506306
0.1851 13535.6725332554 13524.7035927444 13524.7035927444
0.1854 13282.7469311671 13272.0003723547 13272.0003723547
0.1857 13028.6414786942 13018.1175355261 13018.1175355261
0.186 12773.3787469522 12763.0776347561 12763.0776347561
0.1863 12516.981409853 12506.9033252496 12506.9033252496
0.1866 12259.4722420905 12249.6173607757 12249.6173607757
0.1869 12000.874117118 11991.2425971121 11991.2425971121
0.1872 11741.2100051161 11731.8019844502 11731.8019844502
0.1875 11480.5029709527 11471.3185680663 11471.3185680663
0.1878 11218.776172134 11209.8154887287 11209.8154887287
0.1881 10956.0528567476 10947.3159721875 10947.3159721875
0.1884 10692.3563613975 10683.8433389834 10683.8433389834
0.1887 10427.7101091311 10419.4209914337 10419.4209914337
0.189 10162.1376073588 10154.0724187258 10154.0724187258
0.1893 9895.66244576558 9887.82119196086 9887.82119196086
0.1896 9628.30829421629 9620.690961808 9620.690961808
0.1899 9360.09890065245 9352.70545761612 9352.70545761612
0.1902 9091.05808898324 9083.88848477286 9083.88848477286
0.1905 8821.20975696915 8814.26392220656 8814.26392220656
0.1908 8550.57787409931 8543.85572072233 8543.85572072233
0.1911 8279.18647946239 8272.68790336527 8272.68790336527
0.1914 8007.05967961127 8000.7845545154 8000.7845545154
0.1917 7734.22164642182 7728.16982977522 7728.16982977522
0.192 7460.69661494566 7454.86794568759 7454.86794568759
0.1923 7186.50888125769 7180.90317981007 7180.90317981007
0.1926 6911.68280029772 6906.29987014994 6906.29987014994
0.1929 6636.24278370743 6631.0824080238 6631.0824080238
0.1932 6360.21329766165 6355.27524385409 6355.27524385409
0.1935 6083.6188606954 6078.90287717908 6078.90287717908
0.1938 5806.48404152582 5801.98985861269 5801.98985861269
0.1941 5528.83345687001 5524.56078833491 5524.56078833491
0.1944 5250.69176925828 5246.64030956068 5246.64030956068
0.1947 4972.08368484361 4968.25311213034 4968.25311213034
0.195 4693.03395120693 4689.42392471197 4689.42392471197
0.1953 4413.56735515915 4410.1775183406 4410.1775183406
0.1956 4133.70872053916 4130.53869889398 4130.53869889398
0.1959 3853.48290600909 3850.53230655489 3850.53230655489
0.1962 3572.91480284612 3570.18321655382 3570.18321655382
0.1965 3292.02933273137 3289.5163332602 3289.5163332602
0.1968 3010.85144553648 3008.55658926504 3008.55658926504
0.1971 2729.40611710712 2727.32894303759 2727.32894303759
0.1974 2447.71834704474 2445.85837894907 2445.85837894907
0.1977 2165.81315648582 2164.16989947282 2164.16989947282
0.198 1883.71558587942 1882.28852843165 1882.28852843165
0.1983 1601.45069276283 1600.23930792513 1600.23930792513
0.1986 1319.04354953598 1318.04729301529 1318.04729301529
0.1989 1036.51924123416 1035.73755300539 1035.73755300539
0.1992 753.902863300138 753.335165246086 753.335165246086
0.1995 471.219519354625 470.865218969762 470.865218969762
0.1998 188.494318966791 188.352806869337 188.352806869337
0.2001 -94.2476245763737 -94.1769745527517 -94.1769745527517
0.2004 -376.981196500574 -376.699024660573 -376.699024660573
0.2007 -659.681282775132 -659.188247389519 -659.188247389519
0.201 -942.322772343836 -941.619546507841 -941.619546507841
0.2013 -1224.88055935527 -1223.96783149036 -1223.96783149036
0.2016 -1507.32954539307 -1506.20802097142 -1506.20802097142
0.2019 -1789.64464170511 -1788.31503865367 -1788.31503865367
0.2022 -2071.80077143217 -2070.26382703634 -2070.26382703634
0.2025 -2353.77287183533 -2352.02933641106 -2352.02933641106
0.2028 -2635.53589652228 -2633.58653576354 -2633.58653576354
0.2031 -2917.06481767195 -2914.91041216114 -2914.91041216114
0.2034 -3198.33462825778 -3195.97597439334 -3195.97597439334
0.2037 -3479.32034426883 -3476.75825238464 -3476.75825238464
0.204 -3759.99700692913 -3757.23230330494 -3757.23230330494
0.2043 -4040.33968491456 -4037.37320886455 -4037.37320886455
0.2046 -4320.32347656755 -4317.15608393301 -4317.15608393301
0.2049 -4599.92351210879 -4596.55607216841 -4596.55607216841
0.2052 -4879.11495584649 -4875.548351426 -4875.548351426
0.2055 -5157.87300838228 -5154.1081376021 -5154.1081376021
0.2058 -5436.17290881409 -5432.21068360276 -5432.21068360276
0.2061 -5713.98993693568 -5709.83128347607 -5709.83128347607
0.2064 -5991.29941543218 -5986.94527375864 -5986.94527375864
0.2067 -6268.07671207235 -6263.52803480134 -6263.52803480134
0.207 -6544.29724189626 -6539.55499708053 -6539.55499708053
0.2073 -6819.93646939938 -6815.00163836631 -6815.00163836631
0.2076 -7094.96991071171 -7089.84348716069 -7089.84348716069
0.2079 -7369.37313577277 -7364.0561279004 -7364.0561279004
0.2082 -7643.12177050143 -7637.61519854354 -7637.61519854354
0.2085 -7916.19149896119 -7910.4963967628 -7910.4963967628
0.2088 -8188.55806551974 -8182.67548076414 -8182.67548076414
0.2091 -8460.19727700388 -8454.12826879443 -8454.12826879443
0.2094 -8731.08500484813 -8724.83064537028 -8724.83064537028
0.2097 -9001.19718723827 -8994.75856294575 -8994.75856294575
0.21 -9270.50983124842 -9263.88803831571 -9263.88803831571
0.2103 -9538.9990149723 -9532.19516376869 -9532.19516376869
0.2106 -9806.64088964826 -9799.65610261307 -9799.65610261307
0.2109 -10073.4116817774 -10066.2470931108 -10066.2470931108
0.2112 -10339.2876952355 -10331.944451439 -10331.944451439
0.2115 -10604.2453133777 -10596.7245719206 -10596.7245719206
0.2118 -10868.2610011364 -10860.5639320863 -10860.5639320863
0.2121 -11131.3113071115 -11123.4390921178 -11123.4390921178
0.2124 -11393.372865654 -11385.3266983793 -11385.3266983793
0.2127 -11654.422398941 -11646.203483564 -11646.203483564
0.213 -11914.4367190434 -11906.0462704457 -11906.0462704457
0.2133 -12173.392729986 -12164.8319755692 -12164.8319755692
0.2136 -12431.2674297985 -12422.537607576 -12422.537607576
0.2139 -12688.0379125591 -12679.1402703186 -12679.1402703186
0.2142 -12943.6813704288 -12934.6171681657 -12934.6171681657
0.2145 -13198.1750956774 -13188.9456033062 -13188.9456033062
0.2148 -13451.496482701 -13442.1029798524 -13442.1029798524
0.2151 -13703.623030029 -13694.0668074423 -13694.0668074423
0.2154 -13954.5323423237 -13944.8147013372 -13944.8147013372
0.2157 -14204.2021323693 -14194.324384079 -14194.324384079
0.216 -14452.6102230514 -14442.5736883391 -14442.5736883391
0.2163 -14699.7345493271 -14689.5405584602 -14689.5405584602
0.2166 -14945.5531601847 -14935.2030539543 -14935.2030539543
0.2169 -15190.044220594 -15179.5393484888 -15179.5393484888
0.2172 -15433.1860134452 -15422.5277358555 -15422.5277358555
0.2175 -15674.9569414784 -15664.1466271705 -15664.1466271705
0.2178 -15915.335529202 -15904.3745534085 -15904.3745534085
0.2181 -16154.3004247998 -16143.1901766756 -16143.1901766756
0.2184 -16391.8304020281 -16380.5722764139 -16380.5722764139
0.2187 -16627.9043621008 -16616.4997640873 -16616.4997640873
0.219 -16862.5013355639 -16850.9516773687 -16850.9516773687
0.2193 -17095.6004841577 -17083.9071870808 -17083.9071870808
0.2196 -17327.181102668 -17315.3455968314 -17315.3455968314
0.2199 -17557.2226207653 -17545.2463433047 -17545.2463433047
0.2202 -17785.7046048318 -17773.589002281 -17773.589002281
0.2205 -18012.6067597765 -18000.3532858468 -18000.3532858468
0.2208 -18237.9089308381 -18225.5190471763 -18225.5190471763
0.2211 -18461.5911053751 -18449.0662807499 -18449.0662807499
0.2214 -18683.6334146434 -18670.9751259813 -18670.9751259813
0.2217 -18904.0161355611 -18891.2258671117 -18891.2258671117
0.222 -19122.7196924607 -19109.7989362789 -19109.7989362789
0.2223 -19339.7246588277 -19326.674912658 -19326.674912658
0.2226 -19555.0117590264 -19541.8345268407 -19541.8345268407
0.2229 -19768.5618700115 -19755.2586655729 -19755.2586655729
0.2232 -19980.3560230275 -19966.9283642713 -19966.9283642713
0.2235 -20190.3754052932 -20176.8248178374 -20176.8248178374
0.2238 -20398.6013616726 -20384.929377637 -20384.929377637
0.2241 -20605.0153963322 -20591.2235518273 -20591.2235518273
0.2244 -20809.5991743841 -20795.6890140424 -20795.6890140424
0.2247 -21012.3345235142 -20998.3075983276 -20998.3075983276
0.225 -21213.2034355964 -21199.0613000117 -21199.0613000117
0.2253 -21412.1880682926 -21397.9322839228 -21397.9322839228
0.2256 -21609.2707466372 -21594.9028806396 -21594.9028806396
0.2259 -21804.4339646071 -21789.9555884771 -21789.9555884771
0.2262 -21997.6603866768 -21983.0730782568 -21983.0730782568
0.2265 -22188.9328493583 -22174.2381916652 -22174.2381916652
0.2268 -22378.2343627254 -22363.4339431093 -22363.4339431093
0.2271 -22565.5481119233 -22550.6435229295 -22550.6435229295
0.2274 -22750.8574586616 -22735.8502964677 -22735.8502964677
0.2277 -22934.1459426927 -22919.0378096188 -22919.0378096188
0.228 -23115.3972832737 -23100.1897848793 -23100.1897848793
0.2283 -23294.5953806123 -23279.2901277777 -23279.2901277777
0.2286 -23471.7243172976 -23456.322924137 -23456.322924137
0.2289 -23646.7683597132 -23631.2724426752 -23631.2724426752
0.2292 -23819.7119594351 -23804.1231425873 -23804.1231425873
0.2295 -23990.5397546127 -23974.859663519 -23974.859663519
0.2298 -24159.2365713336 -24143.4668346502 -24143.4668346502
0.2301 -24325.7874249712 -24309.929675812 -24309.929675812
0.2304 -24490.1775215155 -24474.2333954058 -24474.2333954058
0.2307 -24652.3922588877 -24636.3633949604 -24636.3633949604
0.231 -24812.4172282368 -24796.305268818 -24796.305268818
0.2313 -24970.2382152199 -24954.0448051402 -24954.0448051402
0.2316 -25125.8412012642 -25109.5679879087 -25109.5679879087
0.2319 -25279.2123648129 -25262.860998606 -25262.860998606
0.2322 -25430.3380825525 -25413.9102151554 -25413.9102151554
0.2325 -25579.2049306228 -25562.7022177449 -25562.7022177449
0.2328 -25725.7996858096 -25709.2237840678 -25709.2237840678
0.2331 -25870.1093267191 -25853.4618949292 -25853.4618949292
0.2334 -26012.1210349347 -25995.4037340918 -25995.4037340918
0.2337 -26151.8221961553 -26135.0366874089 -26135.0366874089
0.234 -26289.2004013159 -26272.3483494039 -26272.3483494039
0.2343 -26424.2434476901 -26407.3265187622 -26407.3265187622
0.2346 -26556.9393399737 -26539.9591996391 -26539.9591996391
0.2349 -26687.2762913501 -26670.2346078783 -26670.2346078783
0.2352 -26815.2427245379 -26798.1411664208 -26798.1411664208
0.2355 -26940.8272728185 -26923.6675104232 -26923.6675104232
0.2358 -27064.0187810461 -27046.8024836324 -27046.8024836324
0.2361 -27184.8063066387 -27167.5351461324 -27167.5351461324
0.2364 -27303.1791205499 -27285.8547682212 -27285.8547682212
0.2367 -27419.1267082218 -27401.7508365802 -27401.7508365802
0.237 -27532.6387705194 -27515.2130495166 -27515.2130495166
0.2373 -27643.7052246449 -27626.2313276153 -27626.2313276153
0.2376 -27752.3162050337 -27734.7958034804 -27734.7958034804
0.2379 -27858.4620642305 -27840.8968297763 -27840.8968297763
0.2382 -27962.1333737463 -27944.5249781467 -27944.5249781467
0.2385 -28063.320924896 -28045.6710371401 -28045.6710371401
0.2388 -28162.0157296162 -28144.3260207665 -28144.3260207665
0.2391 -28258.2090212637 -28240.4811613397 -28240.4811613397
0.2394 -28351.8922553941 -28334.1279119478 -28334.1279119478
0.2397 -28443.057110521 -28425.2579508004 -28425.2579508004
0.24 -28531.6954888546 -28513.8631792201 -28513.8631792201
0.2403 -28617.7995170218 -28599.9357220956 -28599.9357220956
0.2406 -28701.3615467649 -28683.4679295133 -28683.4679295133
0.2409 -28782.3741556213 -28764.4523780769 -28764.4523780769
0.2412 -28860.8301475826 -28842.88187058 -28842.88187058
0.2415 -28936.7225537339 -28918.7494343736 -28918.7494343736
0.2418 -29010.0446328731 -28992.0483272952 -28992.0483272952
0.2421 -29080.7898721089 -29062.7720345168 -29062.7720345168
0.2424 -29148.9519874402 -29130.9142693372 -29130.9142693372
0.2427 -29214.5249243139 -29196.4689760506 -29196.4689760506
0.243 -29277.5028581624 -29259.4303260287 -29259.4303260287
0.2433 -29337.8801949217 -29319.7927222741 -29319.7927222741
0.2436 -29395.6515715274 -29377.5508005828 -29377.5508005828
0.2439 -29450.811856392 -29432.6994263962 -29432.6994263962
0.2442 -29503.3561498599 -29485.2336951191 -29485.2336951191
0.2445 -29553.2797846432 -29535.1489380972 -29535.1489380972
0.2448 -29600.578326236 -29582.4407168539 -29582.4407168539
0.2451 -29645.2475733084 -29627.1048268794 -29627.1048268794
0.2454 -29687.2835580795 -29669.1372969628 -29669.1372969628
0.2457 -29726.6825466702 -29708.5343889839 -29708.5343889839
0.246 -29763.4410394343 -29745.2925995309 -29745.2925995309
0.2463 -29797.5557712702 -29779.4086605159 -29779.4086605159
0.2466 -29829.02371191 -29810.8795367518 -29810.8795367518
0.2469 -29857.8420661892 -29839.702429658 -29839.702429658
0.2472 -29884.0082742952 -29865.8747739976 -29865.8747739976
0.2475 -29907.5200119938 -29889.3942424162 -29889.3942424162
0.2478 -29928.3751908368 -29910.2587409544 -29910.2587409544
0.2481 -29946.5719583464 -29928.466413062 -29928.466413062
0.2484 -29962.1086981805 -29944.0156373324 -29944.0156373324
0.2487 -29974.9840302762 -29956.9050293194 -29956.9050293194
0.249 -29985.1968109719 -29967.1334395018 -29967.1334395018
0.2493 -29992.7461331095 -29974.6999561367 -29974.6999561367
0.2496 -29997.6313261145 -29979.6039033332 -29979.6039033332
0.2499 -29999.8519560557 -29981.8448420477 -29981.8448420477
0.2502 -29999.4078256841 -29981.4225689691 -29981.4225689691
0.2505 -29996.2989744498 -29978.3371189798 -29978.3371189798
0.2508 -29990.525678499 -29972.5887615145 -29972.5887615145
0.2511 -29982.0884506492 -29964.1780036929 -29964.1780036929
0.2514 -29970.9880403437 -29953.1055895682 -29953.1055895682
0.2517 -29957.2254335853 -29939.3724983687 -29939.3724983687
0.252 -29940.8018528481 -29922.9799467643 -29922.9799467643
0.2523 -29921.7187569697 -29903.9293878999 -29903.9293878999
0.2526 -29899.9778410209 -29882.222509745 -29882.222509745
0.2529 -29875.5810361556 -29857.8612373567 -29857.8612373567
0.2532 -29848.530509439 -29830.847731222 -29830.847731222
0.2535 -29818.8286636554 -29801.1843859622 -29801.1843859622
0.2538 -29786.4781370944 -29768.8738351482 -29768.8738351482
0.2541 -29751.4818033169 -29733.9189453402 -29733.9189453402
0.2544 -29713.8427708995 -29696.3228164444 -29696.3228164444
0.2547 -29673.5643831589 -29656.0887859374 -29656.0887859374
0.255 -29630.6502178541 -29613.2204231412 -29613.2204231412
0.2553 -29585.1040868697 -29567.7215341506 -29567.7215341506
0.2556 -29536.9300358762 -29519.5961572247 -29519.5961572247
0.2559 -29486.1323439714 -29468.8485621195 -29468.8485621195
0.2562 -29432.7155233 -29415.4832539915 -29415.4832539915
0.2565 -29376.684318653 -29359.5049713385 -29359.5049713385
0.2568 -29318.0437070458 -29300.9186813796 -29300.9186813796
0.2571 -29256.7988972767 -29239.7295860264 -29239.7295860264
0.2574 -29192.9553294638 -29175.9431173833 -29175.9431173833
0.2577 -29126.518674562 -29109.5649391726 -29109.5649391726
0.258 -29057.4948338589 -29040.600941354 -29040.600941354
0.2583 -28985.8899384514 -28969.0572499774 -28969.0572499774
0.2586 -28911.7103487003 -28894.940215093 -28894.940215093
0.2589 -28834.9626536656 -28818.2564180135 -28818.2564180135
0.2592 -28755.6536705213 -28739.0126681058 -28739.0126681058
0.2595 -28673.7904439499 -28657.2159980619 -28657.2159980619
0.2598 -28589.3802455166 -28572.873674541 -28572.873674541
0.2601 -28502.4305730232 -28485.9931854669 -28485.9931854669
0.2604 -28412.9491498423 -28396.5822436081 -28396.5822436081
0.2607 -28320.9439242315 -28304.6487903819 -28304.6487903819
0.261 -28226.4230686268 -28210.2009857195 -28210.2009857195
0.2613 -28129.3949789171 -28113.247220682 -28113.247220682
0.2616 -28029.8682736984 -28013.7961018794 -28013.7961018794
0.2619 -27927.8517935081 -27911.8564598527 -27911.8564598527
0.2622 -27823.3546000399 -27807.4373491859 -27807.4373491859
0.2625 -27716.3859753386 -27700.5480403108 -27700.5480403108
0.2628 -27606.9554209761 -27591.19802656 -27591.19802656
0.2631 -27495.0726572069 -27479.3970171576 -27479.3970171576
0.2634 -27380.7476221051 -27365.1549412862 -27365.1549412862
0.2637 -27263.9904706812 -27248.4819441353 -27248.4819441353
0.264 -27144.8115739806 -27129.3883853334 -27129.3883853334
0.2643 -27023.2215181619 -27007.8848435183 -27007.8848435183
0.2646 -26899.2311035571 -26883.9821064817 -26883.9821064817
0.2649 -26772.8513437115 -26757.6911781246 -26757.6911781246
0.2652 -26644.0934644063 -26629.023276492 -26629.023276492
0.2655 -26512.9689026608 -26497.989824065 -26497.989824065
0.2658 -26379.4893057167 -26364.6024603134 -26364.6024603134
0.2661 -26243.6665300036 -26228.8730315954 -26228.8730315954
0.2664 -26105.5126400858 -26090.8135900046 -26090.8135900046
0.2667 -25965.0399075906 -25950.4363980536 -25950.4363980536
0.267 -25822.2608101183 -25807.7539218465 -25807.7539218465
0.2673 -25677.188030134 -25662.7788345198 -25662.7788345198
0.2676 -25529.8344538408 -25515.5240080373 -25515.5240080373
0.2679 -25380.2131700353 -25366.0025244853 -25366.0025244853
0.2682 -25228.3374689451 -25214.2276607638 -25214.2276607638
0.2685 -25074.2208410481 -25060.2128959421 -25060.2128959421
0.2688 -24917.8769758744 -24903.9719111807 -24903.9719111807
0.2691 -24759.31976079 -24745.5185792843 -24745.5185792843
0.2694 -24598.5632797636 -24584.8669743593 -24584.8669743593
0.2697 -24435.6218121153 -24422.0313660388 -24422.0313660388
0.27 -24270.5098312484 -24257.026214531 -24257.026214531
0.2703 -24103.2420033638 -24089.8661759868 -24089.8661759868
0.2706 -23933.8331861572 -23920.5660937651 -23920.5660937651
0.2709 -23762.298427499 -23749.141008728 -23749.141008728
0.2712 -23588.6529640986 -23575.6061434918 -23575.6061434918
0.2715 -23412.9122201499 -23399.9769089324 -23399.9769089324
0.2718 -23235.0918059621 -23222.2689079556 -23222.2689079556
0.2721 -23055.2075165723 -23042.4979202327 -23042.4979202327
0.2724 -22873.2753303435 -22860.6799146271 -22860.6799146271
0.2727 -22689.3114075442 -22676.8310386075 -22676.8310386075
0.273 -22503.3320889138 -22490.967619996 -22490.967619996
0.2733 -22315.3538942107 -22303.1061701757 -22303.1061701757
0.2736 -22125.3935207453 -22113.2633705834 -22113.2633705834
0.2739 -21933.4678418959 -21921.4560850807 -21921.4560850807
0.2742 -21739.5939056114 -21727.701348914 -21727.701348914
0.2745 -21543.7889328957 -21532.0163695967 -21532.0163695967
0.2748 -21346.0703162786 -21334.4185322772 -21334.4185322772
0.2751 -21146.4556182708 -21134.9253803798 -21134.9253803798
0.2754 -20944.9625698042 -20933.5546376389 -20933.5546376389
0.2757 -20741.6090686562 -20730.3241886903 -20730.3241886903
0.276 -20536.4131778607 -20525.2520833732 -20525.2520833732
0.2763 -20329.3931241031 -20318.3565374228 -20318.3565374228
0.2766 -20120.5672961016 -20109.6559250223 -20109.6559250223
0.2769 -19909.9542429738 -19899.168785563 -19899.168785563
0.2772 -19697.5726725887 -19686.9138132962 -19686.9138132962
0.2775 -19483.4414499055 -19472.9098601356 -19472.9098601356
0.2778 -19267.5795952976 -19257.175934686 -19257.175934686
0.2781 -19050.0062828628 -19039.7311978433 -19039.7311978433
0.2784 -18830.740838721 -18820.5949655751 -18820.5949655751
0.2787 -18609.8027392967 -18599.7866994161 -18599.7866994161
0.279 -18387.2116095893 -18377.3260113998 -18377.3260113998
0.2793 -18162.9872214301 -18153.2326634522 -18153.2326634522
0.2796 -17937.1494917256 -17927.526557268 -17927.526557268
0.2799 -17709.7184806889 -17700.2277427934 -17700.2277427934
0.2802 -17480.7143900573 -17471.3564053698 -17471.3564053698
0.2805 -17250.1575612984 -17240.9328778219 -17240.9328778219
0.2808 -17018.0684738027 -17008.9776260205 -17008.9776260205
0.2811 -16784.467743065 -16775.5112492617 -16775.5112492617
0.2814 -16549.3761188529 -16540.5544899421 -16540.5544899421
0.2817 -16312.8144833638 -16304.1282134758 -16304.1282134758
0.282 -16074.8038493699 -16066.2534218599 -16066.2534218599
0.2823 -15835.365358352 -15826.9512430185 -15826.9512430185
0.2826 -15594.5202786213 -15586.2429318732 -15586.2429318732
0.2829 -15352.2900034304 -15344.1498716728 -15344.1498716728
0.2832 -15108.6960490728 -15100.6935614648 -15100.6935614648
0.2835 -14863.7600529722 -14855.8956296931 -14855.8956296931
0.2838 -14617.50377176 -14609.7778181595 -14609.7778181595
0.2841 -14369.9490793428 -14362.361988013 -14362.361988013
0.2844 -14121.11796496 -14113.6701185816 -14113.6701185816
0.2847 -13871.0325312298 -13863.7242945806 -13863.7242945806
0.285 -13619.7149921864 -13612.5467206696 -13612.5467206696
0.2853 -13367.1876713069 -13360.1597073626 -13360.1597073626
0.2856 -13113.472999528 -13106.5856704257 -13106.5856704257
0.2859 -12858.5935132539 -12851.8471377497 -12851.8471377497
0.2862 -12602.5718523542 -12595.9667306079 -12595.9667306079
0.2865 -12345.4307581533 -12338.967181318 -12338.967181318
0.2868 -12087.1930714099 -12080.8713179494 -12080.8713179494
0.2871 -11827.8817302885 -11821.7020632308 -11821.7020632308
0.2874 -11567.5197683219 -11561.4824408105 -11561.4824408105
0.2877 -11306.1303123649 -11300.2355619896 -11300.2355619896
0.288 -11043.7365805403 -11037.984634167 -11037.984634167
0.2883 -10780.3618801767 -10774.7529516544 -10774.7529516544
0.2886 -10516.0296057378 -10510.5638930362 -10510.5638930362
0.2889 -10250.7632367445 -10245.4409300637 -10245.4409300637
0.2892 -9984.58633568957 -9979.40760755437 -9979.40760755437
0.2895 -9717.52254594452 -9712.4875602457 -9712.4875602457
0.2898 -9449.59558965919 -9444.70449488359 -9444.70449488359
0.2901 -9180.82926565499 -9176.08219685247 -9176.08219685247
0.2904 -8911.24744731108 -8906.64453086302 -8906.64453086302
0.2907 -8640.87408044312 -8636.41542449204 -8636.41542449204
0.291 -8369.73318117695 -8365.41888611611 -8365.41888611611
0.2913 -8097.84883381487 -8093.67898339106 -8093.67898339106
0.2916 -7825.24518869696 -7821.21985680839 -7821.21985680839
0.2919 -7551.94646005498 -7548.06570663055 -7548.06570663055
0.2922 -7277.9769238622 -7274.24079547979 -7274.24079547979
0.2925 -7003.36091567716 -6999.76944908103 -6999.76944908103
0.2928 -6728.1228284815 -6724.67604404841 -6724.67604404841
0.2931 -6452.28711051343 -6448.98501877658 -6448.98501877658
0.2934 -6175.87826309644 -6172.72086121479 -6172.72086121479
0.2937 -5898.92083846262 -5895.90810989495 -5895.90810989495
0.294 -5621.43943757182 -5618.57135660893 -5618.57135660893
0.2943 -5343.4587079263 -5340.73523189196 -5340.73523189196
0.2946 -5065.00334138203 -5062.42441883227 -5062.42441883227
0.2949 -4786.09807195462 -4783.66363824349 -4783.66363824349
0.2952 -4506.76767362271 -4504.47764877388 -4504.47764877388
0.2955 -4227.03695812749 -4224.89125494921 -4224.89125494921
0.2958 -3946.93077276851 -3944.92928629052 -3944.92928629052
0.2961 -3666.47399819673 -3664.61661559508 -3664.61661559508
0.2964 -3385.69154620446 -3383.97813994525 -3383.97813994525
0.2967 -3104.60835751271 -3103.03878746783 -3103.03878746783
0.297 -2823.24939955548 -2821.82351684088 -2821.82351684088
0.2973 -2541.63966426222 -2540.35730239642 -2540.35730239642
0.2976 -2259.80416583801 -2258.66515176443 -2258.66515176443
0.2979 -1977.76793854138 -1976.77208403606 -1976.77208403606
0.2982 -1695.55603446069 -1694.70313809071 -1694.70313809071
0.2985 -1413.19352128931 -1412.48337430291 -1412.48337430291
0.2988 -1130.70548009808 -1130.13785585921 -1130.13785585921
0.2991 -848.117003108209 -847.69166890649 -847.69166890649
0.2994 -565.453191462221 -565.169898502039 -565.169898502039
0.2997 -282.739152994367 1909944.62771157 1909944.62771157
0.300025 0 408482.105780652 -1635563.98711117
0.3004 0 1.66906500087094e-007 6.67626000348378e-007
0.3008 0 -5.91565907241552e-007 -2.36626362896621e-006
0.3012 0 1.52661828416231e-007 6.10647313664925e-007
0.3016 0 -1.56084793170932e-007 -6.24339172683727e-007
0.302 0 -1.69633209245322e-007 -6.78532836981287e-007
0.3024 0 4.74577089670796e-008 1.89830835868318e-007
0.3028 0 -2.15458785683682e-007 -8.61835142734729e-007
0.3032 0 -1.2533514427136e-007 -5.01340577085439e-007
0.3036 0 4.72328176790077e-008 1.88931270716031e-007
0.304 0 3.39282809632166e-008 1.35713123852867e-007
0.3044 0 -5.70443641221209e-008 -2.28177456488484e-007
0.3048 0 -5.74597784051369e-007 -2.29839113620548e-006
0.3052 0 -1.36383709590097e-007 -5.45534838360388e-007
0.3056 0 -4.7090873866866e-008 -1.88363495467464e-007
0.306 0 -5.10660640498329e-009 -2.04264256199332e-008
0.3064 0 -1.09278237296814e-007 -4.37112949187256e-007
0.3068 0 1.13143098034136e-007 4.52572392136545e-007
0.3072 0 -2.94357162884797e-007 -1.17742865153919e-006
0.3076 0 3.44911075931949e-008 1.3796443037278e-007
0.308 0 2.21855925585886e-008 8.87423702343545e-008
0.3084 0 -6.80540344498489e-008 -2.72216137799395e-007
0.3088 0 -6.90204226529916e-009 -2.76081690611966e-008
0.3092 0 8.6525673071728e-008 3.46102692286912e-007
0.3096 0 -6.65611044425333e-008 -2.66244417770133e-007
0.31 0 2.12077219584964e-008 8.48308878339856e-008
0.3104 0 -4.7584219416633e-007 -1.90336877666532e-006
0.3108 0 2.54168133879909e-007 1.01667253551964e-006
0.3112 0 -4.12379780244936e-008 -1.64951912097974e-007
0.3116 0 -2.16894046137284e-007 -8.67576184549137e-007
0.312 0 5.25392140761877e-008 2.10156856304751e-007
0.3124 0 -2.11946393090107e-007 -8.47785572360428e-007
0.3128 0 3.00001569480266e-007 1.20000627792106e-006
0.3132 0 -8.53996280708951e-008 -3.41598512283581e-007
0.3136 0 4.64790833372102e-009 1.85916333348841e-008
0.314 0 -2.8680398687605e-007 -1.1472159475042e-006
0.3144 0 -9.11169023325226e-008 -3.6446760933009e-007
0.3148 0 2.02371198561365e-007 8.09484794245461e-007
0.3152 0 -1.00891836569525e-007 -4.03567346278101e-007
0.3156 0 1.11418001901804e-007 4.45672007607217e-007
0.316 0 -8.87604204270903e-008 -3.55041681708361e-007
0.3164 0 1.03122512109822e-007 4.12490048439287e-007
0.3168 0 6.39852316052632e-008 2.55940926421053e-007
0.3172 0 -2.34279327407704e-007 -9.37117309630817e-007
0.3176 0 -7.41477399700614e-008 -2.96590959880246e-007
0.318 0 -5.78415722027491e-008 -2.31366288810996e-007
0.3184 0 6.59600270829214e-008 2.63840108331685e-007
0.3188 0 1.36262855522964e-008 5.45051422091854e-008
0.3192 0 1.10858340660272e-007 4.43433362641088e-007
0.3196 0 9.99371154944809e-009 3.99748461977924e-008
0.32 0 -6.88707446107309e-008 -2.75482978442924e-007
0.3204 0 -1.18149612024859e-009 -4.72598448099436e-009
0.3208 0 -1.09120974153961e-007 -4.36483896615844e-007
0.3212 0 -1.437015331345e-007 -5.74806132537999e-007
0.3216 0 8.92940278794105e-008 3.57176111517642e-007
0.322 0 -1.28157868634171e-007 -5.12631474536684e-007
0.3224 0 -8.26499960627142e-008 -3.30599984250857e-007
0.3228 0 -2.8786897741638e-008 -1.15147590966552e-007
0.3232 0 1.75791413105898e-007 7.03165652423591e-007
0.3236 0 -8.33189400936698e-008 -3.33275760374679e-007
0.324 0 -3.7070778331468e-007 -1.48283113325872e-006
0.3244 0 -5.78029220083813e-008 -2.31211688033525e-007
0.3248 0 1.72699519743716e-007 6.90798078974865e-007
0.3252 0 -1.41473580749046e-007 -5.65894322996184e-007
0.3256 0 -7.71567814246441e-008 -3.08627125698577e-007
0.326 0 3.70162319337627e-008 1.48064927735051e-007
0.3264 0 6.83968409040808e-008 2.73587363616323e-007
0.3268 0 -1.71366845557473e-007 -6.8546738222989e-007
0.3272 0 2.41133879537254e-007 9.64535518149017e-007
0.3276 0 -1.07002361455133e-007 -4.2800944582053e-007
0.328 0 -3.22510004390091e-007 -1.29004001756036e-006
0.3284 0 1.58003938799953e-007 6.32015755199811e-007
0.3288 0 7.54327198501222e-008 3.01730879400489e-007
0.3292 0 -1.8311012765797e-007 -7.3244051063188e-007
0.3296 0 1.07370646388188e-007 4.29482585552753e-007
0.33 0 -2.78589388511073e-007 -1.11435755404429e-006
0.3304 0 3.04371777395317e-007 1.21748710958127e-006
0.3308 0 -8.61399805945457e-008 -3.44559922378183e-007
0.3312 0 -1.45552989363991e-007 -5.82211957455962e-007
0.3316 0 5.28525671827371e-010 2.11410268730948e-009
0.332 0 -1.18592855164645e-007 -4.7437142065858e-007
0.3324 0 -5.41134045749059e-008 -2.16453618299624e-007
0.3328 0 -9.11926617286014e-008 -3.64770646914406e-007
0.3332 0 -1.08659080132919e-007 -4.34636320531678e-007
0.3336 0 -6.11907066117543e-008 -2.44762826447017e-007
0.334 0 2.03968163051432e-007 8.15872652205728e-007
0.3344 0 -6.37719417743542e-008 -2.55087767097417e-007
0.3348 0 -1.40540062827801e-007 -5.62160251311203e-007
0.3352 0 -1.01307436981879e-008 -4.05229747927517e-008
0.3356 0 1.14595129836173e-008 4.58380519344692e-008
0.336 0 -2.58762918499902e-010 -1.03505167399961e-009
0.3364 0 -1.52473323965272e-007 -6.09893295861088e-007
0.3368 0 3.52412061495131e-008 1.40964824598052e-007
0.3372 0 1.6544138044499e-007 6.61765521779961e-007
0.3376 0 -1.30902305434809e-007 -5.23609221739237e-007
0.338 0 -1.17354556381642e-007 -4.69418225526566e-007
0.3384 0 2.37174069538744e-007 9.48696278154974e-007
0.3388 0 -2.24830146874984e-007 -8.99320587499937e-007
0.3392 0 -1.56257467329509e-007 -6.25029869318035e-007
0.3396 0 4.89192020225513e-008 1.95676808090205e-007
0.34 0 2.15191988003438e-007 8.60767952013753e-007
0.3404 0 4.7977538673857e-009 1.91910154695428e-008
0.3408 0 -1.53993612088031e-007 -6.15974448352126e-007
0.3412 0 1.54782888342993e-008 6.1913155337197e-008
0.3416 0 -6.00641909680656e-008 -2.40256763872262e-007
0.342 0 1.57409366162148e-007 6.29637464648592e-007
0.3424 0 -1.35056632771157e-008 -5.40226531084626e-008
0.3428 0 4.55321392543456e-008 1.82128557017382e-007
0.3432 0 9.7256877425288e-008 3.89027509701152e-007
0.3436 0 -2.29919623470744e-007 -9.19678493882975e-007
0.344 0 1.61847279764269e-007 6.47389119057075e-007
0.3444 0 -8.34124960030713e-008 -3.33649984012285e-007
0.3448 0 4.40185578919106e-008 1.76074231567643e-007
0.3452 0 -5.41332219812116e-009 -2.16532887924846e-008
0.3456 0 -2.2388423500013e-008 -8.95536940000519e-008
0.346 0 -1.02206347511883e-007 -4.08825390047531e-007
0.3464 0 -2.99038633780227e-007 -1.19615453512091e-006
0.3468 0 -7.61053901720055e-008 -3.04421560688022e-007
0.3472 0 1.15920697899862e-008 4.63682791599446e-008
0.3476 0 2.45527251196202e-007 9.82109004784807e-007
0.348 0 -2.88710825680864e-007 -1.15484330272346e-006
0.3484 0 2.15893655883526e-007 8.63574623534103e-007
0.3488 0 6.6815301698631e-008 2.67261206794524e-007
0.3492 0 -4.21484848899884e-007 -1.68593939559954e-006
0.3496 0 1.10748894958147e-008 4.42995579832586e-008
0.35 0 1.94067480339778e-007 7.7626992135911e-007
0.3504 0 -9.91513778266501e-008 -3.966055113066e-007
0.3508 0 3.02688971853734e-008 1.21075588741494e-007
0.3512 0 -5.89976885682521e-008 -2.35990754273009e-007
0.3516 0 1.15227576090254e-007 4.60910304361017e-007
0.352 0 -1.43341432867903e-007 -5.73365731471611e-007
0.3524 0 -2.31270045521837e-007 -9.2508018208735e-007
0.3528 0 -1.23368931283895e-008 -4.93475725135579e-008
0.3532 0 1.78711683994145e-007 7.1484673597658e-007
0.3536 0 -2.88083015838662e-007 -1.15233206335465e-006
0.354 0 -1.62885144010558e-008 -6.51540576042231e-008
0.3544 0 -3.92053379352214e-008 -1.56821351740886e-007
0.3548 0 1.01475211720232e-007 4.05900846880929e-007
0.3552 0 -1.35765456528445e-007 -5.43061826113779e-007
0.3556 0 1.31213098285685e-008 5.2485239314274e-008
0.356 0 -2.84797739386648e-008 -1.13919095754659e-007
0.3564 0 2.85248359179832e-007 1.14099343671933e-006
0.3568 0 -2.00703422180293e-007 -8.0281368872117e-007
0.3572 0 -8.38899549086763e-008 -3.35559819634705e-007
0.3576 0 3.26124520751799e-007 1.3044980830072e-006
0.358 0 -8.19162107016737e-008 -3.27664842806695e-007
0.3584 0 1.24353100593914e-007 4.97412402375655e-007
0.3588 0 -2.05235385852038e-007 -8.20941543408152e-007
0.3592 0 -3.71444235413601e-007 -1.48577694165441e-006
0.3596 0 3.5878481004362e-008 1.43513924017448e-007
0.36 0 -7.71529348896311e-008 -3.08611739558524e-007
0.3604 0 2.70520595688742e-008 1.08208238275497e-007
0.3608 0 -1.38130289649725e-007 -5.52521158598899e-007
0.3612 0 1.40389509187887e-007 5.6155803675155e-007
0.3616 0 -9.93646824573596e-008 -3.97458729829439e-007
0.362 0 1.32637340337505e-008 5.30549361350021e-008
0.3624 0 1.73888796114235e-008 6.95555184456942e-008
0.3628 0 6.67014086527999e-008 2.668056346112e-007
0.3632 0 -1.51663692541467e-007 -6.06654770165867e-007
0.3636 0 -1.32070328347345e-007 -5.28281313389382e-007
0.364 0 -2.32190354397604e-008 -9.28761417590415e-008
0.3644 0 -5.70016138357861e-008 -2.28006455343144e-007
0.3648 0 -2.53107472694037e-008 -1.01242989077615e-007
0.3652 0 1.70308187277184e-007 6.81232749108734e-007
0.3656 0 3.21943515033192e-008 1.28777406013277e-007
0.366 0 6.3160523411262e-009 2.52642093645048e-008
0.3664 0 -2.499403219568e-007 -9.997612878272e-007
0.3668 0 -1.02952480464808e-007 -4.1180992185923e-007
0.3672 0 8.37938050010755e-008 3.35175220004302e-007
0.3676 0 -2.86818971879674e-007 -1.1472758875187e-006
0.368 0 1.96561469923729e-007 7.86245879694915e-007
0.3684 0 3.01150632359889e-008 1.20460252943955e-007
0.3688 0 -2.45738585165765e-007 -9.82954340663061e-007
0.3692 0 -2.02880421172436e-008 -8.11521684689742e-008
0.3696 0 2.4728727212872e-008 9.89149088514878e-008
0.37 0 -2.89001180344306e-008 -1.15600472137723e-007
0.3704 0 -1.67635312203986e-007 -6.70541248815944e-007
0.3708 0 7.11899544019356e-008 2.84759817607742e-007
0.3712 0 1.55069978499551e-007 6.20279913998205e-007
0.3716 0 -1.36214305966086e-007 -5.44857223864342e-007
0.372 0 -8.19412488877247e-008 -3.27764995550899e-007
0.3724 0 2.03443841466586e-008 8.13775365866343e-008
0.3728 0 1.31749642192638e-008 5.26998568770553e-008
0.3732 0 5.6070241637723e-008 2.24280966550892e-007
0.3736 0 4.11277119605514e-009 1.64510847842206e-008
0.374 0 -1.68136635036671e-007 -6.72546540146683e-007
0.3744 0 -3.47062845432097e-008 -1.38825138172839e-007
0.3748 0 1.65174556114935e-008 6.60698224459741e-008
0.3752 0 9.82866950585108e-008 3.93146780234043e-007
0.3756 0 -1.59829043045631e-007 -6.39316172182525e-007
0.376 0 2.39430225055358e-007 9.57720900221432e-007
0.3764 0 -2.73036395933705e-007 -1.09214558373482e-006
0.3768 0 1.83974146220421e-007 7.35896584881686e-007
0.3772 0 -2.64757249645806e-007 -1.05902899858322e-006
0.3776 0 1.07001887855687e-007 4.2800755142275e-007
0.378 0 1.34120512682405e-007 5.36482050729621e-007
0.3784 0 -3.60128181019982e-007 -1.44051272407993e-006
0.3788 0 1.22691019757281e-007 4.90764079029124e-007
0.3792 0 4.10386533710297e-008 1.64154613484119e-007
0.3796 0 3.22224885662638e-008 1.28889954265055e-007
0.38 0 -2.20617110106798e-008 -8.82468440427191e-008
0.3804 0 -3.14617731038035e-007 -1.25847092415214e-006
0.3808 0 1.04311774335524e-007 4.17247097342097e-007
0.3812 0 -1.39326372885504e-007 -5.57305491542015e-007
0.3816 0 -6.40233429543389e-008 -2.56093371817355e-007
0.382 0 2.73477339523401e-008 1.0939093580936e-007
0.3824 0 -6.28673949254087e-008 -2.51469579701635e-007
0.3828 0 7.80253967206704e-008 3.12101586882681e-007
0.3832 0 -3.49444018867338e-008 -1.39777607546935e-007
0.3836 0 -1.30276376379927e-007 -5.21105505519709e-007
0.384 0 2.03826304069875e-007 8.15305216279498e-007
0.3844 0 -2.89895804566491e-007 -1.15958321826596e-006
0.3848 0 5.14773781755533e-008 2.05909512702213e-007
0.3852 0 4.51122675906137e-008 1.80449070362455e-007
0.3856 0 -2.64978561078993e-008 -1.05991424431597e-007
0.386 0 -1.56455069826547e-007 -6.25820279306188e-007
0.3864 0 1.58090549148872e-007 6.32362196595487e-007
0.3868 0 4.29689390468744e-010 1.71875756187498e-009
0.3872 0 -8.08192076451236e-008 -3.23276830580494e-007
0.3876 0 -1.02800178643648e-007 -4.11200714574591e-007
0.388 0 -1.46121436471271e-007 -5.84485745885082e-007
0.3884 0 1.40152347188606e-007 5.60609388754423e-007
0.3888 0 -3.07323039901621e-007 -1.22929215960648e-006
0.3892 0 1.55840256267144e-007 6.23361025068578e-007
0.3896 0 -2.30113607056409e-007 -9.20454428225638e-007
0.39 0 8.7927884346757e-008 3.51711537387028e-007
0.3904 0 7.60550050192559e-008 3.04220020077024e-007
0.3908 0 -4.50182048752561e-008 -1.80072819501024e-007
0.3912 0 -1.89869031937453e-007 -7.59476127749813e-007
0.3916 0 5.6754605980244e-008 2.27018423920976e-007
0.392 0 -1.592427472482e-008 -6.36970988992799e-008
0.3924 0 2.41267586807295e-008 9.65070347229181e-008
0.3928 0 -8.41264483821792e-008 -3.36505793528717e-007
0.3932 0 1.4920735150129e-007 5.96829406005161e-007
0.3936 0 -2.2929659526115e-007 -9.17186381044598e-007
0.394 0 -2.7733107864622e-007 -1.10932431458488e-006
0.3944 0 1.37116299762947e-007 5.48465199051789e-007
0.3948 0 -7.53243033211879e-008 -3.01297213284752e-007
0.3952 0 -1.89263247449468e-007 -7.57052989797871e-007
0.3956 0 1.47796817686854e-007 5.91187270747417e-007
0.396 0 -1.24303450529364e-008 -4.97213802117456e-008
0.3964 0 5.85818831077985e-008 2.34327532431194e-007
0.3968 0 -1.2722478585587e-007 -5.0889914342348e-007
0.3972 0 4.56825801171843e-008 1.82730320468737e-007
0.3976 0 -6.577965836627e-008 -2.6311863346508e-007
0.398 0 8.38666883706854e-008 3.35466753482742e-007
0.3984 0 -3.03704012936806e-007 -1.21481605174722e-006
0.3988 0 1.37737174488283e-007 5.50948697953133e-007
0.3992 0 -3.21425313719892e-008 -1.28570125487957e-007
0.3996 0 -1.96472323798318e-007 -7.85889295193273e-007
0.4 0 2.26217352142226e-007 9.04869408568905e-007
0.4004 0 -1.01423571436725e-007 -4.05694285746902e-007
0.4008 0 3.74350556098206e-009 1.49740222439282e-008
0.4012 0 -5.86277298310881e-008 -2.34510919324352e-007
0.4016 0 -2.32462751115274e-007 -9.29851004461097e-007
0.402 0 -2.67456817472628e-008 -1.06982726989051e-007
0.4024 0 2.01564995848984e-007 8.06259983395938e-007
0.4028 0 -2.2796790178296e-007 -9.11871607131839e-007
0.4032 0 -4.59036141466906e-008 -1.83614456586763e-007
0.4036 0 1.1121442867504e-008 4.4485771470016e-008
0.404 0 -3.54171278388591e-009 -1.41668511355437e-008
0.4044 0 7.65637621991173e-009 3.06255048796469e-008
0.4048 0 -4.08452812909461e-009 -1.63381125163784e-008
0.4052 0 -8.91552825040216e-008 -3.56621130016086e-007
0.4056 0 6.69737557380741e-009 2.67895022952296e-008
0.406 0 8.42893591541264e-008 3.37157436616506e-007
0.4064 0 -1.84588920045919e-007 -7.38355680183677e-007
0.4068 0 1.458102884172e-007 5.832411536688e-007
0.4072 0 -1.10169595559405e-007 -4.40678382237621e-007
0.4076 0 -5.50350385834213e-008 -2.20140154333685e-007
0.408 0 4.45444675154318e-008 1.78177870061727e-007
0.4084 0 -2.49153694465654e-008 -9.96614777862617e-008
0.4088 0 -9.31874949840683e-008 -3.72749979936273e-007
0.4092 0 1.35791287929514e-008 5.43165151718057e-008
0.4096 0 -1.10786319083407e-007 -4.4314527633363e-007
0.41 0 -4.38470736683662e-007 -1.75388294673465e-006
0.4104 0 -1.7289867150082e-007 -6.91594686003279e-007
0.4108 0 -8.97657323756755e-008 -3.59062929502702e-007
0.4112 0 1.08217931279027e-007 4.32871725116107e-007
0.4116 0 -3.91124511301459e-008 -1.56449804520584e-007
0.412 0 -2.46382943712734e-008 -9.85531774850935e-008
0.4124 0 1.88822967796104e-007 7.55291871184416e-007
0.4128 0 -2.25901591118601e-007 -9.03606364474403e-007
0.4132 0 -1.41127227684057e-008 -5.64508910736228e-008
0.4136 0 8.54384026723102e-008 3.41753610689241e-007
0.414 0 1.09871225442967e-007 4.39484901771867e-007
0.4144 0 -5.68389849344008e-008 -2.27355939737603e-007
0.4148 0 1.26192768733242e-008 5.04771074932966e-008
0.4152 0 -3.62372411634919e-007 -1.44948964653968e-006
0.4156 0 -8.80142592857223e-009 -3.52057037142889e-008
0.416 0 7.7285683862274e-009 3.09142735449096e-008
0.4164 0 -2.9092587488925e-007 -1.163703499557e-006
0.4168 0 1.90504934817149e-008 7.62019739268594e-008
0.4172 0 4.42955319409318e-008 1.77182127763727e-007
0.4176 0 -3.2164772455221e-007 -1.28659089820884e-006
0.418 0 -2.22101626696669e-007 -8.88406506786674e-007
0.4184 0 -2.28978523522627e-008 -9.15914094090509e-008
0.4188 0 1.03380406485184e-007 4.13521625940737e-007
0.4192 0 -2.336270705229e-007 -9.345082820916e-007
0.4196 0 7.40335412532991e-008 2.96134165013196e-007
0.42 0 8.12895551136586e-008 3.25158220454634e-007
0.4204 0 -7.25360344259927e-008 -2.90144137703971e-007
0.4208 0 1.26121528527669e-007 5.04486114110677e-007
0.4212 0 -2.6936293559169e-007 -1.07745174236676e-006
0.4216 0 -1.74810668655091e-007 -6.99242674620365e-007
0.422 0 1.55509532647063e-007 6.22038130588252e-007
0.4224 0 -4.03898903090936e-007 -1.61559561236375e-006
0.4228 0 6.23641295495658e-008 2.49456518198263e-007
0.4232 0 -1.19905136019667e-007 -4.79620544078667e-007
0.4236 0 -6.26809730313248e-008 -2.50723892125299e-007
0.424 0 -3.900135832084e-007 -1.5600543328336e-006
0.4244 0 6.64691754354987e-008 2.65876701741995e-007
0.4248 0 -1.6623081631897e-007 -6.64923265275881e-007
0.4252 0 6.69288710504172e-008 2.67715484201669e-007
0.4256 0 4.33008337571467e-008 1.73203335028587e-007
0.426 0 1.81441080860887e-008 7.2576432344355e-008
0.4264 0 8.30871113650376e-008 3.3234844546015e-007
0.4268 0 -5.73059071949091e-008 -2.29223628779637e-007
0.4272 0 -2.08311418013699e-007 -8.33245672054794e-007
0.4276 0 9.58438371672634e-008 3.83375348669054e-007
0.428 0 8.89763989381757e-008 3.55905595752703e-007
0.4284 0 1.00048151823057e-007 4.00192607292226e-007
0.4288 0 -4.66644377381107e-007 -1.86657750952443e-006
0.4292 0 1.79554347922501e-007 7.18217391690005e-007
0.4296 0 1.80089816946934e-008 7.20359267787737e-008
0.43 0 -4.75888748627365e-007 -1.90355499450946e-006
0.4304 0 9.41639663032133e-008 3.76655865212853e-007
0.4308 0 -1.08282059489818e-007 -4.33128237959271e-007
0.4312 0 -1.79843875889762e-007 -7.19375503559049e-007
0.4316 0 -1.81753200431541e-007 -7.27012801726164e-007
0.432 0 -1.67328575442538e-007 -6.6931430177015e-007
0.4324 0 2.209999194645e-008 8.83999677857999e-008
0.4328 0 -2.23824620395638e-008 -8.95298481582552e-008
0.4332 0 7.69421140630485e-008 3.07768456252194e-007
0.4336 0 -8.67532569843721e-008 -3.47013027937488e-007
0.434 0 1.52468203832884e-007 6.09872815331538e-007
0.4344 0 -1.02296092292176e-007 -4.09184369168706e-007
0.4348 0 -4.61213819103931e-009 -1.84485527641572e-008
0.4352 0 -5.38650772270298e-008 -2.15460308908119e-007
0.4356 0 -2.86879655897069e-007 -1.14751862358827e-006
0.436 0 -2.02180071550514e-007 -8.08720286202057e-007
0.4364 0 2.91792493390993e-008 1.16716997356397e-007
0.4368 0 -1.5130065145654e-007 -6.05202605826158e-007
0.4372 0 -1.61699598320763e-007 -6.46798393283051e-007
0.4376 0 -3.74611195773314e-007 -1.49844478309326e-006
0.438 0 8.39629529652333e-008 3.35851811860933e-007
0.4384 0 -5.9499551157384e-008 -2.37998204629536e-007
0.4388 0 -1.72269822103345e-007 -6.89079288413382e-007
0.4392 0 -3.95604478643383e-007 -1.58241791457353e-006
0.4396 0 1.98003452679459e-007 7.92013810717837e-007
0.44 0 -8.7979103169363e-008 -3.51916412677452e-007
0.4404 0 -1.37379424681983e-007 -5.49517698727933e-007
0.4408 0 1.73620279211724e-007 6.94481116846897e-007
0.4412 0 2.0111154103991e-008 8.04446164159641e-008
0.4416 0 -9.437272823114e-010 -3.7749091292456e-009
0.442 0 -1.37636532073486e-007 -5.50546128293945e-007
0.4424 0 4.39487330393948e-008 1.75794932157579e-007
0.4428 0 -1.93196012485129e-007 -7.72784049940517e-007
0.4432 0 1.33547952955986e-007 5.34191811823945e-007
0.4436 0 -4.81439378332164e-007 -1.92575751332866e-006
0.444 0 5.45625231682596e-008 2.18250092673038e-007
0.4444 0 7.6068678371498e-008 3.04274713485992e-007
0.4448 0 -2.3436036160293e-007 -9.37441446411718e-007
0.4452 0 -3.92516839449133e-007 -1.57006735779653e-006
0.4456 0 -9.37693952382672e-008 -3.75077580953069e-007
0.446 0 1.25083247509062e-007 5.00332990036248e-007
0.4464 0 5.53037538479465e-008 2.21215015391786e-007
0.4468 0 -8.47909772708749e-008 -3.391639090835e-007
0.4472 0 5.04097375673588e-008 2.01638950269435e-007
0.4476 0 9.1449924412996e-008 3.65799697651984e-007
0.448 0 -1.04159806090245e-007 -4.1663922436098e-007
0.4484 0 -1.7255217815354e-007 -6.90208712614161e-007
0.4488 0 1.44107785036112e-007 5.76431140144448e-007
0.4492 0 -9.65575200679787e-009 -3.86230080271915e-008
0.4496 0 -2.52116669153915e-007 -1.00846667661566e-006
0.45 0 -3.27890723831641e-007 -1.31156289532656e-006
0.4504 0 -3.62415085483936e-007 -1.44966034193574e-006
0.4508 0 1.22646181143571e-007 4.90584724574284e-007
0.4512 0 -2.15021512341735e-007 -8.60086049366942e-007
0.4516 0 -6.12195284870442e-008 -2.44878113948177e-007
0.452 0 -5.72840232721693e-008 -2.29136093088677e-007
0.4524 0 -1.85229930605375e-007 -7.40919722421501e-007
0.4528 0 -2.9131788296206e-007 -1.16527153184824e-006
0.4532 0 1.23661554358743e-007 4.94646217434973e-007
0.4536 0 1.61422214880645e-008 6.45688859522581e-008
0.454 0 -2.62737817002071e-007 -1.05095126800828e-006
0.4544 0 2.42766877060248e-007 9.7106750824099e-007
0.4548 0 -3.79266697691946e-008 -1.51706679076778e-007
0.4552 0 -2.21047291362465e-008 -8.84189165449862e-008
0.4556 0 9.15409313807976e-009 3.6616372552319e-008
0.456 0 -7.23180728873111e-008 -2.89272291549245e-007
0.4564 0 3.08781918989075e-008 1.2351276759563e-007
0.4568 0 -3.08157561846404e-007 -1.23263024738562e-006
0.4572 0 4.70250828045976e-008 1.8810033121839e-007
0.4576 0 -1.94422697031808e-007 -7.77690788127231e-007
0.458 0 -3.89272705530353e-008 -1.55709082212141e-007
0.4584 0 -3.76865117913221e-007 -1.50746047165288e-006
0.4588 0 -1.77396913697002e-007 -7.09587654788008e-007
0.4592 0 -2.34829879602901e-008 -9.39319518411605e-008
0.4596 0 -8.14679137176942e-008 -3.25871654870777e-007
0.46 0 -8.8450910243461e-009 -3.53803640973844e-008
0.4604 0 7.3543533942526e-008 2.94174135770104e-007
0.4608 0 1.46082690215282e-008 5.84330760861127e-008
0.4612 0 2.29474727983199e-009 9.17898911932795e-009
0.4616 0 1.09398028559686e-007 4.37592114238742e-007
0.462 0 -1.47046163425055e-007 -5.88184653700221e-007
0.4624 0 6.21292488453043e-008 2.48516995381217e-007
0.4628 0 -5.9662980224708e-008 -2.38651920898832e-007
0.4632 0 9.35108082647864e-008 3.74043233059146e-007
0.4636 0 -5.09005510902057e-008 -2.03602204360823e-007
0.464 0 -3.77620214192892e-007 -1.51048085677157e-006
0.4644 0 1.84847524106609e-007 7.39390096426437e-007
0.4648 0 1.98819538835001e-008 7.95278155340006e-008
0.4652 0 -3.78601273110849e-007 -1.51440509244339e-006
0.4656 0 3.01487935657159e-008 1.20595174262863e-007
0.466 0 -2.57746033028827e-007 -1.03098413211531e-006
0.4664 0 -1.03068758978303e-007 -4.12275035913211e-007
0.4668 0 -1.63973324409654e-007 -6.55893297638618e-007
0.4672 0 3.41316126451226e-008 1.36526450580491e-007
0.4676 0 -1.20846491140188e-007 -4.83385964560751e-007
0.468 0 6.90609725152456e-008 2.76243890060983e-007
0.4684 0 3.938414851859e-008 1.5753659407436e-007
0.4688 0 -8.64800356610361e-008 -3.45920142644144e-007
0.4692 0 6.08968169179924e-008 2.4358726767197e-007
0.4696 0 -5.68277088267456e-008 -2.27310835306983e-007
0.47 0 -2.47696366963439e-008 -9.90785467853756e-008
0.4704 0 2.01546840913536e-007 8.06187363654145e-007
0.4708 0 -4.24832084337287e-007 -1.69932833734915e-006
0.4712 0 -2.15364520571939e-007 -8.61458082287758e-007
0.4716 0 -3.43128266764462e-007 -1.37251306705785e-006
0.472 0 3.78459328377195e-008 1.51383731350878e-007
0.4724 0 1.61316577628164e-007 6.45266310512656e-007
0.4728 0 -4.10080080851041e-007 -1.64032032340416e-006
0.4732 0 -8.75450637712988e-008 -3.50180255085195e-007
0.4736 0 3.45476993132849e-008 1.3819079725314e-007
0.474 0 -8.81923899825867e-009 -3.52769559930347e-008
0.4744 0 1.6290991473657e-007 6.51639658946279e-007
0.4748 0 -1.63946092438563e-007 -6.55784369754252e-007
0.4752 0 1.46786043558939e-007 5.87144174235755e-007
0.4756 0 -9.61419422370462e-008 -3.84567768948185e-007
0.476 0 -6.65170605920754e-008 -2.66068242368302e-007
0.4764 0 -1.14300216133937e-008 -4.57200864535749e-008
0.4768 0 1.47333033636783e-007 5.89332134547131e-007
0.4772 0 3.02807397299418e-008 1.21122958919767e-007
0.4776 0 -2.27376954564602e-007 -9.09507818258406e-007
0.478 0 -7.18514479666729e-008 -2.87405791866692e-007
0.4784 0 -1.99657461805572e-008 -7.98629847222289e-008
0.4788 0 -2.6513795481282e-007 -1.06055181925128e-006
0.4792 0 -2.65404763935436e-007 -1.06161905574175e-006
0.4796 0 -7.3549851977059e-008 -2.94199407908236e-007
0.48 0 -1.01022561265403e-007 -4.04090245061613e-007
0.4804 0 9.55123074141018e-008 3.82049229656407e-007
0.4808 0 -2.05411247841985e-007 -8.21644991367939e-007
0.4812 0 -1.44521067321798e-007 -5.78084269287193e-007
0.4816 0 1.3474021553579e-007 5.38960862143159e-007
0.482 0 1.32638792468995e-007 5.30555169875982e-007
0.4824 0 -1.52820975252e-007 -6.11283901008001e-007
0.4828 0 2.4544389753169e-007 9.81775590126761e-007
0.4832 0 -2.10654989301597e-007 -8.42619957206387e-007
0.4836 0 2.00769850037369e-007 8.03079400149475e-007
0.484 0 -1.71696693249624e-007 -6.86786772998497e-007
0.4844 0 3.54475916231593e-009 1.41790366492637e-008
0.4848 0 8.71387241104163e-009 3.48554896441665e-008
0.4852 0 -1.813457111531e-007 -7.25382844612399e-007
0.4856 0 -1.74613564157881e-007 -6.98454256631523e-007
0.486 0 2.48054177792727e-007 9.92216711170908e-007
0.4864 0 -5.09626841652201e-007 -2.0385073666088e-006
0.4868 0 1.25330421426792e-007 5.01321685707168e-007
0.4872 0 9.0839834514217e-008 3.63359338056868e-007
0.4876 0 -1.2804194629187e-007 -5.1216778516748e-007
0.488 0 -3.89685722215394e-008 -1.55874288886157e-007
0.4884 0 9.98859389390071e-008 3.99543755756028e-007
0.4888 0 -6.26719960479944e-008 -2.50687984191977e-007
0.4892 0 -1.83798952198178e-007 -7.35195808792712e-007
0.4896 0 3.1746552157702e-007 1.26986208630808e-006
0.49 0 -2.78117027707098e-007 -1.11246811082839e-006
0.4904 0 3.54515326998016e-007 1.41806130799206e-006
0.4908 0 -3.47588748397911e-007 -1.39035499359164e-006
0.4912 0 1.88236249956299e-007 7.52944999825195e-007
0.4916 0 -3.79746177715929e-007 -1.51898471086371e-006
0.492 0 5.97580504727564e-008 2.39032201891026e-007
0.4924 0 -1.55631118268834e-007 -6.22524473075336e-007
0.4928 0 -3.42255274389815e-007 -1.36902109755926e-006
0.4932 0 1.14971084603667e-007 4.59884338414668e-007
0.4936 0 -1.08437367675118e-007 -4.33749470700472e-007
0.494 0 -7.25659411103065e-008 -2.90263764441226e-007
0.4944 0 7.07201568521381e-009 2.82880627408552e-008
0.4948 0 -2.77009710923128e-007 -1.10803884369251e-006
0.4952 0 1.4638120049921e-007 5.85524801996838e-007
0.4956 0 5.58319840678264e-008 2.23327936271306e-007
0.496 0 -3.99389652734347e-008 -1.59755861093739e-007
0.4964 0 -7.59466061420113e-008 -3.03786424568045e-007
0.4968 0 1.76592021500965e-007 7.0636808600386e-007
0.4972 0 -2.40113640957372e-007 -9.60454563829489e-007
0.4976 0 4.42148104481371e-008 1.76859241792549e-007
0.498 0 4.3363279834371e-008 1.73453119337484e-007
0.4984 0 1.04520013118837e-007 4.18080052475347e-007
0.4988 0 -3.26792550295604e-007 -1.30717020118241e-006
0.4992 0 -1.49817558199077e-007 -5.99270232796308e-007
0.4996 0 -1.87932774715449e-008 -7.51731098861798e-008
