0 1 1
0.00236220472440945 1 1
0.0047244094488189 1 1
0.00708661417322835 1 1
0.0094488188976378 1 1
0.0118110236220472 1 1
0.0141732283464567 1 1
0.0165354330708661 1 1
0.0188976377952756 1 1
0.021259842519685 1 1
0.0236220472440945 1 1
0.0259842519685039 1 1
0.0283464566929134 1 1
0.0307086614173228 1 1
0.0330708661417323 1 1
0.0354330708661417 1 1
0.0377952755905512 1 1
0.0401574803149606 1 1
0.0425196850393701 1 1
0.0448818897637795 1 1
0.047244094488189 1 1
0.0496062992125984 1 1
0.0519685039370079 1 1
0.0543307086614173 1 1
0.0566929133858268 1 1
0.0590551181102362 1 1
0.0614173228346457 1 1
0.0637795275590551 1 1
0.0661417322834646 1 1
0.068503937007874 1 1
0.0708661417322835 1 1
0.0732283464566929 1 1
0.0755905511811024 1 1
0.0779527559055118 1 1
0.0803149606299213 1 1
0.0826771653543308 1 1
0.0850393700787402 1 1
0.0874015748031497 1 1
0.0897637795275591 1 1
0.0921259842519686 1 1
0.094488188976378 1 1
0.0968503937007875 1 1
0.0992125984251969 1 1
0.101574803149606 1 1
0.103937007874016 1 1
0.106299212598425 1 1
0.108661417322835 1 1
0.111023622047244 1 1
0.113385826771654 1 1
0.115748031496063 1 1
0.118110236220473 1 1
0.120472440944882 1 1
0.122834645669292 1 1
0.125196850393701 1 1
0.12755905511811 1 1
0.12992125984252 1 1
0.132283464566929 1 1
0.134645669291339 1 1
0.137007874015748 1 1
0.139370078740158 1 1
0.141732283464567 1 1
0.144094488188977 1 1
0.146456692913386 1 1
0.148818897637796 1 1
0.151181102362205 1 1
0.153543307086614 1 1
0.155905511811024 1 1
0.158267716535433 1 1
0.160629921259843 1 1
0.162992125984252 1 1
0.165354330708662 1 1
0.167716535433071 1 1
0.170078740157481 1 1
0.17244094488189 1 1
0.1748031496063 1 1
0.177165354330709 1 1
0.179527559055118 1 1
0.181889763779528 1 1
0.184251968503937 1 1
0.186614173228347 1 1
0.188976377952756 1 1
0.191338582677166 1 1
0.193700787401575 1 1
0.196062992125985 1 1
0.198425196850394 1 1
0.200787401574804 1 1
0.203149606299213 1 1
0.205511811023622 1 1
0.207874015748032 1 1
0.210236220472441 1 1
0.212598425196851 1 1
0.21496062992126 1 1
0.21732283464567 1 1
0.219685039370079 1 1
0.222047244094489 1 1
0.224409448818898 1 1
0.226771653543308 1 1
0.229133858267717 1 1
0.231496062992126 1 1
0.233858267716536 1 1
0.236220472440945 1 1
0.238582677165355 1 1
0.240944881889764 1 1
0.243307086614174 1 1
0.245669291338583 1 1
0.248031496062993 1 1
0.250393700787402 1 1
0.252755905511812 1 1
0.255118110236221 1 1
0.25748031496063 1 1
0.25984251968504 1 1
0.262204724409449 1 1
0.264566929133859 1 1
0.266929133858268 1 1
0.269291338582678 1 1
0.271653543307087 1 1
0.274015748031497 1 1
0.276377952755906 1 1
0.278740157480316 1 1
0.281102362204725 1 1
0.283464566929134 1 1
0.285826771653544 1 1
0.288188976377953 1 1
0.290551181102363 1 1
0.292913385826772 1 1
0.295275590551182 1 1
0.297637795275591 1 1
0.300000000000001 1 1
0.301574803149607 1 1
0.303149606299213 1 1
0.30472440944882 1 1
0.306299212598426 1 1
0.307874015748032 1 1
0.309448818897638 1 1
0.311023622047245 1 1
0.312598425196851 1 1
0.314173228346457 1 1
0.315748031496064 1 1
0.31732283464567 1 1
0.318897637795276 1 1
0.320472440944882 1 1
0.322047244094489 1 1
0.323622047244095 1 1
0.325196850393701 1 1
0.326771653543308 1 1
0.328346456692914 1 1
0.32992125984252 1 1
0.331496062992126 1 1
0.333070866141733 1 1
0.334645669291339 1 1
0.336220472440945 1 1
0.337795275590552 1 1
0.339370078740158 1 1
0.340944881889764 1 1
0.34251968503937 1 1
0.344094488188977 1 1
0.345669291338583 1 1
0.347244094488189 1 1
0.348818897637795 1 1
0.350393700787402 1 1
0.351968503937008 1 1
0.353543307086614 1 1
0.355118110236221 1 1
0.356692913385827 1 1
0.358267716535433 1 1
0.359842519685039 1 1
0.361417322834646 1 1
0.362992125984252 1 1
0.364566929133858 1 1
0.366141732283465 1 1
0.367716535433071 1 1
0.369291338582677 1 1
0.370866141732283 1 1
0.37244094488189 1 1
0.374015748031496 1 1
0.375590551181102 1 1
0.377165354330709 1 1
0.378740157480315 1 1
0.380314960629921 1 1
0.381889763779527 1 1
0.383464566929134 1 1
0.38503937007874 1 1
0.386614173228346 1 1
0.388188976377953 1 1
0.389763779527559 1 1
0.391338582677165 1 1
0.392913385826771 1 1
0.394488188976378 1 1
0.396062992125984 1 1
0.39763779527559 1 1
0.399212598425197 1 1
0.400787401574803 1 1
0.402362204724409 1 1
0.403937007874015 1 1
0.405511811023622 1 1
0.407086614173228 1 1
0.408661417322834 1 1
0.410236220472441 1 1
0.411811023622047 1 1
0.413385826771653 1 1
0.414960629921259 1 1
0.416535433070866 1 1
0.418110236220472 1 1
0.419685039370078 1 1
0.421259842519685 1 1
0.422834645669291 1 1
0.424409448818897 1 1
0.425984251968503 1 1
0.42755905511811 1 1
0.429133858267716 1 1
0.430708661417322 1 1
0.432283464566929 1 1
0.433858267716535 1 1
0.435433070866141 1 1
0.437007874015747 1 1
0.438582677165354 1 1
0.44015748031496 1 1
0.441732283464566 1 1
0.443307086614173 1 1
0.444881889763779 1 1
0.446456692913385 1 1
0.448031496062991 1 1
0.449606299212598 1 1
0.451181102362204 1 1
0.45275590551181 1 1
0.454330708661417 1 1
0.455905511811023 1 1
0.457480314960629 1 1
0.459055118110235 1 1
0.460629921259842 1 1
0.462204724409448 1 1
0.463779527559054 1 1
0.465354330708661 1 1
0.466929133858267 1 1
0.468503937007873 1 1
0.470078740157479 1 1
0.471653543307086 1 1
0.473228346456692 1 1
0.474803149606298 1 1
0.476377952755905 1 1
0.477952755905511 1 1
0.479527559055117 1 1
0.481102362204723 1 1
0.48267716535433 1 1
0.484251968503936 1 1
0.485826771653542 1 1
0.487401574803149 1 1
0.488976377952755 1 1
0.490551181102361 1 1
0.492125984251967 1 1
0.493700787401574 1 1
0.49527559055118 1 1
0.496850393700786 1 1
0.498425196850393 1 1
0.499999999999999 1 1
