0 -5443.66543416708
0.0214285714285714 -5443.66543416708
0.0428571428571429 -3629.11044250595
0.0642857142857143 -362.911365679165
0.0857142857142857 2229.31018217494
0.107142857142857 2511.57437362154
0.128571428571429 687.593106758562
0.15 -1437.58542131367
0.171428571428571 -2033.4996614568
0.192857142857143 -765.042152854707
0.214285714285714 1054.40469515122
0.235714285714286 1746.5854719323
0.257142857142857 783.867921967255
0.278571428571429 -822.990932618624
0.3 -1548.79478515822
0.314285714285714 -1032.03313643756
0.328571428571429 447.926225162612
0.342857142857143 1436.04295805224
0.357142857142857 1006.39933599914
0.371428571428571 -373.328311973421
0.385714285714286 -1341.75041465415
0.4 -981.997777847108
0.414285714285714 312.673574638725
0.428571428571429 1261.38319190852
0.442857142857143 958.961109512884
0.457142857142857 -262.378271962517
0.471428571428571 -1191.83298626904
0.485714285714286 -937.287002047102
0.5 220
