0 132.936971031946
0.000184615384615385 132.936971031946
0.000369230769230769 132.936973008693
0.000553846153846154 132.936981310911
0.000738461538461538 132.936999948157
0.000923076923076923 132.93703289188
0.00110769230769231 132.937084102649
0.00129230769230769 132.93715753631
0.00147692307692308 132.937257145931
0.00166153846153846 132.937386882517
0.00184615384615385 132.937550695252
0.00203076923076923 132.937752531562
0.00221538461538462 132.937996337076
0.0024 132.938286055537
0.00258461538461538 132.938625628689
0.00276923076923077 132.939018996153
0.00295384615384615 132.939470095281
0.00313846153846154 132.939982861018
0.00332307692307692 132.940561225747
0.00350769230769231 132.941209119144
0.00369230769230769 132.941930468018
0.00387692307692308 132.942729196164
0.00406153846153846 132.9436092242
0.00424615384615385 132.944574469417
0.00443076923076923 132.94562884562
0.00461538461538461 132.946776262972
0.0048 132.948020627838
0.00498461538461538 132.949365842624
0.00516923076923077 132.950815805629
0.00535384615384615 132.952374410877
0.00553846153846154 132.954045547969
0.00572307692307692 132.955833101921
0.00590769230769231 132.957740953011
0.00609230769230769 132.95977297662
0.00627692307692308 132.961933043074
0.00646153846153846 132.964225017492
0.00664615384615385 132.966652759628
0.00683076923076923 132.969220123712
0.00701538461538462 132.9719309583
0.0072 132.974789106111
0.00738461538461538 132.977798403879
0.00756923076923077 132.980962682194
0.00775384615384615 132.984285765346
0.00793846153846154 132.987771471171
0.00812307692307692 132.991423610899
0.00830769230769231 132.995245988996
0.00849230769230769 132.999242403011
0.00867692307692307 133.003416643424
0.00886153846153846 133.00777249349
0.00904615384615384 133.012313729085
0.00923076923076922 133.017044118556
0.00941538461538461 133.021967422567
0.00959999999999999 133.027087393943
0.00978461538461538 133.032407777524
0.00996923076923076 133.037932310006
0.0101538461538461 133.043664719795
0.0103384615384615 133.049608726853
0.0105230769230769 133.055768042547
0.0107076923076923 133.062146369498
0.0108923076923077 133.068747401431
0.0110769230769231 133.075574823025
0.0112615384615384 133.082632309762
0.0114461538461538 133.089923527781
0.0116307692307692 133.097452133721
0.0118153846153846 133.105221774583
0.012 133.11323608757
0.0121846153846154 133.12149869995
0.0123692307692307 133.130013228899
0.0125538461538461 133.138783281358
0.0127384615384615 133.147812453888
0.0129230769230769 133.157104332516
0.0131076923076923 133.166662492597
0.0132923076923077 133.176490498663
0.0134769230769231 133.186591904279
0.0136615384615384 133.196970251897
0.0138461538461538 133.207629072714
0.0140307692307692 133.218571886522
0.0142153846153846 133.229802201571
0.0144 133.241323514422
0.0145846153846154 133.253139309801
0.0147692307692307 133.265253060464
0.0149538461538461 133.277668227047
0.0151384615384615 133.290388257928
0.0153230769230769 133.303416589086
0.0155076923076923 133.316756643959
0.0156923076923077 133.330411833302
0.015876923076923 133.344385555053
0.0160615384615384 133.358681194185
0.0162461538461538 133.373302122572
0.0164307692307692 133.388251698853
0.0166153846153846 133.403533268286
0.0168 133.419150162618
0.0169846153846153 133.435105699944
0.0171692307692307 133.451403184571
0.0173538461538461 133.468045906882
0.0175384615384615 133.4850371432
0.0177230769230769 133.502380155655
0.0179076923076923 133.520078192045
0.0180923076923076 133.538134485707
0.018276923076923 133.556552255379
0.0184615384615384 133.575334705071
0.0186461538461538 133.594485023929
0.0188307692307692 133.614006386104
0.0190153846153846 133.633901950623
0.0191999999999999 133.654174861255
0.0193846153846153 133.67482824638
0.0195692307692307 133.695865218865
0.0197538461538461 133.717288875927
0.0199384615384615 133.73910229901
0.0201230769230769 133.761308553655
0.0203076923076923 133.783910689371
0.0204923076923076 133.806911739513
0.020676923076923 133.830314721147
0.0208615384615384 133.854122634935
0.0210461538461538 133.878338465001
0.0212307692307692 133.90296517881
0.0214153846153846 133.928005727045
0.0215999999999999 133.953463043482
0.0217846153846153 133.979340044867
0.0219692307692307 134.005639630794
0.0221538461538461 134.032364683587
0.0223384615384615 134.059518068173
0.0225230769230769 134.087102631965
0.0227076923076922 134.115121204745
0.0228923076923076 134.14357659854
0.023076923076923 134.172471607507
0.0232615384615384 134.201809007812
0.0234461538461538 134.231591557518
0.0236307692307692 134.261821996465
0.0238153846153845 134.292503046154
0.0239999999999999 134.323637409633
0.0241846153846153 134.355227771385
0.0243692307692307 134.387276797208
0.0245538461538461 134.41978713411
0.0247384615384615 134.452761410188
0.0249230769230768 134.486202234525
0.0251076923076922 134.520112197071
0.0252923076923076 134.554493868538
0.025476923076923 134.58934980029
0.0256615384615384 134.624682524232
0.0258461538461538 134.6604945527
0.0260307692307691 134.696788378361
0.0262153846153845 134.733566474097
0.0263999999999999 134.770831292906
0.0265846153846153 134.808585267794
0.0267692307692307 134.846830811667
0.0269538461538461 134.885570317234
0.0271384615384615 134.924806156899
0.0273230769230768 134.96454068266
0.0275076923076922 135.004776226007
0.0276923076923076 135.04551509782
0.027876923076923 135.086759588272
0.0280615384615384 135.128511966726
0.0282461538461538 135.170774481637
0.0284307692307691 135.213549360458
0.0286153846153845 135.256838809537
0.0287999999999999 135.300645014023
0.0289846153846153 135.344970137773
0.0291692307692307 135.389816323251
0.0293538461538461 135.435185691442
0.0295384615384614 135.48108034175
0.0297230769230768 135.527502351912
0.0299076923076922 135.574453777905
0.0300923076923076 135.621936653851
0.030276923076923 135.669952991932
0.0304615384615384 135.718504782297
0.0306461538461537 135.767593992977
0.0308307692307691 135.817222569793
0.0310153846153845 135.867392436271
0.0311999999999999 135.918105493557
0.0313846153846153 135.96936362033
0.0315692307692307 136.021168672719
0.0317538461538461 136.073522484217
0.0319384615384614 136.126426865599
0.0321230769230768 136.179883604841
0.0323076923076922 136.233894467039
0.0324923076923076 136.288461194327
0.032676923076923 136.343585505796
0.0328615384615384 136.399269097421
0.0330461538461538 136.455513641976
0.0332307692307692 136.512320788962
0.0334153846153845 136.569692164529
0.0335999999999999 136.627629371401
0.0337846153846153 136.686133988799
0.0339692307692307 136.745207572372
0.0341538461538461 136.80485165412
0.0343384615384615 136.865067742326
0.0345230769230769 136.925857321479
0.0347076923076923 136.987221852211
0.0348923076923076 137.049162771222
0.035076923076923 137.111681491214
0.0352615384615384 137.174779400822
0.0354461538461538 137.23845786455
0.0356307692307692 137.302718222702
0.0358153846153846 137.367561791317
0.036 137.43298986211
0.0361846153846153 137.499003702401
0.0363692307692307 137.565604555058
0.0365538461538461 137.632793638435
0.0367384615384615 137.700572146309
0.0369230769230769 137.768941247823
0.0371076923076923 137.837902087426
0.0372923076923077 137.907455784814
0.0374769230769231 137.977603434877
0.0376615384615384 138.048346107637
0.0378461538461538 138.119684848199
0.0380307692307692 138.19162067669
0.0382153846153846 138.264154588214
0.0384 138.337287552791
0.0385846153846154 138.411020515312
0.0387692307692308 138.485354395485
0.0389538461538462 138.560290087786
0.0391384615384615 138.63582846141
0.0393230769230769 138.711970360224
0.0395076923076923 138.78871660272
0.0396923076923077 138.866067981968
0.0398769230769231 138.944025265572
0.0400615384615385 139.022589195624
0.0402461538461539 139.101760488664
0.0404307692307693 139.181539835633
0.0406153846153846 139.261927901839
0.0408 139.342925326907
0.0409846153846154 139.424532724747
0.0411692307692308 139.506750683514
0.0413538461538462 139.589579765566
0.0415384615384616 139.673020507435
0.041723076923077 139.757073419783
0.0419076923076924 139.841738987373
0.0420923076923077 139.927017669034
0.0422769230769231 140.012909897626
0.0424615384615385 140.09941608001
0.0426461538461539 140.186536597015
0.0428307692307693 140.274271803413
0.0430153846153847 140.362622027883
0.0432000000000001 140.451587572987
0.0433846153846155 140.541168715142
0.0435692307692308 140.631365704594
0.0437538461538462 140.722178765393
0.0439384615384616 140.813608095366
0.044123076923077 140.905653866099
0.0443076923076924 140.998316222907
0.0444923076923078 141.091595284821
0.0446769230769232 141.18549114456
0.0448615384615385 141.280003868518
0.0450461538461539 141.375133496741
0.0452307692307693 141.470880042908
0.0454153846153847 141.567243494322
0.0456000000000001 141.664223811885
0.0457846153846155 141.76182093009
0.0459692307692309 141.860034757004
0.0461538461538463 141.958865174257
0.0463384615384616 142.058312037028
0.046523076923077 142.158375174037
0.0467076923076924 142.259054387532
0.0468923076923078 142.360349453283
0.0470769230769232 142.462260120573
0.0472615384615386 142.564786112189
0.047446153846154 142.667927124419
0.0476307692307694 142.771682827046
0.0478153846153847 142.876052863343
0.0480000000000001 142.981036850072
0.0481846153846155 143.086634377479
0.0483692307692309 143.192845009296
0.0485538461538463 143.299668282737
0.0487384615384617 143.407103708503
0.0489230769230771 143.515150770782
0.0491076923076925 143.62380892725
0.0492923076923078 143.733077609078
0.0494769230769232 143.842956220933
0.0496615384615386 143.953444140989
0.049846153846154 144.064540720926
0.0500307692307694 144.176245285947
0.0502153846153848 144.288557134777
0.0504000000000002 144.401475539679
0.0505846153846156 144.514999746464
0.0507692307692309 144.629128974498
0.0509538461538463 144.743862416722
0.0511384615384617 144.859199239657
0.0513230769230771 144.975138583424
0.0515076923076925 145.091679561759
0.0516923076923079 145.208821262027
0.0518769230769233 145.326562745241
0.0520615384615387 145.444903046081
0.052246153846154 145.563841172909
0.0524307692307694 145.683376107796
0.0526153846153848 145.803506806539
0.0528000000000002 145.924232198681
0.0529846153846156 146.045551187541
0.053169230769231 146.167462650231
0.0533538461538464 146.289965437686
0.0535384615384617 146.413058374687
0.0537230769230771 146.536740259891
0.0539076923076925 146.661009865854
0.0540923076923079 146.785865939066
0.0542769230769233 146.911307199977
0.0544615384615387 147.037332343029
0.0546461538461541 147.163940036688
0.0548307692307695 147.291128923475
0.0550153846153848 147.418897620002
0.0552000000000002 147.547244717008
0.0553846153846156 147.676168779389
0.055569230769231 147.80566834624
0.0557538461538464 147.93574193089
0.0559384615384618 148.066388020942
0.0561230769230772 148.197605078312
0.0563076923076926 148.329391539266
0.0564923076923079 148.461745814469
0.0566769230769233 148.594666289018
0.0568615384615387 148.728151322494
0.0570461538461541 148.862199248999
0.0572307692307695 148.996808377206
0.0574153846153849 149.131976990403
0.0576000000000003 149.267703346541
0.0577846153846157 149.40398567828
0.057969230769231 149.540822193039
0.0581538461538464 149.678211073048
0.0583384615384618 149.816150475396
0.0585230769230772 149.954638532082
0.0587076923076926 150.093673350072
0.058892307692308 150.233253011347
0.0590769230769234 150.373375572962
0.0592615384615388 150.514039067098
0.0594461538461541 150.655241501122
0.0596307692307695 150.796980857641
0.0598153846153849 150.939255094561
0.0600000000000003 151.082062145148
0.0601846153846157 151.225399918085
0.0603692307692311 151.369266297535
0.0605538461538465 151.513659143203
0.0607384615384619 151.658576290398
0.0609230769230772 151.804015550094
0.0611076923076926 151.949974709002
0.061292307692308 152.096451529627
0.0614769230769234 152.243443750339
0.0616615384615388 152.390949085441
0.0618461538461542 152.538965225234
0.0620307692307696 152.687489836089
0.0622153846153849 152.836520560513
0.0624000000000003 152.986055017227
0.0625846153846157 153.136090801228
0.0627692307692311 153.286625483872
0.0629538461538465 153.437656612938
0.0631384615384619 153.58918171271
0.0633230769230772 153.741198284048
0.0635076923076926 153.893703804464
0.063692307692308 154.046695728203
0.0638769230769234 154.200171486316
0.0640615384615388 154.354128486742
0.0642461538461541 154.508564114385
0.0644307692307695 154.663475731199
0.0646153846153849 154.818860676264
0.0648000000000003 154.974716265872
0.0649846153846157 155.131039793607
0.065169230769231 155.287828530434
0.0653538461538464 155.445079724777
0.0655384615384618 155.602790602611
0.0657230769230772 155.760958367543
0.0659076923076926 155.919580200903
0.0660923076923079 156.078653261833
0.0662769230769233 156.238174687371
0.0664615384615387 156.398141592545
0.0666461538461541 156.558551070463
0.0668307692307695 156.719400192404
0.0670153846153849 156.88068600791
0.0672000000000002 157.042405544879
0.0673846153846156 157.204555809661
0.067569230769231 157.367133787149
0.0677538461538464 157.530136440878
0.0679384615384618 157.69356071312
0.0681230769230771 157.857403524982
0.0683076923076925 158.021661776501
0.0684923076923079 158.186332346747
0.0686769230769233 158.35141209392
0.0688615384615387 158.516897855451
0.069046153846154 158.682786448104
0.0692307692307694 158.849074668075
0.0694153846153848 159.015759291099
0.0696000000000002 159.18283707255
0.0697846153846156 159.350304747548
0.0699692307692309 159.51815903106
0.0701538461538463 159.686396618012
0.0703384615384617 159.855014183388
0.0705230769230771 160.024008382345
0.0707076923076925 160.193375850315
0.0708923076923078 160.363113203119
0.0710769230769232 160.533217037069
0.0712615384615386 160.70368392909
0.071446153846154 160.874510436818
0.0716307692307694 161.045693098722
0.0718153846153847 161.217228434211
0.0720000000000001 161.38911294375
0.0721846153846155 161.561343108972
0.0723692307692309 161.733915392795
0.0725538461538463 161.906826239536
0.0727384615384616 162.080072075025
0.072923076923077 162.253649306728
0.0731076923076924 162.427554323858
0.0732923076923078 162.601783497497
0.0734769230769232 162.776333180715
0.0736615384615385 162.951199708687
0.0738461538461539 163.126379398817
0.0740307692307693 163.301868550856
0.0742153846153847 163.477663447026
0.0744000000000001 163.65376035214
0.0745846153846154 163.830155513728
0.0747692307692308 164.006845162158
0.0749538461538462 164.183825510764
0.0751384615384616 164.361092755965
0.075323076923077 164.538643077398
0.0755076923076923 164.71647263804
0.0756923076923077 164.894577584335
0.0758769230769231 165.072954046324
0.0760615384615385 165.251598137771
0.0762461538461539 165.430505956295
0.0764307692307692 165.609673583495
0.0766153846153846 165.789097085085
0.0768 165.968772511022
0.0769846153846154 166.148695895638
0.0771692307692308 166.328863257772
0.0773538461538461 166.509270600905
0.0775384615384615 166.689913913288
0.0777230769230769 166.870789168084
0.0779076923076923 167.051892323492
0.0780923076923077 167.233219322893
0.078276923076923 167.414766094977
0.0784615384615384 167.596528553884
0.0786461538461538 167.778502599341
0.0788307692307692 167.960684116795
0.0790153846153846 168.143068977557
0.0792 168.325653038935
0.0793846153846153 168.508432144377
0.0795692307692307 168.69140212361
0.0797538461538461 168.874558792778
0.0799384615384615 169.057897954585
0.0801230769230769 169.241415398434
0.0803076923076922 169.425106900574
0.0804923076923076 169.608968224233
0.080676923076923 169.792995119773
0.0808615384615384 169.977183324821
0.0810461538461538 170.161528564423
0.0812307692307691 170.346026551182
0.0814153846153845 170.530672985406
0.0815999999999999 170.715463555253
0.0817846153846153 170.900393936875
0.0819692307692307 171.085459794567
0.082153846153846 171.270656780912
0.0823384615384614 171.45598053693
0.0825230769230768 171.641426692224
0.0827076923076922 171.826990865131
0.0828923076923076 172.012668662867
0.0830769230769229 172.198455681679
0.0832615384615383 172.384347506995
0.0834461538461537 172.570339713571
0.0836307692307691 172.756427865645
0.0838153846153845 172.942607517087
0.0839999999999998 173.128874211549
0.0841846153846152 173.315223482619
0.0843692307692306 173.501650853971
0.084553846153846 173.688151839522
0.0847384615384614 173.874721943579
0.0849230769230767 174.061356660996
0.0851076923076921 174.24805147733
0.0852923076923075 174.434801868991
0.0854769230769229 174.621603303399
0.0856615384615383 174.808451239138
0.0858461538461536 174.995341126115
0.086030769230769 175.182268405711
0.0862153846153844 175.369228510939
0.0863999999999998 175.556216866603
0.0865846153846152 175.743228889451
0.0867692307692305 175.930259988335
0.0869538461538459 176.11730556437
0.0871384615384613 176.304361011086
0.0873230769230767 176.491421714594
0.0875076923076921 176.678483053738
0.0876923076923074 176.86554040026
0.0878769230769228 177.052589118953
0.0880615384615382 177.239624567827
0.0882461538461536 177.426642098264
0.088430769230769 177.613637055181
0.0886153846153843 177.80060477719
0.0887999999999997 177.987540596756
0.0889846153846151 178.174439840364
0.0891692307692305 178.361297828676
0.0893538461538459 178.548109876693
0.0895384615384612 178.734871293917
0.0897230769230766 178.921577384517
0.089907692307692 179.108223447485
0.0900923076923074 179.294804776804
0.0902769230769228 179.48131666161
0.0904615384615381 179.667754386351
0.0906461538461535 179.854113230959
0.0908307692307689 180.040388471003
0.0910153846153843 180.226575377862
0.0911999999999997 180.412669218885
0.0913846153846151 180.598665257555
0.0915692307692304 180.784558753656
0.0917538461538458 180.970344963434
0.0919384615384612 181.156019139767
0.0921230769230766 181.341576532325
0.092307692307692 181.52701238774
0.0924923076923073 181.712321949767
0.0926769230769227 181.897500459453
0.0928615384615381 182.082543155303
0.0930461538461535 182.267445273442
0.0932307692307689 182.452202047788
0.0934153846153842 182.63680871021
0.0935999999999996 182.821260490701
0.093784615384615 183.005552617544
0.0939692307692304 183.189680317475
0.0941538461538458 183.373638815851
0.0943384615384611 183.557423336822
0.0945230769230765 183.741029103491
0.0947076923076919 183.924451338085
0.0948923076923073 184.107685262123
0.0950769230769227 184.29072609658
0.095261538461538 184.47356906206
0.0954461538461534 184.656209378957
0.0956307692307688 184.838642267628
0.0958153846153842 185.020862948558
0.0959999999999996 185.202866642528
0.0961846153846149 185.384648570786
0.0963692307692303 185.566203955211
0.0965538461538457 185.747528018481
0.0967384615384611 185.928615984244
0.0969230769230765 186.109463077285
0.0971076923076918 186.290064523693
0.0972923076923072 186.470415551031
0.0974769230769226 186.650511388503
0.097661538461538 186.83034726712
0.0978461538461534 187.009918419873
0.0980307692307687 187.189220081899
0.0982153846153841 187.368247490647
0.0983999999999995 187.546995886049
0.0985846153846149 187.725460510689
0.0987692307692303 187.903636609966
0.0989538461538456 188.08151943227
0.099138461538461 188.259104229142
0.0993230769230764 188.436386255449
0.0995076923076918 188.613360769547
0.0996923076923072 188.790023033451
0.0998769230769225 188.966368313004
0.100061538461538 189.142391878043
0.100246153846153 189.318089002568
0.100430769230769 189.493454964909
0.100615384615384 189.668485047894
0.100799999999999 189.843174539017
0.100984615384615 190.017518730606
0.10116923076923 190.191512919986
0.101353846153846 190.365152409654
0.101538461538461 190.53843250744
0.101723076923076 190.711348526677
0.101907692307692 190.883895786365
0.102092307692307 191.056069611341
0.102276923076922 191.227865332447
0.102461538461538 191.399278286691
0.102646153846153 191.570303817417
0.102830769230769 191.740937274473
0.103015384615384 191.911174014373
0.103199999999999 192.081009400466
0.103384615384615 192.2504388031
0.10356923076923 192.41945759979
0.103753846153846 192.58806117538
0.103938461538461 192.756244922212
0.104123076923076 192.924004240288
0.104307692307692 193.091334537436
0.104492307692307 193.258231229477
0.104676923076922 193.424689740386
0.104861538461538 193.590705502457
0.105046153846153 193.756273956468
0.105230769230769 193.921390551846
0.105415384615384 194.086050746827
0.105599999999999 194.250250008624
0.105784615384615 194.413983813586
0.10596923076923 194.577247647362
0.106153846153845 194.740037005068
0.106338461538461 194.90234739144
0.106523076923076 195.064174321006
0.106707692307692 195.225513318242
0.106892307692307 195.386359917736
0.107076923076922 195.546709664348
0.107261538461538 195.70655811337
0.107446153846153 195.865900830691
0.107630769230769 196.024733392953
0.107815384615384 196.183051387712
0.107999999999999 196.340850413601
0.108184615384615 196.498126080485
0.10836923076923 196.654874009622
0.108553846153845 196.811089833824
0.108738461538461 196.966769197611
0.108923076923076 197.121907757375
0.109107692307692 197.276501181532
0.109292307692307 197.430545150682
0.109476923076922 197.584035357769
0.109661538461538 197.736967508232
0.109846153846153 197.889337320166
0.110030769230768 198.041140524476
0.110215384615384 198.192372865034
0.110399999999999 198.343030098832
0.110584615384615 198.49310799614
0.11076923076923 198.642602340657
0.110953846153845 198.791508929669
0.111138461538461 198.939823574199
0.111323076923076 199.087542099162
0.111507692307692 199.234660343521
0.111692307692307 199.381174160431
0.111876923076922 199.527079417401
0.112061538461538 199.67237199644
0.112246153846153 199.817047794207
0.112430769230768 199.961102722165
0.112615384615384 200.104532706733
0.112799999999999 200.247333689429
0.112984615384615 200.389501627025
0.11316923076923 200.531032491696
0.113353846153845 200.671922271164
0.113538461538461 200.81216696885
0.113723076923076 200.951762604022
0.113907692307691 201.090705211938
0.114092307692307 201.228990843995
0.114276923076922 201.366615567876
0.114461538461538 201.503575467694
0.114646153846153 201.639866644137
0.114830769230768 201.775485214615
0.115015384615384 201.910427313398
0.115199999999999 202.044689091768
0.115384615384614 202.178266718155
0.11556923076923 202.311156378282
0.115753846153845 202.443354275307
0.115938461538461 202.574856629964
0.116123076923076 202.705659680706
0.116307692307691 202.835759683839
0.116492307692307 202.96515291367
0.116676923076922 203.093835662641
0.116861538461538 203.221804241468
0.117046153846153 203.349054979279
0.117230769230768 203.475584223754
0.117415384615384 203.60138834126
0.117599999999999 203.726463716986
0.117784615384614 203.850806755081
0.11796923076923 203.974413878787
0.118153846153845 204.097281530575
0.118338461538461 204.219406172281
0.118523076923076 204.340784285232
0.118707692307691 204.461412370387
0.118892307692307 204.581286948466
0.119076923076922 204.700404560077
0.119261538461537 204.818761765855
0.119446153846153 204.936355146585
0.119630769230768 205.053181303337
0.119815384615384 205.169236857589
0.119999999999999 205.284518451362
0.120184615384614 205.399022747341
0.12036923076923 205.512746429008
0.120553846153845 205.625686200764
0.120738461538461 205.737838788055
0.120923076923076 205.849200937499
0.121107692307691 205.95976941701
0.121292307692307 206.069541015919
0.121476923076922 206.178512545101
0.121661538461537 206.286680837091
0.121846153846153 206.394042746214
0.122030769230768 206.500595148697
0.122215384615384 206.606334942798
0.122399999999999 206.711259048916
0.122584615384614 206.815364409719
0.12276923076923 206.918647990254
0.122953846153845 207.021106778069
0.12313846153846 207.122737783329
0.123323076923076 207.223538038931
0.123507692307691 207.323504600619
0.123692307692307 207.422634547099
0.123876923076922 207.520924980151
0.124061538461537 207.618373024746
0.124246153846153 207.714975829153
0.124430769230768 207.810730565054
0.124615384615384 207.905634427652
0.124799999999999 207.999684635784
0.124984615384614 208.092878432027
0.12516923076923 208.185213082809
0.125353846153845 208.276685878515
0.12553846153846 208.367294133592
0.125723076923076 208.457035186661
0.125907692307691 208.545906400616
0.126092307692307 208.63390516273
0.126276923076922 208.721028884762
0.126461538461537 208.807275003056
0.126646153846153 208.892640978645
0.126830769230768 208.97712429735
0.127015384615384 209.060722469884
0.127199999999999 209.14343303195
0.127384615384614 209.225253544339
0.12756923076923 209.306181593029
0.127753846153845 209.386214789281
0.127938461538461 209.465350769737
0.128123076923076 209.543587196516
0.128307692307691 209.620921757306
0.128492307692307 209.69735216546
0.128676923076922 209.772876160088
0.128861538461538 209.847491506151
0.129046153846153 209.921195994551
0.129230769230768 209.99398744222
0.129415384615384 210.065863692213
0.129599999999999 210.136822613795
0.129784615384614 210.206862102528
0.12996923076923 210.275980080359
0.130153846153845 210.344174495709
0.130338461538461 210.411443323553
0.130523076923076 210.477784565509
0.130707692307691 210.543196249918
0.130892307692307 210.607676431931
0.131076923076922 210.671223193586
0.131261538461538 210.733834643894
0.131446153846153 210.795508918915
0.131630769230768 210.856244181839
0.131815384615384 210.916038623064
0.131999999999999 210.974890460275
0.132184615384615 211.032797938515
0.13236923076923 211.08975933027
0.132553846153845 211.145772935533
0.132738461538461 211.200837081889
0.132923076923076 211.254950124576
0.133107692307692 211.308110446567
0.133292307692307 211.360316458637
0.133476923076922 211.41156659943
0.133661538461538 211.461859335535
0.133846153846153 211.51119316155
0.134030769230769 211.559566600149
0.134215384615384 211.606978202149
0.134399999999999 211.65342654658
0.134584615384615 211.698910240741
0.13476923076923 211.743427920272
0.134953846153846 211.786978249211
0.135138461538461 211.829559920058
0.135323076923076 211.871171653837
0.135507692307692 211.911812200154
0.135692307692307 211.951480337256
0.135876923076923 211.99017487209
0.136061538461538 212.02789464036
0.136246153846153 212.064638506582
0.136430769230769 212.10040536414
0.136615384615384 212.135194135339
0.136799999999999 212.169003771462
0.136984615384615 212.201833252817
0.13716923076923 212.23368158879
0.137353846153846 212.264547817898
0.137538461538461 212.294431007837
0.137723076923076 212.323330255526
0.137907692307692 212.351244687161
0.138092307692307 212.378173458259
0.138276923076923 212.404115753702
0.138461538461538 212.429070787781
0.138646153846153 212.453037804244
0.138830769230769 212.476016076333
0.139015384615384 212.498004906829
0.1392 212.519003628091
0.139384615384615 212.539011602097
0.13956923076923 212.55802822048
0.139753846153846 212.57605290457
0.139938461538461 212.593085105424
0.140123076923077 212.609124303869
0.140307692307692 212.624170010531
0.140492307692307 212.63822176587
0.140676923076923 212.651279140215
0.140861538461538 212.663341733793
0.141046153846154 212.674409176759
0.141230769230769 212.684481129228
0.141415384615384 212.693557281304
0.1416 212.701637353103
0.141784615384615 212.708721094785
0.141969230769231 212.714808286577
0.142153846153846 212.719898738796
0.142338461538461 212.723992291877
0.142523076923077 212.727088816391
0.142707692307692 212.72918821307
0.142892307692307 212.730290412824
0.143076923076923 212.730395376764
0.143261538461538 212.729503096218
0.143446153846154 212.72761359275
0.143630769230769 212.724726918177
0.143815384615384 212.72084315458
0.144 212.715962414325
0.144184615384615 212.710084840073
0.144369230769231 212.70321060479
0.144553846153846 212.695339911763
0.144738461538461 212.686472994609
0.144923076923077 212.67661011728
0.145107692307692 212.66575157408
0.145292307692308 212.653897689662
0.145476923076923 212.641048819044
0.145661538461538 212.627205347606
0.145846153846154 212.6123676911
0.146030769230769 212.59653629565
0.146215384615385 212.579711637757
0.1464 212.561894224295
0.146584615384615 212.543084592519
0.146769230769231 212.523283310054
0.146953846153846 212.502490974904
0.147138461538462 212.48070821544
0.147323076923077 212.457935690401
0.147507692307692 212.434174088887
0.147692307692308 212.409424130355
0.147876923076923 212.383686564609
0.148061538461539 212.356962171793
0.148246153846154 212.329251762383
0.148430769230769 212.300556177177
0.148615384615385 212.270876287281
0.1488 212.240212994099
0.148984615384615 212.208567229322
0.149169230769231 212.175939954907
0.149353846153846 212.142332163069
0.149538461538462 212.10774487626
0.149723076923077 212.072179147154
0.149907692307692 212.035636058628
0.150092307692308 211.99811672374
0.150276923076923 211.959622285715
0.150461538461539 211.920153917917
0.150646153846154 211.879712823828
0.150830769230769 211.838300237028
0.151015384615385 211.795917421168
0.1512 211.752565669943
0.151384615384616 211.708246307068
0.151569230769231 211.662960686248
0.151753846153846 211.616710191152
0.151938461538462 211.569496235383
0.152123076923077 211.521320262445
0.152307692307693 211.472183745712
0.152492307692308 211.4220881884
0.152676923076923 211.371035123525
0.152861538461539 211.319026113875
0.153046153846154 211.266062751972
0.15323076923077 211.212146660035
0.153415384615385 211.157279489942
0.1536 211.101462923194
0.153784615384616 211.044698670869
0.153969230769231 210.98698847359
0.154153846153847 210.928334101474
0.154338461538462 210.868737354096
0.154523076923077 210.808200060443
0.154707692307693 210.746724078868
0.154892307692308 210.684311297045
0.155076923076924 210.620963631923
0.155261538461539 210.556683029677
0.155446153846154 210.491471465661
0.15563076923077 210.425330944354
0.155815384615385 210.358263499316
0.156 210.290271193129
0.156184615384616 210.221356117348
0.156369230769231 210.151520392447
0.156553846153847 210.080766167765
0.156738461538462 210.009095621447
0.156923076923077 209.93651096039
0.157107692307693 209.863014420185
0.157292307692308 209.788608265057
0.157476923076924 209.713294787807
0.157661538461539 209.637076309748
0.157846153846154 209.559955180648
0.15803076923077 209.481933778664
0.158215384615385 209.40301451028
0.158400000000001 209.323199810239
0.158584615384616 209.242492141485
0.158769230769231 209.160893995086
0.158953846153847 209.078407890176
0.159138461538462 208.99503637388
0.159323076923078 208.910782021249
0.159507692307693 208.825647435186
0.159692307692308 208.739635246377
0.159876923076924 208.652748113218
0.160061538461539 208.564988721741
0.160246153846155 208.476359785541
0.16043076923077 208.3868640457
0.160615384615385 208.29650427071
0.160800000000001 208.205283256399
0.160984615384616 208.113203825848
0.161169230769232 208.020268829318
0.161353846153847 207.926481144164
0.161538461538462 207.83184367476
0.161723076923078 207.736359352411
0.161907692307693 207.640031135277
0.162092307692308 207.542862008284
0.162276923076924 207.444854983041
0.162461538461539 207.346013097757
0.162646153846155 207.24633941715
0.16283076923077 207.145837032363
0.163015384615385 207.044509060877
0.163200000000001 206.942358646415
0.163384615384616 206.839388958861
0.163569230769232 206.735603194162
0.163753846153847 206.631004574241
0.163938461538462 206.525596346899
0.164123076923078 206.419381785727
0.164307692307693 206.312364190006
0.164492307692309 206.204546884617
0.164676923076924 206.09593321994
0.164861538461539 205.986526571758
0.165046153846155 205.876330341161
0.16523076923077 205.765347954445
0.165415384615386 205.653582863011
0.165600000000001 205.541038543267
0.165784615384616 205.427718496525
0.165969230769232 205.313626248898
0.166153846153847 205.198765351198
0.166338461538463 205.083139378829
0.166523076923078 204.966751931685
0.166707692307693 204.849606634044
0.166892307692309 204.731707134457
0.167076923076924 204.613057105647
0.16726153846154 204.493660244393
0.167446153846155 204.373520271428
0.16763076923077 204.252640931323
0.167815384615386 204.131025992379
0.168000000000001 204.008679246515
0.168184615384616 203.885604509154
0.168369230769232 203.761805619109
0.168553846153847 203.637286438473
0.168738461538463 203.512050852499
0.168923076923078 203.386102769486
0.169107692307693 203.259446120662
0.169292307692309 203.132084860067
0.169476923076924 203.004022964432
0.16966153846154 202.875264433066
0.169846153846155 202.745813287729
0.17003076923077 202.615673572516
0.170215384615386 202.484849353731
0.170400000000001 202.35334471977
0.170584615384617 202.221163780996
0.170769230769232 202.088310669611
0.170953846153847 201.954789539539
0.171138461538463 201.820604566293
0.171323076923078 201.685759946853
0.171507692307694 201.550259899541
0.171692307692309 201.414108663886
0.171876923076924 201.277310500504
0.17206153846154 201.139869690963
0.172246153846155 201.001790537657
0.172430769230771 200.863077363671
0.172615384615386 200.723734512653
0.172800000000001 200.583766348682
0.172984615384617 200.443177256133
0.173169230769232 200.301971639544
0.173353846153848 200.160153923483
0.173538461538463 200.017728552412
0.173723076923078 199.874699990552
0.173907692307694 199.731072721745
0.174092307692309 199.586851249319
0.174276923076924 199.442040095948
0.17446153846154 199.296643803516
0.174646153846155 199.150666932976
0.174830769230771 199.00411406421
0.175015384615386 198.85698979589
0.175200000000001 198.709298745335
0.175384615384617 198.561045548371
0.175569230769232 198.412234859187
0.175753846153848 198.262871350191
0.175938461538463 198.112959711871
0.176123076923078 197.962504652642
0.176307692307694 197.811510898711
0.176492307692309 197.659983193921
0.176676923076925 197.507926299614
0.17686153846154 197.355344994476
0.177046153846155 197.202244074396
0.177230769230771 197.048628352311
0.177415384615386 196.894502658064
0.177600000000002 196.739871838249
0.177784615384617 196.584740756065
0.177969230769232 196.429114291161
0.178153846153848 196.272997339489
0.178338461538463 196.116394813148
0.178523076923079 195.959311640236
0.178707692307694 195.801752764694
0.178892307692309 195.64372314615
0.179076923076925 195.485227759771
0.17926153846154 195.326271596103
0.179446153846156 195.16685966092
0.179630769230771 195.006996975061
0.179815384615386 194.846688574284
0.180000000000002 194.685939509097
0.180184615384617 194.524754844612
0.180369230769233 194.363139660377
0.180553846153848 194.201099050226
0.180738461538463 194.038638122112
0.180923076923079 193.875761997954
0.181107692307694 193.712475813473
0.181292307692309 193.548784718032
0.181476923076925 193.384693874476
0.18166153846154 193.220208458967
0.181846153846156 193.055333660828
0.182030769230771 192.890074682373
0.182215384615386 192.724436738751
0.182400000000002 192.558425057776
0.182584615384617 192.392044879766
0.182769230769233 192.225301457381
0.182953846153848 192.058200055452
0.183138461538463 191.89074595082
0.183323076923079 191.722944432169
0.183507692307694 191.55480079986
0.18369230769231 191.386320365763
0.183876923076925 191.21750845309
0.18406153846154 191.048370396229
0.184246153846156 190.878911540573
0.184430769230771 190.709137242354
0.184615384615387 190.539052868475
0.184800000000002 190.368663796336
0.184984615384617 190.197975413669
0.185169230769233 190.026993118366
0.185353846153848 189.855722318308
0.185538461538464 189.684168431197
0.185723076923079 189.512336884378
0.185907692307694 189.340233114677
0.18609230769231 189.16786256822
0.186276923076925 188.995230700266
0.186461538461541 188.822342975033
0.186646153846156 188.649204865524
0.186830769230771 188.475821853356
0.187015384615387 188.302199428583
0.187200000000002 188.128343089523
0.187384615384617 187.954258342585
0.187569230769233 187.779950702094
0.187753846153848 187.605425690114
0.187938461538464 187.430688836276
0.188123076923079 187.255745677597
0.188307692307694 187.080601758312
0.18849230769231 186.905262629688
0.188676923076925 186.729733849857
0.188861538461541 186.554020983632
0.189046153846156 186.378129602334
0.189230769230771 186.202065283614
0.189415384615387 186.025833611274
0.189600000000002 185.84944017509
0.189784615384618 185.672890570633
0.189969230769233 185.496190399094
0.190153846153848 185.319345267101
0.190338461538464 185.142360786542
0.190523076923079 184.965242574386
0.190707692307695 184.787996252506
0.19089230769231 184.610627447494
0.191076923076925 184.433141790487
0.191261538461541 184.255544916984
0.191446153846156 184.077842466667
0.191630769230772 183.900040083218
0.191815384615387 183.722143414144
0.192000000000002 183.544158110592
0.192184615384618 183.36608982717
0.192369230769233 183.187944221763
0.192553846153849 183.009726955357
0.192738461538464 182.831443691854
0.192923076923079 182.653100097892
0.193107692307695 182.474701842662
0.19329230769231 182.296254597728
0.193476923076925 182.117764036844
0.193661538461541 181.939235835773
0.193846153846156 181.760675672103
0.194030769230772 181.582089225067
0.194215384615387 181.40348217536
0.194400000000002 181.224860204956
0.194584615384618 181.046228996927
0.194769230769233 180.867594235256
0.194953846153849 180.688961604662
0.195138461538464 180.510336790409
0.195323076923079 180.33172547813
0.195507692307695 180.153133353639
0.19569230769231 179.974566102752
0.195876923076926 179.7960294111
0.196061538461541 179.61752896395
0.196246153846156 179.43907044602
0.196430769230772 179.260659541295
0.196615384615387 179.082301932846
0.196800000000003 178.904003302644
0.196984615384618 178.725769331382
0.197169230769233 178.547605698285
0.197353846153849 178.369518080931
0.197538461538464 178.191512155068
0.19772307692308 178.01359359443
0.197907692307695 177.835768070551
0.19809230769231 177.658041252589
0.198276923076926 177.480418807135
0.198461538461541 177.302906398036
0.198646153846157 177.125509686207
0.198830769230772 176.948234329452
0.199015384615387 176.77108598228
0.199200000000003 176.594070295721
0.199384615384618 176.417192917143
0.199569230769233 176.240459490073
0.199753846153849 176.063875654009
0.199938461538464 175.88744704424
0.20012307692308 175.711179291667
0.200307692307695 175.535078022613
0.20049230769231 175.359148858647
0.200676923076926 175.1833974164
0.200861538461541 175.007829307382
0.201046153846157 174.832450137801
0.201230769230772 174.657265508382
0.201415384615387 174.482281014184
0.201600000000003 174.307502244417
0.201784615384618 174.132934782266
0.201969230769234 173.958584204703
0.202153846153849 173.784456082311
0.202338461538464 173.610555979101
0.20252307692308 173.436889452331
0.202707692307695 173.263462052328
0.202892307692311 173.090279322304
0.203076923076926 172.917346798177
0.203261538461541 172.744670008392
0.203446153846157 172.572254473742
0.203630769230772 172.400105707187
0.203815384615388 172.228229213672
0.204000000000003 172.056630489954
0.204184615384618 171.885315024417
0.204369230769234 171.714288296898
0.204553846153849 171.543555778506
0.204738461538465 171.373122931445
0.20492307692308 171.202995208832
0.205107692307695 171.033178054527
0.205292307692311 170.863676902949
0.205476923076926 170.694497178902
0.205661538461542 170.525644297394
0.205846153846157 170.357123663468
0.206030769230772 170.188940672018
0.206215384615388 170.021100707618
0.206400000000003 169.853609144342
0.206584615384618 169.686471345592
0.206769230769234 169.519692663923
0.206953846153849 169.353278440865
0.207138461538465 169.18723400675
0.20732307692308 169.021564680539
0.207507692307695 168.856275769648
0.207692307692311 168.691372569773
0.207876923076926 168.526860364717
0.208061538461542 168.362744426218
0.208246153846157 168.199030013777
0.208430769230772 168.035722374484
0.208615384615388 167.872826742849
0.208800000000003 167.710348340626
0.208984615384619 167.548292376649
0.209169230769234 167.386664046654
0.209353846153849 167.225468533114
0.209538461538465 167.064711005067
0.20972307692308 166.904396617946
0.209907692307696 166.744530513414
0.210092307692311 166.585117819188
0.210276923076926 166.426163648878
0.210461538461542 166.267673101816
0.210646153846157 166.109651262888
0.210830769230773 165.95210320237
0.211015384615388 165.795033975758
0.211200000000003 165.638448623603
0.211384615384619 165.48235217135
0.211569230769234 165.326749629165
0.21175384615385 165.171645991777
0.211938461538465 165.01704623831
0.21212307692308 164.862955332121
0.212307692307696 164.709378220636
0.212492307692311 164.55631983519
0.212676923076926 164.403785090858
0.212861538461542 164.251778886303
0.213046153846157 164.100306103606
0.213230769230773 163.949371608109
0.213415384615388 163.798980248257
0.213600000000003 163.649136855435
0.213784615384619 163.499846243807
0.213969230769234 163.351113210165
0.21415384615385 163.202942533762
0.214338461538465 163.055338976161
0.21452307692308 162.908307281075
0.214707692307696 162.761852174212
0.214892307692311 162.615978363115
0.215076923076927 162.470690537014
0.215261538461542 162.325993366665
0.215446153846157 162.181891504198
0.215630769230773 162.038389582964
0.215815384615388 161.895492217382
0.216000000000004 161.753204002784
0.216184615384619 161.611529515266
0.216369230769234 161.470473311537
0.21655384615385 161.330039928766
0.216738461538465 161.190233884433
0.216923076923081 161.05105967618
0.217107692307696 160.912521781663
0.217292307692311 160.774624658402
0.217476923076927 160.637372743634
0.217661538461542 160.500770454167
0.217846153846158 160.364822186233
0.218030769230773 160.229532315342
0.218215384615388 160.094905196139
0.218400000000004 159.960945162256
0.218584615384619 159.827656526172
0.218769230769234 159.69504357907
0.21895384615385 159.56311059069
0.219138461538465 159.431861809193
0.219323076923081 159.301301461018
0.219507692307696 159.17143375074
0.219692307692311 159.042262860932
0.219876923076927 158.913792952027
0.220061538461542 158.786028162177
0.220246153846158 158.65897260712
0.220430769230773 158.532630380039
0.220615384615388 158.407005551426
0.220800000000004 158.28210216895
0.220984615384619 158.157924257321
0.221169230769235 158.034475818152
0.22135384615385 157.911760829834
0.221538461538465 157.789783247396
0.221723076923081 157.668547002377
0.221907692307696 157.548056002695
0.222092307692312 157.428314132514
0.222276923076927 157.309325252119
0.222461538461542 157.191093197784
0.222646153846158 157.073621781645
0.222830769230773 156.956914791573
0.223015384615389 156.840975991048
0.223200000000004 156.725809119032
0.223384615384619 156.611417889845
0.223569230769235 156.497805993043
0.22375384615385 156.384977093291
0.223938461538466 156.272934830243
0.224123076923081 156.161682818418
0.224307692307696 156.051224647084
0.224492307692312 155.941563880133
0.224676923076927 155.832704055962
0.224861538461542 155.72464868736
0.225046153846158 155.617401261383
0.225230769230773 155.510965239242
0.225415384615389 155.405344056186
0.225600000000004 155.300541121387
0.225784615384619 155.196559817824
0.225969230769235 155.093403502171
0.22615384615385 154.991075504686
0.226338461538466 154.889579129097
0.226523076923081 154.78891765249
0.226707692307696 154.689094325201
0.226892307692312 154.590112370709
0.227076923076927 154.491974985521
0.227261538461543 154.394685339071
0.227446153846158 154.298246573611
0.227630769230773 154.202661804104
0.227815384615389 154.107934118121
0.228000000000004 154.014066575737
0.22818461538462 153.921062209425
0.228369230769235 153.828924023959
0.22855384615385 153.737654996308
0.228738461538466 153.647258075538
0.228923076923081 153.55773618271
0.229107692307697 153.469092210786
0.229292307692312 153.381329024527
0.229476923076927 153.294449460398
0.229661538461543 153.208456326471
0.229846153846158 153.123352402333
0.230030769230774 153.039140438986
0.230215384615389 152.955823158761
0.230400000000004 152.873403255222
0.23058461538462 152.791883393074
0.230769230769235 152.711266208073
0.230953846153851 152.63155430694
0.231138461538466 152.552750267268
0.231323076923081 152.474856637436
0.231507692307697 152.397875936525
0.231692307692312 152.321810654228
0.231876923076927 152.246663250768
0.232061538461543 152.172436156814
0.232246153846158 152.099131773398
0.232430769230774 152.026752471832
0.232615384615389 151.95530059363
0.232800000000004 151.884778450425
0.23298461538462 151.815188323892
0.233169230769235 151.746532465669
0.233353846153851 151.67881309728
0.233538461538466 151.612032410061
0.233723076923081 151.546192565082
0.233907692307697 151.481295693075
0.234092307692312 151.41734389436
0.234276923076928 151.354339238774
0.234461538461543 151.292283765597
0.234646153846158 151.231179483487
0.234830769230774 151.171028370406
0.235015384615389 151.111832373555
0.235200000000005 151.053593409303
0.23538461538462 150.996313363128
0.235569230769235 150.939994089544
0.235753846153851 150.884637412041
0.235938461538466 150.830245123023
0.236123076923082 150.776818983742
0.236307692307697 150.724360724242
0.236492307692312 150.672872043293
0.236676923076928 150.622354608337
0.236861538461543 150.572810055428
0.237046153846159 150.524239989175
0.237230769230774 150.476645982686
0.237415384615389 150.430029577513
0.237600000000005 150.384392283599
0.23778461538462 150.339735579224
0.237969230769235 150.296060910954
0.238153846153851 150.253369693589
0.238338461538466 150.211663310114
0.238523076923082 150.170943111652
0.238707692307697 150.131210417412
0.238892307692312 150.092466514648
0.239076923076928 150.054712658607
0.239261538461543 150.01795007249
0.239446153846159 149.982179947406
0.239630769230774 149.947403442328
0.239815384615389 149.913621684055
0.240000000000005 149.88083576717
0.24018461538462 149.849046754
0.240369230769236 149.818255674578
0.240553846153851 149.788463526606
0.240738461538466 149.759671275421
0.240923076923082 149.731879853955
0.241107692307697 149.705090162706
0.241292307692313 149.679303069701
0.241476923076928 149.654519410468
0.241661538461543 149.630739988001
0.241846153846159 149.607965572733
0.242030769230774 149.586196902509
0.24221538461539 149.565434682551
0.242400000000005 149.545679585441
0.24258461538462 149.526932251087
0.242769230769236 149.509193286706
0.242953846153851 149.492463266794
0.243138461538467 149.476742733108
0.243323076923082 149.462032194642
0.243507692307697 149.448332127612
0.243692307692313 149.435642975429
0.243876923076928 149.423965148686
0.244061538461543 149.413299025142
0.244246153846159 149.403644949704
0.244430769230774 149.395003234411
0.24461538461539 149.387374158423
0.244800000000005 149.380757968007
0.24498461538462 149.375154876527
0.245169230769236 149.370565064429
0.245353846153851 149.366988679239
0.245538461538467 149.364425835548
0.245723076923082 149.362876615008
0.245907692307697 149.362341066326
0.246092307692313 149.362819205256
0.246276923076928 149.364311014599
0.246461538461544 149.366816444199
0.246646153846159 149.370335410939
0.246830769230774 149.374867798742
0.24701538461539 149.380413458571
0.247200000000005 149.386972208432
0.247384615384621 149.394543833375
0.247569230769236 149.403128085495
0.247753846153851 149.412724683943
0.247938461538467 149.423333314926
0.248123076923082 149.434953631717
0.248307692307698 149.447585254662
0.248492307692313 149.461227771189
0.248676923076928 149.475880735818
0.248861538461544 149.491543670173
0.249046153846159 149.508216062993
0.249230769230775 149.525897370146
0.24941538461539 149.544587014644
0.249600000000005 149.564284386659
0.249784615384621 149.584988843536
0.249969230769236 149.606699709817
0.250153846153852 149.629416277253
0.250338461538467 149.653137804829
0.250523076923082 149.677863518782
0.250707692307698 149.703592612624
0.250892307692313 149.730324247166
0.251076923076928 149.75805755054
0.251261538461544 149.786791618226
0.251446153846159 149.816525513079
0.251630769230775 149.847258265354
0.25181538461539 149.878988872736
0.252000000000005 149.91171630037
0.252184615384621 149.945439480891
0.252369230769236 149.980157314454
0.252553846153852 150.01586866877
0.252738461538467 150.052572379139
0.252923076923082 150.090267248483
0.253107692307698 150.128952047384
0.253292307692313 150.16862551412
0.253476923076929 150.209286354704
0.253661538461544 150.250933242922
0.253846153846159 150.293564820374
0.254030769230775 150.337179696516
0.25421538461539 150.381776448702
0.254400000000006 150.427353622226
0.254584615384621 150.473909730368
0.254769230769236 150.52144325444
0.254953846153852 150.569952643831
0.255138461538467 150.619436316057
0.255323076923083 150.669892656806
0.255507692307698 150.721320019993
0.255692307692313 150.773716727806
0.255876923076929 150.82708107076
0.256061538461544 150.881411307752
0.25624615384616 150.936705666109
0.256430769230775 150.992962341651
0.25661538461539 151.05017949874
0.256800000000006 151.108355270342
0.256984615384621 151.167487758083
0.257169230769236 151.227575032309
0.257353846153852 151.288615132143
0.257538461538467 151.350606065553
0.257723076923083 151.413545809407
0.257907692307698 151.477432309543
0.258092307692313 151.542263480828
0.258276923076929 151.608037207226
0.258461538461544 151.674751341864
0.25864615384616 151.742403707099
0.258830769230775 151.810992094588
0.25901538461539 151.880514265357
0.259200000000006 151.950967949868
0.259384615384621 152.022350848096
0.259569230769237 152.094660629598
0.259753846153852 152.167894933589
0.259938461538467 152.242051369014
0.260123076923083 152.317127514623
0.260307692307698 152.393120919053
0.260492307692314 152.4700291009
0.260676923076929 152.547849548798
0.260861538461544 152.626579721502
0.26104615384616 152.706217047966
0.261230769230775 152.786758927425
0.261415384615391 152.868202729479
0.261600000000006 152.950545794171
0.261784615384621 153.033785432082
0.261969230769237 153.117918924404
0.262153846153852 153.202943523037
0.262338461538468 153.288856450669
0.262523076923083 153.375654900871
0.262707692307698 153.46333603818
0.262892307692314 153.551896998193
0.263076923076929 153.641334887659
0.263261538461544 153.731646784567
0.26344615384616 153.822829738244
0.263630769230775 153.914880769448
0.263815384615391 154.00779687046
0.264000000000006 154.101575005185
0.264184615384621 154.196212109246
0.264369230769237 154.29170509008
0.264553846153852 154.388050827044
0.264738461538468 154.485246171505
0.264923076923083 154.583287946951
0.265107692307698 154.682172949086
0.265292307692314 154.781897945932
0.265476923076929 154.882459677939
0.265661538461545 154.983854858083
0.26584615384616 155.086080171976
0.266030769230775 155.189132277967
0.266215384615391 155.293007807256
0.266400000000006 155.397703363997
0.266584615384622 155.503215525409
0.266769230769237 155.609540841885
0.266953846153852 155.716675837104
0.267138461538468 155.824617008143
0.267323076923083 155.933360825587
0.267507692307699 156.042903733647
0.267692307692314 156.153242150269
0.267876923076929 156.264372467253
0.268061538461545 156.376291050369
0.26824615384616 156.488994239472
0.268430769230776 156.602478348622
0.268615384615391 156.716739666201
0.268800000000006 156.831774455034
0.268984615384622 156.947578952508
0.269169230769237 157.064149370696
0.269353846153852 157.181481896475
0.269538461538468 157.299572691652
0.269723076923083 157.418417893089
0.269907692307699 157.538013612824
0.270092307692314 157.658355938199
0.270276923076929 157.779440931984
0.270461538461545 157.901264632509
0.27064615384616 158.023823053787
0.270830769230776 158.147112185645
0.271015384615391 158.271127993852
0.271200000000006 158.395866420253
0.271384615384622 158.521323382896
0.271569230769237 158.647494776168
0.271753846153853 158.774376470922
0.271938461538468 158.901964314618
0.272123076923083 159.030254131452
0.272307692307699 159.159241722493
0.272492307692314 159.28892286582
0.27267692307693 159.419293316656
0.272861538461545 159.550348807507
0.27304615384616 159.682085048301
0.273230769230776 159.814497726526
0.273415384615391 159.947582507372
0.273600000000007 160.081335033865
0.273784615384622 160.215750927017
0.273969230769237 160.350825785963
0.274153846153853 160.486555188102
0.274338461538468 160.622934689246
0.274523076923084 160.759959823761
0.274707692307699 160.897626104709
0.274892307692314 161.035929024001
0.27507692307693 161.174864052537
0.275261538461545 161.314426640354
0.275446153846161 161.454612216778
0.275630769230776 161.595416190566
0.275815384615391 161.73683395006
0.276000000000007 161.878860863337
0.276184615384622 162.021492278356
0.276369230769237 162.164723523111
0.276553846153853 162.308549905783
0.276738461538468 162.452966714895
0.276923076923084 162.597969219458
0.277107692307699 162.743552669135
0.277292307692314 162.889712294385
0.27747692307693 163.036443306628
0.277661538461545 163.183740898392
0.277846153846161 163.331600243477
0.278030769230776 163.480016497106
0.278215384615391 163.628984796086
0.278400000000007 163.778500258968
0.278584615384622 163.9285579862
0.278769230769238 164.079153060292
0.278953846153853 164.230280545976
0.279138461538468 164.381935490363
0.279323076923084 164.534112923106
0.279507692307699 164.686807856565
0.279692307692315 164.840015285966
0.27987692307693 164.993730189564
0.280061538461545 165.14794752881
0.280246153846161 165.302662248512
0.280430769230776 165.457869277001
0.280615384615392 165.613563526298
0.280800000000007 165.769739892275
0.280984615384622 165.92639325483
0.281169230769238 166.083518478045
0.281353846153853 166.241110410359
0.281538461538469 166.399163884735
0.281723076923084 166.557673718828
0.281907692307699 166.716634715155
0.282092307692315 166.876041661264
0.28227692307693 167.035889329904
0.282461538461545 167.196172479197
0.282646153846161 167.356885852809
0.282830769230776 167.51802418012
0.283015384615392 167.679582176397
0.283200000000007 167.841554542967
0.283384615384622 168.003935967392
0.283569230769238 168.166721123638
0.283753846153853 168.329904672255
0.283938461538469 168.493481260545
0.284123076923084 168.657445522742
0.284307692307699 168.821792080187
0.284492307692315 168.9865155415
0.28467692307693 169.151610502761
0.284861538461546 169.317071547685
0.285046153846161 169.482893247796
0.285230769230776 169.649070162612
0.285415384615392 169.815596839815
0.285600000000007 169.982467815435
0.285784615384623 170.149677614025
0.285969230769238 170.317220748844
0.286153846153853 170.485091722034
0.286338461538469 170.653285024799
0.286523076923084 170.821795137588
0.2867076923077 170.990616530277
0.286892307692315 171.159743662344
0.28707692307693 171.329170983057
0.287261538461546 171.498892931652
0.287446153846161 171.668903937516
0.287630769230777 171.839198420371
0.287815384615392 172.009770790454
0.288000000000007 172.180615448703
0.288184615384623 172.35172678694
0.288369230769238 172.523099188051
0.288553846153853 172.694727026176
0.288738461538469 172.86660466689
0.288923076923084 173.038726467389
0.2891076923077 173.211086776673
0.289292307692315 173.383679935734
0.28947692307693 173.556500277739
0.289661538461546 173.729542128219
0.289846153846161 173.902799805251
0.290030769230777 174.07626761965
0.290215384615392 174.249939875149
0.290400000000007 174.423810868592
0.290584615384623 174.597874890116
0.290769230769238 174.772126223342
0.290953846153854 174.946559145563
0.291138461538469 175.121167927928
0.291323076923084 175.295946835634
0.2915076923077 175.47089012811
0.291692307692315 175.645992059213
0.291876923076931 175.821246877406
0.292061538461546 175.996648825958
0.292246153846161 176.172192143125
0.292430769230777 176.347871062342
0.292615384615392 176.523679812413
0.292800000000008 176.6996126177
0.292984615384623 176.875663698313
0.293169230769238 177.051827270301
0.293353846153854 177.228097545838
0.293538461538469 177.404468733419
0.293723076923085 177.580935038044
0.2939076923077 177.757490661416
0.294092307692315 177.934129802125
0.294276923076931 178.11084665584
0.294461538461546 178.287635415505
0.294646153846161 178.464490271522
0.294830769230777 178.641405411949
0.295015384615392 178.818375022686
0.295200000000008 178.99539328767
0.295384615384623 179.172454389064
0.295569230769238 179.34955250745
0.295753846153854 179.526681822018
0.295938461538469 179.70383651076
0.296123076923085 179.881010750662
0.2963076923077 180.058198717892
0.296492307692315 180.235394587996
0.296676923076931 180.412592536086
0.296861538461546 180.589786737033
0.297046153846162 180.766971365663
0.297230769230777 180.94414059694
0.297415384615392 181.121288606165
0.297600000000008 181.298409569167
0.297784615384623 181.475497662491
0.297969230769239 181.652547063593
0.298153846153854 181.82955195103
0.298338461538469 182.006506504654
0.298523076923085 182.183404905802
0.2987076923077 182.360241337488
0.298892307692316 182.537009984593
0.299076923076931 182.713705034061
0.299261538461546 182.890320675086
0.299446153846162 183.066851099305
0.299630769230777 183.243290500992
0.299815384615393 183.419633077244
0.300061387075417 183.513537717419
0.300307389535442 183.572194449595
0.300553391995466 183.630803151676
0.300799394455491 183.689363902254
0.301045396915516 183.747876779729
0.30129139937554 183.806341862309
0.301537401835565 183.864759228012
0.301783404295589 183.923128954663
0.302029406755614 183.981451119897
0.302275409215639 184.03972580116
0.302521411675663 184.097953075709
0.302767414135688 184.156133020613
0.303013416595712 184.214265712752
0.303259419055737 184.27235122882
0.303505421515761 184.330389645323
0.303751423975786 184.388381038582
0.303997426435811 184.446325484734
0.304243428895835 184.504223059729
0.30448943135586 184.562073839334
0.304735433815884 184.619877899132
0.304981436275909 184.677635314523
0.305227438735934 184.735346160724
0.305473441195958 184.793010512772
0.305719443655983 184.850628445522
0.305965446116007 184.908200033648
0.306211448576032 184.965725351643
0.306457451036057 185.023204473823
0.306703453496081 185.080637474323
0.306949455956106 185.138024427101
0.30719545841613 185.195365405936
0.307441460876155 185.25266048443
0.30768746333618 185.309909736011
0.307933465796204 185.367113233926
0.308179468256229 185.424271051252
0.308425470716253 185.481383260887
0.308671473176278 185.538449935556
0.308917475636303 185.595471147811
0.309163478096327 185.65244697003
0.309409480556352 185.709377474417
0.309655483016376 185.766262733007
0.309901485476401 185.82310281766
0.310147487936426 185.879897800067
0.31039349039645 185.936647751748
0.310639492856475 185.993352744053
0.310885495316499 186.050012848162
0.311131497776524 186.106628135088
0.311377500236549 186.163198675673
0.311623502696573 186.219724540593
0.311869505156598 186.276205800355
0.312115507616622 186.332642525301
0.312361510076647 186.389034785607
0.312607512536672 186.445382651281
0.312853514996696 186.501686192167
0.313099517456721 186.557945477946
0.313345519916745 186.614160578131
0.31359152237677 186.670331562075
0.313837524836795 186.726458498966
0.314083527296819 186.78254145783
0.314329529756844 186.838580507531
0.314575532216868 186.89457571677
0.314821534676893 186.950527154088
0.315067537136918 187.006434887866
0.315313539596942 187.062298986324
0.315559542056967 187.118119517522
0.315805544516991 187.173896549362
0.316051546977016 187.229630149587
0.316297549437041 187.285320385782
0.316543551897065 187.340967325373
0.31678955435709 187.39657103563
0.317035556817114 187.452131583667
0.317281559277139 187.507649036441
0.317527561737164 187.563123460754
0.317773564197188 187.618554923251
0.318019566657213 187.673943490424
0.318265569117237 187.729289228611
0.318511571577262 187.784592203994
0.318757574037286 187.839852482605
0.319003576497311 187.89507013032
0.319249578957336 187.950245212864
0.31949558141736 188.005377795812
0.319741583877385 188.060467944584
0.319987586337409 188.115515724451
0.320233588797434 188.170521200534
0.320479591257459 188.225484437803
0.320725593717483 188.280405501078
0.320971596177508 188.335284455032
0.321217598637532 188.390121364188
0.321463601097557 188.444916292919
0.321709603557582 188.499669305454
0.321955606017606 188.554380465873
0.322201608477631 188.609049838107
0.322447610937655 188.663677485944
0.32269361339768 188.718263473025
0.322939615857705 188.772807862844
0.323185618317729 188.827310718752
0.323431620777754 188.881772103954
0.323677623237778 188.936192081511
0.323923625697803 188.990570714342
0.324169628157828 189.04490806522
0.324415630617852 189.099204196778
0.324661633077877 189.153459171503
0.324907635537901 189.207673051743
0.325153637997926 189.261845899704
0.325399640457951 189.31597777745
0.325645642917975 189.370068746905
0.325891645378 189.424118869851
0.326137647838024 189.478128207933
0.326383650298049 189.532096822654
0.326629652758074 189.58602477538
0.326875655218098 189.639912127337
0.327121657678123 189.693758939613
0.327367660138147 189.747565273159
0.327613662598172 189.801331188788
0.327859665058197 189.855056747175
0.328105667518221 189.908742008862
0.328351669978246 189.96238703425
0.32859767243827 190.015991883609
0.328843674898295 190.069556617071
0.32908967735832 190.123081294632
0.329335679818344 190.176565976157
0.329581682278369 190.230010721375
0.329827684738393 190.28341558988
0.330073687198418 190.336780641135
0.330319689658443 190.390105934469
0.330565692118467 190.443391529078
0.330811694578492 190.496637484028
0.331057697038516 190.54984385825
0.331303699498541 190.603010710546
0.331549701958566 190.656138099588
0.33179570441859 190.709226083914
0.332041706878615 190.762274721935
0.332287709338639 190.81528407193
0.332533711798664 190.868254192051
0.332779714258689 190.921185140319
0.333025716718713 190.974076974627
0.333271719178738 191.02692975274
0.333517721638762 191.079743532294
0.333763724098787 191.1325183708
0.334009726558812 191.185254325639
0.334255729018836 191.237951454067
0.334501731478861 191.290609813213
0.334747733938885 191.34322946008
0.33499373639891 191.395810451547
0.335239738858934 191.448352844365
0.335485741318959 191.500856695161
0.335731743778984 191.553322060439
0.335977746239008 191.605748996577
0.336223748699033 191.65813755983
0.336469751159057 191.71048780633
0.336715753619082 191.762799792086
0.336961756079107 191.815073572982
0.337207758539131 191.867309204782
0.337453760999156 191.919506743128
0.33769976345918 191.971666243539
0.337945765919205 192.023787761414
0.33819176837923 192.07587135203
0.338437770839254 192.127917070545
0.338683773299279 192.179924971994
0.338929775759303 192.231895111294
0.339175778219328 192.283827543244
0.339421780679353 192.335722322521
0.339667783139377 192.387579503683
0.339913785599402 192.439399141173
0.340159788059426 192.491181289312
0.340405790519451 192.542926002305
0.340651792979476 192.59463333424
0.3408977954395 192.646303339086
0.341143797899525 192.697936070697
0.341389800359549 192.74953158281
0.341635802819574 192.801089929046
0.341881805279599 192.852611162909
0.342127807739623 192.90409533779
0.342373810199648 192.955542506962
0.342619812659672 193.006952723585
0.342865815119697 193.058326040704
0.343111817579722 193.109662511251
0.343357820039746 193.160962188041
0.343603822499771 193.21222512378
0.343849824959795 193.263451371058
0.34409582741982 193.314640982352
0.344341829879845 193.365794010027
0.344587832339869 193.416910506337
0.344833834799894 193.467990523423
0.345079837259918 193.519034113313
0.345325839719943 193.570041327928
0.345571842179968 193.621012219073
0.345817844639992 193.671946838446
0.346063847100017 193.722845237634
0.346309849560041 193.773707468112
0.346555852020066 193.824533581248
0.346801854480091 193.8753236283
0.347047856940115 193.926077660415
0.34729385940014 193.976795728634
0.347539861860164 194.027477883888
0.347785864320189 194.078124177
0.348031866780214 194.128734658687
0.348277869240238 194.179309379554
0.348523871700263 194.229848390104
0.348769874160287 194.28035174073
0.349015876620312 194.33081948172
0.349261879080337 194.381251663254
0.349507881540361 194.431648335407
0.349753884000386 194.482009548149
0.34999988646041 194.532335351343
0.350245888920435 194.582625794749
0.350491891380459 194.632880928019
0.350737893840484 194.683100800704
0.350983896300509 194.733285462249
0.351229898760533 194.783434961994
0.351475901220558 194.833549349178
0.351721903680582 194.883628672935
0.351967906140607 194.933672982295
0.352213908600632 194.983682326188
0.352459911060656 195.03365675344
0.352705913520681 195.083596312773
0.352951915980705 195.133501052811
0.35319791844073 195.183371022072
0.353443920900755 195.233206268977
0.353689923360779 195.283006841842
0.353935925820804 195.332772788885
0.354181928280828 195.382504158222
0.354427930740853 195.43220099787
0.354673933200878 195.481863355745
0.354919935660902 195.531491279663
0.355165938120927 195.581084817342
0.355411940580951 195.6306440164
0.355657943040976 195.680168924356
0.355903945501001 195.72965958863
0.356149947961025 195.779116056547
0.35639595042105 195.828538375329
0.356641952881074 195.877926592103
0.356887955341099 195.927280753899
0.357133957801124 195.976600907648
0.357379960261148 196.025887100186
0.357625962721173 196.075139378251
0.357871965181197 196.124357788484
0.358117967641222 196.173542377432
0.358363970101247 196.222693191544
0.358609972561271 196.271810277174
0.358855975021296 196.320893680582
0.35910197748132 196.369943447931
0.359347979941345 196.41895962529
0.35959398240137 196.467942258633
0.359839984861394 196.516891393841
0.360085987321419 196.565807076699
0.360331989781443 196.614689352899
0.360577992241468 196.663538268041
0.360823994701493 196.712353867629
0.361069997161517 196.761136197075
0.361315999621542 196.8098853017
0.361562002081566 196.85860122673
0.361808004541591 196.907284017299
0.362054007001616 196.955933718451
0.36230000946164 197.004550375136
0.362546011921665 197.053134032213
0.362792014381689 197.10168473445
0.363038016841714 197.150202526525
0.363284019301739 197.198687453024
0.363530021761763 197.247139558442
0.363776024221788 197.295558887184
0.364022026681812 197.343945483566
0.364268029141837 197.392299391813
0.364514031601862 197.440620656061
0.364760034061886 197.488909320357
0.365006036521911 197.537165428659
0.365252038981935 197.585389024833
0.36549804144196 197.633580152662
0.365744043901985 197.681738855837
0.365990046362009 197.72986517796
0.366236048822034 197.777959162548
0.366482051282058 197.826020853028
0.366728053742083 197.874050292741
0.366974056202107 197.922047524941
0.367220058662132 197.970012592794
0.367466061122157 198.017945539379
0.367712063582181 198.06584640769
0.367958066042206 198.113715240634
0.36820406850223 198.161552081031
0.368450070962255 198.209356971617
0.36869607342228 198.25712995504
0.368942075882304 198.304871073866
0.369188078342329 198.352580370574
0.369434080802353 198.400257887557
0.369680083262378 198.447903667125
0.369926085722403 198.495517751503
0.370172088182427 198.543100182832
0.370418090642452 198.590651003169
0.370664093102476 198.638170254487
0.370910095562501 198.685657978675
0.371156098022526 198.733114217541
0.37140210048255 198.780539012806
0.371648102942575 198.827932406111
0.371894105402599 198.875294439014
0.372140107862624 198.922625152991
0.372386110322649 198.969924589433
0.372632112782673 199.017192789652
0.372878115242698 199.064429794877
0.373124117702722 199.111635646256
0.373370120162747 199.158810384854
0.373616122622772 199.205954051657
0.373862125082796 199.25306668757
0.374108127542821 199.300148333415
0.374354130002845 199.347199029935
0.37460013246287 199.394218817793
0.374846134922895 199.441207737571
0.375092137382919 199.488165829773
0.375338139842944 199.535093134821
0.375584142302968 199.581989693059
0.375830144762993 199.62885554475
0.376076147223018 199.675690730081
0.376322149683042 199.722495289158
0.376568152143067 199.769269262008
0.376814154603091 199.81601268858
0.377060157063116 199.862725608747
0.377306159523141 199.909408062301
0.377552161983165 199.956060088957
0.37779816444319 200.002681728354
0.378044166903214 200.049273020051
0.378290169363239 200.095834003531
0.378536171823264 200.142364718201
0.378782174283288 200.188865203391
0.379028176743313 200.235335498352
0.379274179203337 200.281775642261
0.379520181663362 200.328185674218
0.379766184123387 200.374565633247
0.380012186583411 200.420915558297
0.380258189043436 200.46723548824
0.38050419150346 200.513525461873
0.380750193963485 200.559785517918
0.38099619642351 200.606015695023
0.381242198883534 200.65221603176
0.381488201343559 200.698386566625
0.381734203803583 200.744527338043
0.381980206263608 200.790638384361
0.382226208723632 200.836719743855
0.382472211183657 200.882771454726
0.382718213643682 200.9287935551
0.382964216103706 200.974786083031
0.383210218563731 201.0207490765
0.383456221023755 201.066682573413
0.38370222348378 201.112586611606
0.383948225943805 201.158461228839
0.384194228403829 201.204306462802
0.384440230863854 201.250122351112
0.384686233323878 201.295908931312
0.384932235783903 201.341666240875
0.385178238243928 201.387394317202
0.385424240703952 201.433093197622
0.385670243163977 201.478762919392
0.385916245624001 201.524403519699
0.386162248084026 201.570015035657
0.386408250544051 201.615597504311
0.386654253004075 201.661150962634
0.3869002554641 201.70667544753
0.387146257924124 201.75217099583
0.387392260384149 201.797637644298
0.387638262844174 201.843075429625
0.387884265304198 201.888484388435
0.388130267764223 201.93386455728
0.388376270224247 201.979215972643
0.388622272684272 202.024538670939
0.388868275144297 202.069832688513
0.389114277604321 202.11509806164
0.389360280064346 202.160334826528
0.38960628252437 202.205543019316
0.389852284984395 202.250722676073
0.39009828744442 202.295873832802
0.390344289904444 202.340996525437
0.390590292364469 202.386090789843
0.390836294824493 202.431156661819
0.391082297284518 202.476194177095
0.391328299744543 202.521203371334
0.391574302204567 202.566184280133
0.391820304664592 202.61113693902
0.392066307124616 202.656061383458
0.392312309584641 202.700957648841
0.392558312044666 202.745825770498
0.39280431450469 202.790665783692
0.393050316964715 202.835477723619
0.393296319424739 202.880261625409
0.393542321884764 202.925017524126
0.393788324344789 202.969745454767
0.394034326804813 203.014445452267
0.394280329264838 203.059117551493
0.394526331724862 203.103761787246
0.394772334184887 203.148378194263
0.395018336644912 203.192966807218
0.395264339104936 203.237527660717
0.395510341564961 203.282060789303
0.395756344024985 203.326566227454
0.39600234648501 203.371044009585
0.396248348945035 203.415494170046
0.396494351405059 203.459916743122
0.396740353865084 203.504311763036
0.396986356325108 203.548679263946
0.397232358785133 203.593019279948
0.397478361245158 203.637331845073
0.397724363705182 203.681616993289
0.397970366165207 203.725874758503
0.398216368625231 203.770105174558
0.398462371085256 203.814308275233
0.39870837354528 203.858484094245
0.398954376005305 203.90263266525
0.39920037846533 203.946754021841
0.399446380925354 203.990848197549
0.399692383385379 204.034915225842
0.399938385845403 204.078955140127
0.400184388305428 204.12296797375
0.400430390765453 204.166953759995
0.400676393225477 204.210912532085
0.400922395685502 204.25484432318
0.401168398145526 204.298749166382
0.401414400605551 204.34262709473
0.401660403065576 204.386478141202
0.4019064055256 204.430302338718
0.402152407985625 204.474099720135
0.402398410445649 204.51787031825
0.402644412905674 204.561614165801
0.402890415365699 204.605331295466
0.403136417825723 204.649021739861
0.403382420285748 204.692685531546
0.403628422745772 204.736322703017
0.403874425205797 204.779933286715
0.404120427665822 204.823517315019
0.404366430125846 204.867074820249
0.404612432585871 204.910605834668
0.404858435045895 204.954110390477
0.40510443750592 204.997588519821
0.405350439965945 205.041040254786
0.405596442425969 205.084465627399
0.405842444885994 205.127864669628
0.406088447346018 205.171237413384
0.406334449806043 205.214583890521
0.406580452266068 205.257904132833
0.406826454726092 205.301198172058
0.407072457186117 205.344466039875
0.407318459646141 205.387707767906
0.407564462106166 205.430923387717
0.407810464566191 205.474112930815
0.408056467026215 205.517276428652
0.40830246948624 205.560413912621
0.408548471946264 205.60352541406
0.408794474406289 205.646610964249
0.409040476866314 205.689670594413
0.409286479326338 205.73270433572
0.409532481786363 205.77571221928
0.409778484246387 205.818694276151
0.410024486706412 205.861650537332
0.410270489166437 205.904581033766
0.410516491626461 205.947485796343
0.410762494086486 205.990364855894
0.41100849654651 206.033218243198
0.411254499006535 206.076045988977
0.41150050146656 206.118848123898
0.411746503926584 206.161624678573
0.411992506386609 206.204375683558
0.412238508846633 206.247101169358
0.412484511306658 206.289801166419
0.412730513766683 206.332475705136
0.412976516226707 206.375124815846
0.413222518686732 206.417748528836
0.413468521146756 206.460346874337
0.413714523606781 206.502919882524
0.413960526066806 206.545467583522
0.41420652852683 206.5879900074
0.414452530986855 206.630487184173
0.414698533446879 206.672959143804
0.414944535906904 206.715405916203
0.415190538366928 206.757827531224
0.415436540826953 206.800224018672
0.415682543286978 206.842595408296
0.415928545747002 206.884941729793
0.416174548207027 206.927263012808
0.416420550667051 206.969559286933
0.416666553127076 207.011830581707
0.416912555587101 207.054076926617
0.417158558047125 207.096298351099
0.41740456050715 207.138494884536
0.417650562967174 207.180666556258
0.417896565427199 207.222813395544
0.418142567887224 207.264935431623
0.418388570347248 207.307032693671
0.418634572807273 207.349105210811
0.418880575267297 207.391153012116
0.419126577727322 207.43317612661
0.419372580187347 207.475174583263
0.419618582647371 207.517148410994
0.419864585107396 207.559097638673
0.42011058756742 207.601022295118
0.420356590027445 207.642922409097
0.42060259248747 207.684798009328
0.420848594947494 207.726649124476
0.421094597407519 207.768475783158
0.421340599867543 207.810278013942
0.421586602327568 207.852055845344
0.421832604787593 207.893809305829
0.422078607247617 207.935538423815
0.422324609707642 207.977243227669
0.422570612167666 208.018923745709
0.422816614627691 208.060580006202
0.423062617087716 208.102212037367
0.42330861954774 208.143819867374
0.423554622007765 208.185403524343
0.423800624467789 208.226963036347
0.424046626927814 208.268498431406
0.424292629387839 208.310009737496
0.424538631847863 208.351496982541
0.424784634307888 208.392960194418
0.425030636767912 208.434399400956
0.425276639227937 208.475814629934
0.425522641687962 208.517205909083
0.425768644147986 208.558573266089
0.426014646608011 208.599916728586
0.426260649068035 208.641236324162
0.42650665152806 208.682532080358
0.426752653988085 208.723804024665
0.426998656448109 208.765052184529
0.427244658908134 208.806276587347
0.427490661368158 208.847477260469
0.427736663828183 208.888654231199
0.427982666288208 208.929807526792
0.428228668748232 208.970937174457
0.428474671208257 209.012043201356
0.428720673668281 209.053125634605
0.428966676128306 209.094184501271
0.429212678588331 209.135219828378
0.429458681048355 209.1762316429
0.42970468350838 209.217219971767
0.429950685968404 209.258184841862
0.430196688428429 209.299126280021
0.430442690888453 209.340044313036
0.430688693348478 209.380938967652
0.430934695808503 209.421810270567
0.431180698268527 209.462658248434
0.431426700728552 209.503482927863
0.431672703188576 209.544284335415
0.431918705648601 209.585062497606
0.432164708108626 209.62581744091
0.43241071056865 209.666549191751
0.432656713028675 209.707257776511
0.432902715488699 209.747943221527
0.433148717948724 209.78860555309
0.433394720408749 209.829244797446
0.433640722868773 209.869860980798
0.433886725328798 209.910454129303
0.434132727788822 209.951024269074
0.434378730248847 209.991571426179
0.434624732708872 210.032095626643
0.434870735168896 210.072596896446
0.435116737628921 210.113075261524
0.435362740088945 210.153530747768
0.43560874254897 210.193963381028
0.435854745008995 210.234373187107
0.436100747469019 210.274760191765
0.436346749929044 210.315124420721
0.436592752389068 210.355465899648
0.436838754849093 210.395784654175
0.437084757309118 210.43608070989
0.437330759769142 210.476354092337
0.437576762229167 210.516604827017
0.437822764689191 210.556832939386
0.438068767149216 210.59703845486
0.438314769609241 210.637221398811
0.438560772069265 210.677381796567
0.43880677452929 210.717519673416
0.439052776989314 210.757635054602
0.439298779449339 210.797727965327
0.439544781909364 210.837798430749
0.439790784369388 210.877846475986
0.440036786829413 210.917872126113
0.440282789289437 210.957875406163
0.440528791749462 210.997856341126
0.440774794209487 211.037814955953
0.441020796669511 211.077751275551
0.441266799129536 211.117665324784
0.44151280158956 211.157557128478
0.441758804049585 211.197426711415
0.44200480650961 211.237274098336
0.442250808969634 211.277099313942
0.442496811429659 211.31690238289
0.442742813889683 211.3566833298
0.442988816349708 211.396442179246
0.443234818809733 211.436178955766
0.443480821269757 211.475893683854
0.443726823729782 211.515586387963
0.443972826189806 211.555257092509
0.444218828649831 211.594905821862
0.444464831109856 211.634532600357
0.44471083356988 211.674137452284
0.444956836029905 211.713720401895
0.445202838489929 211.753281473403
0.445448840949954 211.792820690978
0.445694843409979 211.832338078751
0.445940845870003 211.871833660815
0.446186848330028 211.91130746122
0.446432850790052 211.950759503979
0.446678853250077 211.990189813063
0.446924855710101 212.029598412405
0.447170858170126 212.068985325897
0.447416860630151 212.108350577394
0.447662863090175 212.14769419071
0.4479088655502 212.187016189619
0.448154868010224 212.226316597858
0.448400870470249 212.265595439123
0.448646872930274 212.304852737072
0.448892875390298 212.344088515323
0.449138877850323 212.383302797457
0.449384880310347 212.422495607015
0.449630882770372 212.461666967499
0.449876885230397 212.500816902374
0.450122887690421 212.539945435065
0.450368890150446 212.57905258896
0.45061489261047 212.618138387407
0.450860895070495 212.657202853716
0.45110689753052 212.696246011161
0.451352899990544 212.735267882976
0.451598902450569 212.774268492357
0.451844904910593 212.813247862463
0.452090907370618 212.852206016414
0.452336909830643 212.891142977294
0.452582912290667 212.930058768147
0.452828914750692 212.968953411982
0.453074917210716 213.007826931769
0.453320919670741 213.046679350441
0.453566922130766 213.085510690893
0.45381292459079 213.124320975984
0.454058927050815 213.163110228534
0.454304929510839 213.201878471329
0.454550931970864 213.240625727114
0.454796934430889 213.2793520186
0.455042936890913 213.318057368461
0.455288939350938 213.356741799333
0.455534941810962 213.395405333815
0.455780944270987 213.434047994472
0.456026946731012 213.472669803829
0.456272949191036 213.511270784378
0.456518951651061 213.549850958571
0.456764954111085 213.588410348827
0.45701095657111 213.626948977527
0.457256959031135 213.665466867017
0.457502961491159 213.703964039604
0.457748963951184 213.742440517564
0.457994966411208 213.780896323133
0.458240968871233 213.819331478512
0.458486971331258 213.857746005868
0.458732973791282 213.896139927331
0.458978976251307 213.934513264994
0.459224978711331 213.972866040918
0.459470981171356 214.011198277125
0.459716983631381 214.049509995604
0.459962986091405 214.087801218308
0.46020898855143 214.126071967154
0.460454991011454 214.164322264025
0.460700993471479 214.202552130769
0.460946995931504 214.240761589197
0.461192998391528 214.278950661088
0.461439000851553 214.317119368185
0.461685003311577 214.355267732194
0.461931005771602 214.393395774791
0.462177008231626 214.431503517612
0.462423010691651 214.469590982263
0.462669013151676 214.507658190312
0.4629150156117 214.545705163296
0.463161018071725 214.583731922716
0.463407020531749 214.621738490037
0.463653022991774 214.659724886692
0.463899025451799 214.697691134081
0.464145027911823 214.735637253566
0.464391030371848 214.773563266479
0.464637032831872 214.811469194116
0.464883035291897 214.84935505774
0.465129037751922 214.88722087858
0.465375040211946 214.925066677831
0.465621042671971 214.962892476655
0.465867045131995 215.000698296179
0.46611304759202 215.0384841575
0.466359050052045 215.076250081677
0.466605052512069 215.113996089738
0.466851054972094 215.15172220268
0.467097057432118 215.189428441462
0.467343059892143 215.227114827014
0.467589062352168 215.264781380231
0.467835064812192 215.302428121976
0.468081067272217 215.340055073077
0.468327069732241 215.377662254332
0.468573072192266 215.415249686504
0.468819074652291 215.452817390325
0.469065077112315 215.490365386493
0.46931107957234 215.527893695675
0.469557082032364 215.565402338504
0.469803084492389 215.60289133558
0.470049086952414 215.640360707474
0.470295089412438 215.677810474721
0.470541091872463 215.715240657825
0.470787094332487 215.752651277259
0.471033096792512 215.790042353463
0.471279099252537 215.827413906845
0.471525101712561 215.864765957781
0.471771104172586 215.902098526614
0.47201710663261 215.939411633658
0.472263109092635 215.976705299194
0.47250911155266 216.013979543469
0.472755114012684 216.051234386701
0.473001116472709 216.088469849077
0.473247118932733 216.12568595075
0.473493121392758 216.162882711843
0.473739123852783 216.200060152448
0.473985126312807 216.237218292625
0.474231128772832 216.274357152403
0.474477131232856 216.31147675178
0.474723133692881 216.348577110722
0.474969136152906 216.385658249165
0.47521513861293 216.422720187014
0.475461141072955 216.459762944143
0.475707143532979 216.496786540395
0.475953145993004 216.533790995582
0.476199148453029 216.570776329485
0.476445150913053 216.607742561856
0.476691153373078 216.644689712414
0.476937155833102 216.681617800849
0.477183158293127 216.718526846821
0.477429160753152 216.755416869958
0.477675163213176 216.792287889859
0.477921165673201 216.829139926093
0.478167168133225 216.865972998197
0.47841317059325 216.902787125679
0.478659173053274 216.939582328017
0.478905175513299 216.976358624659
0.479151177973324 217.013116035023
0.479397180433348 217.049854578496
0.479643182893373 217.086574274437
0.479889185353397 217.123275142175
0.480135187813422 217.159957201007
0.480381190273447 217.196620470203
0.480627192733471 217.233264969001
0.480873195193496 217.269890716613
0.48111919765352 217.306497732218
0.481365200113545 217.343086034967
0.48161120257357 217.379655643981
0.481857205033594 217.416206578354
0.482103207493619 217.452738857148
0.482349209953643 217.489252499397
0.482595212413668 217.525747524105
0.482841214873693 217.562223950249
0.483087217333717 217.598681796776
0.483333219793742 217.635121082602
0.483579222253766 217.671541826617
0.483825224713791 217.70794404768
0.484071227173816 217.744327764624
0.48431722963384 217.780692996251
0.484563232093865 217.817039761335
0.484809234553889 217.853368078621
0.485055237013914 217.889677966826
0.485301239473939 217.925969444639
0.485547241933963 217.962242530718
0.485793244393988 217.998497243697
0.486039246854012 218.034733602179
0.486285249314037 218.070951624737
0.486531251774062 218.107151329921
0.486777254234086 218.143332736247
0.487023256694111 218.179495862207
0.487269259154135 218.215640726263
0.48751526161416 218.251767346851
0.487761264074185 218.287875742377
0.488007266534209 218.32396593122
0.488253268994234 218.360037931731
0.488499271454258 218.396091762234
0.488745273914283 218.432127441024
0.488991276374308 218.46814498637
0.489237278834332 218.504144416513
0.489483281294357 218.540125749664
0.489729283754381 218.576089004011
0.489975286214406 218.612034197712
0.490221288674431 218.647961348896
0.490467291134455 218.683870475668
0.49071329359448 218.719761596105
0.490959296054504 218.755634728255
0.491205298514529 218.79148989014
0.491451300974554 218.827327099757
0.491697303434578 218.863146375071
0.491943305894603 218.898947734025
0.492189308354627 218.934731194533
0.492435310814652 218.970496774482
0.492681313274677 219.006244491732
0.492927315734701 219.041974364118
0.493173318194726 219.077686409445
0.49341932065475 219.113380645496
0.493665323114775 219.149057090022
0.493911325574799 219.184715760753
0.494157328034824 219.220356675387
0.494403330494849 219.255979851601
0.494649332954873 219.291585307041
0.494895335414898 219.32717305933
0.495141337874922 219.362743126062
0.495387340334947 219.398295524807
0.495633342794972 219.433830273109
0.495879345254996 219.469347388483
0.496125347715021 219.504846888421
0.496371350175045 219.540328790387
0.49661735263507 219.575793111821
0.496863355095095 219.611239870134
0.497109357555119 219.646669082715
0.497355360015144 219.682080766925
0.497601362475168 219.717474940099
0.497847364935193 219.752851619547
0.498093367395218 219.788210822552
0.498339369855242 219.823552566375
0.498585372315267 219.858876868247
0.498831374775291 219.894183745376
0.499077377235316 219.929473214944
0.499323379695341 219.964745294109
0.499569382155365 220
