0 139.387030640106
0.00297029702970297 139.387030640106
0.00594059405940594 139.395251534208
0.00891089108910891 139.429650530939
0.0118811881188119 139.506458045893
0.0148514851485149 139.641265178823
0.0178217821782178 139.848975096782
0.0207920792079208 140.143672782771
0.0237623762376238 140.538484808457
0.0267326732673267 141.045442912266
0.0297029702970297 141.67535595518
0.0326732673267327 142.437692560076
0.0356435643564356 143.340475974843
0.0386138613861386 144.390192347028
0.0415841584158416 145.591713377361
0.0445544554455446 146.94823414462
0.0475247524752475 148.461226735019
0.0504950495049505 150.130410154716
0.0534653465346535 151.953736850023
0.0564356435643565 153.927396005546
0.0594059405940594 156.045833635786
0.0623762376237624 158.301789331644
0.0653465346534654 160.686349370631
0.0683168316831683 163.189015749779
0.0712871287128713 165.797790554316
0.0742574257425743 168.499274934541
0.0772277227722773 171.278781829033
0.0801980198019802 174.120461445757
0.0831683168316832 177.007438394681
0.0861386138613862 179.921959257447
0.0891089108910891 182.845549282245
0.0920792079207921 185.759176806359
0.0950495049504951 188.643423935473
0.0980198019801981 191.478661948628
0.100990099009901 194.245229851046
0.103960396039604 196.923614464485
0.106930693069307 199.494630426556
0.10990099009901 201.939598466746
0.112871287128713 204.240520337821
0.115841584158416 206.380248806694
0.118811881188119 208.342651148569
0.121782178217822 210.112764641904
0.124752475247525 211.67694262893
0.127722772277228 213.022989786645
0.130693069306931 214.140285345624
0.133663366336634 215.019893097802
0.136633663366337 215.654657148839
0.13960396039604 216.039282494572
0.142574257425743 216.170399633489
0.145544554455446 216.046612566841
0.148514851485149 215.668529683778
0.151485148514852 215.038777179492
0.154455445544555 214.161994808321
0.157425742574258 213.044813929963
0.16039603960396 211.695817963791
0.163366336633663 210.12548552247
0.166336633663366 208.34611665028
0.169306930693069 206.371742742293
0.172277227722772 204.218020866623
0.175247524752475 201.902113351916
0.178217821782178 199.442553635014
0.181188118811881 196.859099487924
0.184158415841584 194.172574857911
0.187128712871287 191.404701658581
0.19009900990099 188.577922942345
0.193069306930693 185.715218964769
0.196039603960396 182.83991771837
0.199009900990099 179.975501566703
0.201980198019802 177.14541164869
0.204950495049505 174.372851747666
0.207920792079208 171.680593329259
0.210891089108911 169.090783447038
0.213861386138614 166.624757194628
0.216831683168317 164.302856348098
0.21980198019802 162.144255792997
0.222772277227723 160.166799266894
0.225742574257426 158.386845871252
0.228712871287129 156.819128716504
0.231683168316832 155.47662696212
0.234653465346535 154.37045240015
0.237623762376238 153.509751607055
0.240594059405941 152.901624555862
0.243564356435644 152.551060439713
0.246534653465347 152.460891310144
0.24950495049505 152.631763980085
0.252475247524753 153.062130483971
0.255445544554456 153.748257226925
0.258415841584159 154.684252793037
0.261386138613862 155.862114220753
0.264356435643565 157.271791392792
0.267326732673268 158.901269030094
0.27029702970297 160.736665625572
0.273267326732673 162.762348505202
0.276237623762376 164.961064062529
0.279207920792079 167.314082079208
0.282178217821782 169.801352920052
0.285148514851485 172.401676277098
0.288118811881188 175.092880034663
0.291089108910891 177.85200773698
0.294059405940594 180.655513062728
0.297029702970297 183.479459647119
0.300951271597748 184.962720695469
0.304872840225199 185.881357697375
0.30879440885265 186.788253815106
0.312715977480101 187.683705376344
0.316637546107552 188.567997630075
0.320559114735003 189.441405292054
0.324480683362454 190.304193057102
0.328402251989905 191.156616080636
0.332323820617356 191.998920431623
0.336245389244807 192.831343518953
0.340166957872258 193.654114493107
0.344088526499709 194.467454624795
0.34801009512716 195.271577662143
0.351931663754611 196.06669016787
0.355853232382062 196.852991837777
0.359774801009513 197.63067580179
0.363696369636964 198.399928908683
0.367617938264415 199.160931995529
0.371539506891866 199.91386014286
0.375461075519317 200.658882916431
0.379382644146768 201.396164596424
0.383304212774219 202.125864394863
0.387225781401669 202.848136661969
0.39114735002912 203.563131082119
0.395068918656571 204.270992860021
0.398990487284022 204.971862897708
0.402912055911473 205.665877962867
0.406833624538924 206.353170849021
0.410755193166375 207.033870528022
0.414676761793826 207.708102295309
0.418598330421277 208.375987908315
0.422519899048728 209.03764571844
0.426441467676179 209.69319079691
0.43036303630363 210.342735054885
0.434284604931081 210.98638735812
0.438206173558532 211.624253636467
0.442127742185983 212.256436988504
0.446049310813434 212.883037781541
0.449970879440885 213.504153747253
0.453892448068336 214.119880073158
0.457814016695787 214.730309490165
0.461735585323238 215.335532356387
0.465657153950689 215.93563673741
0.46957872257814 216.530708483196
0.473500291205591 217.120831301786
0.477421859833042 217.706086829969
0.481343428460493 218.286554701055
0.485264997087944 218.862312609902
0.489186565715395 219.433436375322
0.493108134342846 220
