0 220.062391507908
0.000265721877767936 220.062391507908
0.000531443755535872 220.062391484372
0.000797165633303809 220.062391427886
0.00106288751107174 220.062391337104
0.00132860938883968 220.062391211579
0.00159433126660762 220.062391051106
0.00186005314437555 220.062390855575
0.00212577502214349 220.062390624922
0.00239149689991143 220.062390359103
0.00265721877767936 220.06239005809
0.0029229406554473 220.062389721861
0.00318866253321523 220.062389350401
0.00345438441098317 220.062388943698
0.00372010628875111 220.062388501743
0.00398582816651904 220.06238802453
0.00425155004428698 220.062387512052
0.00451727192205491 220.062386964304
0.00478299379982285 220.062386381283
0.00504871567759079 220.062385762985
0.00531443755535872 220.062385109407
0.00558015943312666 220.062384420547
0.0058458813108946 220.062383696403
0.00611160318866253 220.062382936974
0.00637732506643047 220.062382142257
0.00664304694419841 220.062381312251
0.00690876882196634 220.062380446956
0.00717449069973428 220.062379546369
0.00744021257750222 220.062378610491
0.00770593445527015 220.06237763932
0.00797165633303809 220.062376632855
0.00823737821080603 220.062375591096
0.00850310008857396 220.062374514042
0.0087688219663419 220.062373401692
0.00903454384410983 220.062372254047
0.00930026572187777 220.062371071105
0.00956598759964571 220.062369852867
0.00983170947741364 220.062368599331
0.0100974313551816 220.062367310497
0.0103631532329495 220.062365986365
0.0106288751107175 220.062364626935
0.0108945969884854 220.062363232207
0.0111603188662533 220.06236180218
0.0114260407440213 220.062360336854
0.0116917626217892 220.062358836228
0.0119574844995571 220.062357300303
0.0122232063773251 220.062355729079
0.012488928255093 220.062354122554
0.0127546501328609 220.062352480729
0.0130203720106289 220.062350803605
0.0132860938883968 220.06234909118
0.0135518157661648 220.062347343454
0.0138175376439327 220.062345560427
0.0140832595217006 220.0623437421
0.0143489813994686 220.062341888472
0.0146147032772365 220.062339999543
0.0148804251550044 220.062338075313
0.0151461470327724 220.062336115781
0.0154118689105403 220.062334120948
0.0156775907883082 220.062332090814
0.0159433126660762 220.062330025378
0.0162090345438441 220.062327924641
0.0164747564216121 220.062325788602
0.01674047829938 220.062323617261
0.0170062001771479 220.062321410618
0.0172719220549159 220.062319168674
0.0175376439326838 220.062316891427
0.0178033658104517 220.062314578878
0.0180690876882197 220.062312231028
0.0183348095659876 220.062309847875
0.0186005314437555 220.06230742942
0.0188662533215235 220.062304975662
0.0191319751992914 220.062302486603
0.0193976970770593 220.062299962241
0.0196634189548273 220.062297402576
0.0199291408325952 220.062294807609
0.0201948627103631 220.06229217734
0.0204605845881311 220.062289511768
0.020726306465899 220.062286810894
0.0209920283436669 220.062284074716
0.0212577502214349 220.062281303237
0.0215234720992028 220.062278496454
0.0217891939769707 220.062275654369
0.0220549158547387 220.062272776981
0.0223206377325066 220.062269864291
0.0225863596102745 220.062266916297
0.0228520814880425 220.062263933001
0.0231178033658104 220.062260914402
0.0233835252435784 220.0622578605
0.0236492471213463 220.062254771295
0.0239149689991142 220.062251646787
0.0241806908768822 220.062248486976
0.0244464127546501 220.062245291863
0.024712134632418 220.062242061446
0.024977856510186 220.062238795726
0.0252435783879539 220.062235494703
0.0255093002657218 220.062232158377
0.0257750221434898 220.062228786748
0.0260407440212577 220.062225379815
0.0263064658990256 220.06222193758
0.0265721877767936 220.062218460041
0.0268379096545615 220.0622149472
0.0271036315323294 220.062211399055
0.0273693534100974 220.062207815606
0.0276350752878653 220.062204196855
0.0279007971656332 220.0622005428
0.0281665190434012 220.062196853443
0.0284322409211691 220.062193128781
0.028697962798937 220.062189368817
0.028963684676705 220.062185573549
0.0292294065544729 220.062181742978
0.0294951284322409 220.062177877104
0.0297608503100088 220.062173975926
0.0300265721877767 220.062170039445
0.0302922940655447 220.06216606766
0.0305580159433126 220.062162060572
0.0308237378210805 220.062158018181
0.0310894596988485 220.062153940486
0.0313551815766164 220.062149827488
0.0316209034543843 220.062145679187
0.0318866253321523 220.062141495582
0.0321523472099202 220.062137276673
0.0324180690876881 220.062133022461
0.0326837909654561 220.062128732946
0.032949512843224 220.062124408127
0.033215234720992 220.062120048005
0.0334809565987599 220.062115652579
0.0337466784765278 220.06211122185
0.0340124003542958 220.062106755817
0.0342781222320637 220.062102254481
0.0345438441098317 220.062097717841
0.0348095659875996 220.062093145898
0.0350752878653675 220.062088538651
0.0353410097431355 220.062083896101
0.0356067316209034 220.062079218247
0.0358724534986713 220.06207450509
0.0361381753764393 220.062069756629
0.0364038972542072 220.062064972864
0.0366696191319752 220.062060153796
0.0369353410097431 220.062055299424
0.037201062887511 220.062050409749
0.037466784765279 220.06204548477
0.0377325066430469 220.062040524487
0.0379982285208149 220.062035528901
0.0382639503985828 220.062030498011
0.0385296722763507 220.062025431818
0.0387953941541187 220.062020330321
0.0390611160318866 220.06201519352
0.0393268379096545 220.062010021416
0.0395925597874225 220.062004814008
0.0398582816651904 220.061999571296
0.0401240035429584 220.061994293281
0.0403897254207263 220.061988979962
0.0406554472984942 220.061983631339
0.0409211691762622 220.061978247412
0.0411868910540301 220.061972828182
0.041452612931798 220.061967373649
0.041718334809566 220.061961883811
0.0419840566873339 220.06195635867
0.0422497785651019 220.061950798225
0.0425155004428698 220.061945202477
0.0427812223206377 220.061939571424
0.0430469441984057 220.061933905068
0.0433126660761736 220.061928203409
0.0435783879539416 220.061922466445
0.0438441098317095 220.061916694178
0.0441098317094774 220.061910886607
0.0443755535872454 220.061905043733
0.0446412754650133 220.061899165554
0.0449069973427812 220.061893252072
0.0451727192205492 220.061887303287
0.0454384410983171 220.061881319197
0.0457041629760851 220.061875299804
0.045969884853853 220.061869245107
0.0462356067316209 220.061863155106
0.0465013286093889 220.061857029801
0.0467670504871568 220.061850869192
0.0470327723649248 220.06184467328
0.0472984942426927 220.061838442064
0.0475642161204606 220.061832175544
0.0478299379982286 220.061825873721
0.0480956598759965 220.061819536594
0.0483613817537644 220.061813164162
0.0486271036315324 220.061806756427
0.0488928255093003 220.061800313389
0.0491585473870683 220.061793835046
0.0494242692648362 220.0617873214
0.0496899911426041 220.06178077245
0.0499557130203721 220.061774188196
0.05022143489814 220.061767568638
0.0504871567759079 220.061760913777
0.0507528786536759 220.061754223611
0.0510186005314438 220.061747498142
0.0512843224092118 220.061740737369
0.0515500442869797 220.061733941292
0.0518157661647476 220.061727109912
0.0520814880425156 220.061720243227
0.0523472099202835 220.061713341239
0.0526129317980515 220.061706403946
0.0528786536758194 220.06169943135
0.0531443755535873 220.06169242345
0.0534100974313553 220.061685380247
0.0536758193091232 220.061678301739
0.0539415411868911 220.061671187927
0.0542072630646591 220.061664038812
0.054472984942427 220.061656854393
0.054738706820195 220.06164963467
0.0550044286979629 220.061642379643
0.0552701505757308 220.061635089312
0.0555358724534988 220.061627763678
0.0558015943312667 220.061620402739
0.0560673162090346 220.061613006497
0.0563330380868026 220.061605574951
0.0565987599645705 220.061598108101
0.0568644818423385 220.061590605947
0.0571302037201064 220.061583068489
0.0573959255978743 220.061575495727
0.0576616474756423 220.061567887662
0.0579273693534102 220.061560244293
0.0581930912311782 220.061552565619
0.0584588131089461 220.061544851642
0.058724534986714 220.061537102361
0.058990256864482 220.061529317776
0.0592559787422499 220.061521497887
0.0595217006200178 220.061513642695
0.0597874224977858 220.061505752198
0.0600531443755537 220.061497826397
0.0603188662533217 220.061489865293
0.0605845881310896 220.061481868885
0.0608503100088575 220.061473837172
0.0611160318866255 220.061465770156
0.0613817537643934 220.061457667836
0.0616474756421614 220.061449530213
0.0619131975199293 220.061441357285
0.0621789193976972 220.061433149053
0.0624446412754652 220.061424905518
0.0627103631532331 220.061416626678
0.062976085031001 220.061408312535
0.063241806908769 220.061399963087
0.0635075287865369 220.061391578336
0.0637732506643049 220.061383158281
0.0640389725420728 220.061374702922
0.0643046944198407 220.061366212259
0.0645704162976087 220.061357686292
0.0648361381753766 220.061349125021
0.0651018600531445 220.061340528447
0.0653675819309125 220.061331896568
0.0656333038086804 220.061323229386
0.0658990256864484 220.0613145269
0.0661647475642163 220.061305789109
0.0664304694419842 220.061297016015
0.0666961913197522 220.061288207617
0.0669619131975201 220.061279363915
0.067227635075288 220.061270484909
0.067493356953056 220.0612615706
0.0677590788308239 220.061252620986
0.0680248007085919 220.061243636068
0.0682905225863598 220.061234615846
0.0685562444641277 220.061225560321
0.0688219663418957 220.061216469492
0.0690876882196636 220.061207343358
0.0693534100974316 220.061198181921
0.0696191319751995 220.06118898518
0.0698848538529674 220.061179753135
0.0701505757307354 220.061170485786
0.0704162976085033 220.061161183133
0.0706820194862712 220.061151845176
0.0709477413640392 220.061142471915
0.0712134632418071 220.061133063351
0.0714791851195751 220.061123619482
0.071744906997343 220.061114140309
0.0720106288751109 220.061104625833
0.0722763507528789 220.061095076052
0.0725420726306468 220.061085490967
0.0728077945084147 220.061075870579
0.0730735163861827 220.061066214887
0.0733392382639506 220.06105652389
0.0736049601417186 220.06104679759
0.0738706820194865 220.061037035986
0.0741364038972544 220.061027239078
0.0744021257750224 220.061017406866
0.0746678476527903 220.06100753935
0.0749335695305583 220.060997636531
0.0751992914083262 220.060987698407
0.0754650132860941 220.060977724979
0.0757307351638621 220.060967716247
0.07599645704163 220.060957672212
0.0762621789193979 220.060947592872
0.0765279007971659 220.060937478229
0.0767936226749338 220.060927328281
0.0770593445527018 220.06091714303
0.0773250664304697 220.060906922474
0.0775907883082376 220.060896666615
0.0778565101860056 220.060886375451
0.0781222320637735 220.060876048984
0.0783879539415415 220.060865687213
0.0786536758193094 220.060855290138
0.0789193976970773 220.060844857758
0.0791851195748453 220.060834390075
0.0794508414526132 220.060823887088
0.0797165633303811 220.060813348797
0.0799822852081491 220.060802775202
0.080248007085917 220.060792166303
0.080513728963685 220.060781522099
0.0807794508414529 220.060770842592
0.0810451727192208 220.060760127782
0.0813108945969888 220.060749377667
0.0815766164747567 220.060738592248
0.0818423383525246 220.060727771525
0.0821080602302926 220.060716915499
0.0823737821080605 220.060706024168
0.0826395039858285 220.060695097533
0.0829052258635964 220.060684135595
0.0831709477413643 220.060673138352
0.0834366696191323 220.060662105806
0.0837023914969002 220.060651037955
0.0839681133746682 220.060639934801
0.0842338352524361 220.060628796342
0.084499557130204 220.06061762258
0.084765279007972 220.060606413513
0.0850310008857399 220.060595169143
0.0852967227635078 220.060583889468
0.0855624446412758 220.06057257449
0.0858281665190437 220.060561224208
0.0860938883968117 220.060549838622
0.0863596102745796 220.060538417732
0.0866253321523475 220.060526961537
0.0868910540301155 220.060515470039
0.0871567759078834 220.060503943237
0.0874224977856514 220.060492381131
0.0876882196634193 220.060480783721
0.0879539415411872 220.060469151007
0.0882196634189552 220.060457482989
0.0884853852967231 220.060445779667
0.088751107174491 220.060434041041
0.089016829052259 220.060422267111
0.0892825509300269 220.060410457877
0.0895482728077949 220.060398613339
0.0898139946855628 220.060386733497
0.0900797165633307 220.060374818351
0.0903454384410987 220.060362867901
0.0906111603188666 220.060350882147
0.0908768821966345 220.060338861089
0.0911426040744025 220.060326804727
0.0914083259521704 220.060314713061
0.0916740478299384 220.060302586091
0.0919397697077063 220.060290423817
0.0922054915854742 220.060278226239
0.0924712134632422 220.060265993357
0.0927369353410101 220.060253725172
0.0930026572187781 220.060241421682
0.093268379096546 220.060229082888
0.0935341009743139 220.06021670879
0.0937998228520819 220.060204299388
0.0940655447298498 220.060191854682
0.0943312666076177 220.060179374673
0.0945969884853857 220.060166859359
0.0948627103631536 220.060154308741
0.0951284322409216 220.060141722819
0.0953941541186895 220.060129101594
0.0956598759964574 220.060116445064
0.0959255978742254 220.06010375323
0.0961913197519933 220.060091026093
0.0964570416297613 220.060078263651
0.0967227635075292 220.060065465905
0.0969884853852971 220.060052632856
0.0972542072630651 220.060039764502
0.097519929140833 220.060026860844
0.0977856510186009 220.060013921883
0.0980513728963689 220.060000947617
0.0983170947741368 220.059987938048
0.0985828166519048 220.059974893174
0.0988485385296727 220.059961812996
0.0991142604074406 220.059948697515
0.0993799822852086 220.059935546729
0.0996457041629765 220.059922360639
0.0999114260407444 220.059909139246
0.100177147918512 220.059895882548
0.10044286979628 220.059882590547
0.100708591674048 220.059869263241
0.100974313551816 220.059855900631
0.101240035429584 220.059842502718
0.101505757307352 220.0598290695
0.10177147918512 220.059815600979
0.102037201062888 220.059802097153
0.102302922940656 220.059788558024
0.102568644818424 220.05977498359
0.102834366696192 220.059761373853
0.10310008857396 220.059747728811
0.103365810451728 220.059734048466
0.103631532329496 220.059720332816
0.103897254207264 220.059706581863
0.104162976085031 220.059692795605
0.104428697962799 220.059678974044
0.104694419840567 220.059665117178
0.104960141718335 220.059651225008
0.105225863596103 220.059637297535
0.105491585473871 220.059623334757
0.105757307351639 220.059609336676
0.106023029229407 220.05959530329
0.106288751107175 220.059581234601
0.106554472984943 220.059567130607
0.106820194862711 220.05955299131
0.107085916740479 220.059538816708
0.107351638618247 220.059524606803
0.107617360496015 220.059510361593
0.107883082373783 220.059496081079
0.108148804251551 220.059481765262
0.108414526129318 220.05946741414
0.108680248007086 220.059453027715
0.108945969884854 220.059438605985
0.109211691762622 220.059424148951
0.10947741364039 220.059409656614
0.109743135518158 220.059395128972
0.110008857395926 220.059380566027
0.110274579273694 220.059365967777
0.110540301151462 220.059351334223
0.11080602302923 220.059336665366
0.111071744906998 220.059321961204
0.111337466784766 220.059307221738
0.111603188662534 220.059292446968
0.111868910540302 220.059277636895
0.11213463241807 220.059262791517
0.112400354295838 220.059247910835
0.112666076173605 220.059232994849
0.112931798051373 220.05921804356
0.113197519929141 220.059203056966
0.113463241806909 220.059188035068
0.113728963684677 220.059172977866
0.113994685562445 220.059157885361
0.114260407440213 220.059142757551
0.114526129317981 220.059127594437
0.114791851195749 220.059112396019
0.115057573073517 220.059097162297
0.115323294951285 220.059081893271
0.115589016829053 220.059066588941
0.115854738706821 220.059051249307
0.116120460584589 220.059035874369
0.116386182462357 220.059020464127
0.116651904340125 220.059005018581
0.116917626217892 220.058989537731
0.11718334809566 220.058974021577
0.117449069973428 220.058958470119
0.117714791851196 220.058942883357
0.117980513728964 220.058927261291
0.118246235606732 220.058911603921
0.1185119574845 220.058895911247
0.118777679362268 220.058880183269
0.119043401240036 220.058864419987
0.119309123117804 220.058848621401
0.119574844995572 220.058832787511
0.11984056687334 220.058816918317
0.120106288751108 220.058801013819
0.120372010628876 220.058785074017
0.120637732506644 220.058769098911
0.120903454384412 220.058753088501
0.12116917626218 220.058737042787
0.121434898139947 220.058720961768
0.121700620017715 220.058704845446
0.121966341895483 220.05868869382
0.122232063773251 220.05867250689
0.122497785651019 220.058656284656
0.122763507528787 220.058640027118
0.123029229406555 220.058623734275
0.123294951284323 220.058607406129
0.123560673162091 220.058591042679
0.123826395039859 220.058574643924
0.124092116917627 220.058558209866
0.124357838795395 220.058541740504
0.124623560673163 220.058525235837
0.124889282550931 220.058508695867
0.125155004428699 220.058492120592
0.125420726306467 220.058475510014
0.125686448184234 220.058458864131
0.125952170062002 220.058442182944
0.12621789193977 220.058425466454
0.126483613817538 220.058408714659
0.126749335695306 220.058391927561
0.127015057573074 220.058375105158
0.127280779450842 220.058358247451
0.12754650132861 220.058341354441
0.127812223206378 220.058324426126
0.128077945084146 220.058307462507
0.128343666961914 220.058290463584
0.128609388839682 220.058273429358
0.12887511071745 220.058256359827
0.129140832595218 220.058239254992
0.129406554472986 220.058222114853
0.129672276350754 220.05820493941
0.129937998228521 220.058187728663
0.130203720106289 220.058170482612
0.130469441984057 220.058153201257
0.130735163861825 220.058135884598
0.131000885739593 220.058118532635
0.131266607617361 220.058101145368
0.131532329495129 220.058083722797
0.131798051372897 220.058066264922
0.132063773250665 220.058048771743
0.132329495128433 220.05803124326
0.132595217006201 220.058013679473
0.132860938883969 220.057996080382
0.133126660761737 220.057978445987
0.133392382639505 220.057960776288
0.133658104517273 220.057943071285
0.133923826395041 220.057925330977
0.134189548272808 220.057907555366
0.134455270150576 220.057889744451
0.134720992028344 220.057871898232
0.134986713906112 220.057854016708
0.13525243578388 220.057836099881
0.135518157661648 220.05781814775
0.135783879539416 220.057800160314
0.136049601417184 220.057782137575
0.136315323294952 220.057764079531
0.13658104517272 220.057745986184
0.136846767050488 220.057727857532
0.137112488928256 220.057709693577
0.137378210806024 220.057691494317
0.137643932683792 220.057673259754
0.13790965456156 220.057654989886
0.138175376439328 220.057636684715
0.138441098317095 220.057618344239
0.138706820194863 220.05759996846
0.138972542072631 220.057581557376
0.139238263950399 220.057563110989
0.139503985828167 220.057544629297
0.139769707705935 220.057526112302
0.140035429583703 220.057507560002
0.140301151461471 220.057488972399
0.140566873339239 220.057470349491
0.140832595217007 220.05745169128
0.141098317094775 220.057432997764
0.141364038972543 220.057414268944
0.141629760850311 220.057395504821
0.141895482728079 220.057376705393
0.142161204605847 220.057357870661
0.142426926483615 220.057339000625
0.142692648361382 220.057320095285
0.14295837023915 220.057301154641
0.143224092116918 220.057282178693
0.143489813994686 220.057263167441
0.143755535872454 220.057244120885
0.144021257750222 220.057225039025
0.14428697962799 220.057205921861
0.144552701505758 220.057186769393
0.144818423383526 220.057167581621
0.145084145261294 220.057148358545
0.145349867139062 220.057129100164
0.14561558901683 220.05710980648
0.145881310894598 220.057090477492
0.146147032772366 220.0570711132
0.146412754650134 220.057051713604
0.146678476527902 220.057032278704
0.146944198405669 220.057012808499
0.147209920283437 220.056993302991
0.147475642161205 220.056973762179
0.147741364038973 220.056954186063
0.148007085916741 220.056934574642
0.148272807794509 220.056914927918
0.148538529672277 220.05689524589
0.148804251550045 220.056875528557
0.149069973427813 220.056855775921
0.149335695305581 220.056835987981
0.149601417183349 220.056816164736
0.149867139061117 220.056796306187
0.150132860938885 220.056776412335
0.150398582816653 220.056756483178
0.150664304694421 220.056736518717
0.150930026572189 220.056716518953
0.151195748449957 220.056696483884
0.151461470327724 220.056676413511
0.151727192205492 220.056656307834
0.15199291408326 220.056636166853
0.152258635961028 220.056615990568
0.152524357838796 220.056595778979
0.152790079716564 220.056575532086
0.153055801594332 220.056555249889
0.1533215234721 220.056534932388
0.153587245349868 220.056514579583
0.153852967227636 220.056494191473
0.154118689105404 220.05647376806
0.154384410983172 220.056453309343
0.15465013286094 220.056432815322
0.154915854738708 220.056412285997
0.155181576616476 220.056391721367
0.155447298494244 220.056371121434
0.155713020372011 220.056350486197
0.155978742249779 220.056329815655
0.156244464127547 220.05630910981
0.156510186005315 220.056288368661
0.156775907883083 220.056267592207
0.157041629760851 220.05624678045
0.157307351638619 220.056225933388
0.157573073516387 220.056205051023
0.157838795394155 220.056184133353
0.158104517271923 220.05616318038
0.158370239149691 220.056142192102
0.158635961027459 220.05612116852
0.158901682905227 220.056100109635
0.159167404782995 220.056079015445
0.159433126660763 220.056057885951
0.159698848538531 220.056036721153
0.159964570416298 220.056015521051
0.160230292294066 220.055994285645
0.160496014171834 220.055973014935
0.160761736049602 220.055951708921
0.16102745792737 220.055930367603
0.161293179805138 220.055908990981
0.161558901682906 220.055887579055
0.161824623560674 220.055866131825
0.162090345438442 220.05584464929
0.16235606731621 220.055823131452
0.162621789193978 220.05580157831
0.162887511071746 220.055779989864
0.163153232949514 220.055758366114
0.163418954827282 220.055736707059
0.16368467670505 220.055715012701
0.163950398582818 220.055693283039
0.164216120460585 220.055671518072
0.164481842338353 220.055649717802
0.164747564216121 220.055627882228
0.165013286093889 220.055606011349
0.165279007971657 220.055584105167
0.165544729849425 220.05556216368
0.165810451727193 220.05554018689
0.166076173604961 220.055518174795
0.166341895482729 220.055496127396
0.166607617360497 220.055474044693
0.166873339238265 220.055451926687
0.167139061116033 220.055429773376
0.167404782993801 220.055407584761
0.167670504871569 220.055385360842
0.167936226749337 220.055363101619
0.168201948627105 220.055340807092
0.168467670504872 220.055318477261
0.16873339238264 220.055296112126
0.168999114260408 220.055273711686
0.169264836138176 220.055251275943
0.169530558015944 220.055228804896
0.169796279893712 220.055206298545
0.17006200177148 220.05518375689
0.170327723649248 220.055161179931
0.170593445527016 220.055138567667
0.170859167404784 220.0551159201
0.171124889282552 220.055093237229
0.17139061116032 220.055070519053
0.171656333038088 220.055047765574
0.171922054915856 220.055024976791
0.172187776793624 220.055002152703
0.172453498671392 220.054979293312
0.17271922054916 220.054956398616
0.172984942426927 220.054933468617
0.173250664304695 220.054910503313
0.173516386182463 220.054887502706
0.173782108060231 220.054864466794
0.174047829937999 220.054841395578
0.174313551815767 220.054818289058
0.174579273693535 220.054795147235
0.174844995571303 220.054771970107
0.175110717449071 220.054748757675
0.175376439326839 220.054725509939
0.175642161204607 220.054702226899
0.175907883082375 220.054678908555
0.176173604960143 220.054655554907
0.176439326837911 220.054632165955
0.176705048715679 220.054608741699
0.176970770593447 220.054585282139
0.177236492471214 220.054561787274
0.177502214348982 220.054538257106
0.17776793622675 220.054514691634
0.178033658104518 220.054491090858
0.178299379982286 220.054467454778
0.178565101860054 220.054443783393
0.178830823737822 220.054420076705
0.17909654561559 220.054396334713
0.179362267493358 220.054372557416
0.179627989371126 220.054348744816
0.179893711248894 220.054324896912
0.180159433126662 220.054301013703
0.18042515500443 220.054277095191
0.180690876882198 220.054253141374
0.180956598759966 220.054229152253
0.181222320637734 220.054205127829
0.181488042515501 220.0541810681
0.181753764393269 220.054156973067
0.182019486271037 220.05413284273
0.182285208148805 220.054108677089
0.182550930026573 220.054084476145
0.182816651904341 220.054060239896
0.183082373782109 220.054035968343
0.183348095659877 220.054011661486
0.183613817537645 220.053987319324
0.183879539415413 220.053962941859
0.184145261293181 220.05393852909
0.184410983170949 220.053914081017
0.184676705048717 220.05388959764
0.184942426926485 220.053865078959
0.185208148804253 220.053840524973
0.185473870682021 220.053815935684
0.185739592559788 220.053791311091
0.186005314437556 220.053766651193
0.186271036315324 220.053741955992
0.186536758193092 220.053717225487
0.18680248007086 220.053692459677
0.187068201948628 220.053667658564
0.187333923826396 220.053642822146
0.187599645704164 220.053617950425
0.187865367581932 220.0535930434
0.1881310894597 220.05356810107
0.188396811337468 220.053543123436
0.188662533215236 220.053518110499
0.188928255093004 220.053493062257
0.189193976970772 220.053467978711
0.18945969884854 220.053442859862
0.189725420726308 220.053417705708
0.189991142604075 220.05339251625
0.190256864481843 220.053367291488
0.190522586359611 220.053342031422
0.190788308237379 220.053316736052
0.191054030115147 220.053291405378
0.191319751992915 220.0532660394
0.191585473870683 220.053240638118
0.191851195748451 220.053215201532
0.192116917626219 220.053189729642
0.192382639503987 220.053164222447
0.192648361381755 220.053138679949
0.192914083259523 220.053113102147
0.193179805137291 220.05308748904
0.193445527015059 220.05306184063
0.193711248892827 220.053036156915
0.193976970770595 220.053010437897
0.194242692648362 220.052984683574
0.19450841452613 220.052958893948
0.194774136403898 220.052933069017
0.195039858281666 220.052907208783
0.195305580159434 220.052881313244
0.195571302037202 220.052855382402
0.19583702391497 220.052829416255
0.196102745792738 220.052803414804
0.196368467670506 220.052777378049
0.196634189548274 220.05275130599
0.196899911426042 220.052725198628
0.19716563330381 220.052699055961
0.197431355181578 220.05267287799
0.197697077059346 220.052646664715
0.197962798937114 220.052620416136
0.198228520814882 220.052594132253
0.19849424269265 220.052567813065
0.198759964570417 220.052541458574
0.199025686448185 220.052515068779
0.199291408325953 220.05248864368
0.199557130203721 220.052462183276
0.199822852081489 220.052435687569
0.200088573959257 220.052409156557
0.200354295837025 220.052382590242
0.200620017714793 220.052355988622
0.200885739592561 220.052329351699
0.201151461470329 220.052302679471
0.201417183348097 220.052275971939
0.201682905225865 220.052249229104
0.201948627103633 220.052222450964
0.202214348981401 220.05219563752
0.202480070859169 220.052168788772
0.202745792736937 220.05214190472
0.203011514614704 220.052114985365
0.203277236492472 220.052088030705
0.20354295837024 220.052061040741
0.203808680248008 220.052034015473
0.204074402125776 220.052006954901
0.204340124003544 220.051979859025
0.204605845881312 220.051952727845
0.20487156775908 220.05192556136
0.205137289636848 220.051898359572
0.205403011514616 220.05187112248
0.205668733392384 220.051843850084
0.205934455270152 220.051816542383
0.20620017714792 220.051789199379
0.206465899025688 220.05176182107
0.206731620903456 220.051734407458
0.206997342781224 220.051706958541
0.207263064658991 220.051679474321
0.207528786536759 220.051651954796
0.207794508414527 220.051624399967
0.208060230292295 220.051596809834
0.208325952170063 220.051569184397
0.208591674047831 220.051541523656
0.208857395925599 220.051513827611
0.209123117803367 220.051486096262
0.209388839681135 220.051458329609
0.209654561558903 220.051430527652
0.209920283436671 220.051402690391
0.210186005314439 220.051374817826
0.210451727192207 220.051346909956
0.210717449069975 220.051318966783
0.210983170947743 220.051290988306
0.211248892825511 220.051262974524
0.211514614703278 220.051234925439
0.211780336581046 220.051206841049
0.212046058458814 220.051178721356
0.212311780336582 220.051150566358
0.21257750221435 220.051122376057
0.212843224092118 220.051094150451
0.213108945969886 220.051065889541
0.213374667847654 220.051037593327
0.213640389725422 220.051009261809
0.21390611160319 220.050980894988
0.214171833480958 220.050952492862
0.214437555358726 220.050924055432
0.214703277236494 220.050895582698
0.214968999114262 220.05086707466
0.21523472099203 220.050838531317
0.215500442869798 220.050809952671
0.215766164747565 220.050781338721
0.216031886625333 220.050752689467
0.216297608503101 220.050724004908
0.216563330380869 220.050695285046
0.216829052258637 220.05066652988
0.217094774136405 220.050637739409
0.217360496014173 220.050608913635
0.217626217891941 220.050580052556
0.217891939769709 220.050551156174
0.218157661647477 220.050522224487
0.218423383525245 220.050493257497
0.218689105403013 220.050464255202
0.218954827280781 220.050435217603
0.219220549158549 220.050406144701
0.219486271036317 220.050377036494
0.219751992914085 220.050347892983
0.220017714791853 220.050318714169
0.22028343666962 220.05028950005
0.220549158547388 220.050260250627
0.220814880425156 220.0502309659
0.221080602302924 220.050201645869
0.221346324180692 220.050172290534
0.22161204605846 220.050142899895
0.221877767936228 220.050113473952
0.222143489813996 220.050084012705
0.222409211691764 220.050054516153
0.222674933569532 220.050024984298
0.2229406554473 220.049995417139
0.223206377325068 220.049965814675
0.223472099202836 220.049936176908
0.223737821080604 220.049906503836
0.224003542958372 220.049876795461
0.22426926483614 220.049847051781
0.224534986713907 220.049817272798
0.224800708591675 220.04978745851
0.225066430469443 220.049757608918
0.225332152347211 220.049727724023
0.225597874224979 220.049697803823
0.225863596102747 220.049667848319
0.226129317980515 220.049637857511
0.226395039858283 220.049607831399
0.226660761736051 220.049577769983
0.226926483613819 220.049547673263
0.227192205491587 220.049517541239
0.227457927369355 220.049487373911
0.227723649247123 220.049457171279
0.227989371124891 220.049426933343
0.228255093002659 220.049396660103
0.228520814880427 220.049366351559
0.228786536758194 220.04933600771
0.229052258635962 220.049305628558
0.22931798051373 220.049275214101
0.229583702391498 220.049244764341
0.229849424269266 220.049214279277
0.230115146147034 220.049183758908
0.230380868024802 220.049153203235
0.23064658990257 220.049122612259
0.230912311780338 220.049091985978
0.231178033658106 220.049061324393
0.231443755535874 220.049030627504
0.231709477413642 220.048999895311
0.23197519929141 220.048969127815
0.232240921169178 220.048938325014
0.232506643046946 220.048907486909
0.232772364924714 220.0488766135
0.233038086802481 220.048845704787
0.233303808680249 220.048814760769
0.233569530558017 220.048783781448
0.233835252435785 220.048752766823
0.234100974313553 220.048721716894
0.234366696191321 220.04869063166
0.234632418069089 220.048659511123
0.234898139946857 220.048628355282
0.235163861824625 220.048597164136
0.235429583702393 220.048565937687
0.235695305580161 220.048534675934
0.235961027457929 220.048503378876
0.236226749335697 220.048472046514
0.236492471213465 220.048440678849
0.236758193091233 220.048409275879
0.237023914969001 220.048377837605
0.237289636846768 220.048346364027
0.237555358724536 220.048314855146
0.237821080602304 220.04828331096
0.238086802480072 220.04825173147
0.23835252435784 220.048220116676
0.238618246235608 220.048188466578
0.238883968113376 220.048156781175
0.239149689991144 220.048125060469
0.239415411868912 220.048093304459
0.23968113374668 220.048061513145
0.239946855624448 220.048029686526
0.240212577502216 220.047997824604
0.240478299379984 220.047965927377
0.240744021257752 220.047933994847
0.24100974313552 220.047902027012
0.241275465013288 220.047870023874
0.241541186891055 220.047837985431
0.241806908768823 220.047805911685
0.242072630646591 220.047773802634
0.242338352524359 220.047741658279
0.242604074402127 220.047709478621
0.242869796279895 220.047677263658
0.243135518157663 220.047645013391
0.243401240035431 220.04761272782
0.243666961913199 220.047580406945
0.243932683790967 220.047548050766
0.244198405668735 220.047515659283
0.244464127546503 220.047483232496
0.244729849424271 220.047450770404
0.244995571302039 220.047418273009
0.245261293179807 220.04738574031
0.245527015057575 220.047353172307
0.245792736935343 220.047320568999
0.24605845881311 220.047287930388
0.246324180690878 220.047255256472
0.246589902568646 220.047222547253
0.246855624446414 220.047189802729
0.247121346324182 220.047157022901
0.24738706820195 220.04712420777
0.247652790079718 220.047091357334
0.247918511957486 220.047058471594
0.248184233835254 220.04702555055
0.248449955713022 220.046992594203
0.24871567759079 220.046959602551
0.248981399468558 220.046926575595
0.249247121346326 220.046893513335
0.249512843224094 220.046860415771
0.249778565101862 220.046827282902
0.250044286979629 220.04679411473
0.250310008857397 220.046760911254
0.250575730735165 220.046727672474
0.250841452612933 220.04669439839
0.251107174490701 220.046661089001
0.251372896368469 220.046627744309
0.251638618246237 220.046594364312
0.251904340124005 220.046560949012
0.252170062001773 220.046527498407
0.252435783879541 220.046494012499
0.252701505757309 220.046460491286
0.252967227635077 220.046426934769
0.253232949512844 220.046393342948
0.253498671390612 220.046359715824
0.25376439326838 220.046326053395
0.254030115146148 220.046292355662
0.254295837023916 220.046258622625
0.254561558901684 220.046224854284
0.254827280779452 220.046191050639
0.25509300265722 220.04615721169
0.255358724534988 220.046123337436
0.255624446412756 220.046089427879
0.255890168290524 220.046055483018
0.256155890168291 220.046021502853
0.256421612046059 220.045987487383
0.256687333923827 220.04595343661
0.256953055801595 220.045919350532
0.257218777679363 220.045885229151
0.257484499557131 220.045851072465
0.257750221434899 220.045816880475
0.258015943312667 220.045782653182
0.258281665190435 220.045748390584
0.258547387068203 220.045714092682
0.258813108945971 220.045679759476
0.259078830823738 220.045645390966
0.259344552701506 220.045610987152
0.259610274579274 220.045576548034
0.259875996457042 220.045542073612
0.26014171833481 220.045507563886
0.260407440212578 220.045473018856
0.260673162090346 220.045438438522
0.260938883968114 220.045403822883
0.261204605845882 220.045369171941
0.26147032772365 220.045334485695
0.261736049601418 220.045299764144
0.262001771479185 220.04526500729
0.262267493356953 220.045230215131
0.262533215234721 220.045195387669
0.262798937112489 220.045160524902
0.263064658990257 220.045125626831
0.263330380868025 220.045090693456
0.263596102745793 220.045055724778
0.263861824623561 220.045020720795
0.264127546501329 220.044985681508
0.264393268379097 220.044950606917
0.264658990256865 220.044915497021
0.264924712134632 220.044880351822
0.2651904340124 220.044845171319
0.265456155890168 220.044809955512
0.265721877767936 220.044774704401
0.265987599645704 220.044739417985
0.266253321523472 220.044704096266
0.26651904340124 220.044668739242
0.266784765279008 220.044633346915
0.267050487156776 220.044597919283
0.267316209034544 220.044562456347
0.267581930912312 220.044526958107
0.267847652790079 220.044491424564
0.268113374667847 220.044455855716
0.268379096545615 220.044420251564
0.268644818423383 220.044384612108
0.268910540301151 220.044348937348
0.269176262178919 220.044313227284
0.269441984056687 220.044277481915
0.269707705934455 220.044241701243
0.269973427812223 220.044205885267
0.270239149689991 220.044170033986
0.270504871567759 220.044134147402
0.270770593445527 220.044098225513
0.271036315323294 220.044062268321
0.271302037201062 220.044026275824
0.27156775907883 220.043990248024
0.271833480956598 220.043954184919
0.272099202834366 220.04391808651
0.272364924712134 220.043881952797
0.272630646589902 220.04384578378
0.27289636846767 220.043809579459
0.273162090345438 220.043773339834
0.273427812223206 220.043737064905
0.273693534100974 220.043700754672
0.273959255978741 220.043664409135
0.274224977856509 220.043628028293
0.274490699734277 220.043591612148
0.274756421612045 220.043555160699
0.275022143489813 220.043518673945
0.275287865367581 220.043482151888
0.275553587245349 220.043445594526
0.275819309123117 220.043409001861
0.276085031000885 220.043372373891
0.276350752878653 220.043335710618
0.276616474756421 220.04329901204
0.276882196634188 220.043262278158
0.277147918511956 220.043225508972
0.277413640389724 220.043188704483
0.277679362267492 220.043151864689
0.27794508414526 220.043114989591
0.278210806023028 220.043078079189
0.278476527900796 220.043041133483
0.278742249778564 220.043004152473
0.279007971656332 220.042967136159
0.2792736935341 220.04293008454
0.279539415411868 220.042892997618
0.279805137289635 220.042855875392
0.280070859167403 220.042818717862
0.280336581045171 220.042781525027
0.280602302922939 220.042744296889
0.280868024800707 220.042707033446
0.281133746678475 220.0426697347
0.281399468556243 220.042632400649
0.281665190434011 220.042595031294
0.281930912311779 220.042557626636
0.282196634189547 220.042520186673
0.282462356067315 220.042482711406
0.282728077945082 220.042445200835
0.28299379982285 220.04240765496
0.283259521700618 220.042370073781
0.283525243578386 220.042332457298
0.283790965456154 220.042294805511
0.284056687333922 220.04225711842
0.28432240921169 220.042219396025
0.284588131089458 220.042181638326
0.284853852967226 220.042143845322
0.285119574844994 220.042106017015
0.285385296722762 220.042068153404
0.285651018600529 220.042030254488
0.285916740478297 220.041992320269
0.286182462356065 220.041954350745
0.286448184233833 220.041916345918
0.286713906111601 220.041878305786
0.286979627989369 220.04184023035
0.287245349867137 220.041802119611
0.287511071744905 220.041763973567
0.287776793622673 220.041725792219
0.288042515500441 220.041687575567
0.288308237378209 220.041649323611
0.288573959255977 220.041611036351
0.288839681133744 220.041572713787
0.289105403011512 220.041534355919
0.28937112488928 220.041495962747
0.289636846767048 220.041457534271
0.289902568644816 220.041419070491
0.290168290522584 220.041380571406
0.290434012400352 220.041342037018
0.29069973427812 220.041303467326
0.290965456155888 220.041264862329
0.291231178033656 220.041226222029
0.291496899911424 220.041187546424
0.291762621789191 220.041148835516
0.292028343666959 220.041110089303
0.292294065544727 220.041071307786
0.292559787422495 220.041032490966
0.292825509300263 220.040993638841
0.293091231178031 220.040954751412
0.293356953055799 220.040915828679
0.293622674933567 220.040876870643
0.293888396811335 220.040837877302
0.294154118689103 220.040798848657
0.294419840566871 220.040759784707
0.294685562444638 220.040720685454
0.294951284322406 220.040681550897
0.295217006200174 220.040642381036
0.295482728077942 220.040603175871
0.29574844995571 220.040563935401
0.296014171833478 220.040524659628
0.296279893711246 220.040485348551
0.296545615589014 220.040446002169
0.296811337466782 220.040406620484
0.29707705934455 220.040367203494
0.297342781222318 220.0403277512
0.297608503100085 220.040288263603
0.297874224977853 220.040248740701
0.298139946855621 220.040209182495
0.298405668733389 220.040169588985
0.298671390611157 220.040129960171
0.298937112488925 220.040090296054
0.299202834366693 220.040050596632
0.299468556244461 220.040010861906
0.299734278122229 220.039971091875
0.299999999999997 220.039931286541
0.300176991150439 220.039904753547
0.300353982300882 220.039878204886
0.300530973451324 220.039851640557
0.300707964601766 220.03982506056
0.300884955752209 220.039798464896
0.301061946902651 220.039771853564
0.301238938053094 220.039745226565
0.301415929203536 220.039718583898
0.301592920353979 220.039691925564
0.301769911504421 220.039665251562
0.301946902654864 220.039638561893
0.302123893805306 220.039611856556
0.302300884955749 220.039585135552
0.302477876106191 220.03955839888
0.302654867256633 220.039531646541
0.302831858407076 220.039504878534
0.303008849557518 220.03947809486
0.303185840707961 220.039451295518
0.303362831858403 220.039424480509
0.303539823008846 220.039397649832
0.303716814159288 220.039370803488
0.303893805309731 220.039343941476
0.304070796460173 220.039317063797
0.304247787610615 220.039290170451
0.304424778761058 220.039263261437
0.3046017699115 220.039236336756
0.304778761061943 220.039209396407
0.304955752212385 220.039182440391
0.305132743362828 220.039155468707
0.30530973451327 220.039128481356
0.305486725663713 220.039101478338
0.305663716814155 220.039074459652
0.305840707964598 220.039047425298
0.30601769911504 220.039020375278
0.306194690265482 220.03899330959
0.306371681415925 220.038966228234
0.306548672566367 220.038939131212
0.30672566371681 220.038912018521
0.306902654867252 220.038884890164
0.307079646017695 220.038857746139
0.307256637168137 220.038830586447
0.30743362831858 220.038803411087
0.307610619469022 220.03877622006
0.307787610619465 220.038749013366
0.307964601769907 220.038721791004
0.308141592920349 220.038694552975
0.308318584070792 220.038667299279
0.308495575221234 220.038640029916
0.308672566371677 220.038612744885
0.308849557522119 220.038585444187
0.309026548672562 220.038558127821
0.309203539823004 220.038530795788
0.309380530973447 220.038503448088
0.309557522123889 220.038476084721
0.309734513274331 220.038448705686
0.309911504424774 220.038421310984
0.310088495575216 220.038393900615
0.310265486725659 220.038366474579
0.310442477876101 220.038339032875
0.310619469026544 220.038311575504
0.310796460176986 220.038284102465
0.310973451327429 220.03825661376
0.311150442477871 220.038229109387
0.311327433628314 220.038201589347
0.311504424778756 220.03817405364
0.311681415929198 220.038146502265
0.311858407079641 220.038118935224
0.312035398230083 220.038091352515
0.312212389380526 220.038063754138
0.312389380530968 220.038036140095
0.312566371681411 220.038008510385
0.312743362831853 220.037980865007
0.312920353982296 220.037953203962
0.313097345132738 220.03792552725
0.313274336283181 220.03789783487
0.313451327433623 220.037870126824
0.313628318584065 220.03784240311
0.313805309734508 220.037814663729
0.31398230088495 220.037786908681
0.314159292035393 220.037759137966
0.314336283185835 220.037731351583
0.314513274336278 220.037703549534
0.31469026548672 220.037675731817
0.314867256637163 220.037647898433
0.315044247787605 220.037620049382
0.315221238938047 220.037592184664
0.31539823008849 220.037564304279
0.315575221238932 220.037536408227
0.315752212389375 220.037508496507
0.315929203539817 220.037480569121
0.31610619469026 220.037452626067
0.316283185840702 220.037424667346
0.316460176991145 220.037396692958
0.316637168141587 220.037368702903
0.31681415929203 220.037340697181
0.316991150442472 220.037312675792
0.317168141592914 220.037284638736
0.317345132743357 220.037256586012
0.317522123893799 220.037228517622
0.317699115044242 220.037200433564
0.317876106194684 220.03717233384
0.318053097345127 220.037144218448
0.318230088495569 220.037116087389
0.318407079646012 220.037087940664
0.318584070796454 220.037059778271
0.318761061946897 220.037031600211
0.318938053097339 220.037003406484
0.319115044247781 220.03697519709
0.319292035398224 220.036946972029
0.319469026548666 220.036918731301
0.319646017699109 220.036890474906
0.319823008849551 220.036862202844
0.319999999999994 220.036833915115
0.320176991150436 220.036805611719
0.320353982300879 220.036777292656
0.320530973451321 220.036748957926
0.320707964601763 220.036720607529
0.320884955752206 220.036692241465
0.321061946902648 220.036663859734
0.321238938053091 220.036635462336
0.321415929203533 220.036607049271
0.321592920353976 220.036578620539
0.321769911504418 220.03655017614
0.321946902654861 220.036521716075
0.322123893805303 220.036493240342
0.322300884955746 220.036464748942
0.322477876106188 220.036436241875
0.32265486725663 220.036407719142
0.322831858407073 220.036379180741
0.323008849557515 220.036350626674
0.323185840707958 220.036322056939
0.3233628318584 220.036293471538
0.323539823008843 220.036264870469
0.323716814159285 220.036236253734
0.323893805309728 220.036207621332
0.32407079646017 220.036178973263
0.324247787610613 220.036150309527
0.324424778761055 220.036121630124
0.324601769911497 220.036092935054
0.32477876106194 220.036064224318
0.324955752212382 220.036035497914
0.325132743362825 220.036006755844
0.325309734513267 220.035977998106
0.32548672566371 220.035949224702
0.325663716814152 220.035920435631
0.325840707964595 220.035891630893
0.326017699115037 220.035862810488
0.326194690265479 220.035833974417
0.326371681415922 220.035805122678
0.326548672566364 220.035776255273
0.326725663716807 220.035747372201
0.326902654867249 220.035718473462
0.327079646017692 220.035689559056
0.327256637168134 220.035660628983
0.327433628318577 220.035631683243
0.327610619469019 220.035602721837
0.327787610619462 220.035573744764
0.327964601769904 220.035544752024
0.328141592920346 220.035515743617
0.328318584070789 220.035486719544
0.328495575221231 220.035457679803
0.328672566371674 220.035428624396
0.328849557522116 220.035399553322
0.329026548672559 220.035370466581
0.329203539823001 220.035341364173
0.329380530973444 220.035312246099
0.329557522123886 220.035283112358
0.329734513274329 220.03525396295
0.329911504424771 220.035224797875
0.330088495575213 220.035195617134
0.330265486725656 220.035166420725
0.330442477876098 220.03513720865
0.330619469026541 220.035107980908
0.330796460176983 220.0350787375
0.330973451327426 220.035049478425
0.331150442477868 220.035020203683
0.331327433628311 220.034990913274
0.331504424778753 220.034961607198
0.331681415929195 220.034932285456
0.331858407079638 220.034902948047
0.33203539823008 220.034873594972
0.332212389380523 220.034844226229
0.332389380530965 220.03481484182
0.332566371681408 220.034785441744
0.33274336283185 220.034756026002
0.332920353982293 220.034726594592
0.333097345132735 220.034697147517
0.333274336283178 220.034667684774
0.33345132743362 220.034638206365
0.333628318584062 220.034608712289
0.333805309734505 220.034579202546
0.333982300884947 220.034549677136
0.33415929203539 220.03452013606
0.334336283185832 220.034490579318
0.334513274336275 220.034461006908
0.334690265486717 220.034431418832
0.33486725663716 220.034401815089
0.335044247787602 220.03437219568
0.335221238938045 220.034342560604
0.335398230088487 220.034312909861
0.335575221238929 220.034283243452
0.335752212389372 220.034253561376
0.335929203539814 220.034223863633
0.336106194690257 220.034194150224
0.336283185840699 220.034164421148
0.336460176991142 220.034134676406
0.336637168141584 220.034104915997
0.336814159292027 220.034075139921
0.336991150442469 220.034045348178
0.337168141592911 220.034015540769
0.337345132743354 220.033985717694
0.337522123893796 220.033955878952
0.337699115044239 220.033926024543
0.337876106194681 220.033896154467
0.338053097345124 220.033866268726
0.338230088495566 220.033836367317
0.338407079646009 220.033806450242
0.338584070796451 220.0337765175
0.338761061946894 220.033746569092
0.338938053097336 220.033716605017
0.339115044247778 220.033686625275
0.339292035398221 220.033656629867
0.339469026548663 220.033626618793
0.339646017699106 220.033596592052
0.339823008849548 220.033566549644
0.339999999999991 220.03353649157
0.340176991150433 220.033506417829
0.340353982300876 220.033476328421
0.340530973451318 220.033446223348
0.340707964601761 220.033416102607
0.340884955752203 220.0333859662
0.341061946902645 220.033355814127
0.341238938053088 220.033325646386
0.34141592920353 220.03329546298
0.341592920353973 220.033265263907
0.341769911504415 220.033235049167
0.341946902654858 220.033204818761
0.3421238938053 220.033174572688
0.342300884955743 220.033144310949
0.342477876106185 220.033114033544
0.342654867256627 220.033083740472
0.34283185840707 220.033053431733
0.343008849557512 220.033023107328
0.343185840707955 220.032992767256
0.343362831858397 220.032962411518
0.34353982300884 220.032932040113
0.343716814159282 220.032901653042
0.343893805309725 220.032871250305
0.344070796460167 220.032840831901
0.34424778761061 220.03281039783
0.344424778761052 220.032779948093
0.344601769911494 220.03274948269
0.344778761061937 220.03271900162
0.344955752212379 220.032688504884
0.345132743362822 220.032657992481
0.345309734513264 220.032627464411
0.345486725663707 220.032596920676
0.345663716814149 220.032566361274
0.345840707964592 220.032535786205
0.346017699115034 220.03250519547
0.346194690265477 220.032474589069
0.346371681415919 220.032443967001
0.346548672566361 220.032413329267
0.346725663716804 220.032382675866
0.346902654867246 220.032352006799
0.347079646017689 220.032321322065
0.347256637168131 220.032290621665
0.347433628318574 220.032259905599
0.347610619469016 220.032229173866
0.347787610619459 220.032198426467
0.347964601769901 220.032167663401
0.348141592920343 220.032136884669
0.348318584070786 220.032106090271
0.348495575221228 220.032075280206
0.348672566371671 220.032044454475
0.348849557522113 220.032013613077
0.349026548672556 220.031982756014
0.349203539822998 220.031951883283
0.349380530973441 220.031920994887
0.349557522123883 220.031890090824
0.349734513274326 220.031859171095
0.349911504424768 220.031828235699
0.35008849557521 220.031797284637
0.350265486725653 220.031766317909
0.350442477876095 220.031735335514
0.350619469026538 220.031704337453
0.35079646017698 220.031673323726
0.350973451327423 220.031642294332
0.351150442477865 220.031611249273
0.351327433628308 220.031580188546
0.35150442477875 220.031549112154
0.351681415929192 220.031518020095
0.351858407079635 220.03148691237
0.352035398230077 220.031455788979
0.35221238938052 220.031424649921
0.352389380530962 220.031393495197
0.352566371681405 220.031362324807
0.352743362831847 220.031331138751
0.35292035398229 220.031299937028
0.353097345132732 220.031268719639
0.353274336283175 220.031237486583
0.353451327433617 220.031206237861
0.353628318584059 220.031174973473
0.353805309734502 220.031143693419
0.353982300884944 220.031112397699
0.354159292035387 220.031081086312
0.354336283185829 220.031049759259
0.354513274336272 220.031018416539
0.354690265486714 220.030987058154
0.354867256637157 220.030955684102
0.355044247787599 220.030924294384
0.355221238938042 220.030892888999
0.355398230088484 220.030861467949
0.355575221238926 220.030830031232
0.355752212389369 220.030798578849
0.355929203539811 220.0307671108
0.356106194690254 220.030735627085
0.356283185840696 220.030704127703
0.356460176991139 220.030672612655
0.356637168141581 220.030641081941
0.356814159292024 220.030609535561
0.356991150442466 220.030577973515
0.357168141592908 220.030546395802
0.357345132743351 220.030514802423
0.357522123893793 220.030483193378
0.357699115044236 220.030451568667
0.357876106194678 220.030419928289
0.358053097345121 220.030388272245
0.358230088495563 220.030356600535
0.358407079646006 220.030324913159
0.358584070796448 220.030293210117
0.358761061946891 220.030261491408
0.358938053097333 220.030229757034
0.359115044247775 220.030198006993
0.359292035398218 220.030166241286
0.35946902654866 220.030134459913
0.359646017699103 220.030102662873
0.359823008849545 220.030070850168
0.359999999999988 220.030039021796
0.36017699115043 220.030007177759
0.360353982300873 220.029975318055
0.360530973451315 220.029943442685
0.360707964601758 220.029911551649
0.3608849557522 220.029879644947
0.361061946902642 220.029847722578
0.361238938053085 220.029815784544
0.361415929203527 220.029783830843
0.36159292035397 220.029751861476
0.361769911504412 220.029719876443
0.361946902654855 220.029687875744
0.362123893805297 220.029655859379
0.36230088495574 220.029623827348
0.362477876106182 220.02959177965
0.362654867256624 220.029559716287
0.362831858407067 220.029527637257
0.363008849557509 220.029495542561
0.363185840707952 220.029463432199
0.363362831858394 220.029431306171
0.363539823008837 220.029399164477
0.363716814159279 220.029367007117
0.363893805309722 220.02933483409
0.364070796460164 220.029302645398
0.364247787610607 220.02927044104
0.364424778761049 220.029238221015
0.364601769911491 220.029205985325
0.364778761061934 220.029173733968
0.364955752212376 220.029141466945
0.365132743362819 220.029109184257
0.365309734513261 220.029076885902
0.365486725663704 220.029044571881
0.365663716814146 220.029012242194
0.365840707964589 220.028979896841
0.366017699115031 220.028947535822
0.366194690265474 220.028915159137
0.366371681415916 220.028882766786
0.366548672566358 220.028850358769
0.366725663716801 220.028817935085
0.366902654867243 220.028785495736
0.367079646017686 220.028753040721
0.367256637168128 220.02872057004
0.367433628318571 220.028688083692
0.367610619469013 220.028655581679
0.367787610619456 220.028623064
0.367964601769898 220.028590530654
0.36814159292034 220.028557981643
0.368318584070783 220.028525416966
0.368495575221225 220.028492836622
0.368672566371668 220.028460240613
0.36884955752211 220.028427628938
0.369026548672553 220.028395001596
0.369203539822995 220.028362358589
0.369380530973438 220.028329699915
0.36955752212388 220.028297025576
0.369734513274323 220.028264335571
0.369911504424765 220.028231629899
0.370088495575207 220.028198908562
0.37026548672565 220.028166171559
0.370442477876092 220.02813341889
0.370619469026535 220.028100650555
0.370796460176977 220.028067866553
0.37097345132742 220.028035066886
0.371150442477862 220.028002251553
0.371327433628305 220.027969420554
0.371504424778747 220.027936573889
0.37168141592919 220.027903711558
0.371858407079632 220.027870833561
0.372035398230074 220.027837939898
0.372212389380517 220.027805030569
0.372389380530959 220.027772105575
0.372566371681402 220.027739164914
0.372743362831844 220.027706208587
0.372920353982287 220.027673236595
0.373097345132729 220.027640248936
0.373274336283172 220.027607245612
0.373451327433614 220.027574226622
0.373628318584056 220.027541191965
0.373805309734499 220.027508141643
0.373982300884941 220.027475075655
0.374159292035384 220.027441994001
0.374336283185826 220.027408896681
0.374513274336269 220.027375783695
0.374690265486711 220.027342655044
0.374867256637154 220.027309510726
0.375044247787596 220.027276350742
0.375221238938039 220.027243175093
0.375398230088481 220.027209983778
0.375575221238923 220.027176776796
0.375752212389366 220.027143554149
0.375929203539808 220.027110315836
0.376106194690251 220.027077061857
0.376283185840693 220.027043792212
0.376460176991136 220.027010506902
0.376637168141578 220.026977205925
0.376814159292021 220.026943889283
0.376991150442463 220.026910556975
0.377168141592906 220.026877209
0.377345132743348 220.026843845361
0.37752212389379 220.026810466055
0.377699115044233 220.026777071083
0.377876106194675 220.026743660445
0.378053097345118 220.026710234142
0.37823008849556 220.026676792173
0.378407079646003 220.026643334538
0.378584070796445 220.026609861237
0.378761061946888 220.02657637227
0.37893805309733 220.026542867637
0.379115044247772 220.026509347339
0.379292035398215 220.026475811374
0.379469026548657 220.026442259744
0.3796460176991 220.026408692448
0.379823008849542 220.026375109486
0.379999999999985 220.026341510859
0.380176991150427 220.026307896565
0.38035398230087 220.026274266606
0.380530973451312 220.026240620981
0.380707964601755 220.02620695969
0.380884955752197 220.026173282734
0.381061946902639 220.026139590111
0.381238938053082 220.026105881823
0.381415929203524 220.026072157869
0.381592920353967 220.026038418249
0.381769911504409 220.026004662963
0.381946902654852 220.025970892012
0.382123893805294 220.025937105394
0.382300884955737 220.025903303111
0.382477876106179 220.025869485162
0.382654867256622 220.025835651548
0.382831858407064 220.025801802267
0.383008849557506 220.025767937321
0.383185840707949 220.025734056709
0.383362831858391 220.025700160431
0.383539823008834 220.025666248488
0.383716814159276 220.025632320879
0.383893805309719 220.025598377604
0.384070796460161 220.025564418663
0.384247787610604 220.025530444056
0.384424778761046 220.025496453784
0.384601769911488 220.025462447846
0.384778761061931 220.025428426242
0.384955752212373 220.025394388973
0.385132743362816 220.025360336038
0.385309734513258 220.025326267437
0.385486725663701 220.02529218317
0.385663716814143 220.025258083238
0.385840707964586 220.025223967639
0.386017699115028 220.025189836375
0.386194690265471 220.025155689446
0.386371681415913 220.02512152685
0.386548672566355 220.025087348589
0.386725663716798 220.025053154662
0.38690265486724 220.02501894507
0.387079646017683 220.024984719812
0.387256637168125 220.024950478888
0.387433628318568 220.024916222298
0.38761061946901 220.024881950042
0.387787610619453 220.024847662121
0.387964601769895 220.024813358534
0.388141592920338 220.024779039282
0.38831858407078 220.024744704364
0.388495575221222 220.02471035378
0.388672566371665 220.02467598753
0.388849557522107 220.024641605615
0.38902654867255 220.024607208034
0.389203539822992 220.024572794787
0.389380530973435 220.024538365875
0.389557522123877 220.024503921297
0.38973451327432 220.024469461053
0.389911504424762 220.024434985144
0.390088495575204 220.024400493569
0.390265486725647 220.024365986328
0.390442477876089 220.024331463421
0.390619469026532 220.024296924849
0.390796460176974 220.024262370612
0.390973451327417 220.024227800708
0.391150442477859 220.024193215139
0.391327433628302 220.024158613904
0.391504424778744 220.024123997004
0.391681415929187 220.024089364438
0.391858407079629 220.024054716206
0.392035398230071 220.024020052309
0.392212389380514 220.023985372746
0.392389380530956 220.023950677517
0.392566371681399 220.023915966623
0.392743362831841 220.023881240063
0.392920353982284 220.023846497838
0.393097345132726 220.023811739947
0.393274336283169 220.02377696639
0.393451327433611 220.023742177167
0.393628318584054 220.023707372279
0.393805309734496 220.023672551726
0.393982300884938 220.023637715506
0.394159292035381 220.023602863622
0.394336283185823 220.023567996071
0.394513274336266 220.023533112855
0.394690265486708 220.023498213973
0.394867256637151 220.023463299426
0.395044247787593 220.023428369213
0.395221238938036 220.023393423334
0.395398230088478 220.02335846179
0.39557522123892 220.02332348458
0.395752212389363 220.023288491705
0.395929203539805 220.023253483164
0.396106194690248 220.023218458957
0.39628318584069 220.023183419085
0.396460176991133 220.023148363548
0.396637168141575 220.023113292344
0.396814159292018 220.023078205475
0.39699115044246 220.023043102941
0.397168141592903 220.023007984741
0.397345132743345 220.022972850875
0.397522123893787 220.022937701344
0.39769911504423 220.022902536147
0.397876106194672 220.022867355285
0.398053097345115 220.022832158757
0.398230088495557 220.022796946564
0.398407079646 220.022761718705
0.398584070796442 220.02272647518
0.398761061946885 220.02269121599
0.398938053097327 220.022655941134
0.39911504424777 220.022620650613
0.399292035398212 220.022585344426
0.399469026548654 220.022550022574
0.399646017699097 220.022514685056
0.399823008849539 220.022479331872
0.399999999999982 220.022443963023
0.400176991150424 220.022408578509
0.400353982300867 220.022373178329
0.400530973451309 220.022337762483
0.400707964601752 220.022302330972
0.400884955752194 220.022266883796
0.401061946902636 220.022231420953
0.401238938053079 220.022195942446
0.401415929203521 220.022160448272
0.401592920353964 220.022124938433
0.401769911504406 220.022089412929
0.401946902654849 220.022053871759
0.402123893805291 220.022018314924
0.402300884955734 220.021982742423
0.402477876106176 220.021947154257
0.402654867256619 220.021911550425
0.402831858407061 220.021875930927
0.403008849557503 220.021840295764
0.403185840707946 220.021804644936
0.403362831858388 220.021768978442
0.403539823008831 220.021733296283
0.403716814159273 220.021697598458
0.403893805309716 220.021661884968
0.404070796460158 220.021626155812
0.404247787610601 220.02159041099
0.404424778761043 220.021554650504
0.404601769911485 220.021518874351
0.404778761061928 220.021483082533
0.40495575221237 220.02144727505
0.405132743362813 220.021411451901
0.405309734513255 220.021375613087
0.405486725663698 220.021339758608
0.40566371681414 220.021303888463
0.405840707964583 220.021268002652
0.406017699115025 220.021232101176
0.406194690265468 220.021196184034
0.40637168141591 220.021160251227
0.406548672566352 220.021124302755
0.406725663716795 220.021088338617
0.406902654867237 220.021052358814
0.40707964601768 220.021016363345
0.407256637168122 220.020980352211
0.407433628318565 220.020944325411
0.407610619469007 220.020908282946
0.40778761061945 220.020872224815
0.407964601769892 220.020836151019
0.408141592920335 220.020800061558
0.408318584070777 220.020763956431
0.408495575221219 220.020727835638
0.408672566371662 220.020691699181
0.408849557522104 220.020655547057
0.409026548672547 220.020619379269
0.409203539822989 220.020583195815
0.409380530973432 220.020546996695
0.409557522123874 220.02051078191
0.409734513274317 220.02047455146
0.409911504424759 220.020438305344
0.410088495575201 220.020402043563
0.410265486725644 220.020365766116
0.410442477876086 220.020329473004
0.410619469026529 220.020293164227
0.410796460176971 220.020256839784
0.410973451327414 220.020220499676
0.411150442477856 220.020184143903
0.411327433628299 220.020147772464
0.411504424778741 220.020111385359
0.411681415929184 220.020074982589
0.411858407079626 220.020038564154
0.412035398230068 220.020002130054
0.412212389380511 220.019965680288
0.412389380530953 220.019929214856
0.412566371681396 220.01989273376
0.412743362831838 220.019856236997
0.412920353982281 220.01981972457
0.413097345132723 220.019783196477
0.413274336283166 220.019746652719
0.413451327433608 220.019710093295
0.413628318584051 220.019673518206
0.413805309734493 220.019636927452
0.413982300884935 220.019600321032
0.414159292035378 220.019563698947
0.41433628318582 220.019527061197
0.414513274336263 220.019490407781
0.414690265486705 220.0194537387
0.414867256637148 220.019417053953
0.41504424778759 220.019380353541
0.415221238938033 220.019343637464
0.415398230088475 220.019306905721
0.415575221238917 220.019270158314
0.41575221238936 220.01923339524
0.415929203539802 220.019196616502
0.416106194690245 220.019159822098
0.416283185840687 220.019123012028
0.41646017699113 220.019086186294
0.416637168141572 220.019049344894
0.416814159292015 220.019012487828
0.416991150442457 220.018975615098
0.4171681415929 220.018938726702
0.417345132743342 220.018901822641
0.417522123893784 220.018864902914
0.417699115044227 220.018827967522
0.417876106194669 220.018791016465
0.418053097345112 220.018754049743
0.418230088495554 220.018717067355
0.418407079645997 220.018680069302
0.418584070796439 220.018643055583
0.418761061946882 220.0186060262
0.418938053097324 220.018568981151
0.419115044247767 220.018531920436
0.419292035398209 220.018494844057
0.419469026548651 220.018457752012
0.419646017699094 220.018420644301
0.419823008849536 220.018383520926
0.419999999999979 220.018346381885
0.420176991150421 220.018309227179
0.420353982300864 220.018272056807
0.420530973451306 220.018234870771
0.420707964601749 220.018197669069
0.420884955752191 220.018160451701
0.421061946902633 220.018123218669
0.421238938053076 220.018085969971
0.421415929203518 220.018048705607
0.421592920353961 220.018011425579
0.421769911504403 220.017974129885
0.421946902654846 220.017936818526
0.422123893805288 220.017899491502
0.422300884955731 220.017862148812
0.422477876106173 220.017824790457
0.422654867256616 220.017787416437
0.422831858407058 220.017750026751
0.4230088495575 220.017712621401
0.423185840707943 220.017675200385
0.423362831858385 220.017637763704
0.423539823008828 220.017600311357
0.42371681415927 220.017562843345
0.423893805309713 220.017525359668
0.424070796460155 220.017487860326
0.424247787610598 220.017450345319
0.42442477876104 220.017412814646
0.424601769911483 220.017375268308
0.424778761061925 220.017337706305
0.424955752212367 220.017300128636
0.42513274336281 220.017262535303
0.425309734513252 220.017224926304
0.425486725663695 220.017187301639
0.425663716814137 220.01714966131
0.42584070796458 220.017112005315
0.426017699115022 220.017074333655
0.426194690265465 220.01703664633
0.426371681415907 220.01699894334
0.426548672566349 220.016961224684
0.426725663716792 220.016923490363
0.426902654867234 220.016885740377
0.427079646017677 220.016847974726
0.427256637168119 220.01681019341
0.427433628318562 220.016772396428
0.427610619469004 220.016734583781
0.427787610619447 220.016696755469
0.427964601769889 220.016658911492
0.428141592920332 220.016621051849
0.428318584070774 220.016583176541
0.428495575221216 220.016545285568
0.428672566371659 220.01650737893
0.428849557522101 220.016469456627
0.429026548672544 220.016431518658
0.429203539822986 220.016393565024
0.429380530973429 220.016355595725
0.429557522123871 220.016317610761
0.429734513274314 220.016279610132
0.429911504424756 220.016241593837
0.430088495575199 220.016203561877
0.430265486725641 220.016165514252
0.430442477876083 220.016127450962
0.430619469026526 220.016089372007
0.430796460176968 220.016051277386
0.430973451327411 220.016013167101
0.431150442477853 220.01597504115
0.431327433628296 220.015936899534
0.431504424778738 220.015898742253
0.431681415929181 220.015860569306
0.431858407079623 220.015822380695
0.432035398230065 220.015784176418
0.432212389380508 220.015745956476
0.43238938053095 220.015707720869
0.432566371681393 220.015669469597
0.432743362831835 220.01563120266
0.432920353982278 220.015592920057
0.43309734513272 220.015554621789
0.433274336283163 220.015516307856
0.433451327433605 220.015477978258
0.433628318584048 220.015439632995
0.43380530973449 220.015401272067
0.433982300884932 220.015362895474
0.434159292035375 220.015324503215
0.434336283185817 220.015286095291
0.43451327433626 220.015247671702
0.434690265486702 220.015209232448
0.434867256637145 220.015170777529
0.435044247787587 220.015132306945
0.43522123893803 220.015093820695
0.435398230088472 220.015055318781
0.435575221238915 220.015016801201
0.435752212389357 220.014978267956
0.435929203539799 220.014939719046
0.436106194690242 220.014901154471
0.436283185840684 220.01486257423
0.436460176991127 220.014823978325
0.436637168141569 220.014785366754
0.436814159292012 220.014746739519
0.436991150442454 220.014708096618
0.437168141592897 220.014669438052
0.437345132743339 220.014630763821
0.437522123893781 220.014592073925
0.437699115044224 220.014553368364
0.437876106194666 220.014514647138
0.438053097345109 220.014475910246
0.438230088495551 220.01443715769
0.438407079645994 220.014398389468
0.438584070796436 220.014359605581
0.438761061946879 220.014320806029
0.438938053097321 220.014281990812
0.439115044247764 220.01424315993
0.439292035398206 220.014204313383
0.439469026548648 220.014165451171
0.439646017699091 220.014126573294
0.439823008849533 220.014087679751
0.439999999999976 220.014048770544
0.440176991150418 220.014009845671
0.440353982300861 220.013970905134
0.440530973451303 220.013931948931
0.440707964601746 220.013892977063
0.440884955752188 220.01385398953
0.441061946902631 220.013814986332
0.441238938053073 220.013775967469
0.441415929203515 220.013736932941
0.441592920353958 220.013697882748
0.4417699115044 220.013658816889
0.441946902654843 220.013619735366
0.442123893805285 220.013580638177
0.442300884955728 220.013541525324
0.44247787610617 220.013502396805
0.442654867256613 220.013463252622
0.442831858407055 220.013424092773
0.443008849557497 220.013384917259
0.44318584070794 220.01334572608
0.443362831858382 220.013306519236
0.443539823008825 220.013267296727
0.443716814159267 220.013228058553
0.44389380530971 220.013188804714
0.444070796460152 220.01314953521
0.444247787610595 220.013110250041
0.444424778761037 220.013070949207
0.44460176991148 220.013031632708
0.444778761061922 220.012992300543
0.444955752212364 220.012952952714
0.445132743362807 220.01291358922
0.445309734513249 220.01287421006
0.445486725663692 220.012834815236
0.445663716814134 220.012795404746
0.445840707964577 220.012755978592
0.446017699115019 220.012716536772
0.446194690265462 220.012677079288
0.446371681415904 220.012637606138
0.446548672566347 220.012598117324
0.446725663716789 220.012558612844
0.446902654867231 220.012519092699
0.447079646017674 220.01247955689
0.447256637168116 220.012440005415
0.447433628318559 220.012400438275
0.447610619469001 220.01236085547
0.447787610619444 220.012321257001
0.447964601769886 220.012281642866
0.448141592920329 220.012242013066
0.448318584070771 220.012202367601
0.448495575221213 220.012162706471
0.448672566371656 220.012123029676
0.448849557522098 220.012083337217
0.449026548672541 220.012043629092
0.449203539822983 220.012003905302
0.449380530973426 220.011964165847
0.449557522123868 220.011924410727
0.449734513274311 220.011884639942
0.449911504424753 220.011844853493
0.450088495575196 220.011805051378
0.450265486725638 220.011765233598
0.45044247787608 220.011725400153
0.450619469026523 220.011685551043
0.450796460176965 220.011645686268
0.450973451327408 220.011605805829
0.45115044247785 220.011565909724
0.451327433628293 220.011525997954
0.451504424778735 220.01148607052
0.451681415929178 220.01144612742
0.45185840707962 220.011406168656
0.452035398230063 220.011366194226
0.452212389380505 220.011326204132
0.452389380530947 220.011286198372
0.45256637168139 220.011246176948
0.452743362831832 220.011206139858
0.452920353982275 220.011166087104
0.453097345132717 220.011126018684
0.45327433628316 220.0110859346
0.453451327433602 220.011045834851
0.453628318584045 220.011005719437
0.453805309734487 220.010965588357
0.453982300884929 220.010925441613
0.454159292035372 220.010885279204
0.454336283185814 220.01084510113
0.454513274336257 220.010804907391
0.454690265486699 220.010764697987
0.454867256637142 220.010724472918
0.455044247787584 220.010684232184
0.455221238938027 220.010643975785
0.455398230088469 220.010603703722
0.455575221238912 220.010563415993
0.455752212389354 220.010523112599
0.455929203539796 220.010482793541
0.456106194690239 220.010442458817
0.456283185840681 220.010402108429
0.456460176991124 220.010361742375
0.456637168141566 220.010321360657
0.456814159292009 220.010280963274
0.456991150442451 220.010240550225
0.457168141592894 220.010200121512
0.457345132743336 220.010159677134
0.457522123893778 220.010119217091
0.457699115044221 220.010078741383
0.457876106194663 220.010038250011
0.458053097345106 220.009997742973
0.458230088495548 220.00995722027
0.458407079645991 220.009916681902
0.458584070796433 220.00987612787
0.458761061946876 220.009835558172
0.458938053097318 220.00979497281
0.459115044247761 220.009754371783
0.459292035398203 220.00971375509
0.459469026548645 220.009673122733
0.459646017699088 220.009632474711
0.45982300884953 220.009591811024
0.459999999999973 220.009551131673
0.460176991150415 220.009510436656
0.460353982300858 220.009469725974
0.4605309734513 220.009428999628
0.460707964601743 220.009388257616
0.460884955752185 220.00934749994
0.461061946902628 220.009306726598
0.46123893805307 220.009265937592
0.461415929203512 220.009225132921
0.461592920353955 220.009184312585
0.461769911504397 220.009143476585
0.46194690265484 220.009102624919
0.462123893805282 220.009061757588
0.462300884955725 220.009020874593
0.462477876106167 220.008979975932
0.46265486725661 220.008939061607
0.462831858407052 220.008898131617
0.463008849557494 220.008857185962
0.463185840707937 220.008816224642
0.463362831858379 220.008775247658
0.463539823008822 220.008734255008
0.463716814159264 220.008693246693
0.463893805309707 220.008652222714
0.464070796460149 220.00861118307
0.464247787610592 220.00857012776
0.464424778761034 220.008529056786
0.464601769911477 220.008487970147
0.464778761061919 220.008446867844
0.464955752212361 220.008405749875
0.465132743362804 220.008364616242
0.465309734513246 220.008323466943
0.465486725663689 220.00828230198
0.465663716814131 220.008241121352
0.465840707964574 220.008199925059
0.466017699115016 220.008158713101
0.466194690265459 220.008117485479
0.466371681415901 220.008076242191
0.466548672566344 220.008034983239
0.466725663716786 220.007993708622
0.466902654867228 220.00795241834
0.467079646017671 220.007911112393
0.467256637168113 220.007869790781
0.467433628318556 220.007828453505
0.467610619468998 220.007787100563
0.467787610619441 220.007745731957
0.467964601769883 220.007704347686
0.468141592920326 220.00766294775
0.468318584070768 220.007621532149
0.46849557522121 220.007580100884
0.468672566371653 220.007538653953
0.468849557522095 220.007497191358
0.469026548672538 220.007455713098
0.46920353982298 220.007414219173
0.469380530973423 220.007372709583
0.469557522123865 220.007331184329
0.469734513274308 220.007289643409
0.46991150442475 220.007248086825
0.470088495575193 220.007206514576
0.470265486725635 220.007164926662
0.470442477876077 220.007123323083
0.47061946902652 220.00708170384
0.470796460176962 220.007040068932
0.470973451327405 220.006998418358
0.471150442477847 220.00695675212
0.47132743362829 220.006915070218
0.471504424778732 220.00687337265
0.471681415929175 220.006831659418
0.471858407079617 220.00678993052
0.47203539823006 220.006748185958
0.472212389380502 220.006706425731
0.472389380530944 220.00666464984
0.472566371681387 220.006622858283
0.472743362831829 220.006581051062
0.472920353982272 220.006539228176
0.473097345132714 220.006497389625
0.473274336283157 220.00645553541
0.473451327433599 220.006413665529
0.473628318584042 220.006371779984
0.473805309734484 220.006329878774
0.473982300884926 220.006287961899
0.474159292035369 220.00624602936
0.474336283185811 220.006204081156
0.474513274336254 220.006162117286
0.474690265486696 220.006120137752
0.474867256637139 220.006078142554
0.475044247787581 220.00603613169
0.475221238938024 220.005994105162
0.475398230088466 220.005952062969
0.475575221238909 220.005910005111
0.475752212389351 220.005867931588
0.475929203539793 220.005825842401
0.476106194690236 220.005783737548
0.476283185840678 220.005741617031
0.476460176991121 220.00569948085
0.476637168141563 220.005657329003
0.476814159292006 220.005615161492
0.476991150442448 220.005572978316
0.477168141592891 220.005530779475
0.477345132743333 220.005488564969
0.477522123893776 220.005446334799
0.477699115044218 220.005404088964
0.47787610619466 220.005361827464
0.478053097345103 220.005319550299
0.478230088495545 220.00527725747
0.478407079645988 220.005234948976
0.47858407079643 220.005192624817
0.478761061946873 220.005150284993
0.478938053097315 220.005107929505
0.479115044247758 220.005065558352
0.4792920353982 220.005023171534
0.479469026548642 220.004980769051
0.479646017699085 220.004938350904
0.479823008849527 220.004895917092
0.47999999999997 220.004853467615
0.480176991150412 220.004811002473
0.480353982300855 220.004768521667
0.480530973451297 220.004726025195
0.48070796460174 220.004683513059
0.480884955752182 220.004640985259
0.481061946902625 220.004598441793
0.481238938053067 220.004555882663
0.481415929203509 220.004513307868
0.481592920353952 220.004470717409
0.481769911504394 220.004428111285
0.481946902654837 220.004385489495
0.482123893805279 220.004342852042
0.482300884955722 220.004300198923
0.482477876106164 220.00425753014
0.482654867256607 220.004214845692
0.482831858407049 220.004172145579
0.483008849557492 220.004129429802
0.483185840707934 220.00408669836
0.483362831858376 220.004043951253
0.483539823008819 220.004001188482
0.483716814159261 220.003958410045
0.483893805309704 220.003915615944
0.484070796460146 220.003872806179
0.484247787610589 220.003829980748
0.484424778761031 220.003787139653
0.484601769911474 220.003744282893
0.484778761061916 220.003701410469
0.484955752212358 220.00365852238
0.485132743362801 220.003615618626
0.485309734513243 220.003572699207
0.485486725663686 220.003529764123
0.485663716814128 220.003486813375
0.485840707964571 220.003443846963
0.486017699115013 220.003400864885
0.486194690265456 220.003357867143
0.486371681415898 220.003314853736
0.486548672566341 220.003271824664
0.486725663716783 220.003228779928
0.486902654867225 220.003185719527
0.487079646017668 220.003142643461
0.48725663716811 220.003099551731
0.487433628318553 220.003056444336
0.487610619468995 220.003013321276
0.487787610619438 220.002970182552
0.48796460176988 220.002927028163
0.488141592920323 220.002883858109
0.488318584070765 220.00284067239
0.488495575221208 220.002797471007
0.48867256637165 220.002754253959
0.488849557522092 220.002711021247
0.489026548672535 220.00266777287
0.489203539822977 220.002624508828
0.48938053097342 220.002581229121
0.489557522123862 220.00253793375
0.489734513274305 220.002494622714
0.489911504424747 220.002451296014
0.49008849557519 220.002407953648
0.490265486725632 220.002364595618
0.490442477876074 220.002321221924
0.490619469026517 220.002277832564
0.490796460176959 220.00223442754
0.490973451327402 220.002191006852
0.491150442477844 220.002147570498
0.491327433628287 220.002104118481
0.491504424778729 220.002060650798
0.491681415929172 220.002017167451
0.491858407079614 220.001973668439
0.492035398230057 220.001930153762
0.492212389380499 220.001886623421
0.492389380530941 220.001843077415
0.492566371681384 220.001799515744
0.492743362831826 220.001755938409
0.492920353982269 220.001712345409
0.493097345132711 220.001668736745
0.493274336283154 220.001625112416
0.493451327433596 220.001581472422
0.493628318584039 220.001537816764
0.493805309734481 220.001494145441
0.493982300884924 220.001450458453
0.494159292035366 220.001406755801
0.494336283185808 220.001363037484
0.494513274336251 220.001319303502
0.494690265486693 220.001275553856
0.494867256637136 220.001231788545
0.495044247787578 220.001188007569
0.495221238938021 220.001144210929
0.495398230088463 220.001100398624
0.495575221238906 220.001056570655
0.495752212389348 220.00101272702
0.49592920353979 220.000968867722
0.496106194690233 220.000924992758
0.496283185840675 220.00088110213
0.496460176991118 220.000837195838
0.49663716814156 220.00079327388
0.496814159292003 220.000749336258
0.496991150442445 220.000705382972
0.497168141592888 220.000661414021
0.49734513274333 220.000617429405
0.497522123893773 220.000573429125
0.497699115044215 220.00052941318
0.497876106194657 220.00048538157
0.4980530973451 220.000441334296
0.498230088495542 220.000397271357
0.498407079645985 220.000353192754
0.498584070796427 220.000309098486
0.49876106194687 220.000264988553
0.498938053097312 220.000220862956
0.499115044247755 220.000176721694
0.499292035398197 220.000132564767
0.49946902654864 220.000088392176
0.499646017699082 220.00004420392
0.499823008849524 220
