0.00535714285714286 -0 -0
0.0160714285714286 -35.3870423523404 -35.3870423523404
0.0267857142857143 -141.476687198446 -141.476687198446
0.0375 -295.455740678854 -295.455740678854
0.0482142857142857 -473.530887462341 -473.530887462341
0.0589285714285714 -648.767768317735 -648.767768317735
0.0696428571428571 -794.001072978579 -794.001072978579
0.0803571428571428 -885.114009435788 -885.114009435788
0.0910714285714286 -904.038211646849 -904.038211646849
0.101785714285714 -841.076604488169 -841.076604488169
0.1125 -696.261350138051 -696.261350138051
0.123214285714286 -479.577036366108 -479.577036366108
0.133928571428571 -210.012135069845 -210.012135069845
0.144642857142857 86.4619772096479 86.4619772096479
0.155357142857143 379.760165973514 379.760165973514
0.166071428571429 639.076963111726 639.076963111726
0.176785714285714 836.417519036317 836.417519036317
0.1875 949.860524810824 949.860524810824
0.198214285714286 966.175104740198 966.175104740198
0.208928571428571 882.484650154249 882.484650154249
0.219642857142857 706.777043151726 706.777043151726
0.230357142857143 457.190733621546 457.190733621546
0.241071428571429 160.144993176276 160.144993176276
0.251785714285714 -152.485375079529 -152.485375079529
0.2625 -446.840568846627 -446.840568846627
0.273214285714286 -690.805764928045 -690.805764928045
0.283928571428571 -857.582514400542 -857.582514400542
0.294642857142857 -367.470597102523 -367.470597102523
0.307142857142857 -222.725638069407 -890.902552277629
0.321428571428571 -212.82672082188 -851.306883287518
0.335714285714286 -203.770264616695 -815.08105846678
0.35 -195.45311095887 -781.812443835481
0.364285714285714 -187.788283078131 -751.153132312524
0.378571428571429 -180.701932773297 -722.807731093189
0.392857142857143 -174.130953399725 -696.523813598899
0.407142857142857 -168.021095385697 -672.08438154279
0.421428571428571 -162.325465033641 -649.301860134563
0.435714285714286 -157.003318639095 -628.013274556379
0.45 -152.019086301347 -608.076345205388
0.464285714285714 -147.341575953613 -589.366303814454
0.478571428571429 -142.943319955 -571.773279819998
0.492857142857143 -138.800035318623 -555.200141274493
