0 1 1
0.00113636363636364 1 1
0.00227272727272727 1 1
0.00340909090909091 1 1
0.00454545454545455 1 1
0.00568181818181818 1 1
0.00681818181818182 1 1
0.00795454545454546 1 1
0.00909090909090909 1 1
0.0102272727272727 1 1
0.0113636363636364 1 1
0.0125 1 1
0.0136363636363636 1 1
0.0147727272727273 1 1
0.0159090909090909 1 1
0.0170454545454545 1 1
0.0181818181818182 1 1
0.0193181818181818 1 1
0.0204545454545455 1 1
0.0215909090909091 1 1
0.0227272727272727 1 1
0.0238636363636364 1 1
0.025 1 1
0.0261363636363636 1 1
0.0272727272727273 1 1
0.0284090909090909 1 1
0.0295454545454546 1 1
0.0306818181818182 1 1
0.0318181818181818 1 1
0.0329545454545455 1 1
0.0340909090909091 1 1
0.0352272727272727 1 1
0.0363636363636364 1 1
0.0375 1 1
0.0386363636363636 1 1
0.0397727272727273 1 1
0.0409090909090909 1 1
0.0420454545454546 1 1
0.0431818181818182 1 1
0.0443181818181818 1 1
0.0454545454545455 1 1
0.0465909090909091 1 1
0.0477272727272727 1 1
0.0488636363636364 1 1
0.05 1 1
0.0511363636363636 1 1
0.0522727272727273 1 1
0.0534090909090909 1 1
0.0545454545454546 1 1
0.0556818181818182 1 1
0.0568181818181818 1 1
0.0579545454545455 1 1
0.0590909090909091 1 1
0.0602272727272727 1 1
0.0613636363636364 1 1
0.0625 1 1
0.0636363636363636 1 1
0.0647727272727273 1 1
0.0659090909090909 1 1
0.0670454545454545 1 1
0.0681818181818182 1 1
0.0693181818181818 1 1
0.0704545454545454 1 1
0.0715909090909091 1 1
0.0727272727272727 1 1
0.0738636363636363 1 1
0.0749999999999999 1 1
0.0761363636363636 1 1
0.0772727272727272 1 1
0.0784090909090908 1 1
0.0795454545454545 1 1
0.0806818181818181 1 1
0.0818181818181817 1 1
0.0829545454545454 1 1
0.084090909090909 1 1
0.0852272727272726 1 1
0.0863636363636362 1 1
0.0874999999999999 1 1
0.0886363636363635 1 1
0.0897727272727271 1 1
0.0909090909090908 1 1
0.0920454545454544 1 1
0.093181818181818 1 1
0.0943181818181816 1 1
0.0954545454545453 1 1
0.0965909090909089 1 1
0.0977272727272725 1 1
0.0988636363636362 1 1
0.0999999999999998 1 1
0.101136363636363 1 1
0.102272727272727 1 1
0.103409090909091 1 1
0.104545454545454 1 1
0.105681818181818 1 1
0.106818181818182 1 1
0.107954545454545 1 1
0.109090909090909 1 1
0.110227272727272 1 1
0.111363636363636 1 1
0.1125 1 1
0.113636363636363 1 1
0.114772727272727 1 1
0.115909090909091 1 1
0.117045454545454 1 1
0.118181818181818 1 1
0.119318181818182 1 1
0.120454545454545 1 1
0.121590909090909 1 1
0.122727272727272 1 1
0.123863636363636 1 1
0.125 1 1
0.126136363636363 1 1
0.127272727272727 1 1
0.128409090909091 1 1
0.129545454545454 1 1
0.130681818181818 1 1
0.131818181818181 1 1
0.132954545454545 1 1
0.134090909090909 1 1
0.135227272727272 1 1
0.136363636363636 1 1
0.1375 1 1
0.138636363636363 1 1
0.139772727272727 1 1
0.14090909090909 1 1
0.142045454545454 1 1
0.143181818181818 1 1
0.144318181818181 1 1
0.145454545454545 1 1
0.146590909090909 1 1
0.147727272727272 1 1
0.148863636363636 1 1
0.15 1 1
0.151136363636363 1 1
0.152272727272727 1 1
0.15340909090909 1 1
0.154545454545454 1 1
0.155681818181818 1 1
0.156818181818181 1 1
0.157954545454545 1 1
0.159090909090909 1 1
0.160227272727272 1 1
0.161363636363636 1 1
0.162499999999999 1 1
0.163636363636363 1 1
0.164772727272727 1 1
0.16590909090909 1 1
0.167045454545454 1 1
0.168181818181818 1 1
0.169318181818181 1 1
0.170454545454545 1 1
0.171590909090908 1 1
0.172727272727272 1 1
0.173863636363636 1 1
0.174999999999999 1 1
0.176136363636363 1 1
0.177272727272727 1 1
0.17840909090909 1 1
0.179545454545454 1 1
0.180681818181818 1 1
0.181818181818181 1 1
0.182954545454545 1 1
0.184090909090908 1 1
0.185227272727272 1 1
0.186363636363636 1 1
0.187499999999999 1 1
0.188636363636363 1 1
0.189772727272727 1 1
0.19090909090909 1 1
0.192045454545454 1 1
0.193181818181817 1 1
0.194318181818181 1 1
0.195454545454545 1 1
0.196590909090908 1 1
0.197727272727272 1 1
0.198863636363636 1 1
0.199999999999999 1 1
0.201136363636363 1 1
0.202272727272726 1 1
0.20340909090909 1 1
0.204545454545454 1 1
0.205681818181817 1 1
0.206818181818181 1 1
0.207954545454545 1 1
0.209090909090908 1 1
0.210227272727272 1 1
0.211363636363636 1 1
0.212499999999999 1 1
0.213636363636363 1 1
0.214772727272726 1 1
0.21590909090909 1 1
0.217045454545454 1 1
0.218181818181817 1 1
0.219318181818181 1 1
0.220454545454545 1 1
0.221590909090908 1 1
0.222727272727272 1 1
0.223863636363635 1 1
0.224999999999999 1 1
0.226136363636363 1 1
0.227272727272726 1 1
0.22840909090909 1 1
0.229545454545454 1 1
0.230681818181817 1 1
0.231818181818181 1 1
0.232954545454544 1 1
0.234090909090908 1 1
0.235227272727272 1 1
0.236363636363635 1 1
0.237499999999999 1 1
0.238636363636363 1 1
0.239772727272726 1 1
0.24090909090909 1 1
0.242045454545454 1 1
0.243181818181817 1 1
0.244318181818181 1 1
0.245454545454544 1 1
0.246590909090908 1 1
0.247727272727272 1 1
0.248863636363635 1 1
0.249999999999999 1 1
0.251136363636363 1 1
0.252272727272726 1 1
0.25340909090909 1 1
0.254545454545454 1 1
0.255681818181817 1 1
0.256818181818181 1 1
0.257954545454545 1 1
0.259090909090908 1 1
0.260227272727272 1 1
0.261363636363636 1 1
0.262499999999999 1 1
0.263636363636363 1 1
0.264772727272726 1 1
0.26590909090909 1 1
0.267045454545454 1 1
0.268181818181817 1 1
0.269318181818181 1 1
0.270454545454545 1 1
0.271590909090908 1 1
0.272727272727272 1 1
0.273863636363636 1 1
0.274999999999999 1 1
0.276136363636363 1 1
0.277272727272727 1 1
0.27840909090909 1 1
0.279545454545454 1 1
0.280681818181818 1 1
0.281818181818181 1 1
0.282954545454545 1 1
0.284090909090909 1 1
0.285227272727272 1 1
0.286363636363636 1 1
0.2875 1 1
0.288636363636363 1 1
0.289772727272727 1 1
0.290909090909091 1 1
0.292045454545454 1 1
0.293181818181818 1 1
0.294318181818182 1 1
0.295454545454545 1 1
0.296590909090909 1 1
0.297727272727273 1 1
0.298863636363636 1 1
0.3 1 1
0.300754716981132 1 1
0.301509433962264 1 1
0.302264150943396 1 1
0.303018867924528 1 1
0.30377358490566 1 1
0.304528301886792 1 1
0.305283018867924 1 1
0.306037735849056 1 1
0.306792452830188 1 1
0.30754716981132 1 1
0.308301886792452 1 1
0.309056603773585 1 1
0.309811320754717 1 1
0.310566037735849 1 1
0.311320754716981 1 1
0.312075471698113 1 1
0.312830188679245 1 1
0.313584905660377 1 1
0.314339622641509 1 1
0.315094339622641 1 1
0.315849056603773 1 1
0.316603773584905 1 1
0.317358490566037 1 1
0.318113207547169 1 1
0.318867924528301 1 1
0.319622641509433 1 1
0.320377358490565 1 1
0.321132075471697 1 1
0.321886792452829 1 1
0.322641509433961 1 1
0.323396226415094 1 1
0.324150943396226 1 1
0.324905660377358 1 1
0.32566037735849 1 1
0.326415094339622 1 1
0.327169811320754 1 1
0.327924528301886 1 1
0.328679245283018 1 1
0.32943396226415 1 1
0.330188679245282 1 1
0.330943396226414 1 1
0.331698113207546 1 1
0.332452830188678 1 1
0.33320754716981 1 1
0.333962264150942 1 1
0.334716981132074 1 1
0.335471698113206 1 1
0.336226415094338 1 1
0.33698113207547 1 1
0.337735849056603 1 1
0.338490566037735 1 1
0.339245283018867 1 1
0.339999999999999 1 1
0.340754716981131 1 1
0.341509433962263 1 1
0.342264150943395 1 1
0.343018867924527 1 1
0.343773584905659 1 1
0.344528301886791 1 1
0.345283018867923 1 1
0.346037735849055 1 1
0.346792452830187 1 1
0.347547169811319 1 1
0.348301886792451 1 1
0.349056603773583 1 1
0.349811320754715 1 1
0.350566037735847 1 1
0.351320754716979 1 1
0.352075471698112 1 1
0.352830188679244 1 1
0.353584905660376 1 1
0.354339622641508 1 1
0.35509433962264 1 1
0.355849056603772 1 1
0.356603773584904 1 1
0.357358490566036 1 1
0.358113207547168 1 1
0.3588679245283 1 1
0.359622641509432 1 1
0.360377358490564 1 1
0.361132075471696 1 1
0.361886792452828 1 1
0.36264150943396 1 1
0.363396226415092 1 1
0.364150943396224 1 1
0.364905660377356 1 1
0.365660377358488 1 1
0.366415094339621 1 1
0.367169811320753 1 1
0.367924528301885 1 1
0.368679245283017 1 1
0.369433962264149 1 1
0.370188679245281 1 1
0.370943396226413 1 1
0.371698113207545 1 1
0.372452830188677 1 1
0.373207547169809 1 1
0.373962264150941 1 1
0.374716981132073 1 1
0.375471698113205 1 1
0.376226415094337 1 1
0.376981132075469 1 1
0.377735849056601 1 1
0.378490566037733 1 1
0.379245283018865 1 1
0.379999999999998 1 1
0.38075471698113 1 1
0.381509433962262 1 1
0.382264150943394 1 1
0.383018867924526 1 1
0.383773584905658 1 1
0.38452830188679 1 1
0.385283018867922 1 1
0.386037735849054 1 1
0.386792452830186 1 1
0.387547169811318 1 1
0.38830188679245 1 1
0.389056603773582 1 1
0.389811320754714 1 1
0.390566037735846 1 1
0.391320754716978 1 1
0.39207547169811 1 1
0.392830188679242 1 1
0.393584905660374 1 1
0.394339622641507 1 1
0.395094339622639 1 1
0.395849056603771 1 1
0.396603773584903 1 1
0.397358490566035 1 1
0.398113207547167 1 1
0.398867924528299 1 1
0.399622641509431 1 1
0.400377358490563 1 1
0.401132075471695 1 1
0.401886792452827 1 1
0.402641509433959 1 1
0.403396226415091 1 1
0.404150943396223 1 1
0.404905660377355 1 1
0.405660377358487 1 1
0.406415094339619 1 1
0.407169811320751 1 1
0.407924528301883 1 1
0.408679245283016 1 1
0.409433962264148 1 1
0.41018867924528 1 1
0.410943396226412 1 1
0.411698113207544 1 1
0.412452830188676 1 1
0.413207547169808 1 1
0.41396226415094 1 1
0.414716981132072 1 1
0.415471698113204 1 1
0.416226415094336 1 1
0.416981132075468 1 1
0.4177358490566 1 1
0.418490566037732 1 1
0.419245283018864 1 1
0.419999999999996 1 1
0.420754716981128 1 1
0.42150943396226 1 1
0.422264150943392 1 1
0.423018867924525 1 1
0.423773584905657 1 1
0.424528301886789 1 1
0.425283018867921 1 1
0.426037735849053 1 1
0.426792452830185 1 1
0.427547169811317 1 1
0.428301886792449 1 1
0.429056603773581 1 1
0.429811320754713 1 1
0.430566037735845 1 1
0.431320754716977 1 1
0.432075471698109 1 1
0.432830188679241 1 1
0.433584905660373 1 1
0.434339622641505 1 1
0.435094339622637 1 1
0.435849056603769 1 1
0.436603773584901 1 1
0.437358490566034 1 1
0.438113207547166 1 1
0.438867924528298 1 1
0.43962264150943 1 1
0.440377358490562 1 1
0.441132075471694 1 1
0.441886792452826 1 1
0.442641509433958 1 1
0.44339622641509 1 1
0.444150943396222 1 1
0.444905660377354 1 1
0.445660377358486 1 1
0.446415094339618 1 1
0.44716981132075 1 1
0.447924528301882 1 1
0.448679245283014 1 1
0.449433962264146 1 1
0.450188679245278 1 1
0.45094339622641 1 1
0.451698113207543 1 1
0.452452830188675 1 1
0.453207547169807 1 1
0.453962264150939 1 1
0.454716981132071 1 1
0.455471698113203 1 1
0.456226415094335 1 1
0.456981132075467 1 1
0.457735849056599 1 1
0.458490566037731 1 1
0.459245283018863 1 1
0.459999999999995 1 1
0.460754716981127 1 1
0.461509433962259 1 1
0.462264150943391 1 1
0.463018867924523 1 1
0.463773584905655 1 1
0.464528301886787 1 1
0.46528301886792 1 1
0.466037735849052 1 1
0.466792452830184 1 1
0.467547169811316 1 1
0.468301886792448 1 1
0.46905660377358 1 1
0.469811320754712 1 1
0.470566037735844 1 1
0.471320754716976 1 1
0.472075471698108 1 1
0.47283018867924 1 1
0.473584905660372 1 1
0.474339622641504 1 1
0.475094339622636 1 1
0.475849056603768 1 1
0.4766037735849 1 1
0.477358490566032 1 1
0.478113207547164 1 1
0.478867924528296 1 1
0.479622641509429 1 1
0.480377358490561 1 1
0.481132075471693 1 1
0.481886792452825 1 1
0.482641509433957 1 1
0.483396226415089 1 1
0.484150943396221 1 1
0.484905660377353 1 1
0.485660377358485 1 1
0.486415094339617 1 1
0.487169811320749 1 1
0.487924528301881 1 1
0.488679245283013 1 1
0.489433962264145 1 1
0.490188679245277 1 1
0.490943396226409 1 1
0.491698113207541 1 1
0.492452830188673 1 1
0.493207547169805 1 1
0.493962264150938 1 1
0.49471698113207 1 1
0.495471698113202 1 1
0.496226415094334 1 1
0.496981132075466 1 1
0.497735849056598 1 1
0.49849056603773 1 1
0.499245283018862 1 1
