0.0013953488372093 -1314.66415705838 -657.332078539608 -657.332078539608
0.0027906976744186 -2626.80244634887 -1970.10183476161 -1970.10183476161
0.00418604651162791 -3933.89385306008 -3278.24487753053 -3278.24487753053
0.00558139534883721 -5233.42705896966 -4579.24867657426 -4579.24867657426
0.00697674418604651 -6522.90526744671 -5870.6147407 -5870.6147407
0.00837209302325581 -7799.85100055383 -7149.86341718786 -7149.86341718786
0.00976744186046512 -9061.81085903214 -8414.53865481086 -8414.53865481086
0.0111627906976744 -10306.3602360238 -9662.21272126571 -9662.21272126571
0.0125581395348837 -11531.1079754759 -10890.4908657328 -10890.4908657328
0.013953488372093 -12733.7009662745 -12097.0159179647 -12097.0159179647
0.0153488372093023 -13911.8286632837 -13279.4728149445 -13279.4728149445
0.0167441860465116 -15063.2275266024 -14435.5930463215 -14435.5930463215
0.0181395348837209 -16185.6853705089 -15563.1590100952 -15563.1590100952
0.0195348837209302 -17277.0456137399 -16660.0082704039 -16660.0082704039
0.0209302325581395 -18335.2114229355 -17724.0377088486 -17724.0377088486
0.0223255813953488 -19358.1497412909 -18753.2075618694 -18753.2075618694
0.0237209302325581 -20343.8951946739 -19745.5453359934 -19745.5453359934
0.0251162790697674 -21290.5538677033 -20699.1495936145 -20699.1495936145
0.0265116279069767 -22196.306942534 -21612.1936019274 -21612.1936019274
0.027906976744186 -23059.414193356 -22482.928838531 -22482.928838531
0.0293023255813953 -23878.2173298954 -23309.6883458688 -23309.6883458688
0.0306976744186047 -24651.1431834919 -24090.8899293232 -24090.8899293232
0.032093023255814 -25376.7067296317 -24825.039192025 -24825.039192025
0.0334883720930233 -26053.5139411293 -25510.7324006937 -25510.7324006937
0.0348837209302326 -26680.2644664756 -26146.659177149 -26146.659177149
0.0362790697674419 -27255.7541282067 -26731.6050103425 -26731.6050103425
0.0376744186046512 -27778.8772364934 -27264.4535839705 -27264.4535839705
0.0390697674418605 -28248.6287135059 -27744.1889150581 -27744.1889150581
0.0404651162790698 -28664.1060244727 -28169.8972999116 -28169.8972999116
0.0418604651162791 -29024.5109117228 -28540.7690631877 -28540.7690631877
0.0432558139534884 -29329.1509283805 -28856.1001069533 -28856.1001069533
0.0446511627906977 -29577.4407687655 -29115.2932567421 -29115.2932567421
0.046046511627907 -29768.9033929421 -29317.8594021516 -29317.8594021516
0.0474418604651163 -29903.1709432574 -29463.4184293913 -29463.4184293913
0.0488372093023256 -29979.9854511072 -29551.6999446554 -29551.6999446554
0.0502325581395349 -29999.1993325717 -29582.5437862832 -29582.5437862832
0.0516279069767442 -29960.775671969 -29555.9003250559 -29555.9003250559
0.0530232558139535 -29864.7882927811 -29471.83055208 -29471.83055208
0.0544186046511628 -29711.421615817 -29330.5059540818 -29330.5059540818
0.0558139534883721 -29500.970304884 -29132.2081760645 -29132.2081760645
0.0572093023255814 -29233.8387006498 -28877.3284726065 -28877.3284726065
0.0586046511627907 -28910.5400437814 -28566.3669480321 -28566.3669480321
0.06 -28531.6954888546 -28199.9315878374 -28199.9315878374
0.0613953488372093 -28098.0329109281 -27778.7370823934 -27778.7370823934
0.0627906976744186 -27610.3855070748 -27303.6034458769 -27303.6034458769
0.0641860465116279 -27069.6901955586 -26775.4544325623 -26775.4544325623
0.0655813953488372 -26476.9858157303 -26195.3157538582 -26195.3157538582
0.0669767441860465 -25833.4111321034 -25564.3130994884 -25564.3130994884
0.0683720930232558 -25140.2026464419 -24883.6699663932 -24883.6699663932
0.0697674418604651 -24398.692222067 -24154.7052998462 -24154.7052998462
0.0711627906976744 -23610.3045249441 -23378.830951158 -23378.830951158
0.0725581395348837 -22776.5542864683 -22557.5489567867 -22557.5489567867
0.073953488372093 -21899.0433932071 -21692.4486442141 -21692.4486442141
0.0753488372093023 -20979.4578091911 -20785.2035702202 -20785.2035702202
0.0767441860465116 -20019.5643366672 -19837.5682972453 -19837.5682972453
0.0781395348837209 -19021.2072215363 -18851.3750142015 -18851.3750142015
0.0795348837209302 -17986.3046099992 -17828.5300081668 -17828.5300081668
0.0809302325581395 -16916.8448632165 -16771.0099936924 -16771.0099936924
0.0823255813953488 -15814.8827370657 -15680.8583070982 -15680.8583070982
0.0837209302325581 -14682.5354343326 -14560.180972391 -14560.180972391
0.0851162790697674 -13521.9785369244 -13411.1426472684 -13411.1426472684
0.0865116279069768 -12335.441825918 -12235.9624563442 -12235.9624563442
0.087906976744186 -11125.2049974759 -11036.9097197129 -11036.9097197129
0.0893023255813954 -9893.59328285977 -9816.29958533591 -9816.29958533591
0.0906976744186047 -8642.97298095712 -8576.48857341965 -8576.48857341965
0.0920930232558139 -7375.74691190541 -7319.87004135714 -7319.87004135714
0.0934883720930233 -6094.34980054686 -6048.86957814973 -6048.86957814973
0.0948837209302326 -4801.24359858536 -4765.94033683662 -4765.94033683662
0.0962790697674419 -3498.9127544319 -3473.55831418386 -3473.55831418386
0.0976744186046512 -2189.85943982723 -2174.21758667451 -2174.21758667451
0.0990697674418605 -876.598742412586 -870.425511840976 -870.425511840976
0.10046511627907 438.346166514881 435.302095904017 435.302095904017
0.101860465116279 1752.44887977798 1740.44580527447 1740.44580527447
0.103255813953488 3063.18460831228 3042.48741500777 3042.48741500777
0.104651162790698 4368.03503205015 4338.914798496 4338.914798496
0.106046511627907 5664.49313837581 5627.22673613667 5627.22673613667
0.107441860465116 6950.06803885543 6904.93772689302 6904.93772689302
0.108837209302326 8222.28975498775 8169.58276939502 8169.58276939502
0.110232558139535 9478.71396378035 9418.72210327771 9418.72210327771
0.111627906976744 10716.926694034 10649.9459021943 10649.9459021943
0.113023255813953 11934.548964312 11860.8789090093 11860.8789090093
0.114418604651163 13129.2413536836 13049.1850039719 13049.1850039719
0.115813953488372 14298.7084964596 14212.5716982736 14212.5716982736
0.117209302325581 15440.7034922847 15348.7945429651 15348.7945429651
0.118604651162791 16553.0322231134 16455.6614453564 16455.6614453564
0.12 17633.5575687742 17531.0368852259 17531.0368852259
0.121395348837209 18680.2035130251 18572.846021584 18572.846021584
0.122790697674419 19690.9591322086 19579.0786826006 19579.0786826006
0.124186046511628 20663.8824588451 20547.7932315478 20547.7932315478
0.125581395348837 21597.1042127399 21477.1203004918 21477.1203004918
0.126976744186047 22488.8313924365 22365.2663847734 22365.2663847734
0.128372093023256 23337.3507201149 23210.5172923078 23210.5172923078
0.129767441860465 24141.0319333172 24011.2414390305 24011.2414390305
0.131162790697674 24898.3309171747 24765.8929867698 24765.8929867698
0.132558139534884 25607.7926711204 25473.0148149624 25473.0148149624
0.133953488372093 26268.0541043853 26131.241322604 26131.241322604
0.135348837209302 26877.8466549082 26739.3010535943 26739.3010535943
0.136744186046512 27435.9987266279 27296.0191412856 27296.0191412856
0.138139534883721 27941.4379404733 27800.3195670408 27800.3195670408
0.13953488372093 28393.1931947283 28251.2272287491 28251.2272287491
0.14093023255814 28790.3965308123 28647.8698153213 28647.8698153213
0.142325581395349 29132.2848008914 28989.4794832371 28989.4794832371
0.143720930232558 29418.2011341161 29275.3943324965 29275.3943324965
0.145116279069767 29647.5961986692 29505.0596784843 29505.0596784843
0.146511627906977 29820.0292571984 29678.0291178783 29678.0291178783
0.147906976744186 29935.1690136063 29793.9653861912 29793.9653861912
0.149302325581395 29992.7942495704 29852.6410054115 29852.6410054115
0.150697674418605 29992.7942495704 29853.9387206245 29853.9387206245
0.152093023255814 29935.1690136063 29797.8517245565 29797.8517245565
0.153488372093023 29820.0292571984 29684.483669679 29684.483669679
0.154883720930233 29647.5961986692 29514.0484680444 29514.0484680444
0.156279069767442 29418.2011341161 29286.8698790362 29286.8698790362
0.157674418604651 29132.2848008914 29003.3808858545 29003.3808858545
0.15906976744186 28790.3965308123 28664.1228618178 28664.1228618178
0.16046511627907 28393.1931947283 28269.7445286575 28269.7445286575
0.161860465116279 27941.4379404733 27821.0007079483 27821.0007079483
0.163255813953488 27435.9987266279 27318.7508688013 27318.7508688013
0.164651162790698 26877.8466549082 26763.957474169 26763.957474169
0.166046511627907 26268.0541043852 26157.684129156 26157.684129156
0.167441860465116 25607.7926711204 25501.0935350164 25501.0935350164
0.168837209302326 24898.3309171747 24795.4452522732 24795.4452522732
0.170232558139535 24141.0319333172 24042.0932778334 24042.0932778334
0.171627906976744 23337.350720115 23242.4834407807 23242.4834407807
0.173023255813954 22488.8313924365 22398.1506207006 22398.1506207006
0.174418604651163 21597.1042127399 21510.7157958852 21510.7157958852
0.175813953488372 20663.8824588451 20581.8829252594 20581.8829252594
0.177209302325581 19690.9591322086 19613.435671071 19613.435671071
0.178604651162791 18680.2035130251 18607.2339680861 18607.2339680861
0.18 17633.5575687742 17565.2104463994 17565.2104463994
0.181395348837209 16553.0322231134 16489.3667145723 16489.3667145723
0.182790697674419 15440.7034922847 15381.7695094909 15381.7695094909
0.184186046511628 14298.7084964596 14244.54672183 14244.54672183
0.185581395348837 13129.2413536836 13079.8833034969 13079.8833034969
0.186976744186047 11934.548964312 11890.0170651947 11890.0170651947
0.188372093023256 10716.926694034 10677.2343729217 10677.2343729217
0.189767441860465 9478.71396378032 9443.8657506965 9443.8657506965
0.191162790697674 8222.28975498773 8192.28139821677 8192.28139821677
0.192558139534884 6950.06803885543 6924.88663294293 6924.88663294293
0.193953488372093 5664.4931383758 5644.11726378515 5644.11726378515
0.195348837209302 4368.03503205015 4352.43490690981 4352.43490690981
0.196744186046512 3063.18460831226 3052.32225157008 3052.32225157008
0.198139534883721 1752.44887977796 1746.27828513219 1746.27828513219
0.19953488372093 438.346166514892 436.813487590448 436.813487590448
0.20093023255814 -876.598742412602 -873.554996757645 -873.554996757645
0.202325581395349 -2189.85943982723 -2182.30820038327 -2182.30820038327
0.203720930232558 -3498.9127544319 -3486.93017653004 -3486.93017653004
0.205116279069767 -4801.24359858539 -4784.91283802883 -4784.91283802883
0.206511627906977 -6094.34980054685 -6073.76078094422 -6073.76078094422
0.207906976744186 -7375.74691190538 -7350.99608336586 -7350.99608336586
0.209302325581395 -8642.97298095713 -8614.16307099262 -8614.16307099262
0.210697674418605 -9893.59328285977 -9860.83304021649 -9860.83304021649
0.212093023255814 -11125.204997476 -11088.6089284076 -11088.6089284076
0.213488372093023 -12335.441825918 -12295.1299245086 -12295.1299245086
0.214883720930233 -13521.9785369244 -13478.0760092073 -13478.0760092073
0.216279069767442 -14682.5354343326 -14635.1724168277 -14635.1724168277
0.217674418604651 -15814.8827370657 -15764.1940103596 -15764.1940103596
0.21906976744186 -16916.8448632165 -16862.969561102 -16862.969561102
0.22046511627907 -17986.3046099992 -17929.3859245173 -17929.3859245173
0.221860465116279 -19021.2072215363 -18961.3921044992 -18961.3921044992
0.223255813953488 -20019.5643366672 -19957.0031981164 -19957.0031981164
0.224651162790698 -20979.4578091911 -20914.304213501 -20914.304213501
0.226046511627907 -21899.0433932071 -21831.4537531048 -21831.4537531048
0.227441860465116 -22776.5542864683 -22706.6875555443 -22706.6875555443
0.228837209302326 -23610.3045249441 -23538.3218891777 -23538.3218891777
0.230232558139535 -24398.692222067 -24324.7567910976 -24324.7567910976
0.231627906976744 -25140.2026464419 -25064.4791444974 -25064.4791444974
0.233023255813954 -25833.4111321034 -25756.0655897973 -25756.0655897973
0.234418604651163 -26476.9858157303 -26398.1852627016 -26398.1852627016
0.235813953488372 -27069.6901955586 -26989.602354738 -26989.602354738
0.237209302325581 -27610.3855070748 -27529.1784908943 -27529.1784908943
0.238604651162791 -28098.0329109281 -28015.8749199417 -28015.8749199417
0.24 -28531.6954888546 -28448.7545136241 -28448.7545136241
0.241395348837209 -28910.5400437814 -28826.9835696639 -28826.9835696639
0.242790697674419 -29233.8387006498 -29149.8334170434 -29149.8334170434
0.244186046511628 -29500.970304884 -29416.6818182833 -29416.6818182833
0.245581395348837 -29711.421615817 -29627.0141680513 -29627.0141680513
0.246976744186047 -29864.7882927811 -29780.4244840345 -29780.4244840345
0.248372093023256 -29960.775671969 -29876.6161897291 -29876.6161897291
0.249767441860465 -29999.1993325717 -29915.4026863705 -29915.4026863705
0.251162790697674 -29979.9854511072 -29896.7077137538 -29896.7077137538
0.252558139534884 -29903.1709432574 -29820.5654986639 -29820.5654986639
0.253953488372093 -29768.9033929421 -29687.1206912955 -29687.1206912955
0.255348837209302 -29577.4407687655 -29496.6280890623 -29496.6280890623
0.256744186046512 -29329.1509283805 -29249.4521486731 -29249.4521486731
0.258139534883721 -29024.5109117228 -28946.0662876468 -28946.0662876468
0.25953488372093 -28664.1060244727 -28587.0519760245 -28587.0519760245
0.26093023255814 -28248.6287135059 -28173.0976206715 -28173.0976206715
0.262325581395349 -27778.8772364934 -27704.997243835 -27704.997243835
0.263720930232558 -27255.7541282067 -27183.6489585501 -27183.6489585501
0.265116279069767 -26680.2644664756 -26610.0532442061 -26610.0532442061
0.266511627906977 -26053.5139411293 -25985.3110250697 -25985.3110250697
0.267906976744186 -25376.7067296317 -25310.6215558854 -25310.6215558854
0.269302325581395 -24651.1431834919 -24587.2801182176 -24587.2801182176
0.270697674418605 -23878.2173298954 -23816.6755326457 -23816.6755326457
0.272093023255814 -23059.4141933559 -23000.2874903258 -23000.2874903258
0.273488372093023 -22196.306942534 -22139.6837105253 -22139.6837105253
0.274883720930233 -21290.5538677033 -21236.5169289462 -21236.5169289462
0.276279069767442 -20343.8951946739 -20292.5217219814 -20292.5217219814
0.277674418604651 -19358.1497412909 -19309.5111740764 -19309.5111740764
0.27906976744186 -18335.2114229355 -18289.373394382 -18289.373394382
0.28046511627907 -17277.0456137399 -17234.0678883267 -17234.0678883267
0.281860465116279 -16185.6853705089 -16145.6217928753 -16145.6217928753
0.283255813953488 -15063.2275266024 -15026.1259809432 -15026.1259809432
0.284651162790698 -13911.8286632837 -13877.7310440104 -13877.7310440104
0.286046511627907 -12733.7009662744 -12702.6431590392 -12702.6431590392
0.287441860465116 -11531.1079754759 -11503.1198492923 -11503.1198492923
0.288837209302326 -10306.3602360238 -10281.4656460867 -10281.4656460867
0.290232558139535 -9061.81085903209 -9040.02765987593 -9040.02765987593
0.291627906976744 -7799.85100055381 -7781.19106990507 -7781.19106990507
0.293023255813953 -6522.90526744672 -6507.37454059451 -6507.37454059451
0.294418604651163 -5233.42705896966 -5221.02557307157 -5221.02557307157
0.295813953488372 -3933.89385306011 -3924.61580149899 -3924.61580149899
0.297209302325581 -2626.80244634887 -2620.6362434059 -2620.6362434059
0.298604651162791 -1314.66415705836 409624.670585546 409624.670585546
0.300118452510324 0 86973.8610379384 -349521.123797348
0.301869158878505 0 -7.56039190983051e-009 -3.0241567639322e-008
0.303738317757009 0 4.16706279952131e-009 1.66682511980852e-008
0.305607476635514 0 8.0853698799886e-010 3.23414795199544e-009
0.307476635514019 0 -9.6208609088553e-010 -3.84834436354212e-009
0.309345794392523 0 7.56536342887057e-009 3.02614537154823e-008
0.311214953271028 0 -8.83754105931941e-010 -3.53501642372776e-009
0.313084112149533 0 -4.82339987809698e-010 -1.92935995123879e-009
0.314953271028037 0 -3.89717006296316e-009 -1.55886802518526e-008
0.316822429906542 0 7.26743033787142e-010 2.90697213514857e-009
0.318691588785047 0 6.99148481858664e-010 2.79659392743466e-009
0.320560747663551 0 -1.75994916425462e-008 -7.03979665701849e-008
0.322429906542056 0 -1.40476073356181e-008 -5.61904293424726e-008
0.324299065420561 0 -6.03157388047909e-009 -2.41262955219164e-008
0.326168224299065 0 -8.73339010847674e-009 -3.4933560433907e-008
0.32803738317757 0 2.39921320188239e-009 9.59685280752958e-009
0.329906542056075 0 -1.54363132590579e-008 -6.17452530362315e-008
0.331775700934579 0 -9.5738132025019e-009 -3.82952528100076e-008
0.333644859813084 0 -7.97560516890533e-010 -3.19024206756213e-009
0.335514018691589 0 -1.58797501774876e-008 -6.35190007099502e-008
0.337383177570093 0 6.53146853603336e-009 2.61258741441335e-008
0.339252336448598 0 -2.04288803026621e-009 -8.17155212106484e-009
0.341121495327103 0 -5.3779370369089e-009 -2.15117481476356e-008
0.342990654205607 0 -1.05355256223259e-008 -4.21421024893035e-008
0.344859813084112 0 -8.66486324688905e-009 -3.46594529875562e-008
0.346728971962617 0 -2.68425531596214e-009 -1.07370212638486e-008
0.348598130841121 0 -1.43446872696392e-008 -5.73787490785568e-008
0.350467289719626 0 7.67560910201276e-010 3.0702436408051e-009
0.352336448598131 0 -1.2548147664063e-008 -5.01925906562522e-008
0.354205607476636 0 -7.33510939524554e-009 -2.93404375809822e-008
0.35607476635514 0 -7.65674828057064e-009 -3.06269931222826e-008
0.357943925233645 0 2.14762672760146e-009 8.59050691040582e-009
0.35981308411215 0 4.53506238875316e-009 1.81402495550126e-008
0.361682242990654 0 -1.88964329317176e-008 -7.55857317268704e-008
0.363551401869159 0 -2.28516172440701e-009 -9.14064689762806e-009
0.365420560747664 0 -2.870822240239e-009 -1.1483288960956e-008
0.367289719626168 0 -3.70487209789938e-009 -1.48194883915975e-008
0.369158878504673 0 -1.43596251731799e-008 -5.74385006927197e-008
0.371028037383178 0 -7.39732081914343e-009 -2.95892832765737e-008
0.372897196261682 0 -5.6112224733355e-009 -2.2444889893342e-008
0.374766355140187 0 2.43421698356551e-010 9.73686793426203e-010
0.376635514018692 0 -1.15060847532978e-009 -4.6024339013191e-009
0.378504672897196 0 1.74306657756361e-009 6.97226631025444e-009
0.380373831775701 0 -4.59346792448444e-010 -1.83738716979377e-009
0.382242990654206 0 -7.14590436198997e-009 -2.85836174479599e-008
0.38411214953271 0 -1.26568213871195e-009 -5.06272855484778e-009
0.385981308411215 0 -2.18718442015898e-009 -8.74873768063591e-009
0.38785046728972 0 1.13563569299706e-008 4.54254277198823e-008
0.389719626168224 0 -2.26470928250017e-008 -9.05883713000067e-008
0.391588785046729 0 5.01576026304104e-009 2.00630410521642e-008
0.393457943925234 0 -1.01175694035176e-008 -4.04702776140702e-008
0.395327102803738 0 -7.16264853853998e-009 -2.86505941541599e-008
0.397196261682243 0 -7.07301380618283e-009 -2.82920552247313e-008
0.399065420560748 0 -7.916264669219e-009 -3.1665058676876e-008
0.400934579439252 0 1.15821620052455e-009 4.63286480209819e-009
0.402803738317757 0 -6.198769144445e-009 -2.479507657778e-008
0.404672897196262 0 5.68809213388357e-010 2.27523685355343e-009
0.406542056074766 0 -7.67302673506158e-009 -3.06921069402463e-008
0.408411214953271 0 -6.24173312117431e-009 -2.49669324846972e-008
0.410280373831776 0 -1.21802018033401e-008 -4.87208072133604e-008
0.41214953271028 0 -1.26020194869919e-008 -5.04080779479675e-008
0.414018691588785 0 4.75070613256552e-009 1.90028245302621e-008
0.41588785046729 0 -1.16632456836968e-008 -4.66529827347872e-008
0.417757009345794 0 -1.43772997484489e-009 -5.75091989937956e-009
0.419626168224299 0 9.24984764760492e-010 3.69993905904197e-009
0.421495327102804 0 6.1644376395141e-010 2.46577505580564e-009
0.423364485981308 0 -5.34768925625188e-009 -2.13907570250075e-008
0.425233644859813 0 4.17511713770062e-009 1.67004685508025e-008
0.427102803738318 0 -5.33104302481655e-009 -2.13241720992662e-008
0.428971962616822 0 -1.13548238644777e-008 -4.54192954579106e-008
0.430841121495327 0 -6.25173861898678e-009 -2.50069544759471e-008
0.432710280373832 0 -7.05495107677842e-009 -2.82198043071137e-008
0.434579439252336 0 -3.91978842753386e-009 -1.56791537101355e-008
0.436448598130841 0 -4.7042908959799e-009 -1.88171635839196e-008
0.438317757009346 0 -4.86490015974943e-009 -1.94596006389977e-008
0.44018691588785 0 -1.63763031650315e-009 -6.55052126601261e-009
0.442056074766355 0 -2.32779228562514e-009 -9.31116914250056e-009
0.44392523364486 0 -7.20065745407024e-009 -2.88026298162809e-008
0.445794392523365 0 -7.76739070730209e-009 -3.10695628292084e-008
0.447663551401869 0 -4.50465617892332e-009 -1.80186247156933e-008
0.449532710280374 0 -9.66011879520627e-009 -3.86404751808251e-008
0.451401869158878 0 -3.92837725987461e-009 -1.57135090394984e-008
0.453271028037383 0 -1.00454946122597e-009 -4.01819784490389e-009
0.455140186915888 0 1.12104909259332e-009 4.48419637037326e-009
0.457009345794393 0 -3.87966455996141e-009 -1.55186582398456e-008
0.458878504672897 0 -5.69118091008179e-009 -2.27647236403271e-008
0.460747663551402 0 3.87430779789503e-009 1.54972311915801e-008
0.462616822429907 0 -2.07377757783069e-009 -8.29511031132274e-009
0.464485981308411 0 -6.40300986555588e-009 -2.56120394622235e-008
0.466355140186916 0 -1.18235097265325e-008 -4.729403890613e-008
0.468224299065421 0 2.51921986750549e-009 1.0076879470022e-008
0.470093457943925 0 -9.43292408854013e-009 -3.77316963541605e-008
0.47196261682243 0 -8.83483717770926e-009 -3.5339348710837e-008
0.473831775700935 0 -3.60135561931974e-010 -1.4405422477279e-009
0.475700934579439 0 -7.87004678845862e-009 -3.14801871538345e-008
0.477570093457944 0 1.16081415856549e-009 4.64325663426196e-009
0.479439252336449 0 3.74684790179265e-010 1.49873916071706e-009
0.481308411214953 0 -6.36055453923999e-009 -2.54422181569599e-008
0.483177570093458 0 2.00301849037871e-009 8.01207396151484e-009
0.485046728971963 0 2.02831695589401e-009 8.11326782357605e-009
0.486915887850467 0 -1.81558657064133e-009 -7.26234628256533e-009
0.488785046728972 0 8.7794674480782e-009 3.51178697923128e-008
0.490654205607477 0 -8.11751110245452e-009 -3.24700444098181e-008
0.492523364485981 0 1.10060006912502e-010 4.40240027650008e-010
0.494392523364486 0 5.36931484557889e-009 2.14772593823156e-008
0.496261682242991 0 -4.11246745161153e-009 -1.64498698064461e-008
0.498130841121495 0 2.68869691142796e-009 1.07547876457119e-008
