0.00681818181818182 -0 -0
0.0204545454545455 0.00454545454620832 0.00454545454620832
0.0340909090909091 0.0109090909088157 0.0109090909088157
0.0477272727272727 0.0175324675332907 0.0175324675332907
0.0613636363636364 0.0242424242492234 0.0242424242492234
0.075 0.0309917355438453 0.0309917355438453
0.0886363636363636 0.0377622377654537 0.0377622377654537
0.102272727272727 0.0445454545486731 0.0445454545486731
0.115909090909091 0.0513368983990858 0.0513368983990858
0.129545454545455 0.0581339712944858 0.0581339712944858
0.143181818181818 0.0649350649374962 0.0649350649374962
0.156818181818182 0.071739130437436 0.071739130437436
0.170454545454545 0.0785454545463911 0.0785454545463911
0.184090909090909 0.0853535353540262 0.0853535353540262
0.197727272727273 0.0921630094052261 0.0921630094052261
0.211363636363636 0.0989736070386016 0.0989736070386016
0.225 0.105785123967621 0.105785123967621
0.238636363636364 0.112597402597316 0.112597402597316
0.252272727272727 0.119410319410349 0.119410319410349
0.265909090909091 0.126223776223545 0.126223776223545
0.279545454545455 0.133037694012235 0.133037694012235
0.290909090909091 0.138707386367685 0.138707386367685
0.3 0.143319559227848 0.143319559227848
0.309090909090909 0.147927807486212 0.147927807486212
0.318181818181818 0.152532467532751 0.152532467532751
0.327272727272727 0.157133838384595 0.157133838384595
0.336363636363636 0.161732186732024 0.161732186732024
0.345454545454545 0.166327751196604 0.166327751196604
0.354545454545455 0.170920745923411 0.170920745923411
0.363636363636364 0.175511363638634 0.175511363638634
0.372727272727273 0.18009977827262 0.18009977827262
0.381818181818182 0.184686147185857 0.184686147185857
0.390909090909091 0.18927061310734 0.18927061310734
0.4 0.193853305785296 0.193853305785296
0.409090909090909 0.198434343431586 0.198434343431586
0.418181818181818 0.203013833991008 0.203013833991008
0.427272727272727 0.207591876207402 0.207591876207402
0.436363636363636 0.212168560605335 0.212168560605335
0.445454545454546 0.216743970315463 0.216743970315463
0.454545454545455 0.221318181818617 0.221318181818617
0.463636363636364 0.22589126559609 0.22589126559609
0.472727272727273 0.230463286714269 0.230463286714269
