0.00100671140939597 -948.644984506765 -474.322492255559 -474.322492255559
0.00201342281879195 -1896.34116340991 -1422.25587253111 -1422.25587253111
0.00302013422818792 -2842.14068007205 -2368.4505667476 -2368.4505667476
0.00402684563758389 -3785.0975748392 -3311.960378009 -3311.960378009
0.00503355704697987 -4724.26873116053 -4251.84185806945 -4251.84185806945
0.00604026845637584 -5658.71481886468 -5187.1552506404 -5187.1552506404
0.00704697986577181 -6587.50123364889 -6116.96543124257 -6116.96543124257
0.00805369127516778 -7509.6990318416 -7040.34284237706 -7040.34284237706
0.00906040268456376 -8424.38585950338 -7956.36442287018 -7956.36442287018
0.0100671140939597 -9330.64687493707 -8864.11453115907 -8864.11453115907
0.0110738255033557 -10227.5756636843 -9762.68586080599 -9762.68586080599
0.0120805369127517 -11114.2751450935 -10651.1803473733 -10651.1803473733
0.0130872483221476 -11989.8584695525 -11528.7100669044 -11528.7100669044
0.0140939597315436 -12853.4499054879 -12394.3981231094 -12394.3981231094
0.0151006711409396 -13704.1857152456 -13247.3795247192 -13247.3795247192
0.0161073825503356 -14541.2150189741 -14086.8020496486 -14086.8020496486
0.0171140939597315 -15363.7006456486 -14911.827097276 -14911.827097276
0.0181208053691275 -16170.819970384 -15721.6305267579 -15721.6305267579
0.0191275167785235 -16961.7657371988 -16515.4034809589 -16515.4034809589
0.0201342281879195 -17735.7468664076 -17292.3531947098 -17292.3531947098
0.0211409395973154 -18491.9892458353 -18051.7037876126 -18051.7037876126
0.0221476510067114 -19229.7365050598 -18792.6970390192 -18792.6970390192
0.0231543624161074 -19948.2507719107 -19514.5931464757 -19514.5931464757
0.0241610738255034 -20646.8134104666 -20216.6714644395 -20216.6714644395
0.0251677852348993 -21324.7257398122 -20898.2312250136 -20898.2312250136
0.0261744966442953 -21981.309732838 -21558.5922379662 -21558.5922379662
0.0271812080536913 -22615.908694382 -22197.0955704149 -22197.0955704149
0.0281879194630872 -23227.8879180358 -22813.1042052113 -22813.1042052113
0.0291946308724832 -23816.6353209592 -23406.0036774922 -23406.0036774922
0.0302013422818792 -24381.5620560657 -23975.2026884669 -23975.2026884669
0.0312080536912752 -24922.1031009702 -24520.1336961304 -24520.1336961304
0.0322147651006711 -25437.7178231065 -25040.2534821133 -25040.2534821133
0.0332214765100671 -25927.8905204515 -25535.0436944036 -25535.0436944036
0.0342281879194631 -26392.1309373146 -26004.0113647054 -26004.0113647054
0.0352348993288591 -26829.9747546765 -26446.6894010639 -26446.6894010639
0.036241610738255 -27240.9840545865 -26862.6370537825 -26862.6370537825
0.037248322147651 -27624.7477581551 -27251.4403560545 -27251.4403560545
0.038255033557047 -27980.8820367021 -27612.7125362044 -27612.7125362044
0.0392617449664429 -28309.0306956501 -27946.0944046618 -27946.0944046618
0.0402684563758389 -28608.8655307802 -28251.2547116648 -28251.2547116648
0.0412751677852349 -28880.0866564907 -28527.8904777407 -28527.8904777407
0.0422818791946309 -29122.4228057345 -28775.727296166 -28775.727296166
0.0432885906040268 -29335.6316013313 -28994.5196059322 -28994.5196059322
0.0442953020134228 -29519.4997983862 -29184.05093703 -29184.05093703
0.0453020134228188 -29673.8434975706 -29344.1341253843 -29344.1341253843
0.0463087248322148 -29798.5083290528 -29474.6114993993 -29474.6114993993
0.0473154362416107 -29893.3696068939 -29575.3550366286 -29575.3550366286
0.0483221476510067 -29958.3324537544 -29646.2664906739 -29646.2664906739
0.0493288590604027 -29993.3318957885 -29687.2774887088 -29687.2774887088
0.0503355704697987 -29998.3329276283 -29698.3495983459 -29698.3495983459
0.0513422818791946 -29973.3305473951 -29679.4743655631 -29679.4743655631
0.0523489932885906 -29918.3497617024 -29630.6733216712 -29630.6733216712
0.0533557046979866 -29833.445560645 -29551.9979610445 -29551.9979610445
0.0543624161073825 -29718.7028627994 -29443.5296881443 -29443.5296881443
0.0553691275167785 -29574.236430291 -29305.3797355015 -29305.3797355015
0.0563758389261745 -29400.1907540126 -29137.6890508238 -29137.6890508238
0.0573825503355705 -29196.7399091088 -28940.6281555548 -28940.6281555548
0.0583892617449664 -28964.0873808717 -28714.3969724178 -28714.3969724178
0.0593959731543624 -28702.4658612209 -28459.2246251154 -28459.2246251154
0.0604026845637584 -28412.1370159724 -28175.3692075152 -28175.3692075152
0.0614093959731544 -28093.3912231281 -27863.1175245902 -27863.1175245902
0.0624161073825503 -27746.5472824491 -27522.7848043679 -27522.7848043679
0.0634228187919463 -27371.9520966018 -27154.7143815367 -27154.7143815367
0.0644295302013423 -26969.9803241962 -26759.2773529065 -26759.2773529065
0.0654362416107382 -26541.0340050643 -26336.8722050335 -26336.8722050335
0.0664429530201342 -26085.5421581521 -25887.9244145464 -25887.9244145464
0.0674496644295302 -25603.9603524276 -25412.8860214275 -25412.8860214275
0.0684563758389262 -25096.7702512353 -24912.235175868 -24912.235175868
0.0694630872483221 -24564.4791305508 -24386.4756585764 -24386.4756585764
0.0704697986577181 -24007.6193716193 -23836.136376092 -23836.136376092
0.0714765100671141 -23426.7479284841 -23261.7708304483 -23261.7708304483
0.0724832214765101 -22822.4457709381 -22663.9565642325 -22663.9565642325
0.073489932885906 -22195.3173034557 -22043.2945821876 -22043.2945821876
0.074496644295302 -21545.9897606864 -21400.4087487727 -21400.4087487727
0.075503355704698 -20875.1125801132 -20735.9451629323 -20735.9451629323
0.076510067114094 -20183.3567525057 -20050.5715107236 -20050.5715107236
0.0775167785234899 -19471.4141508159 -19344.9763965727 -19344.9763965727
0.0785234899328859 -18739.9968381872 -18619.8686533222 -18619.8686533222
0.0795302013422819 -17989.8363557718 -17875.9766320013 -17875.9766320013
0.0805369127516778 -17221.6829910649 -17114.0474723429 -17114.0474723429
0.0815436241610738 -16436.3050274906 -16334.8463544948 -16334.8463544948
0.0825503355704698 -15634.4879759881 -15539.1557322405 -15539.1557322405
0.0835570469798658 -14817.0337893679 -14727.7745496946 -14727.7745496946
0.0845637583892617 -13984.7600602234 -13901.5174408237 -13901.5174408237
0.0855704697986577 -13138.4992031994 -13061.2139137486 -13061.2139137486
0.0865771812080537 -12279.097622437 -12207.7075200025 -12207.7075200025
0.0875838926174497 -11407.414865026 -11341.8550094655 -11341.8550094655
0.0885906040268456 -10524.322761312 -10464.5254729 -10464.5254729
0.0895973154362416 -9630.7045529189 -9576.59947112691 -9576.59947112691
0.0906040268456376 -8727.45400935729 -8678.96815378167 -8678.96815378167
0.0916107382550335 -7815.47453410397 -7772.53236634181 -7772.53236634181
0.0926174496644295 -6895.67826104532 -6858.20174873471 -6858.20174873471
0.0936241610738255 -5968.98514218899 -5936.89382423647 -5936.89382423647
0.0946308724832215 -5036.32202755624 -5009.53308059465 -5009.53308059465
0.0956375838926174 -4098.62173817482 -4077.05004484982 -4077.05004484982
0.0966442953020134 -3156.82213310014 -3140.38035114485 -3140.38035114485
0.0976510067114094 -2211.86517139738 -2200.46380457257 -2200.46380457257
0.0986577181208054 -1264.69597002293 -1258.24343958395 -1258.24343958395
0.0996644295302013 -316.261858547405 -314.664576384921 -314.664576384921
0.100671140939597 632.488568334319 629.326125474517 629.326125474517
0.101677852348993 1580.60639955838 1572.78161540121 1572.78161540121
0.102684563758389 2527.14335676368 2514.75539915699 2514.75539915699
0.103691275167785 3471.15274273083 3454.3024867039 3454.3024867039
0.104697986577181 4411.69038823961 4390.48033831674 4390.48033831674
0.105704697986577 5347.8155963981 5322.34980783913 5322.34980783913
0.106711409395973 6278.59208349878 6248.97608304337 6248.97608304337
0.107718120805369 7203.08891546084 7169.42962146437 7169.42962146437
0.108724832214765 8120.38143892181 8082.78708041996 8082.78708041996
0.109731543624161 9029.55220604754 8988.13224181436 8988.13224181436
0.110738255033557 9929.69189213536 9884.55692897817 9884.55692897817
0.111744966442953 10819.9002050927 10771.1619158697 10771.1619158697
0.112751677852349 11699.2867858815 11647.0578270331 11647.0578270331
0.113758389261745 12566.9720990285 12511.3660278039 12511.3660278039
0.114765100671141 13422.088312309 13363.2195039352 13363.2195039352
0.115771812080537 14263.7801647263 14201.7637292254 14201.7637292254
0.116778523489933 15091.2058219176 15026.1575209882 15026.1575209882
0.117785234899329 15903.5377181308 15835.5738817131 15835.5738817131
0.118791946308725 16699.9633839302 16629.2008272428 16629.2008272428
0.119798657718121 17479.6862588039 17406.2421988597 17406.2421988597
0.120805369127517 18241.9264878587 18165.9184608657 18165.9184608657
0.121812080536913 18985.9217018075 18907.4674799188 18907.4674799188
0.122818791946309 19710.9277794673 19630.1452885659 19630.1452885659
0.123825503355705 20416.2195920067 20333.2268294345 20333.2268294345
0.124832214765101 21101.0917281971 21016.0066808861 21016.0066808861
0.125838926174497 21764.8591999437 21677.7997631362 21677.7997631362
0.126845637583893 22406.8581273895 22317.9420237283 22317.9420237283
0.127852348993289 23026.4464029075 22935.7911021461 22935.7911021461
0.128859060402685 23623.004333317 23530.7269726133 23530.7269726133
0.129865771812081 24195.9352596818 24102.1525648584 24102.1525648584
0.130872483221476 24744.6661540702 24649.4943611698 24649.4943611698
0.131879194630872 25268.64819268 25172.2029705747 25172.2029705747
0.132885906040268 25767.3573047547 25669.7536786005 25669.7536786005
0.133892617449664 26240.2946967438 26141.6469723076 26141.6469723076
0.13489932885906 26686.9873511803 26587.4090402053 26587.4090402053
0.135906040268456 27106.9884997783 27006.5922461456 27006.5922461456
0.136912751677852 27499.878070277 27398.7755773862 27398.7755773862
0.137919463087248 27865.2631065841 27763.5650660347 27763.5650660347
0.138926174496644 28202.7781617984 28100.5941829434 28100.5941829434
0.13993288590604 28512.0856637186 28409.5242045028 28409.5242045028
0.140939597315436 28792.8762524726 28690.0445515621 28690.0445515621
0.141946308724832 29044.8690899298 28941.8731002286 28941.8731002286
0.142953020134228 29267.8121405867 29164.7564639777 29164.7564639777
0.143959731543624 29461.4824236453 29358.4702473462 29358.4702473462
0.14496644295302 29625.6862360314 29522.8192699342 29522.8192699342
0.145973154362416 29760.2593461305 29657.6377621684 29657.6377621684
0.146979865771812 29865.0671580474 29762.7895308056 29762.7895308056
0.147986577181208 29940.0048462247 29838.168095026 29838.168095026
0.148993288590604 29984.9974602862 29883.6967931967 29883.6967931967
0.15 30000 29899.3288590635 29899.3288590635
0.151006711409396 29984.9974602862 29885.0474687544 29885.0474687544
0.152013422818792 29940.0048462247 29840.8657573246 29840.8657573246
0.153020134228188 29865.0671580474 29766.8268055651 29766.8268055651
0.154026845637584 29760.2593461305 29663.0035966035 29663.0035966035
0.15503355704698 29625.6862360314 29529.4989430715 29529.4989430715
0.156040268456376 29461.4824236453 29366.4453835714 29366.4453835714
0.157046979865772 29267.8121405867 29174.0050504072 29174.0050504072
0.158053691275168 29044.8690899298 28952.369506838 28952.369506838
0.159060402684564 28792.8762524726 28701.7595554523 28701.7595554523
0.16006711409396 28512.0856637186 28422.4250169935 28422.4250169935
0.161073825503356 28202.7781617984 28114.6444800445 28114.6444800445
0.162080536912752 27865.2631065841 27778.7250223928 27778.7250223928
0.163087248322148 27499.878070277 27415.0019034481 27415.0019034481
0.164093959731544 27106.9884997783 27023.8382283285 27023.8382283285
0.16510067114094 26686.9873511803 26605.6245848154 26605.6245848154
0.166107382550336 26240.2946967438 26160.7786521783 26160.7786521783
0.167114093959732 25767.3573047547 25689.7447827935 25689.7447827935
0.168120805369127 25268.64819268 25192.9935573391 25192.9935573391
0.169127516778523 24744.6661540703 24671.0213143164 24671.0213143164
0.170134228187919 24195.9352596818 24124.3496523987 24124.3496523987
0.171140939597315 23623.004333317 23553.5249088232 23553.5249088232
0.172147651006711 23026.4464029075 22959.1176122358 22959.1176122358
0.173154362416107 22406.8581273896 22341.7219119545 22341.7219119545
0.174161073825503 21764.8591999437 21701.9549826286 21701.9549826286
0.175167785234899 21101.0917281971 21040.4564071069 21040.4564071069
0.176174496644295 20416.2195920067 20357.8875360054 20357.8875360054
0.177181208053691 19710.9277794674 19654.9308255441 19654.9308255441
0.178187919463087 18985.9217018075 18932.2891546599 18932.2891546599
0.179194630872483 18241.9264878587 18190.6851212594 18190.6851212594
0.180201342281879 17479.6862588039 17430.8603195267 17430.8603195267
0.181208053691275 16699.9633839302 16653.5745968285 16653.5745968285
0.182214765100671 15903.5377181308 15859.6052934264 15859.6052934264
0.183221476510067 15091.2058219177 15049.7464652675 15049.7464652675
0.184228187919463 14263.7801647264 14224.8080878268 14224.8080878268
0.185234899328859 13422.0883123091 13385.6152462155 13385.6152462155
0.186241610738255 12566.9720990286 12533.0073095729 12533.0073095729
0.187248322147651 11699.2867858816 11667.8370902978 11667.8370902978
0.188255033557047 10819.9002050927 10790.9699906021 10790.9699906021
0.189261744966443 9929.69189213538 9903.28313710495 9903.28313710495
0.190268456375839 9029.55220604757 9005.66450180071 9005.66450180071
0.191275167785235 8120.38143892186 8099.01201409203 8099.01201409203
0.192281879194631 7203.08891546085 7184.2326617962 7184.2326617962
0.193288590604027 6278.59208349882 6262.24158322003 6262.24158322003
0.194295302013423 5347.81559639813 5333.96115181534 5333.96115181534
0.195302013422819 4411.69038823964 4400.32005222957 4400.32005222957
0.196308724832215 3471.15274273087 3462.25235106193 3462.25235106193
0.197315436241611 2527.14335676371 2520.69656244778 2520.69656244778
0.198322147651007 1580.6063995584 1576.59470819055 1576.59470819055
0.199328859060403 632.48856833437 630.891374917536 630.891374917536
0.200335570469799 -316.261858547354 -315.467230729446 -315.467230729446
0.201342281879195 -1264.69597002289 -1261.53423009432 -1261.53423009432
0.202348993288591 -2211.86517139735 -2206.36301922897 -2206.36301922897
0.203355704697987 -3156.82213310011 -3149.00821694355 -3149.00821694355
0.204362416107383 -4098.6217381748 -4088.52661073199 -4088.52661073199
0.205369127516778 -5036.3220275562 -5023.97810103511 -5023.97810103511
0.206375838926174 -5968.98514218897 -5954.42664183108 -5954.42664183108
0.20738255033557 -6895.67826104529 -6878.94117784076 -6878.94117784076
0.208389261744966 -7815.47453410393 -7796.59657630761 -7796.59657630761
0.209395973154362 -8727.45400935726 -8706.47455257034 -8706.47455257034
0.210402684563758 -9630.70455291887 -9607.66458981636 -9607.66458981636
0.211409395973154 -10524.322761312 -10499.2648500186 -10499.2648500186
0.21241610738255 -11407.414865026 -11380.3830762025 -11380.3830762025
0.213422818791946 -12279.097622437 -12250.1374865772 -12250.1374865772
0.214429530201342 -13138.4992031994 -13107.6576558223 -13107.6576558223
0.215436241610738 -13984.7600602233 -13952.0853871421 -13952.0853871421
0.216442953020134 -14817.0337893679 -14782.5755712732 -14782.5755712732
0.21744966442953 -15634.4879759881 -15598.2970316179 -15598.2970316179
0.218456375838926 -16436.3050274906 -16398.4333568778 -16398.4333568778
0.219463087248322 -17221.6829910649 -17182.1837181932 -17182.1837181932
0.220469798657718 -17989.8363557718 -17948.7636700228 -17948.7636700228
0.221476510067114 -18739.9968381872 -18697.4059362503 -18697.4059362503
0.22248322147651 -19471.4141508158 -19427.3611776326 -19427.3611776326
0.223489932885906 -20183.3567525057 -20137.8987417985 -20137.8987417985
0.224496644295302 -20875.1125801131 -20828.307394941 -20828.307394941
0.225503355704698 -21545.9897606863 -21497.8960335631 -21497.8960335631
0.226510067114094 -22195.3173034557 -22145.9943761359 -22145.9943761359
0.22751677852349 -22822.445770938 -22771.9536342534 -22771.9536342534
0.228523489932886 -23426.7479284841 -23375.1471621455 -23375.1471621455
0.229530201342282 -24007.6193716193 -23954.9710835061 -23954.9710835061
0.230536912751678 -24564.4791305508 -24510.844896675 -24510.844896675
0.231543624161074 -25096.7702512352 -25042.2120550066 -25042.2120550066
0.23255033557047 -25603.9603524276 -25548.5405248255 -25548.5405248255
0.233557046979866 -26085.5421581521 -26029.3233173033 -26029.3233173033
0.234563758389262 -26541.0340050643 -26484.0789964963 -26484.0789964963
0.235570469798658 -26969.9803241962 -26912.3521611072 -26912.3521611072
0.236577181208054 -27371.9520966017 -27313.7139006821 -27313.7139006821
0.23758389261745 -27746.5472824491 -27687.7622246588 -27687.7622246588
0.238590604026846 -28093.3912231281 -28034.1224652585 -28034.1224652585
0.239597315436242 -28412.1370159724 -28352.4476525091 -28352.4476525091
0.240604026845638 -28702.4658612209 -28642.4188615254 -28642.4188615254
0.241610738255034 -28964.0873808717 -28903.7455321633 -28903.7455321633
0.242617449664429 -29196.7399091088 -29136.1657598889 -29136.1657598889
0.243624161073825 -29400.1907540126 -29339.4465582388 -29339.4465582388
0.244630872483221 -29574.236430291 -29513.3840919423 -29513.3840919423
0.245637583892617 -29718.7028627994 -29657.8038815076 -29657.8038815076
0.246644295302013 -29833.445560645 -29772.5609779031 -29772.5609779031
0.247651006711409 -29918.3497617024 -29857.5401077187 -29857.5401077187
0.248657718120805 -29973.3305473951 -29912.6557891568 -29912.6557891568
0.249664429530201 -29998.3329276283 -29937.8524177037 -29937.8524177037
0.250671140939597 -29993.3318957885 -29933.1043216939 -29933.1043216939
0.251677852348993 -29958.3324537544 -29898.4157888422 -29898.4157888422
0.252684563758389 -29893.3696068939 -29833.821061838 -29833.821061838
0.253691275167785 -29798.5083290529 -29739.3843045848 -29739.3843045848
0.254697986577181 -29673.8434975706 -29615.1995380919 -29615.1995380919
0.255704697986577 -29519.4997983862 -29461.39054679 -29461.39054679
0.256711409395973 -29335.6316013313 -29278.1107550432 -29278.1107550432
0.257718120805369 -29122.4228057345 -29065.5430736499 -29065.5430736499
0.258724832214765 -28880.0866564907 -28823.8997174898 -28823.8997174898
0.259731543624161 -28608.8655307802 -28553.4219929695 -28553.4219929695
0.260738255033557 -28309.0306956501 -28254.3800572701 -28254.3800572701
0.261744966442953 -27980.8820367021 -27927.0726481853 -27927.0726481853
0.262751677852349 -27624.7477581551 -27571.826785457 -27571.826785457
0.263758389261745 -27240.9840545865 -27188.9974438122 -27188.9974438122
0.264765100671141 -26829.9747546765 -26778.9671980662 -26778.9671980662
0.265771812080537 -26392.1309373146 -26342.1458408904 -26342.1458408904
0.266778523489933 -25927.8905204515 -25878.9699722814 -25878.9699722814
0.267785234899329 -25437.7178231065 -25389.902564023 -25389.902564023
0.268791946308725 -24922.1031009702 -24875.4324959279 -24875.4324959279
0.269798657718121 -24381.5620560657 -24336.0740671393 -24336.0740671393
0.270805369127517 -23816.6353209592 -23772.3664820613 -23772.3664820613
0.271812080536913 -23227.8879180358 -23184.8733108204 -23184.8733108204
0.272818791946309 -22615.908694382 -22574.1819255475 -22574.1819255475
0.273825503355705 -21981.3097328381 -21940.9029134411 -21940.9029134411
0.274832214765101 -21324.7257398122 -21285.6694655952 -21285.6694655952
0.275838926174497 -20646.8134104666 -20609.1367436966 -20609.1367436966
0.276845637583893 -19948.2507719108 -19911.9812250338 -19911.9812250338
0.277852348993289 -19229.7365050598 -19194.9000258448 -19194.9000258448
0.278859060402685 -18491.9892458353 -18458.6102039231 -18458.6102039231
0.27986577181208 -17735.7468664076 -17703.8480411006 -17703.8480411006
0.280872483221476 -16961.7657371988 -16931.3683075584 -16931.3683075584
0.281879194630872 -16170.8199703841 -16141.9435062136 -16141.9435062136
0.282885906040268 -15363.7006456487 -15336.363100036 -15336.363100036
0.283892617449664 -14541.2150189742 -14515.4327227822 -14515.4327227822
0.28489932885906 -13704.1857152456 -13679.973373046 -13679.973373046
0.285906040268456 -12853.449905488 -12830.8205922846 -12830.8205922846
0.286912751677852 -11989.8584695525 -11968.8236300705 -11968.8236300705
0.287919463087248 -11114.2751450936 -11094.8445941805 -11094.8445941805
0.288926174496644 -10227.5756636843 -10209.7575876047 -10209.7575876047
0.28993288590604 -9330.64687493714 -9314.44783519732 -9314.44783519732
0.290939597315436 -8424.3858595034 -8409.81079752795 -8409.81079752795
0.291946308724832 -7509.69903184161 -7496.7512748687 -7496.7512748687
0.292953020134228 -6587.50123364894 -6576.18250294155 -6576.18250294155
0.293959731543624 -5658.71481886468 -5649.02523878847 -5649.02523878847
0.29496644295302 -4724.26873116058 -4716.20683909169 -4716.20683909169
0.295973154362416 -3785.09757483923 -3778.66033402582 -3778.66033402582
0.296979865771812 -2842.14068007208 -2837.32349248243 -2837.32349248243
0.297986577181208 -1896.34116340993 -1893.13788439821 -1893.13788439821
0.298993288590604 -948.644984506836 568525.784140761 568525.784140761
0.299832214765101 -158.133126117038 212240.18235948 -851819.18307131
0.300335570469799 0 -3.27219676221452e-007 -1.30887870488581e-006
0.300671140939597 0 7.24340089427796e-008 2.89736035771119e-007
0.301006711409396 0 2.24307731533571e-007 8.97230926134283e-007
0.301342281879195 0 5.17479255143798e-007 2.06991702057519e-006
0.301677852348993 0 3.57441854066092e-007 1.42976741626437e-006
0.302013422818792 0 -8.03070811516863e-008 -3.21228324606745e-007
0.302348993288591 0 8.87444422024478e-008 3.54977768809791e-007
0.302684563758389 0 -3.35827513451272e-007 -1.34331005380509e-006
0.303020134228188 0 -2.87670649609121e-007 -1.15068259843648e-006
0.303355704697987 0 3.99768175203445e-007 1.59907270081378e-006
0.303691275167785 0 -2.65281501259643e-007 -1.06112600503857e-006
0.304026845637584 0 3.79942316524922e-007 1.51976926609969e-006
0.304362416107383 0 -7.09620947878268e-008 -2.83848379151307e-007
0.304697986577181 0 -1.97882332408798e-007 -7.9152932963519e-007
0.30503355704698 0 -3.37501782767277e-007 -1.35000713106911e-006
0.305369127516779 0 4.07287139222313e-007 1.62914855688925e-006
0.305704697986577 0 -1.59307644597665e-007 -6.37230578390659e-007
0.306040268456376 0 3.15066276832765e-007 1.26026510733106e-006
0.306375838926174 0 9.67422910370031e-009 3.86969164148012e-008
0.306711409395973 0 1.55850447123504e-009 6.23401788494016e-009
0.307046979865772 0 2.25967432983137e-007 9.03869731932549e-007
0.30738255033557 0 3.51079613258337e-007 1.40431845303335e-006
0.307718120805369 0 -6.58750350978364e-007 -2.63500140391346e-006
0.308053691275168 0 -4.5875667229552e-008 -1.83502668918208e-007
0.308389261744966 0 -1.09967701288284e-007 -4.39870805153135e-007
0.308724832214765 0 6.84037285751268e-008 2.73614914300507e-007
0.309060402684564 0 1.60943611342593e-007 6.43774445370374e-007
0.309395973154362 0 -3.63165258019045e-008 -1.45266103207618e-007
0.309731543624161 0 1.60047833704626e-007 6.40191334818505e-007
0.31006711409396 0 4.55725715852399e-008 1.8229028634096e-007
0.310402684563758 0 5.68333666735077e-008 2.27333466694031e-007
0.310738255033557 0 1.14212754738518e-007 4.56851018954074e-007
0.311073825503356 0 -2.94705529562141e-007 -1.17882211824857e-006
0.311409395973154 0 8.52447757587092e-008 3.40979103034837e-007
0.311744966442953 0 -5.03248940845121e-009 -2.01299576338048e-008
0.312080536912752 0 -1.1454875107893e-007 -4.58195004315721e-007
0.31241610738255 0 2.27177554593599e-007 9.08710218374395e-007
0.312751677852349 0 1.12416845908445e-007 4.49667383633781e-007
0.313087248322148 0 -2.23135029332311e-007 -8.92540117329243e-007
0.313422818791946 0 9.96102974996976e-008 3.9844118999879e-007
0.313758389261745 0 -6.48762018735304e-008 -2.59504807494122e-007
0.314093959731544 0 -2.63644262265046e-007 -1.05457704906018e-006
0.314429530201342 0 2.05137173490685e-007 8.2054869396274e-007
0.314765100671141 0 -2.00702949163618e-007 -8.02811796654474e-007
0.31510067114094 0 2.02061998437333e-007 8.08247993749333e-007
0.315436241610738 0 3.48467080775793e-007 1.39386832310317e-006
0.315771812080537 0 7.22156765960655e-008 2.88862706384262e-007
0.316107382550336 0 -1.46749376592482e-007 -5.86997506369929e-007
0.316442953020134 0 6.33638142662343e-008 2.53455257064937e-007
0.316778523489933 0 5.7091235336532e-007 2.28364941346128e-006
0.317114093959732 0 -6.81410067204397e-007 -2.72564026881759e-006
0.31744966442953 0 4.81211710190485e-008 1.92484684076194e-007
0.317785234899329 0 -2.68941127085733e-007 -1.07576450834293e-006
0.318120805369128 0 7.95689731139426e-008 3.1827589245577e-007
0.318456375838926 0 3.16339102427891e-007 1.26535640971156e-006
0.318791946308725 0 -1.87075802083389e-007 -7.48303208333555e-007
0.319127516778523 0 1.0693630108065e-007 4.27745204322599e-007
0.319463087248322 0 1.10301822259843e-007 4.41207289039373e-007
0.319798657718121 0 2.54807675437381e-007 1.01923070174953e-006
0.320134228187919 0 -6.88473964881012e-007 -2.75389585952405e-006
0.320469798657718 0 -1.73908397464666e-007 -6.95633589858663e-007
0.320805369127517 0 3.67120691874689e-007 1.46848276749876e-006
0.321140939597315 0 -4.68195334383101e-008 -1.8727813375324e-007
0.321476510067114 0 -8.44282292941005e-008 -3.37712917176402e-007
0.321812080536913 0 2.26776172102297e-007 9.07104688409188e-007
0.322147651006711 0 2.54426211542752e-007 1.01770484617101e-006
0.32248322147651 0 2.79357177718844e-007 1.11742871087538e-006
0.322818791946309 0 8.74261868663011e-008 3.49704747465204e-007
0.323154362416107 0 -1.65041998404606e-007 -6.60167993618425e-007
0.323489932885906 0 -8.66405564886825e-008 -3.4656222595473e-007
0.323825503355705 0 2.86438186221178e-007 1.14575274488471e-006
0.324161073825503 0 -1.45595090644999e-007 -5.82380362579998e-007
0.324496644295302 0 3.41747856088384e-007 1.36699142435354e-006
0.324832214765101 0 -1.52595116693491e-007 -6.10380466773962e-007
0.325167785234899 0 -9.12085740296308e-008 -3.64834296118523e-007
0.325503355704698 0 -4.58578452302038e-008 -1.83431380920815e-007
0.325838926174497 0 -6.95758800298418e-008 -2.78303520119367e-007
0.326174496644295 0 -8.80004257735409e-008 -3.52001703094164e-007
0.326510067114094 0 2.04760476665456e-007 8.19041906661826e-007
0.326845637583893 0 -5.62488878740719e-008 -2.24995551496288e-007
0.327181208053691 0 -2.22985323197583e-008 -8.9194129279033e-008
0.32751677852349 0 1.99624484881148e-007 7.98497939524592e-007
0.327852348993289 0 -8.92917019125566e-008 -3.57166807650227e-007
0.328187919463087 0 -1.63377204942413e-007 -6.5350881976965e-007
0.328523489932886 0 6.18321796232731e-007 2.47328718493093e-006
0.328859060402685 0 1.37171743249814e-007 5.48686972999256e-007
0.329194630872483 0 -5.58358803006285e-007 -2.23343521202514e-006
0.329530201342282 0 5.83326994141902e-008 2.33330797656761e-007
0.329865771812081 0 -1.6508904166565e-007 -6.60356166662601e-007
0.330201342281879 0 9.86127855299719e-008 3.94451142119888e-007
0.330536912751678 0 -3.53526393523223e-008 -1.41410557409289e-007
0.330872483221476 0 -1.93380415157524e-008 -7.73521660630095e-008
0.331208053691275 0 1.04130068020883e-007 4.16520272083531e-007
0.331543624161074 0 4.64716370226897e-007 1.85886548090759e-006
0.331879194630872 0 2.03576538258001e-007 8.14306153032003e-007
0.332214765100671 0 -1.29070631486278e-007 -5.16282525945112e-007
0.33255033557047 0 -1.42516035972174e-008 -5.70064143888697e-008
0.332885906040268 0 1.78260830030247e-007 7.13043320120987e-007
0.333221476510067 0 2.77189045080602e-007 1.10875618032241e-006
0.333557046979866 0 -7.66098446697047e-008 -3.06439378678819e-007
0.333892617449664 0 1.94740431304506e-007 7.78961725218026e-007
0.334228187919463 0 6.98882045525318e-008 2.79552818210127e-007
0.334563758389262 0 2.16627349016197e-007 8.66509396064786e-007
0.33489932885906 0 2.14534639226808e-007 8.58138556907233e-007
0.335234899328859 0 4.28671299094274e-007 1.7146851963771e-006
0.335570469798658 0 1.16769697777743e-007 4.67078791110973e-007
0.335906040268456 0 -2.3809737957734e-007 -9.52389518309359e-007
0.336241610738255 0 4.89751260180294e-007 1.95900504072117e-006
0.336577181208054 0 -1.64982769464448e-007 -6.59931077857794e-007
0.336912751677852 0 2.01687426631398e-007 8.06749706525591e-007
0.337248322147651 0 -1.20704744833864e-007 -4.82818979335456e-007
0.33758389261745 0 -1.3904697874934e-007 -5.5618791499736e-007
0.337919463087248 0 3.07505799145331e-007 1.23002319658132e-006
0.338255033557047 0 6.54849596660516e-007 2.61939838664207e-006
0.338590604026846 0 -2.56472483411654e-007 -1.02588993364662e-006
0.338926174496644 0 1.59296638009088e-007 6.37186552036353e-007
0.339261744966443 0 -1.5681518415378e-007 -6.27260736615121e-007
0.339597315436242 0 2.11481279894216e-007 8.45925119576866e-007
0.33993288590604 0 -1.68531423762234e-008 -6.74125695048935e-008
0.340268456375839 0 7.59053943768112e-008 3.03621577507245e-007
0.340604026845638 0 7.71758727860496e-008 3.08703491144199e-007
0.340939597315436 0 7.31611957422608e-009 2.92644782969043e-008
0.341275167785235 0 4.26372926378686e-007 1.70549170551474e-006
0.341610738255034 0 4.75594997514484e-008 1.90237999005793e-007
0.341946308724832 0 -1.93193694073167e-007 -7.72774776292666e-007
0.342281879194631 0 3.00506324859465e-007 1.20202529943786e-006
0.34261744966443 0 4.63554955548318e-008 1.85421982219327e-007
0.342953020134228 0 -8.31214267045774e-008 -3.3248570681831e-007
0.343288590604027 0 2.11445129220884e-007 8.45780516883538e-007
0.343624161073825 0 1.54771471742785e-007 6.1908588697114e-007
0.343959731543624 0 -8.77411468710677e-008 -3.50964587484271e-007
0.344295302013423 0 1.93007233130028e-007 7.72028932520114e-007
0.344630872483221 0 -3.86542322428135e-007 -1.54616928971254e-006
0.34496644295302 0 1.86797179297199e-008 7.47188717188795e-008
0.345302013422819 0 -6.08550455017807e-007 -2.43420182007123e-006
0.345637583892617 0 1.9813882560558e-007 7.92555302422319e-007
0.345973154362416 0 -5.48403228287416e-008 -2.19361291314966e-007
0.346308724832215 0 -3.94188838501547e-007 -1.57675535400619e-006
0.346644295302013 0 -1.591490486079e-007 -6.365961944316e-007
0.346979865771812 0 -2.68570723572082e-007 -1.07428289428833e-006
0.347315436241611 0 -8.66587139111699e-008 -3.46634855644679e-007
0.347651006711409 0 -5.21239286798024e-008 -2.0849571471921e-007
0.347986577181208 0 -4.09836115797125e-007 -1.6393444631885e-006
0.348322147651007 0 -4.59190890016647e-007 -1.83676356006659e-006
0.348657718120805 0 -6.45834363557622e-008 -2.58333745423049e-007
0.348993288590604 0 -8.93326324238836e-009 -3.57330529695534e-008
0.349328859060403 0 -3.79493486203254e-007 -1.51797394481301e-006
0.349664429530201 0 -6.06308010569101e-008 -2.4252320422764e-007
0.35 0 -1.62638212421359e-008 -6.50552849685435e-008
0.350335570469799 0 -1.59514922511297e-007 -6.38059690045187e-007
0.350671140939597 0 4.51277699685355e-008 1.80511079874142e-007
0.351006711409396 0 -1.9383591279226e-007 -7.7534365116904e-007
0.351342281879195 0 4.72699555742411e-008 1.89079822296964e-007
0.351677852348993 0 -1.36954083665347e-007 -5.47816334661387e-007
0.352013422818792 0 -4.19292542350387e-008 -1.67717016940155e-007
0.352348993288591 0 -2.83563680713568e-007 -1.13425472285427e-006
0.352684563758389 0 -1.95157651087179e-008 -7.80630604348714e-008
0.353020134228188 0 2.73230730623668e-007 1.09292292249467e-006
0.353355704697987 0 6.15373495143969e-008 2.46149398057588e-007
0.353691275167785 0 -1.35695178048872e-007 -5.42780712195489e-007
0.354026845637584 0 -6.03764075749154e-007 -2.41505630299661e-006
0.354362416107383 0 6.79099605621497e-008 2.71639842248599e-007
0.354697986577181 0 -2.84421896906395e-007 -1.13768758762558e-006
0.35503355704698 0 -9.96526595935712e-008 -3.98610638374285e-007
0.355369127516779 0 2.61186126571974e-007 1.0447445062879e-006
0.355704697986577 0 -1.20775558843788e-007 -4.8310223537515e-007
0.356040268456376 0 5.1711795370434e-008 2.06847181481736e-007
0.356375838926174 0 -2.47459167263461e-007 -9.89836669053843e-007
0.356711409395973 0 2.70888281109732e-007 1.08355312443893e-006
0.357046979865772 0 -4.25238651802009e-007 -1.70095460720804e-006
0.35738255033557 0 -4.06842058154374e-007 -1.6273682326175e-006
0.357718120805369 0 -4.4650853368549e-008 -1.78603413474196e-007
0.358053691275168 0 -2.51199435380579e-008 -1.00479774152231e-007
0.358389261744966 0 -4.29896692957734e-007 -1.71958677183094e-006
0.358724832214765 0 -3.80529003227751e-007 -1.522116012911e-006
0.359060402684564 0 1.91754315717709e-007 7.67017262870834e-007
0.359395973154362 0 4.39054812503583e-008 1.75621925001433e-007
0.359731543624161 0 -2.55123070140691e-007 -1.02049228056276e-006
0.36006711409396 0 -4.21846861253328e-007 -1.68738744501331e-006
0.360402684563758 0 -5.07064152731631e-007 -2.02825661092653e-006
0.360738255033557 0 -7.54967826910977e-008 -3.01987130764391e-007
0.361073825503356 0 2.34412226474012e-007 9.37648905896049e-007
0.361409395973154 0 -6.17645002070472e-007 -2.47058000828189e-006
0.361744966442953 0 6.73911265871269e-008 2.69564506348508e-007
0.362080536912752 0 -1.09602493374468e-007 -4.38409973497872e-007
0.36241610738255 0 1.90893643850019e-007 7.63574575400077e-007
0.362751677852349 0 -1.68354239563446e-007 -6.73416958253786e-007
0.363087248322148 0 -7.9477013263879e-008 -3.17908053055516e-007
0.363422818791946 0 -2.89718900688635e-007 -1.15887560275454e-006
0.363758389261745 0 -2.92102208449773e-007 -1.16840883379909e-006
0.364093959731544 0 1.0231978202247e-007 4.09279128089879e-007
0.364429530201342 0 -5.77892069244835e-007 -2.31156827697934e-006
0.364765100671141 0 -3.15355448937786e-007 -1.26142179575114e-006
0.36510067114094 0 -1.69005730723496e-007 -6.76022922893983e-007
0.365436241610738 0 -4.85705723103219e-007 -1.94282289241287e-006
0.365771812080537 0 -4.87493993414486e-008 -1.94997597365794e-007
0.366107382550336 0 -1.86082696863122e-007 -7.4433078745249e-007
0.366442953020134 0 -3.00155773768161e-007 -1.20062309507265e-006
0.366778523489933 0 -2.95927939777184e-007 -1.18371175910874e-006
0.367114093959732 0 -3.98235449403264e-007 -1.59294179761306e-006
0.36744966442953 0 -2.17017795517409e-007 -8.68071182069636e-007
0.367785234899329 0 -4.14665344840511e-007 -1.65866137936205e-006
0.368120805369128 0 -4.37382376723552e-007 -1.74952950689421e-006
0.368456375838926 0 -2.56613144389928e-008 -1.02645257755971e-007
0.368791946308725 0 -3.84683067553148e-007 -1.53873227021259e-006
0.369127516778524 0 4.28883550214539e-008 1.71553420085816e-007
0.369463087248322 0 -3.1432048489627e-007 -1.25728193958508e-006
0.369798657718121 0 -2.3865479829546e-007 -9.54619193181842e-007
0.370134228187919 0 -3.4853241458928e-007 -1.39412965835712e-006
0.370469798657718 0 -3.92312074402519e-007 -1.56924829761008e-006
0.370805369127517 0 -6.63796550393683e-007 -2.65518620157473e-006
0.371140939597315 0 2.66886690219121e-007 1.06754676087649e-006
0.371476510067114 0 3.04911214464425e-009 1.2196448578577e-008
0.371812080536913 0 -1.50348169108047e-008 -6.0139267643219e-008
0.372147651006711 0 1.31062121310029e-007 5.24248485240115e-007
0.37248322147651 0 -5.0345624979534e-007 -2.01382499918136e-006
0.372818791946309 0 -5.69083692246187e-007 -2.27633476898475e-006
0.373154362416107 0 -4.90549064373866e-008 -1.96219625749546e-007
0.373489932885906 0 -3.25756242131743e-007 -1.30302496852697e-006
0.373825503355705 0 -2.96378611561635e-007 -1.18551444624654e-006
0.374161073825503 0 -1.61284092190224e-007 -6.45136368760897e-007
0.374496644295302 0 -4.11755196548285e-007 -1.64702078619314e-006
0.374832214765101 0 2.80754603617411e-007 1.12301841446964e-006
0.375167785234899 0 -7.9649835524553e-007 -3.18599342098212e-006
0.375503355704698 0 -1.57240919815587e-007 -6.28963679262346e-007
0.375838926174497 0 -3.40171471132841e-007 -1.36068588453136e-006
0.376174496644295 0 -1.71933200717589e-007 -6.87732802870358e-007
0.376510067114094 0 -3.79606506656334e-007 -1.51842602662534e-006
0.376845637583893 0 -2.12644290589879e-007 -8.50577162359516e-007
0.377181208053691 0 -4.74589979054678e-007 -1.89835991621871e-006
0.37751677852349 0 1.39928687599921e-008 5.59714750399686e-008
0.377852348993289 0 -1.30680858287237e-007 -5.22723433148949e-007
0.378187919463087 0 2.88003138110716e-007 1.15201255244286e-006
0.378523489932886 0 -3.07874608047556e-007 -1.23149843219023e-006
0.378859060402685 0 -7.92527958032137e-008 -3.17011183212855e-007
0.379194630872483 0 -4.24860924136238e-007 -1.69944369654495e-006
0.379530201342282 0 -2.97253440802805e-007 -1.18901376321122e-006
0.379865771812081 0 -2.91223322820072e-007 -1.16489329128029e-006
0.380201342281879 0 -2.8247146055465e-007 -1.1298858422186e-006
0.380536912751678 0 7.13028856808628e-008 2.85211542723451e-007
0.380872483221476 0 6.51544899774809e-008 2.60617959909924e-007
0.381208053691275 0 -1.90883559054534e-007 -7.63534236218135e-007
0.381543624161074 0 -7.52171795214083e-008 -3.00868718085633e-007
0.381879194630872 0 -6.02273484396928e-007 -2.40909393758771e-006
0.382214765100671 0 -2.10327977712679e-007 -8.41311910850717e-007
0.38255033557047 0 -4.46015372980064e-007 -1.78406149192026e-006
0.382885906040268 0 4.70820636421893e-008 1.88328254568757e-007
0.383221476510067 0 6.5304412685026e-008 2.61217650740104e-007
0.383557046979866 0 1.38529167225052e-007 5.54116668900209e-007
0.383892617449664 0 -5.01266859210037e-007 -2.00506743684015e-006
0.384228187919463 0 -2.91337340736774e-007 -1.1653493629471e-006
0.384563758389262 0 -1.804190774867e-007 -7.216763099468e-007
0.38489932885906 0 -2.36011688084414e-007 -9.44046752337656e-007
0.385234899328859 0 -2.11652183722049e-007 -8.46608734888195e-007
0.385570469798658 0 5.7433415271486e-008 2.29733661085944e-007
0.385906040268456 0 -6.49685336203275e-007 -2.5987413448131e-006
0.386241610738255 0 -3.07007076318199e-007 -1.2280283052728e-006
0.386577181208054 0 -2.00729575409351e-007 -8.02918301637404e-007
0.386912751677852 0 -6.42382350165705e-007 -2.56952940066282e-006
0.387248322147651 0 1.36110055009969e-007 5.44440220039876e-007
0.38758389261745 0 -3.71356228721103e-007 -1.48542491488441e-006
0.387919463087248 0 -8.20246331208474e-009 -3.2809853248339e-008
0.388255033557047 0 -8.15235162388675e-008 -3.2609406495547e-007
0.388590604026846 0 -7.20695213119566e-007 -2.88278085247826e-006
0.388926174496644 0 -1.5629603674474e-007 -6.25184146978961e-007
0.389261744966443 0 -1.85504231513564e-007 -7.42016926054255e-007
0.389597315436242 0 -6.16905309638389e-007 -2.46762123855356e-006
0.38993288590604 0 -2.91206133145829e-008 -1.16482453258332e-007
0.390268456375839 0 3.0880015321347e-008 1.23520061285388e-007
0.390604026845638 0 -1.95397559446601e-007 -7.81590237786404e-007
0.390939597315436 0 -3.52425121996763e-007 -1.40970048798705e-006
0.391275167785235 0 -5.11555505045972e-007 -2.04622202018389e-006
0.391610738255034 0 -7.18259715343193e-008 -2.87303886137277e-007
0.391946308724832 0 -5.71185638102132e-007 -2.28474255240853e-006
0.392281879194631 0 -2.97866445044051e-007 -1.1914657801762e-006
0.39261744966443 0 1.6033727188068e-007 6.41349087522719e-007
0.392953020134228 0 -6.8670793472801e-008 -2.74683173891204e-007
0.393288590604027 0 -2.90180974551678e-008 -1.16072389820671e-007
0.393624161073825 0 5.9487350159958e-010 2.37949400639832e-009
0.393959731543624 0 -4.02940639185686e-007 -1.61176255674274e-006
0.394295302013423 0 -5.66955074724801e-007 -2.2678202988992e-006
0.394630872483221 0 -1.58099445938053e-007 -6.3239778375221e-007
0.39496644295302 0 -2.22543147350672e-007 -8.90172589402686e-007
0.395302013422819 0 -6.95566513342549e-008 -2.78226605337019e-007
0.395637583892617 0 -2.9826992233878e-007 -1.19307968935512e-006
0.395973154362416 0 -5.27387989348365e-007 -2.10955195739346e-006
0.396308724832215 0 1.01987041128616e-007 4.07948164514464e-007
0.396644295302013 0 -2.68227210380586e-007 -1.07290884152234e-006
0.396979865771812 0 -4.33372351334986e-007 -1.73348940533994e-006
0.397315436241611 0 -3.49162740727297e-007 -1.39665096290919e-006
0.397651006711409 0 -1.29028025258983e-007 -5.16112101035933e-007
0.397986577181208 0 -2.26844982918813e-007 -9.07379931675252e-007
0.398322147651007 0 -4.5698891843531e-007 -1.82795567374124e-006
0.398657718120805 0 -1.54738060323382e-007 -6.18952241293529e-007
0.398993288590604 0 -4.5048872039955e-007 -1.8019548815982e-006
0.399328859060403 0 -2.29454551052818e-007 -9.17818204211274e-007
0.399664429530201 0 -8.28994911922636e-008 -3.31597964769055e-007
0.4 0 -5.64135141031735e-007 -2.25654056412694e-006
0.400335570469799 0 3.94358599978324e-007 1.5774343999133e-006
0.400671140939597 0 -5.90897584656817e-007 -2.36359033862727e-006
0.401006711409396 0 -1.78575410883459e-007 -7.14301643533838e-007
0.401342281879195 0 -4.42713444241631e-007 -1.77085377696652e-006
0.401677852348993 0 -4.54268404137954e-007 -1.81707361655182e-006
0.402013422818792 0 -3.19863735507636e-007 -1.27945494203054e-006
0.402348993288591 0 8.07523116857866e-008 3.23009246743146e-007
0.402684563758389 0 -3.33527861280609e-007 -1.33411144512244e-006
0.403020134228188 0 1.76166682673269e-007 7.04666730693076e-007
0.403355704697987 0 -5.99712401556787e-007 -2.39884960622715e-006
0.403691275167785 0 -2.16915694349451e-007 -8.67662777397802e-007
0.404026845637584 0 -3.6141356168887e-007 -1.44565424675548e-006
0.404362416107383 0 -5.61950793208381e-007 -2.24780317283352e-006
0.404697986577181 0 -1.1794051380216e-007 -4.71762055208639e-007
0.40503355704698 0 1.30612823812995e-007 5.22451295251982e-007
0.405369127516779 0 -4.28206097654363e-007 -1.71282439061745e-006
0.405704697986577 0 -5.78129708482036e-007 -2.31251883392814e-006
0.406040268456376 0 1.88742937344447e-007 7.54971749377787e-007
0.406375838926175 0 -3.12443079799231e-007 -1.24977231919693e-006
0.406711409395973 0 -3.62340331079905e-007 -1.44936132431962e-006
0.407046979865772 0 -6.07187821511455e-007 -2.42875128604582e-006
0.40738255033557 0 2.14152315890082e-007 8.56609263560329e-007
0.407718120805369 0 -1.93629743489628e-007 -7.74518973958511e-007
0.408053691275168 0 -3.65403303824928e-007 -1.46161321529971e-006
0.408389261744966 0 -3.72083498999953e-007 -1.48833399599981e-006
0.408724832214765 0 -2.23477881251485e-007 -8.93911525005941e-007
0.409060402684564 0 -3.82019170854422e-007 -1.52807668341769e-006
0.409395973154362 0 -2.21193116964786e-007 -8.84772467859142e-007
0.409731543624161 0 -2.50642320766591e-007 -1.00256928306636e-006
0.41006711409396 0 -6.71628912673478e-008 -2.68651565069391e-007
0.410402684563758 0 -3.87574742790945e-007 -1.55029897116378e-006
0.410738255033557 0 -1.83250331705023e-007 -7.3300132682009e-007
0.411073825503356 0 -4.68841892091753e-007 -1.87536756836701e-006
0.411409395973154 0 -8.57982731671277e-009 -3.43193092668511e-008
0.411744966442953 0 -2.81505970928938e-007 -1.12602388371575e-006
0.412080536912752 0 -1.86788749568989e-007 -7.47154998275958e-007
0.41241610738255 0 1.89689845787843e-007 7.58759383151372e-007
0.412751677852349 0 -1.15750953323166e-007 -4.63003813292662e-007
0.413087248322148 0 -1.46137725142935e-007 -5.84550900571742e-007
0.413422818791946 0 -5.67089971865211e-007 -2.26835988746084e-006
0.413758389261745 0 -2.98505264835928e-007 -1.19402105934371e-006
0.414093959731544 0 -4.92086860387135e-008 -1.96834744154854e-007
0.414429530201342 0 2.0779223821135e-007 8.31168952845402e-007
0.414765100671141 0 5.71591733850887e-008 2.28636693540355e-007
0.41510067114094 0 -6.04077507531767e-007 -2.41631003012707e-006
0.415436241610738 0 2.09905568463085e-007 8.39622273852338e-007
0.415771812080537 0 -4.23257842705783e-007 -1.69303137082313e-006
0.416107382550336 0 -2.2673234839804e-007 -9.06929393592161e-007
0.416442953020134 0 -5.63925597927507e-007 -2.25570239171003e-006
0.416778523489933 0 2.105673265493e-007 8.422693061972e-007
0.417114093959732 0 -3.17711974269621e-007 -1.27084789707848e-006
0.41744966442953 0 -5.45640910776739e-007 -2.18256364310696e-006
0.417785234899329 0 -6.81504048642449e-008 -2.7260161945698e-007
0.418120805369128 0 -1.83580432639456e-007 -7.34321730557822e-007
0.418456375838926 0 -3.59467168888718e-007 -1.43786867555487e-006
0.418791946308725 0 -4.21233245677878e-007 -1.68493298271151e-006
0.419127516778524 0 -2.97055613631899e-007 -1.1882224545276e-006
0.419463087248322 0 -2.07637240823258e-008 -8.30548963293031e-008
0.419798657718121 0 -1.49904494916734e-007 -5.99617979666936e-007
0.420134228187919 0 -5.06169694306502e-007 -2.02467877722601e-006
0.420469798657718 0 -1.72511840540298e-007 -6.90047362161192e-007
0.420805369127517 0 -2.71668514784014e-007 -1.08667405913606e-006
0.421140939597315 0 -9.50097823279821e-008 -3.80039129311929e-007
0.421476510067114 0 -3.81474228901755e-007 -1.52589691560702e-006
0.421812080536913 0 -4.42589570711768e-008 -1.77035828284707e-007
0.422147651006711 0 -3.65170090979487e-007 -1.46068036391795e-006
0.42248322147651 0 -2.09579245329259e-007 -8.38316981317035e-007
0.422818791946309 0 -3.10906244677962e-007 -1.24362497871185e-006
0.423154362416107 0 -4.13605611254596e-007 -1.65442244501839e-006
0.423489932885906 0 -2.79613994799253e-007 -1.11845597919701e-006
0.423825503355705 0 5.65702281666633e-008 2.26280912666653e-007
0.424161073825503 0 -3.8410366885628e-007 -1.53641467542512e-006
0.424496644295302 0 1.36805995802764e-008 5.47223983211057e-008
0.424832214765101 0 -3.61651308794692e-007 -1.44660523517877e-006
0.425167785234899 0 -1.83607241556598e-007 -7.34428966226393e-007
0.425503355704698 0 -2.54190713903365e-007 -1.01676285561346e-006
0.425838926174497 0 -7.18640450575708e-007 -2.87456180230283e-006
0.426174496644295 0 -2.26960853206174e-007 -9.07843412824696e-007
0.426510067114094 0 2.82543044902936e-007 1.13017217961174e-006
0.426845637583893 0 -4.01118423342854e-007 -1.60447369337142e-006
0.427181208053691 0 -3.9439395913377e-007 -1.57757583653508e-006
0.42751677852349 0 -1.04151118503186e-008 -4.16604474012745e-008
0.427852348993289 0 -5.23833504213923e-007 -2.09533401685569e-006
0.428187919463087 0 -1.17420196432635e-008 -4.69680785730538e-008
0.428523489932886 0 -7.01178283268035e-007 -2.80471313307214e-006
0.428859060402685 0 -3.74998074342155e-007 -1.49999229736862e-006
0.429194630872483 0 1.37324775692942e-007 5.49299102771768e-007
0.429530201342282 0 -2.63693144459759e-007 -1.05477257783904e-006
0.429865771812081 0 -1.71340921646403e-007 -6.85363686585612e-007
0.430201342281879 0 -1.32850887828799e-007 -5.31403551315195e-007
0.430536912751678 0 -3.64646119087044e-007 -1.45858447634818e-006
0.430872483221477 0 -2.83020164908232e-007 -1.13208065963293e-006
0.431208053691275 0 -1.37878665817098e-007 -5.51514663268391e-007
0.431543624161074 0 -2.93472641026162e-007 -1.17389056410465e-006
0.431879194630872 0 -2.0179302728066e-007 -8.07172109122639e-007
0.432214765100671 0 -5.94892825907735e-007 -2.37957130363094e-006
0.43255033557047 0 -2.01368781422419e-007 -8.05475125689675e-007
0.432885906040268 0 -3.82943936724485e-008 -1.53177574689794e-007
0.433221476510067 0 -4.87590107436804e-008 -1.95036042974721e-007
0.433557046979866 0 -9.33959781911002e-008 -3.73583912764401e-007
0.433892617449664 0 4.99690357837534e-009 1.99876143135014e-008
0.434228187919463 0 1.01215911609482e-007 4.04863646437929e-007
0.434563758389262 0 -3.18935398252168e-007 -1.27574159300867e-006
0.43489932885906 0 -3.51247521864638e-007 -1.40499008745855e-006
0.435234899328859 0 -3.70693635288135e-007 -1.48277454115254e-006
0.435570469798658 0 -2.62328766469216e-007 -1.04931506587686e-006
0.435906040268456 0 7.1619031345247e-008 2.86476125380988e-007
0.436241610738255 0 2.89948702325576e-007 1.1597948093023e-006
0.436577181208054 0 -6.21201481587886e-007 -2.48480592635154e-006
0.436912751677852 0 1.4422305761751e-007 5.7689223047004e-007
0.437248322147651 0 -2.24347486908414e-007 -8.97389947633657e-007
0.43758389261745 0 -6.18315804874778e-007 -2.47326321949911e-006
0.437919463087248 0 -2.75643425526177e-007 -1.10257370210471e-006
0.438255033557047 0 -2.17902734120017e-007 -8.71610936480067e-007
0.438590604026846 0 2.85862492210685e-007 1.14344996884274e-006
0.438926174496644 0 -6.93735987382519e-008 -2.77494394953008e-007
0.439261744966443 0 -3.31199898370142e-007 -1.32479959348057e-006
0.439597315436242 0 -2.40261164608516e-007 -9.61044658434062e-007
0.43993288590604 0 -2.04126511216935e-007 -8.16506044867742e-007
0.440268456375839 0 -3.50292443116953e-007 -1.40116977246781e-006
0.440604026845638 0 -1.07205644746556e-007 -4.28822578986223e-007
0.440939597315436 0 -3.23318694052631e-008 -1.29327477621052e-007
0.441275167785235 0 -2.73439922844142e-007 -1.09375969137657e-006
0.441610738255034 0 -2.355806828194e-007 -9.423227312776e-007
0.441946308724832 0 -3.4843688910066e-007 -1.39374755640264e-006
0.442281879194631 0 -5.51197181421141e-007 -2.20478872568456e-006
0.44261744966443 0 2.91310092866346e-007 1.16524037146538e-006
0.442953020134228 0 -6.31020340866199e-007 -2.5240813634648e-006
0.443288590604027 0 2.04341618134304e-007 8.17366472537217e-007
0.443624161073826 0 -5.4676107485677e-007 -2.18704429942708e-006
0.443959731543624 0 -2.92079340926717e-007 -1.16831736370687e-006
0.444295302013423 0 -3.19750792472339e-007 -1.27900316988936e-006
0.444630872483221 0 -1.64392710111402e-007 -6.57570840445608e-007
0.44496644295302 0 -1.33016813543364e-007 -5.32067254173457e-007
0.445302013422819 0 -2.93565979929803e-007 -1.17426391971921e-006
0.445637583892617 0 -3.9727079001372e-007 -1.58908316005488e-006
0.445973154362416 0 1.54220731524264e-007 6.16882926097056e-007
0.446308724832215 0 -2.946474197149e-007 -1.1785896788596e-006
0.446644295302013 0 -4.17364873175762e-007 -1.66945949270305e-006
0.446979865771812 0 -5.24147085267147e-007 -2.09658834106859e-006
0.447315436241611 0 -9.3640906669142e-009 -3.74563626676568e-008
0.447651006711409 0 -2.99250930573932e-007 -1.19700372229573e-006
0.447986577181208 0 -5.8505820097027e-008 -2.34023280388108e-007
0.448322147651007 0 -2.35515039882585e-007 -9.42060159530342e-007
0.448657718120805 0 3.0441305212043e-007 1.21765220848172e-006
0.448993288590604 0 1.95699251833581e-008 7.82797007334323e-008
0.449328859060403 0 -3.46895416723491e-007 -1.38758166689396e-006
0.449664429530201 0 -5.97198062867205e-007 -2.38879225146882e-006
0.45 0 -1.53354273415837e-007 -6.13417093663349e-007
0.450335570469799 0 -4.43090687278035e-008 -1.77236274911214e-007
0.450671140939597 0 -3.02346050440085e-007 -1.20938420176034e-006
0.451006711409396 0 -2.15793639746733e-007 -8.63174558986934e-007
0.451342281879195 0 -3.47402925631672e-007 -1.38961170252669e-006
0.451677852348993 0 3.19040587584001e-007 1.27616235033601e-006
0.452013422818792 0 -6.30995997848917e-007 -2.52398399139567e-006
0.452348993288591 0 -3.03413795629582e-007 -1.21365518251833e-006
0.452684563758389 0 -3.81173179082008e-007 -1.52469271632803e-006
0.453020134228188 0 1.01617338566381e-007 4.06469354265525e-007
0.453355704697987 0 -2.52542559004917e-007 -1.01017023601967e-006
0.453691275167785 0 -3.28651908674997e-007 -1.31460763469999e-006
0.454026845637584 0 -2.86959908098103e-007 -1.14783963239241e-006
0.454362416107383 0 -4.70549513394658e-008 -1.88219805357863e-007
0.454697986577181 0 -4.73822462501698e-007 -1.89528985000679e-006
0.45503355704698 0 -5.42061492566088e-008 -2.16824597026435e-007
0.455369127516779 0 -4.78240050136515e-008 -1.91296020054606e-007
0.455704697986577 0 2.34310860274032e-008 9.37243441096127e-008
0.456040268456376 0 -2.48797740040299e-007 -9.95190960161198e-007
0.456375838926175 0 -1.01409555140504e-007 -4.05638220562014e-007
0.456711409395973 0 -5.49045120171422e-007 -2.19618048068569e-006
0.457046979865772 0 -9.54232413329818e-008 -3.81692965331927e-007
0.45738255033557 0 2.21170644281672e-007 8.84682577126687e-007
0.457718120805369 0 1.83018677255918e-007 7.32074709023673e-007
0.458053691275168 0 -5.70874877957848e-007 -2.28349951183139e-006
0.458389261744966 0 -1.29675598098318e-007 -5.18702392393272e-007
0.458724832214765 0 1.12427344768686e-007 4.49709379074745e-007
0.459060402684564 0 -3.60933832614547e-007 -1.44373533045819e-006
0.459395973154362 0 -3.88473207045743e-007 -1.55389282818297e-006
0.459731543624161 0 -8.15737486237593e-008 -3.26294994495037e-007
0.46006711409396 0 1.83804827491218e-007 7.35219309964871e-007
0.460402684563758 0 -4.84608103593302e-007 -1.93843241437321e-006
0.460738255033557 0 1.14509633195014e-007 4.58038532780056e-007
0.461073825503356 0 -2.48273517986365e-007 -9.93094071945459e-007
0.461409395973154 0 -2.74878451864943e-007 -1.09951380745977e-006
0.461744966442953 0 -1.98886837260117e-007 -7.95547349040468e-007
0.462080536912752 0 -3.87571791222347e-007 -1.55028716488939e-006
0.46241610738255 0 -2.87248158409156e-007 -1.14899263363663e-006
0.462751677852349 0 -1.11277417628496e-007 -4.45109670513983e-007
0.463087248322148 0 -3.37859729042348e-007 -1.35143891616939e-006
0.463422818791946 0 -1.93444446598485e-007 -7.73777786393939e-007
0.463758389261745 0 -4.301405956696e-007 -1.7205623826784e-006
0.464093959731544 0 3.18565499901306e-008 1.27426199960522e-007
0.464429530201342 0 -1.37132267680038e-007 -5.4852907072015e-007
0.464765100671141 0 -2.57761684355439e-007 -1.03104673742176e-006
0.46510067114094 0 8.60180885434969e-008 3.44072354173988e-007
0.465436241610738 0 -8.46799608928045e-007 -3.38719843571218e-006
0.465771812080537 0 -8.66736292327882e-008 -3.46694516931153e-007
0.466107382550336 0 -2.2849081175626e-007 -9.13963247025039e-007
0.466442953020134 0 -9.11792523597997e-008 -3.64717009439199e-007
0.466778523489933 0 -2.71982231584436e-007 -1.08792892633774e-006
0.467114093959732 0 -2.92765715448106e-007 -1.17106286179242e-006
0.46744966442953 0 -6.29734965497878e-008 -2.51893986199151e-007
0.467785234899329 0 -2.63738323409095e-007 -1.05495329363638e-006
0.468120805369128 0 -3.20397543587803e-007 -1.28159017435121e-006
0.468456375838926 0 -3.02136148144229e-007 -1.20854459257692e-006
0.468791946308725 0 -3.6293264683646e-007 -1.45173058734584e-006
0.469127516778523 0 -1.62958286383641e-007 -6.51833145534562e-007
0.469463087248322 0 -1.29321806365047e-007 -5.17287225460187e-007
0.469798657718121 0 -1.95086280719105e-007 -7.80345122876419e-007
0.47013422818792 0 2.76750359513507e-007 1.10700143805403e-006
0.470469798657718 0 -2.2810914950997e-007 -9.12436598039879e-007
0.470805369127517 0 3.7721855161538e-008 1.50887420646152e-007
0.471140939597315 0 -4.59583688178338e-007 -1.83833475271335e-006
0.471476510067114 0 -3.66884244457715e-007 -1.46753697783086e-006
0.471812080536913 0 -1.81132660123475e-007 -7.24530640493899e-007
0.472147651006711 0 -1.58185196584851e-007 -6.32740786339403e-007
0.47248322147651 0 -3.10300098932555e-007 -1.24120039573022e-006
0.472818791946309 0 -4.08117579582044e-007 -1.63247031832817e-006
0.473154362416107 0 9.55897707265398e-008 3.82359082906159e-007
0.473489932885906 0 -1.47859370498963e-007 -5.91437481995851e-007
0.473825503355705 0 -2.4006094581504e-007 -9.60243783260158e-007
0.474161073825503 0 -2.86638114447124e-007 -1.1465524577885e-006
0.474496644295302 0 -3.22175350538096e-008 -1.28870140215238e-007
0.474832214765101 0 -3.13969879882902e-007 -1.25587951953161e-006
0.475167785234899 0 -4.65398611098026e-007 -1.86159444439211e-006
0.475503355704698 0 -3.32852804346266e-007 -1.33141121738507e-006
0.475838926174497 0 -2.56298120792627e-008 -1.02519248317051e-007
0.476174496644295 0 -9.25273285599659e-008 -3.70109314239864e-007
0.476510067114094 0 5.2599787457958e-008 2.10399149831832e-007
0.476845637583893 0 -2.93639067834563e-007 -1.17455627133825e-006
0.477181208053691 0 1.94017249738407e-007 7.76068998953626e-007
0.47751677852349 0 -5.85530503428216e-007 -2.34212201371286e-006
0.477852348993289 0 -2.72762777492178e-007 -1.09105110996871e-006
0.478187919463087 0 -3.03703682699528e-007 -1.21481473079811e-006
0.478523489932886 0 1.4878536060589e-007 5.95141442423561e-007
0.478859060402685 0 -1.17297265436005e-007 -4.69189061744022e-007
0.479194630872483 0 2.84849644986047e-007 1.13939857994419e-006
0.479530201342282 0 -4.10477283449905e-007 -1.64190913379962e-006
0.479865771812081 0 -2.15663814786315e-007 -8.6265525914526e-007
0.480201342281879 0 -1.5628726833351e-007 -6.25149073334041e-007
0.480536912751678 0 -3.96552022155079e-007 -1.58620808862032e-006
0.480872483221477 0 -4.24493281790883e-007 -1.69797312716353e-006
0.481208053691275 0 9.78858052261517e-009 3.91543220904607e-008
0.481543624161074 0 1.38757034416491e-007 5.55028137665966e-007
0.481879194630872 0 -5.80696568264243e-008 -2.32278627305697e-007
0.482214765100671 0 -3.56304665137121e-007 -1.42521866054849e-006
0.48255033557047 0 3.67036287296515e-008 1.46814514918606e-007
0.482885906040268 0 2.69732265613487e-008 1.07892906245395e-007
0.483221476510067 0 -5.07562892999951e-007 -2.0302515719998e-006
0.483557046979866 0 -4.07420780394023e-007 -1.62968312157609e-006
0.483892617449664 0 -1.75170413386094e-007 -7.00681653544375e-007
0.484228187919463 0 -1.43440614441304e-007 -5.73762457765217e-007
0.484563758389262 0 -1.48097680443001e-007 -5.92390721772002e-007
0.48489932885906 0 -2.86208341955194e-007 -1.14483336782078e-006
0.485234899328859 0 -1.57929385002995e-007 -6.31717540011978e-007
0.485570469798658 0 -5.69642334281648e-008 -2.27856933712659e-007
0.485906040268456 0 -3.94734660077052e-007 -1.57893864030821e-006
0.486241610738255 0 -3.62134454782829e-007 -1.44853781913132e-006
0.486577181208054 0 -1.35039163839542e-007 -5.40156655358169e-007
0.486912751677852 0 -2.91969834015119e-007 -1.16787933606048e-006
0.487248322147651 0 -2.31153067352057e-007 -9.24612269408228e-007
0.48758389261745 0 -1.14908015283477e-007 -4.59632061133909e-007
0.487919463087248 0 -3.67361555221259e-007 -1.46944622088504e-006
0.488255033557047 0 -1.57423229360578e-007 -6.29692917442312e-007
0.488590604026846 0 -1.05791223045949e-007 -4.23164892183795e-007
0.488926174496644 0 6.21136644539724e-008 2.4845465781589e-007
0.489261744966443 0 -4.34718390897378e-007 -1.73887356358951e-006
0.489597315436242 0 -3.29117293952092e-007 -1.31646917580837e-006
0.48993288590604 0 -5.24708985577949e-007 -2.0988359423118e-006
0.490268456375839 0 -2.39352035003424e-007 -9.57408140013697e-007
0.490604026845638 0 4.04473085458687e-008 1.61789234183475e-007
0.490939597315436 0 -4.33540656520851e-007 -1.7341626260834e-006
0.491275167785235 0 3.60542043101522e-007 1.44216817240609e-006
0.491610738255034 0 -2.88402423440731e-007 -1.15360969376292e-006
0.491946308724832 0 3.48764183782694e-007 1.39505673513078e-006
0.492281879194631 0 -6.00955187733683e-007 -2.40382075093473e-006
0.49261744966443 0 -1.71796106259597e-007 -6.87184425038388e-007
0.492953020134228 0 -3.47397226733119e-007 -1.38958890693248e-006
0.493288590604027 0 -1.62548179984071e-007 -6.50192719936284e-007
0.493624161073826 0 7.91115638819333e-008 3.16446255527733e-007
0.493959731543624 0 -6.91980885407268e-007 -2.76792354162907e-006
0.494295302013423 0 -2.70459847495197e-007 -1.08183938998079e-006
0.494630872483221 0 7.86464205251859e-008 3.14585682100743e-007
0.49496644295302 0 -2.63015118133042e-007 -1.05206047253217e-006
0.495302013422819 0 -4.53430646530341e-007 -1.81372258612136e-006
0.495637583892617 0 -1.16273349569602e-007 -4.65093398278406e-007
0.495973154362416 0 -4.08376518550969e-008 -1.63350607420387e-007
0.496308724832215 0 -8.65077792849484e-008 -3.46031117139794e-007
0.496644295302013 0 -3.71285031561621e-007 -1.48514012624648e-006
0.496979865771812 0 -2.64141881668004e-007 -1.05656752667202e-006
0.497315436241611 0 -4.02205801427742e-007 -1.60882320571097e-006
0.497651006711409 0 -9.81027745365608e-008 -3.92411098146243e-007
0.497986577181208 0 -3.40699655295306e-008 -1.36279862118122e-007
0.498322147651007 0 -4.45281295466671e-007 -1.78112518186668e-006
0.498657718120805 0 -2.61931556164659e-007 -1.04772622465864e-006
0.498993288590604 0 -3.38767712690287e-007 -1.35507085076115e-006
0.499328859060403 0 1.57723988271821e-007 6.30895953087285e-007
0.499664429530201 0 -4.69341630801409e-007 -1.87736652320564e-006
