0 154.46427044381
0.0107142857142857 154.46427044381
0.0214285714285714 154.843417326157
0.0321428571428571 156.359238974712
0.0428571428571429 159.524836196271
0.0535714285714286 164.598381419081
0.0642857142857143 171.549464651057
0.075 180.056619004399
0.0857142857142857 189.539983391211
0.0964285714285714 199.226107087427
0.107142857142857 208.237642135515
0.117857142857143 215.697585172708
0.128571428571429 220.835910562345
0.139285714285714 223.086040580951
0.15 222.159662253704
0.160714285714286 218.09080333256
0.171428571428571 211.243550156363
0.182142857142857 202.281933880973
0.192857142857143 192.104856829429
0.203571428571429 181.752980707213
0.214285714285714 172.297788026988
0.225 164.725176850363
0.235714285714286 159.826704704418
0.246428571428571 158.110865491815
0.257142857142857 159.744637367667
0.267857142857143 164.532214891024
0.278571428571429 171.933705229538
0.289285714285714 181.122089312401
0.3 185.059274281357
0.314285714285714 188.24106911092
0.328571428571429 191.281450836947
0.342857142857143 194.192454617185
0.357142857142857 196.984641916598
0.371428571428571 199.667331674857
0.385714285714286 202.248787857332
0.4 204.7363729059
0.414285714285714 207.136674268553
0.428571428571429 209.455609483319
0.442857142857143 211.698514035306
0.457142857142857 213.870215268182
0.471428571428571 215.975094924663
0.485714285714286 218.017142352591
0.5 220
