0.0115384615384615 -10638.1466112761 -5319.07330563814 -5319.07330563814
0.0230769230769231 -19893.6797472239 -14920.2598104178 -14920.2598104178
0.0346153846153846 -26563.6807695963 -22136.4006413304 -22136.4006413304
0.0461538461538461 -29781.2662229416 -26058.6079450739 -26058.6079450739
0.0576923076923077 -29128.2545227816 -26215.4290705035 -26215.4290705035
0.0692307692307692 -24689.5159768097 -22632.0563120755 -22632.0563120755
0.0807692307692308 -17041.9424019347 -15824.6608017966 -15824.6608017966
0.0923076923076923 -7179.46992862674 -6730.7530580878 -6730.7530580878
0.103846153846154 3616.10040765968 3415.20594056746 3415.20594056746
0.115384615384615 13941.6951613131 13244.6104032474 13244.6104032474
0.126923076923077 22455.322445133 21434.6259703545 21434.6259703545
0.138461538461538 28050.4872805624 26881.7169772055 26881.7169772055
0.15 30000 28846.1538461537 28846.1538461537
0.161538461538462 28050.4872805625 27048.6841633995 27048.6841633995
0.173076923076923 22455.322445133 21706.8116969622 21706.8116969622
0.184615384615385 13941.6951613131 13506.0171875222 13506.0171875222
0.196153846153846 3616.10040765971 3509.74451331644 3509.74451331644
0.207692307692308 -7179.46992862672 -6980.04020838683 -6980.04020838683
0.219230769230769 -17041.9424019346 -16593.4702334629 -16593.4702334629
0.230769230769231 -24689.5159768097 -24072.2780773893 -24072.2780773893
0.242307692307692 -29128.2545227816 -28434.7246531915 -28434.7246531915
0.253846153846154 -29781.2662229416 -29104.4192633294 -29104.4192633294
0.265384615384615 -26563.6807695963 -25986.2094485183 -25986.2094485183
0.276923076923077 -19893.6797472238 -19479.228085823 -19479.228085823
0.288461538461538 -10638.1466112761 39066.7354616373 39066.7354616373
0.298076923076923 -1811.35492266866 17270.0477770698 -71843.3987526119
0.303846153846154 0 1.6978406022877e-009 6.7913624091508e-009
0.307692307692308 0 -1.06399559302029e-009 -4.25598237208115e-009
0.311538461538462 0 -1.67369691494316e-009 -6.69478765977264e-009
0.315384615384615 0 -7.16102820672909e-010 -2.86441128269164e-009
0.319230769230769 0 1.10968781018211e-009 4.43875124072846e-009
0.323076923076923 0 5.01864984755094e-010 2.00745993902038e-009
0.326923076923077 0 -1.03586489059594e-009 -4.14345956238377e-009
0.330769230769231 0 1.46401960322227e-009 5.85607841288907e-009
0.334615384615385 0 -4.48231770984539e-009 -1.79292708393816e-008
0.338461538461538 0 4.7528439517386e-010 1.90113758069544e-009
0.342307692307692 0 -3.25772268087953e-009 -1.30308907235181e-008
0.346153846153846 0 1.31490007154117e-009 5.25960028616467e-009
0.35 0 -1.22988920635083e-009 -4.91955682540332e-009
0.353846153846154 0 9.34518465027696e-010 3.73807386011078e-009
0.357692307692308 0 -4.82927449523364e-009 -1.93170979809346e-008
0.361538461538462 0 -3.96014190707147e-010 -1.58405676282859e-009
0.365384615384615 0 -7.93521944059996e-010 -3.17408777623998e-009
0.369230769230769 0 -8.98624259495128e-010 -3.59449703798051e-009
0.373076923076923 0 2.23079169684209e-009 8.92316678736834e-009
0.376923076923077 0 -2.98733917421785e-009 -1.19493566968714e-008
0.380769230769231 0 -8.10281555656817e-010 -3.24112622262727e-009
0.384615384615385 0 2.0989909810254e-009 8.39596392410161e-009
0.388461538461538 0 -3.4460286934221e-009 -1.37841147736884e-008
0.392307692307692 0 -1.05306961408061e-009 -4.21227845632246e-009
0.396153846153846 0 -1.43454121289568e-009 -5.73816485158271e-009
0.4 0 -9.18166931374035e-010 -3.67266772549614e-009
0.403846153846154 0 1.74417808238676e-010 6.97671232954703e-010
0.407692307692308 0 -6.51953124609997e-010 -2.60781249843999e-009
0.411538461538462 0 -2.41452727489967e-009 -9.65810909959868e-009
0.415384615384615 0 1.86854595582329e-009 7.47418382329315e-009
0.419230769230769 0 -3.36843346284104e-009 -1.34737338513642e-008
0.423076923076923 0 1.2117763863047e-010 4.84710554521879e-010
0.426923076923077 0 5.70117726801812e-010 2.28047090720725e-009
0.430769230769231 0 -5.83044674048621e-010 -2.33217869619449e-009
0.434615384615385 0 -2.93321856479307e-010 -1.17328742591723e-009
0.438461538461538 0 -9.56448614265922e-010 -3.82579445706369e-009
0.442307692307692 0 -3.37289326903029e-010 -1.34915730761212e-009
0.446153846153846 0 7.09083055682145e-010 2.83633222272858e-009
0.45 0 6.25746368301501e-011 2.502985473206e-010
0.453846153846154 0 -9.34453479755149e-010 -3.7378139190206e-009
0.457692307692308 0 -2.52498388677503e-009 -1.00999355471001e-008
0.461538461538462 0 -2.64641040563045e-010 -1.05856416225218e-009
0.465384615384615 0 -1.80317964416726e-009 -7.21271857666905e-009
0.469230769230769 0 9.28176501959903e-010 3.71270600783961e-009
0.473076923076923 0 -9.85064446453467e-010 -3.94025778581387e-009
0.476923076923077 0 -8.45406495704697e-010 -3.38162598281879e-009
0.480769230769231 0 -2.06021208981608e-009 -8.24084835926433e-009
0.484615384615385 0 1.60441778910123e-009 6.41767115640491e-009
0.488461538461539 0 -1.98585443802169e-009 -7.94341775208675e-009
0.492307692307692 0 -2.12129595573291e-009 -8.48518382293165e-009
0.496153846153846 0 1.71281173998528e-009 6.85124695994112e-009
