0 1 -0
0.0115384615384615 1 -10638.1466112761
0.0230769230769231 1 -19893.6797472239
0.0346153846153846 1 -26563.6807695963
0.0461538461538461 1 -29781.2662229416
0.0576923076923077 1 -29128.2545227816
0.0692307692307692 1 -24689.5159768097
0.0807692307692308 1 -17041.9424019347
0.0923076923076923 1 -7179.46992862674
0.103846153846154 1 3616.10040765968
0.115384615384615 1 13941.6951613131
0.126923076923077 1 22455.322445133
0.138461538461538 1 28050.4872805624
0.15 1 30000
0.161538461538462 1 28050.4872805625
0.173076923076923 1 22455.322445133
0.184615384615385 1 13941.6951613131
0.196153846153846 1 3616.10040765971
0.207692307692308 1 -7179.46992862672
0.219230769230769 1 -17041.9424019346
0.230769230769231 1 -24689.5159768097
0.242307692307692 1 -29128.2545227816
0.253846153846154 1 -29781.2662229416
0.265384615384615 1 -26563.6807695963
0.276923076923077 1 -19893.6797472239
0.288461538461538 1 -10638.1466112761
0.3 4 0
0.303846153846154 4 0
0.307692307692308 4 0
0.311538461538462 4 0
0.315384615384615 4 0
0.319230769230769 4 0
0.323076923076923 4 0
0.326923076923077 4 0
0.330769230769231 4 0
0.334615384615385 4 0
0.338461538461538 4 0
0.342307692307692 4 0
0.346153846153846 4 0
0.35 4 0
0.353846153846154 4 0
0.357692307692308 4 0
0.361538461538462 4 0
0.365384615384615 4 0
0.369230769230769 4 0
0.373076923076923 4 0
0.376923076923077 4 0
0.380769230769231 4 0
0.384615384615385 4 0
0.388461538461538 4 0
0.392307692307692 4 0
0.396153846153846 4 0
0.4 4 0
0.403846153846154 4 0
0.407692307692308 4 0
0.411538461538462 4 0
0.415384615384615 4 0
0.419230769230769 4 0
0.423076923076923 4 0
0.426923076923077 4 0
0.430769230769231 4 0
0.434615384615385 4 0
0.438461538461538 4 0
0.442307692307692 4 0
0.446153846153846 4 0
0.45 4 0
0.453846153846154 4 0
0.457692307692308 4 0
0.461538461538462 4 0
0.465384615384615 4 0
0.469230769230769 4 0
0.473076923076923 4 0
0.476923076923077 4 0
0.480769230769231 4 0
0.484615384615385 4 0
0.488461538461538 4 0
0.492307692307692 4 0
0.496153846153846 4 0
0.5 4 0
