0.000746268656716418 -0 -0
0.00223880597014925 -0.699586007017388 -0.699586007017388
0.00373134328358209 -2.93549311409265 -2.93549311409265
0.00522388059701493 -6.58094515445242 -6.58094515445242
0.00671641791044776 -11.6121466294493 -11.6121466294493
0.0082089552238806 -18.0113555586115 -18.0113555586115
0.00970149253731343 -25.7594593484464 -25.7594593484464
0.0111940298507463 -34.83452545847 -34.83452545847
0.0126865671641791 -45.2114133479722 -45.2114133479722
0.0141791044776119 -56.8616717835877 -56.8616717835877
0.0156716417910448 -69.7535366585058 -69.7535366585058
0.0171641791044776 -83.8519729516332 -83.8519729516332
0.0186567164179104 -99.1187404170066 -99.1187404170066
0.0201492537313433 -115.512474568195 -115.512474568195
0.0216417910447761 -132.988779054926 -132.988779054926
0.023134328358209 -151.500327418983 -151.500327418983
0.0246268656716418 -170.996973068025 -170.996973068025
0.0261194029850746 -191.425866710416 -191.425866710416
0.0276119402985075 -212.731580695425 -212.731580695425
0.0291044776119403 -234.856239805122 -234.856239805122
0.0305970149253731 -257.739658095099 -257.739658095099
0.032089552238806 -281.319481405831 -281.319481405831
0.0335820895522388 -305.5313351768 -305.5313351768
0.0350746268656717 -330.308977197447 -330.308977197447
0.0365671641791045 -355.584454926407 -355.584454926407
0.0380597014925373 -381.288267006505 -381.288267006505
0.0395522388059702 -407.349528596479 -407.349528596479
0.041044776119403 -433.696140134493 -433.696140134493
0.0425373134328358 -460.254959142546 -460.254959142546
0.0440298507462687 -486.951974674456 -486.951974674456
0.0455223880597015 -513.712484005461 -513.712484005461
0.0470149253731344 -540.461271156355 -540.461271156355
0.0485074626865672 -567.122786841306 -567.122786841306
0.05 -593.621329425325 -593.621329425325
0.0514925373134329 -619.881226475738 -619.881226475738
0.0529850746268657 -645.827016489266 -645.827016489266
0.0544776119402985 -671.383630377223 -671.383630377223
0.0559701492537314 -696.476572291156 -696.476572291156
0.0574626865671642 -721.032099372289 -721.032099372289
0.0589552238805971 -744.977400011228 -744.977400011228
0.0604477611940299 -768.240770206837 -768.240770206837
0.0619402985074627 -790.751787617597 -790.751787617597
0.0634328358208956 -812.441482903649 -812.441482903649
0.0649253731343284 -833.242507964005 -833.242507964005
0.0664179104477612 -853.089300679723 -853.089300679723
0.0679104477611941 -871.918245781825 -871.918245781825
0.0694029850746269 -889.667831471337 -889.667831471337
0.0708955223880597 -906.278801427798 -906.278801427798
0.0723880597014926 -921.694301853509 -921.694301853509
0.0738805970149254 -935.860023211143 -935.860023211143
0.0753731343283583 -948.724336324334 -948.724336324334
0.0768656716417911 -960.238422523748 -960.238422523748
0.0783582089552239 -970.356397533691 -970.356397533691
0.0798507462686568 -979.035428809094 -979.035428809094
0.0813432835820896 -986.235846046373 -986.235846046373
0.0828358208955224 -991.921244608253 -991.921244608253
0.0843283582089553 -996.058581616698 -996.058581616698
0.0858208955223881 -998.618264486181 -998.618264486181
0.087313432835821 -999.5742316854 -999.5742316854
0.0888059701492538 -998.904025533581 -998.904025533581
0.0902985074626866 -996.588856854279 -996.588856854279
0.0917910447761195 -992.613661330077 -992.613661330077
0.0932835820895523 -986.967147417246 -986.967147417246
0.0947761194029851 -979.641835700862 -979.641835700862
0.096268656716418 -970.634089589008 -970.634089589008
0.0977611940298508 -959.944137264163 -959.944137264163
0.0992537313432837 -947.576084829833 -947.576084829833
0.100746268656716 -933.537920610109 -933.537920610109
0.102238805970149 -917.841510580503 -917.841510580503
0.103731343283582 -900.502584926467 -900.502584926467
0.105223880597015 -881.540715748756 -881.540715748756
0.106716417910448 -860.97928595273 -860.97928595273
0.108208955223881 -838.845449378979 -838.845449378979
0.109701492537314 -815.170082253337 -815.170082253337
0.111194029850746 -789.987726053199 -789.987726053199
0.112686567164179 -763.33652190648 -763.33652190648
0.114179104477612 -735.258136659393 -735.258136659393
0.115671641791045 -705.79768076741 -705.79768076741
0.117164179104478 -675.003618182814 -675.003618182814
0.118656716417911 -642.927668430298 -642.927668430298
0.120149253731343 -609.624701079917 -609.624701079917
0.121641791044776 -575.152622843629 -575.152622843629
0.123134328358209 -539.572257539467 -539.572257539467
0.124626865671642 -502.947219182344 -502.947219182344
0.126119402985075 -465.343778477549 -465.343778477549
0.127611940298508 -426.830723007234 -426.830723007234
0.12910447761194 -387.479211414832 -387.479211414832
0.130597014925373 -347.362621906602 -347.362621906602
0.132089552238806 -306.55639540218 -306.55639540218
0.133582089552239 -265.137873678353 -265.137873678353
0.135074626865672 -223.186132862606 -223.186132862606
0.136567164179104 -180.78181264253 -180.78181264253
0.138059701492537 -138.006941568542 -138.006941568542
0.13955223880597 -94.9447588357867 -94.9447588357867
0.141044776119403 -51.6795329397897 -51.6795329397897
0.142537313432836 -8.29637760730947 -8.29637760730947
0.144029850746269 35.1189345887443 35.1189345887443
0.145522388059701 78.4801605163432 78.4801605163432
0.147014925373134 121.700776254749 121.700776254749
0.148507462686567 164.694167925249 164.694167925249
0.15 207.373823157209 207.373823157209
0.151492537313433 249.653522761516 249.653522761516
0.152985074626866 291.447532183455 291.447532183455
0.154477611940298 332.670792306192 332.670792306192
0.155970149253731 373.239109178018 373.239109178018
0.157462686567164 413.069342236916 413.069342236916
0.158955223880597 452.079590610871 452.079590610871
0.16044776119403 490.189377073822 490.189377073822
0.161940298507462 527.319829244172 527.319829244172
0.163432835820895 563.39385761643 563.39385761643
0.164925373134328 598.33633002483 598.33633002483
0.166417910447761 632.074242143876 632.074242143876
0.167910447761194 664.536883639964 664.536883639964
0.169402985074627 695.655999597359 695.655999597359
0.170895522388059 725.365946851587 725.365946851587
0.172388059701492 753.603844874343 753.603844874343
0.173880597014925 780.30972086559 780.30972086559
0.175373134328358 805.426648721961 805.426648721961
0.176865671641791 828.900881561852 828.900881561852
0.178358208955224 850.68197750358 850.68197750358
0.179850746268656 870.722918406572 870.722918406572
0.181343283582089 888.980221300828 888.980221300828
0.182835820895522 905.414042246116 905.414042246116
0.184328358208955 919.988272379173 919.988272379173
0.185820895522388 932.670625923191 932.670625923191
0.18731343283582 943.432719952931 943.432719952931
0.188805970149253 952.250145725251 952.250145725251
0.190298507462686 959.102531405241 959.102531405241
0.191791044776119 963.973596034619 963.973596034619
0.193283582089552 966.851194611053 966.851194611053
0.194776119402985 967.727354164247 967.727354164247
0.196268656716417 966.598300735913 966.598300735913
0.19776119402985 963.464477190091 963.464477190091
0.199253731343283 958.330551801301 958.330551801301
0.200746268656716 951.205417587138 951.205417587138
0.202238805970149 942.10218237374 942.10218237374
0.203731343283582 931.038149601909 931.038149601909
0.205223880597014 918.034789903373 918.034789903373
0.206716417910447 903.117703495868 903.117703495868
0.20820895522388 886.316573466887 886.316573466887
0.209701492537313 867.66511003639 867.66511003639
0.211194029850746 847.2009859079 847.2009859079
0.212686567164178 824.965762838164 824.965762838164
0.214179104477611 801.004809574461 801.004809574461
0.215671641791044 775.3672113285 775.3672113285
0.217164179104477 748.105670974243 748.105670974243
0.21865671641791 719.276402175699 719.276402175699
0.220149253731343 688.939014668821 688.939014668821
0.221641791044775 657.15639193888 657.15639193888
0.223134328358208 623.994561552652 623.994561552652
0.224626865671641 589.522558419877 589.522558419877
0.226119402985074 553.812281275673 553.812281275673
0.227611940298507 516.938342690041 516.938342690041
0.22910447761194 478.977912925714 478.977912925714
0.230597014925372 440.010557978874 440.010557978874
0.232089552238805 400.118072151322 400.118072151322
0.233582089552238 359.384305514565 359.384305514565
0.235074626865671 317.894986637466 317.894986637466
0.236567164179104 275.737540961608 275.737540961608
0.238059701492536 233.000905216188 233.000905216188
0.239552238805969 189.775338275637 189.775338275637
0.241044776119402 146.152228869704 146.152228869704
0.242537313432835 102.22390056426 102.22390056426
0.244029850746268 58.0834144366895 58.0834144366895
0.245522388059701 13.8243698760368 13.8243698760368
0.247014925373133 -30.4592960581491 -30.4592960581491
0.248507462686566 -74.6735102801426 -74.6735102801426
0.249999999999999 -118.724265884814 -118.724265884814
0.251492537313432 -162.517824474957 -162.517824474957
0.252985074626865 -205.960918165718 -205.960918165718
0.254477611940298 -248.960950823848 -248.960950823848
0.255970149253731 -291.426198099917 -291.426198099917
0.257462686567163 -333.266005814554 -333.266005814554
0.258955223880596 -374.390986262358 -374.390986262358
0.260447761194029 -414.713212001957 -414.713212001957
0.261940298507462 -454.146406704814 -454.146406704814
0.263432835820895 -492.606132642706 -492.606132642706
0.264925373134328 -530.009974399415 -530.009974399415
0.26641791044776 -566.277718401531 -566.277718401531
0.267910447761193 -601.33152787046 -601.33152787046
0.269402985074626 -635.096112808944 -635.096112808944
0.270895522388059 -667.498894644812 -667.498894644812
0.272388059701492 -698.470165166652 -698.470165166652
0.273880597014925 -727.943239398202 -727.943239398202
0.275373134328358 -755.854602071096 -755.854602071096
0.27686567164179 -782.144047369326 -782.144047369326
0.278358208955223 -806.754811633576 -806.754811633576
0.279850746268656 -829.633698728148 -829.633698728148
0.281343283582089 -850.731197789945 -850.731197789945
0.282835820895522 -870.001593094346 -870.001593094346
0.284328358208955 -887.40306579082 -887.40306579082
0.285820895522388 -902.897787278123 -902.897787278123
0.28731343283582 -916.452004007401 -916.452004007401
0.288805970149253 -928.036113519813 -928.036113519813
0.290298507462686 -937.624731544905 -937.624731544905
0.291791044776119 -945.19675000471 -945.19675000471
0.293283582089552 -950.735385788799 -950.735385788799
0.294776119402985 -954.228220185729 -954.228220185729
0.296268656716417 -955.667228875895 -955.667228875895
0.29776119402985 -955.048802412948 -955.048802412948
0.299497561696468 -380.022271321162 -380.022271321162
0.30147775971627 -236.421874790858 -59.1054686977146
0.303457957736072 -234.879117000655 -58.7197792501638
0.305438155755874 -233.356363036841 -58.3390907592102
0.307418353775676 -231.853226342753 -57.9633065856882
0.309398551795478 -230.36933025784 -57.5923325644599
0.31137874981528 -228.904307702927 -57.2260769257317
0.313358947835082 -227.457800877543 -56.8644502193859
0.315339145854884 -226.02946096857 -56.5073652421425
0.317319343874686 -224.618947869811 -56.1547369674527
0.319299541894488 -223.225929911986 -55.8064824779966
0.32127973991429 -221.850083602786 -55.4625209006965
0.323259937934092 -220.491093376381 -55.1227733440952
0.325240135953894 -219.148651352106 -54.7871628380266
0.327220333973695 -217.822457101946 -54.4556142754865
0.329200531993497 -216.512217426422 -54.1280543566054
0.331180730013299 -215.217646138427 -53.8044115346067
0.333160928033101 -213.938463854861 -53.4846159637153
0.335141126052903 -212.674397795678 -53.1685994489195
0.337121324072705 -211.4251815898 -52.85629539745
0.339101522092507 -210.190555088162 -52.5476387720404
0.341081720112309 -208.970264183001 -52.2425660457503
0.343061918132111 -207.764060633561 -51.9410151583904
0.345042116151913 -206.571701897628 -51.6429254744069
0.347022314171715 -205.392950969124 -51.3482377422809
0.349002512191517 -204.227576220847 -51.0568940552118
0.350982710211319 -203.075351252901 -50.7688378132253
0.352962908231121 -201.936054745966 -50.4840136864915
0.354943106250923 -200.809470319647 -50.2023675799117
0.356923304270725 -199.695386395377 -49.9238465988442
0.358903502290527 -198.593596064052 -49.6483990160131
0.360883700310329 -197.503896957848 -49.375974239462
0.362863898330131 -196.426091126349 -49.1065227815873
0.364844096349933 -195.359984916677 -48.8399962291694
0.366824294369735 -194.305388857403 -48.5763472143507
0.368804492389537 -193.262117546491 -48.3155293866226
0.370784690409339 -192.229989542377 -48.0574973855941
0.372764888429141 -191.208827258975 -47.8022068147438
0.374745086448943 -190.198456863745 -47.5496142159363
0.376725284468745 -189.198708179012 -47.299677044753
0.378705482488547 -188.209414586478 -47.0523536466196
0.380685680508349 -187.230412934561 -46.8076032336402
0.382665878528151 -186.261543448843 -46.5653858622108
0.384646076547953 -185.302649644937 -46.3256624112343
0.386626274567755 -184.353578244391 -46.0883945610977
0.388606472587557 -183.414179092976 -45.8535447732439
0.390586670607359 -182.484305081444 -45.6210762703611
0.392566868627161 -181.563812068814 -45.3909530172035
0.394547066646963 -180.652558807746 -45.1631397019364
0.396527264666765 -179.75040687242 -44.9376017181049
0.398507462686567 -178.857220588408 -44.714305147102
0.400487660706369 -177.972866964612 -44.4932167411531
0.402467858726171 -177.097215627254 -44.2743039068136
0.404448056745973 -176.230138755818 -44.0575346889546
0.406428254765775 -175.371511020919 -43.8428777552297
0.408408452785577 -174.521209523757 -43.6303023809393
0.410388650805379 -173.679113737635 -43.4197784344089
0.412368848825181 -172.845105450931 -43.2112763627327
0.414349046844983 -172.019068711709 -43.0047671779272
0.416329244864785 -171.200889774155 -42.8002224435389
0.418309442884587 -170.390457046207 -42.5976142615517
0.420289640904389 -169.587661038895 -42.3969152597237
0.422269838924191 -168.792394316974 -42.1980985792435
0.424250036943993 -168.004551451011 -42.0011378627526
0.426230234963795 -167.22402897088 -41.8060072427201
0.428210432983597 -166.450725320326 -41.6126813300814
0.430190631003399 -165.684540812993 -41.4211352032483
0.432170829023201 -164.925377589576 -41.231344397394
0.434151027043003 -164.173139576131 -41.0432848940328
0.436131225062804 -163.427732443578 -40.8569331108946
0.438111423082606 -162.689063568226 -40.6722658920565
0.440091621102408 -161.957041993466 -40.4892604983666
0.44207181912221 -161.23157839234 -40.3078945980851
0.444052017142012 -160.512585031341 -40.1281462578353
0.446032215161814 -159.799975734919 -39.9499939337296
0.448012413181616 -159.093665851075 -39.7734164627687
0.449992611201418 -158.393572217894 -39.5983930544736
0.45197280922122 -157.699613130861 -39.4249032827151
0.453953007241022 -157.011708311051 -39.2529270777629
0.455933205260824 -156.329778874251 -39.0824447185627
0.457913403280626 -155.653747300721 -38.9134368251802
0.459893601300428 -154.983537405837 -38.7458843514593
0.46187379932023 -154.31907431154 -38.579768577885
0.463853997340032 -153.66028441833 -38.4150711045826
0.465834195359834 -153.007095378217 -38.2517738445542
0.467814393379636 -152.35943606809 -38.0898590170225
0.469794591399438 -151.71723656403 -37.9293091410076
0.47177478941924 -151.080428116119 -37.7701070290297
0.473754987439042 -150.44894312385 -37.6122357809626
0.475735185458844 -149.822715112207 -37.4556787780519
0.477715383478646 -149.201678708409 -37.3004196771022
0.479695581498448 -148.585769619145 -37.1464424047862
0.48167577951825 -147.974924608259 -36.9937311520648
0.483655977538052 -147.36908147532 -36.84227036883
0.485636175557854 -146.768179034362 -36.6920447585905
0.487616373577656 -146.172157093248 -36.5430392733121
0.489596571597458 -145.58095643372 -36.39523910843
0.49157676961726 -144.994518791702 -36.2486296979254
0.493556967637062 -144.4127868381 -36.103196709525
0.495537165656864 -143.835704160229 -35.9589260400572
