0.0142857142857143 -13016.5121735267 -9624.88576211481 -9624.88576211481
0.0285714285714286 -23454.9444740409 -19690.1743999739 -19690.1743999739
0.0428571428571429 -29247.8373654547 -25831.738524071 -25831.738524071
0.0571428571428571 -29247.8373654547 -26592.9724832844 -26592.9724832844
0.0714285714285714 -23454.9444740409 -21818.7200070974 -21818.7200070974
0.0857142857142857 -13016.5121735267 -12499.6844288906 -12499.6844288906
0.1 9.64885723403475e-012 -542.817995443264 -542.817995443264
0.114285714285714 13016.5121735268 11619.8017627707 11619.8017627707
0.128571428571429 23454.9444740409 21520.678001078 21520.678001078
0.142857142857143 29247.8373654547 27150.8353007434 27150.8353007434
0.157142857142857 29247.8373654547 27360.733901093 27360.733901093
0.171428571428571 23454.9444740409 22088.9480262514 22088.9480262514
0.185714285714286 13016.5121735267 12373.5408178686 12373.5408178686
0.2 -4.59430670590733e-011 144.229170202269 144.229170202269
0.214285714285714 -13016.5121735268 -12163.0383762908 -12163.0383762908
0.228571428571429 -23454.9444740409 -22092.2313105031 -22092.2313105031
0.242857142857143 -29247.8373654547 -27657.3067178607 -27657.3067178607
0.257142857142857 -29247.8373654547 -27738.6811483196 -27738.6811483196
0.271428571428571 -23454.9444740409 -22307.2444305924 -22307.2444305924
0.285714285714286 -13016.5121735267 36419.6990856516 36419.6990856516
0.301428571428571 0 488.646279484784 -37682.3377774276
0.32 0 -18.0347741220359 -72.1390964881436
0.34 0 -15.083877084 -60.3355083359999
0.36 0 -12.7432754673384 -50.9731018693538
0.38 0 -10.8629929601571 -43.4519718406284
0.4 0 -9.3351977117271 -37.3407908469084
0.42 0 -8.0810067757184 -32.3240271028736
0.44 0 -7.04180923904968 -28.1672369561987
0.46 0 -6.17343901627289 -24.6937560650915
0.48 0 -5.44218612803227 -21.7687445121291
