0 220.056986424574
0.0142857142857143 220.056986424574
0.0285714285714286 220.056918397363
0.0428571428571429 220.056755132057
0.0571428571428571 220.056492741386
0.0714285714285714 220.056129929595
0.0857142857142857 220.055666107702
0.1 220.055100958566
0.114285714285714 220.054434291899
0.128571428571429 220.053665984576
0.142857142857143 220.052795952353
0.157142857142857 220.051824135054
0.171428571428571 220.050750488204
0.185714285714286 220.049574978
0.2 220.048297578151
0.214285714285714 220.046918267806
0.228571428571429 220.04543703015
0.242857142857143 220.043853851424
0.257142857142857 220.042168720229
0.271428571428571 220.040381627013
0.285714285714286 220.038492563695
0.3 220.036501523377
0.309090909090909 220.035181500116
0.318181818181818 220.033819489268
0.327272727272727 220.032415528312
0.336363636363636 220.030969651648
0.345454545454546 220.029481890924
0.354545454545455 220.027952275321
0.363636363636364 220.026380831805
0.372727272727273 220.024767585343
0.381818181818182 220.023112559098
0.390909090909091 220.021415774599
0.4 220.019677251889
0.409090909090909 220.017897009659
0.418181818181818 220.01607506537
0.427272727272727 220.014211435353
0.436363636363636 220.012306134912
0.445454545454546 220.010359178401
0.454545454545455 220.008370579305
0.463636363636364 220.006340350307
0.472727272727273 220.004268503355
0.481818181818182 220.002155049708
0.490909090909091 220
