0.0136363636363636 1 0.500000000082916 0.500000000082916
0.0272727272727273 1 0.749999999933317 0.749999999933317
0.0409090909090909 1 0.833333333420577 0.833333333420577
0.0545454545454545 1 0.875000000508111 0.875000000508111
0.0681818181818182 1 0.90000000008811 0.90000000008811
0.0818181818181818 1 0.916666666474776 0.916666666474776
0.0954545454545455 1 0.928571428605322 0.928571428605322
0.109090909090909 1 0.937500000040832 0.937500000040832
0.122727272727273 1 0.944444444414251 0.944444444414251
0.136363636363636 1 0.950000000004695 0.950000000004695
0.15 1 0.954545454578691 0.954545454578691
0.163636363636364 1 0.958333333218408 0.958333333218408
0.177272727272727 1 0.961538461509795 0.961538461509795
0.190909090909091 1 0.964285714314613 0.964285714314613
0.204545454545455 1 0.966666666643554 0.966666666643554
0.218181818181818 1 0.968750000017357 0.968750000017357
0.231818181818182 1 0.970588235239288 0.970588235239288
0.245454545454546 1 0.972222222230602 0.972222222230602
0.259090909090909 1 0.973684210506782 0.973684210506782
0.272727272727273 1 0.97499999993624 0.97499999993624
0.285227272727273 1 0.975298805236365 0.975298805236365
0.295454545454545 1 0.984615384087329 0.984615384087329
0.304545454545455 1 0.985074626905843 0.985074626905843
0.313636363636364 1 0.985507246453846 0.985507246453846
0.322727272727273 1 0.985915493011455 0.985915493011455
0.331818181818182 1 0.986301369762754 0.986301369762754
0.340909090909091 1 0.986666666732469 0.986666666732469
0.35 1 0.987012987263009 0.987012987263009
0.359090909090909 1 0.987341772115385 0.987341772115385
0.368181818181818 1 0.987654320975945 0.987654320975945
0.377272727272727 1 0.98795180696736 0.98795180696736
0.386363636363636 1 0.988235294095411 0.988235294095411
0.395454545454546 1 0.988505747198132 0.988505747198132
0.404545454545455 1 0.988764044618334 0.988764044618334
0.413636363636364 1 0.989010989190119 0.989010989190119
0.422727272727273 1 0.989247311779988 0.989247311779988
0.431818181818182 1 0.989473684292562 0.989473684292562
0.440909090909091 1 0.989690721735606 0.989690721735606
0.45 1 0.98989898994041 0.98989898994041
0.459090909090909 1 0.990099009736029 0.990099009736029
0.468181818181818 1 0.990291262360246 0.990291262360246
