0.000566037735849057 -0 -0
0.00169811320754717 0.00037735847466062 0.00037735847466062
0.00283018867924528 0.000905660359270162 0.000905660359270162
0.0039622641509434 0.00145552560250432 0.00145552560250432
0.00509433962264151 0.00201257862357807 0.00201257862357807
0.00622641509433962 0.00257289879357359 0.00257289879357359
0.00735849056603774 0.00313497825554047 0.00313497825554047
0.00849056603773585 0.00369811326758433 0.00369811326758433
0.00962264150943396 0.00426193125899014 0.00426193125899014
0.0107547169811321 0.00482621654545786 0.00482621654545786
0.0118867924528302 0.00539083561411265 0.00539083561411265
0.0130188679245283 0.00595570144810154 0.00595570144810154
0.0141509433962264 0.00652075474742257 0.00652075474742257
0.0152830188679245 0.00708595393679919 0.00708595393679919
0.0164150943396226 0.00765126871347851 0.00765126871347851
0.0175471698113208 0.00821667685878917 0.00821667685878917
0.0186792452830189 0.00878216127565186 0.00878216127565186
0.019811320754717 0.0093477089843456 0.0093477089843456
0.0209433962264151 0.00991330961615707 0.00991330961615707
0.0220754716981132 0.0104789550870047 0.0104789550870047
0.0232075471698113 0.0110446387940518 0.0110446387940518
0.0243396226415094 0.011610355490177 0.011610355490177
0.0254716981132076 0.0121761006563285 0.0121761006563285
0.0266037735849057 0.0127418707776883 0.0127418707776883
0.0277358490566038 0.0133076627160259 0.0133076627160259
0.0288679245283019 0.0138734740109688 0.0138734740109688
0.03 0.0144393023276734 0.0144393023276734
0.0311320754716981 0.015005145883625 0.015005145883625
0.0322641509433962 0.0155710030720494 0.0155710030720494
0.0333962264150943 0.0161368725121254 0.0161368725121254
0.0345283018867925 0.0167027529485608 0.0167027529485608
0.0356603773584906 0.0172686434273335 0.0172686434273335
0.0367924528301887 0.0178345429442099 0.0178345429442099
0.0379245283018868 0.0184004506455911 0.0184004506455911
0.0390566037735849 0.0189663659540429 0.0189663659540429
0.040188679245283 0.0195322881917074 0.0195322881917074
0.0413207547169812 0.0200982167058328 0.0200982167058328
0.0424528301886793 0.0206641510696196 0.0206641510696196
0.0435849056603774 0.021230090806057 0.021230090806057
0.0447169811320755 0.0217960354883454 0.0217960354883454
0.0458490566037736 0.0223619847650032 0.0223619847650032
0.0469811320754717 0.0229279382845486 0.0229279382845486
0.0481132075471698 0.023493895795923 0.023493895795923
0.0492452830188679 0.0240598569727505 0.0240598569727505
0.0503773584905661 0.0246258215890786 0.0246258215890786
0.0515094339622642 0.0251917894189546 0.0251917894189546
0.0526415094339623 0.0257577602866377 0.0257577602866377
0.0537735849056604 0.0263237339661752 0.0263237339661752
0.0549056603773585 0.0268897102567204 0.0268897102567204
0.0560377358490566 0.02745568905785 0.02745568905785
0.0571698113207548 0.0280216701687171 0.0280216701687171
0.0583018867924529 0.0285876534888985 0.0285876534888985
0.059433962264151 0.0291536389179707 0.0291536389179707
0.0605660377358491 0.0297196262801928 0.0297196262801928
0.0616981132075472 0.0302856154751415 0.0302856154751415
0.0628301886792453 0.0308516064274992 0.0308516064274992
0.0639622641509434 0.0314175989866309 0.0314175989866309
0.0650943396226415 0.0319835931776424 0.0319835931776424
0.0662264150943396 0.0325495889001104 0.0325495889001104
0.0673584905660378 0.0331155859782939 0.0331155859782939
0.0684905660377359 0.0336815844121929 0.0336815844121929
0.069622641509434 0.03424758412649 0.03424758412649
0.0707547169811321 0.0348135850458675 0.0348135850458675
0.0718867924528302 0.0353795871452197 0.0353795871452197
0.0730188679245283 0.0359455903743348 0.0359455903743348
0.0741509433962264 0.0365115946830012 0.0365115946830012
0.0752830188679245 0.0370775999205838 0.0370775999205838
0.0764150943396226 0.0376436061121884 0.0376436061121884
0.0775471698113207 0.0382096132076034 0.0382096132076034
0.0786792452830188 0.0387756212068287 0.0387756212068287
0.0798113207547169 0.0393416300596527 0.0393416300596527
0.080943396226415 0.0399076397911813 0.0399076397911813
0.0820754716981131 0.0404736502256734 0.0404736502256734
0.0832075471698113 0.0410396614133409 0.0410396614133409
0.0843396226415094 0.0416056733039719 0.0416056733039719
0.0854716981132075 0.0421716858222491 0.0421716858222491
0.0866037735849056 0.0427376990685957 0.0427376990685957
0.0877358490566037 0.0433037129174825 0.0433037129174825
0.0888679245283018 0.0438697274442272 0.0438697274442272
0.0899999999999999 0.0444357424730886 0.0444357424730886
0.091132075471698 0.0450017580793845 0.0450017580793845
0.0922641509433961 0.0455677742631148 0.0455677742631148
0.0933962264150942 0.0461337909740678 0.0461337909740678
0.0945283018867923 0.0466998081369259 0.0466998081369259
0.0956603773584904 0.0472658258270068 0.0472658258270068
0.0967924528301885 0.047831843943887 0.047831843943887
0.0979245283018867 0.0483978625126724 0.0483978625126724
0.0990566037735848 0.0489638815584688 0.0489638815584688
0.100188679245283 0.0495299010561704 0.0495299010561704
0.101320754716981 0.0500959209304597 0.0500959209304597
0.102452830188679 0.0506619411813366 0.0506619411813366
0.103584905660377 0.0512279618088011 0.0512279618088011
0.104716981132075 0.0517939828128533 0.0517939828128533
0.105849056603773 0.0523600041683873 0.0523600041683873
0.106981132075472 0.0529260258754031 0.0529260258754031
0.10811320754717 0.0534920479339007 0.0534920479339007
0.109245283018868 0.0540580702936685 0.0540580702936685
0.110377358490566 0.0546240929547063 0.0546240929547063
0.111509433962264 0.055190115967226 0.055190115967226
0.112641509433962 0.0557561392810157 0.0557561392810157
0.11377358490566 0.0563221628960756 0.0563221628960756
0.114905660377358 0.0568881867872998 0.0568881867872998
0.116037735849056 0.0574542108793707 0.0574542108793707
0.117169811320754 0.0580202352476059 0.0580202352476059
0.118301886792453 0.0585862598920054 0.0585862598920054
0.119433962264151 0.0591522848125692 0.0591522848125692
0.120566037735849 0.0597183099590855 0.0597183099590855
0.121698113207547 0.0602843353064486 0.0602843353064486
0.122830188679245 0.0608503609048701 0.0608503609048701
0.123962264150943 0.0614163867292442 0.0614163867292442
0.125094339622641 0.0619824127544651 0.0619824127544651
0.126226415094339 0.0625484390056386 0.0625484390056386
0.127358490566037 0.0631144654576588 0.0631144654576588
0.128490566037736 0.0636804921356315 0.0636804921356315
0.129622641509434 0.0642465189893452 0.0642465189893452
0.130754716981132 0.0648125460439057 0.0648125460439057
0.13188679245283 0.065378573274207 0.065378573274207
0.133018867924528 0.0659446006300376 0.0659446006300376
0.134150943396226 0.0665106282369266 0.0665106282369266
0.135283018867924 0.0670766559693448 0.0670766559693448
0.136415094339622 0.0676426839026097 0.0676426839026097
0.13754716981132 0.0682087120116156 0.0682087120116156
0.138679245283019 0.0687747402210448 0.0687747402210448
0.139811320754717 0.0693407685811091 0.0693407685811091
0.140943396226415 0.0699067971420201 0.0699067971420201
0.142075471698113 0.0704728258033545 0.0704728258033545
0.143207547169811 0.0710388546404298 0.0710388546404298
0.144339622641509 0.0716048836281402 0.0716048836281402
0.145471698113207 0.0721709127413798 0.0721709127413798
0.146603773584905 0.0727369419801486 0.0727369419801486
0.147735849056603 0.0733029713193408 0.0733029713193408
0.148867924528301 0.0738690007589563 0.0738690007589563
0.15 0.0744350303743128 0.0744350303743128
0.151132075471698 0.0750010601151985 0.0750010601151985
0.152264150943396 0.0755670899565075 0.0755670899565075
0.153396226415094 0.0761331199484516 0.0761331199484516
0.154528301886792 0.0766991500157133 0.0766991500157133
0.15566037735849 0.0772651802085041 0.0772651802085041
0.156792452830188 0.0778312105770359 0.0778312105770359
0.157924528301886 0.0783972409706735 0.0783972409706735
0.159056603773584 0.0789632714396286 0.0789632714396286
0.160188679245283 0.0795293020843246 0.0795293020843246
0.161320754716981 0.0800953328043382 0.0800953328043382
0.162452830188679 0.0806613635996693 0.0806613635996693
0.163584905660377 0.0812273944954237 0.0812273944954237
0.164716981132075 0.0817934255167074 0.0817934255167074
0.165849056603773 0.0823594566635203 0.0823594566635203
0.166981132075471 0.0829254878103332 0.0829254878103332
0.168113207547169 0.0834915190826753 0.0834915190826753
0.169245283018867 0.084057550430335 0.084057550430335
0.170377358490566 0.0846235819286297 0.0846235819286297
0.171509433962264 0.0851896134520302 0.0851896134520302
0.172641509433962 0.0857556450256425 0.0857556450256425
0.17377358490566 0.0863216767247839 0.0863216767247839
0.174905660377358 0.0868877085243488 0.0868877085243488
0.176037735849056 0.0874537403490194 0.0874537403490194
0.177169811320754 0.0880197722741135 0.0880197722741135
0.178301886792452 0.088585804274525 0.088585804274525
0.17943396226415 0.0891518363251483 0.0891518363251483
0.180566037735849 0.0897178685264066 0.0897178685264066
0.181698113207547 0.0902839007276649 0.0902839007276649
0.182830188679245 0.0908499329791349 0.0908499329791349
0.183962264150943 0.0914159653310283 0.0914159653310283
0.185094339622641 0.0919819977331334 0.0919819977331334
0.186226415094339 0.092548030210556 0.092548030210556
0.187358490566037 0.0931140627130844 0.0931140627130844
0.188490566037735 0.0936800953160362 0.0936800953160362
0.189622641509433 0.0942461280194114 0.0942461280194114
0.190754716981131 0.0948121607478924 0.0948121607478924
0.19188679245283 0.0953781935265852 0.0953781935265852
0.193018867924528 0.0959442263554896 0.0959442263554896
0.194150943396226 0.0965102592346057 0.0965102592346057
0.195283018867924 0.0970762921890393 0.0970762921890393
0.196415094339622 0.0976423251936846 0.0976423251936846
0.19754716981132 0.0982083582234357 0.0982083582234357
0.198679245283018 0.0987743913536102 0.0987743913536102
0.199811320754716 0.0993404245088906 0.0993404245088906
0.200943396226414 0.0999064577394885 0.0999064577394885
0.202075471698113 0.100472491020298 0.100472491020298
0.203207547169811 0.101038524326214 0.101038524326214
0.204339622641509 0.101604557707446 0.101604557707446
0.205471698113207 0.102170591163997 0.102170591163997
0.206603773584905 0.102736624620547 0.102736624620547
0.207735849056603 0.103302658152415 0.103302658152415
0.208867924528301 0.103868691709389 0.103868691709389
0.209999999999999 0.104434725291469 0.104434725291469
0.211132075471697 0.105000758898655 0.105000758898655
0.212264150943396 0.105566792556052 0.105566792556052
0.213396226415094 0.106132826288767 0.106132826288767
0.214528301886792 0.106698860071693 0.106698860071693
0.21566037735849 0.107264893879725 0.107264893879725
0.216792452830188 0.107830927788181 0.107830927788181
0.217924528301886 0.108396961646425 0.108396961646425
0.219056603773584 0.108962995605092 0.108962995605092
0.220188679245282 0.10952902956376 0.10952902956376
0.22132075471698 0.110095063547533 0.110095063547533
0.222452830188678 0.110661097606624 0.110661097606624
0.223584905660377 0.111227131715926 0.111227131715926
0.224716981132075 0.111793165825228 0.111793165825228
0.225849056603773 0.112359199984742 0.112359199984742
0.226981132075471 0.11292523424468 0.11292523424468
0.228113207547169 0.113491268454406 0.113491268454406
0.229245283018867 0.114057302764555 0.114057302764555
0.230377358490565 0.114623337074704 0.114623337074704
0.231509433962263 0.115189371409959 0.115189371409959
0.232641509433961 0.11575540577032 0.11575540577032
0.23377358490566 0.116321440155787 0.116321440155787
0.234905660377358 0.116887474541253 0.116887474541253
0.236037735849056 0.117453508976932 0.117453508976932
0.237169811320754 0.118019543437716 0.118019543437716
0.238301886792452 0.118585577998923 0.118585577998923
0.23943396226415 0.119151612585237 0.119151612585237
0.240566037735848 0.11971764717155 0.11971764717155
0.241698113207546 0.12028368178297 0.12028368178297
0.242830188679244 0.120849716419495 0.120849716419495
0.243962264150943 0.121415751081126 0.121415751081126
0.245094339622641 0.121981785742757 0.121981785742757
0.246226415094339 0.122547820429493 0.122547820429493
0.247358490566037 0.123113855191548 0.123113855191548
0.248490566037735 0.123679890003814 0.123679890003814
0.249622641509433 0.12424592481608 0.12424592481608
0.250754716981131 0.124811959678558 0.124811959678558
0.251886792452829 0.125377994490824 0.125377994490824
0.253018867924527 0.125944029428619 0.125944029428619
0.254150943396226 0.126510064366414 0.126510064366414
0.255283018867924 0.127076099304209 0.127076099304209
0.256415094339622 0.127642134292216 0.127642134292216
0.25754716981132 0.128208169305329 0.128208169305329
0.258679245283018 0.128774204318442 0.128774204318442
0.259811320754716 0.12934023935666 0.12934023935666
0.260943396226414 0.129906274394879 0.129906274394879
0.262075471698113 0.130472309508415 0.130472309508415
0.263207547169811 0.131038344621951 0.131038344621951
0.264339622641509 0.131604379735487 0.131604379735487
0.265471698113207 0.132170414874129 0.132170414874129
0.266603773584905 0.132736450062983 0.132736450062983
0.267735849056603 0.133302485276943 0.133302485276943
0.268867924528301 0.133868520490902 0.133868520490902
0.269999999999999 0.134434555755073 0.134434555755073
0.271132075471698 0.135000591019245 0.135000591019245
0.272264150943396 0.13556662625831 0.13556662625831
0.273396226415094 0.136132661597799 0.136132661597799
0.274528301886792 0.136698696937287 0.136698696937287
0.27566037735849 0.13726473225167 0.13726473225167
0.276792452830188 0.137830767641371 0.137830767641371
0.277924528301886 0.138396803005965 0.138396803005965
0.279056603773585 0.138962838420772 0.138962838420772
0.280188679245283 0.139528873835578 0.139528873835578
0.281320754716981 0.140094909300596 0.140094909300596
0.282452830188679 0.140660944765614 0.140660944765614
0.283584905660377 0.141226980255738 0.141226980255738
0.284716981132075 0.141793015745861 0.141793015745861
0.285849056603773 0.142359051286197 0.142359051286197
0.286981132075471 0.142925086826532 0.142925086826532
0.28811320754717 0.143491122341762 0.143491122341762
0.289245283018868 0.144057157932309 0.144057157932309
0.290377358490566 0.14462319349775 0.14462319349775
0.291509433962264 0.145189229063192 0.145189229063192
0.292641509433962 0.145755264653739 0.145755264653739
0.29377358490566 0.146321300294498 0.146321300294498
0.294905660377358 0.146887335985468 0.146887335985468
0.296037735849057 0.147453371576015 0.147453371576015
0.297169811320755 0.148019407266986 0.148019407266986
0.298301886792453 0.148585442932851 0.148585442932851
0.299245283018868 0.149057079849513 0.149057079849513
0.3 0.14943491178272 0.14943491178272
0.300754716981132 0.149812741381083 0.149812741381083
0.301509433962264 0.150190568682262 0.150190568682262
0.302264150943396 0.150568393535622 0.150568393535622
0.303018867924528 0.150946216054137 0.150946216054137
0.30377358490566 0.151324036350786 0.151324036350786
0.304528301886792 0.151701854312591 0.151701854312591
0.305283018867924 0.152079669939553 0.152079669939553
0.306037735849056 0.152457483419965 0.152457483419965
0.306792452830188 0.152835294603193 0.152835294603193
0.307547169811321 0.153213103639871 0.153213103639871
0.308301886792453 0.153590910341705 0.153590910341705
0.309056603773585 0.153968714934649 0.153968714934649
0.309811320754717 0.154346517343384 0.154346517343384
0.310566037735849 0.154724317567911 0.154724317567911
0.311320754716981 0.155102115683547 0.155102115683547
0.312075471698113 0.155479911577316 0.155479911577316
0.312830188679245 0.155857705437512 0.155857705437512
0.313584905660377 0.156235497226476 0.156235497226476
0.314339622641509 0.156613286906548 0.156613286906548
0.315094339622641 0.156991074553048 0.156991074553048
0.315849056603773 0.157368860128315 0.157368860128315
0.316603773584905 0.157746643670009 0.157746643670009
0.317358490566037 0.15812442517813 0.15812442517813
0.318113207547169 0.158502204727995 0.158502204727995
0.318867924528301 0.158879982244287 0.158879982244287
0.319622641509433 0.159257757764664 0.159257757764664
0.320377358490565 0.159635531326785 0.159635531326785
0.321132075471697 0.160013303005968 0.160013303005968
0.32188679245283 0.160391072689237 0.160391072689237
0.322641509433962 0.160768840451908 0.160768840451908
0.323396226415094 0.161146606256324 0.161146606256324
0.324150943396226 0.161524370253119 0.161524370253119
0.324905660377358 0.161902132291658 0.161902132291658
0.32566037735849 0.162279892484918 0.162279892484918
0.326415094339622 0.162657650832898 0.162657650832898
0.327169811320754 0.163035407335599 0.163035407335599
0.327924528301886 0.163413162030679 0.163413162030679
0.328679245283018 0.163790914880479 0.163790914880479
0.32943396226415 0.164168665922659 0.164168665922659
0.330188679245282 0.164546415232536 0.164546415232536
0.330943396226414 0.164924162659474 0.164924162659474
0.331698113207546 0.165301908316451 0.165301908316451
0.332452830188678 0.165679652316442 0.165679652316442
0.33320754716981 0.166057394471153 0.166057394471153
0.333962264150942 0.16643513493122 0.16643513493122
0.334716981132074 0.166812873696642 0.166812873696642
0.335471698113206 0.167190610729762 0.167190610729762
0.336226415094339 0.167568346068236 0.167568346068236
0.336981132075471 0.167946079712067 0.167946079712067
0.337735849056603 0.168323811623594 0.168323811623594
0.338490566037735 0.168701541915794 0.168701541915794
0.339245283018867 0.169079270588668 0.169079270588668
0.339999999999999 0.169456997604556 0.169456997604556
0.340754716981131 0.169834722925799 0.169834722925799
0.341509433962263 0.170212446740692 0.170212446740692
0.342264150943395 0.170590168898599 0.170590168898599
0.343018867924527 0.17096788939952 0.17096788939952
0.343773584905659 0.171345608356432 0.171345608356432
0.344528301886791 0.171723325731676 0.171723325731676
0.345283018867923 0.172101041525252 0.172101041525252
0.346037735849055 0.17247875573716 0.17247875573716
0.346792452830187 0.172856468442717 0.172856468442717
0.347547169811319 0.173234179641923 0.173234179641923
0.348301886792451 0.173611889259462 0.173611889259462
0.349056603773583 0.173989597332991 0.173989597332991
0.349811320754715 0.174367303900169 0.174367303900169
0.350566037735848 0.174745008998656 0.174745008998656
0.35132075471698 0.17512271262845 0.17512271262845
0.352075471698112 0.175500414676577 0.175500414676577
0.352830188679244 0.175878115406647 0.175878115406647
0.353584905660376 0.176255814592707 0.176255814592707
0.354339622641508 0.176633512310076 0.176633512310076
0.35509433962264 0.17701120863407 0.17701120863407
0.355849056603772 0.177388903527031 0.177388903527031
0.356603773584904 0.177766596951301 0.177766596951301
0.357358490566036 0.178144289019855 0.178144289019855
0.358113207547168 0.178521979657376 0.178521979657376
0.3588679245283 0.178899668939181 0.178899668939181
0.359622641509432 0.179277356789953 0.179277356789953
0.360377358490564 0.179655043209692 0.179655043209692
0.361132075471696 0.180032728273716 0.180032728273716
0.361886792452828 0.180410412019683 0.180410412019683
0.36264150943396 0.180788094409934 0.180788094409934
0.363396226415092 0.18116577544447 0.18116577544447
0.364150943396225 0.181543455160948 0.181543455160948
0.364905660377357 0.181921133559371 0.181921133559371
0.365660377358489 0.182298810564419 0.182298810564419
0.366415094339621 0.182676486326727 0.182676486326727
0.367169811320753 0.183054160770979 0.183054160770979
0.367924528301885 0.183431833859515 0.183431833859515
0.368679245283017 0.183809505742971 0.183809505742971
0.369433962264149 0.18418717630837 0.18418717630837
0.370188679245281 0.184564845555712 0.184564845555712
0.370943396226413 0.184942513635633 0.184942513635633
0.371698113207545 0.185320180472814 0.185320180472814
0.372452830188677 0.18569784595428 0.18569784595428
0.373207547169809 0.186075510268324 0.186075510268324
0.373962264150941 0.18645317330197 0.18645317330197
0.374716981132073 0.186830835168195 0.186830835168195
0.375471698113205 0.187208495754021 0.187208495754021
0.376226415094337 0.187586155210084 0.187586155210084
0.376981132075469 0.18796381338575 0.18796381338575
0.377735849056601 0.188341470393993 0.188341470393993
0.378490566037734 0.188719126197157 0.188719126197157
0.379245283018866 0.189096780832898 0.189096780832898
0.379999999999998 0.189474434263559 0.189474434263559
0.38075471698113 0.18985208648914 0.18985208648914
0.381509433962262 0.190229737622616 0.190229737622616
0.382264150943394 0.19060738758867 0.19060738758867
0.383018867924526 0.190985036387303 0.190985036387303
0.383773584905658 0.191362684056173 0.191362684056173
0.38452830188679 0.19174033059528 0.19174033059528
0.385283018867922 0.192117976042283 0.192117976042283
0.386037735849054 0.192495620321864 0.192495620321864
0.386792452830186 0.192873263471682 0.192873263471682
0.387547169811318 0.193250905491737 0.193250905491737
0.38830188679245 0.193628546495006 0.193628546495006
0.389056603773582 0.194006186368512 0.194006186368512
0.389811320754714 0.194383825112254 0.194383825112254
0.390566037735846 0.194761462801551 0.194761462801551
0.391320754716978 0.195139099323427 0.195139099323427
0.39207547169811 0.195516734790857 0.195516734790857
0.392830188679243 0.1958943692415 0.1958943692415
0.393584905660375 0.19627200260004 0.19627200260004
0.394339622641507 0.196649634941792 0.196649634941792
0.395094339622639 0.197027266229099 0.197027266229099
0.395849056603771 0.197404896574938 0.197404896574938
0.396603773584903 0.197782525791013 0.197782525791013
0.397358490566035 0.19816015402796 0.19816015402796
0.398113207547167 0.198537781135144 0.198537781135144
0.398867924528299 0.198915407300859 0.198915407300859
0.399622641509431 0.199293032412129 0.199293032412129
0.400377358490563 0.199670656657247 0.199670656657247
0.401132075471695 0.200048279810261 0.200048279810261
0.401886792452827 0.200425901946488 0.200425901946488
0.402641509433959 0.200803523103588 0.200803523103588
0.403396226415091 0.201181143281559 0.201181143281559
0.404150943396223 0.201558762480403 0.201558762480403
0.404905660377355 0.20193638066246 0.20193638066246
0.405660377358487 0.202313997903047 0.202313997903047
0.406415094339619 0.202691614239825 0.202691614239825
0.407169811320752 0.203069229635133 0.203069229635133
0.407924528301884 0.203446843938337 0.203446843938337
0.408679245283016 0.203824457488366 0.203824457488366
0.409433962264148 0.20420206998395 0.20420206998395
0.41018867924528 0.204579681500405 0.204579681500405
0.410943396226412 0.204957292075392 0.204957292075392
0.411698113207544 0.205334901859544 0.205334901859544
0.412452830188676 0.205712510739886 0.205712510739886
0.413207547169808 0.2060901186411 0.2060901186411
0.41396226415094 0.206467725638504 0.206467725638504
0.414716981132072 0.206845331694439 0.206845331694439
0.415471698113204 0.207222936884222 0.207222936884222
0.416226415094336 0.207600541094877 0.207600541094877
0.416981132075468 0.207978144477039 0.207978144477039
0.4177358490566 0.20835574699305 0.20835574699305
0.418490566037732 0.20873334860525 0.20873334860525
0.419245283018864 0.209110949426616 0.209110949426616
0.419999999999996 0.209488549306513 0.209488549306513
0.420754716981128 0.209866148320259 0.209866148320259
0.421509433962261 0.210243746430194 0.210243746430194
0.422264150943393 0.210621343711637 0.210621343711637
0.423018867924525 0.210998940164586 0.210998940164586
0.423773584905657 0.211376535826702 0.211376535826702
0.424528301886789 0.211754130547348 0.211754130547348
0.425283018867921 0.21213172447716 0.21213172447716
0.426037735849053 0.21250931757848 0.21250931757848
0.426792452830185 0.212886909813648 0.212886909813648
0.427547169811317 0.213264501220323 0.213264501220323
0.428301886792449 0.213642091798505 0.213642091798505
0.429056603773581 0.214019681585853 0.214019681585853
0.429811320754713 0.214397270544708 0.214397270544708
0.430566037735845 0.214774858788047 0.214774858788047
0.431320754716977 0.215152446165234 0.215152446165234
0.432075471698109 0.215530032713929 0.215530032713929
0.432830188679241 0.215907618396471 0.215907618396471
0.433584905660373 0.216285203401156 0.216285203401156
0.434339622641505 0.216662787577349 0.216662787577349
0.435094339622637 0.217040371075683 0.217040371075683
0.43584905660377 0.217417953745525 0.217417953745525
0.436603773584902 0.217795535586873 0.217795535586873
0.437358490566034 0.218173116712705 0.218173116712705
0.438113207547166 0.218550697047704 0.218550697047704
0.438867924528298 0.218928276629526 0.218928276629526
0.43962264150943 0.219305855345198 0.219305855345198
0.440377358490562 0.219683433383011 0.219683433383011
0.441132075471694 0.220061010667649 0.220061010667649
0.441886792452826 0.22043858727443 0.22043858727443
0.442641509433958 0.220816163015058 0.220816163015058
0.44339622641509 0.221193738077829 0.221193738077829
0.444150943396222 0.221571312349766 0.221571312349766
0.444905660377354 0.221948885943846 0.221948885943846
0.445660377358486 0.22232645878475 0.22232645878475
0.446415094339618 0.222704030985454 0.222704030985454
0.44716981132075 0.223081602508302 0.223081602508302
0.447924528301882 0.223459173202656 0.223459173202656
0.448679245283014 0.223836743256811 0.223836743256811
0.449433962264147 0.224214312520132 0.224214312520132
0.450188679245279 0.224591881105596 0.224591881105596
0.450943396226411 0.224969448862566 0.224969448862566
0.451698113207543 0.225347016054656 0.225347016054656
0.452452830188675 0.225724582531228 0.225724582531228
0.453207547169807 0.226102148329943 0.226102148329943
0.453962264150939 0.226479713413141 0.226479713413141
0.454716981132071 0.226857277856141 0.226857277856141
0.455471698113203 0.227234841470647 0.227234841470647
0.456226415094335 0.227612404557931 0.227612404557931
0.456981132075467 0.227989966854381 0.227989966854381
0.457735849056599 0.228367528623608 0.228367528623608
0.458490566037731 0.228745089714977 0.228745089714977
0.459245283018863 0.229122650053171 0.229122650053171
0.459999999999995 0.229500209826483 0.229500209826483
0.460754716981127 0.229877768808961 0.229877768808961
0.461509433962259 0.230255327264217 0.230255327264217
0.462264150943391 0.230632884928639 0.230632884928639
0.463018867924523 0.231010442065838 0.231010442065838
0.463773584905656 0.231387998449861 0.231387998449861
0.464528301886788 0.231765554306662 0.231765554306662
0.46528301886792 0.232143109447946 0.232143109447946
0.466037735849052 0.232520663949032 0.232520663949032
0.466792452830184 0.232898217809918 0.232898217809918
0.467547169811316 0.233275771030605 0.233275771030605
0.468301886792448 0.233653323648753 0.233653323648753
0.46905660377358 0.234030875626701 0.234030875626701
0.469811320754712 0.234408427002108 0.234408427002108
0.470566037735844 0.234785977774976 0.234785977774976
0.471320754716976 0.235163527982962 0.235163527982962
0.472075471698108 0.235541077513091 0.235541077513091
0.47283018867924 0.23591862640302 0.23591862640302
0.473584905660372 0.236296174615092 0.236296174615092
0.474339622641504 0.236673722375258 0.236673722375258
0.475094339622636 0.237051269457567 0.237051269457567
0.475849056603768 0.237428816012653 0.237428816012653
0.4766037735849 0.237806361889881 0.237806361889881
0.477358490566032 0.238183907239886 0.238183907239886
0.478113207547165 0.238561451912034 0.238561451912034
0.478867924528297 0.2389389960193 0.2389389960193
0.479622641509429 0.239316539599343 0.239316539599343
0.480377358490561 0.239694082576847 0.239694082576847
0.481132075471693 0.240071624989469 0.240071624989469
0.481886792452825 0.240449166761891 0.240449166761891
0.482641509433957 0.24082670804475 0.24082670804475
0.483396226415089 0.241204248762727 0.241204248762727
0.484150943396221 0.241581788915823 0.241581788915823
0.484905660377353 0.241959328466379 0.241959328466379
0.485660377358485 0.242336867339077 0.242336867339077
0.486415094339617 0.242714405835187 0.242714405835187
0.487169811320749 0.24309194365344 0.24309194365344
0.487924528301881 0.243469481057446 0.243469481057446
0.488679245283013 0.243847017783594 0.243847017783594
0.489433962264145 0.244224554020178 0.244224554020178
0.490188679245277 0.244602089578905 0.244602089578905
0.490943396226409 0.244979624685726 0.244979624685726
0.491698113207541 0.245357159302983 0.245357159302983
0.492452830188674 0.245734693317701 0.245734693317701
0.493207547169806 0.246112226805195 0.246112226805195
0.493962264150938 0.246489759765467 0.246489759765467
0.49471698113207 0.246867292236175 0.246867292236175
0.495471698113202 0.247244824142001 0.247244824142001
0.496226415094334 0.247622355482946 0.247622355482946
0.496981132075466 0.247999886296668 0.247999886296668
0.497735849056598 0.248377416583168 0.248377416583168
