0 4 -0
0.00144230769230769 4 -1358.87787247753
0.00288461538461538 4 -2714.96627488913
0.00432692307692308 4 -4065.48146332235
0.00576923076923077 4 -5407.65113441717
0.00721153846153846 4 -6738.72011628012
0.00865384615384615 4 -8055.9560242313
0.0100961538461538 4 -9356.65486977447
0.0115384615384615 4 -10638.1466112761
0.0129807692307692 4 -11897.8006349591
0.0144230769230769 4 -13133.0311549602
0.0158653846153846 4 -14341.3025213659
0.0173076923076923 4 -15520.1344253297
0.01875 4 -16667.1069905881
0.0201923076923077 4 -17779.8657409205
0.0216346153846154 4 -18856.126433359
0.0230769230769231 4 -19893.6797472239
0.0245192307692308 4 -20890.3958193616
0.0259615384615384 4 -21844.2286162736
0.0274038461538461 4 -22753.2201341624
0.0288461538461538 4 -23615.5044182715
0.0302884615384615 4 -24429.3113932708
0.0317307692307692 4 -25192.9704968219
0.0331730769230769 4 -25904.9141088664
0.0346153846153846 4 -26563.6807695963
0.0360576923076923 4 -27167.9181795021
0.0375 4 -27716.3859753386
0.0389423076923077 4 -28207.9582763114
0.0403846153846154 4 -28641.6259952564
0.0418269230769231 4 -29016.4989100681
0.0432692307692308 4 -29331.8074911254
0.0447115384615385 4 -29586.9044809623
0.0461538461538462 4 -29781.2662229416
0.0475961538461539 4 -29914.493736204
0.0490384615384615 4 -29986.313534686
0.0504807692307692 4 -29996.5781885249
0.0519230769230769 4 -29945.2666266995
0.0533653846153846 4 -29832.4841802838
0.0548076923076923 4 -29658.462366226
0.05625 4 -29423.5584120969
0.0576923076923077 4 -29128.2545227816
0.0591346153846154 4 -28773.1568906217
0.0605769230769231 4 -28358.9944510392
0.0620192307692308 4 -27886.6173861963
0.0634615384615385 4 -27356.9953797627
0.0649038461538462 4 -26771.2156263739
0.0663461538461539 4 -26130.4805998655
0.0677884615384615 4 -25436.1055848651
0.0692307692307692 4 -24689.5159768097
0.0706730769230769 4 -23892.24435593
0.0721153846153846 4 -23045.9273412084
0.0735576923076923 4 -22152.3022307691
0.075 4 -21213.2034355964
0.0764423076923077 4 -20230.5587139027
0.0778846153846154 4 -19206.3852138747
0.079326923076923 4 -18142.7853329231
0.0807692307692307 4 -17041.9424019347
0.0822115384615384 4 -15906.1162033853
0.0836538461538461 4 -14737.6383325164
0.0850961538461538 4 -13538.9074110947
0.0865384615384615 4 -12312.3841635828
0.0879807692307692 4 -11060.586365826
0.0894230769230769 4 -9786.08367662614
0.0908653846153845 4 -8491.49236281067
0.0923076923076922 4 -7179.46992862681
0.0937499999999999 4 -5852.70966048392
0.0951923076923076 4 -4513.93509824358
0.0966346153846153 4 -3165.89444440579
0.098076923076923 4 -1811.35492266867
0.0995192307692307 4 -453.097097441679
0.100961538461538 4 906.090834026564
0.102403846153846 4 2263.41876518886
0.103846153846154 4 3616.10040765958
0.105288461538461 4 4961.35901083673
0.106730769230769 4 6296.4330619453
0.108173076923077 4 7618.58195480078
0.109615384615384 4 8925.09161565596
0.111057692307692 4 10213.2800745829
0.1125 4 11480.5029709526
0.113942307692308 4 12724.1589817118
0.115384615384615 4 13941.6951613129
0.116826923076923 4 15130.6121823359
0.118269230769231 4 16288.4694660442
0.119711538461538 4 17412.8901923433
0.121153846153846 4 18501.5661788562
0.122596153846154 4 19552.2626191022
0.124038461538461 4 20562.8226700511
0.125480769230769 4 21531.1718796352
0.126923076923077 4 22455.3224451329
0.128365384615384 4 23333.377293679
0.129807692307692 4 24163.5339765283
0.13125 4 24944.0883690762
0.132692307692307 4 25673.4381690433
0.134134615384615 4 26350.0861856401
0.135576923076923 4 26972.6434129627
0.137019230769231 4 27539.831881309
0.138461538461538 4 28050.4872805624
0.139903846153846 4 28503.561350258
0.141346153846154 4 28898.1240314254
0.142788461538461 4 29233.36537579
0.144230769230769 4 29508.5972084143
0.145673076923077 4 29723.2545403659
0.147115384615384 4 29876.8967285127
0.148557692307692 4 29969.2083800639
0.15 4 30000
0.151442307692307 4 29969.2083800639
0.152884615384615 4 29876.8967285128
0.154326923076923 4 29723.2545403659
0.15576923076923 4 29508.5972084144
0.157211538461538 4 29233.3653757901
0.158653846153846 4 28898.1240314256
0.160096153846154 4 28503.5613502582
0.161538461538461 4 28050.4872805625
0.162980769230769 4 27539.8318813092
0.164423076923077 4 26972.6434129629
0.165865384615384 4 26350.0861856403
0.167307692307692 4 25673.4381690436
0.16875 4 24944.0883690765
0.170192307692307 4 24163.5339765286
0.171634615384615 4 23333.3772936794
0.173076923076923 4 22455.3224451333
0.17451923076923 4 21531.1718796356
0.175961538461538 4 20562.8226700514
0.177403846153846 4 19552.2626191026
0.178846153846153 4 18501.5661788566
0.180288461538461 4 17412.8901923437
0.181730769230769 4 16288.4694660447
0.183173076923077 4 15130.6121823364
0.184615384615384 4 13941.6951613134
0.186057692307692 4 12724.1589817123
0.1875 4 11480.5029709531
0.188942307692307 4 10213.2800745834
0.190384615384615 4 8925.09161565646
0.191826923076923 4 7618.5819548013
0.19326923076923 4 6296.43306194584
0.194711538461538 4 4961.35901083724
0.196153846153846 4 3616.10040766011
0.197596153846153 4 2263.41876518941
0.199038461538461 4 906.090834027108
0.200480769230769 4 -453.097097441148
0.201923076923076 4 -1811.35492266814
0.203365384615384 4 -3165.89444440525
0.204807692307692 4 -4513.93509824305
0.20625 4 -5852.7096604834
0.207692307692307 4 -7179.46992862628
0.209134615384615 4 -8491.49236281018
0.210576923076923 4 -9786.08367662564
0.21201923076923 4 -11060.5863658255
0.213461538461538 4 -12312.3841635823
0.214903846153846 4 -13538.9074110942
0.216346153846153 4 -14737.6383325159
0.217788461538461 4 -15906.1162033849
0.219230769230769 4 -17041.9424019343
0.220673076923076 4 -18142.7853329227
0.222115384615384 4 -19206.3852138742
0.223557692307692 4 -20230.5587139023
0.224999999999999 4 -21213.2034355961
0.226442307692307 4 -22152.3022307687
0.227884615384615 4 -23045.9273412081
0.229326923076923 4 -23892.2443559297
0.23076923076923 4 -24689.5159768094
0.232211538461538 4 -25436.1055848648
0.233653846153846 4 -26130.4805998652
0.235096153846153 4 -26771.2156263737
0.236538461538461 4 -27356.9953797625
0.237980769230769 4 -27886.6173861961
0.239423076923076 4 -28358.994451039
0.240865384615384 4 -28773.1568906215
0.242307692307692 4 -29128.2545227814
0.243749999999999 4 -29423.5584120968
0.245192307692307 4 -29658.4623662259
0.246634615384615 4 -29832.4841802837
0.248076923076922 4 -29945.2666266995
0.24951923076923 4 -29996.5781885249
0.250961538461538 4 -29986.313534686
0.252403846153846 4 -29914.4937362041
0.253846153846153 4 -29781.2662229417
0.255288461538461 4 -29586.9044809624
0.256730769230769 4 -29331.8074911255
0.258173076923076 4 -29016.4989100682
0.259615384615384 4 -28641.6259952566
0.261057692307692 4 -28207.9582763116
0.262499999999999 4 -27716.3859753388
0.263942307692307 4 -27167.9181795024
0.265384615384615 4 -26563.6807695966
0.266826923076922 4 -25904.9141088667
0.26826923076923 4 -25192.9704968223
0.269711538461538 4 -24429.3113932712
0.271153846153845 4 -23615.5044182719
0.272596153846153 4 -22753.2201341628
0.274038461538461 4 -21844.2286162741
0.275480769230769 4 -20890.395819362
0.276923076923076 4 -19893.6797472243
0.278365384615384 4 -18856.1264333595
0.279807692307692 4 -17779.8657409211
0.281249999999999 4 -16667.1069905886
0.282692307692307 4 -15520.1344253303
0.284134615384615 4 -14341.3025213664
0.285576923076922 4 -13133.0311549608
0.28701923076923 4 -11897.8006349597
0.288461538461538 4 -10638.1466112767
0.289903846153845 4 -9356.65486977516
0.291346153846153 4 -8055.95602423201
0.292788461538461 4 -6738.72011628079
0.294230769230768 4 -5407.65113441787
0.295673076923076 4 -4065.48146332306
0.297115384615384 4 -2714.96627488986
0.298557692307692 4 -1358.87787247828
0.300480769230768 4 0
0.302403846153845 4 0
0.304326923076922 4 0
0.306249999999999 4 0
0.308173076923076 4 0
0.310096153846153 4 0
0.31201923076923 4 0
0.313942307692307 4 0
0.315865384615384 4 0
0.317788461538461 4 0
0.319711538461538 4 0
0.321634615384615 4 0
0.323557692307691 4 0
0.325480769230768 4 0
0.327403846153845 4 0
0.329326923076922 4 0
0.331249999999999 4 0
0.333173076923076 4 0
0.335096153846153 4 0
0.33701923076923 4 0
0.338942307692307 4 0
0.340865384615384 4 0
0.342788461538461 4 0
0.344711538461538 4 0
0.346634615384614 4 0
0.348557692307691 4 0
0.350480769230768 4 0
0.352403846153845 4 0
0.354326923076922 4 0
0.356249999999999 4 0
0.358173076923076 4 0
0.360096153846153 4 0
0.36201923076923 4 0
0.363942307692307 4 0
0.365865384615384 4 0
0.367788461538461 4 0
0.369711538461537 4 0
0.371634615384614 4 0
0.373557692307691 4 0
0.375480769230768 4 0
0.377403846153845 4 0
0.379326923076922 4 0
0.381249999999999 4 0
0.383173076923076 4 0
0.385096153846153 4 0
0.38701923076923 4 0
0.388942307692307 4 0
0.390865384615384 4 0
0.39278846153846 4 0
0.394711538461537 4 0
0.396634615384614 4 0
0.398557692307691 4 0
0.400480769230768 4 0
0.402403846153845 4 0
0.404326923076922 4 0
0.406249999999999 4 0
0.408173076923076 4 0
0.410096153846153 4 0
0.41201923076923 4 0
0.413942307692306 4 0
0.415865384615383 4 0
0.41778846153846 4 0
0.419711538461537 4 0
0.421634615384614 4 0
0.423557692307691 4 0
0.425480769230768 4 0
0.427403846153845 4 0
0.429326923076922 4 0
0.431249999999999 4 0
0.433173076923076 4 0
0.435096153846153 4 0
0.437019230769229 4 0
0.438942307692306 4 0
0.440865384615383 4 0
0.44278846153846 4 0
0.444711538461537 4 0
0.446634615384614 4 0
0.448557692307691 4 0
0.450480769230768 4 0
0.452403846153845 4 0
0.454326923076922 4 0
0.456249999999999 4 0
0.458173076923076 4 0
0.460096153846152 4 0
0.462019230769229 4 0
0.463942307692306 4 0
0.465865384615383 4 0
0.46778846153846 4 0
0.469711538461537 4 0
0.471634615384614 4 0
0.473557692307691 4 0
0.475480769230768 4 0
0.477403846153845 4 0
0.479326923076922 4 0
0.481249999999999 4 0
0.483173076923075 4 0
0.485096153846152 4 0
0.487019230769229 4 0
0.488942307692306 4 0
0.490865384615383 4 0
0.49278846153846 4 0
0.494711538461537 4 0
0.496634615384614 4 0
