0 1 1
0.0142857142857143 1 1
0.0285714285714286 1 1
0.0428571428571429 1 1
0.0571428571428571 1 1
0.0714285714285714 1 1
0.0857142857142857 1 1
0.1 1 1
0.114285714285714 1 1
0.128571428571429 1 1
0.142857142857143 1 1
0.157142857142857 1 1
0.171428571428571 1 1
0.185714285714286 1 1
0.2 1 1
0.214285714285714 1 1
0.228571428571429 1 1
0.242857142857143 1 1
0.257142857142857 1 1
0.271428571428571 1 1
0.285714285714286 1 1
0.3 1 1
0.30952380952381 1 1
0.319047619047619 1 1
0.328571428571429 1 1
0.338095238095238 1 1
0.347619047619048 1 1
0.357142857142857 1 1
0.366666666666667 1 1
0.376190476190476 1 1
0.385714285714286 1 1
0.395238095238095 1 1
0.404761904761905 1 1
0.414285714285714 1 1
0.423809523809524 1 1
0.433333333333333 1 1
0.442857142857143 1 1
0.452380952380952 1 1
0.461904761904762 1 1
0.471428571428571 1 1
0.480952380952381 1 1
0.490476190476191 1 1
0.5 1 1
