0.000503355704697987 -0 -0
0.00151006711409396 -0.318337243124536 -0.318337243124536
0.00251677852348993 -1.33644331704071 -1.33644331704071
0.00352348993288591 -2.99832769057351 -2.99832769057351
0.00453020134228188 -5.29575558156523 -5.29575558156523
0.00553691275167785 -8.22414339352236 -8.22414339352236
0.00654362416107382 -11.7791690620216 -11.7791690620216
0.0075503355704698 -15.9560974848972 -15.9560974848972
0.00855704697986577 -20.7495857483025 -20.7495857483025
0.00956375838926174 -26.1536152038854 -26.1536152038854
0.0105704697986577 -32.1614663584778 -32.1614663584778
0.0115771812080537 -38.7657109939704 -38.7657109939704
0.0125838926174497 -45.9582123025182 -45.9582123025182
0.0135906040268456 -53.7301292786 -53.7301292786
0.0145973154362416 -62.0719236762016 -62.0719236762016
0.0156040268456376 -70.9733687088338 -70.9733687088338
0.0166107382550336 -80.4235590613009 -80.4235590613009
0.0176174496644295 -90.4109219751724 -90.4109219751724
0.0186241610738255 -100.923229266283 -100.923229266283
0.0196308724832215 -111.947610185249 -111.947610185249
0.0206375838926174 -123.470565060524 -123.470565060524
0.0216442953020134 -135.477979681083 -135.477979681083
0.0226510067114094 -147.955140383927 -147.955140383927
0.0236577181208054 -160.88674981935 -160.88674981935
0.0246644295302013 -174.256943367878 -174.256943367878
0.0256711409395973 -188.049306187192 -188.049306187192
0.0266778523489933 -202.246890866483 -202.246890866483
0.0276845637583893 -216.832235667233 -216.832235667233
0.0286912751677852 -231.787383329418 -231.787383329418
0.0296979865771812 -247.093900422128 -247.093900422128
0.0307046979865772 -262.7328972172 -262.7328972172
0.0317114093959732 -278.685048064466 -278.685048064466
0.0327181208053691 -294.930612246715 -294.930612246715
0.0337248322147651 -311.4494552924 -311.4494552924
0.0347315436241611 -328.221070723084 -328.221070723084
0.035738255033557 -345.224602213365 -345.224602213365
0.036744966442953 -362.438866139197 -362.438866139197
0.037751677852349 -379.842374492013 -379.842374492013
0.038758389261745 -397.413358133093 -397.413358133093
0.0397651006711409 -415.129790365774 -415.129790365774
0.0407718120805369 -432.969410799196 -432.969410799196
0.0417785234899329 -450.909749479398 -450.909749479398
0.0427852348993289 -468.928151262803 -468.928151262803
0.0437919463087248 -487.001800405765 -487.001800405765
0.0447986577181208 -505.107745345654 -505.107745345654
0.0458053691275168 -523.222923646391 -523.222923646391
0.0468120805369127 -541.324187083288 -541.324187083288
0.0478187919463087 -559.388326840663 -559.388326840663
0.0488255033557047 -577.392098795772 -577.392098795772
0.0498322147651007 -595.312248863081 -595.312248863081
0.0508389261744966 -613.125538371619 -613.125538371619
0.0518456375838926 -630.8087694499 -630.8087694499
0.0528523489932886 -648.338810390903 -648.338810390903
0.0538590604026846 -665.692620971354 -665.692620971354
0.0548657718120805 -682.847277698062 -682.847277698062
0.0558724832214765 -699.779998955802 -699.779998955802
0.0568791946308725 -716.468170029331 -716.468170029331
0.0578859060402684 -732.889367974545 -732.889367974545
0.0588926174496644 -749.021386311243 -749.021386311243
0.0598993288590604 -764.842259513194 -764.842259513194
0.0609060402684564 -780.330287268496 -780.330287268496
0.0619127516778523 -795.464058485498 -795.464058485498
0.0629194630872483 -810.22247501879 -810.22247501879
0.0639261744966443 -824.584775090419 -824.584775090419
0.0649328859060403 -838.530556381656 -838.530556381656
0.0659395973154362 -852.039798770939 -852.039798770939
0.0669463087248322 -865.09288669415 -865.09288669415
0.0679530201342282 -877.670631103588 -877.670631103588
0.0689597315436241 -889.754291002615 -889.754291002615
0.0699664429530201 -901.325594532804 -901.325594532804
0.0709731543624161 -912.366759591929 -912.366759591929
0.0719798657718121 -922.860513960454 -922.860513960454
0.072986577181208 -932.790114915196 -932.790114915196
0.073993288590604 -942.139368309945 -942.139368309945
0.075 -950.892647102179 -950.892647102179
0.076006711409396 -959.034909306256 -959.034909306256
0.0770134228187919 -966.551715354036 -966.551715354036
0.0780201342281879 -973.429244844632 -973.429244844632
0.0790268456375839 -979.654312665093 -979.654312665093
0.0800335570469799 -985.214384464689 -985.214384464689
0.0810402684563758 -990.097591466471 -990.097591466471
0.0820469798657718 -994.292744600132 -994.292744600132
0.0830536912751678 -997.789347940473 -997.789347940473
0.0840604026845637 -1000.57761143769 -1000.57761143769
0.0850671140939597 -1002.64846292493 -1002.64846292493
0.0860738255033557 -1003.99355939061 -1003.99355939061
0.0870805369127517 -1004.60529750279 -1004.60529750279
0.0880872483221476 -1004.47682337397 -1004.47682337397
0.0890939597315436 -1003.60204155617 -1003.60204155617
0.0901006711409396 -1001.97562325522 -1001.97562325522
0.0911073825503356 -999.593013756244 -999.593013756244
0.0921140939597315 -996.45043905062 -996.45043905062
0.0931208053691275 -992.544911658202 -992.544911658202
0.0941275167785235 -987.874235637029 -987.874235637029
0.0951342281879194 -982.437010774735 -982.437010774735
0.0961409395973154 -976.232635957185 -976.232635957185
0.0971476510067114 -969.261311709097 -969.261311709097
0.0981543624161074 -961.524041904373 -961.524041904373
0.0991610738255033 -953.022634642297 -953.022634642297
0.100167785234899 -943.759702289095 -943.759702289095
0.101174496644295 -933.738660683487 -933.738660683487
0.102181208053691 -922.963727505639 -922.963727505639
0.103187919463087 -911.439919811716 -911.439919811716
0.104194630872483 -899.17305073468 -899.17305073468
0.105201342281879 -886.169725354171 -886.169725354171
0.106208053691275 -872.437335739283 -872.437335739283
0.107214765100671 -857.984055167991 -857.984055167991
0.108221476510067 -842.818831528563 -842.818831528563
0.109228187919463 -826.95137990944 -826.95137990944
0.110234899328859 -810.392174383396 -810.392174383396
0.111241610738255 -793.152438994452 -793.152438994452
0.112248322147651 -775.244137955574 -775.244137955574
0.113255033557047 -756.679965066712 -756.679965066712
0.114261744966443 -737.473332363155 -737.473332363155
0.115268456375839 -717.638358004877 -717.638358004877
0.116275167785235 -697.189853418929 -697.189853418929
0.117281879194631 -676.143309706937 -676.143309706937
0.118288590604027 -654.514883331361 -654.514883331361
0.119295302013423 -632.321381093739 -632.321381093739
0.120302013422819 -609.580244420654 -609.580244420654
0.121308724832215 -586.309532971477 -586.309532971477
0.122315436241611 -562.527907585596 -562.527907585596
0.123322147651007 -538.254612584308 -538.254612584308
0.124328859060403 -513.50945744597 -513.50945744597
0.125335570469799 -488.312797872162 -488.312797872162
0.126342281879195 -462.685516263469 -462.685516263469
0.127348993288591 -436.649001624547 -436.649001624547
0.128355704697987 -410.225128918247 -410.225128918247
0.129362416107383 -383.436237889443 -383.436237889443
0.130369127516779 -356.305111379348 -356.305111379348
0.131375838926174 -328.854953152685 -328.854953152685
0.13238255033557 -301.109365259173 -301.109365259173
0.133389261744966 -273.092324952226 -273.092324952226
0.134395973154362 -244.828161188034 -244.828161188034
0.135402684563758 -216.341530728458 -216.341530728458
0.136409395973154 -187.657393872023 -187.657393872023
0.13741610738255 -158.800989837034 -158.800989837034
0.138422818791946 -129.797811821526 -129.797811821526
0.139429530201342 -100.673581765639 -100.673581765639
0.140436241610738 -71.4542248414853 -71.4542248414853
0.141442953020134 -42.1658436962861 -42.1658436962861
0.14244966442953 -12.8346924746877 -12.8346924746877
0.143456375838926 16.5128493532401 16.5128493532401
0.144463087248322 45.8503033322374 45.8503033322374
0.145469798657718 75.1511185029982 75.1511185029982
0.146476510067114 104.388697998385 104.388697998385
0.14748322147651 133.536425726945 133.536425726945
0.148489932885906 162.567693116866 162.567693116866
0.149496644295302 191.455925893608 191.455925893608
0.150503355704698 220.174610863279 220.174610863279
0.151510067114094 248.697322675286 248.697322675286
0.15251677852349 276.997750536486 276.997750536486
0.153523489932886 305.049724849917 305.049724849917
0.154530201342282 332.827243750706 332.827243750706
0.155536912751678 360.304499512576 360.304499512576
0.156543624161074 387.455904797137 387.455904797137
0.15755033557047 414.256118720192 414.256118720192
0.158557046979866 440.680072707482 440.680072707482
0.159563758389262 466.702996114033 466.702996114033
0.160570469798658 492.300441580541 492.300441580541
0.161577181208054 517.448310100709 517.448310100709
0.16258389261745 542.122875774273 542.122875774273
0.163590604026846 566.300810219844 566.300810219844
0.164597315436242 589.95920662236 589.95920662236
0.165604026845638 613.075603391081 613.075603391081
0.166610738255034 635.628007403171 635.628007403171
0.16761744966443 657.594916808757 657.594916808757
0.168624161073825 678.955343374192 678.955343374192
0.169630872483221 699.688834340994 699.688834340994
0.170637583892617 719.775493776424 719.775493776424
0.171644295302013 739.19600339489 739.19600339489
0.172651006711409 757.931642827766 757.931642827766
0.173657718120805 775.964309321184 775.964309321184
0.174664429530201 793.276536840298 793.276536840298
0.175671140939597 809.851514561352 809.851514561352
0.176677852348993 825.673104731355 825.673104731355
0.177684563758389 840.725859876683 840.725859876683
0.178691275167785 854.995039342969 854.995039342969
0.179697986577181 868.466625148451 868.466625148451
0.180704697986577 881.127337134849 881.127337134849
0.181711409395973 892.964647398333 892.964647398333
0.182718120805369 903.966793986391 903.966793986391
0.183724832214765 914.122793846568 914.122793846568
0.184731543624161 923.422455011014 923.422455011014
0.185738255033557 931.856388006008 931.856388006008
0.186744966442953 939.416016473519 939.416016473519
0.187751677852349 946.09358699243 946.09358699243
0.188758389261745 951.882178089504 951.882178089504
0.189765100671141 956.775708430808 956.775708430808
0.190771812080537 960.768944182605 960.768944182605
0.191778523489933 963.8575055354 963.8575055354
0.192785234899329 966.037872382639 966.037872382639
0.193791946308725 967.307389147625 967.307389147625
0.194798657718121 967.664268753683 967.664268753683
0.195805369127517 967.107595731326 967.107595731326
0.196812080536913 965.637328459474 965.637328459474
0.197818791946309 963.254300537808 963.254300537808
0.198825503355705 959.960221287002 959.960221287002
0.199832214765101 955.757675376001 955.757675376001
0.200838926174497 950.650121576459 950.650121576459
0.201845637583893 944.64189064313 944.64189064313
0.202852348993289 937.738182323461 937.738182323461
0.203859060402685 929.945061496894 929.945061496894
0.204865771812081 921.269453447826 921.269453447826
0.205872483221476 911.719138275597 911.719138275597
0.206879194630872 901.302744446849 901.302744446849
0.207885906040268 890.029741495198 890.029741495198
0.208892617449664 877.910431875172 877.910431875172
0.20989932885906 864.95594197803 864.95594197803
0.210906040268456 851.178212316628 851.178212316628
0.211912751677852 836.589986889449 836.589986889449
0.212919463087248 821.204801733616 821.204801733616
0.213926174496644 805.036972676168 805.036972676168
0.21493288590604 788.101582297459 788.101582297459
0.215939597315436 770.414466116875 770.414466116875
0.216946308724832 751.992198014757 751.992198014757
0.217953020134228 732.852074905231 732.852074905231
0.218959731543624 713.012100673117 713.012100673117
0.21996644295302 692.490969391032 692.490969391032
0.220973154362416 671.30804783351 671.30804783351
0.221979865771812 649.483357303341 649.483357303341
0.222986577181208 627.037554789162 627.037554789162
0.223993288590604 603.991913472051 603.991913472051
0.225 580.368302599625 580.368302599625
0.226006711409396 556.189166747693 556.189166747693
0.227013422818792 531.477504489623 531.477504489623
0.228020134228188 506.256846493857 506.256846493857
0.229026845637584 480.551233071078 480.551233071078
0.23003355704698 454.385191193543 454.385191193543
0.231040268456376 427.783711007886 427.783711007886
0.232046979865772 400.772221865873 400.772221865873
0.233053691275168 373.376567895031 373.376567895031
0.234060402684564 345.622983134736 345.622983134736
0.23506711409396 317.538066260942 317.538066260942
0.236073825503356 289.148754925164 289.148754925164
0.237080536912752 260.482299732502 260.482299732502
0.238087248322148 231.566237885004 231.566237885004
0.239093959731544 202.4283665156 202.4283665156
0.24010067114094 173.096715739485 173.096715739485
0.241107382550336 143.599521449623 143.599521449623
0.242114093959732 113.96519788284 113.96519788284
0.243120805369128 84.2223099840939 84.2223099840939
0.244127516778523 54.3995455960311 54.3995455960311
0.245134228187919 24.5256875018201 24.5256875018201
0.246140939597315 -5.37041465162166 -5.37041465162166
0.247147651006711 -35.2598725215988 -35.2598725215988
0.248154362416107 -65.1137873008333 -65.1137873008333
0.249161073825503 -94.9032779843244 -94.9032779843244
0.250167785234899 -124.599509643241 -124.599509643241
0.251174496644295 -154.173721677468 -154.173721677468
0.252181208053691 -183.597256019568 -183.597256019568
0.253187919463087 -212.841585261065 -212.841585261065
0.254194630872483 -241.878340673635 -241.878340673635
0.255201342281879 -270.679340096751 -270.679340096751
0.256208053691275 -299.216615664275 -299.216615664275
0.257214765100671 -327.462441342216 -327.462441342216
0.258221476510067 -355.389360249767 -355.389360249767
0.259228187919463 -382.970211736885 -382.970211736885
0.260234899328859 -410.178158190459 -410.178158190459
0.261241610738255 -436.98671154305 -436.98671154305
0.262248322147651 -463.369759457085 -463.369759457085
0.263255033557047 -489.301591158331 -489.301591158331
0.264261744966443 -514.756922892669 -514.756922892669
0.265268456375839 -539.710922980609 -539.710922980609
0.266275167785235 -564.139236444664 -564.139236444664
0.267281879194631 -588.018009183651 -588.018009183651
0.268288590604027 -611.323911671435 -611.323911671435
0.269295302013423 -634.034162154351 -634.034162154351
0.270302013422819 -656.126549324887 -656.126549324887
0.271308724832215 -677.579454448761 -677.579454448761
0.272315436241611 -698.371872922514 -698.371872922514
0.273322147651007 -718.483435239942 -718.483435239942
0.274328859060403 -737.894427346774 -737.894427346774
0.275335570469799 -756.585810361913 -756.585810361913
0.276342281879195 -774.539239645712 -774.539239645712
0.277348993288591 -791.737083196191 -791.737083196191
0.278355704697987 -808.162439354152 -808.162439354152
0.279362416107383 -823.799153799022 -823.799153799022
0.280369127516778 -838.631835817935 -838.631835817935
0.281375838926174 -852.645873832473 -852.645873832473
0.28238255033557 -865.827450165722 -865.827450165722
0.283389261744966 -878.163555035172 -878.163555035172
0.284395973154362 -889.641999757473 -889.641999757473
0.285402684563758 -900.251429150889 -900.251429150889
0.286409395973154 -909.98133312201 -909.98133312201
0.28741610738255 -918.822057426488 -918.822057426488
0.288422818791946 -926.764813591118 -926.764813591118
0.289429530201342 -933.801687986713 -933.801687986713
0.290436241610738 -939.925650043882 -939.925650043882
0.291442953020134 -945.130559601353 -945.130559601353
0.29244966442953 -949.411173379407 -949.411173379407
0.293456375838926 -952.763150572585 -952.763150572585
0.294463087248322 -955.18305755414 -955.18305755414
0.295469798657718 -956.66837168703 -956.66837168703
0.296476510067114 -957.217484239284 -957.217484239284
0.29748322147651 -956.829702397353 -956.829702397353
0.298489932885906 -955.505250376802 -955.505250376802
0.299496644295302 -380.913992900563 -380.913992900563
0.300167785234899 -237.778480475987 -951.113921903949
0.300503355704698 -237.51295453475 -950.051818139001
0.300838926174497 -237.248020954654 -948.992083818615
0.301174496644295 -236.983677755743 -947.934711022973
0.301510067114094 -236.719922966749 -946.879691866995
0.301845637583893 -236.456754625365 -945.82701850146
0.302181208053691 -236.194170777946 -944.776683111783
0.30251677852349 -235.932169479216 -943.728677916864
0.302852348993289 -235.670748792925 -942.6829951717
0.303187919463087 -235.409906791037 -941.639627164148
0.303523489932886 -235.149641553986 -940.598566215946
0.303859060402685 -234.889951171354 -939.559804685417
0.304194630872483 -234.63083374026 -938.52333496104
0.304530201342282 -234.372287367016 -937.489149468066
0.304865771812081 -234.114310165798 -936.457240663193
0.305201342281879 -233.856900259187 -935.427601036748
0.305536912751678 -233.600055777711 -934.400223110846
0.305872483221477 -233.343774860839 -933.375099443357
0.306208053691275 -233.088055655407 -932.352222621626
0.306543624161074 -232.832896316974 -931.331585267895
0.306879194630872 -232.578295008808 -930.313180035233
0.307214765100671 -232.324249902224 -929.296999608894
0.30755033557047 -232.070759176626 -928.283036706504
0.307885906040268 -231.817821019706 -927.271284078825
0.308221476510067 -231.565433626124 -926.261734504495
0.308557046979866 -231.313595199161 -925.254380796644
0.308892617449664 -231.062303949601 -924.249215798403
0.309228187919463 -230.811558096102 -923.246232384407
0.309563758389262 -230.561355865115 -922.245423460461
0.30989932885906 -230.311695490546 -921.246781962185
0.310234899328859 -230.062575214175 -920.250300856702
0.310570469798658 -229.813993285238 -919.255973140951
0.310906040268456 -229.565947960553 -918.263791842211
0.311241610738255 -229.318437504629 -917.273750018517
0.311577181208054 -229.071460189033 -916.285840756132
0.311912751677852 -228.825014293189 -915.300057172754
0.312248322147651 -228.579098103766 -914.316392415065
0.31258389261745 -228.333709914636 -913.334839658544
0.312919463087248 -228.088848027291 -912.355392109162
0.313255033557047 -227.844510750421 -911.378043001685
0.313590604026846 -227.600696399665 -910.402785598661
0.313926174496644 -227.357403298244 -909.429613192976
0.314261744966443 -227.114629776391 -908.458519105564
0.314597315436242 -226.872374171227 -907.48949668491
0.31493288590604 -226.630634827479 -906.522539309915
0.315268456375839 -226.389410096355 -905.557640385419
0.315604026845638 -226.148698336433 -904.594793345732
0.315939597315436 -225.908497913322 -903.633991653287
0.316275167785235 -225.668807199405 -902.675228797619
0.316610738255033 -225.429624573841 -901.718498295363
0.316946308724832 -225.190948422698 -900.763793690791
0.317281879194631 -224.95277713956 -899.81110855824
0.31761744966443 -224.715109123549 -898.860436494195
0.317953020134228 -224.477942781556 -897.911771126224
0.318288590604027 -224.24127652662 -896.965106106479
0.318624161073826 -224.005108778724 -896.020435114895
0.318959731543624 -223.769437964711 -895.077751858844
0.319295302013423 -223.534262517524 -894.137050070094
0.319630872483221 -223.299580877048 -893.198323508193
0.31996644295302 -223.065391489572 -892.261565958288
0.320302013422819 -222.831692808305 -891.326771233221
0.320637583892617 -222.598483292081 -890.393933168323
0.320973154362416 -222.365761406655 -889.463045626619
0.321308724832215 -222.133525624523 -888.53410249809
0.321644295302013 -221.901774424108 -887.607097696432
0.321979865771812 -221.670506290187 -886.682025160749
0.322315436241611 -221.439719714058 -885.758878856232
0.322651006711409 -221.209413193201 -884.837652772803
0.322986577181208 -220.979585231412 -883.918340925649
0.323322147651007 -220.750234338648 -883.000937354593
0.323657718120805 -220.521359030913 -882.085436123652
0.323993288590604 -220.292957830371 -881.171831321483
0.324328859060403 -220.06502926567 -880.26011706268
0.324664429530201 -219.837571870966 -879.350287483862
0.325 -219.610584187102 -878.44233674841
0.325335570469799 -219.384064760432 -877.536259041726
0.325671140939597 -219.158012143486 -876.632048573945
0.326006711409396 -218.932424894777 -875.729699579108
0.326342281879195 -218.707301578719 -874.829206314878
0.326677852348993 -218.482640765524 -873.930563062097
0.327013422818792 -218.258441031561 -873.033764126244
0.327348993288591 -218.034700958753 -872.138803835012
0.327684563758389 -217.811419134867 -871.24567653947
0.328020134228188 -217.588594153685 -870.354376614741
0.328355704697987 -217.366224614493 -869.46489845797
0.328691275167785 -217.144309122081 -868.577236488322
0.329026845637584 -216.922846287642 -867.691385150567
0.329362416107383 -216.701834727679 -866.807338910714
0.329697986577181 -216.481273063814 -865.925092255256
0.33003355704698 -216.261159923998 -865.044639695991
0.330369127516778 -216.041493941309 -864.165975765238
0.330704697986577 -215.822273754674 -863.289095018694
0.331040268456376 -215.60349800835 -862.4139920334
0.331375838926175 -215.385165352104 -861.540661408416
0.331711409395973 -215.167274441122 -860.669097764487
0.332046979865772 -214.949823936312 -859.79929574525
0.332382550335571 -214.73281250381 -858.931250015241
0.332718120805369 -214.516238814956 -858.064955259824
0.333053691275168 -214.300101546569 -857.200406186275
0.333389261744966 -214.084399380853 -856.337597523411
0.333724832214765 -213.869131005433 -855.47652402173
0.334060402684564 -213.654295112845 -854.617180451382
0.334395973154362 -213.439890401219 -853.759561604874
0.334731543624161 -213.225915573676 -852.903662294704
0.33506711409396 -213.012369338678 -852.049477354712
0.335402684563758 -212.799250409731 -851.197001638925
0.335738255033557 -212.586557505734 -850.346230022937
0.336073825503356 -212.374289350541 -849.497157402165
0.336409395973154 -212.162444672721 -848.649778690882
0.336744966442953 -211.951022206734 -847.804088826937
0.337080536912752 -211.740020691279 -846.960082765117
0.33741610738255 -211.529438870642 -846.117755482568
0.337751677852349 -211.319275493768 -845.277101975072
0.338087248322148 -211.109529314515 -844.438117258059
0.338422818791946 -210.900199091871 -843.600796367485
0.338758389261745 -210.691283590133 -842.765134360531
0.339093959731544 -210.48278157762 -841.93112631048
0.339429530201342 -210.274691828214 -841.098767312855
0.339765100671141 -210.067013120164 -840.268052480657
0.34010067114094 -209.859744236973 -839.438976947892
0.340436241610738 -209.65288396663 -838.61153586652
0.340771812080537 -209.446431102038 -837.785724408153
0.341107382550336 -209.240384440844 -836.961537763374
0.341442953020134 -209.03474278523 -836.138971140922
0.341778523489933 -208.829504942519 -835.318019770076
0.342114093959732 -208.624669724396 -834.498678897584
0.34244966442953 -208.420235947005 -833.680943788021
0.342785234899329 -208.216202431623 -832.864809726492
0.343120805369127 -208.012568003845 -832.05027201538
0.343456375838926 -207.809331493756 -831.237325975022
0.343791946308725 -207.606491736267 -830.425966945069
0.344127516778523 -207.404047570781 -829.616190283124
0.344463087248322 -207.201997840983 -828.807991363934
0.344798657718121 -207.000341395526 -828.001365582103
0.34513422818792 -206.799077086919 -827.196308347676
0.345469798657718 -206.598203772809 -826.392815091234
0.345805369127517 -206.397720314447 -825.590881257789
0.346140939597315 -206.197625578339 -824.790502313357
0.346476510067114 -205.997918435054 -823.991673740217
0.346812080536913 -205.798597759312 -823.194391037247
0.347147651006711 -205.59966243049 -822.39864972196
0.34748322147651 -205.401111332083 -821.604445328332
0.347818791946309 -205.202943352041 -820.811773408162
0.348154362416107 -205.005157382682 -820.020629530728
0.348489932885906 -204.807752320359 -819.231009281435
0.348825503355705 -204.610727065623 -818.442908262492
0.349161073825503 -204.414080523516 -817.656322094064
0.349496644295302 -204.217811603313 -816.871246413253
0.349832214765101 -204.021919218103 -816.087676872411
0.350167785234899 -203.82640228546 -815.305609141841
0.350503355704698 -203.631259727079 -814.525038908314
0.350838926174497 -203.436490468597 -813.745961874387
0.351174496644295 -203.242093440025 -812.968373760099
0.351510067114094 -203.04806757515 -812.192270300598
0.351845637583893 -202.854411812129 -811.417647248516
0.352181208053691 -202.661125092932 -810.644500371728
0.35251677852349 -202.468206363762 -809.872825455048
0.352852348993289 -202.27565457455 -809.102618298199
0.353187919463087 -202.083468679375 -808.333874717501
0.353523489932886 -201.89164763647 -807.566590545879
0.353859060402685 -201.700190407841 -806.800761631366
0.354194630872483 -201.509095959529 -806.036383838114
0.354530201342282 -201.318363261011 -805.273453044045
0.354865771812081 -201.127991286392 -804.511965145567
0.355201342281879 -200.937979013127 -803.751916052507
0.355536912751678 -200.748325422654 -802.993301690616
0.355872483221476 -200.559029500561 -802.236118002243
0.356208053691275 -200.370090235823 -801.480360943293
0.356543624161074 -200.181506621567 -800.726026486267
0.356879194630872 -199.993277654272 -799.973110617086
0.357214765100671 -199.805402334871 -799.221609339482
0.35755033557047 -199.6178796674 -798.471518669601
0.357885906040268 -199.430708659757 -797.722834639029
0.358221476510067 -199.243888323785 -796.975553295138
0.358557046979866 -199.057417675053 -796.229670700212
0.358892617449664 -198.87129573252 -795.485182930082
0.359228187919463 -198.685521518787 -794.742086075149
0.359563758389262 -198.500094060519 -794.000376242075
0.35989932885906 -198.315012387821 -793.260049551283
0.360234899328859 -198.130275534317 -792.521102137269
0.360570469798658 -197.945882537247 -791.78353014899
0.360906040268456 -197.761832437285 -791.047329749138
0.361241610738255 -197.578124278881 -790.312497115522
0.361577181208054 -197.394757110383 -789.579028441534
0.361912751677852 -197.211729982767 -788.846919931066
0.362248322147651 -197.029041951323 -788.116167805293
0.36258389261745 -196.846692074395 -787.386768297582
0.362919463087248 -196.664679414189 -786.658717656755
0.363255033557047 -196.483003036004 -785.932012144015
0.363590604026846 -196.301662008841 -785.206648035365
0.363926174496644 -196.120655404966 -784.482621619864
0.364261744966443 -195.939982299999 -783.759929199994
0.364597315436242 -195.759641773455 -783.03856709382
0.36493288590604 -195.579632907562 -782.318531630249
0.365268456375839 -195.399954788273 -781.599819153094
0.365604026845638 -195.220606505014 -780.882426020058
0.365939597315436 -195.041587150143 -780.166348600572
0.366275167785235 -194.862895819788 -779.451583279154
0.366610738255034 -194.684531613189 -778.738126452757
0.366946308724832 -194.506493632846 -778.025974531386
0.367281879194631 -194.328780984618 -777.31512393847
0.36761744966443 -194.151392777493 -776.605571109972
0.367953020134228 -193.974328123936 -775.897312495745
0.368288590604027 -193.79758613946 -775.190344557839
0.368624161073825 -193.62116594271 -774.484663770839
0.368959731543624 -193.445066655942 -773.780266623769
0.369295302013423 -193.269287404082 -773.077149616329
0.369630872483221 -193.093827315759 -772.375309263037
0.36996644295302 -192.918685522355 -771.674742089422
0.370302013422819 -192.74386115861 -770.975444634439
0.370637583892617 -192.56935336231 -770.277413449239
0.370973154362416 -192.395161274462 -769.580645097847
0.371308724832215 -192.221284038697 -768.885136154788
0.371644295302013 -192.047720802544 -768.190883210175
0.371979865771812 -191.874470716123 -767.497882864494
0.372315436241611 -191.701532932649 -766.806131730596
0.372651006711409 -191.5289066087 -766.115626434801
0.372986577181208 -191.35659090344 -765.42636361376
0.373322147651007 -191.184584979049 -764.738339916196
0.373657718120805 -191.01288800118 -764.051552004719
0.373993288590604 -190.841499138111 -763.365996552443
0.374328859060403 -190.67041756117 -762.681670244679
0.374664429530201 -190.499642444818 -761.998569779271
0.375 -190.329172966026 -761.316691864103
0.375335570469799 -190.159008305617 -760.636033222468
0.375671140939597 -189.989147646174 -759.956590584695
0.376006711409396 -189.819590174047 -759.278360696187
0.376342281879195 -189.650335078096 -758.601340312382
0.376677852348993 -189.481381550314 -757.925526201254
0.377013422818792 -189.31272878532 -757.250915141281
0.377348993288591 -189.144375980868 -756.577503923472
0.377684563758389 -188.976322337166 -755.905289348666
0.378020134228188 -188.808567057728 -755.234268230911
0.378355704697987 -188.641109348489 -754.564437393956
0.378691275167785 -188.473948418731 -753.895793674924
0.379026845637584 -188.307083479918 -753.228333919674
0.379362416107383 -188.140513746775 -752.562054987099
0.379697986577181 -187.974238436449 -751.896953745795
0.38003355704698 -187.808256769053 -751.233027076212
0.380369127516779 -187.64256796741 -750.570271869642
0.380704697986577 -187.47717125697 -749.908685027881
0.381040268456376 -187.312065866145 -749.248263464581
0.381375838926174 -187.147251026028 -748.589004104111
0.381711409395973 -186.982725970206 -747.930903880824
0.382046979865772 -186.8184899353 -747.273959741201
0.38238255033557 -186.654542160087 -746.61816864035
0.382718120805369 -186.490881886532 -745.96352754613
0.383053691275168 -186.327508358802 -745.310033435207
0.383389261744966 -186.164420824111 -744.657683296445
0.383724832214765 -186.001618532133 -744.006474128532
0.384060402684564 -185.839100735419 -743.356402941674
0.384395973154362 -185.676866688606 -742.707466754425
0.384731543624161 -185.514915649252 -742.059662597009
0.38506711409396 -185.353246877524 -741.412987510095
0.385402684563758 -185.191859636082 -740.767438544328
0.385738255033557 -185.030753190098 -740.123012760393
0.386073825503356 -184.869926807709 -739.479707230834
0.386409395973154 -184.709379758912 -738.837519035648
0.386744966442953 -184.549111316672 -738.196445266689
0.387080536912752 -184.389120756579 -737.556483026314
0.38741610738255 -184.229407356137 -736.91762942455
0.387751677852349 -184.069970396196 -736.279881584785
0.388087248322148 -183.910809159367 -735.643236637467
0.388422818791946 -183.751922931179 -735.007691724715
0.388758389261745 -183.593310999672 -734.373243998686
0.389093959731544 -183.434972654748 -733.739890618992
0.389429530201342 -183.27690718936 -733.107628757441
0.389765100671141 -183.119113898832 -732.476455595326
0.39010067114094 -182.961592080434 -731.846368321735
0.390436241610738 -182.804341034372 -731.217364137489
0.390771812080537 -182.647360063176 -730.589440252704
0.391107382550336 -182.490648471648 -729.962593886593
0.391442953020134 -182.334205567001 -729.336822268003
0.391778523489933 -182.178030658616 -728.712122634465
0.392114093959732 -182.022123058758 -728.08849223503
0.39244966442953 -181.866482081467 -727.465928325866
0.392785234899329 -181.711107043325 -726.844428173301
0.393120805369128 -181.555997263542 -726.223989054167
0.393456375838926 -181.401152063327 -725.604608253307
0.393791946308725 -181.246570766298 -724.98628306519
0.394127516778524 -181.092252698518 -724.369010794071
0.394463087248322 -180.938197188118 -723.752788752471
0.394798657718121 -180.784403565402 -723.137614261606
0.395134228187919 -180.630871163298 -722.52348465319
0.395469798657718 -180.477599316767 -721.910397267069
0.395805369127517 -180.324587363229 -721.298349452915
0.396140939597315 -180.171834642217 -720.687338568868
0.396476510067114 -180.019340495215 -720.077361980861
0.396812080536913 -179.867104266557 -719.468417066226
0.397147651006711 -179.715125302387 -718.860501209548
0.39748322147651 -179.563402951046 -718.253611804184
0.397818791946309 -179.411936563109 -717.647746252434
0.398154362416107 -179.260725491492 -717.042901965969
0.398489932885906 -179.109769091232 -716.439076364926
0.398825503355705 -178.959066719309 -715.836266877238
0.399161073825503 -178.808617735249 -715.234470940997
0.399496644295302 -178.658421500353 -714.633686001413
0.399832214765101 -178.508477378266 -714.033909513063
0.400167785234899 -178.358784734951 -713.435138939805
0.400503355704698 -178.209342937806 -712.837371751224
0.400838926174497 -178.060151357479 -712.240605429915
0.401174496644295 -177.911209365604 -711.644837462417
0.401510067114094 -177.762516336613 -711.050065346452
0.401845637583893 -177.614071646714 -710.456286586856
0.402181208053691 -177.465874674233 -709.863498696933
0.40251677852349 -177.31792479953 -709.27169919812
0.402852348993289 -177.17022140539 -708.680885621559
0.403187919463087 -177.022763876071 -708.091055504284
0.403523489932886 -176.875551598621 -707.502206394483
0.403859060402685 -176.728583961304 -706.914335845214
0.404194630872483 -176.581860354981 -706.327441419925
0.404530201342282 -176.435380172378 -705.741520689513
0.40486577181208 -176.289142807998 -705.156571231993
0.405201342281879 -176.143147658631 -704.572590634524
0.405536912751678 -175.997394123269 -703.989576493076
0.405872483221477 -175.851881602485 -703.407526409938
0.406208053691275 -175.70660949866 -702.826437994642
0.406543624161074 -175.561577216884 -702.246308867538
0.406879194630873 -175.416784163631 -701.667136654525
0.407214765100671 -175.272229747548 -701.088918990194
0.40755033557047 -175.127913378808 -700.511653515233
0.407885906040268 -174.983834470293 -699.935337881174
0.408221476510067 -174.839992436326 -699.359969745305
0.408557046979866 -174.696386693177 -698.785546772707
0.408892617449664 -174.553016659035 -698.21206663614
0.409228187919463 -174.409881754154 -697.639527016614
0.409563758389262 -174.266981400476 -697.067925601904
0.40989932885906 -174.124315022009 -696.497260088034
0.410234899328859 -173.981882044508 -695.927528178032
0.410570469798658 -173.839681895848 -695.358727583392
0.410906040268456 -173.697714005427 -694.790856021708
0.411241610738255 -173.555977804845 -694.223911219382
0.411577181208054 -173.414472727144 -693.657890908574
0.411912751677852 -173.273198207705 -693.092792830819
0.412248322147651 -173.132153683382 -692.528614733527
0.41258389261745 -172.991338592888 -691.965354371554
0.412919463087248 -172.850752377086 -691.403009508343
0.413255033557047 -172.710394478331 -690.841577913323
0.413590604026846 -172.570264341013 -690.281057364053
0.413926174496644 -172.430361410963 -689.721445643851
0.414261744966443 -172.290685136041 -689.162740544165
0.414597315436242 -172.15123496589 -688.604939863559
0.41493288590604 -172.012010352069 -688.048041408275
0.415268456375839 -171.873010747946 -687.492042991786
0.415604026845638 -171.734235607991 -686.936942431963
0.415939597315436 -171.595684389409 -686.382737557636
0.416275167785235 -171.457356550397 -685.829426201586
0.416610738255034 -171.319251551351 -685.277006205402
0.416946308724832 -171.181368853854 -684.725475415417
0.417281879194631 -171.043707922032 -684.174831688127
0.417617449664429 -170.906268221193 -683.625072884771
0.417953020134228 -170.769049218228 -683.076196872911
0.418288590604027 -170.632050382174 -682.528201528695
0.418624161073825 -170.495271183591 -681.981084734365
0.418959731543624 -170.358711094679 -681.434844378715
0.419295302013423 -170.2223695893 -680.889478357202
0.419630872483222 -170.086246143014 -680.344984572058
0.41996644295302 -169.950340233242 -679.801360932969
0.420302013422819 -169.814651339014 -679.258605356057
0.420637583892617 -169.679178940716 -678.716715762865
0.420973154362416 -169.543922520767 -678.175690083068
0.421308724832215 -169.408881562997 -677.635526251986
0.421644295302013 -169.274055553126 -677.096222212504
0.421979865771812 -169.139443978148 -676.557775912593
0.422315436241611 -169.005046327116 -676.020185308465
0.422651006711409 -168.870862090325 -675.4834483613
0.422986577181208 -168.736890759933 -674.947563039733
0.423322147651007 -168.603131829624 -674.412527318496
0.423657718120805 -168.469584794605 -673.878339178421
0.423993288590604 -168.336249151694 -673.344996606775
0.424328859060403 -168.203124399627 -672.812497598507
0.424664429530201 -168.070210038184 -672.280840152737
0.425 -167.937505569266 -671.750022277066
0.425335570469799 -167.805010495901 -671.220041983602
0.425671140939597 -167.67272432295 -670.6908972918
0.426006711409396 -167.540646556887 -670.162586227548
0.426342281879195 -167.408776705285 -669.635106821141
0.426677852348993 -167.277114277581 -669.108457110324
0.427013422818792 -167.14565878516 -668.582635140638
0.427348993288591 -167.014409740309 -668.057638961238
0.427684563758389 -166.883366656954 -667.533466627818
0.428020134228188 -166.75252905097 -667.010116203881
0.428355704697987 -166.621896439105 -666.48758575642
0.428691275167785 -166.491468340366 -665.965873361466
0.429026845637584 -166.361244274524 -665.444977098096
0.429362416107383 -166.231223763126 -664.924895052505
0.429697986577181 -166.101406329585 -664.405625318339
0.43003355704698 -165.971791498328 -663.887165993311
0.430369127516779 -165.84237879545 -663.369515181798
0.430704697986577 -165.713167748595 -662.852670994378
0.431040268456376 -165.584157886682 -662.336631546728
0.431375838926174 -165.455348740181 -661.821394960724
0.431711409395973 -165.326739841142 -661.306959364568
0.432046979865772 -165.198330722886 -660.793322891546
0.43238255033557 -165.07012092043 -660.280483681718
0.432718120805369 -164.942109969803 -659.768439879211
0.433053691275168 -164.814297408816 -659.257189635264
0.433389261744966 -164.686682776692 -658.74673110677
0.433724832214765 -164.559265614034 -658.237062456135
0.434060402684564 -164.432045462804 -657.728181851215
0.434395973154362 -164.305021866429 -657.220087465717
0.434731543624161 -164.17819436992 -656.71277747968
0.43506711409396 -164.051562519386 -656.206250077544
0.435402684563758 -163.925125862463 -655.700503449851
0.435738255033557 -163.79888394814 -655.195535792559
0.436073825503356 -163.672836326763 -654.691345307052
0.436409395973154 -163.546982550174 -654.187930200698
0.436744966442953 -163.421322171935 -653.685288687739
0.437080536912752 -163.295854746035 -653.183418984138
0.43741610738255 -163.170579828775 -652.6823193151
0.437751677852349 -163.045496977446 -652.181987909785
0.438087248322148 -162.92060575044 -651.68242300176
0.438422818791946 -162.795905707841 -651.183622831366
0.438758389261745 -162.671396410837 -650.685585643348
0.439093959731544 -162.547077422392 -650.188309689568
0.439429530201342 -162.422948306488 -649.69179322595
0.439765100671141 -162.299008628349 -649.196034513395
0.44010067114094 -162.175257954663 -648.701031818653
0.440436241610738 -162.051695853482 -648.206783413928
0.440771812080537 -161.92832189398 -647.713287575919
0.441107382550336 -161.805135646829 -647.220542587316
0.441442953020134 -161.682136684057 -646.728546736229
0.441778523489933 -161.559324578793 -646.237298315173
0.442114093959732 -161.436698905606 -645.746795622422
0.44244966442953 -161.314259240333 -645.257036961332
0.442785234899329 -161.19200515972 -644.768020638879
0.443120805369128 -161.069936242733 -644.279744970934
0.443456375838926 -160.948052068437 -643.792208273747
0.443791946308725 -160.826352218285 -643.305408873139
0.444127516778523 -160.70483627413 -642.819345096521
0.444463087248322 -160.583503819519 -642.334015278077
0.444798657718121 -160.4623544391 -641.849417756398
0.445134228187919 -160.341387718873 -641.365550875494
0.445469798657718 -160.220603246114 -640.882412984456
0.445805369127517 -160.100000609254 -640.400002437014
0.446140939597315 -159.979579397762 -639.918317591048
0.446476510067114 -159.859339202898 -639.437356811593
0.446812080536913 -159.739279616705 -638.957118466819
0.447147651006711 -159.619400232553 -638.477600930212
0.44748322147651 -159.49970064483 -637.998802579321
0.447818791946309 -159.380180449618 -637.520721798471
0.448154362416107 -159.26083924376 -637.043356975039
0.448489932885906 -159.141676625624 -636.566706502497
0.448825503355705 -159.0226921944 -636.090768777601
0.449161073825503 -158.903885550991 -635.615542203964
0.449496644295302 -158.785256297243 -635.141025188973
0.449832214765101 -158.666804036125 -634.667216144501
0.450167785234899 -158.548528371595 -634.194113486381
0.450503355704698 -158.430428909136 -633.721715636543
0.450838926174497 -158.312505255416 -633.250021021663
0.451174496644295 -158.194757018035 -632.779028072141
0.451510067114094 -158.07718380595 -632.308735223799
0.451845637583893 -157.959785228935 -631.83914091574
0.452181208053691 -157.842560898736 -631.370243594943
0.45251677852349 -157.725510427277 -630.90204170911
0.452852348993289 -157.6086334282 -630.434533712801
0.453187919463087 -157.491929515965 -629.967718063858
0.453523489932886 -157.37539830664 -629.501593226562
0.453859060402685 -157.25903941706 -629.03615766824
0.454194630872483 -157.142852465241 -628.571409860965
0.454530201342282 -157.026837070303 -628.107348281212
0.454865771812081 -156.910992852778 -627.643971411113
0.455201342281879 -156.795319433812 -627.181277735246
0.455536912751678 -156.679816436086 -626.719265744346
0.455872483221477 -156.564483483236 -626.257933932945
0.456208053691275 -156.44932020014 -625.797280800559
0.456543624161074 -156.334326212522 -625.337304850088
0.456879194630872 -156.219501147548 -624.878004590193
0.457214765100671 -156.104844632977 -624.419378531907
0.45755033557047 -155.990356298005 -623.961425192019
0.457885906040268 -155.876035772991 -623.504143091963
0.458221476510067 -155.761882689496 -623.047530757985
0.458557046979866 -155.647896679522 -622.591586718088
0.458892617449664 -155.534077376611 -622.136309506443
0.459228187919463 -155.42042441555 -621.681697662202
0.459563758389262 -155.306937431807 -621.227749727227
0.45989932885906 -155.193616061946 -620.774464247783
0.460234899328859 -155.08045994372 -620.321839774881
0.460570469798658 -154.967468716237 -619.869874864948
0.460906040268456 -154.854642018917 -619.418568075668
0.461241610738255 -154.741979492977 -618.967917971908
0.461577181208054 -154.629480780243 -618.517923120971
0.461912751677852 -154.517145523658 -618.068582094633
0.462248322147651 -154.404973367328 -617.619893469314
0.46258389261745 -154.292963956204 -617.171855824817
0.462919463087248 -154.181116936339 -616.724467745355
0.463255033557047 -154.06943195497 -616.277727819879
0.463590604026846 -153.957908660098 -615.831634640392
0.463926174496644 -153.846546700994 -615.386186803978
0.464261744966443 -153.735345727582 -614.941382910329
0.464597315436242 -153.624305391241 -614.497221564966
0.46493288590604 -153.513425344131 -614.053701376524
0.465268456375839 -153.402705239274 -613.610820957096
0.465604026845638 -153.292144731278 -613.16857892511
0.465939597315436 -153.181743474748 -612.726973898993
0.466275167785235 -153.071501126157 -612.286004504626
0.466610738255034 -152.961417342565 -611.845669370261
0.466946308724832 -152.851491782223 -611.405967128894
0.467281879194631 -152.741724104202 -610.966896416806
0.46761744966443 -152.632113968518 -610.528455874073
0.467953020134228 -152.522661036395 -610.090644145582
0.468288590604027 -152.413364969834 -609.653459879336
0.468624161073826 -152.304225431826 -609.216901727304
0.468959731543624 -152.195242086379 -608.780968345518
0.469295302013423 -152.086414598349 -608.345658393398
0.469630872483221 -151.977742633692 -607.910970534769
0.46996644295302 -151.869225859296 -607.476903437184
0.470302013422819 -151.760863942786 -607.043455771142
0.470637583892617 -151.652656553242 -606.610626212966
0.470973154362416 -151.544603360102 -606.178413440409
0.471308724832215 -151.436704034261 -605.746816137045
0.471644295302013 -151.328958247096 -605.315832988383
0.471979865771812 -151.221365671083 -604.885462684333
0.472315436241611 -151.113925979718 -604.455703918872
0.472651006711409 -151.006638847426 -604.026555389705
0.472986577181208 -150.89950394948 -603.598015797922
0.473322147651007 -150.792520961891 -603.170083847565
0.473657718120805 -150.685689562039 -602.742758248154
0.473993288590604 -150.579009427916 -602.316037711664
0.474328859060403 -150.472480238463 -601.889920953851
0.474664429530201 -150.366101673441 -601.464406693764
0.475 -150.259873413798 -601.039493655193
0.475335570469799 -150.15379514116 -600.615180564639
0.475671140939597 -150.047866537997 -600.191466151988
0.476006711409396 -149.942087287715 -599.768349150858
0.476342281879195 -149.836457074792 -599.345828299168
0.476677852348993 -149.730975584401 -598.923902337605
0.477013422818792 -149.625642502836 -598.502570011346
0.477348993288591 -149.520457516829 -598.081830067317
0.477684563758389 -149.415420314696 -597.661681258782
0.478020134228188 -149.310530584836 -597.242122339346
0.478355704697987 -149.205788017008 -596.823152068031
0.478691275167785 -149.101192301559 -596.404769206235
0.479026845637584 -148.996743130108 -595.986972520433
0.479362416107383 -148.892440194675 -595.5697607787
0.479697986577181 -148.78828318873 -595.153132754921
0.48003355704698 -148.684271805937 -594.73708722375
0.480369127516779 -148.580405741159 -594.321622964634
0.480704697986577 -148.476684690163 -593.906738760654
0.481040268456376 -148.373108349399 -593.492433397595
0.481375838926175 -148.269676416074 -593.078705664297
0.481711409395973 -148.1663885885 -592.665554354
0.482046979865772 -148.063244565833 -592.252978263333
0.48238255033557 -147.960244047994 -591.840976191976
0.482718120805369 -147.85738673547 -591.42954694188
0.483053691275168 -147.754672329948 -591.018689319794
0.483389261744966 -147.652100533985 -590.608402135942
0.483724832214765 -147.549671050574 -590.198684202298
0.484060402684564 -147.4473835837 -589.789534334801
0.484395973154362 -147.34523783828 -589.38095135312
0.484731543624161 -147.243233519992 -588.97293407997
0.48506711409396 -147.141370335363 -588.565481341454
0.485402684563758 -147.039647991597 -588.158591966386
0.485738255033557 -146.938066196803 -587.752264787211
0.486073825503356 -146.836624660037 -587.346498640149
0.486409395973154 -146.735323090887 -586.941292363546
0.486744966442953 -146.634161199797 -586.536644799188
0.487080536912752 -146.533138698207 -586.132554792829
0.48741610738255 -146.432255298148 -585.729021192593
0.487751677852349 -146.331510712498 -585.326042849994
0.488087248322148 -146.230904655068 -584.92361862027
0.488422818791946 -146.130436840174 -584.521747360694
0.488758389261745 -146.030106983127 -584.120427932508
0.489093959731544 -145.929914799927 -583.719659199709
0.489429530201342 -145.829860007615 -583.319440030461
0.489765100671141 -145.729942323582 -582.919769294328
0.49010067114094 -145.630161466296 -582.520645865183
0.490436241610738 -145.530517154733 -582.122068618932
0.490771812080537 -145.431009108802 -581.724036435206
0.491107382550336 -145.331637049426 -581.326548197705
0.491442953020134 -145.232400697616 -580.929602790462
0.491778523489933 -145.133299776049 -580.533199104196
0.492114093959732 -145.034334007247 -580.137336028989
0.49244966442953 -144.935503115451 -579.742012461803
0.492785234899329 -144.836806824657 -579.347227298628
0.493120805369128 -144.738244860279 -578.952979441116
0.493456375838926 -144.639816948154 -578.559267792615
0.493791946308725 -144.541522814965 -578.16609125986
0.494127516778524 -144.443362188498 -577.773448753991
0.494463087248322 -144.345334796537 -577.381339186146
0.494798657718121 -144.247440368028 -576.989761472113
0.49513422818792 -144.149678632862 -576.598714531448
0.495469798657718 -144.052049321377 -576.208197285506
0.495805369127517 -143.954552164514 -575.818208658058
0.496140939597315 -143.857186894211 -575.428747576842
0.496476510067114 -143.759953243078 -575.03981297231
0.496812080536913 -143.66285094449 -574.651403777961
0.497147651006711 -143.565879732331 -574.263518929325
0.49748322147651 -143.469039341416 -573.876157365663
0.497818791946309 -143.372329507043 -573.489318028171
0.498154362416107 -143.275749965453 -573.102999861811
0.498489932885906 -143.179300453677 -572.717201814707
0.498825503355705 -143.082980709093 -572.331922836373
0.499161073825503 -142.986790470075 -571.947161880299
0.499496644295302 -142.890729475417 -571.562917901666
0.499832214765101 -142.794797465184 -571.179189860737
