0 134.562383039886
0.00100671140939597 134.562383039886
0.00201342281879195 134.56270351362
0.00302013422818792 134.564048926356
0.00402684563758389 134.567067377051
0.00503355704697987 134.572398674616
0.00604026845637584 134.580678013603
0.00704697986577181 134.592536237491
0.00805369127516778 134.608599422878
0.00906040268456376 134.629488267591
0.0100671140939597 134.655817410414
0.0110738255033557 134.68819472554
0.0120805369127517 134.727220609091
0.0130872483221476 134.773487265772
0.0140939597315436 134.827577999945
0.0151006711409396 134.890066513713
0.0161073825503356 134.961516213755
0.0171140939597315 135.042479528246
0.0181208053691275 135.133497234933
0.0191275167785235 135.235097801308
0.0201342281879195 135.347796737736
0.0211409395973154 135.472095964307
0.0221476510067114 135.608483192174
0.0231543624161074 135.757431320077
0.0241610738255034 135.919397846741
0.0251677852348993 136.094824299796
0.0261744966442953 136.284135681864
0.0271812080536913 136.487739934414
0.0281879194630872 136.706027419985
0.0291946308724832 136.939370423337
0.0302013422818792 137.188122672084
0.0312080536912752 137.452618877336
0.0322147651006711 137.733174294851
0.0332214765100671 138.030084307179
0.0342281879194631 138.343624027273
0.0352348993288591 138.674047923974
0.036241610738255 139.021589469826
0.037248322147651 139.386460811577
0.038255033557047 139.76885246375
0.0392617449664429 140.168933025629
0.0402684563758389 140.58684892197
0.0412751677852349 141.022724167741
0.0422818791946309 141.47666015715
0.0432885906040268 141.948735477213
0.0442953020134228 142.439005746078
0.0453020134228188 142.947503476292
0.0463087248322148 143.474237963184
0.0473154362416107 144.019195198503
0.0483221476510067 144.582337809416
0.0493288590604027 145.163605022969
0.0503355704697987 145.762912656053
0.0513422818791946 146.380153130924
0.0523489932885906 147.015195516276
0.0533557046979866 147.667885593851
0.0543624161073825 148.338045950533
0.0553691275167785 149.025476095867
0.0563758389261745 149.729952604883
0.0573825503355705 150.45122928612
0.0583892617449664 151.189037374685
0.0593959731543624 151.943085750166
0.0604026845637584 152.713061179207
0.0614093959731544 153.498628582497
0.0624161073825503 154.299431325939
0.0634228187919463 155.115091535689
0.0644295302013423 155.945210436787
0.0654362416107382 156.789368715024
0.0664429530201342 157.647126901706
0.0674496644295302 158.518025780928
0.0684563758389262 159.401586818952
0.0694630872483221 160.297312615263
0.0704697986577181 161.20468737486
0.0714765100671141 162.123177401295
0.0724832214765101 163.05223160998
0.073489932885906 163.991282061237
0.074496644295302 164.939744512555
0.075503355704698 165.897018989504
0.076510067114094 166.862490374712
0.0775167785234899 167.83552901433
0.0785234899328859 168.815491341354
0.0795302013422819 169.801720515178
0.0805369127516778 170.79354707672
0.0815436241610738 171.790289618465
0.0825503355704698 172.791255468733
0.0835570469798658 173.795741389479
0.0845637583892617 174.803034286899
0.0855704697986577 175.812411934139
0.0865771812080537 176.823143705338
0.0875838926174497 177.834491320273
0.0885906040268456 178.845709598838
0.0895973154362416 179.856047224566
0.0906040268456376 180.864747516433
0.0916107382550335 181.871049208134
0.0926174496644295 182.874187234024
0.0936241610738255 183.873393520928
0.0946308724832215 184.867897784992
0.0956375838926174 185.856928332752
0.0966442953020134 186.839712865595
0.0976510067114094 187.815479286779
0.0986577181208054 188.783456510172
0.0996644295302013 189.742875269879
0.100671140939597 190.692968929902
0.101677852348993 191.632974293006
0.102684563758389 192.562132407945
0.103691275167785 193.479689374198
0.104697986577181 194.384897143394
0.105704697986577 195.277014316569
0.106711409395973 196.155306936441
0.107718120805369 197.019049273859
0.108724832214765 197.867524607612
0.109731543624161 198.700025996783
0.110738255033557 199.51585704482
0.111744966442953 200.314332654546
0.112751677852349 201.094779773293
0.113758389261745 201.856538127387
0.114765100671141 202.598960945202
0.115771812080537 203.321415668026
0.116778523489933 204.023284647978
0.117785234899329 204.703965832247
0.118791946308725 205.362873432916
0.119798657718121 205.999438581668
0.120805369127517 206.613109968668
0.121812080536913 207.203354464948
0.122818791946309 207.769657727618
0.123825503355705 208.311524787267
0.124832214765101 208.828480616911
0.125838926174497 209.320070681883
0.126845637583893 209.785861470067
0.127852348993289 210.225441001904
0.128859060402685 210.638419319607
0.129865771812081 211.024428955066
0.130872483221476 211.383125375918
0.131879194630872 211.714187409293
0.132885906040268 212.017317642776
0.133892617449664 212.292242802123
0.13489932885906 212.538714105333
0.135906040268456 212.756507592643
0.136912751677852 212.945424432112
0.137919463087248 213.105291200404
0.138926174496644 213.23596013848
0.13993288590604 213.337309381868
0.140939597315436 213.409243165265
0.141946308724832 213.451692001201
0.142953020134228 213.464612832551
0.143959731543624 213.447989158706
0.14496644295302 213.401831135217
0.145973154362416 213.326175646791
0.146979865771812 213.221086353504
0.147986577181208 213.086653710155
0.148993288590604 212.922994958695
0.15 212.730254093702
0.151006711409396 212.508601800886
0.152013422818792 212.258235368663
0.153020134228188 211.979378572821
0.154026845637584 211.672281534381
0.15503355704698 211.337220550739
0.156040268456376 210.974497900223
0.157046979865772 210.584441620226
0.158053691275168 210.167405259099
0.159060402684564 209.723767602011
0.16006711409396 209.253932371023
0.161073825503356 208.758327899633
0.162080536912752 208.237406782082
0.163087248322148 207.691645497746
0.164093959731544 207.121544010947
0.16510067114094 206.527625346562
0.166107382550336 205.910435141806
0.167114093959732 205.270541174622
0.168120805369127 204.60853286911
0.169127516778523 203.925020778465
0.170134228187919 203.220636045907
0.171140939597315 202.496029844118
0.172147651006711 201.751872793721
0.173154362416107 200.988854361344
0.174161073825503 200.207682237866
0.175167785234899 199.409081697423
0.176174496644295 198.593794937797
0.177181208053691 197.762580402833
0.178187919463087 196.916212087521
0.179194630872483 196.055478826437
0.180201342281879 195.181183566221
0.181208053691275 194.294142622796
0.182214765100671 193.395184924073
0.183221476510067 192.485151238852
0.184228187919463 191.564893392698
0.185234899328859 190.635273471546
0.186241610738255 189.697163013821
0.187248322147651 188.751442191868
0.188255033557047 187.798998983487
0.189261744966443 186.840728334403
0.190268456375839 185.877531312493
0.191275167785235 184.910314254591
0.192281879194631 183.939987906737
0.193288590604027 182.9674665587
0.194295302013423 181.993667173652
0.195302013422819 181.019508513833
0.196308724832215 180.045910263097
0.197315436241611 179.073792147198
0.198322147651007 178.104073052697
0.199328859060403 177.137670145361
0.200335570469799 176.175497988942
0.201342281879195 175.218467665208
0.202348993288591 174.267485896104
0.203355704697987 173.323454168933
0.204362416107383 172.387267865412
0.205369127516778 171.459815395498
0.206375838926174 170.541977336832
0.20738255033557 169.634625580677
0.208389261744966 168.738622485212
0.209395973154362 167.854820037016
0.210402684563758 166.984059021602
0.211409395973154 166.127168203833
0.21241610738255 165.284963519045
0.213422818791946 164.458247275689
0.214429530201342 163.64780737031
0.215436241610738 162.854416515649
0.216442953020134 162.078831482645
0.21744966442953 161.321792357127
0.218456375838926 160.58402181192
0.219463087248322 159.866224395135
0.220469798657718 159.169085835345
0.221476510067114 158.493272364372
0.22248322147651 157.839430058362
0.223489932885906 157.208184197836
0.224496644295302 156.600138647361
0.225503355704698 156.015875255482
0.226510067114094 155.455953275535
0.22751677852349 154.920908807928
0.228523489932886 154.411254264478
0.229530201342282 153.927477855346
0.230536912751678 153.47004309911
0.231543624161074 153.039388356485
0.23255033557047 152.635926388164
0.233557046979866 152.260043937263
0.234563758389262 151.912101336791
0.235570469798658 151.592432142569
0.236577181208054 151.301342791973
0.23758389261745 151.039112288887
0.238590604026846 150.805991915177
0.239597315436242 150.60220496902
0.240604026845638 150.427946530357
0.241610738255034 150.283383253729
0.242617449664429 150.168653188747
0.243624161073825 150.08386562836
0.244630872483221 150.029100985143
0.245637583892617 150.004410695711
0.246644295302013 150.009817153414
0.247651006711409 150.045313669375
0.248657718120805 150.11086446196
0.249664429530201 150.206404674696
0.250671140939597 150.331840422659
0.251677852348993 150.487048867301
0.252684563758389 150.67187831967
0.253691275167785 150.886148371946
0.254697986577181 151.129650057188
0.255704697986577 151.402146037151
0.256711409395973 151.703370818021
0.257718120805369 152.033030993869
0.258724832214765 152.39080551761
0.259731543624161 152.776345999225
0.260738255033557 153.18927703096
0.261744966442953 153.629196539225
0.262751677852349 154.095676162839
0.263758389261745 154.588261657294
0.264765100671141 155.106473324635
0.265771812080537 155.649806468576
0.266778523489933 156.217731874392
0.267785234899329 156.809696313168
0.268791946308725 157.425123069884
0.269798657718121 158.063412494872
0.270805369127517 158.723942578085
0.271812080536913 159.406069545651
0.272818791946309 160.109128478123
0.273825503355705 160.832433949841
0.274832214765101 161.575280688781
0.275838926174497 162.336944256259
0.276845637583893 163.116681745835
0.277852348993289 163.913732500731
0.278859060402685 164.727318849074
0.27986577181208 165.556646856254
0.280872483221476 166.400907093655
0.281879194630872 167.259275423016
0.282885906040268 168.130913795666
0.283892617449664 169.014971065836
0.28489932885906 169.91058381727
0.285906040268456 170.816877202321
0.286912751677852 171.732965792712
0.287919463087248 172.657954441128
0.288926174496644 173.590939152797
0.28993288590604 174.531007966207
0.290939597315436 175.47724184209
0.291946308724832 176.428715559809
0.292953020134228 177.384498620258
0.293959731543624 178.343656154392
0.29496644295302 179.305249836493
0.295973154362416 180.268338801279
0.296979865771812 181.231980563936
0.297986577181208 182.195231942188
0.298993288590604 183.15714997948
0.3 183.540620442132
0.300335570469799 183.620411878533
0.300671140939597 183.70011421227
0.301006711409396 183.77972764212
0.301342281879195 183.859252366199
0.301677852348993 183.93868858196
0.302013422818792 184.018036486197
0.302348993288591 184.097296275048
0.302684563758389 184.176468144001
0.303020134228188 184.255552287891
0.303355704697987 184.334548900908
0.303691275167785 184.413458176598
0.304026845637584 184.492280307863
0.304362416107383 184.571015486971
0.304697986577181 184.64966390555
0.30503355704698 184.728225754599
0.305369127516779 184.806701224485
0.305704697986577 184.885090504947
0.306040268456376 184.963393785102
0.306375838926174 185.041611253442
0.306711409395973 185.119743097844
0.307046979865772 185.197789505565
0.30738255033557 185.275750663251
0.307718120805369 185.353626756934
0.308053691275168 185.431417972041
0.308389261744966 185.509124493392
0.308724832214765 185.586746505204
0.309060402684564 185.664284191093
0.309395973154362 185.741737734078
0.309731543624161 185.819107316584
0.31006711409396 185.896393120439
0.310402684563758 185.973595326887
0.310738255033557 186.05071411658
0.311073825503356 186.127749669587
0.311409395973154 186.204702165394
0.311744966442953 186.281571782907
0.312080536912752 186.358358700455
0.31241610738255 186.435063095792
0.312751677852349 186.511685146099
0.313087248322148 186.588225027987
0.313422818791946 186.664682917501
0.313758389261745 186.741058990118
0.314093959731544 186.817353420755
0.314429530201342 186.893566383767
0.314765100671141 186.969698052952
0.31510067114094 187.045748601552
0.315436241610738 187.121718202256
0.315771812080537 187.197607027201
0.316107382550336 187.273415247977
0.316442953020134 187.349143035628
0.316778523489933 187.424790560653
0.317114093959732 187.500357993009
0.31744966442953 187.575845502116
0.317785234899329 187.651253256856
0.318120805369128 187.726581425575
0.318456375838926 187.801830176087
0.318791946308725 187.876999675677
0.319127516778523 187.952090091101
0.319463087248322 188.027101588591
0.319798657718121 188.102034333851
0.320134228187919 188.176888492069
0.320469798657718 188.251664227911
0.320805369127517 188.326361705526
0.321140939597315 188.400981088548
0.321476510067114 188.4755225401
0.321812080536913 188.549986222793
0.322147651006711 188.624372298729
0.32248322147651 188.698680929505
0.322818791946309 188.772912276215
0.323154362416107 188.847066499447
0.323489932885906 188.921143759292
0.323825503355705 188.995144215342
0.324161073825503 189.069068026695
0.324496644295302 189.142915351952
0.324832214765101 189.216686349224
0.325167785234899 189.290381176132
0.325503355704698 189.36399998981
0.325838926174497 189.437542946906
0.326174496644295 189.511010203582
0.326510067114094 189.584401915521
0.326845637583893 189.657718237925
0.327181208053691 189.73095932552
0.32751677852349 189.804125332553
0.327852348993289 189.8772164128
0.328187919463087 189.950232719563
0.328523489932886 190.023174405675
0.328859060402685 190.096041623501
0.329194630872483 190.16883452494
0.329530201342282 190.241553261426
0.329865771812081 190.31419798393
0.330201342281879 190.386768842965
0.330536912751678 190.459265988583
0.330872483221476 190.53168957038
0.331208053691275 190.604039737497
0.331543624161074 190.676316638622
0.331879194630872 190.748520421991
0.332214765100671 190.820651235393
0.33255033557047 190.892709226166
0.332885906040268 190.964694541204
0.333221476510067 191.036607326958
0.333557046979866 191.108447729435
0.333892617449664 191.180215894202
0.334228187919463 191.251911966387
0.334563758389262 191.323536090683
0.33489932885906 191.395088411345
0.335234899328859 191.466569072197
0.335570469798658 191.53797821663
0.335906040268456 191.609315987605
0.336241610738255 191.680582527656
0.336577181208054 191.751777978888
0.336912751677852 191.822902482984
0.337248322147651 191.893956181203
0.33758389261745 191.964939214381
0.337919463087248 192.035851722936
0.338255033557047 192.106693846867
0.338590604026846 192.177465725757
0.338926174496644 192.248167498774
0.339261744966443 192.318799304672
0.339597315436242 192.389361281796
0.33993288590604 192.459853568078
0.340268456375839 192.530276301043
0.340604026845638 192.600629617811
0.340939597315436 192.670913655093
0.341275167785235 192.741128549201
0.341610738255034 192.811274436041
0.341946308724832 192.881351451123
0.342281879194631 192.951359729554
0.34261744966443 193.021299406046
0.342953020134228 193.091170614916
0.343288590604027 193.160973490085
0.343624161073825 193.230708165083
0.343959731543624 193.300374773048
0.344295302013423 193.369973446729
0.344630872483221 193.439504318488
0.34496644295302 193.508967520299
0.345302013422819 193.578363183751
0.345637583892617 193.64769144005
0.345973154362416 193.716952420022
0.346308724832215 193.786146254108
0.346644295302013 193.855273072375
0.346979865771812 193.924333004509
0.347315436241611 193.993326179821
0.347651006711409 194.062252727248
0.347986577181208 194.131112775353
0.348322147651007 194.199906452327
0.348657718120805 194.268633885992
0.348993288590604 194.337295203799
0.349328859060403 194.405890532833
0.349664429530201 194.474419999814
0.35 194.542883731096
0.350335570469799 194.611281852668
0.350671140939597 194.67961449016
0.351006711409396 194.747881768841
0.351342281879195 194.81608381362
0.351677852348993 194.884220749048
0.352013422818792 194.95229269932
0.352348993288591 195.020299788277
0.352684563758389 195.088242139406
0.353020134228188 195.156119875841
0.353355704697987 195.223933120364
0.353691275167785 195.29168199541
0.354026845637584 195.359366623063
0.354362416107383 195.426987125063
0.354697986577181 195.494543622802
0.35503355704698 195.562036237327
0.355369127516779 195.629465089345
0.355704697986577 195.696830299219
0.356040268456376 195.76413198697
0.356375838926174 195.831370272284
0.356711409395973 195.898545274506
0.357046979865772 195.965657112645
0.35738255033557 196.032705905375
0.357718120805369 196.099691771036
0.358053691275168 196.166614827633
0.358389261744966 196.233475192842
0.358724832214765 196.300272984008
0.359060402684564 196.367008318147
0.359395973154362 196.433681311945
0.359731543624161 196.500292081764
0.36006711409396 196.566840743639
0.360402684563758 196.633327413281
0.360738255033557 196.699752206079
0.361073825503356 196.766115237098
0.361409395973154 196.832416621084
0.361744966442953 196.898656472464
0.362080536912752 196.964834905344
0.36241610738255 197.030952033516
0.362751677852349 197.097007970453
0.363087248322148 197.163002829317
0.363422818791946 197.228936722953
0.363758389261745 197.294809763896
0.364093959731544 197.360622064367
0.364429530201342 197.42637373628
0.364765100671141 197.492064891238
0.36510067114094 197.557695640535
0.365436241610738 197.623266095162
0.365771812080537 197.688776365802
0.366107382550336 197.754226562832
0.366442953020134 197.819616796328
0.366778523489933 197.884947176064
0.367114093959732 197.950217811512
0.36744966442953 198.015428811842
0.367785234899329 198.080580285929
0.368120805369128 198.145672342346
0.368456375838926 198.210705089373
0.368791946308725 198.275678634991
0.369127516778524 198.340593086889
0.369463087248322 198.405448552461
0.369798657718121 198.470245138808
0.370134228187919 198.534982952742
0.370469798657718 198.599662100782
0.370805369127517 198.664282689158
0.371140939597315 198.728844823814
0.371476510067114 198.793348610404
0.371812080536913 198.857794154298
0.372147651006711 198.922181560579
0.37248322147651 198.986510934046
0.372818791946309 199.050782379217
0.373154362416107 199.114996000325
0.373489932885906 199.179151901325
0.373825503355705 199.243250185889
0.374161073825503 199.307290957412
0.374496644295302 199.37127431901
0.374832214765101 199.435200373521
0.375167785234899 199.49906922351
0.375503355704698 199.562880971263
0.375838926174497 199.626635718796
0.376174496644295 199.690333567847
0.376510067114094 199.753974619887
0.376845637583893 199.817558976112
0.377181208053691 199.881086737449
0.37751677852349 199.944558004557
0.377852348993289 200.007972877824
0.378187919463087 200.071331457374
0.378523489932886 200.134633843061
0.378859060402685 200.197880134477
0.379194630872483 200.261070430947
0.379530201342282 200.324204831533
0.379865771812081 200.387283435035
0.380201342281879 200.450306339991
0.380536912751678 200.513273644678
0.380872483221476 200.576185447114
0.381208053691275 200.639041845055
0.381543624161074 200.701842936004
0.381879194630872 200.764588817202
0.382214765100671 200.827279585636
0.38255033557047 200.889915338039
0.382885906040268 200.952496170887
0.383221476510067 201.015022180403
0.383557046979866 201.077493462559
0.383892617449664 201.139910113073
0.384228187919463 201.202272227414
0.384563758389262 201.264579900799
0.38489932885906 201.326833228198
0.385234899328859 201.389032304332
0.385570469798658 201.451177223673
0.385906040268456 201.513268080448
0.386241610738255 201.575304968638
0.386577181208054 201.63728798198
0.386912751677852 201.699217213966
0.387248322147651 201.761092757844
0.38758389261745 201.822914706621
0.387919463087248 201.884683153063
0.388255033557047 201.946398189693
0.388590604026846 202.008059908798
0.388926174496644 202.069668402422
0.389261744966443 202.131223762373
0.389597315436242 202.192726080222
0.38993288590604 202.254175447302
0.390268456375839 202.315571954712
0.390604026845638 202.376915693314
0.390939597315436 202.438206753738
0.391275167785235 202.499445226379
0.391610738255034 202.560631201402
0.391946308724832 202.621764768737
0.392281879194631 202.682846018085
0.39261744966443 202.743875038918
0.392953020134228 202.804851920476
0.393288590604027 202.865776751773
0.393624161073826 202.926649621593
0.393959731543624 202.987470618494
0.394295302013423 203.048239830809
0.394630872483221 203.108957346644
0.39496644295302 203.169623253881
0.395302013422819 203.230237640177
0.395637583892617 203.290800592968
0.395973154362416 203.351312199466
0.396308724832215 203.411772546661
0.396644295302013 203.472181721324
0.396979865771812 203.532539810004
0.397315436241611 203.592846899031
0.397651006711409 203.653103074518
0.397986577181208 203.713308422358
0.398322147651007 203.773463028228
0.398657718120805 203.833566977587
0.398993288590604 203.893620355681
0.399328859060403 203.953623247539
0.399664429530201 204.013575737975
0.4 204.073477911592
0.400335570469799 204.133329852778
0.400671140939597 204.19313164571
0.401006711409396 204.252883374354
0.401342281879195 204.312585122463
0.401677852348993 204.372236973583
0.402013422818792 204.431839011048
0.402348993288591 204.491391317986
0.402684563758389 204.550893977314
0.403020134228188 204.610347071746
0.403355704697987 204.669750683785
0.403691275167785 204.72910489573
0.404026845637584 204.788409789677
0.404362416107383 204.847665447514
0.404697986577181 204.906871950928
0.40503355704698 204.9660293814
0.405369127516779 205.025137820212
0.405704697986577 205.084197348441
0.406040268456376 205.143208046966
0.406375838926175 205.202169996462
0.406711409395973 205.261083277407
0.407046979865772 205.31994797008
0.40738255033557 205.378764154559
0.407718120805369 205.437531910726
0.408053691275168 205.496251318266
0.408389261744966 205.554922456668
0.408724832214765 205.613545405223
0.409060402684564 205.672120243028
0.409395973154362 205.730647048985
0.409731543624161 205.789125901804
0.41006711409396 205.84755688
0.410402684563758 205.905940061894
0.410738255033557 205.964275525617
0.411073825503356 206.022563349109
0.411409395973154 206.080803610117
0.411744966442953 206.1389963862
0.412080536912752 206.197141754726
0.41241610738255 206.255239792875
0.412751677852349 206.313290577638
0.413087248322148 206.371294185818
0.413422818791946 206.429250694032
0.413758389261745 206.48716017871
0.414093959731544 206.545022716097
0.414429530201342 206.60283838225
0.414765100671141 206.660607253044
0.41510067114094 206.718329404168
0.415436241610738 206.776004911131
0.415771812080537 206.833633849254
0.416107382550336 206.89121629368
0.416442953020134 206.948752319368
0.416778523489933 207.006242001097
0.417114093959732 207.063685413464
0.41744966442953 207.121082630888
0.417785234899329 207.178433727606
0.418120805369128 207.235738777679
0.418456375838926 207.292997854989
0.418791946308725 207.350211033238
0.419127516778524 207.407378385955
0.419463087248322 207.464499986488
0.419798657718121 207.521575908012
0.420134228187919 207.578606223527
0.420469798657718 207.635591005855
0.420805369127517 207.692530327648
0.421140939597315 207.749424261379
0.421476510067114 207.806272879354
0.421812080536913 207.8630762537
0.422147651006711 207.919834456378
0.42248322147651 207.976547559172
0.422818791946309 208.033215633699
0.423154362416107 208.089838751404
0.423489932885906 208.146416983561
0.423825503355705 208.202950401277
0.424161073825503 208.259439075489
0.424496644295302 208.315883076966
0.424832214765101 208.372282476307
0.425167785234899 208.428637343948
0.425503355704698 208.484947750155
0.425838926174497 208.541213765028
0.426174496644295 208.597435458504
0.426510067114094 208.653612900351
0.426845637583893 208.709746160176
0.427181208053691 208.765835307419
0.42751677852349 208.821880411359
0.427852348993289 208.87788154111
0.428187919463087 208.933838765623
0.428523489932886 208.98975215369
0.428859060402685 209.045621773939
0.429194630872483 209.101447694836
0.429530201342282 209.157229984689
0.429865771812081 209.212968711646
0.430201342281879 209.268663943692
0.430536912751678 209.324315748657
0.430872483221477 209.37992419421
0.431208053691275 209.435489347863
0.431543624161074 209.491011276971
0.431879194630872 209.54649004873
0.432214765100671 209.60192573018
0.43255033557047 209.657318388207
0.432885906040268 209.712668089539
0.433221476510067 209.76797490075
0.433557046979866 209.823238888259
0.433892617449664 209.878460118331
0.434228187919463 209.933638657077
0.434563758389262 209.988774570455
0.43489932885906 210.043867924271
0.435234899328859 210.098918784176
0.435570469798658 210.153927215674
0.435906040268456 210.208893284113
0.436241610738255 210.263817054692
0.436577181208054 210.318698592461
0.436912751677852 210.373537962317
0.437248322147651 210.42833522901
0.43758389261745 210.483090457141
0.437919463087248 210.53780371116
0.438255033557047 210.592475055372
0.438590604026846 210.647104553931
0.438926174496644 210.701692270848
0.439261744966443 210.756238269983
0.439597315436242 210.810742615052
0.43993288590604 210.865205369625
0.440268456375839 210.919626597127
0.440604026845638 210.974006360836
0.440939597315436 211.028344723888
0.441275167785235 211.082641749273
0.441610738255034 211.136897499838
0.441946308724832 211.191112038287
0.442281879194631 211.245285427182
0.44261744966443 211.29941772894
0.442953020134228 211.353509005839
0.443288590604027 211.407559320015
0.443624161073826 211.461568733461
0.443959731543624 211.51553730803
0.444295302013423 211.569465105438
0.444630872483221 211.623352187257
0.44496644295302 211.677198614921
0.445302013422819 211.731004449726
0.445637583892617 211.784769752828
0.445973154362416 211.838494585248
0.446308724832215 211.892179007864
0.446644295302013 211.945823081422
0.446979865771812 211.999426866529
0.447315436241611 212.052990423654
0.447651006711409 212.106513813132
0.447986577181208 212.159997095162
0.448322147651007 212.213440329807
0.448657718120805 212.266843576997
0.448993288590604 212.320206896525
0.449328859060403 212.373530348053
0.449664429530201 212.426813991105
0.45 212.480057885077
0.450335570469799 212.533262089229
0.450671140939597 212.586426662688
0.451006711409396 212.639551664452
0.451342281879195 212.692637153384
0.451677852348993 212.745683188218
0.452013422818792 212.798689827557
0.452348993288591 212.851657129872
0.452684563758389 212.904585153505
0.453020134228188 212.957473956669
0.453355704697987 213.010323597446
0.453691275167785 213.063134133791
0.454026845637584 213.115905623528
0.454362416107383 213.168638124355
0.454697986577181 213.221331693842
0.45503355704698 213.27398638943
0.455369127516779 213.326602268435
0.455704697986577 213.379179388044
0.456040268456376 213.43171780532
0.456375838926175 213.4842175772
0.456711409395973 213.536678760492
0.457046979865772 213.589101411884
0.45738255033557 213.641485587936
0.457718120805369 213.693831345082
0.458053691275168 213.746138739637
0.458389261744966 213.798407827788
0.458724832214765 213.8506386656
0.459060402684564 213.902831309015
0.459395973154362 213.954985813852
0.459731543624161 214.007102235809
0.46006711409396 214.059180630461
0.460402684563758 214.111221053261
0.460738255033557 214.163223559542
0.461073825503356 214.215188204514
0.461409395973154 214.26711504327
0.461744966442953 214.31900413078
0.462080536912752 214.370855521896
0.46241610738255 214.422669271348
0.462751677852349 214.474445433749
0.463087248322148 214.526184063594
0.463422818791946 214.577885215256
0.463758389261745 214.629548942995
0.464093959731544 214.681175300948
0.464429530201342 214.732764343139
0.464765100671141 214.784316123471
0.46510067114094 214.835830695734
0.465436241610738 214.8873081136
0.465771812080537 214.938748430624
0.466107382550336 214.990151700246
0.466442953020134 215.041517975792
0.466778523489933 215.092847310471
0.467114093959732 215.144139757377
0.46744966442953 215.195395369493
0.467785234899329 215.246614199684
0.468120805369128 215.297796300703
0.468456375838926 215.348941725189
0.468791946308725 215.40005052567
0.469127516778523 215.451122754558
0.469463087248322 215.502158464154
0.469798657718121 215.553157706649
0.470134228187919 215.604120534118
0.470469798657718 215.655046998529
0.470805369127517 215.705937151735
0.471140939597315 215.75679104548
0.471476510067114 215.807608731397
0.471812080536913 215.85839026101
0.472147651006711 215.909135685732
0.47248322147651 215.959845056866
0.472818791946309 216.010518425607
0.473154362416107 216.06115584304
0.473489932885906 216.111757360141
0.473825503355705 216.162323027779
0.474161073825503 216.212852896715
0.474496644295302 216.2633470176
0.474832214765101 216.313805440981
0.475167785234899 216.364228217294
0.475503355704698 216.414615396871
0.475838926174497 216.464967029938
0.476174496644295 216.515283166612
0.476510067114094 216.565563856905
0.476845637583893 216.615809150725
0.477181208053691 216.666019097874
0.47751677852349 216.716193748048
0.477852348993289 216.766333150838
0.478187919463087 216.816437355732
0.478523489932886 216.866506412113
0.478859060402685 216.916540369262
0.479194630872483 216.966539276352
0.479530201342282 217.016503182458
0.479865771812081 217.066432136548
0.480201342281879 217.11632618749
0.480536912751678 217.166185384047
0.480872483221477 217.216009774883
0.481208053691275 217.265799408557
0.481543624161074 217.315554333529
0.481879194630872 217.365274598156
0.482214765100671 217.414960250695
0.48255033557047 217.464611339301
0.482885906040268 217.514227912031
0.483221476510067 217.56381001684
0.483557046979866 217.613357701583
0.483892617449664 217.662871014016
0.484228187919463 217.712350001796
0.484563758389262 217.76179471248
0.48489932885906 217.811205193527
0.485234899328859 217.860581492297
0.485570469798658 217.909923656053
0.485906040268456 217.959231731958
0.486241610738255 218.008505767079
0.486577181208054 218.057745808384
0.486912751677852 218.106951902747
0.487248322147651 218.156124096941
0.48758389261745 218.205262437645
0.487919463087248 218.254366971441
0.488255033557047 218.303437744815
0.488590604026846 218.352474804157
0.488926174496644 218.401478195762
0.489261744966443 218.450447965829
0.489597315436242 218.499384160463
0.48993288590604 218.548286825672
0.490268456375839 218.597156007372
0.490604026845638 218.645991751384
0.490939597315436 218.694794103434
0.491275167785235 218.743563109155
0.491610738255034 218.792298814087
0.491946308724832 218.841001263677
0.492281879194631 218.889670503276
0.49261744966443 218.938306578147
0.492953020134228 218.986909533457
0.493288590604027 219.035479414283
0.493624161073826 219.084016265608
0.493959731543624 219.132520132324
0.494295302013423 219.180991059233
0.494630872483221 219.229429091044
0.49496644295302 219.277834272376
0.495302013422819 219.326206647756
0.495637583892617 219.374546261622
0.495973154362416 219.422853158322
0.496308724832215 219.471127382112
0.496644295302013 219.51936897716
0.496979865771812 219.567577987544
0.497315436241611 219.615754457253
0.497651006711409 219.663898430186
0.497986577181208 219.712009950155
0.498322147651007 219.760089060881
0.498657718120805 219.808135806
0.498993288590604 219.856150229057
0.499328859060403 219.90413237351
0.499664429530201 219.95208228273
0.5 220
