0 135.970946528081
0.00149253731343284 135.970946528081
0.00298507462686567 135.9719906863
0.00447761194029851 135.976372019307
0.00597014925373134 135.986194325507
0.00746268656716418 136.003525887641
0.00895522388059702 136.030408507877
0.0104477611940299 136.068855462129
0.0119402985074627 136.120847291171
0.0134328358208955 136.188327012586
0.0149253731343284 136.273195179427
0.0164179104477612 136.377304935634
0.017910447761194 136.502457134069
0.0194029850746269 136.650395552602
0.0208955223880597 136.822802231062
0.0223880597014925 137.02129294607
0.0238805970149254 137.24741283774
0.0253731343283582 137.502632200528
0.0268656716417911 137.788342449349
0.0283582089552239 138.105852271283
0.0298507462686567 138.456383972485
0.0313432835820896 138.841070029343
0.0328358208955224 139.260949852337
0.0343283582089552 139.716966770511
0.0358208955223881 140.20996524394
0.0373134328358209 140.740688310994
0.0388059701492538 141.309775276676
0.0402985074626866 141.917759647715
0.0417910447761194 142.565067319558
0.0432835820895523 143.252015019771
0.0447761194029851 143.978809011822
0.0462686567164179 144.745544062576
0.0477611940298508 145.552202676243
0.0492537313432836 146.398654596901
0.0507462686567164 147.284656581118
0.0522388059701493 148.20985244153
0.0537313432835821 149.173773361663
0.055223880597015 150.175838481629
0.0567164179104478 151.215355753705
0.0582089552238806 152.291523066201
0.0597014925373135 153.403429633382
0.0611940298507463 154.550057648616
0.0626865671641791 155.730284197299
0.064179104477612 156.942883425514
0.0656716417910448 158.186528959788
0.0671641791044777 159.459796572743
0.0686567164179105 160.761167088835
0.0701492537313433 162.089029523867
0.0716417910447762 163.441684451371
0.073134328358209 164.817347588466
0.0746268656716418 166.214153593259
0.0761194029850747 167.630160065385
0.0776119402985075 169.063351740793
0.0791044776119404 170.511644871441
0.0805970149253732 171.972891780111
0.082089552238806 173.44488558018
0.0835820895522389 174.925365049745
0.0850746268656717 176.412019649173
0.0865671641791045 177.902494670794
0.0880597014925374 179.39439650913
0.0895522388059702 180.885298039777
0.0910447761194031 182.372744094784
0.0925373134328359 183.854257022142
0.0940298507462687 185.327342316795
0.0955223880597016 186.789494310378
0.0970149253731344 188.23820190678
0.0985074626865672 189.670954350457
0.1 191.085247014383
0.101492537313433 192.478587194398
0.102985074626866 193.848499896757
0.104477611940299 195.192533605602
0.105970149253731 196.508266017167
0.107462686567164 197.793309727545
0.108955223880597 199.045317860946
0.11044776119403 200.261989625503
0.111940298507463 201.441075783792
0.113432835820896 202.580384025443
0.114925373134328 203.677784229412
0.116417910447761 204.731213603692
0.117910447761194 205.738681690532
0.119402985074627 206.698275225503
0.12089552238806 207.608162839055
0.122388059701493 208.466599589568
0.123880597014925 209.271931317238
0.125373134328358 210.022598808555
0.126865671641791 210.717141761507
0.128358208955224 211.354202542115
0.129850746268657 211.932529723331
0.13134328358209 212.450981397818
0.132835820895522 212.908528256628
0.134328358208955 213.304256426297
0.135820895522388 213.637370057435
0.137313432835821 213.907193658394
0.138805970149254 214.113174168198
0.140298507462687 214.254882763475
0.141791044776119 214.332016394729
0.143283582089552 214.344399047874
0.144776119402985 214.291982727592
0.146268656716418 214.174848159657
0.147761194029851 213.993205210023
0.149253731343283 213.74739301909
0.150746268656716 213.437879850199
0.152238805970149 213.065262652047
0.153731343283582 212.630266335355
0.155223880597015 212.133742764749
0.156716417910448 211.576669467469
0.15820895522388 210.960148061145
0.159701492537313 210.285402403517
0.161194029850746 209.553776467586
0.162686567164179 208.766731946326
0.164179104477612 207.925845591674
0.165671641791045 207.03280629313
0.167164179104477 206.08941190187
0.16865671641791 205.097565806885
0.170149253731343 204.059273270173
0.171641791044776 202.976637528603
0.173134328358209 201.851855670582
0.174626865671641 200.687214296156
0.176119402985074 199.485084969705
0.177611940298507 198.247919474836
0.17910447761194 196.978244881547
0.180597014925373 195.678658436165
0.182089552238806 194.351822284969
0.183582089552238 193.000458042811
0.185074626865671 191.627341218364
0.186567164179104 190.235295508031
0.188059701492537 188.827186970788
0.18955223880597 187.405918096571
0.191044776119403 185.974421781041
0.192537313432835 184.535655219795
0.194029850746268 183.092593735301
0.195522388059701 181.648224549981
0.197014925373134 180.205540519032
0.198507462686567 178.767533836659
0.199999999999999 177.337189729493
0.201492537313432 175.917480151005
0.202985074626865 174.511357490745
0.204477611940298 173.121748312235
0.205970149253731 171.751547133275
0.207462686567164 170.403610262385
0.208955223880596 169.080749704972
0.210447761194029 167.785727152679
0.211940298507462 166.521248069234
0.213432835820895 165.289955885894
0.214925373134328 164.094426319365
0.216417910447761 162.937161824845
0.217910447761193 161.820586196525
0.219402985074626 160.747039327606
0.220895522388059 159.718772141533
0.222388059701492 158.737941705803
0.223880597014925 157.806606539307
0.225373134328357 156.926722123755
0.22686567164179 156.100136629314
0.228358208955223 155.328586864105
0.229850746268656 154.613694456753
0.231343283582089 153.956962280665
0.232835820895522 153.3597711282
0.234328358208954 152.823376642358
0.235820895522387 152.348906513048
0.23731343283582 151.937357944449
0.238805970149253 151.58959539935
0.240298507462686 151.306348625804
0.241791044776119 151.088210970775
0.243283582089551 150.935637984858
0.244776119402984 150.848946321519
0.246268656716417 150.828312933645
0.24776119402985 150.873774569552
0.249253731343283 150.985227569971
0.250746268656716 151.162427966814
0.252238805970148 151.40499188394
0.253731343283581 151.712396239412
0.255223880597014 152.083979748104
0.256716417910447 152.51894422288
0.25820895522388 153.016356171857
0.259701492537313 153.575148688666
0.261194029850745 154.194123631953
0.262686567164178 154.871954089721
0.264179104477611 155.607187123516
0.265671641791044 156.398246786799
0.267164179104477 157.243437411279
0.26865671641791 158.140947154369
0.270149253731343 159.088851800353
0.271641791044775 160.085118807285
0.273134328358208 161.127611591116
0.274626865671641 162.214094037979
0.276119402985074 163.3422352351
0.277611940298507 164.509614410278
0.27910447761194 165.713726069433
0.280597014925373 166.951985321266
0.282089552238805 168.221733377669
0.283582089552238 169.520243218108
0.285074626865671 170.844725405856
0.286567164179104 172.192334043584
0.288059701492537 173.560172855535
0.28955223880597 174.945301383177
0.291044776119402 176.344741281005
0.292537313432835 177.755482698923
0.294029850746268 179.174490737413
0.295522388059701 180.598711961571
0.297014925373134 182.025080959893
0.298507462686567 183.450526933644
0.300487660706369 184.203046282795
0.302467858726171 184.671208411094
0.304448056745973 185.136315573471
0.306428254765775 185.598407381465
0.308408452785577 186.057522681154
0.310388650805379 186.513699572753
0.312368848825181 186.966975429591
0.314349046844983 187.417386916477
0.316329244864785 187.864970007504
0.318309442884587 188.309760003286
0.320289640904389 188.751791547666
0.322269838924191 189.191098643909
0.324250036943993 189.627714670397
0.326230234963794 190.061672395847
0.328210432983596 190.493003994068
0.330190631003398 190.921741058279
0.3321708290232 191.347914614989
0.334151027043002 191.771555137474
0.336131225062804 192.192692558851
0.338111423082606 192.611356284772
0.340091621102408 193.027575205738
0.34207181912221 193.441377709071
0.344052017142012 193.852791690523
0.346032215161814 194.261844565568
0.348012413181616 194.668563280359
0.349992611201418 195.07297432238
0.35197280922122 195.475103730802
0.353953007241022 195.874977106536
0.355933205260824 196.272619622021
0.357913403280626 196.668056030724
0.359893601300428 197.061310676396
0.36187379932023 197.452407502055
0.363853997340032 197.841370058741
0.365834195359834 198.228221514021
0.367814393379636 198.612984660274
0.369794591399438 198.995681922742
0.37177478941924 199.37633536738
0.373754987439042 199.754966708487
0.375735185458844 200.131597316138
0.377715383478646 200.506248223423
0.379695581498448 200.878940133496
0.38167577951825 201.249693426435
0.383655977538052 201.618528165938
0.385636175557854 201.985464105829
0.387616373577656 202.350520696412
0.389596571597458 202.713717090655
0.39157676961726 203.075072150223
0.393556967637062 203.434604451349
0.395537165656864 203.792332290572
0.397517363676666 204.14827369032
0.399497561696468 204.502446404356
0.40147775971627 204.854867923098
0.403457957736072 205.205555478795
0.405438155755874 205.554526050589
0.407418353775676 205.901796369442
0.409398551795478 206.247382922955
0.41137874981528 206.591301960059
0.413358947835082 206.933569495605
0.415339145854884 207.274201314836
0.417319343874686 207.613212977756
0.419299541894488 207.950619823392
0.42127973991429 208.286436973964
0.423259937934092 208.620679338948
0.425240135953894 208.953361619049
0.427220333973696 209.28449831008
0.429200531993498 209.614103706754
0.4311807300133 209.942191906384
0.433160928033102 210.268776812502
0.435141126052904 210.593872138395
0.437121324072705 210.917491410561
0.439101522092507 211.239647972082
0.441081720112309 211.56035498593
0.443061918132111 211.879625438192
0.445042116151913 212.197472141225
0.447022314171715 212.513907736739
0.449002512191517 212.828944698821
0.450982710211319 213.142595336876
0.452962908231121 213.454871798521
0.454943106250923 213.765786072405
0.456923304270725 214.075349990967
0.458903502290527 214.383575233147
0.460883700310329 214.69047332702
0.462863898330131 214.996055652389
0.464844096349933 215.300333443317
0.466824294369735 215.6033177906
0.468804492389537 215.905019644201
0.470784690409339 216.205449815615
0.472764888429141 216.504618980201
0.474745086448943 216.802537679456
0.476725284468745 217.099216323243
0.478705482488547 217.394665191972
0.480685680508349 217.688894438743
0.482665878528151 217.981914091432
0.484646076547953 218.27373405475
0.486626274567755 218.564364112244
0.488606472587557 218.85381392827
0.490586670607359 219.142093049921
0.492566868627161 219.429210908914
0.494547066646963 219.715176823445
0.496527264666765 220
