0 1 -0
0.0013953488372093 1 -1314.66415705838
0.0027906976744186 1 -2626.80244634887
0.00418604651162791 1 -3933.89385306008
0.00558139534883721 1 -5233.42705896966
0.00697674418604651 1 -6522.90526744671
0.00837209302325581 1 -7799.85100055383
0.00976744186046512 1 -9061.81085903214
0.0111627906976744 1 -10306.3602360238
0.0125581395348837 1 -11531.1079754759
0.013953488372093 1 -12733.7009662745
0.0153488372093023 1 -13911.8286632837
0.0167441860465116 1 -15063.2275266024
0.0181395348837209 1 -16185.6853705089
0.0195348837209302 1 -17277.0456137399
0.0209302325581395 1 -18335.2114229355
0.0223255813953488 1 -19358.1497412909
0.0237209302325581 1 -20343.8951946739
0.0251162790697674 1 -21290.5538677033
0.0265116279069767 1 -22196.306942534
0.027906976744186 1 -23059.414193356
0.0293023255813953 1 -23878.2173298954
0.0306976744186047 1 -24651.1431834919
0.032093023255814 1 -25376.7067296317
0.0334883720930233 1 -26053.5139411293
0.0348837209302326 1 -26680.2644664756
0.0362790697674419 1 -27255.7541282067
0.0376744186046512 1 -27778.8772364934
0.0390697674418605 1 -28248.6287135059
0.0404651162790698 1 -28664.1060244727
0.0418604651162791 1 -29024.5109117228
0.0432558139534884 1 -29329.1509283805
0.0446511627906977 1 -29577.4407687655
0.046046511627907 1 -29768.9033929421
0.0474418604651163 1 -29903.1709432574
0.0488372093023256 1 -29979.9854511072
0.0502325581395349 1 -29999.1993325717
0.0516279069767442 1 -29960.775671969
0.0530232558139535 1 -29864.7882927811
0.0544186046511628 1 -29711.421615817
0.0558139534883721 1 -29500.970304884
0.0572093023255814 1 -29233.8387006498
0.0586046511627907 1 -28910.5400437814
0.06 1 -28531.6954888546
0.0613953488372093 1 -28098.0329109281
0.0627906976744186 1 -27610.3855070748
0.0641860465116279 1 -27069.6901955586
0.0655813953488372 1 -26476.9858157303
0.0669767441860465 1 -25833.4111321034
0.0683720930232558 1 -25140.2026464419
0.0697674418604651 1 -24398.692222067
0.0711627906976744 1 -23610.3045249441
0.0725581395348837 1 -22776.5542864683
0.073953488372093 1 -21899.0433932071
0.0753488372093023 1 -20979.4578091911
0.0767441860465116 1 -20019.5643366672
0.0781395348837209 1 -19021.2072215363
0.0795348837209302 1 -17986.3046099992
0.0809302325581395 1 -16916.8448632165
0.0823255813953488 1 -15814.8827370657
0.0837209302325581 1 -14682.5354343326
0.0851162790697674 1 -13521.9785369244
0.0865116279069768 1 -12335.441825918
0.087906976744186 1 -11125.2049974759
0.0893023255813954 1 -9893.59328285977
0.0906976744186047 1 -8642.97298095712
0.0920930232558139 1 -7375.74691190541
0.0934883720930233 1 -6094.34980054686
0.0948837209302326 1 -4801.24359858536
0.0962790697674419 1 -3498.9127544319
0.0976744186046512 1 -2189.85943982723
0.0990697674418605 1 -876.598742412586
0.10046511627907 1 438.346166514881
0.101860465116279 1 1752.44887977798
0.103255813953488 1 3063.18460831228
0.104651162790698 1 4368.03503205015
0.106046511627907 1 5664.49313837581
0.107441860465116 1 6950.06803885543
0.108837209302326 1 8222.28975498775
0.110232558139535 1 9478.71396378035
0.111627906976744 1 10716.926694034
0.113023255813953 1 11934.548964312
0.114418604651163 1 13129.2413536836
0.115813953488372 1 14298.7084964596
0.117209302325581 1 15440.7034922847
0.118604651162791 1 16553.0322231134
0.12 1 17633.5575687742
0.121395348837209 1 18680.2035130251
0.122790697674419 1 19690.9591322086
0.124186046511628 1 20663.8824588451
0.125581395348837 1 21597.1042127399
0.126976744186047 1 22488.8313924365
0.128372093023256 1 23337.3507201149
0.129767441860465 1 24141.0319333172
0.131162790697674 1 24898.3309171747
0.132558139534884 1 25607.7926711204
0.133953488372093 1 26268.0541043853
0.135348837209302 1 26877.8466549082
0.136744186046512 1 27435.9987266279
0.138139534883721 1 27941.4379404733
0.13953488372093 1 28393.1931947283
0.14093023255814 1 28790.3965308123
0.142325581395349 1 29132.2848008914
0.143720930232558 1 29418.2011341161
0.145116279069767 1 29647.5961986692
0.146511627906977 1 29820.0292571984
0.147906976744186 1 29935.1690136063
0.149302325581395 1 29992.7942495704
0.150697674418605 1 29992.7942495704
0.152093023255814 1 29935.1690136063
0.153488372093023 1 29820.0292571984
0.154883720930233 1 29647.5961986692
0.156279069767442 1 29418.2011341161
0.157674418604651 1 29132.2848008914
0.15906976744186 1 28790.3965308123
0.16046511627907 1 28393.1931947283
0.161860465116279 1 27941.4379404733
0.163255813953488 1 27435.9987266279
0.164651162790698 1 26877.8466549082
0.166046511627907 1 26268.0541043852
0.167441860465116 1 25607.7926711204
0.168837209302326 1 24898.3309171747
0.170232558139535 1 24141.0319333172
0.171627906976744 1 23337.350720115
0.173023255813954 1 22488.8313924365
0.174418604651163 1 21597.1042127399
0.175813953488372 1 20663.8824588451
0.177209302325581 1 19690.9591322086
0.178604651162791 1 18680.2035130251
0.18 1 17633.5575687742
0.181395348837209 1 16553.0322231134
0.182790697674419 1 15440.7034922847
0.184186046511628 1 14298.7084964596
0.185581395348837 1 13129.2413536836
0.186976744186047 1 11934.548964312
0.188372093023256 1 10716.926694034
0.189767441860465 1 9478.71396378032
0.191162790697674 1 8222.28975498773
0.192558139534884 1 6950.06803885543
0.193953488372093 1 5664.4931383758
0.195348837209302 1 4368.03503205015
0.196744186046512 1 3063.18460831226
0.198139534883721 1 1752.44887977796
0.19953488372093 1 438.346166514892
0.20093023255814 1 -876.598742412602
0.202325581395349 1 -2189.85943982723
0.203720930232558 1 -3498.9127544319
0.205116279069767 1 -4801.24359858539
0.206511627906977 1 -6094.34980054685
0.207906976744186 1 -7375.74691190538
0.209302325581395 1 -8642.97298095713
0.210697674418605 1 -9893.59328285977
0.212093023255814 1 -11125.204997476
0.213488372093023 1 -12335.441825918
0.214883720930233 1 -13521.9785369244
0.216279069767442 1 -14682.5354343326
0.217674418604651 1 -15814.8827370657
0.21906976744186 1 -16916.8448632165
0.22046511627907 1 -17986.3046099992
0.221860465116279 1 -19021.2072215363
0.223255813953488 1 -20019.5643366672
0.224651162790698 1 -20979.4578091911
0.226046511627907 1 -21899.0433932071
0.227441860465116 1 -22776.5542864683
0.228837209302326 1 -23610.3045249441
0.230232558139535 1 -24398.692222067
0.231627906976744 1 -25140.2026464419
0.233023255813954 1 -25833.4111321034
0.234418604651163 1 -26476.9858157303
0.235813953488372 1 -27069.6901955586
0.237209302325581 1 -27610.3855070748
0.238604651162791 1 -28098.0329109281
0.24 1 -28531.6954888546
0.241395348837209 1 -28910.5400437814
0.242790697674419 1 -29233.8387006498
0.244186046511628 1 -29500.970304884
0.245581395348837 1 -29711.421615817
0.246976744186047 1 -29864.7882927811
0.248372093023256 1 -29960.775671969
0.249767441860465 1 -29999.1993325717
0.251162790697674 1 -29979.9854511072
0.252558139534884 1 -29903.1709432574
0.253953488372093 1 -29768.9033929421
0.255348837209302 1 -29577.4407687655
0.256744186046512 1 -29329.1509283805
0.258139534883721 1 -29024.5109117228
0.25953488372093 1 -28664.1060244727
0.26093023255814 1 -28248.6287135059
0.262325581395349 1 -27778.8772364934
0.263720930232558 1 -27255.7541282067
0.265116279069767 1 -26680.2644664756
0.266511627906977 1 -26053.5139411293
0.267906976744186 1 -25376.7067296317
0.269302325581395 1 -24651.1431834919
0.270697674418605 1 -23878.2173298954
0.272093023255814 1 -23059.4141933559
0.273488372093023 1 -22196.306942534
0.274883720930233 1 -21290.5538677033
0.276279069767442 1 -20343.8951946739
0.277674418604651 1 -19358.1497412909
0.27906976744186 1 -18335.2114229355
0.28046511627907 1 -17277.0456137399
0.281860465116279 1 -16185.6853705089
0.283255813953488 1 -15063.2275266024
0.284651162790698 1 -13911.8286632837
0.286046511627907 1 -12733.7009662744
0.287441860465116 1 -11531.1079754759
0.288837209302326 1 -10306.3602360238
0.290232558139535 1 -9061.81085903209
0.291627906976744 1 -7799.85100055381
0.293023255813953 1 -6522.90526744672
0.294418604651163 1 -5233.42705896966
0.295813953488372 1 -3933.89385306011
0.297209302325581 1 -2626.80244634887
0.298604651162791 1 -1314.66415705836
0.3 4 0
0.301869158878505 4 0
0.303738317757009 4 0
0.305607476635514 4 0
0.307476635514019 4 0
0.309345794392523 4 0
0.311214953271028 4 0
0.313084112149533 4 0
0.314953271028037 4 0
0.316822429906542 4 0
0.318691588785047 4 0
0.320560747663551 4 0
0.322429906542056 4 0
0.324299065420561 4 0
0.326168224299065 4 0
0.32803738317757 4 0
0.329906542056075 4 0
0.331775700934579 4 0
0.333644859813084 4 0
0.335514018691589 4 0
0.337383177570093 4 0
0.339252336448598 4 0
0.341121495327103 4 0
0.342990654205607 4 0
0.344859813084112 4 0
0.346728971962617 4 0
0.348598130841122 4 0
0.350467289719626 4 0
0.352336448598131 4 0
0.354205607476635 4 0
0.35607476635514 4 0
0.357943925233645 4 0
0.35981308411215 4 0
0.361682242990654 4 0
0.363551401869159 4 0
0.365420560747664 4 0
0.367289719626168 4 0
0.369158878504673 4 0
0.371028037383178 4 0
0.372897196261682 4 0
0.374766355140187 4 0
0.376635514018692 4 0
0.378504672897196 4 0
0.380373831775701 4 0
0.382242990654206 4 0
0.38411214953271 4 0
0.385981308411215 4 0
0.38785046728972 4 0
0.389719626168224 4 0
0.391588785046729 4 0
0.393457943925234 4 0
0.395327102803738 4 0
0.397196261682243 4 0
0.399065420560748 4 0
0.400934579439252 4 0
0.402803738317757 4 0
0.404672897196262 4 0
0.406542056074766 4 0
0.408411214953271 4 0
0.410280373831776 4 0
0.41214953271028 4 0
0.414018691588785 4 0
0.41588785046729 4 0
0.417757009345794 4 0
0.419626168224299 4 0
0.421495327102804 4 0
0.423364485981308 4 0
0.425233644859813 4 0
0.427102803738318 4 0
0.428971962616822 4 0
0.430841121495327 4 0
0.432710280373832 4 0
0.434579439252336 4 0
0.436448598130841 4 0
0.438317757009346 4 0
0.44018691588785 4 0
0.442056074766355 4 0
0.44392523364486 4 0
0.445794392523365 4 0
0.447663551401869 4 0
0.449532710280374 4 0
0.451401869158878 4 0
0.453271028037383 4 0
0.455140186915888 4 0
0.457009345794393 4 0
0.458878504672897 4 0
0.460747663551402 4 0
0.462616822429907 4 0
0.464485981308411 4 0
0.466355140186916 4 0
0.468224299065421 4 0
0.470093457943925 4 0
0.47196261682243 4 0
0.473831775700935 4 0
0.475700934579439 4 0
0.477570093457944 4 0
0.479439252336449 4 0
0.481308411214953 4 0
0.483177570093458 4 0
0.485046728971963 4 0
0.486915887850467 4 0
0.488785046728972 4 0
0.490654205607477 4 0
0.492523364485981 4 0
0.494392523364486 4 0
0.496261682242991 4 0
0.498130841121495 4 0
0.5 4 0
