0 1 -0
0.00128205128205128 1 -1207.97820328245
0.00256410256410256 1 -2413.99706150178
0.00384615384615385 1 -3616.10040765969
0.00512820512820513 1 -4812.33842573281
0.00641025641025641 1 -6000.77081328133
0.00769230769230769 1 -7179.46992862673
0.00897435897435897 1 -8346.52391749358
0.0102564102564103 1 -9500.03981404417
0.0115384615384615 1 -10638.1466112761
0.0128205128205128 1 -11758.9982958023
0.0141025641025641 1 -12860.7768420916
0.0153846153846154 1 -13941.6951613131
0.0166666666666667 1 -15000
0.0179487179487179 1 -16033.974783834
0.0192307692307692 1 -17041.9424019347
0.0205128205128205 1 -18022.2679271394
0.0217948717948718 1 -18973.3612678613
0.0230769230769231 1 -19893.6797472239
0.0243589743589744 1 -20781.730605288
0.0256410256410256 1 -21636.0734203144
0.0269230769230769 1 -22455.322445133
0.0282051282051282 1 -23238.1488548296
0.0294871794871795 1 -23983.282902105
0.0307692307692308 1 -24689.5159768097
0.032051282051282 1 -25355.7025663138
0.0333333333333333 1 -25980.7621135332
0.0346153846153846 1 -26563.6807695963
0.0358974358974359 1 -27103.5130383115
0.0371794871794872 1 -27599.3833097647
0.0384615384615385 1 -28050.4872805624
0.0397435897435897 1 -28456.0932584144
0.041025641025641 1 -28815.5433489412
0.0423076923076923 1 -29128.2545227816
0.0435897435897436 1 -29393.719561268
0.0448717948717949 1 -29611.5078791374
0.0461538461538462 1 -29781.2662229416
0.0474358974358974 1 -29902.7192440263
0.0487179487179487 1 -29975.6699451471
0.05 1 -30000
0.0512820512820513 1 -29975.6699451471
0.0525641025641026 1 -29902.7192440263
0.0538461538461538 1 -29781.2662229416
0.0551282051282051 1 -29611.5078791374
0.0564102564102564 1 -29393.719561268
0.0576923076923077 1 -29128.2545227816
0.058974358974359 1 -28815.5433489412
0.0602564102564103 1 -28456.0932584144
0.0615384615384615 1 -28050.4872805624
0.0628205128205128 1 -27599.3833097647
0.0641025641025641 1 -27103.5130383115
0.0653846153846154 1 -26563.6807695963
0.0666666666666667 1 -25980.7621135332
0.0679487179487179 1 -25355.7025663138
0.0692307692307692 1 -24689.5159768097
0.0705128205128205 1 -23983.282902105
0.0717948717948718 1 -23238.1488548296
0.0730769230769231 1 -22455.322445133
0.0743589743589744 1 -21636.0734203144
0.0756410256410256 1 -20781.730605288
0.0769230769230769 1 -19893.6797472239
0.0782051282051282 1 -18973.3612678613
0.0794871794871795 1 -18022.2679271394
0.0807692307692308 1 -17041.9424019347
0.0820512820512821 1 -16033.974783834
0.0833333333333333 1 -15000
0.0846153846153846 1 -13941.695161313
0.0858974358974359 1 -12860.7768420916
0.0871794871794872 1 -11758.9982958023
0.0884615384615385 1 -10638.1466112761
0.0897435897435897 1 -9500.03981404417
0.091025641025641 1 -8346.52391749358
0.0923076923076923 1 -7179.46992862673
0.0935897435897436 1 -6000.77081328133
0.0948717948717949 1 -4812.33842573282
0.0961538461538462 1 -3616.10040765969
0.0974358974358974 1 -2413.99706150178
0.0987179487179487 1 -1207.97820328245
0.1 1 9.64885723403475e-012
0.101282051282051 1 1207.97820328246
0.102564102564103 1 2413.99706150178
0.103846153846154 1 3616.1004076597
0.105128205128205 1 4812.33842573281
0.106410256410256 1 6000.77081328133
0.107692307692308 1 7179.46992862674
0.108974358974359 1 8346.52391749358
0.11025641025641 1 9500.03981404417
0.111538461538462 1 10638.1466112761
0.112820512820513 1 11758.9982958023
0.114102564102564 1 12860.7768420916
0.115384615384615 1 13941.6951613131
0.116666666666667 1 15000
0.117948717948718 1 16033.974783834
0.119230769230769 1 17041.9424019347
0.120512820512821 1 18022.2679271394
0.121794871794872 1 18973.3612678613
0.123076923076923 1 19893.6797472239
0.124358974358974 1 20781.730605288
0.125641025641026 1 21636.0734203144
0.126923076923077 1 22455.322445133
0.128205128205128 1 23238.1488548296
0.129487179487179 1 23983.282902105
0.130769230769231 1 24689.5159768097
0.132051282051282 1 25355.7025663138
0.133333333333333 1 25980.7621135332
0.134615384615385 1 26563.6807695963
0.135897435897436 1 27103.5130383115
0.137179487179487 1 27599.3833097647
0.138461538461538 1 28050.4872805625
0.13974358974359 1 28456.0932584144
0.141025641025641 1 28815.5433489412
0.142307692307692 1 29128.2545227816
0.143589743589744 1 29393.719561268
0.144871794871795 1 29611.5078791374
0.146153846153846 1 29781.2662229416
0.147435897435897 1 29902.7192440263
0.148717948717949 1 29975.6699451471
0.15 1 30000
0.151282051282051 1 29975.6699451471
0.152564102564103 1 29902.7192440263
0.153846153846154 1 29781.2662229416
0.155128205128205 1 29611.5078791374
0.156410256410256 1 29393.719561268
0.157692307692308 1 29128.2545227816
0.158974358974359 1 28815.5433489412
0.16025641025641 1 28456.0932584144
0.161538461538462 1 28050.4872805624
0.162820512820513 1 27599.3833097647
0.164102564102564 1 27103.5130383115
0.165384615384615 1 26563.6807695963
0.166666666666667 1 25980.7621135332
0.167948717948718 1 25355.7025663138
0.169230769230769 1 24689.5159768097
0.170512820512821 1 23983.282902105
0.171794871794872 1 23238.1488548296
0.173076923076923 1 22455.322445133
0.174358974358974 1 21636.0734203144
0.175641025641026 1 20781.730605288
0.176923076923077 1 19893.6797472238
0.178205128205128 1 18973.3612678613
0.179487179487179 1 18022.2679271394
0.180769230769231 1 17041.9424019347
0.182051282051282 1 16033.974783834
0.183333333333333 1 15000
0.184615384615385 1 13941.6951613131
0.185897435897436 1 12860.7768420916
0.187179487179487 1 11758.9982958023
0.188461538461538 1 10638.1466112761
0.18974358974359 1 9500.03981404419
0.191025641025641 1 8346.5239174936
0.192307692307692 1 7179.46992862673
0.193589743589744 1 6000.77081328134
0.194871794871795 1 4812.33842573282
0.196153846153846 1 3616.10040765968
0.197435897435897 1 2413.99706150177
0.198717948717949 1 1207.97820328246
0.2 1 -1.92977144680695e-011
0.201282051282051 1 -1207.97820328247
0.202564102564103 1 -2413.99706150178
0.203846153846154 1 -3616.10040765969
0.205128205128205 1 -4812.3384257328
0.206410256410256 1 -6000.77081328132
0.207692307692308 1 -7179.46992862675
0.208974358974359 1 -8346.52391749359
0.21025641025641 1 -9500.03981404418
0.211538461538462 1 -10638.1466112761
0.212820512820513 1 -11758.9982958022
0.214102564102564 1 -12860.7768420916
0.215384615384615 1 -13941.6951613131
0.216666666666667 1 -15000
0.217948717948718 1 -16033.974783834
0.219230769230769 1 -17041.9424019347
0.220512820512821 1 -18022.2679271394
0.221794871794872 1 -18973.3612678613
0.223076923076923 1 -19893.6797472239
0.224358974358974 1 -20781.730605288
0.225641025641026 1 -21636.0734203144
0.226923076923077 1 -22455.322445133
0.228205128205128 1 -23238.1488548296
0.229487179487179 1 -23983.282902105
0.230769230769231 1 -24689.5159768097
0.232051282051282 1 -25355.7025663139
0.233333333333333 1 -25980.7621135332
0.234615384615385 1 -26563.6807695963
0.235897435897436 1 -27103.5130383115
0.237179487179487 1 -27599.3833097647
0.238461538461538 1 -28050.4872805624
0.23974358974359 1 -28456.0932584144
0.241025641025641 1 -28815.5433489412
0.242307692307692 1 -29128.2545227816
0.243589743589744 1 -29393.719561268
0.244871794871795 1 -29611.5078791374
0.246153846153846 1 -29781.2662229416
0.247435897435897 1 -29902.7192440263
0.248717948717949 1 -29975.6699451471
0.25 1 -30000
0.251282051282051 1 -29975.6699451471
0.252564102564103 1 -29902.7192440263
0.253846153846154 1 -29781.2662229416
0.255128205128205 1 -29611.5078791374
0.256410256410256 1 -29393.719561268
0.257692307692308 1 -29128.2545227816
0.258974358974359 1 -28815.5433489412
0.26025641025641 1 -28456.0932584144
0.261538461538462 1 -28050.4872805624
0.262820512820513 1 -27599.3833097647
0.264102564102564 1 -27103.5130383115
0.265384615384615 1 -26563.6807695963
0.266666666666667 1 -25980.7621135332
0.267948717948718 1 -25355.7025663139
0.269230769230769 1 -24689.5159768097
0.27051282051282 1 -23983.282902105
0.271794871794872 1 -23238.1488548296
0.273076923076923 1 -22455.322445133
0.274358974358974 1 -21636.0734203144
0.275641025641026 1 -20781.730605288
0.276923076923077 1 -19893.6797472238
0.278205128205128 1 -18973.3612678613
0.279487179487179 1 -18022.2679271393
0.280769230769231 1 -17041.9424019347
0.282051282051282 1 -16033.974783834
0.283333333333333 1 -15000
0.284615384615385 1 -13941.6951613131
0.285897435897436 1 -12860.7768420916
0.287179487179487 1 -11758.9982958023
0.288461538461538 1 -10638.1466112761
0.28974358974359 1 -9500.03981404414
0.291025641025641 1 -8346.52391749355
0.292307692307692 1 -7179.46992862671
0.293589743589744 1 -6000.77081328132
0.294871794871795 1 -4812.3384257328
0.296153846153846 1 -3616.10040765969
0.297435897435897 1 -2413.99706150178
0.298717948717949 1 -1207.97820328246
0.3 4 0
0.30042735042735 4 0
0.300854700854701 4 0
0.301282051282051 4 0
0.301709401709402 4 0
0.302136752136752 4 0
0.302564102564103 4 0
0.302991452991453 4 0
0.303418803418803 4 0
0.303846153846154 4 0
0.304273504273504 4 0
0.304700854700855 4 0
0.305128205128205 4 0
0.305555555555556 4 0
0.305982905982906 4 0
0.306410256410256 4 0
0.306837606837607 4 0
0.307264957264957 4 0
0.307692307692308 4 0
0.308119658119658 4 0
0.308547008547009 4 0
0.308974358974359 4 0
0.309401709401709 4 0
0.30982905982906 4 0
0.31025641025641 4 0
0.310683760683761 4 0
0.311111111111111 4 0
0.311538461538462 4 0
0.311965811965812 4 0
0.312393162393162 4 0
0.312820512820513 4 0
0.313247863247863 4 0
0.313675213675214 4 0
0.314102564102564 4 0
0.314529914529915 4 0
0.314957264957265 4 0
0.315384615384615 4 0
0.315811965811966 4 0
0.316239316239316 4 0
0.316666666666667 4 0
0.317094017094017 4 0
0.317521367521368 4 0
0.317948717948718 4 0
0.318376068376068 4 0
0.318803418803419 4 0
0.319230769230769 4 0
0.31965811965812 4 0
0.32008547008547 4 0
0.32051282051282 4 0
0.320940170940171 4 0
0.321367521367521 4 0
0.321794871794872 4 0
0.322222222222222 4 0
0.322649572649573 4 0
0.323076923076923 4 0
0.323504273504274 4 0
0.323931623931624 4 0
0.324358974358974 4 0
0.324786324786325 4 0
0.325213675213675 4 0
0.325641025641026 4 0
0.326068376068376 4 0
0.326495726495727 4 0
0.326923076923077 4 0
0.327350427350427 4 0
0.327777777777778 4 0
0.328205128205128 4 0
0.328632478632479 4 0
0.329059829059829 4 0
0.329487179487179 4 0
0.32991452991453 4 0
0.33034188034188 4 0
0.330769230769231 4 0
0.331196581196581 4 0
0.331623931623932 4 0
0.332051282051282 4 0
0.332478632478632 4 0
0.332905982905983 4 0
0.333333333333333 4 0
0.333760683760684 4 0
0.334188034188034 4 0
0.334615384615385 4 0
0.335042735042735 4 0
0.335470085470085 4 0
0.335897435897436 4 0
0.336324786324786 4 0
0.336752136752137 4 0
0.337179487179487 4 0
0.337606837606838 4 0
0.338034188034188 4 0
0.338461538461538 4 0
0.338888888888889 4 0
0.339316239316239 4 0
0.33974358974359 4 0
0.34017094017094 4 0
0.340598290598291 4 0
0.341025641025641 4 0
0.341452991452991 4 0
0.341880341880342 4 0
0.342307692307692 4 0
0.342735042735043 4 0
0.343162393162393 4 0
0.343589743589744 4 0
0.344017094017094 4 0
0.344444444444444 4 0
0.344871794871795 4 0
0.345299145299145 4 0
0.345726495726496 4 0
0.346153846153846 4 0
0.346581196581197 4 0
0.347008547008547 4 0
0.347435897435897 4 0
0.347863247863248 4 0
0.348290598290598 4 0
0.348717948717949 4 0
0.349145299145299 4 0
0.34957264957265 4 0
0.35 4 0
0.35042735042735 4 0
0.350854700854701 4 0
0.351282051282051 4 0
0.351709401709402 4 0
0.352136752136752 4 0
0.352564102564103 4 0
0.352991452991453 4 0
0.353418803418803 4 0
0.353846153846154 4 0
0.354273504273504 4 0
0.354700854700855 4 0
0.355128205128205 4 0
0.355555555555556 4 0
0.355982905982906 4 0
0.356410256410256 4 0
0.356837606837607 4 0
0.357264957264957 4 0
0.357692307692308 4 0
0.358119658119658 4 0
0.358547008547009 4 0
0.358974358974359 4 0
0.359401709401709 4 0
0.35982905982906 4 0
0.36025641025641 4 0
0.360683760683761 4 0
0.361111111111111 4 0
0.361538461538462 4 0
0.361965811965812 4 0
0.362393162393162 4 0
0.362820512820513 4 0
0.363247863247863 4 0
0.363675213675214 4 0
0.364102564102564 4 0
0.364529914529915 4 0
0.364957264957265 4 0
0.365384615384615 4 0
0.365811965811966 4 0
0.366239316239316 4 0
0.366666666666667 4 0
0.367094017094017 4 0
0.367521367521367 4 0
0.367948717948718 4 0
0.368376068376068 4 0
0.368803418803419 4 0
0.369230769230769 4 0
0.36965811965812 4 0
0.37008547008547 4 0
0.370512820512821 4 0
0.370940170940171 4 0
0.371367521367521 4 0
0.371794871794872 4 0
0.372222222222222 4 0
0.372649572649573 4 0
0.373076923076923 4 0
0.373504273504274 4 0
0.373931623931624 4 0
0.374358974358974 4 0
0.374786324786325 4 0
0.375213675213675 4 0
0.375641025641026 4 0
0.376068376068376 4 0
0.376495726495726 4 0
0.376923076923077 4 0
0.377350427350427 4 0
0.377777777777778 4 0
0.378205128205128 4 0
0.378632478632479 4 0
0.379059829059829 4 0
0.379487179487179 4 0
0.37991452991453 4 0
0.38034188034188 4 0
0.380769230769231 4 0
0.381196581196581 4 0
0.381623931623932 4 0
0.382051282051282 4 0
0.382478632478632 4 0
0.382905982905983 4 0
0.383333333333333 4 0
0.383760683760684 4 0
0.384188034188034 4 0
0.384615384615385 4 0
0.385042735042735 4 0
0.385470085470085 4 0
0.385897435897436 4 0
0.386324786324786 4 0
0.386752136752137 4 0
0.387179487179487 4 0
0.387606837606838 4 0
0.388034188034188 4 0
0.388461538461538 4 0
0.388888888888889 4 0
0.389316239316239 4 0
0.38974358974359 4 0
0.39017094017094 4 0
0.390598290598291 4 0
0.391025641025641 4 0
0.391452991452991 4 0
0.391880341880342 4 0
0.392307692307692 4 0
0.392735042735043 4 0
0.393162393162393 4 0
0.393589743589744 4 0
0.394017094017094 4 0
0.394444444444444 4 0
0.394871794871795 4 0
0.395299145299145 4 0
0.395726495726496 4 0
0.396153846153846 4 0
0.396581196581197 4 0
0.397008547008547 4 0
0.397435897435897 4 0
0.397863247863248 4 0
0.398290598290598 4 0
0.398717948717949 4 0
0.399145299145299 4 0
0.39957264957265 4 0
0.4 4 0
0.40042735042735 4 0
0.400854700854701 4 0
0.401282051282051 4 0
0.401709401709402 4 0
0.402136752136752 4 0
0.402564102564103 4 0
0.402991452991453 4 0
0.403418803418803 4 0
0.403846153846154 4 0
0.404273504273504 4 0
0.404700854700855 4 0
0.405128205128205 4 0
0.405555555555556 4 0
0.405982905982906 4 0
0.406410256410256 4 0
0.406837606837607 4 0
0.407264957264957 4 0
0.407692307692308 4 0
0.408119658119658 4 0
0.408547008547009 4 0
0.408974358974359 4 0
0.409401709401709 4 0
0.40982905982906 4 0
0.41025641025641 4 0
0.410683760683761 4 0
0.411111111111111 4 0
0.411538461538462 4 0
0.411965811965812 4 0
0.412393162393162 4 0
0.412820512820513 4 0
0.413247863247863 4 0
0.413675213675214 4 0
0.414102564102564 4 0
0.414529914529915 4 0
0.414957264957265 4 0
0.415384615384615 4 0
0.415811965811966 4 0
0.416239316239316 4 0
0.416666666666667 4 0
0.417094017094017 4 0
0.417521367521368 4 0
0.417948717948718 4 0
0.418376068376068 4 0
0.418803418803419 4 0
0.419230769230769 4 0
0.41965811965812 4 0
0.42008547008547 4 0
0.420512820512821 4 0
0.420940170940171 4 0
0.421367521367521 4 0
0.421794871794872 4 0
0.422222222222222 4 0
0.422649572649573 4 0
0.423076923076923 4 0
0.423504273504273 4 0
0.423931623931624 4 0
0.424358974358974 4 0
0.424786324786325 4 0
0.425213675213675 4 0
0.425641025641026 4 0
0.426068376068376 4 0
0.426495726495726 4 0
0.426923076923077 4 0
0.427350427350427 4 0
0.427777777777778 4 0
0.428205128205128 4 0
0.428632478632479 4 0
0.429059829059829 4 0
0.429487179487179 4 0
0.42991452991453 4 0
0.43034188034188 4 0
0.430769230769231 4 0
0.431196581196581 4 0
0.431623931623932 4 0
0.432051282051282 4 0
0.432478632478632 4 0
0.432905982905983 4 0
0.433333333333333 4 0
0.433760683760684 4 0
0.434188034188034 4 0
0.434615384615385 4 0
0.435042735042735 4 0
0.435470085470085 4 0
0.435897435897436 4 0
0.436324786324786 4 0
0.436752136752137 4 0
0.437179487179487 4 0
0.437606837606838 4 0
0.438034188034188 4 0
0.438461538461538 4 0
0.438888888888889 4 0
0.439316239316239 4 0
0.43974358974359 4 0
0.44017094017094 4 0
0.440598290598291 4 0
0.441025641025641 4 0
0.441452991452991 4 0
0.441880341880342 4 0
0.442307692307692 4 0
0.442735042735043 4 0
0.443162393162393 4 0
0.443589743589744 4 0
0.444017094017094 4 0
0.444444444444444 4 0
0.444871794871795 4 0
0.445299145299145 4 0
0.445726495726496 4 0
0.446153846153846 4 0
0.446581196581197 4 0
0.447008547008547 4 0
0.447435897435897 4 0
0.447863247863248 4 0
0.448290598290598 4 0
0.448717948717949 4 0
0.449145299145299 4 0
0.44957264957265 4 0
0.45 4 0
0.45042735042735 4 0
0.450854700854701 4 0
0.451282051282051 4 0
0.451709401709402 4 0
0.452136752136752 4 0
0.452564102564103 4 0
0.452991452991453 4 0
0.453418803418803 4 0
0.453846153846154 4 0
0.454273504273504 4 0
0.454700854700855 4 0
0.455128205128205 4 0
0.455555555555556 4 0
0.455982905982906 4 0
0.456410256410256 4 0
0.456837606837607 4 0
0.457264957264957 4 0
0.457692307692308 4 0
0.458119658119658 4 0
0.458547008547009 4 0
0.458974358974359 4 0
0.459401709401709 4 0
0.45982905982906 4 0
0.46025641025641 4 0
0.460683760683761 4 0
0.461111111111111 4 0
0.461538461538462 4 0
0.461965811965812 4 0
0.462393162393162 4 0
0.462820512820513 4 0
0.463247863247863 4 0
0.463675213675214 4 0
0.464102564102564 4 0
0.464529914529915 4 0
0.464957264957265 4 0
0.465384615384615 4 0
0.465811965811966 4 0
0.466239316239316 4 0
0.466666666666667 4 0
0.467094017094017 4 0
0.467521367521368 4 0
0.467948717948718 4 0
0.468376068376068 4 0
0.468803418803419 4 0
0.469230769230769 4 0
0.46965811965812 4 0
0.47008547008547 4 0
0.470512820512821 4 0
0.470940170940171 4 0
0.471367521367521 4 0
0.471794871794872 4 0
0.472222222222222 4 0
0.472649572649573 4 0
0.473076923076923 4 0
0.473504273504273 4 0
0.473931623931624 4 0
0.474358974358974 4 0
0.474786324786325 4 0
0.475213675213675 4 0
0.475641025641026 4 0
0.476068376068376 4 0
0.476495726495726 4 0
0.476923076923077 4 0
0.477350427350427 4 0
0.477777777777778 4 0
0.478205128205128 4 0
0.478632478632479 4 0
0.479059829059829 4 0
0.479487179487179 4 0
0.47991452991453 4 0
0.48034188034188 4 0
0.480769230769231 4 0
0.481196581196581 4 0
0.481623931623932 4 0
0.482051282051282 4 0
0.482478632478632 4 0
0.482905982905983 4 0
0.483333333333333 4 0
0.483760683760684 4 0
0.484188034188034 4 0
0.484615384615385 4 0
0.485042735042735 4 0
0.485470085470085 4 0
0.485897435897436 4 0
0.486324786324786 4 0
0.486752136752137 4 0
0.487179487179487 4 0
0.487606837606838 4 0
0.488034188034188 4 0
0.488461538461538 4 0
0.488888888888889 4 0
0.489316239316239 4 0
0.48974358974359 4 0
0.49017094017094 4 0
0.490598290598291 4 0
0.491025641025641 4 0
0.491452991452991 4 0
0.491880341880342 4 0
0.492307692307692 4 0
0.492735042735043 4 0
0.493162393162393 4 0
0.493589743589744 4 0
0.494017094017094 4 0
0.494444444444444 4 0
0.494871794871795 4 0
0.495299145299145 4 0
0.495726495726496 4 0
0.496153846153846 4 0
0.496581196581197 4 0
0.497008547008547 4 0
0.497435897435897 4 0
0.497863247863248 4 0
0.498290598290598 4 0
0.498717948717949 4 0
0.499145299145299 4 0
0.49957264957265 4 0
0.5 4 0
