0.000641025641025641 -0 -0
0.00192307692307692 -0.516230001401254 -0.516230001401254
0.00320512820512821 -2.16665881736958 -2.16665881736958
0.00448717948717949 -4.85906070076339 -4.85906070076339
0.00576923076923077 -8.57789749376821 -8.57789749376821
0.00705128205128205 -13.3127946067299 -13.3127946067299
0.00833333333333333 -19.053051966535 -19.053051966535
0.00961538461538462 -25.7865605015468 -25.7865605015468
0.0108974358974359 -33.4994988747201 -33.4994988747201
0.0121794871794872 -42.17623802096 -42.17623802096
0.0134615384615385 -51.7993171606241 -51.7993171606241
0.0147435897435897 -62.3494497644952 -62.3494497644952
0.016025641025641 -73.8055444864421 -73.8055444864421
0.0173076923076923 -86.1447349233277 -86.1447349233277
0.0185897435897436 -99.3424154133144 -99.3424154133144
0.0198717948717949 -113.372281484902 -113.372281484902
0.0211538461538462 -128.206374205365 -128.206374205365
0.0224358974358974 -143.815127981146 -143.815127981146
0.0237179487179487 -160.167421519 -160.167421519
0.025 -177.2306317368 -177.2306317368
0.0262820512820513 -194.970690457356 -194.970690457356
0.0275641025641026 -213.3521437411 -213.3521437411
0.0288461538461538 -232.338213727477 -232.338213727477
0.0301282051282051 -251.890862859478 -251.890862859478
0.0314102564102564 -271.97086036996 -271.97086036996
0.0326923076923077 -292.537850907225 -292.537850907225
0.033974358974359 -313.550425178504 -313.550425178504
0.0352564102564103 -334.966192486439 -334.966192486439
0.0365384615384615 -356.741855033189 -356.741855033189
0.0378205128205128 -378.833283864252 -378.833283864252
0.0391025641025641 -401.195596321687 -401.195596321687
0.0403846153846154 -423.783234874848 -423.783234874848
0.0416666666666667 -446.550047193971 -446.550047193971
0.0429487179487179 -469.449367330945 -469.449367330945
0.0442307692307692 -492.434097869177 -492.434097869177
0.0455128205128205 -515.456792903198 -515.456792903198
0.0467948717948718 -538.469741707229 -538.469741707229
0.0480769230769231 -561.425052950835 -561.425052950835
0.0493589743589744 -584.274739319167 -584.274739319167
0.0506410256410256 -606.970802393857 -606.970802393857
0.0519230769230769 -629.465317650772 -629.465317650772
0.0532051282051282 -651.710519430654 -651.710519430654
0.0544871794871795 -673.658885738241 -673.658885738241
0.0557692307692308 -695.263222725755 -695.263222725755
0.0570512820512821 -716.476748717968 -716.476748717968
0.0583333333333333 -737.253177634944 -737.253177634944
0.0596153846153846 -757.546801671923 -757.546801671923
0.0608974358974359 -777.312573094624 -777.312573094624
0.0621794871794872 -796.506185011459 -796.506185011459
0.0634615384615385 -815.084150984385 -815.084150984385
0.0647435897435897 -833.003883343582 -833.003883343582
0.066025641025641 -850.223770071405 -850.223770071405
0.0673076923076923 -866.703250124923 -866.703250124923
0.0685897435897436 -882.40288706797 -882.40288706797
0.0698717948717949 -897.284440887 -897.284440887
0.0711538461538462 -911.310937867174 -911.310937867174
0.0724358974358974 -924.44673840967 -924.44673840967
0.0737179487179487 -936.657602672569 -936.657602672569
0.075 -947.910753923566 -947.910753923566
0.0762820512820513 -958.174939494541 -958.174939494541
0.0775641025641026 -967.420489232925 -967.420489232925
0.0788461538461538 -975.619371348917 -975.619371348917
0.0801282051282051 -982.74524556158 -982.74524556158
0.0814102564102564 -988.773513451411 -988.773513451411
0.0826923076923077 -993.68136593169 -993.68136593169
0.083974358974359 -997.447827755365 -997.447827755365
0.0852564102564103 -1000.05379897994 -1000.05379897994
0.0865384615384615 -1001.482093316 -1001.482093316
0.0878205128205128 -1001.71747329317 -1001.71747329317
0.0891025641025641 -1000.74668217906 -1000.74668217906
0.0903846153846154 -998.558472595077 -998.558472595077
0.0916666666666667 -995.143631776697 -995.143631776697
0.092948717948718 -990.495003432055 -990.495003432055
0.0942307692307692 -984.607506158139 -984.607506158139
0.0955128205128205 -977.478148379567 -977.478148379567
0.0967948717948718 -969.106039781077 -969.106039781077
0.0980769230769231 -959.49239920984 -959.49239920984
0.0993589743589744 -948.640559030597 -948.640559030597
0.100641025641026 -936.55596592194 -936.55596592194
0.101923076923077 -923.246178107438 -923.246178107438
0.103205128205128 -908.720859022946 -908.720859022946
0.104487179487179 -892.991767425448 -892.991767425448
0.105769230769231 -876.072743955536 -876.072743955536
0.107051282051282 -857.97969417228 -857.97969417228
0.108333333333333 -838.730568083782 -838.730568083782
0.109615384615385 -818.345336202943 -818.345336202943
0.110897435897436 -796.845962164983 -796.845962164983
0.112179487179487 -774.256371947212 -774.256371947212
0.113461538461538 -750.602419738012 -750.602419738012
0.11474358974359 -725.911850508377 -725.911850508377
0.116025641025641 -700.214259343419 -700.214259343419
0.117307692307692 -673.541047597739 -673.541047597739
0.118589743589744 -645.925375943556 -645.925375943556
0.119871794871795 -617.402114385722 -617.402114385722
0.121153846153846 -588.007789322538 -588.007789322538
0.122435897435897 -557.780527737275 -557.780527737275
0.123717948717949 -526.759998608874 -526.759998608874
0.125 -494.987351635477 -494.987351635477
0.126282051282051 -462.505153369752 -462.505153369752
0.127564102564103 -429.35732086783 -429.35732086783
0.128846153846154 -395.589052959529 -395.589052959529
0.130128205128205 -361.246759250127 -361.246759250127
0.131410256410256 -326.377986969185 -326.377986969185
0.132692307692308 -291.031345783958 -291.031345783958
0.133974358974359 -255.256430700419 -255.256430700419
0.13525641025641 -219.103743176153 -219.103743176153
0.136538461538462 -182.62461057453 -182.62461057453
0.137820512820513 -145.871104089896 -145.871104089896
0.139102564102564 -108.895955279172 -108.895955279172
0.140384615384615 -71.7524713351824 -71.7524713351824
0.141666666666667 -34.4944492403864 -34.4944492403864
0.142948717948718 2.82391105827686 2.82391105827686
0.144230769230769 40.1480943113357 40.1480943113357
0.145512820512821 77.4233583217611 77.4233583217611
0.146794871794872 114.594822847724 114.594822847724
0.148076923076923 151.607558907468 151.607558907468
0.149358974358974 188.406678338672 188.406678338672
0.150641025641026 224.937423465734 224.937423465734
0.151923076923077 261.145256726036 261.145256726036
0.153205128205128 296.975950108447 296.975950108447
0.154487179487179 332.375674255225 332.375674255225
0.155769230769231 367.291087081185 367.291087081185
0.157051282051282 401.669421762212 401.669421762212
0.158333333333333 435.458573948091 435.458573948091
0.159615384615385 468.607188054921 468.607188054921
0.160897435897436 501.064742493492 501.064742493492
0.162179487179487 532.781633692103 532.781633692103
0.163461538461538 563.70925877415 563.70925877415
0.16474358974359 593.800096752211 593.800096752211
0.166025641025641 623.007788103824 623.007788103824
0.167307692307692 651.287212595257 651.287212595257
0.168589743589744 678.594565223485 678.594565223485
0.169871794871795 704.88743014923 704.88743014923
0.171153846153846 730.124852496427 730.124852496427
0.172435897435897 754.267407897936 754.267407897936
0.173717948717949 777.277269670213 777.277269670213
0.175 799.118273503274 799.118273503274
0.176282051282051 819.75597955721 819.75597955721
0.177564102564103 839.157731859257 839.157731859257
0.178846153846154 857.292714900791 857.292714900791
0.180128205128205 874.132007338159 874.132007338159
0.181410256410256 889.648632705088 889.648632705088
0.182692307692308 903.817607049703 903.817607049703
0.183974358974359 916.615983414394 916.615983414394
0.18525641025641 928.022893081564 928.022893081564
0.186538461538462 938.019583513126 938.019583513126
0.187820512820513 946.58945291803 946.58945291803
0.189102564102564 953.718081386303 953.718081386303
0.190384615384615 959.393258534615 959.393258534615
0.191666666666667 963.60500761349 963.60500761349
0.192948717948718 966.345606032356 966.345606032356
0.194230769230769 967.609602264 967.609602264
0.195512820512821 967.393829096558 967.393829096558
0.196794871794872 965.697413206405 965.697413206405
0.198076923076923 962.521781031809 962.521781031809
0.199358974358974 957.8706609329 957.8706609329
0.200641025641026 951.750081629813 951.750081629813
0.201923076923077 944.168366916876 944.168366916876
0.203205128205128 935.136126656582 935.136126656582
0.204487179487179 924.666244063487 924.666244063487
0.205769230769231 912.773859294151 912.773859294151
0.207051282051282 899.476349364923 899.476349364923
0.208333333333333 884.793304426266 884.793304426266
0.209615384615385 868.746500426898 868.746500426898
0.210897435897436 851.359868208628 851.359868208628
0.212179487179487 832.659459077328 832.659459077328
0.213461538461538 812.673406901797 812.673406901797
0.21474358974359 791.431886797739 791.431886797739
0.216025641025641 768.967070460401 768.967070460401
0.217307692307692 745.313078213531 745.313078213531
0.218589743589744 720.505927849834 720.505927849834
0.219871794871795 694.583480341032 694.583480341032
0.221153846153846 667.585382502525 667.585382502525
0.222435897435897 639.553006702188 639.553006702188
0.223717948717949 610.529387707496 610.529387707496
0.225 580.55915677 580.55915677
0.226282051282051 549.688473051376 549.688473051376
0.227564102564103 517.964952498496 517.964952498496
0.228846153846154 485.437594280581 485.437594280581
0.230128205128205 452.156704904358 452.156704904358
0.231410256410256 418.17382012803 418.17382012803
0.232692307692308 383.541624797672 383.541624797672
0.233974358974359 348.313870734089 348.313870734089
0.23525641025641 312.545292800586 312.545292800586
0.236538461538462 276.291523285514 276.291523285514
0.237820512820513 239.60900473677 239.60900473677
0.239102564102564 202.554901387378 202.554901387378
0.240384615384615 165.187009313729 165.187009313729
0.241666666666667 127.563665471046 127.563665471046
0.242948717948718 89.7436557517173 89.7436557517173
0.244230769230769 51.7861222141069 51.7861222141069
0.245512820512821 13.750469631228 13.750469631228
0.246794871794872 -24.3037284906991 -24.3037284906991
0.248076923076923 -62.3168242718545 -62.3168242718545
0.249358974358974 -100.229190045075 -100.229190045075
0.250641025641026 -137.981313015518 -137.981313015518
0.251923076923077 -175.51388984155 -175.51388984155
0.253205128205128 -212.767920983208 -212.767920983208
0.254487179487179 -249.684804666391 -249.684804666391
0.255769230769231 -286.206430309777 -286.206430309777
0.257051282051282 -322.27527126401 -322.27527126401
0.258333333333333 -357.834476711799 -357.834476711799
0.259615384615385 -392.8279625806 -392.8279625806
0.260897435897436 -427.200501319455 -427.200501319455
0.262179487179487 -460.897810394514 -460.897810394514
0.263461538461538 -493.866639359132 -493.866639359132
0.26474358974359 -526.054855356353 -526.054855356353
0.266025641025641 -557.411526914862 -557.411526914862
0.267307692307692 -587.887005901305 -587.887005901305
0.268589743589744 -617.433007495291 -617.433007495291
0.269871794871795 -646.002688056195 -646.002688056195
0.271153846153846 -673.550720754339 -673.550720754339
0.272435897435897 -700.033368842507 -700.033368842507
0.273717948717949 -725.40855644768 -725.40855644768
0.275 -749.635936766914 -749.635936766914
0.276282051282051 -772.676957554297 -772.676957554297
0.277564102564103 -794.494923792459 -794.494923792459
0.278846153846154 -815.055057443701 -815.055057443701
0.280128205128205 -834.324554183408 -834.324554183408
0.281410256410256 -852.272637020601 -852.272637020601
0.282692307692308 -868.87060671754 -868.87060671754
0.283974358974359 -884.091888923716 -884.091888923716
0.28525641025641 -897.912077946347 -897.912077946347
0.286538461538462 -910.308977083426 -910.308977083426
0.287820512820513 -921.262635452374 -921.262635452374
0.289102564102564 -930.755381251288 -930.755381251288
0.290384615384615 -938.77185139728 -938.77185139728
0.291666666666667 -945.299017490375 -945.299017490375
0.292948717948718 -950.32620805939 -950.32620805939
0.294230769230769 -953.845127050232 -953.845127050232
0.295512820512821 -955.849868524222 -955.849868524222
0.296794871794872 -956.336927540187 -956.336927540187
0.298076923076923 -955.305207199722 -955.305207199722
0.299358974358974 -380.613397946816 -380.613397946816
0.300213675213675 -237.510887295323 -950.043549181293
0.300641025641026 -237.173274093784 -948.693096375138
0.301068376068376 -236.836619339898 -947.346477359591
0.301495726495726 -236.500918958193 -946.003675832773
0.301923076923077 -236.166168895946 -944.664675583782
0.302350427350427 -235.832365123641 -943.329460494564
0.302777777777778 -235.499503634444 -941.998014537777
0.303205128205128 -235.167580443999 -940.670321775998
0.303632478632479 -234.836591590497 -939.346366361986
0.304059829059829 -234.506533134272 -938.026132537089
0.304487179487179 -234.177401157943 -936.709604631773
0.30491452991453 -233.849191766006 -935.396767064025
0.30534188034188 -233.521901084773 -934.087604339091
0.305769230769231 -233.195525262169 -932.782101048677
0.306196581196581 -232.870060467737 -931.480241870946
0.306623931623932 -232.545502892098 -930.182011568391
0.307051282051282 -232.221848747492 -928.887394989966
0.307478632478632 -231.899094267039 -927.596377068156
0.307905982905983 -231.577235704582 -926.308942818326
0.308333333333333 -231.256269334831 -925.025077339325
0.308760683760684 -230.936191453402 -923.744765813607
0.309188034188034 -230.616998376046 -922.467993504184
0.309615384615385 -230.298686439038 -921.194745756151
0.310042735042735 -229.981251998735 -919.92500799494
0.310470085470085 -229.664691431581 -918.658765726326
0.310897435897436 -229.349001134106 -917.396004536423
0.311324786324786 -229.034177522323 -916.136710089291
0.311752136752137 -228.720217032333 -914.880868129331
0.312179487179487 -228.40711611919 -913.628464476761
0.312606837606838 -228.094871257835 -912.379485031341
0.313034188034188 -227.783478942096 -911.133915768383
0.313461538461538 -227.472935685087 -909.891742740348
0.313888888888889 -227.163238019144 -908.652952076576
0.314316239316239 -226.854382494958 -907.417529979833
0.31474358974359 -226.546365682309 -906.185462729235
0.31517094017094 -226.239184169596 -904.956736678383
0.315598290598291 -225.932834563377 -903.731338253507
0.316025641025641 -225.627313488963 -902.509253955853
0.316452991452991 -225.322617589558 -901.290470358232
0.316880341880342 -225.018743526719 -900.074974106875
0.317307692307692 -224.715687979961 -898.862751919843
0.317735042735043 -224.413447646423 -897.653790585692
0.318162393162393 -224.112019241269 -896.448076965074
0.318589743589744 -223.811399497151 -895.245597988604
0.319017094017094 -223.511585164282 -894.046340657129
0.319444444444444 -223.212573010299 -892.850292041195
0.319871794871795 -222.914359819863 -891.657439279451
0.320299145299145 -222.616942395194 -890.467769580776
0.320726495726496 -222.320317555206 -889.281270220825
0.321153846153846 -222.024482135971 -888.097928543885
0.321581196581197 -221.729432990387 -886.917731961549
0.322008547008547 -221.43516698778 -885.740667951119
0.322435897435897 -221.141681014234 -884.566724056934
0.322863247863248 -220.84897197266 -883.395887890641
0.323290598290598 -220.557036781572 -882.228147126286
0.323717948717949 -220.265872376686 -881.063489506745
0.324145299145299 -219.975475709113 -879.901902836453
0.32457264957265 -219.685843746371 -878.743374985484
0.325 -219.396973471844 -877.587893887376
0.32542735042735 -219.108861884879 -876.435447539514
0.325854700854701 -218.82150600045 -875.286024001799
0.326282051282051 -218.534902849162 -874.139611396648
0.326709401709402 -218.249049477182 -872.996197908729
0.327136752136752 -217.963942946174 -871.855771784695
0.327564102564103 -217.679580332963 -870.718321331852
0.327991452991453 -217.395958729939 -869.583834919757
0.328418803418803 -217.113075244256 -868.452300977024
0.328846153846154 -216.830926998364 -867.323707993456
0.329273504273504 -216.549511129478 -866.19804451791
0.329700854700855 -216.268824789709 -865.075299158837
0.330128205128205 -215.988865146002 -863.95546058401
0.330555555555556 -215.709629379865 -862.838517519461
0.330982905982906 -215.431114687305 -861.724458749219
0.331410256410256 -215.153318278959 -860.613273115835
0.331837606837607 -214.876237379699 -859.504949518794
0.332264957264957 -214.59986922876 -858.399476915041
0.332692307692308 -214.324211079413 -857.296844317651
0.333119658119658 -214.049260199357 -856.197040797429
0.333547008547009 -213.775013869863 -855.10005547945
0.333974358974359 -213.501469386296 -854.005877545186
0.334401709401709 -213.22862405806 -852.914496232239
0.33482905982906 -212.956475207921 -851.825900831685
0.33525641025641 -212.685020172616 -850.740080690465
0.335683760683761 -212.414256302248 -849.65702520899
0.336111111111111 -212.144180960486 -848.576723841944
0.336538461538462 -211.87479152437 -847.499166097478
0.336965811965812 -211.606085384172 -846.424341536686
0.337393162393162 -211.338059943666 -845.352239774664
0.337820512820513 -211.070712619263 -844.282850477053
0.338247863247863 -210.804040840808 -843.216163363232
0.338675213675214 -210.538042051047 -842.152168204189
0.339102564102564 -210.272713705803 -841.090854823211
0.339529914529915 -210.008053273242 -840.032213092969
0.339957264957265 -209.744058234538 -838.976232938154
0.340384615384615 -209.480726083543 -837.922904334171
0.340811965811966 -209.21805432665 -836.872217306598
0.341239316239316 -208.956040482822 -835.82416193129
0.341666666666667 -208.694682083129 -834.778728332518
0.342094017094017 -208.433976671408 -833.735906685632
0.342521367521368 -208.1739218034 -832.6956872136
0.342948717948718 -207.914515047285 -831.658060189139
0.343376068376068 -207.655753983145 -830.623015932582
0.343803418803419 -207.397636203236 -829.590544812946
0.344230769230769 -207.140159311517 -828.56063724607
0.34465811965812 -206.883320924318 -827.533283697272
0.34508547008547 -206.627118669407 -826.508474677629
0.345512820512821 -206.371550186193 -825.48620074477
0.345940170940171 -206.11661312612 -824.466452504478
0.346367521367521 -205.862305151807 -823.449220607227
0.346794871794872 -205.608623937844 -822.434495751375
0.347222222222222 -205.355567169927 -821.422268679708
0.347649572649573 -205.103132545192 -820.412530180768
0.348076923076923 -204.851317772413 -819.405271089652
0.348504273504273 -204.600120570939 -818.400482283756
0.348931623931624 -204.34953867189 -817.39815468756
0.349358974358974 -204.099569817294 -816.398279269177
0.349786324786325 -203.850211760086 -815.400847040344
0.350213675213675 -203.601462264374 -814.405849057494
0.350641025641026 -203.353319104972 -813.413276419888
0.351068376068376 -203.105780067737 -812.423120270949
0.351495726495726 -202.858842949166 -811.435371796663
0.351923076923077 -202.612505556396 -810.450022225583
0.352350427350427 -202.366765707405 -809.46706282962
0.352777777777778 -202.121621230414 -808.486484921658
0.353205128205128 -201.877069964551 -807.508279858205
0.353632478632479 -201.633109759185 -806.532439036742
0.354059829059829 -201.389738474061 -805.558953896246
0.354487179487179 -201.146953979233 -804.58781591693
0.35491452991453 -200.904754155034 -803.619016620138
0.35534188034188 -200.663136892016 -802.652547568064
0.355769230769231 -200.422100090879 -801.688400363515
0.356196581196581 -200.18164166247 -800.726566649881
0.356623931623932 -199.941759527456 -799.767038109822
0.357051282051282 -199.702451616542 -798.809806466168
0.357478632478632 -199.46371587048 -797.854863481919
0.357905982905983 -199.225550239596 -796.902200958382
0.358333333333333 -198.987952684126 -795.951810736504
0.358760683760684 -198.75092117415 -795.003684696601
0.359188034188034 -198.514453689192 -794.057814756769
0.359615384615385 -198.278548218219 -793.114192872875
0.360042735042735 -198.04320276044 -792.172811041758
0.360470085470085 -197.808415323776 -791.233661295105
0.360897435897436 -197.574183926127 -790.296735704508
0.361324786324786 -197.340506594567 -789.36202637827
0.361752136752137 -197.107381365218 -788.429525460872
0.362179487179487 -196.874806284043 -787.499225136172
0.362606837606838 -196.642779405651 -786.571117622605
0.363034188034188 -196.41129879423 -785.64519517692
0.363461538461538 -196.180362522944 -784.721450091775
0.363888888888889 -195.949968673803 -783.799874695213
0.364316239316239 -195.72011533813 -782.880461352518
0.36474358974359 -195.490800616023 -781.963202464092
0.36517094017094 -195.262022616429 -781.048090465718
0.365598290598291 -195.033779457339 -780.135117829357
0.366025641025641 -194.806069265389 -779.224277061556
0.366452991452991 -194.578890175927 -778.315560703709
0.366880341880342 -194.352240332949 -777.408961331796
0.367307692307692 -194.126117889295 -776.504471557178
0.367735042735043 -193.900521006183 -775.602084024734
0.368162393162393 -193.675447853548 -774.701791414193
0.368589743589744 -193.450896609701 -773.803586438806
0.369017094017094 -193.226865461401 -772.907461845605
0.369444444444444 -193.003352603786 -772.013410415146
0.369871794871795 -192.780356240242 -771.121424960968
0.370299145299145 -192.557874582708 -770.231498330832
0.370726495726496 -192.335905851271 -769.343623405085
0.371153846153846 -192.114448273982 -768.457793095929
0.371581196581197 -191.893500087372 -767.574000349489
0.372008547008547 -191.673059535861 -766.692238143444
0.372435897435897 -191.453124871982 -765.812499487929
0.372863247863248 -191.233694356384 -764.934777425536
0.373290598290598 -191.014766257495 -764.059065029979
0.373717948717949 -190.796338851724 -763.185355406898
0.374145299145299 -190.578410423663 -762.313641694653
0.37457264957265 -190.36097926515 -761.443917060602
0.375 -190.144043676206 -760.576174704823
0.37542735042735 -189.927601964564 -759.710407858254
0.375854700854701 -189.711652445607 -758.846609782427
0.376282051282051 -189.496193442167 -757.984773768667
0.376709401709402 -189.281223285189 -757.124893140756
0.377136752136752 -189.066740312669 -756.266961250674
0.377564102564103 -188.852742870382 -755.410971481527
0.377991452991453 -188.639229311421 -754.556917245682
0.378418803418803 -188.426197996592 -753.704791986368
0.378846153846154 -188.213647293819 -752.854589175277
0.379273504273504 -188.001575578541 -752.006302314162
0.379700854700855 -187.78998123351 -751.159924934041
0.380128205128205 -187.578862648665 -750.31545059466
0.380555555555556 -187.368218221258 -749.472872885031
0.380982905982906 -187.15804635559 -748.632185422362
0.381410256410256 -186.948345463348 -747.793381853392
0.381837606837607 -186.739113963132 -746.956455852526
0.382264957264957 -186.530350280659 -746.121401122635
0.382692307692308 -186.32205284883 -745.288211395319
0.383119658119658 -186.114220107195 -744.456880428782
0.383547008547009 -185.906850502689 -743.627402010757
0.383974358974359 -185.699942488762 -742.799769955048
0.384401709401709 -185.493494526047 -741.973978104188
0.38482905982906 -185.287505081763 -741.15002032705
0.38525641025641 -185.081972630242 -740.327890520969
0.385683760683761 -184.876895652271 -739.507582609085
0.386111111111111 -184.672272635461 -738.689090541845
0.386538461538462 -184.468102074237 -737.872408296946
0.386965811965812 -184.264382469528 -737.057529878114
0.387393162393162 -184.061112328882 -736.244449315528
0.387820512820513 -183.858290166535 -735.433160666139
0.388247863247863 -183.65591450311 -734.62365801244
0.388675213675214 -183.453983866014 -733.815935464056
0.389102564102564 -183.252496788639 -733.009987154556
0.389529914529915 -183.051451811426 -732.205807245705
0.389957264957265 -182.850847480671 -731.403389922682
0.390384615384615 -182.650682349317 -730.602729397267
0.390811965811966 -182.450954976628 -729.803819906513
0.391239316239316 -182.251663928053 -729.006655712213
0.391666666666667 -182.052807775291 -728.211231101166
0.392094017094017 -181.854385096494 -727.417540385978
0.392521367521368 -181.656394475865 -726.62557790346
0.392948717948718 -181.458834503592 -725.83533801437
0.393376068376068 -181.261703776316 -725.046815105266
0.393803418803419 -181.065000896463 -724.260003585853
0.394230769230769 -180.868724472777 -723.474897891108
0.39465811965812 -180.672873119788 -722.691492479153
0.39508547008547 -180.477445458212 -721.909781832849
0.39551282051282 -180.282440114617 -721.129760458469
0.395940170940171 -180.087855721756 -720.351422887025
0.396367521367521 -179.893690917703 -719.574763670812
0.396794871794872 -179.699944347049 -718.799777388197
0.397222222222222 -179.506614659707 -718.026458638826
0.397649572649573 -179.313700511706 -717.254802046823
0.398076923076923 -179.121200564997 -716.484802259986
0.398504273504273 -178.929113486583 -715.716453946332
0.398931623931624 -178.737437949854 -714.949751799416
0.399358974358974 -178.546172633718 -714.184690534874
0.399786324786325 -178.355316222539 -713.421264890155
0.400213675213675 -178.164867406597 -712.659469626388
0.400641025641026 -177.974824881428 -711.899299525712
0.401068376068376 -177.785187348155 -711.140749392619
0.401495726495727 -177.595953513928 -710.383814055712
0.401923076923077 -177.407122090713 -709.628488362853
0.402350427350427 -177.21869179639 -708.87476718556
0.402777777777778 -177.030661354183 -708.122645416734
0.403205128205128 -176.843029492617 -707.372117970467
0.403632478632479 -176.6557949458 -706.623179783199
0.404059829059829 -176.468956453029 -705.875825812116
0.404487179487179 -176.282512758922 -705.13005103569
0.40491452991453 -176.096462613485 -704.385850453939
0.40534188034188 -175.910804771975 -703.643219087899
0.405769230769231 -175.725537995038 -702.902151980152
0.406196581196581 -175.540661048042 -702.16264419217
0.406623931623932 -175.356172702208 -701.424690808833
0.407051282051282 -175.172071733478 -700.688286933912
0.407478632478632 -174.988356923115 -699.953427692458
0.407905982905983 -174.805027057302 -699.220108229208
0.408333333333333 -174.622080927413 -698.488323709651
0.408760683760684 -174.439517330139 -697.758069320555
0.409188034188034 -174.257335066562 -697.029340266249
0.409615384615385 -174.075532943485 -696.302131773939
0.410042735042735 -173.894109772031 -695.576439088122
0.410470085470085 -173.713064368911 -694.852257475643
0.410897435897436 -173.532395555159 -694.129582220637
0.411324786324786 -173.352102157197 -693.408408628789
0.411752136752137 -173.172183006034 -692.688732024137
0.412179487179487 -172.992636937602 -691.970547750409
0.412606837606838 -172.813462792754 -691.253851171016
0.413034188034188 -172.634659416865 -690.53863766746
0.413461538461538 -172.456225660299 -689.824902641194
0.413888888888889 -172.278160378273 -689.112641513093
0.414316239316239 -172.10046243053 -688.40184972212
0.41474358974359 -171.923130681532 -687.692522726127
0.41517094017094 -171.746164000463 -686.984656001853
0.415598290598291 -171.569561261098 -686.278245044393
0.416025641025641 -171.393321342066 -685.573285368264
0.416452991452991 -171.217443126185 -684.86977250474
0.416880341880342 -171.041925501262 -684.167702005048
0.417307692307692 -170.866767359404 -683.467069437618
0.417735042735043 -170.691967597464 -682.767870389857
0.418162393162393 -170.51752511655 -682.070100466199
0.418589743589744 -170.34343882238 -681.373755289519
0.419017094017094 -170.169707625174 -680.678830500697
0.419444444444444 -169.996330439542 -679.985321758168
0.419871794871795 -169.823306184748 -679.29322473899
0.420299145299145 -169.650633783846 -678.602535135385
0.420726495726496 -169.478312164948 -677.913248659793
0.421153846153846 -169.30634026022 -677.22536104088
0.421581196581197 -169.134717006019 -676.538868024075
0.422008547008547 -168.963441343157 -675.853765372626
0.422435897435897 -168.792512216903 -675.17004886761
0.422863247863248 -168.621928576516 -674.487714306063
0.423290598290598 -168.451689375511 -673.806757502046
0.423717948717949 -168.281793571861 -673.127174287445
0.424145299145299 -168.11224012746 -672.448960509842
0.42457264957265 -167.943028008594 -671.772112034375
0.425 -167.774156185537 -671.096624742147
0.42542735042735 -167.605623632821 -670.422494531283
0.425854700854701 -167.437429329167 -669.74971731667
0.426282051282051 -167.269572257156 -669.078289028623
0.426709401709402 -167.102051403688 -668.408205614751
0.427136752136752 -166.934865759456 -667.739463037824
0.427564102564103 -166.76801431941 -667.07205727764
0.427991452991453 -166.601496082423 -666.40598432969
0.428418803418803 -166.43531005149 -665.741240205962
0.428846153846154 -166.269455233335 -665.077820933339
0.429273504273504 -166.103930638733 -664.415722554932
0.429700854700855 -165.938735282587 -663.754941130346
0.430128205128205 -165.773868183521 -663.095472734085
0.430555555555556 -165.609328363954 -662.437313455814
0.430982905982906 -165.445114850423 -661.780459401694
0.431410256410256 -165.281226673262 -661.124906693046
0.431837606837607 -165.11766286659 -660.47065146636
0.432264957264957 -164.954422468255 -659.817689873019
0.432692307692308 -164.791504520204 -659.166018080815
0.433119658119658 -164.628908067796 -658.515632271185
0.433547008547009 -164.466632160386 -657.866528641546
0.433974358974359 -164.304675850939 -657.218703403755
0.434401709401709 -164.143038196387 -656.572152785548
0.43482905982906 -163.981718257123 -655.926873028491
0.43525641025641 -163.820715097329 -655.282860389316
0.435683760683761 -163.660027784846 -654.640111139386
0.436111111111111 -163.499655391107 -653.998621564429
0.436538461538462 -163.339596991334 -653.358387965336
0.436965811965812 -163.179851664208 -652.719406656834
0.437393162393162 -163.020418492136 -652.081673968544
0.437820512820513 -162.861296560981 -651.445186243923
0.438247863247863 -162.702484960198 -650.809939840792
0.438675213675214 -162.543982782968 -650.175931131871
0.439102564102564 -162.385789125795 -649.54315650318
0.439529914529915 -162.22790308871 -648.911612354839
0.439957264957265 -162.0703237754 -648.281295101599
0.440384615384615 -161.913050292812 -647.652201171247
0.440811965811966 -161.75608175155 -647.024327006202
0.441239316239316 -161.599417265612 -646.397669062449
0.441666666666667 -161.443055952385 -645.77222380954
0.442094017094017 -161.286996932583 -645.147987730331
0.442521367521368 -161.13123933051 -644.524957322042
0.442948717948718 -160.975782273732 -643.903129094926
0.443376068376068 -160.820624893269 -643.282499573074
0.443803418803419 -160.665766323269 -642.663065293077
0.444230769230769 -160.51120570154 -642.044822806158
0.44465811965812 -160.356942168878 -641.427768675512
0.44508547008547 -160.202974869608 -640.811899478433
0.44551282051282 -160.049302951313 -640.19721180525
0.445940170940171 -159.895925564832 -639.583702259329
0.446367521367521 -159.742841863868 -638.971367455472
0.446794871794872 -159.590051006178 -638.360204024711
0.447222222222222 -159.437552151914 -637.750208607656
0.447649572649573 -159.285344464886 -637.141377859546
0.448076923076923 -159.133427112031 -636.533708448123
0.448504273504273 -158.981799263388 -635.927197053553
0.448931623931624 -158.830460092341 -635.321840369365
0.449358974358974 -158.679408775075 -634.717635100299
0.449786324786325 -158.528644491181 -634.114577964724
0.450213675213675 -158.378166423358 -633.512665693434
0.450641025641026 -158.227973757231 -632.911895028924
0.451068376068376 -158.078065681682 -632.312262726728
0.451495726495727 -157.92844138852 -631.713765554082
0.451923076923077 -157.779100072815 -631.11640029126
0.452350427350427 -157.630040932427 -630.520163729707
0.452777777777778 -157.48126316841 -629.925052673639
0.453205128205128 -157.332765984877 -629.331063939508
0.453632478632479 -157.184548588801 -628.738194355205
0.454059829059829 -157.036610190082 -628.146440760329
0.454487179487179 -156.888950001811 -627.555800007244
0.45491452991453 -156.741567240006 -626.966268960023
0.45534188034188 -156.594461123411 -626.377844493643
0.455769230769231 -156.447630873897 -625.790523495587
0.456196581196581 -156.301075716127 -625.204302864508
0.456623931623932 -156.154794877825 -624.619179511301
0.457051282051282 -156.008787589507 -624.035150358029
0.457478632478632 -155.863053084483 -623.452212337931
0.457905982905983 -155.717590599121 -622.870362396484
0.458333333333333 -155.572399372451 -622.289597489803
0.458760683760684 -155.427478646494 -621.709914585976
0.459188034188034 -155.282827665867 -621.131310663468
0.459615384615385 -155.138445678244 -620.553782712977
0.460042735042735 -154.994331934095 -619.977327736378
0.460470085470085 -154.85048568648 -619.401942745919
0.460897435897436 -154.706906191189 -618.827624764756
0.461324786324786 -154.563592707004 -618.254370828015
0.461752136752137 -154.420544495366 -617.682177981464
0.462179487179487 -154.277760820312 -617.111043281247
0.462606837606838 -154.135240948869 -616.540963795478
0.463034188034188 -153.992984150595 -615.97193660238
0.463461538461538 -153.850989697704 -615.403958790816
0.463888888888889 -153.709256865253 -614.837027461012
0.464316239316239 -153.567784930705 -614.271139722821
0.46474358974359 -153.426573174397 -613.706292697589
0.46517094017094 -153.285620879406 -613.142483517622
0.465598290598291 -153.144927331115 -612.579709324459
0.466025641025641 -153.004491817703 -612.01796727081
0.466452991452991 -152.864313630007 -611.457254520028
0.466880341880342 -152.724392061526 -610.897568246105
0.467307692307692 -152.58472640802 -610.338905632079
0.467735042735043 -152.44531596824 -609.78126387296
0.468162393162393 -152.306160043067 -609.224640172269
0.468589743589744 -152.167257936309 -608.669031745235
0.469017094017094 -152.028608954165 -608.11443581666
0.469444444444444 -151.890212405298 -607.560849621193
0.469871794871795 -151.752067600897 -607.008270403589
0.470299145299145 -151.614173854812 -606.456695419247
0.470726495726496 -151.476530483152 -605.906121932608
0.471153846153846 -151.339136804689 -605.356547218755
0.471581196581197 -151.201992140654 -604.807968562616
0.472008547008547 -151.06509581454 -604.260383258161
0.472435897435897 -150.928447152634 -603.713788610535
0.472863247863248 -150.792045483216 -603.168181932863
0.473290598290598 -150.655890137427 -602.623560549709
0.473717948717949 -150.519980448472 -602.079921793886
0.474145299145299 -150.384315752278 -601.537263009111
0.47457264957265 -150.248895386904 -600.995581547615
0.475 -150.113718692935 -600.45487477174
0.47542735042735 -149.978785013217 -599.915140052869
0.475854700854701 -149.844093693058 -599.376374772232
0.476282051282051 -149.709644080025 -598.838576320102
0.476709401709402 -149.575435524148 -598.301742096594
0.477136752136752 -149.441467377651 -597.765869510604
0.477564102564103 -149.307738995217 -597.230955980869
0.477991452991453 -149.17424973386 -596.69699893544
0.478418803418803 -149.04099895252 -596.163995810079
0.478846153846154 -148.907986012865 -595.631944051458
0.479273504273504 -148.775210278624 -595.100841114495
0.479700854700855 -148.642671115768 -594.570684463074
0.480128205128205 -148.510367892675 -594.041471570701
0.480555555555556 -148.378299979933 -593.51319991973
0.480982905982906 -148.246466750267 -592.985867001068
0.481410256410256 -148.114867578715 -592.459470314859
0.481837606837607 -147.983501842506 -591.934007370023
0.482264957264957 -147.852368921065 -591.409475684261
0.482692307692308 -147.721468196013 -590.885872784051
0.483119658119658 -147.59079905123 -590.363196204919
0.483547008547009 -147.460360872658 -589.841443490634
0.483974358974359 -147.330153048503 -589.320612194012
0.484401709401709 -147.200174969029 -588.800699876117
0.48482905982906 -147.07042602683 -588.281704107321
0.48525641025641 -146.940905616362 -587.763622465447
0.485683760683761 -146.81161313454 -587.246452538161
0.486111111111111 -146.682547980144 -586.730191920576
0.486538461538462 -146.553709554213 -586.214838216851
0.486965811965812 -146.425097259649 -585.700389038595
0.487393162393162 -146.296710501948 -585.18684200779
0.487820512820513 -146.168548688068 -584.674194752272
0.488247863247863 -146.040611227496 -584.162444909984
0.488675213675214 -145.912897531647 -583.651590126587
0.489102564102564 -145.78540701393 -583.141628055721
0.489529914529915 -145.658139089818 -582.632556359272
0.489957264957265 -145.531093176976 -582.124372707906
0.490384615384615 -145.404268694934 -581.617074779738
0.490811965811966 -145.277665065282 -581.110660261129
0.491239316239316 -145.151281711539 -580.605126846155
0.491666666666667 -145.025118059485 -580.100472237939
0.492094017094017 -144.899173536696 -579.596694146783
0.492521367521367 -144.773447572743 -579.093790290972
0.492948717948718 -144.647939599193 -578.591758396771
0.493376068376068 -144.522649049541 -578.090596198162
0.493803418803419 -144.397575359276 -577.590301437105
0.494230769230769 -144.272717965952 -577.090871863809
0.49465811965812 -144.148076308982 -576.592305235929
0.49508547008547 -144.023649829643 -576.094599318571
0.495512820512821 -143.899437971253 -575.597751885014
0.495940170940171 -143.775440178937 -575.101760715749
0.496367521367521 -143.651655899834 -574.606623599336
0.496794871794872 -143.528084582887 -574.112338331547
0.497222222222222 -143.404725679082 -573.618902716328
0.497649572649573 -143.281578641135 -573.12631456454
0.498076923076923 -143.158642923757 -572.634571695027
0.498504273504274 -143.035917983454 -572.143671933816
0.498931623931624 -142.913403278462 -571.653613113847
0.499358974358974 -142.791098269277 -571.164393077108
0.499786324786325 -142.66900241786 -570.67600967144
