0.00714285714285714 -0 -0
0.0214285714285714 -91.6655786868077 -91.6655786868077
0.0357142857142857 -280.029911783215 -280.029911783215
0.05 -516.328367895003 -516.328367895003
0.0642857142857143 -739.277270055281 -739.277270055281
0.0785714285714286 -888.223221046494 -888.223221046494
0.0928571428571429 -916.404498189548 -916.404498189548
0.107142857142857 -801.454805036852 -801.454805036852
0.121428571428571 -550.933375701145 -550.933375701145
0.135714285714286 -201.683092530043 -201.683092530043
0.15 186.923940782252 186.923940782252
0.164285714285714 544.543067561464 544.543067561464
0.178571428571429 803.913766516566 803.913766516566
0.192857142857143 914.582620459562 914.582620459562
0.207142857142857 853.497324844451 853.497324844451
0.221428571428571 630.280377025582 630.280377025582
0.235714285714286 286.041998359054 286.041998359054
0.25 -114.118943754224 -114.118943754224
0.264285714285714 -493.507310246083 -493.507310246083
0.278571428571429 -778.703011684931 -778.703011684931
0.292857142857143 -233.125874032679 -233.125874032679
0.31 -212.088943673693 -848.355774694772
0.33 -199.584833615836 -798.339334463344
0.35 -188.473044163992 -753.892176655967
0.37 -178.533289299357 -714.133157197426
0.39 -169.589425095536 -678.357700382145
0.41 -161.49892041208 -645.995681648321
0.43 -154.145204246207 -616.580816984828
0.45 -147.432012771495 -589.728051085979
0.47 -141.279151885367 -565.116607541466
0.49 -135.619278312146 -542.477113248583
