0.00576923076923077 -0 -0
0.0173076923076923 -40.9159485049088 -40.9159485049088
0.0288461538461538 -162.275044276033 -162.275044276033
0.0403846153846154 -334.842180825708 -334.842180825708
0.0519230769230769 -527.700581104514 -527.700581104514
0.0634615384615385 -706.742039125758 -706.742039125758
0.075 -839.063981992422 -839.063981992422
0.0865384615384615 -897.60820841278 -897.60820841278
0.0980769230769231 -865.101393574221 -865.101393574221
0.109615384615385 -736.705878301096 -736.705878301096
0.121153846153846 -520.998244434537 -520.998244434537
0.132692307692308 -239.124598757387 -239.124598757387
0.144230769230769 77.772080275327 77.772080275327
0.155769230769231 392.524005952937 392.524005952937
0.167307692307692 666.791510811031 666.791510811031
0.178846153846154 866.156457101957 866.156457101957
0.190384615384615 964.77840259253 964.77840259253
0.201923076923077 948.988201604635 948.988201604635
0.213461538461538 819.329344292766 819.329344292766
0.225 590.758647483396 590.758647483396
0.236538461538462 290.958660055808 290.958660055808
0.248076923076923 -43.0372084174611 -43.0372084174611
0.259615384615385 -369.48199426211 -369.48199426211
0.271153846153846 -647.220641306237 -647.220641306237
0.282692307692308 -840.976850951393 -840.976850951393
0.294230769230769 -366.065969975502 -366.065969975502
0.301923076923077 -225.585239459427 -902.340957837708
0.305769230769231 -222.747689277541 -890.990757110164
0.309615384615385 -219.98063723683 -879.922548947321
0.313461538461538 -217.281488313685 -869.125953254741
0.317307692307692 -214.647773303825 -858.591093215301
0.321153846153846 -212.077141288206 -848.308565152825
0.325 -209.567352633906 -838.269410535625
0.328846153846154 -207.116272486145 -828.46508994458
0.332692307692308 -204.721864711733 -818.887458846933
0.336538461538462 -202.382186257902 -809.528745031608
0.340384615384615 -200.095381893404 -800.381527573616
0.344230769230769 -197.859679302429 -791.438717209715
0.348076923076923 -195.673384503502 -782.693538014008
0.351923076923077 -193.534877569042 -774.139510276168
0.355769230769231 -191.442608622346 -765.770434489385
0.359615384615385 -189.395094091644 -757.580376366578
0.363461538461538 -187.390913201787 -749.563652807149
0.367307692307692 -185.428704686588 -741.714818746353
0.371153846153846 -183.507163705384 -734.028654821534
0.375 -181.625038949422 -726.50015579769
0.378846153846154 -179.781129924567 -719.124519698267
0.382692307692308 -177.97428439769 -711.897137590759
0.386538461538461 -176.203395995715 -704.813583982858
0.390384615384615 -174.467401946509 -697.869607786036
0.394230769230769 -172.765280951913 -691.061123807651
0.398076923076923 -171.096051184267 -684.384204737068
0.401923076923077 -169.458768397818 -677.835073591273
0.405769230769231 -167.852524147601 -671.410096590405
0.409615384615385 -166.276444108659 -665.105776434637
0.413461538461538 -164.729686489053 -658.918745956212
0.417307692307692 -163.211440530621 -652.845762122485
0.421153846153846 -161.720925091998 -646.883700367994
0.425 -160.25738730836 -641.02954923344
0.428846153846154 -158.820101323529 -635.280405294118
0.432692307692308 -157.408367089545 -629.633468358179
0.436538461538462 -156.021509229726 -624.086036918904
0.440384615384615 -154.658875961348 -618.635503845392
0.444230769230769 -153.319838074238 -613.279352296952
0.448076923076923 -152.00378796201 -608.01515184804
0.451923076923077 -150.710138702759 -602.840554811034
0.455769230769231 -149.438323186283 -597.753292745133
0.459615384615385 -148.187793285152 -592.75117314061
0.463461538461538 -146.958019067019 -587.832076268078
0.467307692307692 -145.748488045899 -582.993952183594
0.471153846153846 -144.55870447001 -578.234817880041
0.475 -143.388188644346 -573.552754577383
0.478846153846154 -142.23647628576 -568.94590514304
0.482692307692308 -141.103117908989 -564.412471635955
0.486538461538462 -139.987678241718 -559.950712966872
0.490384615384615 -138.889735667281 -555.558942669123
0.494230769230769 -137.808881693224 -551.235526772898
0.498076923076923 -136.744720444622 -546.978881778486
