0 161.666643563393
0.0142857142857143 161.666643563393
0.0285714285714286 162.552120582
0.0428571428571429 165.955440810394
0.0571428571428571 172.649916974327
0.0714285714285714 182.499245636031
0.0857142857142857 194.474197291828
0.1 206.854598047813
0.114285714285714 217.584278703001
0.128571428571429 224.707734231852
0.142857142857143 226.798494591623
0.157142857142857 223.289659601838
0.171428571428571 214.636033114495
0.185714285714286 202.270911253055
0.2 188.362065959293
0.214285714285714 175.412451375447
0.228571428571429 165.783344204069
0.242857142857143 161.234438201366
0.257142857142857 162.573333434152
0.271428571428571 169.486156601355
0.285714285714286 180.585726385517
0.3 185.744226700511
0.304761904761905 186.80029763114
0.30952380952381 187.839995369045
0.314285714285714 188.863819859044
0.319047619047619 189.872248492051
0.323809523809524 190.865737441605
0.328571428571429 191.844722902845
0.333333333333333 192.80962224234
0.338095238095238 193.760835066382
0.342857142857143 194.698744214562
0.347619047619048 195.623716684837
0.352380952380952 196.536104495652
0.357142857142857 197.436245490215
0.361904761904762 198.324464087499
0.366666666666667 199.201071984165
0.371428571428571 200.066368811196
0.376190476190476 200.920642748711
0.380952380952381 201.764171102107
0.385714285714286 202.597220842417
0.39047619047619 203.42004911352
0.395238095238095 204.23290370861
0.4 205.03602351813
0.404761904761905 205.829638951207
0.40952380952381 206.613972332434
0.414285714285714 207.389238275728
0.419047619047619 208.155644036813
0.423809523809524 208.913389845796
0.428571428571429 209.662669221158
0.433333333333333 210.403669266406
0.438095238095238 211.136570950504
0.442857142857143 211.861549373152
0.447619047619048 212.578774015879
0.452380952380952 213.288408979846
0.457142857142857 213.990613211207
0.461904761904762 214.685540714781
0.466666666666667 215.373340756781
0.471428571428571 216.054158057237
0.476190476190476 216.728132972764
0.480952380952381 217.395401670226
0.485714285714286 218.056096291852
0.490476190476191 218.71034511229
0.495238095238095 219.358272688087
0.5 220
