0 135.357338630233
0.0013953488372093 135.357338630233
0.0027906976744186 135.35819184656
0.00418604651162791 135.361772404417
0.00558139534883721 135.369800863564
0.00697674418604651 135.383970367117
0.00837209302325581 135.405954576729
0.00976744186046512 135.437406544067
0.0111627906976744 135.479955802662
0.0125581395348837 135.535204972002
0.013953488372093 135.60472621956
0.0153488372093023 135.690057701031
0.0167441860465116 135.792700030398
0.0181395348837209 135.914112806606
0.0195348837209302 136.055711213423
0.0209302325581395 136.218862704391
0.0223255813953488 136.404883782389
0.0237209302325581 136.615036882032
0.0251162790697674 136.850527362292
0.0265116279069767 137.112500616166
0.027906976744186 137.402039303774
0.0293023255813953 137.720160714884
0.0306976744186047 138.067814266555
0.032093023255814 138.445879141233
0.0334883720930233 138.855162070335
0.0348837209302326 139.296395268054
0.0362790697674419 139.77023451978
0.0376744186046512 140.27725742922
0.0390697674418605 140.817961827992
0.0404651162790698 141.392764351104
0.0418604651162791 142.001999181426
0.0432558139534884 142.645916965893
0.0446511627906977 143.324683905862
0.046046511627907 144.038381023659
0.0474418604651163 144.787003607036
0.0488372093023256 145.570460832861
0.0502325581395349 146.388575571044
0.0516279069767442 147.241084369309
0.0530232558139535 148.127637619066
0.0544186046511628 149.047799902287
0.0558139534883721 150.001050518912
0.0572093023255814 150.986784193942
0.0586046511627907 152.004311963045
0.06 153.052862235089
0.0613953488372093 154.131582029731
0.0627906976744186 155.239538387757
0.0641860465116279 156.375719951594
0.0655813953488372 157.539038713015
0.0669767441860465 158.728331924759
0.0683720930232558 159.942364172427
0.0697674418604651 161.179829602717
0.0711627906976744 162.439354303723
0.0725581395348837 163.719498832717
0.073953488372093 165.018760886557
0.0753488372093023 166.335578109534
0.0767441860465116 167.668331033224
0.0781395348837209 169.015346142629
0.0795348837209302 170.374899062624
0.0809302325581395 171.745217858496
0.0823255813953488 173.124486444119
0.0837209302325581 174.51084809108
0.0851162790697674 175.902409031873
0.0865116279069768 177.297242150075
0.087906976744186 178.693390750242
0.0893023255813954 180.088872400092
0.0906976744186047 181.481682837376
0.0920930232558139 182.869799933739
0.0934883720930233 184.251187707694
0.0948837209302326 185.623800378776
0.0962790697674419 186.98558645482
0.0976744186046512 188.334492844241
0.0990697674418605 189.66846898513
0.10046511627907 190.985470982947
0.101860465116279 192.283465748544
0.103255813953488 193.56043512826
0.104651162790698 194.814380017826
0.106046511627907 196.043324451829
0.107441860465116 197.245319660541
0.108837209302326 198.418448085962
0.110232558139535 199.560827348982
0.111627906976744 200.670614159693
0.113023255813953 201.746008162925
0.114418604651163 202.785255711254
0.115813953488372 203.786653557827
0.117209302325581 204.748552461508
0.118604651162791 205.669360697002
0.12 206.547547462824
0.121395348837209 207.381646180117
0.122790697674419 208.170257675578
0.124186046511628 208.912053241941
0.125581395348837 209.605777569715
0.126976744186047 210.250251544098
0.128372093023256 210.844374901274
0.129767441860465 211.387128738536
0.131162790697674 211.877577872988
0.132558139534884 212.314873043843
0.133953488372093 212.698252953654
0.135348837209302 213.027046144109
0.136744186046512 213.300672702362
0.138139534883721 213.518645794154
0.13953488372093 213.68057302038
0.14093023255814 213.78615759403
0.142325581395349 213.835199334827
0.143720930232558 213.827595479217
0.145116279069767 213.763341303735
0.146511627906977 213.642530560118
0.147906976744186 213.465355720927
0.149302325581395 213.232108034779
0.150697674418605 212.943177390684
0.152093023255814 212.599051991353
0.153488372093023 212.2003178357
0.154883720930233 211.747658011142
0.156279069767442 211.241851796693
0.157674418604651 210.683773578183
0.15906976744186 210.07439157733
0.16046511627907 209.414766396743
0.161860465116279 208.706049383314
0.163255813953488 207.949480812784
0.164651162790698 207.146387898657
0.166046511627907 206.298182628954
0.167441860465116 205.40635943466
0.168837209302326 204.472492694023
0.170232558139535 203.498234077238
0.171627906976744 202.485309736299
0.173023255813954 201.435517345177
0.174418604651163 200.350722995737
0.175813953488372 199.232857955104
0.177209302325581 198.083915290481
0.178604651162791 196.905946367671
0.18 195.701057229815
0.181395348837209 194.471404863101
0.182790697674419 193.21919335643
0.184186046511628 191.946669962233
0.185581395348837 190.656121065841
0.186976744186047 189.349868071005
0.188372093023256 188.03026320931
0.189767441860465 186.699685281429
0.191162790697674 185.36053533825
0.192558139534884 184.015232310099
0.193953488372093 182.666208592336
0.195348837209302 181.315905595743
0.196744186046512 179.966769270171
0.198139534883721 178.621245609991
0.19953488372093 177.281776149951
0.20093023255814 175.950793460039
0.202325581395349 174.630716648003
0.203720930232558 173.323946878155
0.205116279069767 172.032862915062
0.206511627906977 170.759816700717
0.207906976744186 169.507128973695
0.209302325581395 168.277084938757
0.210697674418605 167.071929995271
0.212093023255814 165.893865532701
0.213488372093023 164.745044801336
0.214883720930233 163.627568866241
0.216279069767442 162.543482652323
0.217674418604651 161.494771088187
0.21906976744186 160.483355356315
0.22046511627907 159.51108925688
0.221860465116279 158.579755692319
0.223255813953488 157.69106327955
0.224651162790698 156.84664309649
0.226046511627907 156.048045569273
0.227441860465116 155.296737506321
0.228837209302326 154.594099285125
0.230232558139535 153.941422197325
0.231627906976744 153.339905957372
0.233023255813954 152.790656379748
0.234418604651163 152.294683229402
0.235813953488372 151.852898249748
0.237209302325581 151.466113372198
0.238604651162791 151.135039110912
0.24 150.860283146049
0.241395348837209 150.642349098474
0.242790697674419 150.481635498501
0.244186046511628 150.378434950882
0.245581395348837 150.332933497894
0.246976744186047 150.34521018197
0.248372093023256 150.415236808968
0.249767441860465 150.542877912777
0.251162790697674 150.72789092157
0.252558139534884 150.969926525627
0.253953488372093 151.268529246291
0.255348837209302 151.623138205192
0.256744186046512 152.033088092528
0.258139534883721 152.497610332785
0.25953488372093 153.015834445914
0.26093023255814 153.586789601597
0.262325581395349 154.209406363873
0.263720930232558 154.882518623008
0.265116279069767 155.604865711164
0.266511627906977 156.375094698037
0.267906976744186 157.191762862289
0.269302325581395 158.053340334301
0.270697674418605 158.958212905361
0.272093023255814 159.904684998175
0.273488372093023 160.89098279319
0.274883720930233 161.915257504971
0.276279069767442 162.975588802559
0.277674418604651 164.069988367464
0.27906976744186 165.196403582662
0.28046511627907 166.352721345739
0.281860465116279 167.536771999051
0.283255813953488 168.74633336956
0.284651162790698 169.979134910777
0.286046511627907 171.232861939053
0.287441860465116 172.505159956253
0.288837209302326 173.793639050709
0.290232558139535 175.095878368155
0.291627906976744 176.409430644226
0.293023255813953 177.731826789981
0.294418604651163 179.060580521797
0.295813953488372 180.393193026867
0.297209302325581 181.727157655523
0.298604651162791 183.059964631451
0.3 183.590878550293
0.301869158878505 184.03358161616
0.303738317757009 184.473551947052
0.305607476635514 184.91082307346
0.307476635514019 185.345427912512
0.309345794392523 185.777398782843
0.311214953271028 186.206767419015
0.313084112149533 186.633564985509
0.314953271028037 187.057822090298
0.316822429906542 187.479568798017
0.318691588785047 187.898834642749
0.320560747663551 188.315648640437
0.322429906542056 188.730039300928
0.324299065420561 189.142034639683
0.326168224299065 189.551662189134
0.32803738317757 189.958949009732
0.329906542056075 190.363921700667
0.331775700934579 190.766606410297
0.333644859813084 191.167028846278
0.335514018691589 191.56521428541
0.337383177570093 191.961187583213
0.339252336448598 192.354973183238
0.341121495327103 192.746595126121
0.342990654205607 193.136077058386
0.344859813084112 193.52344224102
0.346728971962617 193.908713557802
0.348598130841122 194.291913523418
0.350467289719626 194.673064291357
0.352336448598131 195.052187661594
0.354205607476635 195.429305088074
0.35607476635514 195.804437685993
0.357943925233645 196.177606238896
0.35981308411215 196.548831205587
0.361682242990654 196.918132726855
0.363551401869159 197.285530632033
0.365420560747664 197.65104444539
0.367289719626168 198.014693392353
0.369158878504673 198.376496405574
0.371028037383178 198.73647213085
0.372897196261682 199.094638932884
0.374766355140187 199.451014900907
0.376635514018692 199.805617854164
0.378504672897196 200.158465347257
0.380373831775701 200.509574675358
0.382242990654206 200.858962879303
0.38411214953271 201.206646750545
0.385981308411215 201.552642836005
0.38785046728972 201.89696744279
0.389719626168224 202.239636642813
0.391588785046729 202.580666277285
0.393457943925234 202.920071961117
0.395327102803738 203.257869087205
0.397196261682243 203.594072830624
0.399065420560748 203.928698152711
0.400934579439252 204.26175980507
0.402803738317757 204.593272333464
0.404672897196262 204.923250081634
0.406542056074766 205.251707195019
0.408411214953271 205.578657624399
0.410280373831776 205.904115129443
0.41214953271028 206.228093282192
0.414018691588785 206.550605470448
0.41588785046729 206.8716649011
0.417757009345794 207.191284603364
0.419626168224299 207.509477431956
0.421495327102804 207.8262560702
0.423364485981308 208.141633033052
0.425233644859813 208.455620670078
0.427102803738318 208.768231168344
0.428971962616822 209.079476555264
0.430841121495327 209.389368701372
0.432710280373832 209.697919323038
0.434579439252336 210.005139985127
0.436448598130841 210.311042103603
0.438317757009346 210.615636948067
0.44018691588785 210.918935644258
0.442056074766355 211.220949176481
0.44392523364486 211.521688390004
0.445794392523365 211.821163993385
0.447663551401869 212.119386560769
0.449532710280374 212.416366534123
0.451401869158878 212.712114225429
0.453271028037383 213.006639818837
0.455140186915888 213.299953372766
0.457009345794393 213.592064821966
0.458878504672897 213.882983979537
0.460747663551402 214.172720538906
0.462616822429907 214.461284075768
0.464485981308411 214.748684049981
0.466355140186916 215.03492980743
0.468224299065421 215.320030581849
0.470093457943925 215.603995496609
0.47196261682243 215.88683356647
0.473831775700935 216.168553699295
0.475700934579439 216.449164697739
0.477570093457944 216.728675260896
0.479439252336449 217.007093985915
0.481308411214953 217.284429369591
0.483177570093458 217.56068980992
0.485046728971963 217.835883607622
0.486915887850467 218.110018967641
0.488785046728972 218.383104000609
0.490654205607477 218.655146724292
0.492523364485981 218.926155064995
0.494392523364486 219.196136858953
0.496261682242991 219.465099853688
0.498130841121495 219.733051709345
0.5 220
