0.00128205128205128 -1207.97820328245 -603.989101639468 -603.989101639468
0.00256410256410256 -2413.99706150178 -1810.49779611561 -1810.49779611561
0.00384615384615385 -3616.10040765969 -3013.41700640446 -3013.41700640446
0.00512820512820513 -4812.33842573281 -4210.79612251058 -4210.79612251058
0.00641025641025641 -6000.77081328133 -5400.69373194895 -5400.69373194895
0.00769230769230769 -7179.46992862673 -6581.18076791024 -6581.18076791024
0.00897435897435897 -8346.52391749358 -7750.34363767371 -7750.34363767371
0.0102564102564103 -9500.03981404417 -8906.28732566819 -8906.28732566819
0.0115384615384615 -10638.1466112761 -10047.1384662133 -10047.1384662133
0.0128205128205128 -11758.9982958023 -11171.0483810197 -11171.0483810197
0.0141025641025641 -12860.7768420916 -12276.1960765464 -12276.1960765464
0.0153846153846154 -13941.6951613131 -13360.791196274 -13360.791196274
0.0166666666666667 -15000 -14423.0769230638 -14423.0769230638
0.0179487179487179 -16033.974783834 -15461.3328272818 -15461.3328272818
0.0192307692307692 -17041.9424019347 -16473.8776551918 -16473.8776551918
0.0205128205128205 -18022.2679271394 -17459.0720544117 -17459.0720544117
0.0217948717948718 -18973.3612678613 -18415.3212305646 -18415.3212305646
0.0230769230769231 -19893.6797472239 -19341.0775320288 -19341.0775320288
0.0243589743589744 -20781.730605288 -20234.8429577663 -20234.8429577663
0.0256410256410256 -21636.0734203144 -21095.1715848195 -21095.1715848195
0.0269230769230769 -22455.322445133 -21920.6719107204 -21920.6719107204
0.0282051282051282 -23238.1488548296 -22710.0091081353 -22710.0091081353
0.0294871794871795 -23983.282902105 -23461.9071868269 -23461.9071868269
0.0307692307692308 -24689.5159768097 -24175.1510606537 -24175.1510606537
0.032051282051282 -25355.7025663138 -24848.5885149915 -24848.5885149915
0.0333333333333333 -25980.7621135332 -25481.132072883 -25481.132072883
0.0346153846153846 -26563.6807695963 -26071.7607553495 -26071.7607553495
0.0358974358974359 -27103.5130383115 -26619.5217340603 -26619.5217340603
0.0371794871794872 -27599.3833097647 -27123.5318734012 -27123.5318734012
0.0384615384615385 -28050.4872805624 -27582.9791592165 -27582.9791592165
0.0397435897435897 -28456.0932584144 -27997.1240123257 -27997.1240123257
0.041025641025641 -28815.5433489412 -28365.3004841294 -28365.3004841294
0.0423076923076923 -29128.2545227816 -28686.9173330432 -28686.9173330432
0.0435897435897436 -29393.719561268 -28961.4589794698 -28961.4589794698
0.0448717948717949 -29611.5078791374 -29188.4863379999 -29188.4863379999
0.0461538461538462 -29781.2662229416 -29367.6375254237 -29367.6375254237
0.0474358974358974 -29902.7192440263 -29498.6284434354 -29498.6284434354
0.0487179487179487 -29975.6699451471 -29581.2532353328 -29581.2532353328
0.05 -30000 -29615.384615389 -29615.384615389
0.0512820512820513 -29975.6699451471 -29600.9740708284 -29600.9740708284
0.0525641025641026 -29902.7192440263 -29538.051936156 -29538.051936156
0.0538461538461538 -29781.2662229416 -29426.727339343 -29426.727339343
0.0551282051282051 -29611.5078791374 -29267.1880200513 -29267.1880200513
0.0564102564102564 -29393.719561268 -29059.7000208133 -29059.7000208133
0.0576923076923077 -29128.2545227816 -28804.6072503001 -28804.6072503001
0.058974358974359 -28815.5433489412 -28502.3309212277 -28502.3309212277
0.0602564102564103 -28456.0932584144 -28153.3688620253 -28153.3688620253
0.0615384615384615 -28050.4872805624 -27758.294704743 -27758.294704743
0.0628205128205128 -27599.3833097647 -27317.7569494613 -27317.7569494613
0.0641025641025641 -27103.5130383115 -26832.4779079322 -26832.4779079322
0.0653846153846154 -26563.6807695963 -26303.2525267571 -26303.2525267571
0.0666666666666667 -25980.7621135332 -25730.947093217 -25730.947093217
0.067948717948718 -25355.7025663138 -25116.4978251089 -25116.4978251089
0.0692307692307692 -24689.5159768097 -24460.9093474073 -24460.9093474073
0.0705128205128205 -23983.282902105 -23765.2530575199 -23765.2530575199
0.0717948717948718 -23238.1488548296 -23030.6653829323 -23030.6653829323
0.0730769230769231 -22455.322445133 -22258.3459324657 -22258.3459324657
0.0743589743589744 -21636.0734203144 -21449.5555459931 -21449.5555459931
0.0756410256410256 -20781.730605288 -20605.6142442261 -20605.6142442261
0.0769230769230769 -19893.6797472239 -19727.8990826681 -19727.8990826681
0.0782051282051282 -18973.3612678613 -18817.8419132095 -18817.8419132095
0.0794871794871795 -18022.2679271394 -17876.9270567658 -17876.9270567658
0.0807692307692308 -17041.9424019347 -16906.6888908157 -16906.6888908157
0.0820512820512821 -16033.974783834 -15908.7093558581 -15908.7093558581
0.0833333333333333 -15000 -14884.6153845887 -14884.6153845887
0.0846153846153846 -13941.695161313 -13836.0762586053 -13836.0762586053
0.0858974358974359 -12860.7768420916 -12764.8008954911 -12764.8008954911
0.0871794871794872 -11758.9982958023 -11672.5350730392 -11672.5350730392
0.0884615384615385 -10638.1466112761 -10561.0585923598 -10561.0585923598
0.0897435897435897 -9500.03981404417 -9432.18238680464 -9432.18238680464
0.091025641025641 -8346.52391749357 -8287.74558004458 -8287.74558004458
0.0923076923076923 -7179.46992862673 -7129.61249855939 -7129.61249855939
0.0935897435897436 -6000.77081328133 -5959.66964333428 -5959.66964333428
0.0948717948717949 -4812.33842573282 -4779.8226255474 -4779.8226255474
0.0961538461538461 -3616.10040765971 -3591.99307161345 -3591.99307161345
0.0974358974358974 -2413.99706150178 -2398.11550188877 -2398.11550188877
0.0987179487179487 -1207.97820328244 -1200.13418894032 -1200.13418894032
0.1 9.64885723403475e-012 -1.0747981671333e-008 -1.0747981671333e-008
0.101282051282051 1207.97820328246 1200.3327716222 1200.3327716222
0.102564102564103 2413.99706150178 2398.90957989334 2398.90957989334
0.103846153846154 3616.10040765968 3593.77880018579 3593.77880018579
0.105128205128205 4812.33842573281 4782.99489874375 4782.99489874375
0.106410256410256 6000.77081328134 5964.62159154403 5964.62159154403
0.107692307692308 7179.46992862674 7136.73498855343 7136.73498855343
0.108974358974359 8346.52391749358 8297.42671797463 8297.42671797463
0.11025641025641 9500.03981404417 9444.80702445178 9444.80702445178
0.111538461538462 10638.1466112761 10577.0078376343 10577.0078376343
0.112820512820513 11758.9982958023 11692.1858054802 11692.1858054802
0.114102564102564 12860.7768420916 12788.5252867998 12788.5252867998
0.115384615384615 13941.6951613131 13864.2412993091 13864.2412993091
0.116666666666667 15000 14917.5824175968 14917.5824175968
0.117948717948718 16033.974783834 15946.8336165552 15946.8336165552
0.119230769230769 17041.9424019347 16950.3190556648 16950.3190556648
0.120512820512821 18022.2679271394 17926.4047998562 17926.4047998562
0.121794871794872 18973.3612678613 18873.5014717332 18873.5014717332
0.123076923076923 19893.6797472239 19790.0668318712 19790.0668318712
0.124358974358974 20781.730605288 20674.6082825976 20674.6082825976
0.125641025641026 21636.0734203144 21525.6852906117 21525.6852906117
0.126923076923077 22455.322445133 22341.9117257149 22341.9117257149
0.128205128205128 23238.1488548296 23121.9581105486 23121.9581105486
0.129487179487179 23983.282902105 23864.5537788599 23864.5537788599
0.130769230769231 24689.5159768097 24568.4889377083 24568.4889377083
0.132051282051282 25355.7025663138 25232.616631528 25232.616631528
0.133333333333333 25980.7621135332 25855.8546033445 25855.8546033445
0.134615384615385 26563.6807695963 26437.1870516712 26437.1870516712
0.135897435897436 27103.5130383115 26975.6662786732 26975.6662786732
0.137179487179487 27599.3833097647 27470.4142288644 27470.4142288644
0.138461538461538 28050.4872805625 27920.623913532 27920.623913532
0.13974358974359 28456.0932584144 28325.5607205358 28325.5607205358
0.141025641025641 28815.5433489412 28684.5636064458 28684.5636064458
0.142307692307692 29128.2545227816 28997.0461690744 28997.0461690744
0.143589743589744 29393.719561268 29262.4975989409 29262.4975989409
0.144871794871795 29611.5078791374 29480.4835080154 29480.4835080154
0.146153846153846 29781.2662229416 29650.6466342517 29650.6466342517
0.147435897435897 29902.7192440263 29772.7074212485 29772.7074212485
0.148717948717949 29975.6699451471 29846.4644712188 29846.4644712188
0.15 30000 29871.79487179 29871.79487179
0.151282051282051 29975.6699451471 29848.6543945157 29848.6543945157
0.152564102564103 29902.7192440263 29777.0775665619 29777.0775665619
0.153846153846154 29781.2662229416 29657.1776136692 29657.1776136692
0.155128205128205 29611.5078791374 29489.1462763252 29489.1462763252
0.156410256410256 29393.719561268 29273.2534975032 29273.2534975032
0.157692307692308 29128.2545227816 29009.8469840673 29009.8469840673
0.158974358974359 28815.5433489412 28699.3516418852 28699.3516418852
0.16025641025641 28456.0932584144 28342.2688853959 28342.2688853959
0.161538461538462 28050.4872805624 27939.1758231105 27939.1758231105
0.162820512820513 27599.3833097647 27490.724320389 27490.724320389
0.164102564102564 27103.5130383115 26997.6399405072 26997.6399405072
0.165384615384615 26563.6807695963 26460.7207666134 26460.7207666134
0.166666666666667 25980.7621135332 25880.8361054154 25880.8361054154
0.167948717948718 25355.7025663138 25258.9250755845 25258.9250755845
0.169230769230769 24689.5159768097 24595.9950829548 24595.9950829548
0.170512820512821 23983.282902105 23893.1201844368 23893.1201844368
0.171794871794872 23238.1488548296 23151.4393441754 23151.4393441754
0.173076923076923 22455.322445133 22372.1545842395 22372.1545842395
0.174358974358974 21636.0734203144 21556.5290327116 21556.5290327116
0.175641025641026 20781.730605288 20705.8848731186 20705.8848731186
0.176923076923077 19893.6797472239 19821.6011974253 19821.6011974253
0.178205128205128 18973.3612678613 18905.1117669035 18905.1117669035
0.179487179487179 18022.2679271394 17957.9026845272 17957.9026845272
0.180769230769231 17041.9424019347 16981.5099820687 16981.5099820687
0.182051282051282 16033.974783834 15977.5171261547 15977.5171261547
0.183333333333333 15000 14947.5524475423 14947.5524475423
0.184615384615385 13941.6951613131 13893.2864975691 13893.2864975691
0.185897435897436 12860.7768420916 12816.4293357351 12816.4293357351
0.187179487179487 11758.9982958023 11718.7277536893 11718.7277536893
0.188461538461538 10638.1466112761 10601.9624391217 10601.9624391217
0.18974358974359 9500.03981404419 9467.94508493476 9467.94508493476
0.191025641025641 8346.5239174936 8318.51544794991 8318.51544794991
0.192307692307692 7179.46992862676 7155.53836219517 7155.53836219517
0.193589743589744 6000.77081328134 5980.90071124893 5980.90071124893
0.194871794871795 4812.33842573282 4796.50836512311 4796.50836512311
0.196153846153846 3616.10040765968 3604.28308606055 3604.28308606055
0.197435897435897 2413.99706150177 2406.15940870438 2406.15940870438
0.198717948717949 1207.97820328243 1204.08149940719 1204.08149940719
0.2 -1.92977144680695e-011 -1.46766349073957e-009 -1.46766349073957e-009
0.201282051282051 -1207.97820328247 -1204.13113893612 -1204.13113893612
0.202564102564103 -2413.99706150178 -2406.35783028543 -2406.35783028543
0.203846153846154 -3616.10040765969 -3604.72902273473 -3604.72902273473
0.205128205128205 -4812.3384257328 -4797.29986814746 -4797.29986814746
0.206410256410256 -6000.77081328132 -5982.13487910221 -5982.13487910221
0.207692307692308 -7179.46992862672 -7157.31107080276 -7157.31107080276
0.208974358974359 -8346.52391749359 -8320.92108335538 -8320.92108335538
0.21025641025641 -9500.03981404418 -9471.07627800797 -9471.07627800797
0.211538461538462 -10638.1466112761 -10605.9098033739 -10605.9098033739
0.212820512820513 -11758.9982958022 -11723.5796262406 -11723.5796262406
0.214102564102564 -12860.7768420916 -12822.271522226 -12822.271522226
0.215384615384615 -13941.6951613131 -13900.202020917 -13900.202020917
0.216666666666667 -15000 -14955.6213017727 -14955.6213017727
0.217948717948718 -16033.974783834 -15986.8160344795 -15986.8160344795
0.219230769230769 -17041.9424019347 -16992.1121609917 -16992.1121609917
0.220512820512821 -18022.2679271394 -17969.8776134024 -17969.8776134024
0.221794871794872 -18973.3612678613 -18918.5249636278 -18918.5249636278
0.223076923076923 -19893.6797472238 -19836.5140008036 -19836.5140008036
0.224358974358974 -20781.730605288 -20722.3542321253 -20722.3542321253
0.225641025641026 -21636.0734203144 -21574.6073026269 -21574.6073026269
0.226923076923077 -22455.322445133 -22391.8893308825 -22391.8893308825
0.228205128205128 -23238.1488548296 -23172.8731557948 -23172.8731557948
0.22948717948718 -23983.282902105 -23916.2904917657 -23916.2904917657
0.230769230769231 -24689.5159768097 -24620.933987966 -24620.933987966
0.232051282051282 -25355.7025663139 -25285.6591890549 -25285.6591890549
0.233333333333333 -25980.7621135332 -25909.3863934552 -25909.3863934552
0.234615384615385 -26563.6807695963 -26491.1024068292 -26491.1024068292
0.235897435897436 -27103.5130383115 -27029.8621876607 -27029.8621876607
0.237179487179487 -27599.3833097647 -27524.7903819193 -27524.7903819193
0.238461538461538 -28050.4872805624 -27975.0827448455 -27975.0827448455
0.23974358974359 -28456.0932584144 -28380.007447535 -28380.007447535
0.241025641025641 -28815.5433489412 -28738.9062655589 -28738.9062655589
0.242307692307692 -29128.2545227816 -29051.1956483942 -29051.1956483942
0.243589743589744 -29393.719561268 -29316.3676677222 -29316.3676677222
0.244871794871795 -29611.5078791374 -29533.9908428142 -29533.9908428142
0.246153846153846 -29781.2662229416 -29703.7108421615 -29703.7108421615
0.247435897435897 -29902.7192440263 -29825.2510594433 -29825.2510594433
0.248717948717949 -29975.6699451471 -29898.4130638527 -29898.4130638527
0.25 -30000 -29923.0769230663 -29923.0769230663
0.251282051282051 -29975.6699451471 -29899.2013993783 -29899.2013993783
0.252564102564103 -29902.7192440263 -29826.8240175067 -29826.8240175067
0.253846153846154 -29781.2662229416 -29706.061005223 -29706.061005223
0.255128205128205 -29611.5078791374 -29537.1071055634 -29537.1071055634
0.256410256410256 -29393.719561268 -29320.2352623705 -29320.2352623705
0.257692307692308 -29128.2545227816 -29055.796178184 -29055.796178184
0.258974358974359 -28815.5433489412 -28744.2177465944 -28744.2177465944
0.26025641025641 -28456.0932584144 -28386.0043587746 -28386.0043587746
0.261538461538462 -28050.4872805624 -27981.7360862349 -27981.7360862349
0.262820512820513 -27599.3833097647 -27532.067740714 -27532.067740714
0.264102564102564 -27103.5130383115 -27037.7278124877 -27037.7278124877
0.265384615384615 -26563.6807695963 -26499.5172894816 -26499.5172894816
0.266666666666667 -25980.7621135332 -25918.3083584563 -25918.3083584563
0.267948717948718 -25355.7025663139 -25295.0429907956 -25295.0429907956
0.269230769230769 -24689.5159768097 -24630.7314149581 -24630.7314149581
0.27051282051282 -23983.282902105 -23926.4504781831 -23926.4504781831
0.271794871794872 -23238.1488548296 -23183.3419000102 -23183.3419000102
0.273076923076923 -22455.322445133 -22402.6104205939 -22402.6104205939
0.274358974358974 -21636.0734203144 -21585.5218469173 -21585.5218469173
0.275641025641026 -20781.730605288 -20733.4009992064 -20733.4009992064
0.276923076923077 -19893.6797472238 -19847.6295626425 -19847.6295626425
0.278205128205128 -18973.3612678613 -18929.6438455823 -18929.6438455823
0.279487179487179 -18022.2679271393 -17980.9324502493 -17980.9324502493
0.280769230769231 -17041.9424019347 -17003.0338576201 -17003.0338576201
0.282051282051282 -16033.974783834 -15997.5339320574 -15997.5339320574
0.283333333333333 -15000 -14966.0633484198 -14966.0633484198
0.284615384615385 -13941.6951613131 -13910.2949470186 -13910.2949470186
0.285897435897436 -12860.7768420916 -12831.9410195749 -12831.9410195749
0.287179487179487 -11758.9982958023 -11732.7505317478 -11732.7505317478
0.288461538461538 -10638.1466112761 -10614.5062854392 -10614.5062854392
0.28974358974359 -9500.03981404419 -9479.0220268515 -9479.0220268515
0.291025641025641 -8346.52391749355 -8328.13950356614 -8328.13950356614
0.292307692307692 -7179.46992862671 -7163.72547700918 -7163.72547700918
0.293589743589744 -6000.77081328132 -5987.66869361072 -5987.66869361072
0.294871794871795 -4812.3384257328 -4801.87682046889 -4801.87682046889
0.296153846153846 -3616.10040765969 -3608.27335048367 -3608.27335048367
0.297435897435897 -2413.99706150178 -2408.79448162975 -2408.79448162975
0.298717948717949 -1207.97820328246 446023.524281616 446023.524281616
0.299786324786325 -201.3826320107 166398.996031408 -668452.619251026
0.30042735042735 0 -4.27457169234128e-008 -1.70982867693651e-007
0.300854700854701 0 6.41973402349661e-008 2.56789360939864e-007
0.301282051282051 0 -1.56860332701627e-007 -6.27441330806507e-007
0.301709401709402 0 6.54484560032009e-008 2.61793824012803e-007
0.302136752136752 0 3.16773993881687e-008 1.26709597552675e-007
0.302564102564103 0 -9.17474783646014e-008 -3.66989913458406e-007
0.302991452991453 0 -4.58522030992639e-008 -1.83408812397056e-007
0.303418803418803 0 -9.95990639962589e-008 -3.98396255985035e-007
0.303846153846154 0 4.30339428648971e-008 1.72135771459588e-007
0.304273504273504 0 1.00701718733439e-009 4.02806874933756e-009
0.304700854700855 0 -3.57726956051687e-008 -1.43090782420675e-007
0.305128205128205 0 -8.12769574332262e-008 -3.25107829732905e-007
0.305555555555556 0 -3.91551168760724e-008 -1.5662046750429e-007
0.305982905982906 0 -1.66796167555147e-007 -6.67184670220588e-007
0.306410256410256 0 1.73013558709815e-007 6.92054234839261e-007
0.306837606837607 0 2.45162056741984e-008 9.80648226967936e-008
0.307264957264957 0 -2.01380984245711e-007 -8.05523936982844e-007
0.307692307692308 0 -5.3688860544847e-008 -2.14755442179388e-007
0.308119658119658 0 2.28430694159123e-007 9.13722776636492e-007
0.308547008547009 0 -6.56085829708765e-009 -2.62434331883506e-008
0.308974358974359 0 4.33862682295363e-008 1.73545072918145e-007
0.309401709401709 0 -4.35146361623233e-008 -1.74058544649293e-007
0.30982905982906 0 1.83783846761788e-009 7.35135387047153e-009
0.31025641025641 0 1.23377858239822e-007 4.93511432959286e-007
0.310683760683761 0 -5.78915524184405e-008 -2.31566209673762e-007
0.311111111111111 0 1.5991460566459e-007 6.39658422658358e-007
0.311538461538462 0 -2.39509770658429e-007 -9.58039082633715e-007
0.311965811965812 0 5.86394718741241e-008 2.34557887496496e-007
0.312393162393162 0 -1.2165597834869e-007 -4.86623913394759e-007
0.312820512820513 0 6.82590770791606e-008 2.73036308316643e-007
0.313247863247863 0 2.36145815555457e-007 9.44583262221829e-007
0.313675213675214 0 -1.59283436644757e-007 -6.37133746579029e-007
0.314102564102564 0 6.18797235900729e-008 2.47518894360292e-007
0.314529914529915 0 6.83504920121833e-008 2.73401968048733e-007
0.314957264957265 0 -1.79540089274646e-007 -7.18160357098585e-007
0.315384615384615 0 7.36480160393659e-008 2.94592064157464e-007
0.315811965811966 0 -1.09770122727634e-007 -4.39080490910536e-007
0.316239316239316 0 6.55625190961622e-008 2.62250076384649e-007
0.316666666666667 0 1.81141982992298e-008 7.24567931969192e-008
0.317094017094017 0 -1.8556617489249e-007 -7.4226469956996e-007
0.317521367521368 0 1.65992968361196e-008 6.63971873444786e-008
0.317948717948718 0 -2.79771555720731e-008 -1.11908622288292e-007
0.318376068376068 0 -5.27456950599637e-009 -2.10982780239855e-008
0.318803418803419 0 -3.33260073357809e-008 -1.33304029343124e-007
0.319230769230769 0 -1.9296977931234e-007 -7.71879117249361e-007
0.31965811965812 0 9.72143334749158e-008 3.88857333899663e-007
0.32008547008547 0 -9.62530732020779e-008 -3.85012292808312e-007
0.32051282051282 0 4.87112144620385e-008 1.94844857848154e-007
0.320940170940171 0 -3.62289459417763e-010 -1.44915783767105e-009
0.321367521367521 0 -2.61428313272627e-007 -1.04571325309051e-006
0.321794871794872 0 -7.94141285600154e-008 -3.17656514240062e-007
0.322222222222222 0 1.63727733095392e-007 6.54910932381568e-007
0.322649572649573 0 -3.27380510019119e-007 -1.30952204007648e-006
0.323076923076923 0 2.65913251239798e-007 1.06365300495919e-006
0.323504273504273 0 -2.50013400900095e-007 -1.00005360360038e-006
0.323931623931624 0 -6.99730344906443e-008 -2.79892137962577e-007
0.324358974358974 0 -1.98148635839256e-008 -7.92594543357026e-008
0.324786324786325 0 9.66234363243633e-008 3.86493745297453e-007
0.325213675213675 0 7.43580929418543e-009 2.97432371767417e-008
0.325641025641026 0 -2.42301883281969e-008 -9.69207533127877e-008
0.326068376068376 0 2.37334834288727e-008 9.49339337154907e-008
0.326495726495727 0 8.970079240907e-008 3.5880316963628e-007
0.326923076923077 0 3.00795112347342e-008 1.20318044938937e-007
0.327350427350427 0 2.43975030811243e-007 9.75900123244973e-007
0.327777777777778 0 -3.72610688066868e-008 -1.49044275226747e-007
0.328205128205128 0 5.33665923951878e-008 2.13466369580751e-007
0.328632478632479 0 -9.21088100460169e-008 -3.68435240184068e-007
0.329059829059829 0 -6.51083488421948e-008 -2.60433395368779e-007
0.329487179487179 0 5.32062487453515e-009 2.12824994981406e-008
0.32991452991453 0 -7.92524201705253e-008 -3.17009680682101e-007
0.33034188034188 0 -1.17804713461595e-007 -4.71218853846379e-007
0.330769230769231 0 2.52056422245757e-008 1.00822568898303e-007
0.331196581196581 0 -4.57119250516576e-008 -1.8284770020663e-007
0.331623931623932 0 -1.02561448702356e-008 -4.10245794809422e-008
0.332051282051282 0 -7.55376805507293e-008 -3.02150722202917e-007
0.332478632478632 0 1.14991167840964e-007 4.59964671363855e-007
0.332905982905983 0 -2.29071683188198e-007 -9.16286732752792e-007
0.333333333333333 0 -8.61208666880223e-008 -3.44483466752089e-007
0.333760683760684 0 1.11162102506301e-007 4.44648410025204e-007
0.334188034188034 0 -1.22916393463768e-007 -4.91665573855074e-007
0.334615384615385 0 7.59966391541108e-008 3.03986556616443e-007
0.335042735042735 0 -3.31773370893644e-008 -1.32709348357457e-007
0.335470085470085 0 5.62281469792404e-009 2.24912587916961e-008
0.335897435897436 0 -2.00248983425723e-008 -8.00995933702893e-008
0.336324786324786 0 -5.58902124073245e-008 -2.23560849629298e-007
0.336752136752137 0 6.45861556812266e-008 2.58344622724906e-007
0.337179487179487 0 -3.11542297663038e-007 -1.24616919065215e-006
0.337606837606838 0 -9.74585728574928e-009 -3.89834291429971e-008
0.338034188034188 0 8.303214705556e-008 3.3212858822224e-007
0.338461538461538 0 1.31658654717063e-007 5.26634618868252e-007
0.338888888888889 0 -2.93485775845767e-007 -1.17394310338307e-006
0.339316239316239 0 -1.07593311244064e-007 -4.30373244976256e-007
0.33974358974359 0 4.59905845482307e-008 1.83962338192923e-007
0.34017094017094 0 9.82316686221931e-008 3.92926674488772e-007
0.340598290598291 0 1.14022484396576e-007 4.56089937586304e-007
0.341025641025641 0 -8.99162858831172e-008 -3.59665143532469e-007
0.341452991452991 0 2.10053639094559e-007 8.40214556378235e-007
0.341880341880342 0 -3.03909366422551e-010 -1.2156374656902e-009
0.342307692307692 0 1.07721400339093e-007 4.30885601356373e-007
0.342735042735043 0 -6.07489240956217e-008 -2.42995696382487e-007
0.343162393162393 0 -3.30559709119538e-008 -1.32223883647815e-007
0.343589743589744 0 -1.35023383518783e-007 -5.40093534075132e-007
0.344017094017094 0 2.22310648895875e-007 8.89242595583498e-007
0.344444444444444 0 -1.02153640385393e-007 -4.08614561541572e-007
0.344871794871795 0 -2.43093123790524e-007 -9.72372495162097e-007
0.345299145299145 0 2.77233202051028e-008 1.10893280820411e-007
0.345726495726496 0 -1.6525630057833e-007 -6.61025202313321e-007
0.346153846153846 0 1.57247109222603e-007 6.28988436890412e-007
0.346581196581197 0 -6.01705747187975e-008 -2.4068229887519e-007
0.347008547008547 0 -1.58235374310867e-008 -6.3294149724347e-008
0.347435897435897 0 1.49584395700267e-007 5.98337582801069e-007
0.347863247863248 0 -3.35544194702226e-007 -1.3421767788089e-006
0.348290598290598 0 8.54394294884097e-008 3.41757717953639e-007
0.348717948717949 0 6.94966069985878e-009 2.77986427994351e-008
0.349145299145299 0 -1.13921226613701e-007 -4.55684906454803e-007
0.34957264957265 0 2.17724428645019e-008 8.70897714580077e-008
0.35 0 -6.75346493014423e-008 -2.70138597205769e-007
0.35042735042735 0 7.00488970487229e-008 2.80195588194892e-007
0.350854700854701 0 -4.7277138963735e-008 -1.8910855585494e-007
0.351282051282051 0 -1.21719376548727e-007 -4.86877506194907e-007
0.351709401709402 0 -8.20845102096244e-009 -3.28338040838497e-008
0.352136752136752 0 -1.80633510909834e-007 -7.22534043639337e-007
0.352564102564103 0 1.37156664389596e-007 5.48626657558385e-007
0.352991452991453 0 1.52783400337977e-008 6.11133601351908e-008
0.353418803418803 0 -6.87630265001573e-008 -2.75052106000629e-007
0.353846153846154 0 -9.5933263507011e-008 -3.83733054028044e-007
0.354273504273504 0 -3.79974948670741e-008 -1.51989979468296e-007
0.354700854700855 0 4.88613398536746e-008 1.95445359414698e-007
0.355128205128205 0 1.25808100850397e-007 5.03232403401587e-007
0.355555555555556 0 1.54313682535282e-007 6.17254730141128e-007
0.355982905982906 0 -3.48458898890432e-008 -1.39383559556173e-007
0.356410256410256 0 2.04299828852845e-008 8.1719931541138e-008
0.356837606837607 0 1.14153819810011e-007 4.56615279240043e-007
0.357264957264957 0 -9.92237354481134e-008 -3.96894941792454e-007
0.357692307692308 0 -1.39479248043835e-008 -5.57916992175339e-008
0.358119658119658 0 6.05388755533848e-008 2.42155502213539e-007
0.358547008547009 0 -1.66201772279219e-007 -6.64807089116878e-007
0.358974358974359 0 -1.86012913643603e-007 -7.44051654574413e-007
0.359401709401709 0 3.75460813450559e-007 1.50184325380224e-006
0.35982905982906 0 -1.09051923785723e-007 -4.36207695142892e-007
0.36025641025641 0 1.80268457367922e-007 7.21073829471689e-007
0.360683760683761 0 -2.48034109542686e-008 -9.92136438170746e-008
0.361111111111111 0 -2.56002808951551e-007 -1.0240112358062e-006
0.361538461538462 0 1.37227674702313e-007 5.48910698809253e-007
0.361965811965812 0 -1.91181866913733e-007 -7.64727467654931e-007
0.362393162393162 0 8.61604788694818e-008 3.44641915477927e-007
0.362820512820513 0 -8.8012337700524e-009 -3.52049350802096e-008
0.363247863247863 0 -1.79887793396466e-007 -7.19551173585865e-007
0.363675213675214 0 5.57741192830835e-008 2.23096477132334e-007
0.364102564102564 0 -3.3038942268646e-008 -1.32155769074584e-007
0.364529914529915 0 -5.56234371868339e-008 -2.22493748747336e-007
0.364957264957265 0 1.00614258552313e-007 4.02457034209254e-007
0.365384615384615 0 -4.03858236326734e-008 -1.61543294530694e-007
0.365811965811966 0 -1.4178637638973e-007 -5.67145505558921e-007
0.366239316239316 0 -1.42074915950994e-007 -5.68299663803976e-007
0.366666666666667 0 5.68855882853262e-008 2.27542353141305e-007
0.367094017094017 0 -3.21356089875861e-008 -1.28542435950344e-007
0.367521367521367 0 7.55731739687796e-008 3.02292695875118e-007
0.367948717948718 0 -2.99822905179118e-008 -1.19929162071647e-007
0.368376068376068 0 -9.65669532736655e-008 -3.86267813094662e-007
0.368803418803419 0 -1.42439494006209e-007 -5.69757976024834e-007
0.369230769230769 0 -1.44436060507681e-007 -5.77744242030722e-007
0.36965811965812 0 1.18585825869971e-007 4.74343303479884e-007
0.37008547008547 0 3.5244780650556e-008 1.40979122602224e-007
0.370512820512821 0 -1.65294290798066e-007 -6.61177163192263e-007
0.370940170940171 0 6.48142917504684e-008 2.59257167001874e-007
0.371367521367521 0 -4.4592465048473e-008 -1.78369860193892e-007
0.371794871794872 0 8.58625722246183e-009 3.43450288898473e-008
0.372222222222222 0 9.24642612476493e-008 3.69857044990597e-007
0.372649572649573 0 -3.31062439217355e-008 -1.32424975686942e-007
0.373076923076923 0 6.26603323351896e-008 2.50641329340758e-007
0.373504273504274 0 2.37267150977982e-007 9.49068603911926e-007
0.373931623931624 0 -2.24990647855275e-007 -8.99962591421098e-007
0.374358974358974 0 3.41985731685369e-008 1.36794292674147e-007
0.374786324786325 0 9.02346366384218e-008 3.60938546553687e-007
0.375213675213675 0 3.72225985797214e-009 1.48890394318885e-008
0.375641025641026 0 -1.11983378201796e-007 -4.47933512807185e-007
0.376068376068376 0 2.21413272744685e-007 8.85653090978739e-007
0.376495726495726 0 -1.76028541969757e-007 -7.04114167879028e-007
0.376923076923077 0 -9.51046379404457e-008 -3.80418551761783e-007
0.377350427350427 0 -1.38353598028899e-007 -5.53414392115594e-007
0.377777777777778 0 8.14220999446812e-008 3.25688399778725e-007
0.378205128205128 0 -8.13297111860238e-008 -3.25318844744095e-007
0.378632478632479 0 3.02998846667586e-008 1.21199538667034e-007
0.379059829059829 0 4.2108776640317e-008 1.68435106561268e-007
0.379487179487179 0 -5.02100021188603e-008 -2.00840008475441e-007
0.37991452991453 0 -3.61278285409369e-008 -1.44511314163748e-007
0.38034188034188 0 -1.11452143497317e-007 -4.45808573989267e-007
0.380769230769231 0 5.53899971344021e-008 2.21559988537609e-007
0.381196581196581 0 -7.64830596277493e-008 -3.05932238510997e-007
0.381623931623932 0 -5.22605827034616e-008 -2.09042330813846e-007
0.382051282051282 0 2.31737355814789e-008 9.26949423259154e-008
0.382478632478632 0 -2.03335634614749e-007 -8.13342538458995e-007
0.382905982905983 0 6.85418902160007e-008 2.74167560864003e-007
0.383333333333333 0 -1.64019162382391e-007 -6.56076649529566e-007
0.383760683760684 0 2.87029373543023e-008 1.14811749417209e-007
0.384188034188034 0 -6.96554842726153e-008 -2.78621937090461e-007
0.384615384615385 0 1.35761698133452e-007 5.4304679253381e-007
0.385042735042735 0 -9.40278400645698e-008 -3.76111360258279e-007
0.385470085470085 0 -2.99133819156159e-008 -1.19653527662464e-007
0.385897435897436 0 9.23111176368998e-008 3.69244470547599e-007
0.386324786324786 0 -2.00133652736447e-008 -8.00534610945789e-008
0.386752136752137 0 -2.85483923517702e-008 -1.14193569407081e-007
0.387179487179487 0 6.87922143091053e-008 2.75168857236421e-007
0.387606837606838 0 2.74264932705234e-009 1.09705973082094e-008
0.388034188034188 0 1.41311820395009e-007 5.65247281580038e-007
0.388461538461538 0 -1.65558513433238e-007 -6.62234053732951e-007
0.388888888888889 0 2.1624889700351e-007 8.64995588014041e-007
0.389316239316239 0 -1.52382857621994e-007 -6.09531430487976e-007
0.38974358974359 0 8.10280830918675e-009 3.2411233236747e-008
0.39017094017094 0 2.81225014797891e-008 1.12490005919156e-007
0.390598290598291 0 -6.55562448964649e-008 -2.6222497958586e-007
0.391025641025641 0 -1.56502902440793e-008 -6.26011609763172e-008
0.391452991452991 0 1.99286900982568e-007 7.97147603930273e-007
0.391880341880342 0 5.37112404988645e-008 2.14844961995458e-007
0.392307692307692 0 -1.23587849268196e-007 -4.94351397072782e-007
0.392735042735043 0 7.34074834107174e-008 2.9362993364287e-007
0.393162393162393 0 -1.17144849825936e-007 -4.68579399303744e-007
0.393589743589744 0 2.13728536497591e-008 8.54914145990365e-008
0.394017094017094 0 -1.16637469612159e-007 -4.66549878448636e-007
0.394444444444444 0 3.14431516035431e-008 1.25772606414173e-007
0.394871794871795 0 1.82719110134441e-008 7.30876440537765e-008
0.395299145299145 0 9.87570624196887e-008 3.95028249678755e-007
0.395726495726496 0 -3.25791490734329e-007 -1.30316596293732e-006
0.396153846153846 0 9.47667893187694e-008 3.79067157275078e-007
0.396581196581197 0 -1.65421110295708e-007 -6.61684441182832e-007
0.397008547008547 0 9.55015112201658e-008 3.82006044880663e-007
0.397435897435897 0 1.38488791724723e-007 5.53955166898893e-007
0.397863247863248 0 -3.82028881032357e-007 -1.52811552412943e-006
0.398290598290598 0 1.39777921104598e-007 5.59111684418392e-007
0.398717948717949 0 1.25283166156455e-007 5.01132664625822e-007
0.399145299145299 0 -5.31376145440539e-008 -2.12550458176215e-007
0.39957264957265 0 6.19326324182156e-008 2.47730529672862e-007
0.4 0 -2.32176724720979e-007 -9.28706898883916e-007
0.40042735042735 0 -1.51956817113322e-007 -6.07827268453288e-007
0.400854700854701 0 2.38680260790201e-007 9.54721043160803e-007
0.401282051282051 0 -2.29611811832239e-007 -9.18447247328957e-007
0.401709401709402 0 4.84800277847897e-008 1.93920111139159e-007
0.402136752136752 0 3.65395472380831e-008 1.46158188952333e-007
0.402564102564103 0 -4.17252584394564e-008 -1.66901033757825e-007
0.402991452991453 0 8.41564841673772e-008 3.36625936669509e-007
0.403418803418803 0 -5.8946983285035e-008 -2.3578793314014e-007
0.403846153846154 0 -7.70821328195078e-008 -3.08328531278031e-007
0.404273504273504 0 4.64636697246134e-008 1.85854678898453e-007
0.404700854700855 0 1.06890104792711e-007 4.27560419170844e-007
0.405128205128205 0 1.45191342493105e-007 5.8076536997242e-007
0.405555555555556 0 -1.74002970935948e-007 -6.96011883743793e-007
0.405982905982906 0 3.06081358153758e-007 1.22432543261503e-006
0.406410256410256 0 3.22277371981524e-008 1.2891094879261e-007
0.406837606837607 0 3.28477749202431e-008 1.31391099680972e-007
0.407264957264957 0 -1.27303384203552e-007 -5.0921353681421e-007
0.407692307692308 0 -1.26527220304814e-008 -5.06108881219254e-008
0.408119658119658 0 1.27423847834519e-007 5.09695391338078e-007
0.408547008547009 0 -3.30308226351151e-007 -1.3212329054046e-006
0.408974358974359 0 1.08375151329599e-007 4.33500605318395e-007
0.409401709401709 0 -2.36291755603569e-007 -9.45167022414278e-007
0.40982905982906 0 1.62999599714432e-007 6.51998398857728e-007
0.41025641025641 0 -1.83924137482639e-007 -7.35696549930556e-007
0.410683760683761 0 1.29381443462088e-007 5.17525773848354e-007
0.411111111111111 0 -4.03723115749134e-008 -1.61489246299654e-007
0.411538461538462 0 -2.86947664227898e-008 -1.14779065691159e-007
0.411965811965812 0 -8.08165795695661e-009 -3.23266318278265e-008
0.412393162393162 0 -2.09983753675248e-007 -8.3993501470099e-007
0.412820512820513 0 9.73708179303374e-009 3.89483271721349e-008
0.413247863247863 0 1.47891357381772e-007 5.91565429527089e-007
0.413675213675214 0 -4.5507609328593e-008 -1.82030437314372e-007
0.414102564102564 0 -9.9504034346475e-008 -3.980161373859e-007
0.414529914529915 0 -6.66718404196641e-008 -2.66687361678656e-007
0.414957264957265 0 -5.65723270752168e-008 -2.26289308300867e-007
0.415384615384615 0 7.66965322270462e-008 3.06786128908185e-007
0.415811965811966 0 -1.99846207439768e-007 -7.99384829759072e-007
0.416239316239316 0 8.1811790991657e-008 3.27247163966628e-007
0.416666666666667 0 -3.30362527334317e-008 -1.32145010933727e-007
0.417094017094017 0 5.40588131380041e-008 2.16235252552016e-007
0.417521367521367 0 -1.50909369698563e-007 -6.0363747879425e-007
0.417948717948718 0 -5.3806968543312e-008 -2.15227874173248e-007
0.418376068376068 0 5.4661510583442e-008 2.18646042333768e-007
0.418803418803419 0 9.00185298751226e-008 3.60074119500491e-007
0.419230769230769 0 1.73847328047023e-007 6.95389312188092e-007
0.41965811965812 0 -2.47882622727514e-007 -9.91530490910057e-007
0.42008547008547 0 2.41807499405208e-007 9.67229997620833e-007
0.420512820512821 0 5.06669288079955e-008 2.02667715231982e-007
0.420940170940171 0 -1.31553724639688e-007 -5.26214898558752e-007
0.421367521367521 0 2.2548296698348e-008 9.01931867933922e-008
0.421794871794872 0 1.66562199898785e-007 6.66248799595141e-007
0.422222222222222 0 -9.72883458005255e-008 -3.89153383202102e-007
0.422649572649573 0 -1.27953237085578e-007 -5.1181294834231e-007
0.423076923076923 0 4.30501161991454e-008 1.72200464796582e-007
0.423504273504273 0 -1.33034341565064e-007 -5.32137366260256e-007
0.423931623931624 0 -9.67024041487905e-009 -3.86809616595162e-008
0.424358974358974 0 -7.90887790303771e-008 -3.16355116121509e-007
0.424786324786325 0 5.10182721019359e-008 2.04073088407744e-007
0.425213675213675 0 1.01643173877619e-007 4.06572695510478e-007
0.425641025641026 0 -9.93975170996169e-008 -3.97590068398468e-007
0.426068376068376 0 5.75357256822852e-009 2.30142902729141e-008
0.426495726495726 0 -1.6243105853339e-007 -6.49724234133561e-007
0.426923076923077 0 1.38427400173189e-008 5.53709600692756e-008
0.427350427350427 0 1.56186332617159e-008 6.24745330468637e-008
0.427777777777778 0 5.47816195004174e-008 2.1912647800167e-007
0.428205128205128 0 -1.70557868726533e-007 -6.82231474906131e-007
0.428632478632479 0 -7.49641181383341e-008 -2.99856472553336e-007
0.429059829059829 0 1.02747333499919e-007 4.10989333999676e-007
0.429487179487179 0 -7.82215965880506e-008 -3.12886386352202e-007
0.42991452991453 0 -1.7065304378364e-007 -6.82612175134559e-007
0.43034188034188 0 7.19188869580037e-008 2.87675547832015e-007
0.430769230769231 0 7.24651773854694e-008 2.89860709541878e-007
0.431196581196581 0 -1.30543295697565e-008 -5.22173182790259e-008
0.431623931623932 0 -7.32115834045866e-008 -2.92846333618346e-007
0.432051282051282 0 1.14812676057791e-007 4.59250704231165e-007
0.432478632478632 0 -1.54186021657778e-007 -6.16744086631111e-007
0.432905982905983 0 -1.22233865674833e-008 -4.88935462699333e-008
0.433333333333333 0 -1.19934062681182e-009 -4.79736250724729e-009
0.433760683760684 0 1.92989285069964e-007 7.71957140279857e-007
0.434188034188034 0 2.47926032558186e-009 9.91704130232744e-009
0.434615384615385 0 1.1428792867837e-008 4.57151714713479e-008
0.435042735042735 0 -1.66248801316794e-008 -6.64995205267174e-008
0.435470085470085 0 -4.91388471620449e-008 -1.9655538864818e-007
0.435897435897436 0 5.98474294386794e-008 2.39389717754718e-007
0.436324786324786 0 -5.24722274935102e-008 -2.09888909974041e-007
0.436752136752137 0 -1.23723379388954e-008 -4.94893517555818e-008
0.437179487179487 0 -1.09949745862123e-007 -4.39798983448491e-007
0.437606837606838 0 -5.38383587711524e-008 -2.15353435084609e-007
0.438034188034188 0 9.50836365740457e-008 3.80334546296183e-007
0.438461538461538 0 -7.59548864593428e-008 -3.03819545837371e-007
0.438888888888889 0 -8.64126118761568e-008 -3.45650447504627e-007
0.439316239316239 0 3.74303801475031e-008 1.49721520590012e-007
0.43974358974359 0 -8.20855586127232e-008 -3.28342234450893e-007
0.44017094017094 0 7.15047077131408e-008 2.86018830852563e-007
0.440598290598291 0 4.14724591477658e-008 1.65889836591063e-007
0.441025641025641 0 -4.58057023270812e-008 -1.83222809308325e-007
0.441452991452991 0 -1.02859347056241e-007 -4.11437388224963e-007
0.441880341880342 0 7.47650463058292e-008 2.99060185223317e-007
0.442307692307692 0 3.03356655013302e-008 1.21342662005321e-007
0.442735042735043 0 4.6830370782973e-008 1.87321483131892e-007
0.443162393162393 0 -9.77352837764197e-008 -3.90941135105679e-007
0.443589743589744 0 1.1503266388568e-007 4.60130655542721e-007
0.444017094017094 0 -7.92734263699433e-008 -3.17093705479773e-007
0.444444444444444 0 7.37351848328907e-008 2.94940739331563e-007
0.444871794871795 0 4.63065209376183e-008 1.85226083750473e-007
0.445299145299145 0 -1.04136473364837e-007 -4.16545893459347e-007
0.445726495726496 0 -3.56648932438694e-007 -1.42659572975478e-006
0.446153846153846 0 2.06793148122573e-007 8.2717259249029e-007
0.446581196581197 0 -3.33404280236504e-007 -1.33361712094602e-006
0.447008547008547 0 -4.26631494472653e-008 -1.70652597789061e-007
0.447435897435897 0 2.12184459830481e-008 8.48737839321924e-008
0.447863247863248 0 9.24414600210936e-009 3.69765840084374e-008
0.448290598290598 0 8.54164050500473e-008 3.41665620200189e-007
0.448717948717949 0 -1.7501412611997e-007 -7.00056504479882e-007
0.449145299145299 0 3.02903060626248e-008 1.21161224250499e-007
0.44957264957265 0 5.11201190931299e-008 2.0448047637252e-007
0.45 0 -8.8962190392117e-008 -3.55848761568468e-007
0.45042735042735 0 1.77274763654169e-008 7.09099054616675e-008
0.450854700854701 0 -3.36237510346243e-008 -1.34495004138497e-007
0.451282051282051 0 9.60963497696379e-008 3.84385399078552e-007
0.451709401709402 0 -6.61723716975694e-008 -2.64689486790278e-007
0.452136752136752 0 6.21565562488524e-008 2.4862622499541e-007
0.452564102564103 0 9.64119801699467e-008 3.85647920679787e-007
0.452991452991453 0 -7.04629351093473e-008 -2.81851740437389e-007
0.453418803418803 0 -1.11759866582673e-007 -4.47039466330692e-007
0.453846153846154 0 1.10793742189172e-007 4.43174968756688e-007
0.454273504273504 0 7.99449789763925e-008 3.1977991590557e-007
0.454700854700855 0 -1.31921776463344e-007 -5.27687105853377e-007
0.455128205128205 0 -1.77452654683173e-008 -7.09810618732694e-008
0.455555555555556 0 -3.64883672057603e-008 -1.45953468823041e-007
0.455982905982906 0 9.88251847038392e-008 3.95300738815357e-007
0.456410256410256 0 2.07011555369529e-008 8.28046221478117e-008
0.456837606837607 0 -4.76683757246913e-008 -1.90673502898765e-007
0.457264957264957 0 8.56036260568552e-008 3.42414504227421e-007
0.457692307692308 0 -4.1906065382497e-008 -1.67624261529988e-007
0.458119658119658 0 1.03228725707375e-008 4.12914902829501e-008
0.458547008547009 0 -1.26602776957222e-007 -5.06411107828887e-007
0.458974358974359 0 8.14510281847015e-008 3.25804112738806e-007
0.459401709401709 0 4.85128578704214e-008 1.94051431481686e-007
0.45982905982906 0 -2.19683196030296e-007 -8.78732784121185e-007
0.46025641025641 0 -2.80674773186395e-007 -1.12269909274558e-006
0.460683760683761 0 -3.31886420711295e-008 -1.32754568284518e-007
0.461111111111111 0 -2.86867033140008e-008 -1.14746813256003e-007
0.461538461538462 0 -7.05206299606023e-008 -2.82082519842409e-007
0.461965811965812 0 1.6413519287935e-007 6.56540771517402e-007
0.462393162393162 0 3.46787878681388e-008 1.38715151472555e-007
0.462820512820513 0 -3.95736815893067e-008 -1.58294726357227e-007
0.463247863247863 0 2.04735554616765e-008 8.18942218467059e-008
0.463675213675214 0 -1.5553885723162e-007 -6.22155428926481e-007
0.464102564102564 0 4.51769877032745e-008 1.80707950813098e-007
0.464529914529915 0 1.16885114374843e-007 4.67540457499371e-007
0.464957264957265 0 -1.63506335975213e-007 -6.54025343900851e-007
0.465384615384615 0 -3.57401211931405e-008 -1.42960484772562e-007
0.465811965811966 0 9.62891411100258e-008 3.85156564440103e-007
0.466239316239316 0 1.11606530090091e-007 4.46426120360366e-007
0.466666666666667 0 -1.38822518659059e-007 -5.55290074636238e-007
0.467094017094017 0 1.02218529729328e-007 4.08874118917312e-007
0.467521367521368 0 -1.47673022621898e-007 -5.90692090487591e-007
0.467948717948718 0 1.24771653830765e-007 4.99086615323059e-007
0.468376068376068 0 3.8041199387631e-008 1.52164797550524e-007
0.468803418803419 0 -7.17969931456407e-008 -2.87187972582563e-007
0.469230769230769 0 -5.11090448651246e-008 -2.04436179460498e-007
0.46965811965812 0 7.12857660071388e-008 2.85143064028555e-007
0.47008547008547 0 -7.16011831643344e-008 -2.86404732657338e-007
0.470512820512821 0 6.0484378268831e-008 2.41937513075324e-007
0.470940170940171 0 4.76489958424419e-008 1.90595983369768e-007
0.471367521367521 0 -8.96074398498902e-008 -3.58429759399561e-007
0.471794871794872 0 1.1015135726099e-007 4.40605429043959e-007
0.472222222222222 0 -1.62821781351748e-007 -6.51287125406991e-007
0.472649572649573 0 1.23460419509786e-007 4.93841678039145e-007
0.473076923076923 0 -4.78817516124137e-008 -1.91527006449655e-007
0.473504273504273 0 1.48098419155453e-007 5.9239367662181e-007
0.473931623931624 0 -4.53395920447114e-008 -1.81358368178845e-007
0.474358974358974 0 -9.68705035105966e-009 -3.87482014042386e-008
0.474786324786325 0 -8.52500157550274e-008 -3.41000063020109e-007
0.475213675213675 0 -1.4917735257512e-008 -5.96709410300479e-008
0.475641025641026 0 -3.33612794397896e-008 -1.33445117759158e-007
0.476068376068376 0 6.68336741425289e-008 2.67334696570116e-007
0.476495726495726 0 1.52254444478093e-009 6.09017777912373e-009
0.476923076923077 0 8.45635356094118e-008 3.38254142437647e-007
0.477350427350427 0 -1.70799876703939e-008 -6.83199506815755e-008
0.477777777777778 0 -3.49614143449538e-007 -1.39845657379815e-006
0.478205128205128 0 -4.92454592520004e-008 -1.96981837008002e-007
0.478632478632479 0 -1.4375805905062e-007 -5.75032236202479e-007
0.479059829059829 0 -1.28775214577408e-007 -5.15100858309634e-007
0.479487179487179 0 5.498371671066e-008 2.1993486684264e-007
0.47991452991453 0 6.11437101750948e-008 2.44574840700379e-007
0.48034188034188 0 -2.77328183549426e-008 -1.1093127341977e-007
0.480769230769231 0 1.76654660899445e-008 7.06618643597781e-008
0.481196581196581 0 7.21482502959589e-009 2.88593001183836e-008
0.481623931623932 0 -6.32423106784862e-009 -2.52969242713945e-008
0.482051282051282 0 6.58374465317811e-009 2.63349786127124e-008
0.482478632478632 0 5.30313183092357e-008 2.12125273236943e-007
0.482905982905983 0 -3.86008063787306e-008 -1.54403225514923e-007
0.483333333333333 0 4.43337608004169e-009 1.77335043201668e-008
0.483760683760684 0 -3.44770519333441e-008 -1.37908207733376e-007
0.484188034188034 0 7.25547773891011e-008 2.90219109556405e-007
0.484615384615385 0 -9.1437942931602e-008 -3.65751771726408e-007
0.485042735042735 0 1.23913671196155e-007 4.95654684784618e-007
0.485470085470085 0 -5.37404624542192e-008 -2.14961849816877e-007
0.485897435897436 0 -1.8105950907431e-008 -7.2423803629724e-008
0.486324786324786 0 -1.18330632506958e-007 -4.73322530027833e-007
0.486752136752137 0 2.0860130297832e-007 8.34405211913281e-007
0.487179487179487 0 -2.08017509599114e-007 -8.32070038396456e-007
0.487606837606838 0 8.54125435584681e-008 3.41650174233872e-007
0.488034188034188 0 3.13047618475602e-008 1.25219047390241e-007
0.488461538461538 0 -4.88502285866595e-008 -1.95400914346638e-007
0.488888888888889 0 -1.01051042533662e-008 -4.04204170134649e-008
0.489316239316239 0 1.15899546990218e-007 4.63598187960873e-007
0.48974358974359 0 -3.48029278171439e-008 -1.39211711268576e-007
0.49017094017094 0 -6.88284736093149e-008 -2.7531389443726e-007
0.490598290598291 0 -8.02235616787116e-008 -3.20894246714846e-007
0.491025641025641 0 1.27686086508217e-007 5.10744346032866e-007
0.491452991452991 0 -4.71996105678092e-008 -1.88798442271237e-007
0.491880341880342 0 -1.38019257274167e-007 -5.52077029096666e-007
0.492307692307692 0 -1.64850290449576e-007 -6.59401161798303e-007
0.492735042735043 0 -1.67946676925477e-007 -6.71786707701907e-007
0.493162393162393 0 -5.19582841872687e-008 -2.07833136749075e-007
0.493589743589744 0 1.02904200096131e-007 4.11616800384523e-007
0.494017094017094 0 4.08206042929732e-008 1.63282417171893e-007
0.494444444444444 0 -4.69139482879501e-008 -1.876557931518e-007
0.494871794871795 0 1.15198796745343e-008 4.60795186981372e-008
0.495299145299145 0 -5.48223830439096e-008 -2.19289532175638e-007
0.495726495726496 0 2.32704196644877e-008 9.30816786579507e-008
0.496153846153846 0 -8.04268279881761e-010 -3.21707311952704e-009
0.496581196581197 0 1.03460395134912e-007 4.1384158053965e-007
0.497008547008547 0 -1.19764033814873e-008 -4.79056135259493e-008
0.497435897435897 0 2.01885521830909e-008 8.07542087323635e-008
0.497863247863248 0 -7.41394156582056e-008 -2.96557662632822e-007
0.498290598290598 0 -1.21057238697355e-007 -4.8422895478942e-007
0.498717948717949 0 1.90431674863548e-007 7.61726699454193e-007
0.499145299145299 0 -9.26027799176424e-008 -3.7041111967057e-007
0.49957264957265 0 -7.41519530124177e-008 -2.96607812049671e-007
