0 135.125446931921
0.00128205128205128 135.125446931921
0.00256410256410256 135.126108765256
0.00384615384615385 135.128886532971
0.00512820512820513 135.135116097972
0.00641025641025641 135.146113402451
0.00769230769230769 135.163181087844
0.00897435897435897 135.187608077545
0.0102564102564103 135.220667770496
0.0115384615384615 135.263615845976
0.0128205128205128 135.317687946003
0.0141025641025641 135.384097326978
0.0153846153846154 135.464032518984
0.0166666666666667 135.558655011915
0.0179487179487179 135.669096979766
0.0192307692307692 135.796459050808
0.0205128205128205 135.941808129635
0.0217948717948718 136.106175276052
0.0230769230769231 136.290553645259
0.0243589743589744 136.49589649336
0.0256410256410256 136.723115251997
0.0269230769230769 136.97307767566
0.0282051282051282 137.246606065072
0.0294871794871795 137.544475569851
0.0307692307692308 137.867412573517
0.032051282051282 138.216093163735
0.0333333333333333 138.591141690539
0.0346153846153846 138.993129415127
0.0358974358974359 139.422573251648
0.0371794871794872 139.879934604254
0.0384615384615385 140.365618301516
0.0397435897435897 140.879971630134
0.041025641025641 141.423283469717
0.0423076923076923 141.995783530222
0.0435897435897436 142.597641693467
0.0448717948717949 143.228967459966
0.0461538461538462 143.889809502149
0.0474358974358974 144.580155324851
0.0487179487179487 145.299931033762
0.05 146.049001212377
0.0512820512820513 146.827168907753
0.0525641025641026 147.634175725254
0.0538461538461538 148.469702032217
0.0551282051282051 149.333367270343
0.0564102564102564 150.224730376401
0.0576923076923077 151.143290310655
0.058974358974359 152.088486692238
0.0602564102564103 153.059700540536
0.0615384615384615 154.056255121426
0.0628205128205128 155.077416897082
0.0641025641025641 156.122396577831
0.0653846153846154 157.190350274425
0.0666666666666667 158.280380748876
0.0679487179487179 159.391538761857
0.0692307692307692 160.522824514508
0.0705128205128205 161.673189182312
0.0717948717948718 162.841536538552
0.0730769230769231 164.026724664718
0.0743589743589744 165.227567745067
0.0756410256410256 166.442837942405
0.0769230769230769 167.671267352014
0.0782051282051282 168.911550030517
0.0794871794871795 170.162344096349
0.0807692307692308 171.422273898351
0.0820512820512821 172.68993224893
0.0833333333333333 173.963882718073
0.0846153846153846 175.242661984426
0.0858974358974359 176.524782239529
0.0871794871794872 177.808733641216
0.0884615384615385 179.092986812105
0.0897435897435897 180.375995379001
0.091025641025641 181.656198548995
0.0923076923076923 182.932023717939
0.0935897435897436 184.201889106955
0.0948717948717949 185.464206422542
0.0961538461538462 186.717383535849
0.0974358974358974 187.959827176594
0.0987179487179487 189.189945637119
0.1 190.40615148203
0.101282051282051 191.606864258853
0.102564102564103 192.790513205145
0.103846153846154 193.955539947482
0.105128205128205 195.100401187771
0.106410256410256 196.22357137233
0.107692307692308 197.323545339217
0.108974358974359 198.398840939325
0.11025641025641 199.448001626764
0.111538461538462 200.469599014155
0.112820512820513 201.462235388447
0.114102564102564 202.424546182982
0.115384615384615 203.355202401583
0.116666666666667 204.252912990485
0.117948717948718 205.116427154072
0.119230769230769 205.944536610409
0.120512820512821 206.736077782699
0.121794871794872 207.489933922856
0.123076923076923 208.205037163545
0.124358974358974 208.880370495095
0.125641025641026 209.514969663858
0.126923076923077 210.107924988691
0.128205128205128 210.658383092368
0.129487179487179 211.16554854488
0.130769230769231 211.628685415713
0.132051282051282 212.047118732341
0.133333333333333 212.42023584232
0.134615384615385 212.747487676551
0.135897435897436 213.028389911393
0.137179487179487 213.262524027514
0.138461538461538 213.449538263526
0.13974358974359 213.589148462602
0.141025641025641 213.681138810468
0.142307692307692 213.72536246334
0.143589743589744 213.721742064548
0.144871794871795 213.670270148764
0.146153846153846 213.571009432967
0.147435897435897 213.424092993418
0.148717948717949 213.229724328152
0.15 212.988177304641
0.151282051282051 212.699795992506
0.152564102564103 212.364994381318
0.153846153846154 211.984255983744
0.155128205128205 211.558133324442
0.156410256410256 211.087247315363
0.157692307692308 210.572286518232
0.158974358974359 210.014006295222
0.16025641025641 209.413227848998
0.161538461538462 208.770837153493
0.162820512820513 208.087783776965
0.164102564102564 207.365079599049
0.165384615384615 206.603797423726
0.166666666666667 205.80506949026
0.167948717948718 204.970085884368
0.169230769230769 204.10009285203
0.170512820512821 203.196391018506
0.171794871794872 202.260333515305
0.173076923076923 201.293324018
0.174358974358974 200.29681469791
0.175641025641026 199.272304090855
0.176923076923077 198.221334886294
0.178205128205128 197.145491640321
0.179487179487179 196.046398416089
0.180769230769231 194.925716355399
0.182051282051282 193.785141185264
0.183333333333333 192.626400663406
0.184615384615385 191.451251966721
0.185897435897436 190.261479026872
0.187179487179487 189.05888981724
0.188461538461538 187.84531359555
0.18974358974359 186.622598106594
0.191025641025641 185.392606749498
0.192307692307692 184.157215714096
0.193589743589744 182.918311090978
0.194871794871795 181.67778595987
0.196153846153846 180.437537461028
0.197435897435897 179.199463854353
0.198717948717949 177.965461570979
0.2 176.737422262091
0.201282051282051 175.517229849745
0.202564102564103 174.306757584467
0.203846153846154 173.107865114394
0.205128205128205 171.922395570723
0.206410256410256 170.752172674192
0.207692307692308 169.598997867314
0.208974358974359 168.464647477024
0.21025641025641 167.350869912374
0.211538461538462 166.25938290185
0.212820512820513 165.191870774828
0.214102564102564 164.149981791621
0.215384615384615 163.135325526495
0.216666666666667 162.149470307956
0.217948717948718 161.193940720503
0.219230769230769 160.270215171978
0.220512820512821 159.379723530515
0.221794871794872 158.523844834999
0.223076923076923 157.703905082817
0.224358974358974 156.921175098576
0.225641025641026 156.176868487333
0.226923076923077 155.472139675728
0.228205128205128 154.80808204432
0.229487179487179 154.185726154217
0.230769230769231 153.606038071006
0.232051282051282 153.069917788791
0.233333333333333 152.578197756999
0.234615384615385 152.131641512468
0.235897435897436 151.730942419134
0.237179487179487 151.376722517486
0.238461538461538 151.069531485772
0.23974358974359 150.809845714762
0.241025641025641 150.598067497693
0.242307692307692 150.434524336833
0.243589743589744 150.319468367921
0.244871794871795 150.253075903544
0.246153846153846 150.235447096324
0.247435897435897 150.266605722594
0.248717948717949 150.346499087045
0.25 150.474998048642
0.251282051282051 150.651897167892
0.252564102564103 150.876914975381
0.253846153846154 151.149694361257
0.255128205128205 151.469803085189
0.256410256410256 151.836734406099
0.257692307692308 152.249907830796
0.258974358974359 152.708669980426
0.26025641025641 153.212295573479
0.261538461538462 153.759988523888
0.262820512820513 154.350883152599
0.264102564102564 154.984045510752
0.265384615384615 155.658474812491
0.266666666666667 156.373104975202
0.267948717948718 157.126806264819
0.269230769230769 157.918387043659
0.27051282051282 158.74659561809
0.271794871794872 159.61012218316
0.273076923076923 160.507600861163
0.274358974358974 161.437611830968
0.275641025641026 162.398683544772
0.276923076923077 163.389295028816
0.278205128205128 164.407878264447
0.279487179487179 165.452820645785
0.280769230769231 166.522467510123
0.282051282051282 167.615124737072
0.283333333333333 168.729061412351
0.284615384615385 169.862512551997
0.285897435897436 171.013681882697
0.287179487179487 172.18074467383
0.288461538461538 173.361850616718
0.28974358974359 174.555126746527
0.291025641025641 175.758680402164
0.292307692307692 176.97060221946
0.293589743589744 178.188969152869
0.294871794871795 179.411847520882
0.296153846153846 180.637296070272
0.297435897435897 181.863369054298
0.298717948717949 183.088119319939
0.3 183.576085214743
0.30042735042735 183.677585593929
0.300854700854701 183.778941693969
0.301282051282051 183.880153924456
0.301709401709402 183.981222693241
0.302136752136752 184.082148406445
0.302564102564103 184.182931468463
0.302991452991453 184.283572281982
0.303418803418803 184.384071247984
0.303846153846154 184.484428765758
0.304273504273504 184.584645232909
0.304700854700855 184.68472104537
0.305128205128205 184.784656597407
0.305555555555556 184.884452281631
0.305982905982906 184.984108489008
0.306410256410256 185.083625608866
0.306837606837607 185.183004028905
0.307264957264957 185.282244135208
0.307692307692308 185.381346312245
0.308119658119658 185.480310942888
0.308547008547009 185.579138408415
0.308974358974359 185.677829088524
0.309401709401709 185.776383361334
0.30982905982906 185.874801603402
0.31025641025641 185.973084189726
0.310683760683761 186.071231493757
0.311111111111111 186.169243887404
0.311538461538462 186.267121741046
0.311965811965812 186.364865423538
0.312393162393162 186.462475302222
0.312820512820513 186.55995174293
0.313247863247863 186.65729511
0.313675213675214 186.754505766275
0.314102564102564 186.851584073121
0.314529914529915 186.948530390427
0.314957264957265 187.045345076616
0.315384615384615 187.142028488654
0.315811965811966 187.238580982057
0.316239316239316 187.335002910898
0.316666666666667 187.431294627817
0.317094017094017 187.527456484025
0.317521367521368 187.623488829316
0.317948717948718 187.719392012071
0.318376068376068 187.815166379268
0.318803418803419 187.910812276489
0.319230769230769 188.006330047926
0.31965811965812 188.101720036392
0.32008547008547 188.196982583324
0.32051282051282 188.292118028792
0.320940170940171 188.387126711508
0.321367521367521 188.482008968831
0.321794871794872 188.576765136775
0.322222222222222 188.671395550018
0.322649572649573 188.765900541905
0.323076923076923 188.860280444457
0.323504273504274 188.954535588381
0.323931623931624 189.048666303072
0.324358974358974 189.142672916623
0.324786324786325 189.23655575583
0.325213675213675 189.330315146203
0.325641025641026 189.423951411966
0.326068376068376 189.517464876068
0.326495726495727 189.610855860192
0.326923076923077 189.704124684755
0.327350427350427 189.79727166892
0.327777777777778 189.890297130601
0.328205128205128 189.983201386468
0.328632478632479 190.075984751957
0.329059829059829 190.168647541273
0.329487179487179 190.261190067396
0.32991452991453 190.353612642093
0.33034188034188 190.445915575916
0.330769230769231 190.538099178215
0.331196581196581 190.630163757141
0.331623931623932 190.722109619654
0.332051282051282 190.813937071525
0.332478632478632 190.90564641735
0.332905982905983 190.997237960546
0.333333333333333 191.088712003366
0.333760683760684 191.1800688469
0.334188034188034 191.271308791082
0.334615384615385 191.362432134697
0.335042735042735 191.453439175384
0.335470085470085 191.544330209646
0.335897435897436 191.635105532852
0.336324786324786 191.725765439245
0.336752136752137 191.816310221948
0.337179487179487 191.906740172967
0.337606837606838 191.997055583199
0.338034188034188 192.087256742438
0.338461538461538 192.177343939379
0.338888888888889 192.267317461623
0.339316239316239 192.357177595685
0.33974358974359 192.446924626999
0.34017094017094 192.536558839919
0.340598290598291 192.626080517733
0.341025641025641 192.715489942659
0.341452991452991 192.804787395856
0.341880341880342 192.89397315743
0.342307692307692 192.983047506435
0.342735042735043 193.072010720881
0.343162393162393 193.160863077739
0.343589743589744 193.249604852946
0.344017094017094 193.338236321408
0.344444444444444 193.426757757012
0.344871794871795 193.51516943262
0.345299145299145 193.603471620086
0.345726495726496 193.691664590251
0.346153846153846 193.779748612954
0.346581196581197 193.867723957036
0.347008547008547 193.955590890343
0.347435897435897 194.043349679732
0.347863247863248 194.131000591076
0.348290598290598 194.218543889269
0.348717948717949 194.305979838231
0.349145299145299 194.393308700912
0.34957264957265 194.480530739295
0.35 194.567646214406
0.35042735042735 194.654655386314
0.350854700854701 194.741558514137
0.351282051282051 194.828355856046
0.351709401709402 194.915047669272
0.352136752136752 195.001634210108
0.352564102564103 195.088115733915
0.352991452991453 195.174492495124
0.353418803418803 195.260764747246
0.353846153846154 195.34693274287
0.354273504273504 195.432996733671
0.354700854700855 195.518956970414
0.355128205128205 195.604813702959
0.355555555555556 195.690567180263
0.355982905982906 195.776217650387
0.356410256410256 195.861765360499
0.356837606837607 195.947210556879
0.357264957264957 196.03255348492
0.357692307692308 196.117794389138
0.358119658119658 196.202933513172
0.358547008547009 196.287971099789
0.358974358974359 196.372907390889
0.359401709401709 196.457742627509
0.35982905982906 196.542477049824
0.36025641025641 196.627110897158
0.360683760683761 196.71164440798
0.361111111111111 196.796077819914
0.361538461538462 196.880411369741
0.361965811965812 196.964645293401
0.362393162393162 197.048779826001
0.362820512820513 197.132815201815
0.363247863247863 197.216751654292
0.363675213675214 197.300589416054
0.364102564102564 197.384328718906
0.364529914529915 197.467969793836
0.364957264957265 197.551512871023
0.365384615384615 197.634958179833
0.365811965811966 197.718305948832
0.366239316239316 197.801556405783
0.366666666666667 197.884709777653
0.367094017094017 197.967766290616
0.367521367521367 198.050726170056
0.367948717948718 198.133589640571
0.368376068376068 198.216356925979
0.368803418803419 198.299028249316
0.369230769230769 198.381603832847
0.36965811965812 198.464083898062
0.37008547008547 198.546468665686
0.370512820512821 198.628758355679
0.370940170940171 198.710953187239
0.371367521367521 198.793053378809
0.371794871794872 198.875059148077
0.372222222222222 198.956970711982
0.372649572649573 199.038788286713
0.373076923076923 199.12051208772
0.373504273504274 199.202142329711
0.373931623931624 199.283679226656
0.374358974358974 199.365122991794
0.374786324786325 199.446473837634
0.375213675213675 199.527731975957
0.375641025641026 199.608897617822
0.376068376068376 199.689970973568
0.376495726495726 199.770952252817
0.376923076923077 199.851841664477
0.377350427350427 199.932639416748
0.377777777777778 200.01334571712
0.378205128205128 200.093960772381
0.378632478632479 200.174484788619
0.379059829059829 200.254917971223
0.379487179487179 200.335260524889
0.37991452991453 200.415512653621
0.38034188034188 200.495674560736
0.380769230769231 200.575746448865
0.381196581196581 200.655728519957
0.381623931623932 200.735620975283
0.382051282051282 200.815424015438
0.382478632478632 200.895137840345
0.382905982905983 200.974762649254
0.383333333333333 201.054298640753
0.383760683760684 201.133746012763
0.384188034188034 201.213104962544
0.384615384615385 201.292375686701
0.385042735042735 201.37155838118
0.385470085470085 201.450653241279
0.385897435897436 201.529660461643
0.386324786324786 201.608580236273
0.386752136752137 201.687412758527
0.387179487179487 201.766158221121
0.387606837606838 201.844816816133
0.388034188034188 201.923388735008
0.388461538461538 202.001874168556
0.388888888888889 202.080273306961
0.389316239316239 202.158586339776
0.38974358974359 202.236813455935
0.39017094017094 202.314954843747
0.390598290598291 202.393010690905
0.391025641025641 202.470981184485
0.391452991452991 202.54886651095
0.391880341880342 202.626666856153
0.392307692307692 202.70438240534
0.392735042735043 202.78201334315
0.393162393162393 202.859559853621
0.393589743589744 202.937022120192
0.394017094017094 203.014400325704
0.394444444444444 203.091694652402
0.394871794871795 203.16890528194
0.395299145299145 203.246032395384
0.395726495726496 203.32307617321
0.396153846153846 203.400036795314
0.396581196581197 203.476914441005
0.397008547008547 203.553709289017
0.397435897435897 203.630421517504
0.397863247863248 203.707051304047
0.398290598290598 203.783598825656
0.398717948717949 203.86006425877
0.399145299145299 203.936447779261
0.39957264957265 204.012749562438
0.4 204.088969783046
0.40042735042735 204.165108615271
0.400854700854701 204.241166232742
0.401282051282051 204.317142808532
0.401709401709402 204.393038515161
0.402136752136752 204.468853524602
0.402564102564103 204.544588008276
0.402991452991453 204.620242137059
0.403418803418803 204.695816081287
0.403846153846154 204.771310010751
0.404273504273504 204.846724094705
0.404700854700855 204.922058501867
0.405128205128205 204.99731340042
0.405555555555556 205.072488958015
0.405982905982906 205.147585341774
0.406410256410256 205.22260271829
0.406837606837607 205.297541253633
0.407264957264957 205.372401113348
0.407692307692308 205.44718246246
0.408119658119658 205.521885465476
0.408547008547009 205.596510286385
0.408974358974359 205.671057088663
0.409401709401709 205.745526035273
0.40982905982906 205.819917288667
0.41025641025641 205.894231010792
0.410683760683761 205.968467363087
0.411111111111111 206.042626506486
0.411538461538462 206.116708601425
0.411965811965812 206.190713807838
0.412393162393162 206.264642285162
0.412820512820513 206.338494192338
0.413247863247863 206.412269687816
0.413675213675214 206.485968929551
0.414102564102564 206.559592075011
0.414529914529915 206.633139281178
0.414957264957265 206.706610704547
0.415384615384615 206.780006501128
0.415811965811966 206.853326826453
0.416239316239316 206.926571835574
0.416666666666667 206.999741683064
0.417094017094017 207.072836523021
0.417521367521368 207.145856509072
0.417948717948718 207.21880179437
0.418376068376068 207.2916725316
0.418803418803419 207.364468872977
0.419230769230769 207.437190970253
0.41965811965812 207.509838974714
0.42008547008547 207.582413037186
0.420512820512821 207.654913308034
0.420940170940171 207.727339937164
0.421367521367521 207.799693074027
0.421794871794872 207.87197286762
0.422222222222222 207.944179466484
0.422649572649573 208.016313018714
0.423076923076923 208.088373671952
0.423504273504273 208.160361573394
0.423931623931624 208.232276869792
0.424358974358974 208.304119707454
0.424786324786325 208.375890232244
0.425213675213675 208.447588589588
0.425641025641026 208.519214924474
0.426068376068376 208.590769381452
0.426495726495726 208.662252104639
0.426923076923077 208.733663237717
0.427350427350427 208.805002923939
0.427777777777778 208.876271306127
0.428205128205128 208.947468526675
0.428632478632479 209.018594727552
0.429059829059829 209.089650050301
0.429487179487179 209.160634636044
0.42991452991453 209.231548625481
0.43034188034188 209.302392158893
0.430769230769231 209.373165376143
0.431196581196581 209.443868416677
0.431623931623932 209.514501419529
0.432051282051282 209.585064523318
0.432478632478632 209.655557866253
0.432905982905983 209.725981586133
0.433333333333333 209.79633582035
0.433760683760684 209.866620705889
0.434188034188034 209.93683637933
0.434615384615385 210.00698297685
0.435042735042735 210.077060634224
0.435470085470085 210.14706948683
0.435897435897436 210.217009669644
0.436324786324786 210.286881317247
0.436752136752137 210.356684563825
0.437179487179487 210.426419543168
0.437606837606838 210.496086388678
0.438034188034188 210.565685233362
0.438461538461538 210.635216209841
0.438888888888889 210.704679450346
0.439316239316239 210.774075086725
0.43974358974359 210.843403250438
0.44017094017094 210.912664072564
0.440598290598291 210.9818576838
0.441025641025641 211.050984214463
0.441452991452991 211.120043794491
0.441880341880342 211.189036553445
0.442307692307692 211.257962620511
0.442735042735043 211.326822124498
0.443162393162393 211.395615193846
0.443589743589744 211.464341956621
0.444017094017094 211.53300254052
0.444444444444444 211.601597072871
0.444871794871795 211.670125680635
0.445299145299145 211.738588490408
0.445726495726496 211.806985628422
0.446153846153846 211.875317220544
0.446581196581197 211.94358339228
0.447008547008547 212.011784268779
0.447435897435897 212.079919974826
0.447863247863248 212.147990634854
0.448290598290598 212.215996372936
0.448717948717949 212.283937312792
0.449145299145299 212.351813577789
0.44957264957265 212.419625290941
0.45 212.487372574911
0.45042735042735 212.555055552015
0.450854700854701 212.622674344219
0.451282051282051 212.690229073143
0.451709401709402 212.757719860061
0.452136752136752 212.825146825904
0.452564102564103 212.89251009126
0.452991452991453 212.959809776375
0.453418803418803 213.027046001155
0.453846153846154 213.094218885167
0.454273504273504 213.161328547641
0.454700854700855 213.228375107471
0.455128205128205 213.295358683215
0.455555555555556 213.362279393097
0.455982905982906 213.429137355009
0.456410256410256 213.495932686511
0.456837606837607 213.562665504835
0.457264957264957 213.629335926882
0.457692307692308 213.695944069226
0.458119658119658 213.762490048114
0.458547008547009 213.82897397947
0.458974358974359 213.895395978891
0.459401709401709 213.961756161655
0.45982905982906 214.028054642714
0.46025641025641 214.094291536703
0.460683760683761 214.160466957936
0.461111111111111 214.226581020411
0.461538461538462 214.292633837807
0.461965811965812 214.358625523489
0.462393162393162 214.424556190506
0.462820512820513 214.490425951596
0.463247863247863 214.556234919181
0.463675213675214 214.621983205377
0.464102564102564 214.687670921986
0.464529914529915 214.753298180503
0.464957264957265 214.818865092116
0.465384615384615 214.884371767706
0.465811965811966 214.949818317847
0.466239316239316 215.015204852812
0.466666666666667 215.080531482569
0.467094017094017 215.145798316783
0.467521367521368 215.21100546482
0.467948717948718 215.276153035747
0.468376068376068 215.34124113833
0.468803418803419 215.406269881037
0.469230769230769 215.471239372043
0.46965811965812 215.536149719225
0.47008547008547 215.601001030166
0.470512820512821 215.665793412155
0.470940170940171 215.730526972191
0.471367521367521 215.795201816979
0.471794871794872 215.859818052936
0.472222222222222 215.92437578619
0.472649572649573 215.988875122581
0.473076923076923 216.053316167659
0.473504273504273 216.117699026692
0.473931623931624 216.182023804661
0.474358974358974 216.246290606265
0.474786324786325 216.310499535917
0.475213675213675 216.374650697752
0.475641025641026 216.438744195621
0.476068376068376 216.502780133097
0.476495726495726 216.566758613473
0.476923076923077 216.630679739765
0.477350427350427 216.694543614713
0.477777777777778 216.758350340779
0.478205128205128 216.822100020152
0.478632478632479 216.885792754748
0.479059829059829 216.949428646206
0.479487179487179 217.013007795898
0.47991452991453 217.076530304922
0.48034188034188 217.139996274107
0.480769230769231 217.203405804012
0.481196581196581 217.266758994931
0.481623931623932 217.330055946888
0.482051282051282 217.393296759641
0.482478632478632 217.456481532685
0.482905982905983 217.519610365247
0.483333333333333 217.582683356294
0.483760683760684 217.645700604531
0.484188034188034 217.708662208397
0.484615384615385 217.771568266077
0.485042735042735 217.83441887549
0.485470085470085 217.8972141343
0.485897435897436 217.959954139913
0.486324786324786 218.022638989477
0.486752136752137 218.085268779885
0.487179487179487 218.147843607774
0.487606837606838 218.210363569527
0.488034188034188 218.272828761274
0.488461538461538 218.335239278892
0.488888888888889 218.397595218009
0.489316239316239 218.459896673997
0.48974358974359 218.522143741985
0.49017094017094 218.584336516846
0.490598290598291 218.646475093212
0.491025641025641 218.708559565462
0.491452991452991 218.770590027732
0.491880341880342 218.832566573911
0.492307692307692 218.894489297645
0.492735042735043 218.956358292334
0.493162393162393 219.018173651137
0.493589743589744 219.07993546697
0.494017094017094 219.141643832508
0.494444444444444 219.203298840186
0.494871794871795 219.264900582198
0.495299145299145 219.326449150502
0.495726495726496 219.387944636814
0.496153846153846 219.449387132617
0.496581196581197 219.510776729156
0.497008547008547 219.572113517439
0.497435897435897 219.633397588242
0.497863247863248 219.694629032106
0.498290598290598 219.755807939338
0.498717948717949 219.816934400015
0.499145299145299 219.87800850398
0.49957264957265 219.939030340847
0.5 220
