0 1 -0
0.0107142857142857 1 -9908.37185865501
0.0214285714285714 1 -18704.694055762
0.0321428571428571 1 -25401.7259768485
0.0428571428571429 1 -29247.8373654547
0.0535714285714286 1 -29811.3662967973
0.0642857142857143 1 -27029.0660370726
0.075 1 -21213.2034355964
0.0857142857142857 1 -13016.5121735267
0.0964285714285714 1 -3358.93428309923
0.107142857142857 1 6675.62801868944
0.117857142857143 1 15960.9622954601
0.128571428571429 1 23454.9444740409
0.139285714285714 1 28316.499909251
0.15 1 30000
0.160714285714286 1 28316.499909251
0.171428571428571 1 23454.9444740409
0.182142857142857 1 15960.9622954601
0.192857142857143 1 6675.62801868941
0.203571428571429 1 -3358.93428309923
0.214285714285714 1 -13016.5121735268
0.225 1 -21213.2034355964
0.235714285714286 1 -27029.0660370726
0.246428571428571 1 -29811.3662967973
0.257142857142857 1 -29247.8373654547
0.267857142857143 1 -25401.7259768485
0.278571428571429 1 -18704.694055762
0.289285714285714 1 -9908.371858655
0.3 4 0
0.314285714285714 4 0
0.328571428571429 4 0
0.342857142857143 4 0
0.357142857142857 4 0
0.371428571428571 4 0
0.385714285714286 4 0
0.4 4 0
0.414285714285714 4 0
0.428571428571429 4 0
0.442857142857143 4 0
0.457142857142857 4 0
0.471428571428571 4 0
0.485714285714286 4 0
0.5 4 0
