0.000395778364116095 -0 -0
0.00118733509234828 -0.294996475264592 -0.294996475264592
0.00197889182058048 -0.982819251572191 -0.982819251572191
0.00277044854881266 -2.0628827991455 -2.0628827991455
0.00356200527704485 -3.5343415264803 -3.5343415264803
0.00435356200527705 -5.39606447897341 -5.39606447897341
0.00514511873350924 -7.64663240489227 -7.64663240489227
0.00593667546174143 -10.2843377807964 -10.2843377807964
0.00672823218997362 -13.3071856435893 -13.3071856435893
0.00751978891820581 -16.7128947972864 -16.7128947972864
0.008311345646438 -20.4988992768346 -20.4988992768346
0.00910290237467019 -24.6623500283018 -24.6623500283018
0.00989445910290238 -29.2001167901411 -29.2001167901411
0.0106860158311346 -34.1087901671266 -34.1087901671266
0.0114775725593668 -39.3846838930115 -39.3846838930115
0.0122691292875989 -45.0238372788211 -45.0238372788211
0.0130606860158311 -51.0220178445543 -51.0220178445543
0.0138522427440633 -57.3747241314918 -57.3747241314918
0.0146437994722955 -64.0771886946105 -64.0771886946105
0.0154353562005277 -71.1243812709009 -71.1243812709009
0.0162269129287599 -78.5110121232654 -78.5110121232654
0.0170184696569921 -86.231535557054 -86.231535557054
0.0178100263852243 -94.2801536065062 -94.2801536065062
0.0186015831134565 -102.650819889666 -102.650819889666
0.0193931398416887 -111.337243628677 -111.337243628677
0.0201846965699208 -120.332893832704 -120.332893832704
0.020976253298153 -129.63100364127 -129.63100364127
0.0217678100263852 -139.224574825055 -139.224574825055
0.0225593667546174 -149.106382441048 -149.106382441048
0.0233509234828496 -159.268979639185 -159.268979639185
0.0241424802110818 -169.704702617753 -169.704702617753
0.024934036939314 -180.405675723274 -180.405675723274
0.0257255936675462 -191.363816693402 -191.363816693402
0.0265171503957784 -202.570842037314 -202.570842037314
0.0273087071240105 -214.018272552138 -214.018272552138
0.0281002638522427 -225.697438970227 -225.697438970227
0.0288918205804749 -237.599487735088 -237.599487735088
0.0296833773087071 -249.715386900821 -249.715386900821
0.0304749340369393 -262.035932152678 -262.035932152678
0.0312664907651715 -274.551752943698 -274.551752943698
0.0320580474934037 -287.253318744125 -287.253318744125
0.0328496042216359 -300.1309453997 -300.1309453997
0.033641160949868 -313.174801593857 -313.174801593857
0.0344327176781002 -326.37491541114 -326.37491541114
0.0352242744063324 -339.721180995884 -339.721180995884
0.0360158311345646 -353.203365303346 -353.203365303346
0.0368073878627968 -366.811114938131 -366.811114938131
0.037598944591029 -380.533963075668 -380.533963075668
0.0383905013192612 -394.361336462598 -394.361336462598
0.0391820580474934 -408.28256249093 -408.28256249093
0.0399736147757256 -422.286876342233 -422.286876342233
0.0407651715039578 -436.363428196397 -436.363428196397
0.0415567282321899 -450.501290500968 -450.501290500968
0.0423482849604221 -464.689465296274 -464.689465296274
0.0431398416886543 -478.916891591255 -478.916891591255
0.0439313984168865 -493.172452785293 -493.172452785293
0.0447229551451187 -507.444984132293 -507.444984132293
0.0455145118733509 -521.723280240391 -521.723280240391
0.0463060686015831 -535.996102603868 -535.996102603868
0.0470976253298153 -550.252187162064 -550.252187162064
0.0478891820580474 -564.48025188016 -564.48025188016
0.0486807387862796 -578.669004346979 -578.669004346979
0.0494722955145118 -592.807149385246 -592.807149385246
0.050263852242744 -606.883396669065 -606.883396669065
0.0510554089709762 -620.886468343733 -620.886468343733
0.0518469656992084 -634.80510664318 -634.80510664318
0.0526385224274406 -648.628081499653 -648.628081499653
0.0534300791556728 -662.344198141344 -662.344198141344
0.054221635883905 -675.942304672695 -675.942304672695
0.0550131926121371 -689.411299632246 -689.411299632246
0.0558047493403693 -702.740139523642 -702.740139523642
0.0565963060686015 -715.917846314591 -715.917846314591
0.0573878627968337 -728.933514899117 -728.933514899117
0.0581794195250659 -741.77632051809 -741.77632051809
0.0589709762532981 -754.435526133085 -754.435526133085
0.0597625329815303 -766.900489749323 -766.900489749323
0.0605540897097625 -779.16067168259 -779.16067168259
0.0613456464379947 -791.205641765239 -791.205641765239
0.0621372031662268 -803.025086486903 -803.025086486903
0.062928759894459 -814.608816065192 -814.608816065192
0.0637203166226912 -825.946771441749 -825.946771441749
0.0645118733509234 -837.029031199341 -837.029031199341
0.0653034300791556 -847.845818394823 -847.845818394823
0.0660949868073878 -858.387507304243 -858.387507304243
0.06688654353562 -868.644630075704 -868.644630075704
0.0676781002638522 -878.607883284769 -878.607883284769
0.0684696569920844 -888.268134388985 -888.268134388985
0.0692612137203166 -897.616428077508 -897.616428077508
0.0700527704485488 -906.643992510475 -906.643992510475
0.070844327176781 -915.342245445048 -915.342245445048
0.0716358839050132 -923.702800244476 -923.702800244476
0.0724274406332454 -931.717471764546 -931.717471764546
0.0732189973614776 -939.378282115425 -939.378282115425
0.0740105540897098 -946.677466294257 -946.677466294257
0.074802110817942 -953.607477684571 -953.607477684571
0.0755936675461742 -960.160993419218 -960.160993419218
0.0763852242744064 -966.330919603771 -966.330919603771
0.0771767810026386 -972.110396395911 -972.110396395911
0.0779683377308708 -977.492802938026 -977.492802938026
0.0787598944591029 -982.471762140262 -982.471762140262
0.0795514511873351 -987.041145309534 -987.041145309534
0.0803430079155673 -991.19507662264 -991.19507662264
0.0811345646437995 -994.927937440299 -994.927937440299
0.0819261213720317 -998.234370458444 -998.234370458444
0.0827176781002639 -1001.10928369479 -1001.10928369479
0.0835092348284961 -1003.54785430819 -1003.54785430819
0.0843007915567283 -1005.5455322469 -1005.5455322469
0.0850923482849605 -1007.0980437251 -1007.0980437251
0.0858839050131927 -1008.20139452402 -1008.20139452402
0.0866754617414249 -1008.85187311558 -1008.85187311558
0.0874670184696571 -1009.04605360727 -1009.04605360727
0.0882585751978893 -1008.78079850521 -1008.78079850521
0.0890501319261215 -1008.05326129405 -1008.05326129405
0.0898416886543537 -1006.86088883182 -1006.86088883182
0.0906332453825859 -1005.20142355825 -1005.20142355825
0.0914248021108181 -1003.07290551446 -1003.07290551446
0.0922163588390503 -1000.47367417322 -1000.47367417322
0.0930079155672825 -997.402370078163 -997.402370078163
0.0937994722955147 -993.857936290889 -993.857936290889
0.0945910290237469 -989.839619644512 -989.839619644512
0.0953825857519791 -985.346971803311 -985.346971803311
0.0961741424802112 -980.379850127317 -980.379850127317
0.0969656992084434 -974.938418340879 -974.938418340879
0.0977572559366756 -969.02314700534 -969.02314700534
0.0985488126649078 -962.634813794895 -962.634813794895
0.09934036939314 -955.774503574941 -955.774503574941
0.100131926121372 -948.443608283879 -948.443608283879
0.100923482849604 -940.643826616773 -940.643826616773
0.101715039577837 -932.377163512474 -932.377163512474
0.102506596306069 -923.645929443107 -923.645929443107
0.103298153034301 -914.452739506474 -914.452739506474
0.104089709762533 -904.800512323485 -904.800512323485
0.104881266490765 -894.692468737819 -894.692468737819
0.105672823218998 -884.132130321403 -884.132130321403
0.10646437994723 -873.123317686076 -873.123317686076
0.107255936675462 -861.670148600633 -861.670148600633
0.108047493403694 -849.777035915849 -849.777035915849
0.108839050131926 -837.448685299096 -837.448685299096
0.109630606860159 -824.690092777676 -824.690092777676
0.110422163588391 -811.506542094417 -811.506542094417
0.111213720316623 -797.903601876579 -797.903601876579
0.112005277044855 -783.887122618311 -783.887122618311
0.112796833773087 -769.463233480337 -769.463233480337
0.11358839050132 -754.638338908179 -754.638338908179
0.114379947229552 -739.419115069735 -739.419115069735
0.115171503957784 -723.812506115869 -723.812506115869
0.115963060686016 -707.825720266117 -707.825720266117
0.116754617414248 -691.466225720159 -691.466225720159
0.117546174142481 -674.741746399651 -674.741746399651
0.118337730870713 -657.660257522257 -657.660257522257
0.119129287598945 -640.229981009509 -640.229981009509
0.119920844327177 -622.459380732451 -622.459380732451
0.120712401055409 -604.357157598244 -604.357157598244
0.121503957783642 -585.932244479295 -585.932244479295
0.122295514511874 -567.193800988848 -567.193800988848
0.123087071240106 -548.151208106917 -548.151208106917
0.123878627968338 -528.814062658113 -528.814062658113
0.12467018469657 -509.192171646304 -509.192171646304
0.125461741424802 -489.295546449249 -489.295546449249
0.126253298153035 -469.134396875135 -469.134396875135
0.127044854881267 -448.719125088268 -448.719125088268
0.127836411609499 -428.060319403067 -428.060319403067
0.128627968337731 -407.168747954068 -407.168747954068
0.129419525065963 -386.05535224407 -386.05535224407
0.130211081794196 -364.731240573928 -364.731240573928
0.131002638522428 -343.207681359353 -343.207681359353
0.13179419525066 -321.49609633848 -321.49609633848
0.132585751978892 -299.608053673168 -299.608053673168
0.133377308707124 -277.555260950282 -277.555260950282
0.134168865435357 -255.349558086045 -255.349558086045
0.134960422163589 -233.002910137744 -233.002910137744
0.135751978891821 -210.527400027827 -210.527400027827
0.136543535620053 -187.935221185271 -187.935221185271
0.137335092348285 -165.238670107172 -165.238670107172
0.138126649076518 -142.450138847114 -142.450138847114
0.13891820580475 -119.582107433925 -119.582107433925
0.139709762532982 -96.6471362254344 -96.6471362254344
0.140501319261214 -73.6578582024171 -73.6578582024171
0.141292875989446 -50.6269712078156 -50.6269712078156
0.142084432717679 -27.5672301350086 -27.5672301350086
0.142875989445911 -4.49143907120022 -4.49143907120022
0.143667546174143 18.5875565995517 18.5875565995517
0.144459102902375 41.6568781298222 41.6568781298222
0.145250659630607 64.7036213717134 64.7036213717134
0.14604221635884 87.7148647659603 87.7148647659603
0.146833773087072 110.677677351647 110.677677351647
0.147625329815304 133.579126791647 133.579126791647
0.148416886543536 156.406287407658 156.406287407658
0.149208443271768 179.146248222083 179.146248222083
0.150000000000001 201.786120999599 201.786120999599
0.150791556728233 224.313048283874 224.313048283874
0.151583113456465 246.71421142527 246.71421142527
0.152374670184697 268.976838593792 268.976838593792
0.153166226912929 291.088212771349 291.088212771349
0.153957783641162 313.035679720403 313.035679720403
0.154749340369394 334.806655922363 334.806655922363
0.155540897097626 356.388636480633 356.388636480633
0.156332453825858 377.769202984582 377.769202984582
0.15712401055409 398.93603132856 398.93603132856
0.157915567282322 419.87689948076 419.87689948076
0.158707124010555 440.57969519789 440.57969519789
0.159498680738787 461.032423680247 461.032423680247
0.160290237467019 481.223215162011 481.223215162011
0.161081794195251 501.14033243307 501.14033243307
0.161873350923483 520.772178286412 520.772178286412
0.162664907651716 540.107302886592 540.107302886592
0.163456464379948 559.134411055328 559.134411055328
0.16424802110818 577.84236946917 577.84236946917
0.165039577836412 596.220213763622 596.220213763622
0.165831134564644 614.257155541692 614.257155541692
0.166622691292877 631.942589279567 631.942589279567
0.167414248021109 649.26609912647 649.26609912647
0.168205804749341 666.217465595011 666.217465595011
0.168997361477573 682.786672136235 682.786672136235
0.169788918205805 698.963911595826 698.963911595826
0.170580474934038 714.739592547656 714.739592547656
0.17137203166227 730.104345500438 730.104345500438
0.172163588390502 745.04902897268 745.04902897268
0.172955145118734 759.564735433634 759.564735433634
0.173746701846966 773.642797105146 773.642797105146
0.174538258575199 787.274791620529 787.274791620529
0.175329815303431 800.452547538123 800.452547538123
0.176121372031663 813.168149705197 813.168149705197
0.176912928759895 825.413944467494 825.413944467494
0.177704485488127 837.182544723696 837.182544723696
0.17849604221636 848.46683481953 848.46683481953
0.179287598944592 859.259975278398 859.259975278398
0.180079155672824 869.555407366834 869.555407366834
0.180870712401056 879.346857489989 879.346857489989
0.181662269129288 888.628341415797 888.628341415797
0.182453825857521 897.394168324291 897.394168324291
0.183245382585753 905.638944679172 905.638944679172
0.184036939313985 913.35757791993 913.35757791993
0.184828496042217 920.545279971479 920.545279971479
0.185620052770449 927.197570568636 927.197570568636
0.186411609498682 933.310280394131 933.310280394131
0.187203166226914 938.879554027431 938.879554027431
0.187994722955146 943.901852702472 943.901852702472
0.188786279683378 948.373956872325 948.373956872325
0.18957783641161 952.292968579749 952.292968579749
0.190369393139843 955.656313630767 955.656313630767
0.191160949868075 958.46174357069 958.46174357069
0.191952506596307 960.707337461392 960.707337461392
0.192744063324539 962.391503457374 962.391503457374
0.193535620052771 963.512980180607 963.512980180607
0.194327176781003 964.07083789312 964.07083789312
0.195118733509236 964.064479465457 964.064479465457
0.195910290237468 963.493641140938 963.493641140938
0.1967018469657 962.358393095869 962.358393095869
0.197493403693932 960.659139793175 960.659139793175
0.198284960422164 958.396620130628 958.396620130628
0.199076517150397 955.571907383999 955.571907383999
0.199868073878629 952.18640894226 952.18640894226
0.200659630606861 948.241865838212 948.241865838212
0.201451187335093 943.740352072161 943.740352072161
0.202242744063325 938.684273730244 938.684273730244
0.203034300791558 933.0763678973 933.0763678973
0.20382585751979 926.919701364609 926.919701364609
0.204617414248022 920.217669133614 920.217669133614
0.205408970976254 912.97399271652 912.97399271652
0.206200527704486 905.192718233526 905.192718233526
0.206992084432719 896.87821430937 896.87821430937
0.207783641160951 888.035169768987 888.035169768987
0.208575197889183 878.668591134098 878.668591134098
0.209366754617415 868.78379992232 868.78379992232
0.210158311345647 858.386429750079 858.386429750079
0.21094986807388 847.48242324042 847.48242324042
0.211741424802112 836.078028739278 836.078028739278
0.212532981530344 824.179796839455 824.179796839455
0.213324538258576 811.794576716824 811.794576716824
0.214116094986808 798.929512278942 798.929512278942
0.214907651715041 785.592038130136 785.592038130136
0.215699208443273 771.789875353467 771.789875353467
0.216490765171505 757.531027114071 757.531027114071
0.217282321899737 742.823774084216 742.823774084216
0.218073878627969 727.676669695188 727.676669695188
0.218865435356202 712.098535216759 712.098535216759
0.219656992084434 696.098454668752 696.098454668752
0.220448548812666 679.685769566184 679.685769566184
0.221240105540898 662.870073502907 662.870073502907
0.22203166226913 645.661206574887 645.661206574887
0.222823218997363 628.069249648621 628.069249648621
0.223614775725595 610.104518476273 610.104518476273
0.224406332453827 591.777557662592 591.777557662592
0.225197889182059 573.099134485645 573.099134485645
0.225989445910291 554.080232576815 554.080232576815
0.226781002638524 534.732045462473 534.732045462473
0.227572559366756 515.065969971588 515.065969971588
0.228364116094988 495.09359951403 495.09359951403
0.22915567282322 474.826717232351 474.826717232351
0.229947229551452 454.277289032261 454.277289032261
0.230738786279684 433.457456495562 433.457456495562
0.231530343007917 412.37952967932 412.37952967932
0.232321899736149 391.055979807039 391.055979807039
0.233113456464381 369.499431854661 369.499431854661
0.233905013192613 347.722657037148 347.722657037148
0.234696569920845 325.738565199473 325.738565199473
0.235488126649078 303.560197117173 303.560197117173
0.23627968337731 281.200716710146 281.200716710146
0.237071240105542 258.673403176417 258.673403176417
0.237862796833774 235.99164304788 235.99164304788
0.238654353562006 213.16892217595 213.16892217595
0.239445910290239 190.218817649315 190.218817649315
0.240237467018471 167.154989650365 167.154989650365
0.241029023746703 143.991173254954 143.991173254954
0.241820580474935 120.741170179931 120.741170179931
0.242612137203167 97.4188404840499 97.4188404840499
0.2434036939314 74.0380942276322 74.0380942276322
0.244195250659632 50.612883095067 50.612883095067
0.244986807387864 27.1571919863566 27.1571919863566
0.245778364116096 3.68503058194951 3.68503058194951
0.246569920844328 -19.7895751128927 -19.7895751128927
0.247361477572561 -43.2525912403897 -43.2525912403897
0.248153034300793 -66.6899845723026 -66.6899845723026
0.248944591029025 -90.0877309983499 -90.0877309983499
0.249736147757257 -113.431824013977 -113.431824013977
0.250527704485489 -136.708283204247 -136.708283204247
0.251319261213722 -159.903162716173 -159.903162716173
0.252110817941954 -183.00255971679 -183.00255971679
0.252902374670186 -205.99262282976 -205.99262282976
0.253693931398418 -228.859560546627 -228.859560546627
0.25448548812665 -251.589649606792 -251.589649606792
0.255277044854882 -274.16924334134 -274.16924334134
0.256068601583115 -296.58477997528 -296.58477997528
0.256860158311347 -318.822790883397 -318.822790883397
0.257651715039579 -340.869908794902 -340.869908794902
0.258443271767811 -362.71287594042 -362.71287594042
0.259234828496043 -384.338552138358 -384.338552138358
0.260026385224275 -405.733922813426 -405.733922813426
0.260817941952508 -426.886106944374 -426.886106944374
0.26160949868074 -447.782364934321 -447.782364934321
0.262401055408972 -468.410106400187 -468.410106400187
0.263192612137204 -488.75689787509 -488.75689787509
0.263984168865436 -508.810470420257 -508.810470420257
0.264775725593668 -528.558727140455 -528.558727140455
0.265567282321901 -547.989750599285 -547.989750599285
0.266358839050133 -567.091810128868 -567.091810128868
0.267150395778365 -585.853369030314 -585.853369030314
0.267941952506597 -604.263091659427 -604.263091659427
0.268733509234829 -622.309850394284 -622.309850394284
0.269525065963061 -639.982732479294 -639.982732479294
0.270316622691294 -657.271046742475 -657.271046742475
0.271108179419526 -674.164330180992 -674.164330180992
0.271899736147758 -690.652354411036 -690.652354411036
0.27269129287599 -706.725131978611 -706.725131978611
0.273482849604222 -722.37292252583 -722.37292252583
0.274274406332454 -737.586238811 -737.586238811
0.275065963060687 -752.355852576149 -752.355852576149
0.275857519788919 -766.672800260901 -766.672800260901
0.276649076517151 -780.528388556793 -780.528388556793
0.277440633245383 -793.914199800766 -793.914199800766
0.278232189973615 -806.822097201831 -806.822097201831
0.279023746701847 -819.244229900778 -819.244229900778
0.27981530343008 -831.17303785621 -831.17303785621
0.280606860158312 -842.601256557316 -842.601256557316
0.281398416886544 -853.521921557206 -853.521921557206
0.282189973614776 -863.928372826872 -863.928372826872
0.282981530343008 -873.814258924147 -873.814258924147
0.28377308707124 -883.173540977767 -883.173540977767
0.284564643799473 -892.000496481499 -892.000496481499
0.285356200527705 -900.289722898068 -900.289722898068
0.286147757255937 -908.036141068735 -908.036141068735
0.286939313984169 -915.234998428031 -915.234998428031
0.287730870712401 -921.881872019878 -921.881872019878
0.288522427440633 -927.97267131474 -927.97267131474
0.289313984168866 -933.503640824808 -933.503640824808
0.290105540897098 -938.471362516031 -938.471362516031
0.29089709762533 -942.87275801569 -942.87275801569
0.291688654353562 -946.705090613017 -946.705090613017
0.292480211081794 -949.965967053059 -949.965967053059
0.293271767810026 -952.653339120933 -952.653339120933
0.294063324538259 -954.76550501724 -954.76550501724
0.294854881266491 -956.301110521316 -956.301110521316
0.295646437994723 -957.259149944253 -957.259149944253
0.296437994722955 -957.638966868776 -957.638966868776
0.297229551451187 -957.440254676672 -957.440254676672
0.298021108179419 -956.663056862644 -956.663056862644
0.298812664907652 -955.307767135205 -955.307767135205
0.299604221635884 -953.375129302857 -953.375129302857
0.3005291005291 -237.755671000175 -951.0226840007
0.301587301587301 -236.548937845227 -946.195751380909
0.302645502645502 -235.72328101598 -942.893124063919
0.303703703703703 -234.903367928625 -939.613471714501
0.304761904761904 -234.089138855707 -936.35655542283
0.305820105820106 -233.280534895186 -933.122139580744
0.306878306878307 -232.477497955933 -929.909991823731
0.307936507936508 -231.679970743981 -926.719882975922
0.308994708994709 -230.887896748932 -923.551586995729
0.31005291005291 -230.101220230532 -920.404880922128
0.311111111111111 -229.319886205585 -917.27954482234
0.312169312169312 -228.543840435145 -914.175361740582
0.313227513227513 -227.773029412082 -911.092117648328
0.314285714285714 -227.007400348668 -908.029601394673
0.315343915343915 -226.246901164524 -904.987604658096
0.316402116402116 -225.491480474824 -901.965921899297
0.317460317460317 -224.741087578776 -898.964350315103
0.318518518518518 -223.995672448258 -895.98268979303
0.319576719576719 -223.255185716674 -893.020742866695
0.32063492063492 -222.519578667996 -890.078314671982
0.321693121693121 -221.788803226232 -887.155212904928
0.322751322751322 -221.062811944822 -884.251247779289
0.323809523809523 -220.341557996455 -881.366231985819
0.324867724867724 -219.624995162835 -878.499980651341
0.325925925925925 -218.913077825097 -875.65231130039
0.326984126984126 -218.20576095392 -872.823043815678
0.328042328042327 -217.503000100016 -870.012000400066
0.329100529100528 -216.8047513849 -867.219005539601
0.330158730158729 -216.110971491775 -864.443885967099
0.33121693121693 -215.421617656485 -861.686470625941
0.332275132275131 -214.736647658815 -858.946590635259
0.333333333333332 -214.056019813811 -856.224079255243
0.334391534391533 -213.379692963349 -853.518771853398
0.335449735449735 -212.707626467892 -850.830505871568
0.336507936507936 -212.039780198157 -848.15912079263
0.337566137566137 -211.376114527361 -845.504458109443
0.338624338624338 -210.716590323316 -842.866361293264
0.339682539682539 -210.061168940622 -840.244675762488
0.34074074074074 -209.409812213301 -837.639248853205
0.341798941798941 -208.762482447173 -835.049929788692
0.342857142857142 -208.11914241287 -832.476569651482
0.343915343915343 -207.479755338346 -829.919021353385
0.344973544973544 -206.844284902159 -827.377139608634
0.346031746031745 -206.212695226488 -824.85078090595
0.347089947089946 -205.584950870394 -822.339803481577
0.348148148148147 -204.961016823132 -819.84406729253
0.349206349206348 -204.340858497675 -817.363433990702
0.350264550264549 -203.724441724459 -814.897766897836
0.35132275132275 -203.111732744827 -812.446930979308
0.352380952380951 -202.502698205123 -810.010792820492
0.353439153439152 -201.897305150566 -807.589220602266
0.354497354497353 -201.295521019182 -805.182084076729
0.355555555555554 -200.697313636134 -802.789254544537
0.356613756613755 -200.102651207897 -800.410604831587
0.357671957671956 -199.511502316694 -798.046009266777
0.358730158730157 -198.923835914835 -795.69534365934
0.359788359788358 -198.33962131942 -793.358485277678
0.360846560846559 -197.758828206996 -791.035312827985
0.36190476190476 -197.181426608028 -788.72570643211
0.362962962962961 -196.607386902218 -786.429547608871
0.364021164021162 -196.036679813113 -784.146719252453
0.365079365079364 -195.469276403162 -781.877105612647
0.366137566137565 -194.905148068984 -779.620592275937
0.367195767195766 -194.344266536246 -777.377066144983
0.368253968253967 -193.786603855357 -775.14641542143
0.369312169312168 -193.232132396508 -772.92852958603
0.370370370370369 -192.680824845258 -770.723299381031
0.37142857142857 -192.132654197895 -768.53061679158
0.372486772486771 -191.587593757244 -766.350375028974
0.373544973544972 -191.045617128205 -764.182468512818
0.374603174603173 -190.50669821346 -762.026792853839
0.375661375661374 -189.970811209335 -759.883244837341
0.376719576719575 -189.437930601665 -757.751722406658
0.377777777777776 -188.908031161922 -755.632124647689
0.378835978835977 -188.381087942845 -753.524351771378
0.379894179894178 -187.857076274885 -751.428305099541
0.380952380952379 -187.33597176224 -749.343887048959
0.38201058201058 -186.817750278951 -747.271001115806
0.383068783068781 -186.302387965338 -745.209551861354
0.384126984126982 -185.789861224234 -743.159444896938
0.385185185185183 -185.28014671755 -741.120586870201
0.386243386243384 -184.773221362379 -739.092885449517
0.387301587301585 -184.269062327963 -737.076249311851
0.388359788359786 -183.767647031956 -735.070588127826
0.389417989417987 -183.268953137127 -733.075812548508
0.390476190476188 -182.772958548128 -731.091834192514
0.391534391534389 -182.279641408011 -729.118565632046
0.39259259259259 -181.788980095295 -727.15592038118
0.393650793650791 -181.300953220744 -725.203812882975
0.394708994708993 -180.815539623984 -723.262158495936
0.395767195767194 -180.332718370844 -721.330873483375
0.396825396825395 -179.852468749997 -719.409874999988
0.397883597883596 -179.374770270303 -717.499081081212
0.398941798941797 -178.899602657639 -715.598410630556
0.399999999999998 -178.426945852158 -713.707783408632
0.401058201058199 -177.956780005498 -711.827120021992
0.4021164021164 -177.489085477907 -709.956341911627
0.403174603174601 -177.023842835583 -708.095371342333
0.404232804232802 -176.561032847964 -706.244131391858
0.405291005291003 -176.100636485067 -704.402545940269
0.406349206349204 -175.642634914855 -702.570539659422
0.407407407407405 -175.187009500662 -700.748038002648
0.408465608465606 -174.733741798771 -698.934967195083
0.409523809523807 -174.282813555893 -697.131254223574
0.410582010582008 -173.834206706536 -695.336826826143
0.411640211640209 -173.387903370769 -693.551613483077
0.41269841269841 -172.943885851921 -691.775543407683
0.413756613756611 -172.502136634048 -690.008546536193
0.414814814814812 -172.062638379712 -688.250553518848
0.415873015873013 -171.625373927744 -686.501495710974
0.416931216931214 -171.190326290911 -684.761305163644
0.417989417989415 -170.757478653904 -683.029914615615
0.419047619047616 -170.326814370969 -681.307257483875
0.420105820105817 -169.898316963843 -679.593267855371
0.421164021164018 -169.471970119711 -677.887880478845
0.42222222222222 -169.047757689112 -676.191030756449
0.42328042328042 -168.625663683817 -674.502654735268
0.424338624338622 -168.205672274893 -672.822689099572
0.425396825396823 -167.787767790773 -671.151071163092
0.426455026455024 -167.371934715158 -669.487738860633
0.427513227513225 -166.958157685273 -667.832630741093
0.428571428571426 -166.546421489878 -666.185685959514
0.429629629629627 -166.136711067282 -664.54684426913
0.430687830687828 -165.729011503811 -662.916046015245
0.431746031746029 -165.32330803182 -661.29323212728
0.43280423280423 -164.919586027734 -659.678344110936
0.433862433862431 -164.51783101065 -658.0713240426
0.434920634920632 -164.118028640377 -656.472114561507
0.435978835978833 -163.720164715797 -654.880658863188
0.437037037037034 -163.32422517304 -653.296900692159
0.438095238095235 -162.930196084192 -651.720784336768
0.439153439153436 -162.538063655204 -650.152254620816
0.440211640211637 -162.147814224626 -648.591256898503
0.441269841269838 -161.759434261836 -647.037737047344
0.442328042328039 -161.372910365563 -645.491641462253
0.44338624338624 -160.988229262383 -643.952917049532
0.444444444444441 -160.605377805025 -642.421511220101
0.445502645502642 -160.224342971058 -640.897371884232
0.446560846560843 -159.845111861249 -639.380447444998
0.447619047619044 -159.467671698386 -637.870686793545
0.448677248677245 -159.092009825447 -636.368039301788
0.449735449735446 -158.7181137045 -634.872454818
0.450793650793647 -158.345970915175 -633.383883660698
0.451851851851849 -157.97556915337 -631.902276613478
0.452910052910049 -157.606896229751 -630.427584919003
0.453968253968251 -157.239940068569 -628.959760274274
0.455026455026452 -156.874688706315 -627.49875482526
0.456084656084653 -156.511130290246 -626.044521160986
0.457142857142854 -156.149253077444 -624.597012309777
0.458201058201055 -155.789045433121 -623.156181732486
0.459259259259256 -155.430495829765 -621.721983319059
0.460317460317457 -155.073592845656 -620.294371382624
0.461375661375658 -154.718325163745 -618.87330065498
0.462433862433859 -154.364681570494 -617.458726281976
0.46349206349206 -154.012650954696 -616.050603818786
0.464550264550261 -153.662222306133 -614.648889224534
0.465608465608462 -153.313384714715 -613.25353885886
0.466666666666663 -152.966127369056 -611.864509476225
0.467724867724864 -152.620439555591 -610.481758222363
0.468783068783065 -152.276310657442 -609.10524262977
0.469841269841266 -151.933730153138 -607.73492061255
0.470899470899467 -151.592687615744 -606.370750462974
0.471957671957668 -151.253172711715 -605.012690846861
0.473015873015869 -150.915175199901 -603.660700799603
0.47407407407407 -150.578684930521 -602.314739722083
0.475132275132271 -150.243691843933 -600.974767375733
0.476190476190472 -149.910185970043 -599.64074388017
0.477248677248673 -149.578157426983 -598.312629707931
0.478306878306874 -149.247596420233 -596.99038568093
0.479365079365075 -148.918493241674 -595.673972966696
0.480423280423276 -148.59083826868 -594.363353074719
0.481481481481478 -148.264621963066 -593.058487852264
0.482539682539678 -147.939834870205 -591.759339480822
0.48359788359788 -147.616467618195 -590.465870472781
0.484656084656081 -147.294510916836 -589.178043667344
0.485714285714282 -146.973955556853 -587.895822227413
0.486772486772483 -146.654792408957 -586.619169635827
0.487830687830684 -146.337012422955 -585.348049691821
0.488888888888885 -146.020606626949 -584.082426507797
0.489947089947086 -145.705566126473 -582.822264505892
0.491005291005287 -145.391882103634 -581.567528414537
0.492063492063488 -145.079545816309 -580.318183265234
0.493121693121689 -144.768548597387 -579.074194389548
0.49417989417989 -144.458881853864 -577.835527415456
0.495238095238091 -144.150537066111 -576.602148264442
0.496296296296292 -143.843505787097 -575.374023148389
0.497354497354493 -143.537779641613 -574.151118566453
0.498412698412694 -143.233350325463 -572.93340130185
0.499470899470895 -142.930209604791 -571.720838419164
