0 1 1
0.01 1 1
0.02 1 1
0.03 1 1
0.04 1 1
0.05 1 1
0.06 1 1
0.07 1 1
0.08 1 1
0.09 1 1
0.1 1 1
0.11 1 1
0.12 1 1
0.13 1 1
0.14 1 1
0.15 1 1
0.16 1 1
0.17 1 1
0.18 1 1
0.19 1 1
0.2 1 1
0.21 1 1
0.22 1 1
0.23 1 1
0.24 1 1
0.25 1 1
0.26 1 1
0.27 1 1
0.28 1 1
0.29 1 1
0.3 1 1
0.306451612903226 1 1
0.312903225806452 1 1
0.319354838709678 1 1
0.325806451612903 1 1
0.332258064516129 1 1
0.338709677419355 1 1
0.345161290322581 1 1
0.351612903225807 1 1
0.358064516129033 1 1
0.364516129032258 1 1
0.370967741935484 1 1
0.37741935483871 1 1
0.383870967741936 1 1
0.390322580645162 1 1
0.396774193548387 1 1
0.403225806451613 1 1
0.409677419354839 1 1
0.416129032258065 1 1
0.422580645161291 1 1
0.429032258064517 1 1
0.435483870967742 1 1
0.441935483870968 1 1
0.448387096774194 1 1
0.45483870967742 1 1
0.461290322580646 1 1
0.467741935483871 1 1
0.474193548387097 1 1
0.480645161290323 1 1
0.487096774193549 1 1
0.493548387096775 1 1
