0 4 -0
0.000946372239747634 4 -891.803425496615
0.00189274447949527 4 -1782.81860662702
0.0028391167192429 4 -2672.25799573593
0.00378548895899054 4 -3559.33543797408
0.00473186119873817 4 -4443.26686616225
0.0056782334384858 4 -5323.27099381011
0.00662460567823344 4 -6198.57000567719
0.00757097791798107 4 -7068.39024526573
0.00851735015772871 4 -7931.96289863774
0.00946372239747634 4 -8788.52467395182
0.010410094637224 4 -9637.31847611906
0.0113564668769716 4 -10477.5940759819
0.0123028391167192 4 -11308.6087734242
0.0132492113564669 4 -12129.6280538268
0.0141955835962145 4 -12939.9262372878
0.0151419558359621 4 -13738.7871200343
0.0160883280757098 4 -14525.5046074581
0.0170347003154574 4 -15299.3833382167
0.017981072555205 4 -16059.7392988468
0.0189274447949527 4 -16805.9004283481
0.0198738170347003 4 -17537.2072122022
0.0208201892744479 4 -18253.0132653024
0.0217665615141956 4 -18952.6859032784
0.0227129337539432 4 -19635.6067017115
0.0236593059936908 4 -20301.1720427454
0.0246056782334385 4 -20948.7936486102
0.0255520504731861 4 -21577.8991015871
0.0264984227129337 4 -22187.9323499558
0.0274447949526814 4 -22778.3541994751
0.028391167192429 4 -23348.6427899646
0.0293375394321766 4 -23898.2940565646
0.0302839116719243 4 -24426.8221752674
0.0312302839116719 4 -24933.7599923257
0.0321766561514195 4 -25418.6594371594
0.0331230283911672 4 -25881.0919183944
0.0340694006309148 4 -26320.6487026846
0.0350157728706624 4 -26736.941275982
0.0359621451104101 4 -27129.6016869353
0.0369085173501577 4 -27498.2828721134
0.0378548895899053 4 -27842.6589627665
0.038801261829653 4 -28162.4255728546
0.0397476340694006 4 -28457.3000680866
0.0406940063091482 4 -28727.0218157345
0.0416403785488959 4 -28971.3524150007
0.0425867507886435 4 -29190.0759077346
0.0435331230283911 4 -29382.9989693134
0.0444794952681387 4 -29549.951079517
0.0454258675078864 4 -29690.7846732469
0.046372239747634 4 -29805.3752709556
0.0473186119873816 4 -29893.6215886714
0.0482649842271293 4 -29955.4456275204
0.0492113564668769 4 -29990.7927426685
0.0501577287066245 4 -29999.6316916202
0.0511041009463722 4 -29981.9546618337
0.0520504731861198 4 -29937.7772776256
0.0529968454258674 4 -29867.1385863613
0.0539432176656151 4 -29770.1010239419
0.0548895899053627 4 -29646.7503596183
0.0558359621451103 4 -29497.1956201822
0.056782334384858 4 -29321.5689935995
0.0577287066246056 4 -29120.0257121725
0.0586750788643532 4 -28892.7439153337
0.0596214511041009 4 -28639.9244921926
0.0605678233438485 4 -28361.7909039741
0.0615141955835961 4 -28058.5889865068
0.0624605678233438 4 -27730.586732934
0.0634069400630914 4 -27378.074056841
0.064353312302839 4 -27001.3625360073
0.0652996845425867 4 -26600.7851370098
0.0662460567823343 4 -26176.6959209218
0.067192429022082 4 -25729.4697303666
0.0681388012618296 4 -25259.5018582023
0.0690851735015772 4 -24767.2076981324
0.0700315457413249 4 -24253.0223775481
0.0709779179810725 4 -23717.4003729302
0.0719242902208202 4 -23160.8151081468
0.0728706624605678 4 -22583.7585360061
0.0738170347003154 4 -21986.7407034296
0.0747634069400631 4 -21370.2893006344
0.0757097791798107 4 -20734.9491947194
0.0766561514195584 4 -20081.2819480702
0.077602523659306 4 -19409.865322007
0.0785488958990536 4 -18721.292766115
0.0794952681388013 4 -18016.1728937079
0.0804416403785489 4 -17295.1289438886
0.0813880126182965 4 -16558.7982306828
0.0823343848580442 4 -15807.8315797318
0.0832807570977918 4 -15042.8927530429
0.0842271293375395 4 -14264.6578623056
0.0851735015772871 4 -13473.8147712919
0.0861198738170347 4 -12671.0624878697
0.0870662460567824 4 -11857.1105461659
0.08801261829653 4 -11032.6783794257
0.0889589905362777 4 -10198.4946841219
0.0899053627760253 4 -9355.29677587763
0.0908517350157729 4 -8503.82993776945
0.0917981072555206 4 -7644.84676158947
0.0927444794952682 4 -6779.10648264665
0.0936908517350159 4 -5907.37430869637
0.0946372239747635 4 -5030.42074359108
0.0955835962145111 4 -4149.02090624975
0.0965299684542588 4 -3263.95384554828
0.0974763406940064 4 -2376.00185173628
0.0984227129337541 4 -1485.94976498879
0.0993690851735017 4 -594.584281704319
0.100315457413249 4 297.306740837906
0.101261829652997 4 1188.93498084667
0.102208201892745 4 2079.51234879815
0.103154574132492 4 2968.25168400998
0.10410094637224 4 3854.36745039428
0.105047318611988 4 4737.07643077487
0.105993690851735 4 5615.59841915464
0.106940063091483 4 6489.15691032165
0.10788643533123 4 7356.97978618404
0.108832807570978 4 8218.29999822729
0.109779179810726 4 9072.35624549066
0.110725552050473 4 9918.39364746337
0.111671924290221 4 10755.6644113061
0.112618296529969 4 11583.4284928075
0.113564668769716 4 12400.9542504926
0.114511041009464 4 13207.519092303
0.115457413249212 4 14002.4101142801
0.116403785488959 4 14784.9247306835
0.117350157728707 4 15554.3712949909
0.118296529968454 4 16310.0697112282
0.119242902208202 4 17051.3520350906
0.12018927444795 4 17777.5630643227
0.121135646687697 4 18488.0609178373
0.122082018927445 4 19182.2176030585
0.123028391167193 4 19859.4195709905
0.12397476340694 4 20519.0682585184
0.124921135646688 4 21160.5806174653
0.125867507886436 4 21783.389629934
0.126813880126183 4 22386.944809482
0.127760252365931 4 22970.7126876829
0.128706624605678 4 23534.1772856473
0.129652996845426 4 24076.840570084
0.130599369085174 4 24598.2228935008
0.131545741324921 4 25097.8634181533
0.132492113564669 4 25575.3205233687
0.133438485804417 4 26030.1721958844
0.134384858044164 4 26462.0164028553
0.135331230283912 4 26870.4714472017
0.13627760252366 4 27255.1763049823
0.137223974763407 4 27615.7909444949
0.138170347003155 4 27951.9966268225
0.139116719242903 4 28263.4961875595
0.14006309148265 4 28550.0142994679
0.141009463722398 4 28811.2977158332
0.141955835962145 4 29047.1154943031
0.142902208201893 4 29257.2592010119
0.143848580441641 4 29441.5430948108
0.144794952681388 4 29599.8042914395
0.145741324921136 4 29731.9029074968
0.146687697160884 4 29837.7221840791
0.147634069400631 4 29917.1685899821
0.148580441640379 4 29970.17190437
0.149526813880127 4 29996.6852788424
0.150473186119874 4 29996.6852788424
0.151419558359622 4 29970.17190437
0.152365930599369 4 29917.1685899821
0.153312302839117 4 29837.7221840791
0.154258675078865 4 29731.9029074967
0.155205047318612 4 29599.8042914394
0.15615141955836 4 29441.5430948106
0.157097791798108 4 29257.2592010118
0.158044164037855 4 29047.1154943029
0.158990536277603 4 28811.297715833
0.159936908517351 4 28550.0142994676
0.160883280757098 4 28263.4961875592
0.161829652996846 4 27951.9966268223
0.162776025236594 4 27615.7909444946
0.163722397476341 4 27255.176304982
0.164668769716089 4 26870.4714472014
0.165615141955836 4 26462.0164028549
0.166561514195584 4 26030.172195884
0.167507886435332 4 25575.3205233683
0.168454258675079 4 25097.8634181529
0.169400630914827 4 24598.2228935004
0.170347003154575 4 24076.8405700836
0.171293375394322 4 23534.1772856468
0.17223974763407 4 22970.7126876825
0.173186119873818 4 22386.9448094815
0.174132492113565 4 21783.3896299335
0.175078864353313 4 21160.5806174647
0.17602523659306 4 20519.0682585179
0.176971608832808 4 19859.4195709899
0.177917981072556 4 19182.217603058
0.178864353312303 4 18488.0609178367
0.179810725552051 4 17777.5630643221
0.180757097791799 4 17051.35203509
0.181703470031546 4 16310.0697112276
0.182649842271294 4 15554.3712949903
0.183596214511042 4 14784.9247306829
0.184542586750789 4 14002.4101142794
0.185488958990537 4 13207.5190923024
0.186435331230284 4 12400.9542504919
0.187381703470032 4 11583.4284928068
0.18832807570978 4 10755.6644113054
0.189274447949527 4 9918.39364746268
0.190220820189275 4 9072.35624548997
0.191167192429023 4 8218.29999822659
0.19211356466877 4 7356.97978618333
0.193059936908518 4 6489.15691032094
0.194006309148266 4 5615.59841915391
0.194952681388013 4 4737.07643077414
0.195899053627761 4 3854.36745039357
0.196845425867509 4 2968.25168400923
0.197791798107256 4 2079.51234879741
0.198738170347004 4 1188.93498084594
0.199684542586751 4 297.306740837185
0.200630914826499 4 -594.584281705054
0.201577287066247 4 -1485.94976498952
0.202523659305994 4 -2376.001851737
0.203470031545742 4 -3263.95384554903
0.20441640378549 4 -4149.02090625047
0.205362776025237 4 -5030.42074359179
0.206309148264985 4 -5907.3743086971
0.207255520504733 4 -6779.10648264737
0.20820189274448 4 -7644.84676159018
0.209148264984228 4 -8503.82993777014
0.210094637223975 4 -9355.29677587833
0.211041009463723 4 -10198.4946841226
0.211987381703471 4 -11032.6783794264
0.212933753943218 4 -11857.1105461666
0.213880126182966 4 -12671.0624878704
0.214826498422714 4 -13473.8147712926
0.215772870662461 4 -14264.6578623063
0.216719242902209 4 -15042.8927530436
0.217665615141957 4 -15807.8315797324
0.218611987381704 4 -16558.7982306834
0.219558359621452 4 -17295.1289438892
0.2205047318612 4 -18016.1728937085
0.221451104100947 4 -18721.2927661156
0.222397476340695 4 -19409.8653220076
0.223343848580442 4 -20081.2819480707
0.22429022082019 4 -20734.9491947199
0.225236593059938 4 -21370.2893006349
0.226182965299685 4 -21986.7407034301
0.227129337539433 4 -22583.7585360066
0.228075709779181 4 -23160.8151081473
0.229022082018928 4 -23717.4003729306
0.229968454258676 4 -24253.0223775486
0.230914826498424 4 -24767.2076981328
0.231861198738171 4 -25259.5018582027
0.232807570977919 4 -25729.4697303669
0.233753943217666 4 -26176.6959209222
0.234700315457414 4 -26600.7851370101
0.235646687697162 4 -27001.3625360076
0.236593059936909 4 -27378.0740568413
0.237539432176657 4 -27730.5867329343
0.238485804416405 4 -28058.588986507
0.239432176656152 4 -28361.7909039743
0.2403785488959 4 -28639.9244921928
0.241324921135648 4 -28892.7439153339
0.242271293375395 4 -29120.0257121727
0.243217665615143 4 -29321.5689935996
0.24416403785489 4 -29497.1956201823
0.245110410094638 4 -29646.7503596184
0.246056782334386 4 -29770.101023942
0.247003154574133 4 -29867.1385863614
0.247949526813881 4 -29937.7772776257
0.248895899053629 4 -29981.9546618338
0.249842271293376 4 -29999.6316916202
0.250788643533124 4 -29990.7927426684
0.251735015772872 4 -29955.4456275203
0.252681388012619 4 -29893.6215886713
0.253627760252367 4 -29805.3752709555
0.254574132492115 4 -29690.7846732467
0.255520504731862 4 -29549.9510795168
0.25646687697161 4 -29382.9989693132
0.257413249211357 4 -29190.0759077344
0.258359621451105 4 -28971.3524150005
0.259305993690853 4 -28727.0218157343
0.2602523659306 4 -28457.3000680863
0.261198738170348 4 -28162.4255728543
0.262145110410096 4 -27842.6589627662
0.263091482649843 4 -27498.282872113
0.264037854889591 4 -27129.6016869349
0.264984227129339 4 -26736.9412759816
0.265930599369086 4 -26320.6487026841
0.266876971608834 4 -25881.0919183939
0.267823343848581 4 -25418.6594371589
0.268769716088329 4 -24933.7599923252
0.269716088328077 4 -24426.8221752668
0.270662460567824 4 -23898.2940565641
0.271608832807572 4 -23348.642789964
0.27255520504732 4 -22778.3541994745
0.273501577287067 4 -22187.9323499551
0.274447949526815 4 -21577.8991015864
0.275394321766563 4 -20948.7936486094
0.27634069400631 4 -20301.1720427447
0.277287066246058 4 -19635.6067017108
0.278233438485806 4 -18952.6859032776
0.279179810725553 4 -18253.0132653016
0.280126182965301 4 -17537.2072122014
0.281072555205048 4 -16805.9004283472
0.282018927444796 4 -16059.739298846
0.282965299684544 4 -15299.3833382158
0.283911671924291 4 -14525.5046074572
0.284858044164039 4 -13738.7871200334
0.285804416403787 4 -12939.9262372869
0.286750788643534 4 -12129.6280538258
0.287697160883282 4 -11308.6087734232
0.28864353312303 4 -10477.5940759809
0.289589905362777 4 -9637.31847611803
0.290536277602525 4 -8788.52467395078
0.291482649842272 4 -7931.9628986367
0.29242902208202 4 -7068.39024526468
0.293375394321768 4 -6198.57000567608
0.294321766561515 4 -5323.270993809
0.295268138801263 4 -4443.26686616114
0.296214511041011 4 -3559.33543797296
0.297160883280758 4 -2672.25799573482
0.298107255520506 4 -1782.81860662591
0.299053627760254 4 -891.803425495504
0.300311489395474 4 0
0.301569351030694 4 0
0.302827212665914 4 0
0.304085074301134 4 0
0.305342935936354 4 0
0.306600797571574 4 0
0.307858659206794 4 0
0.309116520842015 4 0
0.310374382477235 4 0
0.311632244112455 4 0
0.312890105747675 4 0
0.314147967382895 4 0
0.315405829018115 4 0
0.316663690653335 4 0
0.317921552288555 4 0
0.319179413923776 4 0
0.320437275558996 4 0
0.321695137194216 4 0
0.322952998829436 4 0
0.324210860464656 4 0
0.325468722099876 4 0
0.326726583735096 4 0
0.327984445370316 4 0
0.329242307005537 4 0
0.330500168640757 4 0
0.331758030275977 4 0
0.333015891911197 4 0
0.334273753546417 4 0
0.335531615181637 4 0
0.336789476816857 4 0
0.338047338452077 4 0
0.339305200087298 4 0
0.340563061722518 4 0
0.341820923357738 4 0
0.343078784992958 4 0
0.344336646628178 4 0
0.345594508263398 4 0
0.346852369898618 4 0
0.348110231533838 4 0
0.349368093169059 4 0
0.350625954804279 4 0
0.351883816439499 4 0
0.353141678074719 4 0
0.354399539709939 4 0
0.355657401345159 4 0
0.356915262980379 4 0
0.358173124615599 4 0
0.35943098625082 4 0
0.36068884788604 4 0
0.36194670952126 4 0
0.36320457115648 4 0
0.3644624327917 4 0
0.36572029442692 4 0
0.36697815606214 4 0
0.36823601769736 4 0
0.369493879332581 4 0
0.370751740967801 4 0
0.372009602603021 4 0
0.373267464238241 4 0
0.374525325873461 4 0
0.375783187508681 4 0
0.377041049143901 4 0
0.378298910779121 4 0
0.379556772414342 4 0
0.380814634049562 4 0
0.382072495684782 4 0
0.383330357320002 4 0
0.384588218955222 4 0
0.385846080590442 4 0
0.387103942225662 4 0
0.388361803860882 4 0
0.389619665496103 4 0
0.390877527131323 4 0
0.392135388766543 4 0
0.393393250401763 4 0
0.394651112036983 4 0
0.395908973672203 4 0
0.397166835307423 4 0
0.398424696942643 4 0
0.399682558577864 4 0
0.400940420213084 4 0
0.402198281848304 4 0
0.403456143483524 4 0
0.404714005118744 4 0
0.405971866753964 4 0
0.407229728389184 4 0
0.408487590024404 4 0
0.409745451659625 4 0
0.411003313294845 4 0
0.412261174930065 4 0
0.413519036565285 4 0
0.414776898200505 4 0
0.416034759835725 4 0
0.417292621470945 4 0
0.418550483106165 4 0
0.419808344741386 4 0
0.421066206376606 4 0
0.422324068011826 4 0
0.423581929647046 4 0
0.424839791282266 4 0
0.426097652917486 4 0
0.427355514552706 4 0
0.428613376187926 4 0
0.429871237823147 4 0
0.431129099458367 4 0
0.432386961093587 4 0
0.433644822728807 4 0
0.434902684364027 4 0
0.436160545999247 4 0
0.437418407634467 4 0
0.438676269269688 4 0
0.439934130904908 4 0
0.441191992540128 4 0
0.442449854175348 4 0
0.443707715810568 4 0
0.444965577445788 4 0
0.446223439081008 4 0
0.447481300716228 4 0
0.448739162351449 4 0
0.449997023986669 4 0
0.451254885621889 4 0
0.452512747257109 4 0
0.453770608892329 4 0
0.455028470527549 4 0
0.456286332162769 4 0
0.457544193797989 4 0
0.45880205543321 4 0
0.46005991706843 4 0
0.46131777870365 4 0
0.46257564033887 4 0
0.46383350197409 4 0
0.46509136360931 4 0
0.46634922524453 4 0
0.46760708687975 4 0
0.468864948514971 4 0
0.470122810150191 4 0
0.471380671785411 4 0
0.472638533420631 4 0
0.473896395055851 4 0
0.475154256691071 4 0
0.476412118326291 4 0
0.477669979961511 4 0
0.478927841596732 4 0
0.480185703231952 4 0
0.481443564867172 4 0
0.482701426502392 4 0
0.483959288137612 4 0
0.485217149772832 4 0
0.486475011408052 4 0
0.487732873043272 4 0
0.488990734678493 4 0
0.490248596313713 4 0
0.491506457948933 4 0
0.492764319584153 4 0
0.494022181219373 4 0
0.495280042854593 4 0
0.496537904489813 4 0
0.497795766125033 4 0
