0.01 -9270.50983124842 -6884.04195389722 -6884.04195389722
0.02 -17633.5575687742 -14871.1471845633 -14871.1471845633
0.03 -24270.5098312484 -21512.2426229413 -21512.2426229413
0.04 -28531.6954888546 -25971.1293201892 -25971.1293201892
0.05 -30000 -27781.2263382264 -27781.2263382264
0.06 -28531.6954888546 -26764.4960921412 -26764.4960921412
0.07 -24270.5098312484 -23029.7713580332 -23029.7713580332
0.08 -17633.5575687742 -16956.5709857971 -16956.5709857971
0.09 -9270.50983124843 -9155.50140843007 -9155.50140843007
0.1 -3.67381906146713e-012 -407.013696611741 -407.013696611741
0.11 9270.50983124841 8416.05043399711 8416.05043399711
0.12 17633.5575687742 16434.7127597898 16434.7127597898
0.13 24270.5098312484 22850.5222245594 22850.5222245594
0.14 28531.6954888546 27024.15960149 27024.15960149
0.15 30000 28538.2935601145 28538.2935601145
0.16 28531.6954888546 27238.5410401117 27238.5410401117
0.17 24270.5098312484 23248.5332504381 23248.5332504381
0.18 17633.5575687742 16957.629686053 16957.629686053
0.19 9270.5098312484 8982.50599213202 8982.50599213202
0.2 -4.59430670590733e-011 106.403734724486 106.403734724486
0.21 -9270.50983124847 -8797.98017614993 -8797.98017614993
0.22 -17633.5575687742 -16854.3841245594 -16854.3841245594
0.23 -24270.5098312485 -23269.21372846 -23269.21372846
0.24 -28531.6954888546 -27409.6458252599 -27409.6458252599
0.25 -30000 -28865.935440825 -28865.935440825
0.26 -28531.6954888546 -27491.8088489852 -27491.8088489852
0.27 -24270.5098312484 -23418.977572144 -23418.977572144
0.28 -17633.5575687741 -17044.3483602706 -17044.3483602706
0.29 -9270.50983124833 61551.7905644512 61551.7905644512
0.300833333333333 0 490.701719030524 -57452.0759756736
0.313333333333333 0 -13.6638898631424 -54.6555594525697
0.326666666666667 0 -12.0771962690936 -48.3087850763743
0.34 0 -10.7269795849147 -42.9079183396587
0.353333333333333 0 -9.57077360955921 -38.2830944382368
0.366666666666667 0 -8.57494488352264 -34.2997795340906
0.38 0 -7.71262141039327 -30.8504856415731
0.393333333333333 0 -6.96215841982069 -27.8486336792828
0.406666666666667 0 -6.30598946459135 -25.2239578583654
0.42 0 -5.72975729283375 -22.919029171335
0.433333333333333 0 -5.22165012851438 -20.8866005140575
0.446666666666666 0 -4.77189030974209 -19.0875612389684
0.46 0 -4.37233705230042 -17.4893482092017
0.473333333333333 0 -4.01617544597387 -16.0647017838955
0.486666666666666 0 -3.69767120673048 -14.7906848269219
