0 1 -0
0.000835654596100279 1 -787.495436079443
0.00167130919220056 1 -1574.4481513674
0.00250696378830084 1 -2360.31579910103
0.00334261838440111 1 -3144.55678031704
0.00417827298050139 1 -3926.63061710718
0.00501392757660167 1 -4705.99832510119
0.00584958217270195 1 -5482.12278492038
0.00668523676880223 1 -6254.46911234596
0.00752089136490251 1 -7022.50502694694
0.00835654596100279 1 -7785.70121891355
0.00919220055710306 1 -8543.53171384342
0.0100278551532033 1 -9295.47423522904
0.0108635097493036 1 -10041.0105643968
0.0116991643454039 1 -10779.6268976495
0.0125348189415042 1 -11510.8142003658
0.0133704735376045 1 -12234.0685578138
0.0142061281337047 1 -12948.891522435
0.015041782729805 1 -13654.7904573617
0.0158774373259053 1 -14351.2788759284
0.0167130919220056 1 -15037.8767769459
0.0175487465181059 1 -15714.1109755053
0.0183844011142061 1 -16379.515429084
0.0192200557103064 1 -17033.6315587301
0.0200557103064067 1 -17676.0085651028
0.020891364902507 1 -18306.2037391507
0.0217270194986072 1 -18923.7827672157
0.0225626740947075 1 -19528.3200303499
0.0233983286908078 1 -20119.3988976411
0.0242339832869081 1 -20696.6120133436
0.0250696378830084 1 -21259.5615776165
0.0259052924791086 1 -21807.8596206774
0.0267409470752089 1 -22341.1282701803
0.0275766016713092 1 -22859.0000116351
0.0284122562674095 1 -23361.1179416892
0.0292479108635097 1 -23847.1360140952
0.03008356545961 1 -24316.7192781972
0.0309192200557103 1 -24769.5441097693
0.0317548746518106 1 -25205.2984340494
0.0325905292479109 1 -25623.6819408122
0.0334261838440111 1 -26024.4062913354
0.0342618384401114 1 -26407.1953171145
0.0350974930362117 1 -26771.7852101916
0.035933147632312 1 -27117.924704964
0.0367688022284123 1 -27445.3752513499
0.0376044568245125 1 -27753.9111791912
0.0384401114206128 1 -28043.3198537788
0.0392757660167131 1 -28313.4018223948
0.0401114206128134 1 -28563.9709517704
0.0409470752089136 1 -28794.8545563636
0.0417827298050139 1 -29005.8935173694
0.0426183844011142 1 -29196.9423923807
0.0434540389972145 1 -29367.8695156227
0.0442896935933148 1 -29518.5570886938
0.045125348189415 1 -29648.9012617492
0.0459610027855153 1 -29758.8122050709
0.0467966573816156 1 -29848.2141709768
0.0476323119777159 1 -29917.045546023
0.0484679665738162 1 -29965.2588934671
0.0493036211699164 1 -29992.8209859593
0.0501392757660167 1 -29999.7128284429
0.050974930362117 1 -29985.9296712442
0.0518105849582173 1 -29951.4810133466
0.0526462395543175 1 -29896.3905958438
0.0534818941504178 1 -29820.6963855778
0.0543175487465181 1 -29724.450548974
0.0551532033426184 1 -29607.7194160886
0.0559888579387187 1 -29470.5834348961
0.0568245125348189 1 -29313.1371158469
0.0576601671309192 1 -29135.4889667329
0.0584958217270195 1 -28937.7614179068
0.0593314763231198 1 -28720.0907379068
0.0601671309192201 1 -28482.6269395434
0.0610027855153203 1 -28225.5336765152
0.0618384401114206 1 -27948.9881306224
0.0626740947075209 1 -27653.1808896587
0.0635097493036212 1 -27338.3158160625
0.0643454038997214 1 -27004.609906421
0.0651810584958217 1 -26652.2931419214
0.066016713091922 1 -26281.6083298545
0.0668523676880223 1 -25892.810936278
0.0676880222841226 1 -25486.1689099566
0.0685236768802228 1 -25061.9624976982
0.0693593314763231 1 -24620.4840512162
0.0701949860724234 1 -24162.0378256475
0.0710306406685237 1 -23686.9397698689
0.071866295264624 1 -23195.5173087529
0.0727019498607242 1 -22688.1091175159
0.0735376044568245 1 -22165.0648883115
0.0743732590529248 1 -21626.7450892327
0.0752089136490251 1 -21073.5207158867
0.0760445682451253 1 -20505.7730357145
0.0768802228412256 1 -19923.8933252319
0.0777158774373259 1 -19328.2826003718
0.0785515320334262 1 -18719.3513401151
0.0793871866295265 1 -18097.5192035993
0.0802228412256267 1 -17463.2147409008
0.081058495821727 1 -16816.8750976897
0.0818941504178273 1 -16158.9457139604
0.0827298050139276 1 -15489.8800170466
0.0835654596100279 1 -14810.1391091313
0.0844011142061281 1 -14120.1914494672
0.0852367688022284 1 -13420.5125315274
0.0860724233983287 1 -12711.584555308
0.086908077994429 1 -11993.8960950084
0.0877437325905292 1 -11267.9417623196
0.0885793871866295 1 -10534.2218655506
0.0894150417827298 1 -9793.2420648297
0.0902506963788301 1 -9045.51302361648
0.0910863509749304 1 -8291.55005676678
0.0919220055710306 1 -7531.87277539115
0.0927576601671309 1 -6767.00472875296
0.0935933147632312 1 -5997.47304345205
0.0944289693593315 1 -5223.80806014339
0.0952646239554318 1 -4446.54296804031
0.096100278551532 1 -3666.21343745488
0.0969359331476323 1 -2883.35725062817
0.0977715877437326 1 -2098.5139311052
0.0986072423398329 1 -1312.22437190963
0.0994428969359331 1 -525.030462774875
0.100278551532033 1 262.525283311901
0.101114206128134 1 1049.90010399515
0.101949860724234 1 1836.5513616083
0.102785515320334 1 2621.93691714506
0.103621169916435 1 3405.51550388721
0.104456824512535 1 4186.74710043103
0.105292479108635 1 4965.09330285572
0.106128133704735 1 5740.01769577692
0.106963788300836 1 6510.98622202984
0.107799442896936 1 7277.46755072719
0.108635097493036 1 8038.93344343823
0.109470752089136 1 8794.85911823657
0.110306406685237 1 9544.72361136579
0.111142061281337 1 10288.0101362738
0.111977715877437 1 11024.2064397682
0.112813370473538 1 11752.8051550475
0.113649025069638 1 12473.3041513651
0.114484679665738 1 13185.2068800837
0.115320334261838 1 13888.0227168839
0.116155988857939 1 14581.2672998891
0.116991643454039 1 15264.4628634748
0.117827298050139 1 15937.138567532
0.11866295264624 1 16598.8308219574
0.11949860724234 1 17249.0836061475
0.12033426183844 1 17887.4487832757
0.12116991643454 1 18513.4864091361
0.122005571030641 1 19126.7650353417
0.122841225626741 1 19726.8620066664
0.123676880222841 1 20313.3637523285
0.124512534818942 1 20885.8660710118
0.125348189415042 1 21443.9744094311
0.126183844011142 1 21987.3041342471
0.127019498607242 1 22515.4807971459
0.127855153203343 1 23028.1403928985
0.128690807799443 1 23524.9296102236
0.129526462395543 1 24005.5060752801
0.130362116991643 1 24469.5385876222
0.131197771587744 1 24916.707348454
0.132033426183844 1 25346.7041810257
0.132869080779944 1 25759.2327430215
0.133704735376045 1 26154.0087307903
0.134540389972145 1 26530.7600752803
0.135376044568245 1 26889.2271295419
0.136211699164345 1 27229.1628476692
0.137047353760446 1 27550.3329550574
0.137883008356546 1 27852.5161098588
0.138718662952646 1 28135.5040555256
0.139554317548747 1 28399.1017643347
0.140389972144847 1 28643.1275717956
0.141225626740947 1 28867.4133018487
0.142061281337047 1 29071.8043827679
0.142896935933148 1 29256.159953687
0.143732590529248 1 29420.3529616774
0.144568245125348 1 29564.2702493097
0.145403899721448 1 29687.8126326386
0.146239554317549 1 29790.8949695578
0.147075208913649 1 29873.446218478
0.147910863509749 1 29935.4094872863
0.14874651810585 1 29976.7420725553
0.14958217270195 1 29997.4154889726
0.15041782729805 1 29997.4154889726
0.15125348189415 1 29976.7420725553
0.152089136490251 1 29935.4094872863
0.152924791086351 1 29873.446218478
0.153760445682451 1 29790.8949695578
0.154596100278552 1 29687.8126326386
0.155431754874652 1 29564.2702493097
0.156267409470752 1 29420.3529616774
0.157103064066852 1 29256.159953687
0.157938718662953 1 29071.8043827679
0.158774373259053 1 28867.4133018487
0.159610027855153 1 28643.1275717956
0.160445682451253 1 28399.1017643347
0.161281337047354 1 28135.5040555256
0.162116991643454 1 27852.5161098588
0.162952646239554 1 27550.3329550574
0.163788300835655 1 27229.1628476692
0.164623955431755 1 26889.2271295419
0.165459610027855 1 26530.7600752803
0.166295264623955 1 26154.0087307903
0.167130919220056 1 25759.2327430215
0.167966573816156 1 25346.7041810257
0.168802228412256 1 24916.707348454
0.169637883008357 1 24469.5385876222
0.170473537604457 1 24005.5060752801
0.171309192200557 1 23524.9296102236
0.172144846796657 1 23028.1403928985
0.172980501392758 1 22515.4807971459
0.173816155988858 1 21987.3041342471
0.174651810584958 1 21443.9744094311
0.175487465181058 1 20885.8660710118
0.176323119777159 1 20313.3637523285
0.177158774373259 1 19726.8620066664
0.177994428969359 1 19126.7650353417
0.17883008356546 1 18513.4864091362
0.17966573816156 1 17887.4487832757
0.18050139275766 1 17249.0836061475
0.18133704735376 1 16598.8308219574
0.182172701949861 1 15937.138567532
0.183008356545961 1 15264.4628634748
0.183844011142061 1 14581.2672998891
0.184679665738162 1 13888.0227168839
0.185515320334262 1 13185.2068800837
0.186350974930362 1 12473.3041513651
0.187186629526462 1 11752.8051550475
0.188022284122563 1 11024.2064397682
0.188857938718663 1 10288.0101362738
0.189693593314763 1 9544.72361136579
0.190529247910864 1 8794.85911823658
0.191364902506964 1 8038.93344343826
0.192200557103064 1 7277.46755072719
0.193036211699164 1 6510.98622202982
0.193871866295265 1 5740.01769577692
0.194707520891365 1 4965.09330285573
0.195543175487465 1 4186.74710043105
0.196378830083565 1 3405.5155038872
0.197214484679666 1 2621.93691714507
0.198050139275766 1 1836.55136160831
0.198885793871866 1 1049.90010399518
0.199721448467967 1 262.525283311912
0.200557103064067 1 -525.03046277485
0.201392757660167 1 -1312.2243719096
0.202228412256267 1 -2098.51393110519
0.203064066852368 1 -2883.35725062819
0.203899721448468 1 -3666.21343745488
0.204735376044568 1 -4446.5429680403
0.205571030640669 1 -5223.80806014337
0.206406685236769 1 -5997.47304345205
0.207242339832869 1 -6767.00472875294
0.208077994428969 1 -7531.87277539114
0.20891364902507 1 -8291.55005676675
0.20974930362117 1 -9045.51302361647
0.21058495821727 1 -9793.24206482967
0.21142061281337 1 -10534.2218655506
0.212256267409471 1 -11267.9417623196
0.213091922005571 1 -11993.8960950084
0.213927576601671 1 -12711.5845553079
0.214763231197772 1 -13420.5125315274
0.215598885793872 1 -14120.1914494672
0.216434540389972 1 -14810.1391091313
0.217270194986072 1 -15489.8800170466
0.218105849582173 1 -16158.9457139603
0.218941504178273 1 -16816.8750976896
0.219777158774373 1 -17463.2147409008
0.220612813370474 1 -18097.5192035993
0.221448467966574 1 -18719.3513401151
0.222284122562674 1 -19328.2826003719
0.223119777158774 1 -19923.8933252319
0.223955431754875 1 -20505.7730357145
0.224791086350975 1 -21073.5207158867
0.225626740947075 1 -21626.7450892327
0.226462395543175 1 -22165.0648883115
0.227298050139276 1 -22688.1091175158
0.228133704735376 1 -23195.5173087529
0.228969359331476 1 -23686.9397698689
0.229805013927577 1 -24162.0378256475
0.230640668523677 1 -24620.4840512162
0.231476323119777 1 -25061.9624976982
0.232311977715877 1 -25486.1689099566
0.233147632311978 1 -25892.810936278
0.233983286908078 1 -26281.6083298545
0.234818941504178 1 -26652.2931419214
0.235654596100279 1 -27004.609906421
0.236490250696379 1 -27338.3158160625
0.237325905292479 1 -27653.1808896587
0.238161559888579 1 -27948.9881306224
0.23899721448468 1 -28225.5336765152
0.23983286908078 1 -28482.6269395434
0.24066852367688 1 -28720.0907379068
0.24150417827298 1 -28937.7614179068
0.242339832869081 1 -29135.4889667329
0.243175487465181 1 -29313.1371158469
0.244011142061281 1 -29470.5834348961
0.244846796657382 1 -29607.7194160886
0.245682451253482 1 -29724.450548974
0.246518105849582 1 -29820.6963855778
0.247353760445682 1 -29896.3905958438
0.248189415041783 1 -29951.4810133466
0.249025069637883 1 -29985.9296712442
0.249860724233983 1 -29999.7128284429
0.250696378830084 1 -29992.8209859593
0.251532033426184 1 -29965.2588934671
0.252367688022284 1 -29917.045546023
0.253203342618384 1 -29848.2141709768
0.254038997214485 1 -29758.8122050709
0.254874651810585 1 -29648.9012617492
0.255710306406685 1 -29518.5570886938
0.256545961002785 1 -29367.8695156227
0.257381615598886 1 -29196.9423923807
0.258217270194986 1 -29005.8935173694
0.259052924791086 1 -28794.8545563636
0.259888579387187 1 -28563.9709517704
0.260724233983287 1 -28313.4018223948
0.261559888579387 1 -28043.3198537788
0.262395543175487 1 -27753.9111791912
0.263231197771588 1 -27445.3752513499
0.264066852367688 1 -27117.924704964
0.264902506963788 1 -26771.7852101916
0.265738161559889 1 -26407.1953171145
0.266573816155989 1 -26024.4062913354
0.267409470752089 1 -25623.6819408122
0.268245125348189 1 -25205.2984340495
0.26908077994429 1 -24769.5441097694
0.26991643454039 1 -24316.7192781972
0.27075208913649 1 -23847.1360140953
0.271587743732591 1 -23361.1179416892
0.272423398328691 1 -22859.0000116351
0.273259052924791 1 -22341.1282701802
0.274094707520891 1 -21807.8596206774
0.274930362116992 1 -21259.5615776165
0.275766016713092 1 -20696.6120133436
0.276601671309192 1 -20119.3988976411
0.277437325905292 1 -19528.3200303499
0.278272980501393 1 -18923.7827672156
0.279108635097493 1 -18306.2037391507
0.279944289693593 1 -17676.0085651028
0.280779944289694 1 -17033.6315587301
0.281615598885794 1 -16379.515429084
0.282451253481894 1 -15714.1109755053
0.283286908077994 1 -15037.8767769459
0.284122562674095 1 -14351.2788759284
0.284958217270195 1 -13654.7904573617
0.285793871866295 1 -12948.8915224351
0.286629526462396 1 -12234.0685578138
0.287465181058496 1 -11510.8142003658
0.288300835654596 1 -10779.6268976495
0.289136490250696 1 -10041.0105643968
0.289972144846797 1 -9295.47423522905
0.290807799442897 1 -8543.53171384341
0.291643454038997 1 -7785.70121891352
0.292479108635097 1 -7022.50502694695
0.293314763231198 1 -6254.46911234595
0.294150417827298 1 -5482.12278492035
0.294986072423398 1 -4705.9983251012
0.295821727019499 1 -3926.63061710717
0.296657381615599 1 -3144.55678031701
0.297493036211699 1 -2360.31579910104
0.298328690807799 1 -1574.44815136739
0.2991643454039 1 -787.495436079471
0.3 4 0
0.301117318435754 4 0
0.302234636871508 4 0
0.303351955307263 4 0
0.304469273743017 4 0
0.305586592178771 4 0
0.306703910614525 4 0
0.307821229050279 4 0
0.308938547486033 4 0
0.310055865921788 4 0
0.311173184357542 4 0
0.312290502793296 4 0
0.31340782122905 4 0
0.314525139664804 4 0
0.315642458100559 4 0
0.316759776536313 4 0
0.317877094972067 4 0
0.318994413407821 4 0
0.320111731843575 4 0
0.32122905027933 4 0
0.322346368715084 4 0
0.323463687150838 4 0
0.324581005586592 4 0
0.325698324022346 4 0
0.326815642458101 4 0
0.327932960893855 4 0
0.329050279329609 4 0
0.330167597765363 4 0
0.331284916201117 4 0
0.332402234636872 4 0
0.333519553072626 4 0
0.33463687150838 4 0
0.335754189944134 4 0
0.336871508379888 4 0
0.337988826815642 4 0
0.339106145251397 4 0
0.340223463687151 4 0
0.341340782122905 4 0
0.342458100558659 4 0
0.343575418994413 4 0
0.344692737430168 4 0
0.345810055865922 4 0
0.346927374301676 4 0
0.34804469273743 4 0
0.349162011173184 4 0
0.350279329608939 4 0
0.351396648044693 4 0
0.352513966480447 4 0
0.353631284916201 4 0
0.354748603351955 4 0
0.355865921787709 4 0
0.356983240223464 4 0
0.358100558659218 4 0
0.359217877094972 4 0
0.360335195530726 4 0
0.36145251396648 4 0
0.362569832402235 4 0
0.363687150837989 4 0
0.364804469273743 4 0
0.365921787709497 4 0
0.367039106145251 4 0
0.368156424581006 4 0
0.36927374301676 4 0
0.370391061452514 4 0
0.371508379888268 4 0
0.372625698324022 4 0
0.373743016759777 4 0
0.374860335195531 4 0
0.375977653631285 4 0
0.377094972067039 4 0
0.378212290502793 4 0
0.379329608938548 4 0
0.380446927374302 4 0
0.381564245810056 4 0
0.38268156424581 4 0
0.383798882681564 4 0
0.384916201117318 4 0
0.386033519553073 4 0
0.387150837988827 4 0
0.388268156424581 4 0
0.389385474860335 4 0
0.390502793296089 4 0
0.391620111731844 4 0
0.392737430167598 4 0
0.393854748603352 4 0
0.394972067039106 4 0
0.39608938547486 4 0
0.397206703910615 4 0
0.398324022346369 4 0
0.399441340782123 4 0
0.400558659217877 4 0
0.401675977653631 4 0
0.402793296089385 4 0
0.40391061452514 4 0
0.405027932960894 4 0
0.406145251396648 4 0
0.407262569832402 4 0
0.408379888268156 4 0
0.409497206703911 4 0
0.410614525139665 4 0
0.411731843575419 4 0
0.412849162011173 4 0
0.413966480446927 4 0
0.415083798882682 4 0
0.416201117318436 4 0
0.41731843575419 4 0
0.418435754189944 4 0
0.419553072625698 4 0
0.420670391061453 4 0
0.421787709497207 4 0
0.422905027932961 4 0
0.424022346368715 4 0
0.425139664804469 4 0
0.426256983240223 4 0
0.427374301675978 4 0
0.428491620111732 4 0
0.429608938547486 4 0
0.43072625698324 4 0
0.431843575418994 4 0
0.432960893854749 4 0
0.434078212290503 4 0
0.435195530726257 4 0
0.436312849162011 4 0
0.437430167597765 4 0
0.43854748603352 4 0
0.439664804469274 4 0
0.440782122905028 4 0
0.441899441340782 4 0
0.443016759776536 4 0
0.444134078212291 4 0
0.445251396648045 4 0
0.446368715083799 4 0
0.447486033519553 4 0
0.448603351955307 4 0
0.449720670391061 4 0
0.450837988826816 4 0
0.45195530726257 4 0
0.453072625698324 4 0
0.454189944134078 4 0
0.455307262569832 4 0
0.456424581005587 4 0
0.457541899441341 4 0
0.458659217877095 4 0
0.459776536312849 4 0
0.460893854748603 4 0
0.462011173184358 4 0
0.463128491620112 4 0
0.464245810055866 4 0
0.46536312849162 4 0
0.466480446927374 4 0
0.467597765363129 4 0
0.468715083798883 4 0
0.469832402234637 4 0
0.470949720670391 4 0
0.472067039106145 4 0
0.473184357541899 4 0
0.474301675977654 4 0
0.475418994413408 4 0
0.476536312849162 4 0
0.477653631284916 4 0
0.47877094972067 4 0
0.479888268156425 4 0
0.481005586592179 4 0
0.482122905027933 4 0
0.483240223463687 4 0
0.484357541899441 4 0
0.485474860335196 4 0
0.48659217877095 4 0
0.487709497206704 4 0
0.488826815642458 4 0
0.489944134078212 4 0
0.491061452513966 4 0
0.492178770949721 4 0
0.493296089385475 4 0
0.494413407821229 4 0
0.495530726256983 4 0
0.496648044692737 4 0
0.497765363128492 4 0
0.498882681564246 4 0
0.5 4 0
