0.000946372239747634 -891.803425496615 -594.535616998507 -594.535616998507
0.00189274447949527 -1782.81860662702 -1574.80996512323 -1574.80996512323
0.0028391167192429 -2672.25799573593 -2485.57657456258 -2485.57657456258
0.00378548895899054 -3559.33543797408 -3382.68108364911 -3382.68108364911
0.00473186119873817 -4443.26686616225 -4272.54707003896 -4272.54707003896
0.0056782334384858 -5323.27099381011 -5156.5317397164 -5156.5317397164
0.00662460567823344 -6198.57000567719 -6034.72847446702 -6034.72847446702
0.00757097791798107 -7068.39024526573 -6906.78752771861 -6906.78752771861
0.00851735015772871 -7931.96289863774 -7772.17173483707 -7772.17173483707
0.00946372239747634 -8788.52467395182 -8630.25527997336 -8630.25527997336
0.010410094637224 -9637.31847611906 -9480.36787007568 -9480.36787007568
0.0113564668769716 -10477.5940759819 -10321.8167957386 -10321.8167957386
0.0123028391167192 -11308.6087734242 -11153.8989782127 -11153.8989782127
0.0132492113564669 -12129.6280538268 -11975.9080747957 -11975.9080747957
0.0141955835962145 -12939.9262372878 -12787.1389720514 -12787.1389720514
0.0151419558359621 -13738.7871200343 -13586.8908179786 -13586.8908179786
0.0160883280757098 -14525.5046074581 -14374.4691949899 -14374.4691949899
0.0170347003154574 -15299.3833382167 -15149.1877680561 -15149.1877680561
0.017981072555205 -16059.7392988468 -15910.3695977198 -15910.3695977198
0.0189274447949527 -16805.9004283481 -16657.3482328852 -16657.3482328852
0.0198738170347003 -17537.2072122022 -17389.4686521757 -17389.4686521757
0.0208201892744479 -18253.0132653024 -18106.0881002257 -18106.0881002257
0.0217665615141956 -18952.6859032784 -18806.5768449134 -18806.5768449134
0.0227129337539432 -19635.6067017115 -19490.3188768633 -19490.3188768633
0.0236593059936908 -20301.1720427454 -20156.7125615225 -20156.7125615225
0.0246056782334385 -20948.7936486102 -20805.1712552261 -20805.1712552261
0.0255520504731861 -21577.8991015871 -21435.123887555 -21435.123887555
0.0264984227129337 -22187.9323499558 -22046.0155181408 -22046.0155181408
0.0274447949526814 -22778.3541994751 -22637.307866792 -22637.307866792
0.028391167192429 -23348.6427899646 -23208.479822392 -23208.479822392
0.0293375394321766 -23898.2940565646 -23759.0279291805 -23759.0279291805
0.0302839116719243 -24426.8221752674 -24288.4668536531 -24288.4668536531
0.0312302839116719 -24933.7599923257 -24796.3298302311 -24796.3298302311
0.0321766561514195 -25418.6594371594 -25282.1690889142 -25282.1690889142
0.0331230283911672 -25881.0919183944 -25745.5562623037 -25745.5562623037
0.0340694006309148 -26320.6487026846 -26186.0827749423 -26186.0827749423
0.0350157728706624 -26736.941275982 -26603.3602119662 -26603.3602119662
0.0359621451104101 -27129.6016869353 -26997.02067002 -26997.02067002
0.0369085173501577 -27498.2828721134 -27366.7170879052 -27366.7170879052
0.0378548895899053 -27842.6589627665 -27712.1235587563 -27712.1235587563
0.038801261829653 -28162.4255728546 -28032.9356221777 -28032.9356221777
0.0397476340694006 -28457.3000680866 -28328.8705369232 -28328.8705369232
0.0406940063091482 -28727.0218157345 -28599.6675341145 -28599.6675341145
0.0416403785488959 -28971.3524150007 -28845.0880504324 -28845.0880504324
0.0425867507886435 -29190.0759077346 -29064.9159410847 -29064.9159410847
0.0435331230283911 -29382.9989693134 -29258.9576729877 -29258.9576729877
0.0444794952681387 -29549.951079517 -29427.0424978356 -29427.0424978356
0.0454258675078864 -29690.7846732469 -29569.0226038014 -29569.0226038014
0.046372239747634 -29805.3752709556 -29684.7732483269 -29684.7732483269
0.0473186119873816 -29893.6215886714 -29774.1928687605 -29774.1928687605
0.0482649842271293 -29955.4456275204 -29837.2031739263 -29837.2031739263
0.0492113564668769 -29990.7927426685 -29873.7492130604 -29873.7492130604
0.0501577287066245 -29999.6316916202 -29883.7994264149 -29883.7994264149
0.0511041009463722 -29981.9546618337 -29867.3456726239 -29867.3456726239
0.0520504731861198 -29937.7772776256 -29824.4032371511 -29824.4032371511
0.0529968454258674 -29867.1385863613 -29755.0108191342 -29755.0108191342
0.0539432176656151 -29770.1010239419 -29659.2304972602 -29659.2304972602
0.0548895899053627 -29646.7503596183 -29537.1476757932 -29537.1476757932
0.0558359621451103 -29497.1956201822 -29388.8710087416 -29388.8710087416
0.056782334384858 -29321.5689935995 -29214.5323046245 -29214.5323046245
0.0577287066246056 -29120.0257121725 -29014.2864099287 -29014.2864099287
0.0586750788643532 -28892.7439153337 -28788.3110722722 -28788.3110722722
0.0596214511041009 -28639.9244921926 -28536.8067836733 -28536.8067836733
0.0605678233438485 -28361.7909039741 -28259.9966034148 -28259.9966034148
0.0615141955835961 -28058.5889865068 -27958.125960798 -27958.125960798
0.0624605678233438 -27730.586732934 -27631.4624384373 -27631.4624384373
0.0634069400630914 -27378.074056841 -27280.2955356237 -27280.2955356237
0.064353312302839 -27001.3625360073 -26904.9364126336 -26904.9364126336
0.0652996845425867 -26600.7851370098 -26505.7176156122 -26505.7176156122
0.0662460567823343 -26176.6959209218 -26082.9927825901 -26082.9927825901
0.067192429022082 -25729.4697303666 -25637.1363308373 -25637.1363308373
0.0681388012618296 -25259.5018582023 -25168.5431259294 -25168.5431259294
0.0690851735015772 -24767.2076981324 -24677.6281327973 -24677.6281327973
0.0700315457413249 -24253.0223775481 -24164.8260488156 -24164.8260488156
0.0709779179810725 -23717.4003729302 -23630.5909191068 -23630.5909191068
0.0719242902208202 -23160.8151081468 -23075.3957357818 -23075.3957357818
0.0728706624605678 -22583.7585360061 -22499.7320194213 -22499.7320194213
0.0738170347003154 -21986.7407034296 -21904.1093843793 -21904.1093843793
0.0747634069400631 -21370.2893006344 -21289.055088681 -21289.055088681
0.0757097791798107 -20734.9491947194 -20655.1135673593 -20655.1135673593
0.0766561514195584 -20081.2819480702 -20002.8459515924 -20002.8459515924
0.077602523659306 -19409.865322007 -19332.8295721741 -19332.8295721741
0.0785488958990536 -18721.292766115 -18645.6574493318 -18645.6574493318
0.0794952681388013 -18016.1728937079 -17941.9377685764 -17941.9377685764
0.0804416403785489 -17295.1289438886 -17222.2933426845 -17222.2933426845
0.0813880126182965 -16558.7982306828 -16487.361061093 -16487.361061093
0.0823343848580442 -15807.8315797318 -15737.7913270052 -15737.7913270052
0.0832807570977918 -15042.8927530429 -14974.2474823142 -14974.2474823142
0.0842271293375395 -14264.6578623056 -14197.4052210817 -14197.4052210817
0.0851735015772871 -13473.8147712919 -13407.9519921648 -13407.9519921648
0.0861198738170347 -12671.0624878697 -12606.5863914449 -12606.5863914449
0.0870662460567824 -11857.1105461659 -11794.017544122 -11794.017544122
0.08801261829653 -11032.6783794257 -10970.9644779526 -10970.9644779526
0.0889589905362777 -10198.4946841219 -10138.1554873155 -10138.1554873155
0.0899053627760253 -9355.29677587763 -9296.327489689 -9296.327489689
0.0908517350157729 -8503.82993776945 -8446.22537372974 -8446.22537372974
0.0917981072555206 -7644.84676158947 -7588.60134084838 -7588.60134084838
0.0927444794952682 -6779.10648264665 -6724.21424034081 -6724.21424034081
0.0936908517350159 -5907.37430869637 -5853.82889860681 -5853.82889860681
0.0946372239747635 -5030.42074359108 -4978.2154424389 -4978.2154424389
0.0955835962145111 -4149.02090624975 -4098.14861861287 -4098.14861861287
0.0965299684542588 -3263.95384554828 -3214.4071087787 -3214.4071087787
0.0974763406940064 -2376.00185173628 -2327.77284127496 -2327.77284127496
0.0984227129337541 -1485.94976498879 -1439.0302992811 -1439.0302992811
0.0993690851735017 -594.584281704319 -548.965827952927 -548.965827952927
0.100315457413249 297.306740837906 341.63306115513 341.63306115513
0.101261829652997 1188.93498084667 1231.97838637984 1231.97838637984
0.102208201892745 2079.51234879815 2121.28239250368 2121.28239250368
0.103154574132492 2968.25168400998 3008.75824694505 3008.75824694505
0.10410094637224 3854.36745039428 3893.62073570759 3893.62073570759
0.105047318611988 4737.07643077487 4775.08695741068 4775.08695741068
0.105993690851735 5615.59841915464 5652.37701558799 5652.37701558799
0.106940063091483 6489.15691032165 6524.71470795153 6524.71470795153
0.10788643533123 7356.97978618404 7391.32821284396 7391.32821284396
0.108832807570978 8218.29999822729 8251.45077122546 8251.45077122546
0.109779179810726 9072.35624549066 9104.32136505517 9104.32136505517
0.110725552050473 9918.39364746337 9949.18538951925 9949.18538951925
0.111671924290221 10755.6644113061 10785.2953208906 10785.2953208906
0.112618296529969 11583.4284928075 11611.9113764839 11611.9113764839
0.113564668769716 12400.9542504926 12428.3021693184 12428.3021693184
0.114511041009464 13207.519092303 13233.7453546874 13233.7453546874
0.115457413249212 14002.4101142801 14027.5282684425 14027.5282684425
0.116403785488959 14784.9247306835 14808.948557185 14808.948557185
0.117350157728707 15554.3712949909 15577.3147993128 15577.3147993128
0.118296529968454 16310.0697112282 16331.9471162906 16331.9471162906
0.119242902208202 17051.3520350906 17072.1777732166 17072.1777732166
0.12018927444795 17777.5630643227 17797.3517698988 17797.3517698988
0.121135646687697 18488.0609178373 18506.8274194861 18506.8274194861
0.122082018927445 19182.2176030585 19199.9769156995 19199.9769156995
0.123028391167193 19859.4195709905 19876.1868882256 19876.1868882256
0.12397476340694 20519.0682585184 20534.8589443971 20534.8589443971
0.124921135646688 21160.5806174653 21175.410198941 21175.410198941
0.125867507886436 21783.389629934 21797.2737887569 21797.2737887569
0.126813880126183 22386.944809482 22399.8993739818 22399.8993739818
0.127760252365931 22970.7126876829 22982.7536250499 22982.7536250499
0.128706624605678 23534.1772856473 23545.3206940241 23545.3206940241
0.129652996845426 24076.840570084 24087.1026701107 24087.1026701107
0.130599369085174 24598.2228935008 24607.6200205766 24607.6200205766
0.131545741324921 25097.8634181533 25106.4120144064 25106.4120144064
0.132492113564669 25575.3205233687 25583.0371294044 25583.0371294044
0.133438485804417 26030.1721958844 26037.0734428181 26037.0734428181
0.134384858044164 26462.0164028553 26468.1190045092 26468.1190045092
0.135331230283912 26870.4714472017 26875.7921917586 26875.7921917586
0.13627760252366 27255.1763049823 27259.7320471208 27259.7320471208
0.137223974763407 27615.7909444949 27619.5985976242 27619.5985976242
0.138170347003155 27951.9966268225 27955.0731546618 27955.0731546618
0.139116719242903 28263.4961875595 28265.8585965656 28265.8585965656
0.14006309148265 28550.0142994679 28551.6796307926 28551.6796307926
0.141009463722398 28811.2977158332 28812.283037558 28812.283037558
0.141955835962145 29047.1154943031 29047.4378936286 29047.4378936286
0.142902208201893 29257.2592010119 29256.9357763307 29256.9357763307
0.143848580441641 29441.5430948108 29440.5909481776 29440.5909481776
0.144794952681388 29599.8042914395 29598.2405207399 29598.2405207399
0.145741324921136 29731.9029074968 29729.7445991216 29729.7445991216
0.146687697160884 29837.7221840791 29834.98640503 29834.98640503
0.147634069400631 29917.1685899821 29913.8723807931 29913.8723807931
0.148580441640379 29970.17190437 29966.332271169 29966.332271169
0.149526813880127 29996.6852788424 29992.3191866097 29992.3191866097
0.150473186119874 29996.6852788424 29991.8096435844 29991.8096435844
0.151419558359622 29970.17190437 29964.8035862314 29964.8035862314
0.152365930599369 29917.1685899821 29911.3243863835 29911.3243863835
0.153312302839117 29837.7221840791 29831.4188219982 29831.4188219982
0.154258675078865 29731.9029074967 29725.1570373488 29725.1570373488
0.155205047318612 29599.8042914394 29592.6324796319 29592.6324796319
0.15615141955836 29441.5430948106 29433.9618173496 29433.9618173496
0.157097791798108 29257.2592010118 29249.2848367559 29249.2848367559
0.158044164037855 29047.1154943029 29038.7643185094 29038.7643185094
0.158990536277603 28811.297715833 28802.5858935296 28802.5858935296
0.159936908517351 28550.0142994676 28540.9578791877 28540.9578791877
0.160883280757098 28263.4961875592 28254.1110952759 28254.1110952759
0.161829652996846 27951.9966268223 27942.2986596469 27942.2986596469
0.162776025236594 27615.7909444946 27605.7957649778 27605.7957649778
0.163722397476341 27255.176304982 27244.8994348651 27244.8994348651
0.164668769716089 26870.4714472014 26859.9282619804 26859.9282619804
0.165615141955836 26462.0164028549 26451.2221260566 26451.2221260566
0.166561514195584 26030.172195884 26019.1418934767 26019.1418934767
0.167507886435332 25575.3205233683 25564.0690985289 25564.0690985289
0.168454258675079 25097.8634181529 25086.4056058844 25086.4056058844
0.169400630914827 24598.2228935004 24586.5732555963 24586.5732555963
0.170347003154575 24076.8405700836 24065.0134902144 24065.0134902144
0.171293375394322 23534.1772856468 23522.1869643672 23522.1869643672
0.17223974763407 22970.7126876825 22958.5731378654 22958.5731378654
0.173186119873818 22386.9448094815 22374.6698516672 22374.6698516672
0.174132492113565 21783.3896299335 21770.9928878609 21770.9928878609
0.175078864353313 21160.5806174647 21148.0755138937 21148.0755138937
0.17602523659306 20519.0682585179 20506.4680112233 20506.4680112233
0.176971608832808 19859.4195709899 19846.7371882081 19846.7371882081
0.177917981072556 19182.217603058 19169.4658804062 19169.4658804062
0.178864353312303 18488.0609178367 18475.2524340364 18475.2524340364
0.179810725552051 17777.5630643221 17764.7101777022 17764.7101777022
0.180757097791799 17051.35203509 17038.4668804702 17038.4668804702
0.181703470031546 16310.0697112276 16297.1641962804 16297.1641962804
0.182649842271294 15554.3712949903 15541.4570977722 15541.4570977722
0.183596214511042 14784.9247306829 14772.0132956343 14772.0132956343
0.184542586750789 14002.4101142794 13989.51265047 13989.51265047
0.185488958990537 13207.5190923024 13194.646570084 13194.646570084
0.186435331230284 12400.9542504919 12388.1173994645 12388.1173994645
0.187381703470032 11583.4284928068 11570.6377990111 11570.6377990111
0.18832807570978 10755.6644113054 10742.9301154569 10742.9301154569
0.189274447949527 9918.39364746268 9905.72574265904 9905.72574265904
0.190220820189275 9072.35624548997 9059.7644753385 9059.7644753385
0.191167192429023 8218.29999822659 8205.7938550778 8205.7938550778
0.19211356466877 7356.97978618333 7344.5685097881 7344.5685097881
0.193059936908518 6489.15691032094 6476.84948610976 6476.84948610976
0.194006309148266 5615.59841915391 5603.40357710624 5603.40357710624
0.194952681388013 4737.07643077414 4725.00264430726 4725.00264430726
0.195899053627761 3854.36745039357 3842.42293518817 3842.42293518817
0.196845425867509 2968.25168400923 2956.44439759618 2956.44439759618
0.197791798107256 2079.51234879741 2067.84998937576 2067.84998937576
0.198738170347004 1188.93498084594 1177.42498706503 1177.42498706503
0.199684542586751 297.306740837185 285.956291504307 285.956291504307
0.200630914826499 -594.584281705054 -605.768268193263 -605.768268193263
0.201577287066247 -1485.94976498952 -1496.96063038778 -1496.96063038778
0.202523659305994 -2376.001851737 -2386.83319823487 -2386.83319823487
0.203470031545742 -3263.95384554903 -3274.59953510206 -3274.59953510206
0.20441640378549 -4149.02090625047 -4159.47506063554 -4159.47506063554
0.205362776025237 -5030.42074359179 -5040.67774383999 -5040.67774383999
0.206309148264985 -5907.3743086971 -5917.42879435218 -5917.42879435218
0.207255520504733 -6779.10648264737 -6788.9533509415 -6788.9533509415
0.20820189274448 -7644.84676159018 -7654.48116673835 -7654.48116673835
0.209148264984228 -8503.82993777014 -8513.24728986546 -8513.24728986546
0.210094637223975 -9355.29677587833 -9364.49273954536 -9364.49273954536
0.211041009463723 -10198.4946841226 -10207.4651774749 -10207.4651774749
0.211987381703471 -11032.6783794264 -11041.4195724693 -11041.4195724693
0.212933753943218 -11857.1105461666 -11865.6188592751 -11865.6188592751
0.213880126182966 -12671.0624878704 -12679.3345899121 -12679.3345899121
0.214826498422714 -13473.8147712926 -13481.847578183 -13481.847578183
0.215772870662461 -14264.6578623063 -14272.4485347868 -14272.4485347868
0.216719242902209 -15042.8927530436 -15050.4386946944 -15050.4386946944
0.217665615141957 -15807.8315797324 -15815.1304347315 -15815.1304347315
0.218611987381704 -16558.7982306834 -16565.8478816891 -16565.8478816891
0.219558359621452 -17295.1289438892 -17301.9275094793 -17301.9275094793
0.2205047318612 -18016.1728937085 -18022.7187259441 -18022.7187259441
0.221451104100947 -18721.2927661156 -18727.5844478001 -18727.5844478001
0.222397476340695 -19409.8653220076 -19415.9016641081 -19415.9016641081
0.223343848580442 -20081.2819480707 -20087.0619867798 -20087.0619867798
0.22429022082019 -20734.9491947199 -20740.4721886056 -20740.4721886056
0.225236593059938 -21370.2893006349 -21375.5547274766 -21375.5547274766
0.226182965299685 -21986.7407034301 -21991.7482572214 -21991.7482572214
0.227129337539433 -22583.7585360066 -22588.5081236027 -22588.5081236027
0.228075709779181 -23160.8151081473 -23165.3068461497 -23165.3068461497
0.229022082018928 -23717.4003729306 -23721.6345840243 -23721.6345840243
0.229968454258676 -24253.0223775486 -24256.9995872608 -24256.9995872608
0.230914826498424 -24767.2076981328 -24770.9286311366 -24770.9286311366
0.231861198738171 -25259.5018582027 -25262.9674346964 -25262.9674346964
0.232807570977919 -25729.4697303669 -25732.6810624251 -25732.6810624251
0.233753943217666 -26176.6959209222 -26179.6543085063 -26179.6543085063
0.234700315457414 -26600.7851370101 -26603.492064251 -26603.492064251
0.235646687697162 -27001.3625360076 -27003.8196673722 -27003.8196673722
0.236593059936909 -27378.0740568413 -27380.283232927 -27380.283232927
0.237539432176657 -27730.5867329343 -27732.5499665119 -27732.5499665119
0.238485804416405 -28058.588986507 -28060.3084584201 -28060.3084584201
0.239432176656152 -28361.7909039743 -28363.2689589369 -28363.2689589369
0.2403785488959 -28639.9244921928 -28641.1636346264 -28641.1636346264
0.241324921135648 -28892.7439153339 -28893.7468049916 -28893.7468049916
0.242271293375395 -29120.0257121727 -29120.7951599368 -29120.7951599368
0.243217665615143 -29321.5689935996 -29322.1079570977 -29322.1079570977
0.24416403785489 -29497.1956201823 -29497.5071993103 -29497.5071993103
0.245110410094638 -29646.7503596184 -29646.8377921756 -29646.8377921756
0.246056782334386 -29770.101023942 -29769.9676810735 -29769.9676810735
0.247003154574133 -29867.1385863614 -29866.7879682491 -29866.7879682491
0.247949526813881 -29937.7772776257 -29937.2130088534 -29937.2130088534
0.248895899053629 -29981.9546618338 -29981.180486624 -29981.180486624
0.249842271293376 -29999.6316916202 -29998.6514697128 -29998.6514697128
0.250788643533124 -29990.7927426684 -29989.6104443946 -29989.6104443946
0.251735015772872 -29955.4456275203 -29954.0653292256 -29954.0653292256
0.252681388012619 -29893.6215886713 -29892.0474682215 -29892.0474682215
0.253627760252367 -29805.3752709555 -29803.6116030477 -29803.6116030477
0.254574132492115 -29690.7846732467 -29688.8358247649 -29688.8358247649
0.255520504731862 -29549.9510795168 -29547.8215049678 -29547.8215049678
0.25646687697161 -29382.9989693132 -29380.6932059382 -29380.6932059382
0.257413249211357 -29190.0759077344 -29187.5985714049 -29187.5985714049
0.258359621451105 -28971.3524150005 -28968.7081949548 -28968.7081949548
0.259305993690853 -28727.0218157343 -28724.2154703949 -28724.2154703949
0.2602523659306 -28457.3000680863 -28454.3364203188 -28454.3364203188
0.261198738170348 -28162.4255728543 -28159.3095053964 -28159.3095053964
0.262145110410096 -27842.6589627662 -27839.3954136012 -27839.3954136012
0.263091482649843 -27498.282872113 -27494.8768298956 -27494.8768298956
0.264037854889591 -27129.6016869349 -27126.0581866373 -27126.0581866373
0.264984227129339 -26736.9412759816 -26733.2653941189 -26733.2653941189
0.265930599369086 -26320.6487026841 -26316.8455530973 -26316.8455530973
0.266876971608834 -25881.0919183939 -25877.166647611 -25877.166647611
0.267823343848581 -25418.6594371589 -25414.6172200143 -25414.6172200143
0.268769716088329 -24933.7599923252 -24929.6060277328 -24929.6060277328
0.269716088328077 -24426.8221752668 -24422.5616815744 -24422.5616815744
0.270662460567824 -23898.2940565641 -23893.9322676168 -23893.9322676168
0.271608832807572 -23348.642789964 -23344.1849505675 -23344.1849505675
0.27255520504732 -22778.3541994745 -22773.8055612562 -22773.8055612562
0.273501577287067 -22187.9323499551 -22183.2981672706 -22183.2981672706
0.274447949526815 -21577.8991015864 -21573.1846273678 -21573.1846273678
0.275394321766563 -20948.7936486094 -20944.0041302254 -20944.0041302254
0.27634069400631 -20301.1720427447 -20296.3127180777 -20296.3127180777
0.277287066246058 -19635.6067017108 -19630.6827952658 -19630.6827952658
0.278233438485806 -18952.6859032776 -18947.7026221132 -18947.7026221132
0.279179810725553 -18253.0132653016 -18247.9757952479 -18247.9757952479
0.280126182965301 -17537.2072122014 -17532.1207141815 -17532.1207141815
0.281072555205048 -16805.9004283472 -16800.7700347215 -16800.7700347215
0.282018927444796 -16059.739298846 -16054.5701094821 -16054.5701094821
0.282965299684544 -15299.3833382158 -15294.1804173102 -15294.1804173102
0.283911671924291 -14525.5046074572 -14520.2729795714 -14520.2729795714
0.284858044164039 -13738.7871200334 -13733.5317671871 -13733.5317671871
0.285804416403787 -12939.9262372869 -12934.6520951268 -12934.6520951268
0.286750788643534 -12129.6280538258 -12124.3400085973 -12124.3400085973
0.287697160883282 -11308.6087734232 -11303.3116588163 -11303.3116588163
0.28864353312303 -10477.5940759809 -10472.2926697529 -10472.2926697529
0.289589905362777 -9637.31847611803 -9632.01749724961 -9632.01749724961
0.290536277602525 -8788.52467395078 -8783.22877949833 -8783.22877949833
0.291482649842272 -7931.9628986367 -7926.67668114861 -7926.67668114861
0.29242902208202 -7068.39024526468 -7063.11822957065 -7063.11822957065
0.293375394321768 -6198.57000567608 -6193.31664651272 -6193.31664651272
0.294321766561515 -5323.270993809 -5318.04067291522 -5318.04067291522
0.295268138801263 -4443.26686616114 -4438.06388993025 -4438.06388993025
0.296214511041011 -3559.33543797296 -3554.16403470716 -3554.16403470716
0.297160883280758 -2672.25799573482 -2667.12231370916 -2667.12231370916
0.298107255520506 -1782.81860662591 -1886.26144156201 -1886.26144156201
0.299131500109122 -818.440305370318 485859.122586087 485859.122586087
0.300311489395474 0 113265.070515373 255319.494539038
0.301569351030694 0 1.63732464394156 0.409331160985391
0.302827212665914 0 1.61700626514419 0.404251566286047
0.304085074301134 0 1.59702262021356 0.39925565505339
0.305342935936354 0 1.57736689742437 0.394341724356091
0.306600797571574 0 1.55803248108264 0.389508120270659
0.307858659206794 0 1.53901272961728 0.38475318240432
0.309116520842015 0 1.52030127497595 0.380075318743986
0.310374382477235 0 1.50189198060369 0.375472995150922
0.311632244112455 0 1.48377868296884 0.370944670742209
0.312890105747675 0 1.4659555106778 0.36648887766945
0.314147967382895 0 1.44841661068073 0.362104152670183
0.315405829018115 0 1.43115641703934 0.357789104259836
0.316663690653335 0 1.41416932800415 0.353542332001037
0.317921552288555 0 1.39745010615829 0.349362526539573
0.319179413923776 0 1.38099334602772 0.345248336506931
0.320437275558996 0 1.3647939716298 0.341198492907451
0.321695137194216 0 1.34884700086296 0.33721175021574
0.322952998829436 0 1.33314747610463 0.333286869026158
0.324210860464656 0 1.31769068871236 0.329422672178091
0.325468722099876 0 1.30247190452347 0.325617976130867
0.326726583735096 0 1.2874865638434 0.32187164096085
0.327984445370316 0 1.27273027168935 0.318182567922337
0.329242307005537 0 1.25819857862912 0.31454964465728
0.330500168640757 0 1.24388730892217 0.310971827230542
0.331758030275977 0 1.22979222994961 0.307448057487402
0.333015891911197 0 1.21590932332949 0.303977330832372
0.334273753546417 0 1.20223457829907 0.300558644574769
0.335531615181637 0 1.18876417116264 0.29719104279066
0.336789476816857 0 1.17549420348991 0.293873550872478
0.338047338452077 0 1.16242102509328 0.290605256273319
0.339305200087298 0 1.14954097261152 0.287385243152879
0.340563061722518 0 1.13685054896733 0.284212637241833
0.341820923357738 0 1.12434619877505 0.281086549693761
0.343078784992958 0 1.11202457970555 0.278006144926387
0.344336646628178 0 1.09988233995524 0.27497058498881
0.345594508263398 0 1.08791623004053 0.271979057510132
0.346852369898618 0 1.07612311740678 0.269030779351696
0.348110231533838 0 1.06449975966473 0.266124939916183
0.349368093169059 0 1.05304323667912 0.263260809169781
0.350625954804279 0 1.04175053075437 0.260437632688592
0.351883816439499 0 1.03061871093809 0.257654677734522
0.353141678074719 0 1.01964493205572 0.254911233013931
0.354399539709939 0 1.00882639088739 0.252206597721848
0.355657401345159 0 0.998160384604107 0.249540096151027
0.356915262980379 0 0.987644165194467 0.246911041298617
0.358173124615599 0 0.977275184248432 0.244318796062108
0.35943098625082 0 0.96705082835389 0.241762707088473
0.36068884788604 0 0.956968616690311 0.239242154172578
0.36194670952126 0 0.947026051886961 0.23675651297174
0.36320457115648 0 0.937220771438345 0.234305192859586
0.3644624327917 0 0.927550352292724 0.231887588073181
0.36572029442692 0 0.918012560599863 0.229503140149966
0.36697815606214 0 0.90860505685223 0.227151264213057
0.36823601769736 0 0.899325672244481 0.22483141806112
0.369493879332581 0 0.890172176949478 0.222543044237369
0.370751740967801 0 0.881142511730216 0.220285627932554
0.372009602603021 0 0.872234601695719 0.21805865042393
0.373267464238241 0 0.863446309627104 0.215861577406776
0.374525325873461 0 0.854775709450596 0.213693927362649
0.375783187508681 0 0.846220798060965 0.211555199515241
0.377041049143901 0 0.837779671073109 0.209444917768277
0.378298910779121 0 0.829450425049617 0.207362606262404
0.379556772414342 0 0.821231236184362 0.205307809046091
0.380814634049562 0 0.813120309591284 0.203280077397821
0.382072495684782 0 0.805115842854906 0.201278960713727
0.383330357320002 0 0.797216040577104 0.199304010144276
0.384588218955222 0 0.78941932376675 0.197354830941688
0.385846080590442 0 0.781723924086904 0.195430981021726
0.387103942225662 0 0.774128158577103 0.193532039644276
0.388361803860882 0 0.766630504073505 0.191657626018376
0.389619665496103 0 0.759229416684676 0.189807354171169
0.390877527131323 0 0.751923273991004 0.187980818497751
0.392135388766543 0 0.744710548580171 0.186177637145043
0.393393250401763 0 0.73758979932376 0.18439744983094
0.394651112036983 0 0.730559551818912 0.182639887954728
0.395908973672203 0 0.72361833812644 0.18090458453161
0.397166835307423 0 0.716764788206713 0.179191197051678
0.398424696942643 0 0.709997557074217 0.177499389268554
0.399682558577864 0 0.703315159311785 0.175828789827946
0.400940420213084 0 0.696716431329959 0.17417910783249
0.402198281848304 0 0.690199965804162 0.172549991451041
0.403456143483524 0 0.683764533330743 0.170941133332686
0.404714005118744 0 0.677408818276353 0.169352204569088
0.405971866753964 0 0.671131656609686 0.167782914152421
0.407229728389184 0 0.664931839676448 0.166232959919112
0.408487590024404 0 0.658808113759746 0.164702028439936
0.409745451659625 0 0.652759339939748 0.163189834984937
0.411003313294845 0 0.646784436200181 0.161696109050045
0.412261174930065 0 0.640882209442687 0.160220552360672
0.413519036565285 0 0.635051545734528 0.158762886433632
0.414776898200505 0 0.629291418905296 0.157322854726324
0.416034759835725 0 0.623600807690356 0.155900201922589
0.417292621470945 0 0.617978502679485 0.154494625669871
0.418550483106165 0 0.612423631783366 0.153105907945842
0.419808344741386 0 0.606935122688973 0.151733780672243
0.421066206376606 0 0.601512027044435 0.150378006761109
0.422324068011826 0 0.596153339463159 0.14903833486579
0.423581929647046 0 0.590858085000429 0.147714521250107
0.424839791282266 0 0.585625387245918 0.14640634681148
0.426097652917486 0 0.580454301010253 0.145113575252563
0.427355514552706 0 0.575343895605381 0.143835973901345
0.428613376187926 0 0.570293300613184 0.142573325153296
0.429871237823147 0 0.565301678826277 0.141325419706569
0.431129099458367 0 0.560368107407958 0.140092026851989
0.432386961093587 0 0.555491799959912 0.138872949989978
0.433644822728807 0 0.55067189567679 0.137667973919197
0.434902684364027 0 0.545907642740724 0.136476910685181
0.436160545999247 0 0.541198095112757 0.135299523778189
0.437418407634467 0 0.536542635676271 0.134135658919068
0.438676269269688 0 0.531940400941183 0.132985100235296
0.439934130904908 0 0.527390639807818 0.131847659951955
0.441191992540128 0 0.522892640055871 0.130723160013968
0.442449854175348 0 0.518445635314346 0.129611408828586
0.443707715810568 0 0.514048873131426 0.128512218282856
0.444965577445788 0 0.509701772189215 0.127425443047304
0.446223439081008 0 0.505403466561926 0.126350866640482
0.447481300716228 0 0.501153392487511 0.125288348121878
0.448739162351449 0 0.496950867206845 0.124237716801711
0.449997023986669 0 0.4927951520031 0.123198788000775
0.451254885621889 0 0.488685640631306 0.122171410157826
0.452512747257109 0 0.484621759214882 0.121155439803721
0.453770608892329 0 0.48060273896302 0.120150684740755
0.455028470527549 0 0.476628071824535 0.119157017956134
0.456286332162769 0 0.47269712009942 0.118174280024855
0.457544193797989 0 0.468809264523175 0.117202316130794
0.45880205543321 0 0.464963889809296 0.116240972452324
0.46005991706843 0 0.46116056768169 0.115290141920423
0.46131777870365 0 0.457398500942867 0.114349625235717
0.46257564033887 0 0.453677280508311 0.113419320127078
0.46383350197409 0 0.449996310485281 0.11249907762132
0.46509136360931 0 0.446355059976101 0.111588764994025
0.46634922524453 0 0.442753026398334 0.110688256599584
0.46760708687975 0 0.439189590045924 0.109797397511481
0.468864948514971 0 0.435664299966072 0.108916074991518
0.470122810150191 0 0.432176673638399 0.1080441684096
0.471380671785411 0 0.42872613943249 0.107181534858122
0.472638533420631 0 0.425312230717442 0.10632805767936
0.473896395055851 0 0.421934527456503 0.105483631864126
0.475154256691071 0 0.418592471273445 0.104648117818361
0.476412118326291 0 0.415285611508479 0.10382140287712
0.477669979961511 0 0.412013455174253 0.103003363793563
0.478927841596732 0 0.408775640280139 0.102193910070035
0.480185703231952 0 0.405571658584794 0.101392914646199
0.481443564867172 0 0.402401027623089 0.100600256905772
0.482701426502392 0 0.399263372345673 0.0998158430864183
0.483959288137612 0 0.396158308659304 0.0990395771648259
0.485217149772832 0 0.393085289870772 0.098271322467693
0.486475011408052 0 0.390044010691839 0.0975110026729598
0.487732873043272 0 0.387034055503255 0.0967585138758137
0.488990734678493 0 0.384054905131615 0.0960137262829037
0.490248596313713 0 0.381106321789016 0.0952765804472539
0.491506457948933 0 0.378187833752706 0.0945469584381766
0.492764319584153 0 0.375299028890396 0.0938247572225989
0.494022181219373 0 0.372439650405624 0.0931099126014061
0.495280042854593 0 0.369609169993777 0.0924022924984442
0.496537904489813 0 -289.959449713354 -72.4898624283385
