0 146.447268413219
0.01 146.447268413219
0.02 146.906204543479
0.03 148.3712579964
0.04 151.261631259024
0.05 155.818244180637
0.06 162.071948056341
0.07 169.83411251352
0.08 178.710767036491
0.09 188.13902182601
0.1 197.442192034274
0.11 205.898109241428
0.12 212.813715780361
0.13 217.598341371239
0.14 219.82812959302
0.15 219.294910113845
0.16 216.034321546863
0.17 210.330031337627
0.18 202.693271624591
0.19 193.81937819686
0.2 184.525337694394
0.21 175.674284169149
0.22 168.094245150655
0.23 162.499080980718
0.24 159.419421310585
0.25 159.150488564972
0.26 161.72209587221
0.27 166.893970941716
0.28 174.17709562487
0.29 182.879204544009
0.3 185.235472732434
0.313333333333333 188.182763377252
0.326666666666667 191.009628774178
0.34 193.725523671199
0.353333333333333 196.338831417339
0.366666666666667 198.857019949841
0.38 201.286770390209
0.393333333333333 203.634083825109
0.406666666666667 205.904370567281
0.42 208.102525236358
0.433333333333333 210.232990279552
0.446666666666666 212.299810004288
0.46 214.306676774115
0.473333333333333 216.256970693393
0.486666666666666 218.153793851843
0.5 220
