0.000789473684210526 1 0.500000027727765 0.500000027727765
0.00157894736842105 1 0.749999973190067 0.749999973190067
0.00236842105263158 1 0.833333333945222 0.833333333945222
0.00315789473684211 1 0.875000116925169 0.875000116925169
0.00394736842105263 1 0.900000081830714 0.900000081830714
0.00473684210526316 1 0.916666546496951 0.916666546496951
0.00552631578947368 1 0.928571535438557 0.928571535438557
0.00631578947368421 1 0.93750000353844 0.93750000353844
0.00710526315789474 1 0.944444476551977 0.944444476551977
0.00789473684210526 1 0.949999986561226 0.949999986561226
0.00868421052631579 1 0.954545524062481 0.954545524062481
0.00947368421052631 1 0.958333255375187 0.958333255375187
0.0102631578947368 1 0.961538516614975 0.961538516614975
0.0110526315789474 1 0.96428574658877 0.96428574658877
0.0118421052631579 1 0.966666657952241 0.966666657952241
0.0126315789473684 1 0.968749972495666 0.968749972495666
0.0134210526315789 1 0.970588255588419 0.970588255588419
0.0142105263157895 1 0.97222222926957 0.97222222926957
0.015 1 0.973684245322047 0.973684245322047
0.0157894736842105 1 0.974999974267298 0.974999974267298
0.016578947368421 1 0.976190547697466 0.976190547697466
0.0173684210526316 1 0.977272809450369 0.977272809450369
0.0181578947368421 1 0.978260849465647 0.978260849465647
0.0189473684210526 1 0.979166682015973 0.979166682015973
0.0197368421052632 1 0.979999995977069 0.979999995977069
0.0205263157894737 1 0.980769265865555 0.980769265865555
0.0213157894736842 1 0.981481516487385 0.981481516487385
0.0221052631578947 1 0.982142801676999 0.982142801676999
0.0228947368421053 1 0.982758557255296 0.982758557255296
0.0236842105263158 1 0.983333323263111 0.983333323263111
0.0244736842105263 1 0.983871029658032 0.983871029658032
0.0252631578947368 1 0.984374897835414 0.984374897835414
0.0260526315789474 1 0.984848432370394 0.984848432370394
0.0268421052631579 1 0.985294019389414 0.985294019389414
0.0276315789473684 1 0.98571429477654 0.98571429477654
0.028421052631579 1 0.986111137295768 0.986111137295768
0.0292105263157895 1 0.986486567690524 0.986486567690524
0.03 1 0.986842140788566 0.986842140788566
0.0307894736842105 1 0.987179563555318 0.987179563555318
0.0315789473684211 1 0.987500031391792 0.987500031391792
0.0323684210526316 1 0.987804883334201 0.987804883334201
0.0331578947368421 1 0.98809516260185 0.98809516260185
0.0339473684210526 1 0.988372132987107 0.988372132987107
0.0347368421052632 1 0.988636282694934 0.988636282694934
0.0355263157894737 1 0.98888879476481 0.98888879476481
0.0363157894736842 1 0.989130512435884 0.989130512435884
0.0371052631578948 1 0.989361709936831 0.989361709936831
0.0378947368421053 1 0.989583425262055 0.989583425262055
0.0386842105263158 1 0.989795916488344 0.989795916488344
0.0394736842105263 1 0.990000033924485 0.990000033924485
0.0402631578947369 1 0.990196085953894 0.990196085953894
0.0410526315789474 1 0.990384569896903 0.990384569896903
0.0418421052631579 1 0.990566041904778 0.990566041904778
0.0426315789473685 1 0.990740707436307 0.990740707436307
0.043421052631579 1 0.990909062534923 0.990909062534923
0.0442105263157895 1 0.991071442002285 0.991071442002285
0.045 1 0.99122801914207 0.99122801914207
0.0457894736842106 1 0.991379403454201 0.991379403454201
0.0465789473684211 1 0.991525454368057 0.991525454368057
0.0473684210526316 1 0.991666742180534 0.991666742180534
0.0481578947368421 1 0.991803228283791 0.991803228283791
0.0489473684210527 1 0.991935452090171 0.991935452090171
0.0497368421052632 1 0.992063530430896 0.992063530430896
0.0505263157894737 1 0.992187427838088 0.992187427838088
0.0513157894736843 1 0.992307598957832 0.992307598957832
0.0521052631578948 1 0.992424261877011 0.992424261877011
0.0528947368421053 1 0.992537349417364 0.992537349417364
0.0536842105263158 1 0.99264701126892 0.99264701126892
0.0544736842105264 1 0.992753664033067 0.992753664033067
0.0552631578947369 1 0.992857123000541 0.992857123000541
0.0560526315789474 1 0.992957788377371 0.992957788377371
0.0568421052631579 1 0.993055597959012 0.993055597959012
0.0576315789473685 1 0.993150664109567 0.993150664109567
0.058421052631579 1 0.993243322665173 0.993243322665173
0.0592105263157895 1 0.993333401795472 0.993333401795472
0.0600000000000001 1 0.993421087921812 0.993421087921812
0.0607894736842106 1 0.993506471909245 0.993506471909245
0.0615789473684211 1 0.993589777643143 0.993589777643143
0.0623684210526316 1 0.993670905103715 0.993670905103715
0.0631578947368422 1 0.993749977302133 0.993749977302133
0.0639473684210527 1 0.993827205754953 0.993827205754953
0.0647368421052632 1 0.993902478848752 0.993902478848752
0.0655263157894737 1 0.993975908739574 0.993975908739574
0.0663157894736842 1 0.994047513212202 0.994047513212202
0.0671052631578948 1 0.994117673486298 0.994117673486298
0.0678947368421053 1 0.99418612948261 0.99418612948261
0.0686842105263158 1 0.994252752323539 0.994252752323539
0.0694736842105263 1 0.994318234108573 0.994318234108573
0.0702631578947368 1 0.994382079409179 0.994382079409179
0.0710526315789474 1 0.99444447223127 0.99444447223127
0.0718421052631579 1 0.994505412602594 0.994505412602594
0.0726315789473684 1 0.994565219013788 0.994565219013788
0.0734210526315789 1 0.994623706658352 0.994623706658352
0.0742105263157894 1 0.994680823996964 0.994680823996964
0.075 1 0.994736700224361 0.994736700224361
0.0757894736842105 1 0.994791738933777 0.994791738933777
0.076578947368421 1 0.994845429157605 0.994845429157605
0.0773684210526315 1 0.994897894537178 0.994897894537178
0.0781578947368421 1 0.994949487481069 0.994949487481069
0.0789473684210526 1 0.995000058142339 0.995000058142339
0.0797368421052631 1 0.995049545232131 0.995049545232131
0.0805263157894736 1 0.995098068692909 0.995098068692909
0.0813157894736841 1 0.995145610769047 0.995145610769047
0.0821052631578947 1 0.995192289656476 0.995192289656476
0.0828947368421052 1 0.995238131754827 0.995238131754827
0.0836842105263157 1 0.995283070835396 0.995283070835396
0.0844736842105262 1 0.995327038883354 0.995327038883354
0.0852631578947367 1 0.995370424302472 0.995370424302472
0.0860526315789473 1 0.995412885013665 0.995412885013665
0.0868421052631578 1 0.995454578686603 0.995454578686603
0.0876315789473683 1 0.995495526051995 0.995495526051995
0.0884210526315788 1 0.995535747100318 0.995535747100318
0.0892105263157893 1 0.995575261114212 0.995575261114212
0.0899999999999999 1 0.995613995097832 0.995613995097832
0.0907894736842104 1 0.995652241023379 0.995652241023379
0.0915789473684209 1 0.995689697219665 0.995689697219665
0.0923684210526314 1 0.995726470850862 0.995726470850862
0.0931578947368419 1 0.995762760901771 0.995762760901771
0.0939473684210525 1 0.995798355198546 0.995798355198546
0.094736842105263 1 0.995833268095033 0.995833268095033
0.0955263157894735 1 0.995867742417876 0.995867742417876
0.096315789473684 1 0.995901564497395 0.995901564497395
0.0971052631578945 1 0.995934930421644 0.995934930421644
0.0978947368421051 1 0.995967808383806 0.995967808383806
0.0986842105263156 1 0.99599998263682 0.99599998263682
0.0994736842105261 1 0.996031738837225 0.996031738837225
0.100263157894737 1 0.996063089732654 0.996063089732654
0.101052631578947 1 0.996093727218366 0.996093727218366
0.101842105263158 1 0.996124027037666 0.996124027037666
0.102631578947368 1 0.996153863862916 0.996153863862916
0.103421052631579 1 0.996183110971691 0.996183110971691
0.104210526315789 1 0.996212143811401 0.996212143811401
0.105 1 0.996240562120048 0.996240562120048
0.10578947368421 1 0.996268740380621 0.996268740380621
0.106578947368421 1 0.99629632317245 0.99629632317245
0.107368421052631 1 0.996323501340912 0.996323501340912
0.108157894736842 1 0.996350375281289 0.996350375281289
0.108947368421052 1 0.996376725419469 0.996376725419469
0.109736842105263 1 0.996402925244351 0.996402925244351
0.110526315789473 1 0.996428526852328 0.996428526852328
0.111315789473684 1 0.996453994130676 0.996453994130676
0.112105263157894 1 0.996478832962296 0.996478832962296
0.112894736842105 1 0.996503506482967 0.996503506482967
0.113684210526315 1 0.996527702887758 0.996527702887758
0.114473684210526 1 0.996551702823907 0.996551702823907
0.115263157894737 1 0.996575376804875 0.996575376804875
0.116052631578947 1 0.996598594214235 0.996598594214235
0.116842105263158 1 0.996621543629982 0.996621543629982
0.117631578947368 1 0.996644277426132 0.996644277426132
0.118421052631579 1 0.996666802347212 0.996666802347212
0.119210526315789 1 0.996688758942546 0.996688758942546
0.12 1 0.996710517237423 0.996710517237423
0.12078947368421 1 0.99673203775434 0.99673203775434
0.121578947368421 1 0.996753143313382 0.996753143313382
0.122368421052631 1 0.996774204400775 0.996774204400775
0.123157894736842 1 0.996794861740391 0.996794861740391
0.123947368421052 1 0.996815394039361 0.996815394039361
0.124736842105263 1 0.996835486917746 0.996835486917746
0.125526315789473 1 0.996855372800002 0.996855372800002
0.126315789473684 1 0.996875010963668 0.996875010963668
0.127105263157894 1 0.996894314539475 0.996894314539475
0.127894736842105 1 0.996913561922147 0.996913561922147
0.128684210526315 1 0.996932529917618 0.996932529917618
0.129473684210526 1 0.996951268264342 0.996951268264342
0.130263157894736 1 0.996969735398621 0.996969735398621
0.131052631578947 1 0.996987935122949 0.996987935122949
0.131842105263158 1 0.997005962624163 0.997005962624163
0.132631578947368 1 0.997023913536835 0.997023913536835
0.133421052631579 1 0.997041472306771 0.997041472306771
0.134210526315789 1 0.99705882450292 0.99705882450292
0.135 1 0.997075973749446 0.997075973749446
0.13578947368421 1 0.9970930607869 0.9970930607869
0.136578947368421 1 0.997109815460219 0.997109815460219
0.137368421052631 1 0.997126377550979 0.997126377550979
0.138157894736842 1 0.997142933286145 0.997142933286145
0.138947368421052 1 0.99715907534404 0.99715907534404
0.139736842105263 1 0.997175079962874 0.997175079962874
0.140526315789473 1 0.997190996212716 0.997190996212716
0.141315789473684 1 0.997206644699129 0.997206644699129
0.142105263157895 1 0.997222256496535 0.997222256496535
0.142894736842105 1 0.997237652328416 0.997237652328416
0.143684210526316 1 0.997252743299604 0.997252743299604
0.144473684210526 1 0.997267668594624 0.997267668594624
0.145263157894737 1 0.997282568089558 0.997282568089558
0.146052631578947 1 0.997297353712178 0.997297353712178
0.146842105263158 1 0.997311799661502 0.997311799661502
0.147631578947368 1 0.997326273269092 0.997326273269092
0.148421052631579 1 0.997340412195802 0.997340412195802
0.149210526315789 1 0.997354446502143 0.997354446502143
0.15 1 0.997368470242054 0.997368470242054
0.15078947368421 1 0.997382212124068 0.997382212124068
0.151578947368421 1 0.997395902300997 0.997395902300997
0.152368421052631 1 0.997409406309325 0.997409406309325
0.153157894736842 1 0.997422680369036 0.997422680369036
0.153947368421053 1 0.997435817583047 0.997435817583047
0.154736842105263 1 0.997448957197959 0.997448957197959
0.155526315789474 1 0.997461919087912 0.997461919087912
0.156315789473684 1 0.997474796456727 0.997474796456727
0.157105263157895 1 0.997487500064131 0.997487500064131
0.157894736842105 1 0.997499940174204 0.997499940174204
0.158684210526316 1 0.997512392284412 0.997512392284412
0.159473684210526 1 0.997524767497514 0.997524767497514
0.160263157894737 1 0.997537022135206 0.997537022135206
0.161052631578947 1 0.997549020832052 0.997549020832052
0.161842105263158 1 0.997560993225763 0.997560993225763
0.162631578947368 1 0.997572804334896 0.997572804334896
0.163421052631579 1 0.997584592749545 0.997584592749545
0.164210526315789 1 0.997596177708009 0.997596177708009
0.165 1 0.997607697515869 0.997607697515869
0.165789473684211 1 0.997619016843385 0.997619016843385
0.166578947368421 1 0.997630365357757 0.997630365357757
0.167368421052632 1 0.997641562392581 0.997641562392581
0.168157894736842 1 0.997652517808985 0.997652517808985
0.168947368421053 1 0.997663552390101 0.997663552390101
0.169736842105263 1 0.997674439889513 0.997674439889513
0.170526315789474 1 0.997685227212016 0.997685227212016
0.171315789473684 1 0.997695824330455 0.997695824330455
0.172105263157895 1 0.997706460716918 0.997706460716918
0.172894736842105 1 0.997716955511702 0.997716955511702
0.173684210526316 1 0.997727264111628 0.997727264111628
0.174473684210526 1 0.997737570210565 0.997737570210565
0.175263157894737 1 0.997747738374144 0.997747738374144
0.176052631578947 1 0.997757861046827 0.997757861046827
0.176842105263158 1 0.997767848246298 0.997767848246298
0.177631578947369 1 0.997777838075534 0.997777838075534
0.178421052631579 1 0.997787603603939 0.997787603603939
0.17921052631579 1 0.997797419594348 0.997797419594348
0.18 1 0.997807013576399 0.997807013576399
0.180789473684211 1 0.997816568871465 0.997816568871465
0.181578947368421 1 0.997826041076953 0.997826041076953
0.182368421052632 1 0.997835522671616 0.997835522671616
0.183157894736842 1 0.997844832308964 0.997844832308964
0.183947368421053 1 0.997854016336427 0.997854016336427
0.184736842105263 1 0.997863258378711 0.997863258378711
0.185526315789474 1 0.997872377231597 0.997872377231597
0.186315789473684 1 0.99788146508331 0.99788146508331
0.187105263157895 1 0.997890248912573 0.997890248912573
0.187894736842106 1 0.997899277081615 0.997899277081615
0.188684210526316 1 0.997907957812062 0.997907957812062
0.189473684210527 1 0.997916656455144 0.997916656455144
0.190263157894737 1 0.997925328605997 0.997925328605997
0.191052631578948 1 0.997933883956178 0.997933883956178
0.191842105263158 1 0.997942460281761 0.997942460281761
0.192631578947369 1 0.997950830347388 0.997950830347388
0.193421052631579 1 0.997959131527645 0.997959131527645
0.19421052631579 1 0.997967501743649 0.997967501743649
0.195 1 0.99797571390571 0.99797571390571
0.195789473684211 1 0.997983814147566 0.997983814147566
0.196578947368421 1 0.997992031548388 0.997992031548388
0.197368421052632 1 0.997999956390302 0.997999956390302
0.198157894736842 1 0.998007999763659 0.998007999763659
0.198947368421053 1 0.998015843311773 0.998015843311773
0.199736842105264 1 0.99802376138841 0.99802376138841
0.200526315789474 1 0.998031526813487 0.998031526813487
0.201315789473685 1 0.998039231333353 0.998039231333353
0.202105263157895 1 0.998046829971439 0.998046829971439
0.202894736842106 1 0.998054460323463 0.998054460323463
0.203684210526316 1 0.998061986366232 0.998061986366232
0.204473684210527 1 0.998069499982011 0.998069499982011
0.205263157894737 1 0.99807686494932 0.99807686494932
0.206052631578948 1 0.998084310021262 0.998084310021262
0.206842105263158 1 0.998091607928663 0.998091607928663
0.207631578947369 1 0.998098804650984 0.998098804650984
0.208421052631579 1 0.998106083396716 0.998106083396716
0.20921052631579 1 0.998113216866826 0.998113216866826
0.21 1 0.998120296701777 0.998120296701777
0.210789473684211 1 0.998127414877217 0.998127414877217
0.211578947368422 1 0.998134343894404 0.998134343894404
0.212368421052632 1 0.998141175200438 0.998141175200438
0.213157894736843 1 0.998148091947269 0.998148091947269
0.213947368421053 1 0.998154958152877 0.998154958152877
0.214736842105264 1 0.998161683004797 0.998161683004797
0.215526315789474 1 0.998168586512249 0.998168586512249
0.216315789473685 1 0.99817521320483 0.99817521320483
0.217105263157895 1 0.998181791205892 0.998181791205892
0.217894736842106 1 0.998188412411895 0.998188412411895
0.218684210526316 1 0.998194940621898 0.998194940621898
0.219473684210527 1 0.998201421866314 0.998201421866314
0.220263157894737 1 0.998207993698609 0.998207993698609
0.221052631578948 1 0.998214291642469 0.998214291642469
0.221842105263158 1 0.998220635151916 0.998220635151916
0.222631578947369 1 0.998226933671831 0.998226933671831
0.22342105263158 1 0.998233141997683 0.998233141997683
0.22421052631579 1 0.998239443165186 0.998239443165186
0.225000000000001 1 0.998245609711961 0.998245609711961
0.225789473684211 1 0.998251733135945 0.998251733135945
0.226578947368422 1 0.998257905249067 0.998257905249067
0.227368421052632 1 0.998263898409556 0.998263898409556
0.228157894736843 1 0.998269895301545 0.998269895301545
0.228947368421053 1 0.998275942194944 0.998275942194944
0.229736842105264 1 0.998281857110434 0.998281857110434
0.230526315789474 1 0.998287731512718 0.998287731512718
0.231315789473685 1 0.998293520137908 0.998293520137908
0.232105263157895 1 0.998299314597893 0.998299314597893
0.232894736842106 1 0.998305024095127 0.998305024095127
0.233684210526316 1 0.998310785908632 0.998310785908632
0.234473684210527 1 0.998316509382701 0.998316509382701
0.235263157894738 1 0.998322149225653 0.998322149225653
0.236052631578948 1 0.998327797021263 0.998327797021263
0.236842105263159 1 0.99833340762085 0.99833340762085
0.237631578947369 1 0.998338844364867 0.998338844364867
0.23842105263158 1 0.998344335551 0.998344335551
0.23921052631579 1 0.99834983616805 0.99834983616805
0.240000000000001 1 0.998355301046797 0.998355301046797
0.240789473684211 1 0.998360684863037 0.998360684863037
0.241578947368422 1 0.998365942139753 0.998365942139753
0.242368421052632 1 0.998371301301928 0.998371301301928
0.243157894736843 1 0.998376671783497 0.998376671783497
0.243947368421053 1 0.998381825690837 0.998381825690837
0.244736842105264 1 0.998387082488328 0.998387082488328
0.245526315789475 1 0.998392351594336 0.998392351594336
0.246315789473685 1 0.998397450778511 0.998397450778511
0.247105263157896 1 0.998402516943051 0.998402516943051
0.247894736842106 1 0.998407687424255 0.998407687424255
0.248684210526317 1 0.998412688925389 0.998412688925389
0.249473684210527 1 0.99841774968487 0.99841774968487
0.250263157894738 1 0.998422778946865 0.998422778946865
0.251052631578948 1 0.99842768566298 0.99842768566298
0.251842105263159 1 0.998432606859586 0.998432606859586
0.252631578947369 1 0.998437405954227 0.998437405954227
0.25342105263158 1 0.998442311311708 0.998442311311708
0.25421052631579 1 0.998447277969874 0.998447277969874
0.255000000000001 1 0.998452078130285 0.998452078130285
0.255789473684211 1 0.998456757317366 0.998456757317366
0.256578947368422 1 0.998461452538605 0.998461452538605
0.257368421052632 1 0.998466255548335 0.998466255548335
0.258157894736843 1 0.998471030018444 0.998471030018444
0.258947368421053 1 0.998475593527911 0.998475593527911
0.259736842105264 1 0.998480219804643 0.998480219804643
0.260526315789474 1 0.998484818043544 0.998484818043544
0.261315789473685 1 0.998489479838155 0.998489479838155
0.262105263157895 1 0.998494023034543 0.998494023034543
0.262894736842106 1 0.998498447605208 0.998498447605208
0.263684210526316 1 0.998502936201095 0.998502936201095
0.264473684210527 1 0.998507489337413 0.998507489337413
0.265263157894737 1 0.998511924848432 0.998511924848432
0.266052631578948 1 0.998516334035765 0.998516334035765
0.266842105263158 1 0.998520808470398 0.998520808470398
0.267631578947369 1 0.998524983304248 0.998524983304248
0.268421052631579 1 0.998529497315905 0.998529497315905
0.26921052631579 1 0.998533758117372 0.998533758117372
0.27 1 0.998537993602053 0.998537993602053
0.270789473684211 1 0.998542249658545 0.998542249658545
0.271578947368421 1 0.998546480970636 0.998546480970636
0.272368421052632 1 0.998550779087588 0.998550779087588
0.273157894736842 1 0.998554916149972 0.998554916149972
0.273947368421053 1 0.998559120306724 0.998559120306724
0.274736842105263 1 0.998563118028616 0.998563118028616
0.275526315789474 1 0.998567365663162 0.998567365663162
0.276315789473684 1 0.998571498865828 0.998571498865828
0.277105263157895 1 0.998575471909105 0.998575471909105
0.277894736842105 1 0.998579512932707 0.998579512932707
0.278684210526316 1 0.99858353106091 0.99858353106091
0.279473684210526 1 0.998587572153402 0.998587572153402
0.280263157894737 1 0.998591590864409 0.998591590864409
0.281052631578947 1 0.998595587382771 0.998595587382771
0.281842105263158 1 0.998599379235132 0.998599379235132
0.282631578947368 1 0.998603331416585 0.998603331416585
0.283421052631579 1 0.998607307625852 0.998607307625852
0.284210526315789 1 0.998611034183272 0.998611034183272
0.285 1 0.99861492161478 0.99861492161478
0.28578947368421 1 0.998618742282805 0.998618742282805
0.286578947368421 1 0.998622587564033 0.998622587564033
0.287368421052631 1 0.998626457756975 0.998626457756975
0.288157894736842 1 0.998630170502317 0.998630170502317
0.288947368421053 1 0.998633862585814 0.998633862585814
0.289736842105263 1 0.998637488512821 0.998637488512821
0.290526315789474 1 0.998641367968452 0.998641367968452
0.291315789473684 1 0.998644953903019 0.998644953903019
0.292105263157895 1 0.998648611040112 0.998648611040112
0.292894736842105 1 0.99865224846203 0.99865224846203
0.293684210526316 1 0.998655957652822 0.998655957652822
0.294473684210526 1 0.998659556364155 0.998659556364155
0.295263157894737 1 0.998663181493241 0.998663181493241
0.296052631578947 1 0.99866660500553 0.99866660500553
0.296842105263158 1 0.998670237524751 0.998670237524751
0.297631578947368 1 0.998673760175825 0.998673760175825
0.298421052631579 1 0.998677264188715 0.998677264188715
0.299144736842105 1 0.998636470458798 0.998636470458798
0.299736842105263 1 0.999122045439119 0.999122045439119
0.300263157894737 1 0.999123681574586 0.999123681574586
0.30078947368421 1 0.99912520175187 0.99912520175187
0.301315789473684 1 0.999126503169672 0.999126503169672
0.301842105263158 1 0.999128099000292 0.999128099000292
0.302368421052631 1 0.999129887157703 0.999129887157703
0.302894736842105 1 0.999131354608124 0.999131354608124
0.303421052631579 1 0.999132808958748 0.999132808958748
0.303947368421052 1 0.99913414758651 0.99913414758651
0.304473684210526 1 0.999135575764104 0.999135575764104
0.305 1 0.999137196427141 0.999137196427141
0.305526315789474 1 0.999138804613271 0.999138804613271
0.306052631578947 1 0.999140195005766 0.999140195005766
0.306578947368421 1 0.999141470007532 0.999141470007532
0.307105263157895 1 0.999143142960021 0.999143142960021
0.307631578947368 1 0.999144598488404 0.999144598488404
0.308157894736842 1 0.999146144374871 0.999146144374871
0.308684210526316 1 0.999147472787384 0.999147472787384
0.30921052631579 1 0.999148686129087 0.999148686129087
0.309736842105263 1 0.999150400426372 0.999150400426372
0.310263157894737 1 0.999152000474554 0.999152000474554
0.310789473684211 1 0.999153486158962 0.999153486158962
0.311315789473684 1 0.999154549298568 0.999154549298568
0.311842105263158 1 0.999156113462697 0.999156113462697
0.312368421052632 1 0.999157152688189 0.999157152688189
0.312894736842106 1 0.999159001125017 0.999159001125017
0.313421052631579 1 0.999160427947714 0.999160427947714
0.313947368421053 1 0.999161843278185 0.999161843278185
0.314473684210527 1 0.999163144485816 0.999163144485816
0.315 1 0.999164536833181 0.999164536833181
0.315526315789474 1 0.999166123236648 0.999166123236648
0.316052631578948 1 0.999167493342512 0.999167493342512
0.316578947368421 1 0.999169057615543 0.999169057615543
0.317105263157895 1 0.999170097638618 0.999170097638618
0.317631578947369 1 0.999171331429264 0.999171331429264
0.318157894736843 1 0.999172862070858 0.999172862070858
0.318684210526316 1 0.999174279377731 0.999174279377731
0.31921052631579 1 0.99917578860763 0.99917578860763
0.319736842105264 1 0.999176671174544 0.999176671174544
0.320263157894737 1 0.999178466421354 0.999178466421354
0.320789473684211 1 0.999179532931412 0.999179532931412
0.321315789473685 1 0.999181101816763 0.999181101816763
0.321842105263159 1 0.999182455164635 0.999182455164635
0.322368421052632 1 0.99918359269069 0.99918359269069
0.322894736842106 1 0.999184924856247 0.999184924856247
0.32342105263158 1 0.99918634936105 0.99918634936105
0.323947368421053 1 0.999187763736059 0.999187763736059
0.324473684210527 1 0.999188962659359 0.999188962659359
0.325000000000001 1 0.999190151219397 0.999190151219397
0.325526315789474 1 0.99919153483699 0.99919153483699
0.326052631578948 1 0.999192908522237 0.999192908522237
0.326578947368422 1 0.999194272323077 0.999194272323077
0.327105263157896 1 0.999195626287306 0.999195626287306
0.327631578947369 1 0.999196559723155 0.999196559723155
0.328157894736843 1 0.999198098867544 0.999198098867544
0.328684210526317 1 0.999199628646795 0.999199628646795
0.32921052631579 1 0.999200532999423 0.999200532999423
0.329736842105264 1 0.999201837832433 0.999201837832433
0.330263157894738 1 0.999203338479043 0.999203338479043
0.330789473684212 1 0.999204213838571 0.999204213838571
0.331315789473685 1 0.999205695185649 0.999205695185649
0.331842105263159 1 0.999207167440008 0.999207167440008
0.332368421052633 1 0.999208322593983 0.999208322593983
0.332894736842106 1 0.999209365572037 0.999209365572037
0.33342105263158 1 0.999210809674227 0.999210809674227
0.333947368421054 1 0.999212039492012 0.999212039492012
0.334473684210528 1 0.999213362794603 0.999213362794603
0.335000000000001 1 0.999214574420191 0.999214574420191
0.335526315789475 1 0.999215674250616 0.999215674250616
0.336052631578949 1 0.999216662168298 0.999216662168298
0.336578947368422 1 0.999218154152101 0.999218154152101
0.337105263157896 1 0.999219432267575 0.999219432267575
0.33763157894737 1 0.999220701599999 0.999220701599999
0.338157894736843 1 0.999221756826026 0.999221756826026
0.338684210526317 1 0.999222905714507 0.999222905714507
0.339210526315791 1 0.999224148466214 0.999224148466214
0.339736842105265 1 0.99922548528079 0.99922548528079
0.340263157894738 1 0.999226710993081 0.999226710993081
0.340789473684212 1 0.99922762012077 0.99922762012077
0.341315789473686 1 0.999229033681722 0.999229033681722
0.341842105263159 1 0.999230336417201 0.999230336417201
0.342368421052633 1 0.999231220163772 0.999231220163772
0.342894736842107 1 0.999232505779872 0.999232505779872
0.343421052631581 1 0.999233783209732 0.999233783209732
0.343947368421054 1 0.99923474444839 0.99923474444839
0.344473684210528 1 0.999236107829217 0.999236107829217
0.345000000000002 1 0.999237463293577 0.999237463293577
0.345526315789475 1 0.999238194794636 0.999238194794636
0.346052631578949 1 0.999239533598903 0.999239533598903
0.346578947368423 1 0.99924065923686 0.99924065923686
0.347105263157897 1 0.999241776793964 0.999241776793964
0.34763157894737 1 0.999243091666964 0.999243091666964
0.348157894736844 1 0.999244193482114 0.999244193482114
0.348684210526318 1 0.999245492684537 0.999245492684537
0.349210526315791 1 0.999246270860986 0.999246270860986
0.349736842105265 1 0.999247656750888 0.999247656750888
0.350263157894739 1 0.999248829879313 0.999248829879313
0.350789473684212 1 0.999249789972354 0.999249789972354
0.351315789473686 1 0.999250947474651 0.999250947474651
0.35184210526316 1 0.999251892011778 0.999251892011778
0.352368421052634 1 0.999252931348958 0.999252931348958
0.352894736842107 1 0.999254168352972 0.999254168352972
0.353421052631581 1 0.999255500684392 0.999255500684392
0.353947368421055 1 0.999256620492237 0.999256620492237
0.354473684210528 1 0.999257527504386 0.999257527504386
0.355000000000002 1 0.999258529485769 0.999258529485769
0.355526315789476 1 0.999259934656977 0.999259934656977
0.35605263157895 1 0.999261127587542 0.999261127587542
0.356578947368423 1 0.999261902649623 0.999261902649623
0.357105263157897 1 0.999263080695019 0.999263080695019
0.357631578947371 1 0.999264148971232 0.999264148971232
0.358157894736844 1 0.99926551807019 0.99926551807019
0.358684210526318 1 0.999266367052969 0.999266367052969
0.359210526315792 1 0.999267105909354 0.999267105909354
0.359736842105266 1 0.99926865861918 0.99926865861918
0.360263157894739 1 0.999269486252209 0.999269486252209
0.360789473684213 1 0.999270819917314 0.999270819917314
0.361315789473687 1 0.999271838975559 0.999271838975559
0.36184210526316 1 0.999272543008751 0.999272543008751
0.362368421052634 1 0.999273650339593 0.999273650339593
0.362894736842108 1 0.999274853563789 0.999274853563789
0.363421052631581 1 0.999276050182485 0.999276050182485
0.363947368421055 1 0.999276932194731 0.999276932194731
0.364473684210529 1 0.999278012567614 0.999278012567614
0.365000000000003 1 0.999278880921327 0.999278880921327
0.365526315789476 1 0.999280153047342 0.999280153047342
0.36605263157895 1 0.999281213507439 0.999281213507439
0.366578947368424 1 0.999282164710925 0.999282164710925
0.367105263157897 1 0.999283211891234 0.999283211891234
0.367631578947371 1 0.999284047196121 0.999284047196121
0.368157894736845 1 0.999285286415172 0.999285286415172
0.368684210526319 1 0.999286314108521 0.999286314108521
0.369210526315792 1 0.999287232686034 0.999287232686034
0.369736842105266 1 0.999288247380413 0.999288247380413
0.37026315789474 1 0.999289153014429 0.999289153014429
0.370789473684213 1 0.999290257495586 0.999290257495586
0.371315789473687 1 0.999291355791681 0.999291355791681
0.371842105263161 1 0.999292345253849 0.999292345253849
0.372368421052635 1 0.999293123088684 0.999293123088684
0.372894736842108 1 0.999294305082494 0.999294305082494
0.373421052631582 1 0.999295481141306 0.999295481141306
0.373947368421056 1 0.999296343266596 0.999296343266596
0.374473684210529 1 0.999297199074859 0.999297199074859
0.375000000000003 1 0.999298151267136 0.999298151267136
0.375526315789477 1 0.999299097339173 0.999299097339173
0.37605263157895 1 0.999300242664869 0.999300242664869
0.376578947368424 1 0.999301382207973 0.999301382207973
0.377105263157898 1 0.999302207970646 0.999302207970646
0.377631578947372 1 0.999302924896676 0.999302924896676
0.378157894736845 1 0.999304354259533 0.999304354259533
0.378684210526319 1 0.999304956976309 0.999304956976309
0.379210526315793 1 0.999306066688556 0.999306066688556
0.379736842105266 1 0.99930717076502 0.99930717076502
0.38026315789474 1 0.999307858535459 0.999307858535459
0.380789473684214 1 0.999308848170152 0.999308848170152
0.381315789473688 1 0.999309934772064 0.999309934772064
0.381842105263161 1 0.999310810486741 0.999310810486741
0.382368421052635 1 0.9993118857472 0.9993118857472
0.382894736842109 1 0.999312647494268 0.999312647494268
0.383421052631582 1 0.999313711365807 0.999313711365807
0.383947368421056 1 0.999314461770824 0.999314461770824
0.38447368421053 1 0.999315514346854 0.999315514346854
0.385000000000004 1 0.999316561520362 0.999316561520362
0.385526315789477 1 0.999317500640932 0.999317500640932
0.386052631578951 1 0.999318126246489 0.999318126246489
0.386578947368425 1 0.999319361991084 0.999319361991084
0.387105263157898 1 0.999320182012908 0.999320182012908
0.387631578947372 1 0.999321304480615 0.999321304480615
0.388157894736846 1 0.999322113801648 0.999322113801648
0.388684210526319 1 0.999322814924712 0.999322814924712
0.389210526315793 1 0.999323921092344 0.999323921092344
0.389736842105267 1 0.999325022193978 0.999325022193978
0.390263157894741 1 0.999325604892396 0.999325604892396
0.390789473684214 1 0.999326489890028 0.999326489890028
0.391315789473688 1 0.999327574951861 0.999327574951861
0.391842105263162 1 0.999328347017712 0.999328347017712
0.392368421052635 1 0.999329216380384 0.999329216380384
0.392894736842109 1 0.99933049121199 0.99933049121199
0.393421052631583 1 0.999331042700253 0.999331042700253
0.393947368421057 1 0.9993317939445 0.9993317939445
0.39447368421053 1 0.999332847911014 0.999332847911014
0.395000000000004 1 0.99933399968887 0.99933399968887
0.395526315789478 1 0.99933473608061 0.99933473608061
0.396052631578951 1 0.999335467242728 0.999335467242728
0.396578947368425 1 0.999336603877998 0.999336603877998
0.397105263157899 1 0.999337119846217 0.999337119846217
0.397631578947372 1 0.999338349066309 0.999338349066309
0.398157894736846 1 0.999339163135189 0.999339163135189
0.39868421052632 1 0.999339869540196 0.999339869540196
0.399210526315794 1 0.999340776176161 0.999340776176161
0.399736842105267 1 0.99934167799295 0.99934167799295
0.400263157894741 1 0.999342575009704 0.999342575009704
0.400789473684215 1 0.999343467245202 0.999343467245202
0.401315789473688 1 0.99934425204867 0.99934425204867
0.401842105263162 1 0.999345031974331 0.999345031974331
0.402368421052636 1 0.999345909710668 0.999345909710668
0.40289473684211 1 0.999346988080012 0.999346988080012
0.403421052631583 1 0.999347651352042 0.999347651352042
0.403947368421057 1 0.999348515025754 0.999348515025754
0.404473684210531 1 0.999349271379409 0.999349271379409
0.405000000000004 1 0.999350330974286 0.999350330974286
0.405526315789478 1 0.999350975545047 0.999350975545047
0.406052631578952 1 0.999352025928477 0.999352025928477
0.406578947368426 1 0.999352866661149 0.999352866661149
0.407105263157899 1 0.999353497494882 0.999353497494882
0.407631578947373 1 0.999354534194691 0.999354534194691
0.408157894736847 1 0.999355361296102 0.999355361296102
0.40868421052632 1 0.999356081220388 0.999356081220388
0.409210526315794 1 0.99935679652146 0.99935679652146
0.409736842105268 1 0.999357609885467 0.999357609885467
0.410263157894741 1 0.999358316125202 0.999358316125202
0.410789473684215 1 0.999359531135058 0.999359531135058
0.411315789473689 1 0.999360228907737 0.999360228907737
0.411842105263163 1 0.99936092214336 0.99936092214336
0.412368421052636 1 0.999361816195125 0.999361816195125
0.41289473684211 1 0.999362603337967 0.999362603337967
0.413421052631584 1 0.99936359146082 0.99936359146082
0.413947368421057 1 0.999364472837976 0.999364472837976
0.414473684210531 1 0.99936535002232 0.99936535002232
0.415000000000005 1 0.999365915027632 0.999365915027632
0.415526315789479 1 0.999366578149924 0.999366578149924
0.416052631578952 1 0.999367339536139 0.999367339536139
0.416578947368426 1 0.999368404666597 0.999368404666597
0.4171052631579 1 0.999368952608369 0.999368952608369
0.417631578947373 1 0.999369701399763 0.999369701399763
0.418157894736847 1 0.999370753982571 0.999370753982571
0.418684210526321 1 0.999371494757588 0.999371494757588
0.419210526315795 1 0.99937233402061 0.99937233402061
0.419736842105268 1 0.999373066582437 0.999373066582437
0.420263157894742 1 0.999373692329848 0.999373692329848
0.420789473684216 1 0.999374621816591 0.999374621816591
0.421315789473689 1 0.999375547442932 0.999375547442932
0.421842105263163 1 0.999376263890689 0.999376263890689
0.422368421052637 1 0.999376770918888 0.999376770918888
0.42289473684211 1 0.999377684285309 0.999377684285309
0.423421052631584 1 0.999378593850598 0.999378593850598
0.423947368421058 1 0.999379396962975 0.999379396962975
0.424473684210532 1 0.999380196175401 0.999380196175401
0.425000000000005 1 0.999380683504783 0.999380683504783
0.425526315789479 1 0.999381474580348 0.999381474580348
0.426052631578953 1 0.999382364465962 0.999382364465962
0.426578947368426 1 0.999383250636646 0.999383250636646
0.4271052631579 1 0.999383927774835 0.999383927774835
0.427631578947374 1 0.999384703638757 0.999384703638757
0.428157894736848 1 0.99938527037241 0.99938527037241
0.428684210526321 1 0.999386038399861 0.999386038399861
0.429210526315795 1 0.999387007987004 0.999387007987004
0.429736842105269 1 0.99938776873787 0.99938776873787
0.430263157894742 1 0.999388320414648 0.999388320414648
0.430789473684216 1 0.99938897077608 0.99938897077608
0.43131578947369 1 0.999389925291529 0.999389925291529
0.431842105263164 1 0.999390568360248 0.999390568360248
0.432368421052637 1 0.999391515609632 0.999391515609632
0.432894736842111 1 0.999392151438805 0.999392151438805
0.433421052631585 1 0.99939278348103 0.99939278348103
0.433947368421058 1 0.999393719743985 0.999393719743985
0.434473684210532 1 0.999394344626355 0.999394344626355
0.435000000000006 1 0.999395068426575 0.999395068426575
0.435526315789479 1 0.99939568595314 0.99939568595314
0.436052631578953 1 0.999396402424207 0.999396402424207
0.436578947368427 1 0.999397217976577 0.999397217976577
0.437105263157901 1 0.999398030082428 0.999398030082428
0.437631578947374 1 0.999398838754256 0.999398838754256
0.438157894736848 1 0.999399541340322 0.999399541340322
0.438684210526322 1 0.999399932402345 0.999399932402345
0.439210526315795 1 0.999400935559332 0.999400935559332
0.439736842105269 1 0.999401730250679 0.999401730250679
0.440263157894743 1 0.999402213578947 0.999402213578947
0.440789473684217 1 0.999403001171221 0.999403001171221
0.44131578947369 1 0.999403682752937 0.999403682752937
0.441842105263164 1 0.999404360877656 0.999404360877656
0.442368421052638 1 0.999405138221006 0.999405138221006
0.442894736842111 1 0.999405912253762 0.999405912253762
0.443421052631585 1 0.99940658032433 0.99940658032433
0.443947368421059 1 0.99940714232314 0.99940714232314
0.444473684210533 1 0.999408008793378 0.999408008793378
0.445000000000006 1 0.999408769458863 0.999408769458863
0.44552631578948 1 0.99940942420962 0.99940942420962
0.446052631578954 1 0.99941007559933 0.99941007559933
0.446578947368427 1 0.999410620976927 0.999410620976927
0.447105263157901 1 0.999411265559312 0.999411265559312
0.447631578947375 1 0.999412112141679 0.999412112141679
0.448157894736848 1 0.999412955651192 0.999412955651192
0.448684210526322 1 0.9994134881109 0.9994134881109
0.449210526315796 1 0.99941411982159 0.99941411982159
0.44973684210527 1 0.999414953577391 0.999414953577391
0.450263157894743 1 0.999415476317678 0.999415476317678
0.450789473684217 1 0.999416406330067 0.999416406330067
0.451315789473691 1 0.999416922806681 0.999416922806681
0.451842105263164 1 0.999417538590915 0.999417538590915
0.452368421052638 1 0.999418356475816 0.999418356475816
0.452894736842112 1 0.999419171386584 0.999419171386584
0.453421052631586 1 0.999419572686014 0.999419572686014
0.453947368421059 1 0.999420175880451 0.999420175880451
0.454473684210533 1 0.999420878557197 0.999420878557197
0.455000000000007 1 0.999421578184167 0.999421578184167
0.45552631578948 1 0.999422172110171 0.999422172110171
0.456052631578954 1 0.999423070873947 0.999423070873947
0.456578947368428 1 0.999423658871422 0.999423658871422
0.457105263157902 1 0.99942403841996 0.99942403841996
0.457631578947375 1 0.99942492792424 0.99942492792424
0.458157894736849 1 0.999425814677719 0.999425814677719
0.458684210526323 1 0.99942639070604 0.99942639070604
0.459210526315796 1 0.999426963650073 0.999426963650073
0.45973684210527 1 0.999427636181396 0.999427636181396
0.460263157894744 1 0.999427997783657 0.999427997783657
0.460789473684217 1 0.999429074725536 0.999429074725536
0.461315789473691 1 0.999429635905599 0.999429635905599
0.461842105263165 1 0.999430194052676 0.999430194052676
0.462368421052639 1 0.999430749177237 0.999430749177237
0.462894736842112 1 0.999431506610881 0.999431506610881
0.463421052631586 1 0.999432158614738 0.999432158614738
0.46394736842106 1 0.999432807742491 0.999432807742491
0.464473684210533 1 0.999433454004029 0.999433454004029
0.465000000000007 1 0.999434200069466 0.999434200069466
0.465526315789481 1 0.99943453276238 0.99943453276238
0.466052631578955 1 0.999435375572199 0.999435375572199
0.466578947368428 1 0.999436113125855 0.999436113125855
0.467105263157902 1 0.999436745316826 0.999436745316826
0.467631578947376 1 0.99943737469895 0.99943737469895
0.468157894736849 1 0.999437795961722 0.999437795961722
0.468684210526323 1 0.999438522184314 0.999438522184314
0.469210526315797 1 0.999439348401856 0.999439348401856
0.469736842105271 1 0.999439761438705 0.999439761438705
0.470263157894744 1 0.999440274143885 0.999440274143885
0.470789473684218 1 0.999441297280719 0.999441297280719
0.471315789473692 1 0.999441702174593 0.999441702174593
0.471842105263165 1 0.999442206764726 0.999442206764726
0.472368421052639 1 0.999442913834628 0.999442913834628
0.472894736842113 1 0.999443720962427 0.999443720962427
0.473421052631586 1 0.999444114973543 0.999444114973543
0.47394736842106 1 0.999444814036735 0.999444814036735
0.474473684210534 1 0.999445510524667 0.999445510524667
0.475000000000008 1 0.999445999127579 0.999445999127579
0.475526315789481 1 0.999446690263746 0.999446690263746
0.476052631578955 1 0.999447070873566 0.999447070873566
0.476578947368429 1 0.999447756580218 0.999447756580218
0.477105263157902 1 0.999448439755282 0.999448439755282
0.477631578947376 1 0.999449120407238 0.999449120407238
0.47815789473685 1 0.999449798544305 0.999449798544305
0.478684210526324 1 0.99945016619856 0.99945016619856
0.479210526315797 1 0.999450941651649 0.999450941651649
0.479736842105271 1 0.999451509410613 0.999451509410613
0.480263157894745 1 0.999452177234419 0.999452177234419
0.480789473684218 1 0.999452534609708 0.999452534609708
0.481315789473692 1 0.999453402476253 0.999453402476253
0.481842105263166 1 0.999453960135365 0.999453960135365
0.482368421052639 1 0.99945441257585 0.99945441257585
0.482894736842113 1 0.999454965010896 0.999454965010896
0.483421052631587 1 0.999455720219061 0.999455720219061
0.483947368421061 1 0.999456267798685 0.999456267798685
0.484473684210534 1 0.999456710192952 0.999456710192952
0.485000000000008 1 0.999457355273001 0.999457355273001
0.485526315789482 1 0.999458100611431 0.999458100611431
0.486052631578955 1 0.999458433037458 0.999458433037458
0.486578947368429 1 0.999459070720202 0.999459070720202
0.487105263157903 1 0.999459808685019 0.999459808685019
0.487631578947377 1 0.99946033907683 0.99946033907683
0.48815789473685 1 0.999461072312888 0.999461072312888
0.488684210526324 1 0.999461392676036 0.999461392676036
0.489210526315798 1 0.999462223650701 0.999462223650701
0.489736842105271 1 0.99946274453603 0.99946274453603
0.490263157894745 1 0.999463365638599 0.999463365638599
0.490789473684219 1 0.999463676446678 0.999463676446678
0.491315789473693 1 0.999464497897032 0.999464497897032
0.491842105263166 1 0.999464906630932 0.999464906630932
0.49236842105264 1 0.999465826131902 0.999465826131902
0.492894736842114 1 0.999466127726216 0.999466127726216
0.493421052631587 1 0.999466734678495 0.999466734678495
0.493947368421061 1 0.999467339353335 0.999467339353335
0.494473684210535 1 0.999467839101139 0.999467839101139
0.495000000000008 1 0.999468439133959 0.999468439133959
0.495526315789482 1 0.999469036911403 0.999469036911403
0.496052631578956 1 0.999469529783794 0.999469529783794
0.49657894736843 1 0.999470020306398 0.999470020306398
0.497105263157903 1 0.999470611143473 0.999470611143473
0.497631578947377 1 0.999471302410687 0.999471302410687
0.498157894736851 1 0.999471888910291 0.999471888910291
