0 34708.4143081663
0.00079155672823219 34708.4143081663
0.00158311345646438 23138.942871902
0.00237467018469657 2313.89428675161
0.00316622691292876 -14213.9220505898
0.00395778364116095 -16013.6176072306
0.00474934036939314 -4384.04502066923
0.00554089709762533 9165.93910823672
0.00633245382585752 12965.4447925243
0.00712401055408971 4877.85146143237
0.0079155672823219 -6722.80966901777
0.00870712401055409 -11136.1038487073
0.00949868073878628 -4997.88632512119
0.0102902374670185 5247.3292153888
0.0110817941952507 9875.00173834748
0.0118733509234828 4989.55729613129
0.012664907651715 -4248.34755617436
0.0134564643799472 -8935.5074407227
0.0142480211081794 -4929.92260234834
0.0150395778364116 3522.58443586831
0.0158311345646438 8199.69049420124
0.016622691292876 4848.93944514281
0.0174142480211082 -2969.37009614576
0.0182058047493404 -7602.80112181076
0.0189973614775726 -4759.7872002757
0.0197889182058047 2532.69550809305
0.0205804749340369 7105.82438648217
0.0213720316622691 4668.70229348148
0.0221635883905013 -2178.72847925437
0.0229551451187335 -6683.61665748288
0.0237467018469657 -4578.74338122307
0.0245382585751979 1885.73830357517
0.0253298153034301 6319.1247517527
0.0261213720316623 4491.40916490215
0.0269129287598945 -1639.0849975546
0.0277044854881266 -6000.30838986977
0.0284960422163588 -4407.39480100586
0.029287598944591 1428.52157787356
0.0300791556728232 5718.38585054349
0.0308707124010554 4326.96872892887
0.0316622691292876 -1246.64785988487
0.0324538258575198 -5466.77785507552
0.033245382585752 -4250.16970296727
0.0340369393139842 1087.97808462041
0.0348284960422164 5240.44273663507
0.0356200527704485 4176.91359742671
0.0364116094986807 -948.354573877872
0.0372031662269129 -5035.4420727451
0.0379947229551451 -4107.05285862727
0.0387862796833773 824.565665916125
0.0395778364116095 4848.64775941253
0.0403693931398417 4040.41012617466
0.0411609498680739 -714.089133365339
0.0419525065963061 -4677.53906697078
0.0427440633245383 -3976.79739435253
0.0435356200527704 614.915267409297
0.0443271767810026 4520.05865434592
0.0451187335092348 3916.02684268645
0.045910290237467 -525.422096242265
0.0467018469656992 -4374.50830944981
0.0474934036939314 -3857.91683698445
0.0482849604221636 444.285549684424
0.0490765171503958 4239.47203128522
0.049868073878628 3802.29505008497
0.0506596306068602 -370.413642435704
0.0514511873350923 -4113.7583819775
0.0522427440633245 -3748.99990996621
0.0530343007915567 302.897443399953
0.0538258575197889 3996.35661364829
0.0546174142480211 3697.88103042494
0.0554089709762533 -240.974049525056
0.0562005277044855 -3886.40286706353
0.0569920844327177 -3648.79908427649
0.0577836411609499 183.998225688839
0.0585751978891821 3783.15378469804
0.0593667546174142 3601.62533353948
0.0601583113456464 -131.420454321444
0.0609498680738786 -3685.96571845269
0.0617414248021108 -3556.2410122402
0.062532981530343 82.7697285960722
0.0633245382585752 3594.27814917603
0.0641160949868074 3512.53661565491
0.0649076517150396 -37.6399614499522
0.0656992084432718 -3507.60037601436
0.066490765171504 -3470.41119285725
0.0672823218997361 -4.32088077578886
0.0680738786279683 3425.50070717519
0.0688654353562005 3429.7716352606
0.0696569920844327 43.4195072844906
0.0704485488126649 -3347.59764653326
0.0712401055408971 -3390.53201996968
0.0720316622691293 -79.9244029914299
0.0728232189973615 3273.55262191292
0.0736147757255937 3352.61297699285
0.0744063324538259 114.071612756703
0.075197889182058 -3203.06397854785
0.0759894459102902 -3315.94112446691
0.0767810026385224 -146.069519065409
0.0775725593667546 3135.86195253119
0.0783641160949868 3280.44853200505
0.079155672823219 176.102779690111
0.0799472295514512 -3071.70447370124
0.0807387862796834 -3246.07225094752
0.0815303430079156 -204.335626081949
0.0823218997361478 3010.37360763644
0.0831134564643799 3212.75386856372
0.0839050131926121 230.914607607296
0.0846965699208443 -2951.67255827702
0.0854881266490765 -3180.43912333468
0.0862796833773087 -255.970920745319
0.0870712401055409 2895.42309612833
0.0878627968337731 3149.07753764102
0.0886543535620053 279.622361345456
0.0894459102902375 -2841.46337627286
0.0902374670184697 -3118.62210479061
0.0910290237467018 -301.975002858246
0.091820580474934 2789.64604443611
0.0926121372031662 3089.02898687205
0.0934036939313984 323.124610587277
0.0941952506596306 -2739.83662143325
0.0949868073878628 -3060.25726069578
0.095778364116095 -343.157872947405
0.0965699208443272 2691.91208487922
0.0973614775725594 3032.26866875587
0.0981530343007916 362.153442551512
0.0989445910290237 -2645.75965487979
0.0997361477572559 -3005.02741294212
0.100527704485488 -380.182854460387
0.10131926121372 2601.27571571524
0.102110817941953 2978.49994842807
0.102902374670185 397.311303564589
0.103693931398417 -2558.36489078148
0.104485488126649 -2952.65481592383
0.105277044854881 -413.598339724494
0.106068601583113 2516.93921134847
0.106860158311346 2927.4624701681
0.107651715039578 429.098455639229
0.10844327176781 -2476.91740333794
0.109234828496042 -2902.8951432483
0.110026385224274 -443.861620391013
0.110817941952507 2438.22423836414
0.111609498680739 2878.92670100248
0.112401055408971 457.933729028387
0.113192612137203 -2400.78997789327
0.113984168865435 -2855.53253142181
0.114775725593668 -471.357017355562
0.1155672823219 2364.54986061712
0.116358839050132 2832.68942361709
0.117150395778364 484.170409200407
0.117941952506596 -2329.44366507492
0.118733509234828 -2810.37547653271
0.119525065963061 -496.409842767203
0.120316622691293 2295.41530027482
0.121108179419525 2788.56999621982
0.121899736147757 508.108541237137
0.122691292875989 -2262.41245855567
0.123482849604222 -2767.25342106175
0.124274406332454 -519.297272457698
0.125065963060686 2230.3862853009
0.125857519788918 2746.40723396077
0.12664907651715 530.004561421556
0.127440633245383 -2199.29110130036
0.128232189973615 -2726.013901044
0.129023746701847 -540.256899140883
0.129815303430079 2169.0841336945
0.130606860158311 2706.05679605411
0.131398416886544 550.078910589238
0.132189973614776 -2139.72529240752
0.132981530343008 -2686.52015011156
0.13377308707124 -559.493524440171
0.134564643799472 2111.17694895719
0.135356200527704 2667.38898613814
0.136147757255937 568.522106541799
0.136939313984169 -2083.40375535139
0.137730870712401 -2648.64907772982
0.138522427440633 -577.18459922578
0.139313984168865 2056.37246065473
0.140105540897098 2630.28689186712
0.14089709762533 585.499627861427
0.141688654353562 -2030.05176352332
0.142480211081794 -2612.28955533024
0.143271767810026 -593.484616293977
0.144063324538259 2004.41215880467
0.144854881266491 2594.64480428598
0.145646437994723 601.155872192344
0.146437994722955 -1979.42581693569
0.147229551451187 -2577.34095697582
0.14802110817942 -608.52868360692
0.148812664907652 1955.06645461925
0.149604221635884 2560.36686903517
0.150395778364116 615.617387478764
0.151187335092348 -1931.30923583718
0.15197889182058 -2543.71191142225
0.152770448548813 -622.435451148641
0.153562005277045 1908.1306619693
0.154353562005277 2527.36593053734
0.155145118733509 628.995527396077
0.155936675461741 -1885.50849032125
0.156728232189974 -2511.31923054932
0.157519788918206 -635.309523867125
0.158311345646438 1863.42164005116
0.15910290237467 2495.56253755159
0.159894459102902 641.388647262618
0.160686015831135 -1841.85012498394
0.161477572559367 -2480.08698559463
0.162269129287599 -647.24346300137
0.163060686015831 1820.7749724725
0.163852242744063 2464.88408425093
0.164643799472296 652.88393061035
0.165435356200528 -1800.17816793751
0.16622691292876 -2449.9457077835
0.167018469656992 -658.319455445635
0.167810026385224 1780.04258437623
0.168601583113456 2435.26406560134
0.169393139841689 663.558916904958
0.170184696569921 -1760.35193658189
0.170976253298153 -2420.83169409218
0.171767810026385 -668.610713650022
0.172559366754617 1741.09071946711
0.17335092348285 2406.64142953843
0.174142480211082 673.482785929451
0.174934036939314 -1722.2441703182
0.175725593667546 -2392.68640222195
0.176517150395778 -678.182655453705
0.177308707124011 1703.79821445467
0.178100263852243 2378.96001144232
0.178891820580475 682.7174428589
0.179683377308707 -1685.73943418766
0.180474934036939 -2365.45592156636
0.181266490765171 -687.093903158206
0.182058047493404 1668.05502061596
0.182849604221636 2352.16803884917
0.183641160949868 691.318439175961
0.1844327176781 -1650.73274820582
0.185224274406332 -2339.09050915402
0.186015831134565 -695.397133321395
0.186807387862797 1633.76093174441
0.187598944591029 2326.21769632477
0.188390501319261 699.335757664553
0.189182058047493 -1617.12840565491
0.189973614775726 -2313.54418134539
0.190765171503958 -703.13980263785
0.19155672823219 1600.82448530445
0.192348284960422 2301.06474205178
0.193139841688654 706.814484300416
0.193931398416887 -1584.83895032555
0.194722955145119 -2288.77435353617
0.195514511873351 -710.364770461699
0.196306068601583 1569.16200961622
0.197097625329815 2276.66816901894
0.197889182058047 713.795385581518
0.19868073878628 -1553.78428806537
0.199472295514512 -2264.74152133298
0.200263852242744 -717.110834721123
0.201055408970976 1538.69679469631
0.201846965699208 2252.9899048033
0.202638522427441 720.315406446763
0.203430079155673 -1523.89091229571
0.204221635883905 -2241.40897767089
0.205013192612137 -723.41319494238
0.205804749340369 1509.35836824369
0.206596306068602 2229.99454485058
0.207387862796834 726.408101220569
0.208179419525066 -1495.09122662897
0.208970976253298 -2218.74256117468
0.20976253298153 -729.303853673623
0.210554089709763 1481.08186138356
0.211345646437995 2207.64911491832
0.212137203166227 732.104007844061
0.212928759894459 -1467.32295053438
0.213720316622691 -2196.71043176036
0.214511873350923 -734.811965644175
0.215303430079156 1453.80745132186
0.216094986807388 2185.92285898124
0.21688654353562 737.430973896295
0.217678100263852 -1440.5285962939
0.218469656992084 -2175.28287005319
0.219261213720317 -739.964142413034
0.220052770448549 1427.47987013806
0.220844327176781 2164.787049429
0.221635883905013 742.414441483179
0.222427440633245 -1414.65500736931
0.223218997361478 -2154.4320976857
0.22401055408971 -744.784718973786
0.224802110817942 1402.04797064721
0.225593667546174 2144.21481683384
0.226385224274406 747.077696909441
0.227176781002639 -1389.65294984679
0.227968337730871 -2134.13211594928
0.228759894459103 -749.295987731857
0.229551451187335 1377.46434166651
0.230343007915567 2124.18099694197
0.231134564643799 751.442090097078
0.231926121372032 -1365.47674990314
0.232717678100264 -2114.35856061928
0.233509234828496 -753.518404407167
0.234300791556728 1353.68496618491
0.23509234828496 2104.66199286143
0.235883905013193 755.527227930768
0.236675461741425 -1342.08397129748
0.237467018469657 -2095.08857106711
0.238258575197889 -757.470769704016
0.239050131926121 1330.66891690086
0.239841688654354 2085.63565068979
0.240633245382586 759.351145063972
0.241424802110818 -1319.43512777539
0.24221635883905 -2076.30067202263
0.243007915567282 -761.17039000136
0.243799472295514 1308.37808440111
0.244591029023747 2067.08114705565
0.245382585751979 762.930455183132
0.246174142480211 -1297.49342601121
0.246965699208443 -2057.97466656271
0.247757255936675 -764.633219827518
0.248548812664908 1286.77693392939
0.24934036939314 2048.97888724435
0.250131926121372 766.280485280879
0.250923482849604 -1276.22453533394
0.251715039577836 -2040.0915390842
0.252506596306069 -767.873988475403
0.253298153034301 1265.83228726288
0.254089709762533 2031.31041274694
0.254881266490765 769.415395116097
0.255672823218997 -1255.59638100489
0.25646437994723 -2022.63336717531
0.257255936675462 -770.90631277291
0.258047493403694 1245.51312669428
0.258839050131926 2014.05831721634
0.259630606860158 772.348283725881
0.26042216358839 -1235.57895825618
0.261213720316623 -2005.58324143379
0.262005277044855 -773.742797736272
0.262796833773087 1225.79041852367
0.263588390501319 1997.20616993891
0.264379947229551 775.091284591248
0.265171503957784 -1216.14416467411
0.265963060686016 -1988.92519239608
0.266754617414248 -776.395126592511
0.26754617414248 1206.63695380958
0.268337730870712 1980.7384460373
0.269129287598945 777.655650836285
0.269920844327177 -1197.26564882944
0.270712401055409 -1972.64412384139
0.271503957783641 -778.874141452751
0.272295514511873 1188.02720442271
0.273087071240106 1964.64046271372
0.273878627968338 780.051831652339
0.27467018469657 -1178.91867332886
0.275461741424802 -1956.72575182165
0.276253298153034 -781.189915744871
0.277044854881266 1169.93719269722
0.277836411609499 1948.89832092313
0.278627968337731 782.289540979077
0.279419525065963 -1161.07999069399
0.280211081794195 -1941.15654884311
0.281002638522427 -783.351819366593
0.28179419525066 1152.34437318943
0.282585751978892 1933.4988519364
0.283377308707124 784.377819338156
0.284168865435356 -1143.72773067417
0.284960422163588 -1925.92369269141
0.285751978891821 -785.368577394368
0.286543535620053 1135.22752523954
0.287335092348285 1918.42956831446
0.288126649076517 786.325089599036
0.288918205804749 -1126.84129777089
0.289709762532982 -1911.01501944858
0.290501319261214 -787.248323075868
0.291292875989446 1118.56665519061
0.292084432717678 1903.67861886794
0.29287598944591 788.139207356865
0.293667546174142 -1110.40127789986
0.294459102902375 -1896.41898030079
0.295250659630607 -788.99864574171
0.296042216358839 1102.34290725746
0.296833773087071 1889.23474722371
0.297625329815303 789.827506516923
0.298416886543536 -1094.38935324483
0.299208443271768 -1882.12460177921
0.3 -790.626634192676
0.300527704485488 461.36662010306
0.301055408970976 1250.60618988611
0.301583113456464 790.047567227303
0.302110817941952 -458.372248340077
0.302638522427441 -1247.04102414065
0.303166226912929 -789.467333863628
0.303693931398417 455.404923139404
0.304221635883905 1243.50165385374
0.304749340369393 788.885993873553
0.305277044854881 -452.464273174917
0.305804749340369 -1239.98776978884
0.306332453825857 -788.303607568858
0.306860158311346 449.549931840265
0.307387862796834 1236.49906571748
0.307915567282322 787.720231391343
0.30844327176781 -446.661541544507
0.308970976253298 -1233.0352427649
0.309498680738786 -787.135922420163
0.310026385224274 443.798749093581
0.310554089709763 1229.5960048399
0.311081794195251 786.550733958802
0.311609498680739 -440.961209995062
0.312137203166227 -1226.18106298645
0.312664907651715 -785.964720039284
0.313192612137203 438.148583848545
0.313720316622691 1222.79013081935
0.314248021108179 785.377931006223
0.314775725593668 -435.360538658927
0.315303430079156 -1219.42292888131
0.315831134564644 -784.790418018124
0.316358839050132 432.596746235117
0.31688654353562 1216.07918008409
0.317414248021108 784.202228628714
0.317941952506596 -429.856886511301
0.318469656992084 -1212.7586140708
0.318997361477573 -783.613411285555
0.319525065963061 427.140642953441
0.320052770448549 1209.46096266211
0.320580474934037 783.024010908845
0.321108179419525 -424.447706888008
0.321635883905013 -1206.18596422348
0.322163588390501 -782.434073387525
0.322691292875989 421.77777291578
0.323218997361478 1202.93335911616
0.323746701846966 781.843641155741
0.324274406332454 -419.130543247565
0.324802110817942 -1199.702894069
0.32532981530343 -781.252757686614
0.325857519788918 416.505723124841
0.326385224274406 1196.494317634
0.326912928759894 780.661463066525
0.327440633245383 -413.903025162031
0.327968337730871 -1193.30738456242
0.328496042216359 -780.069798486719
0.329023746701847 411.322164773555
0.329551451187335 1190.1418512646
0.330079155672823 779.477801815559
0.330606860158311 -408.762864522249
0.331134564643799 -1186.99748019015
0.331662269129288 -778.885512088108
0.332189973614776 406.224849552435
0.332717678100264 1183.87403529175
0.333245382585752 778.292965076505
0.33377308707124 -403.707851944104
0.334300791556728 -1180.77128640922
0.334828496042216 -777.700197777654
0.335356200527704 401.211606151636
0.335883905013193 1177.68900473705
0.336411609498681 777.107243981851
0.336939313984169 -398.735853363393
0.337467018469657 -1174.6269672121
0.337994722955145 -776.514138758714
0.338522427440633 396.280336945753
0.339050131926121 1171.58495198472
0.339577836411609 775.92091402417
0.340105540897098 -393.844806807774
0.340633245382586 -1168.56274280979
0.341160949868074 -775.327603024752
0.341688654353562 391.429014850227
0.34221635883905 1165.56012452131
0.342744063324538 774.73423590306
0.343271767810026 -389.032719335034
0.343799472295514 -1162.57688742653
0.344327176781003 -774.140844180522
0.344854881266491 386.655680338994
0.345382585751979 1159.61282278378
0.345910290237467 773.547456321442
0.346437994722955 -384.297664127713
0.346965699208443 -1156.66772719967
0.347493403693931 -772.954102214318
0.34802110817942 381.958438613746
0.348548812664908 1153.74139810982
0.349076517150396 772.360808734575
0.349604221635884 -379.637777734755
0.350131926121372 -1150.833638179
0.35065963060686 -771.76760422454
0.351187335092348 377.335456915808
0.351715039577836 1147.94425078466
0.352242744063325 771.174514054935
0.352770448548813 -375.051257451518
0.353298153034301 -1145.07304441979
0.353825857519789 -770.581565103603
0.354353562005277 372.784961972259
0.354881266490765 1142.21982817913
0.355408970976253 769.988781315844
0.355936675461741 -370.53635883005
0.35646437994723 -1139.38441616456
0.356992084432718 -769.396188181971
0.357519788918206 368.305237568471
0.358047493403694 1136.56662297387
0.358575197889182 768.80380829656
0.35910290237467 -366.091393312073
0.359630606860158 -1133.76626810856
0.360158311345646 -768.21166583491
0.360686015831135 363.894622239778
0.361213720316623 1130.98317146503
0.361741424802111 767.61978211129
0.362269129287599 -361.714725977625
0.362796833773087 -1128.21715774463
0.363324538258575 -767.02818005436
0.363852242744063 359.55150707545
0.364379947229551 1125.46805194712
0.36490765171504 766.43687976448
0.365435356200528 -357.404773402775
0.365963060686016 -1122.73568378292
0.366490765171504 -765.845902988161
0.367018469656992 355.274333628598
0.36754617414248 1120.01988316873
0.368073878627968 765.255268674497
0.368601583113456 -353.160001620236
0.369129287598945 -1117.32048464177
0.369656992084433 -764.664997448704
0.370184696569921 351.061591926056
0.370712401055409 1114.63732285749
0.371240105540897 764.075107167726
0.371767810026385 -348.978924177116
0.372295514511873 -1111.97023700573
0.372823218997361 -763.485617392928
0.37335092348285 346.911818572663
0.373878627968338 1109.31906631036
0.374406332453826 762.896544944926
0.374934036939314 -344.860100284418
0.375461741424802 -1106.68365444732
0.37598944591029 -762.307908375475
0.376517150395778 342.823594944704
0.377044854881266 1104.06384504606
0.377572559366755 761.719723521581
0.378100263852243 -340.802133053219
0.378627968337731 -1101.45948610931
0.379155672823219 -761.132007976638
0.379683377308707 338.795545467647
0.380211081794195 1098.87042551629
0.380738786279683 760.544776643855
0.381266490765171 -336.803667812798
0.38179419525066 -1096.29651544414
0.382321899736148 -759.958046206688
0.382849604221636 334.826335973562
0.383377308707124 1093.73760787278
0.383905013192612 759.371830681638
0.3844327176781 -332.863390506283
0.384960422163588 -1091.19355900788
0.385488126649077 -758.786145888009
0.386015831134565 330.914672133936
0.386543535620053 1088.66422478733
0.387071240105541 758.201005000109
0.387598944591029 -328.98002615962
0.388126649076517 -1086.14946530567
0.388654353562005 -757.61642301639
0.389182058047493 327.059297963839
0.389709762532982 1083.64914032209
0.39023746701847 757.032412311081
0.390765171503958 -325.15233741999
0.391292875989446 -1081.16311368626
0.391820580474934 -756.448987102742
0.392348284960422 323.258994393653
0.39287598944591 1078.6912488477
0.393403693931398 755.866159005371
0.393931398416887 -321.379123159965
0.394459102902375 -1076.23341328305
0.394986807387863 -755.283941496401
0.395514511873351 319.512577904807
0.396042216358839 1073.78947400674
0.396569920844327 754.70234546732
0.397097625329815 -317.659217143976
0.397625329815303 -1071.35930199949
0.398153034300792 -754.121383691132
0.39868073878628 315.818899226166
0.399208443271768 1068.94276772036
0.399736147757256 753.541066372524
0.400263852242744 -313.991486753842
0.400791556728232 -1066.53974553643
0.40131926121372 -752.961405614828
0.401846965699208 312.176842087927
0.402374670184697 1064.15010923603
0.402902374670185 752.382410969757
0.403430079155673 -310.374831770294
0.403957783641161 -1061.77373645963
0.404485488126649 -751.804093903897
0.405013192612137 308.585322030067
0.405540897097625 1059.41050421421
0.406068601583113 751.226463348032
0.406596306068602 -306.808183207647
0.40712401055409 -1057.06029330527
0.407651715039578 -750.649530163202
0.408179419525066 305.043285262551
0.408707124010554 1054.72298385229
0.409234828496042 750.073302689639
0.40976253298153 -303.290502198893
0.410290237467018 -1052.39845972177
0.410817941952507 -749.49779121241
0.411345646437995 301.549707574681
0.411873350923483 1050.08660404382
0.412401055408971 748.923003509991
0.412928759894459 -299.82077892868
0.413456464379947 -1047.78730364613
0.413984168865435 -748.348949319519
0.414511873350923 298.103593291101
0.415039577836412 1045.50044457157
0.4155672823219 747.775635885025
0.416094986807388 -296.398031611774
0.416622691292876 -1043.22591651315
0.417150395778364 -747.203072422313
0.417678100263852 294.703974272155
0.41820580474934 1040.96360833256
0.418733509234828 746.631265666875
0.419261213720317 -293.021305514746
0.419788918205805 -1038.71341249603
0.420316622691293 -746.060224338417
0.420844327176781 291.349908956363
0.421372031662269 1036.4752205938
0.421899736147757 745.489954688476
0.422427440633245 -289.689672018735
0.422955145118733 -1034.24892777684
0.423482849604222 -744.920464964605
0.42401055408971 288.040481442973
0.424538258575198 1032.03442827718
0.425065963060686 744.351760957719
0.425593667546174 -286.402227721294
0.426121372031662 -1029.83161984548
0.42664907651715 -743.783850465958
0.427176781002639 284.774800612624
0.427704485488127 1027.64039927219
0.428232189973615 743.216738841763
0.428759894459103 -283.1580935754
0.429287598944591 -1025.46066682588
0.429815303430079 -742.650433455449
0.430343007915567 281.551999284255
0.430870712401055 1023.29232177524
0.431398416886544 742.084939242023
0.431926121372032 -279.956414063841
0.43245382585752 -1021.13526682811
0.432981530343008 -741.520263164478
0.433509234828496 278.371233406546
0.434036939313984 1018.9894036543
0.434564643799472 740.956409760372
0.43509234828496 -276.796356407285
0.435620052770449 -1016.85463732528
0.436147757255937 -740.393385604857
0.436675461741425 275.23168128221
0.437203166226913 1014.73087183776
0.437730870712401 739.831194857032
0.438258575197889 -273.677109804417
0.438786279683377 -1012.61801455408
0.439313984168865 -739.269843722717
0.439841688654354 272.1325428236
0.440369393139842 1010.51597172644
0.44089709762533 738.709336000604
0.441424802110818 -270.597884702639
0.441952506596306 -1008.42465293797
0.442480211081794 -738.149677544778
0.443007915567282 269.073038838146
0.44353562005277 1006.34396662765
0.444063324538259 737.590871810678
0.444591029023747 -267.557912097894
0.445118733509235 -1004.27382453194
0.445646437994723 -737.032924317387
0.446174142480211 266.052410342221
0.446701846965699 1002.21413721039
0.447229551451187 736.475838193406
0.447757255936675 -264.556442862254
0.448284960422164 -1000.16481848787
0.448812664907652 -735.919618638728
0.44934036939314 263.069917902131
0.449868073878628 998.125780980768
0.450395778364116 735.364268470434
0.450923482849604 -261.592747097988
0.451451187335092 -996.096940539775
0.45197889182058 -734.809792584561
0.452506596306069 260.124841000961
0.453034300791557 994.078211776688
0.453562005277045 734.256193501532
0.454089709762533 -258.666113516896
0.454617414248021 -992.069512507756
0.455145118733509 -733.703475827831
0.455672823218997 257.2164774301
0.456200527704485 990.070759281012
0.456728232189974 733.15164180127
0.457255936675462 -255.775848843746
0.45778364116095 -988.081871820156
0.458311345646438 -732.600695752483
0.458839050131926 254.344142704328
0.459366754617414 986.102768552423
0.459894459102902 732.050639650045
0.46042216358839 -252.921277242735
0.460949868073879 -984.133371052956
0.461477572559367 -731.501477561783
0.462005277044855 251.507169499384
0.462532981530343 982.173599573196
0.463060686015831 730.953211199763
0.463588390501319 -250.101739765924
0.464116094986807 -980.223377485731
0.464643799472296 -730.405844381425
0.465171503957784 248.704907111022
0.465699208443272 978.282626813175
0.46622691292876 729.859378574447
0.466754617414248 -247.316593822667
0.467282321899736 -976.351272673475
0.467810026385224 -729.313817357712
0.468337730870712 245.936720934584
0.468865435356201 974.429238809267
0.469393139841689 728.769161966048
0.469920844327177 -244.565212669108
0.470448548812665 -972.516452033611
0.470976253298153 -728.225415751048
0.471503957783641 243.201991964196
0.472031662269129 970.612837759809
0.472559366754617 727.682579725689
0.473087071240106 -241.846984916851
0.473614775725594 -968.718324447555
0.474142480211082 -727.140657025004
0.47467018469657 240.500116310703
0.475197889182058 966.832839133188
0.475725593667546 726.599648450596
0.476253298153034 -239.161314059962
0.476781002638522 -964.956311876239
0.477308707124011 -726.059556931166
0.477836411609499 237.830504737542
0.478364116094987 963.088671290111
0.478891820580475 725.520383066924
0.479419525065963 -236.507618019515
0.479947229551451 -961.229848989002
0.480474934036939 -724.982129589986
0.481002638522427 235.192582213765
0.481530343007916 959.379775118988
0.482058047493404 724.444796908685
0.482585751978892 -233.885328704913
0.48311345646438 -957.538382805316
0.483641160949868 -723.908387567844
0.484168865435356 232.585787483476
0.484696569920844 955.705603683872
0.485224274406332 723.372901792992
0.485751978891821 -231.293891591254
0.486279683377309 -953.881372348821
0.486807387862797 -722.838341950514
0.487335092348285 230.009572650967
0.487862796833773 952.065621884453
0.488390501319261 722.304708091785
0.488918205804749 -228.732765312083
0.489445910290237 -950.258288313156
0.489973614775726 -721.7720024132
0.490501319261214 227.46340278091
0.491029023746702 948.459306127623
0.49155672823219 721.240224800227
0.492084432717678 -226.20142126685
0.492612137203166 -946.668612739142
0.493139841688654 -720.709377287329
0.493667546174142 224.946755512931
0.494195250659631 944.88614401015
0.494722955145119 720.179459601935
0.495250659630607 -223.699343242462
0.495778364116095 -943.111838702833
0.496306068601583 -719.650473624258
0.496833773087071 222.459120689994
0.497361477572559 941.345634012007
0.497889182058047 719.122418931197
0.498416886543536 -221.22602704835
0.498944591029024 -939.58747001402
0.499472295514512 -718.595297256046
0.5 220
