0 1 1
0.000789473684210526 1 1
0.00157894736842105 1 1
0.00236842105263158 1 1
0.00315789473684211 1 1
0.00394736842105263 1 1
0.00473684210526316 1 1
0.00552631578947368 1 1
0.00631578947368421 1 1
0.00710526315789474 1 1
0.00789473684210526 1 1
0.00868421052631579 1 1
0.00947368421052631 1 1
0.0102631578947368 1 1
0.0110526315789474 1 1
0.0118421052631579 1 1
0.0126315789473684 1 1
0.0134210526315789 1 1
0.0142105263157895 1 1
0.015 1 1
0.0157894736842105 1 1
0.016578947368421 1 1
0.0173684210526316 1 1
0.0181578947368421 1 1
0.0189473684210526 1 1
0.0197368421052632 1 1
0.0205263157894737 1 1
0.0213157894736842 1 1
0.0221052631578947 1 1
0.0228947368421053 1 1
0.0236842105263158 1 1
0.0244736842105263 1 1
0.0252631578947368 1 1
0.0260526315789474 1 1
0.0268421052631579 1 1
0.0276315789473684 1 1
0.028421052631579 1 1
0.0292105263157895 1 1
0.03 1 1
0.0307894736842105 1 1
0.0315789473684211 1 1
0.0323684210526316 1 1
0.0331578947368421 1 1
0.0339473684210526 1 1
0.0347368421052632 1 1
0.0355263157894737 1 1
0.0363157894736842 1 1
0.0371052631578948 1 1
0.0378947368421053 1 1
0.0386842105263158 1 1
0.0394736842105263 1 1
0.0402631578947369 1 1
0.0410526315789474 1 1
0.0418421052631579 1 1
0.0426315789473685 1 1
0.043421052631579 1 1
0.0442105263157895 1 1
0.045 1 1
0.0457894736842106 1 1
0.0465789473684211 1 1
0.0473684210526316 1 1
0.0481578947368421 1 1
0.0489473684210527 1 1
0.0497368421052632 1 1
0.0505263157894737 1 1
0.0513157894736843 1 1
0.0521052631578948 1 1
0.0528947368421053 1 1
0.0536842105263158 1 1
0.0544736842105264 1 1
0.0552631578947369 1 1
0.0560526315789474 1 1
0.0568421052631579 1 1
0.0576315789473685 1 1
0.058421052631579 1 1
0.0592105263157895 1 1
0.0600000000000001 1 1
0.0607894736842106 1 1
0.0615789473684211 1 1
0.0623684210526316 1 1
0.0631578947368422 1 1
0.0639473684210527 1 1
0.0647368421052632 1 1
0.0655263157894737 1 1
0.0663157894736842 1 1
0.0671052631578948 1 1
0.0678947368421053 1 1
0.0686842105263158 1 1
0.0694736842105263 1 1
0.0702631578947368 1 1
0.0710526315789474 1 1
0.0718421052631579 1 1
0.0726315789473684 1 1
0.0734210526315789 1 1
0.0742105263157894 1 1
0.075 1 1
0.0757894736842105 1 1
0.076578947368421 1 1
0.0773684210526315 1 1
0.0781578947368421 1 1
0.0789473684210526 1 1
0.0797368421052631 1 1
0.0805263157894736 1 1
0.0813157894736841 1 1
0.0821052631578947 1 1
0.0828947368421052 1 1
0.0836842105263157 1 1
0.0844736842105262 1 1
0.0852631578947367 1 1
0.0860526315789473 1 1
0.0868421052631578 1 1
0.0876315789473683 1 1
0.0884210526315788 1 1
0.0892105263157893 1 1
0.0899999999999999 1 1
0.0907894736842104 1 1
0.0915789473684209 1 1
0.0923684210526314 1 1
0.0931578947368419 1 1
0.0939473684210525 1 1
0.094736842105263 1 1
0.0955263157894735 1 1
0.096315789473684 1 1
0.0971052631578945 1 1
0.0978947368421051 1 1
0.0986842105263156 1 1
0.0994736842105261 1 1
0.100263157894737 1 1
0.101052631578947 1 1
0.101842105263158 1 1
0.102631578947368 1 1
0.103421052631579 1 1
0.104210526315789 1 1
0.105 1 1
0.10578947368421 1 1
0.106578947368421 1 1
0.107368421052631 1 1
0.108157894736842 1 1
0.108947368421052 1 1
0.109736842105263 1 1
0.110526315789473 1 1
0.111315789473684 1 1
0.112105263157894 1 1
0.112894736842105 1 1
0.113684210526315 1 1
0.114473684210526 1 1
0.115263157894737 1 1
0.116052631578947 1 1
0.116842105263158 1 1
0.117631578947368 1 1
0.118421052631579 1 1
0.119210526315789 1 1
0.12 1 1
0.12078947368421 1 1
0.121578947368421 1 1
0.122368421052631 1 1
0.123157894736842 1 1
0.123947368421052 1 1
0.124736842105263 1 1
0.125526315789473 1 1
0.126315789473684 1 1
0.127105263157894 1 1
0.127894736842105 1 1
0.128684210526315 1 1
0.129473684210526 1 1
0.130263157894736 1 1
0.131052631578947 1 1
0.131842105263158 1 1
0.132631578947368 1 1
0.133421052631579 1 1
0.134210526315789 1 1
0.135 1 1
0.13578947368421 1 1
0.136578947368421 1 1
0.137368421052631 1 1
0.138157894736842 1 1
0.138947368421052 1 1
0.139736842105263 1 1
0.140526315789473 1 1
0.141315789473684 1 1
0.142105263157895 1 1
0.142894736842105 1 1
0.143684210526316 1 1
0.144473684210526 1 1
0.145263157894737 1 1
0.146052631578947 1 1
0.146842105263158 1 1
0.147631578947368 1 1
0.148421052631579 1 1
0.149210526315789 1 1
0.15 1 1
0.15078947368421 1 1
0.151578947368421 1 1
0.152368421052631 1 1
0.153157894736842 1 1
0.153947368421053 1 1
0.154736842105263 1 1
0.155526315789474 1 1
0.156315789473684 1 1
0.157105263157895 1 1
0.157894736842105 1 1
0.158684210526316 1 1
0.159473684210526 1 1
0.160263157894737 1 1
0.161052631578947 1 1
0.161842105263158 1 1
0.162631578947368 1 1
0.163421052631579 1 1
0.164210526315789 1 1
0.165 1 1
0.165789473684211 1 1
0.166578947368421 1 1
0.167368421052632 1 1
0.168157894736842 1 1
0.168947368421053 1 1
0.169736842105263 1 1
0.170526315789474 1 1
0.171315789473684 1 1
0.172105263157895 1 1
0.172894736842105 1 1
0.173684210526316 1 1
0.174473684210526 1 1
0.175263157894737 1 1
0.176052631578947 1 1
0.176842105263158 1 1
0.177631578947369 1 1
0.178421052631579 1 1
0.17921052631579 1 1
0.18 1 1
0.180789473684211 1 1
0.181578947368421 1 1
0.182368421052632 1 1
0.183157894736842 1 1
0.183947368421053 1 1
0.184736842105263 1 1
0.185526315789474 1 1
0.186315789473684 1 1
0.187105263157895 1 1
0.187894736842106 1 1
0.188684210526316 1 1
0.189473684210527 1 1
0.190263157894737 1 1
0.191052631578948 1 1
0.191842105263158 1 1
0.192631578947369 1 1
0.193421052631579 1 1
0.19421052631579 1 1
0.195 1 1
0.195789473684211 1 1
0.196578947368421 1 1
0.197368421052632 1 1
0.198157894736842 1 1
0.198947368421053 1 1
0.199736842105264 1 1
0.200526315789474 1 1
0.201315789473685 1 1
0.202105263157895 1 1
0.202894736842106 1 1
0.203684210526316 1 1
0.204473684210527 1 1
0.205263157894737 1 1
0.206052631578948 1 1
0.206842105263158 1 1
0.207631578947369 1 1
0.208421052631579 1 1
0.20921052631579 1 1
0.21 1 1
0.210789473684211 1 1
0.211578947368422 1 1
0.212368421052632 1 1
0.213157894736843 1 1
0.213947368421053 1 1
0.214736842105264 1 1
0.215526315789474 1 1
0.216315789473685 1 1
0.217105263157895 1 1
0.217894736842106 1 1
0.218684210526316 1 1
0.219473684210527 1 1
0.220263157894737 1 1
0.221052631578948 1 1
0.221842105263158 1 1
0.222631578947369 1 1
0.22342105263158 1 1
0.22421052631579 1 1
0.225000000000001 1 1
0.225789473684211 1 1
0.226578947368422 1 1
0.227368421052632 1 1
0.228157894736843 1 1
0.228947368421053 1 1
0.229736842105264 1 1
0.230526315789474 1 1
0.231315789473685 1 1
0.232105263157895 1 1
0.232894736842106 1 1
0.233684210526316 1 1
0.234473684210527 1 1
0.235263157894738 1 1
0.236052631578948 1 1
0.236842105263159 1 1
0.237631578947369 1 1
0.23842105263158 1 1
0.23921052631579 1 1
0.240000000000001 1 1
0.240789473684211 1 1
0.241578947368422 1 1
0.242368421052632 1 1
0.243157894736843 1 1
0.243947368421053 1 1
0.244736842105264 1 1
0.245526315789475 1 1
0.246315789473685 1 1
0.247105263157896 1 1
0.247894736842106 1 1
0.248684210526317 1 1
0.249473684210527 1 1
0.250263157894738 1 1
0.251052631578948 1 1
0.251842105263159 1 1
0.252631578947369 1 1
0.25342105263158 1 1
0.25421052631579 1 1
0.255000000000001 1 1
0.255789473684211 1 1
0.256578947368422 1 1
0.257368421052632 1 1
0.258157894736843 1 1
0.258947368421053 1 1
0.259736842105264 1 1
0.260526315789474 1 1
0.261315789473685 1 1
0.262105263157895 1 1
0.262894736842106 1 1
0.263684210526316 1 1
0.264473684210527 1 1
0.265263157894737 1 1
0.266052631578948 1 1
0.266842105263158 1 1
0.267631578947369 1 1
0.268421052631579 1 1
0.26921052631579 1 1
0.27 1 1
0.270789473684211 1 1
0.271578947368421 1 1
0.272368421052632 1 1
0.273157894736842 1 1
0.273947368421053 1 1
0.274736842105263 1 1
0.275526315789474 1 1
0.276315789473684 1 1
0.277105263157895 1 1
0.277894736842105 1 1
0.278684210526316 1 1
0.279473684210526 1 1
0.280263157894737 1 1
0.281052631578947 1 1
0.281842105263158 1 1
0.282631578947368 1 1
0.283421052631579 1 1
0.284210526315789 1 1
0.285 1 1
0.28578947368421 1 1
0.286578947368421 1 1
0.287368421052631 1 1
0.288157894736842 1 1
0.288947368421053 1 1
0.289736842105263 1 1
0.290526315789474 1 1
0.291315789473684 1 1
0.292105263157895 1 1
0.292894736842105 1 1
0.293684210526316 1 1
0.294473684210526 1 1
0.295263157894737 1 1
0.296052631578947 1 1
0.296842105263158 1 1
0.297631578947368 1 1
0.298421052631579 1 1
0.299210526315789 1 1
0.299736842105263 1 1
0.300263157894737 1 1
0.30078947368421 1 1
0.301315789473684 1 1
0.301842105263158 1 1
0.302368421052631 1 1
0.302894736842105 1 1
0.303421052631579 1 1
0.303947368421052 1 1
0.304473684210526 1 1
0.305 1 1
0.305526315789474 1 1
0.306052631578947 1 1
0.306578947368421 1 1
0.307105263157895 1 1
0.307631578947368 1 1
0.308157894736842 1 1
0.308684210526316 1 1
0.30921052631579 1 1
0.309736842105263 1 1
0.310263157894737 1 1
0.310789473684211 1 1
0.311315789473684 1 1
0.311842105263158 1 1
0.312368421052632 1 1
0.312894736842106 1 1
0.313421052631579 1 1
0.313947368421053 1 1
0.314473684210527 1 1
0.315 1 1
0.315526315789474 1 1
0.316052631578948 1 1
0.316578947368421 1 1
0.317105263157895 1 1
0.317631578947369 1 1
0.318157894736843 1 1
0.318684210526316 1 1
0.31921052631579 1 1
0.319736842105264 1 1
0.320263157894737 1 1
0.320789473684211 1 1
0.321315789473685 1 1
0.321842105263159 1 1
0.322368421052632 1 1
0.322894736842106 1 1
0.32342105263158 1 1
0.323947368421053 1 1
0.324473684210527 1 1
0.325000000000001 1 1
0.325526315789474 1 1
0.326052631578948 1 1
0.326578947368422 1 1
0.327105263157896 1 1
0.327631578947369 1 1
0.328157894736843 1 1
0.328684210526317 1 1
0.32921052631579 1 1
0.329736842105264 1 1
0.330263157894738 1 1
0.330789473684212 1 1
0.331315789473685 1 1
0.331842105263159 1 1
0.332368421052633 1 1
0.332894736842106 1 1
0.33342105263158 1 1
0.333947368421054 1 1
0.334473684210528 1 1
0.335000000000001 1 1
0.335526315789475 1 1
0.336052631578949 1 1
0.336578947368422 1 1
0.337105263157896 1 1
0.33763157894737 1 1
0.338157894736843 1 1
0.338684210526317 1 1
0.339210526315791 1 1
0.339736842105265 1 1
0.340263157894738 1 1
0.340789473684212 1 1
0.341315789473686 1 1
0.341842105263159 1 1
0.342368421052633 1 1
0.342894736842107 1 1
0.343421052631581 1 1
0.343947368421054 1 1
0.344473684210528 1 1
0.345000000000002 1 1
0.345526315789475 1 1
0.346052631578949 1 1
0.346578947368423 1 1
0.347105263157897 1 1
0.34763157894737 1 1
0.348157894736844 1 1
0.348684210526318 1 1
0.349210526315791 1 1
0.349736842105265 1 1
0.350263157894739 1 1
0.350789473684212 1 1
0.351315789473686 1 1
0.35184210526316 1 1
0.352368421052634 1 1
0.352894736842107 1 1
0.353421052631581 1 1
0.353947368421055 1 1
0.354473684210528 1 1
0.355000000000002 1 1
0.355526315789476 1 1
0.35605263157895 1 1
0.356578947368423 1 1
0.357105263157897 1 1
0.357631578947371 1 1
0.358157894736844 1 1
0.358684210526318 1 1
0.359210526315792 1 1
0.359736842105266 1 1
0.360263157894739 1 1
0.360789473684213 1 1
0.361315789473687 1 1
0.36184210526316 1 1
0.362368421052634 1 1
0.362894736842108 1 1
0.363421052631581 1 1
0.363947368421055 1 1
0.364473684210529 1 1
0.365000000000003 1 1
0.365526315789476 1 1
0.36605263157895 1 1
0.366578947368424 1 1
0.367105263157897 1 1
0.367631578947371 1 1
0.368157894736845 1 1
0.368684210526319 1 1
0.369210526315792 1 1
0.369736842105266 1 1
0.37026315789474 1 1
0.370789473684213 1 1
0.371315789473687 1 1
0.371842105263161 1 1
0.372368421052635 1 1
0.372894736842108 1 1
0.373421052631582 1 1
0.373947368421056 1 1
0.374473684210529 1 1
0.375000000000003 1 1
0.375526315789477 1 1
0.37605263157895 1 1
0.376578947368424 1 1
0.377105263157898 1 1
0.377631578947372 1 1
0.378157894736845 1 1
0.378684210526319 1 1
0.379210526315793 1 1
0.379736842105266 1 1
0.38026315789474 1 1
0.380789473684214 1 1
0.381315789473688 1 1
0.381842105263161 1 1
0.382368421052635 1 1
0.382894736842109 1 1
0.383421052631582 1 1
0.383947368421056 1 1
0.38447368421053 1 1
0.385000000000004 1 1
0.385526315789477 1 1
0.386052631578951 1 1
0.386578947368425 1 1
0.387105263157898 1 1
0.387631578947372 1 1
0.388157894736846 1 1
0.388684210526319 1 1
0.389210526315793 1 1
0.389736842105267 1 1
0.390263157894741 1 1
0.390789473684214 1 1
0.391315789473688 1 1
0.391842105263162 1 1
0.392368421052635 1 1
0.392894736842109 1 1
0.393421052631583 1 1
0.393947368421057 1 1
0.39447368421053 1 1
0.395000000000004 1 1
0.395526315789478 1 1
0.396052631578951 1 1
0.396578947368425 1 1
0.397105263157899 1 1
0.397631578947372 1 1
0.398157894736846 1 1
0.39868421052632 1 1
0.399210526315794 1 1
0.399736842105267 1 1
0.400263157894741 1 1
0.400789473684215 1 1
0.401315789473688 1 1
0.401842105263162 1 1
0.402368421052636 1 1
0.40289473684211 1 1
0.403421052631583 1 1
0.403947368421057 1 1
0.404473684210531 1 1
0.405000000000004 1 1
0.405526315789478 1 1
0.406052631578952 1 1
0.406578947368426 1 1
0.407105263157899 1 1
0.407631578947373 1 1
0.408157894736847 1 1
0.40868421052632 1 1
0.409210526315794 1 1
0.409736842105268 1 1
0.410263157894741 1 1
0.410789473684215 1 1
0.411315789473689 1 1
0.411842105263163 1 1
0.412368421052636 1 1
0.41289473684211 1 1
0.413421052631584 1 1
0.413947368421057 1 1
0.414473684210531 1 1
0.415000000000005 1 1
0.415526315789479 1 1
0.416052631578952 1 1
0.416578947368426 1 1
0.4171052631579 1 1
0.417631578947373 1 1
0.418157894736847 1 1
0.418684210526321 1 1
0.419210526315795 1 1
0.419736842105268 1 1
0.420263157894742 1 1
0.420789473684216 1 1
0.421315789473689 1 1
0.421842105263163 1 1
0.422368421052637 1 1
0.42289473684211 1 1
0.423421052631584 1 1
0.423947368421058 1 1
0.424473684210532 1 1
0.425000000000005 1 1
0.425526315789479 1 1
0.426052631578953 1 1
0.426578947368426 1 1
0.4271052631579 1 1
0.427631578947374 1 1
0.428157894736848 1 1
0.428684210526321 1 1
0.429210526315795 1 1
0.429736842105269 1 1
0.430263157894742 1 1
0.430789473684216 1 1
0.43131578947369 1 1
0.431842105263164 1 1
0.432368421052637 1 1
0.432894736842111 1 1
0.433421052631585 1 1
0.433947368421058 1 1
0.434473684210532 1 1
0.435000000000006 1 1
0.435526315789479 1 1
0.436052631578953 1 1
0.436578947368427 1 1
0.437105263157901 1 1
0.437631578947374 1 1
0.438157894736848 1 1
0.438684210526322 1 1
0.439210526315795 1 1
0.439736842105269 1 1
0.440263157894743 1 1
0.440789473684217 1 1
0.44131578947369 1 1
0.441842105263164 1 1
0.442368421052638 1 1
0.442894736842111 1 1
0.443421052631585 1 1
0.443947368421059 1 1
0.444473684210533 1 1
0.445000000000006 1 1
0.44552631578948 1 1
0.446052631578954 1 1
0.446578947368427 1 1
0.447105263157901 1 1
0.447631578947375 1 1
0.448157894736848 1 1
0.448684210526322 1 1
0.449210526315796 1 1
0.44973684210527 1 1
0.450263157894743 1 1
0.450789473684217 1 1
0.451315789473691 1 1
0.451842105263164 1 1
0.452368421052638 1 1
0.452894736842112 1 1
0.453421052631586 1 1
0.453947368421059 1 1
0.454473684210533 1 1
0.455000000000007 1 1
0.45552631578948 1 1
0.456052631578954 1 1
0.456578947368428 1 1
0.457105263157902 1 1
0.457631578947375 1 1
0.458157894736849 1 1
0.458684210526323 1 1
0.459210526315796 1 1
0.45973684210527 1 1
0.460263157894744 1 1
0.460789473684217 1 1
0.461315789473691 1 1
0.461842105263165 1 1
0.462368421052639 1 1
0.462894736842112 1 1
0.463421052631586 1 1
0.46394736842106 1 1
0.464473684210533 1 1
0.465000000000007 1 1
0.465526315789481 1 1
0.466052631578955 1 1
0.466578947368428 1 1
0.467105263157902 1 1
0.467631578947376 1 1
0.468157894736849 1 1
0.468684210526323 1 1
0.469210526315797 1 1
0.469736842105271 1 1
0.470263157894744 1 1
0.470789473684218 1 1
0.471315789473692 1 1
0.471842105263165 1 1
0.472368421052639 1 1
0.472894736842113 1 1
0.473421052631586 1 1
0.47394736842106 1 1
0.474473684210534 1 1
0.475000000000008 1 1
0.475526315789481 1 1
0.476052631578955 1 1
0.476578947368429 1 1
0.477105263157902 1 1
0.477631578947376 1 1
0.47815789473685 1 1
0.478684210526324 1 1
0.479210526315797 1 1
0.479736842105271 1 1
0.480263157894745 1 1
0.480789473684218 1 1
0.481315789473692 1 1
0.481842105263166 1 1
0.482368421052639 1 1
0.482894736842113 1 1
0.483421052631587 1 1
0.483947368421061 1 1
0.484473684210534 1 1
0.485000000000008 1 1
0.485526315789482 1 1
0.486052631578955 1 1
0.486578947368429 1 1
0.487105263157903 1 1
0.487631578947377 1 1
0.48815789473685 1 1
0.488684210526324 1 1
0.489210526315798 1 1
0.489736842105271 1 1
0.490263157894745 1 1
0.490789473684219 1 1
0.491315789473693 1 1
0.491842105263166 1 1
0.49236842105264 1 1
0.492894736842114 1 1
0.493421052631587 1 1
0.493947368421061 1 1
0.494473684210535 1 1
0.495000000000008 1 1
0.495526315789482 1 1
0.496052631578956 1 1
0.49657894736843 1 1
0.497105263157903 1 1
0.497631578947377 1 1
0.498157894736851 1 1
0.498684210526324 1 1
