0.000473186119873817 -0 -0
0.00141955835962145 -0.281326001734309 -0.281326001734309
0.00236593059936909 -1.18112162373658 -1.18112162373658
0.00331230283911672 -2.65005172025222 -2.65005172025222
0.00425867507886435 -4.68106175498974 -4.68106175498974
0.00520504731861199 -7.27040141257476 -7.27040141257476
0.00615141955835962 -10.4146284895028 -10.4146284895028
0.00709779179810726 -14.1100119931338 -14.1100119931338
0.00804416403785489 -18.3523590890684 -18.3523590890684
0.00899053627760252 -23.1369539953225 -23.1369539953225
0.00993690851735016 -28.4585345583861 -28.4585345583861
0.0108832807570978 -34.3112839054527 -34.3112839054527
0.0118296529968454 -40.6888290320313 -40.6888290320313
0.0127760252365931 -47.5842430049641 -47.5842430049641
0.0137223974763407 -54.9900492892056 -54.9900492892056
0.0146687697160883 -62.8982274732657 -62.8982274732657
0.015615141955836 -71.3002200168307 -71.3002200168307
0.0165615141955836 -80.186939811628 -80.186939811628
0.0175078864353312 -89.5487784347754 -89.5487784347754
0.0184542586750789 -99.375615018873 -99.375615018873
0.0194006309148265 -109.656825689795 -109.656825689795
0.0203470031545741 -120.381293536804 -120.381293536804
0.0212933753943218 -131.53741909027 -131.53741909027
0.0222397476340694 -143.113131285103 -143.113131285103
0.023186119873817 -155.095898893436 -155.095898893436
0.0241324921135647 -167.47274240984 -167.47274240984
0.0250788643533123 -180.230246376056 -180.230246376056
0.0260252365930599 -193.354572129547 -193.354572129547
0.0269716088328075 -206.831470964238 -206.831470964238
0.0279179810725552 -220.646297688257 -220.646297688257
0.0288643533123028 -234.784024566689 -234.784024566689
0.0298107255520504 -249.229255634684 -249.229255634684
0.0307570977917981 -263.966241368254 -263.966241368254
0.0317034700315457 -278.978893697587 -278.978893697587
0.0326498422712933 -294.250801350114 -294.250801350114
0.033596214511041 -309.765245507685 -309.765245507685
0.0345425867507886 -325.505215764607 -325.505215764607
0.0354889589905362 -341.453426370239 -341.453426370239
0.0364353312302839 -357.592332742387 -357.592332742387
0.0373817034700315 -373.904148235223 -373.904148235223
0.0383280757097791 -390.370861147011 -390.370861147011
0.0392744479495268 -406.974251951366 -406.974251951366
0.0402208201892744 -423.695910736242 -423.695910736242
0.041167192429022 -440.5172548348 -440.5172548348
0.0421135646687697 -457.419546631721 -457.419546631721
0.0430599369085173 -474.383911528332 -474.383911528332
0.0440063091482649 -491.391356050297 -491.391356050297
0.0449526813880126 -508.422786081286 -508.422786081286
0.0458990536277602 -525.459025204892 -525.459025204892
0.0468454258675078 -542.480833139306 -542.480833139306
0.0477917981072555 -559.468924246267 -559.468924246267
0.0487381703470031 -576.40398609867 -576.40398609867
0.0496845425867507 -593.266698087865 -593.266698087865
0.0506309148264984 -610.037750055743 -610.037750055743
0.051577287066246 -626.697860932074 -626.697860932074
0.0525236593059936 -643.227797361633 -643.227797361633
0.0534700315457413 -659.608392303125 -659.608392303125
0.0544164037854889 -675.820563582526 -675.820563582526
0.0553627760252365 -691.84533238449 -691.84533238449
0.0563091482649841 -707.663841663609 -707.663841663609
0.0572555205047318 -723.257374459589 -723.257374459589
0.0582018927444794 -738.607372098645 -738.607372098645
0.0591482649842271 -753.695452264335 -753.695452264335
0.0600946372239747 -768.503426921454 -768.503426921454
0.0610410094637223 -783.013320076099 -783.013320076099
0.0619873817034699 -797.2073853553 -797.2073853553
0.0629337539432176 -811.068123390209 -811.068123390209
0.0638801261829652 -824.578298986393 -824.578298986393
0.0648264984227129 -837.720958065579 -837.720958065579
0.0657728706624605 -850.479444362847 -850.479444362847
0.0667192429022081 -862.837415863775 -862.837415863775
0.0676656151419558 -874.778860966211 -874.778860966211
0.0686119873817034 -886.288114351708 -886.288114351708
0.0695583596214511 -897.349872551844 -897.349872551844
0.0705047318611987 -907.949209194736 -907.949209194736
0.0714511041009463 -918.071589917182 -918.071589917182
0.072397476340694 -927.702886929435 -927.702886929435
0.0733438485804416 -936.829393218038 -936.829393218038
0.0742902208201893 -945.437836373585 -945.437836373585
0.0752365930599369 -953.515392030971 -953.515392030971
0.0761829652996845 -961.049696908598 -961.049696908598
0.0771293375394322 -968.028861435168 -968.028861435168
0.0780757097791798 -974.441481951322 -974.441481951322
0.0790220820189275 -980.276652475199 -980.276652475199
0.0799684542586751 -985.523976020699 -985.523976020699
0.0809148264984227 -990.173575457274 -990.173575457274
0.0818611987381704 -994.216103901243 -994.216103901243
0.082807570977918 -997.64275462888 -997.64275462888
0.0837539432176656 -1000.44527050155 -1000.44527050155
0.0847003154574133 -1002.61595289391 -1002.61595289391
0.0856466876971609 -1004.14767011653 -1004.14767011653
0.0865930599369086 -1005.03386532499 -1005.03386532499
0.0875394321766562 -1005.26856390746 -1005.26856390746
0.0884858044164038 -1004.84638034401 -1004.84638034401
0.0894321766561515 -1003.7625245304 -1003.7625245304
0.0903785488958991 -1002.01280756076 -1002.01280756076
0.0913249211356468 -999.593646962587 -999.593646962587
0.0922712933753944 -996.502071379363 -996.502071379363
0.093217665615142 -992.735724696087 -992.735724696087
0.0941640378548897 -988.292869603341 -988.292869603341
0.0951104100946373 -983.172390595593 -983.172390595593
0.096056782334385 -977.373796401406 -977.373796401406
0.0970031545741326 -970.897221842262 -970.897221842262
0.0979495268138802 -963.743429118147 -963.743429118147
0.0988958990536279 -955.91380851749 -955.91380851749
0.0998422712933755 -947.41037855143 -947.41037855143
0.100788643533123 -938.235785510788 -938.235785510788
0.101735015772871 -928.393302445894 -928.393302445894
0.102681388012618 -917.886827569835 -917.886827569835
0.103627760252366 -906.720882086189 -906.720882086189
0.104574132492114 -894.900607442154 -894.900607442154
0.105520504731861 -882.4317620095 -882.4317620095
0.106466876971609 -869.320717195542 -869.320717195542
0.107413249211357 -855.574452987491 -855.574452987491
0.108359621451104 -841.200552933279 -841.200552933279
0.109305993690852 -826.207198563456 -826.207198563456
0.1102523659306 -810.603163257879 -810.603163257879
0.111198738170347 -794.397805563262 -794.397805563262
0.112145110410095 -777.601061965905 -777.601061965905
0.113091482649842 -760.223439127218 -760.223439127218
0.11403785488959 -742.276005587087 -742.276005587087
0.114984227129338 -723.770382942771 -723.770382942771
0.115930599369085 -704.718736511085 -704.718736511085
0.116876971608833 -685.133765481419 -685.133765481419
0.117823343848581 -665.028692568055 -665.028692568055
0.118769716088328 -644.417253170804 -644.417253170804
0.119716088328076 -623.313684053769 -623.313684053769
0.120662460567824 -601.732711550856 -601.732711550856
0.121608832807571 -579.689539309399 -579.689539309399
0.122555205047319 -557.199835582181 -557.199835582181
0.123501577287066 -534.279720078524 -534.279720078524
0.124447949526814 -510.94575038682 -510.94575038682
0.125394321766562 -487.214907979128 -487.214907979128
0.126340694006309 -463.104583811305 -463.104583811305
0.127287066246057 -438.632563530846 -438.632563530846
0.128233438485805 -413.817012304881 -413.817012304881
0.129179810725552 -388.676459282319 -388.676459282319
0.1301261829653 -363.229781704162 -363.229781704162
0.131072555205048 -337.496188674815 -337.496188674815
0.132018927444795 -311.495204609681 -311.495204609681
0.132965299684543 -285.246652373597 -285.246652373597
0.133911671924291 -258.770636124571 -258.770636124571
0.134858044164038 -232.087523878126 -232.087523878126
0.135804416403786 -205.217929808379 -205.217929808379
0.136750788643533 -178.182696300604 -178.182696300604
0.137697160883281 -151.002875771587 -151.002875771587
0.138643533123029 -123.69971227465 -123.69971227465
0.139589905362776 -96.2946229042941 -96.2946229042941
0.140536277602524 -68.8091790182851 -68.8091790182851
0.141482649842272 -41.2650872932033 -41.2650872932033
0.142429022082019 -13.684170630675 -13.684170630675
0.143375394321767 13.9116510685968 13.9116510685968
0.144321766561515 41.5003802463078 41.5003802463078
0.145268138801262 69.0599611255714 69.0599611255714
0.14621451104101 96.568299230845 96.568299230845
0.147160883280757 124.003280970264 124.003280970264
0.148107255520505 151.342793264132 151.342793264132
0.149053627760253 178.564743200389 178.564743200389
0.15 205.647077701327 205.647077701327
0.150946372239748 232.567803181762 232.567803181762
0.151892744479496 259.305005182869 259.305005182869
0.152839116719243 285.836867963166 285.836867963166
0.153785488958991 312.141694028169 312.141694028169
0.154731861198739 338.19792358344 338.19792358344
0.155678233438486 363.984153890714 363.984153890714
0.156624605678234 389.479158511889 389.479158511889
0.157570977917981 414.661906422166 414.661906422166
0.158517350157729 439.511580975672 439.511580975672
0.159463722397477 464.007598705958 464.007598705958
0.160410094637224 488.129627944871 488.129627944871
0.161356466876972 511.857607242758 511.857607242758
0.16230283911672 535.171763572887 535.171763572887
0.163249211356467 558.052630304352 558.052630304352
0.164195583596215 580.481064926039 580.481064926039
0.165141955835963 602.43826650682 602.43826650682
0.16608832807571 623.905792875032 623.905792875032
0.167034700315458 644.865577501994 644.865577501994
0.167981072555206 665.29994607435 665.29994607435
0.168927444794953 685.191632739642 685.191632739642
0.169873817034701 704.523796010709 704.523796010709
0.170820189274448 723.280034314144 723.280034314144
0.171766561514196 741.444401168367 741.444401168367
0.172712933753944 759.001419977853 759.001419977853
0.173659305993691 775.936098429429 775.936098429429
0.174605678233439 792.233942477648 792.233942477648
0.175552050473187 807.880969906427 807.880969906427
0.176498422712934 822.863723454327 822.863723454327
0.177444794952682 837.169283490629 837.169283490629
0.17839116719243 850.785280232378 850.785280232378
0.179337539432177 863.699905488499 863.699905488499
0.180283911671925 875.901923921934 875.901923921934
0.181230283911672 887.380683818879 887.380683818879
0.18217665615142 898.126127354212 898.126127354212
0.183123028391168 908.128800345036 908.128800345036
0.184069400630915 917.379861480627 917.379861480627
0.185015772870663 925.871091023586 925.871091023586
0.185962145110411 933.594898970334 933.594898970334
0.186908517350158 940.544332665882 940.544332665882
0.187854889589906 946.713083863609 946.713083863609
0.188801261829654 952.095495224934 952.095495224934
0.189747634069401 956.686566251085 956.686566251085
0.190694006309149 960.481958642023 960.481958642023
0.191640378548897 963.478001076922 963.478001076922
0.192586750788644 965.671693411689 965.671693411689
0.193533123028392 967.060710288482 967.060710288482
0.194479495268139 967.643404154376 967.643404154376
0.195425867507887 967.418807685384 967.418807685384
0.196372239747635 966.386635613055 966.386635613055
0.197318611987382 964.54728595222 964.54728595222
0.19826498422713 961.901840626803 961.901840626803
0.199211356466878 958.452065494212 958.452065494212
0.200157728706625 954.200409766734 954.200409766734
0.201104100946373 949.150004829705 949.150004829705
0.202050473186121 943.304662457984 943.304662457984
0.202996845425868 936.668872430461 936.668872430461
0.203943217665616 929.247799545566 929.247799545566
0.204889589905363 921.047280038303 921.047280038303
0.205835962145111 912.073817402698 912.073817402698
0.206782334384859 902.334577622404 902.334577622404
0.207728706624606 891.837383813067 891.837383813067
0.208675078864354 880.590710280466 880.590710280466
0.209621451104102 868.603675999666 868.603675999666
0.210567823343849 855.88603752029 855.88603752029
0.211514195583597 842.448181303145 842.448181303145
0.212460567823345 828.301115495321 828.301115495321
0.213406940063092 813.456461149922 813.456461149922
0.21435331230284 797.926442898131 797.926442898131
0.215299684542587 781.72387908064 781.72387908064
0.216246056782335 764.862171347829 764.862171347829
0.217192429022083 747.355293736489 747.355293736489
0.21813880126183 729.217781232755 729.217781232755
0.219085173501578 710.464717830549 710.464717830549
0.220031545741326 691.11172409621 691.11172409621
0.220977917981073 671.174944249328 671.174944249328
0.221924290220821 650.671032771207 650.671032771207
0.222870662460569 629.617140551936 629.617140551936
0.223817034700316 608.03090058842 608.03090058842
0.224763406940064 585.930413245202 585.930413245202
0.225709779179812 563.334231091109 563.334231091109
0.226656151419559 540.261343324302 540.261343324302
0.227602523659307 516.731159799646 516.731159799646
0.228548895899054 492.763494671597 492.763494671597
0.229495268138802 468.378549667494 468.378549667494
0.23044164037855 443.596897004776 443.596897004776
0.231388012618297 418.439461967761 418.439461967761
0.232334384858045 392.927505158575 392.927505158575
0.233280757097793 367.08260443772 367.08260443772
0.23422712933754 340.926636570274 340.926636570274
0.235173501577288 314.48175859309 314.48175859309
0.236119873817036 287.770388919567 287.770388919567
0.237066246056783 260.815188198702 260.815188198702
0.238012618296531 233.639039944517 233.639039944517
0.238958990536278 206.26503095312 206.26503095312
0.239905362776026 178.716431524478 178.716431524478
0.240851735015774 151.016675506023 151.016675506023
0.241798107255521 123.189340175812 123.189340175812
0.242744479495269 95.2581259824511 95.2581259824511
0.243690851735017 67.2468361598814 67.2468361598814
0.244637223974764 39.1793562347957 39.1793562347957
0.245583596214512 11.0796334444719 11.0796334444719
0.24652996845426 -17.0283439166318 -17.0283439166318
0.247476340694007 -45.1205672037986 -45.1205672037986
0.248422712933755 -73.1730281637522 -73.1730281637522
0.249369085173503 -101.161739693084 -101.161739693084
0.25031545741325 -129.06275659587 -129.06275659587
0.251261829652998 -156.852196320835 -156.852196320835
0.252208201892745 -184.506259660886 -184.506259660886
0.253154574132493 -212.001251396514 -212.001251396514
0.254100946372241 -239.313600864603 -239.313600864603
0.255047318611988 -266.419882434698 -266.419882434698
0.255993690851736 -293.296835874705 -293.296835874705
0.256940063091484 -319.921386587621 -319.921386587621
0.257886435331231 -346.270665702473 -346.270665702473
0.258832807570979 -372.322029999821 -372.322029999821
0.259779179810727 -398.053081656335 -398.053081656335
0.260725552050474 -423.441687789367 -423.441687789367
0.261671924290222 -448.465999784921 -448.465999784921
0.262618296529969 -473.104472391626 -473.104472391626
0.263564668769717 -497.335882563885 -497.335882563885
0.264511041009465 -521.139348037621 -521.139348037621
0.265457413249212 -544.494345621488 -544.494345621488
0.26640378548896 -567.380729188216 -567.380729188216
0.267350157728708 -589.778747349146 -589.778747349146
0.268296529968455 -611.669060796846 -611.669060796846
0.269242902208203 -633.032759300253 -633.032759300253
0.270189274447951 -653.851378336635 -653.851378336635
0.271135646687698 -674.106915346591 -674.106915346591
0.272082018927446 -693.781845596317 -693.781845596317
0.273028391167193 -712.859137633894 -712.859137633894
0.273974763406941 -731.322268325425 -731.322268325425
0.274921135646689 -749.155237457449 -749.155237457449
0.275867507886436 -766.342581892593 -766.342581892593
0.276813880126184 -782.869389265938 -782.869389265938
0.277760252365932 -798.721311209613 -798.721311209613
0.278706624605679 -813.884576093502 -813.884576093502
0.279652996845427 -828.34600127103 -828.34600127103
0.280599369085175 -842.093004818773 -842.093004818773
0.281545741324922 -855.113616759218 -855.113616759218
0.28249211356467 -867.396489756223 -867.396489756223
0.283438485804418 -878.930909274414 -878.930909274414
0.284384858044165 -889.706803191865 -889.706803191865
0.285331230283913 -899.714750858997 -899.714750858997
0.28627760252366 -908.945991593567 -908.945991593567
0.287223974763408 -917.392432605587 -917.392432605587
0.288170347003156 -925.046656343996 -925.046656343996
0.289116719242903 -931.901927258218 -931.901927258218
0.290063091482651 -937.952197969042 -937.952197969042
0.291009463722399 -943.192114842281 -943.192114842281
0.291955835962146 -947.617022960799 -947.617022960799
0.292902208201894 -951.222970489064 -951.222970489064
0.293848580441642 -954.00671242746 -954.00671242746
0.294794952681389 -955.965713751405 -955.965713751405
0.295741324921137 -957.098151933224 -957.098151933224
0.296687697160885 -957.402918843311 -957.402918843311
0.297634069400632 -956.879622029712 -956.879622029712
0.29858044164038 -955.528585373163 -955.528585373163
0.299682558577864 -380.71820026867 -380.71820026867
0.300940420213084 -237.252675127067 -59.3131687817668
0.302198281848304 -236.26514126001 -59.0662853150026
0.303456143483524 -235.285794282442 -58.8214485706105
0.304714005118744 -234.314532807831 -58.5786332019578
0.305971866753964 -233.351257116792 -58.337814279198
0.307229728389184 -232.395869122921 -58.0989672807303
0.308487590024405 -231.448272339741 -57.8620680849352
0.309745451659625 -230.50837184807 -57.6270929620175
0.311003313294845 -229.576074264233 -57.3940185660584
0.312261174930065 -228.651287709356 -57.162821927339
0.313519036565285 -227.733921778993 -56.9334804447482
0.314776898200505 -226.823887513824 -56.705971878456
0.316034759835725 -225.92109737071 -56.4802743426776
0.317292621470945 -225.025465194833 -56.2563662987084
0.318550483106166 -224.136906191993 -56.0342265479982
0.319808344741386 -223.255336902216 -55.8138342255541
0.321066206376606 -222.380675173367 -55.5951687933419
0.322324068011826 -221.512840135658 -55.3782100339146
0.323581929647046 -220.65175217684 -55.1629380442101
0.324839791282266 -219.797332917689 -54.9493332294222
0.326097652917486 -218.949505188389 -54.7373762970972
0.327355514552706 -218.10819300522 -54.5270482513051
0.328613376187927 -217.273321547778 -54.3183303869446
0.329871237823147 -216.444817136991 -54.1112042842477
0.331129099458367 -215.622607213222 -53.9056518033056
0.332386961093587 -214.806620315283 -53.7016550788207
0.333644822728807 -213.996786059574 -53.4991965148934
0.334902684364027 -213.193035119954 -53.2982587799884
0.336160545999247 -212.395299207834 -53.0988248019584
0.337418407634467 -211.603511053037 -52.9008777632594
0.338676269269688 -210.817604384688 -52.7044010961719
0.339934130904908 -210.037513912834 -52.5093784782085
0.341191992540128 -209.263175310266 -52.3157938275665
0.342449854175348 -208.494525194999 -52.1236312987499
0.343707715810568 -207.731501112812 -51.9328752782031
0.344965577445788 -206.974041520433 -51.7435103801082
0.346223439081008 -206.222085768955 -51.5555214422387
0.347481300716228 -205.475574087591 -51.3688935218978
0.348739162351449 -204.734447568062 -51.1836118920154
0.349997023986669 -203.998648148775 -50.9996620371939
0.351254885621889 -203.268118599873 -50.8170296499682
0.352512747257109 -202.542802508358 -50.6357006270896
0.353770608892329 -201.822644263549 -50.4556610658871
0.355028470527549 -201.107589042883 -50.2768972607208
0.356286332162769 -200.39758279796 -50.09939569949
0.357544193797989 -199.692572241047 -49.9231430602618
0.35880205543321 -198.992504831569 -49.7481262078923
0.36005991706843 -198.297328763207 -49.5743321908018
0.36131777870365 -197.606992951017 -49.4017482377543
0.36257564033887 -196.921447019005 -49.2303617547513
0.36383350197409 -196.240641287766 -49.0601603219416
0.36509136360931 -195.564526762622 -48.8911316906555
0.36634922524453 -194.89305512169 -48.7232637804225
0.36760708687975 -194.226178704565 -48.5565446761413
0.368864948514971 -193.563850500884 -48.390962625221
0.370122810150191 -192.906024139414 -48.2265060348535
0.371380671785411 -192.252653877069 -48.0631634692673
0.372638533420631 -191.603694588384 -47.9009236470961
0.373896395055851 -190.959101755253 -47.7397754388133
0.375154256691071 -190.318831456537 -47.5797078641343
0.376412118326291 -189.682840358235 -47.4207100895586
0.377669979961511 -189.051085703631 -47.2627714259077
0.378927841596732 -188.423525303762 -47.1058813259406
0.380185703231952 -187.800117527971 -46.9500293819929
0.381443564867172 -187.180821294711 -46.7952053236776
0.382701426502392 -186.565596062572 -46.6413990156429
0.383959288137612 -185.954401821475 -46.4886004553687
0.385217149772832 -185.347199083764 -46.336799770941
0.386475011408052 -184.743948875985 -46.1859872189962
0.387732873043272 -184.144612730476 -46.0361531826191
0.388990734678493 -183.549152677036 -45.887288169259
0.390248596313713 -182.957531234965 -45.7393828087412
0.391506457948933 -182.369711405339 -45.5924278513348
0.392764319584153 -181.785656663217 -45.4464141658041
0.394022181219373 -181.205330949998 -45.3013327374996
0.395280042854593 -180.628698666086 -45.1571746665214
0.396537904489813 -180.055724663627 -45.0139311659067
0.397795766125033 -179.486374239287 -44.8715935598216
0.399053627760254 -178.920613127241 -44.7301532818104
0.400311489395474 -178.358407492515 -44.5896018731287
0.401569351030694 -177.799723923859 -44.4499309809647
0.402827212665914 -177.244529427472 -44.3111323568681
0.404085074301134 -176.692791420315 -44.1731978550787
0.405342935936354 -176.144477723867 -44.0361194309668
0.406600797571574 -175.599556557718 -43.8998891394294
0.407858659206794 -175.057996533503 -43.7644991333758
0.409116520842015 -174.51976664897 -43.6299416622425
0.410374382477235 -173.984836281938 -43.4962090704845
0.411632244112455 -173.453175184451 -43.3632937961127
0.412890105747675 -172.924753477238 -43.2311883693095
0.414147967382895 -172.399541644045 -43.0998854110113
0.415405829018115 -171.877510526052 -42.969377631513
0.416663690653335 -171.358631316495 -42.8396578291237
0.417921552288555 -170.842875555629 -42.7107188889072
0.419179413923776 -170.330215125122 -42.5825537812805
0.420437275558996 -169.820622243223 -42.4551555608058
0.421695137194216 -169.314069459606 -42.3285173649016
0.422952998829436 -168.810529650539 -42.2026324126348
0.424210860464656 -168.309976014023 -42.0774940035057
0.425468722099876 -167.812382064933 -41.9530955162333
0.426726583735096 -167.317721630459 -41.8294304076149
0.427984445370316 -166.825968845515 -41.7064922113786
0.429242307005537 -166.337098148172 -41.5842745370431
0.430500168640757 -165.851084275216 -41.4627710688041
0.431758030275977 -165.367902257914 -41.3419755644784
0.433015891911197 -164.887527417587 -41.2218818543966
0.434273753546417 -164.409935361523 -41.1024838403809
0.435531615181637 -163.93510197873 -40.9837754946825
0.436789476816857 -163.463003436134 -40.8657508590335
0.438047338452077 -162.993616174201 -40.7484040435503
0.439305200087298 -162.526916903342 -40.6317292258356
0.440563061722518 -162.062882599938 -40.5157206499845
0.441820923357738 -161.601490502518 -40.4003726256296
0.443078784992958 -161.142718108126 -40.2856795270315
0.444336646628178 -160.686543168655 -40.1716357921639
0.445594508263398 -160.232943687057 -40.0582359217643
0.446852369898618 -159.781897914175 -39.9454744785437
0.448110231533838 -159.333384344902 -39.8333460862254
0.449368093169059 -158.887381714931 -39.7218454287327
0.450625954804279 -158.443868997476 -39.6109672493689
0.451883816439499 -158.002825399814 -39.5007063499534
0.453141678074719 -157.564230360011 -39.3910575900027
0.454399539709939 -157.128063543984 -39.2820158859959
0.455657401345159 -156.694304842041 -39.1735762105103
0.456915262980379 -156.262934365973 -39.0657335914933
0.458173124615599 -155.833932445996 -38.958483111499
0.45943098625082 -155.407279627772 -38.8518199069431
0.46068884788604 -154.982956669247 -38.7457391673119
0.46194670952126 -154.560944538232 -38.6402361345579
0.46320457115648 -154.141224409078 -38.5353061022694
0.4644624327917 -153.723777660129 -38.4309444150323
0.46572029442692 -153.308585870895 -38.3271464677238
0.46697815606214 -152.895630819315 -38.2239077048289
0.46823601769736 -152.484894479254 -38.1212236198136
0.469493879332581 -152.076359017675 -38.0190897544187
0.470751740967801 -151.670006792108 -37.917501698027
0.472009602603021 -151.265820348236 -37.8164550870591
0.473267464238241 -150.863782417271 -37.7159456043178
0.474525325873461 -150.463875913447 -37.6159689783616
0.475783187508681 -150.06608393178 -37.516520982945
0.477041049143901 -149.670389745566 -37.4175974363916
0.478298910779121 -149.276776804095 -37.3191942010236
0.479556772414342 -148.885228730186 -37.2213071825464
0.480814634049562 -148.495729318113 -37.1239323295282
0.482072495684782 -148.108262531343 -37.0270656328358
0.483330357320002 -147.722812500209 -36.9307031250523
0.484588218955222 -147.339363519764 -36.8348408799409
0.485846080590442 -146.957900047857 -36.7394750119643
0.487103942225662 -146.578406702745 -36.6446016756862
0.488361803860882 -146.200868261164 -36.5502170652911
0.489619665496103 -145.825269656439 -36.4563174141098
0.490877527131323 -145.451595976128 -36.3628989940319
0.492135388766543 -145.079832460351 -36.2699581150878
0.493393250401763 -144.709964499784 -36.1774911249459
0.494651112036983 -144.34197763355 -36.0854944083874
0.495908973672203 -143.975857547688 -35.9939643869221
0.497166835307423 -143.611590073006 -35.9028975182515
