0 150.603825902884
0.00882352941176471 150.603825902884
0.0176470588235294 150.81688532422
0.0264705882352941 151.682454630881
0.0352941176470588 153.533617628284
0.0441176470588235 156.599572759155
0.0529411764705882 160.986521760721
0.0617647058823529 166.666435823795
0.0705882352941176 173.476558303147
0.0794117647058823 181.130090844202
0.0882352941176471 189.237364169035
0.0970588235294118 197.33589147098
0.105882352941176 204.926965066722
0.114705882352941 211.515913845518
0.123529411764706 216.652825312013
0.132352941176471 219.970474407301
0.141176470588235 221.216396567777
0.15 220.276479932809
0.158823529411765 217.188097832197
0.167647058823529 212.141608000752
0.176470588235294 205.469947213555
0.185294117647059 197.626979321624
0.194117647058824 189.156138768988
0.202941176470588 180.651681613876
0.211764705882353 172.715451481833
0.220588235294118 165.912441664465
0.229411764705882 160.728556636614
0.238235294117647 157.533835844267
0.247058823529412 156.554009208882
0.255882352941176 157.852636473225
0.264705882352941 161.325287750912
0.273529411764706 166.706310781945
0.282352941176471 173.587771054402
0.291176470588235 181.449217682402
0.3 184.718688794714
0.302941176470588 185.392518816641
0.305882352941176 186.059838403574
0.308823529411765 186.72077215714
0.311764705882353 187.37544113579
0.314705882352941 188.02396298788
0.317647058823529 188.666452078555
0.320588235294118 189.30301961079
0.323529411764706 189.933773740905
0.326470588235294 190.558819688847
0.329411764705882 191.178259843534
0.332352941176471 191.792193863512
0.335294117647059 192.400718773182
0.338235294117647 193.00392905482
0.341176470588235 193.601916736617
0.344117647058824 194.19477147694
0.347058823529412 194.782580645004
0.35 195.365429398148
0.352941176470588 195.943400755869
0.355882352941176 196.516575670786
0.358823529411765 197.085033096692
0.361764705882353 197.648850053815
0.364705882352941 198.208101691447
0.367647058823529 198.762861348054
0.370588235294118 199.313200608991
0.373529411764706 199.859189361936
0.376470588235294 200.400895850152
0.379411764705882 200.938386723674
0.382352941176471 201.47172708852
0.385294117647059 202.000980554019
0.388235294117647 202.526209278335
0.391176470588235 203.047474012279
0.394117647058824 203.564834141474
0.397058823529412 204.078347726958
0.4 204.588071544283
0.402941176470588 205.094061121188
0.405882352941176 205.596370773898
0.408823529411765 206.095053642111
0.411764705882353 206.590161722739
0.414705882352941 207.081745902437
0.417647058823529 207.569855988992
0.420588235294118 208.054540741607
0.423529411764706 208.535847900127
0.426470588235294 209.013824213259
0.429411764705882 209.488515465819
0.432352941176471 209.959966505052
0.435294117647059 210.428221266053
0.438235294117647 210.89332279634
0.441176470588235 211.355313279601
0.444117647058824 211.814234058655
0.447058823529412 212.270125657649
0.45 212.723027803535
0.452941176470588 213.172979446842
0.455882352941176 213.620018781778
0.458823529411765 214.064183265685
0.461764705882353 214.505509637874
0.464705882352941 214.944033937859
0.467647058823529 215.379791523017
0.470588235294118 215.812817085698
0.473529411764706 216.243144669796
0.476470588235294 216.670807686809
0.479411764705882 217.09583893141
0.482352941176471 217.518270596533
0.485294117647059 217.938134288007
0.488235294117647 218.355461038748
0.491176470588235 218.770281322518
0.494117647058823 219.18262506728
0.497058823529412 219.592521668156
0.5 220
