0 1 -0
0.00882352941176471 1 -8209.88970216249
0.0176470588235294 1 -15792.9648863207
0.0264705882352941 1 -22170.2675166198
0.0352941176470588 1 -26854.8987406519
0.0441176470588235 1 -29489.1929905171
0.0529411764705882 1 -29872.025288851
0.0617647058823529 1 -27974.1668821307
0.0705882352941176 1 -23940.5168184072
0.0794117647058823 1 -18079.0390913777
0.0882352941176471 1 -10837.2499856146
0.0970588235294118 1 -2768.05078389906
0.105882352941176 1 5512.4855344971
0.114705882352941 1 13372.1506732961
0.123529411764706 1 20210.8693093967
0.132352941176471 1 25506.5140718884
0.141176470588235 1 28854.7692951846
0.15 1 30000
0.158823529411765 1 28854.7692951846
0.167647058823529 1 25506.5140718884
0.176470588235294 1 20210.8693093967
0.185294117647059 1 13372.1506732961
0.194117647058824 1 5512.4855344971
0.202941176470588 1 -2768.05078389907
0.211764705882353 1 -10837.2499856146
0.220588235294118 1 -18079.0390913777
0.229411764705882 1 -23940.5168184072
0.238235294117647 1 -27974.1668821307
0.247058823529412 1 -29872.025288851
0.255882352941176 1 -29489.1929905171
0.264705882352941 1 -26854.8987406519
0.273529411764706 1 -22170.2675166198
0.282352941176471 1 -15792.9648863207
0.291176470588235 1 -8209.88970216245
0.3 4 0
0.302941176470588 4 0
0.305882352941176 4 0
0.308823529411765 4 0
0.311764705882353 4 0
0.314705882352941 4 0
0.317647058823529 4 0
0.320588235294118 4 0
0.323529411764706 4 0
0.326470588235294 4 0
0.329411764705882 4 0
0.332352941176471 4 0
0.335294117647059 4 0
0.338235294117647 4 0
0.341176470588235 4 0
0.344117647058824 4 0
0.347058823529412 4 0
0.35 4 0
0.352941176470588 4 0
0.355882352941176 4 0
0.358823529411765 4 0
0.361764705882353 4 0
0.364705882352941 4 0
0.367647058823529 4 0
0.370588235294118 4 0
0.373529411764706 4 0
0.376470588235294 4 0
0.379411764705882 4 0
0.382352941176471 4 0
0.385294117647059 4 0
0.388235294117647 4 0
0.391176470588235 4 0
0.394117647058824 4 0
0.397058823529412 4 0
0.4 4 0
0.402941176470588 4 0
0.405882352941176 4 0
0.408823529411765 4 0
0.411764705882353 4 0
0.414705882352941 4 0
0.417647058823529 4 0
0.420588235294118 4 0
0.423529411764706 4 0
0.426470588235294 4 0
0.429411764705882 4 0
0.432352941176471 4 0
0.435294117647059 4 0
0.438235294117647 4 0
0.441176470588235 4 0
0.444117647058824 4 0
0.447058823529412 4 0
0.45 4 0
0.452941176470588 4 0
0.455882352941176 4 0
0.458823529411765 4 0
0.461764705882353 4 0
0.464705882352941 4 0
0.467647058823529 4 0
0.470588235294118 4 0
0.473529411764706 4 0
0.476470588235294 4 0
0.479411764705882 4 0
0.482352941176471 4 0
0.485294117647059 4 0
0.488235294117647 4 0
0.491176470588235 4 0
0.494117647058823 4 0
0.497058823529412 4 0
0.5 4 0
