0 134.212842594424
0.000835654596100279 134.212842594424
0.00167130919220056 134.213025901995
0.00250696378830084 134.213795566399
0.00334261838440111 134.215522649854
0.00417827298050139 134.218573861154
0.00501392757660167 134.223313793389
0.00584958217270195 134.230105208972
0.00668523676880223 134.239308935031
0.00752089136490251 134.251283645205
0.00835654596100279 134.266385600645
0.00919220055710306 134.284968374621
0.0100278551532033 134.307382570422
0.0108635097493036 134.333975536943
0.0116991643454039 134.365091084166
0.0125348189415042 134.401069199794
0.0133704735376045 134.442245767813
0.0142061281337047 134.488952289527
0.015041782729805 134.541515607459
0.0158774373259053 134.600257632459
0.0167130919220056 134.665495074282
0.0175487465181059 134.737539175908
0.0183844011142061 134.816695451822
0.0192200557103064 134.903263430473
0.0200557103064067 134.997536401128
0.020891364902507 135.099801165314
0.0217270194986072 135.210337793049
0.0225626740947075 135.329419384035
0.0233983286908078 135.457311834014
0.0242339832869081 135.594273606456
0.0250696378830084 135.740555509746
0.0259052924791086 135.896400480048
0.0267409470752089 136.062043370011
0.0275766016713092 136.237710743465
0.0284122562674095 136.423620676271
0.0292479108635097 136.619982563474
0.03008356545961 136.826996932902
0.0309192200557103 137.044855265354
0.0317548746518106 137.273739821512
0.0325905292479109 137.513823475708
0.0334261838440111 137.765269556667
0.0342618384401114 138.028231695363
0.0350974930362117 138.302853680082
0.035933147632312 138.589269318819
0.0367688022284123 138.887602309107
0.0376044568245125 139.197966115383
0.0384401114206128 139.520463853975
0.0392757660167131 139.855188185816
0.0401114206128134 140.202221216954
0.0409470752089136 140.561634406937
0.0417827298050139 140.93348848516
0.0426183844011142 141.317833375218
0.0434540389972145 141.714708127345
0.0442896935933148 142.124140858985
0.045125348189415 142.546148703545
0.0459610027855153 142.980737767372
0.0467966573816156 143.427903094998
0.0476323119777159 143.887628642673
0.0484679665738162 144.359887260227
0.0493036211699164 144.84464068126
0.0501392757660167 145.341839521696
0.050974930362117 145.851423286689
0.0518105849582173 146.373320385896
0.0526462395543175 146.907448157101
0.0534818941504178 147.453712898194
0.0543175487465181 148.01200990747
0.0551532033426184 148.582223532244
0.0559888579387187 149.164227225735
0.0568245125348189 149.757883612202
0.0576601671309192 150.36304456028
0.0584958217270195 150.979551264468
0.0593314763231198 151.607234334729
0.0601671309192201 152.245913894129
0.0610027855153203 152.895399684465
0.0618384401114206 153.555491179793
0.0626740947075209 154.225977707809
0.0635097493036212 154.906638578967
0.0643454038997214 155.597243223279
0.0651810584958217 156.297551334685
0.066016713091922 157.007313022899
0.0668523676880223 157.726268972633
0.0676880222841226 158.454150610086
0.0685236768802228 159.190680276582
0.0693593314763231 159.935571409244
0.0701949860724234 160.688528728572
0.0710306406685237 161.449248432804
0.071866295264624 162.217418398919
0.0727019498607242 162.992718390146
0.0735376044568245 163.774820269831
0.0743732590529248 164.563388221523
0.0752089136490251 165.358078975117
0.0760445682451253 166.158542038896
0.0768802228412256 166.964419937315
0.0777158774373259 167.775348454364
0.0785515320334262 168.590956882324
0.0793871866295265 169.410868275768
0.0802228412256267 170.234699710597
0.081058495821727 171.062062547956
0.0818941504178273 171.892562702836
0.0827298050139276 172.725800917161
0.0835654596100279 173.56137303719
0.0844011142061281 174.398870295018
0.0852367688022284 175.237879593994
0.0860724233983287 176.077983797838
0.086908077994429 176.918762023268
0.0877437325905292 177.759789935924
0.0885793871866295 178.600640049372
0.0894150417827298 179.440882026993
0.0902506963788301 180.280082986524
0.0910863509749304 181.117807807054
0.0919220055710306 181.953619438239
0.0927576601671309 182.787079211526
0.0935933147632312 183.617747153171
0.0944289693593315 184.445182298809
0.0952646239554318 185.268943009371
0.096100278551532 186.088587288116
0.0969359331476323 186.903673098544
0.0977715877437326 187.713758682979
0.0986072423398329 188.518402881577
0.0994428969359331 189.317165451548
0.100278551532033 190.109607386347
0.101114206128134 190.89529123462
0.101949860724234 191.673781418666
0.102785515320334 192.444644552189
0.103621169916435 193.20744975712
0.104456824512535 193.961768979265
0.105292479108635 194.707177302573
0.106128133704735 195.44325326177
0.106963788300836 196.169579153173
0.107799442896936 196.885741343411
0.108635097493036 197.59133057588
0.109470752089136 198.285942274666
0.110306406685237 198.969176845757
0.111142061281337 199.640639975285
0.111977715877437 200.299942924621
0.112813370473538 200.946702822079
0.113649025069638 201.580542951035
0.114484679665738 202.201093034237
0.115320334261838 202.807989514119
0.116155988857939 203.400875828895
0.116991643454039 203.979402684237
0.117827298050139 204.54322832035
0.11866295264624 205.092018774229
0.11949860724234 205.625448136922
0.12033426183844 206.143198805606
0.12116991643454 206.64496173028
0.122005571030641 207.13043665491
0.122841225626741 207.599332352837
0.123676880222841 208.051366856276
0.124512534818942 208.486267679738
0.125348189415042 208.903772037208
0.126183844011142 209.303627052915
0.127019498607242 209.685589965541
0.127855153203343 210.049428325714
0.128690807799443 210.394920186636
0.129526462395543 210.721854287703
0.130362116991643 211.030030230981
0.131197771587744 211.319258650396
0.132033426183844 211.589361373525
0.132869080779944 211.840171575847
0.133704735376045 212.07153392734
0.134540389972145 212.283304731329
0.135376044568245 212.475352055443
0.136211699164345 212.647555854612
0.137047353760446 212.799808085985
0.137883008356546 212.93201281569
0.138718662952646 213.044086317345
0.139554317548747 213.135957162241
0.140389972144847 213.20756630112
0.141225626740947 213.25886713749
0.142061281337047 213.289825592399
0.142896935933148 213.300420160629
0.143732590529248 213.290641958243
0.144568245125348 213.260494761452
0.145403899721448 213.20999503676
0.146239554317549 213.139171962353
0.147075208913649 213.048067440708
0.147910863509749 212.936736102404
0.14874651810585 212.805245301114
0.14958217270195 212.653675099774
0.15041782729805 212.482118247938
0.15125348189415 212.290680150303
0.152089136490251 212.079478826428
0.152924791086351 211.848644861669
0.153760445682451 211.598321349334
0.154596100278552 211.328663824111
0.155431754874652 211.039840186784
0.156267409470752 210.732030620291
0.157103064066852 210.40542749717
0.157938718662953 210.060235278438
0.158774373259053 209.696670403979
0.159610027855153 209.314961174488
0.160445682451253 208.915347625059
0.161281337047354 208.498081390481
0.162116991643454 208.063425562343
0.162952646239554 207.611654538014
0.163788300835655 207.143053861612
0.164623955431755 206.65792005706
0.165459610027855 206.156560453321
0.166295264623955 205.639293001948
0.167130919220056 205.106446087038
0.167966573816156 204.558358327743
0.168802228412256 203.995378373441
0.169637883008357 203.417864691709
0.170473537604457 202.826185349247
0.171309192200557 202.220717785876
0.172144846796657 201.601848581778
0.172980501392758 200.969973218116
0.173816155988858 200.325495831204
0.174651810584958 199.668828960383
0.175487465181058 199.000393289766
0.176323119777159 198.320617384038
0.177158774373259 197.629937418471
0.177994428969359 196.928796903344
0.17883008356546 196.21764640295
0.17966573816156 195.49694324937
0.18050139275766 194.767151251225
0.18133704735376 194.028740397577
0.182172701949861 193.282186557198
0.183008356545961 192.5279711734
0.183844011142061 191.766580954632
0.184679665738162 190.998507561054
0.185515320334262 190.224247287301
0.186350974930362 189.444300741653
0.187186629526462 188.65917252182
0.188022284122563 187.86937088757
0.188857938718663 187.075407430425
0.189693593314763 186.277796740633
0.190529247910864 185.477056071665
0.191364902506964 184.673705002446
0.192200557103064 183.868265097564
0.193036211699164 183.061259565674
0.193871866295265 182.253212916351
0.194707520891365 181.444650615607
0.195543175487465 180.636098740313
0.196378830083565 179.828083631773
0.197214484679666 179.021131548669
0.198050139275766 178.215768319635
0.198885793871866 177.412518995678
0.199721448467967 176.611907502707
0.200557103064067 175.814456294383
0.201392757660167 175.020686005554
0.202228412256267 174.231115106498
0.203064066852368 173.446259558215
0.203899721448468 172.666632469011
0.204735376044568 171.892743752604
0.205571030640669 171.125099787991
0.206406685236769 170.364203081318
0.207242339832869 169.61055192997
0.208077994428969 168.864640089133
0.20891364902507 168.126956441045
0.20974930362117 167.397984667175
0.21058495821727 166.678202923545
0.21142061281337 165.968083519441
0.212256267409471 165.26809259971
0.213091922005571 164.57868983089
0.213927576601671 163.900328091371
0.214763231197772 163.233453165821
0.215598885793872 162.578503444067
0.216434540389972 161.935909624673
0.217270194986072 161.306094423388
0.218105849582173 160.689472286697
0.218941504178273 160.086449110658
0.219777158774373 159.497421965224
0.220612813370474 158.922778824256
0.221448467966574 158.362898301402
0.222284122562674 157.818149392034
0.223119777158774 157.288891221427
0.223955431754875 156.775472799351
0.224791086350975 156.278232781265
0.225626740947075 155.797499236254
0.226462395543175 155.333589421907
0.227298050139276 154.886809566267
0.228133704735376 154.457454657026
0.228969359331476 154.045808238111
0.229805013927577 153.6521422138
0.230640668523677 153.276716660516
0.231476323119777 152.919779646432
0.232311977715877 152.581567059011
0.233147632311978 152.262302440613
0.233983286908078 151.962196832287
0.234818941504178 151.681448625855
0.235654596100279 151.420243424402
0.236490250696379 151.178753911272
0.237325905292479 150.957139727665
0.238161559888579 150.755547358924
0.23899721448468 150.574110029611
0.23983286908078 150.412947607417
0.24066852367688 150.272166516024
0.24150417827298 150.151859656941
0.242339832869081 150.052106340409
0.243175487465181 149.972972225406
0.244011142061281 149.914509268813
0.244846796657382 149.876755683774
0.245682451253482 149.859735907295
0.246518105849582 149.8634605771
0.247353760445682 149.887926517775
0.248189415041783 149.933116736215
0.249025069637883 149.999000426374
0.249860724233983 150.085532983343
0.250696378830084 150.192656026727
0.251532033426184 150.320297433333
0.252367688022284 150.468371379142
0.253203342618384 150.636778390548
0.254038997214485 150.825405404826
0.254874651810585 151.034125839818
0.255710306406685 151.262799672759
0.256545961002785 151.511273528236
0.257381615598886 151.779380775191
0.258217270194986 152.066941632938
0.259052924791086 152.373763286099
0.259888579387187 152.699640008416
0.260724233983287 153.044353295332
0.261559888579387 153.407672005283
0.262395543175487 153.789352509593
0.263231197771588 154.189138850873
0.264066852367688 154.606762909847
0.264902506963788 155.041944580458
0.265738161559889 155.49439195318
0.266573816155989 155.963801506386
0.267409470752089 156.44985830566
0.268245125348189 156.952236210926
0.26908077994429 157.470598091246
0.26991643454039 158.004596047159
0.27075208913649 158.553871640397
0.271587743732591 159.118056130849
0.272423398328691 159.696770720596
0.273259052924791 160.28962680486
0.274094707520891 160.896226229714
0.274930362116992 161.51616155636
0.275766016713092 162.149016331812
0.276601671309192 162.794365365807
0.277437325905292 163.451775013749
0.278272980501393 164.120803465498
0.279108635097493 164.801001039821
0.279944289693593 165.491910484295
0.280779944289694 166.193067280475
0.281615598885794 166.903999954104
0.282451253481894 167.624230390172
0.283286908077994 168.353274152614
0.284122562674095 169.09064080841
0.284958217270195 169.8358342559
0.285793871866295 170.588353057068
0.286629526462396 171.347690773582
0.287465181058496 172.113336306363
0.288300835654596 172.884774238451
0.289136490250696 173.661485180938
0.289972144846797 174.442946121739
0.290807799442897 175.228630776948
0.291643454038997 176.018009944569
0.292479108635097 176.810551860359
0.293314763231198 177.605722555545
0.294150417827298 178.402986216192
0.294986072423398 179.201805543953
0.295821727019499 180.001642117968
0.296657381615599 180.801956757673
0.297493036211699 181.602209886258
0.298328690807799 182.401861894539
0.2991643454039 183.20037350499
0.3 183.518840058063
0.301117318435754 183.784327509834
0.302234636871508 184.048831674748
0.303351955307263 184.312359809532
0.304469273743017 184.57491909088
0.305586592178771 184.836516616619
0.306703910614525 185.097159406862
0.307821229050279 185.356854405141
0.308938547486033 185.615608479512
0.310055865921788 185.873428423652
0.311173184357542 186.13032095792
0.312290502793296 186.386292730417
0.31340782122905 186.641350318012
0.314525139664804 186.895500227359
0.315642458100559 187.148748895894
0.316759776536313 187.401102692807
0.317877094972067 187.652567920014
0.318994413407821 187.90315081309
0.320111731843575 188.152857542204
0.32122905027933 188.401694213028
0.322346368715084 188.649666867634
0.323463687150838 188.896781485374
0.324581005586592 189.143043983741
0.325698324022346 189.388460219228
0.326815642458101 189.633035988155
0.327932960893855 189.876777027495
0.329050279329609 190.119689015681
0.330167597765363 190.361777573398
0.331284916201117 190.603048264366
0.332402234636872 190.843506596106
0.333519553072626 191.083158020692
0.33463687150838 191.322007935497
0.335754189944134 191.560061683919
0.336871508379888 191.797324556101
0.337988826815642 192.033801789633
0.339106145251397 192.269498570249
0.340223463687151 192.504420032508
0.341340782122905 192.738571260465
0.342458100558659 192.97195728833
0.343575418994413 193.204583101121
0.344692737430168 193.436453635298
0.345810055865922 193.667573779398
0.346927374301676 193.897948374645
0.34804469273743 194.127582215568
0.349162011173184 194.356480050589
0.350279329608939 194.584646582624
0.351396648044693 194.812086469652
0.352513966480447 195.038804325292
0.353631284916201 195.264804719364
0.354748603351955 195.490092178439
0.355865921787709 195.714671186385
0.356983240223464 195.938546184902
0.358100558659218 196.161721574048
0.359217877094972 196.384201712761
0.360335195530726 196.605990919366
0.36145251396648 196.827093472081
0.362569832402235 197.047513609509
0.363687150837989 197.26725553113
0.364804469273743 197.486323397777
0.365921787709497 197.70472133211
0.367039106145251 197.922453419082
0.368156424581006 198.139523706397
0.36927374301676 198.355936204963
0.370391061452514 198.571694889334
0.371508379888268 198.78680369815
0.372625698324022 199.001266534567
0.373743016759777 199.215087266683
0.374860335195531 199.428269727957
0.375977653631285 199.640817717621
0.377094972067039 199.852735001083
0.378212290502793 200.064025310334
0.379329608938548 200.274692344337
0.380446927374302 200.484739769416
0.381564245810056 200.694171219641
0.38268156424581 200.902990297205
0.383798882681564 201.111200572793
0.384916201117318 201.318805585953
0.386033519553073 201.525808845451
0.387150837988827 201.732213829633
0.388268156424581 201.938023986771
0.389385474860335 202.143242735412
0.390502793296089 202.347873464715
0.391620111731844 202.551919534792
0.392737430167598 202.755384277034
0.393854748603352 202.95827099444
0.394972067039106 203.160582961939
0.39608938547486 203.362323426704
0.397206703910615 203.563495608471
0.398324022346369 203.764102699838
0.399441340782123 203.964147866581
0.400558659217877 204.163634247941
0.401675977653631 204.36256495693
0.402793296089385 204.560943080616
0.40391061452514 204.758771680413
0.405027932960894 204.956053792366
0.406145251396648 205.152792427427
0.407262569832402 205.348990571732
0.408379888268156 205.544651186874
0.409497206703911 205.739777210172
0.410614525139665 205.934371554932
0.411731843575419 206.128437110712
0.412849162011173 206.321976743576
0.413966480446927 206.514993296352
0.415083798882682 206.707489588878
0.416201117318436 206.899468418251
0.41731843575419 207.090932559074
0.418435754189944 207.281884763692
0.419553072625698 207.47232776243
0.420670391061453 207.662264263832
0.421787709497207 207.851696954885
0.422905027932961 208.040628501253
0.424022346368715 208.229061547498
0.425139664804469 208.416998717306
0.426256983240223 208.604442613702
0.427374301675978 208.791395819271
0.428491620111732 208.977860896365
0.429608938547486 209.163840387321
0.43072625698324 209.349336814664
0.431843575418994 209.534352681314
0.432960893854749 209.71889047079
0.434078212290503 209.902952647406
0.435195530726257 210.086541656473
0.436312849162011 210.269659924492
0.437430167597765 210.452309859344
0.43854748603352 210.634493850484
0.439664804469274 210.816214269128
0.440782122905028 210.997473468436
0.441899441340782 211.178273783694
0.443016759776536 211.3586175325
0.444134078212291 211.538507014936
0.445251396648045 211.717944513748
0.446368715083799 211.896932294518
0.447486033519553 212.075472605836
0.448603351955307 212.25356767947
0.449720670391061 212.431219730533
0.450837988826816 212.608430957647
0.45195530726257 212.785203543111
0.453072625698324 212.961539653055
0.454189944134078 213.137441437604
0.455307262569832 213.312911031037
0.456424581005587 213.487950551937
0.457541899441341 213.662562103349
0.458659217877095 213.836747772927
0.459776536312849 214.010509633091
0.460893854748603 214.183849741167
0.462011173184358 214.356770139538
0.463128491620112 214.529272855787
0.464245810055866 214.701359902841
0.46536312849162 214.873033279108
0.466480446927374 215.044294968622
0.467597765363129 215.215146941175
0.468715083798883 215.385591152457
0.469832402234637 215.555629544189
0.470949720670391 215.725264044254
0.472067039106145 215.89449656683
0.473184357541899 216.063329012521
0.474301675977654 216.231763268482
0.475418994413408 216.399801208546
0.476536312849162 216.567444693352
0.477653631284916 216.734695570465
0.47877094972067 216.901555674501
0.479888268156425 217.068026827245
0.481005586592179 217.234110837774
0.482122905027933 217.39980950257
0.483240223463687 217.565124605643
0.484357541899441 217.730057918639
0.485474860335196 217.89461120096
0.48659217877095 218.058786199874
0.487709497206704 218.222584650624
0.488826815642458 218.386008276545
0.489944134078212 218.549058789165
0.491061452513966 218.711737888316
0.492178770949721 218.874047262242
0.493296089385475 219.035988587701
0.494413407821229 219.19756353007
0.495530726256983 219.358773743451
0.496648044692737 219.519620870765
0.497765363128492 219.68010654386
0.498882681564246 219.840232383608
0.5 220
