0 4 -0
0.00079155672823219 4 -745.94775379813
0.00158311345646438 4 -1491.43424327321
0.00237467018469657 4 -2235.99848932965
0.00316622691292876 4 -2979.18008315037
0.00395778364116095 4 -3720.51947089526
0.00474934036939314 4 -4459.55823787095
0.00554089709762533 4 -5195.83939199613
0.00633245382585752 4 -5928.90764638723
0.00712401055408971 4 -6658.30970088966
0.0079155672823219 4 -7383.59452238055
0.00870712401055409 4 -8104.31362366961
0.00949868073878628 4 -8820.02134082572
0.0102902374670185 4 -9530.27510875773
0.0110817941952507 4 -10234.635734879
0.0118733509234829 4 -10932.6676706868
0.012664907651715 4 -11623.9392810876
0.0134564643799472 4 -12308.0231113036
0.0142480211081794 4 -12984.4961511934
0.0150395778364116 4 -13652.9400968245
0.0158311345646438 4 -14312.941609136
0.016622691292876 4 -14964.0925695307
0.0174142480211082 4 -15605.9903322397
0.0182058047493404 4 -16238.2379733022
0.0189973614775726 4 -16860.4445360075
0.0197889182058047 4 -17472.2252726471
0.0205804749340369 4 -18073.2018824273
0.0213720316622691 4 -18663.0027453952
0.0221635883905013 4 -19241.263152234
0.0229551451187335 4 -19807.625529784
0.0237467018469657 4 -20361.7396621525
0.0245382585751979 4 -20903.2629072724
0.0253298153034301 4 -21431.8604087792
0.0261213720316623 4 -21947.2053030722
0.0269129287598944 4 -22448.9789214341
0.0277044854881266 4 -22936.8709870833
0.0284960422163588 4 -23410.5798070362
0.029287598944591 4 -23869.8124586625
0.0300791556728232 4 -24314.2849708166
0.0308707124010554 4 -24743.7224994342
0.0316622691292876 4 -25157.8594974847
0.0324538258575198 4 -25556.4398791752
0.033245382585752 4 -25939.2171783035
0.0340369393139841 4 -26305.954700663
0.0348284960422163 4 -26656.4256704048
0.0356200527704485 4 -26990.4133702673
0.0364116094986807 4 -27307.7112755851
0.0372031662269129 4 -27608.1231819955
0.0379947229551451 4 -27891.4633267641
0.0387862796833773 4 -28157.5565036522
0.0395778364116095 4 -28406.238171258
0.0403693931398417 4 -28637.3545547622
0.0411609498680738 4 -28850.7627410163
0.041952506596306 4 -29046.330766914
0.0427440633245382 4 -29223.9377009927
0.0435356200527704 4 -29383.4737182118
0.0443271767810026 4 -29524.8401678648
0.0451187335092348 4 -29647.9496345806
0.045910290237467 4 -29752.7259923778
0.0467018469656992 4 -29839.104451738
0.0474934036939314 4 -29907.0315996689
0.0482849604221635 4 -29956.465432733
0.0490765171503957 4 -29987.3753830206
0.0498680738786279 4 -29999.7423370519
0.0506596306068601 4 -29993.5586475962
0.0514511873350923 4 -29968.8281384001
0.0522427440633245 4 -29925.5661018236
0.0530343007915567 4 -29863.7992893839
0.0538258575197889 4 -29783.5658952128
0.0546174142480211 4 -29684.9155324394
0.0554089709762532 4 -29567.9092025113
0.0562005277044854 4 -29432.6192574738
0.0569920844327176 4 -29279.1293552299
0.0577836411609498 4 -29107.5344078099
0.058575197889182 4 -28917.9405226817
0.0593667546174142 4 -28710.4649371378
0.0601583113456464 4 -28485.2359458009
0.0609498680738786 4 -28242.3928212911
0.0617414248021107 4 -27982.0857281056
0.0625329815303429 4 -27704.4756297632
0.0633245382585751 4 -27409.7341892701
0.0641160949868073 4 -27098.0436629713
0.0649076517150395 4 -26769.5967878498
0.0656992084432717 4 -26424.5966623462
0.0664907651715039 4 -26063.2566207705
0.0672823218997361 4 -25685.8001013845
0.0680738786279683 4 -25292.4605082372
0.0688654353562005 4 -24883.4810668363
0.0696569920844327 4 -24459.1146737475
0.0704485488126649 4 -24019.6237402134
0.0712401055408971 4 -23565.2800298891
0.0720316622691293 4 -23096.3644907938
0.0728232189973615 4 -22613.1670815843
0.0736147757255937 4 -22115.9865922559
0.0744063324538259 4 -21605.1304593826
0.0751978891820581 4 -21080.9145760108
0.0759894459102903 4 -20543.6630963233
0.0767810026385225 4 -19993.7082351954
0.0775725593667547 4 -19431.3900627668
0.0783641160949868 4 -18857.0562941553
0.079155672823219 4 -18271.0620744439
0.0799472295514512 4 -17673.7697590733
0.0807387862796834 4 -17065.5486897758
0.0815303430079156 4 -16446.7749661888
0.0823218997361478 4 -15817.8312132902
0.08311345646438 4 -15179.1063447979
0.0839050131926122 4 -14530.9953226817
0.0846965699208444 4 -13873.898912934
0.0854881266490766 4 -13208.2234377523
0.0862796833773088 4 -12534.3805242861
0.087071240105541 4 -11852.7868501025
0.0878627968337732 4 -11163.8638855298
0.0886543535620054 4 -10468.0376330371
0.0894459102902376 4 -9765.73836381117
0.0902374670184698 4 -9057.40035169406
0.091029023746702 4 -8343.46160464541
0.0918205804749342 4 -7624.36359389586
0.0926121372031664 4 -6900.55098095881
0.0934036939313986 4 -6172.47134266952
0.0941952506596308 4 -5440.57489442149
0.094986807387863 4 -4705.31421177113
0.0957783641160952 4 -3967.14395058318
0.0965699208443273 4 -3226.52056588961
0.0973614775725595 4 -2483.9020296361
0.0981530343007917 4 -1739.74754749042
0.0989445910290239 4 -994.517274887978
0.0997361477572561 4 -248.672032490114
0.100527704485488 4 497.326978769099
0.101319261213721 4 1243.01846287105
0.102110817941953 4 1987.94131395963
0.102902374670185 4 2731.63490147074
0.103693931398417 4 3473.6393549678
0.104485488126649 4 4213.49584850733
0.105277044854881 4 4950.74688435851
0.106068601583114 4 5684.93657590164
0.106860158311346 4 6415.61092953014
0.107651715039578 4 7142.31812538214
0.10844327176781 4 7864.60879672779
0.109234828496042 4 8582.03630783979
0.110026385224275 4 9294.15703017502
0.110817941952507 4 10000.5306166968
0.111609498680739 4 10700.7202741678
0.112401055408971 4 11394.2930332458
0.113192612137203 4 12080.8200162144
0.113984168865436 4 12759.876702184
0.114775725593668 4 13431.0431895984
0.1155672823219 4 14093.9044558855
0.116358839050132 4 14748.0506140906
0.117150395778364 4 15393.0771663338
0.117941952506597 4 16028.5852539357
0.118733509234829 4 16654.1819040557
0.119525065963061 4 17269.4802726904
0.120316622691293 4 17874.0998838829
0.121108179419525 4 18467.6668649937
0.121899736147758 4 19049.8141778886
0.12269129287599 4 19620.1818459005
0.123482849604222 4 20178.4171764249
0.124274406332454 4 20724.1749790102
0.125065963060686 4 21257.1177788104
0.125857519788919 4 21776.9160252659
0.126649076517151 4 22283.2482958842
0.127440633245383 4 22775.8014949949
0.128232189973615 4 23254.2710473556
0.129023746701847 4 23718.3610864889
0.12981530343008 4 24167.7846376348
0.130606860158312 4 24602.2637952039
0.131398416886544 4 25021.5298946236
0.132189973614776 4 25425.3236784693
0.132981530343008 4 25813.395456779
0.133773087071241 4 26185.5052614513
0.134564643799473 4 26541.4229946326
0.135356200527705 4 26880.9285709999
0.136147757255937 4 27203.8120538532
0.136939313984169 4 27509.8737849318
0.137730870712402 4 27798.9245078748
0.138522427440634 4 28070.78548525
0.139313984168866 4 28325.2886090781
0.140105540897098 4 28562.2765047835
0.14089709762533 4 28781.6026285087
0.141688654353562 4 28983.1313577313
0.142480211081795 4 29166.7380751274
0.143271767810027 4 29332.30924563
0.144063324538259 4 29479.7424866345
0.144854881266491 4 29608.9466313082
0.145646437994723 4 29719.8417849641
0.146437994722956 4 29812.3593744645
0.147229551451188 4 29886.4421906242
0.14802110817942 4 29942.0444235859
0.148812664907652 4 29979.1316911477
0.149604221635884 4 29997.6810600233
0.150395778364117 4 29997.6810600233
0.151187335092349 4 29979.1316911477
0.151978891820581 4 29942.0444235858
0.152770448548813 4 29886.4421906241
0.153562005277045 4 29812.3593744644
0.154353562005278 4 29719.8417849639
0.15514511873351 4 29608.946631308
0.155936675461742 4 29479.7424866343
0.156728232189974 4 29332.3092456298
0.157519788918206 4 29166.7380751272
0.158311345646439 4 28983.1313577311
0.159102902374671 4 28781.6026285084
0.159894459102903 4 28562.2765047832
0.160686015831135 4 28325.2886090778
0.161477572559367 4 28070.7854852497
0.1622691292876 4 27798.9245078744
0.163060686015832 4 27509.8737849314
0.163852242744064 4 27203.8120538528
0.164643799472296 4 26880.9285709995
0.165435356200528 4 26541.4229946321
0.166226912928761 4 26185.5052614508
0.167018469656993 4 25813.3954567785
0.167810026385225 4 25425.3236784688
0.168601583113457 4 25021.529894623
0.169393139841689 4 24602.2637952033
0.170184696569922 4 24167.7846376342
0.170976253298154 4 23718.3610864883
0.171767810026386 4 23254.2710473549
0.172559366754618 4 22775.8014949942
0.17335092348285 4 22283.2482958835
0.174142480211083 4 21776.9160252652
0.174934036939315 4 21257.1177788097
0.175725593667547 4 20724.1749790094
0.176517150395779 4 20178.4171764241
0.177308707124011 4 19620.1818458998
0.178100263852243 4 19049.8141778878
0.178891820580476 4 18467.6668649929
0.179683377308708 4 17874.0998838821
0.18047493403694 4 17269.4802726895
0.181266490765172 4 16654.1819040548
0.182058047493404 4 16028.5852539348
0.182849604221637 4 15393.0771663329
0.183641160949869 4 14748.0506140897
0.184432717678101 4 14093.9044558846
0.185224274406333 4 13431.0431895975
0.186015831134565 4 12759.876702183
0.186807387862798 4 12080.8200162135
0.18759894459103 4 11394.2930332449
0.188390501319262 4 10700.7202741669
0.189182058047494 4 10000.5306166958
0.189973614775726 4 9294.15703017403
0.190765171503959 4 8582.03630783881
0.191556728232191 4 7864.6087967268
0.192348284960423 4 7142.31812538115
0.193139841688655 4 6415.61092952914
0.193931398416887 4 5684.93657590064
0.19472295514512 4 4950.7468843575
0.195514511873352 4 4213.4958485063
0.196306068601584 4 3473.6393549668
0.197097625329816 4 2731.63490146972
0.197889182058048 4 1987.94131395862
0.198680738786281 4 1243.01846287002
0.199472295514513 4 497.326978768085
0.200263852242745 4 -248.672032491142
0.201055408970977 4 -994.517274889019
0.201846965699209 4 -1739.74754749143
0.202638522427442 4 -2483.90202963712
0.203430079155674 4 -3226.52056589062
0.204221635883906 4 -3967.1439505842
0.205013192612138 4 -4705.31421177214
0.20580474934037 4 -5440.57489442251
0.206596306068603 4 -6172.47134267054
0.207387862796835 4 -6900.5509809598
0.208179419525067 4 -7624.36359389685
0.208970976253299 4 -8343.46160464639
0.209762532981531 4 -9057.40035169504
0.210554089709763 4 -9765.73836381213
0.211345646437996 4 -10468.0376330381
0.212137203166228 4 -11163.8638855308
0.21292875989446 4 -11852.7868501034
0.213720316622692 4 -12534.380524287
0.214511873350924 4 -13208.2234377533
0.215303430079157 4 -13873.8989129349
0.216094986807389 4 -14530.9953226826
0.216886543535621 4 -15179.1063447988
0.217678100263853 4 -15817.8312132911
0.218469656992085 4 -16446.7749661897
0.219261213720318 4 -17065.5486897766
0.22005277044855 4 -17673.7697590741
0.220844327176782 4 -18271.0620744447
0.221635883905014 4 -18857.056294156
0.222427440633246 4 -19431.3900627676
0.223218997361479 4 -19993.7082351962
0.224010554089711 4 -20543.6630963241
0.224802110817943 4 -21080.9145760116
0.225593667546175 4 -21605.1304593834
0.226385224274407 4 -22115.9865922566
0.22717678100264 4 -22613.1670815849
0.227968337730872 4 -23096.3644907944
0.228759894459104 4 -23565.2800298897
0.229551451187336 4 -24019.6237402141
0.230343007915568 4 -24459.1146737481
0.231134564643801 4 -24883.4810668369
0.231926121372033 4 -25292.4605082378
0.232717678100265 4 -25685.8001013851
0.233509234828497 4 -26063.256620771
0.234300791556729 4 -26424.5966623467
0.235092348284962 4 -26769.5967878503
0.235883905013194 4 -27098.0436629718
0.236675461741426 4 -27409.7341892705
0.237467018469658 4 -27704.4756297636
0.23825857519789 4 -27982.085728106
0.239050131926123 4 -28242.3928212914
0.239841688654355 4 -28485.2359458012
0.240633245382587 4 -28710.4649371381
0.241424802110819 4 -28917.940522682
0.242216358839051 4 -29107.5344078102
0.243007915567284 4 -29279.1293552301
0.243799472295516 4 -29432.619257474
0.244591029023748 4 -29567.9092025115
0.24538258575198 4 -29684.9155324395
0.246174142480212 4 -29783.5658952129
0.246965699208444 4 -29863.799289384
0.247757255936677 4 -29925.5661018237
0.248548812664909 4 -29968.8281384001
0.249340369393141 4 -29993.5586475962
0.250131926121373 4 -29999.7423370519
0.250923482849605 4 -29987.3753830206
0.251715039577838 4 -29956.4654327329
0.25250659630607 4 -29907.0315996688
0.253298153034302 4 -29839.1044517379
0.254089709762534 4 -29752.7259923777
0.254881266490766 4 -29647.9496345805
0.255672823218998 4 -29524.8401678646
0.256464379947231 4 -29383.4737182116
0.257255936675463 4 -29223.9377009925
0.258047493403695 4 -29046.3307669138
0.258839050131927 4 -28850.762741016
0.259630606860159 4 -28637.354554762
0.260422163588391 4 -28406.2381712577
0.261213720316624 4 -28157.5565036519
0.262005277044856 4 -27891.4633267638
0.262796833773088 4 -27608.1231819952
0.26358839050132 4 -27307.7112755848
0.264379947229552 4 -26990.413370267
0.265171503957784 4 -26656.4256704045
0.265963060686017 4 -26305.9547006626
0.266754617414249 4 -25939.2171783032
0.267546174142481 4 -25556.4398791749
0.268337730870713 4 -25157.8594974844
0.269129287598945 4 -24743.7224994338
0.269920844327177 4 -24314.2849708162
0.27071240105541 4 -23869.8124586622
0.271503957783642 4 -23410.5798070359
0.272295514511874 4 -22936.870987083
0.273087071240106 4 -22448.9789214338
0.273878627968338 4 -21947.2053030719
0.27467018469657 4 -21431.8604087789
0.275461741424803 4 -20903.2629072721
0.276253298153035 4 -20361.7396621522
0.277044854881267 4 -19807.6255297837
0.277836411609499 4 -19241.2631522336
0.278627968337731 4 -18663.0027453949
0.279419525065963 4 -18073.201882427
0.280211081794196 4 -17472.2252726468
0.281002638522428 4 -16860.4445360072
0.28179419525066 4 -16238.2379733019
0.282585751978892 4 -15605.9903322394
0.283377308707124 4 -14964.0925695305
0.284168865435356 4 -14312.9416091358
0.284960422163589 4 -13652.9400968243
0.285751978891821 4 -12984.4961511932
0.286543535620053 4 -12308.0231113035
0.287335092348285 4 -11623.9392810875
0.288126649076517 4 -10932.6676706866
0.288918205804749 4 -10234.6357348789
0.289709762532982 4 -9530.27510875764
0.290501319261214 4 -8820.02134082561
0.291292875989446 4 -8104.31362366954
0.292084432717678 4 -7383.59452238052
0.29287598944591 4 -6658.30970088966
0.293667546174142 4 -5928.90764638722
0.294459102902375 4 -5195.83939199615
0.295250659630607 4 -4459.55823787101
0.296042216358839 4 -3720.5194708953
0.296833773087071 4 -2979.18008315044
0.297625329815303 4 -2235.99848932976
0.298416886543535 4 -1491.43424327336
0.299208443271768 4 -745.947753798264
0.3 4 -1.70893572730424e-010
0.301058201058201 4 0
0.302116402116402 4 0
0.303174603174603 4 0
0.304232804232804 4 0
0.305291005291005 4 0
0.306349206349206 4 0
0.307407407407407 4 0
0.308465608465608 4 0
0.309523809523809 4 0
0.31058201058201 4 0
0.311640211640211 4 0
0.312698412698412 4 0
0.313756613756613 4 0
0.314814814814814 4 0
0.315873015873015 4 0
0.316931216931216 4 0
0.317989417989417 4 0
0.319047619047618 4 0
0.32010582010582 4 0
0.321164021164021 4 0
0.322222222222222 4 0
0.323280423280423 4 0
0.324338624338624 4 0
0.325396825396825 4 0
0.326455026455026 4 0
0.327513227513227 4 0
0.328571428571428 4 0
0.329629629629629 4 0
0.33068783068783 4 0
0.331746031746031 4 0
0.332804232804232 4 0
0.333862433862433 4 0
0.334920634920634 4 0
0.335978835978835 4 0
0.337037037037036 4 0
0.338095238095237 4 0
0.339153439153438 4 0
0.340211640211639 4 0
0.34126984126984 4 0
0.342328042328041 4 0
0.343386243386242 4 0
0.344444444444443 4 0
0.345502645502644 4 0
0.346560846560845 4 0
0.347619047619046 4 0
0.348677248677247 4 0
0.349735449735449 4 0
0.35079365079365 4 0
0.351851851851851 4 0
0.352910052910052 4 0
0.353968253968253 4 0
0.355026455026454 4 0
0.356084656084655 4 0
0.357142857142856 4 0
0.358201058201057 4 0
0.359259259259258 4 0
0.360317460317459 4 0
0.36137566137566 4 0
0.362433862433861 4 0
0.363492063492062 4 0
0.364550264550263 4 0
0.365608465608464 4 0
0.366666666666665 4 0
0.367724867724866 4 0
0.368783068783067 4 0
0.369841269841268 4 0
0.370899470899469 4 0
0.37195767195767 4 0
0.373015873015871 4 0
0.374074074074072 4 0
0.375132275132273 4 0
0.376190476190474 4 0
0.377248677248675 4 0
0.378306878306876 4 0
0.379365079365078 4 0
0.380423280423279 4 0
0.38148148148148 4 0
0.382539682539681 4 0
0.383597883597882 4 0
0.384656084656083 4 0
0.385714285714284 4 0
0.386772486772485 4 0
0.387830687830686 4 0
0.388888888888887 4 0
0.389947089947088 4 0
0.391005291005289 4 0
0.39206349206349 4 0
0.393121693121691 4 0
0.394179894179892 4 0
0.395238095238093 4 0
0.396296296296294 4 0
0.397354497354495 4 0
0.398412698412696 4 0
0.399470899470897 4 0
0.400529100529098 4 0
0.401587301587299 4 0
0.4026455026455 4 0
0.403703703703701 4 0
0.404761904761902 4 0
0.405820105820103 4 0
0.406878306878304 4 0
0.407936507936505 4 0
0.408994708994707 4 0
0.410052910052908 4 0
0.411111111111109 4 0
0.41216931216931 4 0
0.413227513227511 4 0
0.414285714285712 4 0
0.415343915343913 4 0
0.416402116402114 4 0
0.417460317460315 4 0
0.418518518518516 4 0
0.419576719576717 4 0
0.420634920634918 4 0
0.421693121693119 4 0
0.42275132275132 4 0
0.423809523809521 4 0
0.424867724867722 4 0
0.425925925925923 4 0
0.426984126984124 4 0
0.428042328042325 4 0
0.429100529100526 4 0
0.430158730158727 4 0
0.431216931216928 4 0
0.432275132275129 4 0
0.43333333333333 4 0
0.434391534391531 4 0
0.435449735449732 4 0
0.436507936507933 4 0
0.437566137566134 4 0
0.438624338624336 4 0
0.439682539682537 4 0
0.440740740740738 4 0
0.441798941798939 4 0
0.44285714285714 4 0
0.443915343915341 4 0
0.444973544973542 4 0
0.446031746031743 4 0
0.447089947089944 4 0
0.448148148148145 4 0
0.449206349206346 4 0
0.450264550264547 4 0
0.451322751322748 4 0
0.452380952380949 4 0
0.45343915343915 4 0
0.454497354497351 4 0
0.455555555555552 4 0
0.456613756613753 4 0
0.457671957671954 4 0
0.458730158730155 4 0
0.459788359788356 4 0
0.460846560846557 4 0
0.461904761904758 4 0
0.462962962962959 4 0
0.46402116402116 4 0
0.465079365079361 4 0
0.466137566137562 4 0
0.467195767195764 4 0
0.468253968253965 4 0
0.469312169312166 4 0
0.470370370370367 4 0
0.471428571428568 4 0
0.472486772486769 4 0
0.47354497354497 4 0
0.474603174603171 4 0
0.475661375661372 4 0
0.476719576719573 4 0
0.477777777777774 4 0
0.478835978835975 4 0
0.479894179894176 4 0
0.480952380952377 4 0
0.482010582010578 4 0
0.483068783068779 4 0
0.48412698412698 4 0
0.485185185185181 4 0
0.486243386243382 4 0
0.487301587301583 4 0
0.488359788359784 4 0
0.489417989417985 4 0
0.490476190476186 4 0
0.491534391534387 4 0
0.492592592592588 4 0
0.493650793650789 4 0
0.49470899470899 4 0
0.495767195767191 4 0
0.496825396825393 4 0
0.497883597883594 4 0
0.498941798941795 4 0
0.499999999999996 4 0
