0.000417827298050139 -0 -0
0.00125348189415042 -0.219358060175428 -0.219358060175428
0.0020891364902507 -0.921031736519164 -0.921031736519164
0.00292479108635097 -2.06674320161985 -2.06674320161985
0.00376044568245125 -3.65128285492356 -3.65128285492356
0.00459610027855153 -5.67211890869658 -5.67211890869658
0.00543175487465181 -8.12706064778714 -8.12706064778714
0.00626740947075209 -11.0137921827961 -11.0137921827961
0.00710306406685237 -14.3297365082561 -14.3297365082561
0.00793871866295265 -18.0720066775223 -18.0720066775223
0.00877437325905293 -22.2373861911695 -22.2373861911695
0.0096100278551532 -26.8223209752198 -26.8223209752198
0.0104456824512535 -31.822916603405 -31.822916603405
0.0112813370473538 -37.2349381768344 -37.2349381768344
0.012116991643454 -43.053811701011 -43.053811701011
0.0129526462395543 -49.2746263960837 -49.2746263960837
0.0137883008356546 -55.892137650866 -55.892137650866
0.0146239554317549 -62.9007704593728 -62.9007704593728
0.0154596100278552 -70.2946232495757 -70.2946232495757
0.0162952646239554 -78.0674720481573 -78.0674720481573
0.0171309192200557 -86.2127749464327 -86.2127749464327
0.017966573816156 -94.7236768436368 -94.7236768436368
0.0188022284122563 -103.593014451892 -103.593014451892
0.0196378830083565 -112.813321550005 -112.813321550005
0.0204735376044568 -122.376834476802 -122.376834476802
0.0213091922005571 -132.275497856014 -132.275497856014
0.0221448467966574 -142.50097054629 -142.50097054629
0.0229805013927577 -153.044631808868 -153.044631808868
0.0238161559888579 -163.897587688884 -163.897587688884
0.0246518105849582 -175.050677602819 -175.050677602819
0.0254874651810585 -186.494481128348 -186.494481128348
0.0263231197771588 -198.219324989477 -198.219324989477
0.0271587743732591 -210.215290233309 -210.215290233309
0.0279944289693593 -222.47221959094 -222.47221959094
0.0288300835654596 -234.979725019127 -234.979725019127
0.0296657381615599 -247.727195415314 -247.727195415314
0.0305013927576602 -260.703804501314 -260.703804501314
0.0313370473537604 -273.898518869778 -273.898518869778
0.0321727019498607 -287.300106187284 -287.300106187284
0.033008356545961 -300.897143548044 -300.897143548044
0.0338440111420613 -314.678025973046 -314.678025973046
0.0346796657381616 -328.630975047008 -328.630975047008
0.0355153203342618 -342.744047688335 -342.744047688335
0.0363509749303621 -357.005145044882 -357.005145044882
0.0371866295264624 -371.402021509397 -371.402021509397
0.0380222841225627 -385.922293848331 -385.922293848331
0.038857938718663 -400.553450436927 -400.553450436927
0.0396935933147632 -415.282860594745 -415.282860594745
0.0405292479108635 -430.097784013672 -430.097784013672
0.0413649025069638 -444.985380273467 -444.985380273467
0.0422005571030641 -459.932718435839 -459.932718435839
0.0430362116991643 -474.926786712101 -474.926786712101
0.0438718662952646 -489.954502196184 -489.954502196184
0.0447075208913649 -505.002720656527 -505.002720656527
0.0455431754874652 -520.058246379632 -520.058246379632
0.0463788300835655 -535.107842058445 -535.107842058445
0.0472144846796657 -550.138238718183 -550.138238718183
0.048050139275766 -565.136145672534 -565.136145672534
0.0488857938718663 -580.088260503153 -580.088260503153
0.0497214484679666 -594.981279055317 -594.981279055317
0.0505571030640669 -609.801905442078 -609.801905442078
0.0513927576601671 -624.536862050528 -624.536862050528
0.0522284122562674 -639.172899542213 -639.172899542213
0.0530640668523677 -653.696806840998 -653.696806840998
0.053899721448468 -668.095421100624 -668.095421100624
0.0547353760445682 -682.35563764564 -682.35563764564
0.0555710306406685 -696.464419877466 -696.464419877466
0.0564066852367688 -710.408809139409 -710.408809139409
0.0572423398328691 -724.175934532942 -724.175934532942
0.0580779944289694 -737.753022678202 -737.753022678202
0.0589136490250696 -751.127407412075 -751.127407412075
0.0597493036211699 -764.286539416086 -764.286539416086
0.0605849582172702 -777.217995768136 -777.217995768136
0.0614206128133705 -789.909489410097 -789.909489410097
0.0622562674094708 -802.34887852537 -802.34887852537
0.063091922005571 -814.52417581891 -814.52417581891
0.0639275766016713 -826.423557693575 -826.423557693575
0.0647632311977716 -838.035373315469 -838.035373315469
0.0655988857938719 -849.348153562422 -849.348153562422
0.0664345403899722 -860.350619848562 -860.350619848562
0.0672701949860724 -871.031692818843 -871.031692818843
0.0681058495821727 -881.380500907192 -881.380500907192
0.068941504178273 -891.386388751986 -891.386388751986
0.0697771587743733 -901.038925462607 -901.038925462607
0.0706128133704735 -910.327912731311 -910.327912731311
0.0714484679665738 -919.243392784595 -919.243392784595
0.0722841225626741 -927.775656167503 -927.775656167503
0.0731197771587744 -935.915249356071 -935.915249356071
0.0739554317548747 -943.652982192168 -943.652982192168
0.0747910863509749 -950.979935134431 -950.979935134431
0.0756267409470752 -957.887466321742 -957.887466321742
0.0764623955431755 -964.367218441666 -964.367218441666
0.0772980501392758 -970.411125401136 -970.411125401136
0.078133704735376 -976.011418793113 -976.011418793113
0.0789693593314763 -981.160634154545 -981.160634154545
0.0798050139275766 -985.851617011522 -985.851617011522
0.0806406685236769 -990.07752870693 -990.07752870693
0.0814763231197771 -993.831852005864 -993.831852005864
0.0823119777158774 -997.108396475498 -997.108396475498
0.0831476323119777 -999.901303634371 -999.901303634371
0.083983286908078 -1002.2050518682 -1002.2050518682
0.0848189415041783 -1004.01446110785 -1004.01446110785
0.0856545961002785 -1005.32469726652 -1005.32469726652
0.0864902506963788 -1006.13127643187 -1006.13127643187
0.0873259052924791 -1006.43006881137 -1006.43006881137
0.0881615598885794 -1006.2173024262 -1006.2173024262
0.0889972144846797 -1005.48956655252 -1005.48956655252
0.0898328690807799 -1004.24381490595 -1004.24381490595
0.0906685236768802 -1002.47736856783 -1002.47736856783
0.0915041782729805 -1000.18791865067 -1000.18791865067
0.0923398328690808 -997.373528700582 -997.373528700582
0.0931754874651811 -994.032636834874 -994.032636834874
0.0940111420612813 -990.164057613132 -990.164057613132
0.0948467966573816 -985.766983639762 -985.766983639762
0.0956824512534819 -980.840986898144 -980.840986898144
0.0965181058495822 -975.386019812508 -975.386019812508
0.0973537604456824 -969.402416040049 -969.402416040049
0.0981894150417827 -962.890890989032 -962.890890989032
0.099025069637883 -955.852542064952 -955.852542064952
0.0998607242339833 -948.288848642933 -948.288848642933
0.100696378830084 -940.20167176688 -940.20167176688
0.101532033426184 -931.593253574537 -931.593253574537
0.102367688022284 -922.466216449531 -922.466216449531
0.103203342618384 -912.823561900584 -912.823561900584
0.104038997214485 -902.668669167708 -902.668669167708
0.104874651810585 -892.005293557442 -892.005293557442
0.105710306406685 -880.837564506867 -880.837564506867
0.106545961002786 -869.169983378177 -869.169983378177
0.107381615598886 -857.007420985355 -857.007420985355
0.108217270194986 -844.355114853704 -844.355114853704
0.109052924791086 -831.218666214712 -831.218666214712
0.109888579387187 -817.604036738078 -817.604036738078
0.110724233983287 -803.517545001944 -803.517545001944
0.111559888579387 -788.965862705686 -788.965862705686
0.112395543175487 -773.956010625342 -773.956010625342
0.113231197771588 -758.495354316429 -758.495354316429
0.114066852367688 -742.591599565162 -742.591599565162
0.114902506963788 -726.25278759286 -726.25278759286
0.115738161559889 -709.487290014997 -709.487290014997
0.116573816155989 -692.30380355968 -692.30380355968
0.117409470752089 -674.711344548103 -674.711344548103
0.118245125348189 -656.719243141272 -656.719243141272
0.11908077994429 -638.337137356597 -638.337137356597
0.11991643454039 -619.57496685834 -619.57496685834
0.12075208913649 -600.442966526324 -600.442966526324
0.121587743732591 -580.951659807252 -580.951659807252
0.122423398328691 -561.111851852566 -561.111851852566
0.123259052924791 -540.934622448736 -540.934622448736
0.124094707520891 -520.431318743147 -520.431318743147
0.124930362116992 -499.613547772261 -499.613547772261
0.125766016713092 -478.493168795746 -478.493168795746
0.126601671309192 -457.082285442462 -457.082285442462
0.127437325905292 -435.393237673955 -435.393237673955
0.128272980501393 -413.438593570213 -413.438593570213
0.129108635097493 -391.231140943951 -391.231140943951
0.129944289693593 -368.783878788619 -368.783878788619
0.130779944289694 -346.110008566922 -346.110008566922
0.131615598885794 -323.222925344866 -323.222925344866
0.132451253481894 -300.13620877766 -300.13620877766
0.133286908077994 -276.863613954309 -276.863613954309
0.134122562674095 -253.419062106768 -253.419062106768
0.134958217270195 -229.816631189738 -229.816631189738
0.135793871866295 -206.070546338341 -206.070546338341
0.136629526462396 -182.195170209224 -182.195170209224
0.137465181058496 -158.204993213849 -158.204993213849
0.138300835654596 -134.1146236477 -134.1146236477
0.139136490250696 -109.938777725335 -109.938777725335
0.139972144846797 -85.6922695253515 -85.6922695253515
0.140807799442897 -61.3900008554759 -61.3900008554759
0.141643454038997 -37.0469510413559 -37.0469510413559
0.142479108635097 -12.6781666486063 -12.6781666486063
0.143314763231198 11.7012488553848 11.7012488553848
0.144150417827298 36.0761454932376 36.0761454932376
0.144986072423398 60.4313372148658 60.4313372148658
0.145821727019499 84.7516123737814 84.7516123737814
0.146657381615599 109.021744234408 109.021744234408
0.147493036211699 133.226501503462 133.226501503462
0.148328690807799 157.35065887819 157.35065887819
0.1491643454039 181.379007603306 181.379007603306
0.15 205.296366030087 205.296366030087
0.1508356545961 229.087590170294 229.087590170294
0.151671309192201 252.737584236408 252.737584236408
0.152506963788301 276.231311161946 276.231311161946
0.153342618384401 299.553803093836 299.553803093836
0.154178272980501 322.690171850171 322.690171850171
0.155013927576602 345.625619334917 345.625619334917
0.155849582172702 368.345447902994 368.345447902994
0.156685236768802 390.835070668533 390.835070668533
0.157520891364902 413.080021748747 413.080021748747
0.158356545961003 435.065966435908 435.065966435908
0.159192200557103 456.77871129091 456.77871129091
0.160027855153203 478.20421415095 478.20421415095
0.160863509749304 499.328594044358 499.328594044358
0.161699164345404 520.138141005083 520.138141005083
0.162534818941504 540.619325780822 540.619325780822
0.163370473537604 560.758809427108 560.758809427108
0.164206128133705 580.543452780964 580.543452780964
0.165041782729805 599.960325807153 599.960325807153
0.165877437325905 618.996716810646 618.996716810646
0.166713091922006 637.640141508712 637.640141508712
0.167548746518106 655.878351955727 655.878351955727
0.168384401114206 673.69934531527 673.69934531527
0.169220055710306 691.091372472236 691.091372472236
0.170055710306407 708.042946479789 708.042946479789
0.170891364902507 724.542850833877 724.542850833877
0.171727019498607 740.580147571077 740.580147571077
0.172562674094708 756.144185182112 756.144185182112
0.173398328690808 771.224606337355 771.224606337355
0.174233983286908 785.811355416278 785.811355416278
0.175069637883008 799.894685838436 799.894685838436
0.175905292479109 813.465167187965 813.465167187965
0.176740947075209 826.513692128483 826.513692128483
0.177576601671309 839.031483101415 839.031483101415
0.178412256267409 851.010098805556 851.010098805556
0.17924791086351 862.441440450394 862.441440450394
0.18008356545961 873.317757780501 873.317757780501
0.18091922005571 883.631654865607 883.631654865607
0.181754874651811 893.37609565306 893.37609565306
0.182590529247911 902.544409277773 902.544409277773
0.183426183844011 911.130295125867 911.130295125867
0.184261838440111 919.127827648781 919.127827648781
0.185097493036212 926.531460923973 926.531460923973
0.185933147632312 933.33603295877 933.33603295877
0.186768802228412 939.536769734091 939.536769734091
0.187604456824513 945.129288985311 945.129288985311
0.188440111420613 950.109603717331 950.109603717331
0.189275766016713 954.47412545091 954.47412545091
0.190111420612813 958.219667198267 958.219667198267
0.190947075208914 961.343446164822 961.343446164822
0.191782729805014 963.843086176429 963.843086176429
0.192618384401114 965.716619828358 965.716619828358
0.193454038997214 966.96249035594 966.96249035594
0.194289693593315 967.5795532239 967.5795532239
0.195125348189415 967.567077434788 967.567077434788
0.195961002785515 966.924746553375 966.924746553375
0.196796657381616 965.652659447583 965.652659447583
0.197632311977716 963.751330744488 963.751330744488
0.198467966573816 961.221691000972 961.221691000972
0.199303621169916 958.065086588981 958.065086588981
0.200139275766017 954.283279294725 954.283279294725
0.200974930362117 949.878445632106 949.878445632106
0.201810584958217 944.85317587063 944.85317587063
0.202646239554318 939.210472778418 939.210472778418
0.203481894150418 932.95375008064 932.95375008064
0.204317548746518 926.086830634076 926.086830634076
0.205153203342618 918.613944319382 918.613944319382
0.205988857938719 910.539725651977 910.539725651977
0.206824512534819 901.869211113091 901.869211113091
0.207660167130919 892.6078362018 892.6078362018
0.208495821727019 882.761432211668 882.761432211668
0.20933147632312 872.336222731827 872.336222731827
0.21016713091922 861.338819876758 861.338819876758
0.21100278551532 849.776220244978 849.776220244978
0.211838440111421 837.655800611395 837.655800611395
0.212674094707521 824.985313354753 824.985313354753
0.213509749303621 811.772881623396 811.772881623396
0.214345403899721 798.026994242244 798.026994242244
0.215181058495822 783.756500365134 783.756500365134
0.216016713091922 768.970603875364 768.970603875364
0.216852367688022 753.678857537585 753.678857537585
0.217688022284123 737.891156906333 737.891156906333
0.218523676880223 721.617733994019 721.617733994019
0.219359331476323 704.869150702678 704.869150702678
0.220194986072423 687.656292024527 687.656292024527
0.221030640668524 669.990359015022 669.990359015022
0.221866295264624 651.882861543754 651.882861543754
0.222701949860724 633.345610827395 633.345610827395
0.223537604456825 614.390711750102 614.390711750102
0.224373259052925 595.030554976613 595.030554976613
0.225208913649025 575.277808862595 575.277808862595
0.226044568245125 555.145411168791 555.145411168791
0.226880222841226 534.646560583272 534.646560583272
0.227715877437326 513.794708058468 513.794708058468
0.228551532033426 492.603547968354 492.603547968354
0.229387186629526 471.087009092051 471.087009092051
0.230222841225627 449.259245429079 449.259245429079
0.231058495821727 427.134626853853 427.134626853853
0.231894150417827 404.727729614498 404.727729614498
0.232729805013928 382.053326683107 382.053326683107
0.233565459610028 359.126377963475 359.126377963475
0.234401114206128 335.962020363401 335.962020363401
0.235236768802228 312.57555773825 312.57555773825
0.236072423398329 288.982450712107 288.982450712107
0.236908077994429 265.198306383916 265.198306383916
0.237743732590529 241.238867925597 241.238867925597
0.23857938718663 217.120004078921 217.120004078921
0.23941504178273 192.857698558375 192.857698558375
0.24025069637883 168.46803936753 168.46803936753
0.24108635097493 143.967208035755 143.967208035755
0.241922005571031 119.371468783021 119.371468783021
0.242757660167131 94.6971576198502 94.6971576198502
0.243593314763231 69.9606713899523 69.9606713899523
0.244428969359331 45.1784567632508 45.1784567632508
0.245264623955432 20.3669991867101 20.3669991867101
0.246100278551532 -4.45718819991 -4.45718819991
0.246935933147632 -29.2775756750125 -29.2775756750125
0.247771587743733 -54.0776280657666 -54.0776280657666
0.248607242339833 -78.8408158905886 -78.8408158905886
0.249442896935933 -103.55062650592 -103.55062650592
0.250278551532033 -128.190575249394 -128.190575249394
0.251114206128134 -152.744216572067 -152.744216572067
0.251949860724234 -177.195155152111 -177.195155152111
0.252785515320334 -201.527056981696 -201.527056981696
0.253621169916435 -225.723660420301 -225.723660420301
0.254456824512535 -249.768787206376 -249.768787206376
0.255292479108635 -273.646353419609 -273.646353419609
0.256128133704735 -297.340380386862 -297.340380386862
0.256963788300836 -320.835005523554 -320.835005523554
0.257799442896936 -344.114493103591 -344.114493103591
0.258635097493036 -367.163244949883 -367.163244949883
0.259470752089137 -389.965811038507 -389.965811038507
0.260306406685237 -412.506900009509 -412.506900009509
0.261142061281337 -434.771389575619 -434.771389575619
0.261977715877437 -456.744336823503 -456.744336823503
0.262813370473538 -478.410988399226 -478.410988399226
0.263649025069638 -499.756790571407 -499.756790571407
0.264484679665738 -520.767399164758 -520.767399164758
0.265320334261838 -541.428689357645 -541.428689357645
0.266155988857939 -561.726765335946 -561.726765335946
0.266991643454039 -581.647969797833 -581.647969797833
0.267827298050139 -601.178893301538 -601.178893301538
0.26866295264624 -620.306383450283 -620.306383450283
0.26949860724234 -639.017553908538 -639.017553908538
0.27033426183844 -657.299793241714 -657.299793241714
0.27116991643454 -675.140773574745 -675.140773574745
0.272005571030641 -692.528459063252 -692.528459063252
0.272841225626741 -709.451114169762 -709.451114169762
0.273676880222841 -725.897311742152 -725.897311742152
0.274512534818942 -741.855940885511 -741.855940885511
0.275348189415042 -757.316214624229 -757.316214624229
0.276183844011142 -772.267677348168 -772.267677348168
0.277019498607242 -786.700212037144 -786.700212037144
0.277855153203343 -800.604047259447 -800.604047259447
0.278690807799443 -813.969763939299 -813.969763939299
0.279526462395543 -826.788301888035 -826.788301888035
0.280362116991643 -839.050966095432 -839.050966095432
0.281197771587744 -850.749432775327 -850.749432775327
0.282033426183844 -861.875755162092 -861.875755162092
0.282869080779944 -872.422369054811 -872.422369054811
0.283704735376045 -882.382098102612 -882.382098102612
0.284540389972145 -891.74815883003 -891.74815883003
0.285376044568245 -900.514165397857 -900.514165397857
0.286211699164345 -908.674134095078 -908.674134095078
0.287047353760446 -916.222487560944 -916.222487560944
0.287883008356546 -923.154058731661 -923.154058731661
0.288718662952646 -929.464094510237 -929.464094510237
0.289554317548746 -935.148259157687 -935.148259157687
0.290389972144847 -940.202637400342 -940.202637400342
0.291225626740947 -944.623737253931 -944.623737253931
0.292061281337047 -948.408492561151 -948.408492561151
0.292896935933148 -951.554265239582 -951.554265239582
0.293732590529248 -954.058847241453 -954.058847241453
0.294568245125348 -955.92046222017 -955.92046222017
0.295403899721448 -957.137766904614 -957.137766904614
0.296239554317549 -957.709852180081 -957.709852180081
0.297075208913649 -957.63624387337 -957.63624387337
0.297910863509749 -956.916903242856 -956.916903242856
0.29874651810585 -955.552227173224 -955.552227173224
0.29958217270195 -381.098308510572 -381.098308510572
0.300558659217877 -237.611269335714 -950.445077342857
0.301675977653631 -236.731227597446 -946.924910389785
0.302793296089385 -235.857680632186 -943.430722528743
0.30391061452514 -234.990556806349 -939.962227225397
0.305027932960894 -234.129785535978 -936.519142143913
0.306145251396648 -233.27529726761 -933.101189070439
0.307262569832402 -232.427023459351 -929.708093837404
0.308379888268156 -231.584896562768 -926.339586251074
0.309497206703911 -230.748850004775 -922.995400019101
0.310614525139665 -229.918818170233 -919.675272680933
0.311731843575419 -229.094736384655 -916.37894553862
0.312849162011173 -228.276540897593 -913.106163590371
0.313966480446927 -227.464168865927 -909.856675463709
0.315083798882682 -226.657558338018 -906.630233352073
0.316201117318436 -225.856648237885 -903.426592951539
0.31731843575419 -225.061378349712 -900.245513398846
0.318435754189944 -224.271689302893 -897.086757211573
0.319553072625698 -223.487522557077 -893.950090228309
0.320670391061452 -222.708820387866 -890.835281551465
0.321787709497207 -221.935525872652 -887.742103490608
0.322905027932961 -221.167582876546 -884.670331506185
0.324022346368715 -220.404936039042 -881.619744156166
0.325139664804469 -219.647530760585 -878.590123042339
0.326256983240223 -218.895313189493 -875.581252757973
0.327374301675978 -218.148230209321 -872.592920837282
0.328491620111732 -217.406229426313 -869.624917705251
0.329608938547486 -216.669259157056 -866.677036628223
0.33072625698324 -215.937268416698 -863.749073666793
0.331843575418994 -215.21020690692 -860.840827627679
0.332960893854749 -214.48802500456 -857.952100018239
0.334078212290503 -213.7706737504 -855.082695001601
0.335195530726257 -213.058104837948 -852.232419351794
0.336312849162011 -212.350270602624 -849.401082410495
0.337430167597765 -211.647124011255 -846.588496045018
0.33854748603352 -210.94861865152 -843.79447460608
0.339664804469274 -210.254708721776 -841.018834887103
0.340782122905028 -209.565349021083 -838.26139608433
0.341899441340782 -208.880494939336 -835.521979757345
0.343016759776536 -208.200102447678 -832.800409790711
0.34413407821229 -207.524128089082 -830.096512356326
0.345251396648045 -206.852528969071 -827.410115876284
0.346368715083799 -206.185262746561 -824.741050986243
0.347486033519553 -205.522287625208 -822.089150500832
0.348603351955307 -204.863562344382 -819.454249377527
0.349720670391061 -204.209046170795 -816.83618468318
0.350837988826816 -203.558698890033 -814.234795560132
0.35195530726257 -202.912480798338 -811.649923193352
0.353072625698324 -202.270352694595 -809.081410778381
0.354189944134078 -201.632275872244 -806.529103488978
0.355307262569832 -200.998212111624 -803.992848446495
0.356424581005587 -200.368123672414 -801.472494689656
0.357541899441341 -199.741973285931 -798.967893143724
0.358659217877095 -199.119724147979 -796.478896591915
0.359776536312849 -198.501339911497 -794.005359645987
0.360893854748603 -197.886784679565 -791.547138718261
0.362011173184357 -197.276022998461 -789.104091993845
0.363128491620112 -196.669019850764 -786.676079403057
0.364245810055866 -196.065740648768 -784.262962595073
0.36536312849162 -195.466151227817 -781.864604911269
0.366480446927374 -194.870217839946 -779.480871359783
0.367597765363128 -194.277907147418 -777.111628589672
0.368715083798883 -193.689186216673 -774.756744866691
0.369832402234637 -193.104022512093 -772.416090048372
0.370949720670391 -192.522383890077 -770.089535560307
0.372067039106145 -191.944238593078 -767.77695437231
0.373184357541899 -191.369555244054 -765.478220976215
0.374301675977654 -190.798302840372 -763.193211361487
0.375418994413408 -190.230450748583 -760.921802994333
0.376536312849162 -189.66596869891 -758.66387479564
0.377653631284916 -189.104826779682 -756.419307118727
0.37877094972067 -188.546995432223 -754.187981728891
0.379888268156425 -187.992445445665 -751.969781782658
0.381005586592179 -187.441147951703 -749.764591806814
0.382122905027933 -186.893074419693 -747.57229767877
0.383240223463687 -186.348196651758 -745.39278660703
0.384357541899441 -185.806486777785 -743.225947111142
0.385474860335196 -185.267917250947 -741.071669003789
0.38659217877095 -184.732460842713 -738.929843370851
0.387709497206704 -184.200090638577 -736.800362554308
0.388826815642458 -183.670780033354 -734.683120133414
0.389944134078212 -183.144502726673 -732.578010906693
0.391061452513967 -182.621232718914 -730.484930875655
0.392178770949721 -182.100944306646 -728.403777226582
0.393296089385475 -181.583612078512 -726.334448314049
0.394413407821229 -181.069210911185 -724.276843644742
0.395530726256983 -180.557715965091 -722.230863860363
0.396648044692737 -180.04910268067 -720.196410722679
0.397765363128492 -179.543346774283 -718.173387097132
0.398882681564246 -179.040424234269 -716.161696937076
0.4 -178.540311317432 -714.161245269729
0.401117318435754 -178.042984544948 -712.171938179793
0.402234636871508 -177.548420698981 -710.193682795925
0.403351955307263 -177.056596818969 -708.226387275878
0.404469273743017 -176.567490197911 -706.269960791643
0.405586592178771 -176.081078379184 -704.324313516737
0.406703910614525 -175.597339152887 -702.389356611547
0.407821229050279 -175.116250552424 -700.465002209695
0.408938547486034 -174.637790851483 -698.551163405932
0.410055865921788 -174.161938560345 -696.647754241381
0.411173184357542 -173.688672422935 -694.754689691739
0.412290502793296 -173.217971413638 -692.871885654554
0.41340782122905 -172.749814734178 -690.999258936711
0.414525139664804 -172.284181810378 -689.13672724151
0.415642458100559 -171.821052289343 -687.284209157373
0.416759776536313 -171.360406036561 -685.441624146243
0.417877094972067 -170.902223132716 -683.608892530864
0.418994413407821 -170.446483871017 -681.785935484067
0.420111731843575 -169.993168754385 -679.97267501754
0.42122905027933 -169.542258492473 -678.169033969892
0.422346368715084 -169.093733999153 -676.374935996614
0.423463687150838 -168.647576389652 -674.59030555861
0.424581005586592 -168.203766978168 -672.815067912674
0.425698324022346 -167.762287274819 -671.049149099274
0.426815642458101 -167.323118983553 -669.292475934213
0.427932960893855 -166.886243999307 -667.544975997229
0.429050279329609 -166.451644405583 -665.806577622331
0.430167597765363 -166.019302472033 -664.077209888134
0.431284916201117 -165.589200652149 -662.356802608596
0.432402234636872 -165.161321580712 -660.645286322846
0.433519553072626 -164.735648071507 -658.942592286028
0.43463687150838 -164.31216311506 -657.248652460239
0.435754189944134 -163.890849876345 -655.563399505379
0.436871508379888 -163.471691692523 -653.88676677009
0.437988826815642 -163.054672070879 -652.218688283517
0.439106145251397 -162.639774686487 -650.559098745946
0.440223463687151 -162.226983380166 -648.907933520664
0.441340782122905 -161.816282156454 -647.265128625818
0.442458100558659 -161.407655181315 -645.630620725261
0.443575418994413 -161.001086780382 -644.004347121529
0.444692737430168 -160.596561436721 -642.386245746884
0.445810055865922 -160.194063789049 -640.776255156197
0.446927374301676 -159.793578629574 -639.174314518297
0.44804469273743 -159.395090902339 -637.580363609355
0.449162011173184 -158.99858570106 -635.994342804241
0.450279329608939 -158.604048267603 -634.416193070411
0.451396648044693 -158.21146398974 -632.84585595896
0.452513966480447 -157.820818399654 -631.283273598617
0.453631284916201 -157.432097172053 -629.728388688211
0.454748603351955 -157.045286122542 -628.181144490167
0.455865921787709 -156.66037120559 -626.641484822358
0.456983240223464 -156.277338513154 -625.109354052618
0.458100558659218 -155.896174272878 -623.58469709151
0.459217877094972 -155.51686484643 -622.06745938572
0.460335195530726 -155.139396727859 -620.557586911436
0.46145251396648 -154.763756542088 -619.055026168351
0.462569832402235 -154.389931043211 -617.559724172843
0.463687150837989 -154.017907112967 -616.071628451868
0.464804469273743 -153.647671759316 -614.590687037266
0.465921787709497 -153.279212114812 -613.116848459246
0.467039106145251 -152.912515435114 -611.650061740457
0.468156424581006 -152.547569097584 -610.190276390335
0.46927374301676 -152.184360599752 -608.737442399008
0.470391061452514 -151.822877557973 -607.291510231891
0.471508379888268 -151.463107705962 -605.852430823846
0.472625698324022 -151.105038893403 -604.420155573611
0.473743016759777 -150.748659084704 -602.994636338814
0.474860335195531 -150.393956357468 -601.575825429871
0.475977653631285 -150.040918901224 -600.163675604895
0.477094972067039 -149.689535016229 -598.758140064916
0.478212290502793 -149.339793112021 -597.359172448083
0.479329608938547 -148.991681706168 -595.966726824672
0.480446927374302 -148.645189423154 -594.580757692617
0.481564245810056 -148.300304992952 -593.201219971806
0.48268156424581 -147.957017249927 -591.828068999708
0.483798882681564 -147.615315131546 -590.461260526184
0.484916201117318 -147.275187677379 -589.100750709518
0.486033519553073 -146.936624027578 -587.746496110313
0.487150837988827 -146.599613421982 -586.398453687929
0.488268156424581 -146.264145199078 -585.05658079631
0.489385474860335 -145.930208794496 -583.720835177985
0.490502793296089 -145.597793740329 -582.391174961315
0.491620111731844 -145.266889663649 -581.067558654597
0.492737430167598 -144.937486285752 -579.749945143007
0.493854748603352 -144.609573420853 -578.438293683413
0.494972067039106 -144.283140975229 -577.132563900917
0.49608938547486 -143.958178946017 -575.832715784069
0.497206703910615 -143.634677420327 -574.538709681308
0.498324022346369 -143.312626574121 -573.250506296486
0.499441340782123 -142.992016671275 -571.9680666851
