0.00079155672823219 -745.94775379813 -559.018320626402 -559.018320626402
0.00158311345646438 -1491.43424327321 -1272.52624112788 -1272.52624112788
0.00237467018469657 -2235.99848932965 -2005.76976911318 -2005.76976911318
0.00316622691292876 -2979.18008315037 -2742.8378669547 -2742.8378669547
0.00395778364116095 -3720.51947089526 -3480.18462200529 -3480.18462200529
0.00474934036939314 -4459.55823787095 -4216.32362390668 -4216.32362390668
0.00554089709762533 -5195.83939199613 -4950.35772021984 -4950.35772021984
0.00633245382585752 -5928.90764638723 -5681.61183704551 -5681.61183704551
0.00712401055408971 -6658.30970088966 -6409.51080252102 -6409.51080252102
0.0079155672823219 -7383.59452238055 -7133.53065151113 -7133.53065151113
0.00870712401055409 -8104.31362366961 -7853.17664430007 -7853.17664430007
0.00949868073878628 -8820.02134082572 -8567.97241526118 -8567.97241526118
0.0102902374670185 -9530.27510875773 -9277.45425559221 -9277.45425559221
0.0110817941952507 -10234.635734879 -9981.16796284312 -9981.16796284312
0.0118733509234829 -10932.6676706868 -10678.6670578645 -10678.6670578645
0.012664907651715 -11623.9392810876 -11369.5117701011 -11369.5117701011
0.0134564643799472 -12308.0231113036 -12053.2684727842 -12053.2684727842
0.0142480211081794 -12984.4961511934 -12729.5093944708 -12729.5093944708
0.0150395778364116 -13652.9400968245 -13397.8125000581 -13397.8125000581
0.0158311345646438 -14312.941609136 -14057.761484853 -14057.761484853
0.016622691292876 -14964.0925695307 -14708.9458404673 -14708.9458404673
0.0174142480211082 -15605.9903322397 -15350.9609686102 -15350.9609686102
0.0182058047493404 -16238.2379733022 -15983.4083286704 -15983.4083286704
0.0189973614775726 -16860.4445360075 -16605.8956064967 -16605.8956064967
0.0197889182058047 -17472.2252726471 -17218.036897611 -17218.036897611
0.0205804749340369 -18073.2018824273 -17819.4529006317 -17819.4529006317
0.0213720316622691 -18663.0027453952 -18409.7711164252 -18409.7711164252
0.0221635883905013 -19241.263152234 -18988.6260503384 -18988.6260503384
0.0229551451187335 -19807.625529784 -19555.6594159692 -19555.6594159692
0.0237467018469657 -20361.7396621525 -20110.5203393345 -20110.5203393345
0.0245382585751979 -20903.2629072724 -20652.8655604711 -20652.8655604711
0.0253298153034301 -21431.8604087792 -21182.359635279 -21182.359635279
0.0261213720316623 -21947.2053030722 -21698.6751318971 -21698.6751318971
0.0269129287598944 -22448.9789214341 -22201.4928263451 -22201.4928263451
0.0277044854881266 -22936.8709870833 -22690.5018923276 -22690.5018923276
0.0284960422163588 -23410.5798070362 -23165.4000887422 -23165.4000887422
0.029287598944591 -23869.8124586625 -23625.8939409538 -23625.8939409538
0.0300791556728232 -24314.2849708166 -24071.6989191128 -24071.6989191128
0.0308707124010554 -24743.7224994342 -24502.5396100701 -24502.5396100701
0.0316622691292876 -25157.8594974847 -24918.1498849434 -24918.1498849434
0.0324538258575198 -25556.4398791752 -25318.2730614827 -25318.2730614827
0.033245382585752 -25939.2171783035 -25702.6620598308 -25702.6620598308
0.0340369393139841 -26305.954700663 -26071.0795544735 -26071.0795544735
0.0348284960422163 -26656.4256704048 -26423.2981182057 -26423.2981182057
0.0356200527704485 -26990.4133702673 -26759.1003620344 -26759.1003620344
0.0364116094986807 -27307.7112755851 -27078.2790680157 -27078.2790680157
0.0372031662269129 -27608.1231819955 -27380.6373161382 -27380.6373161382
0.0379947229551451 -27891.4633267641 -27665.9886053851 -27665.9886053851
0.0387862796833773 -28157.5565036522 -27934.1569676082 -27934.1569676082
0.0395778364116095 -28406.238171258 -28184.9770760714 -28184.9770760714
0.0403693931398417 -28637.3545547622 -28418.2943463537 -28418.2943463537
0.0411609498680738 -28850.7627410163 -28633.9650315152 -28633.9650315152
0.041952506596306 -29046.330766914 -28831.8563104954 -28831.8563104954
0.0427440633245382 -29223.9377009927 -29011.8463693385 -29011.8463693385
0.0435356200527704 -29383.4737182118 -29173.8244757014 -29173.8244757014
0.0443271767810026 -29524.8401678648 -29317.6910478932 -29317.6910478932
0.0451187335092348 -29647.9496345806 -29443.3577147285 -29443.3577147285
0.045910290237467 -29752.7259923778 -29550.7473702841 -29550.7473702841
0.0467018469656992 -29839.104451738 -29639.7942212692 -29639.7942212692
0.0474934036939314 -29907.0315996689 -29710.4438271118 -29710.4438271118
0.0482849604221635 -29956.465432733 -29762.6531330835 -29762.6531330835
0.0490765171503957 -29987.3753830206 -29796.3904968521 -29796.3904968521
0.0498680738786279 -29999.7423370519 -29811.6357075682 -29811.6357075682
0.0506596306068601 -29993.5586475962 -29808.3799979522 -29808.3799979522
0.0514511873350923 -29968.8281384001 -29786.6260495839 -29786.6260495839
0.0522427440633245 -29925.5661018236 -29746.3879905508 -29746.3879905508
0.0530343007915567 -29863.7992893839 -29687.6913867863 -29687.6913867863
0.0538258575197889 -29783.5658952128 -29610.5732259439 -29610.5732259439
0.0546174142480211 -29684.9155324394 -29515.0818938643 -29515.0818938643
0.0554089709762532 -29567.9092025113 -29401.2771447043 -29401.2771447043
0.0562005277044854 -29432.6192574738 -29269.2300635679 -29269.2300635679
0.0569920844327176 -29279.1293552299 -29119.0230224317 -29119.0230224317
0.0577836411609498 -29107.5344078099 -28950.749628844 -28950.749628844
0.058575197889182 -28917.9405226817 -28764.5146675034 -28764.5146675034
0.0593667546174142 -28710.4649371378 -28560.4340356115 -28560.4340356115
0.0601583113456464 -28485.2359458009 -28338.634670929 -28338.634670929
0.0609498680738786 -28242.3928212911 -28099.2544727409 -28099.2544727409
0.0617414248021107 -27982.0857281056 -27842.4422164784 -27842.4422164784
0.0625329815303429 -27704.4756297632 -27568.3574614842 -27568.3574614842
0.0633245382585751 -27409.7341892701 -27277.1704520741 -27277.1704520741
0.0641160949868073 -27098.0436629713 -26969.0620122961 -26969.0620122961
0.0649076517150395 -26769.5967878498 -26644.2234333042 -26644.2234333042
0.0656992084432717 -26424.5966623462 -26302.8563551652 -26302.8563551652
0.0664907651715039 -26063.2566207705 -25945.1726422902 -25945.1726422902
0.0672823218997361 -25685.8001013845 -25571.3942514452 -25571.3942514452
0.0680738786279683 -25292.4605082372 -25181.7530945727 -25181.7530945727
0.0688654353562005 -24883.4810668363 -24776.4908957498 -24776.4908957498
0.0696569920844327 -24459.1146737475 -24355.8590405206 -24355.8590405206
0.0704485488126649 -24019.6237402134 -23920.1184205482 -23920.1184205482
0.0712401055408971 -23565.2800298891 -23469.5392728399 -23469.5392728399
0.0720316622691293 -23096.3644907938 -23004.4010110395 -23004.4010110395
0.0728232189973615 -22613.1670815843 -22524.9920534316 -22524.9920534316
0.0736147757255937 -22115.9865922559 -22031.6096442625 -22031.6096442625
0.0744063324538259 -21605.1304593826 -21524.5596693375 -21524.5596693375
0.0751978891820581 -21080.9145760108 -21004.1564666709 -21004.1564666709
0.0759894459102903 -20543.6630963233 -20470.7226325217 -20470.7226325217
0.0767810026385225 -19993.7082351954 -19924.5888210098 -19924.5888210098
0.0775725593667547 -19431.3900627668 -19366.0935394908 -19366.0935394908
0.0783641160949868 -18857.0562941553 -18795.5829397111 -18795.5829397111
0.079155672823219 -18271.0620744439 -18213.4106025719 -18213.4106025719
0.0799472295514512 -17673.7697590733 -17619.9373198184 -17619.9373198184
0.0807387862796834 -17065.5486897758 -17015.5308710462 -17015.5308710462
0.0815303430079156 -16446.7749661888 -16400.5657953436 -16400.5657953436
0.0823218997361478 -15817.8312132902 -15775.4231598068 -15775.4231598068
0.08311345646438 -15179.1063447979 -15140.4903241785 -15140.4903241785
0.0839050131926122 -14530.9953226817 -14496.1607000651 -14496.1607000651
0.0846965699208444 -13873.898912934 -13842.8335084784 -13842.8335084784
0.0854881266490766 -13208.2234377523 -13180.9135323959 -13180.9135323959
0.0862796833773088 -12534.3805242861 -12510.8108658539 -12510.8108658539
0.087071240105541 -11852.7868501025 -11832.9406609899 -11832.9406609899
0.0878627968337732 -11163.8638855298 -11147.7228704675 -11147.7228704675
0.0886543535620054 -10468.0376330371 -10455.5819878798 -10455.5819878798
0.0894459102902376 -9765.73836381117 -9756.94678492171 -9756.94678492171
0.0902374670184698 -9057.40035169406 -9052.250046438 -9052.250046438
0.091029023746702 -8343.46160464541 -8341.92830204262 -8341.92830204262
0.0918205804749342 -7624.36359389586 -7626.42155645863 -7626.42155645863
0.0926121372031664 -6900.55098095881 -6906.17301705131 -6906.17301705131
0.0934036939313986 -6172.47134266952 -6181.62881984397 -6181.62881984397
0.0941952506596308 -5440.57489442149 -5453.23775298322 -5453.23775298322
0.094986807387863 -4705.31421177113 -4721.45097948762 -4721.45097948762
0.0957783641160952 -3967.14395058318 -3986.72175802835 -3986.72175802835
0.0965699208443273 -3226.52056588961 -3249.50516211607 -3249.50516211607
0.0973614775725595 -2483.9020296361 -2510.25779903182 -2510.25779903182
0.0981530343007917 -1739.74754749042 -1769.43752724563 -1769.43752724563
0.0989445910290239 -994.517274887978 -1027.5031725679 -1027.5031725679
0.0997361477572561 -248.672032490114 -284.914245181165 -284.914245181165
0.100527704485488 497.326978769099 457.869345646452 457.869345646452
0.101319261213721 1243.01846287105 1200.38757516296 1200.38757516296
0.102110817941953 1987.94131395963 1942.18058838032 1942.18058838032
0.102902374670185 2731.63490147074 2682.78898492186 2682.78898492186
0.103693931398417 3473.6393549678 3421.75410143613 3421.75410143613
0.104485488126649 4213.49584850733 4158.6182977932 4158.6182977932
0.105277044854881 4950.74688435851 4892.92523896102 4892.92523896102
0.106068601583114 5684.93657590164 5624.22017662466 5624.22017662466
0.106860158311346 6415.61092953014 6352.05023198424 6352.05023198424
0.107651715039578 7142.31812538214 7075.96467545559 7075.96467545559
0.10844327176781 7864.60879672779 7795.51520446354 7795.51520446354
0.109234828496042 8582.03630783979 8510.25622245758 8510.25622245758
0.110026385224275 9294.15703017502 9219.74511358569 9219.74511358569
0.110817941952507 10000.5306166968 9923.54251609468 9923.54251609468
0.111609498680739 10700.7202741678 10621.2125955274 10621.2125955274
0.112401055408971 11394.2930332458 11312.3233133048 11312.3233133048
0.113192612137203 12080.8200162144 11996.4466936965 11996.4466936965
0.113984168865436 12759.876702184 12673.1590897716 12673.1590897716
0.114775725593668 13431.0431895984 13342.0414447126 13342.0414447126
0.1155672823219 14093.9044558855 14002.6795504753 14002.6795504753
0.116358839050132 14748.0506140906 14654.664305545 14654.664305545
0.117150395778364 15393.0771663338 15297.5919668743 15297.5919668743
0.117941952506597 16028.5852539357 15931.0643993767 15931.0643993767
0.118733509234829 16654.1819040557 16554.6893232873 16554.6893232873
0.119525065963061 17269.4802726904 17168.080556416 17168.080556416
0.120316622691293 17874.0998838829 17770.8582522305 17770.8582522305
0.121108179419525 18467.6668649937 18362.6491358344 18362.6491358344
0.121899736147758 19049.8141778886 18943.0867347888 18943.0867347888
0.12269129287599 19620.1818459005 19511.8116048466 19511.8116048466
0.123482849604222 20178.4171764249 20068.4715535282 20068.4715535282
0.124274406332454 20724.1749790102 20612.721857218 20612.721857218
0.125065963060686 21257.1177788104 21144.2254740693 21144.2254740693
0.125857519788919 21776.9160252659 21662.6532542086 21662.6532542086
0.126649076517151 22283.2482958842 22167.6841404896 22167.6841404896
0.127440633245383 22775.8014949949 22659.0053700673 22659.0053700673
0.128232189973615 23254.2710473556 23136.3126658725 23136.3126658725
0.129023746701847 23718.3610864889 23599.3104251332 23599.3104251332
0.12981530343008 24167.7846376348 24047.7119030541 24047.7119030541
0.130606860158312 24602.2637952039 24481.239389438 24481.239389438
0.131398416886544 25021.5298946236 24899.6243801075 24899.6243801075
0.132189973614776 25425.3236784693 25302.6077442804 25302.6077442804
0.132981530343008 25813.395456779 25689.9398835395 25689.9398835395
0.133773087071241 26185.5052614513 26061.3808865857 26061.3808865857
0.134564643799473 26541.4229946326 26416.7006780504 26416.7006780504
0.135356200527705 26880.9285709999 26755.6791605714 26755.6791605714
0.136147757255937 27203.8120538532 27078.1063501662 27078.1063501662
0.136939313984169 27509.8737849318 27383.7825074729 27383.7825074729
0.137730870712402 27798.9245078748 27672.5182601312 27672.5182601312
0.138522427440634 28070.78548525 27944.1347201821 27944.1347201821
0.139313984168866 28325.2886090781 28198.4635950315 28198.4635950315
0.140105540897098 28562.2765047835 28435.347291413 28435.347291413
0.14089709762533 28781.6026285087 28654.6390122941 28654.6390122941
0.141688654353562 28983.1313577313 28856.2028485265 28856.2028485265
0.142480211081795 29166.7380751274 29039.913862192 29039.913862192
0.143271767810027 29332.30924563 29205.6581637124 29205.6581637124
0.144063324538259 29479.7424866345 29353.3329834459 29353.3329834459
0.144854881266491 29608.9466313082 29482.8467337601 29482.8467337601
0.145646437994723 29719.8417849641 29594.1190663809 29594.1190663809
0.146437994722956 29812.3593744645 29687.0809221031 29687.0809221031
0.147229551451188 29886.4421906242 29761.6745736288 29761.6745736288
0.14802110817942 29942.0444235859 29817.8536600594 29817.8536600594
0.148812664907652 29979.1316911477 29855.5832172194 29855.5832172194
0.149604221635884 29997.6810600233 29874.8396983039 29874.8396983039
0.150395778364117 29997.6810600233 29875.6109880668 29875.6109880668
0.151187335092349 29979.1316911477 29857.8964111247 29857.8964111247
0.151978891820581 29942.0444235858 29821.7067322481 29821.7067322481
0.152770448548813 29886.4421906241 29767.0641485245 29767.0641485245
0.153562005277045 29812.3593744644 29694.002277031 29694.002277031
0.154353562005278 29719.8417849639 29602.566133508 29602.566133508
0.15514511873351 29608.946631308 29492.8121037561 29492.8121037561
0.155936675461742 29479.7424866343 29364.8079096958 29364.8079096958
0.156728232189974 29332.3092456298 29218.63256719 29218.63256719
0.157519788918206 29166.7380751272 29054.3763366076 29054.3763366076
0.158311345646439 28983.1313577311 28872.1406675001 28872.1406675001
0.159102902374671 28781.6026285084 28672.0381357364 28672.0381357364
0.159894459102903 28562.2765047832 28454.1923732905 28454.1923732905
0.160686015831135 28325.2886090778 28218.7379926568 28218.7379926568
0.161477572559367 28070.7854852497 27965.820502913 27965.820502913
0.1622691292876 27798.9245078744 27695.5962194029 27695.5962194029
0.163060686015832 27509.8737849314 27408.2321676031 27408.2321676031
0.163852242744064 27203.8120538528 27103.9059798803 27103.9059798803
0.164643799472296 26880.9285709995 26782.8057843397 26782.8057843397
0.165435356200528 26541.4229946321 26445.1300903686 26445.1300903686
0.166226912928761 26185.5052614508 26091.0876641431 26091.0876641431
0.167018469656993 25813.3954567785 25720.8973996839 25720.8973996839
0.167810026385225 25425.3236784688 25334.7881844179 25334.7881844179
0.168601583113457 25021.529894623 24932.9987567054 24932.9987567054
0.169393139841689 24602.2637952033 24515.7775580494 24515.7775580494
0.170184696569922 24167.7846376342 24083.3825797686 24083.3825797686
0.170976253298154 23718.3610864883 23636.0812034973 23636.0812034973
0.171767810026386 23254.2710473549 23174.1500348741 23174.1500348741
0.172559366754618 22775.8014949942 22697.8747335148 22697.8747335148
0.17335092348285 22283.2482958835 22207.5498358187 22207.5498358187
0.174142480211083 21776.9160252652 21703.4785720625 21703.4785720625
0.174934036939315 21257.1177788097 21185.9726798239 21185.9726798239
0.175725593667547 20724.1749790094 20655.3522111238 20655.3522111238
0.176517150395779 20178.4171764241 20111.9453328974 20111.9453328974
0.177308707124011 19620.1818458998 19556.088125777 19556.088125777
0.178100263852243 19049.8141778878 18988.124375492 18988.124375492
0.178891820580476 18467.6668649929 18408.4053595479 18408.4053595479
0.179683377308708 17874.0998838821 17817.289631068 17817.289631068
0.18047493403694 17269.4802726895 17215.1427957946 17215.1427957946
0.181266490765172 16654.1819040548 16602.3372867176 16602.3372867176
0.182058047493404 16028.5852539348 15979.2521334656 15979.2521334656
0.182849604221637 15393.0771663329 15346.2727273839 15346.2727273839
0.183641160949869 14748.0506140897 14703.7905837042 14703.7905837042
0.184432717678101 14093.9044558846 14052.2030992357 14052.2030992357
0.185224274406333 13431.0431895975 13391.9133059372 13391.9133059372
0.186015831134565 12759.876702183 12723.3296222009 12723.3296222009
0.186807387862798 12080.8200162135 12046.8655999963 12046.8655999963
0.18759894459103 11394.2930332449 11362.9396689676 11362.9396689676
0.188390501319262 10700.7202741669 10671.9748773596 10671.9748773596
0.189182058047494 10000.5306166958 9974.39863100846 9974.39863100846
0.189973614775726 9294.15703017403 9270.64242804903 9270.64242804903
0.190765171503959 8582.03630783881 8561.14159228671 8561.14159228671
0.191556728232191 7864.6087967268 7846.33500444842 7846.33500444842
0.192348284960423 7142.31812538115 7126.66482971191 7126.66482971191
0.193139841688655 6415.61092952914 6402.57624463247 6402.57624463247
0.193931398416887 5684.93657590064 5674.51716218182 5674.51716218182
0.19472295514512 4950.7468843575 4942.93795385803 4942.93795385803
0.195514511873352 4213.4958485063 4208.29117114414 4208.29117114414
0.196306068601584 3473.6393549668 3471.03126660909 3471.03126660909
0.197097625329816 2731.63490146972 2731.61431129814 2731.61431129814
0.197889182058048 1987.94131395862 1990.49771305552 1990.49771305552
0.198680738786281 1243.01846287002 1248.13993479412 1248.13993479412
0.199472295514513 497.326978768085 505.00020860082 505.00020860082
0.200263852242745 -248.672032491142 -238.46174633705 -238.46174633705
0.201055408970977 -994.517274889019 -981.786009299485 -981.786009299485
0.201846965699209 -1739.74754749143 -1724.51274202616 -1724.51274202616
0.202638522427442 -2483.90202963712 -2466.18247326971 -2466.18247326971
0.203430079155674 -3226.52056589062 -3206.33638338013 -3206.33638338013
0.204221635883906 -3967.1439505842 -3944.5165878781 -3944.5165878781
0.205013192612138 -4705.31421177214 -4680.26642030589 -4680.26642030589
0.20580474934037 -5440.57489442251 -5413.13071575882 -5413.13071575882
0.206596306068603 -6172.47134267054 -6142.65609140124 -6142.65609140124
0.207387862796835 -6900.5509809598 -6868.39122758362 -6868.39122758362
0.208179419525067 -7624.36359389685 -7589.88714700497 -7589.88714700497
0.208970976253299 -8343.46160464639 -8306.69749217769 -8306.69749217769
0.209762532981531 -9057.40035169504 -9018.3788015856 -9018.3788015856
0.210554089709763 -9765.73836381213 -9724.49078475012 -9724.49078475012
0.211345646437996 -10468.0376330381 -10424.5965930571 -10424.5965930571
0.212137203166228 -11163.8638855308 -11118.263091812 -11118.263091812
0.21292875989446 -11852.7868501034 -11805.0611268085 -11805.0611268085
0.213720316622692 -12534.380524287 -12484.5657909094 -12484.5657909094
0.214511873350924 -13208.2234377533 -13156.3566856986 -13156.3566856986
0.215303430079157 -13873.8989129349 -13820.0181827942 -13820.0181827942
0.216094986807389 -14530.9953226826 -14475.1396797071 -14475.1396797071
0.216886543535621 -15179.1063447988 -15121.3158553677 -15121.3158553677
0.217678100263853 -15817.8312132911 -15758.146919397 -15758.146919397
0.218469656992085 -16446.7749661897 -16385.2388605158 -16385.2388605158
0.219261213720318 -17065.5486897766 -17002.203689389 -17002.203689389
0.22005277044855 -17673.7697590741 -17608.6596796661 -17608.6596796661
0.220844327176782 -18271.0620744447 -18204.2316029321 -18204.2316029321
0.221635883905014 -18857.056294156 -18788.5509622226 -18788.5509622226
0.222427440633246 -19431.3900627676 -19361.2562186964 -19361.2562186964
0.223218997361479 -19993.7082351962 -19921.9930162929 -19921.9930162929
0.224010554089711 -20543.6630963241 -20470.4144000565 -20470.4144000565
0.224802110817943 -21080.9145760116 -21006.1810318268 -21006.1810318268
0.225593667546175 -21605.1304593834 -21528.9613991113 -21528.9613991113
0.226385224274407 -22115.9865922566 -22038.4320207858 -22038.4320207858
0.22717678100264 -22613.1670815849 -22534.2776474494 -22534.2776474494
0.227968337730872 -23096.3644907944 -23016.1914556215 -23016.1914556215
0.228759894459104 -23565.2800298897 -23483.8752384229 -23483.8752384229
0.229551451187336 -24019.6237402141 -23937.0395894786 -23937.0395894786
0.230343007915568 -24459.1146737481 -24375.4040820456 -24375.4040820456
0.231134564643801 -24883.4810668369 -24798.6974431465 -24798.6974431465
0.231926121372033 -25292.4605082378 -25206.6577203594 -25206.6577203594
0.232717678100265 -25685.8001013851 -25599.0324448027 -25599.0324448027
0.233509234828497 -26063.256620771 -25975.5787867472 -25975.5787867472
0.234300791556729 -26424.5966623467 -26336.0637061237 -26336.0637061237
0.235092348284962 -26769.5967878503 -26680.2640963978 -26680.2640963978
0.235883905013194 -27098.0436629718 -27007.9669234911 -27007.9669234911
0.236675461741426 -27409.7341892705 -27318.9693560451 -27318.9693560451
0.237467018469658 -27704.4756297636 -27613.0788928331 -27613.0788928331
0.23825857519789 -27982.085728106 -27890.1134799453 -27890.1134799453
0.239050131926123 -28242.3928212914 -28149.901624863 -28149.901624863
0.239841688654355 -28485.2359458012 -28392.2825020055 -28392.2825020055
0.240633245382587 -28710.4649371381 -28617.1060520056 -28617.1060520056
0.241424802110819 -28917.940522682 -28824.2330751523 -28824.2330751523
0.242216358839051 -29107.5344078102 -29013.5353173118 -29013.5353173118
0.243007915567284 -29279.1293552301 -29184.8955488076 -29184.8955488076
0.243799472295516 -29432.619257474 -29338.2076377038 -29338.2076377038
0.244591029023748 -29567.9092025115 -29473.3766149335 -29473.3766149335
0.24538258575198 -29684.9155324395 -29590.3187336234 -29590.3187336234
0.246174142480212 -29783.5658952129 -29688.9615201935 -29688.9615201935
0.246965699208444 -29863.799289384 -29769.2438201719 -29769.2438201719
0.247757255936677 -29925.5661018237 -29831.1158349458 -29831.1158349458
0.248548812664909 -29968.8281384001 -29874.5391537017 -29874.5391537017
0.249340369393141 -29993.5586475962 -29899.4867761432 -29899.4867761432
0.250131926121373 -29999.7423370519 -29905.9431306063 -29905.9431306063
0.250923482849605 -29987.3753830206 -29893.9040820537 -29893.9040820537
0.251715039577838 -29956.4654327329 -29863.376936158 -29863.376936158
0.25250659630607 -29907.0315996688 -29814.3804337918 -29814.3804337918
0.253298153034302 -29839.1044517379 -29746.9447401195 -29746.9447401195
0.254089709762534 -29752.7259923777 -29661.1114256987 -29661.1114256987
0.254881266490766 -29647.9496345805 -29556.9334408957 -29556.9334408957
0.255672823218998 -29524.8401678646 -29434.4750829265 -29434.4750829265
0.256464379947231 -29383.4737182116 -29293.8119562851 -29293.8119562851
0.257255936675463 -29223.9377009925 -29135.0309265518 -29135.0309265518
0.258047493403695 -29046.3307669138 -28958.2300654872 -28958.2300654872
0.258839050131927 -28850.762741016 -28763.518591846 -28763.518591846
0.259630606860159 -28637.354554762 -28551.0168024646 -28551.0168024646
0.260422163588391 -28406.2381712577 -28320.8559991003 -28320.8559991003
0.261213720316624 -28157.5565036519 -28073.1784063004 -28073.1784063004
0.262005277044856 -27891.4633267638 -27808.1370842843 -27808.1370842843
0.262796833773088 -27608.1231819952 -27525.8958334776 -27525.8958334776
0.26358839050132 -27307.7112755848 -27226.6290940931 -27226.6290940931
0.264379947229552 -26990.413370267 -26910.5218375333 -26910.5218375333
0.265171503957784 -26656.4256704045 -26577.7694525576 -26577.7694525576
0.265963060686017 -26305.9547006626 -26228.5776239414 -26228.5776239414
0.266754617414249 -25939.2171783032 -25863.1622059359 -25863.1622059359
0.267546174142481 -25556.4398791749 -25481.7490881204 -25481.7490881204
0.268337730870713 -25157.8594974844 -25084.5740563656 -25084.5740563656
0.269129287598945 -24743.7224994338 -24671.8826463626 -24671.8826463626
0.269920844327177 -24314.2849708162 -24243.9299923941 -24243.9299923941
0.27071240105541 -23869.8124586622 -23800.9806692078 -23800.9806692078
0.271503957783642 -23410.5798070359 -23343.3085283118 -23343.3085283118
0.272295514511874 -22936.870987083 -22871.1965292739 -22871.1965292739
0.273087071240106 -22448.9789214338 -22384.9365635768 -22384.9365635768
0.273878627968338 -21947.2053030719 -21884.8292756541 -21884.8292756541
0.27467018469657 -21431.8604087789 -21371.1838752536 -21371.1838752536
0.275461741424803 -20903.2629072721 -20844.3179477969 -20844.3179477969
0.276253298153035 -20361.7396621522 -20304.5572566097 -20304.5572566097
0.277044854881267 -19807.6255297837 -19752.2355429218 -19752.2355429218
0.277836411609499 -19241.2631522336 -19187.6943176472 -19187.6943176472
0.278627968337731 -18663.0027453949 -18611.282652341 -18611.282652341
0.279419525065963 -18073.201882427 -18023.356961032 -18023.356961032
0.280211081794196 -17472.2252726468 -17424.2807819594 -17424.2807819594
0.281002638522428 -16860.4445360072 -16814.4245508246 -16814.4245508246
0.28179419525066 -16238.2379733019 -16194.1653735419 -16194.1653735419
0.282585751978892 -15605.9903322394 -15563.8867911901 -15563.8867911901
0.283377308707124 -14964.0925695305 -14923.9785445133 -14923.9785445133
0.284168865435356 -14312.9416091358 -14274.8363314001 -14274.8363314001
0.284960422163589 -13652.9400968243 -13616.861563419 -13616.861563419
0.285751978891821 -12984.4961511932 -12950.4611164741 -12950.4611164741
0.286543535620053 -12308.0231113035 -12276.0470802521 -12276.0470802521
0.287335092348285 -11623.9392810875 -11594.0365022536 -11594.0365022536
0.288126649076517 -10932.6676706866 -10904.8511308047 -10904.8511308047
0.288918205804749 -10234.6357348789 -10208.9171536604 -10208.9171536604
0.289709762532982 -9530.27510875764 -9506.66493451221 -9506.66493451221
0.290501319261214 -8820.02134082561 -8798.52874727381 -8798.52874727381
0.291292875989446 -8104.31362366954 -8084.94650660717 -8084.94650660717
0.292084432717678 -7383.59452238052 -7366.35949813975 -7366.35949813975
0.29287598944591 -6658.30970088966 -6643.21210448614 -6643.21210448614
0.293667546174142 -5928.90764638722 -5915.95153169854 -5915.95153169854
0.294459102902375 -5195.83939199615 -5185.02753094334 -5185.02753094334
0.295250659630607 -4459.55823787101 -4450.89212207751 -4450.89212207751
0.296042216358839 -3720.5194708953 -3713.99931300844 -3713.99931300844
0.296833773087071 -2979.18008315044 -2974.80481937897 -2974.80481937897
0.297625329815303 -2235.99848932976 -2233.76578232624 -2233.76578232624
0.298416886543535 -1491.43424327336 -1491.34048648855 -1491.34048648855
0.299208443271768 -745.947753798264 -747.988075283831 -747.988075283831
0.300066661082492 0 771759.184045718 -629.774115137628
0.301058201058201 0 352.633735891451 1410.5349435658
0.302116402116402 0 -1.36068309280303 -5.44273237121212
0.303174603174603 0 -1.34650112828035 -5.3860045131214
0.304232804232804 0 -1.33251550336921 -5.33006201347686
0.305291005291005 0 -1.31872298246241 -5.27489192984964
0.306349206349206 0 -1.30512011609776 -5.22048046439103
0.307407407407407 0 -1.29170367492419 -5.16681469969675
0.308465608465608 0 -1.27847052979244 -5.11388211916977
0.309523809523809 0 -1.26541754020873 -5.06167016083491
0.31058201058201 0 -1.25254162442572 -5.01016649770287
0.311640211640211 0 -1.23983976229788 -4.95935904919153
0.312698412698412 0 -1.22730910279219 -4.90923641116877
0.313756613756613 0 -1.21494675018088 -4.85978700072351
0.314814814814814 0 -1.20274985764717 -4.81099943058868
0.315873015873015 0 -1.19071565266414 -4.76286261065654
0.316931216931216 0 -1.17884146562027 -4.71536586248108
0.317989417989417 0 -1.16712466463765 -4.6684986585506
0.319047619047618 0 -1.15556264315768 -4.62225057263071
0.32010582010582 0 -1.14415278994682 -4.57661115978726
0.321164021164021 0 -1.13289269009257 -4.53157076037027
0.322222222222222 0 -1.12177985045952 -4.48711940183807
0.323280423280423 0 -1.11081190971589 -4.44324763886356
0.324338624338624 0 -1.09998639838745 -4.39994559354978
0.325396825396825 0 -1.08930116059204 -4.35720464236814
0.326455026455026 0 -1.07875389442822 -4.31501557771289
0.327513227513227 0 -1.06834232807903 -4.27336931231613
0.328571428571428 0 -1.05806430089348 -4.23225720357394
0.329629629629629 0 -1.04791771949215 -4.19167087796861
0.33068783068783 0 -1.0379004434527 -4.15160177381081
0.331746031746031 0 -1.0280104518064 -4.11204180722562
0.332804232804232 0 -1.01824571062066 -4.07298284248263
0.333862433862433 0 -1.00860424502639 -4.03441698010557
0.334920634920634 0 -0.999084166449134 -3.99633666579654
0.335978835978835 0 -0.989683446321421 -3.95873378528568
0.337037037037036 0 -0.98040030518853 -3.92160122075412
0.338095238095237 0 -0.971232942950857 -3.88493177180343
0.339153439153438 0 -0.96217947644772 -3.84871790579088
0.340211640211639 0 -0.953238234568792 -3.81295293827517
0.34126984126984 0 -0.944407371929069 -3.77762948771628
0.342328042328041 0 -0.935685347122125 -3.7427413884885
0.343386243386242 0 -0.927070314062874 -3.70828125625149
0.344444444444443 0 -0.918560732347875 -3.6742429293915
0.345502645502644 0 -0.910154992659658 -3.64061997063863
0.346560846560845 0 -0.901851524732356 -3.60740609892942
0.347619047619046 0 -0.893648732276763 -3.57459492910705
0.348677248677247 0 -0.885545080693473 -3.54218032277389
0.349735449735449 0 -0.877539189325845 -3.51015675730338
0.35079365079365 0 -0.869629441535701 -3.4785177661428
0.351851851851851 0 -0.861814487586226 -3.44725795034491
0.352910052910052 0 -0.854092935885388 -3.41637174354155
0.353968253968253 0 -0.846463301508864 -3.38585320603545
0.355026455026454 0 -0.838924285361538 -3.35569714144615
0.356084656084655 0 -0.831474524414454 -3.32589809765782
0.357142857142856 0 -0.824112748001906 -3.29645099200763
0.358201058201057 0 -0.816837582499315 -3.26735032999726
0.359259259259258 0 -0.809647813138404 -3.23859125255361
0.360317460317459 0 -0.802542243715495 -3.21016897486198
0.36137566137566 0 -0.795519428741532 -3.18207771496613
0.362433862433861 0 -0.788578399702808 -3.15431359881123
0.363492063492062 0 -0.781717893784609 -3.12687157513843
0.364550264550263 0 -0.77493670236723 -3.09974680946892
0.365608465608464 0 -0.768233791591697 -3.07293516636679
0.366666666666665 0 -0.761607842031026 -3.0464313681241
0.367724867724866 0 -0.755057956164138 -3.02023182465655
0.368783068783067 0 -0.74858294791574 -2.99433179166296
0.369841269841268 0 -0.742181799067964 -2.96872719627185
0.370899470899469 0 -0.735853357652296 -2.94341343060918
0.37195767195767 0 -0.729596696126893 -2.91838678450757
0.373015873015871 0 -0.723410787561698 -2.89364315024679
0.374074074074072 0 -0.717294587173438 -2.86917834869375
0.375132275132273 0 -0.711247117132342 -2.84498846852937
0.376190476190474 0 -0.705267398796629 -2.82106959518652
0.377248677248675 0 -0.699354642029444 -2.79741856811778
0.378306878306876 0 -0.693507697455461 -2.77403078982185
0.379365079365078 0 -0.687725780920193 -2.75090312368077
0.380423280423279 0 -0.682008004988551 -2.7280320199542
0.38148148148148 0 -0.676353395013201 -2.70541358005281
0.382539682539681 0 -0.670761133421152 -2.68304453368461
0.383597883597882 0 -0.66523032451858 -2.66092129807432
0.384656084656083 0 -0.659760241081148 -2.63904096432459
0.385714285714284 0 -0.654349837383103 -2.61739934953241
0.386772486772485 0 -0.648998505667157 -2.59599402266863
0.387830687830686 0 -0.643705362975472 -2.57482145190189
0.388888888888887 0 -0.63846960347972 -2.55387841391888
0.389947089947088 0 -0.633290523418644 -2.53316209367458
0.391005291005289 0 -0.628167215331239 -2.51266886132496
0.39206349206349 0 -0.623099051969345 -2.49239620787738
0.393121693121691 0 -0.61808535747458 -2.47234142989832
0.394179894179892 0 -0.613125207207806 -2.45250082883122
0.395238095238093 0 -0.608218065124425 -2.4328722604977
0.396296296296294 0 -0.603363078391746 -2.41345231356698
0.397354497354495 0 -0.598559690917585 -2.39423876367034
0.398412698412696 0 -0.593807117197084 -2.37522846878834
0.399470899470897 0 -0.589104703606623 -2.35641881442649
0.400529100529098 0 -0.584451835637514 -2.33780734255005
0.401587301587299 0 -0.579847818661591 -2.31939127464636
0.4026455026455 0 -0.575292040014647 -2.30116816005859
0.403703703703701 0 -0.570783877138138 -2.28313550855255
0.404761904761902 0 -0.566322708858966 -2.26529083543586
0.405820105820103 0 -0.561907900743294 -2.24763160297318
0.406878306878304 0 -0.557538818108764 -2.23015527243506
0.407936507936505 0 -0.553214939832444 -2.21285975932978
0.408994708994707 0 -0.548935720451881 -2.19574288180753
0.410052910052908 0 -0.544700451129825 -2.1788018045193
0.411111111111109 0 -0.540508605397572 -2.16203442159029
0.41216931216931 0 -0.536359727245071 -2.14543890898028
0.413227513227511 0 -0.53225319420993 -2.12901277683972
0.414285714285712 0 -0.528188461749804 -2.11275384699922
0.415343915343913 0 -0.524165030718473 -2.09666012287389
0.416402116402114 0 -0.520182312278996 -2.08072924911599
0.417460317460315 0 -0.51623990121343 -2.06495960485372
0.418518518518516 0 -0.512337213652037 -2.04934885460815
0.419576719576717 0 -0.508473735575372 -2.03389494230149
0.420634920634918 0 -0.504649017445024 -2.01859606978009
0.421693121693119 0 -0.50086259402253 -2.00345037609012
0.42275132275132 0 -0.49711392873315 -1.9884557149326
0.423809523809521 0 -0.493402563186889 -1.97361025274756
0.424867724867722 0 -0.489728088182676 -1.9589123527307
0.425925925925923 0 -0.486089964025905 -1.94435985610362
0.426984126984124 0 -0.482487822365084 -1.92995128946034
0.428042328042325 0 -0.478921211687509 -1.91568484675004
0.429100529100526 0 -0.475389569725945 -1.90155827890378
0.430158730158727 0 -0.471892629904503 -1.88757051961801
0.431216931216928 0 -0.468429963700013 -1.87371985480005
0.432275132275129 0 -0.465000981082488 -1.86000392432995
0.43333333333333 0 -0.461605438304792 -1.84642175321917
0.434391534391531 0 -0.458242881489338 -1.83297152595735
0.435449735449732 0 -0.454912926454272 -1.81965170581709
0.436507936507933 0 -0.451615057934015 -1.80646023173606
0.437566137566134 0 -0.448349113984455 -1.79339645593782
0.438624338624336 0 -0.445114502194341 -1.78045800877736
0.439682539682537 0 -0.441910963396683 -1.76764385358673
0.440740740740738 0 -0.438738068396191 -1.75495227358476
0.441798941798939 0 -0.435595474817212 -1.74238189926885
0.44285714285714 0 -0.432482881099437 -1.72993152439775
0.443915343915341 0 -0.429399827435357 -1.71759930974143
0.444973544973542 0 -0.426346031051494 -1.70538412420598
0.446031746031743 0 -0.423321060834115 -1.69328424333646
0.447089947089944 0 -0.420324749811893 -1.68129899924757
0.448148148148145 0 -0.417356565715602 -1.66942626286241
0.449206349206346 0 -0.414416277436038 -1.65766510974415
0.450264550264547 0 -0.411503529876578 -1.64601411950631
0.451322751322748 0 -0.408618054197848 -1.63447221679139
0.452380952380949 0 -0.405759445801344 -1.62303778320537
0.45343915343915 0 -0.402927451649635 -1.61170980659854
0.454497354497351 0 -0.40012179981948 -1.60048719927792
0.455555555555552 0 -0.39734205541731 -1.58936822166924
0.456613756613753 0 -0.394588110923395 -1.57835244369358
0.457671957671954 0 -0.391859459019469 -1.56743783607787
0.458730158730155 0 -0.389155962187882 -1.55662384875153
0.459788359788356 0 -0.38647725352165 -1.5459090140866
0.460846560846557 0 -0.383823049711529 -1.53529219884611
0.461904761904758 0 -0.381193110743079 -1.52477244297232
0.462962962962959 0 -0.378587198394963 -1.51434879357985
0.46402116402116 0 -0.376004909045146 -1.50401963618059
0.465079365079361 0 -0.373446114985829 -1.49378445994332
0.466137566137562 0 -0.370910417325571 -1.48364166930228
0.467195767195764 0 -0.368397638244221 -1.47359055297688
0.468253968253965 0 -0.3659075791528 -1.4636303166112
0.469312169312166 0 -0.363439853458302 -1.45375941383321
0.470370370370367 0 -0.360994279205733 -1.44397711682293
0.471428571428568 0 -0.358570586007351 -1.4342823440294
0.472486772486769 0 -0.356168554236891 -1.42467421694756
0.47354497354497 0 -0.353787975881034 -1.41515190352414
0.474603174603171 0 -0.351428438893693 -1.40571375557477
0.475661375661372 0 -0.349089923133162 -1.39635969253265
0.476719576719573 0 -0.3467721029256 -1.3870884117024
0.477777777777774 0 -0.344474740151853 -1.37789896060741
0.478835978835975 0 -0.342197621757919 -1.36879048703168
0.479894179894176 0 -0.339940572565553 -1.35976229026221
0.480952380952377 0 -0.337703317096218 -1.35081326838487
0.482010582010578 0 -0.335485619383335 -1.34194247753334
0.483068783068779 0 -0.333287323023846 -1.33314929209538
0.48412698412698 0 -0.331108161564511 -1.32443264625804
0.485185185185181 0 -0.328947976155462 -1.31579190462185
0.486243386243382 0 -0.326806552004812 -1.30722620801925
0.487301587301583 0 -0.324683658620478 -1.29873463448191
0.488359788359784 0 -0.322579114762374 -1.2903164590495
0.489417989417985 0 -0.320492727849753 -1.28197091139901
0.490476190476186 0 -0.318424283018231 -1.27369713207292
0.491534391534387 0 -0.316373584071322 -1.26549433628529
0.492592592592588 0 -0.314340494007293 -1.25736197602917
0.493650793650789 0 -0.312324773040093 -1.24929909216037
0.49470899470899 0 -0.310326246209263 -1.24130498483705
0.495767195767191 0 -0.308344743475147 -1.23337897390059
0.496825396825393 0 -0.306380089718875 -1.2255203588755
0.497883597883594 0 -0.304432070621932 -1.21772828248773
0.498941798941795 0 -0.302500549895529 -1.21000219958212
