0 134.704988780923
0.000946372239747634 134.704988780923
0.00189274447949527 134.705255020042
0.0028391167192429 134.706372800758
0.00378548895899054 134.70888073614
0.00473186119873817 134.713310763037
0.0056782334384858 134.720191269106
0.00662460567823344 134.730047384396
0.00757097791798107 134.743400708049
0.00851735015772871 134.760768871224
0.00946372239747634 134.782665042198
0.010410094637224 134.809597409288
0.0113564668769716 134.842068655886
0.0123028391167192 134.88057543415
0.0132492113564669 134.925607840779
0.0141955835962145 134.977648896889
0.0151419558359621 135.037174033299
0.0160883280757098 135.104650582211
0.0170347003154574 135.180537276039
0.017981072555205 135.265283754053
0.0189274447949527 135.359330077414
0.0198738170347003 135.463106253146
0.0208201892744479 135.577031767534
0.0217665615141956 135.701515129449
0.0227129337539432 135.836953424041
0.0236593059936908 135.983731877252
0.0246056782334385 136.142223431583
0.0255520504731861 136.312788333517
0.0264984227129337 136.495773733008
0.0274447949526814 136.691513295435
0.028391167192429 136.90032682637
0.0293375394321766 137.122519909556
0.0302839116719243 137.358383558422
0.0312302839116719 137.608193881483
0.0321766561514195 137.872211761954
0.0331230283911672 138.150682551876
0.0340694006309148 138.443835781063
0.0350157728706624 138.751884881155
0.0359621451104101 139.075026925039
0.0369085173501577 139.413442381893
0.0378548895899053 139.767294888109
0.038801261829653 140.136731034305
0.0397476340694006 140.521880168644
0.0406940063091482 140.922854216659
0.0416403785488959 141.339747517765
0.0425867507886435 141.772636678615
0.0435331230283911 142.221580443468
0.0444794952681387 142.686619581686
0.0454258675078864 143.167776792489
0.046372239747634 143.665056627067
0.0473186119873816 144.178445428146
0.0482649842271293 144.707911287054
0.0492113564668769 145.253404018377
0.0501577287066245 145.814855152215
0.0511041009463722 146.392177944065
0.0520504731861198 146.985267402361
0.0529968454258674 147.594000333618
0.0539432176656151 148.218235405198
0.0548895899053627 148.857813225623
0.0558359621451103 149.512556442391
0.056782334384858 150.182269857214
0.0577287066246056 150.866740558596
0.0586750788643532 151.565738071623
0.0596214511041009 152.27901452487
0.0605678233438485 153.006304834259
0.0615141955835961 153.747326903732
0.0624605678233438 154.501781842554
0.0634069400630914 155.269354199075
0.064353312302839 156.049712210734
0.0652996845425867 156.842508070102
0.0662460567823343 157.647378206723
0.067192429022082 158.463943584512
0.0681388012618296 159.291810014448
0.0690851735015772 160.130568482289
0.0700315457413249 160.979795491013
0.0709779179810725 161.839053417696
0.0719242902208202 162.707890884494
0.0728706624605678 163.585843143418
0.0738170347003154 164.472432474539
0.0747634069400631 165.36716859729
0.0757097791798107 166.269549094481
0.0766561514195584 167.179059848653
0.077602523659306 168.09517549039
0.0785488958990536 169.017359858167
0.0794952681388013 169.945066469342
0.0804416403785489 170.877739001854
0.0813880126182965 171.814811786198
0.0823343848580442 172.75571030724
0.0832807570977918 173.699851715407
0.0842271293375395 174.646645346796
0.0851735015772871 175.595493251743
0.0861198738170347 176.545790731348
0.0870662460567824 177.496926881498
0.08801261829653 178.448285143871
0.0889589905362777 179.39924386344
0.0899053627760253 180.349176851954
0.0908517350157729 181.297453956901
0.0917981072555206 182.243441635415
0.0927444794952682 183.186503532619
0.0936908517350159 184.126001063878
0.0946372239747635 185.061294000411
0.0955835962145111 185.991741057757
0.0965299684542588 186.916700486528
0.0974763406940064 187.835530664927
0.0984227129337541 188.747590692484
0.0993690851735017 189.652240984456
0.100315457413249 190.548843866366
0.101261829652997 191.436764168111
0.102208201892745 192.315369817114
0.103154574132492 193.184032429956
0.10410094637224 194.042127901962
0.105047318611988 194.889036994178
0.105993690851735 195.724145917216
0.106940063091483 196.546846911407
0.10788643533123 197.356538822752
0.108832807570978 198.152627674108
0.109779179810726 198.934527231108
0.110725552050473 199.701659562267
0.111671924290221 200.453455592769
0.112618296529969 201.189355651411
0.113564668769716 201.908810010207
0.114511041009464 202.611279416125
0.115457413249212 203.296235614494
0.116403785488959 203.963161863558
0.117350157728707 204.611553439723
0.118296529968454 205.240918133005
0.119242902208202 205.850776732221
0.12018927444795 206.440663499464
0.121135646687697 207.010126633424
0.122082018927445 207.558728721098
0.123028391167193 208.086047177485
0.12397476340694 208.591674672828
0.124921135646688 209.075219547011
0.125867507886436 209.536306210713
0.126813880126183 209.974575532932
0.127760252365931 210.389685214507
0.128706624605678 210.781310147288
0.129652996845426 211.149142758596
0.130599369085174 211.492893340651
0.131545741324921 211.812290364633
0.132492113564669 212.10708077909
0.133438485804417 212.377030292377
0.134384858044164 212.621923638868
0.135331230283912 212.841564828658
0.13627760252366 213.035777380527
0.137223974763407 213.204404537909
0.138170347003155 213.347309467661
0.139116719242903 213.464375441423
0.14006309148265 213.555505999376
0.141009463722398 213.620625096239
0.141955835962145 213.659677229324
0.142902208201893 213.672627548533
0.143848580441641 213.659461948153
0.144794952681388 213.620187140349
0.145741324921136 213.554830710261
0.146687697160884 213.46344115263
0.147634069400631 213.346087889882
0.148580441640379 213.202861271651
0.149526813880127 213.033872555688
0.150473186119874 212.839253870166
0.151419558359622 212.619158157376
0.152365930599369 212.373759098843
0.153312302839117 212.103251021907
0.154258675078865 211.807848787811
0.155205047318612 211.487787661391
0.15615141955836 211.143323162441
0.157097791798108 210.774730898865
0.158044164037855 210.382306381746
0.158990536277603 209.966364822463
0.159936908517351 209.527240912016
0.160883280757098 209.06528858273
0.161829652996846 208.580880752532
0.162776025236594 208.07440905199
0.163722397476341 207.546283534352
0.164668769716089 206.996932368807
0.165615141955836 206.426801517223
0.166561514195584 205.836354394628
0.167507886435332 205.226071513712
0.168454258675079 204.596450113641
0.169400630914827 203.948003773509
0.170347003154575 203.281262010723
0.171293375394322 202.596769864684
0.17223974763407 201.895087466102
0.173186119873818 201.176789592306
0.174132492113565 200.442465208934
0.175078864353313 199.692716998388
0.17602523659306 198.928160875448
0.176971608832808 198.149425490475
0.177917981072556 197.35715172061
0.178864353312303 196.551992149413
0.179810725552051 195.734610535386
0.180757097791799 194.905681269844
0.181703470031546 194.06588882459
0.182649842271294 193.21592718987
0.183596214511042 192.356499303108
0.184542586750789 191.488316468899
0.185488958990537 190.61209777077
0.186435331230284 189.728569475214
0.187381703470032 188.838464428527
0.18832807570978 187.942521446953
0.189274447949527 187.041484700683
0.190220820189275 186.136103092244
0.191167192429023 185.227129629806
0.19211356466877 184.31532079598
0.193059936908518 183.401435912625
0.194006309148266 182.486236502257
0.194952681388013 181.57048564659
0.195899053627761 180.654947342787
0.196845425867509 179.74038585798
0.197791798107256 178.827565082631
0.198738170347004 177.917247883299
0.199684542586751 177.010195455387
0.200630914826499 176.107166676428
0.201577287066247 175.208917460501
0.202523659305994 174.316200114326
0.203470031545742 173.429762695622
0.20441640378549 172.550348374286
0.205362776025237 171.678694796962
0.206309148264985 170.815533455572
0.207255520504733 169.961589060345
0.20820189274448 169.117578917936
0.209148264984228 168.284212315146
0.210094637223975 167.462189908838
0.211041009463723 166.652203122541
0.211987381703471 165.85493355033
0.212933753943218 165.071052368473
0.213880126182966 164.301219755397
0.214826498422714 163.546084320478
0.215772870662461 162.806282542168
0.216719242902209 162.082438215971
0.217665615141957 161.375161912751
0.218611987381704 160.685050447862
0.219558359621452 160.012686361587
0.2205047318612 159.358637411338
0.221451104100947 158.723456076086
0.222397476340695 158.107679073464
0.223343848580442 157.511826889976
0.22429022082019 156.93640332475
0.225236593059938 156.381895047231
0.226182965299685 155.848771169227
0.227129337539433 155.337482831696
0.228075709779181 154.848462806649
0.229022082018928 154.382125114531
0.229968454258676 153.938864657432
0.230914826498424 153.519056868469
0.231861198738171 153.123057377648
0.232807570977919 152.751201694532
0.233753943217666 152.403804907998
0.234700315457414 152.081161403358
0.235646687697162 151.783544597118
0.236593059936909 151.511206689623
0.237539432176657 151.264378435807
0.238485804416405 151.043268934283
0.239432176656152 150.848065434958
0.2403785488959 150.678933165376
0.241324921135648 150.536015175938
0.242271293375395 150.419432204163
0.243217665615143 150.329282558123
0.24416403785489 150.265642019171
0.245110410094638 150.228563764059
0.246056782334386 150.21807830654
0.247003154574133 150.234193458512
0.247949526813881 150.276894310755
0.248895899053629 150.346143233308
0.249842271293376 150.441879895478
0.250788643533124 150.564021305505
0.251735015772872 150.712461869847
0.252681388012619 150.88707347205
0.253627760252367 151.087705571163
0.254574132492115 151.314185319615
0.255520504731862 151.566317700468
0.25646687697161 151.843885683946
0.257413249211357 152.146650403114
0.258359621451105 152.474351348574
0.259305993690853 152.826706582012
0.2602523659306 153.203412968438
0.261198738170348 153.604146426913
0.262145110410096 154.028562199581
0.263091482649843 154.476295138752
0.264037854889591 154.946960011841
0.264984227129339 155.440151823864
0.265930599369086 155.95544615726
0.266876971608834 156.492399528732
0.267823343848581 157.050549762816
0.268769716088329 157.629416381867
0.269716088328077 158.228501012119
0.270662460567824 158.847287805498
0.271608832807572 159.485243876804
0.27255520504732 160.141819755917
0.273501577287067 160.816449854624
0.274447949526815 161.508552947676
0.275394321766563 162.217532667668
0.27634069400631 162.942778013307
0.277287066246058 163.683663870657
0.278233438485806 164.43955154688
0.279179810725553 165.209789316054
0.280126182965301 165.993712976563
0.281072555205048 166.790646419609
0.282018927444796 167.59990220834
0.282965299684544 168.4207821671
0.283911671924291 169.252577980294
0.284858044164039 170.094571800349
0.285804416403787 170.946036864253
0.286750788643534 171.806238118127
0.287697160883282 172.6744328493
0.28864353312303 173.549871325335
0.289589905362777 174.43179743946
0.290536277602525 175.319449361828
0.291482649842272 176.212060196063
0.29242902208202 177.108858640506
0.293375394321768 178.009069653587
0.294321766561515 178.911915122761
0.295268138801263 179.816614536406
0.296214511041011 180.722385658109
0.297160883280758 181.628445202756
0.298107255520506 182.534009513825
0.299053627760254 183.438295241308
0.300311489395474 183.917186059256
0.301569351030694 184.215617097151
0.302827212665914 184.512805954082
0.304085074301134 184.808762928022
0.305342935936354 185.103498189416
0.306600797571574 185.397021783274
0.307858659206794 185.689343631227
0.309116520842015 185.980473533541
0.310374382477235 186.270421171086
0.311632244112455 186.559196107267
0.312890105747675 186.846807789921
0.314147967382895 187.133265553165
0.315405829018115 187.41857861922
0.316663690653335 187.702756100189
0.317921552288555 187.985806999805
0.319179413923776 188.267740215141
0.320437275558996 188.548564538289
0.321695137194216 188.828288658003
0.322952998829436 189.106921161319
0.324210860464656 189.384470535126
0.325468722099876 189.660945167727
0.326726583735096 189.936353350354
0.327984445370316 190.210703278662
0.329242307005537 190.484003054194
0.330500168640757 190.756260685813
0.331758030275977 191.027484091113
0.333015891911197 191.297681097799
0.334273753546417 191.566859445043
0.335531615181637 191.835026784817
0.336789476816857 192.102190683191
0.338047338452077 192.368358621623
0.339305200087298 192.633537998207
0.340563061722518 192.897736128915
0.341820923357738 193.160960248803
0.343078784992958 193.423217513199
0.344336646628178 193.684514998875
0.345594508263398 193.94485970519
0.346852369898618 194.204258555214
0.348110231533838 194.462718396834
0.349368093169059 194.720246003838
0.350625954804279 194.976848076981
0.351883816439499 195.232531245031
0.353141678074719 195.487302065796
0.354399539709939 195.741167027134
0.355657401345159 195.994132547943
0.356915262980379 196.246204979135
0.358173124615599 196.497390604595
0.35943098625082 196.747695642119
0.36068884788604 196.997126244337
0.36194670952126 197.245688499622
0.36320457115648 197.493388432979
0.3644624327917 197.740232006926
0.36572029442692 197.98622512235
0.36697815606214 198.231373619359
0.36823601769736 198.475683278107
0.369493879332581 198.719159819617
0.370751740967801 198.961808906585
0.372009602603021 199.203636144166
0.373267464238241 199.444647080755
0.374525325873461 199.684847208749
0.375783187508681 199.924241965298
0.377041049143901 200.162836733045
0.378298910779121 200.400636840848
0.379556772414342 200.637647564501
0.380814634049562 200.873874127429
0.382072495684782 201.109321701384
0.383330357320002 201.343995407123
0.384588218955222 201.577900315075
0.385846080590442 201.811041445998
0.387103942225662 202.043423771628
0.388361803860882 202.275052215314
0.389619665496103 202.505931652644
0.390877527131323 202.736066912059
0.392135388766543 202.965462775462
0.393393250401763 203.194123978812
0.394651112036983 203.422055212711
0.395908973672203 203.649261122983
0.397166835307423 203.875746311239
0.398424696942643 204.10151533544
0.399682558577864 204.326572710442
0.400940420213084 204.550922908546
0.402198281848304 204.774570360023
0.403456143483524 204.997519453642
0.404714005118744 205.21977453719
0.405971866753964 205.441339917974
0.407229728389184 205.66221986333
0.408487590024404 205.882418601108
0.409745451659625 206.101940320163
0.411003313294845 206.320789170832
0.412261174930065 206.538969265404
0.413519036565285 206.756484678583
0.414776898200505 206.973339447947
0.416034759835725 207.189537574394
0.417292621470945 207.405083022591
0.418550483106165 207.619979721403
0.419808344741386 207.834231564328
0.421066206376606 208.047842409917
0.422324068011826 208.260816082193
0.423581929647046 208.473156371062
0.424839791282266 208.684867032715
0.426097652917486 208.895951790029
0.427355514552706 209.106414332961
0.428613376187926 209.31625831893
0.429871237823147 209.525487373204
0.431129099458367 209.734105089274
0.432386961093587 209.942115029221
0.433644822728807 210.149520724086
0.434902684364027 210.356325674226
0.436160545999247 210.562533349671
0.437418407634467 210.768147190471
0.438676269269688 210.973170607042
0.439934130904908 211.177606980506
0.441191992540128 211.381459663021
0.442449854175348 211.584731978119
0.443707715810568 211.787427221022
0.444965577445788 211.98954865897
0.446223439081008 212.191099531532
0.447481300716228 212.392083050921
0.448739162351449 212.592502402299
0.449997023986669 212.792360744078
0.451254885621889 212.991661208226
0.452512747257109 213.190406900553
0.453770608892329 213.388600901006
0.455028470527549 213.586246263954
0.456286332162769 213.783346018472
0.457544193797989 213.979903168618
0.45880205543321 214.175920693708
0.46005991706843 214.371401548585
0.46131777870365 214.566348663893
0.46257564033887 214.760764946331
0.46383350197409 214.954653278921
0.46509136360931 215.14801652126
0.46634922524453 215.340857509777
0.46760708687975 215.533179057978
0.468864948514971 215.724983956694
0.470122810150191 215.916274974326
0.471380671785411 216.107054857083
0.472638533420631 216.29732632922
0.473896395055851 216.487092093266
0.475154256691071 216.676354830264
0.476412118326291 216.86511719999
0.477669979961511 217.053381841179
0.478927841596732 217.241151371751
0.480185703231952 217.428428389021
0.481443564867172 217.615215469924
0.482701426502392 217.801515171222
0.483959288137612 217.987330029713
0.485217149772832 218.172662562442
0.486475011408052 218.357515266905
0.487732873043272 218.541890621248
0.488990734678493 218.725791084469
0.490248596313713 218.909219096616
0.491506457948933 219.092177078976
0.492764319584153 219.274667434272
0.494022181219373 219.45669254685
0.495280042854593 219.638254782867
0.496537904489813 219.819356490474
0.497795766125033 220
