0.00882352941176471 -8209.88970216249 -4104.94485108124 -4104.94485108124
0.0176470588235294 -15792.9648863207 -11844.7236647402 -11844.7236647402
0.0264705882352941 -22170.2675166198 -18475.2229305167 -18475.2229305167
0.0352941176470588 -26854.8987406519 -23498.0363980709 -23498.0363980709
0.0441176470588235 -29489.1929905171 -26540.2736914654 -26540.2736914654
0.0529411764705882 -29872.025288851 -27382.6898481131 -27382.6898481131
0.0617647058823529 -27974.1668821307 -25976.0121048354 -25976.0121048354
0.0705882352941176 -23940.5168184072 -22444.2345172572 -22444.2345172572
0.0794117647058823 -18079.0390913777 -17074.6480307456 -17074.6480307456
0.0882352941176471 -10837.2499856146 -10295.3874863341 -10295.3874863341
0.0970588235294118 -2768.05078389906 -2642.23029372203 -2642.23029372203
0.105882352941176 5512.4855344971 5282.79863722644 5282.79863722644
0.114705882352941 13372.1506732961 12857.8371858614 12857.8371858614
0.123529411764706 20210.8693093967 19489.052548347 19489.052548347
0.132352941176471 25506.5140718884 24656.2969361586 24656.2969361586
0.141176470588235 28854.7692951846 27953.0577547105 27953.0577547105
0.15 30000 29117.6470588234 29117.6470588234
0.158823529411765 28854.7692951846 28053.2479258738 28053.2479258738
0.167647058823529 25506.5140718884 24835.2900173652 24835.2900173652
0.176470588235294 20210.8693093967 19705.5975766616 19705.5975766616
0.185294117647059 13372.1506732961 13053.7661334559 13053.7661334559
0.194117647058824 5512.4855344971 5387.20177234928 5387.20177234928
0.202941176470588 -2768.05078389907 -2707.87576685766 -2707.87576685766
0.211764705882353 -10837.2499856146 -10611.4739442472 -10611.4739442472
0.220588235294118 -18079.0390913777 -17717.4583095511 -17717.4583095511
0.229411764705882 -23940.5168184072 -23480.1222642071 -23480.1222642071
0.238235294117647 -27974.1668821307 -27456.1267546838 -27456.1267546838
0.247058823529412 -29872.025288851 -29338.5962658356 -29338.5962658356
0.255882352941176 -29489.1929905171 -28980.7586286113 -28980.7586286113
0.264705882352941 -26854.8987406519 -26407.317094975 -26407.317094975
0.273529411764706 -22170.2675166197 -21812.6825566738 -21812.6825566738
0.282352941176471 -15792.9648863207 -15546.1998099723 -15546.1998099723
0.291176470588235 -8209.8897021625 56815.1553934691 56815.1553934691
0.298529411764706 -1385.50375937218 23040.1078803804 -94953.1718706543
0.302941176470588 0 1.43897771260699e-009 5.75591085042796e-009
0.305882352941176 0 4.99460862625791e-010 1.99784345050316e-009
0.308823529411765 0 1.57877962026461e-009 6.31511848105844e-009
0.311764705882353 0 4.9980497204262e-009 1.99921988817048e-008
0.314705882352941 0 -3.14729732410753e-010 -1.25891892964301e-009
0.317647058823529 0 1.09324470772462e-009 4.37297883089847e-009
0.320588235294118 0 5.85890535883e-010 2.343562143532e-009
0.323529411764706 0 9.68922114258872e-010 3.87568845703549e-009
0.326470588235294 0 -1.10131123440045e-009 -4.40524493760178e-009
0.329411764705882 0 4.4919623576334e-011 1.79678494305336e-010
0.332352941176471 0 1.55644934011026e-009 6.22579736044104e-009
0.335294117647059 0 1.55723472615858e-009 6.22893890463431e-009
0.338235294117647 0 -7.27551424903196e-010 -2.91020569961278e-009
0.341176470588235 0 6.72266146007946e-010 2.68906458403178e-009
0.344117647058824 0 -2.60895120796839e-009 -1.04358048318735e-008
0.347058823529412 0 1.7846033502191e-009 7.1384134008764e-009
0.35 0 -1.06035656445768e-009 -4.2414262578307e-009
0.352941176470588 0 2.90489590715205e-009 1.16195836286082e-008
0.355882352941176 0 -2.80963097140487e-009 -1.12385238856195e-008
0.358823529411765 0 -1.15464866720695e-009 -4.61859466882781e-009
0.361764705882353 0 -1.07848833747965e-009 -4.31395334991859e-009
0.364705882352941 0 2.89144201413447e-009 1.15657680565379e-008
0.367647058823529 0 2.1363772972904e-010 8.54550918916162e-010
0.370588235294118 0 -2.77532736651117e-010 -1.11013094660447e-009
0.373529411764706 0 -1.25147132377137e-009 -5.00588529508547e-009
0.376470588235294 0 -1.12299058940835e-010 -4.4919623576334e-010
0.379411764705882 0 3.77266387811192e-009 1.50906555124477e-008
0.382352941176471 0 -1.03300325558455e-009 -4.1320130223382e-009
0.385294117647059 0 2.1934443235434e-010 8.77377729417359e-010
0.388235294117647 0 -8.93373043892186e-010 -3.57349217556875e-009
0.391176470588235 0 -2.94118593306536e-010 -1.17647437322614e-009
0.394117647058824 0 6.3596226129394e-011 2.54384904517576e-010
0.397058823529412 0 3.55197764205456e-010 1.42079105682182e-009
0.4 0 4.37181887913411e-010 1.74872755165365e-009
0.402941176470588 0 -2.11603512489945e-009 -8.46414049959779e-009
0.405882352941176 0 9.17382172642607e-010 3.66952869057043e-009
0.408823529411765 0 3.08014505188441e-010 1.23205802075377e-009
0.411764705882353 0 1.18068709571112e-010 4.72274838284446e-010
0.414705882352941 0 -4.915928283042e-009 -1.9663713132168e-008
0.417647058823529 0 -3.74752353562249e-009 -1.499009414249e-008
0.420588235294118 0 -1.48347505608329e-009 -5.93390022433314e-009
0.423529411764706 0 1.67557326038706e-009 6.70229304154825e-009
0.426470588235294 0 -6.17600568387818e-009 -2.47040227355127e-008
0.429411764705882 0 1.19127105440427e-009 4.7650842176171e-009
0.432352941176471 0 -6.03608533148657e-009 -2.41443413259463e-008
0.435294117647059 0 3.49964408053507e-010 1.39985763221403e-009
0.438235294117647 0 -1.92948733053618e-010 -7.71794932214471e-010
0.441176470588235 0 -3.24720215531354e-009 -1.29888086212541e-008
0.444117647058824 0 -2.30091953584442e-009 -9.2036781433777e-009
0.447058823529412 0 -4.06782232167509e-009 -1.62712892867004e-008
0.45 0 -1.81246067537046e-010 -7.24984270148185e-010
0.452941176470588 0 6.42380827463555e-010 2.56952330985422e-009
0.455882352941176 0 -2.14918663511028e-009 -8.59674654044111e-009
0.458823529411765 0 -2.88307266237381e-009 -1.15322906494953e-008
0.461764705882353 0 -4.09938058375003e-009 -1.63975223350001e-008
0.464705882352941 0 -4.56567765310451e-010 -1.8262710612418e-009
0.467647058823529 0 6.79944064015579e-010 2.71977625606232e-009
0.470588235294118 0 1.01384994150023e-010 4.0553997660009e-010
0.473529411764706 0 -3.05216287026898e-009 -1.22086514810759e-008
0.476470588235294 0 4.6228194797537e-009 1.84912779190148e-008
0.479411764705882 0 3.01081552327702e-010 1.20432620931081e-009
0.482352941176471 0 -1.98827538105823e-009 -7.95310152423291e-009
0.485294117647059 0 2.83129748602348e-010 1.13251899440939e-009
0.488235294117647 0 -2.27178966736244e-009 -9.08715866944976e-009
0.491176470588235 0 2.7586950687902e-009 1.10347802751608e-008
0.494117647058824 0 -1.91221615261768e-009 -7.64886461047071e-009
0.497058823529412 0 2.94353584898994e-009 1.17741433959597e-008
