0 -2021.46294494245
0.01 -2021.46294494245
0.02 -1347.6419966283
0.03 -134.76426966283
0.04 827.837113643097
0.05 932.653723380853
0.06 255.33240312741
0.07 -533.83617819485
0.08 -755.124307571939
0.09 -284.09243269413
0.1 391.545058291289
0.11 648.581021205026
0.12 291.083311460805
0.13 -305.611276047818
0.14 -575.132908881897
0.15 -290.598320837377
0.16 247.429190697301
0.17 520.41544360514
0.18 287.125015233399
0.19 -205.159912501193
0.2 -477.560616696982
0.21 -282.408553586091
0.22 172.939892566845
0.23 442.796905993554
0.24 277.216108855085
0.25 -147.507503016283
0.26 -413.852440935875
0.27 -271.911307844734
0.28 126.891904329836
0.29 389.262415408088
0.3 266.671882411467
0.306666666666667 14.2929317622672
0.313333333333333 -246.644093440829
0.32 -260.636143364826
0.326666666666667 -19.0775171427085
0.333333333333333 236.29322759073
0.34 254.992950114551
0.346666666666667 23.287918528819
0.353333333333333 -226.848045022703
0.36 -249.70069736926
0.366666666666667 -27.015023814863
0.373333333333333 218.186539868064
0.38 244.723399642939
0.386666666666667 30.3313862653343
0.393333333333333 -210.208729433091
0.4 -240.030366536169
0.406666666666667 -33.2961835950855
0.413333333333333 202.831228110324
0.42 235.594650723444
0.426666666666667 35.9575931345421
0.433333333333333 -195.984449395084
0.44 -231.393093694663
0.446666666666667 -38.3558009320863
0.453333333333333 189.60922487245
0.46 227.405065044782
0.466666666666667 40.524008395916
0.473333333333333 -183.655474953983
0.48 -223.612736068527
0.486666666666667 -42.4904621483914
0.493333333333333 178.079901698492
0.5 220
