0.000445103857566766 -0 -0
0.0013353115727003 -0.24892927027679 -0.24892927027679
0.00222551928783383 -1.04515250409046 -1.04515250409046
0.00311572700296736 -2.3451287043784 -2.3451287043784
0.00400593471810089 -4.1427883544165 -4.1427883544165
0.00489614243323442 -6.43504578710216 -6.43504578710216
0.00578635014836795 -9.2191477279197 -9.2191477279197
0.00667655786350148 -12.4921446122099 -12.4921446122099
0.00756676557863501 -16.2507368275449 -16.2507368275449
0.00845697329376855 -20.4912199042999 -20.4912199042999
0.00934718100890208 -25.2094629431816 -25.2094629431816
0.0102373887240356 -30.4009002791065 -30.4009002791065
0.0111275964391691 -36.0605291791644 -36.0605291791644
0.0120178041543027 -42.1829106387195 -42.1829106387195
0.0129080118694362 -48.7621719572533 -48.7621719572533
0.0137982195845697 -55.7920104538754 -55.7920104538754
0.0146884272997033 -63.2656979909399 -63.2656979909399
0.0155786350148368 -71.1760861238154 -71.1760861238154
0.0164688427299703 -79.5156117702678 -79.5156117702678
0.0173590504451039 -88.2763033364314 -88.2763033364314
0.0182492581602374 -97.449787256332 -97.449787256332
0.0191394658753709 -107.027294918046 -107.027294918046
0.0200296735905045 -116.999669955296 -116.999669955296
0.020919881305638 -127.357375889032 -127.357375889032
0.0218100890207715 -138.090504106099 -138.090504106099
0.0227002967359051 -149.188782164228 -149.188782164228
0.0235905044510386 -160.641582413235 -160.641582413235
0.0244807121661721 -172.43793092307 -172.43793092307
0.0253709198813057 -184.566516710195 -184.566516710195
0.0262611275964392 -197.015701253248 -197.015701253248
0.0271513353115727 -209.773528289892 -209.773528289892
0.0280415430267063 -222.827733885458 -222.827733885458
0.0289317507418398 -236.165756765278 -236.165756765278
0.0298219584569733 -249.774748902104 -249.774748902104
0.0307121661721069 -263.641586349025 -263.641586349025
0.0316023738872404 -277.7528803096 -277.7528803096
0.0324925816023739 -292.09498843521 -292.09498843521
0.0333827893175074 -306.654026341212 -306.654026341212
0.034272997032641 -321.415879331608 -321.415879331608
0.0351632047477745 -336.366214323414 -336.366214323414
0.0360534124629081 -351.490491959721 -351.490491959721
0.0369436201780416 -366.773978903176 -366.773978903176
0.0378338278931751 -382.201760298482 -382.201760298482
0.0387240356083086 -397.758752394218 -397.758752394218
0.0396142433234422 -413.429715313725 -413.429715313725
0.0405044510385757 -429.199265964741 -429.199265964741
0.0413946587537092 -445.051891076597 -445.051891076597
0.0422848664688428 -460.971960355434 -460.971960355434
0.0431750741839763 -476.943739745588 -476.943739745588
0.0440652818991098 -492.951404787037 -492.951404787037
0.0449554896142434 -508.979054057711 -508.979054057711
0.0458456973293769 -525.010722689783 -525.010722689783
0.0467359050445104 -541.030395948782 -541.030395948782
0.047626112759644 -557.022022864884 -557.022022864884
0.0485163204747775 -572.969529904329 -572.969529904329
0.049406528189911 -588.856834671016 -588.856834671016
0.0502967359050446 -604.66785962597 -604.66785962597
0.0511869436201781 -620.386545814185 -620.386545814185
0.0520771513353116 -635.996866587358 -635.996866587358
0.0529673590504452 -651.482841311089 -651.482841311089
0.0538575667655787 -666.828549045983 -666.828549045983
0.0547477744807122 -682.018142190588 -682.018142190588
0.0556379821958458 -697.035860075836 -697.035860075836
0.0565281899109793 -711.866042499021 -711.866042499021
0.0574183976261128 -726.493143187402 -726.493143187402
0.0583086053412464 -740.901743178772 -740.901743178772
0.0591988130563799 -755.076564109619 -755.076564109619
0.0600890207715134 -769.002481399024 -769.002481399024
0.060979228486647 -782.664537317555 -782.664537317555
0.0618694362017805 -796.047953931159 -796.047953931159
0.062759643916914 -809.13814590813 -809.13814590813
0.0636498516320476 -821.92073317994 -821.92073317994
0.0645400593471811 -834.381553444799 -834.381553444799
0.0654302670623146 -846.506674503471 -846.506674503471
0.0663204747774481 -858.28240641802 -858.28240641802
0.0672106824925817 -869.695313482478 -869.695313482478
0.0681008902077152 -880.732225996615 -880.732225996615
0.0689910979228487 -891.380251831644 -891.380251831644
0.0698813056379822 -901.626787780252 -901.626787780252
0.0707715133531158 -911.459530679385 -911.459530679385
0.0716617210682493 -920.866488298708 -920.866488298708
0.0725519287833828 -929.835989983781 -929.835989983781
0.0734421364985163 -938.356697047035 -938.356697047035
0.0743323442136499 -946.417612895927 -946.417612895927
0.0752225519287834 -954.008092891441 -954.008092891441
0.0761127596439169 -961.117853928151 -961.117853928151
0.0770029673590504 -967.736983727675 -967.736983727675
0.077893175074184 -973.855949837892 -973.855949837892
0.0787833827893175 -979.465608330539 -979.465608330539
0.079673590504451 -984.557212189979 -984.557212189979
0.0805637982195845 -989.122419385708 -989.122419385708
0.0814540059347181 -993.153300621875 -993.153300621875
0.0823442136498516 -996.642346757831 -996.642346757831
0.0832344213649851 -999.582475892907 -999.582475892907
0.0841246290801186 -1001.96704010928 -1001.96704010928
0.0850148367952522 -1003.78983186794 -1003.78983186794
0.0859050445103857 -1005.0450900514 -1005.0450900514
0.0867952522255192 -1005.72750564876 -1005.72750564876
0.0876854599406527 -1005.83222707762 -1005.83222707762
0.0885756676557863 -1005.35486513845 -1005.35486513845
0.0894658753709198 -1004.29149759757 -1004.29149759757
0.0903560830860533 -1002.63867339411 -1002.63867339411
0.0912462908011868 -1000.39341646718 -1000.39341646718
0.0921364985163204 -997.553229200556 -997.553229200556
0.0930267062314539 -994.116095481053 -994.116095481053
0.0939169139465874 -990.080483368443 -990.080483368443
0.094807121661721 -985.445347373619 -985.445347373619
0.0956973293768545 -980.210130343571 -980.210130343571
0.096587537091988 -974.37476495123 -974.37476495123
0.0974777448071215 -967.939674788013 -967.939674788013
0.0983679525222551 -960.905775058685 -960.905775058685
0.0992581602373886 -953.274472877157 -953.274472877157
0.100148367952522 -945.047667162923 -945.047667162923
0.101038575667656 -936.227748136925 -936.227748136925
0.101928783382789 -926.817596418946 -926.817596418946
0.102818991097923 -916.820581724635 -916.820581724635
0.103709198813056 -906.240561164434 -906.240561164434
0.10459940652819 -895.081877144564 -895.081877144564
0.105489614243323 -883.349354871737 -883.349354871737
0.106379821958457 -871.048299463723 -871.048299463723
0.10727002967359 -858.184492666675 -858.184492666675
0.108160237388724 -844.764189182625 -844.764189182625
0.109050445103857 -830.794112608746 -830.794112608746
0.109940652818991 -816.281450992177 -816.281450992177
0.110830860534124 -801.233852003518 -801.233852003518
0.111721068249258 -785.659417731475 -785.659417731475
0.112611275964391 -769.566699103955 -769.566699103955
0.113501483679525 -752.964689939296 -752.964689939296
0.114391691394659 -735.862820631249 -735.862820631249
0.115281899109792 -718.270951473672 -718.270951473672
0.116172106824926 -700.199365629045 -700.199365629045
0.117062314540059 -681.65876174687 -681.65876174687
0.117952522255193 -662.660246236845 -662.660246236845
0.118842729970326 -643.215325203164 -643.215325203164
0.11973293768546 -623.335896046267 -623.335896046267
0.120623145400593 -603.034238737589 -603.034238737589
0.121513353115727 -582.323006775234 -582.323006775234
0.12240356083086 -561.215217826378 -561.215217826378
0.123293768545994 -539.724244064515 -539.724244064515
0.124183976261127 -517.863802208504 -517.863802208504
0.125074183976261 -495.647943271207 -495.647943271207
0.125964391691394 -473.091042025665 -473.091042025665
0.126854599406528 -450.207786197127 -450.207786197127
0.127744807121661 -427.013165389176 -427.013165389176
0.128635014836795 -403.52245975244 -403.52245975244
0.129525222551929 -379.751228405254 -379.751228405254
0.130415430267062 -355.715297614424 -355.715297614424
0.131305637982196 -331.43074874634 -331.43074874634
0.132195845697329 -306.913905996965 -306.913905996965
0.133086053412463 -282.181323910874 -282.181323910874
0.133976261127596 -257.249774698815 -257.249774698815
0.13486646884273 -232.136235363624 -232.136235363624
0.135756676557863 -206.857874645489 -206.857874645489
0.136646884272997 -181.432039795295 -181.432039795295
0.13753709198813 -155.876243188 -155.876243188
0.138427299703264 -130.208148785148 -130.208148785148
0.139317507418397 -104.4455584585 -104.4455584585
0.140207715133531 -78.6063981845502 -78.6063981845502
0.141097922848665 -52.7087041215585 -52.7087041215585
0.141988130563798 -26.7706085792976 -26.7706085792976
0.142878338278932 -0.810325893568802 -0.810325893568802
0.143768545994065 25.1538617845616 25.1538617845616
0.144658753709199 51.1036187723517 51.1036187723517
0.145548961424332 77.0205702011032 77.0205702011032
0.146439169139466 102.886316412804 102.886316412804
0.147329376854599 128.682447395721 128.682447395721
0.148219584569733 154.390557248316 154.390557248316
0.149109792284866 179.99225865896 179.99225865896
0.15 205.469197390886 205.469197390886
0.150890207715133 230.803066760153 230.803066760153
0.151780415430267 255.975622096076 255.975622096076
0.152670623145401 280.968695170755 280.968695170755
0.153560830860534 305.764208588822 305.764208588822
0.154451038575668 330.344190123612 330.344190123612
0.155341246290801 354.690786989548 354.690786989548
0.156231454005935 378.786280038822 378.786280038822
0.157121661721068 402.613097871497 402.613097871497
0.158011869436202 426.153830847551 426.153830847551
0.158902077151335 449.391244989134 449.391244989134
0.159792284866469 472.308295763025 472.308295763025
0.160682492581602 494.888141731019 494.888141731019
0.161572700296736 517.114158058032 517.114158058032
0.162462908011869 538.969949867161 538.969949867161
0.163353115727003 560.439365430313 560.439365430313
0.164243323442137 581.506509184577 581.506509184577
0.16513353115727 602.15575456329 602.15575456329
0.166023738872404 622.371756631619 622.371756631619
0.166913946587537 642.139464516432 642.139464516432
0.167804154302671 661.444133621044 661.444133621044
0.168694362017804 680.271337613859 680.271337613859
0.169584569732938 698.606980181584 698.606980181584
0.170474777448071 716.437306538509 716.437306538509
0.171364985163205 733.748914681151 733.748914681151
0.172255192878338 750.528766379589 750.528766379589
0.173145400593472 766.764197896934 766.764197896934
0.174035608308606 782.442930427697 782.442930427697
0.174925816023739 797.55308024688 797.55308024688
0.175816023738873 812.083168561488 812.083168561488
0.176706231454006 826.022131055825 826.022131055825
0.17759643916914 839.35932712409 839.35932712409
0.178486646884273 852.084548780521 852.084548780521
0.179376854599407 864.188029242728 864.188029242728
0.18026706231454 875.660451177677 875.660451177677
0.181157270029674 886.492954606935 886.492954606935
0.182047477744807 896.677144461848 896.677144461848
0.182937685459941 906.205097784117 906.205097784117
0.183827893175074 915.069370564795 915.069370564795
0.184718100890208 923.263004216731 923.263004216731
0.185608308605342 930.779531674426 930.779531674426
0.186498516320475 937.612983116286 937.612983116286
0.187388724035609 943.75789130487 943.75789130487
0.188278931750742 949.20929653973 949.20929653973
0.189169139465876 953.962751219634 953.962751219634
0.190059347181009 958.014324009104 958.014324009104
0.190949554896143 961.360603606641 961.360603606641
0.191839762611276 963.998702110668 963.998702110668
0.19272997032641 965.926257980697 965.926257980697
0.193620178041543 967.141438589867 967.141438589867
0.194510385756677 967.642942368689 967.642942368689
0.19540059347181 967.430000535133 967.430000535133
0.196290801186944 966.502378411787 966.502378411787
0.197181008902078 964.860376327601 964.860376327601
0.198071216617211 962.50483010241 962.50483010241
0.198961424332345 959.437111115487 959.437111115487
0.199851632047478 955.659125955489 955.659125955489
0.200741839762612 951.17331565322 951.17331565322
0.201632047477745 945.982654497045 945.982654497045
0.202522255192879 940.09064843123 940.09064843123
0.203412462908012 933.501333038224 933.501333038224
0.204302670623146 926.219271106355 926.219271106355
0.205192878338279 918.249549784302 918.249549784302
0.206083086053413 909.597777324277 909.597777324277
0.206973293768546 900.270079415943 900.270079415943
0.20786350148368 890.273095113761 890.273095113761
0.208753709198814 879.613972360691 879.613972360691
0.209643916913947 868.300363111116 868.300363111116
0.210534124629081 856.340418056837 856.340418056837
0.211424332344214 843.7427809598 843.7427809598
0.212314540059348 830.516582595217 830.516582595217
0.213204747774481 816.671434310375 816.671434310375
0.214094955489615 802.217421203137 802.217421203137
0.214985163204748 787.165094925358 787.165094925358
0.215875370919882 771.525466116783 771.525466116783
0.216765578635015 755.309996474713 755.309996474713
0.217655786350149 738.530590465397 738.530590465397
0.218545994065282 721.199586683543 721.199586683543
0.219436201780416 703.329748866488 703.329748866488
0.22032640949555 684.934256569129 684.934256569129
0.221216617210683 666.026695507333 666.026695507333
0.222106824925817 646.621047577128 646.621047577128
0.22299703264095 626.731680556307 626.731680556307
0.223887240356084 606.373337497689 606.373337497689
0.224777448071217 585.561125820668 585.561125820668
0.225667655786351 564.310506110177 564.310506110177
0.226557863501484 542.637280631541 542.637280631541
0.227448071216618 520.557581569218 520.557581569218
0.228338278931751 498.087858999912 498.087858999912
0.229228486646885 475.244868607392 475.244868607392
0.230118694362019 452.045659149944 452.045659149944
0.231008902077152 428.507559688974 428.507559688974
0.231899109792286 404.648166589333 404.648166589333
0.232789317507419 380.48533030107 380.48533030107
0.233679525222553 356.037141932288 356.037141932288
0.234569732937686 331.321919624367 331.321919624367
0.23545994065282 306.358194739235 306.358194739235
0.236350148367953 281.164697869416 281.164697869416
0.237240356083087 255.760344682367 255.760344682367
0.23813056379822 230.164221608863 230.164221608863
0.239020771513354 204.395571387729 204.395571387729
0.239910979228487 178.473778476685 178.473778476685
0.240801186943621 152.418354342172 152.418354342172
0.241691394658755 126.248922638309 126.248922638309
0.242581602373888 99.985204286452 99.985204286452
0.243471810089022 73.6470024682324 73.6470024682324
0.244362017804155 47.2541875422305 47.2541875422305
0.245252225519289 20.8266818964062 20.8266818964062
0.246142433234422 -5.61555525115741 -5.61555525115741
0.247032640949556 -32.0525430928886 -32.0525430928886
0.247922848664689 -58.4642945001697 -58.4642945001697
0.248813056379823 -84.8308313091808 -84.8308313091808
0.249703264094956 -111.132199611627 -111.132199611627
0.25059347181009 -137.348485038124 -137.348485038124
0.251483679525223 -163.459828022904 -163.459828022904
0.252373887240357 -189.446439037779 -189.446439037779
0.253264094955491 -215.288613783449 -215.288613783449
0.254154302670624 -240.966748325828 -240.966748325828
0.255044510385758 -266.46135416673 -266.46135416673
0.255934718100891 -291.753073235733 -291.753073235733
0.256824925816025 -316.822692792734 -316.822692792734
0.257715133531158 -341.651160228595 -341.651160228595
0.258605341246292 -366.219597752838 -366.219597752838
0.259495548961425 -390.509316956816 -390.509316956816
0.260385756676559 -414.501833240749 -414.501833240749
0.261275964391692 -438.178880093485 -438.178880093485
0.262166172106826 -461.522423213645 -461.522423213645
0.26305637982196 -484.51467446126 -484.51467446126
0.263946587537093 -507.138105628779 -507.138105628779
0.264836795252227 -529.375462020694 -529.375462020694
0.26572700296736 -551.209775830882 -551.209775830882
0.266617210682494 -572.624379307659 -572.624379307659
0.267507418397627 -593.602917695605 -593.602917695605
0.268397626112761 -614.129361944191 -614.129361944191
0.269287833827894 -634.188021173377 -634.188021173377
0.270178041543028 -653.763554886031 -653.763554886031
0.271068249258161 -672.84098491736 -672.84098491736
0.271958456973295 -691.40570711281 -691.40570711281
0.272848664688428 -709.44350272407 -709.44350272407
0.273738872403562 -726.940549514678 -726.940549514678
0.274629080118695 -743.883432566659 -743.883432566659
0.275519287833829 -760.259154779093 -760.259154779093
0.276409495548963 -776.05514705081 -776.05514705081
0.277299703264096 -791.259278138402 -791.259278138402
0.27818991097923 -805.859864182462 -805.859864182462
0.279080118694363 -819.845677894372 -819.845677894372
0.279970326409497 -833.205957395302 -833.205957395302
0.28086053412463 -845.930414701884 -845.930414701884
0.281750741839764 -858.009243850621 -858.009243850621
0.282640949554897 -869.433128654824 -869.433128654824
0.283531157270031 -880.193250088219 -880.193250088219
0.284421364985164 -890.281293288657 -890.281293288657
0.285311572700298 -899.689454176788 -899.689454176788
0.286201780415432 -908.410445684033 -908.410445684033
0.287091988130565 -916.437503585182 -916.437503585182
0.287982195845699 -923.764391929825 -923.764391929825
0.288872403560832 -930.385408070285 -930.385408070285
0.289762611275966 -936.295387279134 -936.295387279134
0.290652818991099 -941.489706955136 -941.489706955136
0.291543026706233 -945.964290412252 -945.964290412252
0.292433234421366 -949.715610249381 -949.715610249381
0.2933234421365 -952.740691298059 -952.740691298059
0.294213649851633 -955.037113145207 -955.037113145207
0.295103857566767 -956.60301222914 -956.60301222914
0.2959940652819 -957.437083506415 -957.437083506415
0.296884272997034 -957.538581688719 -957.538581688719
0.297774480712167 -956.90732204829 -956.90732204829
0.298664688427301 -955.543680790637 -955.543680790637
0.299701508261199 -380.790880167536 -380.790880167536
0.300884940213862 -237.339049491769 -59.3347623729422
0.302068372166525 -236.409211611768 -59.1023029029419
0.303251804119187 -235.486631066077 -58.8716577665194
0.30443523607185 -234.571223220284 -58.6428058050709
0.305618668024513 -233.662904750952 -58.4157261877379
0.306802099977176 -232.761593620243 -58.1903984050606
0.307985531929838 -231.867209051199 -57.9668022627997
0.309168963882501 -230.979671503729 -57.7449178759323
0.310352395835164 -230.098902650808 -57.524725662702
0.311535827787827 -229.224825355779 -57.3062063389446
0.312719259740489 -228.35736364942 -57.0893409123551
0.313902691693152 -227.496442708211 -56.8741106770528
0.315086123645815 -226.641988832859 -56.6604972082148
0.316269555598478 -225.793929427046 -56.4484823567615
0.31745298755114 -224.952192976967 -56.2380482442416
0.318636419503803 -224.116709031371 -56.0291772578427
0.319819851456466 -223.287408181607 -55.8218520454017
0.321003283409129 -222.464222042622 -55.6160555106555
0.322186715361791 -221.647083234161 -55.4117708085401
0.323370147314454 -220.835925362318 -55.2089813405794
0.324553579267117 -220.030683001504 -55.007670750376
0.325737011219779 -219.231291677008 -54.8078229192521
0.326920443172442 -218.437687847683 -54.6094219619209
0.328103875125105 -217.649808889038 -54.4124522222595
0.329287307077768 -216.867593076905 -54.2168982692263
0.33047073903043 -216.090979571304 -54.0227448928261
0.331654170983093 -215.319908400541 -53.8299771001352
0.332837602935756 -214.554320445933 -53.6385801114833
0.334021034888419 -213.794157426562 -53.4485393566406
0.335204466841081 -213.039361884668 -53.2598404711671
0.336387898793744 -212.289877170931 -53.0724692927328
0.337571330746407 -211.545647430465 -52.8864118576164
0.33875476269907 -210.806617588895 -52.7016543972237
0.339938194651732 -210.072733338779 -52.5181833346948
0.341121626604395 -209.343941126145 -52.3359852815362
0.342305058557058 -208.620188137897 -52.1550470344742
0.343488490509721 -207.901422288565 -51.9753555721412
0.344671922462383 -207.187592208124 -51.796898052031
0.345855354415046 -206.478647229581 -51.6196618073952
0.347038786367709 -205.774537377084 -51.443634344271
0.348222218320371 -205.075213354229 -51.2688033385571
0.349405650273034 -204.38062653236 -51.09515663309
0.350589082225697 -203.690728939406 -50.9226822348516
0.35177251417836 -203.005473248904 -50.7513683122259
0.352955946131022 -202.324812769236 -50.5812031923089
0.354139378083685 -201.648701432658 -50.4121753581646
0.355322810036348 -200.97709378531 -50.2442734463276
0.356506241989011 -200.309944976908 -50.077486244227
0.357689673941673 -199.647210750564 -49.911802687641
0.358873105894336 -198.988847433325 -49.7472118583312
0.360056537846999 -198.334811926347 -49.5837029815868
0.361239969799662 -197.685061695532 -49.421265423883
0.362423401752324 -197.039554762327 -49.2598886905818
0.363606833704987 -196.398249694791 -49.0995624236978
0.36479026565765 -195.761105598565 -48.9402763996413
0.365973697610313 -195.128082108155 -48.7820205270387
0.367157129562975 -194.499139378643 -48.6247848446607
0.368340561515638 -193.874238077093 -48.4685595192733
0.369523993468301 -193.253339374456 -48.3133348436141
0.370707425420964 -192.636404937477 -48.1591012343691
0.371890857373626 -192.023396920934 -48.0058492302335
0.373074289326289 -191.41427795972 -47.8535694899299
0.374257721278952 -190.809011161318 -47.7022527903295
0.375441153231615 -190.207560098458 -47.5518900246146
0.376624585184277 -189.609888801573 -47.4024722003933
0.37780801713694 -189.01596175193 -47.2539904379826
0.378991449089603 -188.425743874331 -47.1064359685827
0.380174881042265 -187.839200530409 -46.9598001326024
0.381358312994928 -187.256297511669 -46.8140743779174
0.382541744947591 -186.67700103295 -46.6692502582375
0.383725176900254 -186.10127772587 -46.5253194314676
0.384908608852916 -185.529094632489 -46.3822736581222
0.386092040805579 -184.960419198866 -46.2401047997165
0.387275472758242 -184.395219268942 -46.0988048172356
0.388458904710905 -183.833463078604 -45.9583657696511
0.389642336663567 -183.27511924961 -45.8187798124025
0.39082576861623 -182.720156783846 -45.6800391959616
0.392009200568893 -182.168545057329 -45.5421362643322
0.393192632521556 -181.620253814963 -45.4050634537408
0.394376064474218 -181.075253164613 -45.2688132911534
0.395559496426881 -180.533513572037 -45.1333783930091
0.396742928379544 -179.995005855308 -44.9987514638271
0.397926360332207 -179.459701179661 -44.8649252949152
0.399109792284869 -178.92757105232 -44.7318927630799
0.400293224237532 -178.398587317459 -44.5996468293648
0.401476656190195 -177.872722151255 -44.4681805378138
0.402660088142857 -177.349948056939 -44.3374870142347
0.40384352009552 -176.830237860041 -44.2075594650101
0.405026952048183 -176.313564703827 -44.0783911759567
0.406210384000846 -175.799902044329 -43.9499755110822
0.407393815953508 -175.289223646164 -43.8223059115409
0.408577247906171 -174.781503577804 -43.695375894451
0.409760679858834 -174.276716207446 -43.5691790518614
0.410944111811497 -173.774836198374 -43.4437090495934
0.412127543764159 -173.275838504999 -43.3189596262498
0.413310975716822 -172.779698368488 -43.194924592122
0.414494407669485 -172.286391312848 -43.0715978282119
0.415677839622148 -171.795893140842 -42.9489732852104
0.41686127157481 -171.308179929886 -42.8270449824715
0.418044703527473 -170.823228028372 -42.705807007093
0.419228135480136 -170.341014051802 -42.5852535129504
0.420411567432799 -169.861514878871 -42.4653787197178
0.421594999385461 -169.384707647918 -42.3461769119796
0.422778431338124 -168.910569753318 -42.2276424383296
0.423961863290787 -168.439078841763 -42.1097697104407
0.42514529524345 -167.970212808896 -41.9925532022241
0.426328727196112 -167.503949795715 -41.8759874489286
0.427512159148775 -167.04026818537 -41.7600670463425
0.428695591101438 -166.579146599642 -41.6447866499105
0.429879023054101 -166.120563895789 -41.5301409739473
0.431062455006763 -165.664499163093 -41.4161247907733
0.432245886959426 -165.210931720023 -41.3027329300057
0.433429318912089 -164.7598411108 -41.1899602777001
0.434612750864751 -164.311207102497 -41.0778017756242
0.435796182817414 -163.865009681956 -40.9662524204889
0.436979614770077 -163.421229052769 -40.8553072631921
0.43816304672274 -162.979845632488 -40.7449614081221
0.439346478675402 -162.540840049604 -40.635210012401
0.440529910628065 -162.104193140802 -40.5260482852004
0.441713342580728 -161.669885948035 -40.4174714870087
0.442896774533391 -161.23789971598 -40.3094749289951
0.444080206486053 -160.808215889249 -40.2020539723124
0.445263638438716 -160.380816109629 -40.0952040274072
0.446447070391379 -159.955682213677 -39.9889205534192
0.447630502344042 -159.532796229891 -39.8831990574728
0.448813934296704 -159.112140376498 -39.7780350941246
0.449997366249367 -158.69369705862 -39.673424264655
0.45118079820203 -158.277448866015 -39.5693622165038
0.452364230154693 -157.863378570656 -39.465844642664
0.453547662107355 -157.451469124395 -39.3628672810988
0.454731094060018 -157.041703656424 -39.2604259141061
0.455914526012681 -156.634065471156 -39.1585163677891
0.457097957965343 -156.228538045971 -39.0571345114927
0.458281389918006 -155.825105028787 -38.9562762571969
0.459464821870669 -155.423750236144 -38.8559375590361
0.460648253823332 -155.024457650773 -38.7561144126932
0.461831685775994 -154.627211419556 -38.6568028548891
0.463015117728657 -154.231995851536 -38.5579989628839
0.46419854968132 -153.83879541575 -38.4596988539374
0.465381981633983 -153.447594739264 -38.3618986848159
0.466565413586645 -153.058378604938 -38.2645946512345
0.467748845539308 -152.671131949841 -38.1677829874604
0.468932277491971 -152.285839862994 -38.0714599657485
0.470115709444634 -151.902487583494 -37.9756218958736
0.471299141397296 -151.521060498862 -37.8802651247154
0.472482573349959 -151.141544142875 -37.7853860357187
0.473666005302622 -150.763924193964 -37.6909810484909
0.474849437255285 -150.388186473334 -37.5970466183335
0.476032869207947 -150.014316943121 -37.5035792357802
0.47721630116061 -149.642301704777 -37.4105754261943
0.478399733113273 -149.272126997202 -37.3180317493004
0.479583165065936 -148.903779195178 -37.2259447987945
0.480766597018598 -148.537244807693 -37.1343112019231
0.481950028971261 -148.172510476134 -37.0431276190335
0.483133460923924 -147.809562972804 -36.9523907432011
0.484316892876587 -147.448389199405 -36.8620972998513
0.485500324829249 -147.08897618519 -36.7722440462974
0.486683756781912 -146.731311085712 -36.682827771428
0.487867188734575 -146.375381181003 -36.5938452952508
0.489050620687237 -146.021173874323 -36.5052934685809
0.4902340526399 -145.668676690574 -36.4171691726435
0.491417484592563 -145.317877274835 -36.3294693187087
0.492600916545226 -144.968763390755 -36.2421908476886
0.493784348497888 -144.621322919541 -36.1553307298854
0.494967780450551 -144.275543858067 -36.0688859645167
0.496151212403214 -143.931414317856 -35.982853579464
0.497334644355877 -143.588922523599 -35.8972306308997
