0.000835654596100279 -787.495436079443 -393.747718014894 -393.747718014894
0.00167130919220056 -1574.4481513674 -1180.8361135358 -1180.8361135358
0.00250696378830084 -2360.31579910103 -1966.92983256599 -1966.92983256599
0.00334261838440111 -3144.55678031704 -2751.48718274472 -2751.48718274472
0.00417827298050139 -3926.63061710718 -3533.96755539492 -3533.96755539492
0.00501392757660167 -4705.99832510119 -4313.83179799439 -4313.83179799439
0.00584958217270195 -5482.12278492038 -5090.54258598437 -5090.54258598437
0.00668523676880223 -6254.46911234596 -5863.56479281878 -5863.56479281878
0.00752089136490251 -7022.50502694694 -6632.36585879497 -6632.36585879497
0.00835654596100279 -7785.70121891355 -7396.41615797454 -7396.41615797454
0.00919220055710306 -8543.53171384342 -8155.18936320649 -8155.18936320649
0.0100278551532033 -9295.47423522904 -8908.16280877357 -8908.16280877357
0.0108635097493036 -10041.0105643968 -9654.81785032001 -9654.81785032001
0.0116991643454039 -10779.6268976495 -10394.6402227583 -10394.6402227583
0.0125348189415042 -11510.8142003658 -11127.1203936434 -11127.1203936434
0.0133704735376045 -12234.0685578138 -11851.7539153952 -11851.7539153952
0.0142061281337047 -12948.891522435 -12568.0417717852 -12568.0417717852
0.015041782729805 -13654.7904573617 -13275.4907224162 -13275.4907224162
0.0158774373259053 -14351.2788759284 -13973.6136422926 -13973.6136422926
0.0167130919220056 -15037.8767769459 -14661.9298575244 -14661.9298575244
0.0175487465181059 -15714.1109755053 -15339.9654760856 -15339.9654760856
0.0183844011142061 -16379.515429084 -16007.2537147802 -16007.2537147802
0.0192200557103064 -17033.6315587301 -16663.3352205012 -16663.3352205012
0.0200557103064067 -17676.0085651028 -17307.7583866791 -17307.7583866791
0.020891364902507 -18306.2037391507 -17940.0796642901 -17940.0796642901
0.0217270194986072 -18923.7827672157 -18559.8638678521 -18559.8638678521
0.0225626740947075 -19528.3200303499 -19166.6844741871 -19166.6844741871
0.0233983286908078 -20119.3988976411 -19760.1239173533 -19760.1239173533
0.0242339832869081 -20696.6120133436 -20339.7738751544 -20339.7738751544
0.0250696378830084 -21259.5615776165 -20905.2355513541 -20905.2355513541
0.0259052924791086 -21807.8596206774 -21456.1199493178 -21456.1199493178
0.0267409470752089 -22341.1282701803 -21992.0481410035 -21992.0481410035
0.0275766016713092 -22859.0000116351 -22512.6515265967 -22512.6515265967
0.0284122562674095 -23361.1179416892 -23017.5720896039 -23017.5720896039
0.0292479108635097 -23847.1360140952 -23506.4626424823 -23506.4626424823
0.03008356545961 -24316.7192781972 -23978.9870659727 -23978.9870659727
0.0309192200557103 -24769.5441097693 -24434.8205406688 -24434.8205406688
0.0317548746518106 -25205.2984340494 -24873.6497704515 -24873.6497704515
0.0325905292479109 -25623.6819408122 -25295.1731979065 -25295.1731979065
0.0334261838440111 -26024.4062913354 -25699.1012126717 -25699.1012126717
0.0342618384401114 -26407.1953171145 -26085.1563498163 -26085.1563498163
0.0350974930362117 -26771.7852101916 -26453.0734815017 -26453.0734815017
0.035933147632312 -27117.924704964 -26802.5999991185 -26802.5999991185
0.0367688022284123 -27445.3752513499 -27133.4959871196 -27133.4959871196
0.0376044568245125 -27753.9111791912 -27445.5343883108 -27445.5343883108
0.0384401114206128 -28043.3198537788 -27738.5011596567 -27738.5011596567
0.0392757660167131 -28313.4018223948 -28012.195420075 -28012.195420075
0.0401114206128134 -28563.9709517704 -28266.4295876503 -28266.4295876503
0.0409470752089136 -28794.8545563636 -28501.0295099036 -28501.0295099036
0.0417827298050139 -29005.8935173694 -28715.8345821933 -28715.8345821933
0.0426183844011142 -29196.9423923807 -28910.6978590947 -28910.6978590947
0.0434540389972145 -29367.8695156227 -29085.4861548654 -29085.4861548654
0.0442896935933148 -29518.5570886938 -29240.080135032 -29240.080135032
0.045125348189415 -29648.9012617492 -29374.374398216 -29374.374398216
0.0459610027855153 -29758.8122050709 -29488.2775486543 -29488.2775486543
0.0467966573816156 -29848.2141709768 -29581.7122587364 -29581.7122587364
0.0476323119777159 -29917.045546023 -29654.6153219308 -29654.6153219308
0.0484679665738162 -29965.2588934671 -29706.937696074 -29706.937696074
0.0493036211699164 -29992.8209859593 -29738.6445369569 -29738.6445369569
0.0501392757660167 -29999.7128284429 -29749.7152215618 -29749.7152215618
0.050974930362117 -29985.9296712442 -29740.1433624792 -29740.1433624792
0.0518105849582173 -29951.4810133466 -29709.9368116034 -29709.9368116034
0.0526462395543175 -29896.3905958438 -29659.1176546246 -29659.1176546246
0.0534818941504178 -29820.6963855778 -29587.7221950363 -29587.7221950363
0.0543175487465181 -29724.450548974 -29495.8009293797 -29495.8009293797
0.0551532033426184 -29607.7194160886 -29383.4185114275 -29383.4185114275
0.0559888579387187 -29470.5834348961 -29250.6537077637 -29250.6537077637
0.0568245125348189 -29313.1371158469 -29097.5993429474 -29097.5993429474
0.0576601671309192 -29135.4889667329 -28924.3622350548 -28924.3622350548
0.0584958217270195 -28937.7614179068 -28731.0631220677 -28731.0631220677
0.0593314763231198 -28720.0907379068 -28517.8365777414 -28517.8365777414
0.0601671309192201 -28482.6269395434 -28284.8309191372 -28284.8309191372
0.0610027855153203 -28225.5336765152 -28032.2081033949 -28032.2081033949
0.0618384401114206 -27948.9881306224 -27760.1436162514 -27760.1436162514
0.0626740947075209 -27653.1808896587 -27468.826350371 -27468.826350371
0.0635097493036212 -27338.3158160625 -27158.4584751691 -27158.4584751691
0.0643454038997214 -27004.609906421 -26829.2552966289 -26829.2552966289
0.0651810584958217 -26652.2931419214 -26481.4451089649 -26481.4451089649
0.066016713091922 -26281.6083298545 -26115.2690366449 -26115.2690366449
0.0668523676880223 -25892.810936278 -25730.9808679282 -25730.9808679282
0.0676880222841226 -25486.1689099566 -25328.8468796265 -25328.8468796265
0.0685236768802228 -25061.9624976982 -24909.145653205 -24909.145653205
0.0693593314763231 -24620.4840512162 -24472.1678822445 -24472.1678822445
0.0701949860724234 -24162.0378256475 -24018.2161718591 -24018.2161718591
0.0710306406685237 -23686.9397698689 -23547.6048300418 -23547.6048300418
0.071866295264624 -23195.5173087529 -23060.6596500318 -23060.6596500318
0.0727019498607242 -22688.1091175159 -22557.7176858245 -22557.7176858245
0.0735376044568245 -22165.0648883115 -22039.1270197311 -22039.1270197311
0.0743732590529248 -21626.7450892327 -21505.2465212871 -21505.2465212871
0.0752089136490251 -21073.5207158867 -20956.4456008666 -20956.4456008666
0.0760445682451253 -20505.7730357145 -20393.1039531433 -20393.1039531433
0.0768802228412256 -19923.8933252319 -19815.6112962744 -19815.6112962744
0.0777158774373259 -19328.2826003718 -19224.3671025374 -19224.3671025374
0.0785515320334262 -18719.3513401151 -18619.7803223759 -18619.7803223759
0.0793871866295265 -18097.5192035993 -18002.2691025093 -18002.2691025093
0.0802228412256267 -17463.2147409008 -17372.2604974647 -17372.2604974647
0.081058495821727 -16816.8750976897 -16730.1901744582 -16730.1901744582
0.0818941504178273 -16158.9457139604 -16076.5021133703 -16076.5021133703
0.0827298050139276 -15489.8800170466 -15411.6482997717 -15411.6482997717
0.0835654596100279 -14810.1391091313 -14736.0884135742 -14736.0884135742
0.0844011142061281 -14120.1914494672 -14050.2895115353 -14050.2895115353
0.0852367688022284 -13420.5125315274 -13354.7257054365 -13354.7257054365
0.0860724233983287 -12711.584555308 -12649.8778341808 -12649.8778341808
0.086908077994429 -11993.8960950084 -11936.2331330789 -11936.2331330789
0.0877437325905292 -11267.9417623196 -11214.284896768 -11214.284896768
0.0885793871866295 -10534.2218655506 -10484.5321397646 -10484.5321397646
0.0894150417827298 -9793.2420648297 -9747.47925146946 -9747.47925146946
0.0902506963788301 -9045.51302361648 -9003.63564851938 -9003.63564851938
0.0910863509749304 -8291.55005676678 -8253.51542346982 -8253.51542346982
0.0919220055710306 -7531.87277539115 -7497.6369900146 -7497.6369900146
0.0927576601671309 -6767.00472875296 -6736.52272543551 -6736.52272543551
0.0935933147632312 -5997.47304345205 -5970.69861028627 -5970.69861028627
0.0944289693593315 -5223.80806014339 -5200.69386510899 -5200.69386510899
0.0952646239554318 -4446.54296804031 -4427.04058666922 -4427.04058666922
0.096100278551532 -3666.21343745488 -3650.27337895906 -3650.27337895906
0.0969359331476323 -2883.35725062817 -2870.92898664544 -2870.92898664544
0.0977715877437326 -2098.5139311052 -2089.54592290182 -2089.54592290182
0.0986072423398329 -1312.22437190963 -1306.66409918982 -1306.66409918982
0.0994428969359331 -525.030462774875 -522.824452380581 -522.824452380581
0.100278551532033 262.525283311901 261.431427967036 261.431427967036
0.101114206128134 1049.90010399515 1045.56167378524 1045.56167378524
0.101949860724234 1836.5513616083 1829.02451179505 1829.02451179505
0.102785515320334 2621.93691714506 2611.27863696415 2611.27863696415
0.103621169916435 3405.51550388721 3391.7835865583 3391.7835865583
0.104456824512535 4186.74710043103 4170.00011204057 4170.00011204057
0.105292479108635 4965.09330285572 4945.39055161739 4945.39055161739
0.106128133704735 5740.01769577692 5717.41920091902 5717.41920091902
0.106963788300836 6510.98622202984 6485.552682076 6485.552682076
0.107799442896936 7277.46755072719 7249.2603121387 7249.2603121387
0.108635097493036 8038.93344343823 8008.01446871698 8008.01446871698
0.109470752089136 8794.85911823657 8761.29095360354 8761.29095360354
0.110306406685237 9544.72361136579 9508.56935529231 9508.56935529231
0.111142061281337 10288.0101362738 10249.3334064136 10249.3334064136
0.111977715877437 11024.2064397682 10983.0713411464 10983.0713411464
0.112813370473538 11752.8051550475 11709.2762470231 11709.2762470231
0.113649025069638 12473.3041513651 12427.4464155425 12427.4464155425
0.114484679665738 13185.2068800837 13137.0856870772 13137.0856870772
0.115320334261838 13888.0227168839 13837.7037940062 13837.7037940062
0.116155988857939 14581.2672998891 14528.8166980839 14528.8166980839
0.116991643454039 15264.4628634748 15209.9469246798 15209.9469246798
0.117827298050139 15937.138567532 15880.6238917751 15880.6238917751
0.11866295264624 16598.8308219574 16540.3842345501 16540.3842345501
0.11949860724234 17249.0836061475 17188.7721249978 17188.7721249978
0.12033426183844 17887.4487832757 17825.3395861431 17825.3395861431
0.12116991643454 18513.4864091361 18449.6468007907 18449.6468007907
0.122005571030641 19126.7650353417 19061.2624153876 19061.2624153876
0.122841225626741 19726.8620066664 19659.7638365358 19659.7638365358
0.123676880222841 20313.3637523285 20244.7375234563 20244.7375234563
0.124512534818942 20885.8660710118 20815.7792721285 20815.7792721285
0.125348189415042 21443.9744094311 21372.4944946969 21372.4944946969
0.126183844011142 21987.3041342471 21914.4984914435 21914.4984914435
0.127019498607242 22515.4807971459 22441.416715624 22441.416715624
0.127855153203343 23028.1403928985 22952.8850322 22952.8850322
0.128690807799443 23524.9296102236 23448.5499686191 23448.5499686191
0.129526462395543 24005.5060752801 23928.0689589563 23928.0689589563
0.130362116991643 24469.5385876222 24391.1105793936 24391.1105793936
0.131197771587744 24916.707348454 24837.3547772301 24837.3547772301
0.132033426183844 25346.7041810257 25266.4930917746 25266.4930917746
0.132869080779944 25759.2327430215 25678.2288664839 25678.2288664839
0.133704735376045 26154.0087307903 26072.2774535363 26072.2774535363
0.134540389972145 26530.7600752803 26448.3664104911 26448.3664104911
0.135376044568245 26889.2271295419 26806.2356876804 26806.2356876804
0.136211699164345 27229.1628476692 27145.6378083283 27145.6378083283
0.137047353760446 27550.3329550574 27466.3380375049 27466.3380375049
0.137883008356546 27852.5161098588 27768.1145459422 27768.1145459422
0.138718662952646 28135.5040555256 28050.7585612654 28050.7585612654
0.139554317548747 28399.1017643347 28314.0745136149 28314.0745136149
0.140389972144847 28643.1275717956 28557.8801683361 28557.8801683361
0.141225626740947 28867.4133018487 28782.0067535908 28782.0067535908
0.142061281337047 29071.8043827679 28986.2990757671 28986.2990757671
0.142896935933148 29256.159953687 29170.6156263283 29170.6156263283
0.143732590529248 29420.3529616774 29334.8286798396 29334.8286798396
0.144568245125348 29564.2702493097 29478.8243815266 29478.8243815266
0.145403899721448 29687.8126326386 29602.5028262078 29602.5028262078
0.146239554317549 29790.8949695578 29705.7781267614 29705.7781267614
0.147075208913649 29873.446218478 29788.5784734443 29788.5784734443
0.147910863509749 29935.4094872863 29850.8461836326 29850.8461836326
0.14874651810585 29976.7420725553 29892.5377409312 29892.5377409312
0.14958217270195 29997.4154889726 29913.6238255235 29913.6238255235
0.15041782729805 29997.4154889726 29914.0893347804 29914.0893347804
0.15125348189415 29976.7420725553 29893.9333927809 29893.9333927809
0.152089136490251 29935.4094872863 29853.1693513714 29853.1693513714
0.152924791086351 29873.446218478 29791.8247806605 29791.8247806605
0.153760445682451 29790.8949695578 29709.9414505593 29709.9414505593
0.154596100278552 29687.8126326386 29607.5753012105 29607.5753012105
0.155431754874652 29564.2702493097 29484.7964045511 29484.7964045511
0.156267409470752 29420.3529616774 29341.6889162656 29341.6889162656
0.157103064066852 29256.159953687 29178.3510176369 29178.3510176369
0.157938718662953 29071.8043827679 28994.8948474019 28994.8948474019
0.158774373259053 28867.4133018487 28791.4464247674 28791.4464247674
0.159610027855153 28643.1275717956 28568.145562423 28568.145562423
0.160445682451253 28399.1017643347 28325.145770205 28325.145770205
0.161281337047354 28135.5040555256 28062.6141486911 28062.6141486911
0.162116991643454 27852.5161098588 27780.7312745562 27780.7312745562
0.162952646239554 27550.3329550574 27479.691075693 27479.691075693
0.163788300835655 27229.1628476692 27159.70069757 27159.70069757
0.164623955431755 26889.2271295419 26820.9803601982 26820.9803601982
0.165459610027855 26530.7600752803 26463.7632064002 26463.7632064002
0.166295264623955 26154.0087307903 26088.2951410868 26088.2951410868
0.167130919220056 25759.2327430215 25694.8346612089 25694.8346612089
0.167966573816156 25346.7041810257 25283.6526781329 25283.6526781329
0.168802228412256 24916.707348454 24855.0323302262 24855.0323302262
0.169637883008357 24469.5385876222 24409.2687881823 24409.2687881823
0.170473537604457 24005.5060752801 23946.6690505525 23946.6690505525
0.171309192200557 23524.9296102236 23467.5517331375 23467.5517331375
0.172144846796657 23028.1403928985 22972.24684815 22972.24684815
0.172980501392758 22515.4807971459 22461.0955778953 22461.0955778953
0.173816155988858 21987.3041342471 21934.4500377584 21934.4500377584
0.174651810584958 21443.9744094311 21392.6730352504 21392.6730352504
0.175487465181058 20885.8660710118 20836.1378184 20836.1378184
0.176323119777159 20313.3637523285 20265.2278193772 20265.2278193772
0.177158774373259 19726.8620066664 19680.3363887068 19680.3363887068
0.177994428969359 19126.7650353417 19081.8665258344 19081.8665258344
0.17883008356546 18513.4864091362 18470.2305997313 18470.2305997313
0.17966573816156 17887.4487832757 17845.8500652214 17845.8500652214
0.18050139275766 17249.0836061475 17209.1551718739 17209.1551718739
0.18133704735376 16598.8308219574 16560.5846679429 16560.5846679429
0.182172701949861 15937.138567532 15900.5854974356 15900.5854974356
0.183008356545961 15264.4628634748 15229.6124916815 15229.6124916815
0.183844011142061 14581.2672998891 14548.1280560276 14548.1280560276
0.184679665738162 13888.0227168839 13856.6018509686 13856.6018509686
0.185515320334262 13185.2068800837 13155.5104681863 13155.5104681863
0.186350974930362 12473.3041513651 12445.337101723 12445.337101723
0.187186629526462 11752.8051550475 11726.5712149732 11726.5712149732
0.188022284122563 11024.2064397682 10999.7082032454 10999.7082032454
0.188857938718663 10288.0101362738 10265.2490518869 10265.2490518869
0.189693593314763 9544.72361136579 9523.69999115792 9523.69999115792
0.190529247910864 8794.85911823658 8775.5721464787 8775.5721464787
0.191364902506964 8038.93344343826 8021.38118703759 8021.38118703759
0.192200557103064 7277.46755072719 7261.64696909654 7261.64696909654
0.193036211699164 6510.98622202982 6496.8931783539 6496.8931783539
0.193871866295265 5740.01769577692 5727.64696794875 5727.64696794875
0.194707520891365 4965.09330285573 4954.43859615652 4954.43859615652
0.195543175487465 4186.74710043105 4177.80105957193 4177.80105957193
0.196378830083565 3405.5155038872 3398.26972619896 3398.26972619896
0.197214484679666 2621.93691714507 2616.38196607915 2616.38196607915
0.198050139275766 1836.55136160831 1832.67678067137 1832.67678067137
0.198885793871866 1049.90010399518 1047.69443148617 1047.69443148617
0.199721448467967 262.525283311912 261.976067246798 261.976067246798
0.200557103064067 -525.03046277485 -523.936649261321 -523.936649261321
0.201392757660167 -1312.2243719096 -1309.50191470941 -1309.50191470941
0.202228412256267 -2098.51393110519 -2094.17815857587 -2094.17815857587
0.203064066852368 -2883.35725062819 -2877.42441677515 -2877.42441677515
0.203899721448468 -3666.21343745488 -3658.70070495821 -3658.70070495821
0.204735376044568 -4446.5429680403 -4437.46839054095 -4437.46839054095
0.205571030640669 -5223.80806014337 -5213.19056413674 -5213.19056413674
0.206406685236769 -5997.47304345205 -5985.3324096802 -5985.3324096802
0.207242339832869 -6767.00472875294 -6753.36157404666 -6753.36157404666
0.208077994428969 -7531.87277539114 -7516.74853282043 -7516.74853282043
0.20891364902507 -8291.55005676675 -8274.96695671098 -8274.96695671098
0.20974930362117 -9045.51302361647 -9027.49407329637 -9027.49407329637
0.21058495821727 -9793.24206482967 -9773.81102891588 -9773.81102891588
0.21142061281337 -10534.2218655506 -10513.4032452658 -10513.4032452658
0.212256267409471 -11267.9417623196 -11245.760774636 -11245.760774636
0.213091922005571 -11993.8960950084 -11970.3786516145 -11970.3786516145
0.213927576601671 -12711.5845553079 -12686.7572416601 -12686.7572416601
0.214763231197772 -13420.5125315274 -13394.4025849773 -13394.4025849773
0.215598885793872 -14120.1914494672 -14092.8267372653 -14092.8267372653
0.216434540389972 -14810.1391091313 -14781.5481069415 -14781.5481069415
0.217270194986072 -15489.8800170466 -15460.0917862626 -15460.0917862626
0.218105849582173 -16158.9457139603 -16127.9898792366 -16127.9898792366
0.218941504178273 -16816.8750976896 -16784.7818246031 -16784.7818246031
0.219777158774373 -17463.2147409008 -17430.0147128715 -17430.0147128715
0.220612813370474 -18097.5192035993 -18063.2435990807 -18063.2435990807
0.221448467966574 -18719.3513401151 -18684.031809293 -18684.031809293
0.222284122562674 -19328.2826003719 -19291.9512420725 -19291.9512420725
0.223119777158774 -19923.8933252319 -19886.5826635836 -19886.5826635836
0.223955431754875 -20505.7730357145 -20467.5159964376 -20467.5159964376
0.224791086350975 -21073.5207158867 -21034.3506030687 -21034.3506030687
0.225626740947075 -21626.7450892327 -21586.6955612926 -21586.6955612926
0.226462395543175 -22165.0648883115 -22124.1699346269 -22124.1699346269
0.227298050139276 -22688.1091175158 -22646.4030345694 -22646.4030345694
0.228133704735376 -23195.5173087529 -23153.0346763738 -23153.0346763738
0.228969359331476 -23686.9397698689 -23643.715427178 -23643.715427178
0.229805013927577 -24162.0378256475 -24118.1068477619 -24118.1068477619
0.230640668523677 -24620.4840512162 -24575.8817250365 -24575.8817250365
0.231476323119777 -25061.9624976982 -25016.7242982795 -25016.7242982795
0.232311977715877 -25486.1689099566 -25440.3304766574 -25440.3304766574
0.233147632311978 -25892.810936278 -25846.4080492604 -25846.4080492604
0.233983286908078 -26281.6083298545 -26234.6768864243 -26234.6768864243
0.234818941504178 -26652.2931419214 -26604.869132781 -26604.869132781
0.235654596100279 -27004.609906421 -26956.7293923863 -26956.7293923863
0.236490250696379 -27338.3158160625 -27290.0149047399 -27290.0149047399
0.237325905292479 -27653.1808896587 -27604.4957120641 -27604.4957120641
0.238161559888579 -27948.9881306224 -27899.9548181032 -27899.9548181032
0.23899721448468 -28225.5336765152 -28176.1883379144 -28176.1883379144
0.23983286908078 -28482.6269395434 -28433.0056382428 -28433.0056382428
0.24066852367688 -28720.0907379068 -28670.2294692821 -28670.2294692821
0.24150417827298 -28937.7614179068 -28887.6960867527 -28887.6960867527
0.242339832869081 -29135.4889667329 -29085.2553650391 -29085.2553650391
0.243175487465181 -29313.1371158469 -29262.7709008463 -29262.7709008463
0.244011142061281 -29470.5834348961 -29420.1201071287 -29420.1201071287
0.244846796657382 -29607.7194160886 -29557.1942976167 -29557.1942976167
0.245682451253482 -29724.450548974 -29673.898762313 -29673.898762313
0.246518105849582 -29820.6963855778 -29770.1528323885 -29770.1528323885
0.247353760445682 -29896.3905958438 -29845.8899360642 -29845.8899360642
0.248189415041783 -29951.4810133466 -29901.0576446261 -29901.0576446261
0.249025069637883 -29985.9296712442 -29935.6177087196 -29935.6177087196
0.249860724233983 -29999.7128284429 -29949.5460845959 -29949.5460845959
0.250696378830084 -29992.8209859593 -29942.8329509316 -29942.8329509316
0.251532033426184 -29965.2588934671 -29915.482715897 -29915.482715897
0.252367688022284 -29917.045546023 -29867.514013666 -29867.514013666
0.253203342618384 -29848.2141709768 -29798.9596921291 -29798.9596921291
0.254038997214485 -29758.8122050709 -29709.8667902869 -29709.8667902869
0.254874651810585 -29648.9012617492 -29600.2965055786 -29600.2965055786
0.255710306406685 -29518.5570886938 -29470.3241522745 -29470.3241522745
0.256545961002785 -29367.8695156227 -29320.0391092407 -29320.0391092407
0.257381615598886 -29196.9423923807 -29149.5447586961 -29149.5447586961
0.258217270194986 -29005.8935173694 -28958.9584146884 -28958.9584146884
0.259052924791086 -28794.8545563636 -28748.4112425028 -28748.4112425028
0.259888579387187 -28563.9709517704 -28518.0481688815 -28518.0481688815
0.260724233983287 -28313.4018223948 -28268.0277809971 -28268.0277809971
0.261559888579387 -28043.3198537788 -27998.5222182281 -27998.5222182281
0.262395543175487 -27753.9111791912 -27709.717053105 -27709.717053105
0.263231197771588 -27445.3752513499 -27401.8111636658 -27401.8111636658
0.264066852367688 -27117.924704964 -27075.016596218 -27075.016596218
0.264902506963788 -26771.7852101916 -26729.5584196743 -26729.5584196743
0.265738161559889 -26407.1953171145 -26365.6745697312 -26365.6745697312
0.266573816155989 -26024.4062913354 -25983.6156858534 -25983.6156858534
0.267409470752089 -25623.6819408122 -25583.6449378333 -25583.6449378333
0.268245125348189 -25205.2984340495 -25166.0378445299 -25166.0378445299
0.26908077994429 -24769.5441097694 -24731.0820847731 -24731.0820847731
0.26991643454039 -24316.7192781972 -24279.0772979434 -24279.0772979434
0.27075208913649 -23847.1360140953 -23810.3348781946 -23810.3348781946
0.271587743732591 -23361.1179416892 -23325.1777603068 -23325.1777603068
0.272423398328691 -22859.0000116351 -22823.9401956102 -22823.9401956102
0.273259052924791 -22341.1282701802 -22306.967523617 -22306.967523617
0.274094707520891 -21807.8596206774 -21774.6159322697 -21774.6159322697
0.274930362116992 -21259.5615776165 -21227.2522134516 -21227.2522134516
0.275766016713092 -20696.6120133436 -20665.2535102453 -20665.2535102453
0.276601671309192 -20119.3988976411 -20089.0070564037 -20089.0070564037
0.277437325905292 -19528.3200303499 -19498.9099098345 -19498.9099098345
0.278272980501393 -18923.7827672156 -18895.3686790447 -18895.3686790447
0.279108635097493 -18306.2037391507 -18278.7992424872 -18278.7992424872
0.279944289693593 -17676.0085651028 -17649.6264627406 -17649.6264627406
0.280779944289694 -17033.6315587301 -17008.2838927888 -17008.2838927888
0.281615598885794 -16379.515429084 -16355.2134772777 -16355.2134772777
0.282451253481894 -15714.1109755053 -15690.8652491823 -15690.8652491823
0.283286908077994 -15037.8767769459 -15015.697017711 -15015.697017711
0.284122562674095 -14351.2788759284 -14330.1740540013 -14330.1740540013
0.284958217270195 -13654.7904573617 -13634.7687705342 -13634.7687705342
0.285793871866295 -12948.8915224351 -12929.9603944089 -12929.9603944089
0.286629526462396 -12234.0685578138 -12216.2346386169 -12216.2346386169
0.287465181058496 -11510.8142003658 -11494.0833658762 -11494.0833658762
0.288300835654596 -10779.6268976495 -10764.0042498777 -10764.0042498777
0.289136490250696 -10041.0105643968 -10026.5004335439 -10026.5004335439
0.289972144846797 -9295.47423522905 -9282.08018015748 -9282.08018015748
0.290807799442897 -8543.53171384341 -8531.25652451202 -8531.25652451202
0.291643454038997 -7785.70121891352 -7774.54691928012 -7774.54691928012
0.292479108635097 -7022.50502694695 -7012.47287685909 -7012.47287685909
0.293314763231198 -6254.46911234595 -6245.55961219425 -6245.55961219425
0.294150417827298 -5482.12278492035 -5474.33567877731 -5474.33567877731
0.294986072423398 -4705.9983251012 -4699.33260503724 -4699.33260503724
0.295821727019499 -3926.63061710717 -3921.08452865935 -3921.08452865935
0.296657381615599 -3144.55678031701 -3140.12782716306 -3140.12782716306
0.297493036211699 -2360.31579910104 -2357.00074873743 -2357.00074873743
0.298328690807799 -1574.44815136739 -1572.24304199314 -1572.24304199314
0.2991643454039 -787.495436079471 685195.882338961 685195.882338961
0.300070415959913 0 145911.220697782 -585275.175759871
0.301117318435754 0 -1.12881928648544e-008 -4.51527714594175e-008
0.302234636871508 0 -3.91921202483617e-008 -1.56768480993447e-007
0.303351955307263 0 -1.5481372994362e-008 -6.1925491977448e-008
0.304469273743017 0 1.62363881844933e-008 6.49455527379731e-008
0.305586592178771 0 -9.87397266707019e-009 -3.94958906682808e-008
0.306703910614525 0 1.15564965080781e-008 4.62259860323124e-008
0.307821229050279 0 -8.23188622467542e-009 -3.29275448987017e-008
0.308938547486033 0 4.39184400432819e-009 1.75673760173127e-008
0.310055865921788 0 -6.85959381888982e-009 -2.74383752755593e-008
0.311173184357542 0 1.96470069859801e-008 7.85880279439203e-008
0.312290502793296 0 -2.33047032625795e-008 -9.3218813050318e-008
0.31340782122905 0 1.50377299800846e-009 6.01509199203386e-009
0.314525139664804 0 1.38768701748371e-008 5.55074806993483e-008
0.315642458100559 0 -6.02275758149865e-010 -2.40910303259946e-009
0.316759776536313 0 1.04063350504816e-008 4.16253402019264e-008
0.317877094972067 0 -2.05237891939752e-008 -8.20951567759008e-008
0.318994413407821 0 1.6416920885086e-009 6.56676835403442e-009
0.320111731843575 0 2.01461786940375e-008 8.05847147761502e-008
0.32122905027933 0 -1.91167259648986e-008 -7.64669038595942e-008
0.322346368715084 0 6.03883595714191e-009 2.41553438285677e-008
0.323463687150838 0 -7.79111818718202e-010 -3.11644727487281e-009
0.324581005586592 0 -2.50175914963426e-008 -1.0007036598537e-007
0.325698324022346 0 -5.58783958986129e-009 -2.23513583594451e-008
0.326815642458101 0 3.23207603072023e-009 1.29283041228809e-008
0.327932960893855 0 -1.53236639022308e-008 -6.12946556089234e-008
0.329050279329609 0 1.36464015950393e-008 5.45856063801572e-008
0.330167597765363 0 -3.3941809915057e-008 -1.35767239660228e-007
0.331284916201117 0 -3.75838344689364e-008 -1.50335337875746e-007
0.332402234636872 0 -1.09090350070339e-008 -4.36361400281356e-008
0.333519553072626 0 -3.2832030817879e-008 -1.31328123271516e-007
0.33463687150838 0 -4.42069122966422e-008 -1.76827649186569e-007
0.335754189944134 0 -1.56427388080318e-008 -6.25709552321271e-008
0.336871508379888 0 -2.69993619495702e-008 -1.07997447798281e-007
0.337988826815642 0 -3.45802780527608e-008 -1.38321112211043e-007
0.339106145251397 0 -2.73466440716171e-008 -1.09386576286468e-007
0.340223463687151 0 -3.04651650974641e-008 -1.21860660389856e-007
0.341340782122905 0 -1.95664344661332e-008 -7.82657378645329e-008
0.342458100558659 0 -5.5466214026129e-010 -2.21864856104516e-009
0.343575418994413 0 -1.89503925198811e-010 -7.58015700795245e-010
0.344692737430168 0 -1.7007743710817e-008 -6.80309748432681e-008
0.345810055865922 0 2.63664712538917e-008 1.05465885015567e-007
0.346927374301676 0 -1.67513877975738e-008 -6.70055511902953e-008
0.34804469273743 0 -2.13091914320846e-008 -8.52367657283384e-008
0.349162011173184 0 -3.36187033006513e-008 -1.34474813202605e-007
0.350279329608939 0 -3.30103751129898e-008 -1.32041500451959e-007
0.351396648044693 0 -1.73342470147242e-008 -6.93369880588969e-008
0.352513966480447 0 -4.42023898812689e-008 -1.76809559525075e-007
0.353631284916201 0 -2.66835837878881e-008 -1.06734335151552e-007
0.354748603351955 0 1.44548051869027e-008 5.78192207476109e-008
0.355865921787709 0 -1.03866431306983e-008 -4.15465725227933e-008
0.356983240223464 0 5.95593214864098e-009 2.38237285945639e-008
0.358100558659218 0 -9.04314074221737e-009 -3.61725629688695e-008
0.359217877094972 0 -2.01232038905468e-009 -8.04928155621874e-009
0.360335195530726 0 6.54364521009832e-009 2.61745808403933e-008
0.36145251396648 0 -5.09649084162013e-009 -2.03859633664805e-008
0.362569832402235 0 8.46786109067278e-009 3.38714443626911e-008
0.363687150837989 0 -1.69222839999176e-010 -6.76891359996703e-010
0.364804469273743 0 5.97557972560846e-009 2.39023189024339e-008
0.365921787709497 0 -1.63654753028534e-008 -6.54619012114137e-008
0.367039106145251 0 4.69182080194615e-009 1.87672832077846e-008
0.368156424581006 0 -4.1056323890277e-009 -1.64225295561108e-008
0.36927374301676 0 -1.94939903541194e-009 -7.79759614164778e-009
0.370391061452514 0 -7.37740265119503e-009 -2.95096106047801e-008
0.371508379888268 0 2.87030879505106e-008 1.14812351802042e-007
0.372625698324022 0 -5.14764530799231e-008 -2.05905812319693e-007
0.373743016759777 0 -2.82146594267062e-008 -1.12858637706825e-007
0.374860335195531 0 1.39641560909717e-009 5.58566243638867e-009
0.375977653631285 0 -2.31081532211273e-008 -9.24326128845093e-008
0.377094972067039 0 7.81050361218354e-010 3.12420144487342e-009
0.378212290502793 0 2.34355888769548e-008 9.37423555078192e-008
0.379329608938548 0 -6.33176248913574e-009 -2.53270499565429e-008
0.380446927374302 0 -1.28745198850869e-008 -5.14980795403476e-008
0.381564245810056 0 -1.04946170886834e-008 -4.19784683547334e-008
0.38268156424581 0 -4.70322766873858e-008 -1.88129106749543e-007
0.383798882681564 0 -1.3946199564241e-008 -5.57847982569639e-008
0.384916201117318 0 -4.83453658974829e-008 -1.93381463589932e-007
0.386033519553073 0 -4.77199972132829e-009 -1.90879988853132e-008
0.387150837988827 0 -1.94850762809435e-008 -7.79403051237741e-008
0.388268156424581 0 -5.36842561691675e-008 -2.1473702467667e-007
0.389385474860335 0 -5.00135210625244e-009 -2.00054084250098e-008
0.390502793296089 0 -2.7711731925127e-008 -1.10846927700508e-007
0.391620111731844 0 -3.26434145421296e-008 -1.30573658168518e-007
0.392737430167598 0 -9.54802280239888e-009 -3.81920912095955e-008
0.393854748603352 0 -3.0714418209833e-008 -1.22857672839332e-007
0.394972067039106 0 1.59453203788815e-008 6.37812815155258e-008
0.39608938547486 0 1.11385467771544e-008 4.45541871086175e-008
0.397206703910615 0 -1.77656898217421e-008 -7.10627592869684e-008
0.398324022346369 0 2.69774690704064e-008 1.07909876281626e-007
0.399441340782123 0 -1.67109392136002e-008 -6.68437568544009e-008
0.400558659217877 0 1.06967274066703e-008 4.2786909626681e-008
0.401675977653631 0 7.82685012072964e-009 3.13074004829186e-008
0.402793296089385 0 -3.63481096118451e-008 -1.45392438447381e-007
0.40391061452514 0 1.05547126791015e-008 4.2218850716406e-008
0.405027932960894 0 -5.37607095813949e-010 -2.15042838325579e-009
0.406145251396648 0 -1.6998389967306e-008 -6.79935598692242e-008
0.407262569832402 0 3.95956232193898e-008 1.58382492877559e-007
0.408379888268156 0 -1.97647528084496e-008 -7.90590112337984e-008
0.409497206703911 0 -9.65745438560895e-009 -3.86298175424358e-008
0.410614525139665 0 1.63355776557792e-008 6.53423106231166e-008
0.411731843575419 0 1.80112212410872e-008 7.2044884964349e-008
0.412849162011173 0 -3.18736141707808e-008 -1.27494456683123e-007
0.413966480446927 0 -1.04136279891469e-008 -4.16545119565876e-008
0.415083798882682 0 3.45445559046642e-008 1.38178223618657e-007
0.416201117318436 0 -3.39032479011129e-009 -1.35612991604452e-008
0.41731843575419 0 3.2728361366967e-009 1.30913445467868e-008
0.418435754189944 0 1.08225887456714e-008 4.32903549826854e-008
0.419553072625698 0 -4.17032106274553e-008 -1.66812842509821e-007
0.420670391061453 0 -3.23794284043111e-008 -1.29517713617244e-007
0.421787709497207 0 -4.17723102355589e-008 -1.67089240942236e-007
0.422905027932961 0 4.00148324591901e-009 1.6005932983676e-008
0.424022346368715 0 -6.06293797931024e-008 -2.4251751917241e-007
0.425139664804469 0 -4.39621466329301e-009 -1.75848586531721e-008
0.426256983240223 0 -2.68929337123659e-008 -1.07571734849464e-007
0.427374301675978 0 -4.0561561082027e-008 -1.62246244328108e-007
0.428491620111732 0 -2.12912288240883e-008 -8.51649152963532e-008
0.429608938547486 0 2.53732434382292e-008 1.01492973752917e-007
0.43072625698324 0 7.8752081407083e-009 3.15008325628332e-008
0.431843575418994 0 -1.3693775584682e-008 -5.47751023387281e-008
0.432960893854749 0 -2.14829150136726e-008 -8.59316600546906e-008
0.434078212290503 0 -3.12621897097106e-008 -1.25048758838842e-007
0.435195530726257 0 -3.7212796821597e-008 -1.48851187286388e-007
0.436312849162011 0 -4.28364977621122e-009 -1.71345991048449e-008
0.437430167597765 0 -1.91119687715399e-008 -7.64478750861596e-008
0.43854748603352 0 -1.0294205498644e-008 -4.1176821994576e-008
0.439664804469274 0 8.75617874744634e-009 3.50247149897854e-008
0.440782122905028 0 -3.21716969947486e-008 -1.28686787978995e-007
0.441899441340782 0 -3.0311804153575e-009 -1.212472166143e-008
0.443016759776536 0 -2.44875316933314e-008 -9.79501267733256e-008
0.444134078212291 0 -7.19700269767964e-009 -2.87880107907186e-008
0.445251396648045 0 -3.53336451760331e-008 -1.41334580704132e-007
0.446368715083799 0 2.18493296524236e-009 8.73973186096943e-009
0.447486033519553 0 -1.83878239400816e-008 -7.35512957603263e-008
0.448603351955307 0 2.60462277939088e-008 1.04184911175635e-007
0.449720670391061 0 -3.93942998240567e-008 -1.57577199296227e-007
0.450837988826816 0 -2.45810854400487e-008 -9.83243417601946e-008
0.45195530726257 0 -1.09453522625668e-008 -4.37814090502673e-008
0.453072625698324 0 1.43919712105655e-008 5.75678848422621e-008
0.454189944134078 0 -4.63433248960588e-008 -1.85373299584235e-007
0.455307262569832 0 -1.33336898935116e-008 -5.33347595740464e-008
0.456424581005587 0 8.09936473764153e-010 3.23974589505661e-009
0.457541899441341 0 8.52777330165114e-010 3.41110932066045e-009
0.458659217877095 0 -6.34832174141143e-009 -2.53932869656457e-008
0.459776536312849 0 1.04199678772673e-008 4.1679871509069e-008
0.460893854748603 0 -9.5185555283716e-009 -3.80742221134864e-008
0.462011173184358 0 -1.50672457665856e-008 -6.02689830663424e-008
0.463128491620112 0 1.71112681631833e-008 6.8445072652733e-008
0.464245810055866 0 1.21826447437572e-008 4.87305789750289e-008
0.46536312849162 0 -1.66502609643962e-009 -6.66010438575849e-009
0.466480446927374 0 -2.76253891061853e-009 -1.10501556424741e-008
0.467597765363128 0 -2.12338633907088e-008 -8.49354535628354e-008
0.468715083798883 0 -1.74295149355203e-008 -6.97180597420814e-008
0.469832402234637 0 -2.28402570126397e-008 -9.13610280505588e-008
0.470949720670391 0 -1.96693473078168e-008 -7.86773892312674e-008
0.472067039106145 0 1.35864654971944e-008 5.43458619887777e-008
0.473184357541899 0 -1.04375506302995e-008 -4.1750202521198e-008
0.474301675977654 0 -1.99435356304544e-008 -7.97741425218178e-008
0.475418994413408 0 5.23509265176311e-009 2.09403706070524e-008
0.476536312849162 0 -1.7874972897738e-008 -7.1499891590952e-008
0.477653631284916 0 -3.14820215287608e-008 -1.25928086115043e-007
0.47877094972067 0 -2.59619163487501e-009 -1.03847665395e-008
0.479888268156425 0 -2.13700452867707e-008 -8.54801811470828e-008
0.481005586592179 0 -1.19445727747335e-008 -4.77782910989339e-008
0.482122905027933 0 -1.3172071705144e-008 -5.26882868205758e-008
0.483240223463687 0 1.87476507195063e-008 7.49906028780251e-008
0.484357541899441 0 -4.81135429359857e-008 -1.92454171743943e-007
0.485474860335196 0 -2.84960665240562e-008 -1.13984266096225e-007
0.48659217877095 0 2.52947466765816e-008 1.01178986706326e-007
0.487709497206704 0 -2.59663834590693e-008 -1.03865533836277e-007
0.488826815642458 0 1.53959852370949e-008 6.15839409483797e-008
0.489944134078212 0 -3.06246039383827e-008 -1.22498415753531e-007
0.491061452513966 0 -2.70081798499173e-009 -1.08032719399669e-008
0.492178770949721 0 -2.20095966542027e-008 -8.80383866168106e-008
0.493296089385475 0 -1.34787331352811e-009 -5.39149325411244e-009
0.494413407821229 0 -1.8977559744952e-008 -7.59102389798079e-008
0.495530726256983 0 -1.02225516328526e-008 -4.08902065314102e-008
0.496648044692737 0 -2.79066660493049e-008 -1.11626664197219e-007
0.497765363128492 0 -2.54054414068487e-008 -1.01621765627395e-007
0.498882681564246 0 -3.61304704310064e-009 -1.44521881724026e-008
