0 134.131810934604
0.000699300699300699 134.131810934604
0.0013986013986014 134.131918359966
0.0020979020979021 134.132369453162
0.0027972027972028 134.133381809856
0.0034965034965035 134.135170625711
0.0041958041958042 134.137950060598
0.0048951048951049 134.141933458231
0.00559440559440559 134.147333337149
0.00629370629370629 134.15436131473
0.00699300699300699 134.163228006845
0.00769230769230769 134.174142917377
0.00839160839160839 134.187314323229
0.00909090909090909 134.202949157314
0.00979020979020979 134.221252890778
0.0104895104895105 134.242429415112
0.0111888111888112 134.266680924559
0.0118881118881119 134.29420779906
0.0125874125874126 134.32520848793
0.0132867132867133 134.359879394375
0.013986013986014 134.398414760978
0.0146853146853147 134.441006556226
0.0153846153846154 134.487844362166
0.0160839160839161 134.539115263266
0.0167832167832168 134.595003736538
0.0174825174825175 134.655691542994
0.0181818181818182 134.721357620498
0.0188811188811189 134.792177978064
0.0195804195804196 134.868325591675
0.0202797202797203 134.949970301661
0.020979020979021 135.037278711699
0.0216783216783217 135.130414089491
0.0223776223776224 135.229536269175
0.0230769230769231 135.334801555502
0.0237762237762238 135.446362629862
0.0244755244755245 135.564368458176
0.0251748251748252 135.688964200723
0.0258741258741259 135.820291123941
0.0265734265734266 135.958486514253
0.0272727272727273 136.103683593962
0.027972027972028 136.256011439251
0.0286713286713287 136.415594900346
0.0293706293706294 136.582554523875
0.0300699300699301 136.757006477464
0.0307692307692308 136.939062476612
0.0314685314685315 137.128829713884
0.0321678321678322 137.326410790456
0.0328671328671329 137.531903650055
0.0335664335664336 137.74540151532
0.0342657342657343 137.966992826629
0.034965034965035 138.196761183413
0.0356643356643357 138.434785287995
0.0363636363636364 138.681138891986
0.0370629370629371 138.935890745262
0.0377622377622378 139.199104547549
0.0384615384615385 139.47083890265
0.0391608391608392 139.751147275327
0.0398601398601399 140.040077950873
0.0405594405594406 140.337673997391
0.0412587412587413 140.643973230795
0.041958041958042 140.959008182568
0.0426573426573427 141.282806070278
0.0433566433566434 141.615388770879
0.0440559440559441 141.956772796809
0.0447552447552448 142.306969274902
0.0454545454545455 142.665983928119
0.0461538461538462 143.033817060119
0.0468531468531469 143.410463542669
0.0475524475524476 143.795912805914
0.0482517482517483 144.190148831499
0.048951048951049 144.593150148559
0.0496503496503497 145.004889832582
0.0503496503496504 145.425335507133
0.0510489510489511 145.854449348459
0.0517482517482518 146.292188092962
0.0524475524475525 146.738503047539
0.0531468531468532 147.193340102796
0.0538461538461539 147.656639749113
0.0545454545454546 148.128337095574
0.0552447552447553 148.608361891735
0.055944055944056 149.09663855224
0.0566433566433567 149.593086184255
0.0573426573426574 150.097618617726
0.0580419580419581 150.610144438431
0.0587412587412588 151.130567023828
0.0594405594405595 151.658784581669
0.0601398601398602 152.194690191365
0.0608391608391609 152.738171848091
0.0615384615384616 153.289112509601
0.0622377622377623 153.84739014574
0.062937062937063 154.412877790614
0.0636363636363637 154.985443597417
0.0643356643356644 155.56495089587
0.0650349650349651 156.151258252249
0.0657342657342658 156.744219531982
0.0664335664335665 157.343683964774
0.0671328671328672 157.949496212235
0.0678321678321679 158.561496437977
0.0685314685314686 159.179520380146
0.0692307692307693 159.80339942636
0.06993006993007 160.432960691002
0.0706293706293707 161.068027094849
0.0713286713286714 161.708417446983
0.0720279720279721 162.353946528958
0.0727272727272728 163.00442518117
0.0734265734265735 163.659660391393
0.0741258741258742 164.319455385444
0.0748251748251749 164.983609719918
0.0755244755244756 165.651919376966
0.0762237762237763 166.324176861054
0.076923076923077 167.000171297664
0.0776223776223777 167.679688533887
0.0783216783216784 168.362511240863
0.0790209790209791 169.048419018004
0.0797202797202798 169.737188498963
0.0804195804195805 170.428593459299
0.0811188811188812 171.122404925764
0.0818181818181819 171.818391287185
0.0825174825174826 172.516318406866
0.0832167832167833 173.215949736467
0.083916083916084 173.917046431297
0.0846153846153847 174.619367466965
0.0853146853146854 175.322669757339
0.0860139860139861 176.026708273736
0.0867132867132868 176.731236165311
0.0874125874125875 177.43600488056
0.0881118881118882 178.140764289891
0.0888111888111889 178.845262809201
0.0895104895104896 179.549247524389
0.0902097902097903 180.252464316761
0.090909090909091 180.954657989236
0.0916083916083917 181.655572393327
0.0923076923076924 182.354950556798
0.0930069930069931 183.05253481196
0.0937062937062938 183.748066924527
0.0944055944055945 184.441288222975
0.0951048951048952 185.131939728334
0.0958041958041959 185.819762284354
0.0965034965034966 186.504496687978
0.0972027972027973 187.185883820053
0.097902097902098 187.863664776218
0.0986013986013987 188.537580997901
0.0993006993006994 189.207374403365
0.1 189.872787518729
0.100699300699301 190.533563608898
0.101398601398602 191.189446808352
0.102097902097902 191.840182251705
0.102797202797203 192.485516203986
0.103496503496504 193.125196190572
0.104195804195804 193.7589711267
0.104895104895105 194.386591446507
0.105594405594406 195.007809231517
0.106293706293706 195.622378338525
0.106993006993007 196.230054526802
0.107692307692308 196.830595584561
0.108391608391609 197.423761454627
0.109090909090909 198.009314359231
0.10979020979021 198.587018923884
0.110489510489511 199.156642300252
0.111188811188811 199.717954287979
0.111888111888112 200.270727455393
0.112587412587413 200.814737259039
0.113286713286713 201.349762161963
0.113986013986014 201.875583750709
0.114685314685315 202.391986850951
0.115384615384616 202.898759641706
0.116083916083916 203.395693768079
0.116783216783217 203.882584452464
0.117482517482518 204.359230604166
0.118181818181818 204.825434927367
0.118881118881119 205.281004027398
0.11958041958042 205.725748515244
0.12027972027972 206.159483110253
0.120979020979021 206.582026740969
0.121678321678322 206.993202644055
0.122377622377623 207.392838461253
0.123076923076923 207.780766334317
0.123776223776224 208.156822997895
0.124475524475525 208.520849870283
0.125174825174825 208.872693142023
0.125874125874126 209.212203862301
0.126573426573427 209.539238023077
0.127272727272727 209.85365664093
0.127972027972028 210.155325836561
0.128671328671329 210.444116911913
0.129370629370629 210.719906424864
0.13006993006993 210.982576261472
0.130769230769231 211.232013705704
0.131468531468532 211.468111506635
0.132167832167832 211.69076794308
0.132867132867133 211.899886885603
0.133566433566434 212.095377855899
0.134265734265734 212.277156083495
0.134965034965035 212.445142559749
0.135664335664336 212.599264089115
0.136363636363636 212.739453337642
0.137062937062937 212.865648878695
0.137762237762238 212.977795235846
0.138461538461538 213.075842922942
0.139160839160839 213.159748481299
0.13986013986014 213.22947451402
0.14055944055944 213.284989717409
0.141258741258741 213.326268909465
0.141958041958042 213.353293055432
0.142657342657343 213.366049290405
0.143356643356643 213.364530938952
0.144055944055944 213.348737531773
0.144755244755245 213.318674819353
0.145454545454545 213.274354782618
0.146153846153846 213.215795640578
0.146853146853147 213.143021854952
0.147552447552447 213.056064131773
0.148251748251748 212.954959419962
0.148951048951049 212.83975090687
0.149650349650349 212.710488010798
0.15034965034965 212.567226370473
0.151048951048951 212.410027831508
0.151748251748251 212.23896042983
0.152447552447552 212.054098372087
0.153146853146853 211.855522013046
0.153846153846154 211.643317829981
0.154545454545454 211.417578394063
0.155244755244755 211.178402338771
0.155944055944056 210.925894325319
0.156643356643356 210.660165005134
0.157342657342657 210.381330979383
0.158041958041958 210.089514755569
0.158741258741258 209.784844701227
0.159440559440559 209.467454994724
0.16013986013986 209.137485573184
0.16083916083916 208.795082077578
0.161538461538461 208.440395794983
0.162237762237762 208.073583598044
0.162937062937062 207.694807881667
0.163636363636363 207.304236496969
0.164335664335664 206.902042682508
0.165034965034965 206.488404992838
0.165734265734265 206.063507224409
0.166433566433566 205.627538338848
0.167132867132867 205.180692383659
0.167832167832167 204.723168410372
0.168531468531468 204.255170390189
0.169230769230769 203.77690712715
0.169930069930069 203.288592168871
0.17062937062937 202.790443714894
0.171328671328671 202.28268452268
0.172027972027971 201.765541811305
0.172727272727272 201.239247162891
0.173426573426573 200.704036421816
0.174125874125873 200.160149591764
0.174825174825174 199.607830730652
0.175524475524475 199.047327843476
0.176223776223775 198.478892773147
0.176923076923076 197.902781089345
0.177622377622377 197.31925197546
0.178321678321678 196.728568113663
0.179020979020978 196.130995568163
0.179720279720279 195.526803666712
0.18041958041958 194.916264880398
0.18111888111888 194.2996547018
0.181818181818181 193.67725152155
0.182517482517482 193.049336503366
0.183216783216782 192.416193457612
0.183916083916083 191.778108713448
0.184615384615384 191.135370989629
0.185314685314684 190.488271264011
0.186013986013985 189.837102641828
0.186713286713286 189.18216022281
0.187412587412586 188.523740967189
0.188111888111887 187.862143560671
0.188811188811188 187.197668278432
0.189510489510489 186.530616848205
0.190209790209789 185.861292312517
0.19090909090909 185.189998890153
0.191608391608391 184.5170418369
0.192307692307691 183.842727305652
0.193006993006992 183.167362205927
0.193706293706293 182.491254062875
0.194405594405593 181.814710875844
0.195104895104894 181.138040976559
0.195804195804195 180.461552887002
0.196503496503495 179.785555177041
0.197202797202796 179.110356321894
0.197902097902097 178.436264559482
0.198601398601397 177.76358774775
0.199300699300698 177.092633222017
0.199999999999999 176.423707652429
0.2006993006993 175.757116901583
0.2013986013986 175.093165882386
0.202097902097901 174.432158416225
0.202797202797202 173.774397091508
0.203496503496502 173.120183122652
0.204195804195803 172.469816209579
0.204895104895104 171.823594397799
0.205594405594404 171.181813939132
0.206293706293705 170.54476915315
0.206993006993006 169.9127522894
0.207692307692306 169.286053390474
0.208391608391607 168.664960155999
0.209090909090908 168.049757807601
0.209790209790208 167.440728954923
0.210489510489509 166.838153462752
0.21118881118881 166.242308319321
0.211888111888111 165.653467505856
0.212587412587411 165.071901867424
0.213286713286712 164.49787898515
0.213986013986013 163.931663049863
0.214685314685313 163.373514737236
0.215384615384614 162.823691084471
0.216083916083915 162.282445368611
0.216783216783215 161.750026986508
0.217482517482516 161.226681336533
0.218181818181817 160.712649702074
0.218881118881117 160.208169136876
0.219580419580418 159.713472352287
0.220279720279719 159.228787606463
0.220979020979019 158.754338595586
0.22167832167832 158.290344347142
0.222377622377621 157.837019115329
0.223076923076922 157.394572278625
0.223776223776222 156.963208239587
0.224475524475523 156.543126326909
0.225174825174824 156.134520699815
0.225874125874124 155.737580254805
0.226573426573425 155.352488534819
0.227272727272726 154.979423640864
0.227972027972026 154.618558146139
0.228671328671327 154.270059012703
0.229370629370628 153.934087510735
0.230069930069928 153.610799140422
0.230769230769229 153.300343556507
0.23146853146853 153.002864495549
0.23216783216783 152.718499705919
0.232867132867131 152.447380880577
0.233566433566432 152.189633592656
0.234265734265732 151.945377233892
0.234965034965033 151.714724955927
0.235664335664334 151.497783614517
0.236363636363635 151.294653716675
0.237062937062935 151.105429370775
0.237762237762236 150.930198239636
0.238461538461537 150.769041496627
0.239160839160837 150.622033784797
0.239860139860138 150.489243179067
0.240559440559439 150.37073115149
0.241258741258739 150.266552539614
0.24195804195804 150.176755517946
0.242657342657341 150.101381572553
0.243356643356641 150.040465478793
0.244055944055942 149.994035282211
0.244755244755243 149.962112282588
0.245454545454543 149.944711021172
0.246153846153844 149.94183927109
0.246853146853145 149.953498030945
0.247552447552446 149.979681521611
0.248251748251746 150.020377186223
0.248951048951047 150.075565693366
0.249650349650348 150.145220943466
0.250349650349648 150.229310078376
0.251048951048949 150.327793494161
0.25174825174825 150.440624857073
0.25244755244755 150.567751122714
0.253146853146851 150.709112558371
0.253846153846152 150.864642768533
0.254545454545452 151.034268723555
0.255244755244753 151.217910791476
0.255944055944054 151.415482772973
0.256643356643354 151.62689193943
0.257342657342655 151.852039074113
0.258041958041956 152.090818516428
0.258741258741257 152.343118209248
0.259440559440557 152.608819749283
0.260139860139858 152.88779844047
0.260839160839159 153.17992335037
0.261538461538459 153.485057369528
0.26223776223776 153.803057273788
0.262937062937061 154.133773789527
0.263636363636361 154.477051661771
0.264335664335662 154.832729725175
0.265034965034963 155.200640977832
0.265734265734263 155.580612657867
0.266433566433564 155.972466322791
0.267132867132865 156.376017931583
0.267832167832165 156.791077929442
0.268531468531466 157.217451335199
0.269230769230767 157.654937831317
0.269930069930068 158.103331856465
0.270629370629368 158.562422700609
0.271328671328669 159.031994602575
0.27202797202797 159.511826850049
0.27272727272727 160.00169388195
0.273426573426571 160.501365393154
0.274125874125872 161.010606441492
0.274825174825172 161.529177556994
0.275524475524473 162.056834853318
0.276223776223774 162.593330141311
0.276923076923074 163.138411044655
0.277622377622375 163.691821117538
0.278321678321676 164.2532999643
0.279020979020976 164.822583360996
0.279720279720277 165.39940337881
0.280419580419578 165.983488509282
0.281118881118879 166.574563791274
0.281818181818179 167.17235093961
0.28251748251748 167.776568475353
0.283216783216781 168.386931857635
0.283916083916081 169.00315361698
0.284615384615382 169.624943490081
0.285314685314683 170.252008555929
0.286013986013983 170.884053373264
0.286713286713284 171.520780119267
0.287412587412585 172.161888729425
0.288111888111885 172.807077038514
0.288811188811186 173.456040922623
0.289510489510487 174.108474442156
0.290209790209787 174.76406998575
0.290909090909088 175.422518415026
0.291608391608389 176.083509210119
0.292307692307689 176.746730615915
0.29300699300699 177.411869788916
0.293706293706291 178.078612944674
0.294405594405592 178.746645505726
0.295104895104892 179.41565224994
0.295804195804193 180.085317459234
0.296503496503494 180.755325068563
0.297202797202794 181.425358815127
0.297902097902095 182.095102387721
0.298601398601396 182.764239576153
0.299300699300696 183.432454420668
0.300230931858836 183.786909783775
0.301161164416975 184.007964648485
0.302091396975115 184.228337767455
0.303021629533254 184.448033332839
0.303951862091394 184.667055498246
0.304882094649533 184.885408379205
0.305812327207673 185.103096053633
0.306742559765812 185.320122562289
0.307672792323952 185.536491909227
0.308603024882091 185.752208062236
0.309533257440231 185.967274953279
0.31046348999837 186.181696478923
0.31139372255651 186.395476500761
0.312323955114649 186.608618845831
0.313254187672789 186.821127307025
0.314184420230929 187.033005643495
0.315114652789068 187.244257581055
0.316044885347208 187.454886812569
0.316975117905347 187.66489699834
0.317905350463487 187.874291766495
0.318835583021626 188.083074713357
0.319765815579766 188.291249403815
0.320696048137905 188.498819371695
0.321626280696045 188.705788120114
0.322556513254184 188.912159121836
0.323486745812324 189.117935819626
0.324416978370463 189.323121626588
0.325347210928603 189.527719926509
0.326277443486742 189.731734074193
0.327207676044882 189.935167395789
0.328137908603021 190.138023189121
0.329068141161161 190.340304724003
0.3299983737193 190.54201524256
0.33092860627744 190.743157959538
0.331858838835579 190.943736062609
0.332789071393719 191.143752712679
0.333719303951858 191.343211044183
0.334649536509998 191.542114165382
0.335579769068137 191.740465158652
0.336510001626277 191.938267080772
0.337440234184416 192.135522963204
0.338370466742556 192.332235812375
0.339300699300695 192.528408609953
0.340230931858835 192.724044313111
0.341161164416974 192.919145854803
0.342091396975114 193.113716144022
0.343021629533253 193.307758066065
0.343951862091393 193.501274482784
0.344882094649532 193.694268232844
0.345812327207672 193.886742131971
0.346742559765811 194.078698973199
0.347672792323951 194.270141527111
0.34860302488209 194.461072542084
0.34953325744023 194.65149474452
0.350463489998369 194.841410839082
0.351393722556509 195.030823508927
0.352323955114648 195.21973541593
0.353254187672788 195.408149200907
0.354184420230927 195.596067483844
0.355114652789067 195.783492864106
0.356044885347206 195.970427920659
0.356975117905346 196.156875212283
0.357905350463485 196.342837277778
0.358835583021625 196.528316636176
0.359765815579765 196.713315786941
0.360696048137904 196.897837210177
0.361626280696044 197.081883366821
0.362556513254183 197.265456698845
0.363486745812323 197.448559629449
0.364416978370462 197.631194563251
0.365347210928602 197.813363886478
0.366277443486741 197.995069967154
0.367207676044881 198.176315155284
0.36813790860302 198.357101783035
0.36906814116116 198.537432164918
0.369998373719299 198.717308597963
0.370928606277439 198.8967333619
0.371858838835578 199.075708719325
0.372789071393718 199.254236915878
0.373719303951857 199.432320180407
0.374649536509997 199.609960725139
0.375579769068136 199.787160745842
0.376510001626276 199.963922421988
0.377440234184415 200.140247916915
0.378370466742555 200.316139377987
0.379300699300694 200.491598936749
0.380230931858834 200.66662870908
0.381161164416973 200.841230795351
0.382091396975113 201.015407280573
0.383021629533252 201.189160234547
0.383951862091392 201.362491712012
0.384882094649531 201.535403752791
0.385812327207671 201.707898381933
0.38674255976581 201.879977609858
0.38767279232395 202.051643432496
0.388603024882089 202.222897831427
0.389533257440229 202.393742774016
0.390463489998368 202.564180213552
0.391393722556508 202.73421208938
0.392323955114647 202.903840327032
0.393254187672787 203.073066838361
0.394184420230926 203.241893521667
0.395114652789066 203.410322261829
0.396044885347205 203.578354930428
0.396975117905345 203.74599338587
0.397905350463484 203.913239473515
0.398835583021624 204.080095025794
0.399765815579763 204.246561862332
0.400696048137903 204.412641790066
0.401626280696042 204.578336603363
0.402556513254182 204.743648084135
0.403486745812321 204.908578001959
0.404416978370461 205.073128114182
0.4053472109286 205.237300166042
0.40627744348674 205.401095890774
0.40720767604488 205.56451700972
0.408137908603019 205.727565232441
0.409068141161159 205.890242256819
0.409998373719298 206.05254976917
0.410928606277438 206.214489444341
0.411858838835577 206.37606294582
0.412789071393717 206.537271925836
0.413719303951856 206.698118025458
0.414649536509996 206.858602874702
0.415579769068135 207.018728092623
0.416510001626275 207.178495287416
0.417440234184414 207.337906056514
0.418370466742554 207.496961986682
0.419300699300693 207.655664654111
0.420230931858833 207.814015624516
0.421161164416972 207.972016453224
0.422091396975112 208.129668685268
0.423021629533251 208.286973855476
0.423951862091391 208.443933488563
0.42488209464953 208.600549099218
0.42581232720767 208.756822192192
0.426742559765809 208.912754262386
0.427672792323949 209.068346794935
0.428603024882088 209.223601265292
0.429533257440228 209.378519139315
0.430463489998367 209.533101873349
0.431393722556507 209.687350914308
0.432323955114646 209.841267699754
0.433254187672786 209.99485365798
0.434184420230925 210.14811020809
0.435114652789065 210.301038760076
0.436044885347204 210.453640714896
0.436975117905344 210.605917464552
0.437905350463483 210.757870392165
0.438835583021623 210.90950087205
0.439765815579762 211.060810269795
0.440696048137902 211.211799942327
0.441626280696041 211.362471237992
0.442556513254181 211.512825496624
0.44348674581232 211.662864049617
0.44441697837046 211.812588219996
0.445347210928599 211.961999322486
0.446277443486739 212.111098663584
0.447207676044878 212.259887541623
0.448137908603018 212.408367246844
0.449068141161157 212.556539061462
0.449998373719297 212.704404259731
0.450928606277436 212.851964108011
0.451858838835576 212.999219864833
0.452789071393715 213.146172780963
0.453719303951855 213.292824099468
0.454649536509995 213.439175055773
0.455579769068134 213.585226877732
0.456510001626274 213.730980785681
0.457440234184413 213.876437992508
0.458370466742553 214.021599703705
0.459300699300692 214.166467117436
0.460230931858832 214.311041424588
0.461161164416971 214.455323808838
0.462091396975111 214.599315446705
0.46302162953325 214.74301750761
0.46395186209139 214.886431153934
0.464882094649529 215.029557541072
0.465812327207669 215.172397817491
0.466742559765808 215.314953124783
0.467672792323948 215.457224597723
0.468603024882087 215.59921336432
0.469533257440227 215.740920545872
0.470463489998366 215.88234725702
0.471393722556506 216.023494605798
0.472323955114645 216.164363693688
0.473254187672785 216.304955615671
0.474184420230924 216.445271460277
0.475114652789064 216.585312309634
0.476044885347203 216.725079239522
0.476975117905343 216.864573319422
0.477905350463482 217.00379561256
0.478835583021622 217.142747175963
0.479765815579761 217.281429060502
0.480696048137901 217.419842310941
0.48162628069604 217.557987965984
0.48255651325418 217.695867058324
0.483486745812319 217.833480614685
0.484416978370459 217.970829655874
0.485347210928598 218.10791519682
0.486277443486738 218.244738246621
0.487207676044877 218.381299808593
0.488137908603017 218.517600880307
0.489068141161156 218.653642453639
0.489998373719296 218.789425514809
0.490928606277435 218.924951044426
0.491858838835575 219.06022001753
0.492789071393714 219.195233403633
0.493719303951854 219.329992166763
0.494649536509993 219.464497265505
0.495579769068133 219.598749653038
0.496510001626272 219.732750277182
0.497440234184412 219.866500080431
0.498370466742551 220
