0.00031055900621118 -0 -0
0.00093167701863354 -0.121191053304415 -0.121191053304415
0.0015527950310559 -0.508919366804435 -0.508919366804435
0.00217391304347826 -1.14220370343048 -1.14220370343048
0.00279503105590062 -2.01842073457669 -2.01842073457669
0.00341614906832298 -3.13651560103693 -3.13651560103693
0.00403726708074534 -4.49571058425477 -4.49571058425477
0.0046583850931677 -6.09524702592466 -6.09524702592466
0.00527950310559006 -7.93430962360361 -7.93430962360361
0.00590062111801242 -10.0119987520819 -10.0119987520819
0.00652173913043478 -12.3273188234953 -12.3273188234953
0.00714285714285714 -14.8791729505959 -14.8791729505959
0.0077639751552795 -17.6663604081827 -17.6663604081827
0.00838509316770186 -20.6875754640976 -20.6875754640976
0.00900621118012422 -23.9414069407172 -23.9414069407172
0.00962732919254658 -27.4263381959633 -27.4263381959633
0.0102484472049689 -31.1407473644979 -31.1407473644979
0.0108695652173913 -35.0829077720249 -35.0829077720249
0.0114906832298137 -39.2509884738271 -39.2509884738271
0.012111801242236 -43.6430548873383 -43.6430548873383
0.0127329192546584 -48.2570695016355 -48.2570695016355
0.0133540372670807 -53.0908926522295 -53.0908926522295
0.0139751552795031 -58.1422833530087 -58.1422833530087
0.0145962732919255 -63.4089001814916 -63.4089001814916
0.0152173913043478 -68.8883022125833 -68.8883022125833
0.0158385093167702 -74.5779499992375 -74.5779499992375
0.0164596273291925 -80.4752065975004 -80.4752065975004
0.0170807453416149 -86.5773386348934 -86.5773386348934
0.0177018633540373 -92.8815174204294 -92.8815174204294
0.0183229813664596 -99.3848200959607 -99.3848200959607
0.018944099378882 -106.084230826956 -106.084230826956
0.0195652173913043 -112.976642033149 -112.976642033149
0.0201863354037267 -120.0588556572 -120.0588556572
0.0208074534161491 -127.32758447162 -127.32758447162
0.0214285714285714 -134.779453422485 -134.779453422485
0.0220496894409938 -142.411001010019 -142.411001010019
0.0226708074534161 -150.218680705079 -150.218680705079
0.0232919254658385 -158.198862400609 -158.198862400609
0.0239130434782609 -166.347833898095 -166.347833898095
0.0245341614906832 -174.661802427885 -174.661802427885
0.0251552795031056 -183.13689620291 -183.13689620291
0.025776397515528 -191.769166005535 -191.769166005535
0.0263975155279503 -200.554586805805 -200.554586805805
0.0270186335403727 -209.489059411623 -209.489059411623
0.027639751552795 -218.568412149639 -218.568412149639
0.0282608695652174 -227.788402576475 -227.788402576475
0.0288819875776398 -237.144719218637 -237.144719218637
0.0295031055900621 -246.632983342181 -246.632983342181
0.0301242236024845 -256.248750749309 -256.248750749309
0.0307453416149068 -265.987513602967 -265.987513602967
0.0313664596273292 -275.844702278096 -275.844702278096
0.0319875776397516 -285.815687238187 -285.815687238187
0.0326086956521739 -295.895780937181 -295.895780937181
0.0332298136645963 -306.080239745841 -306.080239745841
0.0338509316770186 -316.364265901326 -316.364265901326
0.034472049689441 -326.7430094801 -326.7430094801
0.0350931677018634 -337.211570392274 -337.211570392274
0.0357142857142857 -347.765000397459 -347.765000397459
0.0363354037267081 -358.39830514096 -358.39830514096
0.0369565217391304 -369.106446209695 -369.106446209695
0.0375776397515528 -379.884343206667 -379.884343206667
0.0381987577639752 -390.726875843635 -390.726875843635
0.0388198757763975 -401.628886050902 -401.628886050902
0.0394409937888199 -412.585180103139 -412.585180103139
0.0400621118012422 -423.590530760904 -423.590530760904
0.0406832298136646 -434.639679426737 -434.639679426737
0.041304347826087 -445.727338315137 -445.727338315137
0.0419254658385093 -456.848192634788 -456.848192634788
0.0425465838509317 -467.996902783979 -467.996902783979
0.043167701863354 -479.168106555866 -479.168106555866
0.0437888198757764 -490.356421354824 -490.356421354824
0.0444099378881988 -501.556446422287 -501.556446422287
0.0450310559006211 -512.762765070371 -512.762765070371
0.0456521739130435 -523.969946923794 -523.969946923794
0.0462732919254658 -535.172550168167 -535.172550168167
0.0468944099378882 -546.365123804478 -546.365123804478
0.0475155279503106 -557.542209907834 -557.542209907834
0.0481366459627329 -568.698345891352 -568.698345891352
0.0487577639751553 -579.828066771923 -579.828066771923
0.0493788819875776 -590.925907439209 -590.925907439209
0.05 -601.986404925495 -601.986404925495
0.0506211180124224 -613.004100676269 -613.004100676269
0.0512422360248447 -623.973542819878 -623.973542819878
0.0518633540372671 -634.889288436304 -634.889288436304
0.0524844720496894 -645.745905823547 -645.745905823547
0.0531055900621118 -656.537976760472 -656.537976760472
0.0537267080745342 -667.260098766318 -667.260098766318
0.0543478260869565 -677.906887354426 -677.906887354426
0.0549689440993789 -688.472978280598 -688.472978280598
0.0555900621118012 -698.953029784572 -698.953029784572
0.0562111801242236 -709.341724823915 -709.341724823915
0.056832298136646 -719.633773298909 -719.633773298909
0.0574534161490683 -729.823914268619 -729.823914268619
0.0580745341614907 -739.906918156618 -739.906918156618
0.058695652173913 -749.877588944711 -749.877588944711
0.0593167701863354 -759.730766355545 -759.730766355545
0.0599378881987578 -769.46132802159 -769.46132802159
0.0605590062111801 -779.06419164074 -779.06419164074
0.0611801242236025 -788.534317116932 -788.534317116932
0.0618012422360248 -797.866708685636 -797.866708685636
0.0624223602484472 -807.056417022014 -807.056417022014
0.0630434782608696 -816.098541333345 -816.098541333345
0.0636645962732919 -824.988231431862 -824.988231431862
0.0642857142857143 -833.720689789696 -833.720689789696
0.0649068322981367 -842.291173573544 -842.291173573544
0.065527950310559 -850.694996659403 -850.694996659403
0.0661490683229814 -858.927531625028 -858.927531625028
0.0667701863354037 -866.984211721422 -866.984211721422
0.0673913043478261 -874.860532820139 -874.860532820139
0.0680124223602485 -882.552055337781 -882.552055337781
0.0686335403726708 -890.054406135857 -890.054406135857
0.0692546583850932 -897.363280394906 -897.363280394906
0.0698757763975155 -904.474443462886 -904.474443462886
0.0704968944099379 -911.383732677157 -911.383732677157
0.0711180124223602 -918.087059158415 -918.087059158415
0.0717391304347826 -924.580409576647 -924.580409576647
0.072360248447205 -930.859847888426 -930.859847888426
0.0729813664596273 -936.921517043743 -936.921517043743
0.0736024844720497 -942.761640663829 -942.761640663829
0.074223602484472 -948.376524686497 -948.376524686497
0.0748447204968944 -953.762558980904 -953.762558980904
0.0754658385093168 -958.916218929713 -958.916218929713
0.0760869565217391 -963.834066977714 -963.834066977714
0.0767080745341615 -968.512754147978 -968.512754147978
0.0773291925465839 -972.94902152282 -972.94902152282
0.0779503105590062 -977.1397016902 -977.1397016902
0.0785714285714286 -981.081720155059 -981.081720155059
0.0791925465838509 -984.772096714448 -984.772096714448
0.0798136645962733 -988.207946795635 -988.207946795635
0.0804347826086957 -991.386482758036 -991.386482758036
0.081055900621118 -994.305015156988 -994.305015156988
0.0816770186335404 -996.960953969264 -996.960953969264
0.0822981366459627 -999.351809780358 -999.351809780358
0.0829192546583851 -1001.47519493242 -1001.47519493242
0.0835403726708075 -1003.32882463215 -1003.32882463215
0.0841614906832298 -1004.91051801965 -1004.91051801965
0.0847826086956522 -1006.21819919574 -1006.21819919574
0.0854037267080745 -1007.2498982088 -1007.2498982088
0.0860248447204969 -1008.00375200047 -1008.00375200047
0.0866459627329192 -1008.47800530907 -1008.47800530907
0.0872670807453416 -1008.67101153111 -1008.67101153111
0.087888198757764 -1008.58123354059 -1008.58123354059
0.0885093167701863 -1008.20724446514 -1008.20724446514
0.0891304347826087 -1007.54772841913 -1007.54772841913
0.0897515527950311 -1006.60148119308 -1006.60148119308
0.0903726708074534 -1005.36741089973 -1005.36741089973
0.0909937888198758 -1003.8445385755 -1003.8445385755
0.0916149068322981 -1002.03199873812 -1002.03199873812
0.0922360248447205 -999.929039899584 -999.929039899584
0.0928571428571429 -997.535025033978 -997.535025033978
0.0934782608695652 -994.849432000794 -994.849432000794
0.0940993788819876 -991.871853922617 -991.871853922617
0.09472049689441 -988.60199951775 -988.60199951775
0.0953416149068323 -985.039693387323 -985.039693387323
0.0959627329192547 -981.184876256242 -981.184876256242
0.096583850931677 -977.037605169173 -977.037605169173
0.0972049689440994 -972.598053639853 -972.598053639853
0.0978260869565217 -967.866511755078 -967.866511755078
0.0984472049689441 -962.843386231965 -962.843386231965
0.0990683229813665 -957.529200429772 -957.529200429772
0.0996894409937888 -951.924594315012 -951.924594315012
0.100310559006211 -946.030324381091 -946.030324381091
0.100931677018634 -939.84726352134 -939.84726352134
0.101552795031056 -933.376400855459 -933.376400855459
0.102173913043478 -926.618841511379 -926.618841511379
0.102795031055901 -919.575806359407 -919.575806359407
0.103416149068323 -912.248631701588 -912.248631701588
0.104037267080745 -904.638768914617 -904.638768914617
0.104658385093168 -896.747784047551 -896.747784047551
0.10527950310559 -888.577357373252 -888.577357373252
0.105900621118012 -880.129282894732 -880.129282894732
0.106521739130435 -871.405467806452 -871.405467806452
0.107142857142857 -862.407931910025 -862.407931910025
0.107763975155279 -853.138806985215 -853.138806985215
0.108385093167702 -843.600336116346 -843.600336116346
0.109006211180124 -833.794872974073 -833.794872974073
0.109627329192547 -823.724881053212 -823.724881053212
0.110248447204969 -813.392932866431 -813.392932866431
0.110869565217391 -802.801709093998 -802.801709093998
0.111490683229814 -791.953997691227 -791.953997691227
0.112111801242236 -780.852692951425 -780.852692951425
0.112732919254658 -769.500794527566 -769.500794527566
0.113354037267081 -757.90140641086 -757.90140641086
0.113975155279503 -746.057735867298 -746.057735867298
0.114596273291925 -733.973092333297 -733.973092333297
0.115217391304348 -721.650886269364 -721.650886269364
0.11583850931677 -709.094627973869 -709.094627973869
0.116459627329193 -696.307926355891 -696.307926355891
0.117080745341615 -683.294487668489 -683.294487668489
0.117701863354037 -670.058114202512 -670.058114202512
0.11832298136646 -656.602702941697 -656.602702941697
0.118944099378882 -642.932244179061 -642.932244179061
0.119565217391304 -629.050820095697 -629.050820095697
0.120186335403727 -614.962603302284 -614.962603302284
0.120807453416149 -600.67185534354 -600.67185534354
0.121428571428571 -586.182925166541 -586.182925166541
0.122049689440994 -571.500247553766 -571.500247553766
0.122670807453416 -556.628341519951 -556.628341519951
0.123291925465839 -541.571808676022 -541.571808676022
0.123913043478261 -526.335331558069 -526.335331558069
0.124534161490683 -510.923671923501 -510.923671923501
0.125155279503106 -495.341669014276 -495.341669014276
0.125776397515528 -479.594237788853 -479.594237788853
0.12639751552795 -463.686367122363 -463.686367122363
0.127018633540373 -447.623117976111 -447.623117976111
0.127639751552795 -431.409621537795 -431.409621537795
0.128260869565217 -415.05107733184 -415.05107733184
0.12888198757764 -398.552751302017 -398.552751302017
0.129503105590062 -381.91997386558 -381.91997386558
0.130124223602484 -365.158137940705 -365.158137940705
0.130745341614907 -348.272696947917 -348.272696947917
0.131366459627329 -331.269162785894 -331.269162785894
0.131987577639752 -314.15310378221 -314.15310378221
0.132608695652174 -296.930142620554 -296.930142620554
0.133229813664596 -279.605954244951 -279.605954244951
0.133850931677019 -262.18626374109 -262.18626374109
0.134472049689441 -244.676844196161 -244.676844196161
0.135093167701863 -227.08351453899 -227.08351453899
0.135714285714286 -209.412137358848 -209.412137358848
0.136335403726708 -191.668616705782 -191.668616705782
0.13695652173913 -173.858895873386 -173.858895873386
0.137577639751553 -155.988955163014 -155.988955163014
0.138198757763975 -138.064809632561 -138.064809632561
0.138819875776398 -120.092506828801 -120.092506828801
0.13944099378882 -102.078124505577 -102.078124505577
0.140062111801242 -84.0277683275344 -84.0277683275344
0.140683229813665 -65.9475695612774 -65.9475695612774
0.141304347826087 -47.8436827539483 -47.8436827539483
0.141925465838509 -29.7222834010685 -29.7222834010685
0.142546583850932 -11.5895656037205 -11.5895656037205
0.143167701863354 6.54826028385587 6.54826028385587
0.143788819875776 24.6849700145857 24.6849700145857
0.144409937888199 42.8143278172347 42.8143278172347
0.145031055900621 60.9300887711498 60.9300887711498
0.145652173913043 79.0260011877603 79.0260011877603
0.146273291925466 97.0958089956819 97.0958089956819
0.146894409937888 115.133254130435 115.133254130435
0.147515527950311 133.132078927715 133.132078927715
0.148136645962733 151.086028517977 151.086028517977
0.148757763975155 168.988853222194 168.988853222194
0.149378881987578 186.834310948515 186.834310948515
0.15 204.616169587686 204.616169587686
0.150621118012422 222.328209407223 222.328209407223
0.151242236024845 239.964225443005 239.964225443005
0.151863354037267 257.518029886732 257.518029886732
0.152484472049689 274.983454470635 274.983454470635
0.153105590062112 292.354352844842 292.354352844842
0.153726708074534 309.624602950247 309.624602950247
0.154347826086957 326.788109383124 326.788109383124
0.154968944099379 343.838805752249 343.838805752249
0.155590062111801 360.770657026895 360.770657026895
0.156211180124224 377.577661874708 377.577661874708
0.156832298136646 394.253854989485 394.253854989485
0.157453416149068 410.793309405948 410.793309405948
0.158074534161491 427.190138803388 427.190138803388
0.158695652173913 443.438499794835 443.438499794835
0.159316770186335 459.532594202153 459.532594202153
0.159937888198758 475.466671315932 475.466671315932
0.16055900621118 491.235030138626 491.235030138626
0.161180124223603 506.832021611721 506.832021611721
0.161801242236025 522.252050823965 522.252050823965
0.162422360248447 537.489579201291 537.489579201291
0.16304347826087 552.539126677024 552.539126677024
0.163664596273292 567.395273841651 567.395273841651
0.164285714285714 582.052664071181 582.052664071181
0.164906832298137 596.506005633349 596.506005633349
0.165527950310559 610.750073771088 610.750073771088
0.166149068322981 624.779712761397 624.779712761397
0.166770186335404 638.589837950799 638.589837950799
0.167391304347826 652.175437764192 652.175437764192
0.168012422360248 665.531575688591 665.531575688591
0.168633540372671 678.65339222863 678.65339222863
0.169254658385093 691.53610683573 691.53610683573
0.169875776397516 704.175019807253 704.175019807253
0.170496894409938 716.565514157907 716.565514157907
0.17111801242236 728.703057460048 728.703057460048
0.171739130434783 740.583203653209 740.583203653209
0.172360248447205 752.201594823125 752.201594823125
0.172981366459627 763.553962947631 763.553962947631
0.17360248447205 774.636131610271 774.636131610271
0.174223602484472 785.444017680071 785.444017680071
0.174844720496894 795.973632957502 795.973632957502
0.175465838509317 806.221085785031 806.221085785031
0.176086956521739 816.182582622277 816.182582622277
0.176708074534161 825.854429586023 825.854429586023
0.177329192546584 835.233033951802 835.233033951802
0.177950310559006 844.31490561964 844.31490561964
0.178571428571429 853.096658540864 853.096658540864
0.179192546583851 861.575012107307 861.575012107307
0.179813664596273 869.746792500315 869.746792500315
0.180434782608696 877.608934001306 877.608934001306
0.181055900621118 885.158480261566 885.158480261566
0.18167701863354 892.39258553142 892.39258553142
0.182298136645963 899.308515848484 899.308515848484
0.182919254658385 905.903650184069 905.903650184069
0.183540372670807 912.175481547745 912.175481547745
0.18416149068323 918.121618048955 918.121618048955
0.184782608695652 923.739783916527 923.739783916527
0.185403726708075 929.027820473145 929.027820473145
0.186024844720497 933.983687068261 933.983687068261
0.186645962732919 938.605461964808 938.605461964808
0.187267080745342 942.891343182306 942.891343182306
0.187888198757764 946.839649295322 946.839649295322
0.188509316770186 950.448820185891 950.448820185891
0.189130434782609 953.717417751214 953.717417751214
0.189751552795031 956.644126564608 956.644126564608
0.190372670807453 959.227754491462 959.227754491462
0.190993788819876 961.467233257477 961.467233257477
0.191614906832298 963.361618971504 963.361618971504
0.192236024844721 964.910092600693 964.910092600693
0.192857142857143 966.111960398658 966.111960398658
0.193478260869565 966.966654286987 966.966654286987
0.194099378881988 967.473732188087 967.473732188087
0.19472049689441 967.632878312144 967.632878312144
0.195341614906832 967.443903394191 967.443903394191
0.195962732919255 966.906744885579 966.906744885579
0.196583850931677 966.021467095618 966.021467095618
0.197204968944099 964.788261285844 964.788261285844
0.197826086956522 963.207445716991 963.207445716991
0.198447204968944 961.279465645913 961.279465645913
0.199068322981366 959.004893276626 959.004893276626
0.199689440993789 956.384427660693 956.384427660693
0.200310559006211 953.418894551661 953.418894551661
0.200931677018634 950.109246209581 950.109246209581
0.201552795031056 946.456561158533 946.456561158533
0.202173913043478 942.462043895537 942.462043895537
0.202795031055901 938.127024551435 938.127024551435
0.203416149068323 933.452958504465 933.452958504465
0.204037267080745 928.441425945154 928.441425945154
0.204658385093168 923.094131394591 923.094131394591
0.20527950310559 917.412903174287 917.412903174287
0.205900621118012 911.399692829725 911.399692829725
0.206521739130435 905.056574505367 905.056574505367
0.207142857142857 898.385744274714 898.385744274714
0.20776397515528 891.389519422125 891.389519422125
0.208385093167702 884.070337678372 884.070337678372
0.209006211180124 876.430756411009 876.430756411009
0.209627329192547 868.473451767679 868.473451767679
0.210248447204969 860.201217775147 860.201217775147
0.210869565217391 851.616965391429 851.616965391429
0.211490683229814 842.723721514668 842.723721514668
0.212111801242236 833.524627946133 833.524627946133
0.212732919254658 824.02294030996 824.02294030996
0.213354037267081 814.222026928292 814.222026928292
0.213975155279503 804.125367653426 804.125367653426
0.214596273291925 793.7365526573 793.7365526573
0.215217391304348 783.059281177389 783.059281177389
0.21583850931677 772.097360221745 772.097360221745
0.216459627329193 760.85470323131 760.85470323131
0.217080745341615 749.335328701864 749.335328701864
0.217701863354037 737.543358764825 737.543358764825
0.21832298136646 725.483017728096 725.483017728096
0.218944099378882 713.158630577605 713.158630577605
0.219565217391304 700.574621438991 700.574621438991
0.220186335403727 687.735512001866 687.735512001866
0.220807453416149 674.645919905019 674.645919905019
0.221428571428571 661.310557085567 661.310557085567
0.222049689440994 647.734228090235 647.734228090235
0.222670807453416 633.921828351199 633.921828351199
0.223291925465839 619.878342426262 619.878342426262
0.223913043478261 605.608842204149 605.608842204149
0.224534161490683 591.118485076305 591.118485076305
0.225155279503106 576.412512074 576.412512074
0.225776397515528 561.49624597411 561.49624597411
0.22639751552795 546.375089371468 546.375089371468
0.227018633540373 531.05452272088 531.05452272088
0.227639751552795 515.540102347908 515.540102347908
0.228260869565217 499.837458430257 499.837458430257
0.22888198757764 483.952292949499 483.952292949499
0.229503105590062 467.890377614587 467.890377614587
0.230124223602484 451.657551758121 451.657551758121
0.230745341614907 435.259720205399 435.259720205399
0.231366459627329 418.702851117717 418.702851117717
0.231987577639752 401.992973810034 401.992973810034
0.232608695652174 385.136176544826 385.136176544826
0.233229813664596 368.138604301779 368.138604301779
0.233850931677019 351.00645652543 351.00645652543
0.234472049689441 333.745984850178 333.745984850178
0.235093167701863 316.363490804522 316.363490804522
0.235714285714286 298.865323495438 298.865323495438
0.236335403726708 281.25787727313 281.25787727313
0.23695652173913 263.547589377315 263.547589377315
0.237577639751553 245.74093756602 245.74093756602
0.238198757763975 227.844437727842 227.844437727842
0.238819875776398 209.86464147837 209.86464147837
0.23944099378882 191.808133741529 191.808133741529
0.240062111801242 173.681530317336 173.681530317336
0.240683229813665 155.491475436285 155.491475436285
0.241304347826087 137.244639302067 137.244639302067
0.241925465838509 118.947715622541 118.947715622541
0.242546583850932 100.607419130987 100.607419130987
0.243167701863354 82.2304830973608 82.2304830973608
0.243788819875776 63.8236568321811 63.8236568321811
0.244409937888199 45.3937031819962 45.3937031819962
0.245031055900621 26.9473960187873 26.9473960187873
0.245652173913044 8.49151772388318 8.49151772388318
0.246273291925466 -9.96714333264842 -9.96714333264842
0.246894409937888 -28.4217953167841 -28.4217953167841
0.247515527950311 -46.8656454572621 -46.8656454572621
0.248136645962733 -65.29190257451 -65.29190257451
0.248757763975155 -83.6937796101274 -83.6937796101274
0.249378881987578 -102.064496156476 -102.064496156476
0.25 -120.397280984699 -120.397280984699
0.250621118012422 -138.685374571062 -138.685374571062
0.251242236024845 -156.922031619555 -156.922031619555
0.251863354037267 -175.1005235813 -175.1005235813
0.252484472049689 -193.214141168538 -193.214141168538
0.253105590062112 -211.256196862604 -211.256196862604
0.253726708074534 -229.220027415088 -229.220027415088
0.254347826086957 -247.098996341551 -247.098996341551
0.254968944099379 -264.8864964056 -264.8864964056
0.255590062111801 -282.575952094102 -282.575952094102
0.256211180124224 -300.160822081038 -300.160822081038
0.256832298136646 -317.634601680264 -317.634601680264
0.257453416149068 -334.99082528562 -334.99082528562
0.258074534161491 -352.223068796988 -352.223068796988
0.258695652173913 -369.324952033047 -369.324952033047
0.259316770186335 -386.290141127279 -386.290141127279
0.259937888198758 -403.112350909097 -403.112350909097
0.26055900621118 -419.785347267116 -419.785347267116
0.261180124223602 -436.302949494296 -436.302949494296
0.261801242236025 -452.659032614338 -452.659032614338
0.262422360248447 -468.847529688609 -468.847529688609
0.26304347826087 -484.862434101532 -484.862434101532
0.263664596273292 -500.69780182494 -500.69780182494
0.264285714285714 -516.347753660062 -516.347753660062
0.264906832298137 -531.80647745566 -531.80647745566
0.265527950310559 -547.068230302621 -547.068230302621
0.266149068322981 -562.127340703076 -562.127340703076
0.266770186335404 -576.978210713629 -576.978210713629
0.267391304347826 -591.61531806245 -591.61531806245
0.268012422360248 -606.03321823862 -606.03321823862
0.268633540372671 -620.226546552787 -620.226546552787
0.269254658385093 -634.190020169262 -634.190020169262
0.269875776397516 -647.918440108077 -647.918440108077
0.270496894409938 -661.406693216774 -661.406693216774
0.27111801242236 -674.649754109717 -674.649754109717
0.271739130434783 -687.642687076984 -687.642687076984
0.272360248447205 -700.380647958567 -700.380647958567
0.272981366459627 -712.858885986749 -712.858885986749
0.27360248447205 -725.072745592362 -725.072745592362
0.274223602484472 -737.017668177825 -737.017668177825
0.274844720496894 -748.689193852843 -748.689193852843
0.275465838509317 -760.082963135378 -760.082963135378
0.276086956521739 -771.194718614285 -771.194718614285
0.276708074534162 -782.020306574994 -782.020306574994
0.277329192546584 -792.555678586577 -792.555678586577
0.277950310559006 -802.796893050106 -802.796893050106
0.278571428571429 -812.74011670771 -812.74011670771
0.279192546583851 -822.381626110778 -822.381626110778
0.279813664596273 -831.717809048704 -831.717809048704
0.280434782608696 -840.745165934763 -840.745165934763
0.281055900621118 -849.460311152392 -849.460311152392
0.28167701863354 -857.859974356931 -857.859974356931
0.282298136645963 -865.941001736195 -865.941001736195
0.282919254658385 -873.700357226935 -873.700357226935
0.283540372670807 -881.135123688029 -881.135123688029
0.28416149068323 -888.242504029079 -888.242504029079
0.284782608695652 -895.019822294489 -895.019822294489
0.285403726708075 -901.464524702339 -901.464524702339
0.286024844720497 -907.574180637975 -907.574180637975
0.286645962732919 -913.346483601657 -913.346483601657
0.287267080745342 -918.779252109664 -918.779252109664
0.287888198757764 -923.870430549242 -923.870430549242
0.288509316770186 -928.618089986028 -928.618089986028
0.289130434782609 -933.020428924236 -933.020428924236
0.289751552795031 -937.075774020321 -937.075774020321
0.290372670807453 -940.782580747028 -940.782580747028
0.290993788819876 -944.13943401054 -944.13943401054
0.291614906832298 -947.145048718614 -947.145048718614
0.29223602484472 -949.798270300842 -949.798270300842
0.292857142857143 -952.098075178843 -952.098075178843
0.293478260869565 -954.043571188268 -954.043571188268
0.294099378881988 -955.633997951688 -955.633997951688
0.29472049689441 -956.868727201269 -956.868727201269
0.295341614906832 -957.747263053178 -957.747263053178
0.295962732919255 -958.269242230896 -958.269242230896
0.296583850931677 -958.434434239673 -958.434434239673
0.297204968944099 -958.242741491398 -958.242741491398
0.297826086956522 -957.694199378488 -957.694199378488
0.298447204968944 -956.78897629904 -956.78897629904
0.299068322981366 -955.527373631311 -955.527373631311
0.299689440993789 -381.326835857496 -381.326835857496
0.300103519668737 -238.148408527007 -952.593634108027
0.300310559006211 -237.98422486035 -951.936899441399
0.300517598343685 -237.820267419912 -951.281069679648
0.300724637681159 -237.656535738403 -950.626142953614
0.300931677018634 -237.493029349632 -949.972117398526
0.301138716356108 -237.329747789601 -949.318991158403
0.301345755693582 -237.166690594241 -948.666762376966
0.301552795031056 -237.003857301838 -948.015429207352
0.30175983436853 -236.841247451331 -947.364989805325
0.301966873706004 -236.678860583192 -946.715442332767
0.302173913043478 -236.516696239052 -946.066784956209
0.302380952380952 -236.354753961369 -945.419015845475
0.302587991718426 -236.193033295069 -944.772133180274
0.302795031055901 -236.031533785216 -944.126135140865
0.303002070393375 -235.870254978386 -943.481019913545
0.303209109730849 -235.709196422526 -942.836785690103
0.303416149068323 -235.548357666955 -942.193430667821
0.303623188405797 -235.387738261544 -941.550953046174
0.303830227743271 -235.227337758494 -940.909351033975
0.304037267080745 -235.067155710283 -940.268622841133
0.304244306418219 -234.907191670963 -939.62876668385
0.304451345755694 -234.74744519584 -938.989780783361
0.304658385093168 -234.587915841289 -938.351663365156
0.304865424430642 -234.428603165215 -937.714412660858
0.305072463768116 -234.269506725997 -937.078026903989
0.30527950310559 -234.110626083939 -936.442504335757
0.305486542443064 -233.951960800304 -935.807843201215
0.305693581780538 -233.793510437452 -935.174041749809
0.305900621118012 -233.635274558981 -934.541098235926
0.306107660455487 -233.477252729724 -933.909010918895
0.306314699792961 -233.31944451561 -933.277778062439
0.306521739130435 -233.161849483668 -932.647397934673
0.306728778467909 -233.004467202575 -932.017868810302
0.306935817805383 -232.847297241482 -931.389188965927
0.307142857142857 -232.690339171209 -930.761356684837
0.307349896480331 -232.533592563367 -930.13437025347
0.307556935817805 -232.377056991374 -929.508227965498
0.307763975155279 -232.220732028848 -928.882928115394
0.307971014492754 -232.064617250917 -928.25846900367
0.308178053830228 -231.908712234357 -927.634848937428
0.308385093167702 -231.753016556491 -927.012066225966
0.308592132505176 -231.597529795881 -926.390119183525
0.30879917184265 -231.442251532596 -925.769006130384
0.309006211180124 -231.287181347118 -925.148725388473
0.309213250517598 -231.132318821851 -924.529275287405
0.309420289855072 -230.977663539885 -923.910654159541
0.309627329192547 -230.823215085546 -923.292860342185
0.309834368530021 -230.668973044183 -922.67589217673
0.310041407867495 -230.514937001993 -922.059748007973
0.310248447204969 -230.361106546922 -921.444426187687
0.310455486542443 -230.207481267487 -920.82992506995
0.310662525879917 -230.054060753507 -920.216243014028
0.310869565217391 -229.900844595895 -919.603378383581
0.311076604554865 -229.747832386666 -918.991329546662
0.31128364389234 -229.595023718518 -918.38009487407
0.311490683229814 -229.442418186073 -917.76967274429
0.311697722567288 -229.290015384364 -917.160061537455
0.311904761904762 -229.13781490966 -916.551259638641
0.312111801242236 -228.985816359054 -915.943265436216
0.31231884057971 -228.834019331285 -915.336077325141
0.312525879917184 -228.68242342578 -914.729693703118
0.312732919254658 -228.53102824326 -914.124112973041
0.312939958592132 -228.379833385029 -913.519333540115
0.313146997929607 -228.22883845399 -912.915353815959
0.313354037267081 -228.078043053489 -912.312172213955
0.313561076604555 -227.927446788855 -911.70978715542
0.313768115942029 -227.777049265418 -911.108197061671
0.313975155279503 -227.626850090153 -910.507400360612
0.314182194616977 -227.476848870861 -909.907395483443
0.314389233954451 -227.327045216852 -909.308180867406
0.314596273291925 -227.177438737847 -908.709754951388
0.3148033126294 -227.02802904453 -908.112116178119
0.315010351966874 -226.878815748956 -907.515262995822
0.315217391304348 -226.729798464416 -906.919193857663
0.315424430641822 -226.580976804811 -906.323907219244
0.315631469979296 -226.432350385309 -905.729401541237
0.31583850931677 -226.28391882158 -905.135675286322
0.316045548654244 -226.135681730973 -904.542726923893
0.316252587991718 -225.987638731721 -903.950554926883
0.316459627329193 -225.83978944233 -903.359157769321
0.316666666666667 -225.692133483232 -902.768533932927
0.316873706004141 -225.544670475403 -902.178681901613
0.317080745341615 -225.397400040922 -901.589600163689
0.317287784679089 -225.250321802963 -901.001287211853
0.317494824016563 -225.103435384976 -900.413741539904
0.317701863354037 -224.956740412469 -899.826961649876
0.317908902691511 -224.810236511226 -899.240946044904
0.318115942028986 -224.663923307991 -898.655693231964
0.31832298136646 -224.517800431079 -898.071201724314
0.318530020703934 -224.371867509111 -897.487470036445
0.318737060041408 -224.226124172034 -896.904496688136
0.318944099378882 -224.080570050512 -896.322280202049
0.319151138716356 -223.935204776506 -895.740819106025
0.31935817805383 -223.790027982526 -895.160111930104
0.319565217391304 -223.645039302317 -894.580157209269
0.319772256728778 -223.500238370448 -894.000953481794
0.319979296066253 -223.355624822724 -893.422499290897
0.320186335403727 -223.211198295087 -892.844793180347
0.320393374741201 -223.066958425399 -892.267833701597
0.320600414078675 -222.922904851937 -891.691619407749
0.320807453416149 -222.779037214212 -891.116148856848
0.321014492753623 -222.635355152206 -890.541420608823
0.321221532091097 -222.491858307172 -889.967433228689
0.321428571428571 -222.348546321273 -889.394185285091
0.321635610766046 -222.205418837253 -888.821675349012
0.32184265010352 -222.062475499429 -888.249901997714
0.322049689440994 -221.919715952253 -887.678863809011
0.322256728778468 -221.777139841963 -887.108559367851
0.322463768115942 -221.634746814659 -886.538987258636
0.322670807453416 -221.492536518638 -885.970146074553
0.32287784679089 -221.350508601648 -885.402034406591
0.323084886128364 -221.20866271322 -884.834650852881
0.323291925465839 -221.066998504123 -884.267994016491
0.323498964803313 -220.925515624986 -883.702062499945
0.323706004140787 -220.784213728088 -883.136854912353
0.323913043478261 -220.643092466726 -882.572369866906
0.324120082815735 -220.502151494099 -882.008605976398
0.324327122153209 -220.361390465271 -881.445561861082
0.324534161490683 -220.220809036165 -880.88323614466
0.324741200828157 -220.080406862767 -880.321627451068
0.324948240165631 -219.94018360257 -879.760734410282
0.325155279503106 -219.800138913894 -879.200555655575
0.32536231884058 -219.660272456015 -878.641089824061
0.325569358178054 -219.520583888489 -878.082335553955
0.325776397515528 -219.381072872377 -877.52429148951
0.325983436853002 -219.241739069157 -876.966956276627
0.326190476190476 -219.102582141949 -876.410328567797
0.32639751552795 -218.963601753603 -875.854407014411
0.326604554865424 -218.824797568672 -875.299190274686
0.326811594202899 -218.686169252024 -874.744677008096
0.327018633540373 -218.547716469979 -874.190865879916
0.327225672877847 -218.409438889307 -873.637755557226
0.327432712215321 -218.271336177385 -873.085344709541
0.327639751552795 -218.133408003103 -872.533632012412
0.327846790890269 -217.995654035211 -871.982616140843
0.328053830227743 -217.858073944519 -871.432295778076
0.328260869565217 -217.720667401425 -870.882669605702
0.328467908902692 -217.583434078113 -870.333736312453
0.328674948240166 -217.446373647315 -869.785494589258
0.32888198757764 -217.309485782173 -869.237943128692
0.329089026915114 -217.172770157068 -868.691080628271
0.329296066252588 -217.036226447476 -868.144905789905
0.329503105590062 -216.899854329072 -867.599417316288
0.329710144927536 -216.763653478667 -867.05461391467
0.32991718426501 -216.627623573974 -866.510494295896
0.330124223602484 -216.491764292882 -865.967057171529
0.330331262939959 -216.356075315125 -865.424301260499
0.330538302277433 -216.220556320298 -864.882225281191
0.330745341614907 -216.08520698937 -864.340827957478
0.330952380952381 -215.950027003721 -863.800108014883
0.331159420289855 -215.81501604583 -863.26006418332
0.331366459627329 -215.680173798999 -862.720695195998
0.331573498964803 -215.545499947218 -862.181999788871
0.331780538302277 -215.410994174886 -861.643976699543
0.331987577639752 -215.276656167776 -861.106624671105
0.332194616977226 -215.142485612407 -860.569942449628
0.3324016563147 -215.008482195613 -860.033928782453
0.332608695652174 -214.874645605538 -859.498582422153
0.332815734989648 -214.740975530643 -858.963902122572
0.333022774327122 -214.60747166027 -858.429886641079
0.333229813664596 -214.474133684859 -857.896534739438
0.33343685300207 -214.34096129499 -857.363845179959
0.333643892339545 -214.207954183024 -856.831816732095
0.333850931677019 -214.075112040774 -856.300448163097
0.334057971014493 -213.942434562114 -855.769738248457
0.334265010351967 -213.809921440642 -855.239685762567
0.334472049689441 -213.67757237119 -854.710289484762
0.334679089026915 -213.545387049555 -854.181548198218
0.334886128364389 -213.41336517194 -853.653460687762
0.335093167701863 -213.281506435298 -853.126025741192
0.335300207039337 -213.149810537447 -852.599242149787
0.335507246376812 -213.018277177098 -852.073108708393
0.335714285714286 -212.886906053421 -851.547624213686
0.33592132505176 -212.755696866329 -851.022787465318
0.336128364389234 -212.624649316696 -850.498597266783
0.336335403726708 -212.493763106218 -849.975052424872
0.336542443064182 -212.363037936456 -849.452151745824
0.336749482401656 -212.232473511166 -848.929894044666
0.33695652173913 -212.102069533557 -848.408278134228
0.337163561076605 -211.97182570807 -847.88730283228
0.337370600414079 -211.84174174011 -847.36696696044
0.337577639751553 -211.711817335492 -846.847269341969
0.337784679089027 -211.582052200719 -846.328208802876
0.337991718426501 -211.452446043173 -845.809784172691
0.338198757763975 -211.322998570832 -845.29199428333
0.338405797101449 -211.193709492567 -844.774837970269
0.338612836438923 -211.064578517705 -844.258314070819
0.338819875776397 -210.935605356317 -843.742421425267
0.339026915113872 -210.80678971971 -843.227158878839
0.339233954451346 -210.678131318779 -842.712525275115
0.33944099378882 -210.549629866203 -842.198519464813
0.339648033126294 -210.421285075212 -841.685140300848
0.339855072463768 -210.293096658896 -841.172386635586
0.340062111801242 -210.165064332132 -840.660257328529
0.340269151138716 -210.037187809796 -840.148751239182
0.34047619047619 -209.909466807723 -839.637867230893
0.340683229813665 -209.781901042632 -839.127604170529
0.340890269151139 -209.654490231151 -838.617960924606
0.341097308488613 -209.527234091483 -838.108936365932
0.341304347826087 -209.400132341879 -837.600529367515
0.341511387163561 -209.273184701882 -837.092738807527
0.341718426501035 -209.146390891173 -836.585563564692
0.341925465838509 -209.019750630257 -836.079002521026
0.342132505175983 -208.893263640461 -835.573054561842
0.342339544513458 -208.766929643662 -835.067718574648
0.342546583850932 -208.640748362699 -834.562993450796
0.342753623188406 -208.514719520547 -834.058878082187
0.34296066252588 -208.388842841141 -833.555371364566
0.343167701863354 -208.263118049106 -833.052472196424
0.343374741200828 -208.137544869612 -832.550179478447
0.343581780538302 -208.012123028847 -832.04849211539
0.343788819875776 -207.88685225319 -831.547409012761
0.34399585921325 -207.761732269901 -831.046929079603
0.344202898550725 -207.636762806841 -830.547051227364
0.344409937888199 -207.511943592889 -830.047774371555
0.344616977225673 -207.387274356785 -829.549097427141
0.344824016563147 -207.262754828369 -829.051019313477
0.345031055900621 -207.138384738441 -828.553538953765
0.345238095238095 -207.014163818213 -828.056655272852
0.345445134575569 -206.890091799171 -827.560367196683
0.345652173913043 -206.7661684139 -827.064673655598
0.345859213250518 -206.642393395396 -826.569573581583
0.346066252587992 -206.51876647748 -826.075065909918
0.346273291925466 -206.395287394438 -825.581149577753
0.34648033126294 -206.271955881299 -825.087823525195
0.346687370600414 -206.148771673557 -824.59508669423
0.346894409937888 -206.025734507587 -824.102938030349
0.347101449275362 -205.902844120366 -823.611376481463
0.347308488612836 -205.780100248871 -823.120400995483
0.347515527950311 -205.657502631864 -822.630010527456
0.347722567287785 -205.535051007833 -822.140204031333
0.347929606625259 -205.412745116227 -821.650980464908
0.348136645962733 -205.290584696906 -821.162338787622
0.348343685300207 -205.168569490553 -820.674277962213
0.348550724637681 -205.046699238403 -820.186796953611
0.348757763975155 -204.924973682511 -819.699894730045
0.348964803312629 -204.803392564661 -819.213570258642
0.349171842650103 -204.681955628747 -818.727822514989
0.349378881987578 -204.560662617899 -818.242650471596
0.349585921325052 -204.439513276671 -817.758053106684
0.349792960662526 -204.318507350085 -817.274029400339
0.35 -204.197644583218 -816.79057833287
0.350207039337474 -204.076924722382 -816.307698889527
0.350414078674948 -203.956347514576 -815.825390058304
0.350621118012422 -203.83591270625 -815.343650825
0.350828157349896 -203.715620046324 -814.862480185297
0.351035196687371 -203.595469282484 -814.381877129937
0.351242236024845 -203.475460164199 -813.901840656797
0.351449275362319 -203.355592440939 -813.422369763757
0.351656314699793 -203.235865862998 -812.943463451991
0.351863354037267 -203.116280181683 -812.465120726733
0.352070393374741 -202.996835147675 -811.9873405907
0.352277432712215 -202.877530513352 -811.510122053407
0.352484472049689 -202.758366031561 -811.033464126243
0.352691511387164 -202.639341455066 -810.557365820265
0.352898550724638 -202.520456538005 -810.081826152021
0.353105590062112 -202.401711034378 -809.606844137512
0.353312629399586 -202.283104699008 -809.132418796031
0.35351966873706 -202.164637288091 -808.658549152363
0.353726708074534 -202.046308556725 -808.185234226902
0.353933747412008 -201.928118262206 -807.712473048824
0.354140786749482 -201.810066161415 -807.240264645661
0.354347826086957 -201.692152012334 -806.768608049337
0.354554865424431 -201.574375573081 -806.297502292323
0.354761904761905 -201.456736602925 -805.826946411702
0.354968944099379 -201.339234860923 -805.356939443691
0.355175983436853 -201.221870107412 -804.887480429647
0.355383022774327 -201.104642102653 -804.418568410614
0.355590062111801 -200.98755060806 -803.950202432242
0.355797101449275 -200.87059538532 -803.48238154128
0.356004140786749 -200.753776196257 -803.015104785028
0.356211180124224 -200.637092804206 -802.548371216824
0.356418219461698 -200.520544972227 -802.082179888909
0.356625258799172 -200.404132464204 -801.616529856817
0.356832298136646 -200.287855044708 -801.151420178831
0.35703933747412 -200.171712478719 -800.686849914877
0.357246376811594 -200.055704531633 -800.222818126531
0.357453416149068 -199.939830969803 -799.759323879213
0.357660455486542 -199.824091559639 -799.296366238555
0.357867494824017 -199.708486068569 -798.833944274277
0.358074534161491 -199.593014264071 -798.372057056283
0.358281573498965 -199.477675914229 -797.910703656918
0.358488612836439 -199.362470788283 -797.449883153131
0.358695652173913 -199.247398655056 -796.989594620226
0.358902691511387 -199.132459284749 -796.529837138997
0.359109730848861 -199.017652447559 -796.070609790237
0.359316770186335 -198.902977914235 -795.611911656938
0.35952380952381 -198.788435456484 -795.153741825934
0.359730848861284 -198.674024846152 -794.696099384609
0.359937888198758 -198.559745855498 -794.238983421992
0.360144927536232 -198.445598258152 -793.782393032607
0.360351966873706 -198.331581826836 -793.326327307343
0.36055900621118 -198.217696336394 -792.870785345576
0.360766045548654 -198.103941561028 -792.415766244113
0.360973084886128 -197.990317275689 -791.961269102755
0.361180124223602 -197.876823256065 -791.507293024258
0.361387163561077 -197.763459278395 -791.05383711358
0.361594202898551 -197.650225119193 -790.600900476772
0.361801242236025 -197.537120555521 -790.148482222084
0.362008281573499 -197.424145364853 -789.696581459413
0.362215320910973 -197.311299325899 -789.245197303598
0.362422360248447 -197.19858221682 -788.794328867281
0.362629399585921 -197.085993817012 -788.343975268047
0.362836438923395 -196.973533906007 -787.894135624029
0.36304347826087 -196.861202264164 -787.444809056655
0.363250517598344 -196.748998672166 -786.995994688663
0.363457556935818 -196.636922910898 -786.547691643592
0.363664596273292 -196.524974762386 -786.099899049546
0.363871635610766 -196.41315400872 -785.652616034878
0.36407867494824 -196.301460432314 -785.205841729254
0.364285714285714 -196.189893816683 -784.759575266732
0.364492753623188 -196.078453945205 -784.313815780819
0.364699792960663 -195.96714060208 -783.868562408319
0.364906832298137 -195.855953571921 -783.423814287683
0.365113871635611 -195.744892640026 -782.979570560106
0.365320910973085 -195.633957591559 -782.535830366235
0.365527950310559 -195.523148213052 -782.092592852209
0.365734989648033 -195.412464290904 -781.649857163615
0.365942028985507 -195.301905612661 -781.207622450646
0.366149068322981 -195.191471964977 -780.765887859908
0.366356107660455 -195.081163136464 -780.324652545857
0.36656314699793 -194.970978915664 -779.883915662656
0.366770186335404 -194.860919091308 -779.443676365231
0.366977225672878 -194.750983452949 -779.003933811798
0.367184265010352 -194.641171790556 -778.564687162223
0.367391304347826 -194.531483894368 -778.125935577471
0.3675983436853 -194.421919555313 -777.687678221251
0.367805383022774 -194.312478565004 -777.249914260017
0.368012422360248 -194.203160714782 -776.812642859127
0.368219461697723 -194.093965797083 -776.37586318833
0.368426501035197 -193.98489360503 -775.939574420121
0.368633540372671 -193.875943931612 -775.503775726447
0.368840579710145 -193.767116570414 -775.068466281656
0.369047619047619 -193.658411315641 -774.633645262564
0.369254658385093 -193.549827962082 -774.199311848328
0.369461697722567 -193.441366304456 -773.765465217826
0.369668737060041 -193.333026138496 -773.332104553985
0.369875776397516 -193.224807260345 -772.899229041381
0.37008281573499 -193.116709466147 -772.46683786459
0.370289855072464 -193.008732552733 -772.034930210932
0.370496894409938 -192.900876317618 -771.603505270474
0.370703933747412 -192.793140558732 -771.172562234929
0.370910973084886 -192.685525074003 -770.742100296013
0.37111801242236 -192.578029662595 -770.31211865038
0.371325051759834 -192.47065412326 -769.882616493039
0.371532091097308 -192.363398256037 -769.453593024147
0.371739130434783 -192.25626186021 -769.025047440839
0.371946169772257 -192.149244737294 -768.596978949175
0.372153209109731 -192.042346687225 -768.1693867489
0.372360248447205 -191.935567511913 -767.742270047651
0.372567287784679 -191.828907013267 -767.315628053068
0.372774327122153 -191.722364993334 -766.889459973335
0.372981366459627 -191.615941254847 -766.463765019388
0.373188405797101 -191.509635600951 -766.038542403804
0.373395445134576 -191.403447835203 -765.613791340812
0.37360248447205 -191.297377761709 -765.189511046835
0.373809523809524 -191.191425184712 -764.765700738846
0.374016563146998 -191.085589909278 -764.342359637113
0.374223602484472 -190.979871740476 -763.919486961903
0.374430641821946 -190.874270484383 -763.497081937531
0.37463768115942 -190.768785947011 -763.075143788045
0.374844720496894 -190.663417934817 -762.653671739267
0.375051759834369 -190.558166255149 -762.232665020596
0.375258799171843 -190.453030715271 -761.812122861083
0.375465838509317 -190.348011122995 -761.39204449198
0.375672877846791 -190.243107286408 -760.972429145633
0.375879917184265 -190.138319014971 -760.553276059883
0.376086956521739 -190.033646117043 -760.134584468173
0.376293995859213 -189.929088402635 -759.716353610541
0.376501035196687 -189.824645681481 -759.298582725923
0.376708074534161 -189.720317764138 -758.881271056551
0.376915113871636 -189.616104461301 -758.464417845206
0.37712215320911 -189.512005584404 -758.048022337617
0.377329192546584 -189.408020944813 -757.63208377925
0.377536231884058 -189.304150354884 -757.216601419536
0.377743271221532 -189.200393626911 -756.801574507642
0.377950310559006 -189.096750573646 -756.387002294585
0.37815734989648 -188.99322100867 -755.972884034678
0.378364389233954 -188.889804745421 -755.559218981683
0.378571428571429 -188.786501598302 -755.146006393207
0.378778467908903 -188.683311381577 -754.733245526308
0.378985507246377 -188.580233910197 -754.32093564079
0.379192546583851 -188.477268999525 -753.909075998101
0.379399585921325 -188.374416465473 -753.49766586189
0.379606625258799 -188.271676123676 -753.086704494706
0.379813664596273 -188.169047790872 -752.676191163489
0.380020703933747 -188.066531284532 -752.266125138129
0.380227743271221 -187.96412642124 -751.856505684961
0.380434782608696 -187.861833018982 -751.447332075927
0.38064182194617 -187.759650896226 -751.038603584903
0.380848861283644 -187.657579871081 -750.630319484324
0.381055900621118 -187.555619762479 -750.222479049914
0.381262939958592 -187.4537703899 -749.8150815596
0.381469979296066 -187.352031572826 -749.408126291304
0.38167701863354 -187.250403131561 -749.001612526245
0.381884057971014 -187.148884886547 -748.595539546189
0.382091097308489 -187.047476658501 -748.189906634004
0.382298136645963 -186.946178268825 -747.7847130753
0.382505175983437 -186.844989538922 -747.379958155689
0.382712215320911 -186.743910291156 -746.975641164624
0.382919254658385 -186.642940347666 -746.571761390665
0.383126293995859 -186.54207953149 -746.168318125958
0.383333333333333 -186.441327665827 -745.765310663306
0.383540372670807 -186.340684573952 -745.362738295808
0.383747412008282 -186.240150080014 -744.960600320055
0.383954451345756 -186.139724008298 -744.558896033192
0.38416149068323 -186.039406183502 -744.157624734007
0.384368530020704 -185.939196430735 -743.756785722939
0.384575569358178 -185.83909457538 -743.356378301521
0.384782608695652 -185.739100443234 -742.956401772938
0.384989648033126 -185.639213860505 -742.556855442018
0.3851966873706 -185.53943465381 -742.15773861524
0.385403726708075 -185.439762650319 -741.759050601277
0.385610766045549 -185.340197676976 -741.360790707903
0.385817805383023 -185.24073956176 -740.962958247039
0.386024844720497 -185.141388132676 -740.565552530702
0.386231884057971 -185.042143218214 -740.168572872857
0.386438923395445 -184.943004647054 -739.772018588218
0.386645962732919 -184.843972248287 -739.375888993146
0.386853002070393 -184.745045851687 -738.980183406749
0.387060041407867 -184.646225287033 -738.584901148132
0.387267080745342 -184.547510384513 -738.190041538051
0.387474120082816 -184.448900974726 -737.795603898906
0.38768115942029 -184.350396888686 -737.401587554746
0.387888198757764 -184.251997957817 -737.007991831267
0.388095238095238 -184.153704013816 -736.614816055265
0.388302277432712 -184.055514888657 -736.22205955463
0.388509316770186 -183.957430414912 -735.829721659649
0.38871635610766 -183.859450425367 -735.437801701468
0.388923395445135 -183.761574753378 -735.046299013511
0.389130434782609 -183.663803231692 -734.65521292677
0.389337474120083 -183.566135694892 -734.264542779569
0.389544513457557 -183.468571976735 -733.874287906939
0.389751552795031 -183.371111912076 -733.484447648305
0.389958592132505 -183.273755335498 -733.095021341991
0.390165631469979 -183.176502082542 -732.706008330167
0.390372670807453 -183.079351988476 -732.317407953905
0.390579710144928 -182.982304889667 -731.929219558668
0.390786749482402 -182.885360622068 -731.541442488272
0.390993788819876 -182.788519022595 -731.154076090378
0.39120082815735 -182.691779928073 -730.767119712294
0.391407867494824 -182.595143176097 -730.380572704386
0.391614906832298 -182.498608604138 -729.99443441655
0.391821946169772 -182.402176050024 -729.608704200095
0.392028985507246 -182.305845352454 -729.223381409818
0.39223602484472 -182.209616349855 -728.838465399421
0.392443064182195 -182.113488881612 -728.453955526448
0.392650103519669 -182.017462786699 -728.069851146795
0.392857142857143 -181.921537905051 -727.686151620205
0.393064182194617 -181.825714076879 -727.302856307514
0.393271221532091 -181.729991142391 -726.919964569563
0.393478260869565 -181.634368942347 -726.537475769388
0.393685300207039 -181.538847317643 -726.155389270571
0.393892339544513 -181.443426110136 -725.773704440542
0.394099378881988 -181.348105161319 -725.392420645276
0.394306418219462 -181.252884313316 -725.011537253265
0.394513457556936 -181.157763408268 -724.631053633071
0.39472049689441 -181.062742289491 -724.250969157966
0.394927536231884 -180.967820799394 -723.871283197575
0.395134575569358 -180.872998781617 -723.491995126466
0.395341614906832 -180.778276080076 -723.113104320303
0.395548654244306 -180.68365253855 -722.734610154202
0.395755693581781 -180.589128001643 -722.356512006573
0.395962732919255 -180.494702313682 -721.978809254728
0.396169772256729 -180.400375319956 -721.601501279824
0.396376811594203 -180.306146865754 -721.224587463016
0.396583850931677 -180.212016796914 -720.848067187656
0.396790890269151 -180.11798495946 -720.47193983784
0.396997929606625 -180.024051199222 -720.096204796889
0.397204968944099 -179.930215363282 -719.720861453127
0.397412008281573 -179.836477298664 -719.345909194657
0.397619047619048 -179.742836852306 -718.971347409224
0.397826086956522 -179.649293871829 -718.597175487317
0.398033126293996 -179.555848205406 -718.223392821624
0.39824016563147 -179.462499701071 -717.849998804284
0.398447204968944 -179.369248207408 -717.476992829631
0.398654244306418 -179.276093573 -717.104374291999
0.398861283643892 -179.183035647392 -716.732142589566
0.399068322981366 -179.090074279991 -716.360297119963
0.399275362318841 -178.997209320479 -715.988837281915
0.399482401656315 -178.904440619087 -715.617762476348
0.399689440993789 -178.811768026231 -715.247072104925
0.399896480331263 -178.719191392411 -714.876765569642
0.400103519668737 -178.626710569098 -714.506842276392
0.400310559006211 -178.534325407163 -714.137301628652
0.400517598343685 -178.442035758484 -713.768143033935
0.400724637681159 -178.349841475076 -713.399365900303
0.400931677018634 -178.257742408955 -713.030969635818
0.401138716356108 -178.16573841296 -712.662953651838
0.401345755693582 -178.073829339792 -712.29531735917
0.401552795031056 -177.982015042704 -711.928060170818
0.40175983436853 -177.890295374946 -711.561181499786
0.401966873706004 -177.798670190593 -711.194680762373
0.402173913043478 -177.707139343582 -710.828557374329
0.402380952380952 -177.615702688537 -710.462810754149
0.402587991718427 -177.524360079718 -710.097440318872
0.402795031055901 -177.433111372429 -709.732445489716
0.403002070393375 -177.341956421848 -709.367825687394
0.403209109730849 -177.250895083514 -709.003580334056
0.403416149068323 -177.159927213422 -708.639708853687
0.403623188405797 -177.069052667569 -708.276210670275
0.403830227743271 -176.978271302363 -707.913085209452
0.404037267080745 -176.887582975037 -707.550331900147
0.404244306418219 -176.796987541998 -707.187950167994
0.404451345755694 -176.706484861029 -706.825939444116
0.404658385093168 -176.616074789361 -706.464299157444
0.404865424430642 -176.525757185324 -706.103028741297
0.405072463768116 -176.435531906837 -705.74212762735
0.40527950310559 -176.34539881269 -705.381595250759
0.405486542443064 -176.255357761619 -705.021431046476
0.405693581780538 -176.165408612509 -704.661634450036
0.405900621118012 -176.075551224741 -704.302204898964
0.406107660455487 -175.985785458293 -703.943141833171
0.406314699792961 -175.89611117273 -703.584444690918
0.406521739130435 -175.806528228304 -703.226112913216
0.406728778467909 -175.717036485817 -702.86814594327
0.406935817805383 -175.627635805933 -702.510543223734
0.407142857142857 -175.538326049728 -702.153304198913
0.407349896480331 -175.449107078415 -701.796428313658
0.407556935817805 -175.359978753755 -701.43991501502
0.40776397515528 -175.270940937649 -701.083763750595
0.407971014492754 -175.18199349227 -700.727973969079
0.408178053830228 -175.093136280251 -700.372545121005
0.408385093167702 -175.004369164312 -700.01747665725
0.408592132505176 -174.915692007455 -699.662768029819
0.40879917184265 -174.827104672904 -699.308418691614
0.409006211180124 -174.73860702448 -698.95442809792
0.409213250517598 -174.650198925731 -698.600795702924
0.409420289855072 -174.561880241164 -698.247520964658
0.409627329192547 -174.473650834876 -697.894603339504
0.409834368530021 -174.385510571923 -697.54204228769
0.410041407867495 -174.297459316949 -697.189837267797
0.410248447204969 -174.20949693515 -696.8379877406
0.410455486542443 -174.121623292406 -696.486493169623
0.410662525879917 -174.033838254185 -696.135353016739
0.410869565217391 -173.946141686552 -695.784566746206
0.411076604554865 -173.85853345607 -695.434133824282
0.41128364389234 -173.771013429174 -695.084053716695
0.411490683229814 -173.683581472793 -694.734325891173
0.411697722567288 -173.596237454045 -694.384949816182
0.411904761904762 -173.508981240183 -694.035924960733
0.412111801242236 -173.421812699009 -693.687250796037
0.41231884057971 -173.334731698326 -693.338926793302
0.412525879917184 -173.247738106759 -692.990952427034
0.412732919254658 -173.160831792248 -692.64332716899
0.412939958592133 -173.074012623556 -692.296050494225
0.413146997929607 -172.98728046986 -691.949121879438
0.413354037267081 -172.90063520047 -691.60254080188
0.413561076604555 -172.814076684563 -691.256306738251
0.413768115942029 -172.727604792457 -690.910419169829
0.413975155279503 -172.641219393602 -690.564877574408
0.414182194616977 -172.554920358821 -690.219681435283
0.414389233954451 -172.468707558066 -689.874830232264
0.414596273291925 -172.38258086271 -689.530323450839
0.4148033126294 -172.296540143711 -689.186160574845
0.415010351966874 -172.210585272168 -688.842341088672
0.415217391304348 -172.124716119726 -688.498864478903
0.415424430641822 -172.038932558168 -688.155730232672
0.415631469979296 -171.953234459828 -687.81293783931
0.41583850931677 -171.867621696899 -687.470486787597
0.416045548654244 -171.782094141853 -687.128376567413
0.416252587991718 -171.696651667708 -686.786606670833
0.416459627329193 -171.611294147666 -686.445176590665
0.416666666666667 -171.526021454883 -686.104085819533
0.416873706004141 -171.440833463202 -685.763333852808
0.417080745341615 -171.355730046145 -685.42292018458
0.417287784679089 -171.270711078103 -685.082844312414
0.417494824016563 -171.185776433607 -684.743105734426
0.417701863354037 -171.100925986909 -684.403703947635
0.417908902691511 -171.016159612813 -684.064638451254
0.418115942028985 -170.931477186673 -683.725908746693
0.41832298136646 -170.846878583704 -683.387514334814
0.418530020703934 -170.762363679806 -683.049454719225
0.418737060041408 -170.677932350334 -682.711729401334
0.418944099378882 -170.593584471599 -682.374337886397
0.419151138716356 -170.509319920054 -682.037279680217
0.41935817805383 -170.425138572195 -681.700554288779
0.419565217391304 -170.341040305159 -681.364161220635
0.419772256728778 -170.257024995534 -681.028099982134
0.419979296066253 -170.17309252096 -680.69237008384
0.420186335403727 -170.089242758713 -680.356971034851
0.420393374741201 -170.005475586615 -680.021902346461
0.420600414078675 -169.921790883177 -679.687163532709
0.420807453416149 -169.838188525948 -679.352754103793
0.421014492753623 -169.75466839385 -679.018673575399
0.421221532091097 -169.671230365667 -678.684921462666
0.421428571428571 -169.58787432032 -678.351497281281
0.421635610766046 -169.50460013687 -678.018400547479
0.42184265010352 -169.421407695061 -677.685630780244
0.422049689440994 -169.33829687441 -677.35318749764
0.422256728778468 -169.255267555075 -677.021070220301
0.422463768115942 -169.172319617213 -676.689278468852
0.422670807453416 -169.089452940935 -676.35781176374
0.42287784679089 -169.006667407359 -676.026669629438
0.423084886128364 -168.923962896644 -675.695851586576
0.423291925465838 -168.841339290593 -675.365357162372
0.423498964803313 -168.75879647005 -675.035185880201
0.423706004140787 -168.67633431682 -674.705337267281
0.423913043478261 -168.593952712845 -674.37581085138
0.424120082815735 -168.511651539792 -674.046606159167
0.424327122153209 -168.429430680289 -673.717722721156
0.424534161490683 -168.34729001669 -673.389160066761
0.424741200828157 -168.265229431761 -673.060917727045
0.424948240165631 -168.18324880845 -672.732995233799
0.425155279503106 -168.101348029798 -672.405392119192
0.42536231884058 -168.019526979531 -672.078107918123
0.425569358178054 -167.937785540917 -671.751142163668
0.425776397515528 -167.856123597958 -671.424494391833
0.425983436853002 -167.774541035067 -671.098164140268
0.426190476190476 -167.693037736382 -670.772150945528
0.42639751552795 -167.611613585904 -670.446454343617
0.426604554865424 -167.53026846887 -670.12107387548
0.426811594202899 -167.449002270242 -669.796009080966
0.427018633540373 -167.367814875255 -669.471259501021
0.427225672877847 -167.286706169148 -669.146824676591
0.427432712215321 -167.205676037979 -668.822704151917
0.427639751552795 -167.124724366986 -668.498897467945
0.427846790890269 -167.04385104296 -668.175404171841
0.428053830227743 -166.96305595169 -667.852223806759
0.428260869565217 -166.882338980055 -667.529355920222
0.428467908902691 -166.801700014622 -667.206800058489
0.428674948240166 -166.721138942548 -666.884555770194
0.42888198757764 -166.64065565113 -666.562622604519
0.429089026915114 -166.560250026975 -666.241000107902
0.429296066252588 -166.479921958617 -665.919687834467
0.429503105590062 -166.399671333349 -665.598685333397
0.429710144927536 -166.319498039567 -665.277992158268
0.42991718426501 -166.23940196539 -664.957607861558
0.430124223602484 -166.159382999348 -664.637531997391
0.430331262939959 -166.07944103011 -664.31776412044
0.430538302277433 -165.999575946802 -663.998303787206
0.430745341614907 -165.919787638094 -663.679150552377
0.430952380952381 -165.840075993888 -663.360303975554
0.431159420289855 -165.760440903357 -663.041763613429
0.431366459627329 -165.680882256679 -662.723529026716
0.431573498964803 -165.601399943483 -662.405599773933
0.431780538302277 -165.521993853811 -662.087975415245
0.431987577639752 -165.442663878253 -661.770655513013
0.432194616977226 -165.363409907537 -661.453639630147
0.4324016563147 -165.28423183239 -661.136927329559
0.432608695652174 -165.205129543952 -660.820518175806
0.432815734989648 -165.126102933224 -660.504411732897
0.433022774327122 -165.047151891896 -660.188607567586
0.433229813664596 -164.968276311519 -659.873105246077
0.43343685300207 -164.8894760841 -659.557904336401
0.433643892339544 -164.81075110147 -659.24300440588
0.433850931677019 -164.732101255998 -658.928405023993
0.434057971014493 -164.653526440566 -658.614105762262
0.434265010351967 -164.575026547272 -658.300106189087
0.434472049689441 -164.496601469179 -657.986405876714
0.434679089026915 -164.41825109921 -657.673004396839
0.434886128364389 -164.339975331113 -657.359901324452
0.435093167701863 -164.26177405795 -657.0470962318
0.435300207039337 -164.183647173743 -656.734588694971
0.435507246376812 -164.105594572376 -656.422378289505
0.435714285714286 -164.027616147736 -656.110464590942
0.43592132505176 -163.949711794255 -655.798847177019
0.436128364389234 -163.871881406686 -655.487525626745
0.436335403726708 -163.794124879333 -655.176499517331
0.436542443064182 -163.716442107172 -654.865768428686
0.436749482401656 -163.638832985691 -654.555331942765
0.43695652173913 -163.561297410012 -654.245189640049
0.437163561076605 -163.483835275392 -653.93534110157
0.437370600414079 -163.406446477639 -653.625785910554
0.437577639751553 -163.329130912695 -653.316523650779
0.437784679089027 -163.251888476643 -653.00755390657
0.437991718426501 -163.174719065838 -652.698876263351
0.438198757763975 -163.097622576774 -652.390490307095
0.438405797101449 -163.020598906218 -652.082395624874
0.438612836438923 -162.943647950802 -651.774591803208
0.438819875776398 -162.866769607842 -651.467078431367
0.439026915113872 -162.789963774561 -651.159855098242
0.439233954451346 -162.713230348282 -650.852921393128
0.43944099378882 -162.636569227003 -650.546276908012
0.439648033126294 -162.559980308408 -650.239921233634
0.439855072463768 -162.48346349009 -649.93385396036
0.440062111801242 -162.407018670875 -649.628074683498
0.440269151138716 -162.330645748765 -649.322582995062
0.44047619047619 -162.254344622727 -649.017378490907
0.440683229813665 -162.178115191448 -648.712460765793
0.440890269151139 -162.101957353757 -648.407829415028
0.441097308488613 -162.025871009029 -648.103484036116
0.441304347826087 -161.949856056778 -647.799424227111
0.441511387163561 -161.873912396242 -647.495649584966
0.441718426501035 -161.798039927252 -647.192159709008
0.441925465838509 -161.722238549879 -646.888954199515
0.442132505175983 -161.646508164452 -646.586032657807
0.442339544513458 -161.570848671127 -646.283394684508
0.442546583850932 -161.495259969967 -645.981039879868
0.442753623188406 -161.419741961995 -645.678967847982
0.44296066252588 -161.344294548098 -645.377178192393
0.443167701863354 -161.268917629436 -645.075670517744
0.443374741200828 -161.193611107032 -644.774444428129
0.443581780538302 -161.118374882459 -644.473499529838
0.443788819875776 -161.043208857427 -644.172835429709
0.443995859213251 -160.968112933371 -643.872451733484
0.444202898550725 -160.893087012687 -643.572348050747
0.444409937888199 -160.818130997359 -643.272523989436
0.444616977225673 -160.74324478969 -642.972979158758
0.444824016563147 -160.668428292357 -642.673713169429
0.445031055900621 -160.593681408025 -642.374725632098
0.445238095238095 -160.519004039457 -642.076016157826
0.445445134575569 -160.444396089599 -641.777584358394
0.445652173913043 -160.369857461808 -641.47942984723
0.445859213250518 -160.295388059715 -641.181552238861
0.446066252587992 -160.220987786816 -640.883951147264
0.446273291925466 -160.146656546879 -640.586626187514
0.44648033126294 -160.072394243809 -640.289576975238
0.446687370600414 -159.998200781789 -639.992803127156
0.446894409937888 -159.924076065136 -639.696304260543
0.447101449275362 -159.850019998442 -639.400079993768
0.447308488612836 -159.7760324863 -639.104129945201
0.447515527950311 -159.702113433621 -638.808453734483
0.447722567287785 -159.628262745416 -638.513050981666
0.447929606625259 -159.554480326958 -638.21792130783
0.448136645962733 -159.480766083343 -637.923064333372
0.448343685300207 -159.407119920401 -637.628479681604
0.448550724637681 -159.333541743685 -637.334166974739
0.448757763975155 -159.260031459023 -637.04012583609
0.448964803312629 -159.186588972792 -636.746355891166
0.449171842650104 -159.113214191094 -636.452856764378
0.449378881987578 -159.039907020308 -636.159628081233
0.449585921325052 -158.966667367085 -635.866669468339
0.449792960662526 -158.893495138076 -635.573980552304
0.45 -158.820390240482 -635.281560961929
0.450207039337474 -158.747352581136 -634.989410324542
0.450414078674948 -158.674382067658 -634.697528270632
0.450621118012422 -158.601478607241 -634.405914428963
0.450828157349896 -158.52864210718 -634.114568428719
0.451035196687371 -158.455872475774 -633.823489903094
0.451242236024845 -158.383169620772 -633.53267848309
0.451449275362319 -158.310533450338 -633.242133801352
0.451656314699793 -158.237963872907 -632.951855491627
0.451863354037267 -158.165460796641 -632.661843186562
0.452070393374741 -158.093024130387 -632.372096521549
0.452277432712215 -158.020653782858 -632.082615131432
0.452484472049689 -157.948349663038 -631.793398652152
0.452691511387164 -157.87611168005 -631.504446720201
0.452898550724638 -157.803939743292 -631.215758973167
0.453105590062112 -157.731833762202 -630.927335048809
0.453312629399586 -157.659793646327 -630.639174585307
0.45351966873706 -157.587819305464 -630.351277221855
0.453726708074534 -157.515910649655 -630.063642598619
0.453933747412008 -157.444067588846 -629.776270355385
0.454140786749482 -157.372290033534 -629.489160134134
0.454347826086957 -157.300577894075 -629.202311576299
0.454554865424431 -157.228931081103 -628.915724324412
0.454761904761905 -157.157349505388 -628.629398021552
0.454968944099379 -157.085833077837 -628.343332311349
0.455175983436853 -157.014381709633 -628.05752683853
0.455383022774327 -156.942995311819 -627.771981247274
0.455590062111801 -156.871673796263 -627.486695185054
0.455797101449275 -156.800417074054 -627.201668296216
0.456004140786749 -156.729225057207 -626.916900228827
0.456211180124224 -156.658097657579 -626.632390630315
0.456418219461698 -156.587034787271 -626.348139149084
0.456625258799172 -156.516036358426 -626.064145433704
0.456832298136646 -156.445102283599 -625.780409134395
0.45703933747412 -156.374232475481 -625.496929901924
0.457246376811594 -156.303426846078 -625.213707384313
0.457453416149068 -156.232685308632 -624.930741234526
0.457660455486542 -156.162007776245 -624.648031104979
0.457867494824017 -156.091394162021 -624.365576648086
0.458074534161491 -156.020844379477 -624.083377517909
0.458281573498965 -155.950358341716 -623.801433366864
0.458488612836439 -155.879935962665 -623.51974385066
0.458695652173913 -155.809577156156 -623.238308624625
0.458902691511387 -155.739281835992 -622.957127343967
0.459109730848861 -155.669049916362 -622.676199665447
0.459316770186335 -155.598881311426 -622.395525245704
0.45952380952381 -155.528775935936 -622.115103743744
0.459730848861284 -155.458733704231 -621.834934816923
0.459937888198758 -155.388754530924 -621.555018123696
0.460144927536232 -155.318838330904 -621.275353323618
0.460351966873706 -155.248985019335 -620.995940077338
0.46055900621118 -155.17919451124 -620.716778044961
0.460766045548654 -155.109466722333 -620.437866889333
0.460973084886128 -155.03980156764 -620.159206270559
0.461180124223602 -154.970198963146 -619.880795852582
0.461387163561077 -154.900658824468 -619.60263529787
0.461594202898551 -154.831181067605 -619.324724270419
0.461801242236025 -154.761765608805 -619.047062435222
0.462008281573499 -154.692412364015 -618.769649456059
0.462215320910973 -154.62312125018 -618.492485000721
0.462422360248447 -154.553892183289 -618.215568733155
0.462629399585921 -154.48472508015 -617.9389003206
0.462836438923395 -154.415619857437 -617.662479429748
0.46304347826087 -154.346576432647 -617.386305730587
0.463250517598344 -154.277594722452 -617.110378889808
0.463457556935818 -154.208674644349 -616.834698577397
0.463664596273292 -154.139816115835 -616.55926446334
0.463871635610766 -154.071019054406 -616.284076217625
0.46407867494824 -154.002283377834 -616.009133511335
0.464285714285714 -153.93360900393 -615.734436015721
0.464492753623188 -153.864995850755 -615.45998340302
0.464699792960662 -153.796443836614 -615.185775346457
0.464906832298137 -153.727952879925 -614.9118115197
0.465113871635611 -153.65952289887 -614.638091595479
0.465320910973085 -153.591153811906 -614.364615247625
0.465527950310559 -153.522845538041 -614.091382152164
0.465734989648033 -153.454597996143 -613.818391984574
0.465942028985507 -153.38641110522 -613.545644420881
0.466149068322981 -153.318284784415 -613.273139137662
0.466356107660455 -153.250218953285 -613.000875813139
0.46656314699793 -153.182213530972 -612.728854123888
0.466770186335404 -153.114268437445 -612.457073749779
0.466977225672878 -153.0463835923 -612.1855343692
0.467184265010352 -152.978558915245 -611.91423566098
0.467391304347826 -152.910794326645 -611.643177306578
0.4675983436853 -152.8430897467 -611.372358986801
0.467805383022774 -152.775445095517 -611.101780382067
0.468012422360248 -152.707860293473 -610.831441173894
0.468219461697723 -152.640335261224 -610.561341044898
0.468426501035197 -152.572869919698 -610.291479678793
0.468633540372671 -152.505464189549 -610.021856758195
0.468840579710145 -152.438117992116 -609.752471968465
0.469047619047619 -152.370831248329 -609.483324993318
0.469254658385093 -152.303603879666 -609.214415518664
0.469461697722567 -152.236435807466 -608.945743229864
0.469668737060041 -152.16932695307 -608.677307812281
0.469875776397516 -152.10227723882 -608.409108955282
0.47008281573499 -152.035286585935 -608.141146343739
0.470289855072464 -151.968354916837 -607.873419667347
0.470496894409938 -151.90148215365 -607.605928614599
0.470703933747412 -151.834668218263 -607.338672873052
0.470910973084886 -151.767913033253 -607.071652133011
0.47111801242236 -151.701216521195 -606.804866084779
0.471325051759834 -151.634578604939 -606.538314419757
0.471532091097308 -151.567999207199 -606.271996828797
0.471739130434783 -151.501478250688 -606.005913002753
0.471946169772257 -151.435015658806 -605.740062635222
0.472153209109731 -151.368611354676 -605.474445418704
0.472360248447205 -151.302265261562 -605.209061046249
0.472567287784679 -151.235977303001 -604.943909212002
0.472774327122153 -151.169747402843 -604.678989611373
0.472981366459627 -151.103575484643 -604.41430193857
0.473188405797101 -151.037461472331 -604.149845889326
0.473395445134576 -150.971405289818 -603.885621159272
0.47360248447205 -150.905406861188 -603.621627444753
0.473809523809524 -150.839466111077 -603.357864444308
0.474016563146998 -150.77358296357 -603.094331854281
0.474223602484472 -150.70775734344 -602.831029373761
0.474430641821946 -150.641989175322 -602.567956701288
0.47463768115942 -150.576278383851 -602.305113535403
0.474844720496894 -150.510624894348 -602.04249957739
0.475051759834369 -150.445028631585 -601.780114526339
0.475258799171843 -150.379489520747 -601.517958082987
0.475465838509317 -150.314007487607 -601.256029950427
0.475672877846791 -150.248582457228 -600.994329828912
0.475879917184265 -150.183214355465 -600.732857421859
0.476086956521739 -150.117903107598 -600.471612430392
0.476293995859213 -150.05264863991 -600.21059455964
0.476501035196687 -149.987450878134 -599.949803512537
0.476708074534161 -149.92230974869 -599.68923899476
0.476915113871636 -149.857225177311 -599.428900709243
0.47712215320911 -149.792197090965 -599.168788363861
0.477329192546584 -149.727225415661 -598.908901662644
0.477536231884058 -149.662310078504 -598.649240314016
0.477743271221532 -149.597451005914 -598.389804023656
0.477950310559006 -149.532648124723 -598.13059249889
0.47815734989648 -149.467901362173 -597.871605448691
0.478364389233954 -149.403210645411 -597.612842581643
0.478571428571429 -149.338575901697 -597.354303606787
0.478778467908903 -149.27399705812 -597.095988232479
0.478985507246377 -149.209474042295 -596.837896169179
0.479192546583851 -149.145006782014 -596.580027128056
0.479399585921325 -149.080595204933 -596.322380819732
0.479606625258799 -149.016239238981 -596.064956955924
0.479813664596273 -148.951938812088 -595.807755248351
0.480020703933747 -148.887693852458 -595.550775409831
0.480227743271222 -148.823504288432 -595.294017153728
0.480434782608696 -148.759370048352 -595.037480193409
0.48064182194617 -148.69529106056 -594.78116424224
0.480848861283644 -148.631267253946 -594.525069015783
0.481055900621118 -148.567298557028 -594.269194228112
0.481262939958592 -148.503384898853 -594.013539595411
0.481469979296066 -148.439526208567 -593.758104834268
0.48167701863354 -148.375722414747 -593.502889658988
0.481884057971014 -148.31197344697 -593.247893787879
0.482091097308489 -148.248279234675 -592.993116938701
0.482298136645963 -148.184639707303 -592.738558829211
0.482505175983437 -148.121054794292 -592.484219177168
0.482712215320911 -148.057524425495 -592.23009770198
0.482919254658385 -147.994048530763 -591.976194123051
0.483126293995859 -147.930627040084 -591.722508160337
0.483333333333333 -147.867259883448 -591.469039533793
0.483540372670807 -147.803946991256 -591.215787965022
0.483747412008282 -147.740688293632 -590.962753174528
0.483954451345756 -147.677483721155 -590.709934884621
0.48416149068323 -147.614333204107 -590.457332816429
0.484368530020704 -147.551236673694 -590.204946694774
0.484575569358178 -147.488194060275 -589.952776241101
0.484782608695652 -147.425205294802 -589.700821179209
0.484989648033126 -147.362270308636 -589.449081234544
0.4851966873706 -147.299389032589 -589.197556130356
0.485403726708075 -147.23656139816 -588.94624559264
0.485610766045549 -147.173787336573 -588.695149346293
0.485817805383023 -147.111066779465 -588.444267117861
0.486024844720497 -147.048399658335 -588.193598633338
0.486231884057971 -146.985785905092 -587.943143620367
0.486438923395445 -146.923225451373 -587.692901805493
0.486645962732919 -146.860718229403 -587.442872917614
0.486853002070393 -146.798264170838 -587.193056683351
0.487060041407867 -146.735863208528 -586.943452834114
0.487267080745342 -146.67351527421 -586.694061096839
0.487474120082816 -146.611220300753 -586.444881203013
0.48768115942029 -146.548978220618 -586.195912882474
0.487888198757764 -146.486788966266 -585.947155865062
0.488095238095238 -146.424652470429 -585.698609881715
0.488302277432712 -146.36256866598 -585.450274663918
0.488509316770186 -146.300537486339 -585.202149945355
0.48871635610766 -146.238558864241 -584.954235456963
0.488923395445135 -146.176632732969 -584.706530931876
0.489130434782609 -146.114759026081 -584.459036104325
0.489337474120083 -146.052937676724 -584.211750706896
0.489544513457557 -145.991168618769 -583.964674475075
0.489751552795031 -145.929451785656 -583.717807142625
0.489958592132505 -145.867787111336 -583.471148445345
0.490165631469979 -145.806174529602 -583.224698118409
0.490372670807453 -145.744613974836 -582.978455899345
0.490579710144928 -145.68310538087 -582.732421523481
0.490786749482402 -145.621648681674 -582.486594726697
0.490993788819876 -145.560243811905 -582.240975247619
0.49120082815735 -145.498890705943 -581.995562823772
0.491407867494824 -145.437589298583 -581.750357194331
0.491614906832298 -145.376339524068 -581.505358096274
0.491821946169772 -145.315141317605 -581.260565270421
0.492028985507246 -145.253994613849 -581.015978455398
0.492236024844721 -145.192899348006 -580.771597392025
0.492443064182195 -145.131855455046 -580.527421820183
0.492650103519669 -145.07086287033 -580.283451481322
0.492857142857143 -145.009921529046 -580.039686116182
0.493064182194617 -144.949031366906 -579.796125467626
0.493271221532091 -144.888192319256 -579.552769277023
0.493478260869565 -144.827404321848 -579.309617287392
0.493685300207039 -144.766667310163 -579.066669240652
0.493892339544513 -144.70598122023 -578.823924880919
0.494099378881988 -144.645345988214 -578.581383952858
0.494306418219462 -144.584761550146 -578.339046200584
0.494513457556936 -144.524227842191 -578.096911368764
0.49472049689441 -144.463744800515 -577.854979202061
0.494927536231884 -144.403312361835 -577.613249447338
0.495134575569358 -144.342930462491 -577.371721849963
0.495341614906832 -144.282599038946 -577.130396155785
0.495548654244306 -144.222318028444 -576.889272113776
0.495755693581781 -144.162087367386 -576.648349469546
0.495962732919255 -144.101906993038 -576.407627972151
0.496169772256729 -144.041776841976 -576.167107367904
0.496376811594203 -143.981696851741 -575.926787406962
0.496583850931677 -143.921666959321 -575.686667837284
0.496790890269151 -143.861687102257 -575.446748409026
0.496997929606625 -143.801757218086 -575.207028872345
0.497204968944099 -143.741877244212 -574.967508976847
0.497412008281574 -143.682047118447 -574.728188473787
0.497619047619048 -143.622266778467 -574.489067113869
0.497826086956522 -143.562536162087 -574.250144648349
0.498033126293996 -143.502855207571 -574.011420830282
0.49824016563147 -143.443223852752 -573.772895411009
0.498447204968944 -143.383642036248 -573.534568144993
0.498654244306418 -143.324109696108 -573.296438784431
0.498861283643892 -143.264626770145 -573.058507080578
0.499068322981366 -143.205193197545 -572.82077279018
0.499275362318841 -143.145808916809 -572.583235667237
0.499482401656315 -143.0864738663 -572.345895465198
0.499689440993789 -143.02718798534 -572.10875194136
0.499896480331263 -142.967951212567 -571.87180485027
