0 1 -0
0.00652173913043478 1 -6103.68039157901
0.0130434782608696 1 -11952.0326953872
0.0195652173913043 1 -17300.409663446
0.0260869565217391 1 -21925.0789283437
0.0326086956521739 1 -25632.5821363947
0.0391304347826087 1 -28267.8276635646
0.0456521739130435 1 -29720.5783810899
0.0521739130434783 1 -29930.0630757162
0.058695652173913 1 -28887.518620434
0.0652173913043478 1 -26636.5565520713
0.0717391304347826 1 -23271.3387211326
0.0782608695652174 1 -18932.6383297816
0.0847826086956522 1 -13801.9511319346
0.091304347826087 1 -8093.90313471073
0.0978260869565217 1 -2047.27240094014
0.104347826086957 1 4084.99947288739
0.110869565217391 1 10046.3883651296
0.117391304347826 1 15587.518501063
0.123913043478261 1 20476.5942965596
0.130434782608696 1 24509.0967903133
0.13695652173913 1 27516.3390451636
0.143478260869565 1 29372.5226304697
0.15 1 30000
0.156521739130435 1 29372.5226304697
0.16304347826087 1 27516.3390451636
0.169565217391304 1 24509.0967903133
0.176086956521739 1 20476.5942965596
0.182608695652174 1 15587.518501063
0.189130434782609 1 10046.3883651296
0.195652173913043 1 4084.99947288742
0.202173913043478 1 -2047.27240094013
0.208695652173913 1 -8093.90313471072
0.215217391304348 1 -13801.9511319345
0.221739130434783 1 -18932.6383297816
0.228260869565217 1 -23271.3387211326
0.234782608695652 1 -26636.5565520712
0.241304347826087 1 -28887.518620434
0.247826086956522 1 -29930.0630757162
0.254347826086956 1 -29720.5783810899
0.260869565217391 1 -28267.8276635646
0.267391304347826 1 -25632.5821363947
0.273913043478261 1 -21925.0789283437
0.280434782608696 1 -17300.409663446
0.28695652173913 1 -11952.0326953872
0.293478260869565 1 -6103.68039157902
0.3 4 0
0.308695652173913 4 0
0.317391304347826 4 0
0.326086956521739 4 0
0.334782608695652 4 0
0.343478260869565 4 0
0.352173913043478 4 0
0.360869565217391 4 0
0.369565217391304 4 0
0.378260869565217 4 0
0.38695652173913 4 0
0.395652173913043 4 0
0.404347826086957 4 0
0.41304347826087 4 0
0.421739130434783 4 0
0.430434782608696 4 0
0.439130434782609 4 0
0.447826086956522 4 0
0.456521739130435 4 0
0.465217391304348 4 0
0.473913043478261 4 0
0.482608695652174 4 0
0.491304347826087 4 0
0.5 4 0
