0.00034965034965035 -0 -0
0.00104895104895105 -0.153618267278546 -0.153618267278546
0.00174825174825175 -0.645063270369235 -0.645063270369235
0.00244755244755245 -1.44767007297617 -1.44767007297617
0.00314685314685315 -2.55800667249872 -2.55800667249872
0.00384615384615385 -3.97459188857709 -3.97459188857709
0.00454545454545455 -5.69625861562713 -5.69625861562713
0.00524475524475524 -7.72182685190472 -7.72182685190472
0.00594405594405594 -10.0500079408351 -10.0500079408351
0.00664335664335664 -12.6793697243576 -12.6793697243576
0.00734265734265734 -15.6083220610364 -15.6083220610364
0.00804195804195804 -18.8351103676777 -18.8351103676777
0.00874125874125874 -22.3578127418835 -22.3578127418835
0.00944055944055944 -26.1743388539597 -26.1743388539597
0.0101398601398601 -30.2824297982434 -30.2824297982434
0.0108391608391608 -34.6796585085974 -34.6796585085974
0.0115384615384615 -39.3634305370085 -39.3634305370085
0.0122377622377622 -44.330985083767 -44.330985083767
0.0129370629370629 -49.5793962167173 -49.5793962167173
0.0136363636363636 -55.1055742421477 -55.1055742421477
0.0143356643356643 -60.9062672034622 -60.9062672034622
0.015034965034965 -66.9780624941404 -66.9780624941404
0.0157342657342657 -73.3173885734834 -73.3173885734834
0.0164335664335664 -79.9205167793343 -79.9205167793343
0.0171328671328671 -86.7835632325708 -86.7835632325708
0.0178321678321678 -93.9024908296301 -93.9024908296301
0.0185314685314685 -101.273111319572 -101.273111319572
0.0192307692307692 -108.89108746446 -108.89108746446
0.0199300699300699 -116.751935279809 -116.751935279809
0.0206293706293706 -124.851026353718 -124.851026353718
0.0213286713286713 -133.183590243508 -133.183590243508
0.022027972027972 -141.744716946904 -141.744716946904
0.0227272727272727 -150.529359448073 -150.529359448073
0.0234265734265734 -159.532336335162 -159.532336335162
0.0241258741258741 -168.748334488996 -168.748334488996
0.0248251748251748 -178.171911841561 -178.171911841561
0.0255244755244755 -187.797500201594 -187.797500201594
0.0262237762237762 -197.619408147388 -197.619408147388
0.0269230769230769 -207.631823983656 -207.631823983656
0.0276223776223776 -217.82881876253 -217.82881876253
0.0283216783216783 -228.20434936552 -228.20434936552
0.029020979020979 -238.752261646484 -238.752261646484
0.0297202797202797 -249.466293632472 -249.466293632472
0.0304195804195804 -260.340078782074 -260.340078782074
0.0311188811188811 -271.367149298809 -271.367149298809
0.0318181818181818 -282.540939498031 -282.540939498031
0.0325174825174825 -293.85478922611 -293.85478922611
0.0332167832167832 -305.301947329475 -305.301947329475
0.0339160839160839 -316.875575172233 -316.875575172233
0.0346153846153846 -328.568750200601 -328.568750200601
0.0353146853146853 -340.374469552051 -340.374469552051
0.036013986013986 -352.28565370741 -352.28565370741
0.0367132867132867 -364.295150184504 -364.295150184504
0.0374125874125874 -376.395737270895 -376.395737270895
0.0381118881118881 -388.580127794252 -388.580127794252
0.0388111888111888 -400.840972928047 -400.840972928047
0.0395104895104895 -413.170866031387 -413.170866031387
0.0402097902097902 -425.562346520063 -425.562346520063
0.040909090909091 -438.00790376795 -438.00790376795
0.0416083916083917 -450.499981035533 -450.499981035533
0.0423076923076924 -463.030979425077 -463.030979425077
0.0430069930069931 -475.593261858975 -475.593261858975
0.0437062937062938 -488.179157080201 -488.179157080201
0.0444055944055945 -500.780963673006 -500.780963673006
0.0451048951048952 -513.390954100557 -513.390954100557
0.0458041958041959 -526.001378759453 -526.001378759453
0.0465034965034966 -538.604470046867 -538.604470046867
0.0472027972027973 -551.192446440219 -551.192446440219
0.047902097902098 -563.757516586106 -563.757516586106
0.0486013986013987 -576.291883396922 -576.291883396922
0.0493006993006994 -588.787748152957 -588.787748152957
0.0500000000000001 -601.237314607997 -601.237314607997
0.0506993006993008 -613.63279309618 -613.63279309618
0.0513986013986015 -625.966404638326 -625.966404638326
0.0520979020979022 -638.230385045422 -638.230385045422
0.0527972027972029 -650.416989017228 -650.416989017228
0.0534965034965036 -662.518494233855 -662.518494233855
0.0541958041958043 -674.527205438924 -674.527205438924
0.054895104895105 -686.435458510906 -686.435458510906
0.0555944055944057 -698.235624522019 -698.235624522019
0.0562937062937064 -709.9201137816 -709.9201137816
0.0569930069930071 -721.481379862451 -721.481379862451
0.0576923076923078 -732.911923608121 -732.911923608121
0.0583916083916085 -744.204297118361 -744.204297118361
0.0590909090909092 -755.351107712228 -755.351107712228
0.0597902097902099 -766.345021864896 -766.345021864896
0.0604895104895106 -777.17876911808 -777.17876911808
0.0611888111888113 -787.845145960597 -787.845145960597
0.061888111888112 -798.337019678155 -798.337019678155
0.0625874125874127 -808.647332169653 -808.647332169653
0.0632867132867134 -818.769103728573 -818.769103728573
0.0639860139860141 -828.695436787174 -828.695436787174
0.0646853146853148 -838.419519622085 -838.419519622085
0.0653846153846155 -847.934630018602 -847.934630018602
0.0660839160839162 -857.23413889283 -857.23413889283
0.0667832167832169 -866.31151386897 -866.31151386897
0.0674825174825176 -875.160322810381 -875.160322810381
0.0681818181818183 -883.774237302569 -883.774237302569
0.068881118881119 -892.147036086102 -892.147036086102
0.0695804195804197 -900.272608438151 -900.272608438151
0.0702797202797204 -908.144957500304 -908.144957500304
0.0709790209790211 -915.758203551628 -915.758203551628
0.0716783216783218 -923.106587224513 -923.106587224513
0.0723776223776225 -930.184472662918 -930.184472662918
0.0730769230769232 -936.986350619659 -936.986350619659
0.0737762237762239 -943.506841492683 -943.506841492683
0.0744755244755246 -949.740698298235 -949.740698298235
0.0751748251748253 -955.682809578781 -955.682809578781
0.075874125874126 -961.32820224522 -961.32820224522
0.0765734265734267 -966.672044351544 -966.672044351544
0.0772727272727274 -971.709647799956 -971.709647799956
0.0779720279720281 -976.436470975798 -976.436470975798
0.0786713286713288 -980.84812131063 -980.84812131063
0.0793706293706295 -984.94035777234 -984.94035777234
0.0800699300699302 -988.709093280238 -988.709093280238
0.0807692307692309 -992.150397045001 -992.150397045001
0.0814685314685316 -995.260496831511 -995.260496831511
0.0821678321678323 -998.035781143623 -998.035781143623
0.082867132867133 -1000.47280132948 -1000.47280132948
0.0835664335664337 -1002.56827360666 -1002.56827360666
0.0842657342657344 -1004.31908100635 -1004.31908100635
0.0849650349650351 -1005.72227523411 -1005.72227523411
0.0856643356643358 -1006.77507844806 -1006.77507844806
0.0863636363636365 -1007.47488495241 -1007.47488495241
0.0870629370629372 -1007.81926280579 -1007.81926280579
0.0877622377622379 -1007.80595534348 -1007.80595534348
0.0884615384615386 -1007.4328826126 -1007.4328826126
0.0891608391608393 -1006.69814271994 -1006.69814271994
0.08986013986014 -1005.60001309097 -1005.60001309097
0.0905594405594407 -1004.13695163974 -1004.13695163974
0.0912587412587414 -1002.30759784978 -1002.30759784978
0.0919580419580421 -1000.11077376354 -1000.11077376354
0.0926573426573428 -997.545484881801 -997.545484881801
0.0933566433566435 -994.610920971269 -994.610920971269
0.0940559440559442 -991.306456780368 -991.306456780368
0.0947552447552449 -987.631652662923 -987.631652662923
0.0954545454545456 -983.586255108999 -983.586255108999
0.0961538461538463 -979.170197182755 -979.170197182755
0.096853146853147 -974.383598867091 -974.383598867091
0.0975524475524477 -969.226767315068 -969.226767315068
0.0982517482517484 -963.700197007037 -963.700197007037
0.0989510489510491 -957.804569814524 -957.804569814524
0.0996503496503498 -951.540754969875 -951.540754969875
0.10034965034965 -944.909808942251 -944.909808942251
0.101048951048951 -937.912975219051 -937.912975219051
0.101748251748252 -930.551683994139 -930.551683994139
0.102447552447553 -922.827551761941 -922.827551761941
0.103146853146853 -914.742380817456 -914.742380817456
0.103846153846154 -906.298158663435 -906.298158663435
0.104545454545455 -897.497057324001 -897.497057324001
0.105244755244755 -888.341432564874 -888.341432564874
0.105944055944056 -878.833823021616 -878.833823021616
0.106643356643357 -868.976949235212 -868.976949235212
0.107342657342657 -858.773712595597 -858.773712595597
0.108041958041958 -848.227194194018 -848.227194194018
0.108741258741259 -837.340653584391 -837.340653584391
0.10944055944056 -826.117527454243 -826.117527454243
0.11013986013986 -814.561428206016 -814.561428206016
0.110839160839161 -802.676142448851 -802.676142448851
0.111538461538462 -790.465629402491 -790.465629402491
0.112237762237762 -777.934019212955 -777.934019212955
0.112937062937063 -765.085611181432 -765.085611181432
0.113636363636364 -751.924871907469 -751.924871907469
0.114335664335664 -738.4564333459 -738.4564333459
0.115034965034965 -724.68509078023 -724.68509078023
0.115734265734266 -710.615800712646 -710.615800712646
0.116433566433567 -696.253678670757 -696.253678670757
0.117132867132867 -681.603996933777 -681.603996933777
0.117832167832168 -666.672182178118 -666.672182178118
0.118531468531469 -651.463813043231 -651.463813043231
0.119230769230769 -635.984617620321 -635.984617620321
0.11993006993007 -620.240470863052 -620.240470863052
0.120629370629371 -604.237391923646 -604.237391923646
0.121328671328672 -587.981541413657 -587.981541413657
0.122027972027972 -571.47921859217 -571.47921859217
0.122727272727273 -554.736858482253 -554.736858482253
0.123426573426574 -537.761028916456 -537.761028916456
0.124125874125874 -520.558427513818 -520.558427513818
0.124825174825175 -503.135878589412 -503.135878589412
0.125524475524476 -485.500329997316 -485.500329997316
0.126223776223776 -467.658849909124 -467.658849909124
0.126923076923077 -449.618623529984 -449.618623529984
0.127622377622378 -431.386949752868 -431.386949752868
0.128321678321678 -412.971237752194 -412.971237752194
0.129020979020979 -394.379003520835 -394.379003520835
0.12972027972028 -375.617866349498 -375.617866349498
0.130419580419581 -356.695545250826 -356.695545250826
0.131118881118881 -337.619855332416 -337.619855332416
0.131818181818182 -318.398704115811 -318.398704115811
0.132517482517483 -299.040087807837 -299.040087807837
0.133216783216783 -279.552087523391 -279.552087523391
0.133916083916084 -259.942865462684 -259.942865462684
0.134615384615385 -240.220661043566 -240.220661043566
0.135314685314685 -220.393786992397 -220.393786992397
0.136013986013986 -200.470625394353 -200.470625394353
0.136713286713287 -180.459623705252 -180.459623705252
0.137412587412587 -160.369290726669 -160.369290726669
0.138111888111888 -140.208192547197 -140.208192547197
0.138811188811189 -119.984948449823 -119.984948449823
0.139510489510489 -99.7082267904716 -99.7082267904716
0.14020979020979 -79.3867408466454 -79.3867408466454
0.140909090909091 -59.0292446399718 -59.0292446399718
0.141608391608392 -38.644528733914 -38.644528733914
0.142307692307692 -18.2414160099836 -18.2414160099836
0.143006993006993 2.17124257762862 2.17124257762862
0.143706293706294 22.5845722655893 22.5845722655893
0.144405594405594 42.9896787600379 42.9896787600379
0.145104895104895 63.3776525310117 63.3776525310117
0.145804195804196 83.7395731178859 83.7395731178859
0.146503496503496 104.066513445177 104.066513445177
0.147202797202797 124.349544145621 124.349544145621
0.147902097902098 144.579737890244 144.579737890244
0.148601398601398 164.748173720625 164.748173720625
0.149300699300699 184.845941383518 184.845941383518
0.15 204.8641456647 204.8641456647
0.1506993006993 224.793910719653 224.793910719653
0.151398601398601 244.626384399969 244.626384399969
0.152097902097902 264.352742572252 264.352742572252
0.152797202797202 283.964193428344 283.964193428344
0.153496503496503 303.451981783536 303.451981783536
0.154195804195804 322.807393362335 322.807393362335
0.154895104895105 342.021759068341 342.021759068341
0.155594405594405 361.086459236077 361.086459236077
0.156293706293706 379.992927863883 379.992927863883
0.156993006993007 398.732656824981 398.732656824981
0.157692307692307 417.297200053953 417.297200053953
0.158391608391608 435.678177707939 435.678177707939
0.159090909090909 453.867280300195 453.867280300195
0.159790209790209 471.856272802484 471.856272802484
0.16048951048951 489.636998716448 489.636998716448
0.161188811188811 507.201384111009 507.201384111009
0.161888111888111 524.541441622498 524.541441622498
0.162587412587412 541.649274418165 541.649274418165
0.163286713286713 558.517080118759 558.517080118759
0.163986013986013 575.137154679698 575.137154679698
0.164685314685314 591.501896227893 591.501896227893
0.165384615384615 607.603808853173 607.603808853173
0.166083916083916 623.435506351879 623.435506351879
0.166783216783216 638.989715920704 638.989715920704
0.167482517482517 654.259281799693 654.259281799693
0.168181818181818 669.237168861675 669.237168861675
0.168881118881118 683.916466146457 683.916466146457
0.169580419580419 698.290390338775 698.290390338775
0.17027972027972 712.352289187835 712.352289187835
0.17097902097902 726.09564486577 726.09564486577
0.171678321678321 739.514077265175 739.514077265175
0.172377622377622 752.601347232825 752.601347232825
0.173076923076922 765.351359737806 765.351359737806
0.173776223776223 777.758166973348 777.758166973348
0.174475524475524 789.815971390504 789.815971390504
0.175174825174824 801.519128661111 801.519128661111
0.175874125874125 812.862150570554 812.862150570554
0.176573426573426 823.839707836815 823.839707836815
0.177272727272727 834.446632855783 834.446632855783
0.177972027972027 844.67792237065 844.67792237065
0.178671328671328 854.528740064574 854.528740064574
0.179370629370629 863.994419075219 863.994419075219
0.180069930069929 873.070464428912 873.070464428912
0.18076923076923 881.75255539497 881.75255539497
0.181468531468531 890.036547757404 890.036547757404
0.182167832167831 897.918476003463 897.918476003463
0.182867132867132 905.394555428337 905.394555428337
0.183566433566433 912.461184153774 912.461184153774
0.184265734265733 919.114945060738 919.114945060738
0.184965034965034 925.35260763452 925.35260763452
0.185664335664335 931.171129721335 931.171129721335
0.186363636363635 936.567659195861 936.567659195861
0.187062937062936 941.539535538394 941.539535538394
0.187762237762237 946.084291320839 946.084291320839
0.188461538461538 950.199653600972 950.199653600972
0.189160839160838 953.883545224556 953.883545224556
0.189860139860139 957.134086033584 957.134086033584
0.19055944055944 959.949593981153 959.949593981153
0.19125874125874 962.328586151527 962.328586151527
0.191958041958041 964.269779684926 964.269779684926
0.192657342657342 965.772092607257 965.772092607257
0.193356643356642 966.834644563595 966.834644563595
0.194055944055943 967.456757454616 967.456757454616
0.194755244755244 967.637955977147 967.637955977147
0.195454545454544 967.377968067055 967.377968067055
0.196153846153845 966.676725244142 966.676725244142
0.196853146853146 965.534362860193 965.534362860193
0.197552447552446 963.951220248862 963.951220248862
0.198251748251747 961.927840776968 961.927840776968
0.198951048951048 959.464971798813 959.464971798813
0.199650349650349 956.563564510918 956.563564510918
0.200349650349649 953.224773709838 953.224773709838
0.20104895104895 949.44995745104 949.44995745104
0.201748251748251 945.240676609878 945.240676609878
0.202447552447551 940.59869434527 940.59869434527
0.203146853146852 935.525975465094 935.525975465094
0.203846153846153 930.024685694208 930.024685694208
0.204545454545453 924.097190845454 924.097190845454
0.205244755244754 917.746055893851 917.746055893851
0.205944055944055 910.974043954096 910.974043954096
0.206643356643355 903.784115162596 903.784115162596
0.207342657342656 896.179425463379 896.179425463379
0.208041958041957 888.163325299348 888.163325299348
0.208741258741257 879.739358208998 879.739358208998
0.209440559440558 870.911259329207 870.911259329207
0.210139860139859 861.682953804793 861.682953804793
0.210839160839159 852.058555106339 852.058555106339
0.21153846153846 842.042363254988 842.042363254988
0.212237762237761 831.638862957816 831.638862957816
0.212937062937062 820.852721651933 820.852721651933
0.213636363636362 809.688787460133 809.688787460133
0.214335664335663 798.152087057785 798.152087057785
0.215034965034964 786.247823452953 786.247823452953
0.215734265734264 773.981373679862 773.981373679862
0.216433566433565 761.358286407457 761.358286407457
0.217132867132866 748.384279463639 748.384279463639
0.217832167832166 735.065237276495 735.065237276495
0.218531468531467 721.407208233884 721.407208233884
0.219230769230768 707.416401962549 707.416401962549
0.219930069930068 693.099186527646 693.099186527646
0.220629370629369 678.462085554774 678.462085554774
0.22132867132867 663.511775274609 663.511775274609
0.22202797202797 648.255081492768 648.255081492768
0.222727272727271 632.698976485979 632.698976485979
0.223426573426572 616.850575825338 616.850575825338
0.224125874125873 600.717135128687 600.717135128687
0.224825174825173 584.306046744183 584.306046744183
0.225524475524474 567.6248363653 567.6248363653
0.226223776223775 550.681159579951 550.681159579951
0.226923076923075 533.482798354903 533.482798354903
0.227622377622376 516.037657457163 516.037657457163
0.228321678321677 498.353760813897 498.353760813897
0.229020979020977 480.439247813433 480.439247813433
0.229720279720278 462.302369547562 462.302369547562
0.230419580419579 443.951484998289 443.951484998289
0.231118881118879 425.395057170362 425.395057170362
0.23181818181818 406.641649170926 406.641649170926
0.232517482517481 387.699920239183 387.699920239183
0.233216783216781 368.578621726917 368.578621726917
0.233916083916082 349.286593032609 349.286593032609
0.234615384615383 329.832757490427 329.832757490427
0.235314685314684 310.226118216268 310.226118216268
0.236013986013984 290.475753913192 290.475753913192
0.236713286713285 270.590814637551 270.590814637551
0.237412587412586 250.580517528669 250.580517528669
0.238111888111886 230.454142503076 230.454142503076
0.238811188811187 210.221027916432 210.221027916432
0.239510489510488 189.890566194359 189.890566194359
0.240209790209788 169.4721994347 169.4721994347
0.240909090909089 148.975414983241 148.975414983241
0.24160839160839 128.409740984841 128.409740984841
0.24230769230769 107.784741912534 107.784741912534
0.243006993006991 87.1100140761084 87.1100140761084
0.243706293706292 66.3951811125972 66.3951811125972
0.244405594405592 45.6498894612852 45.6498894612852
0.245104895104893 24.8838038245313 24.8838038245313
0.245804195804194 4.10660261725099 4.10660261725099
0.246503496503495 -16.6720265928672 -16.6720265928672
0.247202797202795 -37.4423916526237 -37.4423916526237
0.247902097902096 -58.1948003950006 -58.1948003950006
0.248601398601397 -78.9195652145926 -78.9195652145926
0.249300699300697 -99.6070076426321 -99.6070076426321
0.249999999999998 -120.247462921039 -120.247462921039
0.250699300699299 -140.831284572607 -140.831284572607
0.251398601398599 -161.348848964857 -161.348848964857
0.2520979020979 -181.790559865954 -181.790559865954
0.252797202797201 -202.146852990348 -202.146852990348
0.253496503496501 -222.408200531577 -222.408200531577
0.254195804195802 -242.565115680626 -242.565115680626
0.254895104895103 -262.608157126948 -262.608157126948
0.255594405594403 -282.52793354078 -282.52793354078
0.256293706293704 -302.315108033717 -302.315108033717
0.256993006993005 -321.960402596607 -321.960402596607
0.257692307692306 -341.454602510866 -341.454602510866
0.258391608391606 -360.788560733173 -360.788560733173
0.259090909090907 -379.953202249598 -379.953202249598
0.259790209790208 -398.939528397948 -398.939528397948
0.260489510489508 -417.738621156263 -417.738621156263
0.261188811188809 -436.341647395458 -436.341647395458
0.26188811188811 -454.739863092865 -454.739863092865
0.26258741258741 -472.92461750685 -472.92461750685
0.263286713286711 -490.887357308333 -490.887357308333
0.263986013986012 -508.619630668349 -508.619630668349
0.264685314685312 -526.113091299503 -526.113091299503
0.265384615384613 -543.35950244895 -543.35950244895
0.266083916083914 -560.350740841787 -560.350740841787
0.266783216783214 -577.078800572012 -577.078800572012
0.267482517482515 -593.535796939554 -593.535796939554
0.268181818181816 -609.713970231988 -609.713970231988
0.268881118881116 -625.605689447965 -625.605689447965
0.269580419580417 -641.203455961708 -641.203455961708
0.270279720279718 -656.499907125941 -656.499907125941
0.270979020979019 -671.487819812506 -671.487819812506
0.271678321678319 -686.160113887181 -686.160113887181
0.27237762237762 -700.509855619059 -700.509855619059
0.273076923076921 -714.530261021455 -714.530261021455
0.273776223776221 -728.214699123174 -728.214699123174
0.274475524475522 -741.556695168224 -741.556695168224
0.275174825174823 -754.54993374317 -754.54993374317
0.275874125874123 -767.188261829633 -767.188261829633
0.276573426573424 -779.46569178123 -779.46569178123
0.277272727272725 -791.376404222767 -791.376404222767
0.277972027972025 -802.914750870859 -802.914750870859
0.278671328671326 -814.075257274499 -814.075257274499
0.279370629370627 -824.852625473757 -824.852625473757
0.280069930069927 -835.241736575861 -835.241736575861
0.280769230769228 -845.237653247429 -845.237653247429
0.281468531468529 -854.835622120657 -854.835622120657
0.28216783216783 -864.031076113471 -864.031076113471
0.28286713286713 -872.819636662167 -872.819636662167
0.283566433566431 -881.197115864563 -881.197115864563
0.284265734265732 -889.159518533974 -889.159518533974
0.284965034965032 -896.70304416191 -896.70304416191
0.285664335664333 -903.824088789233 -903.824088789233
0.286363636363634 -910.519246784015 -910.519246784015
0.287062937062934 -916.785312526183 -916.785312526183
0.287762237762235 -922.619281997444 -922.619281997444
0.288461538461536 -928.018354275516 -928.018354275516
0.289160839160836 -932.979932933153 -932.979932933153
0.289860139860137 -937.501627339527 -937.501627339527
0.290559440559438 -941.581253864202 -941.581253864202
0.291258741258738 -945.216836983639 -945.216836983639
0.291958041958039 -948.406610288251 -948.406610288251
0.29265734265734 -951.149017390691 -951.149017390691
0.293356643356641 -953.442712734731 -953.442712734731
0.294055944055941 -955.286562303305 -955.286562303305
0.294755244755242 -956.679644226978 -956.679644226978
0.295454545454543 -957.621249290597 -957.621249290597
0.296153846153843 -958.11088134001 -958.11088134001
0.296853146853144 -958.148257586157 -958.148257586157
0.297552447552445 -957.733308809056 -957.733308809056
0.298251748251745 -956.866179458801 -956.866179458801
0.298951048951046 -955.54722765589 -955.54722765589
0.299765815579766 -381.039515340033 -381.039515340033
0.300696048137906 -237.633979563707 -59.4084948909266
0.301626280696045 -236.901102891958 -59.2252757229895
0.302556513254185 -236.172732788106 -59.0431831970266
0.303486745812324 -235.448827812293 -58.8622069530732
0.304416978370464 -234.729347031142 -58.6823367577855
0.305347210928603 -234.01425000997 -58.5035625024924
0.306277443486743 -233.303496805419 -58.3258742013548
0.307207676044882 -232.597047958009 -58.1492619895021
0.308137908603022 -231.894864484642 -57.9737161211606
0.309068141161161 -231.196907871616 -57.799226967904
0.309998373719301 -230.503140067437 -57.6257850168592
0.31092860627744 -229.813523475947 -57.4533808689868
0.31185883883558 -229.128020949758 -57.2820052374395
0.312789071393719 -228.44659578322 -57.1116489458049
0.313719303951859 -227.769211706068 -56.942302926517
0.314649536509998 -227.095832876947 -56.7739582192367
0.315579769068138 -226.426423877174 -56.6066059692934
0.316510001626277 -225.760949704418 -56.4402374261045
0.317440234184417 -225.099375766526 -56.2748439416316
0.318370466742556 -224.441667875781 -56.1104169689452
0.319300699300696 -223.787792242787 -55.9469480606968
0.320230931858835 -223.137715470822 -55.7844288677055
0.321161164416975 -222.491404550151 -55.6228511375378
0.322091396975114 -221.848826852133 -55.4622067130332
0.323021629533254 -221.209950124174 -55.3024875310435
0.323951862091393 -220.574742484173 -55.1436856210431
0.324882094649533 -219.943172415108 -54.9857931037771
0.325812327207672 -219.315208759848 -54.8288021899621
0.326742559765812 -218.690820716137 -54.6727051790343
0.327672792323951 -218.069977831524 -54.5174944578811
0.328603024882091 -217.452649998323 -54.3631624995808
0.32953325744023 -216.838807448844 -54.209701862211
0.33046348999837 -216.228420750538 -54.0571051876345
0.331393722556509 -215.621460801442 -53.9053652003606
0.332323955114649 -215.017898825263 -53.7544747063157
0.333254187672788 -214.417706367217 -53.6044265918044
0.334184420230928 -213.820855289088 -53.455213822272
0.335114652789067 -213.227317765278 -53.3068294413194
0.336044885347207 -212.63706627832 -53.1592665695801
0.336975117905347 -212.050073614449 -53.0125184036123
0.337905350463486 -211.466312859658 -52.8665782149144
0.338835583021626 -210.885757395511 -52.7214393488777
0.339765815579765 -210.308380895022 -52.5770952237556
0.340696048137905 -209.734157318836 -52.433539329709
0.341626280696044 -209.163060911129 -52.2907652277823
0.342556513254184 -208.595066195826 -52.1487665489566
0.343486745812323 -208.030147972902 -52.0075369932254
0.344416978370463 -207.468281314528 -51.867070328632
0.345347210928602 -206.909441561535 -51.7273603903837
0.346277443486742 -206.353604319587 -51.5884010798967
0.347207676044881 -205.800745455917 -51.4501863639792
0.348137908603021 -205.250841095688 -51.3127102739221
0.34906814116116 -204.703867618452 -51.175966904613
0.3499983737193 -204.159801654907 -51.0399504137268
0.350928606277439 -203.618620083571 -50.9046550208929
0.351858838835579 -203.080300027511 -50.7700750068777
0.352789071393718 -202.54481885101 -50.6362047127524
0.353719303951858 -202.012154156547 -50.5030385391368
0.354649536509997 -201.482283781466 -50.3705709453664
0.355579769068137 -200.955185795098 -50.2387964487745
0.356510001626276 -200.430838495684 -50.1077096239211
0.357440234184416 -199.909220407436 -49.977305101859
0.358370466742555 -199.39031027742 -49.8475775693551
0.359300699300695 -198.874087072873 -49.7185217682183
0.360230931858834 -198.360529978233 -49.5901324945583
0.361161164416974 -197.849618392424 -49.4624045981059
0.362091396975113 -197.341331926071 -49.3353329815179
0.363021629533253 -196.835650398911 -49.2089125997278
0.363951862091392 -196.33255383676 -49.08313845919
0.364882094649532 -195.832022469286 -48.9580056173214
0.365812327207671 -195.334036727167 -48.8335091817918
0.366742559765811 -194.838577239742 -48.7096443099354
0.36767279232395 -194.345624832314 -48.5864062080786
0.36860302488209 -193.855160523717 -48.4637901309291
0.369533257440229 -193.36716552389 -48.3417913809724
0.370463489998369 -192.881621231687 -48.2204053079217
0.371393722556508 -192.398509232122 -48.0996273080306
0.372323955114648 -191.917811294326 -47.9794528235814
0.373254187672787 -191.439509369096 -47.8598773422739
0.374184420230927 -190.963585586854 -47.7408963967136
0.375114652789066 -190.490022255203 -47.6225055638007
0.376044885347206 -190.018801856782 -47.5047004641956
0.376975117905345 -189.549907047166 -47.3874767617914
0.377905350463485 -189.083320652658 -47.2708301631645
0.378835583021624 -188.61902566828 -47.1547564170699
0.379765815579764 -188.157005255842 -47.0392513139604
0.380696048137903 -187.69724274138 -46.9243106853449
0.381626280696043 -187.239721613748 -46.809930403437
0.382556513254182 -186.784425522358 -46.6961063805895
0.383486745812322 -186.331338275255 -46.5828345688138
0.384416978370462 -185.880443837131 -46.4701109592827
0.385347210928601 -185.431726327582 -46.3579315818956
0.386277443486741 -184.985170019279 -46.2462925048198
0.38720767604488 -184.540759335916 -46.1351898339791
0.38813790860302 -184.098478850471 -46.0246197126178
0.389068141161159 -183.658313283526 -45.9145783208815
0.389998373719299 -183.220247501462 -45.8050618753655
0.390928606277438 -182.784266514659 -45.6960666286648
0.391858838835578 -182.350355475845 -45.5875888689613
0.392789071393717 -181.918499678416 -45.479624919604
0.393719303951857 -181.488684554692 -45.3721711386731
0.394649536509996 -181.060895674455 -45.2652239186138
0.395579769068136 -180.635118743142 -45.1587796857856
0.396510001626275 -180.211339600351 -45.0528349000878
0.397440234184415 -179.789544218189 -44.9473860545472
0.398370466742554 -179.369718699989 -44.8424296749973
0.399300699300694 -178.951849278327 -44.7379623195816
0.400230931858833 -178.535922314008 -44.6339805785019
0.401161164416973 -178.121924294086 -44.5304810735214
0.402091396975112 -177.709841830821 -44.4274604577053
0.403021629533252 -177.299661660155 -44.3249154150388
0.403951862091391 -176.89137064015 -44.2228426600375
0.404882094649531 -176.484955749461 -44.1212389373653
0.40581232720767 -176.080404086393 -44.0201010215983
0.40674255976581 -175.677702867154 -43.9194257167884
0.407672792323949 -175.276839424696 -43.8192098561739
0.408603024882089 -174.877801207158 -43.7194503017896
0.409533257440228 -174.480575776919 -43.6201439442298
0.410463489998368 -174.085150809007 -43.5212877022517
0.411393722556507 -173.691514089968 -43.4228785224921
0.412323955114647 -173.299653516619 -43.3249133791547
0.413254187672786 -172.909557094543 -43.2273892736356
0.414184420230926 -172.521212937239 -43.1303032343097
0.415114652789065 -172.134609264807 -43.0336523162017
0.416044885347205 -171.749734402633 -42.9374336006584
0.416975117905344 -171.366576780169 -42.8416441950423
0.417905350463484 -170.985124930075 -42.7462812325187
0.418835583021623 -170.605367486753 -42.6513418716882
0.419765815579763 -170.227293185493 -42.5568232963732
0.420696048137902 -169.850890861006 -42.4627227152515
0.421626280696042 -169.476149446781 -42.3690373616953
0.422556513254181 -169.103057973529 -42.2757644933823
0.423486745812321 -168.731605568539 -42.1829013921347
0.42441697837046 -168.361781454303 -42.0904453635758
0.4253472109286 -167.993574947604 -41.9983937369011
0.426277443486739 -167.626975458563 -41.9067438646408
0.427207676044879 -167.26197248945 -41.8154931223626
0.428137908603018 -166.898555633676 -41.7246389084191
0.429068141161158 -166.536714575213 -41.6341786438032
0.429998373719297 -166.176439087032 -41.5441097717581
0.430928606277437 -165.817719030407 -41.4544297576018
0.431858838835577 -165.460544354114 -41.3651360885286
0.432789071393716 -165.104905093244 -41.2762262733109
0.433719303951856 -164.750791368495 -41.1876978421239
0.434649536509995 -164.398193384989 -41.0995483462473
0.435579769068135 -164.047101431561 -41.0117753578902
0.436510001626274 -163.697505879906 -40.9243764699765
0.437440234184414 -163.349397183512 -40.8373492958781
0.438370466742553 -163.002765877047 -40.7506914692618
0.439300699300693 -162.657602575167 -40.6644006437919
0.440230931858832 -162.313897971937 -40.5784744929843
0.441161164416972 -161.971642839973 -40.4929107099933
0.442091396975111 -161.630828029529 -40.4077070073823
0.443021629533251 -161.291444467608 -40.322861116902
0.44395186209139 -160.953483157351 -40.2383707893378
0.44488209464953 -160.616935177124 -40.1542337942809
0.445812327207669 -160.281791679809 -40.0704479199522
0.446742559765809 -159.948043891894 -39.9870109729735
0.447672792323948 -159.615683112827 -39.9039207782067
0.448603024882088 -159.284700714132 -39.8211751785329
0.449533257440227 -158.955088138979 -39.7387720347448
0.450463489998367 -158.626836900996 -39.6567092252491
0.451393722556506 -158.29993858387 -39.5749846459674
0.452323955114646 -157.974384840396 -39.4935962100991
0.453254187672785 -157.65016739215 -39.4125418480375
0.454184420230925 -157.327278028348 -39.331819507087
0.455114652789064 -157.005708605305 -39.2514271513262
0.456044885347204 -156.685451045878 -39.1713627614696
0.456975117905343 -156.366497338678 -39.0916243346695
0.457905350463483 -156.048839537361 -39.0122098843403
0.458835583021622 -155.732469760144 -38.9331174400361
0.459765815579762 -155.417380188796 -38.8543450471989
0.460696048137901 -155.10356306848 -38.77589076712
0.461626280696041 -154.791010706784 -38.6977526766961
0.46255651325418 -154.479715473165 -38.6199288682912
0.46348674581232 -154.169669798307 -38.5424174495768
0.464416978370459 -153.860866173515 -38.4652165433787
0.465347210928599 -153.553297150281 -38.3883242875703
0.466277443486738 -153.246955339404 -38.3117388348509
0.467207676044878 -152.941833410587 -38.2354583526467
0.468137908603017 -152.637924091709 -38.1594810229272
0.469068141161157 -152.335220168423 -38.0838050421058
0.469998373719296 -152.033714483581 -38.0084286208952
0.470928606277436 -151.733399936402 -37.9333499841005
0.471858838835575 -151.434269482204 -37.858567370551
0.472789071393715 -151.136316131728 -37.7840790329319
0.473719303951854 -150.839532950557 -37.7098832376392
0.474649536509994 -150.543913058844 -37.6359782647109
0.475579769068133 -150.249449630239 -37.5623624075597
0.476510001626273 -149.956135891924 -37.4890339729809
0.477440234184413 -149.663965123936 -37.4159912809839
0.478370466742552 -149.372930658314 -37.3432326645785
0.479300699300692 -149.083025879101 -37.2707564697752
0.480230931858831 -148.794244221483 -37.1985610553708
0.481161164416971 -148.506579171459 -37.1266447928647
0.48209139697511 -148.220024265256 -37.055006066314
0.48302162953325 -147.934573088965 -36.9836432722412
0.483951862091389 -147.650219277897 -36.9125548194743
0.484882094649529 -147.366956516282 -36.8417391290704
0.485812327207668 -147.084778536711 -36.7711946341778
0.486742559765808 -146.803679119596 -36.7009197798991
0.487672792323947 -146.52365209304 -36.6309130232601
0.488603024882087 -146.244691331924 -36.561172832981
0.489533257440226 -145.966790757722 -36.4916976894305
0.490463489998366 -145.689944338014 -36.4224860845034
0.491393722556505 -145.41414608627 -36.3535365215675
0.492323955114645 -145.139390060906 -36.2848475152264
0.493254187672784 -144.865670365309 -36.2164175913273
0.494184420230924 -144.592981147265 -36.1482452868161
0.495114652789063 -144.321316598429 -36.0803291496072
0.496044885347203 -144.050670954243 -36.0126677385608
0.496975117905342 -143.781038493137 -35.9452596232842
0.497905350463482 -143.512413536374 -35.8781033840936
