0 2656.22934690867
0.00697674418604651 2656.22934690867
0.013953488372093 1770.81954838079
0.0209302325581395 177.081920765608
0.027906976744186 -1087.78920608137
0.0348837209302326 -1225.51961053238
0.0418604651162791 -335.51028222715
0.0488372093023256 701.467827296421
0.0558139534883721 992.243382511636
0.0627906976744186 373.301159050107
0.0697674418604651 -514.495574674758
0.0767441860465116 -852.244265565312
0.0837209302325581 -382.487459793775
0.0906976744186047 401.577241162332
0.0976744186046512 755.732273090847
0.104651162790698 381.849990579385
0.111627906976744 -325.125385219291
0.118604651162791 -683.832975727178
0.125581395348837 -377.286207591113
0.132558139534884 269.582799822454
0.13953488372093 627.520973054427
0.146511627906977 371.088529967234
0.153488372093023 -227.245444856153
0.16046511627907 -581.841175065935
0.167441860465116 -364.265772959492
0.174418604651163 193.8267588752
0.181395348837209 543.807575701497
0.188372093023256 357.29501026406
0.195348837209302 -166.737768397817
0.202325581395349 -511.496135545574
0.209302325581395 -350.410518815036
0.216279069767442 144.315227692179
0.223255813953488 483.601579101598
0.230232558139535 343.726795990738
0.237209302325581 -125.438939052211
0.244186046511628 -459.202663491748
0.251162790697674 -337.297239675142
0.258139534883721 109.324504922331
0.265116279069767 437.62712752649
0.272093023255814 331.1421961132
0.27906976744186 -95.4057876572188
0.286046511627907 -418.371657286123
0.293023255813953 -325.264828315503
0.3 83.2627659244951
0.304651162790698 295.935912166564
0.309302325581395 213.934692566818
0.313953488372093 -77.5842764227488
0.318604651162791 -288.37288130659
0.323255813953488 -211.913025425345
0.327906976744186 72.3402325517545
0.332558139534884 281.268556737667
0.337209302325581 209.933038896478
0.341860465116279 -67.4825346558465
0.346511627906977 -274.578651337836
0.351162790697674 -207.995894555281
0.355813953488372 62.9698690457725
0.36046511627907 268.264507470799
0.365116279069767 206.101933691114
0.369767441860465 -58.766831268759
0.374418604651163 -262.292501537788
0.37906976744186 -204.251197454334
0.383720930232558 54.8426042896079
0.388372093023256 256.63293319179
0.393023255813953 202.443206296214
0.397674418604651 -51.1705266698791
0.402325581395349 -251.259752948977
0.406976744186047 -200.677404006808
0.411627906976744 47.7271137216405
0.416279069767442 246.149704680347
0.42093023255814 198.952881465715
0.425581395348837 -44.4918921621831
0.430232558139535 -241.28225306549
0.434883720930233 -197.268779104415
0.43953488372093 41.4466307225331
0.444186046511628 236.638885602963
0.448837209302326 195.623979856802
0.453488372093023 -38.5753403668258
0.458139534883721 -232.203167925335
0.462790697674419 -194.017488223233
0.467441860465116 35.8636372602748
0.472093023255814 227.960149490465
0.476744186046512 192.448105753421
0.481395348837209 -33.2988491663349
0.486046511627907 -223.896503129088
0.490697674418605 -190.914796624726
0.495348837209302 30.869464577132
0.5 220
