0.00652173913043478 -6103.68039157901 -3051.84019578909 -3051.84019578909
0.0130434782608696 -11952.0326953872 -8964.02452154084 -8964.02452154084
0.0195652173913043 -17300.409663446 -14417.0080528718 -14417.0080528718
0.0260869565217391 -21925.0789283437 -19184.4440623003 -19184.4440623003
0.0326086956521739 -25632.5821363947 -23069.3239227557 -23069.3239227557
0.0391304347826087 -28267.8276635646 -25912.1753582678 -25912.1753582678
0.0456521739130435 -29720.5783810899 -27597.6799252975 -27597.6799252975
0.0521739130434783 -29930.0630757162 -28059.4341334836 -28059.4341334836
0.058695652173913 -28887.518620434 -27282.6564748547 -27282.6564748547
0.0652173913043478 -26636.5565520713 -25304.7287244676 -25304.7287244676
0.0717391304347826 -23271.3387211326 -22213.5505974445 -22213.5505974445
0.0782608695652174 -18932.6383297816 -18143.7783993739 -18143.7783993739
0.0847826086956522 -13801.9511319346 -13271.1068576276 -13271.1068576276
0.091304347826087 -8093.90313471073 -7804.83516561328 -7804.83516561328
0.0978260869565217 -2047.27240094014 -1979.02998757538 -1979.02998757538
0.104347826086957 4084.99947288739 3957.34323936116 3957.34323936116
0.110869565217391 10046.3883651296 9750.9063543894 9750.9063543894
0.117391304347826 15587.518501063 15154.5318760334 15154.5318760334
0.123913043478261 20476.5942965596 19937.7365519138 19937.7365519138
0.130434782608696 24509.0967903133 23896.3693705544 23896.3693705544
0.13695652173913 27516.3390451636 26861.1881155181 26861.1881155181
0.143478260869565 29372.5226304697 28704.9652979591 28704.9652979591
0.15 30000 29347.8260869552 29347.8260869552
0.156521739130435 29372.5226304697 28760.5950756672 28760.5950756672
0.16304347826087 27516.3390451636 26966.0122642599 26966.0122642599
0.169565217391304 24509.0967903133 24037.7680058839 24037.7680058839
0.176086956521739 20476.5942965596 20097.3981058834 20097.3981058834
0.182608695652174 15587.518501063 15309.1699564028 15309.1699564028
0.189130434782609 10046.3883651296 9873.17477262787 9873.17477262787
0.195652173913043 4084.99947288742 4016.91614833867 4016.91614833867
0.202173913043478 -2047.27240094013 -2014.25187834333 -2014.25187834333
0.208695652173913 -8093.90313471072 -7967.43589822916 -7967.43589822916
0.215217391304348 -13801.9511319345 -13592.8306602393 -13592.8306602393
0.221739130434783 -18932.6383297816 -18654.2171778727 -18654.2171778727
0.228260869565217 -23271.3387211326 -22938.8910251163 -22938.8910251163
0.234782608695652 -26636.5565520712 -26266.6043777376 -26266.6043777376
0.241304347826087 -28887.518620434 -28497.1467471842 -28497.1467471842
0.247826086956522 -29930.0630757162 -29536.2464562986 -29536.2464562986
0.254347826086956 -29720.5783810899 -29339.5453249216 -29339.5453249216
0.260869565217391 -28267.8276635646 -27914.4798177693 -27914.4798177693
0.267391304347826 -25632.5821363947 -25319.989671317 -25319.989671317
0.273913043478261 -21925.0789283437 -21664.0660839582 -21664.0660839582
0.280434782608696 -17300.409663446 -17099.2421092189 -17099.2421092189
0.28695652173913 -11952.0326953872 -11816.2141420325 -11816.2141420325
0.293478260869565 -6103.68039157902 81892.418786169 81892.418786169
0.30054347826087 0 17998.8646034078 -73595.3574894847
0.308695652173913 0 -7.45041015384325e-010 -2.9801640615373e-009
0.317391304347826 0 1.61600204298786e-010 6.46400817195144e-010
0.326086956521739 0 -1.34114224355683e-010 -5.36456897422732e-010
0.334782608695652 0 -1.15232971973989e-010 -4.60931887895958e-010
0.343478260869565 0 -2.86073349432552e-010 -1.14429339773021e-009
0.352173913043478 0 -9.10214076606984e-011 -3.64085630642793e-010
0.360869565217391 0 1.50497669881843e-011 6.01990679527371e-011
0.369565217391304 0 -1.63213319493526e-010 -6.52853277974104e-010
0.378260869565217 0 9.22921581113084e-011 3.69168632445234e-010
0.38695652173913 0 -7.38713007742867e-010 -2.95485203097147e-009
0.395652173913043 0 2.94856035192253e-010 1.17942414076901e-009
0.404347826086957 0 2.14503582906732e-010 8.58014331626926e-010
0.41304347826087 0 7.67344922982916e-011 3.06937969193166e-010
0.421739130434783 0 -2.43942834861159e-010 -9.75771339444637e-010
0.430434782608696 0 -3.09847598616677e-010 -1.23939039446671e-009
0.439130434782609 0 4.4220729251083e-011 1.76882917004332e-010
0.447826086956522 0 2.8211809237169e-010 1.12847236948676e-009
0.456521739130435 0 -1.80177698158192e-010 -7.20710792632769e-010
0.465217391304348 0 -2.58983265129361e-010 -1.03593306051744e-009
0.473913043478261 0 1.23100628187421e-010 4.92402512749682e-010
0.482608695652174 0 2.71848197106283e-010 1.08739278842513e-009
0.491304347826087 0 -3.06962622724466e-010 -1.22785049089786e-009
