0.000699300699300699 -659.022366595641 -439.348244416641 -439.348244416641
0.0013986013986014 -1317.72667223726 -1163.98659273369 -1163.98659273369
0.0020979020979021 -1975.79500947514 -1837.78379584655 -1837.78379584655
0.0027972027972028 -2632.90977779409 -2502.26872273555 -2502.26872273555
0.0034965034965035 -3288.75383689552 -3162.45013912512 -3162.45013912512
0.0041958041958042 -3943.01065975744 -3819.59172307268 -3819.59172307268
0.0048951048951049 -4595.36448539844 -4474.02149190892 -4474.02149190892
0.00559440559440559 -5245.50047127193 -5125.73787659479 -5125.73787659479
0.00629370629370629 -5893.10484521723 -5774.59831775175 -5774.59831775175
0.00699300699300699 -6537.86505689395 -6420.39189617886 -6420.39189617886
0.00769230769230769 -7179.46992862673 -7062.87162629518 -7062.87162629518
0.00839160839160839 -7817.60980558753 -7701.77041352214 -7701.77041352214
0.00909090909090909 -8451.97670524289 -8336.80961420444 -8336.80961420444
0.00979020979020979 -9082.26446599416 -8967.70395114631 -8967.70395114631
0.0104895104895105 -9708.16889493886 -9594.16450029251 -9594.16450029251
0.0111888111888112 -10329.3879146819 -10215.900604873 -10215.900604873
0.0118881118881119 -10945.6217091259 -10832.6211589109 -10832.6211589109
0.0125874125874126 -11556.5728681699 -11444.035508447 -11444.035508447
0.0132867132867133 -12161.9465312471 -12049.8541114324 -12049.8541114324
0.013986013986014 -12761.4505296322 -12649.7890397274 -12649.7890397274
0.0146853146853147 -13354.7955274494 -13243.5543783661 -13243.5543783661
0.0153846153846154 -13941.695161313 -13830.8665507369 -13830.8665507369
0.0160839160839161 -14521.8661785341 -14411.444594995 -14411.444594995
0.0167832167832168 -15095.0285738251 -14985.0104040688 -14985.0104040688
0.0174825174825175 -15660.9057244377 -15551.2889392497 -15551.2889392497
0.0181818181818182 -16219.2245236679 -16110.0084231936 -16110.0084231936
0.0188811188811189 -16769.7155126644 -16660.900519567 -16660.900519567
0.0195804195804196 -17312.1130104761 -17203.7004991678 -17203.7004991678
0.0202797202797203 -17846.1552422765 -17738.1473972692 -17738.1473972692
0.020979020979021 -18371.5844657031 -18263.9841640075 -18263.9841640075
0.0216783216783217 -18888.1470952503 -18780.9578063098 -18780.9578063098
0.0223776223776224 -19395.5938246562 -19288.8195270075 -19288.8195270075
0.0230769230769231 -19893.6797472239 -19787.3248563941 -19787.3248563941
0.0237762237762238 -20382.1644740202 -20276.2337811368 -20276.2337811368
0.0244755244755245 -20860.812249893 -20755.3108694097 -20755.3108694097
0.0251748251748252 -21329.3920672531 -21224.3253906331 -21224.3253906331
0.0258741258741259 -21787.6777775638 -21683.0514341276 -21683.0514341276
0.0265734265734266 -22235.4482004866 -22131.2680220904 -22131.2680220904
0.0272727272727273 -22672.4872306278 -22568.7592217484 -22568.7592217484
0.027972027972028 -23098.5839418369 -22995.3142520929 -22995.3142520929
0.0286713286713287 -23513.532689005 -23410.7275899372 -23410.7275899372
0.0293706293706294 -23917.1332073137 -23814.7990707823 -23814.7990707823
0.0300699300699301 -24309.1907088889 -24207.3339885443 -24207.3339885443
0.0307692307692308 -24689.5159768097 -24588.1431911418 -24588.1431911418
0.0314685314685315 -25057.9254564296 -24957.0431733804 -24957.0431733804
0.0321678321678322 -25414.2413439644 -25313.8561675293 -25313.8561675293
0.0328671328671329 -25758.2916723053 -25658.4102299648 -25658.4102299648
0.0335664335664336 -26089.9103940141 -25990.5393254836 -25990.5393254836
0.0342657342657343 -26408.9374614621 -26310.0834086655 -26310.0834086655
0.034965034965035 -26715.2189040733 -26616.8885017612 -26616.8885017612
0.0356643356643357 -27008.6069026342 -26910.806769646 -26910.806769646
0.0363636363636364 -27288.9598606356 -27191.696592319 -27191.696592319
0.0370629370629371 -27556.14247261 -27459.422633489 -27459.422633489
0.0377622377622378 -27810.025789434 -27713.8559066552 -27713.8559066552
0.0384615384615385 -28050.4872805625 -27954.8738374561 -27954.8738374561
0.0391608391608392 -28277.4108931643 -28182.3603239357 -28182.3603239357
0.0398601398601399 -28490.6871081332 -28396.2057922036 -28396.2057922036
0.0405594405594406 -28690.2129929438 -28596.3072504822 -28596.3072504822
0.0412587412587413 -28875.89225133 -28782.5683380811 -28782.5683380811
0.041958041958042 -29047.6352697594 -28954.8993733455 -28954.8993733455
0.0426573426573427 -29205.3591606837 -29113.2173961843 -29113.2173961843
0.0433566433566434 -29348.9878025421 -29257.4462086868 -29257.4462086868
0.0440559440559441 -29478.4518764992 -29387.5164126691 -29387.5164126691
0.0447552447552448 -29593.6888999006 -29503.3654420832 -29503.3654420832
0.0454545454545455 -29694.643256428 -29604.9375949289 -29604.9375949289
0.0461538461538462 -29781.2662229416 -29692.184058684 -29692.184058684
0.0468531468531469 -29853.5159929949 -29765.0629351719 -29765.0629351719
0.0475524475524476 -29911.3576970113 -29823.5392603558 -29823.5392603558
0.0482517482517483 -29954.7634191135 -29867.5850214611 -29867.5850214611
0.048951048951049 -29983.7122105962 -29897.179170541 -29897.179170541
0.0496503496503497 -29998.1901000364 -29912.3076347837 -29912.3076347837
0.0503496503496504 -29998.1901000364 -29912.9633232061 -29912.9633232061
0.0510489510489511 -29983.7122105962 -29899.1461303757 -29899.1461303757
0.0517482517482518 -29954.7634191135 -29870.8629364034 -29870.8629364034
0.0524475524475525 -29911.3576970113 -29828.1276036114 -29828.1276036114
0.0531468531468532 -29853.5159929949 -29770.9609697026 -29770.9609697026
0.0538461538461539 -29781.2662229416 -29699.3908385432 -29699.3908385432
0.0545454545454546 -29694.643256428 -29613.4519656345 -29613.4519656345
0.0552447552447553 -29593.6888999005 -29513.1860423024 -29513.1860423024
0.055944055944056 -29478.4518764992 -29398.641675047 -29398.641675047
0.0566433566433567 -29348.987802542 -29269.8743623246 -29269.8743623246
0.0573426573426574 -29205.3591606837 -29126.9464680101 -29126.9464680101
0.0580419580419581 -29047.6352697593 -28969.927190477 -28969.927190477
0.0587412587412588 -28875.8922513299 -28798.8925305224 -28798.8925305224
0.0594405594405595 -28690.2129929438 -28613.925253219 -28613.925253219
0.0601398601398602 -28490.6871081332 -28415.1148492492 -28415.1148492492
0.0608391608391609 -28277.4108931643 -28202.5574908179 -28202.5574908179
0.0615384615384616 -28050.4872805624 -27976.3559858773 -27976.3559858773
0.0622377622377623 -27810.025789434 -27736.6197280401 -27736.6197280401
0.062937062937063 -27556.1424726099 -27483.4646440536 -27483.4646440536
0.0636363636363637 -27288.9598606355 -27217.0131375979 -27217.0131375979
0.0643356643356644 -27008.6069026342 -26937.3940306584 -26937.3940306584
0.0650349650349651 -26715.2189040732 -26644.7425006379 -26644.7425006379
0.0657342657342658 -26408.9374614621 -26339.2000158568 -26339.2000158568
0.0664335664335665 -26089.910394014 -26020.9142667499 -26020.9142667499
0.0671328671328672 -25758.2916723053 -25690.039094747 -25690.039094747
0.0678321678321679 -25414.2413439644 -25346.7344180829 -25346.7344180829
0.0685314685314686 -25057.9254564295 -24991.1661543613 -24991.1661543613
0.0692307692307693 -24689.5159768096 -24623.5061408704 -24623.5061408704
0.06993006993007 -24309.1907088888 -24243.9320511328 -24243.9320511328
0.0706293706293707 -23917.1332073136 -23852.6273096195 -23852.6273096195
0.0713286713286714 -23513.5326890049 -23449.7810025297 -23449.7810025297
0.0720279720279721 -23098.5839418369 -23035.5877876765 -23035.5877876765
0.0727272727272728 -22672.4872306277 -22610.2477991592 -22610.2477991592
0.0734265734265735 -22235.4482004865 -22173.9665516109 -22173.9665516109
0.0741258741258742 -21787.6777775637 -21726.9548410567 -21726.9548410567
0.0748251748251749 -21329.392067253 -21269.428642374 -21269.428642374
0.0755244755244756 -20860.8122498929 -20801.6090056998 -20801.6090056998
0.0762237762237763 -20382.1644740201 -20323.7219498662 -20323.7219498662
0.076923076923077 -19893.6797472238 -19835.9983526277 -19835.9983526277
0.0776223776223777 -19395.5938246561 -19338.6738396118 -19338.6738396118
0.0783216783216784 -18888.1470952503 -18831.9886705432 -18831.9886705432
0.0790209790209791 -18371.5844657031 -18316.1876235583 -18316.1876235583
0.0797202797202798 -17846.1552422764 -17791.5198762135 -17791.5198762135
0.0804195804195805 -17312.113010476 -17258.2388859968 -17258.2388859968
0.0811188811188812 -16769.7155126643 -16716.6022677183 -16716.6022677183
0.0818181818181819 -16219.2245236678 -16166.8716691872 -16166.8716691872
0.0825174825174826 -15660.9057244376 -15609.3126445941 -15609.3126445941
0.0832167832167833 -15095.028573825 -15044.1945265964 -15044.1945265964
0.083916083916084 -14521.866178534 -14471.7902968845 -14471.7902968845
0.0846153846153847 -13941.695161313 -13892.3764530067 -13892.3764530067
0.0853146853146854 -13354.7955274493 -13306.2328761302 -13306.2328761302
0.0860139860139861 -12761.4505296321 -12713.642695376 -12713.642695376
0.0867132867132868 -12161.946531247 -12114.8921514008 -12114.8921514008
0.0874125874125875 -11556.5728681698 -11510.2704580238 -11510.2704580238
0.0881118881118882 -10945.6217091258 -10900.0696625901 -10900.0696625901
0.0888111888111889 -10329.3879146818 -10284.5845053783 -10284.5845053783
0.0895104895104896 -9708.16889493875 -9664.11227682771 -9664.11227682771
0.0902097902097903 -9082.26446599405 -9038.9526739328 -9038.9526739328
0.090909090909091 -8451.97670524278 -8409.40765669324 -8409.40765669324
0.0916083916083917 -7817.60980558741 -7775.78130082473 -7775.78130082473
0.0923076923076924 -7179.46992862661 -7138.37965199239 -7138.37965199239
0.0930069930069931 -6537.86505689383 -6497.51057778046 -6497.51057778046
0.0937062937062938 -5893.10484521711 -5853.48361892209 -5853.48361892209
0.0944055944055945 -5245.50047127181 -5206.6098402602 -5206.6098402602
0.0951048951048952 -4595.36448539831 -4557.20168028582 -4557.20168028582
0.0958041958041959 -3943.01065975732 -3905.57280029798 -3905.57280029798
0.0965034965034966 -3288.75383689539 -3252.03793309244 -3252.03793309244
0.0972027972027973 -2632.90977779396 -2596.91273140308 -2596.91273140308
0.097902097902098 -1975.79500947501 -1940.51361465839 -1940.51361465839
0.0986013986013987 -1317.72667223713 -1283.15761708079 -1283.15761708079
0.0993006993006994 -659.022366595512 -625.162234172567 -625.162234172567
0.1 1.29552943893552e-010 33.1547300795249 33.1547300795249
0.100699300699301 659.022366595785 691.475317486476 691.475317486476
0.101398601398602 1317.7266722374 1349.48156809586 1349.48156809586
0.102097902097902 1975.79500947528 2006.85567410065 2006.85567410065
0.102797202797203 2632.90977779423 2663.28013381809 2663.28013381809
0.103496503496504 3288.75383689567 3318.43790397556 3318.43790397556
0.104195804195804 3943.01065975759 3972.01255315343 3972.01255315343
0.104895104895105 4595.36448539858 4623.68841509993 4623.68841509993
0.105594405594406 5245.50047127208 5273.15074009829 5273.15074009829
0.106293706293706 5893.10484521738 5920.08584741014 5920.08584741014
0.106993006993007 6537.8650568941 6564.18127692515 6564.18127692515
0.107692307692308 7179.46992862688 7205.12593960047 7205.12593960047
0.108391608391609 7817.60980558768 7842.61026772887 7842.61026772887
0.109090909090909 8451.97670524303 8476.32636444802 8476.32636444802
0.10979020979021 9082.26446599431 9105.96815213226 9105.96815213226
0.110489510489511 9708.16889493901 9731.23152070905 9731.23152070905
0.111188811188811 10329.3879146821 10351.814473618 10351.814473618
0.111888111888112 10945.621709126 10967.4172743212 10967.4172743212
0.112587412587413 11556.57286817 11577.742590733 11577.742590733
0.113286713286713 12161.9465312472 12182.4956381407 12182.4956381407
0.113986013986014 12761.4505296324 12781.3843228919 12781.3843228919
0.114685314685315 13354.7955274496 13374.1193822263 13374.1193822263
0.115384615384616 13941.6951613132 13960.414523802 13960.414523802
0.116083916083916 14521.8661785343 14539.9865650873 14539.9865650873
0.116783216783217 15095.0285738253 15112.5555688192 15112.5555688192
0.117482517482518 15660.9057244379 15677.8449784818 15677.8449784818
0.118181818181818 16219.2245236681 16235.5817525218 16235.5817525218
0.118881118881119 16769.7155126645 16785.496494779 16785.496494779
0.11958041958042 17312.1130104762 17327.3235860862 17327.3235860862
0.12027972027972 17846.1552422766 17860.8013109632 17860.8013109632
0.120979020979021 18371.5844657033 18385.671985229 18385.671985229
0.121678321678322 18888.1470952505 18901.68207963 18901.68207963
0.122377622377623 19395.5938246563 19408.5823421541 19408.5823421541
0.123076923076923 19893.679747224 19906.1279191435 19906.1279191435
0.123776223776224 20382.1644740203 20394.0784727516 20394.0784727516
0.124475524475525 20860.8122498931 20872.1982968282 20872.1982968282
0.125174825174825 21329.3920672532 21340.2564314114 21340.2564314114
0.125874125874126 21787.6777775639 21798.0267740598 21798.0267740598
0.126573426573427 22235.4482004867 22245.2881882039 22245.2881882039
0.127272727272727 22672.4872306278 22681.8246103605 22681.8246103605
0.127972027972028 23098.583941837 23107.4251555786 23107.4251555786
0.128671328671329 23513.532689005 23521.8842169594 23521.8842169594
0.129370629370629 23917.1332073138 23925.0015664731 23925.0015664731
0.13006993006993 24309.190708889 24316.5824522366 24316.5824522366
0.130769230769231 24689.5159768097 24696.4376896096 24696.4376896096
0.131468531468532 25057.9254564296 25064.3837563105 25064.3837563105
0.132167832167832 25414.2413439644 25420.2428782599 25420.2428782599
0.132867132867133 25758.2916723053 25763.8431164505 25763.8431164505
0.133566433566434 26089.9103940141 26095.018449368 26095.018449368
0.134265734265734 26408.9374614621 26413.608854275 26413.608854275
0.134965034965035 26715.2189040733 26719.460383333 26719.460383333
0.135664335664336 27008.6069026342 27012.4252382237 27012.4252382237
0.136363636363636 27288.9598606356 27292.3618415762 27292.3618415762
0.137062937062937 27556.1424726099 27559.1349056045 27559.1349056045
0.137762237762238 27810.025789434 27812.6154964287 27812.6154964287
0.138461538461538 28050.4872805624 28052.6810982187 28052.6810982187
0.139160839160839 28277.4108931643 28279.2156698063 28279.2156698063
0.13986013986014 28490.6871081332 28492.1097026185 28492.1097026185
0.14055944055944 28690.2129929438 28691.2602728813 28691.2602728813
0.141258741258741 28875.8922513299 28876.5710917548 28876.5710917548
0.141958041958042 29047.6352697593 29047.9525504216 29047.9525504216
0.142657342657343 29205.3591606837 29205.3217650213 29205.3217650213
0.143356643356643 29348.987802542 29348.6026164175 29348.6026164175
0.144055944055944 29478.4518764992 29477.7257852506 29477.7257852506
0.144755244755245 29593.6888999005 29592.6287877556 29592.6287877556
0.145454545454545 29694.643256428 29693.2560044161 29693.2560044161
0.146153846153846 29781.2662229416 29779.5587073883 29779.5587073883
0.146853146853147 29853.5159929949 29851.4950831987 29851.4950831987
0.147552447552447 29911.3576970113 29909.0302547312 29909.0302547312
0.148251748251748 29954.7634191135 29952.1362960327 29952.1362960327
0.148951048951049 29983.7122105962 29980.792247038 29980.792247038
0.149650349650349 29998.1901000364 29994.9841234956 29994.9841234956
0.15034965034965 29998.1901000364 29994.7049231361 29994.7049231361
0.151048951048951 29983.7122105962 29979.9546299458 29979.9546299458
0.151748251748251 29954.7634191135 29950.7402134536 29950.7402134536
0.152447552447552 29911.3576970113 29907.0756260584 29907.0756260584
0.153146853146853 29853.5159929949 29848.9817951877 29848.9817951877
0.153846153846154 29781.2662229417 29776.4866145386 29776.4866145386
0.154545454545454 29694.643256428 29689.6249300309 29689.6249300309
0.155244755244755 29593.6888999006 29588.4385223296 29588.4385223296
0.155944055944056 29478.4518764993 29472.976087742 29472.976087742
0.156643356643356 29348.9878025421 29343.2932146371 29343.2932146371
0.157342657342657 29205.3591606838 29199.4523555512 29199.4523555512
0.158041958041958 29047.6352697594 29041.5227979538 29041.5227979538
0.158741258741258 28875.89225133 28869.5806312852 28869.5806312852
0.159440559440559 28690.2129929439 28683.7087085697 28683.7087085697
0.16013986013986 28490.6871081333 28483.9966079054 28483.9966079054
0.16083916083916 28277.4108931645 28270.5405893476 28270.5405893476
0.161538461538461 28050.4872805626 28043.4435467121 28043.4435467121
0.162237762237762 27810.0257894342 27802.8149599503 27802.8149599503
0.162937062937062 27556.1424726101 27548.770840991 27548.770840991
0.163636363636363 27288.9598606357 27281.4336785196 27281.4336785196
0.164335664335664 27008.6069026344 27000.9323781993 27000.9323781993
0.165034965034965 26715.2189040735 26707.4022010157 26707.4022010157
0.165734265734265 26408.9374614623 26400.9846977624 26400.9846977624
0.166433566433566 26089.9103940143 26081.8276404227 26081.8276404227
0.167132867132867 25758.2916723056 25750.0849516143 25750.0849516143
0.167832167832167 25414.2413439647 25405.9166297681 25405.9166297681
0.168531468531468 25057.9254564298 25049.4886715515 25049.4886715515
0.169230769230769 24689.51597681 24680.9729924715 24680.9729924715
0.169930069930069 24309.1907088892 24300.5473440272 24300.5473440272
0.17062937062937 23917.1332073141 23908.3952266534 23908.3952266534
0.171328671328671 23513.5326890053 23504.7058025335 23504.7058025335
0.172027972027971 23098.5839418373 23089.6738039147 23089.6738039147
0.172727272727272 22672.4872306282 22663.4994384998 22663.4994384998
0.173426573426573 22235.448200487 22226.3882934861 22226.3882934861
0.174125874125873 21787.6777775642 21778.5512365678 21778.5512365678
0.174825174825174 21329.3920672535 21320.2043129092 21320.2043129092
0.175524475524475 20860.8122498935 20851.5686425204 20851.5686425204
0.176223776223775 20382.1644740207 20372.8703122086 20372.8703122086
0.176923076923076 19893.6797472244 19884.3402671785 19884.3402671785
0.177622377622377 19395.5938246567 19386.2141991346 19386.2141991346
0.178321678321678 18888.1470952509 18878.7324328689 18878.7324328689
0.179020979020978 18371.5844657037 18362.1398105256 18362.1398105256
0.179720279720279 17846.1552422771 17836.6855722536 17836.6855722536
0.18041958041958 17312.1130104767 17302.6232373349 17302.6232373349
0.18111888111888 16769.715512665 16760.2104809563 16760.2104809563
0.181818181818181 16219.2245236686 16209.7090098837 16209.7090098837
0.182517482517482 15660.9057244384 15651.3844368139 15651.3844368139
0.183216783216782 15095.0285738258 15085.5061511919 15085.5061511919
0.183916083916083 14521.8661785348 14512.3471898739 14512.3471898739
0.184615384615384 13941.6951613138 13932.1841051959 13932.1841051959
0.185314685314684 13354.7955274502 13345.2968313208 13345.2968313208
0.186013986013985 12761.450529633 12751.9685495121 12751.9685495121
0.186713286713286 12161.9465312479 12152.4855511701 12152.4855511701
0.187412587412586 11556.5728681707 11547.1370994528 11547.1370994528
0.188111888111887 10945.6217091267 10936.2152897698 10936.2152897698
0.188811188811188 10329.3879146828 10320.0149093964 10320.0149093964
0.189510489510489 9708.16889493972 9698.83329428227 9698.83329428227
0.190209790209789 9082.26446599504 9072.9701863217 9072.9701863217
0.19090909090909 8451.97670524379 8442.72758823786 8442.72758823786
0.191608391608391 7817.60980558844 7808.40961754027 7808.40961754027
0.192307692307691 7179.46992862767 7170.32236049086 7170.32236049086
0.193006993006992 6537.8650568949 6528.77372410705 6528.77372410705
0.193706293706293 5893.1048452182 5884.07328672351 5884.07328672351
0.194405594405593 5245.50047127291 5236.53214997968 5236.53214997968
0.195104895104894 4595.36448539944 4586.46278797998 4586.46278797998
0.195804195804195 3943.01065975846 3934.17889573188 3934.17889573188
0.196503496503495 3288.75383689655 3279.99523895948 3279.99523895948
0.197202797202796 2632.90977779513 2624.22750181029 2624.22750181029
0.197902097902097 1975.7950094762 1967.19213367678 1967.19213367678
0.198601398601397 1317.72667223833 1309.20619811212 1309.20619811212
0.199300699300698 659.022366596728 650.587217786503 650.587217786503
0.199999999999999 1.09980709435409e-009 -8.34697699531135 -8.34697699531135
0.2006993006993 -659.022366594529 -667.278402851629 -667.278402851629
0.2013986013986 -1317.72667223614 -1325.88907663852 -1325.88907663852
0.202097902097901 -1975.79500947403 -1983.86116809974 -1983.86116809974
0.202797202797202 -2632.90977779297 -2640.87715411766 -2640.87715411766
0.203496503496502 -3288.75383689439 -3296.61997187708 -3296.61997187708
0.204195804195803 -3943.01065975631 -3950.773171701 -3950.773171701
0.204895104895104 -4595.36448539729 -4603.02106977451 -4603.02106977451
0.205594405594404 -5245.50047127077 -5253.04890087555 -5253.04890087555
0.206293706293705 -5893.10484521607 -5900.54296953141 -5900.54296953141
0.206993006993006 -6537.86505689278 -6545.19080227 -6545.19080227
0.207692307692306 -7179.46992862556 -7186.6812979377 -7186.6812979377
0.208391608391607 -7817.60980558635 -7824.70487799677 -7824.70487799677
0.209090909090908 -8451.9767052417 -8458.95363609252 -8458.95363609252
0.209790209790208 -9082.26446599297 -9089.12148677634 -9089.12148677634
0.210489510489509 -9708.16889493767 -9714.90431220393 -9714.90431220393
0.21118881118881 -10329.3879146807 -10336.0001108283 -10336.0001108283
0.211888111888111 -10945.6217091247 -10952.1091410292 -10952.1091410292
0.212587412587411 -11556.5728681687 -11562.9340675371 -11562.9340675371
0.213286713286712 -12161.9465312459 -12168.1801038881 -12168.1801038881
0.213986013986013 -12761.450529631 -12767.5551554469 -12767.5551554469
0.214685314685313 -13354.7955274482 -13360.7699596725 -13360.7699596725
0.215384615384614 -13941.6951613119 -13947.5382262931 -13947.5382262931
0.216083916083915 -14521.8661785329 -14527.5767750641 -14527.5767750641
0.216783216783215 -15095.0285738239 -15100.6056727796 -15100.6056727796
0.217482517482516 -15660.9057244365 -15666.3483684355 -15666.3483684355
0.218181818181817 -16219.2245236667 -16224.5318265287 -16224.5318265287
0.218881118881117 -16769.7155126632 -16774.8866587238 -16774.8866587238
0.219580419580418 -17312.1130104749 -17317.1472542848 -17317.1472542848
0.220279720279719 -17846.1552422753 -17851.0519075783 -17851.0519075783
0.220979020979019 -18371.584465702 -18376.3429454378 -18376.3429454378
0.22167832167832 -18888.1470952492 -18892.7668508252 -18892.7668508252
0.222377622377621 -19395.593824655 -19400.0743849449 -19400.0743849449
0.223076923076922 -19893.6797472227 -19898.0207082588 -19898.0207082588
0.223776223776222 -20382.164474019 -20386.365498605 -20386.365498605
0.224475524475523 -20860.8122498919 -20864.8730663391 -20864.8730663391
0.225174825174824 -21329.392067252 -21333.312469125 -21333.312469125
0.225874125874124 -21787.6777775628 -21791.4576228664 -21791.4576228664
0.226573426573425 -22235.4482004855 -22239.0874109305 -22239.0874109305
0.227272727272726 -22672.4872306267 -22675.9857909577 -22675.9857909577
0.227972027972026 -23098.5839418359 -23101.9418993679 -23101.9418993679
0.228671328671327 -23513.532689004 -23516.7501522145 -23516.7501522145
0.229370629370628 -23917.1332073127 -23920.2103456443 -23920.2103456443
0.230069930069928 -24309.190708888 -24312.1277518205 -24312.1277518205
0.230769230769229 -24689.5159768088 -24692.3132128637 -24692.3132128637
0.23146853146853 -25057.9254564287 -25060.5832328062 -25060.5832328062
0.23216783216783 -25414.2413439635 -25416.7600653395 -25416.7600653395
0.232867132867131 -25758.2916723045 -25760.6718002595 -25760.6718002595
0.233566433566432 -26089.9103940133 -26092.1524459255 -26092.1524459255
0.234265734265732 -26408.9374614613 -26411.0420097643 -26411.0420097643
0.234965034965033 -26715.2189040725 -26717.186575591 -26717.186575591
0.235664335664334 -27008.6069026335 -27010.4383774478 -27010.4383774478
0.236363636363635 -27288.9598606348 -27290.6558714701 -27290.6558714701
0.237062937062935 -27556.1424726093 -27557.7038035601 -27557.7038035601
0.237762237762236 -27810.0257894334 -27811.4532754822 -27811.4532754822
0.238461538461537 -28050.4872805618 -28051.7818063484 -28051.7818063484
0.239160839160837 -28277.4108931637 -28278.5733922204 -28278.5733922204
0.239860139860138 -28490.6871081326 -28491.7185619641 -28491.7185619641
0.240559440559439 -28690.2129929433 -28691.1144300461 -28691.1144300461
0.241258741258739 -28875.8922513295 -28876.6647463843 -28876.6647463843
0.24195804195804 -29047.6352697589 -29048.2799423736 -29048.2799423736
0.242657342657341 -29205.3591606833 -29205.8771745939 -29205.8771745939
0.243356643356641 -29348.9878025417 -29349.3803648588 -29349.3803648588
0.244055944055942 -29478.4518764988 -29478.7202363633 -29478.7202363633
0.244755244755243 -29593.6888999002 -29593.8343477898 -29593.8343477898
0.245454545454543 -29694.6432564277 -29694.6671231559 -29694.6671231559
0.246153846153844 -29781.2662229414 -29781.169878503 -29781.169878503
0.246853146853145 -29853.5159929947 -29853.3008458299 -29853.3008458299
0.247552447552446 -29911.3576970111 -29911.0251924607 -29911.0251924607
0.248251748251746 -29954.7634191134 -29954.3150392195 -29954.3150392195
0.248951048951047 -29983.7122105962 -29983.1494724592 -29983.1494724592
0.249650349650348 -29998.1901000364 -29997.5145550604 -29997.5145550604
0.250349650349648 -29998.1901000364 -29997.4033330813 -29997.4033330813
0.251048951048949 -29983.7122105963 -29982.815838633 -29982.815838633
0.25174825174825 -29954.7634191136 -29953.7590902582 -29953.7590902582
0.25244755244755 -29911.3576970114 -29910.2470897029 -29910.2470897029
0.253146853146851 -29853.5159929951 -29852.3008147863 -29852.3008147863
0.253846153846152 -29781.2662229419 -29779.9482097611 -29779.9482097611
0.254545454545452 -29694.6432564283 -29693.2241712399 -29693.2241712399
0.255244755244753 -29593.6888999009 -29592.170531954 -29592.170531954
0.255944055944054 -29478.4518764996 -29476.8360398955 -29476.8360398955
0.256643356643354 -29348.9878025425 -29347.2763358682 -29347.2763358682
0.257342657342655 -29205.3591606842 -29203.5539251918 -29203.5539251918
0.258041958041956 -29047.6352697599 -29045.7381490876 -29045.7381490876
0.258741258741257 -28875.8922513305 -28873.9051501546 -28873.9051501546
0.259440559440557 -28690.2129929444 -28688.1378358317 -28688.1378358317
0.260139860139858 -28490.6871081339 -28488.5258386214 -28488.5258386214
0.260839160839159 -28277.410893165 -28275.1654731893 -28275.1654731893
0.261538461538459 -28050.4872805632 -28048.1596885304 -28048.1596885304
0.26223776223776 -27810.0257894348 -27807.6180200911 -27807.6180200911
0.262937062937061 -27556.1424726108 -27553.6565356726 -27553.6565356726
0.263636363636361 -27288.9598606365 -27286.3977797721 -27286.3977797721
0.264335664335662 -27008.6069026352 -27005.9707146094 -27005.9707146094
0.265034965034963 -26715.2189040743 -26712.5106574356 -26712.5106574356
0.265734265734263 -26408.9374614631 -26406.1592159771 -26406.1592159771
0.266433566433564 -26089.9103940152 -26087.0642195183 -26087.0642195183
0.267132867132865 -25758.2916723064 -25755.3796475325 -25755.3796475325
0.267832167832165 -25414.2413439656 -25411.2655560454 -25411.2655560454
0.268531468531466 -25057.9254564308 -25054.8879994473 -25054.8879994473
0.269230769230767 -24689.515976811 -24686.4189510823 -24686.4189510823
0.269930069930068 -24309.1907088902 -24306.0362197507 -24306.0362197507
0.270629370629368 -23917.1332073151 -23913.9233648681 -23913.9233648681
0.271328671328669 -23513.5326890064 -23510.2696063171 -23510.2696063171
0.27202797202797 -23098.5839418384 -23095.2697345181 -23095.2697345181
0.27272727272727 -22672.4872306293 -22669.1240158382 -22669.1240158382
0.273426573426571 -22235.4482004881 -22232.0380960634 -22232.0380960634
0.274125874125872 -21787.6777775654 -21784.2229007747 -21784.2229007747
0.274825174825172 -21329.3920672547 -21325.894534317 -21325.894534317
0.275524475524473 -20860.8122498947 -20857.2741748514 -20857.2741748514
0.276223776223774 -20382.1644740219 -20378.58796812 -20378.58796812
0.276923076923074 -19893.6797472257 -19890.0669177576 -19890.0669177576
0.277622377622375 -19395.593824658 -19391.946774141 -19391.946774141
0.278321678321676 -18888.1470952522 -18884.4679207793 -18884.4679207793
0.279020979020976 -18371.5844657051 -18367.8752578398 -18367.8752578398
0.279720279720277 -17846.1552422784 -17842.4180842681 -17842.4180842681
0.280419580419578 -17312.113010478 -17308.3499778583 -17308.3499778583
0.281118881118879 -16769.7155126664 -16765.9286718826 -16765.9286718826
0.281818181818179 -16219.22452367 -16215.4159314167 -16215.4159314167
0.28251748251748 -15660.9057244398 -15657.077427276 -15657.077427276
0.283216783216781 -15095.0285738273 -15091.1826067997 -15091.1826067997
0.283916083916081 -14521.8661785363 -14518.0045648046 -14518.0045648046
0.284615384615382 -13941.6951613153 -13937.8199112194 -13937.8199112194
0.285314685314683 -13354.7955274517 -13350.9086380745 -13350.9086380745
0.286013986013983 -12761.4505296345 -12757.5539836408 -12757.5539836408
0.286713286713284 -12161.9465312494 -12158.042296454 -12158.042296454
0.287412587412585 -11556.5728681722 -11552.6628968376 -11552.6628968376
0.288111888111885 -10945.6217091283 -10941.707936804 -10941.707936804
0.288811188811186 -10329.3879146843 -10325.4722603101 -10325.4722603101
0.289510489510487 -9708.16889494132 -9704.25325979954 -9704.25325979954
0.290209790209787 -9082.26446599664 -9078.35073275753 -9078.35073275753
0.290909090909088 -8451.9767052454 -8448.06673792722 -8448.06673792722
0.291608391608389 -7817.60980559007 -7813.70544840614 -7813.70544840614
0.292307692307689 -7179.4699286293 -7175.57300545681 -7175.57300545681
0.29300699300699 -6537.86505689654 -6533.97737111958 -6533.97737111958
0.293706293706291 -5893.10484521985 -5889.22817852301 -5889.22817852301
0.294405594405592 -5245.50047127457 -5241.63658373674 -5241.63658373674
0.295104895104892 -4595.3644854011 -4591.51511416342 -4591.51511416342
0.295804195804193 -3943.01065976013 -3939.17751935187 -3939.17751935187
0.296503496503494 -3288.75383689822 -3284.93861771718 -3284.93861771718
0.297202797202794 -2632.90977779681 -2629.11414662061 -2629.11414662061
0.297902097902095 -1975.79500947788 -1972.02060807069 -1972.02060807069
0.298601398601396 -1317.72667224001 -1457.81311594133 -1457.81311594133
0.299358432265406 -604.62240542916 657189.014434693 657189.014434693
0.300230931858836 0 153369.446972633 345555.470986068
0.301161164416975 0 1.21675161676456 0.304187904191139
0.302091396975115 0 1.20554596085015 0.301386490212539
0.303021629533254 0 1.19447740853335 0.298619352133337
0.303951862091394 0 1.18354391345471 0.295885978363677
0.304882094649533 0 1.17274354905868 0.293185887264669
0.305812327207673 0 1.16207419822269 0.290518549555673
0.306742559765812 0 1.15153379925176 0.28788344981294
0.307672792323952 0 1.14112052333481 0.285280130833703
0.308603024882091 0 1.13083238928789 0.282708097321972
0.309533257440231 0 1.12066759919473 0.280166899798681
0.31046348999837 0 1.11062434515138 0.277656086287846
0.31139372255651 0 1.10070061231026 0.275175153077566
0.312323955114649 0 1.09089480223883 0.272723700559707
0.313254187672789 0 1.08120513673605 0.270301284184013
0.314184420230929 0 1.07162991356463 0.267907478391157
0.315114652789068 0 1.06216736511369 0.265541841278424
0.316044885347208 0 1.05281587657375 0.263203969143438
0.316975117905347 0 1.04357393859457 0.260893484648642
0.317905350463487 0 1.03443980117998 0.258609950294994
0.318835583021626 0 1.02541198046997 0.256352995117492
0.319765815579766 0 1.0164888755253 0.254122218881325
0.320696048137905 0 1.00766890870089 0.251917227175221
0.321626280696045 0 0.998950861722005 0.249737715430501
0.322556513254184 0 0.990333058171008 0.247583264542752
0.323486745812324 0 0.981814023389233 0.245453505847308
0.324416978370463 0 0.973392419691491 0.243348104922873
0.325347210928603 0 0.965066913690784 0.241266728422696
0.326277443486742 0 0.956836073960817 0.239209018490204
0.327207676044882 0 0.948698530448591 0.237174632612148
0.328137908603021 0 0.940653033129401 0.23516325828235
0.329068141161161 0 0.932698245862718 0.23317456146568
0.3299983737193 0 0.924832933266543 0.231208233316636
0.33092860627744 0 0.91705571773286 0.229263929433215
0.331858838835579 0 0.909365559158958 0.227341389789739
0.332789071393719 0 0.901761015478476 0.225440253869619
0.333719303951858 0 0.894241179206509 0.223560294801627
0.334649536509998 0 0.8868046719951 0.221701167998775
0.335579769068137 0 0.879450314430294 0.219862578607574
0.336510001626277 0 0.872177137356331 0.218044284339083
0.337440234184416 0 0.864983931145141 0.216245982786285
0.338370466742556 0 0.857869581919039 0.21446739547976
0.339300699300695 0 0.850833078656852 0.212708269664213
0.340230931858835 0 0.843873255222842 0.21096831380571
0.341161164416974 0 0.836989155900524 0.209247288975131
0.342091396975114 0 0.830179775062245 0.207544943765561
0.343021629533253 0 0.823444025265212 0.205861006316303
0.343951862091393 0 0.816780967625316 0.204195241906329
0.344882094649532 0 0.810189547471969 0.202547386867992
0.345812327207672 0 0.803668953529425 0.200917238382356
0.346742559765811 0 0.797218088248178 0.199304522062045
0.347672792323951 0 0.790836023198461 0.197709005799615
0.34860302488209 0 0.784521960349638 0.196130490087409
0.34953325744023 0 0.778274962260766 0.194568740565192
0.350463489998369 0 0.772094107688573 0.193023526922143
0.351393722556509 0 0.765978482846723 0.191494620711681
0.352323955114648 0 0.759927302535896 0.189981825633974
0.353254187672788 0 0.753939635739032 0.188484908934758
0.354184420230927 0 0.7480147882555 0.187003697063875
0.355114652789067 0 0.742151861704073 0.185537965426018
0.356044885347206 0 0.736350035225842 0.18408750880646
0.356975117905346 0 0.730608451703555 0.182652112925889
0.357905350463485 0 0.724926464830065 0.181231616207516
0.358835583021625 0 0.719303227648683 0.179825806912171
0.359765815579765 0 0.713738036264013 0.178434509066003
0.360696048137904 0 0.70823011385213 0.177057528463033
0.361626280696044 0 0.702778722608787 0.175694680652197
0.362556513254183 0 0.697383011720154 0.174345752930038
0.363486745812323 0 0.692042522549594 0.173010630637398
0.364416978370462 0 0.686756377487894 0.171689094371973
0.365347210928602 0 0.681523980269125 0.170380995067281
0.366277443486741 0 0.67634453224922 0.169086133062305
0.367207676044881 0 0.671217435547933 0.167804358886983
0.36813790860302 0 0.666142070922279 0.16653551773057
0.36906814116116 0 0.66111780487702 0.165279451219255
0.369998373719299 0 0.656143798462577 0.164035949615644
0.370928606277439 0 0.651219638096526 0.162804909524131
0.371858838835578 0 0.646344617402944 0.161586154350736
0.372789071393718 0 0.641518201667786 0.160379550416946
0.373719303951857 0 0.636739637133519 0.15918490928338
0.374649536509997 0 0.63200841427125 0.158002103567812
0.375579769068136 0 0.627323974877666 0.156830993719416
0.376510001626276 0 0.622685713538297 0.155671428384574
0.377440234184415 0 0.618093110590538 0.154523277647635
0.378370466742555 0 0.613545568570827 0.153386392142707
0.379300699300694 0 0.609042345917236 0.152260586479309
0.380230931858834 0 0.604583280988983 0.151145820247246
0.381161164416973 0 0.600167573805471 0.150041893451368
0.382091396975113 0 0.595794738191382 0.148948684547846
0.383021629533252 0 0.591464270802765 0.147866067700691
0.383951862091392 0 0.587175747650603 0.146793936912651
0.384882094649531 0 0.582928590378239 0.14573214759456
0.385812327207671 0 0.578722194263667 0.144680548565917
0.38674255976581 0 0.574556187157124 0.143639046789281
0.38767279232395 0 0.570430129400683 0.142607532350171
0.388603024882089 0 0.566343475509367 0.141585868877342
0.389533257440229 0 0.562295733117638 0.14057393327941
0.390463489998368 0 0.558286489957178 0.139571622489295
0.391393722556508 0 0.554315275932003 0.138578818983001
0.392323955114647 0 0.550381622025242 0.13759540550631
0.393254187672787 0 0.546485151797363 0.136621287949341
0.394184420230926 0 0.542625310275214 0.135656327568803
0.395114652789066 0 0.538801750843173 0.134700437710793
0.396044885347205 0 0.535014030449079 0.13375350761227
0.396975117905345 0 0.531261798440065 0.132815449610016
0.397905350463484 0 0.527544424807993 0.131886106201998
0.398835583021624 0 0.523861780394453 0.130965445098613
0.399765815579763 0 0.520213207069598 0.130053301767399
0.400696048137903 0 0.516598592663081 0.12914964816577
0.401626280696042 0 0.513017373538278 0.12825434338457
0.402556513254182 0 0.509469082295927 0.127367270573982
0.403486745812321 0 0.505953402025012 0.126488350506253
0.404416978370461 0 0.502470155002954 0.125617538750739
0.4053472109286 0 0.499018698061637 0.124754674515409
0.40627744348674 0 0.495598797888614 0.123899699472154
0.40720767604488 0 0.492210026571545 0.123052506642886
0.408137908603019 0 0.488852208790482 0.122213052197621
0.409068141161159 0 0.485524783395909 0.121381195848977
0.409998373719298 0 0.482227512922629 0.120556878230657
0.410928606277438 0 0.478960009508081 0.11974000237702
0.411858838835577 0 0.475721884537136 0.118930471134284
0.412789071393717 0 0.472513030308315 0.118128257577079
0.413719303951856 0 0.469332947261975 0.117333236815494
0.414649536509996 0 0.466181254556649 0.116545313639162
0.415579769068135 0 0.463057707695604 0.115764426923901
0.416510001626275 0 0.459962117143881 0.11499052928597
0.417440234184414 0 0.456893970379054 0.114223492594763
0.418370466742554 0 0.453853105968329 0.113463276492082
0.419300699300693 0 0.450839072345691 0.112709768086423
0.420230931858833 0 0.447851801667501 0.111962950416875
0.421161164416972 0 0.444890737610434 0.111222684402608
0.422091396975112 0 0.441955837452332 0.110488959363083
0.423021629533251 0 0.439046600890611 0.109761650222653
0.423951862091391 0 0.436162874352618 0.109040718588154
0.42488209464953 0 0.433304372652516 0.108326093163129
0.42581232720767 0 0.430470726462205 0.107617681615551
0.426742559765809 0 0.427661759720738 0.106915439930184
0.427672792323949 0 0.4248773068096 0.1062193267024
0.428603024882088 0 0.422116765677126 0.105529191419281
0.429533257440228 0 0.41938016415084 0.10484504103771
0.430463489998367 0 0.416667253015628 0.104166813253907
0.431393722556507 0 0.413977617560057 0.103494404390014
0.432323955114646 0 0.411311118412019 0.102827779603005
0.433254187672786 0 0.408667378283021 0.102166844570755
0.434184420230925 0 0.406046320928695 0.101511580232174
0.435114652789065 0 0.403447657741592 0.100861914435398
0.436044885347204 0 0.400871064298905 0.100217766074726
0.436975117905344 0 0.398316422775479 0.0995791056938697
0.437905350463483 0 0.395783340719689 0.0989458351799221
0.438835583021623 0 0.393271787820366 0.0983179469550915
0.439765815579762 0 0.390781449893771 0.0976953624734427
0.440696048137902 0 0.388312036048859 0.0970780090122147
0.441626280696041 0 0.385863355896405 0.0964658389741013
0.442556513254181 0 0.383435298095619 0.0958588245239049
0.44348674581232 0 0.381027545153599 0.0952568862883997
0.44441697837046 0 0.378639913041017 0.0946599782602542
0.445347210928599 0 0.376272131773054 0.0940680329432634
0.446277443486739 0 0.373924086012806 0.0934810215032016
0.447207676044878 0 0.371595529766751 0.0928988824416878
0.448137908603018 0 0.369286359417228 0.092321589854307
0.449068141161157 0 0.366996130530877 0.0917490326327191
0.449998373719297 0 0.364724889856715 0.0911812224641789
0.450928606277436 0 0.362472330405798 0.0906180826014495
0.451858838835576 0 0.360238392709868 0.0900595981774669
0.452789071393715 0 0.358022616736389 0.0895056541840973
0.453719303951855 0 0.355825005975143 0.0889562514937858
0.454649536509995 0 0.353645412422839 0.0884113531057099
0.455579769068134 0 0.351483545374844 0.0878708863437111
0.456510001626274 0 0.349339243304129 0.0873348108260322
0.457440234184413 0 0.347212384251819 0.0868030960629548
0.458370466742553 0 0.345102664345758 0.0862756660864394
0.459300699300692 0 0.343010165375889 0.0857525413439723
0.460230931858832 0 0.340934442710265 0.0852336106775663
0.461161164416971 0 0.338875420963199 0.0847188552407998
0.462091396975111 0 0.336832942420711 0.0842082356051778
0.46302162953325 0 0.334806873613501 0.0837017184033753
0.46395186209139 0 0.332797080529026 0.0831992701322566
0.464882094649529 0 0.330803238943357 0.0827008097358392
0.465812327207669 0 0.32882533560465 0.0822063339011626
0.466742559765808 0 0.326863149879349 0.0817157874698373
0.467672792323948 0 0.324916622925056 0.081229155731264
0.468603024882087 0 0.322985503578698 0.0807463758946746
0.469533257440227 0 0.321069552554887 0.0802673881387218
0.470463489998366 0 0.319168813289318 0.0797922033223295
0.471393722556506 0 0.317283027098182 0.0793207567745455
0.472323955114645 0 0.315412067440445 0.0788530168601114
0.473254187672785 0 0.313555848624776 0.078388962156194
0.474184420230924 0 0.311714003453177 0.0779285008632941
0.475114652789064 0 0.309886745139342 0.0774716862848355
0.476044885347203 0 0.3080736904393 0.077018422609825
0.476975117905343 0 0.306274621990299 0.0765686554975748
0.477905350463482 0 0.304489692495333 0.0761224231238332
0.478835583021622 0 0.302718510501703 0.0756796276254257
0.479765815579761 0 0.300961067054605 0.0752402667636513
0.480696048137901 0 0.299217183343865 0.0748042958359662
0.48162628069604 0 0.297486779593354 0.0743716948983386
0.48255651325418 0 0.295769651158603 0.0739424127896508
0.483486745812319 0 0.294065770373631 0.0735164425934078
0.484416978370459 0 0.292374930781299 0.0730937326953247
0.485347210928598 0 0.290697015982575 0.0726742539956438
0.486277443486738 0 0.289032005405729 0.0722580013514322
0.487207676044877 0 0.287379519678593 0.0718448799196482
0.488137908603017 0 0.285739680864345 0.0714349202160863
0.489068141161156 0 0.284112329444078 0.0710280823610194
0.489998373719296 0 0.282497358121035 0.0706243395302587
0.490928606277435 0 0.280894421184177 0.0702236052960443
0.491858838835575 0 0.279303729157603 0.0698259322894007
0.492789071393714 0 0.27772500204817 0.0694312505120424
0.493719303951854 0 0.276158131778128 0.0690395329445321
0.494649536509993 0 0.27460312165983 0.0686507804149574
0.495579769068133 0 0.273059631148474 0.0682649077871185
0.496510001626272 0 0.271527736835826 0.0678819342089565
0.497440234184412 0 -289.041835807423 -72.2604589518557
