0.00697674418604651 1 27285378.624634 27285378.624634
0.013953488372093 1 27285378.374634 27285378.374634
0.0209302325581395 1 3031708.56940378 3031708.56940378
0.027906976744186 1 -19554521.2976544 -19554521.2976544
0.0348837209302326 1 -22659857.0987437 -22659857.0987437
0.0418604651162791 1 -6318465.82427592 -6318465.82427592
0.0488372093023256 1 13381891.1069239 13381891.1069239
0.0558139534883721 1 19111021.4819168 19111021.4819168
0.0627906976744186 1 7243195.14964327 7243195.14964327
0.0697674418604651 1 -10041523.9632772 -10041523.9632772
0.0767441860465116 1 -16713026.0594119 -16713026.0594119
0.0837209302325581 1 -7530575.51974529 -7530575.51974529
0.0906976744186047 1 7932867.15501229 7932867.15501229
0.0976744186046512 1 14971596.6386962 14971596.6386962
0.104651162790698 1 7583399.88698413 7583399.88698413
0.111627906976744 1 -6470784.90117518 -6470784.90117518
0.118604651162791 1 -13635763.1208971 -13635763.1208971
0.125581395348837 1 -7535825.71119105 -7535825.71119105
0.132558139534884 1 5392681.22638997 5392681.22638997
0.13953488372093 1 12569768.5244244 12569768.5244244
0.146511627906977 1 7442288.95721857 7442288.95721857
0.153488372093023 1 -4562525.65762079 -4562525.65762079
0.16046511627907 1 -11693742.2467056 -11693742.2467056
0.167441860465116 1 -7327728.31192096 -7327728.31192096
0.174418604651163 1 3902422.31796712 3902422.31796712
0.181395348837209 1 10957374.5557853 10957374.5557853
0.188372093023256 1 7204494.1462648 7204494.1462648
0.195348837209302 1 -3364364.05500319 -3364364.05500319
0.202325581395349 1 -10327224.0619837 -10327224.0619837
0.209302325581395 1 -7079005.77926869 -7079005.77926869
0.216279069767442 1 2917056.09429627 2917056.09429627
0.223255813953488 1 9780086.80986242 9780086.80986242
0.230232558139535 1 6954681.4724153 6954681.4724153
0.237209302325581 1 -2539174.67754982 -2539174.67754982
0.244186046511628 1 -9299290.77157788 -9299290.77157788
0.251162790697674 1 -6833339.67396812 -6833339.67396812
0.258139534883721 1 2215660.21485006 2215660.21485006
0.265116279069767 1 8872506.62715441 8872506.62715441
0.272093023255814 1 6715913.30444801 6715913.30444801
0.27906976744186 1 -1935557.66789966 -1935557.66789966
0.286046511627907 1 -8490393.09621755 -8490393.09621755
0.293023255813953 1 -6602832.49035658 -6602832.49035658
0.299418604651163 1 2032775.95130458 2032775.95130458
0.304651162790698 1 13575213.3258544 13575213.3258544
0.309302325581395 1 9814777.29424774 9814777.29424774
0.313953488372093 1 -3559767.24669609 -3559767.24669609
0.318604651162791 1 -13232736.4023505 -13232736.4023505
0.323255813953488 1 -9725206.58517666 -9725206.58517666
0.327906976744186 1 3320211.95360775 3320211.95360775
0.332558139534884 1 12910718.9825049 12910718.9825049
0.337209302325581 1 9637230.01800364 9637230.01800364
0.341860465116279 1 -3098159.39123898 -3098159.39123898
0.346511627906977 1 -12607213.7778357 -12607213.7778357
0.351162790697674 1 -9550936.81041516 -9550936.81041516
0.355813953488372 1 2891757.97640137 2891757.97640137
0.36046511627907 1 12320523.9587549 12320523.9587549
0.365116279069767 1 9466380.46203796 9466380.46203796
0.369767441860465 1 -2699411.39001839 -2699411.39001839
0.374418604651163 1 -12049163.1110155 -12049163.1110155
0.37906976744186 1 -9383587.71826313 -9383587.71826313
0.383720930232558 1 2519735.64460038 2519735.64460038
0.388372093023256 1 11791822.7629176 11791822.7629176
0.393023255813953 1 9302565.30150974 9302565.30150974
0.397674418604651 1 -2351524.59475778 -2351524.59475778
0.402325581395349 1 -11547345.8454995 -11547345.8454995
0.406976744186047 1 -9223304.9973564 -9223304.9973564
0.411627906976744 1 2193722.00504961 2193722.00504961
0.416279069767442 1 11314704.8441069 11314704.8441069
0.42093023255814 1 9145787.51787557 9145787.51787557
0.425581395348837 1 -2045398.75773684 -2045398.75773684
0.430232558139535 1 -11092983.6903959 -11092983.6903959
0.434883720930233 1 -9069985.44878558 -9069985.44878558
0.43953488372093 1 1905734.12416956 1905734.12416956
0.444186046511628 1 10881362.6598399 10881362.6598399
0.448837209302326 1 8995865.5053114 8995865.5053114
0.453488372093023 1 -1774000.27456712 -1774000.27456712
0.458139534883721 1 -10679105.7016259 -10679105.7016259
0.462790697674419 1 -8923390.26300282 -8923390.26300282
0.467441860465116 1 1649549.38791663 1649549.38791663
0.472093023255814 1 10485549.7505407 10485549.7505407
0.476744186046512 1 8852519.48753241 8852519.48753241
0.481395348837209 1 -1531802.86405327 -1531802.86405327
0.486046511627907 1 -10300095.6640458 -10300095.6640458
0.490697674418605 1 -8783211.15656565 -8783211.15656565
0.495348837209302 1 1420242.2465563 1420242.2465563
