0 4 -0
0.000699300699300699 4 -659.022366595641
0.0013986013986014 4 -1317.72667223726
0.0020979020979021 4 -1975.79500947514
0.0027972027972028 4 -2632.90977779409
0.0034965034965035 4 -3288.75383689552
0.0041958041958042 4 -3943.01065975744
0.0048951048951049 4 -4595.36448539844
0.00559440559440559 4 -5245.50047127193
0.00629370629370629 4 -5893.10484521723
0.00699300699300699 4 -6537.86505689395
0.00769230769230769 4 -7179.46992862673
0.00839160839160839 4 -7817.60980558753
0.00909090909090909 4 -8451.97670524289
0.00979020979020979 4 -9082.26446599416
0.0104895104895105 4 -9708.16889493886
0.0111888111888112 4 -10329.3879146819
0.0118881118881119 4 -10945.6217091259
0.0125874125874126 4 -11556.5728681699
0.0132867132867133 4 -12161.9465312471
0.013986013986014 4 -12761.4505296322
0.0146853146853147 4 -13354.7955274494
0.0153846153846154 4 -13941.695161313
0.0160839160839161 4 -14521.8661785341
0.0167832167832168 4 -15095.0285738251
0.0174825174825175 4 -15660.9057244377
0.0181818181818182 4 -16219.2245236679
0.0188811188811189 4 -16769.7155126644
0.0195804195804196 4 -17312.1130104761
0.0202797202797203 4 -17846.1552422765
0.020979020979021 4 -18371.5844657031
0.0216783216783217 4 -18888.1470952503
0.0223776223776224 4 -19395.5938246562
0.0230769230769231 4 -19893.6797472239
0.0237762237762238 4 -20382.1644740202
0.0244755244755245 4 -20860.812249893
0.0251748251748252 4 -21329.3920672531
0.0258741258741259 4 -21787.6777775638
0.0265734265734266 4 -22235.4482004866
0.0272727272727273 4 -22672.4872306278
0.027972027972028 4 -23098.5839418369
0.0286713286713287 4 -23513.532689005
0.0293706293706294 4 -23917.1332073137
0.0300699300699301 4 -24309.1907088889
0.0307692307692308 4 -24689.5159768097
0.0314685314685315 4 -25057.9254564296
0.0321678321678322 4 -25414.2413439644
0.0328671328671329 4 -25758.2916723053
0.0335664335664336 4 -26089.9103940141
0.0342657342657343 4 -26408.9374614621
0.034965034965035 4 -26715.2189040733
0.0356643356643357 4 -27008.6069026342
0.0363636363636364 4 -27288.9598606356
0.0370629370629371 4 -27556.14247261
0.0377622377622378 4 -27810.025789434
0.0384615384615385 4 -28050.4872805625
0.0391608391608392 4 -28277.4108931643
0.0398601398601399 4 -28490.6871081332
0.0405594405594406 4 -28690.2129929438
0.0412587412587413 4 -28875.89225133
0.041958041958042 4 -29047.6352697594
0.0426573426573427 4 -29205.3591606837
0.0433566433566434 4 -29348.9878025421
0.0440559440559441 4 -29478.4518764992
0.0447552447552448 4 -29593.6888999006
0.0454545454545455 4 -29694.643256428
0.0461538461538462 4 -29781.2662229416
0.0468531468531469 4 -29853.5159929949
0.0475524475524476 4 -29911.3576970113
0.0482517482517483 4 -29954.7634191135
0.048951048951049 4 -29983.7122105962
0.0496503496503497 4 -29998.1901000364
0.0503496503496504 4 -29998.1901000364
0.0510489510489511 4 -29983.7122105962
0.0517482517482518 4 -29954.7634191135
0.0524475524475525 4 -29911.3576970113
0.0531468531468532 4 -29853.5159929949
0.0538461538461539 4 -29781.2662229416
0.0545454545454546 4 -29694.643256428
0.0552447552447553 4 -29593.6888999005
0.055944055944056 4 -29478.4518764992
0.0566433566433567 4 -29348.987802542
0.0573426573426574 4 -29205.3591606837
0.0580419580419581 4 -29047.6352697593
0.0587412587412588 4 -28875.8922513299
0.0594405594405595 4 -28690.2129929438
0.0601398601398602 4 -28490.6871081332
0.0608391608391609 4 -28277.4108931643
0.0615384615384616 4 -28050.4872805624
0.0622377622377623 4 -27810.025789434
0.062937062937063 4 -27556.1424726099
0.0636363636363637 4 -27288.9598606355
0.0643356643356644 4 -27008.6069026342
0.0650349650349651 4 -26715.2189040732
0.0657342657342658 4 -26408.9374614621
0.0664335664335665 4 -26089.910394014
0.0671328671328672 4 -25758.2916723053
0.0678321678321679 4 -25414.2413439644
0.0685314685314686 4 -25057.9254564295
0.0692307692307693 4 -24689.5159768096
0.06993006993007 4 -24309.1907088888
0.0706293706293707 4 -23917.1332073136
0.0713286713286714 4 -23513.5326890049
0.0720279720279721 4 -23098.5839418369
0.0727272727272728 4 -22672.4872306277
0.0734265734265735 4 -22235.4482004865
0.0741258741258742 4 -21787.6777775637
0.0748251748251749 4 -21329.392067253
0.0755244755244756 4 -20860.8122498929
0.0762237762237763 4 -20382.1644740201
0.076923076923077 4 -19893.6797472238
0.0776223776223777 4 -19395.5938246561
0.0783216783216784 4 -18888.1470952503
0.0790209790209791 4 -18371.5844657031
0.0797202797202798 4 -17846.1552422764
0.0804195804195805 4 -17312.113010476
0.0811188811188812 4 -16769.7155126643
0.0818181818181819 4 -16219.2245236678
0.0825174825174826 4 -15660.9057244376
0.0832167832167833 4 -15095.028573825
0.083916083916084 4 -14521.866178534
0.0846153846153847 4 -13941.695161313
0.0853146853146854 4 -13354.7955274493
0.0860139860139861 4 -12761.4505296321
0.0867132867132868 4 -12161.946531247
0.0874125874125875 4 -11556.5728681698
0.0881118881118882 4 -10945.6217091258
0.0888111888111889 4 -10329.3879146818
0.0895104895104896 4 -9708.16889493875
0.0902097902097903 4 -9082.26446599405
0.090909090909091 4 -8451.97670524278
0.0916083916083917 4 -7817.60980558741
0.0923076923076924 4 -7179.46992862661
0.0930069930069931 4 -6537.86505689383
0.0937062937062938 4 -5893.10484521711
0.0944055944055945 4 -5245.50047127181
0.0951048951048952 4 -4595.36448539831
0.0958041958041959 4 -3943.01065975732
0.0965034965034966 4 -3288.75383689539
0.0972027972027973 4 -2632.90977779396
0.097902097902098 4 -1975.79500947501
0.0986013986013987 4 -1317.72667223713
0.0993006993006994 4 -659.022366595512
0.1 4 1.29552943893552e-010
0.100699300699301 4 659.022366595785
0.101398601398602 4 1317.7266722374
0.102097902097902 4 1975.79500947528
0.102797202797203 4 2632.90977779423
0.103496503496504 4 3288.75383689567
0.104195804195804 4 3943.01065975759
0.104895104895105 4 4595.36448539858
0.105594405594406 4 5245.50047127208
0.106293706293706 4 5893.10484521738
0.106993006993007 4 6537.8650568941
0.107692307692308 4 7179.46992862688
0.108391608391609 4 7817.60980558768
0.109090909090909 4 8451.97670524303
0.10979020979021 4 9082.26446599431
0.110489510489511 4 9708.16889493901
0.111188811188811 4 10329.3879146821
0.111888111888112 4 10945.621709126
0.112587412587413 4 11556.57286817
0.113286713286713 4 12161.9465312472
0.113986013986014 4 12761.4505296324
0.114685314685315 4 13354.7955274496
0.115384615384616 4 13941.6951613132
0.116083916083916 4 14521.8661785343
0.116783216783217 4 15095.0285738253
0.117482517482518 4 15660.9057244379
0.118181818181818 4 16219.2245236681
0.118881118881119 4 16769.7155126645
0.11958041958042 4 17312.1130104762
0.12027972027972 4 17846.1552422766
0.120979020979021 4 18371.5844657033
0.121678321678322 4 18888.1470952505
0.122377622377623 4 19395.5938246563
0.123076923076923 4 19893.679747224
0.123776223776224 4 20382.1644740203
0.124475524475525 4 20860.8122498931
0.125174825174825 4 21329.3920672532
0.125874125874126 4 21787.6777775639
0.126573426573427 4 22235.4482004867
0.127272727272727 4 22672.4872306278
0.127972027972028 4 23098.583941837
0.128671328671329 4 23513.532689005
0.129370629370629 4 23917.1332073138
0.13006993006993 4 24309.190708889
0.130769230769231 4 24689.5159768097
0.131468531468532 4 25057.9254564296
0.132167832167832 4 25414.2413439644
0.132867132867133 4 25758.2916723053
0.133566433566434 4 26089.9103940141
0.134265734265734 4 26408.9374614621
0.134965034965035 4 26715.2189040733
0.135664335664336 4 27008.6069026342
0.136363636363636 4 27288.9598606356
0.137062937062937 4 27556.1424726099
0.137762237762238 4 27810.025789434
0.138461538461538 4 28050.4872805624
0.139160839160839 4 28277.4108931643
0.13986013986014 4 28490.6871081332
0.14055944055944 4 28690.2129929438
0.141258741258741 4 28875.8922513299
0.141958041958042 4 29047.6352697593
0.142657342657343 4 29205.3591606837
0.143356643356643 4 29348.987802542
0.144055944055944 4 29478.4518764992
0.144755244755245 4 29593.6888999005
0.145454545454545 4 29694.643256428
0.146153846153846 4 29781.2662229416
0.146853146853147 4 29853.5159929949
0.147552447552447 4 29911.3576970113
0.148251748251748 4 29954.7634191135
0.148951048951049 4 29983.7122105962
0.149650349650349 4 29998.1901000364
0.15034965034965 4 29998.1901000364
0.151048951048951 4 29983.7122105962
0.151748251748251 4 29954.7634191135
0.152447552447552 4 29911.3576970113
0.153146853146853 4 29853.5159929949
0.153846153846154 4 29781.2662229417
0.154545454545454 4 29694.643256428
0.155244755244755 4 29593.6888999006
0.155944055944056 4 29478.4518764993
0.156643356643356 4 29348.9878025421
0.157342657342657 4 29205.3591606838
0.158041958041958 4 29047.6352697594
0.158741258741258 4 28875.89225133
0.159440559440559 4 28690.2129929439
0.16013986013986 4 28490.6871081333
0.16083916083916 4 28277.4108931645
0.161538461538461 4 28050.4872805626
0.162237762237762 4 27810.0257894342
0.162937062937062 4 27556.1424726101
0.163636363636363 4 27288.9598606357
0.164335664335664 4 27008.6069026344
0.165034965034965 4 26715.2189040735
0.165734265734265 4 26408.9374614623
0.166433566433566 4 26089.9103940143
0.167132867132867 4 25758.2916723056
0.167832167832167 4 25414.2413439647
0.168531468531468 4 25057.9254564298
0.169230769230769 4 24689.51597681
0.169930069930069 4 24309.1907088892
0.17062937062937 4 23917.1332073141
0.171328671328671 4 23513.5326890053
0.172027972027971 4 23098.5839418373
0.172727272727272 4 22672.4872306282
0.173426573426573 4 22235.448200487
0.174125874125873 4 21787.6777775642
0.174825174825174 4 21329.3920672535
0.175524475524475 4 20860.8122498935
0.176223776223775 4 20382.1644740207
0.176923076923076 4 19893.6797472244
0.177622377622377 4 19395.5938246567
0.178321678321678 4 18888.1470952509
0.179020979020978 4 18371.5844657037
0.179720279720279 4 17846.1552422771
0.18041958041958 4 17312.1130104767
0.18111888111888 4 16769.715512665
0.181818181818181 4 16219.2245236686
0.182517482517482 4 15660.9057244384
0.183216783216782 4 15095.0285738258
0.183916083916083 4 14521.8661785348
0.184615384615384 4 13941.6951613138
0.185314685314684 4 13354.7955274502
0.186013986013985 4 12761.450529633
0.186713286713286 4 12161.9465312479
0.187412587412586 4 11556.5728681707
0.188111888111887 4 10945.6217091267
0.188811188811188 4 10329.3879146828
0.189510489510489 4 9708.16889493972
0.190209790209789 4 9082.26446599504
0.19090909090909 4 8451.97670524379
0.191608391608391 4 7817.60980558844
0.192307692307691 4 7179.46992862767
0.193006993006992 4 6537.8650568949
0.193706293706293 4 5893.1048452182
0.194405594405593 4 5245.50047127291
0.195104895104894 4 4595.36448539944
0.195804195804195 4 3943.01065975846
0.196503496503495 4 3288.75383689655
0.197202797202796 4 2632.90977779513
0.197902097902097 4 1975.7950094762
0.198601398601397 4 1317.72667223833
0.199300699300698 4 659.022366596728
0.199999999999999 4 1.09980709435409e-009
0.2006993006993 4 -659.022366594529
0.2013986013986 4 -1317.72667223614
0.202097902097901 4 -1975.79500947403
0.202797202797202 4 -2632.90977779297
0.203496503496502 4 -3288.75383689439
0.204195804195803 4 -3943.01065975631
0.204895104895104 4 -4595.36448539729
0.205594405594404 4 -5245.50047127077
0.206293706293705 4 -5893.10484521607
0.206993006993006 4 -6537.86505689278
0.207692307692306 4 -7179.46992862556
0.208391608391607 4 -7817.60980558635
0.209090909090908 4 -8451.9767052417
0.209790209790208 4 -9082.26446599297
0.210489510489509 4 -9708.16889493767
0.21118881118881 4 -10329.3879146807
0.211888111888111 4 -10945.6217091247
0.212587412587411 4 -11556.5728681687
0.213286713286712 4 -12161.9465312459
0.213986013986013 4 -12761.450529631
0.214685314685313 4 -13354.7955274482
0.215384615384614 4 -13941.6951613119
0.216083916083915 4 -14521.8661785329
0.216783216783215 4 -15095.0285738239
0.217482517482516 4 -15660.9057244365
0.218181818181817 4 -16219.2245236667
0.218881118881117 4 -16769.7155126632
0.219580419580418 4 -17312.1130104749
0.220279720279719 4 -17846.1552422753
0.220979020979019 4 -18371.584465702
0.22167832167832 4 -18888.1470952492
0.222377622377621 4 -19395.593824655
0.223076923076922 4 -19893.6797472227
0.223776223776222 4 -20382.164474019
0.224475524475523 4 -20860.8122498919
0.225174825174824 4 -21329.392067252
0.225874125874124 4 -21787.6777775628
0.226573426573425 4 -22235.4482004855
0.227272727272726 4 -22672.4872306267
0.227972027972026 4 -23098.5839418359
0.228671328671327 4 -23513.532689004
0.229370629370628 4 -23917.1332073127
0.230069930069928 4 -24309.190708888
0.230769230769229 4 -24689.5159768088
0.23146853146853 4 -25057.9254564287
0.23216783216783 4 -25414.2413439635
0.232867132867131 4 -25758.2916723045
0.233566433566432 4 -26089.9103940133
0.234265734265732 4 -26408.9374614613
0.234965034965033 4 -26715.2189040725
0.235664335664334 4 -27008.6069026335
0.236363636363635 4 -27288.9598606348
0.237062937062935 4 -27556.1424726093
0.237762237762236 4 -27810.0257894334
0.238461538461537 4 -28050.4872805618
0.239160839160837 4 -28277.4108931637
0.239860139860138 4 -28490.6871081326
0.240559440559439 4 -28690.2129929433
0.241258741258739 4 -28875.8922513295
0.24195804195804 4 -29047.6352697589
0.242657342657341 4 -29205.3591606833
0.243356643356641 4 -29348.9878025417
0.244055944055942 4 -29478.4518764988
0.244755244755243 4 -29593.6888999002
0.245454545454543 4 -29694.6432564277
0.246153846153844 4 -29781.2662229414
0.246853146853145 4 -29853.5159929947
0.247552447552446 4 -29911.3576970111
0.248251748251746 4 -29954.7634191134
0.248951048951047 4 -29983.7122105962
0.249650349650348 4 -29998.1901000364
0.250349650349648 4 -29998.1901000364
0.251048951048949 4 -29983.7122105963
0.25174825174825 4 -29954.7634191136
0.25244755244755 4 -29911.3576970114
0.253146853146851 4 -29853.5159929951
0.253846153846152 4 -29781.2662229419
0.254545454545452 4 -29694.6432564283
0.255244755244753 4 -29593.6888999009
0.255944055944054 4 -29478.4518764996
0.256643356643354 4 -29348.9878025425
0.257342657342655 4 -29205.3591606842
0.258041958041956 4 -29047.6352697599
0.258741258741257 4 -28875.8922513305
0.259440559440557 4 -28690.2129929444
0.260139860139858 4 -28490.6871081339
0.260839160839159 4 -28277.410893165
0.261538461538459 4 -28050.4872805632
0.26223776223776 4 -27810.0257894348
0.262937062937061 4 -27556.1424726108
0.263636363636361 4 -27288.9598606365
0.264335664335662 4 -27008.6069026352
0.265034965034963 4 -26715.2189040743
0.265734265734263 4 -26408.9374614631
0.266433566433564 4 -26089.9103940152
0.267132867132865 4 -25758.2916723064
0.267832167832165 4 -25414.2413439656
0.268531468531466 4 -25057.9254564308
0.269230769230767 4 -24689.515976811
0.269930069930068 4 -24309.1907088902
0.270629370629368 4 -23917.1332073151
0.271328671328669 4 -23513.5326890064
0.27202797202797 4 -23098.5839418384
0.27272727272727 4 -22672.4872306293
0.273426573426571 4 -22235.4482004881
0.274125874125872 4 -21787.6777775654
0.274825174825172 4 -21329.3920672547
0.275524475524473 4 -20860.8122498947
0.276223776223774 4 -20382.1644740219
0.276923076923074 4 -19893.6797472257
0.277622377622375 4 -19395.593824658
0.278321678321676 4 -18888.1470952522
0.279020979020976 4 -18371.5844657051
0.279720279720277 4 -17846.1552422784
0.280419580419578 4 -17312.113010478
0.281118881118879 4 -16769.7155126664
0.281818181818179 4 -16219.22452367
0.28251748251748 4 -15660.9057244398
0.283216783216781 4 -15095.0285738273
0.283916083916081 4 -14521.8661785363
0.284615384615382 4 -13941.6951613153
0.285314685314683 4 -13354.7955274517
0.286013986013983 4 -12761.4505296345
0.286713286713284 4 -12161.9465312494
0.287412587412585 4 -11556.5728681722
0.288111888111885 4 -10945.6217091283
0.288811188811186 4 -10329.3879146843
0.289510489510487 4 -9708.16889494132
0.290209790209787 4 -9082.26446599664
0.290909090909088 4 -8451.9767052454
0.291608391608389 4 -7817.60980559007
0.292307692307689 4 -7179.4699286293
0.29300699300699 4 -6537.86505689654
0.293706293706291 4 -5893.10484521985
0.294405594405592 4 -5245.50047127457
0.295104895104892 4 -4595.3644854011
0.295804195804193 4 -3943.01065976013
0.296503496503494 4 -3288.75383689822
0.297202797202794 4 -2632.90977779681
0.297902097902095 4 -1975.79500947788
0.298601398601396 4 -1317.72667224001
0.299300699300696 4 -659.02236659841
0.300230931858836 4 0
0.301161164416975 4 0
0.302091396975115 4 0
0.303021629533254 4 0
0.303951862091394 4 0
0.304882094649533 4 0
0.305812327207673 4 0
0.306742559765812 4 0
0.307672792323952 4 0
0.308603024882091 4 0
0.309533257440231 4 0
0.31046348999837 4 0
0.31139372255651 4 0
0.312323955114649 4 0
0.313254187672789 4 0
0.314184420230929 4 0
0.315114652789068 4 0
0.316044885347208 4 0
0.316975117905347 4 0
0.317905350463487 4 0
0.318835583021626 4 0
0.319765815579766 4 0
0.320696048137905 4 0
0.321626280696045 4 0
0.322556513254184 4 0
0.323486745812324 4 0
0.324416978370463 4 0
0.325347210928603 4 0
0.326277443486742 4 0
0.327207676044882 4 0
0.328137908603021 4 0
0.329068141161161 4 0
0.3299983737193 4 0
0.33092860627744 4 0
0.331858838835579 4 0
0.332789071393719 4 0
0.333719303951858 4 0
0.334649536509998 4 0
0.335579769068137 4 0
0.336510001626277 4 0
0.337440234184416 4 0
0.338370466742556 4 0
0.339300699300695 4 0
0.340230931858835 4 0
0.341161164416974 4 0
0.342091396975114 4 0
0.343021629533253 4 0
0.343951862091393 4 0
0.344882094649532 4 0
0.345812327207672 4 0
0.346742559765811 4 0
0.347672792323951 4 0
0.34860302488209 4 0
0.34953325744023 4 0
0.350463489998369 4 0
0.351393722556509 4 0
0.352323955114648 4 0
0.353254187672788 4 0
0.354184420230927 4 0
0.355114652789067 4 0
0.356044885347206 4 0
0.356975117905346 4 0
0.357905350463485 4 0
0.358835583021625 4 0
0.359765815579765 4 0
0.360696048137904 4 0
0.361626280696044 4 0
0.362556513254183 4 0
0.363486745812323 4 0
0.364416978370462 4 0
0.365347210928602 4 0
0.366277443486741 4 0
0.367207676044881 4 0
0.36813790860302 4 0
0.36906814116116 4 0
0.369998373719299 4 0
0.370928606277439 4 0
0.371858838835578 4 0
0.372789071393718 4 0
0.373719303951857 4 0
0.374649536509997 4 0
0.375579769068136 4 0
0.376510001626276 4 0
0.377440234184415 4 0
0.378370466742555 4 0
0.379300699300694 4 0
0.380230931858834 4 0
0.381161164416973 4 0
0.382091396975113 4 0
0.383021629533252 4 0
0.383951862091392 4 0
0.384882094649531 4 0
0.385812327207671 4 0
0.38674255976581 4 0
0.38767279232395 4 0
0.388603024882089 4 0
0.389533257440229 4 0
0.390463489998368 4 0
0.391393722556508 4 0
0.392323955114647 4 0
0.393254187672787 4 0
0.394184420230926 4 0
0.395114652789066 4 0
0.396044885347205 4 0
0.396975117905345 4 0
0.397905350463484 4 0
0.398835583021624 4 0
0.399765815579763 4 0
0.400696048137903 4 0
0.401626280696042 4 0
0.402556513254182 4 0
0.403486745812321 4 0
0.404416978370461 4 0
0.4053472109286 4 0
0.40627744348674 4 0
0.40720767604488 4 0
0.408137908603019 4 0
0.409068141161159 4 0
0.409998373719298 4 0
0.410928606277438 4 0
0.411858838835577 4 0
0.412789071393717 4 0
0.413719303951856 4 0
0.414649536509996 4 0
0.415579769068135 4 0
0.416510001626275 4 0
0.417440234184414 4 0
0.418370466742554 4 0
0.419300699300693 4 0
0.420230931858833 4 0
0.421161164416972 4 0
0.422091396975112 4 0
0.423021629533251 4 0
0.423951862091391 4 0
0.42488209464953 4 0
0.42581232720767 4 0
0.426742559765809 4 0
0.427672792323949 4 0
0.428603024882088 4 0
0.429533257440228 4 0
0.430463489998367 4 0
0.431393722556507 4 0
0.432323955114646 4 0
0.433254187672786 4 0
0.434184420230925 4 0
0.435114652789065 4 0
0.436044885347204 4 0
0.436975117905344 4 0
0.437905350463483 4 0
0.438835583021623 4 0
0.439765815579762 4 0
0.440696048137902 4 0
0.441626280696041 4 0
0.442556513254181 4 0
0.44348674581232 4 0
0.44441697837046 4 0
0.445347210928599 4 0
0.446277443486739 4 0
0.447207676044878 4 0
0.448137908603018 4 0
0.449068141161157 4 0
0.449998373719297 4 0
0.450928606277436 4 0
0.451858838835576 4 0
0.452789071393715 4 0
0.453719303951855 4 0
0.454649536509995 4 0
0.455579769068134 4 0
0.456510001626274 4 0
0.457440234184413 4 0
0.458370466742553 4 0
0.459300699300692 4 0
0.460230931858832 4 0
0.461161164416971 4 0
0.462091396975111 4 0
0.46302162953325 4 0
0.46395186209139 4 0
0.464882094649529 4 0
0.465812327207669 4 0
0.466742559765808 4 0
0.467672792323948 4 0
0.468603024882087 4 0
0.469533257440227 4 0
0.470463489998366 4 0
0.471393722556506 4 0
0.472323955114645 4 0
0.473254187672785 4 0
0.474184420230924 4 0
0.475114652789064 4 0
0.476044885347203 4 0
0.476975117905343 4 0
0.477905350463482 4 0
0.478835583021622 4 0
0.479765815579761 4 0
0.480696048137901 4 0
0.48162628069604 4 0
0.48255651325418 4 0
0.483486745812319 4 0
0.484416978370459 4 0
0.485347210928598 4 0
0.486277443486738 4 0
0.487207676044877 4 0
0.488137908603017 4 0
0.489068141161156 4 0
0.489998373719296 4 0
0.490928606277435 4 0
0.491858838835575 4 0
0.492789071393714 4 0
0.493719303951854 4 0
0.494649536509993 4 0
0.495579769068133 4 0
0.496510001626272 4 0
0.497440234184412 4 0
0.498370466742551 4 0
