0.00348837209302326 -0 -0
0.0104651162790698 0.00232558139363922 0.00232558139363922
0.0174418604651163 0.00558139535125216 0.00558139535125216
0.0244186046511628 0.00897009966990936 0.00897009966990936
0.0313953488372093 0.0124031007755813 0.0124031007755813
0.0383720930232558 0.0158562367874045 0.0158562367874045
0.0453488372093023 0.0193202146633098 0.0193202146633098
0.0523255813953488 0.0227906976666266 0.0227906976666266
0.0593023255813954 0.0262653898688351 0.0262653898688351
0.0662790697674419 0.029742962053092 0.029742962053092
0.0732558139534884 0.0332225913650556 0.0332225913650556
0.0802325581395349 0.0367037411536823 0.0367037411536823
0.0872093023255814 0.04018604651435 0.04018604651435
0.0941860465116279 0.0436692506482927 0.0436692506482927
0.101162790697674 0.0471531675997502 0.0471531675997502
0.108139534883721 0.0506376594142921 0.0506376594142921
0.115116279069767 0.0541226215628399 0.0541226215628399
0.122093023255814 0.0576079734212461 0.0576079734212461
0.129069767441861 0.061093651797061 0.061093651797061
0.136046511627907 0.0645796064443023 0.0645796064443023
0.143023255813954 0.0680657969429414 0.0680657969429414
0.15 0.0715521903727752 0.0715521903727752
0.156976744186047 0.0750387596920632 0.0750387596920632
0.163953488372093 0.0785254824379914 0.0785254824379914
0.17093023255814 0.0820123398222942 0.0820123398222942
0.177906976744186 0.0854993160142688 0.0854993160142688
0.184883720930233 0.0889863975500778 0.0889863975500778
0.191860465116279 0.0924735729457401 0.0924735729457401
0.198837209302326 0.0959608323182692 0.0959608323182692
0.205813953488372 0.0994481671371735 0.0994481671371735
0.212790697674419 0.102935569963734 0.102935569963734
0.219767441860465 0.106423034336937 0.106423034336937
0.226744186046512 0.109910554569789 0.109910554569789
0.233720930232558 0.113398125651543 0.113398125651543
0.240697674418605 0.116885743174369 0.116885743174369
0.247674418604651 0.120373403211147 0.120373403211147
0.254651162790698 0.123861102254352 0.123861102254352
0.261627906976744 0.127348837199766 0.127348837199766
0.268604651162791 0.130836605232408 0.130836605232408
0.275581395348837 0.13432440387542 0.13432440387542
0.282558139534884 0.137812230831192 0.137812230831192
0.28953488372093 0.14130008405876 0.14130008405876
0.296511627906977 0.144787961692335 0.144787961692335
0.302272727272727 0.147665675818871 0.147665675818871
0.306818181818182 0.149956150644357 0.149956150644357
0.311363636363636 0.15224610730229 0.15224610730229
0.315909090909091 0.154535568165102 0.154535568165102
0.320454545454545 0.156824554304649 0.156824554304649
0.325 0.159113085642275 0.159113085642275
0.329545454545454 0.161401181011342 0.161401181011342
0.334090909090909 0.163688858200999 0.163688858200999
0.338636363636363 0.16597613404997 0.16597613404997
0.343181818181818 0.16826302451534 0.16826302451534
0.347727272727272 0.170549544697565 0.170549544697565
0.352272727272727 0.172835708921752 0.172835708921752
0.356818181818182 0.175121530800197 0.175121530800197
0.361363636363636 0.177407023269893 0.177407023269893
0.365909090909091 0.179692198605039 0.179692198605039
0.370454545454545 0.181977068435799 0.181977068435799
0.375 0.184261643917125 0.184261643917125
0.379545454545454 0.186545935609956 0.186545935609956
0.384090909090909 0.188829953581262 0.188829953581262
0.388636363636363 0.191113707454065 0.191113707454065
0.393181818181818 0.19339720636367 0.19339720636367
0.397727272727272 0.195680459070218 0.195680459070218
0.402272727272727 0.197963473908658 0.197963473908658
0.406818181818181 0.200246258870038 0.200246258870038
0.411363636363636 0.202528821557735 0.202528821557735
0.41590909090909 0.204811169262484 0.204811169262484
0.420454545454545 0.207093308943627 0.207093308943627
0.424999999999999 0.209375247304138 0.209375247304138
0.429545454545454 0.211656990728102 0.211656990728102
0.434090909090908 0.213938545324481 0.213938545324481
0.438636363636363 0.216219916970886 0.216219916970886
0.443181818181817 0.218501111282308 0.218501111282308
0.447727272727272 0.220782133686157 0.220782133686157
0.452272727272726 0.223062989359732 0.223062989359732
0.456818181818181 0.225343683280244 0.225343683280244
0.461363636363635 0.227624220206053 0.227624220206053
0.46590909090909 0.229904604745457 0.229904604745457
0.470454545454545 0.23218484132542 0.23218484132542
0.474999999999999 0.234464934191578 0.234464934191578
0.479545454545454 0.236744887426994 0.236744887426994
0.484090909090908 0.23902470495841 0.23902470495841
0.488636363636363 0.241304390581263 0.241304390581263
0.493181818181817 0.243583947934667 0.243583947934667
