0 1 -0
0.00062111801242236 1 -585.352787597832
0.00124223602484472 1 -1170.48270504629
0.00186335403726708 1 -1755.16696705271
0.00248447204968944 1 -2339.18295800549
0.0031055900621118 1 -2922.30831673391
0.00372670807453416 1 -3504.32102117101
0.00434782608695652 1 -4084.9994728874
0.00496894409937888 1 -4664.12258146373
0.00559006211180124 1 -5241.46984866981
0.0062111801242236 1 -5816.82145241816
0.00683229813664596 1 -6389.95833046018
0.00745341614906832 1 -6960.66226379304
0.00807453416149068 1 -7528.71595974544
0.00869565217391304 1 -8093.90313471073
0.0093167701863354 1 -8656.00859649579
0.00993788819875776 1 -9214.81832625442
0.0105590062111801 1 -9770.1195599739
0.0111801242236025 1 -10321.7008694839
0.0118012422360248 1 -10869.3522429565
0.0124223602484472 1 -11412.8651648675
0.0130434782608696 1 -11952.0326953872
0.0136645962732919 1 -12486.6495491724
0.0142857142857143 1 -13016.5121735267
0.0149068322981366 1 -13541.4188259034
0.015527950310559 1 -14061.1696507171
0.0161490683229814 1 -14575.5667554379
0.0167701863354037 1 -15084.4142859382
0.0173913043478261 1 -15587.518501063
0.0180124223602484 1 -16084.6878463961
0.0186335403726708 1 -16575.7330271931
0.0192546583850932 1 -17060.4670804548
0.0198757763975155 1 -17538.7054461121
0.0204968944099379 1 -18010.2660372968
0.0211180124223602 1 -18474.9693096697
0.0217391304347826 1 -18932.6383297816
0.022360248447205 1 -19383.0988424396
0.0229813664596273 1 -19826.1793370541
0.0236024844720497 1 -20261.7111129406
0.024223602484472 1 -20689.5283435512
0.0248447204968944 1 -21109.4681396129
0.0254658385093168 1 -21521.3706111465
0.0260869565217391 1 -21925.0789283437
0.0267080745341615 1 -22320.4393812799
0.0273291925465839 1 -22707.3014384378
0.0279503105590062 1 -23085.517804022
0.0285714285714286 1 -23454.9444740409
0.0291925465838509 1 -23815.4407911356
0.0298136645962733 1 -24166.8694981346
0.0304347826086957 1 -24509.0967903133
0.031055900621118 1 -24841.9923663401
0.0316770186335404 1 -25165.4294778876
0.0322981366459627 1 -25479.2849778916
0.0329192546583851 1 -25783.4393674384
0.0335403726708075 1 -26077.7768412639
0.0341614906832298 1 -26362.1853318455
0.0347826086956522 1 -26636.5565520713
0.0354037267080745 1 -26900.7860364699
0.0360248447204969 1 -27154.7731809855
0.0366459627329193 1 -27398.4212812816
0.0372670807453416 1 -27631.6375695613
0.037888198757764 1 -27854.3332498881
0.0385093167701863 1 -28066.4235319943
0.0391304347826087 1 -28267.8276635646
0.0397515527950311 1 -28458.4689609822
0.0403726708074534 1 -28638.2748385256
0.0409937888198758 1 -28807.1768360052
0.0416149068322981 1 -28965.1106448293
0.0422360248447205 1 -29112.0161324893
0.0428571428571429 1 -29247.8373654547
0.0434782608695652 1 -29372.5226304697
0.0440993788819876 1 -29486.0244542425
0.0447204968944099 1 -29588.2996215208
0.0453416149068323 1 -29679.3091915457
0.0459627329192547 1 -29759.0185128781
0.046583850931677 1 -29827.3972365921
0.0472049689440994 1 -29884.4193278302
0.0478260869565217 1 -29930.0630757162
0.0484472049689441 1 -29964.311101621
0.0490683229813665 1 -29987.15036578
0.0496894409937888 1 -29998.5721722573
0.0503105590062112 1 -29998.5721722573
0.0509316770186335 1 -29987.15036578
0.0515527950310559 1 -29964.311101621
0.0521739130434783 1 -29930.0630757162
0.0527950310559006 1 -29884.4193278302
0.053416149068323 1 -29827.3972365921
0.0540372670807453 1 -29759.0185128781
0.0546583850931677 1 -29679.3091915457
0.0552795031055901 1 -29588.2996215208
0.0559006211180124 1 -29486.0244542425
0.0565217391304348 1 -29372.5226304697
0.0571428571428571 1 -29247.8373654547
0.0577639751552795 1 -29112.0161324893
0.0583850931677019 1 -28965.1106448293
0.0590062111801242 1 -28807.1768360052
0.0596273291925466 1 -28638.2748385256
0.0602484472049689 1 -28458.4689609822
0.0608695652173913 1 -28267.8276635646
0.0614906832298137 1 -28066.4235319943
0.062111801242236 1 -27854.3332498881
0.0627329192546584 1 -27631.6375695613
0.0633540372670807 1 -27398.4212812816
0.0639751552795031 1 -27154.7731809855
0.0645962732919255 1 -26900.7860364699
0.0652173913043478 1 -26636.5565520713
0.0658385093167702 1 -26362.1853318455
0.0664596273291926 1 -26077.7768412639
0.0670807453416149 1 -25783.4393674384
0.0677018633540373 1 -25479.2849778916
0.0683229813664596 1 -25165.4294778876
0.068944099378882 1 -24841.9923663401
0.0695652173913043 1 -24509.0967903133
0.0701863354037267 1 -24166.8694981346
0.0708074534161491 1 -23815.4407911356
0.0714285714285714 1 -23454.9444740409
0.0720496894409938 1 -23085.517804022
0.0726708074534162 1 -22707.3014384378
0.0732919254658385 1 -22320.4393812799
0.0739130434782609 1 -21925.0789283437
0.0745341614906832 1 -21521.3706111465
0.0751552795031056 1 -21109.4681396129
0.0757763975155279 1 -20689.5283435512
0.0763975155279503 1 -20261.7111129406
0.0770186335403727 1 -19826.1793370541
0.077639751552795 1 -19383.0988424396
0.0782608695652174 1 -18932.6383297816
0.0788819875776398 1 -18474.9693096697
0.0795031055900621 1 -18010.2660372968
0.0801242236024845 1 -17538.7054461121
0.0807453416149068 1 -17060.4670804548
0.0813664596273292 1 -16575.7330271931
0.0819875776397515 1 -16084.6878463961
0.0826086956521739 1 -15587.518501063
0.0832298136645963 1 -15084.4142859381
0.0838509316770186 1 -14575.5667554379
0.084472049689441 1 -14061.1696507171
0.0850931677018634 1 -13541.4188259034
0.0857142857142857 1 -13016.5121735267
0.0863354037267081 1 -12486.6495491724
0.0869565217391304 1 -11952.0326953872
0.0875776397515528 1 -11412.8651648674
0.0881987577639752 1 -10869.3522429565
0.0888198757763975 1 -10321.7008694839
0.0894409937888199 1 -9770.1195599739
0.0900621118012422 1 -9214.81832625441
0.0906832298136646 1 -8656.00859649579
0.091304347826087 1 -8093.90313471073
0.0919254658385093 1 -7528.71595974544
0.0925465838509317 1 -6960.66226379305
0.093167701863354 1 -6389.95833046016
0.0937888198757764 1 -5816.82145241815
0.0944099378881988 1 -5241.46984866981
0.0950310559006211 1 -4664.12258146373
0.0956521739130435 1 -4084.9994728874
0.0962732919254658 1 -3504.321021171
0.0968944099378882 1 -2922.30831673391
0.0975155279503106 1 -2339.18295800549
0.0981366459627329 1 -1755.1669670527
0.0987577639751553 1 -1170.48270504629
0.0993788819875776 1 -585.352787597831
0.1 1 9.64885723403475e-012
0.100621118012422 1 585.352787597838
0.101242236024845 1 1170.4827050463
0.101863354037267 1 1755.16696705271
0.102484472049689 1 2339.18295800549
0.103105590062112 1 2922.30831673391
0.103726708074534 1 3504.32102117102
0.104347826086957 1 4084.99947288741
0.104968944099379 1 4664.12258146374
0.105590062111801 1 5241.46984866981
0.106211180124224 1 5816.82145241816
0.106832298136646 1 6389.95833046018
0.107453416149068 1 6960.66226379304
0.108074534161491 1 7528.71595974544
0.108695652173913 1 8093.90313471073
0.109316770186335 1 8656.00859649581
0.109937888198758 1 9214.81832625443
0.11055900621118 1 9770.11955997391
0.111180124223602 1 10321.7008694839
0.111801242236025 1 10869.3522429565
0.112422360248447 1 11412.8651648674
0.11304347826087 1 11952.0326953872
0.113664596273292 1 12486.6495491724
0.114285714285714 1 13016.5121735268
0.114906832298137 1 13541.4188259035
0.115527950310559 1 14061.1696507171
0.116149068322981 1 14575.5667554379
0.116770186335404 1 15084.4142859382
0.117391304347826 1 15587.518501063
0.118012422360248 1 16084.6878463961
0.118633540372671 1 16575.7330271931
0.119254658385093 1 17060.4670804548
0.119875776397516 1 17538.7054461121
0.120496894409938 1 18010.2660372968
0.12111801242236 1 18474.9693096697
0.121739130434783 1 18932.6383297816
0.122360248447205 1 19383.0988424396
0.122981366459627 1 19826.1793370541
0.12360248447205 1 20261.7111129406
0.124223602484472 1 20689.5283435512
0.124844720496894 1 21109.4681396129
0.125465838509317 1 21521.3706111465
0.126086956521739 1 21925.0789283437
0.126708074534161 1 22320.4393812799
0.127329192546584 1 22707.3014384378
0.127950310559006 1 23085.517804022
0.128571428571429 1 23454.9444740409
0.129192546583851 1 23815.4407911356
0.129813664596273 1 24166.8694981346
0.130434782608696 1 24509.0967903133
0.131055900621118 1 24841.9923663401
0.13167701863354 1 25165.4294778876
0.132298136645963 1 25479.2849778916
0.132919254658385 1 25783.4393674384
0.133540372670807 1 26077.7768412639
0.13416149068323 1 26362.1853318455
0.134782608695652 1 26636.5565520713
0.135403726708075 1 26900.78603647
0.136024844720497 1 27154.7731809855
0.136645962732919 1 27398.4212812816
0.137267080745342 1 27631.6375695613
0.137888198757764 1 27854.3332498881
0.138509316770186 1 28066.4235319943
0.139130434782609 1 28267.8276635646
0.139751552795031 1 28458.4689609822
0.140372670807453 1 28638.2748385256
0.140993788819876 1 28807.1768360052
0.141614906832298 1 28965.1106448293
0.142236024844721 1 29112.0161324893
0.142857142857143 1 29247.8373654547
0.143478260869565 1 29372.5226304697
0.144099378881988 1 29486.0244542425
0.14472049689441 1 29588.2996215208
0.145341614906832 1 29679.3091915457
0.145962732919255 1 29759.0185128781
0.146583850931677 1 29827.3972365921
0.147204968944099 1 29884.4193278302
0.147826086956522 1 29930.0630757162
0.148447204968944 1 29964.311101621
0.149068322981366 1 29987.15036578
0.149689440993789 1 29998.5721722573
0.150310559006211 1 29998.5721722573
0.150931677018634 1 29987.15036578
0.151552795031056 1 29964.311101621
0.152173913043478 1 29930.0630757162
0.152795031055901 1 29884.4193278302
0.153416149068323 1 29827.397236592
0.154037267080745 1 29759.0185128781
0.154658385093168 1 29679.3091915457
0.15527950310559 1 29588.2996215208
0.155900621118012 1 29486.0244542425
0.156521739130435 1 29372.5226304697
0.157142857142857 1 29247.8373654547
0.15776397515528 1 29112.0161324893
0.158385093167702 1 28965.1106448293
0.159006211180124 1 28807.1768360052
0.159627329192547 1 28638.2748385256
0.160248447204969 1 28458.4689609822
0.160869565217391 1 28267.8276635646
0.161490683229814 1 28066.4235319943
0.162111801242236 1 27854.3332498881
0.162732919254658 1 27631.6375695613
0.163354037267081 1 27398.4212812816
0.163975155279503 1 27154.7731809855
0.164596273291925 1 26900.7860364699
0.165217391304348 1 26636.5565520713
0.16583850931677 1 26362.1853318455
0.166459627329193 1 26077.7768412639
0.167080745341615 1 25783.4393674384
0.167701863354037 1 25479.2849778915
0.16832298136646 1 25165.4294778876
0.168944099378882 1 24841.9923663401
0.169565217391304 1 24509.0967903133
0.170186335403727 1 24166.8694981346
0.170807453416149 1 23815.4407911356
0.171428571428571 1 23454.9444740409
0.172049689440994 1 23085.517804022
0.172670807453416 1 22707.3014384378
0.173291925465839 1 22320.4393812799
0.173913043478261 1 21925.0789283437
0.174534161490683 1 21521.3706111465
0.175155279503106 1 21109.4681396129
0.175776397515528 1 20689.5283435512
0.17639751552795 1 20261.7111129406
0.177018633540373 1 19826.1793370541
0.177639751552795 1 19383.0988424396
0.178260869565217 1 18932.6383297816
0.17888198757764 1 18474.9693096697
0.179503105590062 1 18010.2660372968
0.180124223602484 1 17538.7054461121
0.180745341614907 1 17060.4670804547
0.181366459627329 1 16575.7330271931
0.181987577639752 1 16084.6878463961
0.182608695652174 1 15587.518501063
0.183229813664596 1 15084.4142859381
0.183850931677019 1 14575.5667554379
0.184472049689441 1 14061.1696507171
0.185093167701863 1 13541.4188259035
0.185714285714286 1 13016.5121735267
0.186335403726708 1 12486.6495491723
0.18695652173913 1 11952.0326953872
0.187577639751553 1 11412.8651648674
0.188198757763975 1 10869.3522429565
0.188819875776398 1 10321.7008694838
0.18944099378882 1 9770.1195599739
0.190062111801242 1 9214.81832625442
0.190683229813665 1 8656.00859649581
0.191304347826087 1 8093.90313471073
0.191925465838509 1 7528.71595974543
0.192546583850932 1 6960.66226379302
0.193167701863354 1 6389.95833046015
0.193788819875776 1 5816.82145241815
0.194409937888199 1 5241.4698486698
0.195031055900621 1 4664.12258146374
0.195652173913043 1 4084.99947288739
0.196273291925466 1 3504.32102117099
0.196894409937888 1 2922.30831673391
0.197515527950311 1 2339.18295800548
0.198136645962733 1 1755.16696705272
0.198757763975155 1 1170.48270504629
0.199378881987578 1 585.352787597822
0.2 1 -1.92977144680695e-011
0.200621118012422 1 -585.352787597834
0.201242236024845 1 -1170.4827050463
0.201863354037267 1 -1755.16696705273
0.202484472049689 1 -2339.1829580055
0.203105590062112 1 -2922.30831673392
0.203726708074534 1 -3504.32102117101
0.204347826086957 1 -4084.9994728874
0.204968944099379 1 -4664.12258146372
0.205590062111801 1 -5241.46984866983
0.206211180124224 1 -5816.82145241816
0.206832298136646 1 -6389.95833046019
0.207453416149068 1 -6960.66226379306
0.208074534161491 1 -7528.71595974544
0.208695652173913 1 -8093.90313471074
0.209316770186335 1 -8656.00859649579
0.209937888198758 1 -9214.81832625443
0.21055900621118 1 -9770.11955997389
0.211180124223602 1 -10321.7008694839
0.211801242236025 1 -10869.3522429565
0.212422360248447 1 -11412.8651648675
0.21304347826087 1 -11952.0326953873
0.213664596273292 1 -12486.6495491724
0.214285714285714 1 -13016.5121735268
0.214906832298137 1 -13541.4188259034
0.215527950310559 1 -14061.1696507171
0.216149068322981 1 -14575.5667554379
0.216770186335404 1 -15084.4142859382
0.217391304347826 1 -15587.518501063
0.218012422360248 1 -16084.6878463961
0.218633540372671 1 -16575.7330271931
0.219254658385093 1 -17060.4670804548
0.219875776397516 1 -17538.7054461122
0.220496894409938 1 -18010.2660372968
0.22111801242236 1 -18474.9693096697
0.221739130434783 1 -18932.6383297816
0.222360248447205 1 -19383.0988424396
0.222981366459627 1 -19826.1793370542
0.22360248447205 1 -20261.7111129406
0.224223602484472 1 -20689.5283435512
0.224844720496894 1 -21109.4681396129
0.225465838509317 1 -21521.3706111465
0.226086956521739 1 -21925.0789283437
0.226708074534162 1 -22320.4393812799
0.227329192546584 1 -22707.3014384378
0.227950310559006 1 -23085.517804022
0.228571428571429 1 -23454.9444740409
0.229192546583851 1 -23815.4407911356
0.229813664596273 1 -24166.8694981346
0.230434782608696 1 -24509.0967903133
0.231055900621118 1 -24841.9923663401
0.23167701863354 1 -25165.4294778876
0.232298136645963 1 -25479.2849778916
0.232919254658385 1 -25783.4393674384
0.233540372670807 1 -26077.7768412639
0.23416149068323 1 -26362.1853318455
0.234782608695652 1 -26636.5565520713
0.235403726708075 1 -26900.7860364699
0.236024844720497 1 -27154.7731809855
0.236645962732919 1 -27398.4212812816
0.237267080745342 1 -27631.6375695613
0.237888198757764 1 -27854.3332498881
0.238509316770186 1 -28066.4235319943
0.239130434782609 1 -28267.8276635646
0.239751552795031 1 -28458.4689609822
0.240372670807453 1 -28638.2748385256
0.240993788819876 1 -28807.1768360052
0.241614906832298 1 -28965.1106448293
0.242236024844721 1 -29112.0161324893
0.242857142857143 1 -29247.8373654547
0.243478260869565 1 -29372.5226304697
0.244099378881988 1 -29486.0244542425
0.24472049689441 1 -29588.2996215208
0.245341614906832 1 -29679.3091915457
0.245962732919255 1 -29759.0185128781
0.246583850931677 1 -29827.3972365921
0.247204968944099 1 -29884.4193278302
0.247826086956522 1 -29930.0630757162
0.248447204968944 1 -29964.311101621
0.249068322981366 1 -29987.15036578
0.249689440993789 1 -29998.5721722573
0.250310559006211 1 -29998.5721722573
0.250931677018634 1 -29987.15036578
0.251552795031056 1 -29964.311101621
0.252173913043478 1 -29930.0630757162
0.252795031055901 1 -29884.4193278302
0.253416149068323 1 -29827.397236592
0.254037267080745 1 -29759.0185128781
0.254658385093168 1 -29679.3091915457
0.25527950310559 1 -29588.2996215208
0.255900621118012 1 -29486.0244542425
0.256521739130435 1 -29372.5226304697
0.257142857142857 1 -29247.8373654547
0.257763975155279 1 -29112.0161324893
0.258385093167702 1 -28965.1106448293
0.259006211180124 1 -28807.1768360052
0.259627329192547 1 -28638.2748385256
0.260248447204969 1 -28458.4689609822
0.260869565217391 1 -28267.8276635646
0.261490683229814 1 -28066.4235319943
0.262111801242236 1 -27854.3332498881
0.262732919254658 1 -27631.6375695613
0.263354037267081 1 -27398.4212812816
0.263975155279503 1 -27154.7731809855
0.264596273291925 1 -26900.7860364699
0.265217391304348 1 -26636.5565520713
0.26583850931677 1 -26362.1853318455
0.266459627329193 1 -26077.7768412639
0.267080745341615 1 -25783.4393674384
0.267701863354037 1 -25479.2849778915
0.26832298136646 1 -25165.4294778876
0.268944099378882 1 -24841.9923663401
0.269565217391304 1 -24509.0967903133
0.270186335403727 1 -24166.8694981345
0.270807453416149 1 -23815.4407911356
0.271428571428571 1 -23454.9444740409
0.272049689440994 1 -23085.517804022
0.272670807453416 1 -22707.3014384378
0.273291925465839 1 -22320.4393812799
0.273913043478261 1 -21925.0789283437
0.274534161490683 1 -21521.3706111465
0.275155279503106 1 -21109.4681396129
0.275776397515528 1 -20689.5283435512
0.27639751552795 1 -20261.7111129406
0.277018633540373 1 -19826.1793370541
0.277639751552795 1 -19383.0988424396
0.278260869565217 1 -18932.6383297816
0.27888198757764 1 -18474.9693096697
0.279503105590062 1 -18010.2660372968
0.280124223602484 1 -17538.7054461122
0.280745341614907 1 -17060.4670804548
0.281366459627329 1 -16575.7330271931
0.281987577639752 1 -16084.6878463961
0.282608695652174 1 -15587.518501063
0.283229813664596 1 -15084.4142859381
0.283850931677019 1 -14575.5667554378
0.284472049689441 1 -14061.1696507171
0.285093167701863 1 -13541.4188259034
0.285714285714286 1 -13016.5121735268
0.286335403726708 1 -12486.6495491724
0.28695652173913 1 -11952.0326953872
0.287577639751553 1 -11412.8651648674
0.288198757763975 1 -10869.3522429564
0.288819875776398 1 -10321.7008694839
0.28944099378882 1 -9770.11955997391
0.290062111801242 1 -9214.81832625442
0.290683229813665 1 -8656.00859649578
0.291304347826087 1 -8093.90313471076
0.291925465838509 1 -7528.71595974546
0.292546583850932 1 -6960.66226379305
0.293167701863354 1 -6389.95833046018
0.293788819875776 1 -5816.8214524181
0.294409937888199 1 -5241.4698486698
0.295031055900621 1 -4664.12258146371
0.295652173913043 1 -4084.99947288737
0.296273291925466 1 -3504.32102117097
0.296894409937888 1 -2922.30831673386
0.297515527950311 1 -2339.18295800549
0.298136645962733 1 -1755.1669670527
0.298757763975155 1 -1170.48270504627
0.299378881987578 1 -585.352787597799
0.3 4 0
0.300207039337474 4 0
0.300414078674948 4 0
0.300621118012422 4 0
0.300828157349896 4 0
0.301035196687371 4 0
0.301242236024845 4 0
0.301449275362319 4 0
0.301656314699793 4 0
0.301863354037267 4 0
0.302070393374741 4 0
0.302277432712215 4 0
0.302484472049689 4 0
0.302691511387164 4 0
0.302898550724638 4 0
0.303105590062112 4 0
0.303312629399586 4 0
0.30351966873706 4 0
0.303726708074534 4 0
0.303933747412008 4 0
0.304140786749482 4 0
0.304347826086956 4 0
0.304554865424431 4 0
0.304761904761905 4 0
0.304968944099379 4 0
0.305175983436853 4 0
0.305383022774327 4 0
0.305590062111801 4 0
0.305797101449275 4 0
0.306004140786749 4 0
0.306211180124224 4 0
0.306418219461698 4 0
0.306625258799172 4 0
0.306832298136646 4 0
0.30703933747412 4 0
0.307246376811594 4 0
0.307453416149068 4 0
0.307660455486542 4 0
0.307867494824017 4 0
0.308074534161491 4 0
0.308281573498965 4 0
0.308488612836439 4 0
0.308695652173913 4 0
0.308902691511387 4 0
0.309109730848861 4 0
0.309316770186335 4 0
0.30952380952381 4 0
0.309730848861284 4 0
0.309937888198758 4 0
0.310144927536232 4 0
0.310351966873706 4 0
0.31055900621118 4 0
0.310766045548654 4 0
0.310973084886128 4 0
0.311180124223602 4 0
0.311387163561077 4 0
0.311594202898551 4 0
0.311801242236025 4 0
0.312008281573499 4 0
0.312215320910973 4 0
0.312422360248447 4 0
0.312629399585921 4 0
0.312836438923395 4 0
0.31304347826087 4 0
0.313250517598344 4 0
0.313457556935818 4 0
0.313664596273292 4 0
0.313871635610766 4 0
0.31407867494824 4 0
0.314285714285714 4 0
0.314492753623188 4 0
0.314699792960663 4 0
0.314906832298137 4 0
0.315113871635611 4 0
0.315320910973085 4 0
0.315527950310559 4 0
0.315734989648033 4 0
0.315942028985507 4 0
0.316149068322981 4 0
0.316356107660455 4 0
0.31656314699793 4 0
0.316770186335404 4 0
0.316977225672878 4 0
0.317184265010352 4 0
0.317391304347826 4 0
0.3175983436853 4 0
0.317805383022774 4 0
0.318012422360248 4 0
0.318219461697723 4 0
0.318426501035197 4 0
0.318633540372671 4 0
0.318840579710145 4 0
0.319047619047619 4 0
0.319254658385093 4 0
0.319461697722567 4 0
0.319668737060041 4 0
0.319875776397516 4 0
0.32008281573499 4 0
0.320289855072464 4 0
0.320496894409938 4 0
0.320703933747412 4 0
0.320910973084886 4 0
0.32111801242236 4 0
0.321325051759834 4 0
0.321532091097308 4 0
0.321739130434783 4 0
0.321946169772257 4 0
0.322153209109731 4 0
0.322360248447205 4 0
0.322567287784679 4 0
0.322774327122153 4 0
0.322981366459627 4 0
0.323188405797101 4 0
0.323395445134576 4 0
0.32360248447205 4 0
0.323809523809524 4 0
0.324016563146998 4 0
0.324223602484472 4 0
0.324430641821946 4 0
0.32463768115942 4 0
0.324844720496894 4 0
0.325051759834369 4 0
0.325258799171843 4 0
0.325465838509317 4 0
0.325672877846791 4 0
0.325879917184265 4 0
0.326086956521739 4 0
0.326293995859213 4 0
0.326501035196687 4 0
0.326708074534161 4 0
0.326915113871636 4 0
0.32712215320911 4 0
0.327329192546584 4 0
0.327536231884058 4 0
0.327743271221532 4 0
0.327950310559006 4 0
0.32815734989648 4 0
0.328364389233954 4 0
0.328571428571429 4 0
0.328778467908903 4 0
0.328985507246377 4 0
0.329192546583851 4 0
0.329399585921325 4 0
0.329606625258799 4 0
0.329813664596273 4 0
0.330020703933747 4 0
0.330227743271222 4 0
0.330434782608696 4 0
0.33064182194617 4 0
0.330848861283644 4 0
0.331055900621118 4 0
0.331262939958592 4 0
0.331469979296066 4 0
0.33167701863354 4 0
0.331884057971015 4 0
0.332091097308489 4 0
0.332298136645963 4 0
0.332505175983437 4 0
0.332712215320911 4 0
0.332919254658385 4 0
0.333126293995859 4 0
0.333333333333333 4 0
0.333540372670807 4 0
0.333747412008282 4 0
0.333954451345756 4 0
0.33416149068323 4 0
0.334368530020704 4 0
0.334575569358178 4 0
0.334782608695652 4 0
0.334989648033126 4 0
0.3351966873706 4 0
0.335403726708075 4 0
0.335610766045549 4 0
0.335817805383023 4 0
0.336024844720497 4 0
0.336231884057971 4 0
0.336438923395445 4 0
0.336645962732919 4 0
0.336853002070393 4 0
0.337060041407867 4 0
0.337267080745342 4 0
0.337474120082816 4 0
0.33768115942029 4 0
0.337888198757764 4 0
0.338095238095238 4 0
0.338302277432712 4 0
0.338509316770186 4 0
0.33871635610766 4 0
0.338923395445135 4 0
0.339130434782609 4 0
0.339337474120083 4 0
0.339544513457557 4 0
0.339751552795031 4 0
0.339958592132505 4 0
0.340165631469979 4 0
0.340372670807453 4 0
0.340579710144928 4 0
0.340786749482402 4 0
0.340993788819876 4 0
0.34120082815735 4 0
0.341407867494824 4 0
0.341614906832298 4 0
0.341821946169772 4 0
0.342028985507246 4 0
0.34223602484472 4 0
0.342443064182195 4 0
0.342650103519669 4 0
0.342857142857143 4 0
0.343064182194617 4 0
0.343271221532091 4 0
0.343478260869565 4 0
0.343685300207039 4 0
0.343892339544513 4 0
0.344099378881988 4 0
0.344306418219462 4 0
0.344513457556936 4 0
0.34472049689441 4 0
0.344927536231884 4 0
0.345134575569358 4 0
0.345341614906832 4 0
0.345548654244306 4 0
0.345755693581781 4 0
0.345962732919255 4 0
0.346169772256729 4 0
0.346376811594203 4 0
0.346583850931677 4 0
0.346790890269151 4 0
0.346997929606625 4 0
0.347204968944099 4 0
0.347412008281573 4 0
0.347619047619048 4 0
0.347826086956522 4 0
0.348033126293996 4 0
0.34824016563147 4 0
0.348447204968944 4 0
0.348654244306418 4 0
0.348861283643892 4 0
0.349068322981366 4 0
0.349275362318841 4 0
0.349482401656315 4 0
0.349689440993789 4 0
0.349896480331263 4 0
0.350103519668737 4 0
0.350310559006211 4 0
0.350517598343685 4 0
0.350724637681159 4 0
0.350931677018634 4 0
0.351138716356108 4 0
0.351345755693582 4 0
0.351552795031056 4 0
0.35175983436853 4 0
0.351966873706004 4 0
0.352173913043478 4 0
0.352380952380952 4 0
0.352587991718426 4 0
0.352795031055901 4 0
0.353002070393375 4 0
0.353209109730849 4 0
0.353416149068323 4 0
0.353623188405797 4 0
0.353830227743271 4 0
0.354037267080745 4 0
0.354244306418219 4 0
0.354451345755694 4 0
0.354658385093168 4 0
0.354865424430642 4 0
0.355072463768116 4 0
0.35527950310559 4 0
0.355486542443064 4 0
0.355693581780538 4 0
0.355900621118012 4 0
0.356107660455487 4 0
0.356314699792961 4 0
0.356521739130435 4 0
0.356728778467909 4 0
0.356935817805383 4 0
0.357142857142857 4 0
0.357349896480331 4 0
0.357556935817805 4 0
0.357763975155279 4 0
0.357971014492754 4 0
0.358178053830228 4 0
0.358385093167702 4 0
0.358592132505176 4 0
0.35879917184265 4 0
0.359006211180124 4 0
0.359213250517598 4 0
0.359420289855072 4 0
0.359627329192547 4 0
0.359834368530021 4 0
0.360041407867495 4 0
0.360248447204969 4 0
0.360455486542443 4 0
0.360662525879917 4 0
0.360869565217391 4 0
0.361076604554865 4 0
0.36128364389234 4 0
0.361490683229814 4 0
0.361697722567288 4 0
0.361904761904762 4 0
0.362111801242236 4 0
0.36231884057971 4 0
0.362525879917184 4 0
0.362732919254658 4 0
0.362939958592133 4 0
0.363146997929607 4 0
0.363354037267081 4 0
0.363561076604555 4 0
0.363768115942029 4 0
0.363975155279503 4 0
0.364182194616977 4 0
0.364389233954451 4 0
0.364596273291925 4 0
0.3648033126294 4 0
0.365010351966874 4 0
0.365217391304348 4 0
0.365424430641822 4 0
0.365631469979296 4 0
0.36583850931677 4 0
0.366045548654244 4 0
0.366252587991718 4 0
0.366459627329193 4 0
0.366666666666667 4 0
0.366873706004141 4 0
0.367080745341615 4 0
0.367287784679089 4 0
0.367494824016563 4 0
0.367701863354037 4 0
0.367908902691511 4 0
0.368115942028986 4 0
0.36832298136646 4 0
0.368530020703934 4 0
0.368737060041408 4 0
0.368944099378882 4 0
0.369151138716356 4 0
0.36935817805383 4 0
0.369565217391304 4 0
0.369772256728778 4 0
0.369979296066253 4 0
0.370186335403727 4 0
0.370393374741201 4 0
0.370600414078675 4 0
0.370807453416149 4 0
0.371014492753623 4 0
0.371221532091097 4 0
0.371428571428571 4 0
0.371635610766046 4 0
0.37184265010352 4 0
0.372049689440994 4 0
0.372256728778468 4 0
0.372463768115942 4 0
0.372670807453416 4 0
0.37287784679089 4 0
0.373084886128364 4 0
0.373291925465839 4 0
0.373498964803313 4 0
0.373706004140787 4 0
0.373913043478261 4 0
0.374120082815735 4 0
0.374327122153209 4 0
0.374534161490683 4 0
0.374741200828157 4 0
0.374948240165631 4 0
0.375155279503106 4 0
0.37536231884058 4 0
0.375569358178054 4 0
0.375776397515528 4 0
0.375983436853002 4 0
0.376190476190476 4 0
0.37639751552795 4 0
0.376604554865424 4 0
0.376811594202899 4 0
0.377018633540373 4 0
0.377225672877847 4 0
0.377432712215321 4 0
0.377639751552795 4 0
0.377846790890269 4 0
0.378053830227743 4 0
0.378260869565217 4 0
0.378467908902691 4 0
0.378674948240166 4 0
0.37888198757764 4 0
0.379089026915114 4 0
0.379296066252588 4 0
0.379503105590062 4 0
0.379710144927536 4 0
0.37991718426501 4 0
0.380124223602484 4 0
0.380331262939959 4 0
0.380538302277433 4 0
0.380745341614907 4 0
0.380952380952381 4 0
0.381159420289855 4 0
0.381366459627329 4 0
0.381573498964803 4 0
0.381780538302277 4 0
0.381987577639752 4 0
0.382194616977226 4 0
0.3824016563147 4 0
0.382608695652174 4 0
0.382815734989648 4 0
0.383022774327122 4 0
0.383229813664596 4 0
0.38343685300207 4 0
0.383643892339544 4 0
0.383850931677019 4 0
0.384057971014493 4 0
0.384265010351967 4 0
0.384472049689441 4 0
0.384679089026915 4 0
0.384886128364389 4 0
0.385093167701863 4 0
0.385300207039337 4 0
0.385507246376812 4 0
0.385714285714286 4 0
0.38592132505176 4 0
0.386128364389234 4 0
0.386335403726708 4 0
0.386542443064182 4 0
0.386749482401656 4 0
0.38695652173913 4 0
0.387163561076605 4 0
0.387370600414079 4 0
0.387577639751553 4 0
0.387784679089027 4 0
0.387991718426501 4 0
0.388198757763975 4 0
0.388405797101449 4 0
0.388612836438923 4 0
0.388819875776397 4 0
0.389026915113872 4 0
0.389233954451346 4 0
0.38944099378882 4 0
0.389648033126294 4 0
0.389855072463768 4 0
0.390062111801242 4 0
0.390269151138716 4 0
0.39047619047619 4 0
0.390683229813665 4 0
0.390890269151139 4 0
0.391097308488613 4 0
0.391304347826087 4 0
0.391511387163561 4 0
0.391718426501035 4 0
0.391925465838509 4 0
0.392132505175983 4 0
0.392339544513458 4 0
0.392546583850932 4 0
0.392753623188406 4 0
0.39296066252588 4 0
0.393167701863354 4 0
0.393374741200828 4 0
0.393581780538302 4 0
0.393788819875776 4 0
0.393995859213251 4 0
0.394202898550725 4 0
0.394409937888199 4 0
0.394616977225673 4 0
0.394824016563147 4 0
0.395031055900621 4 0
0.395238095238095 4 0
0.395445134575569 4 0
0.395652173913043 4 0
0.395859213250518 4 0
0.396066252587992 4 0
0.396273291925466 4 0
0.39648033126294 4 0
0.396687370600414 4 0
0.396894409937888 4 0
0.397101449275362 4 0
0.397308488612836 4 0
0.397515527950311 4 0
0.397722567287785 4 0
0.397929606625259 4 0
0.398136645962733 4 0
0.398343685300207 4 0
0.398550724637681 4 0
0.398757763975155 4 0
0.398964803312629 4 0
0.399171842650104 4 0
0.399378881987578 4 0
0.399585921325052 4 0
0.399792960662526 4 0
0.4 4 0
0.400207039337474 4 0
0.400414078674948 4 0
0.400621118012422 4 0
0.400828157349896 4 0
0.401035196687371 4 0
0.401242236024845 4 0
0.401449275362319 4 0
0.401656314699793 4 0
0.401863354037267 4 0
0.402070393374741 4 0
0.402277432712215 4 0
0.402484472049689 4 0
0.402691511387164 4 0
0.402898550724638 4 0
0.403105590062112 4 0
0.403312629399586 4 0
0.40351966873706 4 0
0.403726708074534 4 0
0.403933747412008 4 0
0.404140786749482 4 0
0.404347826086957 4 0
0.404554865424431 4 0
0.404761904761905 4 0
0.404968944099379 4 0
0.405175983436853 4 0
0.405383022774327 4 0
0.405590062111801 4 0
0.405797101449275 4 0
0.406004140786749 4 0
0.406211180124224 4 0
0.406418219461698 4 0
0.406625258799172 4 0
0.406832298136646 4 0
0.40703933747412 4 0
0.407246376811594 4 0
0.407453416149068 4 0
0.407660455486542 4 0
0.407867494824017 4 0
0.408074534161491 4 0
0.408281573498965 4 0
0.408488612836439 4 0
0.408695652173913 4 0
0.408902691511387 4 0
0.409109730848861 4 0
0.409316770186335 4 0
0.40952380952381 4 0
0.409730848861284 4 0
0.409937888198758 4 0
0.410144927536232 4 0
0.410351966873706 4 0
0.41055900621118 4 0
0.410766045548654 4 0
0.410973084886128 4 0
0.411180124223602 4 0
0.411387163561077 4 0
0.411594202898551 4 0
0.411801242236025 4 0
0.412008281573499 4 0
0.412215320910973 4 0
0.412422360248447 4 0
0.412629399585921 4 0
0.412836438923395 4 0
0.41304347826087 4 0
0.413250517598344 4 0
0.413457556935818 4 0
0.413664596273292 4 0
0.413871635610766 4 0
0.41407867494824 4 0
0.414285714285714 4 0
0.414492753623188 4 0
0.414699792960663 4 0
0.414906832298137 4 0
0.415113871635611 4 0
0.415320910973085 4 0
0.415527950310559 4 0
0.415734989648033 4 0
0.415942028985507 4 0
0.416149068322981 4 0
0.416356107660455 4 0
0.41656314699793 4 0
0.416770186335404 4 0
0.416977225672878 4 0
0.417184265010352 4 0
0.417391304347826 4 0
0.4175983436853 4 0
0.417805383022774 4 0
0.418012422360248 4 0
0.418219461697723 4 0
0.418426501035197 4 0
0.418633540372671 4 0
0.418840579710145 4 0
0.419047619047619 4 0
0.419254658385093 4 0
0.419461697722567 4 0
0.419668737060041 4 0
0.419875776397515 4 0
0.42008281573499 4 0
0.420289855072464 4 0
0.420496894409938 4 0
0.420703933747412 4 0
0.420910973084886 4 0
0.42111801242236 4 0
0.421325051759834 4 0
0.421532091097308 4 0
0.421739130434783 4 0
0.421946169772257 4 0
0.422153209109731 4 0
0.422360248447205 4 0
0.422567287784679 4 0
0.422774327122153 4 0
0.422981366459627 4 0
0.423188405797101 4 0
0.423395445134576 4 0
0.42360248447205 4 0
0.423809523809524 4 0
0.424016563146998 4 0
0.424223602484472 4 0
0.424430641821946 4 0
0.42463768115942 4 0
0.424844720496894 4 0
0.425051759834368 4 0
0.425258799171843 4 0
0.425465838509317 4 0
0.425672877846791 4 0
0.425879917184265 4 0
0.426086956521739 4 0
0.426293995859213 4 0
0.426501035196687 4 0
0.426708074534161 4 0
0.426915113871636 4 0
0.42712215320911 4 0
0.427329192546584 4 0
0.427536231884058 4 0
0.427743271221532 4 0
0.427950310559006 4 0
0.42815734989648 4 0
0.428364389233954 4 0
0.428571428571429 4 0
0.428778467908903 4 0
0.428985507246377 4 0
0.429192546583851 4 0
0.429399585921325 4 0
0.429606625258799 4 0
0.429813664596273 4 0
0.430020703933747 4 0
0.430227743271222 4 0
0.430434782608696 4 0
0.43064182194617 4 0
0.430848861283644 4 0
0.431055900621118 4 0
0.431262939958592 4 0
0.431469979296066 4 0
0.43167701863354 4 0
0.431884057971014 4 0
0.432091097308489 4 0
0.432298136645963 4 0
0.432505175983437 4 0
0.432712215320911 4 0
0.432919254658385 4 0
0.433126293995859 4 0
0.433333333333333 4 0
0.433540372670807 4 0
0.433747412008282 4 0
0.433954451345756 4 0
0.43416149068323 4 0
0.434368530020704 4 0
0.434575569358178 4 0
0.434782608695652 4 0
0.434989648033126 4 0
0.4351966873706 4 0
0.435403726708075 4 0
0.435610766045549 4 0
0.435817805383023 4 0
0.436024844720497 4 0
0.436231884057971 4 0
0.436438923395445 4 0
0.436645962732919 4 0
0.436853002070393 4 0
0.437060041407867 4 0
0.437267080745342 4 0
0.437474120082816 4 0
0.43768115942029 4 0
0.437888198757764 4 0
0.438095238095238 4 0
0.438302277432712 4 0
0.438509316770186 4 0
0.43871635610766 4 0
0.438923395445135 4 0
0.439130434782609 4 0
0.439337474120083 4 0
0.439544513457557 4 0
0.439751552795031 4 0
0.439958592132505 4 0
0.440165631469979 4 0
0.440372670807453 4 0
0.440579710144928 4 0
0.440786749482402 4 0
0.440993788819876 4 0
0.44120082815735 4 0
0.441407867494824 4 0
0.441614906832298 4 0
0.441821946169772 4 0
0.442028985507246 4 0
0.44223602484472 4 0
0.442443064182195 4 0
0.442650103519669 4 0
0.442857142857143 4 0
0.443064182194617 4 0
0.443271221532091 4 0
0.443478260869565 4 0
0.443685300207039 4 0
0.443892339544513 4 0
0.444099378881988 4 0
0.444306418219462 4 0
0.444513457556936 4 0
0.44472049689441 4 0
0.444927536231884 4 0
0.445134575569358 4 0
0.445341614906832 4 0
0.445548654244306 4 0
0.445755693581781 4 0
0.445962732919255 4 0
0.446169772256729 4 0
0.446376811594203 4 0
0.446583850931677 4 0
0.446790890269151 4 0
0.446997929606625 4 0
0.447204968944099 4 0
0.447412008281574 4 0
0.447619047619048 4 0
0.447826086956522 4 0
0.448033126293996 4 0
0.44824016563147 4 0
0.448447204968944 4 0
0.448654244306418 4 0
0.448861283643892 4 0
0.449068322981366 4 0
0.449275362318841 4 0
0.449482401656315 4 0
0.449689440993789 4 0
0.449896480331263 4 0
0.450103519668737 4 0
0.450310559006211 4 0
0.450517598343685 4 0
0.450724637681159 4 0
0.450931677018634 4 0
0.451138716356108 4 0
0.451345755693582 4 0
0.451552795031056 4 0
0.45175983436853 4 0
0.451966873706004 4 0
0.452173913043478 4 0
0.452380952380952 4 0
0.452587991718427 4 0
0.452795031055901 4 0
0.453002070393375 4 0
0.453209109730849 4 0
0.453416149068323 4 0
0.453623188405797 4 0
0.453830227743271 4 0
0.454037267080745 4 0
0.454244306418219 4 0
0.454451345755694 4 0
0.454658385093168 4 0
0.454865424430642 4 0
0.455072463768116 4 0
0.45527950310559 4 0
0.455486542443064 4 0
0.455693581780538 4 0
0.455900621118012 4 0
0.456107660455487 4 0
0.456314699792961 4 0
0.456521739130435 4 0
0.456728778467909 4 0
0.456935817805383 4 0
0.457142857142857 4 0
0.457349896480331 4 0
0.457556935817805 4 0
0.45776397515528 4 0
0.457971014492754 4 0
0.458178053830228 4 0
0.458385093167702 4 0
0.458592132505176 4 0
0.45879917184265 4 0
0.459006211180124 4 0
0.459213250517598 4 0
0.459420289855072 4 0
0.459627329192547 4 0
0.459834368530021 4 0
0.460041407867495 4 0
0.460248447204969 4 0
0.460455486542443 4 0
0.460662525879917 4 0
0.460869565217391 4 0
0.461076604554865 4 0
0.46128364389234 4 0
0.461490683229814 4 0
0.461697722567288 4 0
0.461904761904762 4 0
0.462111801242236 4 0
0.46231884057971 4 0
0.462525879917184 4 0
0.462732919254658 4 0
0.462939958592132 4 0
0.463146997929607 4 0
0.463354037267081 4 0
0.463561076604555 4 0
0.463768115942029 4 0
0.463975155279503 4 0
0.464182194616977 4 0
0.464389233954451 4 0
0.464596273291925 4 0
0.4648033126294 4 0
0.465010351966874 4 0
0.465217391304348 4 0
0.465424430641822 4 0
0.465631469979296 4 0
0.46583850931677 4 0
0.466045548654244 4 0
0.466252587991718 4 0
0.466459627329193 4 0
0.466666666666667 4 0
0.466873706004141 4 0
0.467080745341615 4 0
0.467287784679089 4 0
0.467494824016563 4 0
0.467701863354037 4 0
0.467908902691511 4 0
0.468115942028985 4 0
0.46832298136646 4 0
0.468530020703934 4 0
0.468737060041408 4 0
0.468944099378882 4 0
0.469151138716356 4 0
0.46935817805383 4 0
0.469565217391304 4 0
0.469772256728778 4 0
0.469979296066253 4 0
0.470186335403727 4 0
0.470393374741201 4 0
0.470600414078675 4 0
0.470807453416149 4 0
0.471014492753623 4 0
0.471221532091097 4 0
0.471428571428571 4 0
0.471635610766046 4 0
0.47184265010352 4 0
0.472049689440994 4 0
0.472256728778468 4 0
0.472463768115942 4 0
0.472670807453416 4 0
0.47287784679089 4 0
0.473084886128364 4 0
0.473291925465838 4 0
0.473498964803313 4 0
0.473706004140787 4 0
0.473913043478261 4 0
0.474120082815735 4 0
0.474327122153209 4 0
0.474534161490683 4 0
0.474741200828157 4 0
0.474948240165631 4 0
0.475155279503106 4 0
0.47536231884058 4 0
0.475569358178054 4 0
0.475776397515528 4 0
0.475983436853002 4 0
0.476190476190476 4 0
0.47639751552795 4 0
0.476604554865424 4 0
0.476811594202899 4 0
0.477018633540373 4 0
0.477225672877847 4 0
0.477432712215321 4 0
0.477639751552795 4 0
0.477846790890269 4 0
0.478053830227743 4 0
0.478260869565217 4 0
0.478467908902691 4 0
0.478674948240166 4 0
0.47888198757764 4 0
0.479089026915114 4 0
0.479296066252588 4 0
0.479503105590062 4 0
0.479710144927536 4 0
0.47991718426501 4 0
0.480124223602484 4 0
0.480331262939959 4 0
0.480538302277433 4 0
0.480745341614907 4 0
0.480952380952381 4 0
0.481159420289855 4 0
0.481366459627329 4 0
0.481573498964803 4 0
0.481780538302277 4 0
0.481987577639752 4 0
0.482194616977226 4 0
0.4824016563147 4 0
0.482608695652174 4 0
0.482815734989648 4 0
0.483022774327122 4 0
0.483229813664596 4 0
0.48343685300207 4 0
0.483643892339545 4 0
0.483850931677019 4 0
0.484057971014493 4 0
0.484265010351967 4 0
0.484472049689441 4 0
0.484679089026915 4 0
0.484886128364389 4 0
0.485093167701863 4 0
0.485300207039337 4 0
0.485507246376812 4 0
0.485714285714286 4 0
0.48592132505176 4 0
0.486128364389234 4 0
0.486335403726708 4 0
0.486542443064182 4 0
0.486749482401656 4 0
0.48695652173913 4 0
0.487163561076605 4 0
0.487370600414079 4 0
0.487577639751553 4 0
0.487784679089027 4 0
0.487991718426501 4 0
0.488198757763975 4 0
0.488405797101449 4 0
0.488612836438923 4 0
0.488819875776398 4 0
0.489026915113872 4 0
0.489233954451346 4 0
0.48944099378882 4 0
0.489648033126294 4 0
0.489855072463768 4 0
0.490062111801242 4 0
0.490269151138716 4 0
0.49047619047619 4 0
0.490683229813665 4 0
0.490890269151139 4 0
0.491097308488613 4 0
0.491304347826087 4 0
0.491511387163561 4 0
0.491718426501035 4 0
0.491925465838509 4 0
0.492132505175983 4 0
0.492339544513458 4 0
0.492546583850932 4 0
0.492753623188406 4 0
0.49296066252588 4 0
0.493167701863354 4 0
0.493374741200828 4 0
0.493581780538302 4 0
0.493788819875776 4 0
0.493995859213251 4 0
0.494202898550725 4 0
0.494409937888199 4 0
0.494616977225673 4 0
0.494824016563147 4 0
0.495031055900621 4 0
0.495238095238095 4 0
0.495445134575569 4 0
0.495652173913043 4 0
0.495859213250518 4 0
0.496066252587992 4 0
0.496273291925466 4 0
0.49648033126294 4 0
0.496687370600414 4 0
0.496894409937888 4 0
0.497101449275362 4 0
0.497308488612836 4 0
0.497515527950311 4 0
0.497722567287785 4 0
0.497929606625259 4 0
0.498136645962733 4 0
0.498343685300207 4 0
0.498550724637681 4 0
0.498757763975155 4 0
0.498964803312629 4 0
0.499171842650104 4 0
0.499378881987578 4 0
0.499585921325052 4 0
0.499792960662526 4 0
0.5 4 0
