0.00348837209302326 -0 -0
0.0104651162790698 -15.1695471335996 -15.1695471335996
0.0174418604651163 -62.4055927901434 -62.4055927901434
0.0244186046511628 -135.946908917888 -135.946908917888
0.0313953488372093 -230.865088863906 -230.865088863906
0.0383720930232558 -341.187110887557 -341.187110887557
0.0453488372093023 -460.040052698576 -460.040052698576
0.0523255813953488 -579.975709640036 -579.975709640036
0.0593023255813954 -693.349793556497 -693.349793556497
0.0662790697674419 -792.719296420909 -792.719296420909
0.0732558139534884 -871.233899049463 -871.233899049463
0.0802325581395349 -923.000471347489 -923.000471347489
0.0872093023255814 -943.401823869354 -943.401823869354
0.0941860465116279 -929.353366078147 -929.353366078147
0.101162790697674 -879.484458283341 -879.484458283341
0.108139534883721 -794.234969767812 -794.234969767812
0.115116279069767 -675.861731110632 -675.861731110632
0.122093023255814 -528.354004941631 -528.354004941631
0.12906976744186 -357.261585922926 -357.261585922926
0.136046511627907 -169.443461272473 -169.443461272473
0.143023255813953 27.251092356428 27.251092356428
0.15 224.353724006449 224.353724006449
0.156976744186047 413.182642431917 413.182642431917
0.163953488372093 585.262999126469 585.262999126469
0.17093023255814 732.741527241288 732.741527241288
0.177906976744186 848.775116199118 848.775116199118
0.184883720930233 927.874165352485 927.874165352485
0.191860465116279 966.183660580735 966.183660580735
0.198837209302326 961.687856100482 961.687856100482
0.205813953488372 914.328079968959 914.328079968959
0.212790697674419 826.027341638692 826.027341638692
0.219767441860465 700.619903532673 700.619903532673
0.226744186046512 543.688569841501 543.688569841501
0.233720930232558 362.316922727072 362.316922727072
0.240697674418605 164.767881929389 164.767881929389
0.247674418604651 -39.8964230680023 -39.8964230680023
0.254651162790698 -242.235574939531 -242.235574939531
0.261627906976744 -432.872638357183 -432.872638357183
0.268604651162791 -602.935732164785 -602.935732164785
0.275581395348837 -744.478268196685 -744.478268196685
0.282558139534884 -850.857647943643 -850.857647943643
0.28953488372093 -917.054110750393 -917.054110750393
0.296511627906977 -373.330413217518 -373.330413217518
0.301162790697674 -231.349541781514 -925.398167126055
0.303488372093023 -229.576748357904 -918.306993431616
0.305813953488372 -227.830917571905 -911.323670287618
0.308139534883721 -226.111438948722 -904.445755794889
0.31046511627907 -224.417720304915 -897.670881219661
0.312790697674419 -222.749187068454 -890.996748273816
0.315116279069767 -221.105281628833 -884.421126515333
0.317441860465116 -219.485462715797 -877.941850863188
0.319767441860465 -217.88920480513 -871.556819220521
0.322093023255814 -216.315997550221 -865.263990200885
0.324418604651163 -214.765345238052 -859.061380952209
0.326744186046512 -213.2367662684 -852.947065073601
0.32906976744186 -211.729792655201 -846.919170620803
0.331395348837209 -210.243969548842 -840.975878195368
0.333720930232558 -208.778854778473 -835.115419113893
0.336046511627907 -207.334018413212 -829.336073652849
0.338372093023256 -205.909042341657 -823.636169366628
0.340697674418605 -204.50351986833 -818.014079473321
0.343023255813953 -203.117055326862 -812.468221307448
0.345348837209302 -201.749263708517 -806.997054834068
0.347674418604651 -200.399770305783 -801.599081223134
0.35 -199.068210370201 -796.272841480806
0.352325581395349 -197.754228783595 -791.016915134382
0.354651162790698 -196.457479742398 -785.829918969591
0.356976744186047 -195.177626454174 -780.710505816695
0.359302325581395 -193.914340846056 -775.657363384225
0.361627906976744 -192.667303284341 -770.669213137362
0.363953488372093 -191.436202304893 -765.74480921957
0.366279069767442 -190.220734353736 -760.882937414943
0.368604651162791 -189.020603537635 -756.082414150542
0.37093023255814 -187.835521383794 -751.342085535176
0.373255813953488 -186.665206608816 -746.660826435265
0.375581395348837 -185.509384896074 -742.037539584295
0.377906976744186 -184.367788681336 -737.471154725346
0.380232558139535 -183.240156946304 -732.960627785217
0.382558139534884 -182.126235019566 -728.504940078265
0.384883720930233 -181.025774385017 -724.103097540069
0.387209302325581 -179.938532496831 -719.754129987323
0.38953488372093 -178.864272601328 -715.457090405314
0.391860465116279 -177.802763565114 -711.211054260458
0.394186046511628 -176.753779709272 -707.015118837089
0.396511627906977 -175.717100649388 -702.868402597551
0.398837209302326 -174.69251114123 -698.77004456492
0.401162790697674 -173.679800931738 -694.719203726951
0.403488372093023 -172.678764615131 -690.715058460526
0.405813953488372 -171.689201494138 -686.756805976554
0.408139534883721 -170.710915445723 -682.843661782892
0.41046511627907 -169.743714791644 -678.974859166575
0.412790697674419 -168.787412173102 -675.149648692409
0.415116279069767 -167.84182442983 -671.36729771932
0.417441860465116 -166.906772483167 -667.627089932666
0.419767441860465 -165.982081222874 -663.928324891496
0.422093023255814 -165.067579397947 -660.270317591788
0.424418604651163 -164.163099510821 -656.652398043285
0.426744186046512 -163.268477715121 -653.073910860484
0.42906976744186 -162.38355371666 -649.534214866638
0.431395348837209 -161.508170677785 -646.032682711139
0.433720930232558 -160.64217512456 -642.568700498241
0.436046511627907 -159.78541685723 -639.14166742892
0.438372093023256 -158.937748863302 -635.750995453206
0.440697674418605 -158.099027233422 -632.396108933689
0.443023255813954 -157.26911107998 -629.076444319919
0.445348837209302 -156.447862458138 -625.791449832553
0.447674418604651 -155.635146289543 -622.540585158171
0.45 -154.830830288043 -619.323321152172
0.452325581395349 -154.034784888116 -616.139139552466
0.454651162790698 -153.246883175134 -612.987532700535
0.456976744186047 -152.467000818016 -609.868003272063
0.459302325581395 -151.695016003732 -606.78006401493
0.461627906976744 -150.930809373985 -603.723237495941
0.463953488372093 -150.174263963574 -600.697055854295
0.466279069767442 -149.425265140824 -597.701060563297
0.468604651162791 -148.68370054954 -594.734802198161
0.470930232558139 -147.949460052993 -591.797840211974
0.473255813953488 -147.222435679282 -588.889742717127
0.475581395348837 -146.502521568386 -586.010086273546
0.477906976744186 -145.789613920839 -583.158455683356
0.480232558139535 -145.083610947863 -580.334443791454
0.482558139534884 -144.384412822798 -577.537651291191
0.484883720930233 -143.691921634188 -574.767686536752
0.487209302325581 -143.006041340012 -572.024165360048
0.48953488372093 -142.3266777232 -569.306710892799
0.491860465116279 -141.653738348624 -566.614953394497
0.494186046511628 -140.987132521107 -563.948530084428
0.496511627906977 -140.326771244664 -561.307084978657
0.498837209302326 -139.672567182912 -558.690268731648
