0 1 1
0.00681818181818182 1 1
0.0136363636363636 1 1
0.0204545454545455 1 1
0.0272727272727273 1 1
0.0340909090909091 1 1
0.0409090909090909 1 1
0.0477272727272727 1 1
0.0545454545454545 1 1
0.0613636363636364 1 1
0.0681818181818182 1 1
0.075 1 1
0.0818181818181818 1 1
0.0886363636363637 1 1
0.0954545454545455 1 1
0.102272727272727 1 1
0.109090909090909 1 1
0.115909090909091 1 1
0.122727272727273 1 1
0.129545454545455 1 1
0.136363636363636 1 1
0.143181818181818 1 1
0.15 1 1
0.156818181818182 1 1
0.163636363636364 1 1
0.170454545454545 1 1
0.177272727272727 1 1
0.184090909090909 1 1
0.190909090909091 1 1
0.197727272727273 1 1
0.204545454545454 1 1
0.211363636363636 1 1
0.218181818181818 1 1
0.225 1 1
0.231818181818182 1 1
0.238636363636363 1 1
0.245454545454545 1 1
0.252272727272727 1 1
0.259090909090909 1 1
0.265909090909091 1 1
0.272727272727273 1 1
0.279545454545454 1 1
0.286363636363636 1 1
0.293181818181818 1 1
0.297727272727273 1 1
0.302272727272727 1 1
0.306818181818182 1 1
0.311363636363636 1 1
0.315909090909091 1 1
0.320454545454545 1 1
0.325 1 1
0.329545454545454 1 1
0.334090909090909 1 1
0.338636363636363 1 1
0.343181818181818 1 1
0.347727272727272 1 1
0.352272727272727 1 1
0.356818181818181 1 1
0.361363636363636 1 1
0.36590909090909 1 1
0.370454545454545 1 1
0.374999999999999 1 1
0.379545454545454 1 1
0.384090909090908 1 1
0.388636363636363 1 1
0.393181818181818 1 1
0.397727272727272 1 1
0.402272727272727 1 1
0.406818181818181 1 1
0.411363636363636 1 1
0.41590909090909 1 1
0.420454545454545 1 1
0.424999999999999 1 1
0.429545454545454 1 1
0.434090909090908 1 1
0.438636363636363 1 1
0.443181818181817 1 1
0.447727272727272 1 1
0.452272727272726 1 1
0.456818181818181 1 1
0.461363636363635 1 1
0.46590909090909 1 1
0.470454545454544 1 1
0.474999999999999 1 1
0.479545454545453 1 1
0.484090909090908 1 1
0.488636363636362 1 1
