0 1 -0
0.00697674418604651 1 -6522.90526744671
0.013953488372093 1 -12733.7009662745
0.0209302325581395 1 -18335.2114229355
0.027906976744186 1 -23059.414193356
0.0348837209302326 1 -26680.2644664756
0.0418604651162791 1 -29024.5109117228
0.0488372093023256 1 -29979.9854511072
0.0558139534883721 1 -29500.970304884
0.0627906976744186 1 -27610.3855070748
0.0697674418604651 1 -24398.692222067
0.0767441860465116 1 -20019.5643366672
0.0837209302325581 1 -14682.5354343326
0.0906976744186047 1 -8642.97298095712
0.0976744186046512 1 -2189.85943982723
0.104651162790698 1 4368.03503205014
0.111627906976744 1 10716.926694034
0.118604651162791 1 16553.0322231134
0.125581395348837 1 21597.1042127399
0.132558139534884 1 25607.7926711204
0.13953488372093 1 28393.1931947283
0.146511627906977 1 29820.0292571984
0.153488372093023 1 29820.0292571984
0.16046511627907 1 28393.1931947283
0.167441860465116 1 25607.7926711204
0.174418604651163 1 21597.1042127399
0.181395348837209 1 16553.0322231134
0.188372093023256 1 10716.926694034
0.195348837209302 1 4368.03503205015
0.202325581395349 1 -2189.85943982723
0.209302325581395 1 -8642.97298095711
0.216279069767442 1 -14682.5354343326
0.223255813953488 1 -20019.5643366672
0.230232558139535 1 -24398.692222067
0.237209302325581 1 -27610.3855070748
0.244186046511628 1 -29500.970304884
0.251162790697674 1 -29979.9854511072
0.258139534883721 1 -29024.5109117228
0.265116279069767 1 -26680.2644664756
0.272093023255814 1 -23059.4141933559
0.27906976744186 1 -18335.2114229355
0.286046511627907 1 -12733.7009662745
0.293023255813953 1 -6522.90526744672
0.3 4 0
0.302325581395349 4 0
0.304651162790698 4 0
0.306976744186046 4 0
0.309302325581395 4 0
0.311627906976744 4 0
0.313953488372093 4 0
0.316279069767442 4 0
0.318604651162791 4 0
0.32093023255814 4 0
0.323255813953488 4 0
0.325581395348837 4 0
0.327906976744186 4 0
0.330232558139535 4 0
0.332558139534884 4 0
0.334883720930233 4 0
0.337209302325581 4 0
0.33953488372093 4 0
0.341860465116279 4 0
0.344186046511628 4 0
0.346511627906977 4 0
0.348837209302326 4 0
0.351162790697674 4 0
0.353488372093023 4 0
0.355813953488372 4 0
0.358139534883721 4 0
0.36046511627907 4 0
0.362790697674419 4 0
0.365116279069767 4 0
0.367441860465116 4 0
0.369767441860465 4 0
0.372093023255814 4 0
0.374418604651163 4 0
0.376744186046512 4 0
0.37906976744186 4 0
0.381395348837209 4 0
0.383720930232558 4 0
0.386046511627907 4 0
0.388372093023256 4 0
0.390697674418605 4 0
0.393023255813953 4 0
0.395348837209302 4 0
0.397674418604651 4 0
0.4 4 0
0.402325581395349 4 0
0.404651162790698 4 0
0.406976744186047 4 0
0.409302325581395 4 0
0.411627906976744 4 0
0.413953488372093 4 0
0.416279069767442 4 0
0.418604651162791 4 0
0.42093023255814 4 0
0.423255813953488 4 0
0.425581395348837 4 0
0.427906976744186 4 0
0.430232558139535 4 0
0.432558139534884 4 0
0.434883720930233 4 0
0.437209302325581 4 0
0.43953488372093 4 0
0.441860465116279 4 0
0.444186046511628 4 0
0.446511627906977 4 0
0.448837209302326 4 0
0.451162790697674 4 0
0.453488372093023 4 0
0.455813953488372 4 0
0.458139534883721 4 0
0.46046511627907 4 0
0.462790697674419 4 0
0.465116279069767 4 0
0.467441860465116 4 0
0.469767441860465 4 0
0.472093023255814 4 0
0.474418604651163 4 0
0.476744186046512 4 0
0.47906976744186 4 0
0.481395348837209 4 0
0.483720930232558 4 0
0.486046511627907 4 0
0.488372093023256 4 0
0.490697674418605 4 0
0.493023255813953 4 0
0.495348837209302 4 0
0.497674418604651 4 0
0.5 4 0
