0 133.781711612891
0.000548446069469835 133.781711612891
0.00109689213893967 133.7817634368
0.00164533820840951 133.781981069526
0.00219378427787934 133.782469543317
0.00274223034734918 133.783332798284
0.00329067641681901 133.784674363496
0.00383912248628885 133.786597485846
0.00438756855575868 133.789205148522
0.00493601462522852 133.79260005707
0.00548446069469835 133.796884613557
0.00603290676416819 133.802160885703
0.00658135283363803 133.808530573668
0.00712979890310786 133.816094975668
0.0076782449725777 133.82495495302
0.00822669104204753 133.835210894909
0.00877513711151737 133.846962683041
0.0093235831809872 133.860309656308
0.00987202925045704 133.875350575516
0.0104204753199269 133.892183588215
0.0109689213893967 133.910906193694
0.0115173674588665 133.93161520813
0.0120658135283364 133.954406729939
0.0126142595978062 133.979376105334
0.0131627056672761 134.006617894112
0.0137111517367459 134.036225835677
0.0142595978062157 134.068292815321
0.0148080438756856 134.102910830771
0.0153564899451554 134.140170959008
0.0159049360146252 134.180163323386
0.0164533820840951 134.222977061047
0.0170018281535649 134.268700290645
0.0175502742230347 134.3174200804
0.0180987202925046 134.369222416482
0.0186471663619744 134.424192171737
0.0191956124314442 134.482413074773
0.0197440585009141 134.543967679404
0.0202925045703839 134.608937334472
0.0208409506398537 134.677402154055
0.0213893967093236 134.749440988063
0.0219378427787934 134.825131393241
0.0224862888482632 134.904549604585
0.0230347349177331 134.987770507176
0.0235831809872029 135.074867608452
0.0241316270566727 135.165913010911
0.0246800731261426 135.260977385271
0.0252285191956124 135.360129944081
0.0257769652650822 135.4634384158
0.0263254113345521 135.570969019353
0.0268738574040219 135.682786439166
0.0274223034734917 135.79895380069
0.0279707495429616 135.919532646431
0.0285191956124314 136.044582912476
0.0290676416819012 136.174162905542
0.0296160877513711 136.308329280539
0.0301645338208409 136.447137018668
0.0307129798903107 136.590639406047
0.0312614259597806 136.738888012889
0.0318098720292504 136.891932673221
0.0323583180987202 137.049821465163
0.0329067641681901 137.21260069177
0.0334552102376599 137.380314862439
0.0340036563071297 137.553006674895
0.0345521023765996 137.730716997757
0.0351005484460694 137.913484853687
0.0356489945155392 138.101347403135
0.0361974405850091 138.294339928678
0.0367458866544789 138.492495819965
0.0372943327239487 138.695846559269
0.0378427787934186 138.904421707645
0.0383912248628884 139.118248891718
0.0389396709323582 139.337353791077
0.0394881170018281 139.561760126306
0.0400365630712979 139.79148964764
0.0405850091407677 140.026562124258
0.0411334552102376 140.266995334204
0.0416819012797074 140.512805054964
0.0422303473491772 140.76400505467
0.0427787934186471 141.020607083965
0.0433272394881169 141.282620868509
0.0438756855575867 141.55005410214
0.0444241316270566 141.822912440692
0.0449725776965264 142.101199496468
0.0455210237659962 142.384916833373
0.0460694698354661 142.674063962707
0.0466179159049359 142.968638339621
0.0471663619744057 143.26863536024
0.0477148080438756 143.574048359445
0.0482632541133454 143.884868609333
0.0488117001828152 144.201085318326
0.0493601462522851 144.522685630969
0.0499085923217549 144.849654628378
0.0504570383912247 145.181975329369
0.0510054844606946 145.519628692248
0.0515539305301644 145.862593617274
0.0521023765996343 146.210846949784
0.0526508226691041 146.564363483992
0.0531992687385739 146.923115967451
0.0537477148080438 147.287075106178
0.0542961608775136 147.656209570447
0.0548446069469834 148.030486001241
0.0553930530164533 148.40986901737
0.0559414990859231 148.794321223241
0.0564899451553929 149.18380321729
0.0570383912248628 149.578273601069
0.0575868372943326 149.977688988979
0.0581352833638024 150.382004018663
0.0586837294332723 150.791171362031
0.0592321755027421 151.205141736946
0.0597806215722119 151.623863919536
0.0603290676416818 152.047284757146
0.0608775137111516 152.47534918193
0.0614259597806214 152.908000225062
0.0619744058500913 153.345179031582
0.0625228519195611 153.786824875853
0.0630712979890309 154.232875177639
0.0636197440585008 154.683265518801
0.0641681901279706 155.137929660583
0.0647166361974405 155.596799561522
0.0652650822669103 156.059805395932
0.0658135283363801 156.526875572996
0.06636197440585 156.997936756435
0.0669104204753198 157.472913884759
0.0674588665447897 157.951730192093
0.0680073126142595 158.434307229565
0.0685557586837293 158.920564887266
0.0691042047531992 159.410421416751
0.069652650822669 159.9037934541
0.0702010968921389 160.400596043513
0.0707495429616087 160.900742661443
0.0712979890310785 161.404145241253
0.0718464351005484 161.910714198396
0.0723948811700182 162.420358456105
0.0729433272394881 162.932985471584
0.0734917733089579 163.448501262706
0.0740402193784278 163.966810435188
0.0745886654478976 164.487816210253
0.0751371115173674 165.011420452763
0.0756855575868373 165.537523699817
0.0762340036563071 166.066025189797
0.076782449725777 166.596822891873
0.0773308957952468 167.129813535935
0.0778793418647166 167.664892642955
0.0784277879341865 168.201954555775
0.0789762340036563 168.740892470295
0.0795246800731262 169.281598467074
0.080073126142596 169.823963543308
0.0806215722120658 170.367877645198
0.0811700182815357 170.913229700694
0.0817184643510055 171.459907652586
0.0822669104204754 172.007798491962
0.0828153564899452 172.556788291998
0.083363802559415 173.106762242084
0.0839122486288849 173.657604682265
0.0844606946983547 174.209199138003
0.0850091407678246 174.761428355229
0.0855575868372944 175.314174335685
0.0861060329067642 175.867318372554
0.0866544789762341 176.420741086343
0.0872029250457039 176.974322461038
0.0877513711151738 177.527941880491
0.0882998171846436 178.081478165052
0.0888482632541134 178.634809608417
0.0893967093235833 179.187814014694
0.0899451553930531 179.740368735664
0.090493601462523 180.292350708238
0.0910420475319928 180.843636492086
0.0915904936014627 181.394102307436
0.0921389396709325 181.943624073027
0.0926873857404023 182.492077444203
0.0932358318098722 183.039337851145
0.093784277879342 183.585280537212
0.0943327239488119 184.129780597406
0.0948811700182817 184.672713016914
0.0954296160877515 185.213952709751
0.0959780621572214 185.753374557469
0.0965265082266912 186.290853447922
0.0970749542961611 186.826264314088
0.0976234003656309 187.359482172927
0.0981718464351007 187.890382164256
0.0987202925045706 188.418839589643
0.0992687385740404 188.944729951305
0.0998171846435103 189.467928990988
0.10036563071298 189.988312728828
0.10091407678245 190.505757502174
0.10146252285192 191.020140004367
0.10201096892139 191.531337323461
0.102559414990859 192.039226980867
0.103107861060329 192.54368696992
0.103656307129799 193.044595794347
0.104204753199269 193.541832506633
0.104753199268739 194.035276746264
0.105301645338209 194.524808777839
0.105850091407679 195.010309529043
0.106398537477148 195.491660628464
0.106946983546618 195.968744443245
0.107495429616088 196.441444116556
0.108043875685558 196.909643604881
0.108592321755028 197.373227715097
0.109140767824498 197.832082141349
0.109689213893967 198.286093501697
0.110237659963437 198.735149374524
0.110786106032907 199.179138334706
0.111334552102377 199.617949989514
0.111882998171847 200.051475014257
0.112431444241317 200.479605187636
0.112979890310786 200.902233426809
0.113528336380256 201.319253822158
0.114076782449726 201.730561671736
0.114625228519196 202.136053515397
0.115173674588666 202.535627168582
0.115722120658136 202.929181755769
0.116270566727605 203.31661774356
0.116819012797075 203.697836973407
0.117367458866545 204.072742693956
0.117915904936015 204.441239593009
0.118464351005485 204.803233829086
0.119012797074955 205.158633062579
0.119561243144425 205.507346486494
0.120109689213894 205.84928485676
0.120658135283364 206.184360522109
0.121206581352834 206.512487453503
0.121755027422304 206.83358127311
0.122303473491774 207.147559282817
0.122851919561244 207.454340492268
0.123400365630713 207.753845646415
0.123948811700183 208.045997252591
0.124497257769653 208.330719607064
0.125045703839123 208.607938821102
0.125594149908593 208.877582846512
0.126142595978063 209.139581500648
0.126691042047532 209.393866490903
0.127239488117002 209.640371438643
0.127787934186472 209.879031902602
0.128336380255942 210.10978540172
0.128884826325412 210.332571437414
0.129433272394882 210.547331515284
0.129981718464351 210.754009166231
0.130530164533821 210.952549967005
0.131078610603291 211.142901560146
0.131627056672761 211.325013673338
0.132175502742231 211.498838138154
0.1327239488117 211.664328908191
0.13327239488117 211.821442076589
0.13382084095064 211.970135892926
0.13436928702011 212.110370779486
0.13491773308958 212.242109346895
0.13546617915905 212.365316409112
0.136014625228519 212.479958997786
0.136563071297989 212.586006375955
0.137111517367459 212.683430051094
0.137659963436929 212.772203787509
0.138208409506399 212.852303618065
0.138756855575869 212.923707855243
0.139305301645338 212.986397101539
0.139853747714808 213.040354259176
0.140402193784278 213.085564539148
0.140950639853748 213.122015469575
0.141499085923218 213.149696903381
0.142047531992688 213.168601025278
0.142595978062157 213.178722358071
0.143144424131627 213.180057768259
0.143692870201097 213.172606470947
0.144241316270567 213.156370034065
0.144789762340037 213.131352381882
0.145338208409507 213.097559797827
0.145886654478976 213.055000926598
0.146435100548446 213.003686775585
0.146983546617916 212.943630715571
0.147531992687386 212.874848480742
0.148080438756856 212.797358167986
0.148628884826325 212.71118023549
0.149177330895795 212.616337500624
0.149725776965265 212.51285513713
0.150274223034735 212.400760671601
0.150822669104205 212.28008397925
0.151371115173675 212.150857278982
0.151919561243144 212.013115127764
0.152468007312614 211.866894414285
0.153016453382084 211.71223435192
0.153564899451554 211.549176470998
0.154113345521024 211.377764610366
0.154661791590494 211.19804490826
0.155210237659963 211.010065792488
0.155758683729433 210.81387796991
0.156307129798903 210.609534415242
0.156855575868373 210.397090359169
0.157404021937843 210.176603275772
0.157952468007313 209.948132869286
0.158500914076782 209.711741060166
0.159049360146252 209.4674919705
0.159597806215722 209.215451908735
0.160146252285192 208.955689353755
0.160694698354662 208.688274938283
0.161243144424131 208.413281431641
0.161791590493601 208.130783721852
0.162340036563071 207.840858797094
0.162888482632541 207.543585726516
0.163436928702011 207.239045640422
0.163985374771481 206.927321709811
0.16453382084095 206.608499125311
0.16508226691042 206.282665075474
0.16563071297989 205.949908724472
0.16617915904936 205.610321189182
0.16672760511883 205.263995515667
0.1672760511883 204.911026655066
0.167824497257769 204.551511438896
0.168372943327239 204.185548553775
0.168921389396709 203.813238515568
0.169469835466179 203.43468364297
0.170018281535649 203.04998803053
0.170566727605119 202.659257521121
0.171115173674588 202.262599677873
0.171663619744058 201.860123755563
0.172212065813528 201.451940671484
0.172760511882998 201.03816297579
0.173308957952468 200.618904821336
0.173857404021938 200.194281933012
0.174405850091407 199.764411576584
0.174954296160877 199.329412527056
0.175502742230347 198.889405036546
0.176051188299817 198.444510801711
0.176599634369287 197.9948529307
0.177148080438756 197.540555909672
0.177696526508226 197.081745568868
0.178244972577696 196.618549048262
0.178793418647166 196.151094762791
0.179341864716636 195.679512367174
0.179890310786106 195.20393272034
0.180438756855575 194.724487849466
0.180987202925045 194.241310913633
0.181535648994515 193.754536167126
0.182084095063985 193.264298922367
0.182632541133455 192.770735512512
0.183180987202925 192.273983253709
0.183729433272394 191.774180407033
0.184277879341864 191.271466140112
0.184826325411334 190.765980488448
0.185374771480804 190.25786431645
0.185923217550274 189.747259278192
0.186471663619744 189.2343077779
0.187020109689213 188.71915293018
0.187568555758683 188.201938520017
0.188117001828153 187.682808962521
0.188665447897623 187.161909262473
0.189213893967093 186.639384973648
0.189762340036562 186.11538215795
0.190310786106032 185.590047344359
0.190859232175502 185.063527487703
0.191407678244972 184.535969927279
0.191956124314442 184.007522345315
0.192504570383912 183.4783327253
0.193053016453381 182.948549310195
0.193601462522851 182.418320560526
0.194149908592321 181.887795112379
0.194698354661791 181.357121735313
0.195246800731261 180.826449290195
0.195795246800731 180.295926686968
0.1963436928702 179.765702842383
0.19689213893967 179.235926637682
0.19744058500914 178.706746876261
0.19798903107861 178.178312241319
0.19853747714808 177.650771253514
0.19908592321755 177.124272228624
0.199634369287019 176.598963235239
0.200182815356489 176.074992052486
0.200731261425959 175.552506127814
0.201279707495429 175.031652534831
0.201828153564899 174.512577931226
0.202376599634368 173.995428516771
0.202925045703838 173.480349991432
0.203473491773308 172.96748751359
0.204021937842778 172.456985658381
0.204570383912248 171.948988376187
0.205118829981718 171.443638951266
0.205667276051187 170.941079960548
0.206215722120657 170.441453232611
0.206764168190127 169.944899806837
0.207312614259597 169.451559892768
0.207861060329067 168.961572829683
0.208409506398537 168.475077046383
0.208957952468006 167.992210021226
0.209506398537476 167.513108242401
0.210054844606946 167.037907168461
0.210603290676416 166.566741189138
0.211151736745886 166.099743586422
0.211700182815356 165.637046495955
0.212248628884825 165.178780868717
0.212797074954295 164.725076433035
0.213345521023765 164.27606165692
0.213893967093235 163.831863710747
0.214442413162705 163.39260843028
0.214990859232175 162.95842028007
0.215539305301644 162.529422317213
0.216087751371114 162.10573615551
0.216636197440584 161.687481930005
0.217184643510054 161.274778261938
0.217733089579524 160.867742224118
0.218281535648993 160.466489306716
0.218829981718463 160.071133383495
0.219378427787933 159.681786678497
0.219926873857403 159.298559733178
0.220475319926873 158.921561374016
0.221023765996343 158.550898680593
0.221572212065812 158.186676954167
0.222120658135282 157.828999686741
0.222669104204752 157.477968530636
0.223217550274222 157.133683268582
0.223765996343692 156.796241784328
0.224314442413162 156.465740033793
0.224862888482631 156.142272016757
0.225411334552101 155.825929749096
0.225959780621571 155.516803235586
0.226508226691041 155.21498044327
0.227056672760511 154.920547275403
0.227605118829981 154.633587545975
0.22815356489945 154.354182954833
0.22870201096892 154.082413063399
0.22925045703839 153.818355270996
0.22979890310786 153.562084791784
0.23034734917733 153.313674632324
0.230895795246799 153.073195569765
0.231444241316269 152.840716130665
0.231992687385739 152.61630257046
0.232541133455209 152.400018853576
0.233089579524679 152.191926634192
0.233638025594149 151.992085237672
0.234186471663618 151.800551642652
0.234734917733088 151.617380463811
0.235283363802558 151.442623935307
0.235831809872028 151.276331894902
0.236380255941498 151.118551768771
0.236928702010968 150.969328557008
0.237477148080437 150.82870481982
0.238025594149907 150.696720664432
0.238574040219377 150.573413732688
0.239122486288847 150.458819189368
0.239670932358317 150.352969711215
0.240219378427787 150.255895476679
0.240767824497256 150.167624156381
0.241316270566726 150.0881809043
0.241864716636196 150.017588349687
0.242413162705666 149.955866589706
0.242961608775136 149.903033182809
0.243510054844606 149.859103142845
0.244058500914075 149.824088933897
0.244606946983545 149.798000465869
0.245155393053015 149.780845090804
0.245703839122485 149.772627599943
0.246252285191955 149.773350221529
0.246800731261424 149.783012619354
0.247349177330894 149.801611892047
0.247897623400364 149.829142573109
0.248446069469834 149.865596631689
0.248994515539304 149.910963474111
0.249542961608774 149.965229946138
0.250091407678243 150.028380335988
0.250639853747713 150.100396378089
0.251188299817183 150.181257257578
0.251736745886653 150.270939615542
0.252285191956123 150.369417555002
0.252833638025593 150.476662647633
0.253382084095063 150.592643941227
0.253930530164532 150.717327967886
0.254478976234002 150.850678752953
0.255027422303472 150.992657824673
0.255575868372942 151.143224224585
0.256124314442412 151.302334518637
0.256672760511882 151.46994280903
0.257221206581352 151.646000746776
0.257769652650821 151.830457544978
0.258318098720291 152.023259992821
0.258866544789761 152.224352470271
0.259414990859231 152.433676963488
0.259963436928701 152.651173080925
0.260511882998171 152.876778070143
0.261060329067641 153.110426835301
0.26160877513711 153.352051955345
0.26215722120658 153.601583702874
0.26270566727605 153.858950063688
0.26325411334552 154.124076756999
0.26380255941499 154.396887256319
0.26435100548446 154.677302811002
0.26489945155393 154.965242468441
0.265447897623399 155.260623096911
0.265996343692869 155.563359409062
0.266544789762339 155.873363986036
0.267093235831809 156.190547302221
0.267641681901279 156.514817750618
0.268190127970749 156.846081668832
0.268738574040219 157.184243365661
0.269287020109688 157.529205148287
0.269835466179158 157.880867350061
0.270383912248628 158.239128358865
0.270932358318098 158.603884646059
0.271480804387568 158.975030795985
0.272029250457038 159.352459536035
0.272577696526507 159.736061767272
0.273126142595977 160.125726595581
0.273674588665447 160.52134136337
0.274223034734917 160.922791681775
0.274771480804387 161.329961463393
0.275319926873857 161.742732955518
0.275868372943327 162.160986773861
0.276416819012796 162.584601936771
0.276965265082266 163.013455899923
0.277513711151736 163.447424591469
0.278062157221206 163.886382447651
0.278610603290676 164.33020244886
0.279159049360146 164.77875615612
0.279707495429616 165.231913748005
0.280255941499085 165.68954405797
0.280804387568555 166.15151461208
0.281352833638025 166.617691667131
0.281901279707495 167.087940249157
0.282449725776965 167.562124192304
0.282998171846435 168.04010617806
0.283546617915905 168.521747774833
0.284095063985374 169.00690947787
0.284643510054844 169.495450749495
0.285191956124314 169.987230059656
0.285740402193784 170.482104926783
0.286288848263254 170.979931958924
0.286837294332724 171.480566895167
0.287385740402194 171.983864647318
0.287934186471663 172.489679341838
0.288482632541133 172.997864362018
0.289031078610603 173.508272390384
0.289579524680073 174.020755451313
0.290127970749543 174.53516495386
0.290676416819013 175.051351734766
0.291224862888483 175.569166101657
0.291773308957952 176.088457876397
0.292321755027422 176.609076438599
0.292870201096892 177.13087076928
0.293418647166362 177.653689494635
0.293967093235832 178.177380929935
0.294515539305302 178.701793123524
0.295063985374772 179.226773900898
0.295612431444241 179.752170908874
0.296160877513711 180.277831659812
0.296709323583181 180.803603575889
0.297257769652651 181.329334033416
0.297806215722121 181.85487040717
0.298354661791591 182.380060114751
0.298903107861061 182.904750660923
0.29945155393053 183.428789681951
0.30018148093783 183.707065409309
0.300911407945129 183.880692059403
0.301641334952428 184.053898049953
0.302371261959728 184.226685414365
0.303101188967027 184.399056171337
0.303831115974326 184.571012325001
0.304561042981625 184.742555865061
0.305290969988925 184.913688766933
0.306020896996224 185.08441299188
0.306750824003523 185.254730487148
0.307480751010823 185.4246431861
0.308210678018122 185.594153008345
0.308940605025421 185.763261859868
0.30967053203272 185.931971633165
0.31040045904002 186.100284207362
0.311130386047319 186.268201448343
0.311860313054618 186.435725208879
0.312590240061918 186.602857328742
0.313320167069217 186.769599634834
0.314050094076516 186.935953941302
0.314780021083815 187.101922049661
0.315509948091115 187.267505748904
0.316239875098414 187.432706815626
0.316969802105713 187.597527014131
0.317699729113013 187.76196809655
0.318429656120312 187.926031802951
0.319159583127611 188.089719861449
0.319889510134911 188.253033988317
0.32061943714221 188.415975888092
0.321349364149509 188.578547253682
0.322079291156808 188.740749766472
0.322809218164108 188.90258509643
0.323539145171407 189.064054902207
0.324269072178706 189.22516083124
0.324998999186006 189.385904519857
0.325728926193305 189.546287593368
0.326458853200604 189.706311666173
0.327188780207903 189.865978341852
0.327918707215203 190.025289213267
0.328648634222502 190.184245862654
0.329378561229801 190.342849861719
0.330108488237101 190.501102771728
0.3308384152444 190.659006143606
0.331568342251699 190.816561518021
0.332298269258998 190.973770425476
0.333028196266298 191.130634386404
0.333758123273597 191.287154911246
0.334488050280896 191.443333500547
0.335217977288196 191.59917164504
0.335947904295495 191.754670825728
0.336677831302794 191.909832513972
0.337407758310094 192.064658171574
0.338137685317393 192.219149250859
0.338867612324692 192.373307194756
0.339597539331991 192.527133436881
0.340327466339291 192.680629401615
0.34105739334659 192.833796504183
0.341787320353889 192.986636150735
0.342517247361189 193.139149738421
0.343247174368488 193.291338655467
0.343977101375787 193.443204281254
0.344707028383086 193.59474798639
0.345436955390386 193.745971132785
0.346166882397685 193.896875073726
0.346896809404984 194.047461153947
0.347626736412284 194.197730709703
0.348356663419583 194.34768506884
0.349086590426882 194.497325550867
0.349816517434181 194.646653467023
0.350546444441481 194.795670120349
0.35127637144878 194.944376805753
0.352006298456079 195.09277481008
0.352736225463379 195.240865412179
0.353466152470678 195.388649882966
0.354196079477977 195.536129485494
0.354926006485277 195.683305475014
0.355655933492576 195.83017909904
0.356385860499875 195.976751597413
0.357115787507174 196.123024202366
0.357845714514474 196.26899813858
0.358575641521773 196.414674623253
0.359305568529072 196.560054866154
0.360035495536372 196.705140069691
0.360765422543671 196.84993142896
0.36149534955097 196.994430131817
0.362225276558269 197.138637358924
0.362955203565569 197.282554283817
0.363685130572868 197.426182072957
0.364415057580167 197.569521885787
0.365144984587467 197.712574874794
0.365874911594766 197.855342185556
0.366604838602065 197.997824956805
0.367334765609364 198.140024320476
0.368064692616664 198.281941401764
0.368794619623963 198.423577319174
0.369524546631262 198.56493318458
0.370254473638562 198.706010103271
0.370984400645861 198.846809174006
0.37171432765316 198.987331489065
0.372444254660459 199.127578134299
0.373174181667759 199.267550189182
0.373904108675058 199.40724872686
0.374634035682357 199.546674814199
0.375363962689657 199.685829511836
0.376093889696956 199.824713874226
0.376823816704255 199.963328949691
0.377553743711555 200.101675780466
0.378283670718854 200.239755402749
0.379013597726153 200.377568846743
0.379743524733452 200.515117136706
0.380473451740752 200.652401290996
0.381203378748051 200.789422322113
0.38193330575535 200.926181236749
0.38266323276265 201.062679035829
0.383393159769949 201.198916714555
0.384123086777248 201.33489526245
0.384853013784547 201.470615663404
0.385582940791847 201.60607889571
0.386312867799146 201.741285932113
0.387042794806445 201.876237739849
0.387772721813745 202.010935280687
0.388502648821044 202.145379510969
0.389232575828343 202.279571381652
0.389962502835642 202.413511838348
0.390692429842942 202.547201821365
0.391422356850241 202.680642265744
0.39215228385754 202.813834101301
0.39288221086484 202.946778252664
0.393612137872139 203.079475639313
0.394342064879438 203.211927175617
0.395071991886738 203.344133770873
0.395801918894037 203.47609632934
0.396531845901336 203.607815750282
0.397261772908635 203.739292928
0.397991699915935 203.87052875187
0.398721626923234 204.00152410638
0.399451553930533 204.132279871163
0.400181480937833 204.262796921035
0.400911407945132 204.393076126032
0.401641334952431 204.523118351437
0.40237126195973 204.652924457825
0.40310118896703 204.782495301088
0.403831115974329 204.911831732475
0.404561042981628 205.040934598621
0.405290969988928 205.169804741586
0.406020896996227 205.298442998881
0.406750824003526 205.426850203506
0.407480751010825 205.55502718398
0.408210678018125 205.682974764373
0.408940605025424 205.81069376434
0.409670532032723 205.938184999148
0.410400459040023 206.065449279714
0.411130386047322 206.192487412629
0.411860313054621 206.319300200192
0.412590240061921 206.445888440442
0.41332016706922 206.572252927183
0.414050094076519 206.698394450021
0.414780021083818 206.824313794387
0.415509948091118 206.95001174157
0.416239875098417 207.075489068744
0.416969802105716 207.200746549001
0.417699729113016 207.325784951372
0.418429656120315 207.450605040864
0.419159583127614 207.575207578482
0.419889510134913 207.699593321259
0.420619437142213 207.823763022283
0.421349364149512 207.947717430727
0.422079291156811 208.07145729187
0.422809218164111 208.194983347131
0.42353914517141 208.318296334091
0.424269072178709 208.441396986522
0.424998999186008 208.56428603441
0.425728926193308 208.686964203985
0.426458853200607 208.809432217744
0.427188780207906 208.931690794476
0.427918707215206 209.053740649292
0.428648634222505 209.175582493643
0.429378561229804 209.297217035351
0.430108488237104 209.41864497863
0.430838415244403 209.539867024113
0.431568342251702 209.660883868873
0.432298269259001 209.78169620645
0.433028196266301 209.902304726876
0.4337581232736 210.022710116692
0.434488050280899 210.14291305898
0.435217977288199 210.262914233381
0.435947904295498 210.382714316119
0.436677831302797 210.502313980023
0.437407758310096 210.621713894553
0.438137685317396 210.74091472582
0.438867612324695 210.859917136606
0.439597539331994 210.978721786392
0.440327466339294 211.097329331375
0.441057393346593 211.215740424492
0.441787320353892 211.333955715439
0.442517247361191 211.451975850698
0.443247174368491 211.569801473552
0.44397710137579 211.687433224108
0.444707028383089 211.804871739321
0.445436955390389 211.922117653009
0.446166882397688 212.03917159588
0.446896809404987 212.156034195546
0.447626736412287 212.272706076549
0.448356663419586 212.389187860376
0.449086590426885 212.505480165482
0.449816517434184 212.621583607309
0.450546444441484 212.737498798306
0.451276371448783 212.853226347945
0.452006298456082 212.968766862746
0.452736225463382 213.084120946292
0.453466152470681 213.199289199249
0.45419607947798 213.314272219384
0.454926006485279 213.429070601585
0.455655933492579 213.543684937879
0.456385860499878 213.658115817449
0.457115787507177 213.772363826656
0.457845714514477 213.886429549051
0.458575641521776 214.000313565399
0.459305568529075 214.114016453691
0.460035495536374 214.227538789167
0.460765422543674 214.34088114433
0.461495349550973 214.454044088966
0.462225276558272 214.567028190156
0.462955203565572 214.6798340123
0.463685130572871 214.792462117128
0.46441505758017 214.904913063722
0.46514498458747 215.017187408528
0.465874911594769 215.129285705374
0.466604838602068 215.241208505488
0.467334765609367 215.352956357514
0.468064692616667 215.464529807524
0.468794619623966 215.57592939904
0.469524546631265 215.687155673047
0.470254473638565 215.798209168008
0.470984400645864 215.909090419881
0.471714327653163 216.019799962133
0.472444254660462 216.130338325759
0.473174181667762 216.240706039292
0.473904108675061 216.350903628821
0.47463403568236 216.46093161801
0.47536396268966 216.570790528103
0.476093889696959 216.680480877949
0.476823816704258 216.79000318401
0.477553743711557 216.899357960381
0.478283670718857 217.008545718797
0.479013597726156 217.117566968655
0.479743524733455 217.226422217025
0.480473451740755 217.335111968663
0.481203378748054 217.443636726028
0.481933305755353 217.551996989292
0.482663232762652 217.660193256357
0.483393159769952 217.768226022869
0.484123086777251 217.876095782229
0.48485301378455 217.983803025608
0.48558294079185 218.091348241961
0.486312867799149 218.19873191804
0.487042794806448 218.305954538405
0.487772721813748 218.413016585441
0.488502648821047 218.519918539368
0.489232575828346 218.626660878255
0.489962502835645 218.733244078034
0.490692429842945 218.83966861251
0.491422356850244 218.945934953376
0.492152283857543 219.052043570223
0.492882210864843 219.157994930558
0.493612137872142 219.263789499807
0.494342064879441 219.369427741338
0.49507199188674 219.474910116465
0.49580191889404 219.580237084464
0.496531845901339 219.685409102584
0.497261772908638 219.790426626058
0.497991699915938 219.895290108117
0.498721626923237 220
