0.000274725274725275 -0 -0
0.000824175824175824 0.00018315020213322 0.00018315020213322
0.00137362637362637 0.000439560423046714 0.000439560423046714
0.00192307692307692 0.000706436516111353 0.000706436516111353
0.00247252747252747 0.000976801112528847 0.000976801112528847
0.00302197802197802 0.00124875136407354 0.00124875136407354
0.00357142857142857 0.00152155537818999 0.00152155537818999
0.00412087912087912 0.00179487175330451 0.00179487175330451
0.00467032967032967 0.00206851975349309 0.00206851975349309
0.00521978021978022 0.0023423944236356 0.0023423944236356
0.00576923076923077 0.00261643120779809 0.00261643120779809
0.00631868131868132 0.00289058774114892 0.00289058774114892
0.00686813186813187 0.00316483521146438 0.00316483521146438
0.00741758241758242 0.00343915354847013 0.00343915354847013
0.00796703296703296 0.0037135280098255 0.0037135280098255
0.00851648351648351 0.00398794778448064 0.00398794778448064
0.00906593406593406 0.00426240449257875 0.00426240449257875
0.00961538461538461 0.0045368919268185 0.0045368919268185
0.0101648351648352 0.00481140506963129 0.00481140506963129
0.0107142857142857 0.00508593993799877 0.00508593993799877
0.0112637362637363 0.00536049332481525 0.00536049332481525
0.0118131868131868 0.00563506290234272 0.00563506290234272
0.0123626373626374 0.00590964613593314 0.00590964613593314
0.0129120879120879 0.00618424162894371 0.00618424162894371
0.0134615384615385 0.00645884751918402 0.00645884751918402
0.014010989010989 0.00673346282383136 0.00673346282383136
0.0145604395604396 0.00700808650833551 0.00700808650833551
0.0151098901098901 0.00728271758987376 0.00728271758987376
0.0156593406593407 0.00755735518907841 0.00755735518907841
0.0162087912087912 0.00783199873694684 0.00783199873694684
0.0167582417582418 0.00810664776793146 0.00810664776793146
0.0173076923076923 0.00838130160957462 0.00838130160957462
0.0178571428571429 0.0086559597446012 0.0086559597446012
0.0184065934065934 0.00893062201782868 0.00893062201782868
0.018956043956044 0.00920528791198194 0.00920528791198194
0.0195054945054945 0.0094799570649684 0.0094799570649684
0.0200549450549451 0.00975462932160553 0.00975462932160553
0.0206043956043956 0.0100293043715283 0.0100293043715283
0.0211538461538462 0.0103039820595541 0.0103039820595541
0.0217032967032967 0.0105786622822279 0.0105786622822279
0.0222527472527473 0.0108533446257297 0.0108533446257297
0.0228021978021978 0.0111280289866045 0.0111280289866045
0.0233516483516484 0.0114027152096696 0.0114027152096696
0.0239010989010989 0.0116774033983802 0.0116774033983802
0.0244505494505495 0.0119520932423711 0.0119520932423711
0.025 0.0122267845347324 0.0122267845347324
0.0255494505494506 0.0125014772754639 0.0125014772754639
0.0260989010989011 0.0127761713611108 0.0127761713611108
0.0266483516483517 0.0130508668951279 0.0130508668951279
0.0271978021978022 0.0133255636188778 0.0133255636188778
0.0277472527472528 0.0136002614289055 0.0136002614289055
0.0282967032967033 0.0138749602217558 0.0138749602217558
0.0288461538461539 0.0141496601008839 0.0141496601008839
0.0293956043956044 0.0144243608076522 0.0144243608076522
0.029945054945055 0.0146990626524257 0.0146990626524257
0.0304945054945055 0.0149737650662018 0.0149737650662018
0.0310439560439561 0.0152484683593457 0.0152484683593457
0.0315934065934066 0.0155231726353122 0.0155231726353122
0.0321428571428572 0.0157978775837364 0.0157978775837364
0.0326923076923077 0.0160725831528907 0.0160725831528907
0.0332417582417583 0.0163472893427752 0.0163472893427752
0.0337912087912088 0.0166219962568448 0.0166219962568448
0.0343406593406594 0.016896703636462 0.016896703636462
0.0348901098901099 0.0171714116368094 0.0171714116368094
0.0354395604395605 0.0174461202061593 0.0174461202061593
0.035989010989011 0.0177208292927844 0.0177208292927844
0.0365384615384616 0.0179955388966846 0.0179955388966846
0.0370879120879121 0.0182702488626774 0.0182702488626774
0.0376373626373626 0.0185449591907627 0.0185449591907627
0.0381868131868132 0.0188196699326681 0.0188196699326681
0.0387362637362637 0.0190943811401212 0.0190943811401212
0.0392857142857143 0.0193690927613943 0.0193690927613943
0.0398351648351648 0.019643804848215 0.019643804848215
0.0403846153846154 0.0199185172971283 0.0199185172971283
0.0409340659340659 0.0201932301081342 0.0201932301081342
0.0414835164835165 0.0204679431777777 0.0204679431777777
0.042032967032967 0.0207426565060587 0.0207426565060587
0.0425824175824176 0.0210173700929772 0.0210173700929772
0.0431318681318681 0.0212920839902608 0.0212920839902608
0.0436813186813187 0.021566798249637 0.021566798249637
0.0442307692307692 0.0218415128193783 0.0218415128193783
0.0447802197802198 0.0221162276477571 0.0221162276477571
0.0453296703296703 0.0223909427347735 0.0223909427347735
0.0458791208791209 0.0226656579769724 0.0226656579769724
0.0464285714285714 0.0229403735812639 0.0229403735812639
0.046978021978022 0.0232150892890104 0.0232150892890104
0.0475274725274725 0.0234898052553945 0.0234898052553945
0.0480769230769231 0.0237645215321436 0.0237645215321436
0.0486263736263736 0.0240392379640753 0.0240392379640753
0.0491758241758241 0.0243139546546445 0.0243139546546445
0.0497252747252747 0.0245886714486687 0.0245886714486687
0.0502747252747252 0.024863388346148 0.024863388346148
0.0508241758241758 0.0251381054505373 0.0251381054505373
0.0513736263736263 0.0254128226583816 0.0254128226583816
0.0519230769230769 0.025687540176591 0.025687540176591
0.0524725274725274 0.0259622577982555 0.0259622577982555
0.053021978021978 0.0262369756785574 0.0262369756785574
0.0535714285714285 0.0265116936623144 0.0265116936623144
0.0541208791208791 0.0267864118529815 0.0267864118529815
0.0546703296703296 0.027061130095376 0.027061130095376
0.0552197802197802 0.0273358485446806 0.0273358485446806
0.0557692307692307 0.0276105670457127 0.0276105670457127
0.0563186813186813 0.0278852857019274 0.0278852857019274
0.0568681318681318 0.0281600044098695 0.0281600044098695
0.0574175824175824 0.0284347234281768 0.0284347234281768
0.0579670329670329 0.0287094423947565 0.0287094423947565
0.0585164835164835 0.0289841616199737 0.0289841616199737
0.059065934065934 0.029258880845191 0.029258880845191
0.0596153846153845 0.0295336001221358 0.0295336001221358
0.0601648351648351 0.0298083196577181 0.0298083196577181
0.0607142857142856 0.030083039245028 0.030083039245028
0.0612637362637362 0.0303577589875204 0.0303577589875204
0.0618131868131867 0.0306324787817402 0.0306324787817402
0.0623626373626373 0.0309071987311427 0.0309071987311427
0.0629120879120878 0.0311819187322726 0.0311819187322726
0.0634615384615384 0.0314566388368576 0.0314566388368576
0.0640109890109889 0.0317313590448975 0.0317313590448975
0.0645604395604395 0.032006079304665 0.032006079304665
0.06510989010989 0.0322807996678875 0.0322807996678875
0.0656593406593406 0.0325555200311101 0.0325555200311101
0.0662087912087911 0.0328302405495151 0.0328302405495151
0.0667582417582417 0.0331049610679202 0.0331049610679202
0.0673076923076922 0.0333796818449628 0.0333796818449628
0.0678571428571428 0.0336544025702779 0.0336544025702779
0.0684065934065933 0.033929123399048 0.033929123399048
0.0689560439560439 0.0342038443312731 0.0342038443312731
0.0695054945054944 0.0344785652117707 0.0344785652117707
0.070054945054945 0.0347532862474509 0.0347532862474509
0.0706043956043955 0.0350280073348586 0.0350280073348586
0.0711538461538461 0.0353027284222662 0.0353027284222662
0.0717032967032966 0.0355774496648564 0.0355774496648564
0.0722527472527471 0.0358521708039916 0.0358521708039916
0.0728021978021977 0.0361268920465818 0.0361268920465818
0.0733516483516482 0.0364016134443546 0.0364016134443546
0.0739010989010988 0.0366763349455823 0.0366763349455823
0.0744505494505493 0.0369510563950826 0.0369510563950826
0.0749999999999999 0.0372257779480378 0.0372257779480378
0.0755494505494504 0.0375004996561756 0.0375004996561756
0.076098901098901 0.0377752213125859 0.0377752213125859
0.0766483516483515 0.0380499431241788 0.0380499431241788
0.0771978021978021 0.0383246649874991 0.0383246649874991
0.0777472527472526 0.0385993867990919 0.0385993867990919
0.0782967032967032 0.0388741087141398 0.0388741087141398
0.0788461538461537 0.0391488305774601 0.0391488305774601
0.0793956043956043 0.0394235525442355 0.0394235525442355
0.0799450549450548 0.0396982745627383 0.0396982745627383
0.0804945054945054 0.0399729966846962 0.0399729966846962
0.0810439560439559 0.0402477186514716 0.0402477186514716
0.0815934065934065 0.0405224406699745 0.0405224406699745
0.082142857142857 0.0407971628436599 0.0407971628436599
0.0826923076923076 0.0410718850690728 0.0410718850690728
0.0832417582417581 0.0413466072944857 0.0413466072944857
0.0837912087912086 0.0416213296233536 0.0416213296233536
0.0843406593406592 0.0418960520039491 0.0418960520039491
0.0848901098901097 0.0421707744879996 0.0421707744879996
0.0854395604395603 0.0424454968168675 0.0424454968168675
0.0859890109890108 0.042720219300918 0.042720219300918
0.0865384615384614 0.0429949416815134 0.0429949416815134
0.0870879120879119 0.0432696642690189 0.0432696642690189
0.0876373626373625 0.0435443867530694 0.0435443867530694
0.088186813186813 0.0438191093405749 0.0438191093405749
0.0887362637362636 0.0440938320832629 0.0440938320832629
0.0892857142857141 0.0443685546707684 0.0443685546707684
0.0898351648351647 0.0446432774134564 0.0446432774134564
0.0903846153846152 0.0449180001044169 0.0449180001044169
0.0909340659340658 0.0451927228988325 0.0451927228988325
0.0914835164835163 0.045467445693248 0.045467445693248
0.0920329670329669 0.0457421684876635 0.0457421684876635
0.0925824175824174 0.0460168912820791 0.0460168912820791
0.093131868131868 0.0462916141799496 0.0462916141799496
0.0936813186813185 0.0465663371812752 0.0465663371812752
0.094230769230769 0.0468410600791458 0.0468410600791458
0.0947802197802196 0.0471157830804714 0.0471157830804714
0.0953296703296701 0.0473905061335245 0.0473905061335245
0.0958791208791207 0.0476652290831225 0.0476652290831225
0.0964285714285712 0.0479399520844481 0.0479399520844481
0.0969780219780218 0.0482146750340462 0.0482146750340462
0.0975274725274723 0.0484893980870993 0.0484893980870993
0.0980769230769229 0.0487641211918799 0.0487641211918799
0.0986263736263734 0.0490388441932055 0.0490388441932055
0.099175824175824 0.0493135672979861 0.0493135672979861
0.0997252747252745 0.0495882904544942 0.0495882904544942
0.100274725274725 0.0498630136627298 0.0498630136627298
0.100824175824176 0.0501377368709655 0.0501377368709655
0.101373626373626 0.0504124601309286 0.0504124601309286
0.101923076923077 0.0506871833908917 0.0506871833908917
0.102472527472527 0.0509619067025824 0.0509619067025824
0.103021978021978 0.0512366300660005 0.0512366300660005
0.103571428571428 0.0515113533776912 0.0515113533776912
0.104120879120879 0.0517860767411094 0.0517860767411094
0.104670329670329 0.0520608000528 0.0520608000528
0.10521978021978 0.0523355234679457 0.0523355234679457
0.105769230769231 0.0526102469348189 0.0526102469348189
0.106318681318681 0.052884970298237 0.052884970298237
0.106868131868132 0.0531596937133827 0.0531596937133827
0.107417582417582 0.0534344171802559 0.0534344171802559
0.107967032967033 0.0537091406471291 0.0537091406471291
0.108516483516483 0.0539838641657298 0.0539838641657298
0.109065934065934 0.054258587736058 0.054258587736058
0.109615384615384 0.0545333112546587 0.0545333112546587
0.110164835164835 0.0548080348767144 0.0548080348767144
0.110714285714285 0.0550827584470426 0.0550827584470426
0.111263736263736 0.0553574821725533 0.0553574821725533
0.111813186813187 0.0556322058463365 0.0556322058463365
0.112362637362637 0.0559069295718473 0.0559069295718473
0.112912087912088 0.056181653193903 0.056181653193903
0.113461538461538 0.0564563769194137 0.0564563769194137
0.114010989010989 0.0567311006449245 0.0567311006449245
0.114560439560439 0.0570058241635252 0.0570058241635252
0.11510989010989 0.0572805478890359 0.0572805478890359
0.11565934065934 0.0575552715110916 0.0575552715110916
0.116208791208791 0.0578299951848749 0.0578299951848749
0.116758241758241 0.0581047189103856 0.0581047189103856
0.117307692307692 0.0583794426876239 0.0583794426876239
0.117857142857143 0.0586541664648621 0.0586541664648621
0.118406593406593 0.0589288902938279 0.0589288902938279
0.118956043956044 0.0592036141745211 0.0592036141745211
0.119505494505494 0.0594783379000319 0.0594783379000319
0.120054945054945 0.0597530617807251 0.0597530617807251
0.120604395604395 0.0600277856096909 0.0600277856096909
0.121153846153846 0.0603025094903842 0.0603025094903842
0.121703296703296 0.0605772332676224 0.0605772332676224
0.122252747252747 0.0608519572517707 0.0608519572517707
0.122802197802198 0.061126681132464 0.061126681132464
0.123351648351648 0.0614014049097023 0.0614014049097023
0.123901098901099 0.061676128842123 0.061676128842123
0.124450549450549 0.0619508527745438 0.0619508527745438
0.125 0.0622255767069646 0.0622255767069646
0.12554945054945 0.0625003005876579 0.0625003005876579
0.126098901098901 0.0627750245718062 0.0627750245718062
0.126648351648351 0.0630497485559545 0.0630497485559545
0.127197802197802 0.0633244725918303 0.0633244725918303
0.127747252747252 0.0635991965759786 0.0635991965759786
0.128296703296703 0.0638739205601269 0.0638739205601269
0.128846153846154 0.0641486445960027 0.0641486445960027
0.129395604395604 0.064423368683606 0.064423368683606
0.129945054945055 0.0646980926677543 0.0646980926677543
0.130494505494505 0.0649728167036301 0.0649728167036301
0.131043956043956 0.0652475408946884 0.0652475408946884
0.131593406593406 0.0655222649822917 0.0655222649822917
0.132142857142857 0.0657969891216226 0.0657969891216226
0.132692307692307 0.0660717133126809 0.0660717133126809
0.133241758241758 0.0663464374002842 0.0663464374002842
0.133791208791208 0.0666211615913426 0.0666211615913426
0.134340659340659 0.0668958858341284 0.0668958858341284
0.13489010989011 0.0671706099217317 0.0671706099217317
0.13543956043956 0.0674453340093351 0.0674453340093351
0.135989010989011 0.0677200582003934 0.0677200582003934
0.136538461538461 0.0679947822879967 0.0679947822879967
0.137087912087912 0.0682695064273275 0.0682695064273275
0.137637362637362 0.0685442306183859 0.0685442306183859
0.138186813186813 0.0688189548611717 0.0688189548611717
0.138736263736263 0.0690936790005026 0.0690936790005026
0.139285714285714 0.0693684031915609 0.0693684031915609
0.139835164835165 0.0696431274860743 0.0696431274860743
0.140384615384615 0.0699178518323151 0.0699178518323151
0.140934065934066 0.070192576075101 0.070192576075101
0.141483516483516 0.0704673003178868 0.0704673003178868
0.142032967032967 0.0707420244572177 0.0707420244572177
0.142582417582417 0.0710167485965485 0.0710167485965485
0.143131868131868 0.0712914728910619 0.0712914728910619
0.143681318681318 0.0715661971338477 0.0715661971338477
0.144230769230769 0.0718409213766336 0.0718409213766336
0.144780219780219 0.0721156457228744 0.0721156457228744
0.14532967032967 0.0723903700691153 0.0723903700691153
0.145879120879121 0.0726650944153562 0.0726650944153562
0.146428571428571 0.0729398187615971 0.0729398187615971
0.146978021978022 0.0732145431595654 0.0732145431595654
0.147527472527472 0.0734892675058063 0.0734892675058063
0.148076923076923 0.0737639919555022 0.0737639919555022
0.148626373626373 0.0740387161982881 0.0740387161982881
0.149175824175824 0.0743134406997115 0.0743134406997115
0.149725274725274 0.0745881651494074 0.0745881651494074
0.150274725274725 0.0748628894956482 0.0748628894956482
0.150824175824175 0.0751376138418891 0.0751376138418891
0.151373626373626 0.07541233818813 0.07541233818813
0.151923076923077 0.0756870625860984 0.0756870625860984
0.152472527472527 0.0759617869323392 0.0759617869323392
0.153021978021978 0.0762365113303076 0.0762365113303076
0.153571428571428 0.0765112356765485 0.0765112356765485
0.154120879120879 0.0767859600745169 0.0767859600745169
0.154670329670329 0.0770606845242128 0.0770606845242128
0.15521978021978 0.0773354089221812 0.0773354089221812
0.15576923076923 0.077610133268422 0.077610133268422
0.156318681318681 0.0778848575629354 0.0778848575629354
0.156868131868131 0.0781595819609038 0.0781595819609038
0.157417582417582 0.0784343063588722 0.0784343063588722
0.157967032967033 0.078709030705113 0.078709030705113
0.158516483516483 0.0789837550513539 0.0789837550513539
0.159065934065934 0.0792584795527773 0.0792584795527773
0.159615384615384 0.0795332040024732 0.0795332040024732
0.160164835164835 0.0798079284521691 0.0798079284521691
0.160714285714285 0.0800826529535925 0.0800826529535925
0.161263736263736 0.0803573774032884 0.0803573774032884
0.161813186813186 0.0806321019047118 0.0806321019047118
0.162362637362637 0.0809068263544077 0.0809068263544077
0.162912087912087 0.0811815508558311 0.0811815508558311
0.163461538461538 0.0814562753572545 0.0814562753572545
0.164010989010989 0.0817309998069504 0.0817309998069504
0.164560439560439 0.0820057243083738 0.0820057243083738
0.16510989010989 0.0822804488615247 0.0822804488615247
0.16565934065934 0.0825551734146757 0.0825551734146757
0.166208791208791 0.0828298980195541 0.0828298980195541
0.166758241758241 0.083104622572705 0.083104622572705
0.167307692307692 0.083379347229311 0.083379347229311
0.167857142857142 0.0836540716790068 0.0836540716790068
0.168406593406593 0.0839287962321578 0.0839287962321578
0.168956043956044 0.0842035207853087 0.0842035207853087
0.169505494505494 0.0844782453384596 0.0844782453384596
0.170054945054945 0.0847529698916105 0.0847529698916105
0.170604395604395 0.0850276944447614 0.0850276944447614
0.171153846153846 0.0853024189979124 0.0853024189979124
0.171703296703296 0.0855771436027908 0.0855771436027908
0.172252747252747 0.0858518681559417 0.0858518681559417
0.172802197802197 0.0861265926573651 0.0861265926573651
0.173351648351648 0.0864013171587885 0.0864013171587885
0.173901098901098 0.0866760417119394 0.0866760417119394
0.174450549450549 0.0869507662133628 0.0869507662133628
0.175 0.0872254907147862 0.0872254907147862
0.17554945054945 0.0875002152679372 0.0875002152679372
0.176098901098901 0.0877749398210881 0.0877749398210881
0.176648351648351 0.0880496644259665 0.0880496644259665
0.177197802197802 0.0883243890308449 0.0883243890308449
0.177747252747252 0.0885991136874509 0.0885991136874509
0.178296703296703 0.0888738383440568 0.0888738383440568
0.178846153846153 0.0891485628972077 0.0891485628972077
0.179395604395604 0.0894232876055412 0.0894232876055412
0.179945054945054 0.0896980122104196 0.0896980122104196
0.180494505494505 0.0899727368670256 0.0899727368670256
0.181043956043956 0.090247461471904 0.090247461471904
0.181593406593406 0.0905221861802374 0.0905221861802374
0.182142857142857 0.0907969108885709 0.0907969108885709
0.182692307692307 0.0910716355451768 0.0910716355451768
0.183241758241758 0.0913463602535103 0.0913463602535103
0.183791208791208 0.0916210850135712 0.0916210850135712
0.184340659340659 0.0918958097219047 0.0918958097219047
0.184890109890109 0.0921705343785106 0.0921705343785106
0.18543956043956 0.0924452591385716 0.0924452591385716
0.18598901098901 0.0927199839503601 0.0927199839503601
0.186538461538461 0.092994708606966 0.092994708606966
0.187087912087912 0.093269433263572 0.093269433263572
0.187637362637362 0.0935441579719054 0.0935441579719054
0.188186813186813 0.0938188826285113 0.0938188826285113
0.188736263736263 0.0940936072851173 0.0940936072851173
0.189285714285714 0.0943683320451782 0.0943683320451782
0.189835164835164 0.0946430567535117 0.0946430567535117
0.190384615384615 0.0949177813583901 0.0949177813583901
0.190934065934065 0.0951925059632686 0.0951925059632686
0.191483516483516 0.095467230671602 0.095467230671602
0.192032967032967 0.0957419553799355 0.0957419553799355
0.192582417582417 0.0960166800365414 0.0960166800365414
0.193131868131868 0.0962914047966024 0.0962914047966024
0.193681318681318 0.0965661296083908 0.0965661296083908
0.194230769230769 0.0968408542132693 0.0968408542132693
0.194780219780219 0.0971155789216027 0.0971155789216027
0.19532967032967 0.0973903035782087 0.0973903035782087
0.19587912087912 0.0976650283382696 0.0976650283382696
0.196428571428571 0.0979397530983306 0.0979397530983306
0.196978021978021 0.0982144777549365 0.0982144777549365
0.197527472527472 0.098489202566725 0.098489202566725
0.198076923076923 0.0987639272750584 0.0987639272750584
0.198626373626373 0.0990386520351194 0.0990386520351194
0.199175824175824 0.0993133768469079 0.0993133768469079
0.199725274725274 0.0995881015552413 0.0995881015552413
0.200274725274725 0.0998628263670298 0.0998628263670298
0.200824175824175 0.100137551127091 0.100137551127091
0.201373626373626 0.100412275990607 0.100412275990607
0.201923076923076 0.100687000802395 0.100687000802395
0.202472527472527 0.100961725562456 0.100961725562456
0.203021978021977 0.101236450374245 0.101236450374245
0.203571428571428 0.101511175134306 0.101511175134306
0.204120879120879 0.101785899894367 0.101785899894367
0.204670329670329 0.102060624706155 0.102060624706155
0.20521978021978 0.102335349466216 0.102335349466216
0.20576923076923 0.102610074226277 0.102610074226277
0.206318681318681 0.102884799038065 0.102884799038065
0.206868131868131 0.103159523849854 0.103159523849854
0.207417582417582 0.103434248609915 0.103434248609915
0.207967032967032 0.103708973369976 0.103708973369976
0.208516483516483 0.103983698181764 0.103983698181764
0.209065934065933 0.104258422890098 0.104258422890098
0.209615384615384 0.104533147650159 0.104533147650159
0.210164835164835 0.104807872358492 0.104807872358492
0.210714285714285 0.105082597170281 0.105082597170281
0.211263736263736 0.105357321930342 0.105357321930342
0.211813186813186 0.105632046793858 0.105632046793858
0.212362637362637 0.105906771605646 0.105906771605646
0.212912087912087 0.106181496417435 0.106181496417435
0.213461538461538 0.106456221177496 0.106456221177496
0.214010989010988 0.106730945989284 0.106730945989284
0.214560439560439 0.107005670904528 0.107005670904528
0.21510989010989 0.107280395716316 0.107280395716316
0.21565934065934 0.107555120476377 0.107555120476377
0.216208791208791 0.107829845288165 0.107829845288165
0.216758241758241 0.108104570151681 0.108104570151681
0.217307692307692 0.10837929496347 0.10837929496347
0.217857142857142 0.108654019878713 0.108654019878713
0.218406593406593 0.108928744793957 0.108928744793957
0.218956043956043 0.109203469605745 0.109203469605745
0.219505494505494 0.109478194417534 0.109478194417534
0.220054945054944 0.10975291928105 0.10975291928105
0.220604395604395 0.110027644092838 0.110027644092838
0.221153846153846 0.110302368904627 0.110302368904627
0.221703296703296 0.11057709381987 0.11057709381987
0.222252747252747 0.110851818579931 0.110851818579931
0.222802197802197 0.111126543495175 0.111126543495175
0.223351648351648 0.111401268358691 0.111401268358691
0.223901098901098 0.111675993273934 0.111675993273934
0.224450549450549 0.11195071813745 0.11195071813745
0.224999999999999 0.112225442949239 0.112225442949239
0.22554945054945 0.112500167864482 0.112500167864482
0.2260989010989 0.112774892727998 0.112774892727998
0.226648351648351 0.113049617539787 0.113049617539787
0.227197802197802 0.113324342506758 0.113324342506758
0.227747252747252 0.113599067266819 0.113599067266819
0.228296703296703 0.11387379223379 0.11387379223379
0.228846153846153 0.114148517097306 0.114148517097306
0.229395604395604 0.114423242012549 0.114423242012549
0.229945054945054 0.11469796677261 0.11469796677261
0.230494505494505 0.114972691687854 0.114972691687854
0.231043956043955 0.115247416603097 0.115247416603097
0.231593406593406 0.115522141414885 0.115522141414885
0.232142857142856 0.115796866278401 0.115796866278401
0.232692307692307 0.116071591245372 0.116071591245372
0.233241758241758 0.116346316108888 0.116346316108888
0.233791208791208 0.116621040868949 0.116621040868949
0.234340659340659 0.116895765784193 0.116895765784193
0.234890109890109 0.117170490699436 0.117170490699436
0.23543956043956 0.117445215666407 0.117445215666407
0.23598901098901 0.117719940529923 0.117719940529923
0.236538461538461 0.117994665445167 0.117994665445167
0.237087912087911 0.118269390463865 0.118269390463865
0.237637362637362 0.118544115275654 0.118544115275654
0.238186813186813 0.118818840190897 0.118818840190897
0.238736263736263 0.119093565106141 0.119093565106141
0.239285714285714 0.119368290021384 0.119368290021384
0.239835164835164 0.119643014936628 0.119643014936628
0.240384615384615 0.119917739903599 0.119917739903599
0.240934065934065 0.120192464818842 0.120192464818842
0.241483516483516 0.120467189734086 0.120467189734086
0.242032967032966 0.120741914701057 0.120741914701057
0.242582417582417 0.121016639512845 0.121016639512845
0.243131868131867 0.121291364428089 0.121291364428089
0.243681318681318 0.121566089343332 0.121566089343332
0.244230769230769 0.121840814310303 0.121840814310303
0.244780219780219 0.122115539225547 0.122115539225547
0.24532967032967 0.122390264089063 0.122390264089063
0.24587912087912 0.122664989107761 0.122664989107761
0.246428571428571 0.122939714023005 0.122939714023005
0.246978021978021 0.123214438938248 0.123214438938248
0.247527472527472 0.123489163905219 0.123489163905219
0.248076923076922 0.123763888820463 0.123763888820463
0.248626373626373 0.124038613787434 0.124038613787434
0.249175824175823 0.124313338702677 0.124313338702677
0.249725274725274 0.124588063669648 0.124588063669648
0.250274725274725 0.124862788688347 0.124862788688347
0.250824175824175 0.125137513707045 0.125137513707045
0.251373626373626 0.125412238622289 0.125412238622289
0.251923076923076 0.125686963640987 0.125686963640987
0.252472527472527 0.125961688607958 0.125961688607958
0.253021978021977 0.126236413574929 0.126236413574929
0.253571428571428 0.1265111385419 0.1265111385419
0.254120879120878 0.126785863560599 0.126785863560599
0.254670329670329 0.127060588424115 0.127060588424115
0.255219780219779 0.127335313391086 0.127335313391086
0.25576923076923 0.127610038461512 0.127610038461512
0.256318681318681 0.127884763376755 0.127884763376755
0.256868131868131 0.128159488343726 0.128159488343726
0.257417582417582 0.128434213362425 0.128434213362425
0.257967032967032 0.128708938277668 0.128708938277668
0.258516483516483 0.128983663348095 0.128983663348095
0.259065934065933 0.129258388315066 0.129258388315066
0.259615384615384 0.129533113282037 0.129533113282037
0.260164835164834 0.12980783819728 0.12980783819728
0.260714285714285 0.130082563164251 0.130082563164251
0.261263736263736 0.130357288079495 0.130357288079495
0.261813186813186 0.130632013098193 0.130632013098193
0.262362637362637 0.130906738065164 0.130906738065164
0.262912087912087 0.131181462980408 0.131181462980408
0.263461538461538 0.131456187999106 0.131456187999106
0.264010989010988 0.131730913017805 0.131730913017805
0.264560439560439 0.132005637881321 0.132005637881321
0.265109890109889 0.132280362900019 0.132280362900019
0.26565934065934 0.13255508786699 0.13255508786699
0.26620879120879 0.132829812782234 0.132829812782234
0.266758241758241 0.133104537800932 0.133104537800932
0.267307692307692 0.133379262819631 0.133379262819631
0.267857142857142 0.133653987734874 0.133653987734874
0.268406593406593 0.133928712701845 0.133928712701845
0.268956043956043 0.134203437617089 0.134203437617089
0.269505494505494 0.134478162635787 0.134478162635787
0.270054945054944 0.134752887654486 0.134752887654486
0.270604395604395 0.135027612569729 0.135027612569729
0.271153846153845 0.135302337588428 0.135302337588428
0.271703296703296 0.135577062607126 0.135577062607126
0.272252747252746 0.135851787574097 0.135851787574097
0.272802197802197 0.136126512644523 0.136126512644523
0.273351648351648 0.136401237663222 0.136401237663222
0.273901098901098 0.13667596268192 0.13667596268192
0.274450549450549 0.136950687648891 0.136950687648891
0.274999999999999 0.13722541266759 0.13722541266759
0.27554945054945 0.137500137686288 0.137500137686288
0.2760989010989 0.137774862756714 0.137774862756714
0.276648351648351 0.138049587775413 0.138049587775413
0.277197802197801 0.138324312742384 0.138324312742384
0.277747252747252 0.138599037761082 0.138599037761082
0.278296703296702 0.138873762728053 0.138873762728053
0.278846153846153 0.139148487746752 0.139148487746752
0.279395604395604 0.13942321276545 0.13942321276545
0.279945054945054 0.139697937784149 0.139697937784149
0.280494505494505 0.13997266275112 0.13997266275112
0.281043956043955 0.140247387821546 0.140247387821546
0.281593406593406 0.1405221129437 0.1405221129437
0.282142857142856 0.140796838014126 0.140796838014126
0.282692307692307 0.141071563032824 0.141071563032824
0.283241758241757 0.141346288051523 0.141346288051523
0.283791208791208 0.141621013173676 0.141621013173676
0.284340659340658 0.141895738192375 0.141895738192375
0.284890109890109 0.142170463211073 0.142170463211073
0.28543956043956 0.142445188281499 0.142445188281499
0.28598901098901 0.142719913300198 0.142719913300198
0.286538461538461 0.142994638422351 0.142994638422351
0.287087912087911 0.14326936344105 0.14326936344105
0.287637362637362 0.143544088459748 0.143544088459748
0.288186813186812 0.143818813478447 0.143818813478447
0.288736263736263 0.1440935386006 0.1440935386006
0.289285714285713 0.144368263722754 0.144368263722754
0.289835164835164 0.144642988741452 0.144642988741452
0.290384615384615 0.144917713760151 0.144917713760151
0.290934065934065 0.145192438882304 0.145192438882304
0.291483516483516 0.145467163849275 0.145467163849275
0.292032967032966 0.145741888919702 0.145741888919702
0.292582417582417 0.1460166139384 0.1460166139384
0.293131868131867 0.146291339008826 0.146291339008826
0.293681318681318 0.146566063975797 0.146566063975797
0.294230769230768 0.146840789046223 0.146840789046223
0.294780219780219 0.147115514064922 0.147115514064922
0.295329670329669 0.147390239135348 0.147390239135348
0.29587912087912 0.147664964154046 0.147664964154046
0.296428571428571 0.147939689172745 0.147939689172745
0.296978021978021 0.148214414191443 0.148214414191443
0.297527472527472 0.148489139261869 0.148489139261869
0.298076923076922 0.148763864280568 0.148763864280568
0.298626373626373 0.149038589247539 0.149038589247539
0.299175824175823 0.14931331421451 0.14931331421451
0.299725274725274 0.149588039233208 0.149588039233208
0.300182815356489 0.149816795346851 0.149816795346851
0.300548446069469 0.149999722500525 0.149999722500525
0.300914076782449 0.150182649420998 0.150182649420998
0.301279707495429 0.150365575875071 0.150365575875071
0.301645338208409 0.150548502018211 0.150548502018211
0.302010968921389 0.150731428005884 0.150731428005884
0.302376599634368 0.15091435360489 0.15091435360489
0.302742230347348 0.151097279048429 0.151097279048429
0.303107861060328 0.151280204336501 0.151280204336501
0.303473491773308 0.151463129235907 0.151463129235907
0.303839122486288 0.151646053902112 0.151646053902112
0.304204753199268 0.151828978179651 0.151828978179651
0.304570383912248 0.15201190222399 0.15201190222399
0.304936014625228 0.152194826035128 0.152194826035128
0.305301645338208 0.152377749613066 0.152377749613066
0.305667276051188 0.152560672957804 0.152560672957804
0.306032906764168 0.152743596069342 0.152743596069342
0.306398537477147 0.15292651894768 0.15292651894768
0.306764168190127 0.153109441437351 0.153109441437351
0.307129798903107 0.153292363849289 0.153292363849289
0.307495429616087 0.15347528587256 0.15347528587256
0.307861060329067 0.153658207740364 0.153658207740364
0.308226691042047 0.153841129219501 0.153841129219501
0.308592321755027 0.154024050543171 0.154024050543171
0.308957952468007 0.154206971555908 0.154206971555908
0.309323583180987 0.154389892335445 0.154389892335445
0.309689213893967 0.154572812881781 0.154572812881781
0.310054844606946 0.154755733194918 0.154755733194918
0.310420475319926 0.154938653352588 0.154938653352588
0.310786106032906 0.155121573277057 0.155121573277057
0.311151736745886 0.155304492735127 0.155304492735127
0.311517367458866 0.155487411959996 0.155487411959996
0.311882998171846 0.155670331029398 0.155670331029398
0.312248628884826 0.155853249787867 0.155853249787867
0.312614259597806 0.15603616839087 0.15603616839087
0.312979890310786 0.156219086760672 0.156219086760672
0.313345521023766 0.156402004897274 0.156402004897274
0.313711151736745 0.156584922722942 0.156584922722942
0.314076782449725 0.156767840237677 0.156767840237677
0.314442413162705 0.156950757674679 0.156950757674679
0.314808043875685 0.15713367487848 0.15713367487848
0.315173674588665 0.157316591849082 0.157316591849082
0.315539305301645 0.157499508508749 0.157499508508749
0.315904936014625 0.157682424935217 0.157682424935217
0.316270566727605 0.157865341050751 0.157865341050751
0.316636197440585 0.158048257088552 0.158048257088552
0.317001828153565 0.15823117281542 0.15823117281542
0.317367458866544 0.15841408838682 0.15841408838682
0.317733089579524 0.158597003647287 0.158597003647287
0.318098720292504 0.158779918674554 0.158779918674554
0.318464351005484 0.158962833546354 0.158962833546354
0.318829981718464 0.159145748184955 0.159145748184955
0.319195612431444 0.159328662512621 0.159328662512621
0.319561243144424 0.159511576684821 0.159511576684821
0.319926873857404 0.159694490701554 0.159694490701554
0.320292504570384 0.159877404407354 0.159877404407354
0.320658135283364 0.160060317724486 0.160060317724486
0.321023765996344 0.160243230963886 0.160243230963886
0.321389396709323 0.160426143970085 0.160426143970085
0.321755027422303 0.160609056820817 0.160609056820817
0.322120658135283 0.160791969360616 0.160791969360616
0.322486288848263 0.160974881744949 0.160974881744949
0.322851919561243 0.161157793973814 0.161157793973814
0.323217550274223 0.161340705814013 0.161340705814013
0.323583180987203 0.161523617421011 0.161523617421011
0.323948811700183 0.161706528872543 0.161706528872543
0.324314442413163 0.161889440246341 0.161889440246341
0.324680073126143 0.162072351386939 0.162072351386939
0.325045703839122 0.162255262138871 0.162255262138871
0.325411334552102 0.162438172890802 0.162438172890802
0.325776965265082 0.162621083254066 0.162621083254066
0.326142595978062 0.162803993461864 0.162803993461864
0.326508226691042 0.162986903514195 0.162986903514195
0.326873857404022 0.163169813177859 0.163169813177859
0.327239488117002 0.163352722841523 0.163352722841523
0.327605118829982 0.16353563211652 0.16353563211652
0.327970749542962 0.163718541236051 0.163718541236051
0.328336380255942 0.163901450122381 0.163901450122381
0.328702010968921 0.164084358775511 0.164084358775511
0.329067641681901 0.164267267350908 0.164267267350908
0.329433272394881 0.164450175770838 0.164450175770838
0.329798903107861 0.164633083879835 0.164633083879835
0.330164533820841 0.164815991755631 0.164815991755631
0.330530164533821 0.164998899398228 0.164998899398228
0.330895795246801 0.165181806885357 0.165181806885357
0.331261425959781 0.165364714139287 0.165364714139287
0.331627056672761 0.165547621315483 0.165547621315483
0.331992687385741 0.165730528180745 0.165730528180745
0.332358318098721 0.165913434890541 0.165913434890541
0.3327239488117 0.16609634144487 0.16609634144487
0.33308957952468 0.166279247610532 0.166279247610532
0.33345521023766 0.166462153620728 0.166462153620728
0.33382084095064 0.16664505955319 0.16664505955319
0.33418647166362 0.166827965252452 0.166827965252452
0.3345521023766 0.167010870796247 0.167010870796247
0.33491773308958 0.167193776184575 0.167193776184575
0.33528336380256 0.167376681184237 0.167376681184237
0.33564899451554 0.167559586028432 0.167559586028432
0.33601462522852 0.16774249071716 0.16774249071716
0.336380255941499 0.167925395172688 0.167925395172688
0.336745886654479 0.168108299472749 0.168108299472749
0.337111517367459 0.168291203617343 0.168291203617343
0.337477148080439 0.168474107528738 0.168474107528738
0.337842778793419 0.168657011129199 0.168657011129199
0.338208409506399 0.168839914574193 0.168839914574193
0.338574040219379 0.169022817941453 0.169022817941453
0.338939670932359 0.169205721075514 0.169205721075514
0.339305301645339 0.169388624209574 0.169388624209574
0.339670932358319 0.169571526877235 0.169571526877235
0.340036563071298 0.169754429467162 0.169754429467162
0.340402193784278 0.169937331979355 0.169937331979355
0.340767824497258 0.170120234180615 0.170120234180615
0.341133455210238 0.170303136304142 0.170303136304142
0.341499085923218 0.170486038194468 0.170486038194468
0.341864716636198 0.170668939929328 0.170668939929328
0.342230347349178 0.170851841508721 0.170851841508721
0.342595978062158 0.171034742699447 0.171034742699447
0.342961608775138 0.17121764381244 0.17121764381244
0.343327239488118 0.171400544769966 0.171400544769966
0.343692870201098 0.171583445572026 0.171583445572026
0.344058500914077 0.171766346218618 0.171766346218618
0.344424131627057 0.171949246476544 0.171949246476544
0.344789762340037 0.172132146656736 0.172132146656736
0.345155393053017 0.172315046681462 0.172315046681462
0.345521023765997 0.17249794655072 0.17249794655072
0.345886654478977 0.172680846264512 0.172680846264512
0.346252285191957 0.172863745900571 0.172863745900571
0.346617915904937 0.17304664530343 0.17304664530343
0.346983546617917 0.173229544473088 0.173229544473088
0.347349177330897 0.173412443331813 0.173412443331813
0.347714808043876 0.173595342190538 0.173595342190538
0.348080438756856 0.173778240971529 0.173778240971529
0.348446069469836 0.173961139363854 0.173961139363854
0.348811700182816 0.174144037756179 0.174144037756179
0.349177330895796 0.174326935759836 0.174326935759836
0.349542961608776 0.174509833608028 0.174509833608028
0.349908592321756 0.174692731378485 0.174692731378485
0.350274223034736 0.174875628915743 0.174875628915743
0.350639853747716 0.175058526453 0.175058526453
0.351005484460696 0.175241423834791 0.175241423834791
0.351371115173675 0.175424320983382 0.175424320983382
0.351736745886655 0.175607217976506 0.175607217976506
0.352102376599635 0.175790114580963 0.175790114580963
0.352468007312615 0.175973011107686 0.175973011107686
0.352833638025595 0.176155907478943 0.176155907478943
0.353199268738575 0.176338803772467 0.176338803772467
0.353564899451555 0.17652169983279 0.17652169983279
0.353930530164535 0.176704595737647 0.176704595737647
0.354296160877515 0.176887491409303 0.176887491409303
0.354661791590495 0.177070387003226 0.177070387003226
0.355027422303475 0.177253282441683 0.177253282441683
0.355393053016454 0.177436177646939 0.177436177646939
0.355758683729434 0.177619072696729 0.177619072696729
0.356124314442414 0.177801967591051 0.177801967591051
0.356489945155394 0.177984862252174 0.177984862252174
0.356855575868374 0.178167756680097 0.178167756680097
0.357221206581354 0.178350650952552 0.178350650952552
0.357586837294334 0.178533545069541 0.178533545069541
0.357952468007314 0.17871643918653 0.17871643918653
0.358318098720294 0.178899333225786 0.178899333225786
0.358683729433274 0.179082227109575 0.179082227109575
0.359049360146253 0.17926512091563 0.17926512091563
0.359414990859233 0.179448014255286 0.179448014255286
0.359780621572213 0.179630907594941 0.179630907594941
0.360146252285193 0.179813800779129 0.179813800779129
0.360511882998173 0.179996693885585 0.179996693885585
0.360877513711153 0.180179586836573 0.180179586836573
0.361243144424133 0.180362479554361 0.180362479554361
0.361608775137113 0.180545371961216 0.180545371961216
0.361974405850093 0.180728264212604 0.180728264212604
0.362340036563073 0.180911156463992 0.180911156463992
0.362705667276052 0.181094048637647 0.181094048637647
0.363071297989032 0.181276940578101 0.181276940578101
0.363436928702012 0.181459832363089 0.181459832363089
0.363802559414992 0.18164272399261 0.18164272399261
0.364168190127972 0.181825615388931 0.181825615388931
0.364533820840952 0.182008506552052 0.182008506552052
0.364899451553932 0.182191397559706 0.182191397559706
0.365265082266912 0.182374288411893 0.182374288411893
0.365630712979892 0.182557179186347 0.182557179186347
0.365996343692872 0.1827400697276 0.1827400697276
0.366361974405851 0.182922960191121 0.182922960191121
0.366727605118831 0.183105850654641 0.183105850654641
0.367093235831811 0.183288740807228 0.183288740807228
0.367458866544791 0.183471630959815 0.183471630959815
0.367824497257771 0.183654520879202 0.183654520879202
0.368190127970751 0.183837410798589 0.183837410798589
0.368555758683731 0.184020300484775 0.184020300484775
0.368921389396711 0.184203189937762 0.184203189937762
0.369287020109691 0.184386079390748 0.184386079390748
0.369652650822671 0.184568968532801 0.184568968532801
0.370018281535651 0.184751857441654 0.184751857441654
0.37038391224863 0.184934746272774 0.184934746272774
0.37074954296161 0.185117634870693 0.185117634870693
0.37111517367459 0.185300523313146 0.185300523313146
0.37148080438757 0.185483411677865 0.185483411677865
0.37184643510055 0.185666299964851 0.185666299964851
0.37221206581353 0.185849188174103 0.185849188174103
0.37257769652651 0.186032076305622 0.186032076305622
0.37294332723949 0.186214964203941 0.186214964203941
0.37330895795247 0.186397852024527 0.186397852024527
0.37367458866545 0.186580739534179 0.186580739534179
0.374040219378429 0.186763627121564 0.186763627121564
0.374405850091409 0.186946514553483 0.186946514553483
0.374771480804389 0.187129401674468 0.187129401674468
0.375137111517369 0.187312288795454 0.187312288795454
0.375502742230349 0.187495175683239 0.187495175683239
0.375868372943329 0.187678062571024 0.187678062571024
0.376234003656309 0.187860949303342 0.187860949303342
0.376599634369289 0.188043835724727 0.188043835724727
0.376965265082269 0.188226722068379 0.188226722068379
0.377330895795249 0.188409608334297 0.188409608334297
0.377696526508228 0.188592494289281 0.188592494289281
0.378062157221208 0.188775380166533 0.188775380166533
0.378427787934188 0.188958265888317 0.188958265888317
0.378793418647168 0.189141151376901 0.189141151376901
0.379159049360148 0.189324036710019 0.189324036710019
0.379524680073128 0.18950692212087 0.18950692212087
0.379890310786108 0.189689807531721 0.189689807531721
0.380255941499088 0.189872692631639 0.189872692631639
0.380621572212068 0.190055577653823 0.190055577653823
0.380987202925048 0.190238462598273 0.190238462598273
0.381352833638028 0.190421347387257 0.190421347387257
0.381718464351007 0.190604231865308 0.190604231865308
0.382084095063987 0.190787116343358 0.190787116343358
0.382449725776967 0.190970000588209 0.190970000588209
0.382815356489947 0.191152884677592 0.191152884677592
0.383180987202927 0.191335768689243 0.191335768689243
0.383546617915907 0.191518652623159 0.191518652623159
0.383912248628887 0.191701536401609 0.191701536401609
0.384277879341867 0.191884420024593 0.191884420024593
0.384643510054847 0.19206730372531 0.19206730372531
0.385009140767827 0.192250187192826 0.192250187192826
0.385374771480806 0.192433070504876 0.192433070504876
0.385740402193786 0.192615953739192 0.192615953739192
0.386106032906766 0.192798836740309 0.192798836740309
0.386471663619746 0.192981719663692 0.192981719663692
0.386837294332726 0.193164602353875 0.193164602353875
0.387202925045706 0.193347484966324 0.193347484966324
0.387568555758686 0.193530367345573 0.193530367345573
0.387934186471666 0.193713249647089 0.193713249647089
0.388299817184646 0.193896131870872 0.193896131870872
0.388665447897626 0.194079014094655 0.194079014094655
0.389031078610605 0.194261896007504 0.194261896007504
0.389396709323585 0.194444777842619 0.194444777842619
0.389762340036565 0.194627659755469 0.194627659755469
0.390127970749545 0.194810541357384 0.194810541357384
0.390493601462525 0.194993423037033 0.194993423037033
0.390859232175505 0.195176304328015 0.195176304328015
0.391224862888485 0.195359185618997 0.195359185618997
0.391590493601465 0.195542066754513 0.195542066754513
0.391956124314445 0.195724947656828 0.195724947656828
0.392321755027425 0.19590782848141 0.19590782848141
0.392687385740405 0.196090709072791 0.196090709072791
0.393053016453384 0.19627358958644 0.19627358958644
0.393418647166364 0.196456470100088 0.196456470100088
0.393784277879344 0.19663935045827 0.19663935045827
0.394149908592324 0.196822230816451 0.196822230816451
0.394515539305304 0.1970051110969 0.1970051110969
0.394881170018284 0.197187991299614 0.197187991299614
0.395246800731264 0.197370871191396 0.197370871191396
0.395612431444244 0.197553751005444 0.197553751005444
0.395978062157224 0.197736630664025 0.197736630664025
0.396343692870204 0.197919510244873 0.197919510244873
0.396709323583183 0.198102389670254 0.198102389670254
0.397074954296163 0.198285268862435 0.198285268862435
0.397440585009143 0.198468147899149 0.198468147899149
0.397806215722123 0.198651026780396 0.198651026780396
0.398171846435103 0.198833905817111 0.198833905817111
0.398537477148083 0.199016784698358 0.199016784698358
0.398903107861063 0.199199663346405 0.199199663346405
0.399268738574043 0.199382541916719 0.199382541916719
0.399634369287023 0.199565420564767 0.199565420564767
0.400000000000003 0.199748298901881 0.199748298901881
0.400365630712982 0.199931177238994 0.199931177238994
0.400731261425962 0.200114055420642 0.200114055420642
0.401096892138942 0.200296933446822 0.200296933446822
0.401462522851922 0.200479811239802 0.200479811239802
0.401828153564902 0.200662689032782 0.200662689032782
0.402193784277882 0.200845566670296 0.200845566670296
0.402559414990862 0.201028444074609 0.201028444074609
0.402925045703842 0.201211321556656 0.201211321556656
0.403290676416822 0.201394198883236 0.201394198883236
0.403656307129802 0.201577076132082 0.201577076132082
0.404021937842782 0.201759953303196 0.201759953303196
0.404387568555761 0.201942830474309 0.201942830474309
0.404753199268741 0.202125707334488 0.202125707334488
0.405118829981721 0.202308584194668 0.202308584194668
0.405484460694701 0.202491461054848 0.202491461054848
0.405850091407681 0.202674337681827 0.202674337681827
0.406215722120661 0.202857213997873 0.202857213997873
0.406581352833641 0.203040090236186 0.203040090236186
0.406946983546621 0.203222966474499 0.203222966474499
0.407312614259601 0.203405842479611 0.203405842479611
0.407678244972581 0.203588718484724 0.203588718484724
0.40804387568556 0.203771594412103 0.203771594412103
0.40840950639854 0.203954470184016 0.203954470184016
0.40877513711152 0.204137345878195 0.204137345878195
0.4091407678245 0.204320221650107 0.204320221650107
0.40950639853748 0.20450309718882 0.20450309718882
0.40987202925046 0.204685972494332 0.204685972494332
0.41023765996344 0.204868847799844 0.204868847799844
0.41060329067642 0.205051722949889 0.205051722949889
0.4109689213894 0.205234597866735 0.205234597866735
0.41133455210238 0.205417472705847 0.205417472705847
0.411700182815359 0.205600347622692 0.205600347622692
0.412065813528339 0.205783222228604 0.205783222228604
0.412431444241319 0.205966096834516 0.205966096834516
0.412797074954299 0.206148971362694 0.206148971362694
0.413162705667279 0.206331845735406 0.206331845735406
0.413528336380259 0.206514720108117 0.206514720108117
0.413893967093239 0.206697594403096 0.206697594403096
0.414259597806219 0.206880468542607 0.206880468542607
0.414625228519199 0.207063342682119 0.207063342682119
0.414990859232179 0.20724621658843 0.20724621658843
0.415356489945159 0.207429090417008 0.207429090417008
0.415722120658138 0.207611964012386 0.207611964012386
0.416087751371118 0.207794837530031 0.207794837530031
0.416453382084098 0.207977710892209 0.207977710892209
0.416819012797078 0.208160584176653 0.208160584176653
0.417184643510058 0.208343457461098 0.208343457461098
0.417550274223038 0.208526330590075 0.208526330590075
0.417915904936018 0.208709203719053 0.208709203719053
0.418281535648998 0.208892076692564 0.208892076692564
0.418647166361978 0.209074949821542 0.209074949821542
0.419012797074958 0.209257822717319 0.209257822717319
0.419378427787937 0.209440695535363 0.209440695535363
0.419744058500917 0.209623568197941 0.209623568197941
0.420109689213897 0.209806440627318 0.209806440627318
0.420475319926877 0.209989312901229 0.209989312901229
0.420840950639857 0.210172185097406 0.210172185097406
0.421206581352837 0.210355057138116 0.210355057138116
0.421572212065817 0.21053792925656 0.21053792925656
0.421937842778797 0.210720801297271 0.210720801297271
0.422303473491777 0.210903673182514 0.210903673182514
0.422669104204757 0.211086544912291 0.211086544912291
0.423034734917736 0.211269416642068 0.211269416642068
0.423400365630716 0.211452288371845 0.211452288371845
0.423765996343696 0.211635160023889 0.211635160023889
0.424131627056676 0.211818031520465 0.211818031520465
0.424497257769656 0.212000902861575 0.212000902861575
0.424862888482636 0.212183774047219 0.212183774047219
0.425228519195616 0.212366645155129 0.212366645155129
0.425594149908596 0.212549516185305 0.212549516185305
0.425959780621576 0.212732387137748 0.212732387137748
0.426325411334556 0.212915258090192 0.212915258090192
0.426691042047535 0.213098128731701 0.213098128731701
0.427056672760515 0.213280999140011 0.213280999140011
0.427422303473495 0.213463869626054 0.213463869626054
0.427787934186475 0.213646740112097 0.213646740112097
0.428153564899455 0.21382961036494 0.21382961036494
0.428519195612435 0.214012480695516 0.214012480695516
0.428884826325415 0.214195351026092 0.214195351026092
0.429250457038395 0.214378221123468 0.214378221123468
0.429616087751375 0.214561091143111 0.214561091143111
0.429981718464355 0.214743961007287 0.214743961007287
0.430347349177335 0.214926830793729 0.214926830793729
0.430712979890314 0.215109700424705 0.215109700424705
0.431078610603294 0.215292569977947 0.215292569977947
0.431444241316274 0.215475439453456 0.215475439453456
0.431809872029254 0.215658308851232 0.215658308851232
0.432175502742234 0.215841178093541 0.215841178093541
0.432541133455214 0.216024047413583 0.216024047413583
0.432906764168194 0.216206916733626 0.216206916733626
0.433272394881174 0.216389785742734 0.216389785742734
0.433638025594154 0.21657265490731 0.21657265490731
0.434003656307134 0.216755523838685 0.216755523838685
0.434369287020113 0.216938392614594 0.216938392614594
0.434734917733093 0.217121261312769 0.217121261312769
0.435100548446073 0.217304129855478 0.217304129855478
0.435466179159053 0.217486998320453 0.217486998320453
0.435831809872033 0.217669866707695 0.217669866707695
0.436197440585013 0.217852735094937 0.217852735094937
0.436563071297993 0.218035603404445 0.218035603404445
0.436928702010973 0.218218471558487 0.218218471558487
0.437294332723953 0.218401339712528 0.218401339712528
0.437659963436933 0.21858420786657 0.21858420786657
0.438025594149912 0.218767075787412 0.218767075787412
0.438391224862892 0.218949943708253 0.218949943708253
0.438756855575872 0.219132811318161 0.219132811318161
0.439122486288852 0.219315679005803 0.219315679005803
0.439488117001832 0.219498546615711 0.219498546615711
0.439853747714812 0.219681414070152 0.219681414070152
0.440219378427792 0.219864281369127 0.219864281369127
0.440585009140772 0.220047148590368 0.220047148590368
0.440950639853752 0.220230015733875 0.220230015733875
0.441316270566732 0.220412882955117 0.220412882955117
0.441681901279712 0.220595750098624 0.220595750098624
0.442047531992691 0.220778617164399 0.220778617164399
0.442413162705671 0.220961484074707 0.220961484074707
0.442778793418651 0.221144350985014 0.221144350985014
0.443144424131631 0.221327217817588 0.221327217817588
0.443510054844611 0.221510084416963 0.221510084416963
0.443875685557591 0.22169295086087 0.22169295086087
0.444241316270571 0.221875817382511 0.221875817382511
0.444606946983551 0.222058683748685 0.222058683748685
0.444972577696531 0.222241549803925 0.222241549803925
0.445338208409511 0.222424416014633 0.222424416014633
0.44570383912249 0.222607281914406 0.222607281914406
0.44606946983547 0.222790147969647 0.222790147969647
0.44643510054845 0.222973013947154 0.222973013947154
0.44680073126143 0.223155879846928 0.223155879846928
0.44716636197441 0.223338745591235 0.223338745591235
0.44753199268739 0.223521611413275 0.223521611413275
0.44789762340037 0.223704477079849 0.223704477079849
0.44826325411335 0.223887342590956 0.223887342590956
0.44862888482633 0.224070207946596 0.224070207946596
0.44899451553931 0.22425307337997 0.22425307337997
0.449360146252289 0.22443593873561 0.22443593873561
0.449725776965269 0.224618803780317 0.224618803780317
0.450091407678249 0.22480166874729 0.22480166874729
0.450457038391229 0.224984533714263 0.224984533714263
0.450822669104209 0.225167398681236 0.225167398681236
0.451188299817189 0.225350263492743 0.225350263492743
0.451553930530169 0.225533128459716 0.225533128459716
0.451919561243149 0.225715993115756 0.225715993115756
0.452285191956129 0.225898857771796 0.225898857771796
0.452650822669109 0.226081722505569 0.226081722505569
0.453016453382089 0.226264587006142 0.226264587006142
0.453382084095068 0.226447451662182 0.226447451662182
0.453747714808048 0.226630316007288 0.226630316007288
0.454113345521028 0.226813180196928 0.226813180196928
0.454478976234008 0.2269960442311 0.2269960442311
0.454844606946988 0.227178908265273 0.227178908265273
0.455210237659968 0.227361772143979 0.227361772143979
0.455575868372948 0.227544636022685 0.227544636022685
0.455941499085928 0.227727499823658 0.227727499823658
0.456307129798908 0.22791036362463 0.22791036362463
0.456672760511888 0.228093227425603 0.228093227425603
0.457038391224867 0.228276091071109 0.228276091071109
0.457404021937847 0.228458954561148 0.228458954561148
0.457769652650827 0.228641818206654 0.228641818206654
0.458135283363807 0.228824681541226 0.228824681541226
0.458500914076787 0.229007544642599 0.229007544642599
0.458866544789767 0.229190407899438 0.229190407899438
0.459232175502747 0.229373271156277 0.229373271156277
0.459597806215727 0.229556134335382 0.229556134335382
0.459963436928707 0.229738997281288 0.229738997281288
0.460329067641687 0.22992186014946 0.22992186014946
0.460694698354666 0.230104722939899 0.230104722939899
0.461060329067646 0.230287585730338 0.230287585730338
0.461425959780626 0.23047044836531 0.23047044836531
0.461791590493606 0.230653311233482 0.230653311233482
0.462157221206586 0.230836173790721 0.230836173790721
0.462522851919566 0.231019036425693 0.231019036425693
0.462888482632546 0.231201898827464 0.231201898827464
0.463254113345526 0.23138476107377 0.23138476107377
0.463619744058506 0.231567623164608 0.231567623164608
0.463985374771486 0.23175048533318 0.23175048533318
0.464351005484466 0.231933347346285 0.231933347346285
0.464716636197445 0.232116209203923 0.232116209203923
0.465082266910425 0.232299071217028 0.232299071217028
0.465447897623405 0.232481933074666 0.232481933074666
0.465813528336385 0.232664794932305 0.232664794932305
0.466179159049365 0.232847656634476 0.232847656634476
0.466544789762345 0.233030518569848 0.233030518569848
0.466910420475325 0.233213380038819 0.233213380038819
0.467276051188305 0.233396241507791 0.233396241507791
0.467641681901285 0.233579102976762 0.233579102976762
0.468007312614265 0.233761964368 0.233761964368
0.468372943327244 0.233944825759238 0.233944825759238
0.468738574040224 0.234127686917276 0.234127686917276
0.469104204753204 0.234310548308514 0.234310548308514
0.469469835466184 0.234493409155618 0.234493409155618
0.469835466179164 0.234676270313656 0.234676270313656
0.470201096892144 0.234859131316227 0.234859131316227
0.470566727605124 0.235041992241065 0.235041992241065
0.470932358318104 0.235224853010436 0.235224853010436
0.471297989031084 0.235407713857541 0.235407713857541
0.471663619744064 0.235590574704645 0.235590574704645
0.472029250457043 0.235773435318549 0.235773435318549
0.472394881170023 0.23595629608792 0.23595629608792
0.472760511883003 0.236139156468624 0.236139156468624
0.473126142595983 0.236322016927062 0.236322016927062
0.473491773308963 0.236504877230033 0.236504877230033
0.473857404021943 0.23668773745527 0.23668773745527
0.474223034734923 0.236870597447307 0.236870597447307
0.474588665447903 0.237053457594811 0.237053457594811
0.474954296160883 0.237236317586849 0.237236317586849
0.475319926873863 0.237419177734353 0.237419177734353
0.475685557586843 0.237602037570923 0.237602037570923
0.476051188299822 0.23778489756296 0.23778489756296
0.476416819012802 0.237967757477264 0.237967757477264
0.476782449725782 0.238150617236101 0.238150617236101
0.477148080438762 0.238333476994939 0.238333476994939
0.477513711151742 0.238516336598309 0.238516336598309
0.477879341864722 0.238699196123946 0.238699196123946
0.478244972577702 0.23888205557185 0.23888205557185
0.478610603290682 0.239064914786553 0.239064914786553
0.478976234003662 0.239247774156723 0.239247774156723
0.479341864716642 0.239430633293694 0.239430633293694
0.479707495429621 0.239613492275197 0.239613492275197
0.480073126142601 0.239796351412167 0.239796351412167
0.480438756855581 0.239979210471404 0.239979210471404
0.480804387568561 0.240162069530641 0.240162069530641
0.481170018281541 0.240344928667611 0.240344928667611
0.481535648994521 0.240527787649114 0.240527787649114
0.481901279707501 0.240710646397417 0.240710646397417
0.482266910420481 0.240893505067987 0.240893505067987
0.482632541133461 0.241076363660824 0.241076363660824
0.482998171846441 0.24125922225366 0.24125922225366
0.48336380255942 0.241442080768763 0.241442080768763
0.4837294332724 0.2416249391284 0.2416249391284
0.48409506398538 0.241807797332569 0.241807797332569
0.48446069469836 0.241990655614472 0.241990655614472
0.48482632541134 0.242173513818642 0.242173513818642
0.48519195612432 0.242356372100545 0.242356372100545
0.4855575868373 0.242539230382448 0.242539230382448
0.48592321755028 0.242722088431151 0.242722088431151
0.48628884826326 0.242904946557587 0.242904946557587
0.48665447897624 0.24308780460629 0.24308780460629
0.487020109689219 0.243270662499526 0.243270662499526
0.487385740402199 0.243453520237296 0.243453520237296
0.487751371115179 0.243636377975065 0.243636377975065
0.488117001828159 0.243819235557368 0.243819235557368
0.488482632541139 0.244002093061937 0.244002093061937
0.488848263254119 0.244184950488773 0.244184950488773
0.489213893967099 0.244367807837875 0.244367807837875
0.489579524680079 0.244550665264711 0.244550665264711
0.489945155393059 0.24473352276928 0.24473352276928
0.490310786106039 0.244916380118383 0.244916380118383
0.490676416819019 0.245099237467485 0.245099237467485
0.491042047531998 0.245282094738855 0.245282094738855
0.491407678244978 0.245464951854757 0.245464951854757
0.491773308957958 0.245647808892926 0.245647808892926
0.492138939670938 0.245830665853362 0.245830665853362
0.492504570383918 0.246013522813797 0.246013522813797
0.492870201096898 0.246196379541033 0.246196379541033
0.493235831809878 0.246379236268268 0.246379236268268
0.493601462522858 0.246562092840037 0.246562092840037
0.493967093235838 0.246744949722739 0.246744949722739
0.494332723948818 0.246927806294508 0.246927806294508
0.494698354661797 0.24711066294401 0.24711066294401
0.495063985374777 0.247293519593512 0.247293519593512
0.495429616087757 0.247476375932081 0.247476375932081
0.495795246800737 0.24765923250385 0.24765923250385
0.496160877513717 0.247842088686951 0.247842088686951
0.496526508226697 0.248024944870053 0.248024944870053
0.496892138939677 0.248207801130889 0.248207801130889
0.497257769652657 0.248390657158524 0.248390657158524
0.497623400365637 0.248573513263892 0.248573513263892
0.497989031078617 0.248756369369261 0.248756369369261
0.498354661791596 0.248939225319162 0.248939225319162
0.498720292504576 0.249122081269064 0.249122081269064
0.499085923217556 0.249304937063499 0.249304937063499
0.499451553930536 0.249487792857934 0.249487792857934
