0.000250417362270451 -0 -0
0.000751252086811352 -0.0787990202966663 -0.0787990202966663
0.00125208681135225 -0.330920771784709 -0.330920771784709
0.00175292153589316 -0.742769913935035 -0.742769913935035
0.00225375626043406 -1.31271234950115 -1.31271234950115
0.00275459098497496 -2.04015887265977 -2.04015887265977
0.00325542570951586 -2.92472549500104 -2.92472549500104
0.00375626043405676 -3.9660655619366 -3.9660655619366
0.00425709515859766 -5.16382043060598 -5.16382043060598
0.00475792988313856 -6.51760135705994 -6.51760135705994
0.00525876460767947 -8.0269817945567 -8.0269817945567
0.00575959933222037 -9.69149377418784 -9.69149377418784
0.00626043405676127 -11.5106260873883 -11.5106260873883
0.00676126878130217 -13.4838233429437 -13.4838233429437
0.00726210350584307 -15.61048548247 -15.61048548247
0.00776293823038397 -17.8899675522269 -17.8899675522269
0.00826377295492487 -20.3215796280399 -20.3215796280399
0.00876460767946578 -22.9045868365235 -22.9045868365235
0.00926544240400668 -25.6382094412264 -25.6382094412264
0.00976627712854758 -28.5216229741179 -28.5216229741179
0.0102671118530885 -31.5539584013506 -31.5539584013506
0.0107679465776294 -34.7343023159226 -34.7343023159226
0.0112687813021703 -38.0616971519034 -38.0616971519034
0.0117696160267112 -41.5351414188063 -41.5351414188063
0.0122704507512521 -45.1535899513385 -45.1535899513385
0.012771285475793 -48.9159541756107 -48.9159541756107
0.0132721202003339 -52.8211023896443 -52.8211023896443
0.0137729549248748 -56.8678600564224 -56.8678600564224
0.0142737896494157 -61.0550101111268 -61.0550101111268
0.0147746243739566 -65.3812932800659 -65.3812932800659
0.0152754590984975 -69.8454084122001 -69.8454084122001
0.0157762938230384 -74.4460128219043 -74.4460128219043
0.0162771285475793 -79.1817226443277 -79.1817226443277
0.0167779632721202 -84.0511132011959 -84.0511132011959
0.0172787979966611 -89.0527193785871 -89.0527193785871
0.017779632721202 -94.1850360151496 -94.1850360151496
0.0182804674457429 -99.4465183015557 -99.4465183015557
0.0187813021702838 -104.835582190965 -104.835582190965
0.0192821368948247 -110.350604819362 -110.350604819362
0.0197829716193656 -115.9899249373 -115.9899249373
0.0202838063439065 -121.751843351349 -121.751843351349
0.0207846410684474 -127.634623375587 -127.634623375587
0.0212854757929883 -133.636491294332 -133.636491294332
0.0217863105175292 -139.755636833324 -139.755636833324
0.0222871452420701 -145.990213641916 -145.990213641916
0.022787979966611 -152.33833978424 -152.33833978424
0.0232888146911519 -158.798098240576 -158.798098240576
0.0237896494156928 -165.367537417244 -165.367537417244
0.0242904841402337 -172.044671666867 -172.044671666867
0.0247913188647746 -178.82748181694 -178.82748181694
0.0252921535893155 -185.713915707914 -185.713915707914
0.0257929883138564 -192.701888739798 -192.701888739798
0.0262938230383973 -199.789284427904 -199.789284427904
0.0267946577629382 -206.973954966923 -206.973954966923
0.0272954924874791 -214.253721803356 -214.253721803356
0.02779632721202 -221.626376216443 -221.626376216443
0.0282971619365609 -229.089679907163 -229.089679907163
0.0287979966611018 -236.641365595396 -236.641365595396
0.0292988313856427 -244.279137624358 -244.279137624358
0.0297996661101836 -252.000672573482 -252.000672573482
0.0303005008347245 -259.803619878173 -259.803619878173
0.0308013355592654 -267.685602457449 -267.685602457449
0.0313021702838063 -275.6442173485 -275.6442173485
0.0318030050083472 -283.677036348019 -283.677036348019
0.0323038397328881 -291.78160666104 -291.78160666104
0.032804674457429 -299.955451556122 -299.955451556122
0.03330550918197 -308.196071026655 -308.196071026655
0.0338063439065108 -316.500942459706 -316.500942459706
0.0343071786310517 -324.867521309522 -324.867521309522
0.0348080133555927 -333.293241778503 -333.293241778503
0.0353088480801336 -341.77551750291 -341.77551750291
0.0358096828046745 -350.311742245009 -350.311742245009
0.0363105175292154 -358.899290589912 -358.899290589912
0.0368113522537563 -367.53551864867 -367.53551864867
0.0373121869782972 -376.217764765778 -376.217764765778
0.0378130217028381 -384.943350231977 -384.943350231977
0.038313856427379 -393.709580001467 -393.709580001467
0.0388146911519199 -402.51374341423 -402.51374341423
0.0393155258764608 -411.353114922166 -411.353114922166
0.0398163606010017 -420.224954819806 -420.224954819806
0.0403171953255426 -429.126509978966 -429.126509978966
0.0408180300500835 -438.055014587003 -438.055014587003
0.0413188647746244 -447.007690889189 -447.007690889189
0.0418196994991653 -455.981749934005 -455.981749934005
0.0423205342237062 -464.974392321867 -464.974392321867
0.0428213689482471 -473.982808957234 -473.982808957234
0.043322203672788 -483.004181802783 -483.004181802783
0.0438230383973289 -492.035684637353 -492.035684637353
0.0443238731218698 -501.074483815182 -501.074483815182
0.0448247078464107 -510.11773902844 -510.11773902844
0.0453255425709516 -519.162604071351 -519.162604071351
0.0458263772954925 -528.206227605673 -528.206227605673
0.0463272120200334 -537.24575392942 -537.24575392942
0.0468280467445743 -546.278323745176 -546.278323745176
0.0473288814691152 -555.301074931036 -555.301074931036
0.0478297161936561 -564.311143312155 -564.311143312155
0.048330550918197 -573.305663433236 -573.305663433236
0.0488313856427379 -582.281769331501 -582.281769331501
0.0493322203672788 -591.236595310664 -591.236595310664
0.0498330550918197 -600.167276714483 -600.167276714483
0.0503338898163606 -609.070950701244 -609.070950701244
0.0508347245409015 -617.944757017209 -617.944757017209
0.0513355592654424 -626.785838770536 -626.785838770536
0.0518363939899833 -635.591343204387 -635.591343204387
0.0523372287145242 -644.358422468912 -644.358422468912
0.0528380634390651 -653.084234393229 -653.084234393229
0.053338898163606 -661.765943255476 -661.765943255476
0.0538397328881469 -670.400720551896 -670.400720551896
0.0543405676126878 -678.985745764165 -678.985745764165
0.0548414023372287 -687.518207125814 -687.518207125814
0.0553422370617696 -695.995302385461 -695.995302385461
0.0558430717863105 -704.414239568932 -704.414239568932
0.0563439065108514 -712.7722377388 -712.7722377388
0.0568447412353923 -721.066527751054 -721.066527751054
0.0573455759599332 -729.294353009932 -729.294353009932
0.0578464106844741 -737.452970218971 -737.452970218971
0.058347245409015 -745.539650128973 -745.539650128973
0.0588480801335559 -753.551678284008 -753.551678284008
0.0593489148580968 -761.486355761994 -761.486355761994
0.0598497495826377 -769.340999913105 -769.340999913105
0.0603505843071786 -777.112945093705 -777.112945093705
0.0608514190317195 -784.799543396193 -784.799543396193
0.0613522537562604 -792.398165374871 -792.398165374871
0.0618530884808013 -799.906200767397 -799.906200767397
0.0623539232053422 -807.321059210719 -807.321059210719
0.0628547579298831 -814.640170954175 -814.640170954175
0.063355592654424 -821.860987565345 -821.860987565345
0.0638564273789649 -828.980982632093 -828.980982632093
0.0643572621035058 -835.997652459197 -835.997652459197
0.0648580968280467 -842.908516758725 -842.908516758725
0.0653589315525876 -849.71111933555 -849.71111933555
0.0658597662771285 -856.403028766167 -856.403028766167
0.0663606010016694 -862.981839071952 -862.981839071952
0.0668614357262103 -869.445170386378 -869.445170386378
0.0673622704507512 -875.790669615094 -875.790669615094
0.0678631051752921 -882.01601108979 -882.01601108979
0.0683639398998331 -888.118897215462 -888.118897215462
0.068864774624374 -894.097059110399 -894.097059110399
0.0693656093489149 -899.94825723946 -899.94825723946
0.0698664440734558 -905.670282039699 -905.670282039699
0.0703672787979967 -911.260954538329 -911.260954538329
0.0708681135225376 -916.718126964516 -916.718126964516
0.0713689482470785 -922.039683351098 -922.039683351098
0.0718697829716194 -927.223540130762 -927.223540130762
0.0723706176961603 -932.26764672234 -932.26764672234
0.0728714524207012 -937.169986109744 -937.169986109744
0.0733722871452421 -941.928575412474 -941.928575412474
0.073873121869783 -946.541466447523 -946.541466447523
0.0743739565943239 -951.006746282525 -951.006746282525
0.0748747913188648 -955.322537779966 -955.322537779966
0.0753756260434057 -959.487000132728 -959.487000132728
0.0758764607679466 -963.498329390648 -963.498329390648
0.0763772954924875 -967.354758976716 -967.354758976716
0.0768781302170284 -971.05456019616 -971.05456019616
0.0773789649415693 -974.596042733061 -974.596042733061
0.0778797996661102 -977.977555140198 -977.977555140198
0.0783806343906511 -981.197485316652 -981.197485316652
0.078881469115192 -984.254260977625 -984.254260977625
0.0793823038397329 -987.146350112294 -987.146350112294
0.0798831385642738 -989.872261433194 -989.872261433194
0.0803839732888147 -992.430544814352 -992.430544814352
0.0808848080133556 -994.819791718894 -994.819791718894
0.0813856427378965 -997.038635617297 -997.038635617297
0.0818864774624374 -999.085752393553 -999.085752393553
0.0823873121869783 -1000.9598607416 -1000.9598607416
0.0828881469115192 -1002.6597225504 -1002.6597225504
0.0833889816360601 -1004.18414327874 -1004.18414327874
0.083889816360601 -1005.53197231842 -1005.53197231842
0.0843906510851419 -1006.70210334622 -1006.70210334622
0.0848914858096828 -1007.69347466492 -1007.69347466492
0.0853923205342237 -1008.50506953325 -1008.50506953325
0.0858931552587646 -1009.13591648385 -1009.13591648385
0.0863939899833055 -1009.58508963034 -1009.58508963034
0.0868948247078464 -1009.85170896192 -1009.85170896192
0.0873956594323873 -1009.93494062762 -1009.93494062762
0.0878964941569282 -1009.83399720717 -1009.83399720717
0.0883973288814691 -1009.54813797211 -1009.54813797211
0.08889816360601 -1009.07666913281 -1009.07666913281
0.0893989983305509 -1008.41894407503 -1008.41894407503
0.0898998330550918 -1007.57436358415 -1007.57436358415
0.0904006677796327 -1006.54237605686 -1006.54237605686
0.0909015025041736 -1005.32247770115 -1005.32247770115
0.0914023372287145 -1003.91421272414 -1003.91421272414
0.0919031719532554 -1002.31717350719 -1002.31717350719
0.0924040066777963 -1000.53100076915 -1000.53100076915
0.0929048414023372 -998.55538371734 -998.55538371734
0.0934056761268781 -996.390060185429 -996.390060185429
0.093906510851419 -994.03481675965 -994.03481675965
0.0944073455759599 -991.489488892408 -991.489488892408
0.0949081803005008 -988.753961002677 -988.753961002677
0.0954090150250417 -985.828166565028 -985.828166565028
0.0959098497495826 -982.712088184853 -982.712088184853
0.0964106844741235 -979.405757661819 -979.405757661819
0.0969115191986644 -975.909256040954 -975.909256040954
0.0974123539232053 -972.222713649602 -972.222713649602
0.0979131886477462 -968.346310123637 -968.346310123637
0.0984140233722871 -964.280274419669 -964.280274419669
0.098914858096828 -960.024884814976 -960.024884814976
0.0994156928213689 -955.58046889486 -955.58046889486
0.0999165275459099 -950.94740352784 -950.94740352784
0.100417362270451 -946.126114826168 -946.126114826168
0.100918196994992 -941.11707809672 -941.11707809672
0.101419031719533 -935.920817776266 -935.920817776266
0.101919866444073 -930.537907355922 -930.537907355922
0.102420701168614 -924.968969292474 -924.968969292474
0.102921535893155 -919.214674906707 -919.214674906707
0.103422370617696 -913.275744269485 -913.275744269485
0.103923205342237 -907.152946075581 -907.152946075581
0.104424040066778 -900.847097503581 -900.847097503581
0.104924874791319 -894.359064065359 -894.359064065359
0.10542570951586 -887.689759440682 -887.689759440682
0.105926544240401 -880.840145301556 -880.840145301556
0.106427378964942 -873.811231122479 -873.811231122479
0.106928213689482 -866.604073979287 -866.604073979287
0.107429048414023 -859.219778335136 -859.219778335136
0.107929883138564 -851.659495814502 -851.659495814502
0.108430717863105 -843.924424964641 -843.924424964641
0.108931552587646 -836.015811005392 -836.015811005392
0.109432387312187 -827.93494556574 -827.93494556574
0.109933222036728 -819.683166410256 -819.683166410256
0.110434056761269 -811.261857151192 -811.261857151192
0.11093489148581 -802.672446950264 -802.672446950264
0.111435726210351 -793.916410208121 -793.916410208121
0.111936560934891 -784.995266242039 -784.995266242039
0.112437395659432 -775.910578951422 -775.910578951422
0.112938230383973 -766.663956472367 -766.663956472367
0.113439065108514 -757.257050820684 -757.257050820684
0.113939899833055 -747.691557522357 -747.691557522357
0.114440734557596 -737.969215234197 -737.969215234197
0.114941569282137 -728.091805351662 -728.091805351662
0.115442404006678 -718.061151606813 -718.061151606813
0.115943238731219 -707.879119654264 -707.879119654264
0.11644407345576 -697.547616646333 -697.547616646333
0.1169449081803 -687.068590797696 -687.068590797696
0.117445742904841 -676.444030938721 -676.444030938721
0.117946577629382 -665.675966058019 -665.675966058019
0.118447412353923 -654.766464835417 -654.766464835417
0.118948247078464 -643.717635163099 -643.717635163099
0.119449081803005 -632.531623657277 -632.531623657277
0.119949916527546 -621.210615159437 -621.210615159437
0.120450751252087 -609.756832227307 -609.756832227307
0.120951585976628 -598.172534616284 -598.172534616284
0.121452420701169 -586.460018750242 -586.460018750242
0.12195325542571 -574.621617183398 -574.621617183398
0.12245409015025 -562.659698052056 -562.659698052056
0.122954924874791 -550.576664516948 -550.576664516948
0.123455759599332 -538.374954196632 -538.374954196632
0.123956594323873 -526.057038590955 -526.057038590955
0.124457429048414 -513.625422496686 -513.625422496686
0.124958263772955 -501.082643412698 -501.082643412698
0.125459098497496 -488.431270937317 -488.431270937317
0.125959933222037 -475.673906157519 -475.673906157519
0.126460767946578 -462.813181028354 -462.813181028354
0.126961602671119 -449.851757745004 -449.851757745004
0.127462437395659 -436.792328106322 -436.792328106322
0.1279632721202 -423.637612870988 -423.637612870988
0.128464106844741 -410.390361104404 -410.390361104404
0.128964941569282 -397.053349519758 -397.053349519758
0.129465776293823 -383.629381810204 -383.629381810204
0.129966611018364 -370.121287974261 -370.121287974261
0.130467445742905 -356.531923633468 -356.531923633468
0.130968280467446 -342.864169344009 -342.864169344009
0.131469115191987 -329.120929900822 -329.120929900822
0.131969949916528 -315.305133634868 -315.305133634868
0.132470784641068 -301.419731704381 -301.419731704381
0.132971619365609 -287.467697379489 -287.467697379489
0.13347245409015 -273.452025320997 -273.452025320997
0.133973288814691 -259.375730852884 -259.375730852884
0.134474123539232 -245.241849229209 -245.241849229209
0.134974958263773 -231.053434894702 -231.053434894702
0.135475792988314 -216.813560741446 -216.813560741446
0.135976627712855 -202.525317359008 -202.525317359008
0.136477462437396 -188.191812280183 -188.191812280183
0.136978297161937 -173.816169221241 -173.816169221241
0.137479131886477 -159.401527318203 -159.401527318203
0.137979966611018 -144.951040358358 -144.951040358358
0.138480801335559 -130.467876007139 -130.467876007139
0.1389816360601 -115.955215031762 -115.955215031762
0.139482470784641 -101.416250520004 -101.416250520004
0.139983305509182 -86.8541870958632 -86.8541870958632
0.140484140233723 -72.2722401313102 -72.2722401313102
0.140984974958264 -57.6736349553254 -57.6736349553254
0.141485809682805 -43.0616060592472 -43.0616060592472
0.141986644407346 -28.439396299455 -28.439396299455
0.142487479131886 -13.8102560973746 -13.8102560973746
0.142988313856427 0.822557363669407 0.822557363669407
0.143489148580968 15.4557809427124 15.4557809427124
0.143989983305509 30.0861463486185 30.0861463486185
0.14449081803005 44.7103809487505 44.7103809487505
0.144991652754591 59.3252085799659 59.3252085799659
0.145492487479132 73.9273503605239 73.9273503605239
0.145993322203673 88.513525503898 88.513525503898
0.146494156928214 103.080452132933 103.080452132933
0.146994991652755 117.624848095681 117.624848095681
0.147495826377295 132.143431781637 132.143431781637
0.147996661101836 146.632922938234 146.632922938234
0.148497495826377 161.090043487743 161.090043487743
0.148998330550918 175.511518344452 175.511518344452
0.149499165275459 189.894076231461 189.894076231461
0.15 204.234450497127 204.234450497127
0.150500834724541 218.529379931731 218.529379931731
0.151001669449082 232.775609581995 232.775609581995
0.151502504173623 246.969891565822 246.969891565822
0.152003338898164 261.108985885322 261.108985885322
0.152504173622705 275.189661238602 275.189661238602
0.153005008347245 289.208695830025 289.208695830025
0.153505843071786 303.16287817895 303.16287817895
0.154006677796327 317.049007925881 317.049007925881
0.154507512520868 330.863896636983 330.863896636983
0.155008347245409 344.604368606008 344.604368606008
0.15550918196995 358.267261653509 358.267261653509
0.156010016694491 371.84942792352 371.84942792352
0.156510851419032 385.347734677412 385.347734677412
0.157011686143573 398.759065083437 398.759065083437
0.157512520868114 412.080319004823 412.080319004823
0.158013355592654 425.30841378222 425.30841378222
0.158514190317195 438.440285014282 438.440285014282
0.159015025041736 451.472887332341 451.472887332341
0.159515859766277 464.4031951727 464.4031951727
0.160016694490818 477.228203542889 477.228203542889
0.160517529215359 489.944928785105 489.944928785105
0.1610183639399 502.550409333207 502.550409333207
0.161519198664441 515.041706465581 515.041706465581
0.162020033388982 527.415905053586 527.415905053586
0.162520868113523 539.670114302592 539.670114302592
0.163021702838063 551.801468489785 551.801468489785
0.163522537562604 563.807127694618 563.807127694618
0.164023372287145 575.684278524338 575.684278524338
0.164524207011686 587.430134832819 587.430134832819
0.165025041736227 599.04193843314 599.04193843314
0.165525876460768 610.516959804328 610.516959804328
0.166026711185309 621.852498791236 621.852498791236
0.16652754590985 633.045885296885 633.045885296885
0.167028380634391 644.094479968607 644.094479968607
0.167529215358932 654.995674876727 654.995674876727
0.168030050083472 665.746894186013 665.746894186013
0.168530884808013 676.345594819577 676.345594819577
0.169031719532554 686.789267115216 686.789267115216
0.169532554257095 697.075435473287 697.075435473287
0.170033388981636 707.201658997724 707.201658997724
0.170534223706177 717.165532127673 717.165532127673
0.171035058430718 726.964685261681 726.964685261681
0.171535893155259 736.596785372541 736.596785372541
0.1720367278798 746.059536614493 746.059536614493
0.172537562604341 755.350680920737 755.350680920737
0.173038397328881 764.467998592184 764.467998592184
0.173539232053422 773.40930887767 773.40930887767
0.174040066777963 782.172470544193 782.172470544193
0.174540901502504 790.755382437564 790.755382437564
0.175041736227045 799.155984034556 799.155984034556
0.175542570951586 807.37225598447 807.37225598447
0.176043405676127 815.40222064059 815.40222064059
0.176544240400668 823.243942582823 823.243942582823
0.177045075125209 830.895529129062 830.895529129062
0.17754590984975 838.355130836905 838.355130836905
0.17804674457429 845.620941994751 845.620941994751
0.178547579298831 852.69120110298 852.69120110298
0.179048414023372 859.564191342873 859.564191342873
0.179549248747913 866.238241036902 866.238241036902
0.180050083472454 872.711724096591 872.711724096591
0.180550918196995 878.983060459928 878.983060459928
0.181051752921536 885.050716517926 885.050716517926
0.181552587646077 890.913205529377 890.913205529377
0.182053422370618 896.569088024584 896.569088024584
0.182554257095159 902.01697219774 902.01697219774
0.183055091819699 907.255514287436 907.255514287436
0.18355592654424 912.283418945808 912.283418945808
0.184056761268781 917.099439596058 917.099439596058
0.184557595993322 921.702378777478 921.702378777478
0.185058430717863 926.091088479215 926.091088479215
0.185559265442404 930.264470462213 930.264470462213
0.186060100166945 934.221476567804 934.221476567804
0.186560934891486 937.961109015391 937.961109015391
0.187061769616027 941.482420687553 941.482420687553
0.187562604340568 944.784515401931 944.784515401931
0.188063439065109 947.866548172329 947.866548172329
0.188564273789649 950.72772545579 950.72772545579
0.18906510851419 953.367305387448 953.367305387448
0.189565943238731 955.784598003846 955.784598003846
0.190066777963272 957.978965452152 957.978965452152
0.190567612687813 959.949822187005 959.949822187005
0.191068447412354 961.696635155569 961.696635155569
0.191569282136895 963.218923967956 963.218923967956
0.192070116861436 964.516261056171 964.516261056171
0.192570951585977 965.588271819635 965.588271819635
0.193071786310518 966.434634757658 966.434634757658
0.193572621035058 967.05508158893 967.05508158893
0.194073455759599 967.449397358136 967.449397358136
0.19457429048414 967.617420528568 967.617420528568
0.195075125208681 967.559043063339 967.559043063339
0.195575959933222 967.27421049149 967.27421049149
0.196076794657763 966.762921962413 966.762921962413
0.196577629382304 966.025230285984 966.025230285984
0.197078464106845 965.061241960796 965.061241960796
0.197579298831386 963.871117187579 963.871117187579
0.198080133555927 962.455069870326 962.455069870326
0.198580968280467 960.813367604145 960.813367604145
0.199081803005008 958.946331649496 958.946331649496
0.199582637729549 956.854336893722 956.854336893722
0.20008347245409 954.537811798487 954.537811798487
0.200584307178631 951.997238334482 951.997238334482
0.201085141903172 949.233151903927 949.233151903927
0.201585976627713 946.24614124731 946.24614124731
0.202086811352254 943.036848339518 943.036848339518
0.202587646076795 939.605968270956 939.605968270956
0.203088480801336 935.954249116625 935.954249116625
0.203589315525876 932.08249179164 932.08249179164
0.204090150250417 927.991549893635 927.991549893635
0.204590984974958 923.682329531805 923.682329531805
0.205091819699499 919.155789144177 919.155789144177
0.20559265442404 914.412939299614 914.412939299614
0.206093489148581 909.454842489291 909.454842489291
0.206594323873122 904.282612903452 904.282612903452
0.207095158597663 898.897416196526 898.897416196526
0.207595993322204 893.3004692384 893.3004692384
0.208096828046745 887.493039854103 887.493039854103
0.208597662771285 881.476446549182 881.476446549182
0.209098497495826 875.252058224631 875.252058224631
0.209599332220367 868.821293877169 868.821293877169
0.210100166944908 862.185622287874 862.185622287874
0.210601001669449 855.346561699009 855.346561699009
0.21110183639399 848.305679477104 848.305679477104
0.211602671118531 841.064591765305 841.064591765305
0.212103505843072 833.624963121992 833.624963121992
0.212604340567613 825.988506148689 825.988506148689
0.213105175292154 818.15698110501 818.15698110501
0.213606010016694 810.132195511829 810.132195511829
0.214106844741235 801.91600374326 801.91600374326
0.214607679465776 793.510306605582 793.510306605582
0.215108514190317 784.917050906011 784.917050906011
0.215609348914858 776.138229008793 776.138229008793
0.216110183639399 767.175878380436 767.175878380436
0.21661101836394 758.032081123605 758.032081123605
0.217111853088481 748.708963499439 748.708963499439
0.217612687813022 739.20869543876 739.20869543876
0.218113522537563 729.533490042814 729.533490042814
0.218614357262103 719.685603072591 719.685603072591
0.219115191986644 709.667332427752 709.667332427752
0.219616026711185 699.481017614544 699.481017614544
0.220116861435726 689.129039203592 689.129039203592
0.220617696160267 678.613818277221 678.613818277221
0.221118530884808 667.937815866057 667.937815866057
0.221619365609349 657.103532376521 657.103532376521
0.22212020033389 646.113507007238 646.113507007238
0.222621035058431 634.970317156468 634.970317156468
0.223121869782972 623.676577818929 623.676577818929
0.223622704507513 612.234940974583 612.234940974583
0.224123539232053 600.648094966224 600.648094966224
0.224624373956594 588.918763869336 588.918763869336
0.225125208681135 577.049706851516 577.049706851516
0.225626043405676 565.043717524403 565.043717524403
0.226126878130217 552.903623285305 552.903623285305
0.226627712854758 540.632284651532 540.632284651532
0.227128547579299 528.232594585404 528.232594585404
0.22762938230384 515.707477811135 515.707477811135
0.228130217028381 503.059890123978 503.059890123978
0.228631051752922 490.292817690738 490.292817690738
0.229131886477462 477.409276343223 477.409276343223
0.229632721202003 464.412310863184 464.412310863184
0.230133555926544 451.304994260924 451.304994260924
0.230634390651085 438.090427045169 438.090427045169
0.231135225375626 424.771736487348 424.771736487348
0.231636060100167 411.35207587795 411.35207587795
0.232136894824708 397.834623776716 397.834623776716
0.232637729549249 384.222583255429 384.222583255429
0.23313856427379 370.519181135447 370.519181135447
0.233639398998331 356.727667218052 356.727667218052
0.234140233722871 342.851313509487 342.851313509487
0.234641068447412 328.893413439873 328.893413439873
0.235141903171953 314.857281076347 314.857281076347
0.235642737896494 300.746250331213 300.746250331213
0.236143572621035 286.563674164406 286.563674164406
0.236644407345576 272.312923781004 272.312923781004
0.237145242070117 257.997387824289 257.997387824289
0.237646076794658 243.620471563372 243.620471563372
0.238146911519199 229.185596077381 229.185596077381
0.23864774624374 214.696197434297 214.696197434297
0.23914858096828 200.155725866587 200.155725866587
0.239649415692821 185.567644942555 185.567644942555
0.240150250417362 170.935430734348 170.935430734348
0.240651085141903 156.262570982051 156.262570982051
0.241151919866444 141.552564254999 141.552564254999
0.241652754590985 126.808919109612 126.808919109612
0.242153589315526 112.035153245091 112.035153245091
0.242654424040067 97.2347926554818 97.2347926554818
0.243155258764608 82.4113707804646 82.4113707804646
0.243656093489149 67.5684276529253 67.5684276529253
0.244156928213689 52.7095090452338 52.7095090452338
0.24465776293823 37.8381656133861 37.8381656133861
0.245158597662771 22.9579520394703 22.9579520394703
0.245659432387312 8.07242617334267 8.07242617334267
0.246160267111853 -6.8148518274558 -6.8148518274558
0.246661101836394 -21.7003203590315 -21.7003203590315
0.247161936560935 -36.5804172316126 -36.5804172316126
0.247662771285476 -51.451580532652 -51.451580532652
0.248163606010017 -66.3102494884869 -66.3102494884869
0.248664440734558 -81.1528653270382 -81.1528653270382
0.249165275459099 -95.9758721405601 -95.9758721405601
0.249666110183639 -110.775717747084 -110.775717747084
0.25016694490818 -125.548854552319 -125.548854552319
0.250667779632721 -140.291740410195 -140.291740410195
0.251168614357262 -155.000839482332 -155.000839482332
0.251669449081803 -169.672623097514 -169.672623097514
0.252170283806344 -184.303570607921 -184.303570607921
0.252671118530885 -198.890170245235 -198.890170245235
0.253171953255426 -213.428919974364 -213.428919974364
0.253672787979967 -227.916328345032 -227.916328345032
0.254173622704507 -242.348915341509 -242.348915341509
0.254674457429048 -256.72321322932 -256.72321322932
0.255175292153589 -271.035767400286 -271.035767400286
0.25567612687813 -285.283137213329 -285.283137213329
0.256176961602671 -299.461896833623 -299.461896833623
0.256677796327212 -313.568636067367 -313.568636067367
0.257178631051753 -327.599961193458 -327.599961193458
0.257679465776294 -341.552495791879 -341.552495791879
0.258180300500835 -355.422881567372 -355.422881567372
0.258681135225376 -369.207779169903 -369.207779169903
0.259181969949916 -382.90386900981 -382.90386900981
0.259682804674457 -396.507852069777 -396.507852069777
0.260183639398998 -410.016450710503 -410.016450710503
0.260684474123539 -423.426409472629 -423.426409472629
0.26118530884808 -436.73449587358 -436.73449587358
0.261686143572621 -449.937501197869 -449.937501197869
0.262186978297162 -463.032241283568 -463.032241283568
0.262687813021703 -476.015557301753 -476.015557301753
0.263188647746244 -488.884316531028 -488.884316531028
0.263689482470785 -501.635413124672 -501.635413124672
0.264190317195326 -514.26576887357 -514.26576887357
0.264691151919866 -526.772333960155 -526.772333960155
0.265191986644407 -539.152087707865 -539.152087707865
0.265692821368948 -551.402039322646 -551.402039322646
0.266193656093489 -563.519228627127 -563.519228627127
0.26669449081803 -575.500726789387 -575.500726789387
0.267195325542571 -587.34363704143 -587.34363704143
0.267696160267112 -599.045095393127 -599.045095393127
0.268196994991653 -610.602271336013 -610.602271336013
0.268697829716194 -622.012368540694 -622.012368540694
0.269198664440735 -633.272625545793 -633.272625545793
0.269699499165275 -644.380316437278 -644.380316437278
0.270200333889816 -655.332751522087 -655.332751522087
0.270701168614357 -666.127277990336 -666.127277990336
0.271202003338898 -676.761280570841 -676.761280570841
0.271702838063439 -687.232182175966 -687.232182175966
0.27220367278798 -697.537444539205 -697.537444539205
0.272704507512521 -707.674568841508 -707.674568841508
0.273205342237062 -717.641096329985 -717.641096329985
0.273706176961603 -727.434608926262 -727.434608926262
0.274207011686144 -737.052729824266 -737.052729824266
0.274707846410684 -746.493124080255 -746.493124080255
0.275208681135225 -755.753499190186 -755.753499190186
0.275709515859766 -764.831605659706 -764.831605659706
0.276210350584307 -773.725237560976 -773.725237560976
0.276711185308848 -782.432233081407 -782.432233081407
0.277212020033389 -790.950475060809 -790.950475060809
0.27771285475793 -799.277891517025 -799.277891517025
0.278213689482471 -807.412456162865 -807.412456162865
0.278714524207012 -815.352188909133 -815.352188909133
0.279215358931553 -823.095156359991 -823.095156359991
0.279716193656093 -830.639472293242 -830.639472293242
0.280217028380634 -837.983298132523 -837.983298132523
0.280717863105175 -845.124843406702 -845.124843406702
0.281218697829716 -852.062366196462 -852.062366196462
0.281719532554257 -858.794173572214 -858.794173572214
0.282220367278798 -865.318622016335 -865.318622016335
0.282721202003339 -871.634117837362 -871.634117837362
0.28322203672788 -877.739117568595 -877.739117568595
0.283722871452421 -883.632128357861 -883.632128357861
0.284223706176962 -889.311708341843 -889.311708341843
0.284724540901502 -894.776467010647 -894.776467010647
0.285225375626043 -900.025065558793 -900.025065558793
0.285726210350584 -905.056217223077 -905.056217223077
0.286227045075125 -909.868687609849 -909.868687609849
0.286727879799666 -914.46129500684 -914.46129500684
0.287228714524207 -918.832910685256 -918.832910685256
0.287729549248748 -922.982459185808 -922.982459185808
0.288230383973289 -926.908918594553 -926.908918594553
0.28873121869783 -930.61132080486 -930.61132080486
0.289232053422371 -934.088751764592 -934.088751764592
0.289732888146912 -937.340351713675 -937.340351713675
0.290233722871452 -940.365315404384 -940.365315404384
0.290734557595993 -943.162892312635 -943.162892312635
0.291235392320534 -945.73238683175 -945.73238683175
0.291736227045075 -948.073158456178 -948.073158456178
0.292237061769616 -950.184621950379 -950.184621950379
0.292737896494157 -952.066247503545 -952.066247503545
0.293238731218698 -953.717560873114 -953.717560873114
0.293739565943239 -955.138143511782 -955.138143511782
0.29424040066778 -956.327632684057 -956.327632684057
0.294741235392321 -957.28572156586 -957.28572156586
0.295242070116861 -958.012159334353 -958.012159334353
0.295742904841402 -958.506751240063 -958.506751240063
0.296243739565943 -958.769358668493 -958.769358668493
0.296744574290484 -958.799899186887 -958.799899186887
0.297245409015025 -958.598346576136 -958.598346576136
0.297746243739566 -958.164730851778 -958.164730851778
0.298247078464107 -957.499138267524 -957.499138267524
0.298747913188648 -956.601711309234 -956.601711309234
0.299248747913189 -955.472648671141 -955.472648671141
0.29974958263773 -381.453677237675 -381.453677237675
0.300334448160535 -238.063546369933 -952.254185479732
0.301003344481605 -237.534516266872 -950.13806506749
0.301672240802676 -237.007832195289 -948.031328781154
0.302341137123746 -236.483478584208 -945.933914336831
0.303010033444816 -235.961440000041 -943.845760000163
0.303678929765886 -235.441701145433 -941.76680458173
0.304347826086957 -234.924246857196 -939.696987428786
0.305016722408027 -234.409062105295 -937.636248421181
0.305685618729097 -233.896131991293 -935.584527965173
0.306354515050167 -233.38544174679 -933.541766987161
0.307023411371237 -232.876976732013 -931.507906928051
0.307692307692308 -232.370722434813 -929.482889739252
0.308361204013378 -231.866664468502 -927.466657874009
0.309030100334448 -231.364788571387 -925.459154285547
0.309698996655518 -230.865080604768 -923.46032241907
0.310367892976589 -230.367526551708 -921.470106206832
0.311036789297659 -229.872112516121 -919.488450064485
0.311705685618729 -229.378824720953 -917.515298883811
0.312374581939799 -228.887649507406 -915.550598029622
0.31304347826087 -228.398573333346 -913.594293333386
0.31371237458194 -227.911582771777 -911.646331087108
0.31438127090301 -227.426664510641 -909.706658042564
0.31505016722408 -226.943805350287 -907.775221401149
0.315719063545151 -226.46299220333 -905.85196881332
0.316387959866221 -225.984212092972 -903.936848371886
0.317056856187291 -225.507452151856 -902.029808607424
0.317725752508361 -225.032699620981 -900.130798483926
0.318394648829431 -224.559941848613 -898.239767394451
0.319063545150502 -224.089166289159 -896.356665156636
0.319732441471572 -223.620360501967 -894.481442007868
0.320401337792642 -223.153512150175 -892.614048600699
0.321070234113712 -222.688608999834 -890.754435999337
0.321739130434783 -222.2256389187 -888.902555674799
0.322408026755853 -221.764589875271 -887.058359501085
0.323076923076923 -221.305449937591 -885.221799750366
0.323745819397993 -220.848207272396 -883.392829089583
0.324414715719064 -220.392850143961 -881.571400575843
0.325083612040134 -219.939366913173 -879.757467652691
0.325752508361204 -219.487746036468 -877.950984145871
0.326421404682274 -219.037976065035 -876.151904260142
0.327090301003344 -218.590045643569 -874.360182574274
0.327759197324415 -218.143943509644 -872.575774038576
0.328428093645485 -217.699658492308 -870.798633969233
0.329096989966555 -217.257179511569 -869.028718046275
0.329765886287625 -216.816495577426 -867.265982309705
0.330434782608696 -216.377595788755 -865.510383155019
0.331103678929766 -215.940469332595 -863.761877330379
0.331772575250836 -215.505105483165 -862.020421932661
0.332441471571906 -215.071493600845 -860.28597440338
0.333110367892977 -214.639623131799 -858.558492527195
0.333779264214047 -214.209483606349 -856.837934425397
0.334448160535117 -213.781064639118 -855.124258556472
0.335117056856187 -213.354355927274 -853.417423709096
0.335785953177258 -212.929347250152 -851.717389000609
0.336454849498328 -212.506028468309 -850.024113873236
0.337123745819398 -212.084389522936 -848.337558091742
0.337792642140468 -211.664420434756 -846.657681739024
0.338461538461538 -211.246111303522 -844.984445214087
0.339130434782609 -210.829452306772 -843.317809227087
0.339799331103679 -210.414433699797 -841.65773479919
0.340468227424749 -210.00104581432 -840.004183257281
0.341137123745819 -209.589279057813 -838.357116231252
0.34180602006689 -209.179123912908 -836.716495651631
0.34247491638796 -208.770570936499 -835.082283745995
0.34314381270903 -208.36361075928 -833.454443037122
0.3438127090301 -207.958234084723 -831.832936338893
0.344481605351171 -207.554431688522 -830.217726754089
0.345150501672241 -207.152194417877 -828.60877767151
0.345819397993311 -206.751513190768 -827.006052763071
0.346488294314381 -206.352378995444 -825.409515981775
0.347157190635451 -205.954782889577 -823.819131558307
0.347826086956522 -205.558715999366 -822.234863997464
0.348494983277592 -205.164169519583 -820.656678078331
0.349163879598662 -204.771134712039 -819.084538848157
0.349832775919732 -204.379602905674 -817.518411622697
0.350501672240803 -203.98956549566 -815.958261982642
0.351170568561873 -203.601013942343 -814.404055769371
0.351839464882943 -203.213939771348 -812.855759085393
0.352508361204013 -202.828334572626 -811.313338290503
0.353177257525084 -202.444189999639 -809.776759998558
0.353846153846154 -202.06149776907 -808.24599107628
0.354515050167224 -201.680249660009 -806.720998640038
0.355183946488294 -201.30043751383 -805.201750055322
0.355852842809365 -200.922053232872 -803.688212931488
0.356521739130435 -200.545088780312 -802.180355121247
0.357190635451505 -200.169536179653 -800.678144718613
0.357859531772575 -199.795387513923 -799.181550055692
0.358528428093645 -199.422634925326 -797.690539701305
0.359197324414716 -199.05127061457 -796.205082458278
0.359866220735786 -198.681286840183 -794.72514736073
0.360535117056856 -198.312675918384 -793.250703673538
0.361204013377926 -197.945430222243 -791.781720888971
0.361872909698997 -197.57954218124 -790.318168724959
0.362541806020067 -197.215004280598 -788.860017122393
0.363210702341137 -196.8518090609 -787.4072362436
0.363879598662207 -196.48994911785 -785.959796471398
0.364548494983278 -196.12941710115 -784.517668404602
0.365217391304348 -195.770205714505 -783.080822858021
0.365886287625418 -195.412307715056 -781.649230860225
0.366555183946488 -195.055715912673 -780.222863650692
0.367224080267559 -194.70042316973 -778.801692678922
0.367892976588629 -194.34642240035 -777.3856896014
0.368561872909699 -193.993706570273 -775.974826281093
0.369230769230769 -193.642268696046 -774.569074784183
0.369899665551839 -193.292101844946 -773.168407379783
0.37056856187291 -192.943199134077 -771.772796536309
0.37123745819398 -192.595553730338 -770.38221492135
0.37190635451505 -192.249158849483 -768.996635397931
0.37257525083612 -191.9040077565 -767.616031025998
0.373244147157191 -191.560093764091 -766.240375056365
0.373913043478261 -191.217410233257 -764.869640933027
0.374581939799331 -190.875950572197 -763.503802288789
0.375250836120401 -190.53570823606 -762.142832944238
0.375919732441472 -190.1966767268 -760.786706907199
0.376588628762542 -189.858849592348 -759.435398369394
0.377257525083612 -189.522220426425 -758.088881705699
0.377926421404682 -189.186782868165 -756.74713147266
0.378595317725753 -188.852530601698 -755.410122406793
0.379264214046823 -188.519457355522 -754.07782942209
0.379933110367893 -188.187556902449 -752.750227609797
0.380602006688963 -187.856823059093 -751.427292236372
0.381270903010033 -187.527249685306 -750.108998741222
0.381939799331104 -187.198830684154 -748.795322736616
0.382608695652174 -186.871560001177 -747.486240004709
0.383277591973244 -186.545431624231 -746.181726496925
0.383946488294314 -186.220439583148 -744.88175833259
0.384615384615385 -185.896577949168 -743.58631179667
0.385284280936455 -185.573840834625 -742.295363338498
0.385953177257525 -185.252222393048 -741.008889572192
0.386622073578595 -184.931716818032 -739.726867272129
0.387290969899666 -184.612318343406 -738.449273373624
0.387959866220736 -184.294021242877 -737.17608497151
0.388628762541806 -183.97681982942 -735.907279317679
0.389297658862876 -183.660708455163 -734.642833820652
0.389966555183947 -183.345681511027 -733.382726044107
0.390635451505017 -183.031733426297 -732.126933705187
0.391304347826087 -182.718858668309 -730.875434673235
0.391973244147157 -182.407051742264 -729.628206969057
0.392642140468227 -182.096307190735 -728.385228762939
0.393311036789298 -181.78661959351 -727.146478374038
0.393979933110368 -181.477983567046 -725.911934268182
0.394648829431438 -181.170393764474 -724.681575057897
0.395317725752508 -180.863844874871 -723.455379499482
0.395986622073579 -180.558331623425 -722.233326493698
0.396655518394649 -180.253848770826 -721.015395083303
0.397324414715719 -179.950391112953 -719.801564451812
0.397993311036789 -179.647953480887 -718.591813923549
0.39866220735786 -179.346530740252 -717.386122961007
0.39933110367893 -179.046117790915 -716.184471163661
0.4 -178.746709567225 -714.986838268899
0.40066889632107 -178.448301037146 -713.793204148585
0.40133779264214 -178.150887202062 -712.603548808249
0.402006688963211 -177.854463096963 -711.417852387851
0.402675585284281 -177.559023789511 -710.236095158046
0.403344481605351 -177.264564380278 -709.058257521111
0.404013377926421 -176.971080002176 -707.884320008705
0.404682274247492 -176.678565820432 -706.714263281728
0.405351170568562 -176.387017032009 -705.548068128036
0.406020066889632 -176.096428865525 -704.385715462098
0.406688963210702 -175.80679658127 -703.22718632508
0.407357859531773 -175.518115470352 -702.072461881406
0.408026755852843 -175.230380854869 -700.921523419477
0.408695652173913 -174.943588087557 -699.774352350226
0.409364548494983 -174.657732551485 -698.630930205939
0.410033444816054 -174.37280965998 -697.491238639919
0.410702341137124 -174.088814855941 -696.355259423763
0.411371237458194 -173.805743612348 -695.222974449394
0.412040133779264 -173.523591431136 -694.094365724543
0.412709030100334 -173.242353843779 -692.969415375117
0.413377926421405 -172.962026410451 -691.848105641806
0.414046822742475 -172.682604720048 -690.730418880194
0.414715719063545 -172.404084389807 -689.616337559226
0.415384615384615 -172.126461065616 -688.505844262465
0.416053511705686 -171.849730420787 -687.398921683148
0.416722408026756 -171.5738881569 -686.2955526276
0.417391304347826 -171.298930002899 -685.195720011597
0.418060200668896 -171.024851714881 -684.099406859522
0.418729096989967 -170.751649076403 -683.006596305611
0.419397993311037 -170.479317897723 -681.917271590892
0.420066889632107 -170.207854015796 -680.831416063184
0.420735785953177 -169.937253293964 -679.749013175855
0.421404682274247 -169.667511622124 -678.670046488498
0.422073578595318 -169.398624916011 -677.594499664042
0.422742474916388 -169.130589117103 -676.522356468413
0.423411371237458 -168.863400192719 -675.453600770877
0.424080267558528 -168.59705413564 -674.388216542558
0.424749163879599 -168.3315469639 -673.3261878556
0.425418060200669 -168.066874720237 -672.267498880947
0.426086956521739 -167.803033472667 -671.21213389067
0.426755852842809 -167.540019313644 -670.160077254574
0.42742474916388 -167.27782836023 -669.111313440921
0.42809364548495 -167.016456753346 -668.065827013385
0.42876254180602 -166.755900658609 -667.023602634438
0.42943143812709 -166.496156265136 -665.984625060544
0.430100334448161 -166.237219785752 -664.94887914301
0.430769230769231 -165.979087456965 -663.916349827858
0.431438127090301 -165.721755538452 -662.887022153809
0.432107023411371 -165.465220313192 -661.860881252768
0.432775919732441 -165.209478087106 -660.837912348422
0.433444816053512 -164.954525188849 -659.818100755397
0.434113712374582 -164.70035796978 -658.801431879121
0.434782608695652 -164.446972803665 -657.787891214661
0.435451505016722 -164.19436608659 -656.777464346361
0.436120401337793 -163.94253423678 -655.770136947119
0.436789297658863 -163.691473694342 -654.765894777369
0.437458193979933 -163.441180921139 -653.764723684554
0.438127090301003 -163.191652400701 -652.766609602804
0.438795986622074 -162.942884637894 -651.771538551575
0.439464882943144 -162.694874159092 -650.779496636367
0.440133779264214 -162.447617511423 -649.790470045694
0.440802675585284 -162.201111263358 -648.804445053432
0.441471571906355 -161.955352003889 -647.821408015556
0.442140468227425 -161.710336342748 -646.841345370991
0.442809364548495 -161.466060910282 -645.864243641129
0.443478260869565 -161.222522356959 -644.890089427835
0.444147157190635 -160.979717353393 -643.918869413571
0.444816053511706 -160.737642590513 -642.95057036205
0.445484949832776 -160.496294778795 -641.985179115179
0.446153846153846 -160.255670648822 -641.022682595287
0.446822742474916 -160.01576695019 -640.063067800762
0.447491638795987 -159.776580452604 -639.106321810416
0.448160535117057 -159.538107944506 -638.152431778025
0.448829431438127 -159.300346233677 -637.201384934708
0.449498327759197 -159.063292147096 -636.253168588384
0.450167224080268 -158.826942530315 -635.307770121259
0.450836120401338 -158.591294247625 -634.3651769905
0.451505016722408 -158.356344182107 -633.425376728429
0.452173913043478 -158.122089235135 -632.488356940541
0.452842809364549 -157.888526326402 -631.55410530561
0.453511705685619 -157.655652393749 -630.622609574997
0.454180602006689 -157.42346439329 -629.69385757316
0.454849498327759 -157.191959298567 -628.767837194269
0.455518394648829 -156.961134101374 -627.844536405496
0.4561872909699 -156.730985810974 -626.923943243896
0.45685618729097 -156.501511454055 -626.006045816219
0.45752508361204 -156.272708074772 -625.090832299087
0.45819397993311 -156.044572734536 -624.178290938146
0.458862876254181 -155.817102511866 -623.268410047464
0.459531772575251 -155.590294502492 -622.361178009966
0.460200668896321 -155.364145818677 -621.456583274708
0.460869565217391 -155.138653589601 -620.554614358402
0.461538461538462 -154.913814961273 -619.65525984509
0.462207357859532 -154.689627095959 -618.758508383836
0.462876254180602 -154.466087172417 -617.864348689669
0.463545150501672 -154.243192385767 -616.972769543068
0.464214046822742 -154.020939947237 -616.083759788947
0.464882943143813 -153.799327084065 -615.197308336259
0.465551839464883 -153.578351039385 -614.313404157541
0.466220735785953 -153.358009072399 -613.432036289594
0.466889632107023 -153.13829845769 -612.55319383076
0.467558528428094 -152.919216485677 -611.676865942709
0.468227424749164 -152.700760462207 -610.803041848826
0.468896321070234 -152.482927708339 -609.931710833357
0.469565217391304 -152.265715560608 -609.062862242432
0.470234113712375 -152.049121370719 -608.196485482875
0.470903010033445 -151.833142505147 -607.332570020589
0.471571906354515 -151.617776345584 -606.471105382337
0.472240802675585 -151.403020288513 -605.612081154051
0.472909698996656 -151.188871744951 -604.755486979803
0.473578595317726 -150.975328140835 -603.901312563339
0.474247491638796 -150.762386916447 -603.049547665787
0.474916387959866 -150.550045526391 -602.200182105566
0.475585284280936 -150.338301439937 -601.353205759748
0.476254180602007 -150.127152140209 -600.508608560835
0.476923076923077 -149.916595124569 -599.666380498275
0.477591973244147 -149.706627904514 -598.826511618056
0.478260869565217 -149.497248005352 -597.988992021409
0.478929765886288 -149.288452966249 -597.153811864997
0.479598662207358 -149.080240340099 -596.320961360398
0.480267558528428 -148.872607693427 -595.490430773708
0.480936454849498 -148.665552606273 -594.662210425091
0.481605351170569 -148.45907267211 -593.836290688441
0.482274247491639 -148.253165497884 -593.012661991536
0.482943143812709 -148.047828703569 -592.191314814277
0.483612040133779 -147.843059922527 -591.372239690108
0.484280936454849 -147.638856801168 -590.555427204674
0.48494983277592 -147.435216998658 -589.740867994631
0.48561872909699 -147.232138187459 -588.928552749836
0.48628762541806 -147.029618052346 -588.118472209383
0.48695652173913 -146.82765429135 -587.310617165399
0.487625418060201 -146.626244614787 -586.504978459149
0.488294314381271 -146.425386745388 -585.701546981553
0.488963210702341 -146.225078418885 -584.900313675542
0.489632107023411 -146.025317382726 -584.101269530904
0.490301003344482 -145.826101397317 -583.304405589267
0.490969899665552 -145.627428234671 -582.509712938683
0.491638795986622 -145.429295679257 -581.717182717028
0.492307692307692 -145.231701527611 -580.926806110445
0.492976588628763 -145.034643587985 -580.138574351939
0.493645484949833 -144.838119680696 -579.352478722785
0.494314381270903 -144.64212763784 -578.568510551359
0.494983277591973 -144.446665303244 -577.786661212975
0.495652173913044 -144.251730532323 -577.006922129294
0.496321070234114 -144.057321191973 -576.229284767892
0.496989966555184 -143.863435160821 -575.453740643282
0.497658862876254 -143.670070328583 -574.680281314331
0.498327759197324 -143.477224596651 -573.908898386604
0.498996655518395 -143.28489587742 -573.13958350968
0.499665551839465 -143.093082094551 -572.372328378204
