0.000274223034734918 -0 -0
0.000822669104204753 -0.0944922610359337 -0.0944922610359337
0.00137111517367459 -0.39681700398404 -0.39681700398404
0.00191956124314442 -0.890650544751187 -0.890650544751187
0.00246800731261426 -1.57400155719832 -1.57400155719832
0.00301645338208409 -2.44612057001262 -2.44612057001262
0.00356489945155393 -3.50649308323985 -3.50649308323985
0.00411334552102377 -4.75463827998918 -4.75463827998918
0.0046617915904936 -6.19004991927019 -6.19004991927019
0.00521023765996344 -7.81217466081851 -7.81217466081851
0.00575868372943327 -9.62040288074206 -9.62040288074206
0.00630712979890311 -11.6140643886712 -11.6140643886712
0.00685557586837294 -13.7924263128926 -13.7924263128926
0.00740402193784278 -16.154692039807 -16.154692039807
0.00795246800731261 -18.7000007099061 -18.7000007099061
0.00850091407678245 -21.4274270270146 -21.4274270270146
0.00904936014625228 -24.3359812581866 -24.3359812581866
0.00959780621572212 -27.4246093541926 -27.4246093541926
0.010146252285192 -30.6921931554091 -30.6921931554091
0.0106946983546618 -34.1375506568893 -34.1375506568893
0.0112431444241316 -37.7594363215769 -37.7594363215769
0.0117915904936015 -41.5565414312984 -41.5565414312984
0.0123400365630713 -45.5274944704547 -45.5274944704547
0.0128884826325411 -49.6708615382673 -49.6708615382673
0.013436928702011 -53.9851467870389 -53.9851467870389
0.0139853747714808 -58.4687928851855 -58.4687928851855
0.0145338208409506 -63.120181502707 -63.120181502707
0.0150822669104205 -67.9376338186306 -67.9376338186306
0.0156307129798903 -72.9194110501164 -72.9194110501164
0.0161791590493601 -78.0637150015136 -78.0637150015136
0.01672760511883 -83.3686886338873 -83.3686886338873
0.0172760511882998 -88.8324166539267 -88.8324166539267
0.0178244972577696 -94.4529261224935 -94.4529261224935
0.0183729433272395 -100.22818708193 -100.22818708193
0.0189213893967093 -106.156113201662 -106.156113201662
0.0194698354661791 -112.234562443025 -112.234562443025
0.020018281535649 -118.461337741556 -118.461337741556
0.0205667276051188 -124.834187706854 -124.834187706854
0.0211151736745886 -131.350807341353 -131.350807341353
0.0216636197440585 -138.008838774543 -138.008838774543
0.0222120658135283 -144.805872016149 -144.805872016149
0.0227605118829981 -151.739445724454 -151.739445724454
0.023308957952468 -158.807047992698 -158.807047992698
0.0238574040219378 -166.006117150818 -166.006117150818
0.0244058500914076 -173.334042583157 -173.334042583157
0.0249542961608775 -180.788165562901 -180.788165562901
0.0255027422303473 -188.365780101346 -188.365780101346
0.0260511882998171 -196.064133812236 -196.064133812236
0.026599634369287 -203.880428791814 -203.880428791814
0.0271480804387568 -211.81182251296 -211.81182251296
0.0276965265082267 -219.855428734153 -219.855428734153
0.0282449725776965 -228.008318422428 -228.008318422428
0.0287934186471663 -236.267520689956 -236.267520689956
0.0293418647166362 -244.630023744726 -244.630023744726
0.029890310786106 -253.092775854024 -253.092775854024
0.0304387568555758 -261.652686321383 -261.652686321383
0.0309872029250457 -270.306626475511 -270.306626475511
0.0315356489945155 -279.051430672169 -279.051430672169
0.0320840950639853 -287.883897308072 -287.883897308072
0.0326325411334552 -296.800789846194 -296.800789846194
0.033180987202925 -305.798837852886 -305.798837852886
0.0337294332723948 -314.874738045566 -314.874738045566
0.0342778793418647 -324.025155351969 -324.025155351969
0.0348263254113345 -333.246723979025 -333.246723979025
0.0353747714808043 -342.536048492482 -342.536048492482
0.0359232175502742 -351.889704906253 -351.889704906253
0.036471663619744 -361.30424178064 -361.30424178064
0.0370201096892138 -370.776181330182 -370.776181330182
0.0375685557586837 -380.302020540434 -380.302020540434
0.0381170018281535 -389.878232292761 -389.878232292761
0.0386654478976233 -399.501266497332 -399.501266497332
0.0392138939670932 -409.167551233883 -409.167551233883
0.039762340036563 -418.873493899992 -418.873493899992
0.0403107861060328 -428.61548236563 -428.61548236563
0.0408592321755027 -438.389886135945 -438.389886135945
0.0414076782449725 -448.193057518562 -448.193057518562
0.0419561243144423 -458.021332797875 -458.021332797875
0.0425045703839122 -467.87103341462 -467.87103341462
0.043053016453382 -477.738467151056 -477.738467151056
0.0436014625228518 -487.619929320231 -487.619929320231
0.0441499085923217 -497.511703960121 -497.511703960121
0.0446983546617915 -507.410065032334 -507.410065032334
0.0452468007312613 -517.31127762376 -517.31127762376
0.0457952468007312 -527.211599151752 -527.211599151752
0.046343692870201 -537.107280573089 -537.107280573089
0.0468921389396708 -546.994567594331 -546.994567594331
0.0474405850091407 -556.869701885345 -556.869701885345
0.0479890310786105 -566.728922294432 -566.728922294432
0.0485374771480803 -576.568466064649 -576.568466064649
0.0490859232175502 -586.384570051884 -586.384570051884
0.04963436928702 -596.173471942742 -596.173471942742
0.0501828153564898 -605.931411473806 -605.931411473806
0.0507312614259597 -615.654631649939 -615.654631649939
0.0512797074954295 -625.339379963184 -625.339379963184
0.0518281535648993 -634.981909609767 -634.981909609767
0.0523765996343692 -644.578480706719 -644.578480706719
0.052925045703839 -654.125361506962 -654.125361506962
0.0534734917733088 -663.618829612096 -663.618829612096
0.0540219378427787 -673.055173183076 -673.055173183076
0.0545703839122485 -682.430692148189 -682.430692148189
0.0551188299817183 -691.74169940828 -691.74169940828
0.0556672760511882 -700.984522037942 -700.984522037942
0.056215722120658 -710.15550248344 -710.15550248344
0.0567641681901278 -719.250999756541 -719.250999756541
0.0573126142595977 -728.267390623468 -728.267390623468
0.0578610603290675 -737.201070788938 -737.201070788938
0.0584095063985373 -746.048456075222 -746.048456075222
0.0589579524680072 -754.805983595605 -754.805983595605
0.059506398537477 -763.470112921272 -763.470112921272
0.0600548446069468 -772.037327242381 -772.037327242381
0.0606032906764167 -780.504134522459 -780.504134522459
0.0611517367458865 -788.867068645382 -788.867068645382
0.0617001828153563 -797.122690554791 -797.122690554791
0.0622486288848262 -805.267589386254 -805.267589386254
0.062797074954296 -813.298383590873 -813.298383590873
0.0633455210237659 -821.211722050554 -821.211722050554
0.0638939670932357 -829.004285184205 -829.004285184205
0.0644424131627055 -836.672786044808 -836.672786044808
0.0649908592321754 -844.21397140733 -844.21397140733
0.0655393053016452 -851.624622846464 -851.624622846464
0.0660877513711151 -858.90155780376 -858.90155780376
0.0666361974405849 -866.041630644636 -866.041630644636
0.0671846435100547 -873.041733704883 -873.041733704883
0.0677330895795246 -879.898798325187 -879.898798325187
0.0682815356489944 -886.609795874207 -886.609795874207
0.0688299817184643 -893.171738760872 -893.171738760872
0.0693784277879341 -899.581681432578 -899.581681432578
0.069926873857404 -905.836721363077 -905.836721363077
0.0704753199268738 -911.934000025596 -911.934000025596
0.0710237659963436 -917.870703854241 -917.870703854241
0.0715722120658135 -923.644065191415 -923.644065191415
0.0721206581352833 -929.251363221394 -929.251363221394
0.0726691042047531 -934.689924890532 -934.689924890532
0.073217550274223 -939.957125812341 -939.957125812341
0.0737659963436928 -945.050391158572 -945.050391158572
0.0743144424131627 -949.967196535377 -949.967196535377
0.0748628884826325 -954.705068844121 -954.705068844121
0.0754113345521024 -959.261587127183 -959.261587127183
0.0759597806215722 -963.634383397414 -963.634383397414
0.076508226691042 -967.821143452426 -967.821143452426
0.0770566727605119 -971.819607672185 -971.819607672185
0.0776051188299817 -975.627571799974 -975.627571799974
0.0781535648994515 -979.242887707755 -979.242887707755
0.0787020109689214 -982.663464143083 -982.663464143083
0.0792504570383912 -985.887267460111 -985.887267460111
0.0797989031078611 -988.912322332042 -988.912322332042
0.0803473491773309 -991.736712447466 -991.736712447466
0.0808957952468008 -994.358581187104 -994.358581187104
0.0814442413162706 -996.776132283405 -996.776132283405
0.0819926873857404 -998.987630462464 -998.987630462464
0.0825411334552103 -1000.99140206584 -1000.99140206584
0.0830895795246801 -1002.78583565533 -1002.78583565533
0.08363802559415 -1004.36938259739 -1004.36938259739
0.0841864716636198 -1005.7405576297 -1005.7405576297
0.0847349177330896 -1006.89793940775 -1006.89793940775
0.0852833638025595 -1007.84017103221 -1007.84017103221
0.0858318098720293 -1008.56596055685 -1008.56596055685
0.0863802559414992 -1009.07408147624 -1009.07408147624
0.086928702010969 -1009.36337319378 -1009.36337319378
0.0874771480804389 -1009.4327414698 -1009.4327414698
0.0880255941499087 -1009.2811588492 -1009.2811588492
0.0885740402193785 -1008.90766506882 -1008.90766506882
0.0891224862888484 -1008.31136744415 -1008.31136744415
0.0896709323583182 -1007.49144123544 -1007.49144123544
0.090219378427788 -1006.44712999346 -1006.44712999346
0.0907678244972579 -1005.17774588335 -1005.17774588335
0.0913162705667277 -1003.6826699887 -1003.6826699887
0.0918647166361976 -1001.9613525936 -1001.9613525936
0.0924131627056674 -1000.01331344457 -1000.01331344457
0.0929616087751373 -997.838141989465 -997.838141989465
0.0935100548446071 -995.43549759691 -995.43549759691
0.0940585009140769 -992.805109752788 -992.805109752788
0.0946069469835468 -989.946778236341 -989.946778236341
0.0951553930530166 -986.860373273877 -986.860373273877
0.0957038391224865 -983.545835671534 -983.545835671534
0.0962522851919563 -980.003176925456 -980.003176925456
0.0968007312614261 -976.232479310823 -976.232479310823
0.097349177330896 -972.233895949586 -972.233895949586
0.0978976234003658 -968.007650855081 -968.007650855081
0.0984460694698357 -963.554038955921 -963.554038955921
0.0989945155393055 -958.87342609776 -958.87342609776
0.0995429616087753 -953.966249022768 -953.966249022768
0.100091407678245 -948.833015327813 -948.833015327813
0.100639853747715 -943.474303400355 -943.474303400355
0.101188299817185 -937.890762332839 -937.890762332839
0.101736745886655 -932.083111814588 -932.083111814588
0.102285191956125 -926.052142003238 -926.052142003238
0.102833638025594 -919.798713372377 -919.798713372377
0.103382084095064 -913.323756538979 -913.323756538979
0.103930530164534 -906.628272069015 -906.628272069015
0.104478976234004 -899.713330260167 -899.713330260167
0.105027422303474 -892.580070904376 -892.580070904376
0.105575868372944 -885.229703028161 -885.229703028161
0.106124314442413 -877.663504611276 -877.663504611276
0.106672760511883 -869.88282228438 -869.88282228438
0.107221206581353 -861.889071004731 -861.889071004731
0.107769652650823 -853.683733711829 -853.683733711829
0.108318098720293 -845.268360960463 -845.268360960463
0.108866544789763 -836.644570533441 -836.644570533441
0.109414990859232 -827.814047033804 -827.814047033804
0.109963436928702 -818.778541454802 -818.778541454802
0.110511882998172 -809.539870731116 -809.539870731116
0.111060329067642 -800.099917267531 -800.099917267531
0.111608775137112 -790.460628448443 -790.460628448443
0.112157221206582 -780.624016126731 -780.624016126731
0.112705667276052 -770.592156091963 -770.592156091963
0.113254113345521 -760.367187519467 -760.367187519467
0.113802559414991 -749.951312398428 -749.951312398428
0.114351005484461 -739.346794941521 -739.346794941521
0.114899451553931 -728.555960973779 -728.555960973779
0.115447897623401 -717.581197303567 -717.581197303567
0.115996343692871 -706.424951072375 -706.424951072375
0.11654478976234 -695.089729087395 -695.089729087395
0.11709323583181 -683.578097134878 -683.578097134878
0.11764168190128 -671.89267927395 -671.89267927395
0.11819012797075 -660.036157113437 -660.036157113437
0.11873857404022 -648.011269069194 -648.011269069194
0.11928702010969 -635.820809604656 -635.820809604656
0.119835466179159 -623.467628452463 -623.467628452463
0.120383912248629 -610.954629819409 -610.954629819409
0.120932358318099 -598.28477157412 -598.28477157412
0.121480804387569 -585.461064416712 -585.461064416712
0.122029250457039 -572.486571033156 -572.486571033156
0.122577696526509 -559.364405231448 -559.364405231448
0.123126142595978 -546.097731062813 -546.097731062813
0.123674588665448 -532.689761925952 -532.689761925952
0.124223034734918 -519.143759655804 -519.143759655804
0.124771480804388 -505.463033597324 -505.463033597324
0.125319926873858 -491.650939662942 -491.650939662942
0.125868372943328 -477.710879375768 -477.710879375768
0.126416819012797 -463.646298898027 -463.646298898027
0.126965265082267 -449.460688045091 -449.460688045091
0.127513711151737 -435.157579285153 -435.157579285153
0.128062157221207 -420.740546725015 -420.740546725015
0.128610603290677 -406.213205083226 -406.213205083226
0.129159049360147 -391.579208648824 -391.579208648824
0.129707495429616 -376.842250227993 -376.842250227993
0.130255941499086 -362.00606007756 -362.00606007756
0.130804387568556 -347.074404826629 -347.074404826629
0.131352833638026 -332.051086386497 -332.051086386497
0.131901279707496 -316.939940847776 -316.939940847776
0.132449725776966 -301.744837367767 -301.744837367767
0.132998171846435 -286.469677045658 -286.469677045658
0.133546617915905 -271.118391787618 -271.118391787618
0.134095063985375 -255.694943161472 -255.694943161472
0.134643510054845 -240.203321241377 -240.203321241377
0.135191956124315 -224.647543443014 -224.647543443014
0.135740402193785 -209.031653349345 -209.031653349345
0.136288848263254 -193.359719527564 -193.359719527564
0.136837294332724 -177.63583433724 -177.63583433724
0.137385740402194 -161.864112730781 -161.864112730781
0.137934186471664 -146.048691045464 -146.048691045464
0.138482632541134 -130.193725788044 -130.193725788044
0.139031078610603 -114.303392412942 -114.303392412942
0.139579524680073 -98.3818840927086 -98.3818840927086
0.140127970749543 -82.4334104824294 -82.4334104824294
0.140676416819013 -66.4621964785791 -66.4621964785791
0.141224862888483 -50.4724809715057 -50.4724809715057
0.141773308957953 -34.4685155931976 -34.4685155931976
0.142321755027422 -18.4545634595057 -18.4545634595057
0.142870201096892 -2.43489790858225 -2.43489790858225
0.143418647166362 13.5861987652916 13.5861987652916
0.143967093235832 29.6044365815069 29.6044365815069
0.144515539305302 45.6155191461404 45.6155191461404
0.145063985374772 61.6151449284398 61.6151449284398
0.145612431444241 77.5990085396939 77.5990085396939
0.146160877513711 93.5628020143818 93.5628020143818
0.146709323583181 109.502216092515 109.502216092515
0.147257769652651 125.412941504827 125.412941504827
0.147806215722121 141.290670257504 141.290670257504
0.148354661791591 157.131096918872 157.131096918872
0.14890310786106 172.929919905633 172.929919905633
0.14945155393053 188.682842769241 188.682842769241
0.15 204.38557548162 204.38557548162
0.15054844606947 220.033835720918 220.033835720918
0.15109689213894 235.623350154373 235.623350154373
0.15164533820841 251.149855720806 251.149855720806
0.152193784277879 266.609100911099 266.609100911099
0.152742230347349 281.996847045199 281.996847045199
0.153290676416819 297.308869547774 297.308869547774
0.153839122486289 312.540959219464 312.540959219464
0.154387568555759 327.688923505283 327.688923505283
0.154936014625228 342.748587758511 342.748587758511
0.155484460694698 357.715796500859 357.715796500859
0.156032906764168 372.586414677495 372.586414677495
0.156581352833638 387.356328906897 387.356328906897
0.157129798903108 402.021448725778 402.021448725778
0.157678244972578 416.577707827429 416.577707827429
0.158226691042047 431.021065294626 431.021065294626
0.158775137111517 445.347506825064 445.347506825064
0.159323583180987 459.553045950431 459.553045950431
0.159872029250457 473.633725247955 473.633725247955
0.160420475319927 487.585617543824 487.585617543824
0.160968921389397 501.404827109656 501.404827109656
0.161517367458866 515.08749084897 515.08749084897
0.162065813528336 528.629779476348 528.629779476348
0.162614259597806 542.027898686185 542.027898686185
0.163162705667276 555.278090312625 555.278090312625
0.163711151736746 568.376633479341 568.376633479341
0.164259597806216 581.319845739158 581.319845739158
0.164808043875685 594.104084203365 594.104084203365
0.165356489945155 606.72574665957 606.72574665957
0.165904936014625 619.181272678366 619.181272678366
0.166453382084095 631.467144709115 631.467144709115
0.167001828153565 643.579889162767 643.579889162767
0.167550274223034 655.516077482878 655.516077482878
0.168098720292504 667.272327204177 667.272327204177
0.168647166361974 678.845302997775 678.845302997775
0.169195612431444 690.23171770382 690.23171770382
0.169744058500914 701.428333349552 701.428333349552
0.170292504570384 712.431962154908 712.431962154908
0.170840950639853 723.239467521812 723.239467521812
0.171389396709323 733.84776501144 733.84776501144
0.171937842778793 744.253823304793 744.253823304793
0.172486288848263 754.454665148924 754.454665148924
0.173034734917733 764.447368287921 764.447368287921
0.173583180987203 774.229066377832 774.229066377832
0.174131627056672 783.796949886038 783.796949886038
0.174680073126142 793.148266973476 793.148266973476
0.175228519195612 802.280324361935 802.280324361935
0.175776965265082 811.190488182802 811.190488182802
0.176325411334552 819.876184810054 819.876184810054
0.176873857404022 828.334901675419 828.334901675419
0.177422303473491 836.564188066024 836.564188066024
0.177970749542961 844.561655904275 844.561655904275
0.178519195612431 852.324980509528 852.324980509528
0.179067641681901 859.851901341855 859.851901341855
0.179616087751371 867.140222726561 867.140222726561
0.180164533820841 874.187814561046 874.187814561046
0.18071297989031 880.992613001601 880.992613001601
0.18126142595978 887.552621131555 887.552621131555
0.18180987202925 893.865909610242 893.865909610242
0.18235831809872 899.930617301713 899.930617301713
0.18290676416819 905.744951884058 905.744951884058
0.183455210237659 911.307190438782 911.307190438782
0.184003656307129 916.615680019711 916.615680019711
0.184552102376599 921.668838201735 921.668838201735
0.185100548446069 926.465153609138 926.465153609138
0.185648994515539 931.003186422832 931.003186422832
0.186197440585009 935.281568867128 935.281568867128
0.186745886654478 939.299005674783 939.299005674783
0.187294332723948 943.054274531948 943.054274531948
0.187842778793418 946.546226500731 946.546226500731
0.188391224862888 949.77378642107 949.77378642107
0.188939670932358 952.735953290444 952.735953290444
0.189488117001828 955.431800622216 955.431800622216
0.190036563071297 957.860476781911 957.860476781911
0.190585009140767 960.021205301675 960.021205301675
0.191133455210237 961.913285172809 961.913285172809
0.191681901279707 963.536091115452 963.536091115452
0.192230347349177 964.889073827227 964.889073827227
0.192778793418647 965.971760207989 965.971760207989
0.193327239488116 966.783753563856 966.783753563856
0.193875685557586 967.32473378744 967.32473378744
0.194424131627056 967.594457515909 967.594457515909
0.194972577696526 967.592758266657 967.592758266657
0.195521023765996 967.319546549965 967.319546549965
0.196069469835465 966.774809959171 966.774809959171
0.196617915904935 965.958613238094 965.958613238094
0.197166361974405 964.871098325647 964.871098325647
0.197714808043875 963.512484377299 963.512484377299
0.198263254113345 961.883067764237 961.883067764237
0.198811700182815 959.983222049175 959.983222049175
0.199360146252284 957.813397939758 957.813397939758
0.199908592321754 955.374123218759 955.374123218759
0.200457038391224 952.666002651786 952.666002651786
0.201005484460694 949.689717871719 949.689717871719
0.201553930530164 946.446027240804 946.446027240804
0.202102376599634 942.935765689704 942.935765689704
0.202650822669103 939.159844533623 939.159844533623
0.203199268738573 935.119251266165 935.119251266165
0.203747714808043 930.815049330326 930.815049330326
0.204296160877513 926.2483778669 926.2483778669
0.204844606946983 921.420451440237 921.420451440237
0.205393053016453 916.332559741918 916.332559741918
0.205941499085922 910.986067271691 910.986067271691
0.206489945155392 905.382412996011 905.382412996011
0.207038391224862 899.523109984768 899.523109984768
0.207586837294332 893.409745025624 893.409745025624
0.208135283363802 887.043978216535 887.043978216535
0.208683729433272 880.427542535937 880.427542535937
0.209232175502741 873.562243392052 873.562243392052
0.209780621572211 866.449958149174 866.449958149174
0.210329067641681 859.092635633754 859.092635633754
0.210877513711151 851.492295618359 851.492295618359
0.211425959780621 843.651028284317 843.651028284317
0.21197440585009 835.570993663758 835.570993663758
0.21252285191956 827.25442106023 827.25442106023
0.21307129798903 818.703608449074 818.703608449074
0.2136197440585 809.920921856224 809.920921856224
0.21416819012797 800.908794717635 800.908794717635
0.21471663619744 791.669727217616 791.669727217616
0.215265082266909 782.206285607729 782.206285607729
0.215813528336379 772.521101505116 772.521101505116
0.216361974405849 762.61687117207 762.61687117207
0.216910420475319 752.496354774868 752.496354774868
0.217458866544789 742.162375624523 742.162375624523
0.218007312614259 731.617819397799 731.617819397799
0.218555758683728 720.865633339449 720.865633339449
0.219104204753198 709.908825445921 709.908825445921
0.219652650822668 698.750463630961 698.750463630961
0.220201096892138 687.393674872465 687.393674872465
0.220749542961608 675.841644342125 675.841644342125
0.221297989031078 664.097614516784 664.097614516784
0.221846435100547 652.164884273041 652.164884273041
0.222394881170017 640.046807963893 640.046807963893
0.222943327239487 627.746794479291 627.746794479291
0.223491773308957 615.268306289924 615.268306289924
0.224040219378427 602.6148584742 602.6148584742
0.224588665447896 589.790017729788 589.790017729788
0.225137111517366 576.797401369256 576.797401369256
0.225685557586836 563.640676299735 563.640676299735
0.226234003656306 550.323557988242 550.323557988242
0.226782449725776 536.849809411293 536.849809411293
0.227330895795246 523.223239991096 523.223239991096
0.227879341864715 509.447704515782 509.447704515782
0.228427787934185 495.527102047354 495.527102047354
0.228976234003655 481.465374815129 481.465374815129
0.229524680073125 467.266507095961 467.266507095961
0.230073126142595 452.934524081666 452.934524081666
0.230621572212065 438.473490733698 438.473490733698
0.231170018281534 423.887510625441 423.887510625441
0.231718464351004 409.180724772632 409.180724772632
0.232266910420474 394.357310452332 394.357310452332
0.232815356489944 379.42148001003 379.42148001003
0.233363802559414 364.377479656173 364.377479656173
0.233912248628884 349.229588252183 349.229588252183
0.234460694698353 333.982116086408 333.982116086408
0.235009140767823 318.639403639099 318.639403639099
0.235557586837293 303.2058203393 303.2058203393
0.236106032906763 287.685763311778 287.685763311778
0.236654478976233 272.083656115264 272.083656115264
0.237202925045703 256.403947472335 256.403947472335
0.237751371115172 240.65110999117 240.65110999117
0.238299817184642 224.829638879888 224.829638879888
0.238848263254112 208.944050652966 208.944050652966
0.239396709323582 192.998881831638 192.998881831638
0.239945155393052 176.99868763678 176.99868763678
0.240493601462521 160.948040676671 160.948040676671
0.241042047531991 144.85152962796 144.85152962796
0.241590493601461 128.713757911815 128.713757911815
0.242138939670931 112.539342365508 112.539342365508
0.242687385740401 96.3329119077382 96.3329119077382
0.243235831809871 80.0991062021338 80.0991062021338
0.24378427787934 63.8425743150031 63.8425743150031
0.24433272394881 47.5679733704963 47.5679733704963
0.24488117001828 31.2799672023977 31.2799672023977
0.24542961608775 14.9832250039488 14.9832250039488
0.24597806215722 -1.31758002543819 -1.31758002543819
0.24652650822669 -17.617772034762 -17.617772034762
0.247074954296159 -33.9126738776721 -33.9126738776721
0.247623400365629 -50.1976084692797 -50.1976084692797
0.248171846435099 -66.4679001443659 -66.4679001443659
0.248720292504569 -82.7188760151776 -82.7188760151776
0.249268738574039 -98.9458673292735 -98.9458673292735
0.249817184643509 -115.14421082706 -115.14421082706
0.250365630712978 -131.309250097771 -131.309250097771
0.250914076782448 -147.436336934519 -147.436336934519
0.251462522851918 -163.520832687372 -163.520832687372
0.252010968921388 -179.558109614824 -179.558109614824
0.252559414990858 -195.543552231438 -195.543552231438
0.253107861060328 -211.472558653611 -211.472558653611
0.253656307129797 -227.34054194183 -227.34054194183
0.254204753199267 -243.142931438561 -243.142931438561
0.254753199268737 -258.875174102621 -258.875174102621
0.255301645338207 -274.532735838837 -274.532735838837
0.255850091407677 -290.111102821944 -290.111102821944
0.256398537477147 -305.605782816605 -305.605782816605
0.256946983546617 -321.01230649043 -321.01230649043
0.257495429616087 -336.326228721659 -336.326228721659
0.258043875685556 -351.543129899484 -351.543129899484
0.258592321755026 -366.658617218262 -366.658617218262
0.259140767824496 -381.668325964362 -381.668325964362
0.259689213893966 -396.567920794567 -396.567920794567
0.260237659963436 -411.353097007174 -411.353097007174
0.260786106032906 -426.019581804639 -426.019581804639
0.261334552102375 -440.563135546697 -440.563135546697
0.261882998171845 -454.979552995434 -454.979552995434
0.262431444241315 -469.264664549753 -469.264664549753
0.262979890310785 -483.414337470293 -483.414337470293
0.263528336380255 -497.424477094092 -497.424477094092
0.264076782449725 -511.291028038935 -511.291028038935
0.264625228519195 -525.009975395939 -525.009975395939
0.265173674588664 -538.57734591105 -538.57734591105
0.265722120658134 -551.989209155449 -551.989209155449
0.266270566727604 -565.241678683258 -565.241678683258
0.266819012797074 -578.330913176348 -578.330913176348
0.267367458866544 -591.253117577744 -591.253117577744
0.267915904936014 -604.004544210567 -604.004544210567
0.268464351005484 -616.5814938846 -616.5814938846
0.269012797074953 -628.980316988179 -628.980316988179
0.269561243144423 -641.197414566717 -641.197414566717
0.270109689213893 -653.229239386517 -653.229239386517
0.270658135283363 -665.072296983594 -665.072296983594
0.271206581352833 -676.723146698002 -676.723146698002
0.271755027422303 -688.17840269219 -688.17840269219
0.272303473491773 -699.434734954283 -699.434734954283
0.272851919561242 -710.488870284773 -710.488870284773
0.273400365630712 -721.337593267779 -721.337593267779
0.273948811700182 -731.977747224723 -731.977747224723
0.274497257769652 -742.406235151647 -742.406235151647
0.275045703839122 -752.620020639986 -752.620020639986
0.275594149908592 -762.616128778899 -762.616128778899
0.276142595978062 -772.391647040237 -772.391647040237
0.276691042047531 -781.943726146306 -781.943726146306
0.277239488117001 -791.26958091825 -791.26958091825
0.277787934186471 -800.366491106865 -800.366491106865
0.278336380255941 -809.23180220403 -809.23180220403
0.278884826325411 -817.862926236267 -817.862926236267
0.279433272394881 -826.25734253735 -826.25734253735
0.27998171846435 -834.41259850326 -834.41259850326
0.28053016453382 -842.326310326293 -842.326310326293
0.28107861060329 -849.996163709589 -849.996163709589
0.28162705667276 -857.419914561962 -857.419914561962
0.28217550274223 -864.595389671798 -864.595389671798
0.2827239488117 -871.520487360638 -871.520487360638
0.28327239488117 -878.193178116393 -878.193178116393
0.28382084095064 -884.611505205 -884.611505205
0.284369287020109 -890.773585261717 -890.773585261717
0.284917733089579 -896.677608860237 -896.677608860237
0.285466179159049 -902.321841061114 -902.321841061114
0.286014625228519 -907.704621938185 -907.704621938185
0.286563071297989 -912.824367083101 -912.824367083101
0.287111517367459 -917.679568088474 -917.679568088474
0.287659963436928 -922.268793008052 -922.268793008052
0.288208409506398 -926.590686795555 -926.590686795555
0.288756855575868 -930.643971720339 -930.643971720339
0.289305301645338 -934.427447760932 -934.427447760932
0.289853747714808 -937.939992976139 -937.939992976139
0.290402193784278 -941.180563852867 -941.180563852867
0.290950639853748 -944.148195631624 -944.148195631624
0.291499085923217 -946.84200260864 -946.84200260864
0.292047531992687 -949.261178415348 -949.261178415348
0.292595978062157 -951.404996273865 -951.404996273865
0.293144424131627 -953.272809230504 -953.272809230504
0.293692870201097 -954.864050364875 -954.864050364875
0.294241316270567 -956.178232976086 -956.178232976086
0.294789762340037 -957.214950745877 -957.214950745877
0.295338208409506 -957.973877877089 -957.973877877089
0.295886654478976 -958.454769210005 -958.454769210005
0.296435100548446 -958.657460314024 -958.657460314024
0.296983546617916 -958.581867555964 -958.581867555964
0.297531992687386 -958.227988145456 -958.227988145456
0.298080438756856 -957.595900155465 -957.595900155465
0.298628884826326 -956.685762520377 -956.685762520377
0.299177330895795 -955.497815008787 -955.497815008787
0.29981651743418 -381.237746480529 -381.237746480529
0.300546444441479 -237.868510628712 -59.4671276571781
0.301276371448779 -237.292207053153 -59.3230517632882
0.302006298456078 -236.718689244268 -59.179672311067
0.302736225463377 -236.147937051855 -59.0369842629637
0.303466152470676 -235.579930519503 -58.8949826298757
0.304196079477976 -235.01464988222 -58.7536624705549
0.304926006485275 -234.452075564444 -58.6130188911111
0.305655933492574 -233.892188177596 -58.4730470443991
0.306385860499874 -233.334968517853 -58.3337421294633
0.307115787507173 -232.780397563856 -58.195099390964
0.307845714514472 -232.228456474721 -58.0571141186803
0.308575641521772 -231.679126587823 -57.9197816469558
0.309305568529071 -231.132389416807 -57.7830973542017
0.31003549553637 -230.588226649174 -57.6470566622935
0.310765422543669 -230.046620144765 -57.5116550361913
0.311495349550969 -229.50755193319 -57.3768879832976
0.312225276558268 -228.971004212347 -57.2427510530866
0.312955203565567 -228.436959346007 -57.1092398365018
0.313685130572867 -227.905399862184 -56.976349965546
0.314415057580166 -227.376308451104 -56.844077112776
0.315144984587465 -226.849667963496 -56.7124169908739
0.315874911594764 -226.325461408408 -56.5813653521019
0.316604838602064 -225.803671951769 -56.4509179879423
0.317334765609363 -225.284282914132 -56.3210707285329
0.318064692616662 -224.767277769383 -56.1918194423457
0.318794619623962 -224.252640142878 -56.0631600357195
0.319524546631261 -223.740353809221 -55.9350884523053
0.32025447363856 -223.230402691214 -55.8076006728034
0.320984400645859 -222.722770857868 -55.680692714467
0.321714327653159 -222.217442522733 -55.5543606306831
0.322444254660458 -221.714402042298 -55.4286005105744
0.323174181667757 -221.21363391428 -55.3034084785699
0.323904108675057 -220.715122776377 -55.1787806940942
0.324634035682356 -220.21885340436 -55.0547133510901
0.325363962689655 -219.724810710478 -54.9312026776195
0.326093889696955 -219.23297974217 -54.8082449355425
0.326823816704254 -218.743345680588 -54.6858364201471
0.327553743711553 -218.255893838728 -54.563973459682
0.328283670718852 -217.770609660376 -54.4426524150941
0.329013597726152 -217.287478718399 -54.3218696795997
0.329743524733451 -216.806486713494 -54.2016216783735
0.33047345174075 -216.327619472597 -54.0819048681492
0.33120337874805 -215.850862947709 -53.9627157369272
0.331933305755349 -215.376203214344 -53.844050803586
0.332663232762648 -214.903626470123 -53.7259066175309
0.333393159769947 -214.433119033649 -53.6082797584122
0.334123086777247 -213.964667343139 -53.4911668357846
0.334853013784546 -213.498257954947 -53.3745644887369
0.335582940791845 -213.033877542478 -53.2584693856194
0.336312867799145 -212.57151289466 -53.1428782236649
0.337042794806444 -212.111150915018 -53.0277877287544
0.337772721813743 -211.652778620268 -52.9131946550669
0.338502648821042 -211.196383139111 -52.7990957847776
0.339232575828342 -210.741951711065 -52.6854879277661
0.339962502835641 -210.289471685024 -52.5723679212559
0.34069242984294 -209.838930518557 -52.4597326296392
0.34142235685024 -209.39031577639 -52.3475789440976
0.342152283857539 -208.943615129511 -52.2359037823778
0.342882210864838 -208.498816353532 -52.124704088383
0.343612137872138 -208.055907328302 -52.0139768320754
0.344342064879437 -207.614876036232 -51.9037190090579
0.345071991886736 -207.175710561438 -51.7939276403596
0.345801918894035 -206.738399088809 -51.6845997722022
0.346531845901335 -206.302929902561 -51.5757324756402
0.347261772908634 -205.869291385502 -51.4673228463756
0.347991699915933 -205.43747201798 -51.359368004495
0.348721626923232 -205.007460376712 -51.2518650941779
0.349451553930532 -204.579245133852 -51.144811283463
0.350181480937831 -204.152815056057 -51.0382037640141
0.35091140794513 -203.728159003355 -50.9320397508387
0.35164133495243 -203.305265928447 -50.8263164821117
0.352371261959729 -202.88412487542 -50.7210312188551
0.353101188967028 -202.464724978894 -50.6161812447234
0.353831115974328 -202.047055463391 -50.5117638658478
0.354561042981627 -201.631105641866 -50.4077764104664
0.355290969988926 -201.216864915425 -50.3042162288563
0.356020896996225 -200.804322771736 -50.201080692934
0.356750824003525 -200.393468784789 -50.0983671961973
0.357480751010824 -199.984292613655 -49.9960731534137
0.358210678018123 -199.576784001626 -49.8941960004065
0.358940605025423 -199.170932775438 -49.7927331938596
0.359670532032722 -198.766728844415 -49.6916822111039
0.360400459040021 -198.364162199688 -49.5910405499221
0.361130386047321 -197.963222913262 -49.4908057283155
0.36186031305462 -197.563901137354 -49.3909752843384
0.362590240061919 -197.166187103262 -49.2915467758155
0.363320167069218 -196.770071120863 -49.1925177802157
0.364050094076518 -196.375543577908 -49.0938858944769
0.364780021083817 -195.982594938933 -48.9956487347332
0.365509948091116 -195.591215744636 -48.8978039361591
0.366239875098415 -195.201396611062 -48.8003491527655
0.366969802105715 -194.813128229285 -48.7032820573214
0.367699729113014 -194.426401363781 -48.6066003409452
0.368429656120313 -194.041206852653 -48.5103017131633
0.369159583127613 -193.65753560612 -48.4143839015301
0.369889510134912 -193.275378606396 -48.3188446515989
0.370619437142211 -192.894726906716 -48.2236817266789
0.371349364149511 -192.515571630482 -48.1288929076205
0.37207929115681 -192.137903970951 -48.0344759927377
0.372809218164109 -191.761715190182 -47.9404287975454
0.373539145171408 -191.386996618647 -47.8467491546618
0.374269072178708 -191.013739654338 -47.7534349135845
0.374998999186007 -190.641935762452 -47.6604839406129
0.375728926193306 -190.271576474341 -47.5678941185853
0.376458853200606 -189.902653386969 -47.4756633467422
0.377188780207905 -189.535158162557 -47.3837895406392
0.377918707215204 -189.169082527381 -47.2922706318452
0.378648634222503 -188.804418271924 -47.201104567981
0.379378561229803 -188.441157249631 -47.1102893124078
0.380108488237102 -188.079291376483 -47.0198228441207
0.380838415244401 -187.718812630642 -46.9297031576605
0.381568342251701 -187.359713051521 -46.8399282628803
0.382298269259 -187.001984739236 -46.750496184809
0.383028196266299 -186.645619854373 -46.6614049635933
0.383758123273598 -186.2906106169 -46.5726526542249
0.384488050280898 -185.936949306006 -46.4842373265016
0.385217977288197 -185.58462825929 -46.3961570648226
0.385947904295496 -185.233639872484 -46.3084099681209
0.386677831302796 -184.883976598751 -46.2209941496876
0.387407758310095 -184.535630947872 -46.1339077369679
0.388137685317394 -184.188595486087 -46.0471488715217
0.388867612324694 -183.842862835706 -45.9607157089265
0.389597539331993 -183.498425673942 -45.8746064184856
0.390327466339292 -183.155276732988 -45.788819183247
0.391057393346591 -182.813408799315 -45.7033521998287
0.391787320353891 -182.472814712973 -45.6182036782432
0.39251724736119 -182.133487367552 -45.5333718418879
0.393247174368489 -181.795419709246 -45.4488549273115
0.393977101375789 -181.458604736504 -45.3646511841261
0.394707028383088 -181.123035499719 -45.2807588749297
0.395436955390387 -180.788705100289 -45.1971762750723
0.396166882397686 -180.455606690781 -45.1139016726952
0.396896809404986 -180.123733473792 -45.0309333684481
0.397626736412285 -179.793078702114 -44.9482696755285
0.398356663419584 -179.463635678026 -44.8659089195066
0.399086590426884 -179.135397752598 -44.7838494381496
0.399816517434183 -178.808358325571 -44.7020895813927
0.400546444441482 -178.482510844774 -44.6206277111934
0.401276371448781 -178.157848805696 -44.5394622014239
0.402006298456081 -177.834365751019 -44.4585914377546
0.40273622546338 -177.512055270383 -44.3780138175958
0.403466152470679 -177.190910999766 -44.2977277499414
0.404196079477979 -176.870926620973 -44.2177316552431
0.404926006485278 -176.552095861601 -44.1380239654002
0.405655933492577 -176.234412494221 -44.0586031235551
0.406385860499877 -175.917870336141 -43.9794675840353
0.407115787507176 -175.602463249101 -43.9006158122752
0.407845714514475 -175.288185138758 -43.8220462846895
0.408575641521774 -174.975029954188 -43.7437574885471
0.409305568529074 -174.66299168796 -43.66574792199
0.410035495536373 -174.352064375122 -43.5880160937805
0.410765422543672 -174.042242093127 -43.5105605232818
0.411495349550972 -173.733518961715 -43.4333797404287
0.412225276558271 -173.42588914182 -43.356472285455
0.41295520356557 -173.119346836119 -43.2798367090298
0.413685130572869 -172.813886288017 -43.2034715720044
0.414415057580169 -172.509501781338 -43.1273754453344
0.415144984587468 -172.20618764032 -43.0515469100799
0.415874911594767 -171.903938229076 -42.975984557269
0.416604838602067 -171.602747951007 -42.9006869877517
0.417334765609366 -171.302611248918 -42.8256528122295
0.418064692616665 -171.003522604124 -42.750880651031
0.418794619623964 -170.705476536567 -42.6763691341416
0.419524546631264 -170.408467604462 -42.6021169011155
0.420254473638563 -170.112490403486 -42.5281226008715
0.420984400645862 -169.817539567199 -42.4543848917998
0.421714327653162 -169.523609766077 -42.3809024415192
0.422444254660461 -169.230695707545 -42.3076739268862
0.42317418166776 -168.938792135436 -42.2346980338591
0.42390410867506 -168.647893829914 -42.1619734574784
0.424634035682359 -168.357995606884 -42.0894989017209
0.425363962689658 -168.069092317725 -42.0172730794314
0.426093889696957 -167.781178849446 -41.9452947123616
0.426823816704257 -167.494250123864 -41.8735625309659
0.427553743711556 -167.208301097489 -41.8020752743722
0.428283670718855 -166.923326761215 -41.7308316903038
0.429013597726155 -166.639322140006 -41.6598305350014
0.429743524733454 -166.356282292506 -41.5890705731264
0.430473451740753 -166.074202311041 -41.5185505777602
0.431203378748052 -165.793077321073 -41.4482693302683
0.431933305755352 -165.51290248124 -41.3782256203099
0.432663232762651 -165.233672982573 -41.3084182456434
0.43339315976995 -164.955384048582 -41.2388460121454
0.43412308677725 -164.678030935012 -41.169507733753
0.434853013784549 -164.401608929269 -41.1004022323171
0.435582940791848 -164.126113350412 -41.0315283376029
0.436312867799147 -163.851539548963 -40.9628848872408
0.437042794806447 -163.577882906285 -40.8944707265712
0.437772721813746 -163.305138834808 -40.8262847087021
0.438502648821045 -163.033302777301 -40.7583256943251
0.439232575828345 -162.762370206859 -40.6905925517147
0.439962502835644 -162.49233662672 -40.6230841566799
0.440692429842943 -162.22319756975 -40.5557993924376
0.441422356850243 -161.954948598489 -40.4887371496222
0.442152283857542 -161.687585304755 -40.4218963261886
0.442882210864841 -161.421103309337 -40.3552758273342
0.44361213787214 -161.155498261994 -40.2888745654984
0.44434206487944 -160.890765841025 -40.2226914602564
0.445071991886739 -160.626901753079 -40.1567254382697
0.445801918894038 -160.363901732875 -40.0909754332187
0.446531845901338 -160.101761543091 -40.0254403857728
0.447261772908637 -159.840476973897 -39.9601192434741
0.447991699915936 -159.580043843065 -39.8950109607664
0.448721626923235 -159.320457995474 -39.8301144988685
0.449451553930535 -159.061715303137 -39.7654288257842
0.450181480937834 -158.80381166482 -39.700952916205
0.450911407945133 -158.546743005767 -39.6366857514417
0.451641334952433 -158.290505277659 -39.5726263194147
0.452371261959732 -158.035094458033 -39.5087736145081
0.453101188967031 -157.780506550708 -39.445126637677
0.45383111597433 -157.526737584775 -39.3816843961937
0.45456104298163 -157.27378361545 -39.3184459038626
0.455290969988929 -157.021640722717 -39.2554101806792
0.456020896996228 -156.770305011904 -39.1925762529761
0.456750824003528 -156.519772613224 -39.1299431533061
0.457480751010827 -156.27003968138 -39.067509920345
0.458210678018126 -156.021102395839 -39.0052755989597
0.458940605025426 -155.772956960249 -38.9432392400623
0.459670532032725 -155.525599602323 -38.8813999005806
0.460400459040024 -155.279026573873 -38.8197566434683
0.461130386047323 -155.03323415035 -38.7583085375874
0.461860313054623 -154.788218630642 -38.6970546576606
0.462590240061922 -154.543976337159 -38.6359940842898
0.463320167069221 -154.300503615321 -38.5751259038302
0.464050094076521 -154.057796833754 -38.5144492084385
0.46478002108382 -153.815852383709 -38.4539630959272
0.465509948091119 -153.574666679137 -38.3936666697841
0.466239875098418 -153.334236156533 -38.3335590391331
0.466969802105718 -153.094557274509 -38.2736393186273
0.467699729113017 -152.855626513913 -38.2139066284782
0.468429656120316 -152.617440377433 -38.1543600943581
0.469159583127616 -152.379995389681 -38.0949988474202
0.469889510134915 -152.143288096568 -38.035822024142
0.470619437142214 -151.907315065732 -37.9768287664331
0.471349364149513 -151.672072885838 -37.9180182214596
0.472079291156813 -151.437558166888 -37.859389541722
0.472809218164112 -151.203767539755 -37.8009418849387
0.473539145171411 -150.970697655948 -37.7426744139871
0.474269072178711 -150.738345187732 -37.6845862969331
0.47499899918601 -150.506706827813 -37.6266767069532
0.475728926193309 -150.275779288949 -37.5689448222373
0.476458853200609 -150.045559304342 -37.5113898260856
0.477188780207908 -149.816043627091 -37.4540109067728
0.477918707215207 -149.587229030074 -37.3968072575185
0.478648634222506 -149.35911230599 -37.3397780764974
0.479378561229806 -149.131690266888 -37.282922566722
0.480108488237105 -148.904959744522 -37.2262399361306
0.480838415244404 -148.678917589335 -37.1697293973337
0.481568342251704 -148.453560671432 -37.113390167858
0.482298269259003 -148.228885879533 -37.0572214698832
0.483028196266302 -148.004890121319 -37.0012225303297
0.483758123273601 -147.781570323005 -36.9453925807512
0.484488050280901 -147.55892342942 -36.889730857355
0.4852179772882 -147.336946403848 -36.834236600962
0.485947904295499 -147.11563622764 -36.7789090569101
0.486677831302799 -146.894989900255 -36.7237474750637
0.487407758310098 -146.675004439372 -36.6687511098431
0.488137685317397 -146.455676880156 -36.6139192200389
0.488867612324696 -146.237004275875 -36.5592510689687
0.489597539331996 -146.018983697127 -36.5047459242817
0.490327466339295 -145.801612231952 -36.450403057988
0.491057393346594 -145.584886985797 -36.3962217464493
0.491787320353894 -145.368805081202 -36.3422012703004
0.492517247361193 -145.153363657799 -36.2883409144498
0.493247174368492 -144.938559872044 -36.2346399680111
0.493977101375792 -144.724390897485 -36.1810977243713
0.494707028383091 -144.510853924063 -36.1277134810157
0.49543695539039 -144.297946158462 -36.0744865396155
0.496166882397689 -144.085664823837 -36.0214162059592
0.496896809404989 -143.874007159463 -35.9685017898658
0.497626736412288 -143.662970420931 -35.9157426052327
0.498356663419587 -143.452551879872 -35.863137969968
