0 220.062275968481
0.000549450549450549 220.062275968481
0.0010989010989011 220.062275867849
0.00164835164835165 220.062275626332
0.0021978021978022 220.06227523818
0.00274725274725275 220.062274701476
0.0032967032967033 220.062274015349
0.00384615384615385 220.06227317933
0.00439560439560439 220.062272193136
0.00494505494505494 220.062271056587
0.00549450549450549 220.062269769557
0.00604395604395604 220.062268331958
0.00659340659340659 220.062266743723
0.00714285714285714 220.062265004802
0.00769230769230769 220.062263115157
0.00824175824175824 220.062261074757
0.00879120879120879 220.062258883577
0.00934065934065934 220.062256541597
0.00989010989010989 220.062254048799
0.0104395604395604 220.06225140517
0.010989010989011 220.062248610697
0.0115384615384615 220.062245665371
0.0120879120879121 220.062242569183
0.0126373626373626 220.062239322125
0.0131868131868132 220.06223592419
0.0137362637362637 220.062232375372
0.0142857142857143 220.062228675667
0.0148351648351648 220.062224825071
0.0153846153846154 220.062220823577
0.0159340659340659 220.062216671184
0.0164835164835165 220.062212367888
0.017032967032967 220.062207913686
0.0175824175824176 220.062203308576
0.0181318681318681 220.062198552554
0.0186813186813187 220.062193645618
0.0192307692307692 220.062188587768
0.0197802197802198 220.062183379
0.0203296703296703 220.062178019314
0.0208791208791209 220.062172508707
0.0214285714285714 220.062166847179
0.021978021978022 220.062161034727
0.0225274725274725 220.062155071351
0.0230769230769231 220.062148957049
0.0236263736263736 220.062142691821
0.0241758241758242 220.062136275665
0.0247252747252747 220.062129708581
0.0252747252747253 220.062122990567
0.0258241758241758 220.062116121624
0.0263736263736264 220.062109101749
0.0269230769230769 220.062101930943
0.0274725274725275 220.062094609205
0.0280219780219781 220.062087136534
0.0285714285714286 220.06207951293
0.0291208791208792 220.062071738391
0.0296703296703297 220.062063812918
0.0302197802197803 220.06205573651
0.0307692307692308 220.062047509167
0.0313186813186814 220.062039130887
0.0318681318681319 220.062030601672
0.0324175824175824 220.062021921519
0.032967032967033 220.062013090429
0.0335164835164835 220.062004108402
0.0340659340659341 220.061994975437
0.0346153846153846 220.061985691534
0.0351648351648352 220.061976256693
0.0357142857142857 220.061966670912
0.0362637362637363 220.061956934193
0.0368131868131868 220.061947046534
0.0373626373626374 220.061937007936
0.0379120879120879 220.061926818398
0.0384615384615385 220.06191647792
0.039010989010989 220.061905986502
0.0395604395604396 220.061895344143
0.0401098901098901 220.061884550844
0.0406593406593407 220.061873606603
0.0412087912087912 220.061862511422
0.0417582417582418 220.061851265299
0.0423076923076923 220.061839868235
0.0428571428571429 220.06182832023
0.0434065934065934 220.061816621283
0.0439560439560439 220.061804771393
0.0445054945054945 220.061792770562
0.045054945054945 220.061780618789
0.0456043956043956 220.061768316073
0.0461538461538461 220.061755862415
0.0467032967032967 220.061743257814
0.0472527472527472 220.06173050227
0.0478021978021978 220.061717595784
0.0483516483516483 220.061704538355
0.0489010989010989 220.061691329982
0.0494505494505494 220.061677970666
0.05 220.061664460407
0.0505494505494505 220.061650799205
0.0510989010989011 220.061636987059
0.0516483516483516 220.06162302397
0.0521978021978022 220.061608909937
0.0527472527472527 220.06159464496
0.0532967032967033 220.061580229039
0.0538461538461538 220.061565662174
0.0543956043956043 220.061550944366
0.0549450549450549 220.061536075613
0.0554945054945054 220.061521055916
0.056043956043956 220.061505885275
0.0565934065934065 220.061490563689
0.0571428571428571 220.061475091159
0.0576923076923076 220.061459467685
0.0582417582417582 220.061443693266
0.0587912087912087 220.061427767902
0.0593406593406593 220.061411691594
0.0598901098901098 220.061395464341
0.0604395604395604 220.061379086144
0.0609890109890109 220.061362557001
0.0615384615384615 220.061345876914
0.062087912087912 220.061329045882
0.0626373626373626 220.061312063904
0.0631868131868131 220.061294930982
0.0637362637362637 220.061277647114
0.0642857142857142 220.061260212302
0.0648351648351648 220.061242626544
0.0653846153846153 220.061224889841
0.0659340659340659 220.061207002192
0.0664835164835164 220.061188963599
0.0670329670329669 220.06117077406
0.0675824175824175 220.061152433575
0.068131868131868 220.061133942145
0.0686813186813186 220.06111529977
0.0692307692307691 220.061096506449
0.0697802197802197 220.061077562182
0.0703296703296702 220.06105846697
0.0708791208791208 220.061039220812
0.0714285714285713 220.061019823708
0.0719780219780219 220.061000275659
0.0725274725274724 220.060980576664
0.073076923076923 220.060960726724
0.0736263736263735 220.060940725837
0.0741758241758241 220.060920574005
0.0747252747252746 220.060900271226
0.0752747252747252 220.060879817502
0.0758241758241757 220.060859212832
0.0763736263736263 220.060838457216
0.0769230769230768 220.060817550654
0.0774725274725273 220.060796493146
0.0780219780219779 220.060775284691
0.0785714285714284 220.060753925291
0.079120879120879 220.060732414944
0.0796703296703295 220.060710753652
0.0802197802197801 220.060688941413
0.0807692307692306 220.060666978228
0.0813186813186812 220.060644864097
0.0818681318681317 220.06062259902
0.0824175824175823 220.060600182996
0.0829670329670328 220.060577616026
0.0835164835164834 220.06055489811
0.0840659340659339 220.060532029248
0.0846153846153845 220.060509009439
0.085164835164835 220.060485838684
0.0857142857142856 220.060462516982
0.0862637362637361 220.060439044334
0.0868131868131867 220.06041542074
0.0873626373626372 220.060391646199
0.0879120879120878 220.060367720712
0.0884615384615383 220.060343644278
0.0890109890109888 220.060319416898
0.0895604395604394 220.060295038571
0.0901098901098899 220.060270509298
0.0906593406593405 220.060245829078
0.091208791208791 220.060220997912
0.0917582417582416 220.060196015799
0.0923076923076921 220.060170882739
0.0928571428571427 220.060145598733
0.0934065934065932 220.06012016378
0.0939560439560438 220.06009457788
0.0945054945054943 220.060068841034
0.0950549450549449 220.060042953241
0.0956043956043954 220.060016914502
0.096153846153846 220.059990724815
0.0967032967032965 220.059964384182
0.0972527472527471 220.059937892603
0.0978021978021976 220.059911250076
0.0983516483516482 220.059884456603
0.0989010989010987 220.059857512183
0.0994505494505492 220.059830416817
0.0999999999999998 220.059803170503
0.10054945054945 220.059775773243
0.101098901098901 220.059748225036
0.101648351648351 220.059720525882
0.102197802197802 220.059692675781
0.102747252747253 220.059664674733
0.103296703296703 220.059636522739
0.103846153846154 220.059608219797
0.104395604395604 220.059579765909
0.104945054945055 220.059551161074
0.105494505494505 220.059522405292
0.106043956043956 220.059493498563
0.106593406593406 220.059464440887
0.107142857142857 220.059435232264
0.107692307692307 220.059405872694
0.108241758241758 220.059376362177
0.108791208791209 220.059346700713
0.109340659340659 220.059316888302
0.10989010989011 220.059286924945
0.11043956043956 220.05925681064
0.110989010989011 220.059226545388
0.111538461538461 220.059196129189
0.112087912087912 220.059165562043
0.112637362637362 220.05913484395
0.113186813186813 220.059103974909
0.113736263736263 220.059072954922
0.114285714285714 220.059041783988
0.114835164835165 220.059010462106
0.115384615384615 220.058978989278
0.115934065934066 220.058947365502
0.116483516483516 220.05891559078
0.117032967032967 220.05888366511
0.117582417582417 220.058851588493
0.118131868131868 220.058819360929
0.118681318681318 220.058786982418
0.119230769230769 220.058754452959
0.11978021978022 220.058721772554
0.12032967032967 220.058688941201
0.120879120879121 220.058655958902
0.121428571428571 220.058622825655
0.121978021978022 220.058589541461
0.122527472527472 220.058556106319
0.123076923076923 220.058522520231
0.123626373626373 220.058488783195
0.124175824175824 220.058454895212
0.124725274725274 220.058420856282
0.125274725274725 220.058386666405
0.125824175824176 220.05835232558
0.126373626373626 220.058317833808
0.126923076923077 220.058283191089
0.127472527472527 220.058248397423
0.128021978021978 220.05821345281
0.128571428571428 220.058178357249
0.129120879120879 220.058143110741
0.129670329670329 220.058107713286
0.13021978021978 220.058072164883
0.13076923076923 220.058036465533
0.131318681318681 220.058000615236
0.131868131868132 220.057964613992
0.132417582417582 220.0579284618
0.132967032967033 220.057892158661
0.133516483516483 220.057855704574
0.134065934065934 220.05781909954
0.134615384615384 220.057782343559
0.135164835164835 220.05774543663
0.135714285714285 220.057708378755
0.136263736263736 220.057671169931
0.136813186813186 220.057633810161
0.137362637362637 220.057596299443
0.137912087912088 220.057558637778
0.138461538461538 220.057520825165
0.139010989010989 220.057482861606
0.139560439560439 220.057444747098
0.14010989010989 220.057406481644
0.14065934065934 220.057368065241
0.141208791208791 220.057329497892
0.141758241758241 220.057290779595
0.142307692307692 220.057251910351
0.142857142857143 220.057212890159
0.143406593406593 220.05717371902
0.143956043956044 220.057134396934
0.144505494505494 220.0570949239
0.145054945054945 220.057055299919
0.145604395604395 220.057015524991
0.146153846153846 220.056975599115
0.146703296703296 220.056935522291
0.147252747252747 220.05689529452
0.147802197802197 220.056854915802
0.148351648351648 220.056814386136
0.148901098901099 220.056773705522
0.149450549450549 220.056732873962
0.15 220.056691891453
0.15054945054945 220.056650757998
0.151098901098901 220.056609473594
0.151648351648351 220.056568038244
0.152197802197802 220.056526451946
0.152747252747252 220.0564847147
0.153296703296703 220.056442826507
0.153846153846153 220.056400787366
0.154395604395604 220.056358597279
0.154945054945055 220.056316256243
0.155494505494505 220.05627376426
0.156043956043956 220.05623112133
0.156593406593406 220.056188327452
0.157142857142857 220.056145382627
0.157692307692307 220.056102286854
0.158241758241758 220.056059040134
0.158791208791208 220.056015642466
0.159340659340659 220.055972093851
0.159890109890109 220.055928394288
0.16043956043956 220.055884543778
0.160989010989011 220.055840542321
0.161538461538461 220.055796389915
0.162087912087912 220.055752086563
0.162637362637362 220.055707632263
0.163186813186813 220.055663027015
0.163736263736263 220.05561827082
0.164285714285714 220.055573363677
0.164835164835164 220.055528305587
0.165384615384615 220.055483096549
0.165934065934066 220.055437736563
0.166483516483516 220.05539222563
0.167032967032967 220.05534656375
0.167582417582417 220.055300750922
0.168131868131868 220.055254787146
0.168681318681318 220.055208672423
0.169230769230769 220.055162406752
0.169780219780219 220.055115990134
0.17032967032967 220.055069422568
0.17087912087912 220.055022704054
0.171428571428571 220.054975834593
0.171978021978022 220.054928814185
0.172527472527472 220.054881642829
0.173076923076923 220.054834320525
0.173626373626373 220.054786847274
0.174175824175824 220.054739223075
0.174725274725274 220.054691447929
0.175274725274725 220.054643521835
0.175824175824175 220.054595444794
0.176373626373626 220.054547216805
0.176923076923076 220.054498837868
0.177472527472527 220.054450307984
0.178021978021978 220.054401627153
0.178571428571428 220.054352795373
0.179120879120879 220.054303812646
0.179670329670329 220.054254678972
0.18021978021978 220.05420539435
0.18076923076923 220.05415595878
0.181318681318681 220.054106372263
0.181868131868131 220.054056634798
0.182417582417582 220.054006746385
0.182967032967032 220.053956707025
0.183516483516483 220.053906516717
0.184065934065934 220.053856175462
0.184615384615384 220.053805683259
0.185164835164835 220.053755040108
0.185714285714285 220.053704246009
0.186263736263736 220.053653300963
0.186813186813186 220.05360220497
0.187362637362637 220.053550958028
0.187912087912087 220.053499560139
0.188461538461538 220.053448011303
0.189010989010989 220.053396311518
0.189560439560439 220.053344460786
0.19010989010989 220.053292459107
0.19065934065934 220.05324030648
0.191208791208791 220.053188002905
0.191758241758241 220.053135548383
0.192307692307692 220.053082942913
0.192857142857142 220.053030186495
0.193406593406593 220.05297727913
0.193956043956043 220.052924220817
0.194505494505494 220.052871011556
0.195054945054945 220.052817651348
0.195604395604395 220.052764140192
0.196153846153846 220.052710478089
0.196703296703296 220.052656665038
0.197252747252747 220.052602701039
0.197802197802197 220.052548586093
0.198351648351648 220.052494320198
0.198901098901098 220.052439903357
0.199450549450549 220.052385335567
0.199999999999999 220.05233061683
0.20054945054945 220.052275747145
0.201098901098901 220.052220726513
0.201648351648351 220.052165554933
0.202197802197802 220.052110232405
0.202747252747252 220.052054758929
0.203296703296703 220.051999134506
0.203846153846153 220.051943359135
0.204395604395604 220.051887432816
0.204945054945054 220.05183135555
0.205494505494505 220.051775127336
0.206043956043955 220.051718748174
0.206593406593406 220.051662218065
0.207142857142857 220.051605537008
0.207692307692307 220.051548705003
0.208241758241758 220.051491722051
0.208791208791208 220.051434588151
0.209340659340659 220.051377303303
0.209890109890109 220.051319867507
0.21043956043956 220.051262280764
0.21098901098901 220.051204543074
0.211538461538461 220.051146654435
0.212087912087912 220.051088614849
0.212637362637362 220.051030424315
0.213186813186813 220.050972082834
0.213736263736263 220.050913590404
0.214285714285714 220.050854947027
0.214835164835164 220.050796152703
0.215384615384615 220.05073720743
0.215934065934065 220.05067811121
0.216483516483516 220.050618864043
0.217032967032966 220.050559465927
0.217582417582417 220.050499916864
0.218131868131868 220.050440216853
0.218681318681318 220.050380365894
0.219230769230769 220.050320363988
0.219780219780219 220.050260211134
0.22032967032967 220.050199907332
0.22087912087912 220.050139452583
0.221428571428571 220.050078846885
0.221978021978021 220.05001809024
0.222527472527472 220.049957182648
0.223076923076922 220.049896124107
0.223626373626373 220.049834914619
0.224175824175824 220.049773554184
0.224725274725274 220.0497120428
0.225274725274725 220.049650380469
0.225824175824175 220.04958856719
0.226373626373626 220.049526602963
0.226923076923076 220.049464487788
0.227472527472527 220.049402221666
0.228021978021977 220.049339804596
0.228571428571428 220.049277236578
0.229120879120878 220.049214517613
0.229670329670329 220.0491516477
0.23021978021978 220.049088626839
0.23076923076923 220.04902545503
0.231318681318681 220.048962132274
0.231868131868131 220.04889865857
0.232417582417582 220.048835033918
0.232967032967032 220.048771258318
0.233516483516483 220.048707331771
0.234065934065933 220.048643254276
0.234615384615384 220.048579025833
0.235164835164834 220.048514646443
0.235714285714285 220.048450116105
0.236263736263736 220.048385434819
0.236813186813186 220.048320602585
0.237362637362637 220.048255619403
0.237912087912087 220.048190485274
0.238461538461538 220.048125200197
0.239010989010988 220.048059764172
0.239560439560439 220.0479941772
0.240109890109889 220.047928439279
0.24065934065934 220.047862550411
0.241208791208791 220.047796510596
0.241758241758241 220.047730319832
0.242307692307692 220.047663978121
0.242857142857142 220.047597485461
0.243406593406593 220.047530841855
0.243956043956043 220.0474640473
0.244505494505494 220.047397101798
0.245054945054944 220.047330005348
0.245604395604395 220.04726275795
0.246153846153845 220.047195359604
0.246703296703296 220.047127810311
0.247252747252747 220.047060110069
0.247802197802197 220.04699225888
0.248351648351648 220.046924256744
0.248901098901098 220.046856103659
0.249450549450549 220.046787799627
0.249999999999999 220.046719344647
0.25054945054945 220.046650738719
0.2510989010989 220.046581981843
0.251648351648351 220.04651307402
0.252197802197801 220.046444015249
0.252747252747252 220.04637480553
0.253296703296703 220.046305444863
0.253846153846153 220.046235933248
0.254395604395604 220.046166270686
0.254945054945054 220.046096457176
0.255494505494505 220.046026492718
0.256043956043955 220.045956377312
0.256593406593406 220.045886110959
0.257142857142856 220.045815693657
0.257692307692307 220.045745125408
0.258241758241757 220.045674406212
0.258791208791208 220.045603536067
0.259340659340659 220.045532514974
0.259890109890109 220.045461342934
0.26043956043956 220.045390019946
0.26098901098901 220.04531854601
0.261538461538461 220.045246921127
0.262087912087911 220.045175145295
0.262637362637362 220.045103218516
0.263186813186812 220.045031140789
0.263736263736263 220.044958912115
0.264285714285714 220.044886532492
0.264835164835164 220.044814001922
0.265384615384615 220.044741320404
0.265934065934065 220.044668487938
0.266483516483516 220.044595504524
0.267032967032966 220.044522370163
0.267582417582417 220.044449084853
0.268131868131867 220.044375648596
0.268681318681318 220.044302061392
0.269230769230768 220.044228323239
0.269780219780219 220.044154434139
0.27032967032967 220.044080394091
0.27087912087912 220.044006203095
0.271428571428571 220.043931861151
0.271978021978021 220.043857368259
0.272527472527472 220.04378272442
0.273076923076922 220.043707929633
0.273626373626373 220.043632983898
0.274175824175823 220.043557887215
0.274725274725274 220.043482639585
0.275274725274724 220.043407241006
0.275824175824175 220.04333169148
0.276373626373626 220.043255991006
0.276923076923076 220.043180139584
0.277472527472527 220.043104137214
0.278021978021977 220.043027983897
0.278571428571428 220.042951679632
0.279120879120878 220.042875224419
0.279670329670329 220.042798618258
0.280219780219779 220.042721861149
0.28076923076923 220.042644953093
0.28131868131868 220.042567894088
0.281868131868131 220.042490684136
0.282417582417582 220.042413323236
0.282967032967032 220.042335811388
0.283516483516483 220.042258148593
0.284065934065933 220.042180334849
0.284615384615384 220.042102370158
0.285164835164834 220.042024254519
0.285714285714285 220.041945987932
0.286263736263735 220.041867570397
0.286813186813186 220.041789001915
0.287362637362637 220.041710282484
0.287912087912087 220.041631412106
0.288461538461538 220.04155239078
0.289010989010988 220.041473218506
0.289560439560439 220.041393895284
0.290109890109889 220.041314421114
0.29065934065934 220.041234795997
0.29120879120879 220.041155019931
0.291758241758241 220.041075092918
0.292307692307691 220.040995014957
0.292857142857142 220.040914786049
0.293406593406593 220.040834406192
0.293956043956043 220.040753875388
0.294505494505494 220.040673193635
0.295054945054944 220.040592360935
0.295604395604395 220.040511377288
0.296153846153845 220.040430242692
0.296703296703296 220.040348957148
0.297252747252746 220.040267520657
0.297802197802197 220.040185933218
0.298351648351647 220.040104194831
0.298901098901098 220.040022305496
0.299450549450549 220.039940265214
0.299999999999999 220.039858073983
0.300365630712979 220.039803296362
0.300731261425959 220.039748451856
0.301096892138939 220.039693540467
0.301462522851919 220.039638562194
0.301828153564899 220.039583517038
0.302193784277879 220.039528404999
0.302559414990858 220.039473226076
0.302925045703838 220.03941798027
0.303290676416818 220.039362667581
0.303656307129798 220.039307288009
0.304021937842778 220.039251841554
0.304387568555758 220.039196328217
0.304753199268738 220.039140747997
0.305118829981718 220.039085100894
0.305484460694698 220.039029386909
0.305850091407678 220.038973606041
0.306215722120657 220.038917758291
0.306581352833637 220.038861843659
0.306946983546617 220.038805862145
0.307312614259597 220.038749813748
0.307678244972577 220.03869369847
0.308043875685557 220.03863751631
0.308409506398537 220.038581267268
0.308775137111517 220.038524951345
0.309140767824497 220.03846856854
0.309506398537477 220.038412118854
0.309872029250456 220.038355602286
0.310237659963436 220.038299018837
0.310603290676416 220.038242368506
0.310968921389396 220.038185651295
0.311334552102376 220.038128867203
0.311700182815356 220.038072016229
0.312065813528336 220.038015098375
0.312431444241316 220.03795811364
0.312797074954296 220.037901062025
0.313162705667276 220.037843943529
0.313528336380256 220.037786758152
0.313893967093235 220.037729505895
0.314259597806215 220.037672186758
0.314625228519195 220.037614800741
0.314990859232175 220.037557347843
0.315356489945155 220.037499828065
0.315722120658135 220.037442241408
0.316087751371115 220.03738458787
0.316453382084095 220.037326867453
0.316819012797075 220.037269080156
0.317184643510055 220.03721122598
0.317550274223034 220.037153304924
0.317915904936014 220.037095316988
0.318281535648994 220.037037262173
0.318647166361974 220.036979140479
0.319012797074954 220.036920951906
0.319378427787934 220.036862696453
0.319744058500914 220.036804374122
0.320109689213894 220.036745984911
0.320475319926874 220.036687528822
0.320840950639854 220.036629005854
0.321206581352833 220.036570416007
0.321572212065813 220.036511759282
0.321937842778793 220.036453035678
0.322303473491773 220.036394245195
0.322669104204753 220.036335387834
0.323034734917733 220.036276463595
0.323400365630713 220.036217472478
0.323765996343693 220.036158414483
0.324131627056673 220.036099289609
0.324497257769653 220.036040097858
0.324862888482633 220.035980839228
0.325228519195612 220.035921513721
0.325594149908592 220.035862121336
0.325959780621572 220.035802662074
0.326325411334552 220.035743135933
0.326691042047532 220.035683542916
0.327056672760512 220.03562388302
0.327422303473492 220.035564156248
0.327787934186472 220.035504362598
0.328153564899452 220.035444502071
0.328519195612432 220.035384574667
0.328884826325411 220.035324580386
0.329250457038391 220.035264519228
0.329616087751371 220.035204391193
0.329981718464351 220.035144196281
0.330347349177331 220.035083934493
0.330712979890311 220.035023605827
0.331078610603291 220.034963210285
0.331444241316271 220.034902747867
0.331809872029251 220.034842218572
0.332175502742231 220.034781622401
0.33254113345521 220.034720959354
0.33290676416819 220.03466022943
0.33327239488117 220.03459943263
0.33363802559415 220.034538568954
0.33400365630713 220.034477638402
0.33436928702011 220.034416640974
0.33473491773309 220.034355576671
0.33510054844607 220.034294445491
0.33546617915905 220.034233247436
0.33583180987203 220.034171982505
0.336197440585009 220.034110650698
0.336563071297989 220.034049252016
0.336928702010969 220.033987786459
0.337294332723949 220.033926254026
0.337659963436929 220.033864654718
0.338025594149909 220.033802988535
0.338391224862889 220.033741255477
0.338756855575869 220.033679455543
0.339122486288849 220.033617588735
0.339488117001829 220.033555655051
0.339853747714809 220.033493654493
0.340219378427788 220.03343158706
0.340585009140768 220.033369452752
0.340950639853748 220.03330725157
0.341316270566728 220.033244983512
0.341681901279708 220.033182648581
0.342047531992688 220.033120246775
0.342413162705668 220.033057778094
0.342778793418648 220.032995242539
0.343144424131628 220.03293264011
0.343510054844608 220.032869970806
0.343875685557587 220.032807234629
0.344241316270567 220.032744431577
0.344606946983547 220.032681561652
0.344972577696527 220.032618624852
0.345338208409507 220.032555621179
0.345703839122487 220.032492550632
0.346069469835467 220.032429413211
0.346435100548447 220.032366208916
0.346800731261427 220.032302937748
0.347166361974407 220.032239599706
0.347531992687386 220.032176194791
0.347897623400366 220.032112723002
0.348263254113346 220.03204918434
0.348628884826326 220.031985578804
0.348994515539306 220.031921906396
0.349360146252286 220.031858167114
0.349725776965266 220.031794360959
0.350091407678246 220.031730487931
0.350457038391226 220.03166654803
0.350822669104206 220.031602541256
0.351188299817186 220.031538467609
0.351553930530165 220.03147432709
0.351919561243145 220.031410119698
0.352285191956125 220.031345845433
0.352650822669105 220.031281504295
0.353016453382085 220.031217096285
0.353382084095065 220.031152621403
0.353747714808045 220.031088079648
0.354113345521025 220.03102347102
0.354478976234005 220.030958795521
0.354844606946985 220.030894053149
0.355210237659964 220.030829243905
0.355575868372944 220.030764367789
0.355941499085924 220.0306994248
0.356307129798904 220.03063441494
0.356672760511884 220.030569338208
0.357038391224864 220.030504194604
0.357404021937844 220.030438984129
0.357769652650824 220.030373706781
0.358135283363804 220.030308362562
0.358500914076784 220.030242951471
0.358866544789763 220.030177473509
0.359232175502743 220.030111928675
0.359597806215723 220.03004631697
0.359963436928703 220.029980638393
0.360329067641683 220.029914892945
0.360694698354663 220.029849080625
0.361060329067643 220.029783201434
0.361425959780623 220.029717255372
0.361791590493603 220.029651242439
0.362157221206583 220.029585162635
0.362522851919563 220.02951901596
0.362888482632542 220.029452802414
0.363254113345522 220.029386521997
0.363619744058502 220.029320174709
0.363985374771482 220.02925376055
0.364351005484462 220.029187279521
0.364716636197442 220.029120731621
0.365082266910422 220.02905411685
0.365447897623402 220.028987435209
0.365813528336382 220.028920686698
0.366179159049362 220.028853871316
0.366544789762341 220.028786989063
0.366910420475321 220.028720039941
0.367276051188301 220.028653023948
0.367641681901281 220.028585941084
0.368007312614261 220.028518791351
0.368372943327241 220.028451574747
0.368738574040221 220.028384291274
0.369104204753201 220.02831694093
0.369469835466181 220.028249523716
0.369835466179161 220.028182039633
0.37020109689214 220.028114488679
0.37056672760512 220.028046870856
0.3709323583181 220.027979186163
0.37129798903108 220.027911434601
0.37166361974406 220.027843616169
0.37202925045704 220.027775730867
0.37239488117002 220.027707778696
0.372760511883 220.027639759655
0.37312614259598 220.027571673745
0.37349177330896 220.027503520966
0.37385740402194 220.027435301317
0.374223034734919 220.027367014799
0.374588665447899 220.027298661411
0.374954296160879 220.027230241155
0.375319926873859 220.027161754029
0.375685557586839 220.027093200034
0.376051188299819 220.027024579171
0.376416819012799 220.026955891438
0.376782449725779 220.026887136836
0.377148080438759 220.026818315365
0.377513711151739 220.026749427026
0.377879341864718 220.026680471818
0.378244972577698 220.026611449741
0.378610603290678 220.026542360795
0.378976234003658 220.026473204981
0.379341864716638 220.026403982299
0.379707495429618 220.026334692748
0.380073126142598 220.026265336328
0.380438756855578 220.02619591304
0.380804387568558 220.026126422884
0.381170018281538 220.026056865859
0.381535648994517 220.025987241966
0.381901279707497 220.025917551205
0.382266910420477 220.025847793576
0.382632541133457 220.025777969078
0.382998171846437 220.025708077713
0.383363802559417 220.025638119479
0.383729433272397 220.025568094378
0.384095063985377 220.025498002408
0.384460694698357 220.025427843571
0.384826325411337 220.025357617866
0.385191956124317 220.025287325293
0.385557586837296 220.025216965852
0.385923217550276 220.025146539543
0.386288848263256 220.025076046367
0.386654478976236 220.025005486324
0.387020109689216 220.024934859412
0.387385740402196 220.024864165633
0.387751371115176 220.024793404987
0.388117001828156 220.024722577474
0.388482632541136 220.024651683093
0.388848263254116 220.024580721844
0.389213893967095 220.024509693729
0.389579524680075 220.024438598746
0.389945155393055 220.024367436896
0.390310786106035 220.024296208179
0.390676416819015 220.024224912595
0.391042047531995 220.024153550143
0.391407678244975 220.024082120825
0.391773308957955 220.02401062464
0.392138939670935 220.023939061588
0.392504570383915 220.023867431669
0.392870201096894 220.023795734883
0.393235831809874 220.02372397123
0.393601462522854 220.023652140711
0.393967093235834 220.023580243325
0.394332723948814 220.023508279073
0.394698354661794 220.023436247953
0.395063985374774 220.023364149968
0.395429616087754 220.023291985115
0.395795246800734 220.023219753396
0.396160877513714 220.023147454811
0.396526508226693 220.023075089359
0.396892138939673 220.023002657042
0.397257769652653 220.022930157857
0.397623400365633 220.022857591807
0.397989031078613 220.02278495889
0.398354661791593 220.022712259108
0.398720292504573 220.022639492459
0.399085923217553 220.022566658944
0.399451553930533 220.022493758563
0.399817184643513 220.022420791316
0.400182815356493 220.022347757203
0.400548446069472 220.022274656224
0.400914076782452 220.022201488379
0.401279707495432 220.022128253669
0.401645338208412 220.022054952092
0.402010968921392 220.02198158365
0.402376599634372 220.021908148342
0.402742230347352 220.021834646169
0.403107861060332 220.02176107713
0.403473491773312 220.021687441226
0.403839122486292 220.021613738456
0.404204753199271 220.02153996882
0.404570383912251 220.021466132319
0.404936014625231 220.021392228952
0.405301645338211 220.021318258721
0.405667276051191 220.021244221623
0.406032906764171 220.021170117661
0.406398537477151 220.021095946833
0.406764168190131 220.02102170914
0.407129798903111 220.020947404582
0.407495429616091 220.020873033159
0.40786106032907 220.02079859487
0.40822669104205 220.020724089717
0.40859232175503 220.020649517699
0.40895795246801 220.020574878815
0.40932358318099 220.020500173067
0.40968921389397 220.020425400454
0.41005484460695 220.020350560976
0.41042047531993 220.020275654633
0.41078610603291 220.020200681425
0.41115173674589 220.020125641353
0.41151736745887 220.020050534416
0.411882998171849 220.019975360614
0.412248628884829 220.019900119948
0.412614259597809 220.019824812417
0.412979890310789 220.019749438022
0.413345521023769 220.019673996762
0.413711151736749 220.019598488637
0.414076782449729 220.019522913649
0.414442413162709 220.019447271795
0.414808043875689 220.019371563078
0.415173674588669 220.019295787496
0.415539305301648 220.01921994505
0.415904936014628 220.019144035739
0.416270566727608 220.019068059565
0.416636197440588 220.018992016526
0.417001828153568 220.018915906623
0.417367458866548 220.018839729856
0.417733089579528 220.018763486225
0.418098720292508 220.01868717573
0.418464351005488 220.018610798371
0.418829981718468 220.018534354148
0.419195612431447 220.018457843061
0.419561243144427 220.018381265111
0.419926873857407 220.018304620296
0.420292504570387 220.018227908617
0.420658135283367 220.018151130075
0.421023765996347 220.018074284669
0.421389396709327 220.0179973724
0.421755027422307 220.017920393267
0.422120658135287 220.01784334727
0.422486288848267 220.017766234409
0.422851919561247 220.017689054686
0.423217550274226 220.017611808098
0.423583180987206 220.017534494647
0.423948811700186 220.017457114333
0.424314442413166 220.017379667155
0.424680073126146 220.017302153114
0.425045703839126 220.017224572209
0.425411334552106 220.017146924441
0.425776965265086 220.01706920981
0.426142595978066 220.016991428316
0.426508226691046 220.016913579958
0.426873857404025 220.016835664737
0.427239488117005 220.016757682653
0.427605118829985 220.016679633707
0.427970749542965 220.016601517897
0.428336380255945 220.016523335224
0.428702010968925 220.016445085688
0.429067641681905 220.016366769289
0.429433272394885 220.016288386027
0.429798903107865 220.016209935902
0.430164533820845 220.016131418915
0.430530164533824 220.016052835064
0.430895795246804 220.015974184351
0.431261425959784 220.015895466775
0.431627056672764 220.015816682337
0.431992687385744 220.015737831036
0.432358318098724 220.015658912872
0.432723948811704 220.015579927845
0.433089579524684 220.015500875956
0.433455210237664 220.015421757205
0.433820840950644 220.01534257159
0.434186471663624 220.015263319114
0.434552102376603 220.015183999774
0.434917733089583 220.015104613573
0.435283363802563 220.015025160509
0.435648994515543 220.014945640583
0.436014625228523 220.014866053794
0.436380255941503 220.014786400143
0.436745886654483 220.01470667963
0.437111517367463 220.014626892255
0.437477148080443 220.014547038017
0.437842778793423 220.014467116917
0.438208409506402 220.014387128956
0.438574040219382 220.014307074132
0.438939670932362 220.014226952445
0.439305301645342 220.014146763897
0.439670932358322 220.014066508487
0.440036563071302 220.013986186215
0.440402193784282 220.013905797081
0.440767824497262 220.013825341085
0.441133455210242 220.013744818228
0.441499085923222 220.013664228508
0.441864716636201 220.013583571927
0.442230347349181 220.013502848484
0.442595978062161 220.013422058179
0.442961608775141 220.013341201012
0.443327239488121 220.013260276984
0.443692870201101 220.013179286093
0.444058500914081 220.013098228342
0.444424131627061 220.013017103728
0.444789762340041 220.012935912254
0.445155393053021 220.012854653917
0.445521023766001 220.012773328719
0.44588665447898 220.01269193666
0.44625228519196 220.01261047774
0.44661791590494 220.012528951958
0.44698354661792 220.012447359314
0.4473491773309 220.012365699809
0.44771480804388 220.012283973443
0.44808043875686 220.012202180216
0.44844606946984 220.012120320127
0.44881170018282 220.012038393177
0.4491773308958 220.011956399366
0.449542961608779 220.011874338694
0.449908592321759 220.01179221116
0.450274223034739 220.011710016766
0.450639853747719 220.01162775551
0.451005484460699 220.011545427394
0.451371115173679 220.011463032416
0.451736745886659 220.011380570578
0.452102376599639 220.011298041878
0.452468007312619 220.011215446318
0.452833638025599 220.011132783897
0.453199268738578 220.011050054614
0.453564899451558 220.010967258471
0.453930530164538 220.010884395467
0.454296160877518 220.010801465602
0.454661791590498 220.010718468877
0.455027422303478 220.010635405291
0.455393053016458 220.010552274844
0.455758683729438 220.010469077536
0.456124314442418 220.010385813368
0.456489945155398 220.010302482339
0.456855575868377 220.01021908445
0.457221206581357 220.0101356197
0.457586837294337 220.01005208809
0.457952468007317 220.009968489619
0.458318098720297 220.009884824287
0.458683729433277 220.009801092095
0.459049360146257 220.009717293043
0.459414990859237 220.00963342713
0.459780621572217 220.009549494357
0.460146252285197 220.009465494724
0.460511882998177 220.00938142823
0.460877513711156 220.009297294876
0.461243144424136 220.009213094662
0.461608775137116 220.009128827588
0.461974405850096 220.009044493653
0.462340036563076 220.008960092858
0.462705667276056 220.008875625203
0.463071297989036 220.008791090688
0.463436928702016 220.008706489313
0.463802559414996 220.008621821078
0.464168190127976 220.008537085983
0.464533820840955 220.008452284028
0.464899451553935 220.008367415213
0.465265082266915 220.008282479538
0.465630712979895 220.008197477003
0.465996343692875 220.008112407608
0.466361974405855 220.008027271353
0.466727605118835 220.007942068238
0.467093235831815 220.007856798264
0.467458866544795 220.00777146143
0.467824497257775 220.007686057736
0.468190127970754 220.007600587182
0.468555758683734 220.007515049769
0.468921389396714 220.007429445496
0.469287020109694 220.007343774363
0.469652650822674 220.00725803637
0.470018281535654 220.007172231518
0.470383912248634 220.007086359807
0.470749542961614 220.007000421235
0.471115173674594 220.006914415805
0.471480804387574 220.006828343514
0.471846435100554 220.006742204365
0.472212065813533 220.006655998355
0.472577696526513 220.006569725487
0.472943327239493 220.006483385759
0.473308957952473 220.006396979171
0.473674588665453 220.006310505724
0.474040219378433 220.006223965418
0.474405850091413 220.006137358252
0.474771480804393 220.006050684228
0.475137111517373 220.005963943344
0.475502742230353 220.005877135601
0.475868372943332 220.005790260998
0.476234003656312 220.005703319537
0.476599634369292 220.005616311216
0.476965265082272 220.005529236036
0.477330895795252 220.005442093997
0.477696526508232 220.005354885098
0.478062157221212 220.005267609341
0.478427787934192 220.005180266725
0.478793418647172 220.00509285725
0.479159049360152 220.005005380915
0.479524680073131 220.004917837722
0.479890310786111 220.00483022767
0.480255941499091 220.004742550759
0.480621572212071 220.004654806989
0.480987202925051 220.004566996361
0.481352833638031 220.004479118873
0.481718464351011 220.004391174527
0.482084095063991 220.004303163321
0.482449725776971 220.004215085257
0.482815356489951 220.004126940335
0.483180987202931 220.004038728553
0.48354661791591 220.003950449913
0.48391224862889 220.003862104414
0.48427787934187 220.003773692057
0.48464351005485 220.003685212841
0.48500914076783 220.003596666766
0.48537477148081 220.003508053833
0.48574040219379 220.003419374042
0.48610603290677 220.003330627391
0.48647166361975 220.003241813883
0.48683729433273 220.003152933515
0.487202925045709 220.003063986289
0.487568555758689 220.002974972205
0.487934186471669 220.002885891263
0.488299817184649 220.002796743462
0.488665447897629 220.002707528802
0.489031078610609 220.002618247285
0.489396709323589 220.002528898909
0.489762340036569 220.002439483675
0.490127970749549 220.002350001583
0.490493601462529 220.002260452632
0.490859232175508 220.002170836823
0.491224862888488 220.002081154156
0.491590493601468 220.00199140463
0.491956124314448 220.001901588247
0.492321755027428 220.001811705005
0.492687385740408 220.001721754906
0.493053016453388 220.001631737948
0.493418647166368 220.001541654132
0.493784277879348 220.001451503458
0.494149908592328 220.001361285926
0.494515539305308 220.001271001536
0.494881170018287 220.001180650288
0.495246800731267 220.001090232183
0.495612431444247 220.000999747219
0.495978062157227 220.000909195397
0.496343692870207 220.000818576717
0.496709323583187 220.00072789118
0.497074954296167 220.000637138785
0.497440585009147 220.000546319532
0.497806215722127 220.000455433421
0.498171846435107 220.000364480452
0.498537477148086 220.000273460626
0.498903107861066 220.000182373941
0.499268738574046 220.0000912204
0.499634369287026 220
