0 4 -0
0.000548446069469835 4 -516.872667861109
0.00109689213893967 4 -1033.5918950737
0.00164533820840951 4 -1550.0042865402
0.00219378427787934 4 -2065.95653825135
0.00274223034734918 4 -2581.29548279665
0.00329067641681901 4 -3095.8681348341
0.00383912248628885 4 -3609.52173650601
0.00438756855575868 4 -4122.10380278726
0.00493601462522852 4 -4633.46216675248
0.00548446069469835 4 -5143.44502474892
0.00603290676416819 4 -5651.90098146138
0.00658135283363803 4 -6158.67909485601
0.00712979890310786 4 -6663.62892098942
0.0076782449725777 4 -7166.60055867006
0.00822669104204753 4 -7667.44469395843
0.00877513711151737 4 -8166.01264449287
0.0093235831809872 4 -8662.156403628
0.00987202925045704 4 -9155.72868437248
0.0104204753199269 4 -9646.58296311313
0.0109689213893967 4 -10134.5735231125
0.0115173674588665 4 -10619.5554977667
0.0120658135283364 4 -11101.3849136112
0.0126142595978062 4 -11579.9187330613
0.0131627056672761 4 -12055.0148968747
0.0137111517367459 4 -12526.5323663235
0.0142595978062157 4 -12994.3311650639
0.0148080438756856 4 -13458.2724206898
0.0153564899451554 4 -13918.2184059588
0.0159049360146252 4 -14374.032579679
0.0164533820840951 4 -14825.5796272422
0.0170018281535649 4 -15272.7255007947
0.0175502742230347 4 -15715.3374590307
0.0180987202925046 4 -16153.2841065988
0.0186471663619744 4 -16586.4354331079
0.0191956124314442 4 -17014.6628517231
0.0197440585009141 4 -17437.8392373381
0.0202925045703839 4 -17855.8389643142
0.0208409506398537 4 -18268.5379437738
0.0213893967093236 4 -18675.8136604381
0.0219378427787934 4 -19077.5452089972
0.0224862888482632 4 -19473.6133300024
0.0230347349177331 4 -19863.9004452704
0.0235831809872029 4 -20248.2906927876
0.0241316270566727 4 -20626.6699611054
0.0246800731261426 4 -20998.9259232158
0.0252285191956124 4 -21364.948069897
0.0257769652650822 4 -21724.6277425199
0.0263254113345521 4 -22077.8581653045
0.0268738574040219 4 -22424.5344770182
0.0274223034734917 4 -22764.5537621046
0.0279707495429616 4 -23097.815081236
0.0285191956124314 4 -23424.2195012785
0.0290676416819012 4 -23743.6701246612
0.0296160877513711 4 -24056.0721181422
0.0301645338208409 4 -24361.3327409606
0.0307129798903107 4 -24659.3613723681
0.0312614259597806 4 -24950.0695385309
0.0318098720292504 4 -25233.3709387946
0.0323583180987202 4 -25509.1814713033
0.0329067641681901 4 -25777.4192579667
0.0334552102376599 4 -26038.0046687667
0.0340036563071297 4 -26290.8603453964
0.0345521023765996 4 -26535.9112242252
0.0351005484460694 4 -26773.0845585824
0.0356489945155392 4 -27002.309940353
0.0361974405850091 4 -27223.5193208794
0.0367458866544789 4 -27436.6470311624
0.0372943327239487 4 -27641.6298013559
0.0378427787934186 4 -27838.4067795498
0.0383912248628884 4 -28026.9195498342
0.0389396709323582 4 -28207.1121496414
0.0394881170018281 4 -28378.9310863587
0.0400365630712979 4 -28542.3253532088
0.0405850091407677 4 -28697.2464443917
0.0411334552102376 4 -28843.6483694843
0.0416819012797074 4 -28981.4876670932
0.0422303473491772 4 -29110.7234177569
0.0427787934186471 4 -29231.3172560934
0.0433272394881169 4 -29343.2333821892
0.0438756855575867 4 -29446.4385722273
0.0444241316270566 4 -29540.9021883498
0.0449725776965264 4 -29626.5961877535
0.0455210237659962 4 -29703.4951310148
0.0460694698354661 4 -29771.5761896411
0.0466179159049359 4 -29830.8191528487
0.0471663619744057 4 -29881.206433562
0.0477148080438756 4 -29922.7230736345
0.0482632541133454 4 -29955.3567482896
0.0488117001828152 4 -29979.0977697792
0.0493601462522851 4 -29993.9390902598
0.0499085923217549 4 -29999.8763038843
0.0504570383912247 4 -29996.9076481107
0.0510054844606946 4 -29985.0340042244
0.0515539305301644 4 -29964.2588970775
0.0521023765996343 4 -29934.5884940418
0.0526508226691041 4 -29896.031603178
0.0531992687385739 4 -29848.5996706212
0.0537477148080438 4 -29792.3067771826
0.0542961608775136 4 -29727.1696341697
0.0548446069469834 4 -29653.2075784251
0.0553930530164533 4 -29570.4425665865
0.0559414990859231 4 -29478.899168568
0.0564899451553929 4 -29378.6045602664
0.0570383912248628 4 -29269.5885154941
0.0575868372943326 4 -29151.8833971396
0.0581352833638024 4 -29025.5241475608
0.0586837294332723 4 -28890.5482782115
0.0592321755027421 4 -28746.9958585058
0.0597806215722119 4 -28594.9095039226
0.0603290676416818 4 -28434.3343633552
0.0608775137111516 4 -28265.3181057078
0.0614259597806214 4 -28087.9109057446
0.0619744058500913 4 -27902.1654291945
0.0625228519195611 4 -27708.1368171166
0.0630712979890309 4 -27505.8826695311
0.0636197440585008 4 -27295.4630283197
0.0641681901279706 4 -27076.9403594014
0.0647166361974405 4 -26850.3795341887
0.0652650822669103 4 -26615.8478103294
0.0658135283363801 4 -26373.4148117409
0.06636197440585 4 -26123.1525079407
0.0669104204753198 4 -25865.1351926814
0.0674588665447897 4 -25599.439461896
0.0680073126142595 4 -25326.1441909589
0.0685557586837293 4 -25045.3305112711
0.0691042047531992 4 -24757.0817861747
0.069652650822669 4 -24461.4835862061
0.0702010968921389 4 -24158.6236636923
0.0707495429616087 4 -23848.5919267014
0.0712979890310785 4 -23531.4804123514
0.0718464351005484 4 -23207.3832594882
0.0723948811700182 4 -22876.396680739
0.0729433272394881 4 -22538.6189339505
0.0734917733089579 4 -22194.1502930193
0.0740402193784278 4 -21843.0930181246
0.0745886654478976 4 -21485.551325371
0.0751371115173674 4 -21121.63135585
0.0756855575868373 4 -20751.4411441311
0.0762340036563071 4 -20375.0905861901
0.076782449725777 4 -19992.6914067847
0.0773308957952468 4 -19604.3571262881
0.0778793418647166 4 -19210.2030269884
0.0784277879341865 4 -18810.3461188658
0.0789762340036563 4 -18404.9051048565
0.0795246800731262 4 -17994.0003456141
0.080073126142596 4 -17577.7538237788
0.0806215722120658 4 -17156.2891077655
0.0811700182815357 4 -16729.7313150807
0.0817184643510055 4 -16298.2070751796
0.0822669104204754 4 -15861.8444918744
0.0828153564899452 4 -15420.7731053053
0.083363802559415 4 -14975.1238534841
0.0839122486288849 4 -14525.0290334243
0.0844606946983547 4 -14070.6222618661
0.0850091407678246 4 -13612.0384356113
0.0855575868372944 4 -13149.4136914765
0.0861060329067642 4 -12682.8853658798
0.0866544789762341 4 -12212.5919540702
0.0872029250457039 4 -11738.6730690135
0.0877513711151738 4 -11261.2693999463
0.0882998171846436 4 -10780.5226706104
0.0888482632541134 4 -10296.5755971806
0.0893967093235833 4 -9809.57184589693
0.0899451553930531 4 -9319.65599041565
0.090493601462523 4 -8826.97346889058
0.0910420475319928 4 -8331.67054079788
0.0915904936014627 4 -7833.89424351678
0.0921389396709325 4 -7333.79234867968
0.0926873857404023 4 -6831.51331830413
0.0932358318098722 4 -6327.20626071975
0.093784277879342 4 -5821.02088630359
0.0943327239488119 4 -5313.10746303639
0.0948811700182817 4 -4803.61677189364
0.0954296160877515 4 -4292.70006208415
0.0959780621572214 4 -3780.50900614964
0.0965265082266912 4 -3267.19565493876
0.0970749542961611 4 -2752.91239246869
0.0976234003656309 4 -2237.81189068792
0.0981718464351007 4 -1722.04706415344
0.0987202925045706 4 -1205.7710246361
0.0992687385740404 4 -689.13703566722
0.0998171846435103 4 -172.298467040232
0.10036563071298 4 344.59125071914
0.10091407678245 4 861.378671900914
0.10146252285192 4 1377.91038116319
0.10201096892139 4 1894.03303907561
0.102559414990859 4 2409.5934276403
0.103107861060329 4 2924.43849577658
0.103656307129799 4 3438.4154047564
0.104204753199269 4 3951.37157357644
0.104753199268739 4 4463.15472425393
0.105301645338209 4 4973.61292703247
0.105850091407679 4 5482.5946454843
0.106398537477148 4 5989.94878149608
0.106946983546618 4 6495.52472012433
0.107495429616088 4 6999.1723743075
0.108043875685558 4 7500.74222942146
0.108592321755028 4 8000.08538766478
0.109140767824498 4 8497.0536122612
0.109689213893967 4 8991.49937146563
0.110237659963437 4 9483.27588236098
0.110786106032907 4 9972.23715443268
0.111334552102377 4 10458.2380329079
0.111882998171847 4 10941.1342418467
0.112431444241317 4 11420.7824269723
0.112979890310786 4 11897.0401982279
0.113528336380256 4 12369.7661720469
0.114076782449726 4 12838.8200133244
0.114625228519196 4 13304.0624770779
0.115173674588666 4 13765.355449784
0.115722120658136 4 14222.561990379
0.116270566727605 4 14675.5463709121
0.116819012797075 4 15124.1741168376
0.117367458866545 4 15568.312046936
0.117915904936015 4 16007.8283128503
0.118464351005485 4 16442.5924382271
0.119012797074955 4 16872.4753574503
0.119561243144425 4 17297.3494539558
0.120109689213894 4 17717.0885981165
0.120658135283364 4 18131.5681846851
0.121206581352834 4 18540.6651697857
0.121755027422304 4 18944.2581074399
0.122303473491774 4 19342.2271856209
0.122851919561244 4 19734.4542618201
0.123400365630713 4 20120.8228981205
0.123948811700183 4 20501.2183957619
0.124497257769653 4 20875.5278291913
0.125045703839123 4 21243.6400795862
0.125594149908593 4 21605.4458678419
0.126142595978063 4 21960.8377870123
0.126691042047532 4 22309.710334195
0.127239488117002 4 22651.9599418518
0.127787934186472 4 22987.4850085534
0.128336380255942 4 23316.1859291416
0.128884826325412 4 23637.9651242985
0.129433272394882 4 23952.727069514
0.129981718464351 4 24260.3783234435
0.130530164533821 4 24560.8275556476
0.131078610603291 4 24853.9855737045
0.131627056672761 4 25139.7653496879
0.132175502742231 4 25418.0820460025
0.1327239488117 4 25688.8530405696
0.13327239488117 4 25951.9979513538
0.13382084095064 4 26207.438660226
0.13436928702011 4 26455.099336154
0.13491773308958 4 26694.9064577132
0.13546617915905 4 26926.7888349135
0.136014625228519 4 27150.677630332
0.136563071297989 4 27366.5063795491
0.137111517367459 4 27574.2110108786
0.137659963436929 4 27773.7298643891
0.138208409506399 4 27965.003710208
0.138756855575869 4 28147.9757661048
0.139305301645338 4 28322.5917143477
0.139853747714808 4 28488.7997178287
0.140402193784278 4 28646.550435452
0.140950639853748 4 28795.7970367814
0.141499085923218 4 28936.495215943
0.142047531992688 4 29068.6032047777
0.142595978062157 4 29192.0817852406
0.143144424131627 4 29306.8943010434
0.143692870201097 4 29413.0066685367
0.144241316270567 4 29510.3873868277
0.144789762340037 4 29599.0075471318
0.145338208409507 4 29678.8408413547
0.145886654478976 4 29749.8635699025
0.146435100548446 4 29812.0546487166
0.146983546617916 4 29865.3956155335
0.147531992687386 4 29909.8706353649
0.148080438756856 4 29945.4665051993
0.148628884826325 4 29972.1726579207
0.149177330895795 4 29989.9811654462
0.149725776965265 4 29998.8867410794
0.150274223034735 4 29998.8867410794
0.150822669104205 4 29989.9811654462
0.151371115173675 4 29972.1726579207
0.151919561243144 4 29945.4665051993
0.152468007312614 4 29909.8706353649
0.153016453382084 4 29865.3956155335
0.153564899451554 4 29812.0546487166
0.154113345521024 4 29749.8635699025
0.154661791590494 4 29678.8408413547
0.155210237659963 4 29599.0075471317
0.155758683729433 4 29510.3873868276
0.156307129798903 4 29413.0066685367
0.156855575868373 4 29306.8943010434
0.157404021937843 4 29192.0817852406
0.157952468007313 4 29068.6032047777
0.158500914076782 4 28936.495215943
0.159049360146252 4 28795.7970367814
0.159597806215722 4 28646.5504354519
0.160146252285192 4 28488.7997178287
0.160694698354662 4 28322.5917143477
0.161243144424131 4 28147.9757661048
0.161791590493601 4 27965.003710208
0.162340036563071 4 27773.7298643891
0.162888482632541 4 27574.2110108786
0.163436928702011 4 27366.506379549
0.163985374771481 4 27150.677630332
0.16453382084095 4 26926.7888349135
0.16508226691042 4 26694.9064577132
0.16563071297989 4 26455.0993361539
0.16617915904936 4 26207.438660226
0.16672760511883 4 25951.9979513538
0.1672760511883 4 25688.8530405696
0.167824497257769 4 25418.0820460025
0.168372943327239 4 25139.7653496878
0.168921389396709 4 24853.9855737044
0.169469835466179 4 24560.8275556476
0.170018281535649 4 24260.3783234435
0.170566727605119 4 23952.7270695139
0.171115173674588 4 23637.9651242985
0.171663619744058 4 23316.1859291416
0.172212065813528 4 22987.4850085533
0.172760511882998 4 22651.9599418518
0.173308957952468 4 22309.710334195
0.173857404021938 4 21960.8377870122
0.174405850091407 4 21605.4458678418
0.174954296160877 4 21243.6400795861
0.175502742230347 4 20875.5278291912
0.176051188299817 4 20501.2183957618
0.176599634369287 4 20120.8228981205
0.177148080438756 4 19734.4542618201
0.177696526508226 4 19342.2271856209
0.178244972577696 4 18944.2581074399
0.178793418647166 4 18540.6651697857
0.179341864716636 4 18131.5681846852
0.179890310786106 4 17717.0885981165
0.180438756855575 4 17297.3494539559
0.180987202925045 4 16872.4753574504
0.181535648994515 4 16442.5924382272
0.182084095063985 4 16007.8283128504
0.182632541133455 4 15568.3120469361
0.183180987202925 4 15124.1741168377
0.183729433272394 4 14675.5463709122
0.184277879341864 4 14222.5619903791
0.184826325411334 4 13765.3554497841
0.185374771480804 4 13304.062477078
0.185923217550274 4 12838.8200133245
0.186471663619744 4 12369.7661720471
0.187020109689213 4 11897.0401982281
0.187568555758683 4 11420.7824269725
0.188117001828153 4 10941.1342418469
0.188665447897623 4 10458.2380329081
0.189213893967093 4 9972.23715443291
0.189762340036562 4 9483.27588236124
0.190310786106032 4 8991.49937146591
0.190859232175502 4 8497.05361226148
0.191407678244972 4 8000.08538766508
0.191956124314442 4 7500.74222942178
0.192504570383912 4 6999.17237430782
0.193053016453381 4 6495.52472012466
0.193601462522851 4 5989.94878149645
0.194149908592321 4 5482.59464548466
0.194698354661791 4 4973.61292703285
0.195246800731261 4 4463.15472425434
0.195795246800731 4 3951.37157357686
0.1963436928702 4 3438.41540475682
0.19689213893967 4 2924.43849577703
0.19744058500914 4 2409.59342764076
0.19798903107861 4 1894.03303907608
0.19853747714808 4 1377.91038116367
0.19908592321755 4 861.378671901418
0.199634369287019 4 344.591250719644
0.200182815356489 4 -172.298467039715
0.200731261425959 4 -689.137035666676
0.201279707495429 4 -1205.77102463557
0.201828153564899 4 -1722.04706415289
0.202376599634368 4 -2237.81189068734
0.202925045703838 4 -2752.9123924681
0.203473491773308 4 -3267.19565493817
0.204021937842778 4 -3780.50900614903
0.204570383912248 4 -4292.70006208352
0.205118829981718 4 -4803.61677189302
0.205667276051187 4 -5313.10746303575
0.206215722120657 4 -5821.02088630293
0.206764168190127 4 -6327.20626071911
0.207312614259597 4 -6831.51331830345
0.207861060329067 4 -7333.792348679
0.208409506398537 4 -7833.8942435161
0.208957952468006 4 -8331.67054079718
0.209506398537476 4 -8826.97346888988
0.210054844606946 4 -9319.65599041491
0.210603290676416 4 -9809.57184589622
0.211151736745886 4 -10296.5755971799
0.211700182815356 4 -10780.5226706097
0.212248628884825 4 -11261.2693999455
0.212797074954295 4 -11738.6730690127
0.213345521023765 4 -12212.5919540695
0.213893967093235 4 -12682.8853658791
0.214442413162705 4 -13149.4136914757
0.214990859232175 4 -13612.0384356105
0.215539305301644 4 -14070.6222618653
0.216087751371114 4 -14525.0290334235
0.216636197440584 4 -14975.1238534833
0.217184643510054 4 -15420.7731053045
0.217733089579524 4 -15861.8444918737
0.218281535648993 4 -16298.2070751788
0.218829981718463 4 -16729.7313150799
0.219378427787933 4 -17156.2891077647
0.219926873857403 4 -17577.753823778
0.220475319926873 4 -17994.0003456133
0.221023765996343 4 -18404.9051048557
0.221572212065812 4 -18810.346118865
0.222120658135282 4 -19210.2030269876
0.222669104204752 4 -19604.3571262873
0.223217550274222 4 -19992.6914067839
0.223765996343692 4 -20375.0905861892
0.224314442413162 4 -20751.4411441303
0.224862888482631 4 -21121.6313558492
0.225411334552101 4 -21485.5513253702
0.225959780621571 4 -21843.0930181239
0.226508226691041 4 -22194.1502930185
0.227056672760511 4 -22538.6189339497
0.227605118829981 4 -22876.3966807383
0.22815356489945 4 -23207.3832594874
0.22870201096892 4 -23531.4804123506
0.22925045703839 4 -23848.5919267006
0.22979890310786 4 -24158.6236636916
0.23034734917733 4 -24461.4835862054
0.230895795246799 4 -24757.081786174
0.231444241316269 4 -25045.3305112704
0.231992687385739 4 -25326.1441909582
0.232541133455209 4 -25599.4394618953
0.233089579524679 4 -25865.1351926807
0.233638025594149 4 -26123.15250794
0.234186471663618 4 -26373.4148117403
0.234734917733088 4 -26615.8478103288
0.235283363802558 4 -26850.379534188
0.235831809872028 4 -27076.9403594008
0.236380255941498 4 -27295.4630283191
0.236928702010968 4 -27505.8826695306
0.237477148080437 4 -27708.1368171161
0.238025594149907 4 -27902.165429194
0.238574040219377 4 -28087.9109057441
0.239122486288847 4 -28265.3181057074
0.239670932358317 4 -28434.3343633547
0.240219378427787 4 -28594.9095039221
0.240767824497256 4 -28746.9958585053
0.241316270566726 4 -28890.5482782112
0.241864716636196 4 -29025.5241475605
0.242413162705666 4 -29151.8833971393
0.242961608775136 4 -29269.5885154937
0.243510054844606 4 -29378.6045602661
0.244058500914075 4 -29478.8991685677
0.244606946983545 4 -29570.4425665863
0.245155393053015 4 -29653.2075784249
0.245703839122485 4 -29727.1696341694
0.246252285191955 4 -29792.3067771824
0.246800731261424 4 -29848.599670621
0.247349177330894 4 -29896.0316031779
0.247897623400364 4 -29934.5884940417
0.248446069469834 4 -29964.2588970775
0.248994515539304 4 -29985.0340042244
0.249542961608774 4 -29996.9076481106
0.250091407678243 4 -29999.8763038843
0.250639853747713 4 -29993.9390902598
0.251188299817183 4 -29979.0977697793
0.251736745886653 4 -29955.3567482897
0.252285191956123 4 -29922.7230736346
0.252833638025593 4 -29881.2064335621
0.253382084095063 4 -29830.8191528489
0.253930530164532 4 -29771.5761896413
0.254478976234002 4 -29703.495131015
0.255027422303472 4 -29626.5961877538
0.255575868372942 4 -29540.90218835
0.256124314442412 4 -29446.4385722275
0.256672760511882 4 -29343.2333821895
0.257221206581352 4 -29231.3172560937
0.257769652650821 4 -29110.7234177572
0.258318098720291 4 -28981.4876670935
0.258866544789761 4 -28843.6483694847
0.259414990859231 4 -28697.2464443921
0.259963436928701 4 -28542.3253532092
0.260511882998171 4 -28378.9310863591
0.261060329067641 4 -28207.1121496418
0.26160877513711 4 -28026.9195498346
0.26215722120658 4 -27838.4067795502
0.26270566727605 4 -27641.6298013563
0.26325411334552 4 -27436.6470311628
0.26380255941499 4 -27223.5193208799
0.26435100548446 4 -27002.3099403535
0.26489945155393 4 -26773.0845585828
0.265447897623399 4 -26535.9112242256
0.265996343692869 4 -26290.8603453968
0.266544789762339 4 -26038.0046687672
0.267093235831809 4 -25777.4192579672
0.267641681901279 4 -25509.1814713038
0.268190127970749 4 -25233.3709387951
0.268738574040219 4 -24950.0695385314
0.269287020109688 4 -24659.3613723686
0.269835466179158 4 -24361.3327409611
0.270383912248628 4 -24056.0721181427
0.270932358318098 4 -23743.6701246617
0.271480804387568 4 -23424.219501279
0.272029250457038 4 -23097.8150812365
0.272577696526507 4 -22764.553762105
0.273126142595977 4 -22424.5344770186
0.273674588665447 4 -22077.858165305
0.274223034734917 4 -21724.6277425203
0.274771480804387 4 -21364.9480698975
0.275319926873857 4 -20998.9259232162
0.275868372943327 4 -20626.6699611058
0.276416819012796 4 -20248.290692788
0.276965265082266 4 -19863.9004452708
0.277513711151736 4 -19473.6133300028
0.278062157221206 4 -19077.5452089976
0.278610603290676 4 -18675.8136604386
0.279159049360146 4 -18268.5379437743
0.279707495429616 4 -17855.8389643146
0.280255941499085 4 -17437.8392373385
0.280804387568555 4 -17014.6628517235
0.281352833638025 4 -16586.4354331083
0.281901279707495 4 -16153.2841065991
0.282449725776965 4 -15715.3374590311
0.282998171846435 4 -15272.725500795
0.283546617915905 4 -14825.5796272424
0.284095063985374 4 -14374.0325796792
0.284643510054844 4 -13918.2184059591
0.285191956124314 4 -13458.27242069
0.285740402193784 4 -12994.3311650642
0.286288848263254 4 -12526.5323663237
0.286837294332724 4 -12055.0148968749
0.287385740402194 4 -11579.9187330615
0.287934186471663 4 -11101.3849136114
0.288482632541133 4 -10619.5554977668
0.289031078610603 4 -10134.5735231126
0.289579524680073 4 -9646.58296311327
0.290127970749543 4 -9155.72868437261
0.290676416819013 4 -8662.15640362813
0.291224862888483 4 -8166.01264449293
0.291773308957952 4 -7667.44469395849
0.292321755027422 4 -7166.60055867011
0.292870201096892 4 -6663.62892098945
0.293418647166362 4 -6158.67909485603
0.293967093235832 4 -5651.9009814614
0.294515539305302 4 -5143.44502474892
0.295063985374772 4 -4633.46216675242
0.295612431444241 4 -4122.10380278719
0.296160877513711 4 -3609.52173650594
0.296709323583181 4 -3095.86813483401
0.297257769652651 4 -2581.29548279655
0.297806215722121 4 -2065.95653825124
0.298354661791591 4 -1550.00428654008
0.298903107861061 4 -1033.59189507352
0.29945155393053 4 -516.872667860917
0.30018148093783 4 0
0.300911407945129 4 0
0.301641334952428 4 0
0.302371261959728 4 0
0.303101188967027 4 0
0.303831115974326 4 0
0.304561042981625 4 0
0.305290969988925 4 0
0.306020896996224 4 0
0.306750824003523 4 0
0.307480751010823 4 0
0.308210678018122 4 0
0.308940605025421 4 0
0.30967053203272 4 0
0.31040045904002 4 0
0.311130386047319 4 0
0.311860313054618 4 0
0.312590240061918 4 0
0.313320167069217 4 0
0.314050094076516 4 0
0.314780021083815 4 0
0.315509948091115 4 0
0.316239875098414 4 0
0.316969802105713 4 0
0.317699729113013 4 0
0.318429656120312 4 0
0.319159583127611 4 0
0.319889510134911 4 0
0.32061943714221 4 0
0.321349364149509 4 0
0.322079291156808 4 0
0.322809218164108 4 0
0.323539145171407 4 0
0.324269072178706 4 0
0.324998999186006 4 0
0.325728926193305 4 0
0.326458853200604 4 0
0.327188780207903 4 0
0.327918707215203 4 0
0.328648634222502 4 0
0.329378561229801 4 0
0.330108488237101 4 0
0.3308384152444 4 0
0.331568342251699 4 0
0.332298269258998 4 0
0.333028196266298 4 0
0.333758123273597 4 0
0.334488050280896 4 0
0.335217977288196 4 0
0.335947904295495 4 0
0.336677831302794 4 0
0.337407758310094 4 0
0.338137685317393 4 0
0.338867612324692 4 0
0.339597539331991 4 0
0.340327466339291 4 0
0.34105739334659 4 0
0.341787320353889 4 0
0.342517247361189 4 0
0.343247174368488 4 0
0.343977101375787 4 0
0.344707028383086 4 0
0.345436955390386 4 0
0.346166882397685 4 0
0.346896809404984 4 0
0.347626736412284 4 0
0.348356663419583 4 0
0.349086590426882 4 0
0.349816517434181 4 0
0.350546444441481 4 0
0.35127637144878 4 0
0.352006298456079 4 0
0.352736225463379 4 0
0.353466152470678 4 0
0.354196079477977 4 0
0.354926006485277 4 0
0.355655933492576 4 0
0.356385860499875 4 0
0.357115787507174 4 0
0.357845714514474 4 0
0.358575641521773 4 0
0.359305568529072 4 0
0.360035495536372 4 0
0.360765422543671 4 0
0.36149534955097 4 0
0.362225276558269 4 0
0.362955203565569 4 0
0.363685130572868 4 0
0.364415057580167 4 0
0.365144984587467 4 0
0.365874911594766 4 0
0.366604838602065 4 0
0.367334765609364 4 0
0.368064692616664 4 0
0.368794619623963 4 0
0.369524546631262 4 0
0.370254473638562 4 0
0.370984400645861 4 0
0.37171432765316 4 0
0.372444254660459 4 0
0.373174181667759 4 0
0.373904108675058 4 0
0.374634035682357 4 0
0.375363962689657 4 0
0.376093889696956 4 0
0.376823816704255 4 0
0.377553743711555 4 0
0.378283670718854 4 0
0.379013597726153 4 0
0.379743524733452 4 0
0.380473451740752 4 0
0.381203378748051 4 0
0.38193330575535 4 0
0.38266323276265 4 0
0.383393159769949 4 0
0.384123086777248 4 0
0.384853013784547 4 0
0.385582940791847 4 0
0.386312867799146 4 0
0.387042794806445 4 0
0.387772721813745 4 0
0.388502648821044 4 0
0.389232575828343 4 0
0.389962502835642 4 0
0.390692429842942 4 0
0.391422356850241 4 0
0.39215228385754 4 0
0.39288221086484 4 0
0.393612137872139 4 0
0.394342064879438 4 0
0.395071991886738 4 0
0.395801918894037 4 0
0.396531845901336 4 0
0.397261772908635 4 0
0.397991699915935 4 0
0.398721626923234 4 0
0.399451553930533 4 0
0.400181480937833 4 0
0.400911407945132 4 0
0.401641334952431 4 0
0.40237126195973 4 0
0.40310118896703 4 0
0.403831115974329 4 0
0.404561042981628 4 0
0.405290969988928 4 0
0.406020896996227 4 0
0.406750824003526 4 0
0.407480751010825 4 0
0.408210678018125 4 0
0.408940605025424 4 0
0.409670532032723 4 0
0.410400459040023 4 0
0.411130386047322 4 0
0.411860313054621 4 0
0.412590240061921 4 0
0.41332016706922 4 0
0.414050094076519 4 0
0.414780021083818 4 0
0.415509948091118 4 0
0.416239875098417 4 0
0.416969802105716 4 0
0.417699729113016 4 0
0.418429656120315 4 0
0.419159583127614 4 0
0.419889510134913 4 0
0.420619437142213 4 0
0.421349364149512 4 0
0.422079291156811 4 0
0.422809218164111 4 0
0.42353914517141 4 0
0.424269072178709 4 0
0.424998999186008 4 0
0.425728926193308 4 0
0.426458853200607 4 0
0.427188780207906 4 0
0.427918707215206 4 0
0.428648634222505 4 0
0.429378561229804 4 0
0.430108488237104 4 0
0.430838415244403 4 0
0.431568342251702 4 0
0.432298269259001 4 0
0.433028196266301 4 0
0.4337581232736 4 0
0.434488050280899 4 0
0.435217977288199 4 0
0.435947904295498 4 0
0.436677831302797 4 0
0.437407758310096 4 0
0.438137685317396 4 0
0.438867612324695 4 0
0.439597539331994 4 0
0.440327466339294 4 0
0.441057393346593 4 0
0.441787320353892 4 0
0.442517247361191 4 0
0.443247174368491 4 0
0.44397710137579 4 0
0.444707028383089 4 0
0.445436955390389 4 0
0.446166882397688 4 0
0.446896809404987 4 0
0.447626736412287 4 0
0.448356663419586 4 0
0.449086590426885 4 0
0.449816517434184 4 0
0.450546444441484 4 0
0.451276371448783 4 0
0.452006298456082 4 0
0.452736225463382 4 0
0.453466152470681 4 0
0.45419607947798 4 0
0.454926006485279 4 0
0.455655933492579 4 0
0.456385860499878 4 0
0.457115787507177 4 0
0.457845714514477 4 0
0.458575641521776 4 0
0.459305568529075 4 0
0.460035495536374 4 0
0.460765422543674 4 0
0.461495349550973 4 0
0.462225276558272 4 0
0.462955203565572 4 0
0.463685130572871 4 0
0.46441505758017 4 0
0.46514498458747 4 0
0.465874911594769 4 0
0.466604838602068 4 0
0.467334765609367 4 0
0.468064692616667 4 0
0.468794619623966 4 0
0.469524546631265 4 0
0.470254473638565 4 0
0.470984400645864 4 0
0.471714327653163 4 0
0.472444254660462 4 0
0.473174181667762 4 0
0.473904108675061 4 0
0.47463403568236 4 0
0.47536396268966 4 0
0.476093889696959 4 0
0.476823816704258 4 0
0.477553743711557 4 0
0.478283670718857 4 0
0.479013597726156 4 0
0.479743524733455 4 0
0.480473451740755 4 0
0.481203378748054 4 0
0.481933305755353 4 0
0.482663232762652 4 0
0.483393159769952 4 0
0.484123086777251 4 0
0.48485301378455 4 0
0.48558294079185 4 0
0.486312867799149 4 0
0.487042794806448 4 0
0.487772721813748 4 0
0.488502648821047 4 0
0.489232575828346 4 0
0.489962502835645 4 0
0.490692429842945 4 0
0.491422356850244 4 0
0.492152283857543 4 0
0.492882210864843 4 0
0.493612137872142 4 0
0.494342064879441 4 0
0.49507199188674 4 0
0.49580191889404 4 0
0.496531845901339 4 0
0.497261772908638 4 0
0.497991699915938 4 0
0.498721626923237 4 0
