0 143.691682663761
0.00545454545454545 143.691682663761
0.0109090909090909 143.742416539255
0.0163636363636364 143.952823812323
0.0218181818181818 144.416616232057
0.0272727272727273 145.216790331776
0.0327272727272727 146.423385508986
0.0381818181818182 148.09110377269
0.0436363636363636 150.257306486639
0.0490909090909091 152.940530441325
0.0545454545454545 156.139592181568
0.06 159.833317698908
0.0654545454545454 163.980911201789
0.0709090909090909 168.522955538687
0.0763636363636364 173.383016812977
0.0818181818181818 178.469806836432
0.0872727272727273 183.679839689692
0.0927272727272727 188.900503238033
0.0981818181818182 194.013453421653
0.103636363636364 198.898228881268
0.109090909090909 203.435976297833
0.114545454545455 207.513172937493
0.12 211.02523242107
0.125454545454545 213.879882702319
0.130909090909091 216.00021155941
0.136363636363636 217.327284398218
0.141818181818182 217.822251557815
0.147272727272727 217.467877234749
0.152727272727273 216.269439163933
0.158181818181818 214.254966807458
0.163636363636364 211.474805457108
0.169090909090909 208.000513768373
0.174545454545455 203.923122214951
0.18 199.350799187447
0.185454545454545 194.405989383276
0.190909090909091 189.222105209002
0.196363636363636 183.939865657775
0.201818181818182 178.70338811723
0.207272727272727 173.656146471964
0.212727272727273 168.93691344474
0.218181818181818 164.675806225312
0.223636363636364 160.99055202105
0.229090909090909 157.983084289458
0.234545454545455 155.736571241725
0.24 154.312965999076
0.245454545454545 153.75115289087
0.250909090909091 154.065747236261
0.256363636363636 155.246587048597
0.261818181818182 157.258934995689
0.267272727272727 160.044388228332
0.272727272727273 163.522472962654
0.278181818181818 167.592880579171
0.283636363636364 172.138283076771
0.289090909090909 177.027648553461
0.294545454545454 182.119962487223
0.3 184.168003235201
0.301818181818182 184.59184248365
0.303636363636364 185.013136151027
0.305454545454545 185.43191463233
0.307272727272727 185.8482077814
0.309090909090909 186.26204492369
0.310909090909091 186.673454868665
0.312727272727273 187.082465921833
0.314545454545455 187.489105896432
0.316363636363636 187.893402124779
0.318181818181818 188.295381469296
0.32 188.695070333218
0.321818181818182 189.092494670998
0.323636363636364 189.487679998425
0.325454545454545 189.880651402449
0.327272727272727 190.27143355074
0.329090909090909 190.66005070098
0.330909090909091 191.046526709896
0.332727272727273 191.430885042051
0.334545454545455 191.81314877839
0.336363636363636 192.19334062456
0.338181818181818 192.571482918998
0.34 192.947597640812
0.341818181818182 193.321706417443
0.343636363636364 193.693830532129
0.345454545454545 194.06399093117
0.347272727272727 194.432208231003
0.349090909090909 194.798502725094
0.350909090909091 195.162894390643
0.352727272727273 195.525402895131
0.354545454545455 195.88604760268
0.356363636363636 196.244847580267
0.358181818181818 196.60182160377
0.36 196.956988163862
0.361818181818182 197.310365471763
0.363636363636364 197.661971464837
0.365454545454545 198.011823812061
0.367272727272727 198.359939919348
0.369090909090909 198.706336934747
0.370909090909091 199.05103175351
0.372727272727273 199.394041023037
0.374545454545455 199.735381147701
0.376363636363636 200.075068293552
0.378181818181818 200.413118392918
0.38 200.749547148881
0.381818181818182 201.084370039661
0.383636363636364 201.417602322883
0.385454545454545 201.749259039755
0.387272727272727 202.079355019135
0.389090909090909 202.407904881516
0.390909090909091 202.734923042907
0.392727272727273 203.06042371863
0.394545454545455 203.384420927029
0.396363636363636 203.70692849309
0.398181818181818 204.027960051984
0.4 204.347529052524
0.401818181818182 204.665648760543
0.403636363636364 204.982332262206
0.405454545454545 205.297592467232
0.407272727272727 205.611442112057
0.409090909090909 205.923893762919
0.410909090909091 206.234959818876
0.412727272727273 206.544652514762
0.414545454545455 206.852983924074
0.416363636363636 207.159965961791
0.418181818181818 207.465610387143
0.42 207.769928806311
0.421818181818182 208.072932675073
0.423636363636364 208.374633301389
0.425454545454545 208.675041847934
0.427272727272727 208.974169334579
0.429090909090909 209.272026640814
0.430909090909091 209.568624508122
0.432727272727273 209.863973542305
0.434545454545455 210.158084215757
0.436363636363636 210.450966869696
0.438181818181818 210.742631716342
0.44 211.033088841056
0.441818181818182 211.32234820443
0.443636363636364 211.610419644341
0.445454545454545 211.897312877954
0.447272727272727 212.183037503691
0.449090909090909 212.467603003157
0.450909090909091 212.751018743029
0.452727272727273 213.033293976906
0.454545454545455 213.31443784712
0.456363636363636 213.594459386515
0.458181818181818 213.873367520186
0.46 214.15117106719
0.461818181818182 214.427878742213
0.463636363636364 214.703499157216
0.465454545454545 214.978040823042
0.467272727272727 215.251512150989
0.469090909090909 215.523921454361
0.470909090909091 215.795276949984
0.472727272727273 216.065586759688
0.474545454545455 216.334858911774
0.476363636363636 216.603101342437
0.478181818181818 216.870321897174
0.48 217.136528332159
0.481818181818182 217.401728315593
0.483636363636364 217.665929429033
0.485454545454545 217.92913916869
0.487272727272727 218.191364946702
0.489090909090909 218.452614092395
0.490909090909091 218.712893853502
0.492727272727273 218.972211397378
0.494545454545455 219.230573812178
0.496363636363636 219.487988108026
0.498181818181818 219.744461218148
0.5 220
