0.000500834724540901 -472.006131483767 -236.003065788516 -236.003065788516
0.0010016694490818 -943.895413351232 -707.921560018413 -707.921560018413
0.0015025041736227 -1415.55102491333 -1179.62585424133 -1179.62585424133
0.00200333889816361 -1886.85620332831 -1650.99917792962 -1650.99917792962
0.00250417362270451 -2357.69427250749 -2121.92484526484 -2121.92484526484
0.00300500834724541 -2827.94867199951 -2592.28628267163 -2592.28628267163
0.00350584307178631 -3297.50298584602 -3061.96705819697 -3061.96705819697
0.00400667779632721 -3766.24097140156 -3530.85091059589 -3530.85091059589
0.00450751252086811 -4234.04658811048 -3998.82177774787 -3998.82177774787
0.00500834724540901 -4700.80402623396 -4465.76382483826 -4465.76382483826
0.00550918196994992 -5166.39773551975 -4931.56147473595 -4931.56147473595
0.00601001669449082 -5630.71245380779 -5396.09943495194 -5396.09943495194
0.00651085141903172 -6093.6332355644 -5859.26272651137 -5859.26272651137
0.00701168614357262 -6555.04548033822 -6320.93671316156 -6320.93671316156
0.00751252086811352 -7014.83496113055 -6781.00712903512 -6781.00712903512
0.00801335559265442 -7472.8878526734 -7239.36010730859 -7239.36010730859
0.00851419031719533 -7929.090759608 -7695.88220786775 -7695.88220786775
0.00901502504173623 -8383.3307445569 -8150.46044612835 -8150.46044612835
0.00951585976627713 -8835.49535608269 -8602.98232039181 -8602.98232039181
0.010016694490818 -9285.47265652644 -9053.33584003347 -9053.33584003347
0.0105175292153589 -9733.15124971892 -9501.40955336894 -9501.40955336894
0.0110183639398998 -10178.4203085578 -9947.0925741165 -9947.0925741165
0.0115191986644407 -10621.1696024439 -10390.2746111665 -10390.2746111665
0.0120200333889816 -11061.2895245699 -10830.8459929225 -10830.8459929225
0.0125208681135225 -11498.6711190545 -11268.6976965997 -11268.6976965997
0.0130217028380634 -11933.2061079156 -11703.721375212 -11703.721375212
0.0135225375626043 -12364.7869178753 -12135.8093823949 -12135.8093823949
0.0140233722871452 -12793.3067069909 -12564.8548015099 -12564.8548015099
0.0145242070116861 -13218.6593911047 -12990.7514704946 -12990.7514704946
0.015025041736227 -13640.7396701058 -13413.3940090318 -13413.3940090318
0.0155258764607679 -14059.4430539987 -13832.6778433775 -13832.6778433775
0.0160267111853088 -14474.66588877 -14248.4992342029 -14248.4992342029
0.0165275459098497 -14886.3053820498 -14660.7553003382 -14660.7553003382
0.0170283806343907 -15294.2596285585 -15069.344045725 -15069.344045725
0.0175292153589316 -15698.4276353342 -15474.1643834243 -15474.1643834243
0.0180300500834725 -16098.7093467351 -15875.1161612884 -15875.1161612884
0.0185308848080134 -16495.0056692084 -16272.1001872512 -16272.1001872512
0.0190317195325543 -16887.2184958228 -16665.0182523831 -16665.0182523831
0.0195325542570952 -17275.250730555 -17053.7731570314 -17053.7731570314
0.0200333889816361 -17659.0063123272 -17438.2687335881 -17438.2687335881
0.020534223706177 -18038.3902387877 -17818.4098699177 -17818.4098699177
0.0210350584307179 -18413.3085898297 -18194.1025351933 -18194.1025351933
0.0215358931552588 -18783.6685508425 -18565.2538001575 -18565.2538001575
0.0220367278797997 -19149.3784356878 -18931.7718624693 -18931.7718624693
0.0225375626043406 -19510.3477093982 -19293.5660679612 -19293.5660679612
0.0230383973288815 -19866.48701059 -19650.5469343716 -19650.5469343716
0.0235392320534224 -20217.7081735848 -20002.6261716486 -20002.6261716486
0.0240400667779633 -20563.9242502365 -20349.716705961 -20349.716705961
0.0245409015025042 -20905.0495314556 -20691.7326995383 -20691.7326995383
0.0250417362270451 -21240.9995684278 -21028.5895728902 -21028.5895728902
0.025542570951586 -21571.6911935196 -21360.2040250406 -21360.2040250406
0.0260434056761269 -21897.0425408675 -21686.4940549253 -21686.4940549253
0.0265442404006678 -22216.9730666448 -22007.3789811956 -22007.3789811956
0.0270450751252087 -22531.4035690007 -22322.7794619723 -22322.7794619723
0.0275459098497496 -22840.2562076676 -22632.6175149143 -22632.6175149143
0.0280467445742905 -23143.4545232314 -22936.8165363402 -22936.8165363402
0.0285475792988314 -23440.9234560594 -23235.3013205478 -23235.3013205478
0.0290484140233723 -23732.5893648822 -23527.9980772701 -23527.9980772701
0.0295492487479132 -24018.3800450244 -23814.8344514824 -23814.8344514824
0.0300500834724541 -24298.2247462794 -24095.739539993 -24095.739539993
0.030550918196995 -24572.0541904244 -24370.6439100372 -24370.6439100372
0.0310517529215359 -24839.8005883707 -24639.4796159 -24639.4796159
0.0315525876460768 -25101.3976569457 -24902.1802151837 -24902.1802151837
0.0320534223706177 -25356.7806353021 -25158.6807865188 -25158.6807865188
0.0325542570951586 -25605.8863009495 -25408.9179449275 -25408.9179449275
0.0330550918196995 -25848.6529854063 -25652.8298566459 -25652.8298566459
0.0335559265442404 -26085.0205894661 -25890.3562568055 -25890.3562568055
0.0340567612687813 -26314.9305980758 -26121.438461255 -26121.438461255
0.0345575959933222 -26538.3260948217 -26346.0193839771 -26346.0193839771
0.0350584307178631 -26755.1517760194 -26564.0435490067 -26564.0435490067
0.035559265442404 -26965.3539644051 -26775.4571056924 -26775.4571056924
0.0360601001669449 -27168.8806224238 -26980.2078404189 -26980.2078404189
0.0365609348914858 -27365.6813651114 -27178.245191426 -27178.245191426
0.0370617696160267 -27555.7074725687 -27369.5202598902 -27369.5202598902
0.0375626043405676 -27738.9119020216 -27553.9858227037 -27553.9858227037
0.0380634390651085 -27915.2492994676 -27731.5963434716 -27731.5963434716
0.0385642737896494 -28084.6760109034 -27902.3079848435 -27902.3079848435
0.0390651085141903 -28247.1500931318 -28066.0786181841 -28066.0786181841
0.0395659432387312 -28402.6313241453 -28222.867834767 -28222.867834767
0.0400667779632721 -28551.0812130834 -28372.6369555901 -28372.6369555901
0.040567612687813 -28692.4630097612 -28515.3490405295 -28515.3490405295
0.0410684474123539 -28826.7417137676 -28650.9688984099 -28650.9688984099
0.0415692821368948 -28953.8840831297 -28779.4630946843 -28779.4630946843
0.0420701168614357 -29073.8586425421 -28900.7999600528 -28900.7999600528
0.0425709515859766 -29186.6356911593 -29014.9495989339 -29014.9495989339
0.0430717863105175 -29292.1873099481 -29121.8838952797 -29121.8838952797
0.0435726210350584 -29390.4873685992 -29221.5765217158 -29221.5765217158
0.0440734557595993 -29481.5115319964 -29314.0029436834 -29314.0029436834
0.0445742904841402 -29565.2372662404 -29399.1404275531 -29399.1404275531
0.0450751252086811 -29641.6438442278 -29476.968045248 -29476.968045248
0.045575959933222 -29710.712350782 -29547.466678375 -29547.466678375
0.0460767946577629 -29772.425687336 -29610.6190260434 -29610.6190260434
0.0465776293823038 -29826.7685761651 -29666.4096053726 -29666.4096053726
0.0470784641068447 -29873.7275641694 -29714.8247579624 -29714.8247579624
0.0475792988313856 -29913.2910262037 -29755.8526523314 -29755.8526523314
0.0480801335559265 -29945.449167956 -29789.4832869049 -29789.4832869049
0.0485809682804674 -29970.1940283718 -29815.7084920929 -29815.7084920929
0.0490818030050083 -29987.5194816251 -29834.5219333064 -29834.5219333064
0.0495826377295492 -29997.4212386349 -29845.9191110911 -29845.9191110911
0.0500834724540901 -29999.8968481267 -29849.8973639321 -29849.8973639321
0.050584307178631 -29994.9456972399 -29846.4558670379 -29846.4558670379
0.051085141903172 -29982.5690116791 -29835.5956340918 -29835.5956340918
0.0515859766277128 -29962.7698554107 -29817.3195164006 -29817.3195164006
0.0520868113522538 -29935.5531299046 -29791.632201346 -29791.632201346
0.0525876460767947 -29900.9255729205 -29758.5402130207 -29758.5402130207
0.0530884808013356 -29858.8957568402 -29718.0519089712 -29718.0519089712
0.0535893155258765 -29809.4740865453 -29670.1774788098 -29670.1774788098
0.0540901502504174 -29752.6727968412 -29614.9289411656 -29614.9289411656
0.0545909849749583 -29688.5059494286 -29552.3201423215 -29552.3201423215
0.0550918196994992 -29616.989429422 -29482.3667502053 -29482.3667502053
0.0555926544240401 -29538.1409414175 -29405.0862524681 -29405.0862524681
0.056093489148581 -29451.98000511 -29320.4979515997 -29320.4979515997
0.0565943238731219 -29358.5279504602 -29228.6229594003 -29228.6229594003
0.0570951585976628 -29257.8079124149 -29129.4841934391 -29129.4841934391
0.0575959933222037 -29149.8448251796 -29023.1063696162 -29023.1063696162
0.0580968280467446 -29034.6654160453 -28909.5159959994 -28909.5159959994
0.0585976627712855 -28912.2981987726 -28788.7413689173 -28788.7413689173
0.0590984974958264 -28782.7734665322 -28660.8125620272 -28660.8125620272
0.0595993322203673 -28646.1232844061 -28525.7614218496 -28525.7614218496
0.0601001669449082 -28502.3814814493 -28383.6215586412 -28383.6215586412
0.0606010016694491 -28351.5836423149 -28234.4283379815 -28234.4283379815
0.06110183639399 -28193.7670984452 -28078.2188725352 -28078.2188725352
0.0616026711185309 -28028.9709188297 -27915.0320128661 -27915.0320128661
0.0621035058430718 -27857.2359003333 -27744.9083360116 -27744.9083360116
0.0626043405676127 -27678.6045575965 -27567.8901393494 -27567.8901393494
0.0631051752921536 -27493.1211125107 -27384.0214256106 -27384.0214256106
0.0636060100166945 -27300.8314832705 -27193.3478946676 -27193.3478946676
0.0641068447412354 -27101.7832730061 -26995.9169321247 -26995.9169321247
0.0646076794657763 -26896.025757999 -26791.7775961122 -26791.7775961122
0.0651085141903172 -26683.6098754832 -26580.9806068621 -26580.9806068621
0.0656093489148581 -26464.5882110346 -26363.5783325087 -26363.5783325087
0.066110183639399 -26239.0149855538 -26139.6247771528 -26139.6247771528
0.0666110183639399 -26006.9460418425 -25909.1755678996 -25909.1755678996
0.0671118530884808 -25768.4388307795 -25672.2879396153 -25672.2879396153
0.0676126878130217 -25523.552397098 -25429.0207215406 -25429.0207215406
0.0681135225375626 -25272.3473647684 -25179.434323019 -25179.434323019
0.0686143572621035 -25014.8859219907 -24923.5907178534 -24923.5907178534
0.0691151919866444 -24751.2318057988 -24661.5534297412 -24661.5534297412
0.0696160267111853 -24481.4502862819 -24393.3875157499 -24393.3875157499
0.0701168614357262 -24205.6081504262 -24119.159549768 -24119.159549768
0.0706176961602671 -23923.7736855815 -23838.9376088277 -23838.9376088277
0.071118530884808 -23636.0166625556 -23552.7912516306 -23552.7912516306
0.0716193656093489 -23342.4083183418 -23260.7915060251 -23260.7915060251
0.0721202003338898 -23043.0213384842 -22963.0108478155 -22963.0108478155
0.0726210350584307 -22737.9298390828 -22659.523184509 -22659.523184509
0.0731218697829716 -22427.209348446 -22350.4038369157 -22350.4038369157
0.0736227045075125 -22110.9367883926 -22035.7295203224 -22035.7295203224
0.0741235392320534 -21789.1904552091 -21715.5783253436 -21715.5783253436
0.0746243739565943 -21462.0500002666 -21390.0296983176 -21390.0296983176
0.0751252086811352 -21129.5964103026 -21059.1644222352 -21059.1644222352
0.0756260434056761 -20791.9119873717 -20723.0645969502 -20723.0645969502
0.076126878130217 -20449.0803284711 -20381.8136166297 -20381.8136166297
0.0766277128547579 -20101.1863048453 -20035.4961536083 -20035.4961536083
0.0771285475792988 -19748.3160409755 -19684.1981315227 -19684.1981315227
0.0776293823038397 -19390.5568932586 -19328.0067097557 -19328.0067097557
0.0781302170283806 -19027.9974283811 -18967.0102569525 -18967.0102569525
0.0786310517529215 -18660.727401394 -18601.2983333341 -18601.2983333341
0.0791318864774624 -18288.8377334927 -18230.9616646586 -18230.9616646586
0.0796327212020033 -17912.4204895088 -17856.0921230956 -17856.0921230956
0.0801335559265442 -17531.5688551185 -17476.7827025289 -17476.7827025289
0.0806343906510851 -17146.3771137735 -17093.1274952138 -17093.1274952138
0.081135225375626 -16756.9406233606 -16705.2216707907 -16705.2216707907
0.0816360601001669 -16363.3557925945 -16313.1614497436 -16313.1614497436
0.0821368948247078 -15965.7200571509 -15917.0440815694 -15917.0440815694
0.0826377295492487 -15564.1318555461 -15516.9678195529 -15516.9678195529
0.0831385642737896 -15158.6906047665 -15113.0318979582 -15113.0318979582
0.0836393989983305 -14749.4966756579 -14705.3365059353 -14705.3365059353
0.0841402337228715 -14336.6513680772 -14293.9827629258 -14293.9827629258
0.0846410684474123 -13920.256885815 -13879.0726938365 -13879.0726938365
0.0851419031719532 -13500.4163112937 -13460.7092044848 -13460.7092044848
0.0856427378964942 -13077.2335800489 -13038.9960548884 -13038.9960548884
0.0861435726210351 -12650.8134549989 -12614.0378346332 -12614.0378346332
0.0866444073455759 -12221.2615005096 -12185.9399355093 -12185.9399355093
0.0871452420701169 -11788.6840562612 -11754.8085275985 -11754.8085275985
0.0876460767946578 -11353.1882109226 -11320.7505301449 -11320.7505301449
0.0881469115191987 -10914.8817756409 -10883.8735888167 -10883.8735888167
0.0886477462437396 -10473.8732573515 -10444.2860447978 -10444.2860447978
0.0891485809682805 -10030.2718319159 -10002.0969109584 -10002.0969109584
0.0896494156928214 -9584.18731709495 -9557.4158441684 -9557.4158441684
0.0901502504173623 -9135.73014536159 -9110.35311721238 -9110.35311721238
0.0906510851419032 -8685.01133656271 -8661.01959250115 -8661.01959250115
0.0911519198664441 -8232.14247043501 -8209.52669448379 -8209.52669448379
0.091652754590985 -7777.23565898235 -7755.98638126719 -7755.98638126719
0.0921535893155259 -7320.4035187214 -7300.51111775557 -7300.51111775557
0.0926544240400668 -6861.75914280235 -6843.21384788459 -6843.21384788459
0.0931552587646077 -6401.41607301152 -6384.20796531536 -6384.20796531536
0.0936560934891486 -5939.48827166313 -5923.60728686655 -5923.60728686655
0.0941569282136895 -5476.09009338685 -5461.5260240596 -5461.5260240596
0.0946577629382304 -5011.3362568181 -4998.07875342662 -4998.07875342662
0.0951585976627713 -4545.34181619846 -4533.38039048451 -4533.38039048451
0.0956594323873122 -4078.22213289287 -4067.5461588172 -4067.5461588172
0.0961602671118531 -3610.09284683079 -3600.69156315963 -3600.69156315963
0.096661101836394 -3141.06984787852 -3132.93236132281 -3132.93236132281
0.0971619365609349 -2671.26924714945 -2664.38453252402 -2664.38453252402
0.0976627712854758 -2200.80734825972 -2195.16425247357 -2195.16425247357
0.0981636060100167 -1729.80061853617 -1725.38786194088 -1725.38786194088
0.0986644407345576 -1258.36566018363 -1255.17183871649 -1255.17183871649
0.0991652754590985 -786.619181419049 -784.632768997191 -784.632768997191
0.0996661101836394 -314.677967579253 -313.887319538802 -313.887319538802
0.10016694490818 157.34114779044 156.947795220796 156.947795220796
0.100667779632721 629.321311859485 627.755835959969 627.755835959969
0.101168614357262 1101.14568144002 1098.42007327409 1098.42007327409
0.101669449081803 1572.69745191267 1568.82381289652 1568.82381289652
0.102170283806344 2043.85988614248 2038.85042557066 2038.85042557066
0.102671118530885 2514.5163433785 2508.38337662713 2508.38337662713
0.103171953255426 2984.55030812914 2977.3062541437 2977.3062541437
0.103672787979967 3453.84541900675 3445.50279707638 3445.50279707638
0.104173622704508 3922.28549753401 3912.85692677292 3912.85692677292
0.104674457429048 4389.75457690506 4379.25277152441 4379.25277152441
0.105175292153589 4856.13693069406 4844.57469996931 4844.57469996931
0.10567612687813 5321.31710150447 5308.70734533543 5308.70734533543
0.106176961602671 5785.17992955162 5771.53563732035 5771.53563732035
0.106677796327212 6247.61058117157 6232.94482864509 6232.94482864509
0.107178631051753 6708.49457724934 6692.82052450198 6692.82052450198
0.107679465776294 7167.71782155925 7151.04871026395 7151.04871026395
0.108180300500835 7625.1666290105 7607.51578032488 7607.51578032488
0.108681135225376 8080.72775379116 8062.10856516184 8062.10856516184
0.109181969949917 8534.28841740302 8514.71436158492 8514.71436158492
0.109682804674457 8985.73633658115 8965.22095675355 8965.22095675355
0.110183639398998 9434.95975109066 9413.51666064733 9413.51666064733
0.110684474123539 9881.84745139393 9859.49033047213 9859.49033047213
0.11118530884808 10326.2888061817 10303.0313990647 10303.0313990647
0.111686143572621 10768.1737897609 10744.0299022502 10744.0299022502
0.112186978297162 11207.3930092924 11182.3765070002 11182.3765070002
0.112687813021703 11643.8377318724 11617.9625371154 11617.9625371154
0.113188647746244 12077.3999114504 12050.6800000985 12050.6800000985
0.113689482470785 12507.9722155767 12480.4216160729 12480.4216160729
0.114190317195326 12935.4480519739 12907.0808412002 12907.0808412002
0.114691151919866 13359.7215949246 13330.5518971133 13330.5518971133
0.115191986644407 13780.6878114697 13750.7297944742 13750.7297944742
0.115692821368948 14198.2424874102 14167.5103607443 14167.5103607443
0.116193656093489 14612.2822531068 14580.7902655764 14580.7902655764
0.11669449081803 15022.7046090693 14990.4670455975 14990.4670455975
0.117195325542571 15429.407951332 15396.4391308128 15396.4391308128
0.117696160267112 15832.2915966065 15798.6058699506 15798.6058699506
0.118196994991653 16231.2558072066 16196.8675533792 16196.8675533792
0.118697829716194 16626.2018157398 16591.1254405309 16591.1254405309
0.119198664440735 17017.0318495576 16981.2817825813 16981.2817825813
0.119699499165275 17403.6491549602 17367.2398470535 17367.2398470535
0.120200333889816 17785.9580211492 17748.9039420919 17748.9039420919
0.120701168614357 18163.8638039211 18126.17943928 18126.17943928
0.121202003338898 18537.2729490976 18498.9727985745 18498.9727985745
0.121702838063439 18906.0930156863 18867.1915898904 18867.1915898904
0.12220367278798 19270.2326987644 19230.7445170401 19230.7445170401
0.122704507512521 19629.6018520832 19589.5414402099 19589.5414402099
0.123205342237062 19984.1115103836 19943.4933974942 19943.4933974942
0.123706176961603 20333.6739114212 20292.5126284329 20292.5126284329
0.124207011686144 20678.202517692 20636.5125932813 20636.5125932813
0.124707846410684 21017.612037856 20975.4079975366 20975.4079975366
0.125208681135225 21351.8184478519 21309.1148112065 21309.1148112065
0.125709515859766 21680.7390116975 21637.5502886822 21637.5502886822
0.126210350584307 22004.2923019727 21960.6329918675 21960.6329918675
0.126711185308848 22322.3982199766 22278.2828084236 22278.2828084236
0.127212020033389 22634.9780155578 22590.4209723664 22590.4209723664
0.12771285475793 22941.9543066086 22896.9700823322 22896.9700823322
0.128213689482471 23243.2510982227 23197.8541235585 23197.8541235585
0.128714524207012 23538.7938015077 23492.9984830532 23492.9984830532
0.129215358931553 23828.5092520508 23782.3299707535 23782.3299707535
0.129716193656093 24112.325728031 24065.776836574 24065.776836574
0.130217028380634 24390.1729679748 24343.2687892137 24343.2687892137
0.130717863105175 24661.9821881501 24614.7370116582 24614.7370116582
0.131218697829716 24927.6860995937 24880.1141795319 24880.1141795319
0.131719532554257 25187.2189247702 25139.3344780789 25139.3344780789
0.132220367278798 25440.5164138553 25392.3336175569 25392.3336175569
0.132721202003339 25687.5158606413 25639.0488496984 25639.0488496984
0.13322203672788 25928.1561180613 25879.4189826951 25879.4189826951
0.133722871452421 26162.3776133261 26113.3843969357 26113.3843969357
0.134223706176962 26390.1223626724 26340.8870594186 26340.8870594186
0.134724540901502 26611.3339857168 26561.8705395088 26561.8705395088
0.135225375626043 26825.9577194138 26776.2800199137 26776.2800199137
0.135726210350584 27033.9404316128 26984.0623128762 26984.0623128762
0.136227045075125 27235.2306342111 27185.1658720064 27185.1658720064
0.136727879799666 27429.7784959007 27379.5408063499 27379.5408063499
0.137228714524207 27617.5358545042 27567.1388912933 27567.1388912933
0.137729549248748 27798.4562288982 27747.913581107 27747.913581107
0.138230383973289 27972.4948305196 27921.8200211309 27921.8200211309
0.13873121869783 28139.608574454 28088.8150571748 28088.8150571748
0.139232053422371 28299.7560901015 28248.857248133 28248.857248133
0.139732888146912 28452.8977314181 28401.9068750264 28401.9068750264
0.140233722871452 28598.9955867311 28547.9259516715 28547.9259516715
0.140734557595993 28738.0134881241 28686.878232835 28686.878232835
0.141235392320534 28869.9170203905 28818.729224397 28818.729224397
0.141736227045075 28994.673529554 28943.446191334 28943.446191334
0.142237061769616 29112.2521309516 29060.9981657773 29060.9981657773
0.142737896494157 29222.6237168801 29171.3559559241 29171.3559559241
0.143238731218698 29325.7609638013 29274.4921508483 29274.4921508483
0.143739565943239 29421.638339107 29370.3811294936 29370.3811294936
0.14424040066778 29510.232107439 29458.9990655484 29458.9990655484
0.144741235392321 29591.5203365657 29540.3239346171 29540.3239346171
0.145242070116861 29665.4829028112 29614.3355184299 29614.3355184299
0.145742904841402 29732.1014960375 29681.0154110855 29681.0154110855
0.146243739565943 29791.3596241767 29740.3470220735 29740.3470220735
0.146744574290484 29843.2426173146 29792.3155819376 29792.3155819376
0.147245409015025 29887.7376313216 29836.9081453772 29836.9081453772
0.147746243739566 29924.8336510332 29874.1135939542 29874.1135939542
0.148247078464107 29954.5214929759 29903.9226391317 29903.9226391317
0.148747913188648 29976.7938076416 29926.327824935 29926.327824935
0.149248747913189 29991.6450813065 29941.3235293334 29941.3235293334
0.14974958263773 29999.0716373964 29948.905965557 29948.905965557
0.15025041736227 29999.0716373964 29949.0731845735 29949.0731845735
0.150751252086811 29991.6450813065 29941.8250727848 29941.8250727848
0.151252086811352 29976.7938076416 29927.163354348 29927.163354348
0.151752921535893 29954.5214929759 29905.0915896917 29905.0915896917
0.152253756260434 29924.8336510332 29875.615174828 29875.615174828
0.152754590984975 29887.7376313216 29838.7413401329 29838.7413401329
0.153255425709516 29843.2426173146 29794.4791490157 29794.4791490157
0.153756260434057 29791.3596241767 29742.8394944692 29742.8394944692
0.154257095158598 29732.1014960375 29683.8350974608 29683.8350974608
0.154757929883139 29665.4829028113 29617.4805033327 29617.4805033327
0.155258764607679 29591.5203365657 29543.7920779931 29543.7920779931
0.15575959933222 29510.232107439 29462.7880043111 29462.7880043111
0.156260434056761 29421.638339107 29374.4882779957 29374.4882779957
0.156761268781302 29325.7609638013 29278.9147003483 29278.9147003483
0.157262103505843 29222.6237168801 29176.0908767763 29176.0908767763
0.157762938230384 29112.2521309516 29066.042206804 29066.042206804
0.158263772954925 28994.673529554 28948.7958816349 28948.7958816349
0.158764607679466 28869.9170203905 28824.3808735846 28824.3808735846
0.159265442404007 28738.0134881241 28692.8279324675 28692.8279324675
0.159766277128548 28598.9955867311 28554.1695747084 28554.1695747084
0.160267111853088 28452.8977314181 28408.4400787497 28408.4400787497
0.160767946577629 28299.7560901015 28255.6754732622 28255.6754732622
0.16126878130217 28139.608574454 28095.9135298115 28095.9135298115
0.161769616026711 27972.4948305196 27929.1937550199 27929.1937550199
0.162270450751252 27798.4562288982 27755.5573766171 27755.5573766171
0.162771285475793 27617.5358545042 27575.0473378259 27575.0473378259
0.163272120200334 27429.7784959007 27387.7082834555 27387.7082834555
0.163772954924875 27235.2306342111 27193.5865507856 27193.5865507856
0.164273789649416 27033.9404316128 26992.7301569172 26992.7301569172
0.164774624373957 26825.9577194139 26785.1887868483 26785.1887868483
0.165275459098498 26611.3339857168 26571.0137824724 26571.0137824724
0.165776293823038 26390.1223626724 26350.2581293528 26350.2581293528
0.166277128547579 26162.3776133261 26122.9764421651 26122.9764421651
0.16677796327212 25928.1561180613 25889.2249527681 25889.2249527681
0.167278797996661 25687.5158606413 25649.0614956487 25649.0614956487
0.167779632721202 25440.5164138553 25402.5454938529 25402.5454938529
0.168280467445743 25187.2189247702 25149.7379441546 25149.7379441546
0.168781302170284 24927.6860995937 24890.7014022168 24890.7014022168
0.169282136894825 24661.9821881501 24625.4999658482 24625.4999658482
0.169782971619366 24390.1729679749 24354.1992614532 24354.1992614532
0.170283806343906 24112.325728031 24076.8664253671 24076.8664253671
0.170784641068447 23828.5092520508 23793.5700890272 23793.5700890272
0.171285475792988 23538.7938015077 23504.3803602877 23504.3803602877
0.171786310517529 23243.2510982227 23209.3688080926 23209.3688080926
0.17228714524207 22941.9543066086 22908.6084430164 22908.6084430164
0.172787979966611 22634.9780155578 22602.1736995846 22602.1736995846
0.173288814691152 22322.3982199767 22290.14041903 22290.14041903
0.173789649415693 22004.2923019727 21972.585829095 21972.585829095
0.174290484140234 21680.7390116975 21649.5885245679 21649.5885245679
0.174791318864775 21351.8184478519 21321.2284499637 21321.2284499637
0.175292153589316 21017.612037856 20987.5868779539 20987.5868779539
0.175792988313856 20678.202517692 20648.7463887354 20648.7463887354
0.176293823038397 20333.6739114212 20304.7908519066 20304.7908519066
0.176794657762938 19984.1115103836 19955.8054034029 19955.8054034029
0.177295492487479 19629.6018520832 19601.8764256219 19601.8764256219
0.17779632721202 19270.2326987645 19243.0915255706 19243.0915255706
0.178297161936561 18906.0930156863 18879.5395143544 18879.5395143544
0.178797996661102 18537.2729490976 18511.3103819498 18511.3103819498
0.179298831385643 18163.8638039211 18138.4952791873 18138.4952791873
0.179799666110184 17785.9580211492 17761.1864920713 17761.1864920713
0.180300500834725 17403.6491549603 17379.4774200442 17379.4774200442
0.180801335559265 17017.0318495576 16993.4625533736 16993.4625533736
0.181302170283806 16626.2018157398 16603.2374486003 16603.2374486003
0.181803005008347 16231.2558072067 16208.8987055076 16208.8987055076
0.182303839732888 15832.2915966065 15810.5439433593 15810.5439433593
0.182804674457429 15429.407951332 15408.2717761 15408.2717761
0.18330550918197 15022.7046090693 15002.1817884963 15002.1817884963
0.183806343906511 14612.2822531068 14592.3745117144 14592.3745117144
0.184307178631052 14198.2424874103 14178.9513971152 14178.9513971152
0.184808013355593 13780.6878114697 13762.0147924854 13762.0147924854
0.185308848080134 13359.7215949246 13341.66791707 13341.66791707
0.185809682804674 12935.4480519739 12918.0148335572 12918.0148335572
0.186310517529215 12507.9722155767 12491.1604248488 12491.1604248488
0.186811352253756 12077.3999114504 12061.2103674901 12061.2103674901
0.187312186978297 11643.8377318724 11628.271103762 11628.271103762
0.187813021702838 11207.3930092924 11192.4498185862 11192.4498185862
0.188313856427379 10768.1737897609 10753.8544099463 10753.8544099463
0.18881469115192 10326.2888061818 10312.5934628148 10312.5934628148
0.189315525876461 9881.84745139395 9868.77622447656 9868.77622447656
0.189816360601002 9434.95975109066 9422.51257464482 9422.51257464482
0.190317195325543 8985.73633658117 8973.91299899185 8973.91299899185
0.190818030050083 8534.28841740303 8523.0885638402 8523.0885638402
0.191318864774624 8080.72775379117 8070.1508850802 8070.1508850802
0.191819699499165 7625.16662901053 7615.21210340939 7615.21210340939
0.192320534223706 7167.71782155926 7158.38485560047 7158.38485560047
0.192821368948247 6708.49457724936 6699.78224651165 6699.78224651165
0.193322203672788 6247.6105811716 6239.51782117165 6239.51782117165
0.193823038397329 5785.17992955164 5777.70553704977 5777.70553704977
0.19432387312187 5321.31710150449 5314.45973405131 5314.45973405131
0.194824707846411 4856.13693069408 4849.89510964244 4849.89510964244
0.195325542570952 4389.75457690506 4384.12668658211 4384.12668658211
0.195826377295492 3922.28549753405 3917.26978741064 3917.26978741064
0.196327212020033 3453.84541900675 3449.44000373701 3449.44000373701
0.196828046744574 2984.55030812917 2980.75317023137 2980.75317023137
0.197328881469115 2514.51634337854 2511.32533280313 2511.32533280313
0.197829716193656 2043.8598861425 2041.27272173163 2041.27272173163
0.198330550918197 1572.69745191267 1570.71172286404 1570.71172286404
0.198831385642738 1101.14568144003 1099.75884805372 1099.75884805372
0.199332220367279 629.321311859496 628.530707391822 628.530707391822
0.19983305509182 157.341147790464 157.143978671441 157.143978671441
0.200333889816361 -314.677967579216 -314.284620505373 -314.284620505373
0.200834724540901 -786.619181419038 -785.638359571178 -785.638359571178
0.201335559265442 -1258.3656601836 -1256.80052896723 -1256.80052896723
0.201836393989983 -1729.80061853614 -1727.65446386253 -1727.65446386253
0.202337228714524 -2200.80734825971 -2198.08357670711 -2198.08357670711
0.202838063439065 -2671.26924714942 -2667.97138384609 -2667.97138384609
0.203338898163606 -3141.06984787852 -3137.20153522463 -3137.20153522463
0.203839732888147 -3610.09284683077 -3605.65784320666 -3605.65784320666
0.204340567612688 -4078.22213289287 -4073.2243119323 -4073.2243119323
0.204841402337229 -4545.34181619844 -4539.78516350365 -4539.78516350365
0.20534223706177 -5011.33625681808 -5005.22487119712 -5005.22487119712
0.205843071786311 -5476.09009338683 -5469.42818321922 -5469.42818321922
0.206343906510851 -5939.48827166314 -5932.2801548536 -5932.2801548536
0.206844741235392 -6401.4160730115 -6393.66617450282 -6393.66617450282
0.207345575959933 -6861.75914280234 -6853.47199412225 -6853.47199412225
0.207846410684474 -7320.4035187214 -7311.58375519926 -7311.58375519926
0.208347245409015 -7777.23565898232 -7767.88802015906 -7767.88802015906
0.208848080133556 -8232.14247043497 -8222.27179609369 -8222.27179609369
0.209348914858097 -8685.0113365627 -8674.62256692019 -8674.62256692019
0.209849749582638 -9135.73014536158 -9124.82831950149 -9124.82831950149
0.210350584307179 -9584.18731709495 -9572.77757018026 -9572.77757018026
0.21085141903172 -10030.2718319159 -10018.3593951338 -10018.3593951338
0.21135225375626 -10473.8732573514 -10461.463454787 -10461.463454787
0.211853088480801 -10914.8817756409 -10901.9800241771 -10901.9800241771
0.212353923205342 -11353.1882109226 -11339.8000173359 -11339.8000173359
0.212854757929883 -11788.6840562611 -11774.8150161724 -11774.8150161724
0.213355592654424 -12221.2615005096 -12206.9172970069 -12206.9172970069
0.213856427378965 -12650.8134549989 -12635.9998559375 -12635.9998559375
0.214357262103506 -13077.2335800489 -13061.9564379368 -13061.9564379368
0.214858096828047 -13500.4163112937 -13484.6815602165 -13484.6815602165
0.215358931552588 -13920.2568858149 -13904.0705405565 -13904.0705405565
0.215859766277129 -14336.6513680772 -14320.0195221132 -14320.0195221132
0.216360601001669 -14749.4966756579 -14732.4254991074 -14732.4254991074
0.21686143572621 -15158.6906047665 -15141.1863430517 -15141.1863430517
0.217362270450751 -15564.1318555461 -15546.2008280383 -15546.2008280383
0.217863105175292 -15965.720057151 -15947.3686547324 -15947.3686547324
0.218363939899833 -16363.3557925944 -16344.5904763271 -16344.5904763271
0.218864774624374 -16756.9406233606 -16737.7679223677 -16737.7679223677
0.219365609348915 -17146.3771137735 -17126.8036239381 -17126.8036239381
0.219866444073456 -17531.5688551184 -17511.6012369424 -17511.6012369424
0.220367278797997 -17912.4204895088 -17892.0654662033 -17892.0654662033
0.220868113522538 -18288.8377334927 -18268.1020899831 -18268.1020899831
0.221368948247078 -18660.727401394 -18639.6179813254 -18639.6179813254
0.221869782971619 -19027.9974283811 -19006.5211333455 -19006.5211333455
0.22237061769616 -19390.5568932586 -19368.7206802852 -19368.7206802852
0.222871452420701 -19748.3160409755 -19726.1269218942 -19726.1269218942
0.223372287145242 -20101.1863048453 -20078.651342569 -20078.651342569
0.223873121869783 -20449.0803284711 -20426.2066369267 -20426.2066369267
0.224373956594324 -20791.9119873717 -20768.7067283559 -20768.7067283559
0.224874791318865 -21129.5964103026 -21106.0667930111 -21106.0667930111
0.225375626043406 -21462.0500002666 -21438.203277946 -21438.203277946
0.225876460767947 -21789.1904552091 -21765.0339248006 -21765.0339248006
0.226377295492487 -22110.9367883926 -22086.4777875359 -22086.4777875359
0.226878130217028 -22427.209348446 -22402.4552541721 -22402.4552541721
0.227378964941569 -22737.9298390828 -22712.8880661725 -22712.8880661725
0.22787979966611 -23043.0213384842 -23017.6993369946 -23017.6993369946
0.228380634390651 -23342.4083183418 -23316.8135724721 -23316.8135724721
0.228881469115192 -23636.0166625556 -23610.1566880358 -23610.1566880358
0.229382303839733 -23923.7736855815 -23897.6560287939 -23897.6560287939
0.229883138564274 -24205.6081504262 -24179.2403853126 -24179.2403853126
0.230383973288815 -24481.4502862819 -24454.8400141133 -24454.8400141133
0.230884808013356 -24751.2318057988 -24724.3866519768 -24724.3866519768
0.231385642737896 -25014.8859219907 -24987.8135347785 -24987.8135347785
0.231886477462437 -25272.3473647684 -25245.0554129102 -25245.0554129102
0.232387312186978 -25523.5523970979 -25496.0485690976 -25496.0485690976
0.232888146911519 -25768.4388307795 -25740.7308319271 -25740.7308319271
0.23338898163606 -26006.9460418425 -25979.0415932523 -25979.0415932523
0.233889816360601 -26239.0149855538 -26210.9218217688 -26210.9218217688
0.234390651085142 -26464.5882110346 -26436.3140783031 -26436.3140783031
0.234891485809683 -26683.6098754832 -26655.1625302794 -26655.1625302794
0.235392320534224 -26896.025757999 -26867.4129646877 -26867.4129646877
0.235893155258765 -27101.7832730061 -27073.0128023965 -27073.0128023965
0.236393989983305 -27300.8314832704 -27271.9111109716 -27271.9111109716
0.236894824707846 -27493.1211125107 -27464.0586165103 -27464.0586165103
0.237395659432387 -27678.6045575965 -27649.4077173703 -27649.4077173703
0.237896494156928 -27857.2359003333 -27827.9124939899 -27827.9124939899
0.238397328881469 -28028.9709188297 -27999.5287223635 -27999.5287223635
0.23889816360601 -28193.7670984452 -28164.2138833847 -28164.2138833847
0.239398998330551 -28351.5836423148 -28321.927174154 -28321.927174154
0.239899833055092 -28502.3814814493 -28472.6295175198 -28472.6295175198
0.240400667779633 -28646.1232844061 -28616.2835726841 -28616.2835726841
0.240901502504174 -28782.7734665322 -28752.853743505 -28752.853743505
0.241402337228715 -28912.2981987726 -28882.3061882318 -28882.3061882318
0.241903171953255 -29034.6654160453 -29004.6088264678 -29004.6088264678
0.242404006677796 -29149.8448251796 -29119.7313491736 -29119.7313491736
0.242904841402337 -29257.8079124149 -29227.645223861 -29227.645223861
0.243405676126878 -29358.5279504602 -29328.3237036996 -29328.3237036996
0.243906510851419 -29451.98000511 -29421.7418327491 -29421.7418327491
0.24440734557596 -29538.1409414175 -29507.8764527987 -29507.8764527987
0.244908180300501 -29616.989429422 -29586.7062093552 -29586.7062093552
0.245409015025042 -29688.5059494286 -29658.2115557287 -29658.2115557287
0.245909849749583 -29752.6727968412 -29722.3747591341 -29722.3747591341
0.246410684474124 -29809.4740865453 -29779.1799056465 -29779.1799056465
0.246911519198664 -29858.8957568402 -29828.6129010121 -29828.6129010121
0.247412353923205 -29900.9255729205 -29870.6614783264 -29870.6614783264
0.247913188647746 -29935.5531299046 -29905.3151975816 -29905.3151975816
0.248414023372287 -29962.7698554107 -29932.5654501642 -29932.5654501642
0.248914858096828 -29982.5690116791 -29952.4054612822 -29952.4054612822
0.249415692821369 -29994.9456972399 -29964.830289752 -29964.830289752
0.24991652754591 -29999.8968481267 -29969.8368311621 -29969.8368311621
0.250417362270451 -29997.4212386349 -29967.4238175024 -29967.4238175024
0.250918196994992 -29987.5194816251 -29957.5918172102 -29957.5918172102
0.251419031719533 -29970.1940283718 -29940.3432374558 -29940.3432374558
0.251919866444073 -29945.449167956 -29915.6823198015 -29915.6823198015
0.252420701168614 -29913.2910262037 -29883.6151421424 -29883.6151421424
0.252921535893155 -29873.7275641694 -29844.1496160634 -29844.1496160634
0.253422370617696 -29826.7685761651 -29797.2954846556 -29797.2954846556
0.253923205342237 -29772.425687336 -29743.0643208775 -29743.0643208775
0.254424040066778 -29710.712350782 -29681.4695235224 -29681.4695235224
0.254924874791319 -29641.6438442278 -29612.5263159031 -29612.5263159031
0.25542570951586 -29565.2372662404 -29536.251739333 -29536.251739333
0.255926544240401 -29481.5115319964 -29452.6646517514 -29452.6646517514
0.256427378964942 -29390.4873685992 -29361.7857208496 -29361.7857208496
0.256928213689482 -29292.1873099481 -29263.6374197606 -29263.6374197606
0.257429048414023 -29186.6356911593 -29158.2440222846 -29158.2440222846
0.257929883138564 -29073.8586425421 -29045.6315952854 -29045.6315952854
0.258430717863105 -28953.8840831297 -28925.8279940036 -28925.8279940036
0.258931552587646 -28826.7417137676 -28798.8628531391 -28798.8628531391
0.259432387312187 -28692.4630097612 -28664.7675822132 -28664.7675822132
0.259933222036728 -28551.0812130834 -28523.5753545935 -28523.5753545935
0.260434056761269 -28402.6313241453 -28375.3211016144 -28375.3211016144
0.26093489148581 -28247.1500931318 -28220.0415039895 -28220.0415039895
0.261435726210351 -28084.6760109034 -28057.7749802762 -28057.7749802762
0.261936560934891 -27915.2492994676 -27888.561680691 -27888.561680691
0.262437395659432 -27738.9119020216 -27712.4434745541 -27712.4434745541
0.262938230383973 -27555.7074725687 -27529.4639418374 -27529.4639418374
0.263439065108514 -27365.6813651115 -27339.668359808 -27339.668359808
0.263939899833055 -27168.8806224237 -27143.1036959529 -27143.1036959529
0.264440734557596 -26965.3539644051 -26939.8185913084 -26939.8185913084
0.264941569282137 -26755.1517760194 -26729.8633527419 -26729.8633527419
0.265442404006678 -26538.3260948217 -26513.2899383045 -26513.2899383045
0.265943238731219 -26314.9305980758 -26290.151943741 -26290.151943741
0.26644407345576 -26085.0205894661 -26060.5045928453 -26060.5045928453
0.2669449081803 -25848.6529854063 -25824.4047179874 -25824.4047179874
0.267445742904841 -25605.8863009494 -25581.9107521111 -25581.9107521111
0.267946577629382 -25356.7806353021 -25333.0827094859 -25333.0827094859
0.268447412353923 -25101.3976569458 -25077.9821739233 -25077.9821739233
0.268948247078464 -24839.8005883707 -24816.6722828061 -24816.6722828061
0.269449081803005 -24572.0541904244 -24549.2177087685 -24549.2177087685
0.269949916527546 -24298.2247462794 -24275.6846491679 -24275.6846491679
0.270450751252087 -24018.3800450244 -23996.1408040689 -23996.1408040689
0.270951585976628 -23732.5893648822 -23710.6553636754 -23710.6553636754
0.271452420701169 -23440.9234560594 -23419.2989877579 -23419.2989877579
0.27195325542571 -23143.4545232314 -23122.143791781 -23122.143791781
0.27245409015025 -22840.2562076676 -22819.263325117 -22819.263325117
0.272954924874791 -22531.4035690007 -22510.73255639 -22510.73255639
0.273455759599332 -22216.9730666448 -22196.6278533987 -22196.6278533987
0.273956594323873 -21897.0425408675 -21877.0269625186 -21877.0269625186
0.274457429048414 -21571.6911935196 -21552.0089936839 -21552.0089936839
0.274958263772955 -21240.9995684278 -21221.6543955406 -21221.6543955406
0.275459098497496 -20905.0495314556 -20886.0449411258 -20886.0449411258
0.275959933222037 -20563.9242502365 -20545.2637019164 -20545.2637019164
0.276460767946578 -20217.7081735848 -20199.395031986 -20199.395031986
0.276961602671119 -19866.48701059 -19848.5245451457 -19848.5245451457
0.277462437395659 -19510.3477093983 -19492.7390921762 -19492.7390921762
0.2779632721202 -19149.3784356878 -19132.1267436408 -19132.1267436408
0.278464106844741 -18783.6685508425 -18766.7767622708 -18766.7767622708
0.278964941569282 -18413.3085898298 -18396.7795877611 -18396.7795877611
0.279465776293823 -18038.3902387877 -18022.226806711 -18022.226806711
0.279966611018364 -17659.0063123273 -17643.2111365144 -17643.2111365144
0.280467445742905 -17275.250730555 -17259.8263997706 -17259.8263997706
0.280968280467446 -16887.2184958229 -16872.1674986577 -16872.1674986577
0.281469115191987 -16495.0056692085 -16480.3303975041 -16480.3303975041
0.281969949916528 -16098.7093467351 -16084.4120913497 -16084.4120913497
0.282470784641068 -15698.4276353343 -15684.5105897069 -15684.5105897069
0.282971619365609 -15294.2596285585 -15280.7248852157 -15280.7248852157
0.28347245409015 -14886.3053820498 -14873.1549357062 -14873.1549357062
0.283973288814691 -14474.66588877 -14461.9016331074 -14461.9016331074
0.284474123539232 -14059.4430539987 -14047.0667835822 -14047.0667835822
0.284974958263773 -13640.7396701059 -13628.7530800694 -13628.7530800694
0.285475792988314 -13218.6593911047 -13207.0640756108 -13207.0640756108
0.285976627712855 -12793.3067069909 -12782.10416179 -12782.10416179
0.286477462437396 -12364.7869178753 -12353.978537355 -12353.978537355
0.286978297161937 -11933.2061079156 -11922.7931882519 -11922.7931882519
0.287479131886477 -11498.6711190545 -11488.6548549768 -11488.6548549768
0.287979966611018 -11061.2895245699 -11051.6710116073 -11051.6710116073
0.288480801335559 -10621.1696024439 -10611.9498374367 -10611.9498374367
0.2889816360601 -10178.4203085578 -10169.6001867723 -10169.6001867723
0.289482470784641 -9733.1512497189 -9724.73156899134 -9724.73156899134
0.289983305509182 -9285.47265652648 -9277.45411328237 -9277.45411328237
0.290484140233723 -8835.49535608268 -8827.87854985967 -8827.87854985967
0.290984974958264 -8383.33074455694 -8376.1161741354 -8376.1161741354
0.291485809682805 -7929.09075960804 -7922.27882576554 -7922.27882576554
0.291986644407346 -7472.88785267339 -7466.47885812386 -7466.47885812386
0.292487479131886 -7014.83496113059 -7008.82910906327 -7008.82910906327
0.292988313856427 -6555.04548033821 -6549.44287752884 -6549.44287752884
0.293489148580968 -6093.63323556445 -6088.4338896063 -6088.4338896063
0.293989983305509 -5630.71245380778 -5625.91627655732 -5625.91627655732
0.29449081803005 -5166.39773551974 -5162.00453988381 -5162.00453988381
0.294991652754591 -4700.80402623395 -4696.8135306698 -4696.8135306698
0.295492487479132 -4234.04658811048 -4230.45841307222 -4230.45841307222
0.295993322203673 -3766.24097140161 -3763.054642125 -3763.054642125
0.296494156928214 -3297.50298584602 -3294.7179328514 -3294.7179328514
0.296994991652755 -2827.94867199956 -2825.5642293359 -2825.5642293359
0.297495826377295 -2357.69427250749 -2355.70968164381 -2355.70968164381
0.297996661101836 -1886.85620332832 -1885.2706095804 -1885.2706095804
0.298497495826377 -1415.55102491334 -1414.36348227687 -1414.36348227687
0.298998330550918 -943.895413351241 -943.104881317841 -943.104881317841
0.299499165275459 -472.00613148383 1143892.60964765 1143892.60964765
0.300042015399132 0 244135.30875468 -978174.247117885
0.30066889632107 0 2.43504017198695e-008 9.74016068794782e-008
0.30133779264214 0 5.79821679358844e-008 2.31928671743538e-007
0.302006688963211 0 4.3846508533742e-008 1.75386034134968e-007
0.302675585284281 0 1.43555599717649e-007 5.74222398870596e-007
0.303344481605351 0 -2.61255812249107e-008 -1.04502324899643e-007
0.304013377926421 0 6.46973124291861e-009 2.58789249716745e-008
0.304682274247492 0 3.20855427458413e-008 1.28342170983365e-007
0.305351170568562 0 -2.09234983030895e-008 -8.36939932123578e-008
0.306020066889632 0 -2.90939327365665e-008 -1.16375730946266e-007
0.306688963210702 0 1.17623456355373e-007 4.70493825421492e-007
0.307357859531773 0 -6.55296627473492e-008 -2.62118650989397e-007
0.308026755852843 0 1.1190248983163e-007 4.47609959326519e-007
0.308695652173913 0 -3.83366576453574e-009 -1.5334663058143e-008
0.309364548494983 0 -8.61651855091618e-008 -3.44660742036647e-007
0.310033444816053 0 4.79327871854916e-008 1.91731148741967e-007
0.310702341137124 0 -1.23071185359183e-008 -4.92284741436733e-008
0.311371237458194 0 1.03987487498031e-007 4.15949949992123e-007
0.312040133779264 0 1.78203969083715e-008 7.1281587633486e-008
0.312709030100334 0 -1.52634990993316e-007 -6.10539963973265e-007
0.313377926421405 0 1.36203356184664e-007 5.44813424738657e-007
0.314046822742475 0 -1.20275000595394e-007 -4.81100002381575e-007
0.314715719063545 0 5.064456553347e-008 2.0257826213388e-007
0.315384615384615 0 4.28317966375587e-008 1.71327186550235e-007
0.316053511705686 0 -1.18665581248714e-008 -4.74662324994857e-008
0.316722408026756 0 -1.30657755517898e-008 -5.22631022071592e-008
0.317391304347826 0 4.25865539322713e-008 1.70346215729085e-007
0.318060200668896 0 8.33847756042913e-008 3.33539102417165e-007
0.318729096989967 0 3.39263429139438e-008 1.35705371655775e-007
0.319397993311037 0 -3.55454544586855e-008 -1.42181817834742e-007
0.320066889632107 0 2.03985589645385e-008 8.15942358581539e-008
0.320735785953177 0 4.10934919152381e-008 1.64373967660952e-007
0.321404682274247 0 8.07606622749355e-008 3.23042649099742e-007
0.322073578595318 0 4.30187665575266e-008 1.72075066230107e-007
0.322742474916388 0 7.45925475625687e-008 2.98370190250275e-007
0.323411371237458 0 5.2773124140496e-008 2.11092496561984e-007
0.324080267558528 0 5.74881285259322e-008 2.29952514103729e-007
0.324749163879599 0 5.83934138376932e-008 2.33573655350773e-007
0.325418060200669 0 1.29526945873624e-007 5.18107783494497e-007
0.326086956521739 0 6.91509923767021e-008 2.76603969506808e-007
0.326755852842809 0 9.87855999282429e-008 3.95142399712972e-007
0.32742474916388 0 -6.2668214522001e-008 -2.50672858088004e-007
0.32809364548495 0 6.42207861919197e-009 2.56883144767679e-008
0.32876254180602 0 9.59371229909462e-008 3.83748491963785e-007
0.32943143812709 0 6.28772230858937e-008 2.51508892343575e-007
0.330100334448161 0 7.96311212771921e-008 3.18524485108769e-007
0.330769230769231 0 3.17163912865507e-008 1.26865565146203e-007
0.331438127090301 0 -4.68919697887843e-008 -1.87567879155137e-007
0.332107023411371 0 9.03584527819848e-008 3.61433811127939e-007
0.332775919732441 0 -4.74170732309415e-008 -1.89668292923766e-007
0.333444816053512 0 2.02303435806517e-007 8.09213743226067e-007
0.334113712374582 0 2.78579500166404e-008 1.11431800066562e-007
0.334782608695652 0 -1.57310823818967e-008 -6.29243295275867e-008
0.335451505016722 0 -3.64587580668957e-008 -1.45835032267583e-007
0.336120401337793 0 5.07519519200092e-008 2.03007807680037e-007
0.336789297658863 0 -3.39525943702851e-010 -1.35810377481141e-009
0.337458193979933 0 2.30309339227198e-008 9.21237356908792e-008
0.338127090301003 0 -8.95693671779526e-008 -3.5827746871181e-007
0.338795986622074 0 1.43860082536689e-007 5.75440330146756e-007
0.339464882943144 0 1.06663759598517e-007 4.2665503839407e-007
0.340133779264214 0 2.36302286578126e-008 9.45209146312503e-008
0.340802675585284 0 1.30656389786807e-008 5.22625559147229e-008
0.341471571906355 0 -3.29637827929999e-008 -1.31855131172e-007
0.342140468227425 0 2.47053687058509e-008 9.88214748234035e-008
0.342809364548495 0 -6.84783881188375e-008 -2.7391355247535e-007
0.343478260869565 0 -1.0714640486387e-007 -4.28585619455479e-007
0.344147157190635 0 -1.19804774344042e-007 -4.79219097376168e-007
0.344816053511706 0 -1.04008141612882e-007 -4.16032566451527e-007
0.345484949832776 0 -6.13465020856328e-009 -2.45386008342531e-008
0.346153846153846 0 -3.74511295201126e-008 -1.49804518080451e-007
0.346822742474916 0 -1.45393361962425e-007 -5.815734478497e-007
0.347491638795987 0 5.75721971723656e-008 2.30288788689462e-007
0.348160535117057 0 -9.28511731935185e-008 -3.71404692774074e-007
0.348829431438127 0 5.20049349088672e-008 2.08019739635469e-007
0.349498327759197 0 4.82824759320314e-008 1.93129903728126e-007
0.350167224080268 0 -1.66890769773761e-007 -6.67563079095045e-007
0.350836120401338 0 -1.11858854936082e-008 -4.47435419744328e-008
0.351505016722408 0 2.30787466028941e-009 9.23149864115763e-009
0.352173913043478 0 -1.26552749671117e-007 -5.06210998684469e-007
0.352842809364548 0 -1.01742099077212e-007 -4.06968396308849e-007
0.353511705685619 0 -8.04049232416457e-008 -3.21619692966583e-007
0.354180602006689 0 9.34284422024529e-008 3.73713768809812e-007
0.354849498327759 0 -1.09862639606927e-007 -4.39450558427708e-007
0.355518394648829 0 -1.23537229032096e-007 -4.94148916128383e-007
0.3561872909699 0 -5.12662519592534e-008 -2.05065007837014e-007
0.35685618729097 0 -8.01965327889078e-008 -3.20786131155631e-007
0.35752508361204 0 -3.92745391436229e-008 -1.57098156574492e-007
0.35819397993311 0 -7.27835893021193e-008 -2.91134357208477e-007
0.358862876254181 0 -1.36602362298786e-007 -5.46409449195143e-007
0.359531772575251 0 1.5775868648572e-008 6.3103474594288e-008
0.360200668896321 0 2.49804256213078e-008 9.99217024852314e-008
0.360869565217391 0 -5.10694361632183e-009 -2.04277744652873e-008
0.361538461538462 0 -1.09549374137696e-007 -4.38197496550782e-007
0.362207357859532 0 -9.27639757986202e-008 -3.71055903194481e-007
0.362876254180602 0 4.29806664174622e-008 1.71922665669849e-007
0.363545150501672 0 -1.14047686188443e-007 -4.56190744753773e-007
0.364214046822742 0 -4.62317529861546e-008 -1.84927011944619e-007
0.364882943143813 0 1.94144091916394e-008 7.76576367665577e-008
0.365551839464883 0 -4.32169524260394e-008 -1.72867809704158e-007
0.366220735785953 0 -2.48153767502426e-008 -9.92615070009702e-008
0.366889632107023 0 -1.01314907558647e-007 -4.05259630234588e-007
0.367558528428094 0 -2.8416950721813e-008 -1.13667802887252e-007
0.368227424749164 0 -7.61856871867155e-008 -3.04742748746862e-007
0.368896321070234 0 8.7735377650737e-009 3.50941510602948e-008
0.369565217391304 0 -1.01964267948074e-007 -4.07857071792297e-007
0.370234113712375 0 -6.42506083391684e-008 -2.57002433356674e-007
0.370903010033445 0 -1.57958950410749e-007 -6.31835801642996e-007
0.371571906354515 0 6.7101572167251e-008 2.68406288669004e-007
0.372240802675585 0 -1.55337188720983e-007 -6.21348754883932e-007
0.372909698996655 0 1.97316978124736e-008 7.89267912498945e-008
0.373578595317726 0 -7.41401669106153e-008 -2.96560667642461e-007
0.374247491638796 0 -1.06365333491857e-007 -4.2546133396743e-007
0.374916387959866 0 2.58386302987045e-009 1.03354521194818e-008
0.375585284280936 0 -8.51701175466742e-008 -3.40680470186697e-007
0.376254180602007 0 -8.17424602743617e-008 -3.26969841097447e-007
0.376923076923077 0 -3.03060638305275e-008 -1.2122425532211e-007
0.377591973244147 0 -2.55260863647038e-008 -1.02104345458815e-007
0.378260869565217 0 -1.26621216664668e-007 -5.06484866658674e-007
0.378929765886288 0 -5.30196783888258e-008 -2.12078713555303e-007
0.379598662207358 0 -2.61737366866339e-008 -1.04694946746535e-007
0.380267558528428 0 -8.61353447615597e-008 -3.44541379046239e-007
0.380936454849498 0 -5.3734103914042e-010 -2.14936415656168e-009
0.381605351170569 0 -7.26255432283999e-008 -2.905021729136e-007
0.382274247491639 0 -5.63319618732976e-008 -2.2532784749319e-007
0.382943143812709 0 -2.88270089352413e-008 -1.15308035740965e-007
0.383612040133779 0 -1.10090274250587e-007 -4.40361097002347e-007
0.38428093645485 0 -1.16241785699494e-007 -4.64967142797977e-007
0.38494983277592 0 7.17133356179649e-008 2.8685334247186e-007
0.38561872909699 0 -1.16552317627945e-007 -4.66209270511782e-007
0.38628762541806 0 -8.76412680202095e-008 -3.50565072080838e-007
0.38695652173913 0 -2.46500438701665e-008 -9.86001754806661e-008
0.387625418060201 0 -9.48447984794373e-008 -3.79379193917749e-007
0.388294314381271 0 -6.19773401491848e-008 -2.47909360596739e-007
0.388963210702341 0 -3.07615708053632e-008 -1.23046283221453e-007
0.389632107023411 0 -6.08739626463952e-008 -2.43495850585581e-007
0.390301003344482 0 -7.33956851367457e-008 -2.93582740546983e-007
0.390969899665552 0 -8.71328677901827e-009 -3.48531471160731e-008
0.391638795986622 0 -1.59991287401602e-008 -6.39965149606406e-008
0.392307692307692 0 1.44559467677915e-008 5.7823787071166e-008
0.392976588628763 0 -5.6942568600643e-008 -2.27770274402572e-007
0.393645484949833 0 -1.58446517883361e-008 -6.33786071533444e-008
0.394314381270903 0 -1.26560815452475e-007 -5.06243261809901e-007
0.394983277591973 0 -2.21173666022734e-008 -8.84694664090937e-008
0.395652173913043 0 -4.77067912456117e-008 -1.90827164982447e-007
0.396321070234114 0 -8.14761450887725e-008 -3.2590458035509e-007
0.396989966555184 0 1.41372333487227e-008 5.65489333948909e-008
0.397658862876254 0 -8.51508300415176e-008 -3.4060332016607e-007
0.398327759197324 0 -1.56104789254343e-007 -6.24419157017371e-007
0.398996655518395 0 3.43590007934157e-008 1.37436003173663e-007
0.399665551839465 0 -6.00531199230976e-008 -2.4021247969239e-007
0.400334448160535 0 -1.25460801684225e-007 -5.018432067369e-007
0.401003344481605 0 3.31858458303871e-008 1.32743383321548e-007
0.401672240802676 0 -9.27522572141793e-008 -3.71009028856717e-007
0.402341137123746 0 -2.79980918333204e-008 -1.11992367333282e-007
0.403010033444816 0 -5.37448070009702e-008 -2.14979228003881e-007
0.403678929765886 0 -1.72435602728181e-008 -6.89742410912725e-008
0.404347826086957 0 -1.16075762308435e-007 -4.64303049233741e-007
0.405016722408027 0 -8.87747686915653e-008 -3.55099074766261e-007
0.405685618729097 0 5.90420508058213e-008 2.36168203223285e-007
0.406354515050167 0 -9.51584292410555e-008 -3.80633716964222e-007
0.407023411371237 0 -7.86083724649886e-008 -3.14433489859954e-007
0.407692307692308 0 -6.39899140685233e-008 -2.55959656274093e-007
0.408361204013378 0 -6.57580193037226e-008 -2.63032077214891e-007
0.409030100334448 0 -2.82626823478813e-008 -1.13050729391525e-007
0.409698996655518 0 -1.44149626327304e-007 -5.76598505309217e-007
0.410367892976589 0 4.87776226237353e-008 1.95110490494941e-007
0.411036789297659 0 -1.13387132259e-007 -4.53548529036e-007
0.411705685618729 0 3.54676043549799e-008 1.41870417419919e-007
0.412374581939799 0 -7.78225137445053e-008 -3.11290054978021e-007
0.41304347826087 0 -1.14369392443419e-007 -4.57477569773677e-007
0.41371237458194 0 -1.23273872723205e-007 -4.9309549089282e-007
0.41438127090301 0 7.21699209980623e-008 2.88679683992249e-007
0.41505016722408 0 -1.6284583776104e-007 -6.51383351044159e-007
0.41571906354515 0 4.36343918861073e-008 1.74537567544429e-007
0.416387959866221 0 -4.59741961030818e-008 -1.83896784412327e-007
0.417056856187291 0 -1.44937990653995e-007 -5.79751962615981e-007
0.417725752508361 0 2.10643560071158e-008 8.42574240284633e-008
0.418394648829431 0 -6.64627991065332e-008 -2.65851196426133e-007
0.419063545150502 0 -1.0528060439214e-007 -4.21122417568559e-007
0.419732441471572 0 -1.13467180329238e-007 -4.5386872131695e-007
0.420401337792642 0 3.97351094011281e-008 1.58940437604512e-007
0.421070234113712 0 -8.3630163562306e-008 -3.34520654249224e-007
0.421739130434783 0 -1.52211055769047e-007 -6.08844223076186e-007
0.422408026755853 0 -1.58200995257168e-008 -6.32803981028671e-008
0.423076923076923 0 4.25060971710857e-008 1.70024388684343e-007
0.423745819397993 0 -9.79463038288646e-009 -3.91785215315458e-008
0.424414715719064 0 -1.90923274804457e-007 -7.63693099217826e-007
0.425083612040134 0 1.41431855269685e-008 5.65727421078741e-008
0.425752508361204 0 -4.38707997152639e-008 -1.75483198861056e-007
0.426421404682274 0 -3.60840512913518e-008 -1.44336205165407e-007
0.427090301003344 0 -1.93197314349479e-007 -7.72789257397916e-007
0.427759197324415 0 1.06494449182888e-007 4.25977796731552e-007
0.428428093645485 0 -6.32564977044721e-008 -2.53025990817888e-007
0.429096989966555 0 -1.13362533059083e-007 -4.53450132236331e-007
0.429765886287625 0 -5.01762512140988e-008 -2.00705004856395e-007
0.430434782608696 0 -1.07669314394341e-007 -4.30677257577363e-007
0.431103678929766 0 -3.83192874727151e-008 -1.5327714989086e-007
0.431772575250836 0 -4.6895055311695e-008 -1.8758022124678e-007
0.432441471571906 0 -8.16613859922811e-008 -3.26645543969125e-007
0.433110367892977 0 -3.94700969990727e-008 -1.57880387996291e-007
0.433779264214047 0 -2.98682987230077e-008 -1.19473194892031e-007
0.434448160535117 0 1.12363219343197e-008 4.49452877372788e-008
0.435117056856187 0 2.79474055881407e-008 1.11789622352563e-007
0.435785953177258 0 -2.30895817966413e-008 -9.23583271865653e-008
0.436454849498328 0 -5.76068363714206e-008 -2.30427345485682e-007
0.437123745819398 0 -4.37608351934561e-008 -1.75043340773825e-007
0.437792642140468 0 -7.88282894793738e-008 -3.15313157917495e-007
0.438461538461538 0 1.72432934159329e-009 6.89731736637316e-009
0.439130434782609 0 -1.47711903860798e-007 -5.90847615443193e-007
0.439799331103679 0 1.49610474742981e-008 5.98441898971922e-008
0.440468227424749 0 -8.24683830866055e-008 -3.29873532346422e-007
0.441137123745819 0 -3.14380631020096e-008 -1.25752252408038e-007
0.44180602006689 0 2.38864628479994e-008 9.55458513919977e-008
0.44247491638796 0 -1.14252135740502e-007 -4.5700854296201e-007
0.44314381270903 0 -1.28108444441236e-007 -5.12433777764946e-007
0.4438127090301 0 2.43579004348287e-008 9.74316017393146e-008
0.444481605351171 0 -8.57146043147657e-008 -3.42858417259063e-007
0.445150501672241 0 3.06381915872476e-008 1.22552766348991e-007
0.445819397993311 0 -1.947110600025e-007 -7.78844240010001e-007
0.446488294314381 0 8.25069673298285e-008 3.30027869319314e-007
0.447157190635452 0 -1.45083742776609e-007 -5.80334971106435e-007
0.447826086956522 0 -6.05172958637215e-008 -2.42069183454886e-007
0.448494983277592 0 4.89354544227426e-008 1.9574181769097e-007
0.449163879598662 0 -1.14292872116738e-007 -4.57171488466951e-007
0.449832775919732 0 -1.18231857516881e-007 -4.72927430067524e-007
0.450501672240803 0 5.64819346509843e-009 2.25927738603937e-008
0.451170568561873 0 -5.1514883158239e-008 -2.06059532632956e-007
0.451839464882943 0 -6.40354626587976e-008 -2.5614185063519e-007
0.452508361204013 0 -5.08797665000012e-008 -2.03519066000005e-007
0.453177257525084 0 2.74859342274357e-008 1.09943736909743e-007
0.453846153846154 0 -1.80747822982254e-007 -7.22991291929014e-007
0.454515050167224 0 4.02260937752539e-008 1.60904375101016e-007
0.455183946488294 0 -2.19302790159366e-008 -8.77211160637466e-008
0.455852842809365 0 -1.06494732261067e-007 -4.2597892904427e-007
0.456521739130435 0 -7.71174688955079e-008 -3.08469875582032e-007
0.457190635451505 0 -5.32610296436339e-008 -2.13044118574536e-007
0.457859531772575 0 -2.97768997534932e-008 -1.19107599013973e-007
0.458528428093645 0 3.7861190323843e-008 1.51444761295372e-007
0.459197324414716 0 -1.56120944349702e-007 -6.24483777398807e-007
0.459866220735786 0 -8.25765009492417e-008 -3.30306003796967e-007
0.460535117056856 0 3.24690420433903e-008 1.29876168173561e-007
0.461204013377926 0 -9.39732621084204e-008 -3.75893048433682e-007
0.461872909698997 0 -6.41154328455886e-008 -2.56461731382354e-007
0.462541806020067 0 -1.08265063816668e-008 -4.3306025526667e-008
0.463210702341137 0 -5.15391245921536e-008 -2.06156498368615e-007
0.463879598662207 0 -9.84310465569484e-008 -3.93724186227793e-007
0.464548494983278 0 -9.19411073727137e-008 -3.67764429490855e-007
0.465217391304348 0 2.73827714462134e-008 1.09531085784854e-007
0.465886287625418 0 -1.06403500721042e-007 -4.25614002884169e-007
0.466555183946488 0 -1.24763640590128e-008 -4.99054562360511e-008
0.467224080267559 0 -4.46641946102565e-008 -1.78656778441026e-007
0.467892976588629 0 -1.19856479550001e-007 -4.79425918200003e-007
0.468561872909699 0 -2.56869373697586e-009 -1.02747749479035e-008
0.469230769230769 0 -2.37238490464565e-009 -9.48953961858259e-009
0.469899665551839 0 -1.45552318800856e-007 -5.82209275203423e-007
0.47056856187291 0 -1.77132035903157e-008 -7.08528143612626e-008
0.47123745819398 0 -2.83985494916071e-008 -1.13594197966428e-007
0.47190635451505 0 -1.12185573065722e-007 -4.48742292262887e-007
0.47257525083612 0 2.06124129044397e-008 8.2449651617759e-008
0.473244147157191 0 -6.50743981384343e-008 -2.60297592553737e-007
0.473913043478261 0 -1.05100094908265e-007 -4.2040037963306e-007
0.474581939799331 0 4.82067877910591e-008 1.92827151164236e-007
0.475250836120401 0 -1.20394374561568e-007 -4.81577498246274e-007
0.475919732441472 0 -7.02474249894272e-008 -2.80989699957709e-007
0.476588628762542 0 2.31455590461227e-008 9.25822361844908e-008
0.477257525083612 0 -1.13773360024794e-008 -4.55093440099176e-008
0.477926421404682 0 -8.28660709709015e-009 -3.31464283883606e-008
0.478595317725753 0 -1.55995071114536e-008 -6.23980284458145e-008
0.479264214046823 0 -3.51876420038085e-008 -1.40750568015234e-007
0.479933110367893 0 -6.09555903354632e-008 -2.43822361341853e-007
0.480602006688963 0 -6.14030099740132e-008 -2.45612039896053e-007
0.481270903010033 0 -1.93423620882097e-008 -7.73694483528387e-008
0.481939799331104 0 -1.14069282212379e-007 -4.56277128849518e-007
0.482608695652174 0 -5.5013297220991e-009 -2.20053188883964e-008
0.483277591973244 0 -2.08475742020842e-008 -8.33902968083368e-008
0.483946488294314 0 -1.21832549777765e-007 -4.87330199111058e-007
0.484615384615385 0 3.95273684099216e-008 1.58109473639686e-007
0.485284280936455 0 -1.40872246738041e-007 -5.63488986952165e-007
0.485953177257525 0 8.17898659072006e-008 3.27159463628803e-007
0.486622073578595 0 -9.6852760946354e-008 -3.87411043785416e-007
0.487290969899666 0 -1.58542696571503e-007 -6.34170786286012e-007
0.487959866220736 0 9.4976651760084e-008 3.79906607040336e-007
0.488628762541806 0 -1.47002858271037e-007 -5.88011433084148e-007
0.489297658862876 0 1.01974322332573e-007 4.07897289330294e-007
0.489966555183946 0 -1.58768189464829e-007 -6.35072757859317e-007
0.490635451505017 0 -3.09856569102806e-008 -1.23942627641122e-007
0.491304347826087 0 -1.12795144997774e-008 -4.51180579991098e-008
0.491973244147157 0 -1.37979151128974e-007 -5.51916604515896e-007
0.492642140468227 0 -4.65617065075057e-008 -1.86246826030023e-007
0.493311036789298 0 -1.81626434962976e-008 -7.26505739851902e-008
0.493979933110368 0 -1.9772364210961e-008 -7.90894568438441e-008
0.494648829431438 0 -7.44372808661416e-008 -2.97749123464566e-007
0.495317725752508 0 -1.03640684217473e-007 -4.14562736869891e-007
0.495986622073579 0 1.54927058155175e-008 6.197082326207e-008
0.496655518394649 0 -9.19443670537871e-008 -3.67777468215148e-007
0.497324414715719 0 4.82779109640533e-008 1.93111643856213e-007
0.497993311036789 0 -7.92399122776908e-008 -3.16959649110763e-007
0.49866220735786 0 -1.00820886885318e-007 -4.03283547541273e-007
0.49933110367893 0 -1.48636720574613e-007 -5.9454688229845e-007
