0 1 -0
0.00545454545454545 1 -5115.66577897871
0.0109090909090909 1 -10081.4817964629
0.0163636363636364 1 -14751.9877393681
0.0218181818181818 1 -18990.3736142661
0.0272727272727273 1 -22672.4872306277
0.0327272727272727 1 -25690.4709075477
0.0381818181818182 1 -27955.9208763436
0.0436363636363636 1 -29402.4768327718
0.0490909090909091 1 -29987.7657848457
0.0545454545454545 1 -29694.643256428
0.06 1 -28531.6954888546
0.0654545454545454 1 -26532.9879299344
0.0709090909090909 1 -23757.0673776683
0.0763636363636364 1 -20285.2470082206
0.0818181818181818 1 -16219.2245236679
0.0872727272727273 1 -11678.1031895217
0.0927272727272727 1 -6794.90302277295
0.0981818181818182 1 -1712.66432588304
0.103636363636364 1 3419.74229671621
0.109090909090909 1 8451.97670524288
0.114545454545455 1 13236.6330372966
0.12 1 17633.5575687742
0.125454545454545 1 21513.9541427689
0.130909090909091 1 24764.1569088832
0.136363636363636 1 27288.9598606356
0.141818181818182 1 29014.4056410587
0.147272727272727 1 29889.9519258807
0.152727272727273 1 29889.9519258807
0.158181818181818 1 29014.4056410587
0.163636363636364 1 27288.9598606356
0.169090909090909 1 24764.1569088832
0.174545454545455 1 21513.9541427689
0.18 1 17633.5575687742
0.185454545454545 1 13236.6330372967
0.190909090909091 1 8451.97670524292
0.196363636363636 1 3419.74229671622
0.201818181818182 1 -1712.66432588304
0.207272727272727 1 -6794.90302277291
0.212727272727273 1 -11678.1031895217
0.218181818181818 1 -16219.2245236679
0.223636363636364 1 -20285.2470082206
0.229090909090909 1 -23757.0673776682
0.234545454545455 1 -26532.9879299344
0.24 1 -28531.6954888546
0.245454545454545 1 -29694.643256428
0.250909090909091 1 -29987.7657848457
0.256363636363636 1 -29402.4768327718
0.261818181818182 1 -27955.9208763436
0.267272727272727 1 -25690.4709075477
0.272727272727273 1 -22672.4872306277
0.278181818181818 1 -18990.3736142661
0.283636363636364 1 -14751.9877393681
0.289090909090909 1 -10081.4817964629
0.294545454545454 1 -5115.66577897875
0.3 4 0
0.301818181818182 4 0
0.303636363636364 4 0
0.305454545454545 4 0
0.307272727272727 4 0
0.309090909090909 4 0
0.310909090909091 4 0
0.312727272727273 4 0
0.314545454545455 4 0
0.316363636363636 4 0
0.318181818181818 4 0
0.32 4 0
0.321818181818182 4 0
0.323636363636364 4 0
0.325454545454545 4 0
0.327272727272727 4 0
0.329090909090909 4 0
0.330909090909091 4 0
0.332727272727273 4 0
0.334545454545455 4 0
0.336363636363636 4 0
0.338181818181818 4 0
0.34 4 0
0.341818181818182 4 0
0.343636363636364 4 0
0.345454545454545 4 0
0.347272727272727 4 0
0.349090909090909 4 0
0.350909090909091 4 0
0.352727272727273 4 0
0.354545454545455 4 0
0.356363636363636 4 0
0.358181818181818 4 0
0.36 4 0
0.361818181818182 4 0
0.363636363636364 4 0
0.365454545454545 4 0
0.367272727272727 4 0
0.369090909090909 4 0
0.370909090909091 4 0
0.372727272727273 4 0
0.374545454545455 4 0
0.376363636363636 4 0
0.378181818181818 4 0
0.38 4 0
0.381818181818182 4 0
0.383636363636364 4 0
0.385454545454545 4 0
0.387272727272727 4 0
0.389090909090909 4 0
0.390909090909091 4 0
0.392727272727273 4 0
0.394545454545455 4 0
0.396363636363636 4 0
0.398181818181818 4 0
0.4 4 0
0.401818181818182 4 0
0.403636363636364 4 0
0.405454545454545 4 0
0.407272727272727 4 0
0.409090909090909 4 0
0.410909090909091 4 0
0.412727272727273 4 0
0.414545454545455 4 0
0.416363636363636 4 0
0.418181818181818 4 0
0.42 4 0
0.421818181818182 4 0
0.423636363636364 4 0
0.425454545454545 4 0
0.427272727272727 4 0
0.429090909090909 4 0
0.430909090909091 4 0
0.432727272727273 4 0
0.434545454545455 4 0
0.436363636363636 4 0
0.438181818181818 4 0
0.44 4 0
0.441818181818182 4 0
0.443636363636364 4 0
0.445454545454545 4 0
0.447272727272727 4 0
0.449090909090909 4 0
0.450909090909091 4 0
0.452727272727273 4 0
0.454545454545455 4 0
0.456363636363636 4 0
0.458181818181818 4 0
0.46 4 0
0.461818181818182 4 0
0.463636363636364 4 0
0.465454545454545 4 0
0.467272727272727 4 0
0.469090909090909 4 0
0.470909090909091 4 0
0.472727272727273 4 0
0.474545454545455 4 0
0.476363636363636 4 0
0.478181818181818 4 0
0.48 4 0
0.481818181818182 4 0
0.483636363636364 4 0
0.485454545454545 4 0
0.487272727272727 4 0
0.489090909090909 4 0
0.490909090909091 4 0
0.492727272727273 4 0
0.494545454545455 4 0
0.496363636363636 4 0
0.498181818181818 4 0
0.5 4 0
