0 1 -0
0.000500834724540901 1 -472.006131483767
0.0010016694490818 1 -943.895413351232
0.0015025041736227 1 -1415.55102491333
0.00200333889816361 1 -1886.85620332831
0.00250417362270451 1 -2357.69427250749
0.00300500834724541 1 -2827.94867199951
0.00350584307178631 1 -3297.50298584602
0.00400667779632721 1 -3766.24097140156
0.00450751252086811 1 -4234.04658811048
0.00500834724540901 1 -4700.80402623396
0.00550918196994992 1 -5166.39773551975
0.00601001669449082 1 -5630.71245380779
0.00651085141903172 1 -6093.6332355644
0.00701168614357262 1 -6555.04548033822
0.00751252086811352 1 -7014.83496113055
0.00801335559265442 1 -7472.8878526734
0.00851419031719533 1 -7929.090759608
0.00901502504173623 1 -8383.3307445569
0.00951585976627713 1 -8835.49535608269
0.010016694490818 1 -9285.47265652644
0.0105175292153589 1 -9733.15124971892
0.0110183639398998 1 -10178.4203085578
0.0115191986644407 1 -10621.1696024439
0.0120200333889816 1 -11061.2895245699
0.0125208681135225 1 -11498.6711190545
0.0130217028380634 1 -11933.2061079156
0.0135225375626043 1 -12364.7869178753
0.0140233722871452 1 -12793.3067069909
0.0145242070116861 1 -13218.6593911047
0.015025041736227 1 -13640.7396701058
0.0155258764607679 1 -14059.4430539987
0.0160267111853088 1 -14474.66588877
0.0165275459098497 1 -14886.3053820498
0.0170283806343907 1 -15294.2596285585
0.0175292153589316 1 -15698.4276353342
0.0180300500834725 1 -16098.7093467351
0.0185308848080134 1 -16495.0056692084
0.0190317195325543 1 -16887.2184958228
0.0195325542570952 1 -17275.250730555
0.0200333889816361 1 -17659.0063123272
0.020534223706177 1 -18038.3902387877
0.0210350584307179 1 -18413.3085898297
0.0215358931552588 1 -18783.6685508425
0.0220367278797997 1 -19149.3784356878
0.0225375626043406 1 -19510.3477093982
0.0230383973288815 1 -19866.48701059
0.0235392320534224 1 -20217.7081735848
0.0240400667779633 1 -20563.9242502365
0.0245409015025042 1 -20905.0495314556
0.0250417362270451 1 -21240.9995684278
0.025542570951586 1 -21571.6911935196
0.0260434056761269 1 -21897.0425408675
0.0265442404006678 1 -22216.9730666448
0.0270450751252087 1 -22531.4035690007
0.0275459098497496 1 -22840.2562076676
0.0280467445742905 1 -23143.4545232314
0.0285475792988314 1 -23440.9234560594
0.0290484140233723 1 -23732.5893648822
0.0295492487479132 1 -24018.3800450244
0.0300500834724541 1 -24298.2247462794
0.030550918196995 1 -24572.0541904244
0.0310517529215359 1 -24839.8005883707
0.0315525876460768 1 -25101.3976569457
0.0320534223706177 1 -25356.7806353021
0.0325542570951586 1 -25605.8863009495
0.0330550918196995 1 -25848.6529854063
0.0335559265442404 1 -26085.0205894661
0.0340567612687813 1 -26314.9305980758
0.0345575959933222 1 -26538.3260948217
0.0350584307178631 1 -26755.1517760194
0.035559265442404 1 -26965.3539644051
0.0360601001669449 1 -27168.8806224238
0.0365609348914858 1 -27365.6813651114
0.0370617696160267 1 -27555.7074725687
0.0375626043405676 1 -27738.9119020216
0.0380634390651085 1 -27915.2492994676
0.0385642737896494 1 -28084.6760109034
0.0390651085141903 1 -28247.1500931318
0.0395659432387312 1 -28402.6313241453
0.0400667779632721 1 -28551.0812130834
0.040567612687813 1 -28692.4630097612
0.0410684474123539 1 -28826.7417137676
0.0415692821368948 1 -28953.8840831297
0.0420701168614357 1 -29073.8586425421
0.0425709515859766 1 -29186.6356911593
0.0430717863105175 1 -29292.1873099481
0.0435726210350584 1 -29390.4873685992
0.0440734557595993 1 -29481.5115319964
0.0445742904841402 1 -29565.2372662404
0.0450751252086811 1 -29641.6438442278
0.045575959933222 1 -29710.712350782
0.0460767946577629 1 -29772.425687336
0.0465776293823038 1 -29826.7685761651
0.0470784641068447 1 -29873.7275641694
0.0475792988313856 1 -29913.2910262037
0.0480801335559265 1 -29945.449167956
0.0485809682804674 1 -29970.1940283718
0.0490818030050083 1 -29987.5194816251
0.0495826377295492 1 -29997.4212386349
0.0500834724540901 1 -29999.8968481267
0.050584307178631 1 -29994.9456972399
0.0510851419031719 1 -29982.5690116791
0.0515859766277129 1 -29962.7698554107
0.0520868113522538 1 -29935.5531299046
0.0525876460767947 1 -29900.9255729205
0.0530884808013356 1 -29858.8957568402
0.0535893155258765 1 -29809.4740865453
0.0540901502504174 1 -29752.6727968412
0.0545909849749583 1 -29688.5059494286
0.0550918196994992 1 -29616.989429422
0.0555926544240401 1 -29538.1409414175
0.056093489148581 1 -29451.98000511
0.0565943238731219 1 -29358.5279504602
0.0570951585976628 1 -29257.8079124149
0.0575959933222037 1 -29149.8448251796
0.0580968280467446 1 -29034.6654160453
0.0585976627712855 1 -28912.2981987726
0.0590984974958264 1 -28782.7734665322
0.0595993322203673 1 -28646.1232844061
0.0601001669449082 1 -28502.3814814493
0.0606010016694491 1 -28351.5836423149
0.06110183639399 1 -28193.7670984452
0.0616026711185309 1 -28028.9709188297
0.0621035058430718 1 -27857.2359003333
0.0626043405676127 1 -27678.6045575965
0.0631051752921536 1 -27493.1211125107
0.0636060100166945 1 -27300.8314832705
0.0641068447412354 1 -27101.7832730061
0.0646076794657763 1 -26896.025757999
0.0651085141903172 1 -26683.6098754832
0.0656093489148581 1 -26464.5882110346
0.066110183639399 1 -26239.0149855538
0.0666110183639399 1 -26006.9460418425
0.0671118530884808 1 -25768.4388307795
0.0676126878130217 1 -25523.552397098
0.0681135225375626 1 -25272.3473647684
0.0686143572621035 1 -25014.8859219907
0.0691151919866444 1 -24751.2318057988
0.0696160267111853 1 -24481.4502862819
0.0701168614357262 1 -24205.6081504262
0.0706176961602671 1 -23923.7736855815
0.071118530884808 1 -23636.0166625556
0.0716193656093489 1 -23342.4083183418
0.0721202003338898 1 -23043.0213384842
0.0726210350584307 1 -22737.9298390828
0.0731218697829716 1 -22427.209348446
0.0736227045075125 1 -22110.9367883926
0.0741235392320534 1 -21789.1904552091
0.0746243739565943 1 -21462.0500002666
0.0751252086811352 1 -21129.5964103026
0.0756260434056761 1 -20791.9119873717
0.076126878130217 1 -20449.0803284711
0.0766277128547579 1 -20101.1863048453
0.0771285475792988 1 -19748.3160409755
0.0776293823038397 1 -19390.5568932586
0.0781302170283806 1 -19027.9974283811
0.0786310517529215 1 -18660.727401394
0.0791318864774624 1 -18288.8377334927
0.0796327212020033 1 -17912.4204895088
0.0801335559265442 1 -17531.5688551185
0.0806343906510851 1 -17146.3771137735
0.081135225375626 1 -16756.9406233606
0.0816360601001669 1 -16363.3557925945
0.0821368948247078 1 -15965.7200571509
0.0826377295492487 1 -15564.1318555461
0.0831385642737896 1 -15158.6906047665
0.0836393989983305 1 -14749.4966756579
0.0841402337228715 1 -14336.6513680772
0.0846410684474123 1 -13920.256885815
0.0851419031719532 1 -13500.4163112937
0.0856427378964942 1 -13077.2335800489
0.0861435726210351 1 -12650.8134549989
0.0866444073455759 1 -12221.2615005096
0.0871452420701169 1 -11788.6840562612
0.0876460767946578 1 -11353.1882109226
0.0881469115191987 1 -10914.8817756409
0.0886477462437396 1 -10473.8732573515
0.0891485809682805 1 -10030.2718319159
0.0896494156928214 1 -9584.18731709495
0.0901502504173623 1 -9135.73014536159
0.0906510851419032 1 -8685.01133656271
0.0911519198664441 1 -8232.14247043501
0.091652754590985 1 -7777.23565898235
0.0921535893155259 1 -7320.4035187214
0.0926544240400668 1 -6861.75914280235
0.0931552587646077 1 -6401.41607301152
0.0936560934891486 1 -5939.48827166313
0.0941569282136895 1 -5476.09009338685
0.0946577629382304 1 -5011.3362568181
0.0951585976627713 1 -4545.34181619846
0.0956594323873122 1 -4078.22213289287
0.0961602671118531 1 -3610.09284683079
0.096661101836394 1 -3141.06984787852
0.0971619365609349 1 -2671.26924714945
0.0976627712854758 1 -2200.80734825972
0.0981636060100167 1 -1729.80061853617
0.0986644407345576 1 -1258.36566018363
0.0991652754590985 1 -786.619181419049
0.0996661101836394 1 -314.677967579253
0.10016694490818 1 157.34114779044
0.100667779632721 1 629.321311859485
0.101168614357262 1 1101.14568144002
0.101669449081803 1 1572.69745191267
0.102170283806344 1 2043.85988614248
0.102671118530885 1 2514.5163433785
0.103171953255426 1 2984.55030812914
0.103672787979967 1 3453.84541900675
0.104173622704508 1 3922.28549753401
0.104674457429048 1 4389.75457690506
0.105175292153589 1 4856.13693069406
0.10567612687813 1 5321.31710150447
0.106176961602671 1 5785.17992955162
0.106677796327212 1 6247.61058117157
0.107178631051753 1 6708.49457724934
0.107679465776294 1 7167.71782155925
0.108180300500835 1 7625.1666290105
0.108681135225376 1 8080.72775379116
0.109181969949917 1 8534.28841740302
0.109682804674457 1 8985.73633658115
0.110183639398998 1 9434.95975109066
0.110684474123539 1 9881.84745139393
0.11118530884808 1 10326.2888061817
0.111686143572621 1 10768.1737897609
0.112186978297162 1 11207.3930092924
0.112687813021703 1 11643.8377318724
0.113188647746244 1 12077.3999114504
0.113689482470785 1 12507.9722155767
0.114190317195326 1 12935.4480519739
0.114691151919866 1 13359.7215949246
0.115191986644407 1 13780.6878114697
0.115692821368948 1 14198.2424874102
0.116193656093489 1 14612.2822531068
0.11669449081803 1 15022.7046090693
0.117195325542571 1 15429.407951332
0.117696160267112 1 15832.2915966065
0.118196994991653 1 16231.2558072066
0.118697829716194 1 16626.2018157398
0.119198664440735 1 17017.0318495576
0.119699499165275 1 17403.6491549602
0.120200333889816 1 17785.9580211492
0.120701168614357 1 18163.8638039211
0.121202003338898 1 18537.2729490976
0.121702838063439 1 18906.0930156863
0.12220367278798 1 19270.2326987644
0.122704507512521 1 19629.6018520832
0.123205342237062 1 19984.1115103836
0.123706176961603 1 20333.6739114212
0.124207011686144 1 20678.202517692
0.124707846410684 1 21017.612037856
0.125208681135225 1 21351.8184478519
0.125709515859766 1 21680.7390116975
0.126210350584307 1 22004.2923019727
0.126711185308848 1 22322.3982199766
0.127212020033389 1 22634.9780155578
0.12771285475793 1 22941.9543066086
0.128213689482471 1 23243.2510982227
0.128714524207012 1 23538.7938015077
0.129215358931553 1 23828.5092520508
0.129716193656093 1 24112.325728031
0.130217028380634 1 24390.1729679748
0.130717863105175 1 24661.9821881501
0.131218697829716 1 24927.6860995937
0.131719532554257 1 25187.2189247702
0.132220367278798 1 25440.5164138553
0.132721202003339 1 25687.5158606413
0.13322203672788 1 25928.1561180613
0.133722871452421 1 26162.3776133261
0.134223706176962 1 26390.1223626724
0.134724540901502 1 26611.3339857168
0.135225375626043 1 26825.9577194138
0.135726210350584 1 27033.9404316128
0.136227045075125 1 27235.2306342111
0.136727879799666 1 27429.7784959007
0.137228714524207 1 27617.5358545042
0.137729549248748 1 27798.4562288982
0.138230383973289 1 27972.4948305196
0.13873121869783 1 28139.608574454
0.139232053422371 1 28299.7560901015
0.139732888146912 1 28452.8977314181
0.140233722871452 1 28598.9955867311
0.140734557595993 1 28738.0134881241
0.141235392320534 1 28869.9170203905
0.141736227045075 1 28994.673529554
0.142237061769616 1 29112.2521309516
0.142737896494157 1 29222.6237168801
0.143238731218698 1 29325.7609638013
0.143739565943239 1 29421.638339107
0.14424040066778 1 29510.232107439
0.144741235392321 1 29591.5203365657
0.145242070116861 1 29665.4829028113
0.145742904841402 1 29732.1014960375
0.146243739565943 1 29791.3596241767
0.146744574290484 1 29843.2426173146
0.147245409015025 1 29887.7376313216
0.147746243739566 1 29924.8336510332
0.148247078464107 1 29954.5214929759
0.148747913188648 1 29976.7938076416
0.149248747913189 1 29991.6450813065
0.14974958263773 1 29999.0716373964
0.15025041736227 1 29999.0716373964
0.150751252086811 1 29991.6450813065
0.151252086811352 1 29976.7938076416
0.151752921535893 1 29954.5214929759
0.152253756260434 1 29924.8336510332
0.152754590984975 1 29887.7376313216
0.153255425709516 1 29843.2426173146
0.153756260434057 1 29791.3596241767
0.154257095158598 1 29732.1014960375
0.154757929883139 1 29665.4829028113
0.155258764607679 1 29591.5203365657
0.15575959933222 1 29510.232107439
0.156260434056761 1 29421.638339107
0.156761268781302 1 29325.7609638013
0.157262103505843 1 29222.6237168801
0.157762938230384 1 29112.2521309516
0.158263772954925 1 28994.673529554
0.158764607679466 1 28869.9170203905
0.159265442404007 1 28738.0134881241
0.159766277128548 1 28598.9955867311
0.160267111853088 1 28452.8977314181
0.160767946577629 1 28299.7560901015
0.16126878130217 1 28139.608574454
0.161769616026711 1 27972.4948305196
0.162270450751252 1 27798.4562288982
0.162771285475793 1 27617.5358545042
0.163272120200334 1 27429.7784959007
0.163772954924875 1 27235.2306342111
0.164273789649416 1 27033.9404316128
0.164774624373957 1 26825.9577194138
0.165275459098497 1 26611.3339857168
0.165776293823038 1 26390.1223626724
0.166277128547579 1 26162.3776133261
0.16677796327212 1 25928.1561180613
0.167278797996661 1 25687.5158606413
0.167779632721202 1 25440.5164138553
0.168280467445743 1 25187.2189247702
0.168781302170284 1 24927.6860995937
0.169282136894825 1 24661.9821881501
0.169782971619366 1 24390.1729679749
0.170283806343906 1 24112.325728031
0.170784641068447 1 23828.5092520508
0.171285475792988 1 23538.7938015077
0.171786310517529 1 23243.2510982227
0.17228714524207 1 22941.9543066086
0.172787979966611 1 22634.9780155578
0.173288814691152 1 22322.3982199767
0.173789649415693 1 22004.2923019727
0.174290484140234 1 21680.7390116975
0.174791318864775 1 21351.8184478519
0.175292153589316 1 21017.612037856
0.175792988313856 1 20678.202517692
0.176293823038397 1 20333.6739114212
0.176794657762938 1 19984.1115103836
0.177295492487479 1 19629.6018520832
0.17779632721202 1 19270.2326987645
0.178297161936561 1 18906.0930156863
0.178797996661102 1 18537.2729490976
0.179298831385643 1 18163.8638039211
0.179799666110184 1 17785.9580211492
0.180300500834725 1 17403.6491549603
0.180801335559265 1 17017.0318495576
0.181302170283806 1 16626.2018157398
0.181803005008347 1 16231.2558072067
0.182303839732888 1 15832.2915966065
0.182804674457429 1 15429.407951332
0.18330550918197 1 15022.7046090693
0.183806343906511 1 14612.2822531068
0.184307178631052 1 14198.2424874102
0.184808013355593 1 13780.6878114697
0.185308848080134 1 13359.7215949246
0.185809682804674 1 12935.4480519739
0.186310517529215 1 12507.9722155767
0.186811352253756 1 12077.3999114504
0.187312186978297 1 11643.8377318724
0.187813021702838 1 11207.3930092924
0.188313856427379 1 10768.1737897609
0.18881469115192 1 10326.2888061818
0.189315525876461 1 9881.84745139395
0.189816360601002 1 9434.95975109066
0.190317195325543 1 8985.73633658117
0.190818030050083 1 8534.28841740303
0.191318864774624 1 8080.72775379117
0.191819699499165 1 7625.16662901053
0.192320534223706 1 7167.71782155926
0.192821368948247 1 6708.49457724936
0.193322203672788 1 6247.6105811716
0.193823038397329 1 5785.17992955164
0.19432387312187 1 5321.31710150449
0.194824707846411 1 4856.13693069408
0.195325542570952 1 4389.75457690506
0.195826377295492 1 3922.28549753402
0.196327212020033 1 3453.84541900677
0.196828046744574 1 2984.55030812917
0.197328881469115 1 2514.51634337854
0.197829716193656 1 2043.8598861425
0.198330550918197 1 1572.69745191267
0.198831385642738 1 1101.14568144003
0.199332220367279 1 629.321311859496
0.19983305509182 1 157.341147790464
0.200333889816361 1 -314.677967579216
0.200834724540901 1 -786.619181419038
0.201335559265442 1 -1258.3656601836
0.201836393989983 1 -1729.80061853614
0.202337228714524 1 -2200.80734825971
0.202838063439065 1 -2671.26924714942
0.203338898163606 1 -3141.06984787852
0.203839732888147 1 -3610.0928468308
0.204340567612688 1 -4078.22213289284
0.204841402337229 1 -4545.34181619844
0.20534223706177 1 -5011.33625681808
0.205843071786311 1 -5476.09009338683
0.206343906510851 1 -5939.48827166314
0.206844741235392 1 -6401.4160730115
0.207345575959933 1 -6861.75914280234
0.207846410684474 1 -7320.4035187214
0.208347245409015 1 -7777.23565898232
0.208848080133556 1 -8232.14247043497
0.209348914858097 1 -8685.0113365627
0.209849749582638 1 -9135.73014536158
0.210350584307179 1 -9584.18731709495
0.21085141903172 1 -10030.2718319159
0.21135225375626 1 -10473.8732573514
0.211853088480801 1 -10914.8817756409
0.212353923205342 1 -11353.1882109226
0.212854757929883 1 -11788.6840562611
0.213355592654424 1 -12221.2615005096
0.213856427378965 1 -12650.8134549989
0.214357262103506 1 -13077.2335800489
0.214858096828047 1 -13500.4163112937
0.215358931552588 1 -13920.256885815
0.215859766277129 1 -14336.6513680772
0.216360601001669 1 -14749.4966756579
0.21686143572621 1 -15158.6906047665
0.217362270450751 1 -15564.1318555461
0.217863105175292 1 -15965.720057151
0.218363939899833 1 -16363.3557925944
0.218864774624374 1 -16756.9406233606
0.219365609348915 1 -17146.3771137735
0.219866444073456 1 -17531.5688551184
0.220367278797997 1 -17912.4204895088
0.220868113522538 1 -18288.8377334927
0.221368948247078 1 -18660.727401394
0.221869782971619 1 -19027.9974283811
0.22237061769616 1 -19390.5568932586
0.222871452420701 1 -19748.3160409755
0.223372287145242 1 -20101.1863048453
0.223873121869783 1 -20449.0803284711
0.224373956594324 1 -20791.9119873717
0.224874791318865 1 -21129.5964103026
0.225375626043406 1 -21462.0500002666
0.225876460767947 1 -21789.1904552091
0.226377295492487 1 -22110.9367883926
0.226878130217028 1 -22427.209348446
0.227378964941569 1 -22737.9298390828
0.22787979966611 1 -23043.0213384842
0.228380634390651 1 -23342.4083183418
0.228881469115192 1 -23636.0166625556
0.229382303839733 1 -23923.7736855815
0.229883138564274 1 -24205.6081504262
0.230383973288815 1 -24481.4502862819
0.230884808013356 1 -24751.2318057988
0.231385642737896 1 -25014.8859219907
0.231886477462437 1 -25272.3473647684
0.232387312186978 1 -25523.5523970979
0.232888146911519 1 -25768.4388307795
0.23338898163606 1 -26006.9460418425
0.233889816360601 1 -26239.0149855538
0.234390651085142 1 -26464.5882110346
0.234891485809683 1 -26683.6098754832
0.235392320534224 1 -26896.025757999
0.235893155258765 1 -27101.7832730061
0.236393989983305 1 -27300.8314832704
0.236894824707846 1 -27493.1211125107
0.237395659432387 1 -27678.6045575965
0.237896494156928 1 -27857.2359003333
0.238397328881469 1 -28028.9709188297
0.23889816360601 1 -28193.7670984452
0.239398998330551 1 -28351.5836423148
0.239899833055092 1 -28502.3814814493
0.240400667779633 1 -28646.1232844061
0.240901502504174 1 -28782.7734665322
0.241402337228715 1 -28912.2981987726
0.241903171953255 1 -29034.6654160453
0.242404006677796 1 -29149.8448251796
0.242904841402337 1 -29257.8079124149
0.243405676126878 1 -29358.5279504602
0.243906510851419 1 -29451.98000511
0.24440734557596 1 -29538.1409414175
0.244908180300501 1 -29616.989429422
0.245409015025042 1 -29688.5059494286
0.245909849749583 1 -29752.6727968412
0.246410684474124 1 -29809.4740865453
0.246911519198664 1 -29858.8957568402
0.247412353923205 1 -29900.9255729205
0.247913188647746 1 -29935.5531299046
0.248414023372287 1 -29962.7698554107
0.248914858096828 1 -29982.5690116791
0.249415692821369 1 -29994.9456972399
0.24991652754591 1 -29999.8968481267
0.250417362270451 1 -29997.4212386349
0.250918196994992 1 -29987.5194816251
0.251419031719533 1 -29970.1940283718
0.251919866444073 1 -29945.449167956
0.252420701168614 1 -29913.2910262037
0.252921535893155 1 -29873.7275641694
0.253422370617696 1 -29826.7685761651
0.253923205342237 1 -29772.425687336
0.254424040066778 1 -29710.712350782
0.254924874791319 1 -29641.6438442278
0.25542570951586 1 -29565.2372662404
0.255926544240401 1 -29481.5115319964
0.256427378964942 1 -29390.4873685992
0.256928213689482 1 -29292.1873099481
0.257429048414023 1 -29186.6356911593
0.257929883138564 1 -29073.8586425421
0.258430717863105 1 -28953.8840831297
0.258931552587646 1 -28826.7417137676
0.259432387312187 1 -28692.4630097612
0.259933222036728 1 -28551.0812130834
0.260434056761269 1 -28402.6313241453
0.26093489148581 1 -28247.1500931318
0.261435726210351 1 -28084.6760109034
0.261936560934891 1 -27915.2492994676
0.262437395659432 1 -27738.9119020216
0.262938230383973 1 -27555.7074725687
0.263439065108514 1 -27365.6813651115
0.263939899833055 1 -27168.8806224237
0.264440734557596 1 -26965.3539644051
0.264941569282137 1 -26755.1517760194
0.265442404006678 1 -26538.3260948217
0.265943238731219 1 -26314.9305980758
0.26644407345576 1 -26085.0205894661
0.2669449081803 1 -25848.6529854063
0.267445742904841 1 -25605.8863009494
0.267946577629382 1 -25356.7806353021
0.268447412353923 1 -25101.3976569458
0.268948247078464 1 -24839.8005883707
0.269449081803005 1 -24572.0541904244
0.269949916527546 1 -24298.2247462794
0.270450751252087 1 -24018.3800450244
0.270951585976628 1 -23732.5893648822
0.271452420701169 1 -23440.9234560594
0.27195325542571 1 -23143.4545232314
0.27245409015025 1 -22840.2562076676
0.272954924874791 1 -22531.4035690007
0.273455759599332 1 -22216.9730666448
0.273956594323873 1 -21897.0425408675
0.274457429048414 1 -21571.6911935196
0.274958263772955 1 -21240.9995684278
0.275459098497496 1 -20905.0495314556
0.275959933222037 1 -20563.9242502365
0.276460767946578 1 -20217.7081735848
0.276961602671119 1 -19866.48701059
0.277462437395659 1 -19510.3477093983
0.2779632721202 1 -19149.3784356878
0.278464106844741 1 -18783.6685508425
0.278964941569282 1 -18413.3085898298
0.279465776293823 1 -18038.3902387877
0.279966611018364 1 -17659.0063123273
0.280467445742905 1 -17275.250730555
0.280968280467446 1 -16887.2184958229
0.281469115191987 1 -16495.0056692085
0.281969949916528 1 -16098.7093467351
0.282470784641068 1 -15698.4276353343
0.282971619365609 1 -15294.2596285585
0.28347245409015 1 -14886.3053820498
0.283973288814691 1 -14474.66588877
0.284474123539232 1 -14059.4430539987
0.284974958263773 1 -13640.7396701059
0.285475792988314 1 -13218.6593911047
0.285976627712855 1 -12793.3067069909
0.286477462437396 1 -12364.7869178753
0.286978297161937 1 -11933.2061079156
0.287479131886477 1 -11498.6711190545
0.287979966611018 1 -11061.2895245699
0.288480801335559 1 -10621.1696024439
0.2889816360601 1 -10178.4203085578
0.289482470784641 1 -9733.1512497189
0.289983305509182 1 -9285.47265652648
0.290484140233723 1 -8835.49535608268
0.290984974958264 1 -8383.33074455694
0.291485809682805 1 -7929.09075960804
0.291986644407346 1 -7472.88785267339
0.292487479131886 1 -7014.83496113059
0.292988313856427 1 -6555.04548033821
0.293489148580968 1 -6093.63323556445
0.293989983305509 1 -5630.71245380778
0.29449081803005 1 -5166.39773551974
0.294991652754591 1 -4700.80402623395
0.295492487479132 1 -4234.04658811048
0.295993322203673 1 -3766.24097140161
0.296494156928214 1 -3297.50298584602
0.296994991652755 1 -2827.94867199956
0.297495826377295 1 -2357.69427250749
0.297996661101836 1 -1886.85620332832
0.298497495826377 1 -1415.55102491334
0.298998330550918 1 -943.895413351241
0.299499165275459 1 -472.00613148383
0.3 4 0
0.30066889632107 4 0
0.30133779264214 4 0
0.302006688963211 4 0
0.302675585284281 4 0
0.303344481605351 4 0
0.304013377926421 4 0
0.304682274247492 4 0
0.305351170568562 4 0
0.306020066889632 4 0
0.306688963210702 4 0
0.307357859531773 4 0
0.308026755852843 4 0
0.308695652173913 4 0
0.309364548494983 4 0
0.310033444816053 4 0
0.310702341137124 4 0
0.311371237458194 4 0
0.312040133779264 4 0
0.312709030100334 4 0
0.313377926421405 4 0
0.314046822742475 4 0
0.314715719063545 4 0
0.315384615384615 4 0
0.316053511705686 4 0
0.316722408026756 4 0
0.317391304347826 4 0
0.318060200668896 4 0
0.318729096989967 4 0
0.319397993311037 4 0
0.320066889632107 4 0
0.320735785953177 4 0
0.321404682274247 4 0
0.322073578595318 4 0
0.322742474916388 4 0
0.323411371237458 4 0
0.324080267558528 4 0
0.324749163879599 4 0
0.325418060200669 4 0
0.326086956521739 4 0
0.326755852842809 4 0
0.32742474916388 4 0
0.32809364548495 4 0
0.32876254180602 4 0
0.32943143812709 4 0
0.330100334448161 4 0
0.330769230769231 4 0
0.331438127090301 4 0
0.332107023411371 4 0
0.332775919732441 4 0
0.333444816053512 4 0
0.334113712374582 4 0
0.334782608695652 4 0
0.335451505016722 4 0
0.336120401337793 4 0
0.336789297658863 4 0
0.337458193979933 4 0
0.338127090301003 4 0
0.338795986622074 4 0
0.339464882943144 4 0
0.340133779264214 4 0
0.340802675585284 4 0
0.341471571906355 4 0
0.342140468227425 4 0
0.342809364548495 4 0
0.343478260869565 4 0
0.344147157190635 4 0
0.344816053511706 4 0
0.345484949832776 4 0
0.346153846153846 4 0
0.346822742474916 4 0
0.347491638795987 4 0
0.348160535117057 4 0
0.348829431438127 4 0
0.349498327759197 4 0
0.350167224080268 4 0
0.350836120401338 4 0
0.351505016722408 4 0
0.352173913043478 4 0
0.352842809364548 4 0
0.353511705685619 4 0
0.354180602006689 4 0
0.354849498327759 4 0
0.355518394648829 4 0
0.3561872909699 4 0
0.35685618729097 4 0
0.35752508361204 4 0
0.35819397993311 4 0
0.358862876254181 4 0
0.359531772575251 4 0
0.360200668896321 4 0
0.360869565217391 4 0
0.361538461538462 4 0
0.362207357859532 4 0
0.362876254180602 4 0
0.363545150501672 4 0
0.364214046822742 4 0
0.364882943143813 4 0
0.365551839464883 4 0
0.366220735785953 4 0
0.366889632107023 4 0
0.367558528428094 4 0
0.368227424749164 4 0
0.368896321070234 4 0
0.369565217391304 4 0
0.370234113712375 4 0
0.370903010033445 4 0
0.371571906354515 4 0
0.372240802675585 4 0
0.372909698996655 4 0
0.373578595317726 4 0
0.374247491638796 4 0
0.374916387959866 4 0
0.375585284280936 4 0
0.376254180602007 4 0
0.376923076923077 4 0
0.377591973244147 4 0
0.378260869565217 4 0
0.378929765886288 4 0
0.379598662207358 4 0
0.380267558528428 4 0
0.380936454849498 4 0
0.381605351170569 4 0
0.382274247491639 4 0
0.382943143812709 4 0
0.383612040133779 4 0
0.38428093645485 4 0
0.38494983277592 4 0
0.38561872909699 4 0
0.38628762541806 4 0
0.38695652173913 4 0
0.387625418060201 4 0
0.388294314381271 4 0
0.388963210702341 4 0
0.389632107023411 4 0
0.390301003344482 4 0
0.390969899665552 4 0
0.391638795986622 4 0
0.392307692307692 4 0
0.392976588628763 4 0
0.393645484949833 4 0
0.394314381270903 4 0
0.394983277591973 4 0
0.395652173913043 4 0
0.396321070234114 4 0
0.396989966555184 4 0
0.397658862876254 4 0
0.398327759197324 4 0
0.398996655518395 4 0
0.399665551839465 4 0
0.400334448160535 4 0
0.401003344481605 4 0
0.401672240802676 4 0
0.402341137123746 4 0
0.403010033444816 4 0
0.403678929765886 4 0
0.404347826086957 4 0
0.405016722408027 4 0
0.405685618729097 4 0
0.406354515050167 4 0
0.407023411371237 4 0
0.407692307692308 4 0
0.408361204013378 4 0
0.409030100334448 4 0
0.409698996655518 4 0
0.410367892976589 4 0
0.411036789297659 4 0
0.411705685618729 4 0
0.412374581939799 4 0
0.41304347826087 4 0
0.41371237458194 4 0
0.41438127090301 4 0
0.41505016722408 4 0
0.41571906354515 4 0
0.416387959866221 4 0
0.417056856187291 4 0
0.417725752508361 4 0
0.418394648829431 4 0
0.419063545150502 4 0
0.419732441471572 4 0
0.420401337792642 4 0
0.421070234113712 4 0
0.421739130434783 4 0
0.422408026755853 4 0
0.423076923076923 4 0
0.423745819397993 4 0
0.424414715719064 4 0
0.425083612040134 4 0
0.425752508361204 4 0
0.426421404682274 4 0
0.427090301003344 4 0
0.427759197324415 4 0
0.428428093645485 4 0
0.429096989966555 4 0
0.429765886287625 4 0
0.430434782608696 4 0
0.431103678929766 4 0
0.431772575250836 4 0
0.432441471571906 4 0
0.433110367892977 4 0
0.433779264214047 4 0
0.434448160535117 4 0
0.435117056856187 4 0
0.435785953177258 4 0
0.436454849498328 4 0
0.437123745819398 4 0
0.437792642140468 4 0
0.438461538461538 4 0
0.439130434782609 4 0
0.439799331103679 4 0
0.440468227424749 4 0
0.441137123745819 4 0
0.44180602006689 4 0
0.44247491638796 4 0
0.44314381270903 4 0
0.4438127090301 4 0
0.444481605351171 4 0
0.445150501672241 4 0
0.445819397993311 4 0
0.446488294314381 4 0
0.447157190635452 4 0
0.447826086956522 4 0
0.448494983277592 4 0
0.449163879598662 4 0
0.449832775919732 4 0
0.450501672240803 4 0
0.451170568561873 4 0
0.451839464882943 4 0
0.452508361204013 4 0
0.453177257525084 4 0
0.453846153846154 4 0
0.454515050167224 4 0
0.455183946488294 4 0
0.455852842809365 4 0
0.456521739130435 4 0
0.457190635451505 4 0
0.457859531772575 4 0
0.458528428093645 4 0
0.459197324414716 4 0
0.459866220735786 4 0
0.460535117056856 4 0
0.461204013377926 4 0
0.461872909698997 4 0
0.462541806020067 4 0
0.463210702341137 4 0
0.463879598662207 4 0
0.464548494983278 4 0
0.465217391304348 4 0
0.465886287625418 4 0
0.466555183946488 4 0
0.467224080267559 4 0
0.467892976588629 4 0
0.468561872909699 4 0
0.469230769230769 4 0
0.469899665551839 4 0
0.47056856187291 4 0
0.47123745819398 4 0
0.47190635451505 4 0
0.47257525083612 4 0
0.473244147157191 4 0
0.473913043478261 4 0
0.474581939799331 4 0
0.475250836120401 4 0
0.475919732441472 4 0
0.476588628762542 4 0
0.477257525083612 4 0
0.477926421404682 4 0
0.478595317725753 4 0
0.479264214046823 4 0
0.479933110367893 4 0
0.480602006688963 4 0
0.481270903010033 4 0
0.481939799331104 4 0
0.482608695652174 4 0
0.483277591973244 4 0
0.483946488294314 4 0
0.484615384615385 4 0
0.485284280936455 4 0
0.485953177257525 4 0
0.486622073578595 4 0
0.487290969899666 4 0
0.487959866220736 4 0
0.488628762541806 4 0
0.489297658862876 4 0
0.489966555183946 4 0
0.490635451505017 4 0
0.491304347826087 4 0
0.491973244147157 4 0
0.492642140468227 4 0
0.493311036789298 4 0
0.493979933110368 4 0
0.494648829431438 4 0
0.495317725752508 4 0
0.495986622073579 4 0
0.496655518394649 4 0
0.497324414715719 4 0
0.497993311036789 4 0
0.49866220735786 4 0
0.49933110367893 4 0
0.5 4 0
