0.000549450549450549 1 0.50000005182369 0.50000005182369
0.0010989010989011 1 0.74999993651943 0.74999993651943
0.00164835164835165 1 0.833333560922256 0.833333560922256
0.0021978021978022 1 0.875000125995485 0.875000125995485
0.00274725274725275 1 0.900000008552979 0.900000008552979
0.0032967032967033 1 0.916666494935233 0.916666494935233
0.00384615384615385 1 0.928571329802708 0.928571329802708
0.00439560439560439 1 0.937500144241455 0.937500144241455
0.00494505494505494 1 0.944444333124592 0.944444333124592
0.00549450549450549 1 0.950000079636198 0.950000079636198
0.00604395604395604 1 0.954545549202315 0.954545549202315
0.00659340659340659 1 0.958333303213976 0.958333303213976
0.00714285714285714 1 0.961538586545885 0.961538586545885
0.00769230769230769 1 0.964285820955979 0.964285820955979
0.00824175824175824 1 0.966666854726934 0.966666854726934
0.00879120879120879 1 0.968749994496319 0.968749994496319
0.00934065934065934 1 0.970588291589956 0.970588291589956
0.00989010989010989 1 0.972222268073133 0.972222268073133
0.0104395604395604 1 0.973684195004785 0.973684195004785
0.010989010989011 1 0.974999877464028 0.974999877464028
0.0115384615384615 1 0.976190734276847 0.976190734276847
0.0120879120879121 1 0.977272631717792 0.977272631717792
0.0126373626373626 1 0.978261095802619 0.978261095802619
0.0131868131868132 1 0.979166517103872 0.979166517103872
0.0137362637362637 1 0.979999950943923 0.979999950943923
0.0142857142857143 1 0.98076933242339 0.98076933242339
0.0148351648351648 1 0.981481595413329 0.981481595413329
0.0153846153846154 1 0.982142795868411 0.982142795868411
0.0159340659340659 1 0.982758569971688 0.982758569971688
0.0164835164835165 1 0.983333513706652 0.983333513706652
0.017032967032967 1 0.983871086420559 0.983871086420559
0.0175824175824176 1 0.984374925507761 0.984374925507761
0.0181318681318681 1 0.984848652541009 0.984848652541009
0.0186813186813187 1 0.985294222539159 0.985294222539159
0.0192307692307692 1 0.985714227836064 0.985714227836064
0.0197802197802198 1 0.986111107406868 0.986111107406868
0.0203296703296703 1 0.986486419528339 0.986486419528339
0.0208791208791209 1 0.986842093582884 0.986842093582884
0.0214285714285714 1 0.98717970657465 0.98717970657465
0.021978021978022 1 0.987500022329329 0.987500022329329
0.0225274725274725 1 0.987804804773104 0.987804804773104
0.0230769230769231 1 0.988095050231173 0.988095050231173
0.0236263736263736 1 0.988372222832891 0.988372222832891
0.0241758241758242 1 0.988636469315392 0.988636469315392
0.0247252747252747 1 0.988888791589989 0.988888791589989
0.0252747252747253 1 0.989130315246181 0.989130315246181
0.0258241758241758 1 0.989361539266248 0.989361539266248
0.0263736263736264 1 0.98958347218575 0.98958347218575
0.0269230769230769 1 0.989796032484942 0.989796032484942
0.0274725274725275 1 0.990000030119975 0.990000030119975
0.0280219780219781 1 0.990195954009251 0.990195954009251
0.0285714285714286 1 0.990384635659327 0.990384635659327
0.0291208791208792 1 0.990565833993114 0.990565833993114
0.0296703296703297 1 0.990740975055783 0.990740975055783
0.0302197802197803 1 0.990908815326225 0.990908815326225
0.0307692307692308 1 0.991071286686919 0.991071286686919
0.0313186813186814 1 0.991228331472068 0.991228331472068
0.0318681318681319 1 0.991379483706753 0.991379483706753
0.0324175824175824 1 0.99152547942579 0.99152547942579
0.032967032967033 1 0.991666665107308 0.991666665107308
0.0335164835164835 1 0.991803467142009 0.991803467142009
0.0340659340659341 1 0.99193544546638 0.99193544546638
0.0346153846153846 1 0.992063559023866 0.992063559023866
0.0351648351648352 1 0.992187627109154 0.992187627109154
0.0357142857142857 1 0.99230783064286 0.99230783064286
0.0362637362637363 1 0.992424434438001 0.992424434438001
0.0368131868131868 1 0.992537315136981 0.992537315136981
0.0373626373626374 1 0.992646904889312 0.992646904889312
0.0379120879120879 1 0.9927534416059 0.9927534416059
0.0384615384615385 1 0.99285706151079 0.99285706151079
0.039010989010989 1 0.992957703539333 0.992957703539333
0.0395604395604396 1 0.993055676135179 0.993055676135179
0.0401098901098901 1 0.993150809792935 0.993150809792935
0.0406593406593407 1 0.993243398987318 0.993243398987318
0.0412087912087912 1 0.993333355953461 0.993333355953461
0.0417582417582418 1 0.993420964212084 0.993420964212084
0.0423076923076923 1 0.993506315271281 0.993506315271281
0.0428571428571429 1 0.993589590693967 0.993589590693967
0.0434065934065934 1 0.993670874068566 0.993670874068566
0.0439560439560439 1 0.993750055339152 0.993750055339152
0.0445054945054945 1 0.993827207712335 0.993827207712335
0.045054945054945 1 0.993902495541787 0.993902495541787
0.0456043956043956 1 0.993975796798264 0.993975796798264
0.0461538461538461 1 0.994047741691401 0.994047741691401
0.0467032967032967 1 0.994117543533352 0.994117543533352
0.0472527472527472 1 0.994186012719094 0.994186012719094
0.0478021978021978 1 0.994253018817438 0.994253018817438
0.0483516483516483 1 0.994318237269714 0.994318237269714
0.0489010989010989 1 0.994382189004918 0.994382189004918
0.0494505494505494 1 0.994444451279844 0.994444451279844
0.05 1 0.994505351360431 0.994505351360431
0.0505494505494505 1 0.9945651229775 0.9945651229775
0.0510989010989011 1 0.994623432030628 0.994623432030628
0.0516483516483516 1 0.99468088505414 0.99468088505414
0.0521978021978022 1 0.994736767819884 0.994736767819884
0.0527472527472527 1 0.994791776148559 0.994791776148559
0.0532967032967033 1 0.994845380955203 0.994845380955203
0.0538461538461538 1 0.994898086798912 0.994898086798912
0.0543956043956043 1 0.994949455430876 0.994949455430876
0.0549450549450549 1 0.995000083358894 0.995000083358894
0.0554945054945054 1 0.99504943610872 0.99504943610872
0.056043956043956 1 0.995098013137642 0.995098013137642
0.0565934065934065 1 0.995145465947304 0.995145465947304
0.0571428571428571 1 0.995192481902052 0.995192481902052
0.0576923076923076 1 0.995237956307167 0.995237956307167
0.0582417582417582 1 0.99528313756906 0.99528313756906
0.0587912087912087 1 0.995327014599166 0.995327014599166
0.0593406593406593 1 0.995370173671606 0.995370173671606
0.0598901098901098 1 0.995412921729277 0.995412921729277
0.0604395604395604 1 0.995454527099366 0.995454527099366
0.0609890109890109 1 0.995495574503873 0.995495574503873
0.0615384615384615 1 0.995535707355449 0.995535707355449
0.062087912087912 1 0.99557532151173 0.99557532151173
0.0626373626373626 1 0.995614059001292 0.995614059001292
0.0631868131868131 1 0.995652219804703 0.995652219804703
0.0637362637362637 1 0.995689727532748 0.995689727532748
0.0642857142857142 1 0.995726504384541 0.995726504384541
0.0648351648351648 1 0.995762754836356 0.995762754836356
0.0653846153846153 1 0.995798211704371 0.995798211704371
0.0659340659340659 1 0.995833361233599 0.995833361233599
0.0664835164835164 1 0.995867653182037 0.995867653182037
0.0670329670329669 1 0.995901855616908 0.995901855616908
0.0675824175824175 1 0.995934946235004 0.995934946235004
0.068131868131868 1 0.995967784426825 0.995967784426825
0.0686813186813186 1 0.996000101726491 0.996000101726491
0.0692307692307691 1 0.996031626983225 0.996031626983225
0.0697802197802197 1 0.996063031614201 0.996063031614201
0.0703296703296702 1 0.996093763143692 0.996093763143692
0.0708791208791208 1 0.99612392589579 0.99612392589579
0.0714285714285713 1 0.996153908124036 0.996153908124036
0.0719780219780219 1 0.996182966559247 0.996182966559247
0.0725274725274724 1 0.996211958438579 0.996211958438579
0.073076923076923 1 0.996240613094896 0.996240613094896
0.0736263736263735 1 0.996268751897532 0.996268751897532
0.0741758241758241 1 0.996296194534931 0.996296194534931
0.0747252747252746 1 0.996323514998001 0.996323514998001
0.0752747252747252 1 0.996350535232954 0.996350535232954
0.0758241758241757 1 0.996376792069441 0.996376792069441
0.0763736263736263 1 0.996403047008706 0.996403047008706
0.0769230769230768 1 0.99642874396892 0.99642874396892
0.0774725274725273 1 0.996453889480491 0.996453889480491
0.0780219780219779 1 0.996478962267659 0.996478962267659
0.0785714285714284 1 0.996503404916829 0.996503404916829
0.079120879120879 1 0.996527789536314 0.996527789536314
0.0796703296703295 1 0.996551747243132 0.996551747243132
0.0802197802197801 1 0.996575473163135 0.996575473163135
0.0807692307692306 1 0.996598407802668 0.996598407802668
0.0813186813186812 1 0.996621404638171 0.996621404638171
0.0818681318681317 1 0.996644283606817 0.996644283606817
0.0824175824175823 1 0.996666674255424 0.996666674255424
0.0829670329670328 1 0.996688675753745 0.996688675753745
0.0835164835164834 1 0.996710576666187 0.996710576666187
0.0840659340659339 1 0.996732100532385 0.996732100532385
0.0846153846153845 1 0.996753441151562 0.996753441151562
0.085164835164835 1 0.996774037813383 0.996774037813383
0.0857142857142856 1 0.996794931658943 0.996794931658943
0.0862637362637361 1 0.996815092518198 0.996815092518198
0.0868131868131867 1 0.99683556125357 0.99683556125357
0.0873626373626372 1 0.99685521298507 0.99685521298507
0.0879120879120878 1 0.996874993292605 0.996874993292605
0.0884615384615383 1 0.996894625826952 0.996894625826952
0.0890109890109888 1 0.996913454606728 0.996913454606728
0.0895604395604394 1 0.996932613757509 0.996932613757509
0.0901098901098899 1 0.996951166702191 0.996951166702191
0.0906593406593405 1 0.99696977633905 0.99696977633905
0.091208791208791 1 0.996987976310941 0.996987976310941
0.0917582417582416 1 0.997005958319097 0.997005958319097
0.0923076923076921 1 0.997023726255728 0.997023726255728
0.0928571428571427 1 0.997041472766108 0.997041472766108
0.0934065934065932 1 0.997059013816762 0.997059013816762
0.0939560439560438 1 0.997075975334848 0.997075975334848
0.0945054945054943 1 0.997093114012864 0.997093114012864
0.0950549450549449 1 0.997109963404823 0.997109963404823
0.0956043956043954 1 0.997126337504986 0.997126337504986
0.096153846153846 1 0.997142804483939 0.997142804483939
0.0967032967032965 1 0.997158897119794 0.997158897119794
0.0972527472527471 1 0.997175089552351 0.997175089552351
0.0978021978021976 1 0.99719100881234 0.99719100881234
0.0983516483516482 1 0.997206468560208 0.997206468560208
0.0989010989010987 1 0.99722213101729 0.99722213101729
0.0994505494505492 1 0.997237529125193 0.997237529125193
0.0999999999999998 1 0.997252759574961 0.997252759574961
0.10054945054945 1 0.997267730713776 0.997267730713776
0.101098901098901 1 0.997282633522719 0.997282633522719
0.101648351648351 1 0.99729728234836 0.99729728234836
0.102197802197802 1 0.997311868056893 0.997311868056893
0.102747252747253 1 0.99732629927886 0.99732629927886
0.103296703296703 1 0.997340389690597 0.997340389690597
0.103846153846154 1 0.997354518289355 0.997354518289355
0.104395604395604 1 0.99736831086887 0.99736831086887
0.104945054945055 1 0.997382240716328 0.997382240716328
0.105494505494505 1 0.997395934013959 0.997395934013959
0.106043956043956 1 0.997409203711626 0.997409203711626
0.106593406593406 1 0.997422616856743 0.997422616856743
0.107142857142857 1 0.997435893879512 0.997435893879512
0.107692307692307 1 0.997448942479203 0.997448942479203
0.108241758241758 1 0.997461952988815 0.997461952988815
0.108791208791209 1 0.997474833505549 0.997474833505549
0.109340659340659 1 0.997487397227899 0.997487397227899
0.10989010989011 1 0.997500117039156 0.997500117039156
0.11043956043956 1 0.997512429960619 0.997512429960619
0.110989010989011 1 0.99752499708219 0.99752499708219
0.111538461538461 1 0.997537067059807 0.997537067059807
0.112087912087912 1 0.997549206069485 0.997549206069485
0.112637362637362 1 0.997560944906447 0.997560944906447
0.113186813186813 1 0.99757294452236 0.99757294452236
0.113736263736263 1 0.997584642185811 0.997584642185811
0.114285714285714 1 0.997595849890231 0.997595849890231
0.114835164835165 1 0.997607699892852 0.997607699892852
0.115384615384615 1 0.997618876208629 0.997618876208629
0.115934065934066 1 0.997630227012163 0.997630227012163
0.116483516483516 1 0.997641472064859 0.997641472064859
0.117032967032967 1 0.997652612856191 0.997652612856191
0.117582417582417 1 0.997663556483723 0.997663556483723
0.118131868131868 1 0.997674492673077 0.997674492673077
0.118681318681318 1 0.997685328908976 0.997685328908976
0.119230769230769 1 0.997695689129282 0.997695689129282
0.11978021978022 1 0.997706516575009 0.997706516575009
0.12032967032967 1 0.997716871572844 0.997716871572844
0.120879120879121 1 0.99772731986662 0.99772731986662
0.121428571428571 1 0.997737391812463 0.997737391812463
0.121978021978022 1 0.997747936612274 0.997747936612274
0.122527472527472 1 0.997757825775004 0.997757825775004
0.123076923076923 1 0.997767624119922 0.997767624119922
0.123626373626373 1 0.997777804624329 0.997777804624329
0.124175824175824 1 0.997787615727803 0.997787615727803
0.124725274725274 1 0.997797340389836 0.997797340389836
0.125274725274725 1 0.997806885397316 0.997806885397316
0.125824175824176 1 0.997816628857819 0.997816628857819
0.126373626373626 1 0.997826101351047 0.997826101351047
0.126923076923077 1 0.997835586179193 0.997835586179193
0.127472527472527 1 0.997844801765001 0.997844801765001
0.128021978021978 1 0.997854031381033 0.997854031381033
0.128571428571428 1 0.997863276456691 0.997863276456691
0.129120879120879 1 0.997872444052693 0.997872444052693
0.129670329670329 1 0.997881252123366 0.997881252123366
0.13021978021978 1 0.997890266508994 0.997890266508994
0.13076923076923 1 0.997899395013876 0.997899395013876
0.131318681318681 1 0.997907978969648 0.997907978969648
0.131868131868132 1 0.997916772059464 0.997916772059464
0.132417582417582 1 0.997925493349476 0.997925493349476
0.132967032967033 1 0.99793386071406 0.99793386071406
0.133516483516483 1 0.997942534238031 0.997942534238031
0.134065934065934 1 0.997951044645573 0.997951044645573
0.134615384615384 1 0.997959109388381 0.997959109388381
0.135164835164835 1 0.997967388126139 0.997967388126139
0.135714285714285 1 0.997975788498874 0.997975788498874
0.136263736263736 1 0.997983746068838 0.997983746068838
0.136813186813186 1 0.997991920453367 0.997991920453367
0.137362637362637 1 0.998000030572572 0.998000030572572
0.137912087912088 1 0.998008077194541 0.998008077194541
0.138461538461538 1 0.998015778082601 0.998015778082601
0.139010989010989 1 0.998023698851788 0.998023698851788
0.139560439560439 1 0.998031652694044 0.998031652694044
0.14010989010989 1 0.998039452039712 0.998039452039712
0.14065934065934 1 0.998046908572384 0.998046908572384
0.141208791208791 1 0.998054493534131 0.998054493534131
0.141758241758241 1 0.998061831044684 0.998061831044684
0.142307692307692 1 0.998069298365612 0.998069298365612
0.142857142857143 1 0.998076991220959 0.998076991220959
0.143406593406593 1 0.998084251075879 0.998084251075879
0.143956043956044 1 0.998091548757808 0.998091548757808
0.144505494505494 1 0.99809897959016 0.99809897959016
0.145054945054945 1 0.998106167623197 0.998106167623197
0.145604395604395 1 0.998113301406949 0.998113301406949
0.146153846153846 1 0.99812038155323 0.99812038155323
0.146703296703296 1 0.998127502985077 0.998127502985077
0.147252747252747 1 0.998134383686337 0.998134383686337
0.147802197802197 1 0.998141495137211 0.998141495137211
0.148351648351648 1 0.998147990092295 0.998147990092295
0.148901098901099 1 0.998155281805279 0.998155281805279
0.149450549450549 1 0.998161959191741 0.998161959191741
0.15 1 0.998168492308575 0.998168492308575
0.15054945054945 1 0.998175164308607 0.998175164308607
0.151098901098901 1 0.998181787785004 0.998181787785004
0.151648351648351 1 0.998188457579816 0.998188457579816
0.152197802197802 1 0.998194891608864 0.998194891608864
0.152747252747252 1 0.998201466960758 0.998201466960758
0.153296703296703 1 0.998207807564261 0.998207807564261
0.153846153846153 1 0.998214290493422 0.998214290493422
0.154395604395604 1 0.998220728285836 0.998220728285836
0.154945054945055 1 0.998226932799695 0.998226932799695
0.155494505494505 1 0.998233092467405 0.998233092467405
0.156043956043956 1 0.998239207762695 0.998239207762695
0.156593406593406 1 0.998245562080327 0.998245562080327
0.157142857142857 1 0.998251685319927 0.998251685319927
0.157692307692307 1 0.998257671580783 0.998257671580783
0.158241758241758 1 0.99826370959723 0.99826370959723
0.158791208791208 1 0.998269988748945 0.998269988748945
0.159340659340659 1 0.998275850292326 0.998275850292326
0.159890109890109 1 0.998281764885439 0.998281764885439
0.16043956043956 1 0.998287733272936 0.998287733272936
0.160989010989011 1 0.998293473275068 0.998293473275068
0.161538461538461 1 0.99829936187727 0.99829936187727
0.162087912087912 1 0.998305022906871 0.998305022906871
0.162637362637362 1 0.998310833338303 0.998310833338303
0.163186813186813 1 0.998316511290639 0.998316511290639
0.163736263736263 1 0.998322056833863 0.998322056833863
0.164285714285714 1 0.998327752941586 0.998327752941586
0.164835164835164 1 0.998333412016698 0.998333412016698
0.165384615384615 1 0.998338940127839 0.998338940127839
0.165934065934066 1 0.998344525928911 0.998344525928911
0.166483516483516 1 0.998349887193281 0.998349887193281
0.167032967032967 1 0.998355495153841 0.998355495153841
0.167582417582417 1 0.998360502402493 0.998360502402493
0.168131868131868 1 0.998366039019507 0.998366039019507
0.168681318681318 1 0.998371352812507 0.998371352812507
0.169230769230769 1 0.998376632100357 0.998376632100357
0.169780219780219 1 0.998381877218059 0.998381877218059
0.17032967032967 1 0.998387088496273 0.998387088496273
0.17087912087912 1 0.998392266261463 0.998392266261463
0.171428571428571 1 0.998397505130793 0.998397505130793
0.171978021978022 1 0.998402522838338 0.998402522838338
0.172527472527472 1 0.998407507686496 0.998407507686496
0.173076923076923 1 0.998412554281721 0.998412554281721
0.173626373626373 1 0.998417663229483 0.998417663229483
0.174175824175824 1 0.998422552249983 0.998422552249983
0.174725274725274 1 0.998427503925871 0.998427503925871
0.175274725274725 1 0.9984325188484 0.9984325188484
0.175824175824175 1 0.998437409019094 0.998437409019094
0.176373626373626 1 0.998442363012146 0.998442363012146
0.176923076923076 1 0.998447192821899 0.998447192821899
0.177472527472527 1 0.998452087015532 0.998452087015532
0.178021978021978 1 0.998456857580443 0.998456857580443
0.178571428571428 1 0.998461410210216 0.998461410210216
0.179120879120879 1 0.998466404619348 0.998466404619348
0.179670329670329 1 0.998470899632649 0.998470899632649
0.18021978021978 1 0.998475648377932 0.998475648377932
0.18076923076923 1 0.998480180539627 0.998480180539627
0.181318681318681 1 0.998484967237958 0.998484967237958
0.181868131868131 1 0.998489538147582 0.998489538147582
0.182417582417582 1 0.998493987235786 0.998493987235786
0.182967032967032 1 0.998498597325451 0.998498597325451
0.183516483516483 1 0.998503180655393 0.998503180655393
0.184065934065934 1 0.998507548896086 0.998507548896086
0.184615384615384 1 0.998511890294773 0.998511890294773
0.185164835164835 1 0.998516487941656 0.998516487941656
0.185714285714285 1 0.998520965771387 0.998520965771387
0.186263736263736 1 0.998525040884673 0.998525040884673
0.186813186813186 1 0.998529372382209 0.998529372382209
0.187362637362637 1 0.998533772757178 0.998533772757178
0.187912087912087 1 0.998537959661336 0.998537959661336
0.188461538461538 1 0.998542215609981 0.998542215609981
0.189010989010989 1 0.998546635376554 0.998546635376554
0.189560439560439 1 0.998550748317048 0.998550748317048
0.19010989010989 1 0.998554742386923 0.998554742386923
0.19065934065934 1 0.998558900367822 0.998558900367822
0.191208791208791 1 0.998563223010947 0.998563223010947
0.191758241758241 1 0.998567333943107 0.998567333943107
0.192307692307692 1 0.998571327105665 0.998571327105665
0.192857142857142 1 0.998575579545045 0.998575579545045
0.193406593406593 1 0.998579715149736 0.998579715149736
0.193956043956043 1 0.998583356736269 0.998583356736269
0.194505494505494 1 0.998587540219795 0.998587540219795
0.195054945054945 1 0.998591418895564 0.998591418895564
0.195604395604395 1 0.998595557816557 0.998595557816557
0.196153846153846 1 0.99859948658072 0.99859948658072
0.196703296703296 1 0.998603204845368 0.998603204845368
0.197252747252747 1 0.998607372197962 0.998607372197962
0.197802197802197 1 0.998611047378069 0.998611047378069
0.198351648351648 1 0.998614983455737 0.998614983455737
0.198901098901098 1 0.99861889856732 0.99861889856732
0.199450549450549 1 0.998622510064822 0.998622510064822
0.199999999999999 1 0.998626477260693 0.998626477260693
0.20054945054945 1 0.998630141446975 0.998630141446975
0.201098901098901 1 0.998634067656755 0.998634067656755
0.201648351648351 1 0.998637691192441 0.998637691192441
0.202197802197802 1 0.99864129426752 0.99864129426752
0.202747252747252 1 0.99864506559161 0.99864506559161
0.203296703296703 1 0.998648628750912 0.998648628750912
0.203846153846153 1 0.998652266211484 0.998652266211484
0.204395604395604 1 0.998655978386424 0.998655978386424
0.204945054945054 1 0.998659482873564 0.998659482873564
0.205494505494505 1 0.998663062134926 0.998663062134926
0.206043956043955 1 0.99866671657649 0.99866671657649
0.206593406593406 1 0.998670258061423 0.998670258061423
0.207142857142857 1 0.998673686489708 0.998673686489708
0.207692307692307 1 0.998677190299584 0.998677190299584
0.208241758241758 1 0.99868076988797 0.99868076988797
0.208791208791208 1 0.998684048575827 0.998684048575827
0.209340659340659 1 0.998687591372998 0.998687591372998
0.209890109890109 1 0.998690927826222 0.998690927826222
0.21043956043956 1 0.998694528920245 0.998694528920245
0.21098901098901 1 0.998697829929609 0.998697829929609
0.211538461538461 1 0.998701395856289 0.998701395856289
0.212087912087912 1 0.998704661971988 0.998704661971988
0.212637362637362 1 0.998708004744441 0.998708004744441
0.213186813186813 1 0.998711236020719 0.998711236020719
0.213736263736263 1 0.998714638487859 0.998714638487859
0.214285714285714 1 0.998718118495404 0.998718118495404
0.214835164835164 1 0.998721205089228 0.998721205089228
0.215384615384615 1 0.998724368758266 0.998724368758266
0.215934065934065 1 0.998727704136272 0.998727704136272
0.216483516483516 1 0.998731023300259 0.998731023300259
0.217032967032966 1 0.99873413784689 0.99873413784689
0.217582417582417 1 0.998737518739093 0.998737518739093
0.218131868131868 1 0.998740695496646 0.998740695496646
0.218681318681318 1 0.998743667765909 0.998743667765909
0.219230769230769 1 0.99874681224497 0.99874681224497
0.219780219780219 1 0.998750035263387 0.998750035263387
0.22032967032967 1 0.998753054388275 0.998753054388275
0.22087912087912 1 0.998756152051268 0.998756152051268
0.221428571428571 1 0.998759422862992 0.998759422862992
0.221978021978021 1 0.998762207577832 0.998762207577832
0.222527472527472 1 0.998765542010688 0.998765542010688
0.223076923076922 1 0.99876848506466 0.99876848506466
0.223626373626373 1 0.998771601481966 0.998771601481966
0.224175824175824 1 0.998774514796066 0.998774514796066
0.224725274725274 1 0.998777413173588 0.998777413173588
0.225274725274725 1 0.998780579500437 0.998780579500437
0.225824175824175 1 0.998783449017961 0.998783449017961
0.226373626373626 1 0.998786303920273 0.998786303920273
0.226923076923076 1 0.998789521345722 0.998789521345722
0.227472527472527 1 0.998792065470266 0.998792065470266
0.228021978021977 1 0.998795348671707 0.998795348671707
0.228571428571428 1 0.998798053260874 0.998798053260874
0.229120879120878 1 0.998801026294658 0.998801026294658
0.229670329670329 1 0.998803608752316 0.998803608752316
0.23021978021978 1 0.998806742399532 0.998806742399532
0.23076923076923 1 0.998809580373551 0.998809580373551
0.231318681318681 1 0.998812216353748 0.998812216353748
0.231868131868131 1 0.998815121269453 0.998815121269453
0.232417582417582 1 0.998818107373372 0.998818107373372
0.232967032967032 1 0.998820703703765 0.998820703703765
0.233516483516483 1 0.99882328648704 0.99882328648704
0.234065934065933 1 0.99882632709144 0.99882632709144
0.234615384615384 1 0.998829072675479 0.998829072675479
0.235164835164834 1 0.998831899683765 0.998831899683765
0.235714285714285 1 0.998834431409489 0.998834431409489
0.236263736263736 1 0.998837232806727 0.998837232806727
0.236813186813186 1 0.998840116113023 0.998840116113023
0.237362637362637 1 0.998842421860036 0.998842421860036
0.237912087912087 1 0.998845279864563 0.998845279864563
0.238461538461538 1 0.998847937495031 0.998847937495031
0.239010989010988 1 0.998850582906482 0.998850582906482
0.239560439560439 1 0.998853216183044 0.998853216183044
0.240109890109889 1 0.998855931659785 0.998855931659785
0.24065934065934 1 0.998858446878829 0.998858446878829
0.241208791208791 1 0.998861044246958 0.998861044246958
0.241758241758241 1 0.998863724059921 0.998863724059921
0.242307692307692 1 0.998866015356735 0.998866015356735
0.242857142857142 1 0.99886876562157 0.99886876562157
0.243406593406593 1 0.998871316244292 0.998871316244292
0.243956043956043 1 0.998873949627786 0.998873949627786
0.244505494505494 1 0.998876383310853 0.998876383310853
0.245054945054944 1 0.998878805447287 0.998878805447287
0.245604395604395 1 0.99888159311209 0.99888159311209
0.246153846153845 1 0.998883898977538 0.998883898977538
0.246703296703296 1 0.998886381811637 0.998886381811637
0.247252747252747 1 0.998888947859592 0.998888947859592
0.247802197802197 1 0.998891314657526 0.998891314657526
0.248351648351648 1 0.998893858854452 0.998893858854452
0.248901098901098 1 0.998896203946253 0.998896203946253
0.249450549450549 1 0.998898726580661 0.998898726580661
0.249999999999999 1 0.998901238747297 0.998901238747297
0.25054945054945 1 0.998903646267729 0.998903646267729
0.2510989010989 1 0.998905854757821 0.998905854757821
0.251648351648351 1 0.998908429357914 0.998908429357914
0.252197802197801 1 0.998910711230475 0.998910711230475
0.252747252747252 1 0.99891307681427 0.99891307681427
0.253296703296703 1 0.998915432135228 0.998915432135228
0.253846153846153 1 0.998917871505949 0.998917871505949
0.254395604395604 1 0.998919923966436 0.998919923966436
0.254945054945054 1 0.998922436981683 0.998922436981683
0.255494505494505 1 0.998924940403024 0.998924940403024
0.256043956043955 1 0.998926963066807 0.998926963066807
0.256593406593406 1 0.998929352233347 0.998929352233347
0.257142857142856 1 0.99893173179326 0.99893173179326
0.257692307692307 1 0.998933819074686 0.998933819074686
0.258241758241757 1 0.998936367493342 0.998936367493342
0.258791208791208 1 0.998938435669565 0.998938435669565
0.259340659340659 1 0.99894068237318 0.99894068237318
0.259890109890109 1 0.998942825333403 0.998942825333403
0.26043956043956 1 0.998945147142508 0.998945147142508
0.26098901098901 1 0.99894727128383 0.99894727128383
0.261538461538461 1 0.998949668635728 0.998949668635728
0.262087912087911 1 0.998951774391775 0.998951774391775
0.262637362637362 1 0.998953870746218 0.998953870746218
0.263186813186812 1 0.99895624048506 0.99895624048506
0.263736263736263 1 0.998958413042516 0.998958413042516
0.264285714285714 1 0.99896029384067 0.99896029384067
0.264835164835164 1 0.998962730527186 0.998962730527186
0.265384615384615 1 0.998964781912029 0.998964781912029
0.265934065934065 1 0.998966824236537 0.998966824236537
0.266483516483516 1 0.998969140280133 0.998969140280133
0.267032967032966 1 0.998971259473104 0.998971259473104
0.267582417582417 1 0.998973181481569 0.998973181481569
0.268131868131867 1 0.998975377177029 0.998975377177029
0.268681318681318 1 0.998977375989047 0.998977375989047
0.269230769230768 1 0.998979648786663 0.998979648786663
0.269780219780219 1 0.998981724997004 0.998981724997004
0.27032967032967 1 0.998983604287976 0.998983604287976
0.27087912087912 1 0.998985851767437 0.998985851767437
0.271428571428571 1 0.998987902812572 0.998987902812572
0.271978021978021 1 0.998989851331491 0.998989851331491
0.272527472527472 1 0.998992074140979 0.998992074140979
0.273076923076922 1 0.998994006425761 0.998994006425761
0.273626373626373 1 0.998996024621822 0.998996024621822
0.274175824175823 1 0.998997940490518 0.998997940490518
0.274725274725274 1 0.999000036607304 0.999000036607304
0.275274725274724 1 0.999002030682068 0.999002030682068
0.275824175824175 1 0.999004111050151 0.999004111050151
0.276373626373626 1 0.999005995232582 0.999005995232582
0.276923076923076 1 0.999007871377717 0.999007871377717
0.277472527472527 1 0.999009928007867 0.999009928007867
0.278021978021977 1 0.999011788593015 0.999011788593015
0.278571428571428 1 0.999013829755295 0.999013829755295
0.279120879120878 1 0.999015769200785 0.999015769200785
0.279670329670329 1 0.999017701025664 0.999017701025664
0.280219780219779 1 0.999019531038391 0.999019531038391
0.28076923076923 1 0.9990216360445 0.9990216360445
0.28131868131868 1 0.999023639695172 0.999023639695172
0.281868131868131 1 0.999025447613233 0.999025447613233
0.282417582417582 1 0.999027247947114 0.999027247947114
0.282967032967032 1 0.999029134976468 0.999029134976468
0.283516483516483 1 0.999031203162345 0.999031203162345
0.284065934065933 1 0.999032887499609 0.999032887499609
0.284615384615384 1 0.999034752713054 0.999034752713054
0.285164835164834 1 0.999036704973547 0.999036704973547
0.285714285714285 1 0.999038461799297 0.999038461799297
0.286263736263735 1 0.999040494042114 0.999040494042114
0.286813186813186 1 0.999042142643732 0.999042142643732
0.287362637362637 1 0.999043972329049 0.999043972329049
0.287912087912087 1 0.999045795030834 0.999045795030834
0.288461538461538 1 0.999047799256456 0.999047799256456
0.289010989010988 1 0.999049608468213 0.999049608468213
0.289560439560439 1 0.999051222347109 0.999051222347109
0.290109890109889 1 0.999053017509452 0.999053017509452
0.29065934065934 1 0.999054994350899 0.999054994350899
0.29120879120879 1 0.999056493633921 0.999056493633921
0.291758241758241 1 0.999058456837855 0.999058456837855
0.292307692307691 1 0.999060131025444 0.999060131025444
0.292857142857142 1 0.999061986865782 0.999061986865782
0.293406593406593 1 0.999063553587604 0.999063553587604
0.293956043956043 1 0.999065490324964 0.999065490324964
0.294505494505494 1 0.999067138193871 0.999067138193871
0.295054945054944 1 0.999068967862973 0.999068967862973
0.295604395604395 1 0.99907060279217 0.99907060279217
0.296153846153845 1 0.999072325362248 0.999072325362248
0.296703296703296 1 0.999074041552437 0.999074041552437
0.297252747252746 1 0.999075845629195 0.999075845629195
0.297802197802197 1 0.999077455108098 0.999077455108098
0.298351648351647 1 0.999079058138768 0.999079058138768
0.298901098901098 1 0.999080748987367 0.999080748987367
0.299450549450549 1 0.999082527861457 0.999082527861457
0.299954045040881 1 0.999053469204575 0.999053469204575
0.300365630712979 1 0.999391691232889 0.999391691232889
0.300731261425959 1 0.999392536130176 0.999392536130176
0.301096892138939 1 0.999392738462396 0.999392738462396
0.301462522851919 1 0.99939336112192 0.99939336112192
0.301828153564899 1 0.99939440464142 0.99939440464142
0.302193784277879 1 0.999394805904197 0.999394805904197
0.302559414990858 1 0.999395840531087 0.999395840531087
0.302925045703838 1 0.999396871120793 0.999396871120793
0.303290676416818 1 0.999397259500998 0.999397259500998
0.303656307129798 1 0.999398068563594 0.999398068563594
0.304021937842778 1 0.999398447921824 0.999398447921824
0.304387568555758 1 0.999399247994915 0.999399247994915
0.304753199268738 1 0.999400043852586 0.999400043852586
0.305118829981718 1 0.999400835509989 0.999400835509989
0.305484460694698 1 0.99940162298227 0.99940162298227
0.305850091407678 1 0.999402406284314 0.999402406284314
0.306215722120657 1 0.99940318543112 0.99940318543112
0.306581352833637 1 0.999403534982445 0.999403534982445
0.306946983546617 1 0.999404730811986 0.999404730811986
0.307312614259597 1 0.999405072128092 0.999405072128092
0.307678244972577 1 0.999406047024626 0.999406047024626
0.308043875685557 1 0.999406379911932 0.999406379911932
0.308409506398537 1 0.999407346409724 0.999407346409724
0.308775137111517 1 0.999407883654735 0.999407883654735
0.309140767824497 1 0.999408629338022 0.999408629338022
0.309506398537477 1 0.99940937099913 0.99940937099913
0.309872029250456 1 0.99941010865236 0.99941010865236
0.310237659963436 1 0.999411055037821 0.999411055037821
0.310603290676416 1 0.999411784967672 0.999411784967672
0.310968921389396 1 0.999411872754067 0.999411872754067
0.311334552102376 1 0.999412594016867 0.999412594016867
0.311700182815356 1 0.999413524068563 0.999413524068563
0.312065813528336 1 0.999414024995662 0.999414024995662
0.312431444241316 1 0.999414947215125 0.999414947215125
0.312797074954296 1 0.99941565306245 0.99941565306245
0.313162705667276 1 0.999416355027578 0.999416355027578
0.313528336380256 1 0.999416840399343 0.999416840399343
0.313893967093235 1 0.99941732166872 0.99941732166872
0.314259597806215 1 0.999418437023281 0.999418437023281
0.314625228519195 1 0.999419123595672 0.999419123595672
0.314990859232175 1 0.999419806353206 0.999419806353206
0.315356489945155 1 0.999420272585002 0.999420272585002
0.315722120658135 1 0.99942094750632 0.99942094750632
0.316087751371115 1 0.99942140592917 0.99942140592917
0.316453382084095 1 0.999422498515887 0.999422498515887
0.316819012797075 1 0.99942294967426 0.99942294967426
0.317184643510055 1 0.999423822298259 0.999423822298259
0.317550274223034 1 0.999424265997722 0.999424265997722
0.317915904936014 1 0.999424918465466 0.999424918465466
0.318281535648994 1 0.999425779958985 0.999425779958985
0.318647166361974 1 0.999426425289025 0.999426425289025
0.319012797074954 1 0.999426854224224 0.999426854224224
0.319378427787934 1 0.999427704701536 0.999427704701536
0.319744058500914 1 0.999428551775119 0.999428551775119
0.320109689213894 1 0.999428970012303 0.999428970012303
0.320475319926874 1 0.999429171662354 0.999429171662354
0.320840950639854 1 0.999430220106288 0.999430220106288
0.321206581352833 1 0.999430839993747 0.999430839993747
0.321572212065813 1 0.999431669017712 0.999431669017712
0.321937842778793 1 0.999432069266798 0.999432069266798
0.322303473491773 1 0.99943289115635 0.99943289115635
0.322669104204753 1 0.999433709737877 0.999433709737877
0.323034734917733 1 0.999433886859198 0.999433886859198
0.323400365630713 1 0.999434485416504 0.999434485416504
0.323765996343693 1 0.999435293181908 0.999435293181908
0.324131627056673 1 0.99943631040677 0.99943631040677
0.324497257769653 1 0.999436899179471 0.999436899179471
0.324862888482633 1 0.999437059032486 0.999437059032486
0.325228519195612 1 0.9994382785424 0.9994382785424
0.325594149908592 1 0.999438431712558 0.999438431712558
0.325959780621572 1 0.999439219122019 0.999439219122019
0.326325411334552 1 0.999440003337786 0.999440003337786
0.326691042047532 1 0.99944014621121 0.99944014621121
0.327056672760512 1 0.999441348798147 0.999441348798147
0.327422303473492 1 0.999441485101808 0.999441485101808
0.327787934186472 1 0.999442255702329 0.999442255702329
0.328153564899452 1 0.999442810445068 0.999442810445068
0.328519195612432 1 0.99944336182343 0.99944336182343
0.328884826325411 1 0.999444335286612 0.999444335286612
0.329250457038391 1 0.999445093160582 0.999445093160582
0.329616087751371 1 0.999445422500816 0.999445422500816
0.329981718464351 1 0.99944596100301 0.99944596100301
0.330347349177331 1 0.999446496195338 0.999446496195338
0.330712979890311 1 0.999447240807141 0.999447240807141
0.331078610603291 1 0.999447769647397 0.999447769647397
0.331444241316271 1 0.999448720646265 0.999448720646265
0.331809872029251 1 0.999449030692648 0.999449030692648
0.332175502742231 1 0.999449762683905 0.999449762683905
0.33254113345521 1 0.999450491663028 0.999450491663028
0.33290676416819 1 0.999450579487236 0.999450579487236
0.33327239488117 1 0.999451301772308 0.999451301772308
0.33363802559415 1 0.999452233793699 0.999452233793699
0.33400365630713 1 0.999452737641991 0.999452737641991
0.33436928702011 1 0.999453451013095 0.999453451013095
0.33473491773309 1 0.999454161432484 0.999454161432484
0.33510054844607 1 0.999454230759407 0.999454230759407
0.33546617915905 1 0.999454934609367 0.999454934609367
0.33583180987203 1 0.999455635537985 0.999455635537985
0.336197440585009 1 0.99945612083829 0.99945612083829
0.336563071297989 1 0.999456815721771 0.999456815721771
0.336928702010969 1 0.999457507712824 0.999457507712824
0.337294332723949 1 0.9994579841049 0.9994579841049
0.337659963436929 1 0.999458244677415 0.999458244677415
0.338025594149909 1 0.999458927358194 0.999458927358194
0.338391224862889 1 0.999459819901113 0.999459819901113
0.338756855575869 1 0.999460284397848 0.999460284397848
0.339122486288849 1 0.999461383976173 0.999461383976173
0.339488117001829 1 0.999461204894444 0.999461204894444
0.339853747714809 1 0.999462085656643 0.999462085656643
0.340219378427788 1 0.999462963840307 0.999462963840307
0.340585009140768 1 0.999463201309099 0.999463201309099
0.340950639853748 1 0.999464073676968 0.999464073676968
0.341316270566728 1 0.999464518063264 0.999464518063264
0.341681901279708 1 0.999465172165561 0.999465172165561
0.342047531992688 1 0.999465823505847 0.999465823505847
0.342413162705668 1 0.999465833950156 0.999465833950156
0.342778793418648 1 0.999466691827302 0.999466691827302
0.343144424131628 1 0.999467334482559 0.999467334482559
0.343510054844608 1 0.999467974411988 0.999467974411988
0.343875685557587 1 0.999468611624339 0.999468611624339
0.344241316270567 1 0.9994686079871 0.9994686079871
0.344606946983547 1 0.99946945182828 0.99946945182828
0.344972577696527 1 0.999470080491325 0.999470080491325
0.345338208409507 1 0.999470706472546 0.999470706472546
0.345703839122487 1 0.999471329780507 0.999471329780507
0.346069469835467 1 0.999472163136826 0.999472163136826
0.346435100548447 1 0.999472568634942 0.999472568634942
0.346800731261427 1 0.999472971260729 0.999472971260729
0.347166361974407 1 0.999473158310582 0.999473158310582
0.347531992687386 1 0.999474193133199 0.999474193133199
0.347897623400366 1 0.999475013068176 0.999475013068176
0.348263254113346 1 0.999474979762419 0.999474979762419
0.348628884826326 1 0.999476006743264 0.999476006743264
0.348994515539306 1 0.999475968011492 0.999475968011492
0.349360146252286 1 0.999476564159411 0.999476564159411
0.349725776965266 1 0.999477370439055 0.999477370439055
0.350091407678246 1 0.999477748944852 0.999477748944852
0.350457038391226 1 0.999478762799717 0.999478762799717
0.350822669104206 1 0.999479349118092 0.999479349118092
0.351188299817186 1 0.99947972017609 0.99947972017609
0.351553930530165 1 0.999480301183625 0.999480301183625
0.351919561243145 1 0.999480241524844 0.999480241524844
0.352285191956125 1 0.999481029524516 0.999481029524516
0.352650822669105 1 0.999481602517963 0.999481602517963
0.353016453382085 1 0.999482385714115 0.999482385714115
0.353382084095065 1 0.999482741208139 0.999482741208139
0.353747714808045 1 0.999483306700263 0.999483306700263
0.354113345521025 1 0.999483656997093 0.999483656997093
0.354478976234005 1 0.999484430018432 0.999484430018432
0.354844606946985 1 0.999484988079231 0.999484988079231
0.355210237659964 1 0.999485330967939 0.999485330967939
0.355575868372944 1 0.999485883894052 0.999485883894052
0.355941499085924 1 0.999486434373882 0.999486434373882
0.356307129798904 1 0.999486769705202 0.999486769705202
0.356672760511884 1 0.999487102387446 0.999487102387446
0.357038391224864 1 0.999487645138499 0.999487645138499
0.357404021937844 1 0.999488185474098 0.999488185474098
0.357769652650824 1 0.999489148820482 0.999489148820482
0.358135283363804 1 0.99948989749065 0.99948989749065
0.358500914076784 1 0.999490431273909 0.999490431273909
0.358866544789763 1 0.999491175378917 0.999491175378917
0.359232175502743 1 0.999490853775169 0.999490853775169
0.359597806215723 1 0.999491805187594 0.999491805187594
0.359963436928703 1 0.999492329249726 0.999492329249726
0.360329067641683 1 0.99949306366269 0.99949306366269
0.360694698354663 1 0.999493583231555 0.999493583231555
0.361060329067643 1 0.99949388774795 0.99949388774795
0.361425959780623 1 0.999493977004241 0.999493977004241
0.361791590493603 1 0.999494488918263 0.999494488918263
0.362157221206583 1 0.999495423927106 0.999495423927106
0.362522851919563 1 0.999496144341802 0.999496144341802
0.362888482632542 1 0.999496437246389 0.999496437246389
0.363254113345522 1 0.999496940343185 0.999496940343185
0.363619744058502 1 0.999497441145564 0.999497441145564
0.363985374771482 1 0.999497726952877 0.999497726952877
0.364351005484462 1 0.999498010266545 0.999498010266545
0.364716636197442 1 0.999498503801207 0.999498503801207
0.365082266910422 1 0.999498995069796 0.999498995069796
0.365447897623402 1 0.999499696786248 0.999499696786248
0.365813528336382 1 0.999499971048427 0.999499971048427
0.366179159049362 1 0.999500668266311 0.999500668266311
0.366544789762341 1 0.999501576163738 0.999501576163738
0.366910420475321 1 0.99950163142486 0.99950163142486
0.367276051188301 1 0.999502534862596 0.999502534862596
0.367641681901281 1 0.999502798383839 0.999502798383839
0.368007312614261 1 0.999503697599579 0.999503697599579
0.368372943327241 1 0.999503956911507 0.999503956911507
0.368738574040221 1 0.999504213811799 0.999504213811799
0.369104204753201 1 0.999505106425969 0.999505106425969
0.369469835466181 1 0.999505146449551 0.999505146449551
0.369835466179161 1 0.999505396577666 0.999505396577666
0.37020109689214 1 0.999506069733558 0.999506069733558
0.37056672760512 1 0.99950631552033 0.99950631552033
0.3709323583181 1 0.999506771642057 0.999506771642057
0.37129798903108 1 0.99950743831479 0.99950743831479
0.37166361974406 1 0.999508103048371 0.999508103048371
0.37202925045704 1 0.999508765848619 0.999508765848619
0.37239488117002 1 0.999509426721026 0.999509426721026
0.372760511883 1 0.999509660261269 0.999509660261269
0.37312614259598 1 0.999510316878737 0.999510316878737
0.37349177330896 1 0.999510333471698 0.999510333471698
0.37385740402194 1 0.999511411060948 0.999511411060948
0.374223034734919 1 0.999511849053637 0.999511849053637
0.374588665447899 1 0.99951185953711 0.99951185953711
0.374954296160879 1 0.99951271833012 0.99951271833012
0.375319926873859 1 0.999512937336873 0.999512937336873
0.375685557586839 1 0.999513792167849 0.999513792167849
0.376051188299819 1 0.999514219928366 0.999514219928366
0.376416819012799 1 0.999514220210652 0.999514220210652
0.376782449725779 1 0.999514856128496 0.999514856128496
0.377148080438759 1 0.999515490195019 0.999515490195019
0.377513711151739 1 0.999515484304392 0.999515484304392
0.377879341864718 1 0.99951611406766 0.99951611406766
0.378244972577698 1 0.999516529293236 0.999516529293236
0.378610603290678 1 0.99951672978152 0.99951672978152
0.378976234003658 1 0.99951714074026 0.99951714074026
0.379341864716638 1 0.999518187787011 0.999518187787011
0.379707495429618 1 0.999519020728417 0.999519020728417
0.380073126142598 1 0.999519001254974 0.999519001254974
0.380438756855578 1 0.999519617475886 0.999519617475886
0.380804387568558 1 0.999520231901077 0.999520231901077
0.381170018281538 1 0.999520631832965 0.999520631832965
0.381535648994517 1 0.999520604370703 0.999520604370703
0.381901279707497 1 0.99952142532862 0.99952142532862
0.382266910420477 1 0.999521606608711 0.999521606608711
0.382632541133457 1 0.999521998416322 0.999521998416322
0.382998171846437 1 0.999522600960353 0.999522600960353
0.383363802559417 1 0.999523201746838 0.999523201746838
0.383729433272397 1 0.999523588078535 0.999523588078535
0.384095063985377 1 0.99952397246043 0.99952397246043
0.384460694698357 1 0.99952499300371 0.99952499300371
0.384826325411337 1 0.999525161406586 0.999525161406586
0.385191956124317 1 0.999525540375305 0.999525540375305
0.385557586837296 1 0.99952613011707 0.99952613011707
0.385923217550276 1 0.999526292734121 0.999526292734121
0.386288848263256 1 0.999526878635044 0.999526878635044
0.386654478976236 1 0.999527037422154 0.999527037422154
0.387020109689216 1 0.999527619504093 0.999527619504093
0.387385740402196 1 0.99952777448294 0.99952777448294
0.387751371115176 1 0.999528352767297 0.999528352767297
0.388117001828156 1 0.999528929361243 0.999528929361243
0.388482632541136 1 0.999529716970478 0.999529716970478
0.388848263254116 1 0.999529652295511 0.999529652295511
0.389213893967095 1 0.999530223447353 0.999530223447353
0.389579524680075 1 0.999531218329612 0.999531218329612
0.389945155393055 1 0.999531148441941 0.999531148441941
0.390310786106035 1 0.999532139797213 0.999532139797213
0.390676416819015 1 0.999531853692098 0.999531853692098
0.391042047531995 1 0.9995326286411 0.9995326286411
0.391407678244975 1 0.999532976742114 0.999532976742114
0.391773308957955 1 0.999533110302909 0.999533110302909
0.392138939670935 1 0.999533667230466 0.999533667230466
0.392504570383915 1 0.999533797126594 0.999533797126594
0.392870201096894 1 0.999534350399622 0.999534350399622
0.393235831809874 1 0.999535114750375 0.999535114750375
0.393601462522854 1 0.999535452282007 0.999535452282007
0.393967093235834 1 0.999536213402241 0.999536213402241
0.394332723948814 1 0.999536760411593 0.999536760411593
0.394698354661794 1 0.999537305816664 0.999537305816664
0.395063985374774 1 0.999537211524422 0.999537211524422
0.395429616087754 1 0.999537753144812 0.999537753144812
0.395795246800734 1 0.99953808047644 0.99953808047644
0.396160877513714 1 0.999538618725349 0.999538618725349
0.396526508226693 1 0.999538942694731 0.999538942694731
0.396892138939673 1 0.999539052193369 0.999539052193369
0.397257769652653 1 0.999539372428086 0.999539372428086
0.397623400365633 1 0.999539690900799 0.999539690900799
0.397989031078613 1 0.999540858410218 0.999540858410218
0.398354661791593 1 0.999541174153853 0.999541174153853
0.398720292504573 1 0.999541275450405 0.999541275450405
0.399085923217553 1 0.999541800204777 0.999541800204777
0.399451553930533 1 0.999542748810767 0.999542748810767
0.399817184643513 1 0.99954263277507 0.99954263277507
0.400182815356493 1 0.999543365412087 0.999543365412087
0.400548446069472 1 0.99954367131603 0.99954367131603
0.400914076782452 1 0.999543975498571 0.999543975498571
0.401279707495432 1 0.999544065266873 0.999544065266873
0.401645338208412 1 0.99954479122255 0.99954479122255
0.402010968921392 1 0.999545090462785 0.999545090462785
0.402376599634372 1 0.999545175302799 0.999545175302799
0.402742230347352 1 0.999546109040728 0.999546109040728
0.403107861060332 1 0.999546403571711 0.999546403571711
0.403473491773312 1 0.99954690911003 0.99954690911003
0.403839122486292 1 0.999547413155475 0.999547413155475
0.404204753199271 1 0.999548128409129 0.999548128409129
0.404570383912251 1 0.999547991582466 0.999547991582466
0.404936014625231 1 0.999548703486374 0.999548703486374
0.405301645338211 1 0.999549414105836 0.999549414105836
0.405667276051191 1 0.999549485354646 0.999549485354646
0.406032906764171 1 0.999549342055527 0.999549342055527
0.406398537477151 1 0.999549834808225 0.999549834808225
0.406764168190131 1 0.999550538798103 0.999550538798103
0.407129798903111 1 0.999550603434778 0.999550603434778
0.407495429616091 1 0.999551304327207 0.999551304327207
0.40786106032907 1 0.999551791266824 0.999551791266824
0.40822669104205 1 0.999552064066939 0.999552064066939
0.40859232175503 1 0.999552547933245 0.999552547933245
0.40895795246801 1 0.999553455755848 0.999553455755848
0.40932358318099 1 0.999553511743304 0.999553511743304
0.40968921389397 1 0.999553565923189 0.999553565923189
0.41005484460695 1 0.999554256387037 0.999554256387037
0.41042047531993 1 0.999554520229789 0.999554520229789
0.41078610603291 1 0.999554569771988 0.999554569771988
0.41115173674589 1 0.999555042915135 0.999555042915135
0.41151736745887 1 0.999555940041287 0.999555940041287
0.411882998171849 1 0.999555772665127 0.999555772665127
0.412248628884829 1 0.999556454103489 0.999556454103489
0.412614259597809 1 0.999556921639092 0.999556921639092
0.412979890310789 1 0.999557175087261 0.999557175087261
0.413345521023769 1 0.999557852348316 0.999557852348316
0.413711151736749 1 0.999558315717631 0.999558315717631
0.414076782449729 1 0.999558565010716 0.999558565010716
0.414442413162709 1 0.999559238127693 0.999559238127693
0.414808043875689 1 0.9995592719746 0.9995592719746
0.415173674588669 1 0.999559729465606 0.999559729465606
0.415539305301648 1 0.999559760201788 0.999559760201788
0.415904936014628 1 0.999560214590186 0.999560214590186
0.416270566727608 1 0.999560454925997 0.999560454925997
0.416636197440588 1 0.999560906414608 0.999560906414608
0.417001828153568 1 0.999561569246327 0.999561569246327
0.417367458866548 1 0.999561805528812 0.999561805528812
0.417733089579528 1 0.999562465668816 0.999562465668816
0.418098720292508 1 0.999562699266741 0.999562699266741
0.418464351005488 1 0.999563782116638 0.999563782116638
0.418829981718468 1 0.999563800721509 0.999563800721509
0.419195612431447 1 0.999564243012012 0.999564243012012
0.419561243144427 1 0.999564471282401 0.999564471282401
0.419926873857407 1 0.999564485351362 0.999564485351362
0.420292504570387 1 0.999564710424455 0.999564710424455
0.420658135283367 1 0.999565146690724 0.999565146690724
0.421023765996347 1 0.999565368952273 0.999565368952273
0.421389396709327 1 0.999566227800351 0.999566227800351
0.421755027422307 1 0.999566660326458 0.999566660326458
0.422120658135287 1 0.999566878857883 0.999566878857883
0.422486288848267 1 0.999567095907121 0.999567095907121
0.422851919561247 1 0.999567736863409 0.999567736863409
0.423217550274226 1 0.999568376712304 0.999568376712304
0.423583180987206 1 0.999568802763954 0.999568802763954
0.423948811700186 1 0.99956901483819 0.99956901483819
0.424314442413166 1 0.999569225447753 0.999569225447753
0.424680073126146 1 0.999569434596515 0.999569434596515
0.425045703839126 1 0.99956985498029 0.99956985498029
0.425411334552106 1 0.99957027409327 0.99957027409327
0.425776965265086 1 0.99957069193873 0.99957069193873
0.426142595978066 1 0.999571321212007 0.999571321212007
0.426508226691046 1 0.99957109863865 0.99957109863865
0.426873857404025 1 0.999571086953216 0.999571086953216
0.427239488117005 1 0.999571924417305 0.999571924417305
0.427605118829985 1 0.999572548302997 0.999572548302997
0.427970749542965 1 0.999572533047791 0.999572533047791
0.428336380255945 1 0.999573366951413 0.999573366951413
0.428702010968925 1 0.999573987285123 0.999573987285123
0.429067641681905 1 0.9995739684875 0.9995739684875
0.429433272394885 1 0.999574373475426 0.999574373475426
0.429798903107865 1 0.999574564540426 0.999574564540426
0.430164533820845 1 0.99957496688752 0.99957496688752
0.430530164533824 1 0.999575155318507 0.999575155318507
0.430895795246804 1 0.999575555038385 0.999575555038385
0.431261425959784 1 0.999575953539657 0.999575953539657
0.431627056672764 1 0.999576350825507 0.999576350825507
0.431992687385744 1 0.99957653420827 0.99957653420827
0.432358318098724 1 0.999577354274253 0.999577354274253
0.432723948811704 1 0.999577960802627 0.999577960802627
0.433089579524684 1 0.999577715544796 0.999577715544796
0.433455210237664 1 0.999578744691408 0.999578744691408
0.433820840950644 1 0.99957870972658 0.99957870972658
0.434186471663624 1 0.999578885899561 0.999578885899561
0.434552102376603 1 0.999579273393012 0.999579273393012
0.434917733089583 1 0.999579447008598 0.999579447008598
0.435283363802563 1 0.999579831951189 0.999579831951189
0.435648994515543 1 0.999580215712251 0.999580215712251
0.436014625228523 1 0.999580810984766 0.999580810984766
0.436380255941503 1 0.99958119256991 0.99958119256991
0.436745886654483 1 0.999581360292515 0.999581360292515
0.437111517367463 1 0.999581952046835 0.999581952046835
0.437477148080443 1 0.999582542812012 0.999582542812012
0.437842778793423 1 0.999582494521875 0.999582494521875
0.438208409506402 1 0.999583082784336 0.999583082784336
0.438574040219382 1 0.999582819308256 0.999582819308256
0.438939670932362 1 0.999583617592638 0.999583617592638
0.439305301645342 1 0.999583989700537 0.999583989700537
0.439670932358322 1 0.999584147970054 0.999584147970054
0.440036563071302 1 0.999584304916556 0.999584304916556
0.440402193784282 1 0.99958467323246 0.99958467323246
0.440767824497262 1 0.999585040408228 0.999585040408228
0.441133455210242 1 0.999585831824556 0.999585831824556
0.441499085923222 1 0.999586197080535 0.999586197080535
0.441864716636201 1 0.999586561204271 0.999586561204271
0.442230347349181 1 0.999586711509905 0.999586711509905
0.442595978062161 1 0.999587285890698 0.999587285890698
0.442961608775141 1 0.999587646634668 0.999587646634668
0.443327239488121 1 0.999587580880669 0.999587580880669
0.443692870201101 1 0.999587726346739 0.999587726346739
0.444058500914081 1 0.999588508587784 0.999588508587784
0.444424131627061 1 0.999588652001737 0.999588652001737
0.444789762340041 1 0.999588368754996 0.999588368754996
0.445155393053021 1 0.999589360006734 0.999589360006734
0.445521023766001 1 0.999589074550128 0.999589074550128
0.44588665447898 1 0.999590063597354 0.999590063597354
0.44625228519196 1 0.999590414005373 0.999590414005373
0.44661791590494 1 0.999590763317596 0.999590763317596
0.44698354661792 1 0.999590898848808 0.999590898848808
0.4473491773309 1 0.999591671178878 0.999591671178878
0.44771480804388 1 0.999591804705575 0.999591804705575
0.44808043875686 1 0.999591936973558 0.999591936973558
0.44844606946984 1 0.999592067985736 0.999592067985736
0.44881170018282 1 0.999592835807405 0.999592835807405
0.4491773308958 1 0.99959317752361 0.99959317752361
0.449542961608779 1 0.99959288010357 0.99959288010357
0.449908592321759 1 0.999593219155055 0.999593219155055
0.450274223034739 1 0.999593769825101 0.999593769825101
0.450639853747719 1 0.999594319601564 0.999594319601564
0.451005484460699 1 0.999594443112784 0.999594443112784
0.451371115173679 1 0.999595416138083 0.999595416138083
0.451736745886659 1 0.999595112499811 0.999595112499811
0.452102376599639 1 0.999595658036498 0.999595658036498
0.452468007312619 1 0.999596415378107 0.999596415378107
0.452833638025599 1 0.999596321265252 0.999596321265252
0.453199268738578 1 0.999597289193271 0.999597289193271
0.453564899451558 1 0.99959698047029 0.99959698047029
0.453930530164538 1 0.99959709556243 0.99959709556243
0.454296160877518 1 0.999597209442668 0.999597209442668
0.454661791590498 1 0.999597747486459 0.999597747486459
0.455027422303478 1 0.999597859293264 0.999597859293264
0.455393053016458 1 0.999598395268536 0.999598395268536
0.455758683729438 1 0.999598717697779 0.999598717697779
0.456124314442418 1 0.999599251784829 0.999599251784829
0.456489945155398 1 0.999599785016396 0.999599785016396
0.456855575868377 1 0.999599892022656 0.999599892022656
0.457221206581357 1 0.9995999978377 0.9995999978377
0.457586837294337 1 0.999600953207343 0.999600953207343
0.457952468007317 1 0.999600631955898 0.999600631955898
0.458318098720297 1 0.999600521867336 0.999600521867336
0.458683729433277 1 0.999601473856632 0.999601473856632
0.459049360146257 1 0.999601999974616 0.999601999974616
0.459414990859237 1 0.999602312569701 0.999602312569701
0.459780621572217 1 0.999602198789789 0.999602198789789
0.460146252285197 1 0.999602509040804 0.999602509040804
0.460511882998177 1 0.99960281829285 0.99960281829285
0.460877513711156 1 0.999603339233253 0.999603339233253
0.461243144424136 1 0.999603433977658 0.999603433977658
0.461608775137116 1 0.999604590986491 0.999604590986491
0.461974405850096 1 0.99960425888395 0.99960425888395
0.462340036563076 1 0.999604988713267 0.999604988713267
0.462705667276056 1 0.999604867154032 0.999604867154032
0.463071297989036 1 0.999604956960769 0.999604956960769
0.463436928702016 1 0.999605045619324 0.999605045619324
0.463802559414996 1 0.999605771186238 0.999605771186238
0.464168190127976 1 0.999605858058934 0.999605858058934
0.464533820840955 1 0.99960594379094 0.99960594379094
0.464899451553935 1 0.99960687912232 0.99960687912232
0.465265082266915 1 0.999606963248799 0.999606963248799
0.465630712979895 1 0.999607471610093 0.999607471610093
0.465996343692875 1 0.999607553805189 0.999607553805189
0.466361974405855 1 0.999608698291927 0.999608698291927
0.466727605118835 1 0.999607928327944 0.999607928327944
0.467093235831815 1 0.999608432677862 0.999608432677862
0.467458866544795 1 0.999608936238727 0.999608936238727
0.467824497257775 1 0.999609226328611 0.999609226328611
0.468190127970754 1 0.999609728151113 0.999609728151113
0.468555758683734 1 0.999609591139323 0.999609591139323
0.468921389396714 1 0.99961072895118 0.99961072895118
0.469287020109694 1 0.999609739644805 0.999609739644805
0.469652650822674 1 0.999611087922039 0.999611087922039
0.470018281535654 1 0.999611159985288 0.999611159985288
0.470383912248634 1 0.999611443628384 0.999611443628384
0.470749542961614 1 0.999611513652145 0.999611513652145
0.471115173674594 1 0.999612220627147 0.999612220627147
0.471480804387574 1 0.999612714316952 0.999612714316952
0.471846435100554 1 0.999612569192185 0.999612569192185
0.472212065813533 1 0.999613486226144 0.999613486226144
0.472577696526513 1 0.999612914046765 0.999612914046765
0.472943327239493 1 0.999613616384443 0.999613616384443
0.473308957952473 1 0.999613680081017 0.999613680081017
0.473674588665453 1 0.999613955377528 0.999613955377528
0.474040219378433 1 0.999613804391798 0.999613804391798
0.474405850091413 1 0.999614715577656 0.999614715577656
0.474771480804393 1 0.999614775611937 0.999614775611937
0.475137111517373 1 0.999615685302459 0.999615685302459
0.475502742230353 1 0.999615318479736 0.999615318479736
0.475868372943332 1 0.999616226355238 0.999616226355238
0.476234003656312 1 0.999616495768939 0.999616495768939
0.476599634369292 1 0.999616551597558 0.999616551597558
0.476965265082272 1 0.999617031727272 0.999617031727272
0.477330895795252 1 0.999617085757103 0.999617085757103
0.477696526508232 1 0.999617351409937 0.999617351409937
0.478062157221212 1 0.999617616168616 0.999617616168616
0.478427787934192 1 0.99961745467115 0.99961745467115
0.478793418647172 1 0.999618355369033 0.999618355369033
0.479159049360152 1 0.999618192256144 0.999618192256144
0.479524680073131 1 0.999618240614886 0.999618240614886
0.479890310786111 1 0.999619138655217 0.999619138655217
0.480255941499091 1 0.999619398254086 0.999619398254086
0.480621572212071 1 0.999619869654421 0.999619869654421
0.480987202925051 1 0.999620553019658 0.999620553019658
0.481352833638031 1 0.999620597786709 0.999620597786709
0.481718464351011 1 0.999620428836057 0.999620428836057
0.482084095063991 1 0.99962068405329 0.99962068405329
0.482449725776971 1 0.999620938400396 0.999620938400396
0.482815356489951 1 0.999621404560475 0.999621404560475
0.483180987202931 1 0.999621657333832 0.999621657333832
0.48354661791591 1 0.999621696561573 0.999621696561573
0.48391224862889 1 0.999621734766143 0.999621734766143
0.48427787934187 1 0.999622409993057 0.999622409993057
0.48464351005485 1 0.999622659320367 0.999622659320367
0.48500914076783 1 0.999623333152857 0.999623333152857
0.48537477148081 1 0.999623793769675 0.999623793769675
0.48574040219379 1 0.999623615650663 0.999623615650663
0.48610603290677 1 0.999624287083433 0.999624287083433
0.48647166361975 1 0.999624532624847 0.999624532624847
0.48683729433273 1 0.999624564637815 0.999624564637815
0.487202925045709 1 0.999624595645432 0.999624595645432
0.487568555758689 1 0.999625051011031 0.999625051011031
0.487934186471669 1 0.999625080333227 0.999625080333227
0.488299817184649 1 0.999625321336737 0.999625321336737
0.488665447897629 1 0.999625561502457 0.999625561502457
0.489031078610609 1 0.999625800832112 0.999625800832112
0.489396709323589 1 0.99962646468805 0.99962646468805
0.489762340036569 1 0.999627128029017 0.999627128029017
0.490127970749549 1 0.999627152815766 0.999627152815766
0.490493601462529 1 0.999627601974726 0.999627601974726
0.490859232175508 1 0.999627837784584 0.999627837784584
0.491224862888488 1 0.999627860088847 0.999627860088847
0.491590493601468 1 0.99962809409094 0.99962809409094
0.491956124314448 1 0.999628327271178 0.999628327271178
0.492321755027428 1 0.999628772311196 0.999628772311196
0.492687385740408 1 0.99962857865159 0.99962857865159
0.493053016453388 1 0.999629021899121 0.999629021899121
0.493418647166368 1 0.999629039130719 0.999629039130719
0.493784277879348 1 0.999630331469138 0.999630331469138
0.494149908592328 1 0.999629922347314 0.999629922347314
0.494515539305308 1 0.999630575341069 0.999630575341069
0.494881170018287 1 0.99963101516191 0.99963101516191
0.495246800731267 1 0.999630603616209 0.999630603616209
0.495612431444247 1 0.999631679550035 0.999631679550035
0.495978062157227 1 0.999631053874909 0.999631053874909
0.496343692870207 1 0.999631490167921 0.999631490167921
0.496709323583187 1 0.999632138497571 0.999632138497571
0.497074954296167 1 0.999631935626777 0.999631935626777
0.497440585009147 1 0.999632582363395 0.999632582363395
0.497806215722127 1 0.999633015939576 0.999633015939576
0.498171846435107 1 0.999633023521791 0.999633023521791
0.498537477148086 1 0.999633455514757 0.999633455514757
0.498903107861066 1 0.999633461517163 0.999633461517163
0.499268738574046 1 0.999633891933867 0.999633891933867
