0.00272727272727273 -0 -0
0.00818181818181818 -9.3012105072314 -9.3012105072314
0.0136363636363636 -38.5746667291282 -38.5746667291282
0.0190909090909091 -85.0286102845781 -85.0286102845781
0.0245454545454545 -146.698584948523 -146.698584948523
0.03 -221.209115821834 -221.209115821834
0.0354545454545454 -305.748348345627 -305.748348345627
0.0409090909090909 -397.13716422407 -397.13716422407
0.0463636363636364 -491.924391692337 -491.924391692337
0.0518181818181818 -586.494652378034 -586.494652378034
0.0572727272727273 -677.183011512276 -677.183011512276
0.0627272727272727 -760.392142194824 -760.392142194824
0.0681818181818182 -832.708128431271 -832.708128431271
0.0736363636363636 -891.011233619869 -891.011233619869
0.0790909090909091 -932.578170966826 -932.578170966826
0.0845454545454545 -955.17268976422 -955.17268976422
0.09 -957.121650529223 -957.121650529223
0.0954545454545454 -937.374200330384 -937.374200330384
0.100909090909091 -895.542167595951 -895.542167595951
0.106363636363636 -831.920359703603 -831.920359703603
0.111818181818182 -747.486050604387 -747.486050604387
0.117272727272727 -643.877571989062 -643.877571989062
0.122727272727273 -523.352551562401 -523.352551562401
0.128181818181818 -388.726957133291 -388.726957133291
0.133636363636364 -243.296687114772 -243.296687114772
0.139090909090909 -90.7439792595273 -90.7439792595273
0.144545454545455 64.9686258954487 64.9686258954487
0.15 219.713646316271 219.713646316271
0.155454545454545 369.319932020335 369.319932020335
0.160909090909091 509.696247564223 509.696247564223
0.166363636363636 636.953476268014 636.953476268014
0.171818181818182 747.521784794161 747.521784794161
0.177272727272727 838.259221709115 838.259221709115
0.182727272727273 906.54846409802 906.54846409802
0.188181818181818 950.378765283487 950.378765283487
0.193636363636364 968.410584391643 968.410584391643
0.199090909090909 960.020882433232 960.020882433232
0.204545454545455 925.327634965486 925.327634965486
0.21 865.192721657668 865.192721657668
0.215454545454545 781.202990228372 781.202990228372
0.220909090909091 675.629937448121 675.629937448121
0.226363636363636 551.369084125213 551.369084125213
0.231818181818182 411.860725417675 411.860725417675
0.237272727272727 260.994294485752 260.994294485752
0.242727272727273 102.999069837636 102.999069837636
0.248181818181818 -57.6756299882846 -57.6756299882846
0.253636363636364 -216.487298928187 -216.487298928187
0.259090909090909 -368.930456966893 -368.930456966893
0.264545454545455 -510.666425984587 -510.666425984587
0.27 -637.648867959126 -637.648867959126
0.275454545454545 -746.241396361312 -746.241396361312
0.280909090909091 -833.32379122671 -833.32379122671
0.286363636363636 -896.383670726548 -896.383670726548
0.291818181818182 -933.590887856313 -933.590887856313
0.297272727272727 -375.474137129367 -375.474137129367
0.300909090909091 -233.111586646784 -932.446346587136
0.302727272727273 -231.711517057317 -926.84606822927
0.304545454545455 -230.328164716675 -921.312658866702
0.306363636363636 -228.961231988397 -915.844927953588
0.308181818181818 -227.610428259854 -910.441713039415
0.31 -226.275469736322 -905.101878945288
0.311818181818182 -224.956079242227 -899.824316968909
0.313636363636364 -223.651986029215 -894.607944116858
0.315454545454545 -222.362925591017 -889.451702364067
0.317272727272727 -221.088639484475 -884.3545579379
0.319090909090909 -219.828875156924 -879.315500627695
0.320909090909091 -218.583385779284 -874.333543117136
0.322727272727273 -217.351930084747 -869.40772033899
0.324545454545455 -216.134272213149 -864.537088852598
0.326363636363636 -214.930181560148 -859.72072624059
0.328181818181818 -213.739432631847 -854.957730527389
0.33 -212.561804903863 -850.247219615452
0.331818181818182 -211.397082685211 -845.588330740844
0.333636363636364 -210.245054986659 -840.980219946636
0.335454545454545 -209.105515393245 -836.422061572978
0.337272727272727 -207.978261940988 -831.913047763954
0.339090909090909 -206.863096997622 -827.452387990488
0.340909090909091 -205.759827146973 -823.039308587892
0.342727272727273 -204.668263077245 -818.673052308981
0.344545454545455 -203.588219472594 -814.352877890378
0.346363636363636 -202.519514908441 -810.078059633765
0.348181818181818 -201.461971749645 -805.84788699858
0.35 -200.415416052273 -801.661664209093
0.351818181818182 -199.379677468026 -797.518709872106
0.353636363636364 -198.354589152011 -793.418356608044
0.355454545454545 -197.339987672971 -789.359950691882
0.357272727272727 -196.335712926524 -785.342851706094
0.359090909090909 -195.341608050967 -781.366432203868
0.360909090909091 -194.357519345447 -777.430077381786
0.362727272727273 -193.383296190841 -773.533184763364
0.364545454545455 -192.418790972932 -769.675163891726
0.366363636363636 -191.463859007793 -765.855436031172
0.368181818181818 -190.518358469507 -762.073433878027
0.37 -189.582150319791 -758.328601279164
0.371818181818182 -188.655098239983 -754.620392959931
0.373636363636364 -187.737068564869 -750.948274259475
0.375454545454545 -186.827930218284 -747.311720873138
0.377272727272727 -185.927554650987 -743.710218603946
0.379090909090909 -185.035815779789 -740.143263119155
0.380909090909091 -184.152589928813 -736.610359715253
0.382727272727273 -183.277755772372 -733.111023089487
0.384545454545455 -182.411194279367 -729.644777117467
0.386363636363636 -181.552788659228 -726.211154636912
0.388181818181818 -180.702424309554 -722.809697238217
0.39 -179.859988764997 -719.439955059989
0.391818181818182 -179.025371647738 -716.101486590953
0.393636363636364 -178.198464619351 -712.793858477404
0.395454545454545 -177.37916133374 -709.516645334959
0.397272727272727 -176.567357391726 -706.269429566903
0.399090909090909 -175.762950296543 -703.051801186171
0.400909090909091 -174.965839410838 -699.863357643353
0.402727272727273 -174.17592591463 -696.703703658518
0.404545454545455 -173.393112764451 -693.572451057805
0.406363636363636 -172.617304653646 -690.469218614585
0.408181818181818 -171.848407973675 -687.393631894701
0.41 -171.08633077645 -684.345323105801
0.411818181818182 -170.330982737697 -681.323930950789
0.413636363636364 -169.582275121265 -678.32910048506
0.415454545454545 -168.840120744368 -675.360482977472
0.417272727272727 -168.104433943713 -672.417735774854
0.419090909090909 -167.375130542648 -669.500522170593
0.420909090909091 -166.65212781893 -666.608511275719
0.422727272727273 -165.935344473474 -663.741377893895
0.424545454545455 -165.22470059995 -660.898802399798
0.426363636363636 -164.520117654955 -658.080470619821
0.428181818181818 -163.821518429258 -655.286073717032
0.43 -163.128827019419 -652.515308077678
0.431818181818182 -162.44196880037 -649.767875201481
0.433636363636364 -161.760870398711 -647.043481594845
0.435454545454545 -161.085459666365 -644.341838665459
0.437272727272727 -160.415665655284 -641.662662621134
0.439090909090909 -159.751418592517 -639.005674370067
0.440909090909091 -159.092649856067 -636.370599424267
0.442727272727273 -158.439291951113 -633.757167804451
0.444545454545455 -157.791278487118 -631.165113948471
0.446363636363636 -157.148544155195 -628.594176620779
0.448181818181818 -156.511024706298 -626.044098825192
0.45 -155.878656929728 -623.514627718911
0.451818181818182 -155.251378632201 -621.005514528806
0.453636363636364 -154.629128617657 -618.516514470629
0.455454545454545 -154.011846667105 -616.04738666842
0.457272727272727 -153.399473519328 -613.597894077312
0.459090909090909 -152.791950851921 -611.167803407685
0.460909090909091 -152.189221262761 -608.756885051044
0.462727272727273 -151.591228251917 -606.364913007669
0.464545454545455 -150.997916203975 -603.991664815898
0.466363636363636 -150.40923037083 -601.636921483318
0.468181818181818 -149.825116854839 -599.300467419355
0.47 -149.245522592351 -596.982090369405
0.471818181818182 -148.670395337654 -594.681581350615
0.473636363636364 -148.099683647293 -592.398734589172
0.475454545454545 -147.5333368647 -590.133347458802
0.477272727272727 -146.971305105217 -587.88522042087
0.479090909090909 -146.413539241441 -585.654156965764
0.480909090909091 -145.859990888919 -583.439963555675
0.482727272727273 -145.310612392176 -581.242449568705
0.484545454545455 -144.765356810955 -579.06142724382
0.486363636363636 -144.224177906995 -576.89671162798
0.488181818181818 -143.68703013079 -574.748120523158
0.49 -143.153868608974 -572.615474435897
0.491818181818182 -142.624649131671 -570.498596526684
0.493636363636364 -142.099328140404 -568.397312561617
0.495454545454545 -141.577862716028 -566.311450864114
0.497272727272727 -141.06021056717 -564.240842268682
0.499090909090909 -140.546330018652 -562.185320074607
