0 1 1
0.000548446069469835 1 1
0.00109689213893967 1 1
0.00164533820840951 1 1
0.00219378427787934 1 1
0.00274223034734918 1 1
0.00329067641681901 1 1
0.00383912248628885 1 1
0.00438756855575868 1 1
0.00493601462522852 1 1
0.00548446069469835 1 1
0.00603290676416819 1 1
0.00658135283363803 1 1
0.00712979890310786 1 1
0.0076782449725777 1 1
0.00822669104204753 1 1
0.00877513711151737 1 1
0.0093235831809872 1 1
0.00987202925045704 1 1
0.0104204753199269 1 1
0.0109689213893967 1 1
0.0115173674588665 1 1
0.0120658135283364 1 1
0.0126142595978062 1 1
0.0131627056672761 1 1
0.0137111517367459 1 1
0.0142595978062157 1 1
0.0148080438756856 1 1
0.0153564899451554 1 1
0.0159049360146252 1 1
0.0164533820840951 1 1
0.0170018281535649 1 1
0.0175502742230347 1 1
0.0180987202925046 1 1
0.0186471663619744 1 1
0.0191956124314442 1 1
0.0197440585009141 1 1
0.0202925045703839 1 1
0.0208409506398537 1 1
0.0213893967093236 1 1
0.0219378427787934 1 1
0.0224862888482632 1 1
0.0230347349177331 1 1
0.0235831809872029 1 1
0.0241316270566727 1 1
0.0246800731261426 1 1
0.0252285191956124 1 1
0.0257769652650822 1 1
0.0263254113345521 1 1
0.0268738574040219 1 1
0.0274223034734917 1 1
0.0279707495429616 1 1
0.0285191956124314 1 1
0.0290676416819012 1 1
0.0296160877513711 1 1
0.0301645338208409 1 1
0.0307129798903107 1 1
0.0312614259597806 1 1
0.0318098720292504 1 1
0.0323583180987202 1 1
0.0329067641681901 1 1
0.0334552102376599 1 1
0.0340036563071297 1 1
0.0345521023765996 1 1
0.0351005484460694 1 1
0.0356489945155392 1 1
0.0361974405850091 1 1
0.0367458866544789 1 1
0.0372943327239487 1 1
0.0378427787934186 1 1
0.0383912248628884 1 1
0.0389396709323582 1 1
0.0394881170018281 1 1
0.0400365630712979 1 1
0.0405850091407677 1 1
0.0411334552102376 1 1
0.0416819012797074 1 1
0.0422303473491772 1 1
0.0427787934186471 1 1
0.0433272394881169 1 1
0.0438756855575867 1 1
0.0444241316270566 1 1
0.0449725776965264 1 1
0.0455210237659962 1 1
0.0460694698354661 1 1
0.0466179159049359 1 1
0.0471663619744057 1 1
0.0477148080438756 1 1
0.0482632541133454 1 1
0.0488117001828152 1 1
0.0493601462522851 1 1
0.0499085923217549 1 1
0.0504570383912247 1 1
0.0510054844606946 1 1
0.0515539305301644 1 1
0.0521023765996343 1 1
0.0526508226691041 1 1
0.0531992687385739 1 1
0.0537477148080438 1 1
0.0542961608775136 1 1
0.0548446069469834 1 1
0.0553930530164533 1 1
0.0559414990859231 1 1
0.0564899451553929 1 1
0.0570383912248628 1 1
0.0575868372943326 1 1
0.0581352833638024 1 1
0.0586837294332723 1 1
0.0592321755027421 1 1
0.0597806215722119 1 1
0.0603290676416818 1 1
0.0608775137111516 1 1
0.0614259597806214 1 1
0.0619744058500913 1 1
0.0625228519195611 1 1
0.0630712979890309 1 1
0.0636197440585008 1 1
0.0641681901279706 1 1
0.0647166361974405 1 1
0.0652650822669103 1 1
0.0658135283363801 1 1
0.06636197440585 1 1
0.0669104204753198 1 1
0.0674588665447897 1 1
0.0680073126142595 1 1
0.0685557586837293 1 1
0.0691042047531992 1 1
0.069652650822669 1 1
0.0702010968921389 1 1
0.0707495429616087 1 1
0.0712979890310785 1 1
0.0718464351005484 1 1
0.0723948811700182 1 1
0.0729433272394881 1 1
0.0734917733089579 1 1
0.0740402193784278 1 1
0.0745886654478976 1 1
0.0751371115173674 1 1
0.0756855575868373 1 1
0.0762340036563071 1 1
0.076782449725777 1 1
0.0773308957952468 1 1
0.0778793418647166 1 1
0.0784277879341865 1 1
0.0789762340036563 1 1
0.0795246800731262 1 1
0.080073126142596 1 1
0.0806215722120658 1 1
0.0811700182815357 1 1
0.0817184643510055 1 1
0.0822669104204754 1 1
0.0828153564899452 1 1
0.083363802559415 1 1
0.0839122486288849 1 1
0.0844606946983547 1 1
0.0850091407678246 1 1
0.0855575868372944 1 1
0.0861060329067642 1 1
0.0866544789762341 1 1
0.0872029250457039 1 1
0.0877513711151738 1 1
0.0882998171846436 1 1
0.0888482632541134 1 1
0.0893967093235833 1 1
0.0899451553930531 1 1
0.090493601462523 1 1
0.0910420475319928 1 1
0.0915904936014627 1 1
0.0921389396709325 1 1
0.0926873857404023 1 1
0.0932358318098722 1 1
0.093784277879342 1 1
0.0943327239488119 1 1
0.0948811700182817 1 1
0.0954296160877515 1 1
0.0959780621572214 1 1
0.0965265082266912 1 1
0.0970749542961611 1 1
0.0976234003656309 1 1
0.0981718464351007 1 1
0.0987202925045706 1 1
0.0992687385740404 1 1
0.0998171846435103 1 1
0.10036563071298 1 1
0.10091407678245 1 1
0.10146252285192 1 1
0.10201096892139 1 1
0.102559414990859 1 1
0.103107861060329 1 1
0.103656307129799 1 1
0.104204753199269 1 1
0.104753199268739 1 1
0.105301645338209 1 1
0.105850091407679 1 1
0.106398537477148 1 1
0.106946983546618 1 1
0.107495429616088 1 1
0.108043875685558 1 1
0.108592321755028 1 1
0.109140767824498 1 1
0.109689213893967 1 1
0.110237659963437 1 1
0.110786106032907 1 1
0.111334552102377 1 1
0.111882998171847 1 1
0.112431444241317 1 1
0.112979890310786 1 1
0.113528336380256 1 1
0.114076782449726 1 1
0.114625228519196 1 1
0.115173674588666 1 1
0.115722120658136 1 1
0.116270566727605 1 1
0.116819012797075 1 1
0.117367458866545 1 1
0.117915904936015 1 1
0.118464351005485 1 1
0.119012797074955 1 1
0.119561243144425 1 1
0.120109689213894 1 1
0.120658135283364 1 1
0.121206581352834 1 1
0.121755027422304 1 1
0.122303473491774 1 1
0.122851919561244 1 1
0.123400365630713 1 1
0.123948811700183 1 1
0.124497257769653 1 1
0.125045703839123 1 1
0.125594149908593 1 1
0.126142595978063 1 1
0.126691042047532 1 1
0.127239488117002 1 1
0.127787934186472 1 1
0.128336380255942 1 1
0.128884826325412 1 1
0.129433272394882 1 1
0.129981718464351 1 1
0.130530164533821 1 1
0.131078610603291 1 1
0.131627056672761 1 1
0.132175502742231 1 1
0.1327239488117 1 1
0.13327239488117 1 1
0.13382084095064 1 1
0.13436928702011 1 1
0.13491773308958 1 1
0.13546617915905 1 1
0.136014625228519 1 1
0.136563071297989 1 1
0.137111517367459 1 1
0.137659963436929 1 1
0.138208409506399 1 1
0.138756855575869 1 1
0.139305301645338 1 1
0.139853747714808 1 1
0.140402193784278 1 1
0.140950639853748 1 1
0.141499085923218 1 1
0.142047531992688 1 1
0.142595978062157 1 1
0.143144424131627 1 1
0.143692870201097 1 1
0.144241316270567 1 1
0.144789762340037 1 1
0.145338208409507 1 1
0.145886654478976 1 1
0.146435100548446 1 1
0.146983546617916 1 1
0.147531992687386 1 1
0.148080438756856 1 1
0.148628884826325 1 1
0.149177330895795 1 1
0.149725776965265 1 1
0.150274223034735 1 1
0.150822669104205 1 1
0.151371115173675 1 1
0.151919561243144 1 1
0.152468007312614 1 1
0.153016453382084 1 1
0.153564899451554 1 1
0.154113345521024 1 1
0.154661791590494 1 1
0.155210237659963 1 1
0.155758683729433 1 1
0.156307129798903 1 1
0.156855575868373 1 1
0.157404021937843 1 1
0.157952468007313 1 1
0.158500914076782 1 1
0.159049360146252 1 1
0.159597806215722 1 1
0.160146252285192 1 1
0.160694698354662 1 1
0.161243144424131 1 1
0.161791590493601 1 1
0.162340036563071 1 1
0.162888482632541 1 1
0.163436928702011 1 1
0.163985374771481 1 1
0.16453382084095 1 1
0.16508226691042 1 1
0.16563071297989 1 1
0.16617915904936 1 1
0.16672760511883 1 1
0.1672760511883 1 1
0.167824497257769 1 1
0.168372943327239 1 1
0.168921389396709 1 1
0.169469835466179 1 1
0.170018281535649 1 1
0.170566727605119 1 1
0.171115173674588 1 1
0.171663619744058 1 1
0.172212065813528 1 1
0.172760511882998 1 1
0.173308957952468 1 1
0.173857404021938 1 1
0.174405850091407 1 1
0.174954296160877 1 1
0.175502742230347 1 1
0.176051188299817 1 1
0.176599634369287 1 1
0.177148080438756 1 1
0.177696526508226 1 1
0.178244972577696 1 1
0.178793418647166 1 1
0.179341864716636 1 1
0.179890310786106 1 1
0.180438756855575 1 1
0.180987202925045 1 1
0.181535648994515 1 1
0.182084095063985 1 1
0.182632541133455 1 1
0.183180987202925 1 1
0.183729433272394 1 1
0.184277879341864 1 1
0.184826325411334 1 1
0.185374771480804 1 1
0.185923217550274 1 1
0.186471663619744 1 1
0.187020109689213 1 1
0.187568555758683 1 1
0.188117001828153 1 1
0.188665447897623 1 1
0.189213893967093 1 1
0.189762340036562 1 1
0.190310786106032 1 1
0.190859232175502 1 1
0.191407678244972 1 1
0.191956124314442 1 1
0.192504570383912 1 1
0.193053016453381 1 1
0.193601462522851 1 1
0.194149908592321 1 1
0.194698354661791 1 1
0.195246800731261 1 1
0.195795246800731 1 1
0.1963436928702 1 1
0.19689213893967 1 1
0.19744058500914 1 1
0.19798903107861 1 1
0.19853747714808 1 1
0.19908592321755 1 1
0.199634369287019 1 1
0.200182815356489 1 1
0.200731261425959 1 1
0.201279707495429 1 1
0.201828153564899 1 1
0.202376599634368 1 1
0.202925045703838 1 1
0.203473491773308 1 1
0.204021937842778 1 1
0.204570383912248 1 1
0.205118829981718 1 1
0.205667276051187 1 1
0.206215722120657 1 1
0.206764168190127 1 1
0.207312614259597 1 1
0.207861060329067 1 1
0.208409506398537 1 1
0.208957952468006 1 1
0.209506398537476 1 1
0.210054844606946 1 1
0.210603290676416 1 1
0.211151736745886 1 1
0.211700182815356 1 1
0.212248628884825 1 1
0.212797074954295 1 1
0.213345521023765 1 1
0.213893967093235 1 1
0.214442413162705 1 1
0.214990859232175 1 1
0.215539305301644 1 1
0.216087751371114 1 1
0.216636197440584 1 1
0.217184643510054 1 1
0.217733089579524 1 1
0.218281535648993 1 1
0.218829981718463 1 1
0.219378427787933 1 1
0.219926873857403 1 1
0.220475319926873 1 1
0.221023765996343 1 1
0.221572212065812 1 1
0.222120658135282 1 1
0.222669104204752 1 1
0.223217550274222 1 1
0.223765996343692 1 1
0.224314442413162 1 1
0.224862888482631 1 1
0.225411334552101 1 1
0.225959780621571 1 1
0.226508226691041 1 1
0.227056672760511 1 1
0.227605118829981 1 1
0.22815356489945 1 1
0.22870201096892 1 1
0.22925045703839 1 1
0.22979890310786 1 1
0.23034734917733 1 1
0.230895795246799 1 1
0.231444241316269 1 1
0.231992687385739 1 1
0.232541133455209 1 1
0.233089579524679 1 1
0.233638025594149 1 1
0.234186471663618 1 1
0.234734917733088 1 1
0.235283363802558 1 1
0.235831809872028 1 1
0.236380255941498 1 1
0.236928702010968 1 1
0.237477148080437 1 1
0.238025594149907 1 1
0.238574040219377 1 1
0.239122486288847 1 1
0.239670932358317 1 1
0.240219378427787 1 1
0.240767824497256 1 1
0.241316270566726 1 1
0.241864716636196 1 1
0.242413162705666 1 1
0.242961608775136 1 1
0.243510054844606 1 1
0.244058500914075 1 1
0.244606946983545 1 1
0.245155393053015 1 1
0.245703839122485 1 1
0.246252285191955 1 1
0.246800731261424 1 1
0.247349177330894 1 1
0.247897623400364 1 1
0.248446069469834 1 1
0.248994515539304 1 1
0.249542961608774 1 1
0.250091407678243 1 1
0.250639853747713 1 1
0.251188299817183 1 1
0.251736745886653 1 1
0.252285191956123 1 1
0.252833638025593 1 1
0.253382084095063 1 1
0.253930530164532 1 1
0.254478976234002 1 1
0.255027422303472 1 1
0.255575868372942 1 1
0.256124314442412 1 1
0.256672760511882 1 1
0.257221206581352 1 1
0.257769652650821 1 1
0.258318098720291 1 1
0.258866544789761 1 1
0.259414990859231 1 1
0.259963436928701 1 1
0.260511882998171 1 1
0.261060329067641 1 1
0.26160877513711 1 1
0.26215722120658 1 1
0.26270566727605 1 1
0.26325411334552 1 1
0.26380255941499 1 1
0.26435100548446 1 1
0.26489945155393 1 1
0.265447897623399 1 1
0.265996343692869 1 1
0.266544789762339 1 1
0.267093235831809 1 1
0.267641681901279 1 1
0.268190127970749 1 1
0.268738574040219 1 1
0.269287020109688 1 1
0.269835466179158 1 1
0.270383912248628 1 1
0.270932358318098 1 1
0.271480804387568 1 1
0.272029250457038 1 1
0.272577696526507 1 1
0.273126142595977 1 1
0.273674588665447 1 1
0.274223034734917 1 1
0.274771480804387 1 1
0.275319926873857 1 1
0.275868372943327 1 1
0.276416819012796 1 1
0.276965265082266 1 1
0.277513711151736 1 1
0.278062157221206 1 1
0.278610603290676 1 1
0.279159049360146 1 1
0.279707495429616 1 1
0.280255941499085 1 1
0.280804387568555 1 1
0.281352833638025 1 1
0.281901279707495 1 1
0.282449725776965 1 1
0.282998171846435 1 1
0.283546617915905 1 1
0.284095063985374 1 1
0.284643510054844 1 1
0.285191956124314 1 1
0.285740402193784 1 1
0.286288848263254 1 1
0.286837294332724 1 1
0.287385740402194 1 1
0.287934186471663 1 1
0.288482632541133 1 1
0.289031078610603 1 1
0.289579524680073 1 1
0.290127970749543 1 1
0.290676416819013 1 1
0.291224862888483 1 1
0.291773308957952 1 1
0.292321755027422 1 1
0.292870201096892 1 1
0.293418647166362 1 1
0.293967093235832 1 1
0.294515539305302 1 1
0.295063985374772 1 1
0.295612431444241 1 1
0.296160877513711 1 1
0.296709323583181 1 1
0.297257769652651 1 1
0.297806215722121 1 1
0.298354661791591 1 1
0.298903107861061 1 1
0.29945155393053 1 1
0.29981718464351 1 1
0.30018281535649 1 1
0.30054844606947 1 1
0.30091407678245 1 1
0.30127970749543 1 1
0.30164533820841 1 1
0.30201096892139 1 1
0.30237659963437 1 1
0.302742230347349 1 1
0.303107861060329 1 1
0.303473491773309 1 1
0.303839122486289 1 1
0.304204753199269 1 1
0.304570383912249 1 1
0.304936014625229 1 1
0.305301645338209 1 1
0.305667276051189 1 1
0.306032906764169 1 1
0.306398537477149 1 1
0.306764168190128 1 1
0.307129798903108 1 1
0.307495429616088 1 1
0.307861060329068 1 1
0.308226691042048 1 1
0.308592321755028 1 1
0.308957952468008 1 1
0.309323583180988 1 1
0.309689213893968 1 1
0.310054844606948 1 1
0.310420475319927 1 1
0.310786106032907 1 1
0.311151736745887 1 1
0.311517367458867 1 1
0.311882998171847 1 1
0.312248628884827 1 1
0.312614259597807 1 1
0.312979890310787 1 1
0.313345521023767 1 1
0.313711151736747 1 1
0.314076782449726 1 1
0.314442413162706 1 1
0.314808043875686 1 1
0.315173674588666 1 1
0.315539305301646 1 1
0.315904936014626 1 1
0.316270566727606 1 1
0.316636197440586 1 1
0.317001828153566 1 1
0.317367458866546 1 1
0.317733089579526 1 1
0.318098720292505 1 1
0.318464351005485 1 1
0.318829981718465 1 1
0.319195612431445 1 1
0.319561243144425 1 1
0.319926873857405 1 1
0.320292504570385 1 1
0.320658135283365 1 1
0.321023765996345 1 1
0.321389396709325 1 1
0.321755027422304 1 1
0.322120658135284 1 1
0.322486288848264 1 1
0.322851919561244 1 1
0.323217550274224 1 1
0.323583180987204 1 1
0.323948811700184 1 1
0.324314442413164 1 1
0.324680073126144 1 1
0.325045703839124 1 1
0.325411334552103 1 1
0.325776965265083 1 1
0.326142595978063 1 1
0.326508226691043 1 1
0.326873857404023 1 1
0.327239488117003 1 1
0.327605118829983 1 1
0.327970749542963 1 1
0.328336380255943 1 1
0.328702010968923 1 1
0.329067641681903 1 1
0.329433272394882 1 1
0.329798903107862 1 1
0.330164533820842 1 1
0.330530164533822 1 1
0.330895795246802 1 1
0.331261425959782 1 1
0.331627056672762 1 1
0.331992687385742 1 1
0.332358318098722 1 1
0.332723948811702 1 1
0.333089579524681 1 1
0.333455210237661 1 1
0.333820840950641 1 1
0.334186471663621 1 1
0.334552102376601 1 1
0.334917733089581 1 1
0.335283363802561 1 1
0.335648994515541 1 1
0.336014625228521 1 1
0.336380255941501 1 1
0.33674588665448 1 1
0.33711151736746 1 1
0.33747714808044 1 1
0.33784277879342 1 1
0.3382084095064 1 1
0.33857404021938 1 1
0.33893967093236 1 1
0.33930530164534 1 1
0.33967093235832 1 1
0.3400365630713 1 1
0.340402193784279 1 1
0.340767824497259 1 1
0.341133455210239 1 1
0.341499085923219 1 1
0.341864716636199 1 1
0.342230347349179 1 1
0.342595978062159 1 1
0.342961608775139 1 1
0.343327239488119 1 1
0.343692870201099 1 1
0.344058500914079 1 1
0.344424131627058 1 1
0.344789762340038 1 1
0.345155393053018 1 1
0.345521023765998 1 1
0.345886654478978 1 1
0.346252285191958 1 1
0.346617915904938 1 1
0.346983546617918 1 1
0.347349177330898 1 1
0.347714808043878 1 1
0.348080438756857 1 1
0.348446069469837 1 1
0.348811700182817 1 1
0.349177330895797 1 1
0.349542961608777 1 1
0.349908592321757 1 1
0.350274223034737 1 1
0.350639853747717 1 1
0.351005484460697 1 1
0.351371115173677 1 1
0.351736745886656 1 1
0.352102376599636 1 1
0.352468007312616 1 1
0.352833638025596 1 1
0.353199268738576 1 1
0.353564899451556 1 1
0.353930530164536 1 1
0.354296160877516 1 1
0.354661791590496 1 1
0.355027422303476 1 1
0.355393053016456 1 1
0.355758683729435 1 1
0.356124314442415 1 1
0.356489945155395 1 1
0.356855575868375 1 1
0.357221206581355 1 1
0.357586837294335 1 1
0.357952468007315 1 1
0.358318098720295 1 1
0.358683729433275 1 1
0.359049360146255 1 1
0.359414990859234 1 1
0.359780621572214 1 1
0.360146252285194 1 1
0.360511882998174 1 1
0.360877513711154 1 1
0.361243144424134 1 1
0.361608775137114 1 1
0.361974405850094 1 1
0.362340036563074 1 1
0.362705667276054 1 1
0.363071297989033 1 1
0.363436928702013 1 1
0.363802559414993 1 1
0.364168190127973 1 1
0.364533820840953 1 1
0.364899451553933 1 1
0.365265082266913 1 1
0.365630712979893 1 1
0.365996343692873 1 1
0.366361974405853 1 1
0.366727605118833 1 1
0.367093235831812 1 1
0.367458866544792 1 1
0.367824497257772 1 1
0.368190127970752 1 1
0.368555758683732 1 1
0.368921389396712 1 1
0.369287020109692 1 1
0.369652650822672 1 1
0.370018281535652 1 1
0.370383912248632 1 1
0.370749542961611 1 1
0.371115173674591 1 1
0.371480804387571 1 1
0.371846435100551 1 1
0.372212065813531 1 1
0.372577696526511 1 1
0.372943327239491 1 1
0.373308957952471 1 1
0.373674588665451 1 1
0.374040219378431 1 1
0.37440585009141 1 1
0.37477148080439 1 1
0.37513711151737 1 1
0.37550274223035 1 1
0.37586837294333 1 1
0.37623400365631 1 1
0.37659963436929 1 1
0.37696526508227 1 1
0.37733089579525 1 1
0.37769652650823 1 1
0.37806215722121 1 1
0.378427787934189 1 1
0.378793418647169 1 1
0.379159049360149 1 1
0.379524680073129 1 1
0.379890310786109 1 1
0.380255941499089 1 1
0.380621572212069 1 1
0.380987202925049 1 1
0.381352833638029 1 1
0.381718464351009 1 1
0.382084095063988 1 1
0.382449725776968 1 1
0.382815356489948 1 1
0.383180987202928 1 1
0.383546617915908 1 1
0.383912248628888 1 1
0.384277879341868 1 1
0.384643510054848 1 1
0.385009140767828 1 1
0.385374771480808 1 1
0.385740402193787 1 1
0.386106032906767 1 1
0.386471663619747 1 1
0.386837294332727 1 1
0.387202925045707 1 1
0.387568555758687 1 1
0.387934186471667 1 1
0.388299817184647 1 1
0.388665447897627 1 1
0.389031078610607 1 1
0.389396709323586 1 1
0.389762340036566 1 1
0.390127970749546 1 1
0.390493601462526 1 1
0.390859232175506 1 1
0.391224862888486 1 1
0.391590493601466 1 1
0.391956124314446 1 1
0.392321755027426 1 1
0.392687385740406 1 1
0.393053016453386 1 1
0.393418647166365 1 1
0.393784277879345 1 1
0.394149908592325 1 1
0.394515539305305 1 1
0.394881170018285 1 1
0.395246800731265 1 1
0.395612431444245 1 1
0.395978062157225 1 1
0.396343692870205 1 1
0.396709323583185 1 1
0.397074954296164 1 1
0.397440585009144 1 1
0.397806215722124 1 1
0.398171846435104 1 1
0.398537477148084 1 1
0.398903107861064 1 1
0.399268738574044 1 1
0.399634369287024 1 1
0.400000000000004 1 1
0.400365630712984 1 1
0.400731261425963 1 1
0.401096892138943 1 1
0.401462522851923 1 1
0.401828153564903 1 1
0.402193784277883 1 1
0.402559414990863 1 1
0.402925045703843 1 1
0.403290676416823 1 1
0.403656307129803 1 1
0.404021937842783 1 1
0.404387568555763 1 1
0.404753199268742 1 1
0.405118829981722 1 1
0.405484460694702 1 1
0.405850091407682 1 1
0.406215722120662 1 1
0.406581352833642 1 1
0.406946983546622 1 1
0.407312614259602 1 1
0.407678244972582 1 1
0.408043875685562 1 1
0.408409506398541 1 1
0.408775137111521 1 1
0.409140767824501 1 1
0.409506398537481 1 1
0.409872029250461 1 1
0.410237659963441 1 1
0.410603290676421 1 1
0.410968921389401 1 1
0.411334552102381 1 1
0.411700182815361 1 1
0.41206581352834 1 1
0.41243144424132 1 1
0.4127970749543 1 1
0.41316270566728 1 1
0.41352833638026 1 1
0.41389396709324 1 1
0.41425959780622 1 1
0.4146252285192 1 1
0.41499085923218 1 1
0.41535648994516 1 1
0.41572212065814 1 1
0.416087751371119 1 1
0.416453382084099 1 1
0.416819012797079 1 1
0.417184643510059 1 1
0.417550274223039 1 1
0.417915904936019 1 1
0.418281535648999 1 1
0.418647166361979 1 1
0.419012797074959 1 1
0.419378427787939 1 1
0.419744058500918 1 1
0.420109689213898 1 1
0.420475319926878 1 1
0.420840950639858 1 1
0.421206581352838 1 1
0.421572212065818 1 1
0.421937842778798 1 1
0.422303473491778 1 1
0.422669104204758 1 1
0.423034734917738 1 1
0.423400365630717 1 1
0.423765996343697 1 1
0.424131627056677 1 1
0.424497257769657 1 1
0.424862888482637 1 1
0.425228519195617 1 1
0.425594149908597 1 1
0.425959780621577 1 1
0.426325411334557 1 1
0.426691042047537 1 1
0.427056672760517 1 1
0.427422303473496 1 1
0.427787934186476 1 1
0.428153564899456 1 1
0.428519195612436 1 1
0.428884826325416 1 1
0.429250457038396 1 1
0.429616087751376 1 1
0.429981718464356 1 1
0.430347349177336 1 1
0.430712979890316 1 1
0.431078610603295 1 1
0.431444241316275 1 1
0.431809872029255 1 1
0.432175502742235 1 1
0.432541133455215 1 1
0.432906764168195 1 1
0.433272394881175 1 1
0.433638025594155 1 1
0.434003656307135 1 1
0.434369287020115 1 1
0.434734917733094 1 1
0.435100548446074 1 1
0.435466179159054 1 1
0.435831809872034 1 1
0.436197440585014 1 1
0.436563071297994 1 1
0.436928702010974 1 1
0.437294332723954 1 1
0.437659963436934 1 1
0.438025594149914 1 1
0.438391224862894 1 1
0.438756855575873 1 1
0.439122486288853 1 1
0.439488117001833 1 1
0.439853747714813 1 1
0.440219378427793 1 1
0.440585009140773 1 1
0.440950639853753 1 1
0.441316270566733 1 1
0.441681901279713 1 1
0.442047531992693 1 1
0.442413162705672 1 1
0.442778793418652 1 1
0.443144424131632 1 1
0.443510054844612 1 1
0.443875685557592 1 1
0.444241316270572 1 1
0.444606946983552 1 1
0.444972577696532 1 1
0.445338208409512 1 1
0.445703839122492 1 1
0.446069469835471 1 1
0.446435100548451 1 1
0.446800731261431 1 1
0.447166361974411 1 1
0.447531992687391 1 1
0.447897623400371 1 1
0.448263254113351 1 1
0.448628884826331 1 1
0.448994515539311 1 1
0.449360146252291 1 1
0.44972577696527 1 1
0.45009140767825 1 1
0.45045703839123 1 1
0.45082266910421 1 1
0.45118829981719 1 1
0.45155393053017 1 1
0.45191956124315 1 1
0.45228519195613 1 1
0.45265082266911 1 1
0.45301645338209 1 1
0.45338208409507 1 1
0.453747714808049 1 1
0.454113345521029 1 1
0.454478976234009 1 1
0.454844606946989 1 1
0.455210237659969 1 1
0.455575868372949 1 1
0.455941499085929 1 1
0.456307129798909 1 1
0.456672760511889 1 1
0.457038391224869 1 1
0.457404021937848 1 1
0.457769652650828 1 1
0.458135283363808 1 1
0.458500914076788 1 1
0.458866544789768 1 1
0.459232175502748 1 1
0.459597806215728 1 1
0.459963436928708 1 1
0.460329067641688 1 1
0.460694698354668 1 1
0.461060329067647 1 1
0.461425959780627 1 1
0.461791590493607 1 1
0.462157221206587 1 1
0.462522851919567 1 1
0.462888482632547 1 1
0.463254113345527 1 1
0.463619744058507 1 1
0.463985374771487 1 1
0.464351005484467 1 1
0.464716636197447 1 1
0.465082266910426 1 1
0.465447897623406 1 1
0.465813528336386 1 1
0.466179159049366 1 1
0.466544789762346 1 1
0.466910420475326 1 1
0.467276051188306 1 1
0.467641681901286 1 1
0.468007312614266 1 1
0.468372943327246 1 1
0.468738574040225 1 1
0.469104204753205 1 1
0.469469835466185 1 1
0.469835466179165 1 1
0.470201096892145 1 1
0.470566727605125 1 1
0.470932358318105 1 1
0.471297989031085 1 1
0.471663619744065 1 1
0.472029250457045 1 1
0.472394881170024 1 1
0.472760511883004 1 1
0.473126142595984 1 1
0.473491773308964 1 1
0.473857404021944 1 1
0.474223034734924 1 1
0.474588665447904 1 1
0.474954296160884 1 1
0.475319926873864 1 1
0.475685557586844 1 1
0.476051188299824 1 1
0.476416819012803 1 1
0.476782449725783 1 1
0.477148080438763 1 1
0.477513711151743 1 1
0.477879341864723 1 1
0.478244972577703 1 1
0.478610603290683 1 1
0.478976234003663 1 1
0.479341864716643 1 1
0.479707495429623 1 1
0.480073126142602 1 1
0.480438756855582 1 1
0.480804387568562 1 1
0.481170018281542 1 1
0.481535648994522 1 1
0.481901279707502 1 1
0.482266910420482 1 1
0.482632541133462 1 1
0.482998171846442 1 1
0.483363802559422 1 1
0.483729433272401 1 1
0.484095063985381 1 1
0.484460694698361 1 1
0.484826325411341 1 1
0.485191956124321 1 1
0.485557586837301 1 1
0.485923217550281 1 1
0.486288848263261 1 1
0.486654478976241 1 1
0.487020109689221 1 1
0.487385740402201 1 1
0.48775137111518 1 1
0.48811700182816 1 1
0.48848263254114 1 1
0.48884826325412 1 1
0.4892138939671 1 1
0.48957952468008 1 1
0.48994515539306 1 1
0.49031078610604 1 1
0.49067641681902 1 1
0.491042047532 1 1
0.491407678244979 1 1
0.491773308957959 1 1
0.492138939670939 1 1
0.492504570383919 1 1
0.492870201096899 1 1
0.493235831809879 1 1
0.493601462522859 1 1
0.493967093235839 1 1
0.494332723948819 1 1
0.494698354661799 1 1
0.495063985374778 1 1
0.495429616087758 1 1
0.495795246800738 1 1
0.496160877513718 1 1
0.496526508226698 1 1
0.496892138939678 1 1
0.497257769652658 1 1
0.497623400365638 1 1
0.497989031078618 1 1
0.498354661791598 1 1
0.498720292504578 1 1
0.499085923217557 1 1
