0.00545454545454545 -5115.66577897871 -2557.83288948863 -2557.83288948863
0.0109090909090909 -10081.4817964629 -7561.11134734756 -7561.11134734756
0.0163636363636364 -14751.9877393681 -12293.3231161402 -12293.3231161402
0.0218181818181818 -18990.3736142661 -16616.5769124817 -16616.5769124817
0.0272727272727273 -22672.4872306277 -20405.2385075637 -20405.2385075637
0.0327272727272727 -25690.4709075477 -23549.5983319205 -23549.5983319205
0.0381818181818182 -27955.9208763436 -25959.0693851749 -25959.0693851749
0.0436363636363636 -29402.4768327718 -27564.8220307244 -27564.8220307244
0.0490909090909091 -29987.7657848457 -28321.7787967982 -28321.7787967982
0.0545454545454545 -29694.643256428 -28209.9110936056 -28209.9110936056
0.06 -28531.6954888546 -27234.8002393597 -27234.8002393597
0.0654545454545454 -26532.9879299344 -25427.4467661868 -25427.4467661868
0.0709090909090909 -23757.0673776683 -22843.3340169883 -22843.3340169883
0.0763636363636364 -20285.2470082206 -19560.7739007836 -19560.7739007836
0.0818181818181818 -16219.2245236679 -15678.583706212 -15678.583706212
0.0872727272727273 -11678.1031895217 -11313.1624648482 -11313.1624648482
0.0927272727272727 -6794.90302277295 -6595.05293386774 -6595.05293386774
0.0981818181818182 -1712.66432588304 -1665.0903168307 -1665.0903168307
0.103636363636364 3419.74229671621 3329.74907838014 3329.74907838014
0.109090909090909 8451.97670524288 8240.67728761127 8240.67728761127
0.114545454545455 13236.6330372966 12921.4751078382 12921.4751078382
0.12 17633.5575687742 17232.7948967568 17232.7948967568
0.125454545454545 21513.9541427689 21046.2594874917 21046.2594874917
0.130909090909091 24764.1569088832 24248.236973281 24248.236973281
0.136363636363636 27288.9598606356 26743.1806634223 26743.1806634223
0.141818181818182 29014.4056410587 28456.4363018082 28456.4363018082
0.147272727272727 29889.9519258807 29336.4342976227 29336.4342976227
0.152727272727273 29889.9519258807 29356.2027843469 29356.2027843469
0.158181818181818 29014.4056410587 28514.15726794 28514.15726794
0.163636363636364 27288.9598606356 26834.1438629601 26834.1438629601
0.169090909090909 24764.1569088832 24364.7350232569 24364.7350232569
0.174545454545455 21513.9541427689 21177.7986092875 21177.7986092875
0.18 17633.5575687742 17366.3824540969 17366.3824540969
0.185454545454545 13236.6330372967 13041.9766690994 13041.9766690994
0.190909090909091 8451.97670524292 8331.2341808825 8331.2341808825
0.196363636363636 3419.74229671622 3372.24587592884 3372.24587592884
0.201818181818182 -1712.66432588304 -1689.52021336931 -1689.52021336931
0.207272727272727 -6794.90302277291 -6705.49640405285 -6705.49640405285
0.212727272727273 -11678.1031895217 -11528.3839178611 -11528.3839178611
0.218181818181818 -16219.2245236679 -16016.4842171207 -16016.4842171207
0.223636363636364 -20285.2470082206 -20037.8659471457 -20037.8659471457
0.229090909090909 -23757.0673776682 -23474.2451469825 -23474.2451469825
0.234545454545455 -26532.9879299344 -26224.4648144694 -26224.4648144694
0.24 -28531.6954888546 -28207.4716764808 -28207.4716764808
0.245454545454545 -29694.643256428 -29364.7027757997 -29364.7027757997
0.250909090909091 -29987.7657848457 -29661.8118089242 -29661.8118089242
0.256363636363636 -29402.4768327718 -29089.6845260408 -29089.6845260408
0.261818181818182 -27955.9208763436 -27664.7133672135 -27664.7133672135
0.267272727272727 -25690.4709075477 -25428.3232452267 -25428.3232452267
0.272727272727273 -22672.4872306277 -22445.7623583219 -22445.7623583219
0.278181818181818 -18990.3736142661 -18804.1934807914 -18804.1934807914
0.283636363636364 -14751.9877393681 -14610.1417034135 -14610.1417034135
0.289090909090909 -10081.4817964629 -9986.37347762856 -9986.37347762856
0.294545454545454 -5115.66577897875 100099.226016785 100099.226016785
0.299090909090909 -856.681523810903 38132.3088353638 -155353.850810746
0.301818181818182 0 -2.01945513524443e-009 -8.07782054097772e-009
0.303636363636364 0 6.85271969741403e-010 2.74108787896561e-009
0.305454545454545 0 -5.80675120256035e-009 -2.32270048102414e-008
0.307272727272727 0 -9.99019551338072e-010 -3.99607820535229e-009
0.309090909090909 0 7.4780140209203e-009 2.99120560836812e-008
0.310909090909091 0 3.02535632186209e-009 1.21014252874484e-008
0.312727272727273 0 7.8813879276246e-009 3.15255517104984e-008
0.314545454545455 0 -6.09677830860321e-009 -2.43871132344128e-008
0.316363636363636 0 1.73188072280473e-009 6.92752289121891e-009
0.318181818181818 0 2.40984960161607e-009 9.63939840646428e-009
0.32 0 -1.0964254677781e-008 -4.3857018711124e-008
0.321818181818182 0 2.96127196053829e-009 1.18450878421531e-008
0.323636363636364 0 -1.39132292804487e-008 -5.56529171217948e-008
0.325454545454545 0 2.06286309030908e-009 8.25145236123634e-009
0.327272727272727 0 -5.9013351689908e-009 -2.36053406759632e-008
0.329090909090909 0 -8.22819837510438e-009 -3.29127935004175e-008
0.330909090909091 0 3.11830651349381e-010 1.24732260539752e-009
0.332727272727273 0 -2.68438836353704e-009 -1.07375534541481e-008
0.334545454545455 0 -5.07616075155092e-009 -2.03046430062037e-008
0.336363636363636 0 7.9924833643277e-010 3.19699334573108e-009
0.338181818181818 0 -9.28174455976939e-009 -3.71269782390775e-008
0.34 0 -2.78266584611217e-009 -1.11306633844487e-008
0.341818181818182 0 -9.6587868650292e-009 -3.86351474601168e-008
0.343636363636364 0 1.19245620506073e-008 4.76982482024294e-008
0.345454545454545 0 -4.06628997651786e-009 -1.62651599060714e-008
0.347272727272727 0 2.95457848123365e-009 1.18183139249346e-008
0.349090909090909 0 -1.59727201083647e-008 -6.38908804334588e-008
0.350909090909091 0 -1.46588492999241e-009 -5.86353971996962e-009
0.352727272727273 0 -8.59337989155233e-009 -3.43735195662093e-008
0.354545454545455 0 1.10642869510221e-009 4.42571478040883e-009
0.356363636363636 0 1.08983235913689e-008 4.35932943654757e-008
0.358181818181818 0 -1.15187039792194e-008 -4.60748159168778e-008
0.36 0 -1.43046097729316e-008 -5.72184390917264e-008
0.361818181818182 0 -4.4902264137489e-009 -1.79609056549956e-008
0.363636363636364 0 -1.85343060343794e-011 -7.41372241375178e-011
0.365454545454545 0 6.82899520169013e-009 2.73159808067605e-008
0.367272727272727 0 -1.32130733747032e-008 -5.28522934988127e-008
0.369090909090909 0 -6.30799625382967e-009 -2.52319850153187e-008
0.370909090909091 0 2.69981740871511e-009 1.07992696348605e-008
0.372727272727273 0 -1.09226823046963e-008 -4.36907292187854e-008
0.374545454545455 0 1.28560108385506e-008 5.14240433542023e-008
0.376363636363636 0 -1.05883970237697e-008 -4.23535880950789e-008
0.378181818181818 0 -1.64896127434957e-008 -6.59584509739827e-008
0.38 0 -1.06671159478587e-009 -4.26684637914349e-009
0.381818181818182 0 5.50934570781843e-009 2.20373828312737e-008
0.383636363636364 0 -4.66115717311105e-009 -1.86446286924442e-008
0.385454545454545 0 2.06574799195112e-010 8.26299196780446e-010
0.387272727272727 0 -1.00064893121662e-008 -4.00259572486647e-008
0.389090909090909 0 -5.25919099287769e-009 -2.10367639715108e-008
0.390909090909091 0 1.09714656610453e-008 4.38858626441813e-008
0.392727272727273 0 -4.80654120864186e-009 -1.92261648345674e-008
0.394545454545455 0 2.79864529208699e-009 1.1194581168348e-008
0.396363636363636 0 -9.30202748416323e-009 -3.72081099366529e-008
0.398181818181818 0 2.32165480713927e-009 9.28661922855707e-009
0.4 0 3.29139927118802e-009 1.31655970847521e-008
0.401818181818182 0 -1.4863023613524e-009 -5.94520944540961e-009
0.403636363636364 0 4.63674394175232e-011 1.85469757670093e-010
0.405454545454545 0 1.2028111286001e-009 4.81124451440041e-009
0.407272727272727 0 -4.14583654485027e-010 -1.65833461794011e-009
0.409090909090909 0 1.47922746582575e-009 5.916909863303e-009
0.410909090909091 0 2.60068937562844e-009 1.04027575025138e-008
0.412727272727273 0 1.60447997888324e-009 6.41791991553296e-009
0.414545454545455 0 -7.24915224096015e-010 -2.89966089638406e-009
0.416363636363636 0 1.40330454074105e-008 5.61321816296419e-008
0.418181818181818 0 4.35698103501653e-009 1.74279241400661e-008
0.42 0 -4.33791973902541e-009 -1.73516789561017e-008
0.421818181818182 0 -1.00247890089685e-009 -4.0099156035874e-009
0.423636363636364 0 -1.31934559248081e-008 -5.27738236992325e-008
0.425454545454545 0 2.90318947064055e-009 1.16127578825622e-008
0.427272727272727 0 -7.6444979926582e-009 -3.05779919706328e-008
0.429090909090909 0 -5.64483054520088e-009 -2.25793221808035e-008
0.430909090909091 0 1.10662572050156e-008 4.42650288200623e-008
0.432727272727273 0 -1.08895949126581e-008 -4.35583796506323e-008
0.434545454545455 0 -3.91432121490475e-009 -1.5657284859619e-008
0.436363636363636 0 -3.09260184012485e-009 -1.23704073604994e-008
0.438181818181818 0 6.60591502833753e-009 2.64236601133501e-008
0.44 0 -7.64997440394483e-009 -3.05998976157793e-008
0.441818181818182 0 5.01431458083737e-010 2.00572583233495e-009
0.443636363636364 0 -9.81546917685652e-009 -3.92618767074261e-008
0.445454545454545 0 1.27397384025338e-011 5.0958953610135e-011
0.447272727272727 0 -4.82782075947293e-009 -1.93112830378917e-008
0.449090909090909 0 -1.15106350704935e-008 -4.60425402819742e-008
0.450909090909091 0 1.23644279878498e-008 4.9457711951399e-008
0.452727272727273 0 -7.63050265543406e-009 -3.05220106217363e-008
0.454545454545455 0 -9.50861535342623e-009 -3.80344614137049e-008
0.456363636363636 0 -2.5344398448007e-009 -1.01377593792028e-008
0.458181818181818 0 1.84262733763831e-009 7.37050935055324e-009
0.46 0 4.67524569782922e-010 1.87009827913169e-009
0.461818181818182 0 -6.51011280917822e-009 -2.60404512367129e-008
0.463636363636364 0 -5.55735318874536e-009 -2.22294127549814e-008
0.465454545454545 0 -4.86393525011682e-009 -1.94557410004673e-008
0.467272727272727 0 -6.80203502148769e-009 -2.72081400859508e-008
0.469090909090909 0 -3.9069998851158e-009 -1.56279995404632e-008
0.470909090909091 0 3.41513048267759e-009 1.36605219307103e-008
0.472727272727273 0 2.80677918140364e-009 1.12271167256146e-008
0.474545454545455 0 1.37955173838374e-009 5.51820695353496e-009
0.476363636363636 0 -8.57984564438448e-010 -3.43193825775379e-009
0.478181818181818 0 -2.69256588402766e-010 -1.07702635361106e-009
0.48 0 1.40258753685469e-009 5.61035014741877e-009
0.481818181818182 0 -7.71935489848095e-009 -3.08774195939238e-008
0.483636363636364 0 6.69281320527383e-009 2.67712528210953e-008
0.485454545454545 0 -3.40119110570182e-009 -1.36047644228073e-008
0.487272727272727 0 8.5265451933651e-009 3.41061807734604e-008
0.489090909090909 0 -3.18698424992331e-009 -1.27479369996932e-008
0.490909090909091 0 3.24080981957869e-009 1.29632392783148e-008
0.492727272727273 0 -5.67008348329922e-009 -2.26803339331969e-008
0.494545454545455 0 4.10309666655598e-009 1.64123866662239e-008
0.496363636363636 0 -6.83397128315271e-009 -2.73358851326108e-008
0.498181818181818 0 2.51023857013056e-009 1.00409542805222e-008
