0 23560.0544382008
0.00483870967741936 23560.0544382008
0.00967741935483871 15706.7029509961
0.0145161290322581 1570.67027871044
0.0193548387096774 -9648.40326774957
0.0241935483870968 -10870.0357171524
0.0290322580645161 -2975.88759963599
0.0338709677419355 6221.83491945615
0.0387096774193548 8800.93749488122
0.0435483870967742 3311.08314316668
0.0483870967741935 -4563.43988965957
0.0532258064516129 -7559.18179224519
0.0580645161290323 -3392.5627737536
0.0629032258064516 3561.88446387369
0.067741935483871 6703.14628015033
0.0725806451612903 3386.90900937885
0.0774193548387097 -2883.77623176813
0.082258064516129 -6065.41803980916
0.0870967741935484 -3346.42903265701
0.0919354838709677 2391.12856117771
0.0967741935483871 5565.94583716387
0.101612903225806 3291.45768218355
0.106451612903226 -2015.60696468608
0.111290322580645 -5160.77765021899
0.116129032258065 -3230.94120612597
0.120967741935484 1719.19244690215
0.125806451612903 4823.43006484028
0.130645161290323 3169.11279312801
0.135483870967742 -1478.9198263027
0.140322580645161 -4536.83569082213
0.145161290322581 -3108.04875149546
0.15 1280.03821663753
0.154838709677419 4289.41874227906
0.159677419354839 3048.76630539623
0.164516129032258 -1112.61009789887
0.169354838709677 -4073.00637699442
0.174193548387097 -2991.73742015551
0.179032258064516 969.679729484656
0.183870967741935 3881.63747355222
0.188709677419355 2937.14421899316
0.193548387096774 -846.223962989524
0.198387096774194 -3710.8461140634
0.203225806451613 -2885.01310150661
0.208064516129032 738.518974774705
0.212903225806452 3557.2099244448
0.217741935483871 2835.28687011248
0.22258064516129 -643.742628010345
0.22741935483871 -3418.05559851829
0.232258064516129 -2787.86545847044
0.237096774193548 559.714755296656
0.241935483870968 3291.25968786625
0.246774193548387 2742.62838147987
0.251612903225806 -484.723362875082
0.256451612903226 -3175.1112153504
0.261290322580645 -2699.44811384583
0.266129032258065 417.404168522836
0.270967741935484 3068.2135660136
0.275806451612903 2658.19707028644
0.280645161290323 -356.656271401248
0.285483870967742 -2969.41408713544
0.290322580645161 -2618.75205039114
0.295161290322581 301.580800553748
0.3 2877.7515051808
0.303225806451613 2679.38551889282
0.306451612903226 -167.913594583149
0.309677419354839 -2819.24272578365
0.312903225806452 -2653.06917362603
0.316129032258064 137.258236973358
0.319354838709677 2763.39269300028
0.32258064516129 2627.51393061873
0.325806451612903 -108.382322852108
0.329032258064516 -2710.00942189326
0.332258064516129 -2602.68449273432
0.335483870967742 81.1412580691533
0.338709677419355 2658.91967392464
0.341935483870968 2578.54752212813
0.345161290322581 -55.4057750602176
0.348387096774194 -2609.96681378912
0.351612903225806 -2555.07169621254
0.354838709677419 31.0597990294854
0.358064516129032 2563.00866928245
0.361290322580645 2532.22742829338
0.364516129032258 -7.99894688635113
0.367741935483871 -2517.91600654216
0.370967741935484 -2509.98692463414
0.374193548387097 -13.871061857147
0.37741935483871 2474.57090545363
0.380645161290323 2488.32391053973
0.383870967741935 34.6354548034826
0.387096774193548 -2432.86566668693
0.390322580645161 -2467.21369551154
0.393548387096774 -54.3716197401641
0.396774193548387 2392.70155062634
0.4 2446.63290915437
0.403225806451613 73.1498396964242
0.406451612903226 -2353.98799169866
0.409677419354839 -2426.55957697509
0.412903225806452 -91.0342413742235
0.416129032258065 2316.64159830166
0.419354838709677 2406.9728673782
0.42258064516129 108.083306792424
0.425806451612903 -2280.58558959113
0.429032258064516 -2387.8531784967
0.432258064516129 -124.350632213277
0.435483870967742 2245.74898586939
0.438709677419355 2369.18189605605
0.441935483870968 139.885278525657
0.445161290322581 -2212.06620892489
0.448387096774194 -2350.94149062366
0.451612903225806 -154.732392323359
0.454838709677419 2179.47641346734
0.458064516129032 2333.11528546608
0.461290322580645 168.933438136655
0.464516129032258 -2147.92320940991
0.467741935483871 -2315.6875631942
0.470967741935484 -182.526717796881
0.474193548387097 2117.35409916647
0.47741935483871 2298.64334250487
0.480645161290323 195.547514915074
0.483870967741935 -2087.72029202277
0.487096774193548 -2281.96849308749
0.490322580645161 -208.02853821101
0.493548387096774 2058.9762218671
0.496774193548387 2265.64952011553
0.5 220
