0.00483870967741936 -4542.8333251373 -3390.71829243817 -3390.71829243817
0.00967741935483871 -8980.89368920074 -7621.4576514529 -7621.4576514529
0.0145161290322581 -13211.824546729 -11782.3843080754 -11782.3843080754
0.0193548387096774 -17138.0464528438 -15684.6578541589 -15684.6578541589
0.0241935483870968 -20669.0075722706 -19219.7033160166 -19219.7033160166
0.0290322580645161 -23723.272108131 -22299.9630460709 -22299.9630460709
0.0338709677419355 -26230.3984843375 -24852.0732241209 -24852.0732241209
0.0387096774193548 -28132.5639644124 -26816.3215728863 -26816.3215728863
0.0435483870967742 -29385.8982375748 -28147.2659304004 -28147.2659304004
0.0483870967741935 -29961.4952151316 -28814.4694622583 -28814.4694622583
0.0532258064516129 -29846.0797017569 -28803.0531091157 -28803.0531091157
0.0580645161290322 -29042.3135659861 -28113.9577542625 -28113.9577542625
0.0629032258064516 -27568.7343486069 -26763.8733694703 -26763.8733694703
0.067741935483871 -25459.3277248425 -24784.8209639026 -24784.8209639026
0.0725806451612903 -22762.7436807837 -22223.3895891705 -22223.3895891705
0.0774193548387097 -19541.1744816667 -19139.6423254588 -19139.6423254588
0.082258064516129 -15868.9203098089 -15605.7145721095 -15605.7145721095
0.0870967741935484 -11830.6756533996 -11704.1359519134 -11704.1359519134
0.0919354838709677 -7519.57596776162 -7525.91398296314 -7525.91398296314
0.0967741935483871 -3035.04965962298 -3168.42342458877 -3168.42342458877
0.101612903225806 1519.47506516137 1266.85016908866 1266.85016908866
0.106451612903226 6038.95560265978 5676.66070945826 5676.66070945826
0.111290322580645 10419.1575853446 9958.39145943962 9958.39145943962
0.116129032258064 14559.0588759324 14012.4294188684 14012.4294188684
0.120967741935484 18363.1794764299 17744.4694299273 17744.4694299273
0.125806451612903 21743.7836168736 21067.6948420363 21067.6948420363
0.130645161290323 24622.9032362183 23904.7844261787 23904.7844261787
0.135483870967742 26934.1361871223 26189.6992432656 26189.6992432656
0.140322580645161 28624.1776920015 27869.208255395 27869.208255395
0.145161290322581 29654.0497298433 28904.1175054548 28904.1175054548
0.15 30000 29270.1745386773 29270.1745386773
0.154838709677419 29654.0497298433 28958.6272415559 28958.6272415559
0.159677419354839 28624.1776920014 27976.4242554877 27976.4242554877
0.164516129032258 26934.1361871222 26346.0523998468 26346.0523998468
0.169354838709678 24622.9032362182 24105.0149212764 24105.0149212764
0.174193548387097 21743.7836168735 21304.9626787955 21304.9626787955
0.179032258064516 18363.1794764298 18010.4983867547 18010.4983867547
0.183870967741936 14559.0588759323 14297.6815845677 14297.6815845677
0.188709677419355 10419.1575853445 10252.2689094904 10252.2689094904
0.193548387096774 6038.95560265965 5967.73035713114 5967.73035713114
0.198387096774194 1519.47506516122 1543.08738264023 1543.08738264023
0.203225806451613 -3035.04965962313 -2919.37719486034 -2919.37719486034
0.208064516129032 -7519.57596776181 -7316.48456682785 -7316.48456682785
0.212903225806452 -11830.6756533997 -11546.5459374439 -11546.5459374439
0.217741935483871 -15868.9203098091 -15511.7140303565 -15511.7140303565
0.222580645161291 -19541.1744816668 -19120.2457781354 -19120.2457781354
0.22741935483871 -22762.7436807839 -22288.6239277026 -22288.6239277026
0.232258064516129 -25459.3277248427 -24943.4885565592 -24943.4885565592
0.237096774193549 -27568.734348607 -27023.3338876425 -27023.3338876425
0.241935483870968 -29042.3135659862 -28479.9312129901 -28479.9312129901
0.246774193548387 -29846.0797017569 -29279.445063392 -29279.445063392
0.251612903225807 -29961.4952151316 -29403.2168465554 -29403.2168465554
0.256451612903226 -29385.8982375748 -28848.1978561995 -28848.1978561995
0.261290322580645 -28132.5639644123 -27627.0216520449 -27627.0216520449
0.266129032258065 -26230.3984843373 -25767.7141386221 -25767.7141386221
0.270967741935484 -23723.2721081308 -23313.0480368949 -23313.0480368949
0.275806451612903 -20669.0075722705 -20319.5566541507 -20319.5566541507
0.280645161290323 -17138.0464528436 -16856.2297244735 -16856.2297244735
0.285483870967742 -13211.8245467288 -13002.9214330072 -13002.9214330072
0.290322580645161 -8980.89368920056 -8848.50738285108 -8848.50738285108
0.295161290322581 -4542.83332513713 142695.944113807 142695.944113807
0.300403225806452 0 524.744544361286 -123038.216207725
0.306451612903226 0 -7.5536012754158 -30.2144051016632
0.312903225806452 0 -7.09887666735285 -28.3955066694114
0.319354838709678 0 -6.67993155135163 -26.7197262054065
0.325806451612903 0 -6.293314876498 -25.173259505992
0.332258064516129 0 -5.93596745029486 -23.7438698011794
0.338709677419355 0 -5.60517100212386 -22.4206840084954
0.345161290322581 0 -5.29850466583563 -21.1940186633425
0.351612903225807 0 -5.01380769303226 -20.055230772129
0.358064516129033 0 -4.74914743057088 -18.9965897222835
0.364516129032258 0 -4.50279170675718 -18.0111668270287
0.370967741935484 0 -4.27318498730788 -17.0927399492315
0.37741935483871 0 -4.05892771098118 -16.2357108439247
0.383870967741936 0 -3.85875834370965 -15.4350333748386
0.390322580645162 0 -3.67153775138381 -14.6861510055352
0.396774193548387 0 -3.49623557378641 -13.9849422951456
0.403225806451613 0 -3.331918291533 -13.327673166132
0.409677419354839 0 -3.17773876377874 -12.710955055115
0.416129032258065 0 -3.03292706921824 -12.131708276873
0.422580645161291 0 -2.89678238301994 -11.5871295320797
0.429032258064517 0 -2.76866588638037 -11.0746635455215
0.435483870967742 0 -2.64799442405038 -10.5919776962015
0.441935483870968 0 -2.53423495634759 -10.1369398253903
0.448387096774194 0 -2.42689957949443 -9.70759831797771
0.45483870967742 0 -2.32554115867872 -9.30216463471487
0.461290322580646 0 -2.22974937152022 -8.91899748608086
0.467741935483872 0 -2.13914725937384 -8.55658903749536
0.474193548387097 0 -2.0533880730168 -8.2135522920672
0.480645161290323 0 -1.97215249910608 -7.88860999642431
0.487096774193549 0 -1.89514616611706 -7.58058466446825
0.493548387096775 0 -1.82209738801173 -7.28838955204691
