0.00241935483870968 -0 -0
0.00725806451612903 0.00240770465950391 0.00240770465950391
0.0120967741935484 0.00480769231198034 0.00480769231198034
0.0169354838709677 0.00720576461750018 0.00720576461750018
0.0217741935483871 0.0096030729857451 0.0096030729857451
0.0266129032258065 0.0120000000138513 0.0120000000138513
0.0314516129032258 0.0143967093288211 0.0143967093288211
0.0362903225806452 0.0167932826942282 0.0167932826942282
0.0411290322580645 0.0191897654794578 0.0191897654794578
0.0459677419354839 0.0215861848509273 0.0215861848509273
0.0508064516129032 0.0239825581540269 0.0239825581540269
0.0556451612903226 0.0263788969014437 0.0263788969014437
0.0604838709677419 0.0287752090580777 0.0287752090580777
0.0653225806451613 0.0311715003626508 0.0311715003626508
0.0701612903225806 0.0335677749503323 0.0335677749503323
0.075 0.0359640359871112 0.0359640359871112
0.0798387096774194 0.0383602858283894 0.0383602858283894
0.0846774193548387 0.0407565263831581 0.0407565263831581
0.0895161290322581 0.0431527591081249 0.0431527591081249
0.0943548387096774 0.0455489851486846 0.0455489851486846
0.0991935483870968 0.0479452054916389 0.0479452054916389
0.104032258064516 0.0503414209182059 0.0503414209182059
0.108870967741935 0.0527376320275152 0.0527376320275152
0.113709677419355 0.0551338393893275 0.0551338393893275
0.118548387096774 0.0575300434676744 0.0575300434676744
0.123387096774194 0.0599262446208589 0.0599262446208589
0.128225806451613 0.0623224431836888 0.0623224431836888
0.133064516129032 0.0647186394322337 0.0647186394322337
0.137903225806452 0.0671148336073202 0.0671148336073202
0.142741935483871 0.0695110259086581 0.0695110259086581
0.14758064516129 0.0719072165065882 0.0719072165065882
0.15241935483871 0.0743034055949465 0.0743034055949465
0.157258064516129 0.0766995932794619 0.0766995932794619
0.162096774193548 0.0790957797069799 0.0790957797069799
0.166935483870968 0.0814919649656076 0.0814919649656076
0.171774193548387 0.0838881491493263 0.0838881491493263
0.176612903225807 0.0862843323697386 0.0862843323697386
0.181451612903226 0.0886805146914564 0.0886805146914564
0.186290322580645 0.0910766961967132 0.0910766961967132
0.191129032258065 0.0934728768972567 0.0934728768972567
0.195967741935484 0.0958690568988156 0.0958690568988156
0.200806451612903 0.098265236230759 0.098265236230759
0.205645161290323 0.100661414987068 0.100661414987068
0.210483870967742 0.103057593144248 0.103057593144248
0.215322580645162 0.105453770772783 0.105453770772783
0.220161290322581 0.107849947902044 0.107849947902044
0.225 0.110246124543778 0.110246124543778
0.22983870967742 0.112642300780218 0.112642300780218
0.234677419354839 0.115038476593744 0.115038476593744
0.239516129032258 0.117434652025471 0.117434652025471
0.244354838709678 0.119830827081273 0.119830827081273
0.249193548387097 0.12222700179052 0.12222700179052
0.254032258064516 0.124623176188455 0.124623176188455
0.258870967741936 0.127019350269203 0.127019350269203
0.263709677419355 0.129415524062135 0.129415524062135
0.268548387096774 0.131811697596618 0.131811697596618
0.273387096774194 0.134207870855031 0.134207870855031
0.278225806451613 0.136604043878492 0.136604043878492
0.283064516129032 0.139000216661126 0.139000216661126
0.287903225806452 0.141396389214682 0.141396389214682
0.292741935483871 0.143792561574401 0.143792561574401
0.29758064516129 0.146188733722662 0.146188733722662
0.301612903225807 0.148255813983269 0.148255813983269
0.30483870967742 0.149866725189725 0.149866725189725
0.308064516129032 0.151477462481182 0.151477462481182
0.311290322580645 0.153088031232187 0.153088031232187
0.314516129032258 0.154698436623448 0.154698436623448
0.317741935483871 0.156308683597786 0.156308683597786
0.320967741935484 0.157918776886561 0.157918776886561
0.324193548387097 0.159528721080164 0.159528721080164
0.32741935483871 0.16113852057515 0.16113852057515
0.330645161290323 0.162748179556615 0.162748179556615
0.333870967741936 0.164357702077496 0.164357702077496
0.337096774193549 0.165967092067376 0.165967092067376
0.340322580645162 0.167576353253196 0.167576353253196
0.343548387096774 0.169185489238544 0.169185489238544
0.346774193548387 0.17079450353009 0.17079450353009
0.35 0.1724033994671 0.1724033994671
0.353225806451613 0.174012180265493 0.174012180265493
0.356451612903226 0.175620849035454 0.175620849035454
0.359677419354839 0.177229408825497 0.177229408825497
0.362903225806452 0.178837862455055 0.178837862455055
0.366129032258065 0.180446212752372 0.180446212752372
0.369354838709678 0.182054462439964 0.182054462439964
0.372580645161291 0.183662614072944 0.183662614072944
0.375806451612904 0.18527067019761 0.18527067019761
0.379032258064516 0.186878633219294 0.186878633219294
0.382258064516129 0.188486505508081 0.188486505508081
0.385483870967742 0.190094289310707 0.190094289310707
0.388709677419355 0.191701986829855 0.191701986829855
0.391935483870968 0.193309600215343 0.193309600215343
0.395161290322581 0.194917131493639 0.194917131493639
0.398387096774194 0.196524582629536 0.196524582629536
0.401612903225807 0.198131955579015 0.198131955579015
0.40483870967742 0.19973925219233 0.19973925219233
0.408064516129033 0.201346474275681 0.201346474275681
0.411290322580646 0.202953623582403 0.202953623582403
0.414516129032259 0.204560701786534 0.204560701786534
0.417741935483871 0.206167710535681 0.206167710535681
0.420967741935484 0.207774651424586 0.207774651424586
0.424193548387097 0.209381525995127 0.209381525995127
0.42741935483871 0.210988335745128 0.210988335745128
0.430645161290323 0.21259508212836 0.21259508212836
0.433870967741936 0.21420176657216 0.21420176657216
0.437096774193549 0.215808390371706 0.215808390371706
0.440322580645162 0.217414954936714 0.217414954936714
0.443548387096775 0.219021461500688 0.219021461500688
0.446774193548388 0.220627911385236 0.220627911385236
0.450000000000001 0.222234305709321 0.222234305709321
0.453225806451613 0.223840645706446 0.223840645706446
0.456451612903226 0.225446932530815 0.225446932530815
0.459677419354839 0.22705316727496 0.22705316727496
0.462903225806452 0.2286593510226 0.2286593510226
0.466129032258065 0.230265484857455 0.230265484857455
0.469354838709678 0.231871569801569 0.231871569801569
0.472580645161291 0.233477606832935 0.233477606832935
0.475806451612904 0.235083596938352 0.235083596938352
0.479032258064517 0.236689541016517 0.236689541016517
0.48225806451613 0.238295440071852 0.238295440071852
0.485483870967743 0.239901294932565 0.239901294932565
0.488709677419355 0.241507106497352 0.241507106497352
0.491935483870968 0.243112875612042 0.243112875612042
0.495161290322581 0.244718603104843 0.244718603104843
0.498387096774194 0.246324289786344 0.246324289786344
