0.00241935483870968 -0 -0
0.00725806451612903 -10.9378009433489 -10.9378009433489
0.0120967741935484 -36.0650972813109 -36.0650972813109
0.0169354838709677 -74.6278154648436 -74.6278154648436
0.0217741935483871 -125.504750469039 -125.504750469039
0.0266129032258065 -187.229854413158 -187.229854413158
0.0314516129032258 -258.028074039241 -258.028074039241
0.0362903225806452 -335.859500233265 -335.859500233265
0.0411290322580645 -418.470283459953 -418.470283459953
0.0459677419354839 -503.448993880265 -503.448993880265
0.0508064516129032 -588.287044212368 -588.287044212368
0.0556451612903226 -670.441712541842 -670.441712541842
0.0604838709677419 -747.400243816359 -747.400243816359
0.0653225806451613 -816.743482794041 -816.743482794041
0.0701612903225806 -876.207500719692 -876.207500719692
0.075 -923.74172351537 -923.74172351537
0.0798387096774194 -957.562150010237 -957.562150010237
0.0846774193548387 -976.198362929245 -976.198362929245
0.0895161290322581 -978.533180399793 -978.533180399793
0.0943548387096774 -963.833968255958 -963.833968255958
0.0991935483870968 -931.774829401248 -931.774829401248
0.104032258064516 -882.449101353134 -882.449101353134
0.108870967741935 -816.371821807385 -816.371821807385
0.113709677419355 -734.472059266417 -734.472059266417
0.118548387096774 -638.075245908701 -638.075245908701
0.123387096774194 -528.875887293398 -528.875887293398
0.128225806451613 -408.90125261289 -408.90125261289
0.133064516129032 -280.466864628112 -280.466864628112
0.137903225806452 -146.124805063666 -146.124805063666
0.142741935483871 -8.60602445356032 -8.60602445356032
0.14758064516129 129.242008896633 129.242008896633
0.15241935483871 264.52087149679 264.52087149679
0.157258064516129 394.348428561871 394.348428561871
0.162096774193548 515.926183765766 515.926183765766
0.166935483870968 626.605151079914 626.605151079914
0.171774193548387 723.948693699836 723.948693699836
0.176612903225807 805.790840373103 805.790840373103
0.181451612903226 870.2886898311 870.2886898311
0.186290322580645 915.967647223033 915.967647223033
0.191129032258065 941.758399412992 941.758399412992
0.195967741935484 947.024724989244 947.024724989244
0.200806451612903 931.58144549338 931.58144549338
0.205645161290323 895.702051840314 895.702051840314
0.210483870967742 840.115778897719 840.115778897719
0.215322580645162 765.994146180821 765.994146180821
0.220161290322581 674.927227898998 674.927227898998
0.225 568.890155450851 568.890155450851
0.22983870967742 450.200584307028 450.200584307028
0.234677419354839 321.468069693962 321.468069693962
0.239516129032258 185.536486614989 185.536486614989
0.244354838709678 45.4207950260445 45.4207950260445
0.249193548387097 -95.7604134805359 -95.7604134805359
0.254032258064516 -234.85504855595 -234.85504855595
0.258870967741936 -368.748727453477 -368.748727453477
0.263709677419355 -494.435418681952 -494.435418681952
0.268548387096774 -609.085894511355 -609.085894511355
0.273387096774194 -710.112409372941 -710.112409372941
0.278225806451613 -795.228103455648 -795.228103455648
0.283064516129032 -862.499748008058 -862.499748008058
0.287903225806452 -910.392598370683 -910.392598370683
0.292741935483871 -937.806299195087 -937.806299195087
0.29758064516129 -237.706701022331 -237.706701022331
0.303225806451613 -230.346617022039 -921.386468088156
0.309677419354839 -225.595954444373 -902.383817777493
0.316129032258065 -221.037287239566 -884.149148958264
0.322580645161291 -216.659206864038 -866.636827456152
0.329032258064516 -212.451191093935 -849.804764375741
0.335483870967742 -208.403519593207 -833.614078372828
0.341935483870968 -204.507198952996 -818.028795811983
0.348387096774194 -200.753895985482 -803.015583941927
0.35483870967742 -197.135878230821 -788.543512923285
0.361290322580645 -193.645960783427 -774.583843133709
0.367741935483871 -190.277458667977 -761.10983467191
0.374193548387097 -187.02414410104 -748.09657640416
0.380645161290323 -183.880208063362 -735.520832253447
0.387096774193549 -180.840225683967 -723.360902735868
0.393548387096775 -177.8991250021 -711.596500008399
0.4 -175.052158728683 -700.208634914731
0.406451612903226 -172.294878676483 -689.179514705934
0.412903225806452 -169.62311256929 -678.492450277162
0.419354838709678 -167.032942976012 -668.13177190405
0.425806451612904 -164.520688145593 -658.082752582371
0.43225806451613 -162.082884546062 -648.331538184249
0.438709677419355 -159.716270933063 -638.865083732251
0.445161290322581 -157.417773794202 -629.671095176808
0.451612903225807 -155.184494032236 -620.737976128946
0.458064516129033 -153.013694766147 -612.05477906459
0.464516129032259 -150.902790141713 -603.611160566851
0.470967741935484 -148.849335055928 -595.39734022371
0.47741935483871 -146.851015708909 -587.404062835636
0.483870967741936 -144.905640906871 -579.622563627482
0.490322580645162 -143.011134047361 -572.044536189444
0.496774193548388 -141.165525725018 -564.662102900074
