0.00483870967741936 1 0.746388442625327 0.746388442625327
0.00967741935483871 1 0.868792957764855 0.868792957764855
0.0145161290322581 1 0.909398459196011 0.909398459196011
0.0193548387096774 1 0.929672036615633 0.929672036615633
0.0241935483870968 1 0.941828425372427 0.941828425372427
0.0290322580645161 1 0.949929920441433 0.949929920441433
0.0338709677419355 1 0.955715520619617 0.955715520619617
0.0387096774193548 1 0.960054146567776 0.960054146567776
0.0435483870967742 1 0.963428325754357 0.963428325754357
0.0483870967741935 1 0.966127491385325 0.966127491385325
0.0532258064516129 1 0.968335796445408 0.968335796445408
0.0580645161290322 1 0.970175981519124 0.970175981519124
0.0629032258064516 1 0.971733020156957 0.971733020156957
0.067741935483871 1 0.973067590887246 0.973067590887246
0.0725806451612903 1 0.974224200725591 0.974224200725591
0.0774193548387097 1 0.975236212255916 0.975236212255916
0.082258064516129 1 0.976129161428285 0.976129161428285
0.0870967741935484 1 0.97692287982979 0.97692287982979
0.0919354838709677 1 0.977633048255025 0.977633048255025
0.0967741935483871 1 0.978272190490529 0.978272190490529
0.101612903225806 1 0.978850456111842 0.978850456111842
0.106451612903226 1 0.979376151800142 0.979376151800142
0.111290322580645 1 0.979856134582393 0.979856134582393
0.116129032258064 1 0.980296118799452 0.980296118799452
0.120967741935484 1 0.98070089466488 0.98070089466488
0.125806451612903 1 0.981074540461778 0.981074540461778
0.130645161290323 1 0.981420501508709 0.981420501508709
0.135483870967742 1 0.981741755019209 0.981741755019209
0.140322580645161 1 0.982040850896648 0.982040850896648
0.145161290322581 1 0.982320004236663 0.982320004236663
0.15 1 0.982581150738171 0.982581150738171
0.154838709677419 1 0.982825971998454 0.982825971998454
0.159677419354839 1 0.983055958917314 0.983055958917314
0.164516129032258 1 0.983272412748775 0.983272412748775
0.169354838709678 1 0.983476498015318 0.983476498015318
0.174193548387097 1 0.983669246492851 0.983669246492851
0.179032258064516 1 0.983851578249938 0.983851578249938
0.183870967741936 1 0.984024308966667 0.984024308966667
0.188709677419355 1 0.984188183098616 0.984188183098616
0.193548387096774 1 0.984343863888137 0.984343863888137
0.198387096774194 1 0.98449195203242 0.98449195203242
0.203225806451613 1 0.984632986105865 0.984632986105865
0.208064516129032 1 0.984767461386601 0.984767461386601
0.212903225806452 1 0.984895822264695 0.984895822264695
0.217741935483871 1 0.985018475679149 0.985018475679149
0.222580645161291 1 0.985135804094981 0.985135804094981
0.22741935483871 1 0.985248133923463 0.985248133923463
0.232258064516129 1 0.985355787388828 0.985355787388828
0.237096774193549 1 0.985459041781325 0.985459041781325
0.241935483870968 1 0.985558168401673 0.985558168401673
0.246774193548387 1 0.985653406953819 0.985653406953819
0.251612903225807 1 0.985744985706279 0.985744985706279
0.256451612903226 1 0.985833101338876 0.985833101338876
0.261290322580645 1 0.985917961904496 0.985917961904496
0.266129032258065 1 0.985999732360574 0.985999732360574
0.270967741935484 1 0.986078583061007 0.986078583061007
0.275806451612903 1 0.986154667932742 0.986154667932742
0.280645161290323 1 0.986228126613826 0.986228126613826
0.285483870967742 1 0.986299097536281 0.986299097536281
0.290322580645161 1 0.986367704187653 0.986367704187653
0.295161290322581 1 0.986434055739183 0.986434055739183
0.299596774193549 1 1.00403730108354 1.00403730108354
0.303225806451613 1 0.99096751477413 0.99096751477413
0.306451612903226 1 0.990995387433635 0.990995387433635
0.309677419354839 1 0.991022682869539 0.991022682869539
0.312903225806452 1 0.991049408586111 0.991049408586111
0.316129032258065 1 0.991075581466259 0.991075581466259
0.319354838709678 1 0.991101206164832 0.991101206164832
0.322580645161291 1 0.991126321892813 0.991126321892813
0.325806451612903 1 0.991150934357297 0.991150934357297
0.329032258064516 1 0.991175054062259 0.991175054062259
0.332258064516129 1 0.991198696553293 0.991198696553293
0.335483870967742 1 0.991221885392122 0.991221885392122
0.338709677419355 1 0.991244627700465 0.991244627700465
0.341935483870968 1 0.991266925139068 0.991266925139068
0.345161290322581 1 0.99128881517135 0.99128881517135
0.348387096774194 1 0.991310283722865 0.991310283722865
0.351612903225807 1 0.991331360874369 0.991331360874369
0.35483870967742 1 0.991352041818682 0.991352041818682
0.358064516129033 1 0.991372357995204 0.991372357995204
0.361290322580645 1 0.991392300701371 0.991392300701371
0.364516129032258 1 0.991411878450508 0.991411878450508
0.367741935483871 1 0.991431128195859 0.991431128195859
0.370967741935484 1 0.991450025136305 0.991450025136305
0.374193548387097 1 0.991468594736919 0.991468594736919
0.37741935483871 1 0.991486847410402 0.991486847410402
0.380645161290323 1 0.99150479217476 0.99150479217476
0.383870967741936 1 0.991522414769723 0.991522414769723
0.387096774193549 1 0.99153975707237 0.99153975707237
0.390322580645162 1 0.991556802432153 0.991556802432153
0.393548387096775 1 0.991573573979147 0.991573573979147
0.396774193548387 1 0.991590060960136 0.991590060960136
0.4 1 0.991606289819544 0.991606289819544
0.403225806451613 1 0.991622250506428 0.991622250506428
0.406451612903226 1 0.991637951074914 0.991637951074914
0.409677419354839 1 0.991653412390802 0.991653412390802
0.412903225806452 1 0.991668621657072 0.991668621657072
0.416129032258065 1 0.991683592516507 0.991683592516507
0.419354838709678 1 0.991698340618669 0.991698340618669
0.422580645161291 1 0.991712853509394 0.991712853509394
0.425806451612904 1 0.991727153511991 0.991727153511991
0.429032258064517 1 0.991741226740498 0.991741226740498
0.43225806451613 1 0.991755094140075 0.991755094140075
0.435483870967742 1 0.991768748722145 0.991768748722145
0.438709677419355 1 0.991782201989382 0.991782201989382
0.441935483870968 1 0.991795464909384 0.991795464909384
0.445161290322581 1 0.99180853696888 0.99180853696888
0.448387096774194 1 0.991821408856575 0.991821408856575
0.451612903225807 1 0.99183409531888 0.99183409531888
0.45483870967742 1 0.991846607942991 0.991846607942991
0.458064516129033 1 0.991858933224884 0.991858933224884
0.461290322580646 1 0.991871095455684 0.991871095455684
0.464516129032259 1 0.991883080259635 0.991883080259635
0.467741935483872 1 0.991894908345529 0.991894908345529
0.470967741935484 1 0.991906567247116 0.991906567247116
0.474193548387097 1 0.991918060445081 0.991918060445081
0.47741935483871 1 0.991929404751826 0.991929404751826
0.480645161290323 1 0.991940592047454 0.991940592047454
0.483870967741936 1 0.991951635714595 0.991951635714595
0.487096774193549 1 0.991962526948991 0.991962526948991
0.490322580645162 1 0.99197328121179 0.99197328121179
0.493548387096775 1 0.991983878115327 0.991983878115327
0.496774193548388 1 0.99199434888956 0.99199434888956
