0 4 -0
0.00483870967741936 4 -4542.8333251373
0.00967741935483871 4 -8980.89368920074
0.0145161290322581 4 -13211.824546729
0.0193548387096774 4 -17138.0464528438
0.0241935483870968 4 -20669.0075722706
0.0290322580645161 4 -23723.272108131
0.0338709677419355 4 -26230.3984843375
0.0387096774193548 4 -28132.5639644124
0.0435483870967742 4 -29385.8982375748
0.0483870967741935 4 -29961.4952151316
0.0532258064516129 4 -29846.0797017569
0.0580645161290322 4 -29042.3135659861
0.0629032258064516 4 -27568.7343486069
0.067741935483871 4 -25459.3277248425
0.0725806451612903 4 -22762.7436807837
0.0774193548387097 4 -19541.1744816667
0.082258064516129 4 -15868.9203098089
0.0870967741935484 4 -11830.6756533996
0.0919354838709677 4 -7519.57596776162
0.0967741935483871 4 -3035.04965962298
0.101612903225806 4 1519.47506516137
0.106451612903226 4 6038.95560265978
0.111290322580645 4 10419.1575853446
0.116129032258064 4 14559.0588759324
0.120967741935484 4 18363.1794764299
0.125806451612903 4 21743.7836168736
0.130645161290323 4 24622.9032362183
0.135483870967742 4 26934.1361871223
0.140322580645161 4 28624.1776920015
0.145161290322581 4 29654.0497298433
0.15 4 30000
0.154838709677419 4 29654.0497298433
0.159677419354839 4 28624.1776920014
0.164516129032258 4 26934.1361871222
0.169354838709678 4 24622.9032362182
0.174193548387097 4 21743.7836168735
0.179032258064516 4 18363.1794764298
0.183870967741936 4 14559.0588759323
0.188709677419355 4 10419.1575853445
0.193548387096774 4 6038.95560265965
0.198387096774194 4 1519.47506516122
0.203225806451613 4 -3035.04965962313
0.208064516129032 4 -7519.57596776181
0.212903225806452 4 -11830.6756533997
0.217741935483871 4 -15868.9203098091
0.222580645161291 4 -19541.1744816668
0.22741935483871 4 -22762.7436807839
0.232258064516129 4 -25459.3277248427
0.237096774193549 4 -27568.734348607
0.241935483870968 4 -29042.3135659862
0.246774193548387 4 -29846.0797017569
0.251612903225807 4 -29961.4952151316
0.256451612903226 4 -29385.8982375748
0.261290322580645 4 -28132.5639644123
0.266129032258065 4 -26230.3984843373
0.270967741935484 4 -23723.2721081308
0.275806451612903 4 -20669.0075722705
0.280645161290323 4 -17138.0464528436
0.285483870967742 4 -13211.8245467288
0.290322580645161 4 -8980.89368920056
0.295161290322581 4 -4542.83332513713
0.3 4 0
0.306451612903226 4 0
0.312903225806452 4 0
0.319354838709678 4 0
0.325806451612903 4 0
0.332258064516129 4 0
0.338709677419355 4 0
0.345161290322581 4 0
0.351612903225807 4 0
0.358064516129033 4 0
0.364516129032258 4 0
0.370967741935484 4 0
0.37741935483871 4 0
0.383870967741936 4 0
0.390322580645162 4 0
0.396774193548387 4 0
0.403225806451613 4 0
0.409677419354839 4 0
0.416129032258065 4 0
0.422580645161291 4 0
0.429032258064517 4 0
0.435483870967742 4 0
0.441935483870968 4 0
0.448387096774194 4 0
0.45483870967742 4 0
0.461290322580646 4 0
0.467741935483872 4 0
0.474193548387097 4 0
0.480645161290323 4 0
0.487096774193549 4 0
0.493548387096775 4 0
0.500000000000001 4 0
