0 139.406183729755
0.00483870967741936 139.406183729755
0.00967741935483871 139.459108573029
0.0145161290322581 139.633617108261
0.0193548387096774 139.994719441156
0.0241935483870968 140.602000491812
0.0290322580645161 141.507951400263
0.0338709677419355 142.756474339163
0.0387096774193548 144.381600953195
0.0435483870967742 146.406457163485
0.0483870967741935 148.84250068226
0.0532258064516129 151.689050896191
0.0580645161290322 154.933123698813
0.0629032258064516 158.549576491473
0.067741935483871 162.501561085637
0.0725806451612903 166.741274798797
0.0774193548387097 171.210992815807
0.082258064516129 175.844358057792
0.0870967741935484 180.567898523579
0.0919354838709677 185.302736493255
0.0967741935483871 189.966449242881
0.101612903225806 194.47503712708
0.106451612903226 198.744952133628
0.111290322580645 202.695138368179
0.116129032258064 206.249035429146
0.120967741935484 209.336496296446
0.125806451612903 211.895573170446
0.130645161290323 213.874127618573
0.135483870967742 215.231225350645
0.140322580645161 215.938280859017
0.145161290322581 215.979922912825
0.15 215.354558353648
0.154838709677419 214.074618652857
0.159677419354839 212.166481095299
0.164516129032258 209.670064077078
0.169354838709678 206.638103668627
0.174193548387097 203.135126118466
0.179032258064516 199.236138181177
0.183870967741936 195.025063875543
0.188709677419355 190.592962356722
0.193548387096774 186.036066875691
0.198387096774194 181.45368917413
0.203225806451613 176.946037018517
0.208064516129032 172.611994832193
0.212903225806452 168.546918482688
0.217741935483871 164.840495194716
0.222580645161291 161.574718285527
0.22741935483871 158.822023984959
0.232258064516129 156.643634060892
0.237096774193549 155.088143401083
0.241935483870968 154.190386207785
0.246774193548387 153.970608167336
0.251612903225807 154.433965006758
0.256451612903226 155.570360402996
0.261290322580645 157.354628439062
0.266129032258065 159.747057884297
0.270967741935484 162.694247696449
0.275806451612903 166.130275483737
0.280645161290323 169.978153403684
0.285483870967742 174.151539281142
0.290322580645161 178.556664757129
0.295161290322581 183.094437172589
0.3 184.244630887214
0.306451612903226 185.730738093807
0.312903225806452 187.186195864416
0.319354838709678 188.612242878865
0.325806451612903 190.010044213472
0.332258064516129 191.380697059239
0.338709677419355 192.725235895324
0.345161290322581 194.044637178892
0.351612903225807 195.339823604605
0.358064516129033 196.611667980287
0.364516129032258 197.860996759535
0.370967741935484 199.088593267071
0.37741935483871 200.295200648368
0.383870967741936 201.481524571357
0.390322580645162 202.648235704802
0.396774193548387 203.795971995138
0.403225806451613 204.92534076113
0.409677419354839 206.036920623559
0.416129032258065 207.131263285296
0.422580645161291 208.208895175464
0.429032258064517 209.270318969952
0.435483870967742 210.316014999281
0.441935483870968 211.346442553688
0.448387096774194 212.362041094296
0.45483870967742 213.363231378375
0.461290322580646 214.350416505898
0.467741935483872 215.323982893909
0.474193548387097 216.284301184593
0.480645161290323 217.231727092392
0.487096774193549 218.166602195017
0.493548387096775 219.089254672742
0.500000000000001 220
