0 133.50915508432
0.000431034482758621 133.50915508432
0.000862068965517241 133.509180242119
0.00129310344827586 133.509285896572
0.00172413793103448 133.509523053209
0.0021551724137931 133.509942206869
0.00258620689655172 133.510593679164
0.00301724137931034 133.511527687853
0.00344827586206897 133.512794362608
0.00387931034482759 133.514443745033
0.00431034482758621 133.516525782873
0.00474137931034483 133.519090321766
0.00517241379310345 133.522187095809
0.00560344827586207 133.525865717537
0.00603448275862069 133.530175667573
0.00646551724137931 133.535166284113
0.00689655172413793 133.540886752301
0.00732758620689655 133.54738609357
0.00775862068965517 133.554713154951
0.00818965517241379 133.562916598392
0.00862068965517241 133.572044890081
0.00905172413793104 133.582146289793
0.00948275862068966 133.59326884027
0.00991379310344828 133.605460356627
0.0103448275862069 133.618768415802
0.0107758620689655 133.633240346045
0.0112068965517241 133.648923216452
0.0116379310344828 133.665863826548
0.0120689655172414 133.684108695924
0.0125 133.703704053917
0.0129310344827586 133.724695829361
0.0133620689655173 133.747129640379
0.0137931034482759 133.771050784251
0.0142241379310345 133.796504227332
0.0146551724137931 133.823534595045
0.0150862068965517 133.852186161931
0.0155172413793104 133.882502841773
0.015948275862069 133.914528177792
0.0163793103448276 133.948305332912
0.0168103448275862 133.983877080101
0.0172413793103448 134.02128579279
0.0176724137931035 134.060573435369
0.0181034482758621 134.101781553761
0.0185344827586207 134.144951266089
0.0189655172413793 134.190123253409
0.019396551724138 134.237337750548
0.0198275862068966 134.286634537016
0.0202586206896552 134.338052928017
0.0206896551724138 134.391631765544
0.0211206896551724 134.447409409573
0.0215517241379311 134.505423729348
0.0219827586206897 134.565712094765
0.0224137931034483 134.628311367856
0.0228448275862069 134.693257894367
0.0232758620689655 134.760587495445
0.0237068965517242 134.830335459425
0.0241379310344828 134.902536533718
0.0245689655172414 134.977224916816
0.025 135.054434250398
0.0254310344827587 135.134197611543
0.0258620689655173 135.216547505063
0.0262931034482759 135.301515855943
0.0267241379310345 135.389134001898
0.0271551724137931 135.479432686043
0.0275862068965518 135.572442049683
0.0280172413793104 135.668191625223
0.028448275862069 135.766710329194
0.0288793103448276 135.868026455405
0.0293103448275862 135.972167668216
0.0297413793103449 136.079160995934
0.0301724137931035 136.189032824336
0.0306034482758621 136.301808890323
0.0310344827586207 136.417514275695
0.0314655172413794 136.536173401059
0.031896551724138 136.657810019871
0.0323275862068966 136.782447212602
0.0327586206896552 136.910107381045
0.0331896551724138 137.040812242756
0.0336206896551725 137.17458282562
0.0340517241379311 137.311439462567
0.0344827586206897 137.451401786418
0.0349137931034483 137.594488724873
0.0353448275862069 137.740718495634
0.0357758620689656 137.890108601672
0.0362068965517242 138.042675826639
0.0366379310344828 138.198436230414
0.0370689655172414 138.3574051448
0.0375000000000001 138.519597169362
0.0379310344827587 138.685026167413
0.0383620689655173 138.853705262139
0.0387931034482759 139.025646832879
0.0392241379310345 139.200862511551
0.0396551724137932 139.37936317922
0.0400862068965518 139.561158962826
0.0405172413793104 139.746259232049
0.040948275862069 139.934672596335
0.0413793103448276 140.126406902069
0.0418103448275863 140.321469229899
0.0422413793103449 140.519865892212
0.0426724137931035 140.721602430767
0.0431034482758621 140.926683614474
0.0435344827586208 141.135113437335
0.0439655172413794 141.346895116532
0.044396551724138 141.562031090673
0.0448275862068966 141.780523018196
0.0452586206896552 142.002371775922
0.0456896551724139 142.227577457771
0.0461206896551725 142.456139373624
0.0465517241379311 142.688056048355
0.0469827586206897 142.923325221007
0.0474137931034483 143.161943844131
0.047844827586207 143.403908083285
0.0482758620689656 143.649213316681
0.0487068965517242 143.897854134997
0.0491379310344828 144.149824341346
0.0495689655172415 144.405116951397
0.0500000000000001 144.663724193658
0.0504310344827587 144.92563750992
0.0508620689655173 145.190847555847
0.0512931034482759 145.459344201736
0.0517241379310346 145.731116533427
0.0521551724137932 146.006152853372
0.0525862068965518 146.284440681861
0.0530172413793104 146.56596675841
0.0534482758620691 146.850717043292
0.0538793103448277 147.138676719244
0.0543103448275863 147.42983019331
0.0547413793103449 147.72416109886
0.0551724137931035 148.021652297744
0.0556034482758622 148.32228588262
0.0560344827586208 148.626043179426
0.0564655172413794 148.932904750007
0.056896551724138 149.2428503949
0.0573275862068966 149.555859156272
0.0577586206896553 149.871909321009
0.0581896551724139 150.190978423956
0.0586206896551725 150.513043251317
0.0590517241379311 150.838079844194
0.0594827586206898 151.16606350229
0.0599137931034484 151.49696878775
0.060344827586207 151.830769529163
0.0607758620689656 152.167438825701
0.0612068965517242 152.506949051418
0.0616379310344829 152.849271859685
0.0620689655172415 153.19437818778
0.0625000000000001 153.54223826162
0.0629310344827587 153.892821600637
0.0633620689655173 154.246097022799
0.063793103448276 154.602032649778
0.0642241379310346 154.960595912248
0.0646551724137932 155.321753555344
0.0650862068965518 155.685471644237
0.0655172413793104 156.051715569871
0.0659482758620691 156.420450054822
0.0663793103448277 156.791639159303
0.0668103448275863 157.165246287299
0.0672413793103449 157.541234192842
0.0676724137931036 157.919564986415
0.0681034482758622 158.300200141495
0.0685344827586208 158.683100501218
0.0689655172413794 159.068226285182
0.069396551724138 159.455537096378
0.0698275862068967 159.844991928243
0.0702586206896553 160.236549171845
0.0706896551724139 160.63016662319
0.0711206896551725 161.025801490657
0.0715517241379311 161.423410402546
0.0719827586206898 161.822949414758
0.0724137931034484 162.224374018587
0.072844827586207 162.627639148632
0.0732758620689656 163.032699190827
0.0737068965517243 163.439507990582
0.0741379310344829 163.848018861044
0.0745689655172415 164.258184591465
0.0750000000000001 164.669957455681
0.0754310344827587 165.083289220701
0.0758620689655174 165.498131155404
0.076293103448276 165.914434039341
0.0767241379310346 166.332148171638
0.0771551724137932 166.751223380008
0.0775862068965519 167.171609029856
0.0780172413793105 167.593254033493
0.0784482758620691 168.016106859433
0.0788793103448277 168.440115541801
0.0793103448275863 168.865227689824
0.079741379310345 169.291390497418
0.0801724137931036 169.718550752866
0.0806034482758622 170.146654848584
0.0810344827586208 170.575648790969
0.0814655172413794 171.005478210343
0.0818965517241381 171.436088370963
0.0823275862068967 171.867424181133
0.0827586206896553 172.299430203373
0.0831896551724139 172.732050664685
0.0836206896551726 173.16522946688
0.0840517241379312 173.598910196986
0.0844827586206898 174.033036137725
0.0849137931034484 174.467550278059
0.085344827586207 174.902395323807
0.0857758620689657 175.337513708319
0.0862068965517243 175.772847603226
0.0866379310344829 176.208338929241
0.0870689655172415 176.643929367021
0.0875000000000001 177.079560368094
0.0879310344827588 177.515173165832
0.0883620689655174 177.95070878648
0.088793103448276 178.38610806024
0.0892241379310346 178.821311632402
0.0896551724137933 179.256259974516
0.0900862068965519 179.690893395619
0.0905172413793105 180.125152053499
0.0909482758620691 180.558975966
0.0913793103448277 180.992305022365
0.0918103448275864 181.425078994616
0.092241379310345 181.857237548973
0.0926724137931036 182.288720257294
0.0931034482758622 182.719466608556
0.0935344827586208 183.149416020358
0.0939655172413795 183.578507850448
0.0943965517241381 184.006681408283
0.0948275862068967 184.433875966592
0.0952586206896553 184.860030772981
0.095689655172414 185.285085061532
0.0961206896551726 185.708978064436
0.0965517241379312 186.131649023624
0.0969827586206898 186.553037202417
0.0974137931034484 186.973081897176
0.0978448275862071 187.391722448968
0.0982758620689657 187.808898255228
0.0987068965517243 188.224548781421
0.0991379310344829 188.638613572708
0.0995689655172416 189.05103226561
0.1 189.461744599657
0.100431034482759 189.870690429041
0.100862068965517 190.277809734253
0.101293103448276 190.683042633707
0.101724137931035 191.086329395351
0.102155172413793 191.487610448268
0.102586206896552 191.886826394243
0.103017241379311 192.283918019327
0.103448275862069 192.678826305362
0.103879310344828 193.071492441496
0.104310344827586 193.461857835653
0.104741379310345 193.849864125989
0.105172413793104 194.235453192309
0.105603448275862 194.618567167446
0.106034482758621 194.999148448614
0.106465517241379 195.377139708713
0.106896551724138 195.752483907597
0.107327586206897 196.1251243033
0.107758620689655 196.495004463216
0.108189655172414 196.862068275233
0.108620689655173 197.226259958814
0.109051724137931 197.587524076032
0.10948275862069 197.945805542545
0.109913793103448 198.301049638525
0.110344827586207 198.653202019519
0.110775862068966 199.002208727253
0.111206896551724 199.34801620038
0.111637931034483 199.690571285158
0.112068965517242 200.029821246061
0.1125 200.365713776328
0.112931034482759 200.698197008433
0.113362068965517 201.027219524495
0.113793103448276 201.352730366602
0.114224137931035 201.674679047062
0.114655172413793 201.993015558582
0.115086206896552 202.307690384361
0.115517241379311 202.618654508097
0.115948275862069 202.925859423924
0.116379310344828 203.229257146244
0.116810344827586 203.528800219489
0.117241379310345 203.824441727782
0.117672413793104 204.116135304508
0.118103448275862 204.403835141795
0.118534482758621 204.687495999898
0.11896551724138 204.967073216482
0.119396551724138 205.242522715815
0.119827586206897 205.513801017847
0.120258620689655 205.7808652472
0.120689655172414 206.043673142043
0.121120689655173 206.302183062868
0.121551724137931 206.556354001153
0.12198275862069 206.806145587918
0.122413793103448 207.051518102172
0.122844827586207 207.292432479241
0.123275862068966 207.528850318986
0.123706896551724 207.760733893906
0.124137931034483 207.988046157118
0.124568965517242 208.210750750219
0.125 208.428812011035
0.125431034482759 208.642194981236
0.125862068965517 208.850865413831
0.126293103448276 209.054789780544
0.126724137931035 209.253935279055
0.127155172413793 209.448269840113
0.127586206896552 209.637762134524
0.12801724137931 209.822381580007
0.128448275862069 210.002098347913
0.128879310344828 210.176883369812
0.129310344827586 210.346708343951
0.129741379310345 210.511545741562
0.130172413793104 210.671368813047
0.130603448275862 210.826151594014
0.131034482758621 210.975868911177
0.131465517241379 211.120496388111
0.131896551724138 211.260010450869
0.132327586206897 211.394388333454
0.132758620689655 211.523608083139
0.133189655172414 211.647648565653
0.133620689655172 211.766489470211
0.134051724137931 211.880111314399
0.13448275862069 211.988495448907
0.134913793103448 212.091624062118
0.135344827586207 212.189480184541
0.135775862068965 212.28204769309
0.136206896551724 212.369311315218
0.136637931034483 212.451256632887
0.137068965517241 212.527870086393
0.1375 212.599138978029
0.137931034482758 212.665051475594
0.138362068965517 212.725596615745
0.138793103448276 212.780764307191
0.139224137931034 212.83054533373
0.139655172413793 212.874931357123
0.140086206896551 212.913914919812
0.14051724137931 212.947489447475
0.140948275862069 212.975649251425
0.141379310344827 212.998389530839
0.141810344827586 213.015706374834
0.142241379310345 213.027596764372
0.142672413793103 213.034058574011
0.143103448275862 213.035090573484
0.14353448275862 213.030692429117
0.143965517241379 213.02086470509
0.144396551724138 213.00560886452
0.144827586206896 212.98492727039
0.145258620689655 212.958823186308
0.145689655172413 212.927300777102
0.146120689655172 212.890365109249
0.146551724137931 212.84802215114
0.146982758620689 212.800278773174
0.147413793103448 212.74714274769
0.147844827586206 212.688622748734
0.148275862068965 212.624728351657
0.148706896551724 212.555470032547
0.149137931034482 212.480859167494
0.149568965517241 212.400908031692
0.149999999999999 212.315629798371
0.150431034482758 212.225038537566
0.150862068965517 212.129149214717
0.151293103448275 212.027977689107
0.151724137931034 211.921540712128
0.152155172413793 211.80985592539
0.152586206896551 211.692941858659
0.15301724137931 211.570817927628
0.153448275862068 211.443504431533
0.153879310344827 211.311022550592
0.154310344827586 211.173394343293
0.154741379310344 211.030642743505
0.155172413793103 210.88279155744
0.155603448275861 210.729865460441
0.15603448275862 210.571889993611
0.156465517241379 210.408891560287
0.156896551724137 210.240897422342
0.157327586206896 210.067935696335
0.157758620689654 209.890035349496
0.158189655172413 209.707226195557
0.158620689655172 209.519538890416
0.15905172413793 209.327004927656
0.159482758620689 209.12965663389
0.159913793103447 208.927527163966
0.160344827586206 208.720650496007
0.160775862068965 208.509061426297
0.161206896551723 208.292795564018
0.161637931034482 208.071889325825
0.16206896551724 207.84637993028
0.162499999999999 207.616305392125
0.162931034482758 207.381704516413
0.163362068965516 207.142616892479
0.163793103448275 206.899082887778
0.164224137931034 206.651143641558
0.164655172413792 206.398841058403
0.165086206896551 206.142217801622
0.165517241379309 205.881317286494
0.165948275862068 205.616183673374
0.166379310344827 205.346861860658
0.166810344827585 205.0733974776
0.167241379310344 204.795836877001
0.167672413793102 204.51422712775
0.168103448275861 204.228616007238
0.16853448275862 203.939051993627
0.168965517241378 203.64558425799
0.169396551724137 203.348262656325
0.169827586206895 203.047137721421
0.170258620689654 202.742260654613
0.170689655172413 202.433683317395
0.171120689655171 202.121458222915
0.17155172413793 201.805638527339
0.171982758620688 201.486278021092
0.172413793103447 201.163431119982
0.172844827586206 200.837152856197
0.173275862068964 200.507498869182
0.173706896551723 200.174525396409
0.174137931034481 199.838289264017
0.17456896551724 199.498847877348
0.174999999999999 199.156259211367
0.175431034482757 198.810581800968
0.175862068965516 198.461874731178
0.176293103448275 198.110197627249
0.176724137931033 197.75561064464
0.177155172413792 197.398174458908
0.17758620689655 197.037950255482
0.178017241379309 196.674999719348
0.178448275862068 196.309385024627
0.178879310344826 195.941168824068
0.179310344827585 195.570414238429
0.179741379310343 195.197184845785
0.180172413793102 194.821544670729
0.180603448275861 194.443558173492
0.181034482758619 194.063290238976
0.181465517241378 193.680806165698
0.181896551724136 193.296171654655
0.182327586206895 192.909452798105
0.182758620689654 192.52071606827
0.183189655172412 192.130028305963
0.183620689655171 191.737456709139
0.184051724137929 191.343068821374
0.184482758620688 190.946932520269
0.184913793103447 190.549116005791
0.185344827586205 190.149687788547
0.185775862068964 189.748716677985
0.186206896551723 189.346271770547
0.186637931034481 188.942422437745
0.18706896551724 188.537238314194
0.187499999999998 188.130789285581
0.187931034482757 187.723145476578
0.188362068965516 187.314377238712
0.188793103448274 186.904555138176
0.189224137931033 186.493749943601
0.189655172413791 186.082032613778
0.19008620689655 185.669474285337
0.190517241379309 185.256146260388
0.190948275862067 184.842119994124
0.191379310344826 184.427467082384
0.191810344827584 184.012259249187
0.192241379310343 183.596568334231
0.192672413793102 183.180466280362
0.19310344827586 182.764025121024
0.193534482758619 182.347316967669
0.193965517241377 181.930413997161
0.194396551724136 181.513388439152
0.194827586206895 181.096312563436
0.195258620689653 180.679258667297
0.195689655172412 180.262299062836
0.19612068965517 179.845506064291
0.196551724137929 179.428951975349
0.196982758620688 179.012709076446
0.197413793103446 178.596849612072
0.197844827586205 178.181445778065
0.198275862068964 177.766569708915
0.198706896551722 177.352293465062
0.199137931034481 176.938689020202
0.199568965517239 176.52582824861
0.199999999999998 176.113782912455
0.200431034482757 175.702624649144
0.200862068965515 175.292424958672
0.201293103448274 174.883255190989
0.201724137931032 174.475186533391
0.202155172413791 174.068289997927
0.20258620689655 173.662636408832
0.203017241379308 173.25829638999
0.203448275862067 172.855340352416
0.203879310344825 172.453838481781
0.204310344827584 172.05386072596
0.204741379310343 171.655476782618
0.205172413793101 171.258756086839
0.20560344827586 170.863767798784
0.206034482758618 170.470580791406
0.206465517241377 170.079263638192
0.206896551724136 169.689884600969
0.207327586206894 169.302511617744
0.207758620689653 168.917212290607
0.208189655172412 168.534053873678
0.20862068965517 168.153103261116
0.209051724137929 167.774426975187
0.209482758620687 167.39809115438
0.209913793103446 167.024161541603
0.210344827586205 166.652703472428
0.210775862068963 166.283781863416
0.211206896551722 165.917461200494
0.21163793103448 165.553805527422
0.212068965517239 165.192878434318
0.212499999999998 164.834743046266
0.212931034482756 164.479462011998
0.213362068965515 164.12709749266
0.213793103448273 163.777711150649
0.214224137931032 163.431364138549
0.214655172413791 163.088117088137
0.215086206896549 162.748030099488
0.215517241379308 162.411162730163
0.215948275862066 162.077573984494
0.216379310344825 161.747322302955
0.216810344827584 161.420465551638
0.217241379310342 161.09706101182
0.217672413793101 160.777165369631
0.218103448275859 160.460834705826
0.218534482758618 160.148124485655
0.218965517241377 159.839089548845
0.219396551724135 159.533784099685
0.219827586206894 159.232261697219
0.220258620689653 158.934575245554
0.220689655172411 158.640776984275
0.22112068965517 158.350918478983
0.221551724137928 158.065050611938
0.221982758620687 157.783223572832
0.222413793103446 157.505486849669
0.222844827586204 157.231889219779
0.223275862068963 156.962478740945
0.223706896551721 156.697302742661
0.22413793103448 156.436407817514
0.224568965517239 156.179839812694
0.224999999999997 155.927643821634
0.225431034482756 155.679864175782
0.225862068965514 155.436544436505
0.226293103448273 155.197727387125
0.226724137931032 154.963455025096
0.22715517241379 154.733768554315
0.227586206896549 154.508708377571
0.228017241379307 154.288314089136
0.228448275862066 154.072624467496
0.228879310344825 153.861677468229
0.229310344827583 153.655510217019
0.229741379310342 153.454159002828
0.2301724137931 153.257659271199
0.230603448275859 153.066045617726
0.231034482758618 152.879351781655
0.231465517241376 152.69761063965
0.231896551724135 152.520854199701
0.232327586206894 152.349113595194
0.232758620689652 152.182419079127
0.233189655172411 152.020800018487
0.233620689655169 151.864284888777
0.234051724137928 151.712901268713
0.234482758620687 151.566675835062
0.234913793103445 151.425634357657
0.235344827586204 151.289801694559
0.235775862068962 151.159201787386
0.236206896551721 151.033857656808
0.23663793103448 150.913791398198
0.237068965517238 150.799024177451
0.237499999999997 150.689576226967
0.237931034482755 150.585466841804
0.238362068965514 150.486714375986
0.238793103448273 150.393336238993
0.239224137931031 150.305348892407
0.23965517241379 150.222767846734
0.240086206896548 150.145607658392
0.240517241379307 150.073881926866
0.240948275862066 150.007603292044
0.241379310344824 149.946783431707
0.241810344827583 149.89143305921
0.242241379310342 149.841561921319
0.2426724137931 149.797178796229
0.243103448275859 149.758291491751
0.243534482758617 149.724906843676
0.243965517241376 149.69703071431
0.244396551724135 149.674667991181
0.244827586206893 149.657822585927
0.245258620689652 149.646497433351
0.24568965517241 149.640694490655
0.246120689655169 149.640414736848
0.246551724137928 149.645658172331
0.246982758620686 149.656423818651
0.247413793103445 149.67270971844
0.247844827586203 149.694512935522
0.248275862068962 149.721829555198
0.248706896551721 149.754654684707
0.249137931034479 149.792982453862
0.249568965517238 149.836806015859
0.249999999999996 149.886117548271
0.250431034482755 149.940908254201
0.250862068965514 150.001168363625
0.251293103448272 150.066887134906
0.251724137931031 150.138052856473
0.252155172413789 150.214652848693
0.252586206896548 150.296673465898
0.253017241379307 150.384100098599
0.253448275862065 150.476917175869
0.253879310344824 150.575108167901
0.254310344827583 150.678655588731
0.254741379310341 150.787540999148
0.2551724137931 150.901745009763
0.255603448275858 151.021247284254
0.256034482758617 151.146026542784
0.256465517241376 151.276060565584
0.256896551724134 151.411326196715
0.257327586206893 151.551799347986
0.257758620689651 151.697455003053
0.25818965517241 151.848267221677
0.258620689655169 152.004209144157
0.259051724137927 152.165252995918
0.259482758620686 152.331370092279
0.259913793103444 152.502530843371
0.260344827586203 152.678704759232
0.260775862068962 152.859860455056
0.26120689655172 153.045965656608
0.261637931034479 153.236987205798
0.262068965517237 153.432891066421
0.262499999999996 153.633642330046
0.262931034482755 153.839205222075
0.263362068965513 154.04954310795
0.263793103448272 154.26461849952
0.264224137931031 154.484393061564
0.264655172413789 154.708827618467
0.265086206896548 154.937882161046
0.265517241379306 155.171515853532
0.265948275862065 155.409687040701
0.266379310344824 155.652353255149
0.266810344827582 155.899471224727
0.267241379310341 156.150996880108
0.267672413793099 156.406885362507
0.268103448275858 156.667091031549
0.268534482758617 156.931567473268
0.268965517241375 157.200267508258
0.269396551724134 157.473143199957
0.269827586206892 157.750145863073
0.270258620689651 158.031226072142
0.27068965517241 158.316333670229
0.271120689655168 158.605417777755
0.271551724137927 158.898426801458
0.271982758620685 159.195308443489
0.272413793103444 159.496009710632
0.272844827586203 159.800476923652
0.273275862068961 160.108655726771
0.27370689655172 160.420491097267
0.274137931034478 160.735927355192
0.274568965517237 161.054908173217
0.274999999999996 161.37737658659
0.275431034482754 161.703275003213
0.275862068965513 162.032545213836
0.276293103448272 162.365128402362
0.27672413793103 162.700965156265
0.277155172413789 163.039995477117
0.277586206896547 163.382158791223
0.278017241379306 163.727393960361
0.278448275862065 164.075639292633
0.278879310344823 164.426832553402
0.279310344827582 164.78091097635
0.27974137931034 165.137811274618
0.280172413793099 165.497469652049
0.280603448275858 165.859821814526
0.281034482758616 166.224802981397
0.281465517241375 166.592347896999
0.281896551724133 166.962390842259
0.282327586206892 167.334865646389
0.282758620689651 167.709705698664
0.283189655172409 168.086843960281
0.283620689655168 168.466212976292
0.284051724137926 168.847744887626
0.284482758620685 169.231371443177
0.284913793103444 169.617024011968
0.285344827586202 170.00463359539
0.285775862068961 170.3941308395
0.286206896551719 170.785446047399
0.286637931034478 171.178509191662
0.287068965517237 171.57324992684
0.287499999999995 171.969597602013
0.287931034482754 172.367481273409
0.288362068965513 172.766829717074
0.288793103448271 173.167571441594
0.28922413793103 173.569634700872
0.289655172413788 173.97294750695
0.290086206896547 174.377437642879
0.290517241379306 174.783032675632
0.290948275862064 175.18965996906
0.291379310344823 175.597246696887
0.291810344827581 176.005719855739
0.29224137931034 176.415006278213
0.292672413793099 176.825032645973
0.293103448275857 177.235725502877
0.293534482758616 177.647011268137
0.293965517241374 178.058816249496
0.294396551724133 178.471066656433
0.294827586206892 178.883688613386
0.29525862068965 179.296608172995
0.295689655172409 179.709751329359
0.296120689655167 180.123044031305
0.296551724137926 180.536412195674
0.296982758620685 180.949781720604
0.297413793103443 181.363078498833
0.297844827586202 181.776228430995
0.298275862068961 182.189157438919
0.298706896551719 182.601791478933
0.299137931034478 183.014056555154
0.299568965517236 183.425878732785
0.300143678160914 183.645069738224
0.300718390804593 183.781880671258
0.301293103448271 183.9184303901
0.301867816091949 184.054719890326
0.302442528735627 184.19075016183
0.303017241379305 184.32652218887
0.303591954022983 184.462036950109
0.304166666666661 184.597295418654
0.30474137931034 184.732298562106
0.305316091954018 184.867047342593
0.305890804597696 185.001542716817
0.306465517241374 185.135785636091
0.307040229885052 185.269777046383
0.30761494252873 185.403517888353
0.308189655172408 185.537009097394
0.308764367816087 185.67025160367
0.309339080459765 185.803246332156
0.309913793103443 185.935994202677
0.310488505747121 186.068496129946
0.311063218390799 186.2007530236
0.311637931034477 186.33276578824
0.312212643678155 186.464535323465
0.312787356321834 186.596062523912
0.313362068965512 186.727348279293
0.31393678160919 186.858393474425
0.314511494252868 186.989198989274
0.315086206896546 187.119765698983
0.315660919540224 187.250094473914
0.316235632183902 187.380186179678
0.316810344827581 187.510041677169
0.317385057471259 187.639661822603
0.317959770114937 187.769047467548
0.318534482758615 187.898199458959
0.319109195402293 188.027118639208
0.319683908045971 188.155805846124
0.320258620689649 188.284261913018
0.320833333333328 188.412487668721
0.321408045977006 188.540483937613
0.321982758620684 188.668251539656
0.322557471264362 188.795791290424
0.32313218390804 188.923104001138
0.323706896551718 189.050190478691
0.324281609195397 189.177051525686
0.324856321839075 189.30368794046
0.325431034482753 189.430100517117
0.326005747126431 189.556290045557
0.326580459770109 189.682257311507
0.327155172413787 189.808003096551
0.327729885057465 189.933528178154
0.328304597701144 190.058833329697
0.328879310344822 190.183919320503
0.3294540229885 190.308786915865
0.330028735632178 190.433436877074
0.330603448275856 190.557869961447
0.331178160919534 190.682086922356
0.331752873563212 190.806088509254
0.332327586206891 190.929875467703
0.332902298850569 191.053448539398
0.333477011494247 191.176808462198
0.334051724137925 191.29995597015
0.334626436781603 191.422891793517
0.335201149425281 191.5456166588
0.335775862068959 191.668131288767
0.336350574712638 191.79043640248
0.336925287356316 191.912532715315
0.337499999999994 192.034420938994
0.338074712643672 192.156101781603
0.33864942528735 192.277575947622
0.339224137931028 192.398844137946
0.339798850574706 192.519907049911
0.340373563218385 192.640765377319
0.340948275862063 192.761419810458
0.341522988505741 192.881871036132
0.342097701149419 193.002119737676
0.342672413793097 193.122166594988
0.343247126436775 193.242012284545
0.343821839080453 193.361657479432
0.344396551724132 193.481102849359
0.34497126436781 193.600349060686
0.345545977011488 193.719396776447
0.346120689655166 193.83824665637
0.346695402298844 193.956899356898
0.347270114942522 194.075355531215
0.3478448275862 194.193615829261
0.348419540229879 194.311680897761
0.348994252873557 194.429551380239
0.349568965517235 194.547227917044
0.350143678160913 194.66471114537
0.350718390804591 194.782001699275
0.351293103448269 194.899100209703
0.351867816091947 195.016007304502
0.352442528735626 195.132723608449
0.353017241379304 195.249249743266
0.353591954022982 195.365586327639
0.35416666666666 195.481733977243
0.354741379310338 195.597693304756
0.355316091954016 195.713464919881
0.355890804597694 195.829049429365
0.356465517241373 195.944447437019
0.357040229885051 196.059659543735
0.357614942528729 196.174686347504
0.358189655172407 196.289528443439
0.358764367816085 196.404186423789
0.359339080459763 196.51866087796
0.359913793103441 196.632952392532
0.36048850574712 196.747061551277
0.361063218390798 196.860988935178
0.361637931034476 196.974735122444
0.362212643678154 197.088300688531
0.362787356321832 197.201686206158
0.36336206896551 197.314892245325
0.363936781609188 197.427919373327
0.364511494252867 197.540768154776
0.365086206896545 197.653439151615
0.365660919540223 197.765932923135
0.366235632183901 197.87825002599
0.366810344827579 197.99039101422
0.367385057471257 198.102356439259
0.367959770114935 198.214146849956
0.368534482758614 198.325762792591
0.369109195402292 198.43720481089
0.36968390804597 198.548473446041
0.370258620689648 198.65956923671
0.370833333333326 198.770492719058
0.371408045977004 198.881244426751
0.371982758620682 198.991824890986
0.372557471264361 199.102234640493
0.373132183908039 199.212474201562
0.373706896551717 199.32254409805
0.374281609195395 199.432444851401
0.374856321839073 199.542176980659
0.375431034482751 199.651741002479
0.376005747126429 199.761137431149
0.376580459770108 199.8703667786
0.377155172413786 199.979429554419
0.377729885057464 200.088326265867
0.378304597701142 200.19705741789
0.37887931034482 200.305623513136
0.379454022988498 200.414025051966
0.380028735632176 200.522262532471
0.380603448275855 200.630336450481
0.381178160919533 200.738247299584
0.381752873563211 200.845995571137
0.382327586206889 200.953581754279
0.382902298850567 201.061006335943
0.383477011494245 201.168269800875
0.384051724137923 201.27537263164
0.384626436781602 201.382315308639
0.38520114942528 201.489098310123
0.385775862068958 201.5957221122
0.386350574712636 201.702187188855
0.386925287356314 201.80849401196
0.387499999999992 201.914643051282
0.38807471264367 202.020634774503
0.388649425287349 202.126469647227
0.389224137931027 202.232148132995
0.389798850574705 202.337670693295
0.390373563218383 202.443037787576
0.390948275862061 202.548249873259
0.391522988505739 202.653307405751
0.392097701149417 202.758210838451
0.392672413793096 202.862960622769
0.393247126436774 202.967557208134
0.393821839080452 203.072001042005
0.39439655172413 203.176292569885
0.394971264367808 203.280432235329
0.395545977011486 203.384420479957
0.396120689655164 203.488257743469
0.396695402298843 203.591944463647
0.397270114942521 203.695481076378
0.397844827586199 203.798868015652
0.398419540229877 203.902105713586
0.398994252873555 204.005194600423
0.399568965517233 204.108135104552
0.400143678160911 204.210927652512
0.40071839080459 204.313572669008
0.401293103448268 204.416070576916
0.401867816091946 204.518421797301
0.402442528735624 204.620626749417
0.403017241379302 204.722685850727
0.40359195402298 204.82459951691
0.404166666666658 204.926368161867
0.404741379310337 205.027992197736
0.405316091954015 205.129472034903
0.405890804597693 205.230808082007
0.406465517241371 205.332000745952
0.407040229885049 205.43305043192
0.407614942528727 205.533957543374
0.408189655172405 205.634722482076
0.408764367816084 205.735345648088
0.409339080459762 205.83582743979
0.40991379310344 205.936168253881
0.410488505747118 206.036368485395
0.411063218390796 206.136428527708
0.411637931034474 206.236348772547
0.412212643678152 206.336129609999
0.412787356321831 206.43577142852
0.413362068965509 206.535274614945
0.413936781609187 206.634639554498
0.414511494252865 206.733866630798
0.415086206896543 206.832956225871
0.415660919540221 206.931908720154
0.416235632183899 207.030724492511
0.416810344827578 207.129403920235
0.417385057471256 207.227947379062
0.417959770114934 207.326355243174
0.418534482758612 207.424627885212
0.41910919540229 207.522765676283
0.419683908045968 207.620768985969
0.420258620689646 207.718638182334
0.420833333333325 207.816373631932
0.421408045977003 207.913975699817
0.421982758620681 208.011444749553
0.422557471264359 208.108781143215
0.423132183908037 208.205985241405
0.423706896551715 208.303057403255
0.424281609195393 208.399997986438
0.424856321839072 208.496807347173
0.42543103448275 208.593485840236
0.426005747126428 208.690033818965
0.426580459770106 208.786451635268
0.427155172413784 208.882739639635
0.427729885057462 208.978898181138
0.42830459770114 209.074927607447
0.428879310344819 209.17082826483
0.429454022988497 209.266600498165
0.430028735632175 209.362244650948
0.430603448275853 209.457761065296
0.431178160919531 209.553150081959
0.431752873563209 209.648412040325
0.432327586206887 209.743547278427
0.432902298850566 209.838556132951
0.433477011494244 209.933438939244
0.434051724137922 210.028196031319
0.4346264367816 210.122827741862
0.435201149425278 210.217334402243
0.435775862068956 210.311716342518
0.436350574712634 210.405973891438
0.436925287356313 210.500107376457
0.437499999999991 210.594117123737
0.438074712643669 210.688003458155
0.438649425287347 210.781766703312
0.439224137931025 210.875407181536
0.439798850574703 210.96892521389
0.440373563218382 211.062321120182
0.44094827586206 211.155595218967
0.441522988505738 211.248747827555
0.442097701149416 211.341779262018
0.442672413793094 211.434689837196
0.443247126436772 211.527479866704
0.44382183908045 211.620149662937
0.444396551724129 211.712699537079
0.444971264367807 211.805129799106
0.445545977011485 211.897440757793
0.446120689655163 211.989632720724
0.446695402298841 212.081705994291
0.447270114942519 212.173660883706
0.447844827586197 212.265497693007
0.448419540229876 212.35721672506
0.448994252873554 212.448818281567
0.449568965517232 212.540302663074
0.45014367816091 212.631670168974
0.450718390804588 212.722921097514
0.451293103448266 212.814055745801
0.451867816091944 212.905074409808
0.452442528735623 212.995977384378
0.453017241379301 213.086764963233
0.453591954022979 213.177437438977
0.454166666666657 213.267995103102
0.454741379310335 213.358438245996
0.455316091954013 213.448767156944
0.455890804597691 213.538982124138
0.45646551724137 213.62908343468
0.457040229885048 213.71907137459
0.457614942528726 213.808946228807
0.458189655172404 213.898708281199
0.458764367816082 213.988357814565
0.45933908045976 214.077895110644
0.459913793103438 214.167320450117
0.460488505747117 214.256634112612
0.461063218390795 214.345836376713
0.461637931034473 214.434927519962
0.462212643678151 214.523907818865
0.462787356321829 214.612777548897
0.463362068965507 214.701536984507
0.463936781609185 214.790186399125
0.464511494252864 214.878726065164
0.465086206896542 214.967156254028
0.46566091954022 215.055477236112
0.466235632183898 215.143689280816
0.466810344827576 215.231792656538
0.467385057471254 215.319787630692
0.467959770114932 215.4076744697
0.468534482758611 215.495453439008
0.469109195402289 215.583124803081
0.469683908045967 215.670688825418
0.470258620689645 215.758145768546
0.470833333333323 215.845495894034
0.471408045977001 215.932739462492
0.471982758620679 216.019876733577
0.472557471264358 216.106907965999
0.473132183908036 216.193833417526
0.473706896551714 216.280653344983
0.474281609195392 216.367368004266
0.47485632183907 216.453977650337
0.475431034482748 216.540482537236
0.476005747126426 216.626882918079
0.476580459770105 216.71317904507
0.477155172413783 216.799371169497
0.477729885057461 216.885459541742
0.478304597701139 216.971444411286
0.478879310344817 217.057326026709
0.479454022988495 217.143104635697
0.480028735632173 217.228780485045
0.480603448275852 217.314353820663
0.48117816091953 217.399824887581
0.481752873563208 217.485193929948
0.482327586206886 217.570461191043
0.482902298850564 217.655626913274
0.483477011494242 217.740691338184
0.48405172413792 217.825654706457
0.484626436781599 217.910517257917
0.485201149425277 217.995279231539
0.485775862068955 218.079940865447
0.486350574712633 218.16450239692
0.486925287356311 218.248964062397
0.487499999999989 218.333326097482
0.488074712643667 218.417588736944
0.488649425287346 218.501752214724
0.489224137931024 218.585816763937
0.489798850574702 218.669782616879
0.49037356321838 218.753650005027
0.490948275862058 218.837419159046
0.491522988505736 218.921090308789
0.492097701149414 219.004663683307
0.492672413793093 219.088139510845
0.493247126436771 219.171518018852
0.493821839080449 219.254799433983
0.494396551724127 219.337983982099
0.494971264367805 219.421071888278
0.495545977011483 219.504063376811
0.496120689655161 219.586958671211
0.49669540229884 219.669757994213
0.497270114942518 219.752461567781
0.497844827586196 219.83506961311
0.498419540229874 219.917582350627
0.498994252873552 220
