0.00021551724137931 -0 -0
0.000646551724137931 -0.0583660940128539 -0.0583660940128539
0.00107758620689655 -0.245118330617515 -0.245118330617515
0.00150862068965517 -0.550203396221605 -0.550203396221605
0.00193965517241379 -0.972436492199904 -0.972436492199904
0.00237068965517241 -1.51141572553115 -1.51141572553115
0.00280172413793103 -2.16690015716267 -2.16690015716267
0.00323275862068966 -2.93868543249346 -2.93868543249346
0.00366379310344828 -3.82656722461661 -3.82656722461661
0.0040948275862069 -4.83032779014593 -4.83032779014593
0.00452586206896552 -5.94973023165494 -5.94973023165494
0.00495689655172414 -7.18451578009308 -7.18451578009308
0.00538793103448276 -8.53440240770624 -8.53440240770624
0.00581896551724138 -9.99908408484544 -9.99908408484544
0.00625 -11.5782303718743 -11.5782303718743
0.00668103448275862 -13.2714861968907 -13.2714861968907
0.00711206896551724 -15.078471743368 -15.078471743368
0.00754310344827586 -16.9987824047894 -16.9987824047894
0.00797413793103448 -19.0319887829992 -19.0319887829992
0.0084051724137931 -21.1776367169523 -21.1776367169523
0.00883620689655172 -23.4352473320359 -23.4352473320359
0.00926724137931035 -25.8043171064696 -25.8043171064696
0.00969827586206897 -28.2843179486508 -28.2843179486508
0.0101293103448276 -30.8746972864355 -30.8746972864355
0.0105603448275862 -33.5748781633424 -33.5748781633424
0.0109913793103448 -36.3842593436584 -36.3842593436584
0.0114224137931035 -39.3022154242044 -39.3022154242044
0.0118534482758621 -42.3280969513758 -42.3280969513758
0.0122844827586207 -45.4612305452383 -45.4612305452383
0.0127155172413793 -48.7009190287017 -48.7009190287017
0.0131465517241379 -52.0464415619017 -52.0464415619017
0.0135775862068966 -55.4970537823851 -55.4970537823851
0.0140086206896552 -59.051987949515 -59.051987949515
0.0144396551724138 -62.7104530944143 -62.7104530944143
0.0148706896551724 -66.4716351747234 -66.4716351747234
0.015301724137931 -70.3346972336431 -70.3346972336431
0.0157327586206897 -74.2987795643194 -74.2987795643194
0.0161637931034483 -78.3629998782499 -78.3629998782499
0.0165948275862069 -82.5264534786356 -82.5264534786356
0.0170258620689655 -86.788213438349 -86.788213438349
0.0174568965517242 -91.1473307817255 -91.1473307817255
0.0178879310344828 -95.6028346714334 -95.6028346714334
0.0183189655172414 -100.153732599431 -100.153732599431
0.01875 -104.79901058254 -104.79901058254
0.0191810344827586 -109.537633361974 -109.537633361974
0.0196120689655173 -114.368544606696 -114.368544606696
0.0200431034482759 -119.29066712237 -119.29066712237
0.0204741379310345 -124.302903062901 -124.302903062901
0.0209051724137931 -129.404134146637 -129.404134146637
0.0213362068965517 -134.593221877401 -134.593221877401
0.0217672413793104 -139.869007768416 -139.869007768416
0.022198275862069 -145.230313570846 -145.230313570846
0.0226293103448276 -150.675941506033 -150.675941506033
0.0230603448275862 -156.204674501621 -156.204674501621
0.0234913793103449 -161.815276431505 -161.815276431505
0.0239224137931035 -167.506492359871 -167.506492359871
0.0243534482758621 -173.277048788859 -173.277048788859
0.0247844827586207 -179.125653909393 -179.125653909393
0.0252155172413793 -185.050997856297 -185.050997856297
0.025646551724138 -191.051752966771 -191.051752966771
0.0260775862068966 -197.126574042632 -197.126574042632
0.0265086206896552 -203.274098615382 -203.274098615382
0.0269396551724138 -209.492947215504 -209.492947215504
0.0273706896551725 -215.78172364485 -215.78172364485
0.0278017241379311 -222.13901525253 -222.13901525253
0.0282327586206897 -228.563393213237 -228.563393213237
0.0286637931034483 -235.053412810385 -235.053412810385
0.0290948275862069 -241.607613721028 -241.607613721028
0.0295258620689656 -248.224520304345 -248.224520304345
0.0299568965517242 -254.902641893545 -254.902641893545
0.0303879310344828 -261.640473090283 -261.640473090283
0.0308189655172414 -268.436494062701 -268.436494062701
0.03125 -275.289170845249 -275.289170845249
0.0316810344827587 -282.196955642532 -282.196955642532
0.0321120689655173 -289.158287135394 -289.158287135394
0.0325431034482759 -296.171590789838 -296.171590789838
0.0329741379310345 -303.235279168125 -303.235279168125
0.0334051724137931 -310.347752243695 -310.347752243695
0.0338362068965518 -317.507397717209 -317.507397717209
0.0342672413793104 -324.712591336022 -324.712591336022
0.034698275862069 -331.961697215829 -331.961697215829
0.0351293103448276 -339.253068164621 -339.253068164621
0.0355603448275863 -346.585046008881 -346.585046008881
0.0359913793103449 -353.955961922684 -353.955961922684
0.0364224137931035 -361.364136757452 -361.364136757452
0.0368534482758621 -368.807881375606 -368.807881375606
0.0372844827586207 -376.285496985397 -376.285496985397
0.0377155172413794 -383.795275477328 -383.795275477328
0.038146551724138 -391.335499763336 -391.335499763336
0.0385775862068966 -398.904444117566 -398.904444117566
0.0390086206896552 -406.500374518587 -406.500374518587
0.0394396551724139 -414.121548993726 -414.121548993726
0.0398706896551725 -421.766217964978 -421.766217964978
0.0403017241379311 -429.432624596502 -429.432624596502
0.0407327586206897 -437.119005143568 -437.119005143568
0.0411637931034483 -444.823589303016 -444.823589303016
0.041594827586207 -452.544600565175 -452.544600565175
0.0420258620689656 -460.280256567219 -460.280256567219
0.0424568965517242 -468.028769447526 -468.028769447526
0.0428879310344828 -475.78834620115 -475.78834620115
0.0433189655172414 -483.557189037008 -483.557189037008
0.0437500000000001 -491.333495735464 -491.333495735464
0.0441810344827587 -499.115460007233 -499.115460007233
0.0446120689655173 -506.901271853469 -506.901271853469
0.0450431034482759 -514.689117925855 -514.689117925855
0.0454741379310346 -522.477181888471 -522.477181888471
0.0459051724137932 -530.263644779866 -530.263644779866
0.0463362068965518 -538.046685375582 -538.046685375582
0.0467672413793104 -545.824480551807 -545.824480551807
0.047198275862069 -553.595205649158 -553.595205649158
0.0476293103448277 -561.357034836985 -561.357034836985
0.0480603448275863 -569.108141478216 -569.108141478216
0.0484913793103449 -576.846698493857 -576.846698493857
0.0489224137931035 -584.570878728955 -584.570878728955
0.0493534482758621 -592.2788553173 -592.2788553173
0.0497844827586208 -599.968802047317 -599.968802047317
0.0502155172413794 -607.638893727237 -607.638893727237
0.050646551724138 -615.287306550917 -615.287306550917
0.0510775862068966 -622.91221846255 -622.91221846255
0.0515086206896553 -630.51180952242 -630.51180952242
0.0519396551724139 -638.08426227168 -638.08426227168
0.0523706896551725 -645.627762096258 -645.627762096258
0.0528017241379311 -653.14049759203 -653.14049759203
0.0532327586206897 -660.620660927414 -660.620660927414
0.0536637931034484 -668.066448207278 -668.066448207278
0.054094827586207 -675.47605983495 -675.47605983495
0.0545258620689656 -682.847700874479 -682.847700874479
0.0549568965517242 -690.179581411448 -690.179581411448
0.0553879310344828 -697.469916913465 -697.469916913465
0.0558189655172415 -704.716928589123 -704.716928589123
0.0562500000000001 -711.91884374678 -711.91884374678
0.0566810344827587 -719.073896151938 -719.073896151938
0.0571120689655173 -726.180326383642 -726.180326383642
0.057543103448276 -733.23638218923 -733.23638218923
0.0579741379310346 -740.240318838682 -740.240318838682
0.0584051724137932 -747.19039947687 -747.19039947687
0.0588362068965518 -754.084895475394 -754.084895475394
0.0592672413793104 -760.92208678167 -760.92208678167
0.0596982758620691 -767.70026226774 -767.70026226774
0.0601293103448277 -774.417720076908 -774.417720076908
0.0605603448275863 -781.072767968733 -781.072767968733
0.0609913793103449 -787.663723662631 -787.663723662631
0.0614224137931036 -794.188915179373 -794.188915179373
0.0618534482758622 -800.646681181124 -800.646681181124
0.0622844827586208 -807.035371308923 -807.035371308923
0.0627155172413794 -813.353346519225 -813.353346519225
0.063146551724138 -819.59897941729 -819.59897941729
0.0635775862068967 -825.770654589444 -825.770654589444
0.0640086206896553 -831.866768932312 -831.866768932312
0.0644396551724139 -837.885731980593 -837.885731980593
0.0648706896551725 -843.825966232143 -843.825966232143
0.0653017241379311 -849.685907471066 -849.685907471066
0.0657327586206898 -855.464005087322 -855.464005087322
0.0661637931034484 -861.158722395865 -861.158722395865
0.066594827586207 -866.76853695071 -866.76853695071
0.0670258620689656 -872.291940859066 -872.291940859066
0.0674568965517242 -877.727441090512 -877.727441090512
0.0678879310344829 -883.073559784809 -883.073559784809
0.0683189655172415 -888.328834556789 -888.328834556789
0.0687500000000001 -893.4918187977 -893.4918187977
0.0691810344827587 -898.561081974626 -898.561081974626
0.0696120689655174 -903.535209926295 -903.535209926295
0.070043103448276 -908.412805155967 -908.412805155967
0.0704741379310346 -913.192487121639 -913.192487121639
0.0709051724137932 -917.872892522473 -917.872892522473
0.0713362068965518 -922.452675582863 -922.452675582863
0.0717672413793105 -926.930508332407 -926.930508332407
0.0721982758620691 -931.305080883312 -931.305080883312
0.0726293103448277 -935.575101704367 -935.575101704367
0.0730603448275863 -939.739297890892 -939.739297890892
0.0734913793103449 -943.796415431464 -943.796415431464
0.0739224137931036 -947.745219472522 -947.745219472522
0.0743534482758622 -951.58449457685 -951.58449457685
0.0747844827586208 -955.313044980867 -955.313044980867
0.0752155172413794 -958.929694846772 -958.929694846772
0.0756465517241381 -962.433288511797 -962.433288511797
0.0760775862068967 -965.8226907329 -965.8226907329
0.0765086206896553 -969.096786928958 -969.096786928958
0.0769396551724139 -972.254483417551 -972.254483417551
0.0773706896551725 -975.294707649175 -975.294707649175
0.0778017241379312 -978.216408436776 -978.216408436776
0.0782327586206898 -981.018556181323 -981.018556181323
0.0786637931034484 -983.70014309382 -983.70014309382
0.079094827586207 -986.260183412842 -986.260183412842
0.0795258620689656 -988.697713618237 -988.697713618237
0.0799568965517243 -991.01179264022 -991.01179264022
0.0803879310344829 -993.201502064767 -993.201502064767
0.0808189655172415 -995.265946334598 -995.265946334598
0.0812500000000001 -997.204252945739 -997.204252945739
0.0816810344827588 -999.01557263993 -999.01557263993
0.0821120689655174 -1000.69907959294 -1000.69907959294
0.082543103448276 -1002.2539715977 -1002.2539715977
0.0829741379310346 -1003.67947024394 -1003.67947024394
0.0834051724137932 -1004.97482109237 -1004.97482109237
0.0838362068965519 -1006.13929384587 -1006.13929384587
0.0842672413793105 -1007.1721825142 -1007.1721825142
0.0846982758620691 -1008.07280557571 -1008.07280557571
0.0851293103448277 -1008.84050613379 -1008.84050613379
0.0855603448275863 -1009.47465206859 -1009.47465206859
0.085991379310345 -1009.97463618474 -1009.97463618474
0.0864224137931036 -1010.33987635351 -1010.33987635351
0.0868534482758622 -1010.56981565074 -1010.56981565074
0.0872844827586208 -1010.66392249003 -1010.66392249003
0.0877155172413795 -1010.62169075111 -1010.62169075111
0.0881465517241381 -1010.44263990332 -1010.44263990332
0.0885775862068967 -1010.12631512445 -1010.12631512445
0.0890086206896553 -1009.67228741428 -1009.67228741428
0.089439655172414 -1009.08015370385 -1009.08015370385
0.0898706896551726 -1008.34953695962 -1008.34953695962
0.0903017241379312 -1007.48008628248 -1007.48008628248
0.0907327586206898 -1006.47147700205 -1006.47147700205
0.0911637931034484 -1005.3234107657 -1005.3234107657
0.091594827586207 -1004.0356156237 -1004.0356156237
0.0920258620689657 -1002.60784610749 -1002.60784610749
0.0924568965517243 -1001.03988330465 -1001.03988330465
0.0928879310344829 -999.331534927976 -999.331534927976
0.0933189655172415 -997.482635379847 -997.482635379847
0.0937500000000002 -995.493045810947 -995.493045810947
0.0941810344827588 -993.36265417531 -993.36265417531
0.0946120689655174 -991.091375278193 -991.091375278193
0.095043103448276 -988.679150820981 -988.679150820981
0.0954741379310347 -986.125949439365 -986.125949439365
0.0959051724137933 -983.431766737631 -983.431766737631
0.0963362068965519 -980.59662531668 -980.59662531668
0.0967672413793105 -977.620574797902 -977.620574797902
0.0971982758620691 -974.503691841373 -974.503691841373
0.0976293103448277 -971.246080158846 -971.246080158846
0.0980603448275864 -967.847870522519 -967.847870522519
0.098491379310345 -964.309220766816 -964.309220766816
0.0989224137931036 -960.630315787002 -960.630315787002
0.0993534482758622 -956.811367531341 -956.811367531341
0.0997844827586209 -952.852614989085 -952.852614989085
0.100215517241379 -948.754324171957 -948.754324171957
0.100646551724138 -944.516788091657 -944.516788091657
0.101077586206897 -940.140326732173 -940.140326732173
0.101508620689655 -935.625287015953 -935.625287015953
0.101939655172414 -930.972042765989 -930.972042765989
0.102370689655173 -926.180994662498 -926.180994662498
0.102801724137931 -921.252570193731 -921.252570193731
0.10323275862069 -916.18722360309 -916.18722360309
0.103663793103448 -910.985435829521 -910.985435829521
0.104094827586207 -905.647714444078 -905.647714444078
0.104525862068966 -900.17459358043 -900.17459358043
0.104956896551724 -894.566633861266 -894.566633861266
0.105387931034483 -888.824422318714 -888.824422318714
0.105818965517242 -882.948572310202 -882.948572310202
0.10625 -876.939723429173 -876.939723429173
0.106681034482759 -870.798541410536 -870.798541410536
0.107112068965517 -864.525718031161 -864.525718031161
0.107543103448276 -858.121971006292 -858.121971006292
0.107974137931035 -851.58804387936 -851.58804387936
0.108405172413793 -844.924705907783 -844.924705907783
0.108836206896552 -838.132751944077 -838.132751944077
0.109267241379311 -831.21300231136 -831.21300231136
0.109698275862069 -824.166302674123 -824.166302674123
0.110129310344828 -816.993523904496 -816.993523904496
0.110560344827586 -809.695561943124 -809.695561943124
0.110991379310345 -802.273337655818 -802.273337655818
0.111422413793104 -794.727796684792 -794.727796684792
0.111853448275862 -787.059909295299 -787.059909295299
0.112284482758621 -779.270670217766 -779.270670217766
0.11271551724138 -771.361098484997 -771.361098484997
0.113146551724138 -763.332237264558 -763.332237264558
0.113577586206897 -755.185153686675 -755.185153686675
0.114008620689655 -746.920938667456 -746.920938667456
0.114439655172414 -738.540706727492 -738.540706727492
0.114870689655173 -730.04559580565 -730.04559580565
0.115301724137931 -721.436767068969 -721.436767068969
0.11573275862069 -712.715404717158 -712.715404717158
0.116163793103448 -703.882715783125 -703.882715783125
0.116594827586207 -694.939929929367 -694.939929929367
0.117025862068966 -685.888299239139 -685.888299239139
0.117456896551724 -676.729098003736 -676.729098003736
0.117887931034483 -667.463622506023 -667.463622506023
0.118318965517242 -658.093190798213 -658.093190798213
0.11875 -648.619142476566 -648.619142476566
0.119181034482759 -639.042838451917 -639.042838451917
0.119612068965517 -629.365660715002 -629.365660715002
0.120043103448276 -619.589012098688 -619.589012098688
0.120474137931035 -609.714316035975 -609.714316035975
0.120905172413793 -599.743016313189 -599.743016313189
0.121336206896552 -589.676576820013 -589.676576820013
0.121767241379311 -579.516481295491 -579.516481295491
0.122198275862069 -569.26423306915 -569.26423306915
0.122629310344828 -558.921354799957 -558.921354799957
0.123060344827586 -548.489388209921 -548.489388209921
0.123491379310345 -537.969893814609 -537.969893814609
0.123922413793104 -527.364450650025 -527.364450650025
0.124353448275862 -516.674655995539 -516.674655995539
0.124784482758621 -505.902125093451 -505.902125093451
0.12521551724138 -495.048490864729 -495.048490864729
0.125646551724138 -484.115403621256 -484.115403621256
0.126077586206897 -473.10453077524 -473.10453077524
0.126508620689655 -462.017556544336 -462.017556544336
0.126939655172414 -450.856181653537 -450.856181653537
0.127370689655173 -439.622123034435 -439.622123034435
0.127801724137931 -428.317113520843 -428.317113520843
0.12823275862069 -416.942901541197 -416.942901541197
0.128663793103448 -405.501250807258 -405.501250807258
0.129094827586207 -393.993940000908 -393.993940000908
0.129525862068966 -382.422762457377 -382.422762457377
0.129956896551724 -370.789525845382 -370.789525845382
0.130387931034483 -359.096051843894 -359.096051843894
0.130818965517241 -347.344175817457 -347.344175817457
0.13125 -335.535746487155 -335.535746487155
0.131681034482759 -323.672625600134 -323.672625600134
0.132112068965517 -311.756687595682 -311.756687595682
0.132543103448276 -299.789819269281 -299.789819269281
0.132974137931034 -287.773919433018 -287.773919433018
0.133405172413793 -275.710898574821 -275.710898574821
0.133836206896552 -263.602678514651 -263.602678514651
0.13426724137931 -251.451192058726 -251.451192058726
0.134698275862069 -239.258382650703 -239.258382650703
0.135129310344828 -227.026204020824 -227.026204020824
0.135560344827586 -214.756619834395 -214.756619834395
0.135991379310345 -202.451603335787 -202.451603335787
0.136422413793103 -190.113136992104 -190.113136992104
0.136853448275862 -177.743212133951 -177.743212133951
0.137284482758621 -165.343828595212 -165.343828595212
0.137715517241379 -152.916994350721 -152.916994350721
0.138146551724138 -140.464725150632 -140.464725150632
0.138577586206896 -127.989044156175 -127.989044156175
0.139008620689655 -115.491981570731 -115.491981570731
0.139439655172414 -102.975574271238 -102.975574271238
0.139870689655172 -90.4418654371557 -90.4418654371557
0.140301724137931 -77.8929041787683 -77.8929041787683
0.140732758620689 -65.3307451634487 -65.3307451634487
0.141163793103448 -52.7574482411933 -52.7574482411933
0.141594827586207 -40.1750780679163 -40.1750780679163
0.142025862068965 -27.5857037294691 -27.5857037294691
0.142456896551724 -14.9913983624947 -14.9913983624947
0.142887931034482 -2.39423877580975 -2.39423877580975
0.143318965517241 10.2036949297303 10.2036949297303
0.14375 22.8003197428825 22.8003197428825
0.144181034482758 35.3935501228102 35.3935501228102
0.144612068965517 47.9812983822512 47.9812983822512
0.145043103448275 60.5614750707514 60.5614750707514
0.145474137931034 73.1319893577665 73.1319893577665
0.145905172413793 85.690749417347 85.690749417347
0.146336206896551 98.2356628131515 98.2356628131515
0.14676724137931 110.764636882539 110.764636882539
0.147198275862069 123.275579123031 123.275579123031
0.147629310344827 135.766397576999 135.766397576999
0.148060344827586 148.235001217668 148.235001217668
0.148491379310344 160.67930033551 160.67930033551
0.148922413793103 173.097206922935 173.097206922935
0.149353448275862 185.48663506095 185.48663506095
0.14978448275862 197.845501304635 197.845501304635
0.150215517241379 210.171725067828 210.171725067828
0.150646551724137 222.463229009129 222.463229009129
0.151077586206896 234.717939416319 234.717939416319
0.151508620689655 246.933786590714 246.933786590714
0.151939655172413 259.108705231261 259.108705231261
0.152370689655172 271.240634816972 271.240634816972
0.15280172413793 283.327519991026 283.327519991026
0.153232758620689 295.367310941222 295.367310941222
0.153663793103448 307.357963782099 307.357963782099
0.154094827586206 319.297440935004 319.297440935004
0.154525862068965 331.183711507235 331.183711507235
0.154956896551723 343.014751670728 343.014751670728
0.155387931034482 354.788545039353 354.788545039353
0.155818965517241 366.503083044831 366.503083044831
0.156249999999999 378.156365311925 378.156365311925
0.156681034482758 389.74640003237 389.74640003237
0.157112068965516 401.271204336576 401.271204336576
0.157543103448275 412.72880466558 412.72880466558
0.157974137931034 424.117237139315 424.117237139315
0.158405172413792 435.434547925399 435.434547925399
0.158836206896551 446.678793604904 446.678793604904
0.15926724137931 457.848041537379 457.848041537379
0.159698275862068 468.940370223324 468.940370223324
0.160129310344827 479.953869664932 479.953869664932
0.160560344827585 490.886641725983 490.886641725983
0.160991379310344 501.736800488504 501.736800488504
0.161422413793103 512.502472607453 512.502472607453
0.161853448275861 523.18179766454 523.18179766454
0.16228448275862 533.772928518235 533.772928518235
0.162715517241378 544.274031653104 544.274031653104
0.163146551724137 554.683287525654 554.683287525654
0.163577586206896 564.998890908078 564.998890908078
0.164008620689654 575.219051230267 575.219051230267
0.164439655172413 585.341992918677 585.341992918677
0.164870689655171 595.365955732343 595.365955732343
0.16530172413793 605.289195097125 605.289195097125
0.165732758620689 615.109982436982 615.109982436982
0.166163793103447 624.82660550221 624.82660550221
0.166594827586206 634.437368694457 634.437368694457
0.167025862068964 643.940593390412 643.940593390412
0.167456896551723 653.334618260944 653.334618260944
0.167887931034482 662.61779958814 662.61779958814
0.16831896551724 671.788511578902 671.788511578902
0.168749999999999 680.845146675849 680.845146675849
0.169181034482758 689.786115864326 689.786115864326
0.169612068965516 698.609848977105 698.609848977105
0.170043103448275 707.314794995261 707.314794995261
0.170474137931033 715.899422345028 715.899422345028
0.170905172413792 724.362219193267 724.362219193267
0.171336206896551 732.701693737267 732.701693737267
0.171767241379309 740.916374491972 740.916374491972
0.172198275862068 749.004810574502 749.004810574502
0.172629310344826 756.965571983012 756.965571983012
0.173060344827585 764.797249873695 764.797249873695
0.173491379310344 772.498456833637 772.498456833637
0.173922413793102 780.067827149248 780.067827149248
0.174353448275861 787.504017071803 787.504017071803
0.174784482758619 794.805705077365 794.805705077365
0.175215517241378 801.971592125462 801.971592125462
0.175646551724137 809.000401911701 809.000401911701
0.176077586206895 815.890881116613 815.890881116613
0.176508620689654 822.641799651281 822.641799651281
0.176939655172412 829.251950898204 829.251950898204
0.177370689655171 835.720151948024 835.720151948024
0.17780172413793 842.045243832151 842.045243832151
0.178232758620688 848.226091751244 848.226091751244
0.178663793103447 854.261585298736 854.261585298736
0.179094827586205 860.150638681669 860.150638681669
0.179525862068964 865.892190934194 865.892190934194
0.179956896551723 871.485206130296 871.485206130296
0.180387931034481 876.928673589123 876.928673589123
0.18081896551724 882.221608076886 882.221608076886
0.181249999999999 887.363050004549 887.363050004549
0.181681034482757 892.352065620032 892.352065620032
0.182112068965516 897.187747196999 897.187747196999
0.182543103448274 901.869213217635 901.869213217635
0.182974137931033 906.39560855167 906.39560855167
0.183405172413792 910.766104630259 910.766104630259
0.18383620689655 914.979899615507 914.979899615507
0.184267241379309 919.036218564133 919.036218564133
0.184698275862067 922.934313587828 922.934313587828
0.185129310344826 926.673464007351 926.673464007351
0.185560344827585 930.252976502679 930.252976502679
0.185991379310343 933.672185257799 933.672185257799
0.186422413793102 936.930452100303 936.930452100303
0.18685344827586 940.02716663709 940.02716663709
0.187284482758619 942.961746382878 942.961746382878
0.187715517241378 945.733636886544 945.733636886544
0.188146551724136 948.342311850074 948.342311850074
0.188577586206895 950.787273243036 950.787273243036
0.189008620689653 953.068051413286 953.068051413286
0.189439655172412 955.184205189967 955.184205189967
0.189870689655171 957.135321983997 957.135321983997
0.190301724137929 958.921017881439 958.921017881439
0.190732758620688 960.540937732717 960.540937732717
0.191163793103446 961.994755236155 961.994755236155
0.191594827586205 963.282173016648 963.282173016648
0.192025862068964 964.402922698716 964.402922698716
0.192456896551722 965.356764974556 965.356764974556
0.192887931034481 966.143489666219 966.143489666219
0.19331896551724 966.762915783706 966.762915783706
0.193749999999998 967.214891576725 967.214891576725
0.194181034482757 967.499294581114 967.499294581114
0.194612068965515 967.616031660712 967.616031660712
0.195043103448274 967.565039042897 967.565039042897
0.195474137931033 967.346282350045 967.346282350045
0.195905172413791 966.959756623985 966.959756623985
0.19633620689655 966.405486346775 966.405486346775
0.196767241379308 965.683525454747 965.683525454747
0.197198275862067 964.793957348063 964.793957348063
0.197629310344826 963.73689489448 963.73689489448
0.198060344827584 962.512480427697 962.512480427697
0.198491379310343 961.120885740763 961.120885740763
0.198922413793101 959.562312073483 959.562312073483
0.19935344827586 957.836990094811 957.836990094811
0.199784482758619 955.945179879641 955.945179879641
0.200215517241377 953.88717088098 953.88717088098
0.200646551724136 951.663281895201 951.663281895201
0.201077586206894 949.273861023464 949.273861023464
0.201508620689653 946.719285627148 946.719285627148
0.201939655172412 943.999962277205 943.999962277205
0.20237068965517 941.116326699764 941.116326699764
0.202801724137929 938.068843714807 938.068843714807
0.203232758620688 934.858007170758 934.858007170758
0.203663793103446 931.484339872677 931.484339872677
0.204094827586205 927.94839350564 927.94839350564
0.204525862068963 924.250748552906 924.250748552906
0.204956896551722 920.392014208951 920.392014208951
0.205387931034481 916.372828286355 916.372828286355
0.205818965517239 912.19385711822 912.19385711822
0.206249999999998 907.855795455434 907.855795455434
0.206681034482756 903.35936635794 903.35936635794
0.207112068965515 898.70532108152 898.70532108152
0.207543103448274 893.894438958644 893.894438958644
0.207974137931032 888.927527275494 888.927527275494
0.208405172413791 883.805421141672 883.805421141672
0.208836206896549 878.528983357069 878.528983357069
0.209267241379308 873.099104272076 873.099104272076
0.209698275862067 867.516701643244 867.516701643244
0.210129310344825 861.782720483804 861.782720483804
0.210560344827584 855.898132909501 855.898132909501
0.210991379310342 849.86393797843 849.86393797843
0.211422413793101 843.681161527311 843.681161527311
0.21185344827586 837.350856001699 837.350856001699
0.212284482758618 830.874100280917 830.874100280917
0.212715517241377 824.251999500284 824.251999500284
0.213146551724135 817.485684865371 817.485684865371
0.213577586206894 810.576313464139 810.576313464139
0.214008620689653 803.525068072422 803.525068072422
0.214439655172411 796.33315695565 796.33315695565
0.21487068965517 789.001813665957 789.001813665957
0.215301724137929 781.532296833354 781.532296833354
0.215732758620687 773.925889953541 773.925889953541
0.216163793103446 766.183901170768 766.183901170768
0.216594827586204 758.307663055298 758.307663055298
0.217025862068963 750.29853237776 750.29853237776
0.217456896551722 742.157889877778 742.157889877778
0.21788793103448 733.887140028171 733.887140028171
0.218318965517239 725.48771079619 725.48771079619
0.218749999999997 716.961053398163 716.961053398163
0.219181034482756 708.308642051304 708.308642051304
0.219612068965515 699.531973721364 699.531973721364
0.220043103448273 690.632567864484 690.632567864484
0.220474137931032 681.611966166606 681.611966166606
0.22090517241379 672.471732277875 672.471732277875
0.221336206896549 663.213451542749 663.213451542749
0.221767241379308 653.838730726493 653.838730726493
0.222198275862066 644.349197737506 644.349197737506
0.222629310344825 634.746501345307 634.746501345307
0.223060344827583 625.032310895285 625.032310895285
0.223491379310342 615.20831601903 615.20831601903
0.223922413793101 605.276226341302 605.276226341302
0.224353448275859 595.23777118259 595.23777118259
0.224784482758618 585.094699258686 585.094699258686
0.225215517241377 574.848778376061 574.848778376061
0.225646551724135 564.501795123658 564.501795123658
0.226077586206894 554.055554561871 554.055554561871
0.226508620689652 543.511879906562 543.511879906562
0.226939655172411 532.872612211634 532.872612211634
0.22737068965517 522.139610046067 522.139610046067
0.227801724137928 511.314749169767 511.314749169767
0.228232758620687 500.399922203999 500.399922203999
0.228663793103445 489.397038300317 489.397038300317
0.229094827586204 478.308022805793 478.308022805793
0.229525862068963 467.134816924686 467.134816924686
0.229956896551721 455.879377377673 455.879377377673
0.23038793103448 444.543676058049 444.543676058049
0.230818965517238 433.129699684755 433.129699684755
0.231249999999997 421.639449452841 421.639449452841
0.231681034482756 410.074940680829 410.074940680829
0.232112068965514 398.438202455698 398.438202455698
0.232543103448273 386.731277275037 386.731277275037
0.232974137931031 374.956220686695 374.956220686695
0.23340517241379 363.115100925786 363.115100925786
0.233836206896549 351.209998549393 351.209998549393
0.234267241379307 339.24300606883 339.24300606883
0.234698275862066 327.216227579593 327.216227579593
0.235129310344824 315.131778388811 315.131778388811
0.235560344827583 302.991784640915 302.991784640915
0.235991379310342 290.798382940927 290.798382940927
0.2364224137931 278.553719975716 278.553719975716
0.236853448275859 266.259952133464 266.259952133464
0.237284482758618 253.919245120894 253.919245120894
0.237715517241376 241.533773579247 241.533773579247
0.238146551724135 229.105720697353 229.105720697353
0.238577586206893 216.637277824179 216.637277824179
0.239008620689652 204.130644079069 204.130644079069
0.239439655172411 191.588025960789 191.588025960789
0.239870689655169 179.011636954608 179.011636954608
0.240301724137928 166.403697138971 166.403697138971
0.240732758620686 153.766432788948 153.766432788948
0.241163793103445 141.1020759806 141.1020759806
0.241594827586204 128.412864192585 128.412864192585
0.242025862068962 115.701039907028 115.701039907028
0.242456896551721 102.968850209807 102.968850209807
0.242887931034479 90.2185463891146 90.2185463891146
0.243318965517238 77.4523835337686 77.4523835337686
0.243749999999997 64.6726201300589 64.6726201300589
0.244181034482755 51.8815176584053 51.8815176584053
0.244612068965514 39.0813401888909 39.0813401888909
0.245043103448272 26.2743539763346 26.2743539763346
0.245474137931031 13.4628270547705 13.4628270547705
0.24590517241379 0.649028831530813 0.649028831530813
0.246336206896548 -12.1647703189342 -12.1647703189342
0.246767241379307 -24.9762994623575 -24.9762994623575
0.247198275862065 -37.7832875109016 -37.7832875109016
0.247629310344824 -50.5834636305917 -50.5834636305917
0.248060344827583 -63.3745576486831 -63.3745576486831
0.248491379310341 -76.1543004607643 -76.1543004607643
0.2489224137931 -88.9204244381904 -88.9204244381904
0.249353448275859 -101.670663834923 -101.670663834923
0.249784482758617 -114.402755194699 -114.402755194699
0.250215517241376 -127.114437757277 -127.114437757277
0.250646551724134 -139.803453865411 -139.803453865411
0.251077586206893 -152.467549370235 -152.467549370235
0.251508620689652 -165.104474036921 -165.104474036921
0.25193965517241 -177.711981949403 -177.711981949403
0.252370689655169 -190.287831914718 -190.287831914718
0.252801724137927 -202.829787866674 -202.829787866674
0.253232758620686 -215.33561926788 -215.33561926788
0.253663793103445 -227.803101512498 -227.803101512498
0.254094827586203 -240.230016326616 -240.230016326616
0.254525862068962 -252.614152168303 -252.614152168303
0.25495689655172 -264.953304626531 -264.953304626531
0.255387931034479 -277.245276818983 -277.245276818983
0.255818965517238 -289.487879788276 -289.487879788276
0.256249999999996 -301.678932897328 -301.678932897328
0.256681034482755 -313.816264223076 -313.816264223076
0.257112068965513 -325.897710948743 -325.897710948743
0.257543103448272 -337.921119755051 -337.921119755051
0.257974137931031 -349.884347209256 -349.884347209256
0.258405172413789 -361.785260152471 -361.785260152471
0.258836206896548 -373.621736086197 -373.621736086197
0.259267241379307 -385.391663556018 -385.391663556018
0.259698275862065 -397.092942533777 -397.092942533777
0.260129310344824 -408.723484797981 -408.723484797981
0.260560344827582 -420.281214311885 -420.281214311885
0.260991379310341 -431.76406760007 -431.76406760007
0.2614224137931 -443.169994122179 -443.169994122179
0.261853448275858 -454.496956644614 -454.496956644614
0.262284482758617 -465.742931610844 -465.742931610844
0.262715517241375 -476.905909507232 -476.905909507232
0.263146551724134 -487.983895229124 -487.983895229124
0.263577586206893 -498.974908442194 -498.974908442194
0.264008620689651 -509.876983942727 -509.876983942727
0.26443965517241 -520.688172014479 -520.688172014479
0.264870689655168 -531.406538783165 -531.406538783165
0.265301724137927 -542.030166568036 -542.030166568036
0.265732758620686 -552.557154230765 -552.557154230765
0.266163793103444 -562.98561752129 -562.98561752129
0.266594827586203 -573.313689420959 -573.313689420959
0.267025862068961 -583.539520482441 -583.539520482441
0.26745689655172 -593.661279166672 -593.661279166672
0.267887931034479 -603.677152176701 -603.677152176701
0.268318965517237 -613.585344788173 -613.585344788173
0.268749999999996 -623.384081176778 -623.384081176778
0.269181034482754 -633.071604741942 -633.071604741942
0.269612068965513 -642.646178428017 -642.646178428017
0.270043103448272 -652.106085041044 -652.106085041044
0.27047413793103 -661.449627562356 -661.449627562356
0.270905172413789 -670.675129459351 -670.675129459351
0.271336206896548 -679.780934991174 -679.780934991174
0.271767241379306 -688.765409512373 -688.765409512373
0.272198275862065 -697.626939771524 -697.626939771524
0.272629310344823 -706.36393420664 -706.36393420664
0.273060344827582 -714.974823236885 -714.974823236885
0.273491379310341 -723.458059550189 -723.458059550189
0.273922413793099 -731.812118386397 -731.812118386397
0.274353448275858 -740.035497817828 -740.035497817828
0.274784482758616 -748.12671902431 -748.12671902431
0.275215517241375 -756.08432656491 -756.08432656491
0.275646551724134 -763.906888645247 -763.906888645247
0.276077586206892 -771.592997380785 -771.592997380785
0.276508620689651 -779.141269055444 -779.141269055444
0.276939655172409 -786.550344376517 -786.550344376517
0.277370689655168 -793.818888725234 -793.818888725234
0.277801724137927 -800.945592402122 -800.945592402122
0.278232758620685 -807.929170868733 -807.929170868733
0.278663793103444 -814.768364984561 -814.768364984561
0.279094827586202 -821.461941239409 -821.461941239409
0.279525862068961 -828.008691981468 -828.008691981468
0.27995689655172 -834.407435640455 -834.407435640455
0.280387931034478 -840.6570169462 -840.6570169462
0.280818965517237 -846.75630714228 -846.75630714228
0.281249999999996 -852.704204195973 -852.704204195973
0.281681034482754 -858.499633002004 -858.499633002004
0.282112068965513 -864.141545581815 -864.141545581815
0.282543103448271 -869.628921279527 -869.628921279527
0.28297413793103 -874.960766950069 -874.960766950069
0.283405172413789 -880.136117145778 -880.136117145778
0.283836206896547 -885.154034295031 -885.154034295031
0.284267241379306 -890.013608878032 -890.013608878032
0.284698275862064 -894.713959596279 -894.713959596279
0.285129310344823 -899.254233537536 -899.254233537536
0.285560344827582 -903.63360633567 -903.63360633567
0.28599137931034 -907.85128232528 -907.85128232528
0.286422413793099 -911.906494691041 -911.906494691041
0.286853448275857 -915.798505612245 -915.798505612245
0.287284482758616 -919.5266064016 -919.5266064016
0.287715517241375 -923.090117639681 -923.090117639681
0.288146551724133 -926.488389302845 -926.488389302845
0.288577586206892 -929.720800886737 -929.720800886737
0.28900862068965 -932.786761524915 -932.786761524915
0.289439655172409 -935.685710100545 -935.685710100545
0.289870689655168 -938.417115354478 -938.417115354478
0.290301724137926 -940.980475986792 -940.980475986792
0.290732758620685 -943.375320753789 -943.375320753789
0.291163793103443 -945.601208558596 -945.601208558596
0.291594827586202 -947.65772853754 -947.65772853754
0.292025862068961 -949.544500139475 -949.544500139475
0.292456896551719 -951.261173201478 -951.261173201478
0.292887931034478 -952.807428017823 -952.807428017823
0.293318965517237 -954.182975403605 -954.182975403605
0.293749999999995 -955.387556753369 -955.387556753369
0.294181034482754 -956.420944093786 -956.420944093786
0.294612068965512 -957.282940131265 -957.282940131265
0.295043103448271 -957.973378292966 -957.973378292966
0.29547413793103 -958.49212276346 -958.49212276346
0.295905172413788 -958.839068515524 -958.839068515524
0.296336206896547 -959.014141334408 -959.014141334408
0.296767241379305 -959.017297838468 -959.017297838468
0.297198275862064 -958.848525492294 -958.848525492294
0.297629310344823 -958.507842615147 -958.507842615147
0.298060344827581 -957.995298384189 -957.995298384189
0.29849137931034 -957.310972831058 -957.310972831058
0.298922413793098 -956.454976833752 -956.454976833752
0.299353448275857 -955.427452102458 -955.427452102458
0.299856321839075 -381.392349464455 -381.392349464455
0.300431034482754 -238.051023479084 -59.512755869771
0.301005747126432 -237.596510784965 -59.3991276962413
0.30158045977011 -237.143730392867 -59.2859325982168
0.302155172413788 -236.692672417772 -59.1731681044431
0.302729885057466 -236.243327050178 -59.0608317625444
0.303304597701144 -235.795684554564 -58.948921138641
0.303879310344822 -235.349735269346 -58.8374338173364
0.304454022988501 -234.905469605732 -58.7263674014329
0.305028735632179 -234.462878047382 -58.6157195118456
0.305603448275857 -234.021951149319 -58.5054877873297
0.306178160919535 -233.582679537578 -58.3956698843946
0.306752873563213 -233.145053908571 -58.2862634771426
0.307327586206891 -232.70906502794 -58.1772662569851
0.307902298850569 -232.274703730618 -58.0686759326545
0.308477011494248 -231.84196091968 -57.9604902299201
0.309051724137926 -231.410827565956 -57.852706891489
0.309626436781604 -230.981294707284 -57.745323676821
0.310201149425282 -230.553353447968 -57.6383383619921
0.31077586206896 -230.126994957989 -57.5317487394972
0.311350574712638 -229.702210472702 -57.4255526181754
0.311925287356316 -229.278991291705 -57.3197478229262
0.312499999999995 -228.857328778985 -57.2143321947462
0.313074712643673 -228.437214361729 -57.1093035904323
0.313649425287351 -228.018639530081 -57.0046598825203
0.314224137931029 -227.601595836397 -56.9003989590992
0.314798850574707 -227.186074894651 -56.7965187236626
0.315373563218385 -226.772068380091 -56.6930170950228
0.315948275862063 -226.3595680283 -56.5898920070751
0.316522988505742 -225.948565635144 -56.4871414087861
0.31709770114942 -225.539053055834 -56.3847632639585
0.317672413793098 -225.131022204429 -56.2827555511073
0.318247126436776 -224.724465053644 -56.1811162634109
0.318821839080454 -224.319373634001 -56.0798434085002
0.319396551724132 -223.915740033244 -55.9789350083109
0.31997126436781 -223.513556396035 -55.8783890990088
0.320545977011489 -223.112814923367 -55.7782037308418
0.321120689655167 -222.713507872064 -55.678376968016
0.321695402298845 -222.31562755429 -55.5789068885724
0.322270114942523 -221.919166337002 -55.4797915842505
0.322844827586201 -221.524116641658 -55.3810291604144
0.323419540229879 -221.130470943518 -55.2826177358796
0.323994252873557 -220.738221771157 -55.1845554427894
0.324568965517236 -220.347361706113 -55.0868404265283
0.325143678160914 -219.957883382345 -54.9894708455862
0.325718390804592 -219.569779485788 -54.8924448714469
0.32629310344827 -219.183042753957 -54.7957606884891
0.326867816091948 -218.797665975453 -54.6994164938633
0.327442528735626 -218.413641989519 -54.6034104973798
0.328017241379304 -218.030963685641 -54.5077409214103
0.328591954022983 -217.64962400281 -54.4124060007024
0.329166666666661 -217.269615929567 -54.3174039823919
0.329741379310339 -216.89093250307 -54.2227331257675
0.330316091954017 -216.513566809334 -54.1283917023334
0.330890804597695 -216.137511981949 -54.0343779954873
0.331465517241373 -215.762761202625 -53.9406903006564
0.332040229885051 -215.389307699905 -53.8473269249762
0.33261494252873 -215.017144749261 -53.7542861873152
0.333189655172408 -214.646265672505 -53.6615664181262
0.333764367816086 -214.27666383754 -53.569165959385
0.334339080459764 -213.908332657766 -53.4770831644416
0.334913793103442 -213.541265591784 -53.3853163979461
0.33548850574712 -213.175456143198 -53.2938640357996
0.336063218390798 -212.810897859923 -53.2027244649807
0.336637931034477 -212.447584334034 -53.1118960835084
0.337212643678155 -212.085509200979 -53.0213773002448
0.337787356321833 -211.724666139875 -52.9311665349687
0.338362068965511 -211.365048872563 -52.8412622181408
0.338936781609189 -211.006651163567 -52.7516627908916
0.339511494252867 -210.64946681964 -52.6623667049101
0.340086206896545 -210.293489689378 -52.5733724223446
0.340660919540224 -209.938713662914 -52.4846784157286
0.341235632183902 -209.58513267148 -52.3962831678699
0.34181034482758 -209.232740687252 -52.3081851718131
0.342385057471258 -208.881531722567 -52.2203829306417
0.342959770114936 -208.531499830261 -52.1328749575653
0.343534482758614 -208.182639102785 -52.0456597756963
0.344109195402292 -207.834943672152 -51.9587359180379
0.344683908045971 -207.488407709343 -51.8721019273357
0.345258620689649 -207.14302542446 -51.7857563561149
0.345833333333327 -206.798791065682 -51.6996977664205
0.346408045977005 -206.455698919615 -51.6139247299037
0.346982758620683 -206.113743310647 -51.5284358276617
0.347557471264361 -205.77291860075 -51.4432296501876
0.348132183908039 -205.433219189039 -51.3583047972597
0.348706896551718 -205.094639511764 -51.2736598779411
0.349281609195396 -204.757174041578 -51.1892935103944
0.349856321839074 -204.420817287527 -51.1052043218818
0.350431034482752 -204.085563794713 -51.0213909486784
0.35100574712643 -203.751408143744 -50.9378520359361
0.351580459770108 -203.418344951082 -50.8545862377706
0.352155172413786 -203.086368867856 -50.7715922169641
0.352729885057465 -202.755474580456 -50.688868645114
0.353304597701143 -202.425656809691 -50.6064142024228
0.353879310344821 -202.096910310593 -50.5242275776483
0.354454022988499 -201.769229872367 -50.4423074680916
0.355028735632177 -201.442610317745 -50.3606525794362
0.355603448275855 -201.11704650309 -50.2792616257726
0.356178160919533 -200.7925333179 -50.1981333294749
0.356752873563212 -200.469065684605 -50.1172664211514
0.35732758620689 -200.146638558428 -50.036659639607
0.357902298850568 -199.825246926782 -49.9563117316956
0.358477011494246 -199.504885809426 -49.8762214523565
0.359051724137924 -199.185550258014 -49.7963875645036
0.359626436781602 -198.867235355408 -49.716808838852
0.36020114942528 -198.549936216464 -49.6374840541161
0.360775862068959 -198.233647986652 -49.5584119966631
0.361350574712637 -197.918365842746 -49.4795914606864
0.361925287356315 -197.604084991833 -49.4010212479581
0.362499999999993 -197.290800671564 -49.322700167891
0.363074712643671 -196.978508149808 -49.2446270374519
0.363649425287349 -196.667202724053 -49.1668006810133
0.364224137931027 -196.35687972171 -49.0892199304275
0.364798850574706 -196.047534499564 -49.0118836248909
0.365373563218384 -195.739162443676 -48.934790610919
0.365948275862062 -195.431758969038 -48.8579397422596
0.36652298850574 -195.125319519426 -48.7813298798565
0.367097701149418 -194.819839567148 -48.7049598917869
0.367672413793096 -194.51531461285 -48.6288286532124
0.368247126436774 -194.21174018502 -48.5529350462551
0.368821839080453 -193.909111840387 -48.4772779600966
0.369396551724131 -193.607425163073 -48.4018562907681
0.369971264367809 -193.306675764699 -48.3266689411747
0.370545977011487 -193.006859284184 -48.2517148210459
0.371120689655165 -192.707971387498 -48.1769928468745
0.371695402298843 -192.410007767366 -48.1025019418415
0.372270114942521 -192.112964142772 -48.0282410356931
0.3728448275862 -191.816836259703 -47.9542090649258
0.373419540229878 -191.521619889911 -47.8804049724776
0.373994252873556 -191.227310831208 -47.806827707802
0.374568965517234 -190.933904907373 -47.7334762268433
0.375143678160912 -190.641397967552 -47.6603494918881
0.37571839080459 -190.349785886559 -47.5874464716398
0.376293103448268 -190.059064564132 -47.514766141033
0.376867816091947 -189.769229925032 -47.442307481258
0.377442528735625 -189.480277918996 -47.3700694797489
0.378017241379303 -189.192204520436 -47.298051130109
0.378591954022981 -188.905005727999 -47.2262514319996
0.379166666666659 -188.61867756466 -47.1546693911651
0.379741379310337 -188.333216077631 -47.0833040194077
0.380316091954016 -188.048617337906 -47.0121543344766
0.380890804597694 -187.764877439974 -46.9412193599935
0.381465517241372 -187.481992502157 -46.8704981255394
0.38204022988505 -187.199958666172 -46.7999896665431
0.382614942528728 -186.918772096532 -46.7296930241331
0.383189655172406 -186.63842898134 -46.6596072453351
0.383764367816084 -186.358925530904 -46.589731382726
0.384339080459763 -186.080257978824 -46.520064494706
0.384913793103441 -185.802422580609 -46.4506056451523
0.385488505747119 -185.525415614467 -46.3813539036168
0.386063218390797 -185.249233380662 -46.3123083451656
0.386637931034475 -184.973872201317 -46.2434680503293
0.387212643678153 -184.69932842066 -46.1748321051651
0.387787356321831 -184.425598404532 -46.106399601133
0.38836206896551 -184.152678540087 -46.0381696350217
0.388936781609188 -183.880565235942 -45.9701413089854
0.389511494252866 -183.609254922029 -45.9023137305073
0.390086206896544 -183.338744049249 -45.8346860123123
0.390660919540222 -183.069029089224 -45.767257272306
0.3912356321839 -182.800106534543 -45.7000266336357
0.391810344827578 -182.53197289822 -45.6329932245551
0.392385057471257 -182.264624713893 -45.5661561784733
0.392959770114935 -181.998058535177 -45.4995146337943
0.393534482758613 -181.732270936014 -45.4330677340035
0.394109195402291 -181.467258510472 -45.3668146276181
0.394683908045969 -181.203017871908 -45.3007544679771
0.395258620689647 -180.939545653954 -45.2348864134886
0.395833333333325 -180.676838509579 -45.1692096273948
0.396408045977004 -180.414893111285 -45.1037232778212
0.396982758620682 -180.153706150565 -45.0384265376412
0.39755747126436 -179.893274338249 -44.9733185845622
0.398132183908038 -179.633594404206 -44.9083986010514
0.398706896551716 -179.37466309685 -44.8436657742124
0.399281609195394 -179.116477183833 -44.7791192959582
0.399856321839072 -178.859033450808 -44.714758362702
0.400431034482751 -178.602328702419 -44.6505821756047
0.401005747126429 -178.34635976126 -44.586589940315
0.401580459770107 -178.091123468323 -44.5227808670808
0.402155172413785 -177.836616682354 -44.4591541705886
0.402729885057463 -177.582836280397 -44.3957090700992
0.403304597701141 -177.32977915715 -44.3324447892874
0.403879310344819 -177.077442224867 -44.2693605562168
0.404454022988498 -176.825822413509 -44.2064556033772
0.405028735632176 -176.57491667054 -44.143729167635
0.405603448275854 -176.32472196034 -44.0811804900849
0.406178160919532 -176.075235264992 -44.0188088162479
0.40675287356321 -175.826453583294 -43.9566133958236
0.407327586206888 -175.57837393096 -43.89459348274
0.407902298850566 -175.330993340713 -43.8327483351782
0.408477011494245 -175.084308861843 -43.7710772154608
0.409051724137923 -174.838317560259 -43.7095793900649
0.409626436781601 -174.593016518386 -43.6482541295966
0.410201149425279 -174.348402834969 -43.5871007087422
0.410775862068957 -174.104473625121 -43.5261184062803
0.411350574712635 -173.861226019584 -43.4653065048961
0.411925287356313 -173.618657165618 -43.4046642914045
0.412499999999992 -173.376764226355 -43.3441910565888
0.41307471264367 -173.135544380409 -43.2838860951023
0.413649425287348 -172.894994822366 -43.2237487055914
0.414224137931026 -172.655112762291 -43.1637781905727
0.414798850574704 -172.41589542558 -43.1039738563949
0.415373563218382 -172.177340053157 -43.0443350132893
0.41594827586206 -171.939443901031 -42.9848609752578
0.416522988505739 -171.70220424059 -42.9255510601475
0.417097701149417 -171.465618358008 -42.8664045895019
0.417672413793095 -171.229683554641 -42.8074208886603
0.418247126436773 -170.994397146437 -42.7485992866093
0.418821839080451 -170.759756464276 -42.689939116069
0.419396551724129 -170.525758853528 -42.6314397133821
0.419971264367807 -170.292401674105 -42.5731004185262
0.420545977011486 -170.059682300455 -42.5149205751137
0.421120689655164 -169.827598121271 -42.4568995303177
0.421695402298842 -169.596146539389 -42.3990366348472
0.42227011494252 -169.365324972036 -42.3413312430091
0.422844827586198 -169.135130850386 -42.2837827125966
0.423419540229876 -168.905561619558 -42.2263904048894
0.423994252873554 -168.676614738418 -42.1691536846045
0.424568965517233 -168.448287679533 -42.1120719198832
0.425143678160911 -168.220577929316 -42.0551444823289
0.425718390804589 -167.993482987779 -41.9983707469447
0.426293103448267 -167.767000368239 -41.9417500920596
0.426867816091945 -167.541127597709 -41.8852818994273
0.427442528735623 -167.315862216063 -41.8289655540158
0.428017241379301 -167.091201776773 -41.7728004441933
0.42859195402298 -166.86714384612 -41.71678596153
0.429166666666658 -166.643686003638 -41.6609215009095
0.429741379310336 -166.420825841719 -41.6052064604298
0.430316091954014 -166.198560965862 -41.5496402414655
0.430890804597692 -165.976888993878 -41.4942222484694
0.43146551724137 -165.755807556634 -41.4389518891585
0.432040229885048 -165.535314297609 -41.3838285744022
0.432614942528727 -165.315406872347 -41.3288517180868
0.433189655172405 -165.096082949549 -41.2740207373872
0.433764367816083 -164.877340209584 -41.2193350523961
0.434339080459761 -164.659176345584 -41.1647940863959
0.434913793103439 -164.441589062595 -41.1103972656487
0.435488505747117 -164.224576078029 -41.0561440195073
0.436063218390795 -164.008135121168 -41.0020337802919
0.436637931034474 -163.792263933159 -40.9480659832899
0.437212643678152 -163.576960267171 -40.8942400667928
0.43778735632183 -163.36222188814 -40.8405554720349
0.438362068965508 -163.148046572623 -40.7870116431558
0.438936781609186 -162.93443210895 -40.7336080272374
0.439511494252864 -162.721376297119 -40.6803440742797
0.440086206896542 -162.508876948356 -40.6272192370891
0.440660919540221 -162.296931885509 -40.5742329713772
0.441235632183899 -162.085538942699 -40.5213847356747
0.441810344827577 -161.874695965225 -40.4686739913063
0.442385057471255 -161.664400809713 -40.4161002024281
0.442959770114933 -161.454651343813 -40.3636628359531
0.443534482758611 -161.245445446305 -40.3113613615761
0.444109195402289 -161.036781006947 -40.2591952517366
0.444683908045968 -160.828655926426 -40.2071639816064
0.445258620689646 -160.621068116309 -40.1552670290774
0.445833333333324 -160.414015498649 -40.1035038746622
0.446408045977002 -160.207496006523 -40.0518740016308
0.44698275862068 -160.001507583497 -40.0003768958742
0.447557471264358 -159.796048183617 -39.9490120459042
0.448132183908036 -159.591115771713 -39.8977789429281
0.448706896551715 -159.38670832285 -39.8466770807124
0.449281609195393 -159.182823822281 -39.7957059555704
0.449856321839071 -158.979460265795 -39.7448650664487
0.450431034482749 -158.776615659364 -39.6941539148409
0.451005747126427 -158.574288019101 -39.6435720047752
0.451580459770105 -158.372475371306 -39.5931188428266
0.452155172413783 -158.171175752121 -39.5427939380302
0.452729885057462 -157.970387207824 -39.492596801956
0.45330459770114 -157.770107794585 -39.4425269486463
0.453879310344818 -157.570335578317 -39.3925838945793
0.454454022988496 -157.371068634873 -39.3427671587182
0.455028735632174 -157.172305049648 -39.2930762624121
0.455603448275852 -156.974042917685 -39.2435107294213
0.45617816091953 -156.776280343865 -39.1940700859662
0.456752873563209 -156.579015442564 -39.1447538606411
0.457327586206887 -156.382246337409 -39.0955615843522
0.457902298850565 -156.185971161617 -39.0464927904043
0.458477011494243 -155.990188057755 -38.9975470144387
0.459051724137921 -155.794895177635 -38.9487237944088
0.459626436781599 -155.600090682221 -38.9000226705554
0.460201149425277 -155.405772741921 -38.8514431854803
0.460775862068956 -155.211939536094 -38.8029848840235
0.461350574712634 -155.018589253198 -38.7546473132996
0.461925287356312 -154.825720090793 -38.7064300226982
0.46249999999999 -154.633330255337 -38.6583325638343
0.463074712643668 -154.441417962193 -38.6103544905482
0.463649425287346 -154.249981435426 -38.5624953588565
0.464224137931024 -154.059018908053 -38.5147547270132
0.464798850574703 -153.868528621893 -38.4671321554733
0.465373563218381 -153.67850882742 -38.419627206855
0.465948275862059 -153.488957783466 -38.3722394458664
0.466522988505737 -153.299873757911 -38.3249684394778
0.467097701149415 -153.111255026848 -38.2778137567119
0.467672413793093 -152.923099874724 -38.2307749686809
0.468247126436771 -152.735406594791 -38.1838516486977
0.46882183908045 -152.54817348841 -38.1370433721025
0.469396551724128 -152.361398865203 -38.0903497163007
0.469971264367806 -152.175081043246 -38.0437702608114
0.470545977011484 -151.989218348825 -37.9973045872063
0.471120689655162 -151.803809116388 -37.950952279097
0.47169540229884 -151.618851688342 -37.9047129220855
0.472270114942518 -151.434344415305 -37.8585861038263
0.472844827586197 -151.250285655808 -37.812571413952
0.473419540229875 -151.066673776343 -37.7666684440857
0.473994252873553 -150.883507151561 -37.7208767878903
0.474568965517231 -150.700784163831 -37.6751960409578
0.475143678160909 -150.518503203284 -37.6296258008209
0.475718390804587 -150.336662667863 -37.5841656669658
0.476293103448265 -150.15526096328 -37.5388152408199
0.476867816091944 -149.974296502957 -37.4935741257391
0.477442528735622 -149.793767707786 -37.4484419269464
0.4780172413793 -149.613673006571 -37.4034182516428
0.478591954022978 -149.434010835535 -37.3585027088838
0.479166666666656 -149.254779638169 -37.3136949095424
0.479741379310334 -149.075977865681 -37.2689944664202
0.480316091954012 -148.897603976595 -37.2244009941488
0.480890804597691 -148.719656436708 -37.179914109177
0.481465517241369 -148.542133719382 -37.1355334298454
0.482040229885047 -148.365034305049 -37.0912585762623
0.482614942528725 -148.188356681563 -37.0470891703908
0.483189655172403 -148.012099343848 -37.0030248359619
0.483764367816081 -147.836260794046 -36.9590651985115
0.484339080459759 -147.660839541276 -36.9152098853189
0.484913793103438 -147.485834101824 -36.8714585254561
0.485488505747116 -147.311242998953 -36.8278107497383
0.486063218390794 -147.137064763044 -36.7842661907611
0.486637931034472 -146.963297931304 -36.740824482826
0.48721264367815 -146.789941047814 -36.6974852619535
0.487787356321828 -146.616992663627 -36.6542481659069
0.488362068965506 -146.444451336673 -36.6111128341682
0.488936781609185 -146.272315631306 -36.5680789078266
0.489511494252863 -146.100584119007 -36.5251460297517
0.490086206896541 -145.929255377731 -36.4823138444328
0.490660919540219 -145.758327992211 -36.4395819980527
0.491235632183897 -145.587800553755 -36.3969501384388
0.491810344827575 -145.4176716603 -36.354417915075
0.492385057471253 -145.24793991631 -36.3119849790775
0.492959770114932 -145.078603932826 -36.2696509832064
0.49353448275861 -144.909662327021 -36.2274155817552
0.494109195402288 -144.741113723042 -36.1852784307605
0.494683908045966 -144.572956750872 -36.1432391877179
0.495258620689644 -144.405190047365 -36.1012975118413
0.495833333333322 -144.237812255314 -36.0594530638285
0.496408045977001 -144.070822023987 -36.0177055059967
0.496982758620679 -143.904218008834 -35.9760545022085
0.497557471264357 -143.737998871736 -35.934499717934
0.498132183908035 -143.572163280359 -35.8930408200897
0.498706896551713 -143.406709908648 -35.851677477162
