0 133.287070968004
0.000382165605095541 133.287070968004
0.000764331210191083 133.287088502538
0.00114649681528662 133.287162143032
0.00152866242038217 133.287327443727
0.00191082802547771 133.287619607616
0.00229299363057325 133.288073723295
0.00267515923566879 133.28872481496
0.00305732484076433 133.28960785504
0.00343949044585987 133.290757765844
0.00382165605095541 133.292209417165
0.00420382165605096 133.293997622158
0.0045859872611465 133.29615713239
0.00496815286624204 133.298722632477
0.00535031847133758 133.301728734482
0.00573248407643312 133.30520997219
0.00611464968152866 133.309200795306
0.0064968152866242 133.313735563613
0.00687898089171974 133.318848541104
0.00726114649681529 133.324573890113
0.00764331210191083 133.33094566543
0.00802547770700637 133.337997808439
0.00840764331210191 133.345764141249
0.00878980891719745 133.35427836085
0.00917197452229299 133.363574033271
0.00955414012738853 133.373684587766
0.00993630573248408 133.384643311011
0.0103184713375796 133.396483341328
0.0107006369426752 133.409237662919
0.0110828025477707 133.422939100137
0.0114649681528662 133.437620311769
0.0118471337579618 133.453313785349
0.0122292993630573 133.470051831498
0.0126114649681529 133.487866578285
0.0129936305732484 133.506789965624
0.0133757961783439 133.526853739692
0.0137579617834395 133.548089447383
0.014140127388535 133.570528430787
0.0145222929936306 133.594201821705
0.0149044585987261 133.619140536195
0.0152866242038217 133.645375269148
0.0156687898089172 133.672936488906
0.0160509554140127 133.701854431905
0.0164331210191083 133.732159097362
0.0168152866242038 133.763880241993
0.0171974522292994 133.797047374774
0.0175796178343949 133.831689751733
0.0179617834394904 133.867836370791
0.018343949044586 133.905515966632
0.0187261146496815 133.944757005622
0.0191082802547771 133.985587680765
0.0194904458598726 134.028035906704
0.0198726114649682 134.072129314765
0.0202547770700637 134.117895248041
0.0206369426751592 134.165360756525
0.0210191082802548 134.214552592287
0.0214012738853503 134.265497204698
0.0217834394904459 134.318220735698
0.0221656050955414 134.372749015115
0.0225477707006369 134.429107556031
0.0229299363057325 134.487321550194
0.023312101910828 134.547415863489
0.0236942675159236 134.609415031448
0.0240764331210191 134.673343254819
0.0244585987261146 134.739224395183
0.0248407643312102 134.807081970626
0.0252229299363057 134.876939151466
0.0256050955414013 134.948818756027
0.0259872611464968 135.022743246473
0.0263694267515924 135.098734724698
0.0267515923566879 135.17681492827
0.0271337579617834 135.257005226429
0.027515923566879 135.339326616148
0.0278980891719745 135.423799718246
0.0282802547770701 135.510444773565
0.0286624203821656 135.5992816392
0.0290445859872611 135.690329784792
0.0294267515923567 135.783608288883
0.0298089171974522 135.879135835327
0.0301910828025478 135.976930709768
0.0305732484076433 136.077010796172
0.0309554140127389 136.179393573431
0.0313375796178344 136.284096112021
0.0317197452229299 136.39113507073
0.0321019108280255 136.500526693449
0.032484076433121 136.612286806022
0.0328662420382166 136.726430813168
0.0332484076433121 136.842973695465
0.0336305732484076 136.961930006399
0.0340127388535032 137.083313869485
0.0343949044585987 137.207138975447
0.0347770700636943 137.333418579471
0.0351592356687898 137.462165498525
0.0355414012738854 137.593392108743
0.0359235668789809 137.727110342887
0.0363057324840764 137.863331687864
0.036687898089172 138.002067182329
0.0370700636942675 138.143327414344
0.0374522292993631 138.287122519114
0.0378343949044586 138.433462176791
0.0382165605095541 138.582355610355
0.0385987261146497 138.733811583553
0.0389808917197452 138.887838398929
0.0393630573248408 139.044443895904
0.0397452229299363 139.203635448947
0.0401273885350318 139.365419965809
0.0405095541401274 139.529803885829
0.0408917197452229 139.696793178321
0.0412738853503185 139.866393341024
0.041656050955414 140.038609398635
0.0420382165605096 140.213445901412
0.0424203821656051 140.390906923846
0.0428025477707006 140.57099606342
0.0431847133757962 140.753716439429
0.0435668789808917 140.939070691886
0.0439490445859873 141.127060980492
0.0443312101910828 141.317688983693
0.0447133757961783 141.510955897802
0.0450955414012739 141.706862436207
0.0454777070063694 141.905408828639
0.045859872611465 142.106594820535
0.0462420382165605 142.310419672463
0.0466242038216561 142.516882159627
0.0470063694267516 142.725980571449
0.0473885350318471 142.937712711228
0.0477707006369427 143.152075895874
0.0481528662420382 143.369066955716
0.0485350318471338 143.588682234391
0.0489171974522293 143.810917588808
0.0492993630573248 144.035768389186
0.0496815286624204 144.26322951917
0.0500636942675159 144.493295376026
0.0504458598726115 144.725959870909
0.050828025477707 144.96121642921
0.0512101910828025 145.199057990975
0.0515923566878981 145.43947701141
0.0519745222929936 145.68246546145
0.0523566878980892 145.928014828414
0.0527388535031847 146.176116116734
0.0531210191082803 146.426759848756
0.0535031847133758 146.67993606562
0.0538853503184713 146.93563432822
0.0542675159235669 147.193843718233
0.0546496815286624 147.454552839227
0.055031847133758 147.717749817845
0.0554140127388535 147.983422305065
0.055796178343949 148.251557477532
0.0561783439490446 148.522142038967
0.0565605095541401 148.795162221654
0.0569426751592357 149.070603787998
0.0573248407643312 149.348452032156
0.0577070063694268 149.628691781747
0.0580891719745223 149.911307399634
0.0584713375796178 150.196282785779
0.0588535031847134 150.483601379171
0.0592356687898089 150.773246159833
0.0596178343949045 151.065199650891
0.06 151.359443920729
0.0603821656050955 151.655960585205
0.0607643312101911 151.954730809947
0.0611464968152866 152.255735312715
0.0615286624203822 152.558954365842
0.0619108280254777 152.864367798736
0.0622929936305732 153.171955000461
0.0626751592356688 153.481694922387
0.0630573248407643 153.793566080907
0.0634394904458599 154.107546560226
0.0638216560509554 154.423614015218
0.064203821656051 154.741745674355
0.0645859872611465 155.061918342701
0.064968152866242 155.384108404973
0.0653503184713376 155.708291828676
0.0657324840764331 156.034444167298
0.0661146496815287 156.362540563576
0.0664968152866242 156.692555752827
0.0668789808917197 157.024464066344
0.0672611464968153 157.35823943486
0.0676433121019108 157.693855392072
0.0680254777070064 158.031285078235
0.0684076433121019 158.370501243813
0.0687898089171975 158.711476253203
0.069171974522293 159.054182088511
0.0695541401273885 159.398590353395
0.0699363057324841 159.744672276974
0.0703184713375796 160.09239871779
0.0707006369426752 160.441740167833
0.0710828025477707 160.792666756631
0.0714649681528662 161.145148255392
0.0718471337579618 161.499154081211
0.0722292993630573 161.854653301328
0.0726114649681529 162.211614637451
0.0729936305732484 162.570006470132
0.0733757961783439 162.929796843198
0.0737579617834395 163.290953468238
0.074140127388535 163.653443729151
0.0745222929936306 164.017234686739
0.0749044585987261 164.382293083358
0.0752866242038217 164.748585347625
0.0756687898089172 165.11607759917
0.0760509554140127 165.484735653445
0.0764331210191083 165.854525026585
0.0768152866242038 166.225410940309
0.0771974522292994 166.597358326888
0.0775796178343949 166.970331834142
0.0779617834394905 167.3442958305
0.078343949044586 167.719214410099
0.0787261146496815 168.095051397934
0.0791082802547771 168.471770355049
0.0794904458598726 168.849334583777
0.0798726114649682 169.227707133023
0.0802547770700637 169.60685080359
0.0806369426751592 169.986728153546
0.0810191082802548 170.367301503638
0.0814012738853503 170.748532942737
0.0817834394904459 171.130384333339
0.0821656050955414 171.512817317087
0.0825477707006369 171.895793320346
0.0829299363057325 172.279273559809
0.083312101910828 172.663219048142
0.0836942675159236 173.047590599661
0.0840764331210191 173.432348836053
0.0844585987261147 173.817454192122
0.0848407643312102 174.202866921577
0.0852229299363057 174.588547102841
0.0856050955414013 174.974454644908
0.0859872611464968 175.360549293215
0.0863694267515924 175.746790635558
0.0867515923566879 176.133138108024
0.0871337579617834 176.519551000962
0.087515923566879 176.905988464978
0.0878980891719745 177.292409516953
0.0882802547770701 177.678773046093
0.0886624203821656 178.065037819998
0.0890445859872611 178.451162490759
0.0894267515923567 178.837105601078
0.0898089171974522 179.222825590404
0.0901910828025478 179.608280801099
0.0905732484076433 179.99342948462
0.0909554140127388 180.378229807717
0.0913375796178344 180.762639858657
0.0917197452229299 181.146617653459
0.0921019108280255 181.530121142148
0.092484076433121 181.913108215027
0.0928662420382166 182.295536708956
0.0932484076433121 182.677364413657
0.0936305732484076 183.058549078021
0.0940127388535032 183.43904841643
0.0943949044585987 183.818820115095
0.0947770700636943 184.197821838395
0.0951592356687898 184.576011235233
0.0955414012738853 184.953345945396
0.0959235668789809 185.329783605925
0.0963057324840764 185.705281857487
0.096687898089172 186.079798350755
0.0970700636942675 186.453290752795
0.097452229299363 186.825716753449
0.0978343949044586 187.197034071728
0.0982165605095541 187.567200462204
0.0985987261146497 187.936173721399
0.0989808917197452 188.303911694176
0.0993630573248408 188.670372280134
0.0997452229299363 189.03551343999
0.100127388535032 189.399293201966
0.100509554140127 189.761669668169
0.100891719745223 190.122601020963
0.101273885350318 190.482045529342
0.101656050955414 190.839961555288
0.10203821656051 191.196307560126
0.102420382165605 191.551042110865
0.102802547770701 191.904123886538
0.103184713375796 192.255511684521
0.103566878980892 192.605164426842
0.103949044585987 192.953041166487
0.104331210191083 193.299101093679
0.104713375796178 193.643303542147
0.105095541401274 193.985607995384
0.105477707006369 194.325974092883
0.105859872611465 194.664361636357
0.106242038216561 195.000730595938
0.106624203821656 195.335041116363
0.107006369426752 195.667253523133
0.107388535031847 195.997328328654
0.107770700636943 196.325226238354
0.108152866242038 196.650908156779
0.108535031847134 196.974335193665
0.108917197452229 197.295468669978
0.109299363057325 197.614270123942
0.10968152866242 197.930701317025
0.110063694267516 198.244724239907
0.110445859872611 198.556301118417
0.110828025477707 198.86539441944
0.111210191082803 199.171966856789
0.111592356687898 199.475981397059
0.111974522292994 199.777401265431
0.112356687898089 200.076189951457
0.112738853503185 200.372311214806
0.11312101910828 200.66572909097
0.113503184713376 200.956407896944
0.113885350318471 201.244312236866
0.114267515923567 201.529407007611
0.114649681528662 201.811657404362
0.115031847133758 202.091028926127
0.115414012738854 202.367487381229
0.115796178343949 202.640998892741
0.116178343949045 202.911529903897
0.11656050955414 203.17904718344
0.116942675159236 203.443517830948
0.117324840764331 203.704909282095
0.117707006369427 203.963189313886
0.118089171974522 204.218326049833
0.118471337579618 204.470287965087
0.118853503184713 204.719043891531
0.119235668789809 204.964563022813
0.119617834394904 205.206814919339
0.12 205.445769513211
0.120382165605096 205.681397113116
0.120764331210191 205.913668409169
0.121146496815287 206.142554477694
0.121528662420382 206.368026785961
0.121910828025478 206.590057196865
0.122292993630573 206.808617973555
0.122675159235669 207.023681784001
0.123057324840764 207.235221705516
0.12343949044586 207.44321122921
0.123821656050955 207.647624264397
0.124203821656051 207.848435142938
0.124585987261146 208.045618623529
0.124968152866242 208.239149895928
0.125350318471338 208.429004585127
0.125732484076433 208.615158755453
0.126114649681529 208.797588914623
0.126496815286624 208.976272017726
0.12687898089172 209.151185471144
0.127261146496815 209.32230713642
0.127643312101911 209.489615334046
0.128025477707006 209.653088847206
0.128407643312102 209.812706925436
0.128789808917197 209.968449288235
0.129171974522293 210.120296128598
0.129554140127389 210.268228116488
0.129936305732484 210.412226402245
0.13031847133758 210.552272619917
0.130700636942675 210.688348890536
0.131082802547771 210.820437825314
0.131464968152866 210.948522528778
0.131847133757962 211.072586601831
0.132229299363057 211.192614144745
0.132611464968153 211.308589760085
0.132993630573248 211.420498555558
0.133375796178344 211.528326146794
0.133757961783439 211.632058660057
0.134140127388535 211.731682734873
0.134522292993631 211.827185526604
0.134904458598726 211.918554708929
0.135286624203822 212.005778476267
0.135668789808917 212.088845546116
0.136050955414013 212.167745161323
0.136433121019108 212.242467092277
0.136815286624204 212.31300163903
0.137197452229299 212.379339633337
0.137579617834395 212.441472440627
0.13796178343949 212.49939196189
0.138343949044586 212.553090635498
0.138726114649682 212.602561438939
0.139108280254777 212.64779789048
0.139490445859873 212.688794050753
0.139872611464968 212.725544524257
0.140254777070064 212.758044460791
0.140636942675159 212.786289556801
0.141019108280255 212.810276056657
0.14140127388535 212.830000753843
0.141783439490446 212.845460992072
0.142165605095541 212.856654666323
0.142547770700637 212.863580223798
0.142929936305732 212.8662366648
0.143312101910828 212.864623543526
0.143694267515924 212.858740968792
0.144076433121019 212.848589604666
0.144458598726115 212.834170671028
0.14484076433121 212.815485944047
0.145222929936306 212.792537756581
0.145605095541401 212.765328998492
0.145987261146497 212.733863116882
0.146369426751592 212.698144116253
0.146751592356688 212.658176558579
0.147133757961783 212.613965563304
0.147515923566879 212.565516807253
0.147898089171975 212.512836524468
0.14828025477707 212.45593150596
0.148662420382166 212.394809099381
0.149044585987261 212.329477208615
0.149426751592357 212.259944293289
0.149808917197452 212.186219368201
0.150191082802548 212.10831200267
0.150573248407643 212.026232319807
0.150955414012739 211.939990995696
0.151337579617834 211.849599258506
0.15171974522293 211.75506888752
0.152101910828025 211.656412212073
0.152484076433121 211.553642110427
0.152866242038217 211.446772008549
0.153248407643312 211.335815878825
0.153630573248408 211.220788238679
0.154012738853503 211.101704149122
0.154394904458599 210.978579213222
0.154777070063694 210.851429574485
0.15515923566879 210.720271915168
0.155541401273885 210.585123454509
0.155923566878981 210.446001946873
0.156305732484076 210.302925679829
0.156687898089172 210.155913472139
0.157070063694268 210.004984671678
0.157452229299363 209.85015915327
0.157834394904459 209.691457316449
0.158216560509554 209.528900083139
0.15859872611465 209.362508895267
0.158980891719745 209.192305712285
0.159363057324841 209.01831300863
0.159745222929936 208.840553771094
0.160127388535032 208.659051496135
0.160509554140127 208.473830187092
0.160891719745223 208.284914351349
0.161273885350318 208.092328997399
0.161656050955414 207.896099631857
0.16203821656051 207.696252256384
0.162420382165605 207.492813364541
0.162802547770701 207.285809938577
0.163184713375796 207.075269446132
0.163566878980892 206.861219836882
0.163949044585987 206.643689539097
0.164331210191083 206.422707456145
0.164713375796178 206.198302962909
0.165095541401274 205.970505902144
0.165477707006369 205.739346580761
0.165859872611465 205.504855766041
0.166242038216561 205.267064681784
0.166624203821656 205.026005004381
0.167006369426752 204.781708858833
0.167388535031847 204.534208814686
0.167770700636943 204.28353788191
0.168152866242038 204.029729506712
0.168535031847134 203.77281756728
0.168917197452229 203.512836369458
0.169299363057325 203.249820642371
0.16968152866242 202.983805533968
0.170063694267516 202.714826606517
0.170445859872611 202.442919832029
0.170828025477707 202.168121587623
0.171210191082803 201.890468650829
0.171592356687898 201.609998194833
0.171974522292994 201.326747783658
0.172356687898089 201.040755367286
0.172738853503185 200.752059276728
0.17312101910828 200.460698219028
0.173503184713376 200.166711272213
0.173885350318471 199.870137880188
0.174267515923567 199.571017847575
0.174649681528662 199.269391334489
0.175031847133758 198.965298851278
0.175414012738853 198.658781253186
0.175796178343949 198.349879734983
0.176178343949045 198.038635825531
0.17656050955414 197.725091382304
0.176942675159236 197.409288585855
0.177324840764331 197.091269934236
0.177707006369427 196.771078237365
0.178089171974522 196.448756611345
0.178471337579618 196.124348472743
0.178853503184713 195.797897532812
0.179235668789809 195.469447791674
0.179617834394904 195.139043532452
0.18 194.806729315369
0.180382165605096 194.47254997179
0.180764331210191 194.136550598228
0.181146496815287 193.798776550311
0.181528662420382 193.459273436705
0.181910828025478 193.118087112992
0.182292993630573 192.775263675522
0.182675159235669 192.430849455212
0.183057324840764 192.084891011318
0.18343949044586 191.737435125165
0.183821656050955 191.388528793845
0.184203821656051 191.038219223877
0.184585987261147 190.686553824836
0.184968152866242 190.333580202948
0.185350318471338 189.979346154648
0.185732484076433 189.62389966012
0.186114649681529 189.267288876791
0.186496815286624 188.909562132807
0.18687898089172 188.550767920476
0.187261146496815 188.190954889683
0.187643312101911 187.830171841284
0.188025477707006 187.468467720462
0.188407643312102 187.105891610079
0.188789808917197 186.742492723979
0.189171974522293 186.378320400293
0.189554140127389 186.0134240947
0.189936305732484 185.647853373688
0.19031847133758 185.281657907776
0.190700636942675 184.914887464733
0.191082802547771 184.547591902769
0.191464968152866 184.179821163712
0.191847133757962 183.81162526617
0.192229299363057 183.443054298679
0.192611464968153 183.074158412831
0.192993630573248 182.7049878164
0.193375796178344 182.335592766443
0.193757961783439 181.966023562399
0.194140127388535 181.596330539176
0.194522292993631 181.226564060225
0.194904458598726 180.856774510615
0.195286624203822 180.487012290087
0.195668789808917 180.117327806116
0.196050955414013 179.74777146696
0.196433121019108 179.378393674705
0.196815286624204 179.009244818311
0.197197452229299 178.640375266652
0.197579617834395 178.271835361556
0.19796178343949 177.903675410846
0.198343949044586 177.535945681383
0.198726114649682 177.168696392102
0.199108280254777 176.801977707069
0.199490445859873 176.435839728518
0.199872611464968 176.070332489918
0.200254777070064 175.705505949022
0.200636942675159 175.341409980946
0.201019108280255 174.978094371232
0.20140127388535 174.615608808944
0.201783439490446 174.254002879753
0.202165605095541 173.893326059046
0.202547770700637 173.533627705043
0.202929936305732 173.174957051925
0.203312101910828 172.81736320298
0.203694267515924 172.460895123758
0.204076433121019 172.105601635247
0.204458598726115 171.751531407065
0.20484076433121 171.398732950666
0.205222929936306 171.047254612571
0.205605095541401 170.697144567611
0.205987261146497 170.348450812201
0.206369426751592 170.001221157624
0.206751592356688 169.655503223347
0.207133757961783 169.311344430355
0.207515923566879 168.968791994513
0.207898089171975 168.627892919954
0.20828025477707 168.288693992488
0.208662420382166 167.951241773045
0.209044585987261 167.615582591143
0.209426751592357 167.281762538387
0.209808917197452 166.949827461997
0.210191082802548 166.619822958367
0.210573248407643 166.291794366658
0.210955414012739 165.965786762426
0.211337579617834 165.641844951274
0.21171974522293 165.320013462555
0.212101910828025 165.000336543095
0.212484076433121 164.682858150965
0.212866242038217 164.367621949283
0.213248407643312 164.054671300059
0.213630573248408 163.744049258077
0.214012738853503 163.435798564819
0.214394904458599 163.129961642429
0.214777070063694 162.826580587722
0.21515923566879 162.52569716623
0.215541401273885 162.227352806302
0.215923566878981 161.931588593237
0.216305732484076 161.63844526347
0.216687898089172 161.347963198808
0.217070063694268 161.060182420699
0.217452229299363 160.775142584569
0.217834394904459 160.492882974187
0.218216560509554 160.2134424961
0.21859872611465 159.936859674104
0.218980891719745 159.663172643772
0.219363057324841 159.392419147035
0.219745222929936 159.124636526814
0.220127388535032 158.859861721709
0.220509554140127 158.598131260738
0.220891719745223 158.339481258136
0.221273885350318 158.083947408206
0.221656050955414 157.831564980232
0.22203821656051 157.582368813444
0.222420382165605 157.336393312048
0.222802547770701 157.093672440307
0.223184713375796 156.854239717689
0.223566878980892 156.618128214074
0.223949044585987 156.385370545021
0.224331210191083 156.155998867093
0.224713375796178 155.930044873257
0.225095541401274 155.707539788334
0.225477707006369 155.48851436452
0.225859872611465 155.272998876971
0.22624203821656 155.061023119452
0.226624203821656 154.852616400054
0.227006369426752 154.647807536978
0.227388535031847 154.446624854381
0.227770700636943 154.249096178296
0.228152866242038 154.05524883262
0.228535031847134 153.865109635168
0.228917197452229 153.678704893797
0.229299363057325 153.496060402606
0.22968152866242 153.317201438199
0.230063694267516 153.142152756021
0.230445859872611 152.970938586776
0.230828025477707 152.803582632902
0.231210191082803 152.640108065129
0.231592356687898 152.480537519109
0.231974522292994 152.324893092119
0.232356687898089 152.17319633984
0.232738853503185 152.025468273208
0.23312101910828 151.881729355344
0.233503184713376 151.741999498559
0.233885350318471 151.606298061432
0.234267515923567 151.474643845973
0.234649681528662 151.347055094857
0.235031847133758 151.223549488733
0.235414012738853 151.104144143621
0.235796178343949 150.988855608379
0.236178343949045 150.877699862254
0.23656050955414 150.770692312508
0.236942675159236 150.667847792128
0.237324840764331 150.569180557613
0.237707006369427 150.474704286844
0.238089171974522 150.384432077033
0.238471337579618 150.298376442754
0.238853503184713 150.216549314051
0.239235668789809 150.13896203464
0.239617834394904 150.065625360174
0.24 149.996549456612
0.240382165605096 149.931743898649
0.240764331210191 149.871217668248
0.241146496815287 149.814979153241
0.241528662420382 149.763036146018
0.241910828025478 149.715395842303
0.242292993630573 149.672064840012
0.242675159235669 149.633049138185
0.243057324840764 149.598354136022
0.24343949044586 149.567984631982
0.243821656050955 149.541944822981
0.244203821656051 149.520238303669
0.244585987261146 149.50286806579
0.244968152866242 149.489836497634
0.245350318471338 149.481145383562
0.245732484076433 149.476795903626
0.246114649681529 149.476788633274
0.246496815286624 149.48112354313
0.24687898089172 149.489799998873
0.247261146496815 149.50281676119
0.247643312101911 149.520171985818
0.248025477707006 149.541863223676
0.248407643312102 149.567887421075
0.248789808917197 149.598240920016
0.249171974522293 149.632919458576
0.249554140127389 149.671918171374
0.249936305732484 149.715231590127
0.25031847133758 149.762853644291
0.250700636942675 149.814777661781
0.251082802547771 149.870996369783
0.251464968152866 149.931501895648
0.251847133757962 149.996285767872
0.252229299363057 150.065338917156
0.252611464968153 150.138651677561
0.252993630573248 150.216213787733
0.253375796178344 150.298014392228
0.25375796178344 150.384042042906
0.254140127388535 150.474284700423
0.254522292993631 150.568729735793
0.254904458598726 150.667363932048
0.255286624203822 150.770173485968
0.255668789808917 150.877144009904
0.256050955414013 150.988260533678
0.256433121019108 151.103507506567
0.256815286624204 151.222868799375
0.257197452229299 151.346327706576
0.257579617834395 151.473866948549
0.25796178343949 151.60546867389
0.258343949044586 151.741114461805
0.258726114649682 151.880785324588
0.259108280254777 152.024461710173
0.259490445859873 152.172123504772
0.259872611464968 152.32375003559
0.260254777070064 152.479320073621
0.260636942675159 152.638811836523
0.261019108280255 152.802202991571
0.26140127388535 152.969470658687
0.261783439490446 153.140591413555
0.262165605095541 153.315541290802
0.262547770700637 153.494295787267
0.262929936305732 153.676829865343
0.263312101910828 153.86311795639
0.263694267515924 154.053133964232
0.264076433121019 154.246851268727
0.264458598726115 154.444242729406
0.26484076433121 154.645280689195
0.265222929936306 154.849936978205
0.265605095541401 155.058182917597
0.265987261146497 155.269989323522
0.266369426751592 155.485326511127
0.266751592356688 155.70416429864
0.267133757961783 155.926472011524
0.267515923566879 156.152218486696
0.267898089171974 156.381372076824
0.26828025477707 156.61390065469
0.268662420382166 156.84977161762
0.269044585987261 157.088951891985
0.269426751592357 157.331407937768
0.269808917197452 157.577105753198
0.270191082802548 157.826010879451
0.270573248407643 158.078088405418
0.270955414012739 158.333302972533
0.271337579617834 158.591618779669
0.27171974522293 158.852999588102
0.272101910828025 159.117408726525
0.272484076433121 159.38480909614
0.272866242038217 159.6551631758
0.273248407643312 159.928433027215
0.273630573248408 160.204580300222
0.274012738853503 160.483566238109
0.274394904458599 160.765351682999
0.274777070063694 161.049897081295
0.27515923566879 161.337162489179
0.275541401273885 161.627107578165
0.275923566878981 161.919691640716
0.276305732484076 162.214873595908
0.276687898089172 162.512611995147
0.277070063694268 162.81286502795
0.277452229299363 163.115590527764
0.277834394904459 163.420745977846
0.278216560509554 163.728288517195
0.27859872611465 164.038174946523
0.278980891719745 164.35036173429
0.279363057324841 164.664805022772
0.279745222929936 164.981460634191
0.280127388535032 165.30028407688
0.280509554140127 165.621230551498
0.280891719745223 165.944254957293
0.281273885350318 166.269311898403
0.281656050955414 166.596355690203
0.28203821656051 166.925340365696
0.282420382165605 167.25621968194
0.282802547770701 167.588947126523
0.283184713375796 167.923475924066
0.283566878980892 168.259759042779
0.283949044585987 168.597749201041
0.284331210191083 168.937398874027
0.284713375796178 169.278660300361
0.285095541401274 169.621485488816
0.285477707006369 169.965826225034
0.285859872611465 170.311634078291
0.286242038216561 170.658860408285
0.286624203821656 171.007456371961
0.287006369426752 171.357372930364
0.287388535031847 171.708560855517
0.287770700636943 172.060970737335
0.288152866242038 172.41455299056
0.288535031847134 172.769257861724
0.288917197452229 173.125035436138
0.289299363057325 173.481835644903
0.28968152866242 173.839608271945
0.290063694267516 174.198302961074
0.290445859872611 174.557869223062
0.290828025477707 174.918256442742
0.291210191082803 175.279413886126
0.291592356687898 175.64129070754
0.291974522292994 176.003835956778
0.292356687898089 176.366998586273
0.292738853503185 176.730727458279
0.29312101910828 177.094971352068
0.293503184713376 177.459678971148
0.293885350318471 177.824798950479
0.294267515923567 178.190279863712
0.294649681528662 178.556070230434
0.295031847133758 178.922118523418
0.295414012738853 179.288373175887
0.295796178343949 179.654782588783
0.296178343949045 180.021295138038
0.29656050955414 180.387859181857
0.296942675159236 180.754423067998
0.297324840764331 181.120935141058
0.297707006369427 181.487343749761
0.298089171974522 181.853597254245
0.298471337579618 182.219644033353
0.298853503184713 182.585432491912
0.299235668789809 182.950911068024
0.299617834394904 183.316028240344
0.3 183.461854193165
0.300127388535032 183.492220412591
0.300254777070064 183.522573745865
0.300382165605096 183.552914203917
0.300509554140127 183.583241797667
0.300636942675159 183.613556538018
0.300764331210191 183.643858435861
0.300891719745223 183.674147502073
0.301019108280255 183.704423747516
0.301146496815287 183.734687183039
0.301273885350318 183.764937819478
0.30140127388535 183.795175667653
0.301528662420382 183.825400738373
0.301656050955414 183.855613042432
0.301783439490446 183.88581259061
0.301910828025478 183.915999393674
0.30203821656051 183.946173462376
0.302165605095541 183.976334807457
0.302292993630573 184.006483439642
0.302420382165605 184.036619369644
0.302547770700637 184.066742608162
0.302675159235669 184.09685316588
0.302802547770701 184.126951053471
0.302929936305732 184.157036281593
0.303057324840764 184.187108860891
0.303184713375796 184.217168801996
0.303312101910828 184.247216115527
0.30343949044586 184.277250812088
0.303566878980892 184.30727290227
0.303694267515924 184.337282396652
0.303821656050955 184.367279305799
0.303949044585987 184.397263640261
0.304076433121019 184.427235410578
0.304203821656051 184.457194627273
0.304331210191083 184.487141300859
0.304458598726115 184.517075441834
0.304585987261146 184.546997060684
0.304713375796178 184.57690616788
0.30484076433121 184.606802773882
0.304968152866242 184.636686889136
0.305095541401274 184.666558524075
0.305222929936306 184.696417689117
0.305350318471338 184.726264394671
0.305477707006369 184.75609865113
0.305605095541401 184.785920468875
0.305732484076433 184.815729858273
0.305859872611465 184.845526829679
0.305987261146497 184.875311393435
0.306114649681529 184.90508355987
0.30624203821656 184.9348433393
0.306369426751592 184.964590742029
0.306496815286624 184.994325778345
0.306624203821656 185.024048458528
0.306751592356688 185.053758792842
0.30687898089172 185.083456791539
0.307006369426752 185.113142464857
0.307133757961783 185.142815823023
0.307261146496815 185.172476876252
0.307388535031847 185.202125634743
0.307515923566879 185.231762108686
0.307643312101911 185.261386308255
0.307770700636943 185.290998243614
0.307898089171975 185.320597924914
0.308025477707006 185.350185362291
0.308152866242038 185.379760565872
0.30828025477707 185.409323545769
0.308407643312102 185.438874312082
0.308535031847134 185.468412874899
0.308662420382166 185.497939244295
0.308789808917197 185.527453430332
0.308917197452229 185.556955443061
0.309044585987261 185.586445292519
0.309171974522293 185.615922988732
0.309299363057325 185.645388541713
0.309426751592357 185.674841961462
0.309554140127389 185.704283257968
0.30968152866242 185.733712441206
0.309808917197452 185.763129521141
0.309936305732484 185.792534507723
0.310063694267516 185.821927410892
0.310191082802548 185.851308240574
0.31031847133758 185.880677006684
0.310445859872611 185.910033719124
0.310573248407643 185.939378387785
0.310700636942675 185.968711022545
0.310828025477707 185.998031633269
0.310955414012739 186.027340229811
0.311082802547771 186.056636822013
0.311210191082803 186.085921419704
0.311337579617834 186.115194032703
0.311464968152866 186.144454670813
0.311592356687898 186.17370334383
0.31171974522293 186.202940061533
0.311847133757962 186.232164833693
0.311974522292994 186.261377670067
0.312101910828025 186.2905785804
0.312229299363057 186.319767574426
0.312356687898089 186.348944661867
0.312484076433121 186.378109852432
0.312611464968153 186.40726315582
0.312738853503185 186.436404581715
0.312866242038217 186.465534139794
0.312993630573248 186.494651839717
0.31312101910828 186.523757691136
0.313248407643312 186.552851703689
0.313375796178344 186.581933887003
0.313503184713376 186.611004250694
0.313630573248408 186.640062804365
0.313757961783439 186.669109557608
0.313885350318471 186.698144520003
0.314012738853503 186.72716770112
0.314140127388535 186.756179110514
0.314267515923567 186.785178757731
0.314394904458599 186.814166652306
0.314522292993631 186.843142803758
0.314649681528662 186.872107221601
0.314777070063694 186.901059915332
0.314904458598726 186.930000894438
0.315031847133758 186.958930168396
0.31515923566879 186.987847746671
0.315286624203822 187.016753638714
0.315414012738853 187.045647853969
0.315541401273885 187.074530401864
0.315668789808917 187.103401291818
0.315796178343949 187.132260533239
0.315923566878981 187.161108135523
0.316050955414013 187.189944108053
0.316178343949045 187.218768460204
0.316305732484076 187.247581201337
0.316433121019108 187.276382340802
0.31656050955414 187.305171887939
0.316687898089172 187.333949852076
0.316815286624204 187.362716242529
0.316942675159236 187.391471068604
0.317070063694267 187.420214339596
0.317197452229299 187.448946064787
0.317324840764331 187.477666253449
0.317452229299363 187.506374914843
0.317579617834395 187.535072058218
0.317707006369427 187.563757692813
0.317834394904459 187.592431827855
0.31796178343949 187.62109447256
0.318089171974522 187.649745636134
0.318216560509554 187.678385327771
0.318343949044586 187.707013556654
0.318471337579618 187.735630331954
0.31859872611465 187.764235662833
0.318726114649682 187.792829558441
0.318853503184713 187.821412027916
0.318980891719745 187.849983080388
0.319108280254777 187.878542724973
0.319235668789809 187.907090970777
0.319363057324841 187.935627826897
0.319490445859873 187.964153302415
0.319617834394904 187.992667406407
0.319745222929936 188.021170147934
0.319872611464968 188.04966153605
0.32 188.078141579794
0.320127388535032 188.106610288197
0.320254777070064 188.135067670279
0.320382165605096 188.163513735048
0.320509554140127 188.191948491504
0.320636942675159 188.220371948632
0.320764331210191 188.24878411541
0.320891719745223 188.277185000803
0.321019108280255 188.305574613768
0.321146496815287 188.333952963247
0.321273885350318 188.362320058176
0.32140127388535 188.390675907478
0.321528662420382 188.419020520065
0.321656050955414 188.44735390484
0.321783439490446 188.475676070694
0.321910828025478 188.503987026508
0.32203821656051 188.532286781152
0.322165605095541 188.560575343487
0.322292993630573 188.588852722362
0.322420382165605 188.617118926616
0.322547770700637 188.645373965077
0.322675159235669 188.673617846563
0.322802547770701 188.701850579883
0.322929936305732 188.730072173832
0.323057324840764 188.758282637198
0.323184713375796 188.786481978757
0.323312101910828 188.814670207275
0.32343949044586 188.842847331507
0.323566878980892 188.8710133602
0.323694267515924 188.899168302087
0.323821656050955 188.927312165894
0.323949044585987 188.955444960334
0.324076433121019 188.983566694112
0.324203821656051 189.011677375922
0.324331210191083 189.039777014447
0.324458598726115 189.06786561836
0.324585987261147 189.095943196325
0.324713375796178 189.124009756994
0.32484076433121 189.15206530901
0.324968152866242 189.180109861005
0.325095541401274 189.208143421603
0.325222929936306 189.236165999415
0.325350318471338 189.264177603043
0.325477707006369 189.29217824108
0.325605095541401 189.320167922107
0.325732484076433 189.348146654697
0.325859872611465 189.37611444741
0.325987261146497 189.4040713088
0.326114649681529 189.432017247407
0.326242038216561 189.459952271763
0.326369426751592 189.487876390391
0.326496815286624 189.515789611802
0.326624203821656 189.543691944498
0.326751592356688 189.57158339697
0.32687898089172 189.599463977701
0.327006369426752 189.627333695163
0.327133757961783 189.655192557817
0.327261146496815 189.683040574117
0.327388535031847 189.710877752504
0.327515923566879 189.738704101411
0.327643312101911 189.766519629261
0.327770700636943 189.794324344466
0.327898089171974 189.82211825543
0.328025477707006 189.849901370546
0.328152866242038 189.877673698197
0.32828025477707 189.905435246758
0.328407643312102 189.933186024591
0.328535031847134 189.960926040052
0.328662420382166 189.988655301485
0.328789808917197 190.016373817225
0.328917197452229 190.044081595596
0.329044585987261 190.071778644915
0.329171974522293 190.099464973488
0.329299363057325 190.127140589609
0.329426751592357 190.154805501567
0.329554140127389 190.182459717638
0.32968152866242 190.210103246089
0.329808917197452 190.237736095177
0.329936305732484 190.265358273153
0.330063694267516 190.292969788253
0.330191082802548 190.320570648707
0.33031847133758 190.348160862734
0.330445859872611 190.375740438546
0.330573248407643 190.403309384341
0.330700636942675 190.430867708312
0.330828025477707 190.45841541864
0.330955414012739 190.485952523498
0.331082802547771 190.513479031047
0.331210191082803 190.540994949442
0.331337579617834 190.568500286825
0.331464968152866 190.595995051333
0.331592356687898 190.62347925109
0.33171974522293 190.650952894211
0.331847133757962 190.678415988804
0.331974522292994 190.705868542965
0.332101910828025 190.733310564782
0.332229299363057 190.760742062334
0.332356687898089 190.78816304369
0.332484076433121 190.81557351691
0.332611464968153 190.842973490044
0.332738853503185 190.870362971134
0.332866242038217 190.897741968213
0.332993630573248 190.925110489302
0.33312101910828 190.952468542416
0.333248407643312 190.97981613556
0.333375796178344 191.007153276728
0.333503184713376 191.034479973908
0.333630573248408 191.061796235075
0.333757961783439 191.089102068199
0.333885350318471 191.116397481238
0.334012738853503 191.143682482141
0.334140127388535 191.170957078849
0.334267515923567 191.198221279294
0.334394904458599 191.225475091399
0.334522292993631 191.252718523076
0.334649681528662 191.279951582229
0.334777070063694 191.307174276756
0.334904458598726 191.334386614541
0.335031847133758 191.361588603462
0.33515923566879 191.388780251387
0.335286624203822 191.415961566177
0.335414012738854 191.44313255568
0.335541401273885 191.47029322774
0.335668789808917 191.497443590187
0.335796178343949 191.524583650847
0.335923566878981 191.551713417533
0.336050955414013 191.578832898052
0.336178343949045 191.6059421002
0.336305732484076 191.633041031766
0.336433121019108 191.660129700529
0.33656050955414 191.687208114259
0.336687898089172 191.714276280718
0.336815286624204 191.741334207659
0.336942675159236 191.768381902826
0.337070063694268 191.795419373954
0.337197452229299 191.822446628769
0.337324840764331 191.849463674989
0.337452229299363 191.876470520323
0.337579617834395 191.903467172472
0.337707006369427 191.930453639127
0.337834394904459 191.957429927971
0.33796178343949 191.984396046677
0.338089171974522 192.011352002911
0.338216560509554 192.038297804331
0.338343949044586 192.065233458584
0.338471337579618 192.092158973309
0.33859872611465 192.119074356138
0.338726114649681 192.145979614693
0.338853503184713 192.172874756588
0.338980891719745 192.199759789427
0.339108280254777 192.226634720807
0.339235668789809 192.253499558316
0.339363057324841 192.280354309534
0.339490445859873 192.307198982031
0.339617834394904 192.33403358337
0.339745222929936 192.360858121104
0.339872611464968 192.38767260278
0.34 192.414477035933
0.340127388535032 192.441271428092
0.340254777070064 192.468055786777
0.340382165605096 192.4948301195
0.340509554140127 192.521594433763
0.340636942675159 192.548348737062
0.340764331210191 192.575093036882
0.340891719745223 192.601827340702
0.341019108280255 192.62855165599
0.341146496815287 192.655265990208
0.341273885350318 192.681970350809
0.34140127388535 192.708664745237
0.341528662420382 192.735349180927
0.341656050955414 192.762023665309
0.341783439490446 192.788688205801
0.341910828025478 192.815342809814
0.34203821656051 192.841987484751
0.342165605095541 192.868622238008
0.342292993630573 192.895247076969
0.342420382165605 192.921862009013
0.342547770700637 192.948467041511
0.342675159235669 192.975062181823
0.342802547770701 193.001647437303
0.342929936305732 193.028222815297
0.343057324840764 193.05478832314
0.343184713375796 193.081343968163
0.343312101910828 193.107889757686
0.34343949044586 193.134425699022
0.343566878980892 193.160951799474
0.343694267515924 193.187468066339
0.343821656050955 193.213974506906
0.343949044585987 193.240471128455
0.344076433121019 193.266957938256
0.344203821656051 193.293434943575
0.344331210191083 193.319902151668
0.344458598726115 193.346359569781
0.344585987261146 193.372807205155
0.344713375796178 193.399245065022
0.34484076433121 193.425673156605
0.344968152866242 193.45209148712
0.345095541401274 193.478500063775
0.345222929936306 193.504898893769
0.345350318471338 193.531287984294
0.345477707006369 193.557667342535
0.345605095541401 193.584036975667
0.345732484076433 193.610396890857
0.345859872611465 193.636747095267
0.345987261146497 193.663087596047
0.346114649681529 193.689418400343
0.346242038216561 193.715739515291
0.346369426751592 193.742050948018
0.346496815286624 193.768352705647
0.346624203821656 193.794644795288
0.346751592356688 193.820927224048
0.34687898089172 193.847199999023
0.347006369426752 193.873463127303
0.347133757961783 193.899716615969
0.347261146496815 193.925960472095
0.347388535031847 193.952194702746
0.347515923566879 193.97841931498
0.347643312101911 194.004634315849
0.347770700636943 194.030839712394
0.347898089171975 194.057035511651
0.348025477707006 194.083221720646
0.348152866242038 194.109398346399
0.34828025477707 194.135565395922
0.348407643312102 194.161722876218
0.348535031847134 194.187870794285
0.348662420382166 194.214009157109
0.348789808917197 194.240137971674
0.348917197452229 194.266257244952
0.349044585987261 194.292366983908
0.349171974522293 194.318467195501
0.349299363057325 194.344557886681
0.349426751592357 194.370639064391
0.349554140127389 194.396710735567
0.34968152866242 194.422772907136
0.349808917197452 194.448825586018
0.349936305732484 194.474868779126
0.350063694267516 194.500902493364
0.350191082802548 194.526926735631
0.35031847133758 194.552941512816
0.350445859872611 194.578946831802
0.350573248407643 194.604942699464
0.350700636942675 194.630929122669
0.350828025477707 194.656906108276
0.350955414012739 194.68287366314
0.351082802547771 194.708831794104
0.351210191082803 194.734780508006
0.351337579617834 194.760719811676
0.351464968152866 194.786649711937
0.351592356687898 194.812570215605
0.35171974522293 194.838481329487
0.351847133757962 194.864383060384
0.351974522292994 194.890275415088
0.352101910828025 194.916158400386
0.352229299363057 194.942032023056
0.352356687898089 194.967896289869
0.352484076433121 194.993751207589
0.352611464968153 195.019596782971
0.352738853503185 195.045433022766
0.352866242038217 195.071259933714
0.352993630573248 195.097077522551
0.35312101910828 195.122885796002
0.353248407643312 195.148684760789
0.353375796178344 195.174474423624
0.353503184713376 195.200254791212
0.353630573248408 195.22602587025
0.353757961783439 195.251787667431
0.353885350318471 195.277540189437
0.354012738853503 195.303283442945
0.354140127388535 195.329017434624
0.354267515923567 195.354742171136
0.354394904458599 195.380457659136
0.354522292993631 195.406163905272
0.354649681528662 195.431860916183
0.354777070063694 195.457548698504
0.354904458598726 195.48322725886
0.355031847133758 195.508896603871
0.35515923566879 195.534556740148
0.355286624203822 195.560207674296
0.355414012738853 195.585849412913
0.355541401273885 195.61148196259
0.355668789808917 195.637105329909
0.355796178343949 195.662719521448
0.355923566878981 195.688324543776
0.356050955414013 195.713920403455
0.356178343949045 195.73950710704
0.356305732484076 195.76508466108
0.356433121019108 195.790653072116
0.35656050955414 195.816212346682
0.356687898089172 195.841762491305
0.356815286624204 195.867303512506
0.356942675159236 195.892835416798
0.357070063694268 195.918358210686
0.357197452229299 195.943871900671
0.357324840764331 195.969376493245
0.357452229299363 195.994871994892
0.357579617834395 196.020358412093
0.357707006369427 196.045835751317
0.357834394904459 196.071304019031
0.35796178343949 196.096763221691
0.358089171974522 196.122213365748
0.358216560509554 196.147654457646
0.358343949044586 196.173086503824
0.358471337579618 196.198509510709
0.35859872611465 196.223923484727
0.358726114649682 196.249328432294
0.358853503184713 196.274724359818
0.358980891719745 196.300111273704
0.359108280254777 196.325489180347
0.359235668789809 196.350858086137
0.359363057324841 196.376217997455
0.359490445859873 196.401568920678
0.359617834394904 196.426910862175
0.359745222929936 196.452243828307
0.359872611464968 196.47756782543
0.36 196.502882859892
0.360127388535032 196.528188938036
0.360254777070064 196.553486066197
0.360382165605096 196.578774250702
0.360509554140127 196.604053497875
0.360636942675159 196.629323814029
0.360764331210191 196.654585205473
0.360891719745223 196.679837678509
0.361019108280255 196.705081239432
0.361146496815287 196.730315894529
0.361273885350318 196.755541650084
0.36140127388535 196.78075851237
0.361528662420382 196.805966487656
0.361656050955414 196.831165582204
0.361783439490446 196.856355802269
0.361910828025478 196.881537154099
0.36203821656051 196.906709643937
0.362165605095541 196.931873278018
0.362292993630573 196.95702806257
0.362420382165605 196.982174003817
0.362547770700637 197.007311107972
0.362675159235669 197.032439381246
0.362802547770701 197.057558829841
0.362929936305733 197.082669459954
0.363057324840764 197.107771277772
0.363184713375796 197.132864289481
0.363312101910828 197.157948501255
0.36343949044586 197.183023919266
0.363566878980892 197.208090549675
0.363694267515924 197.233148398642
0.363821656050955 197.258197472315
0.363949044585987 197.28323777684
0.364076433121019 197.308269318354
0.364203821656051 197.333292102987
0.364331210191083 197.358306136865
0.364458598726115 197.383311426106
0.364585987261146 197.408307976823
0.364713375796178 197.43329579512
0.36484076433121 197.458274887096
0.364968152866242 197.483245258845
0.365095541401274 197.508206916453
0.365222929936306 197.533159866
0.365350318471338 197.558104113559
0.365477707006369 197.583039665197
0.365605095541401 197.607966526976
0.365732484076433 197.632884704951
0.365859872611465 197.657794205169
0.365987261146497 197.682695033672
0.366114649681529 197.707587196496
0.36624203821656 197.732470699671
0.366369426751592 197.757345549219
0.366496815286624 197.782211751157
0.366624203821656 197.807069311497
0.366751592356688 197.831918236241
0.36687898089172 197.856758531388
0.367006369426752 197.88159020293
0.367133757961783 197.906413256851
0.367261146496815 197.931227699133
0.367388535031847 197.956033535747
0.367515923566879 197.98083077266
0.367643312101911 198.005619415833
0.367770700636943 198.030399471221
0.367898089171975 198.055170944771
0.368025477707006 198.079933842426
0.368152866242038 198.104688170121
0.36828025477707 198.129433933787
0.368407643312102 198.154171139347
0.368535031847134 198.178899792719
0.368662420382166 198.203619899813
0.368789808917197 198.228331466534
0.368917197452229 198.253034498783
0.369044585987261 198.277729002452
0.369171974522293 198.302414983427
0.369299363057325 198.32709244759
0.369426751592357 198.351761400815
0.369554140127389 198.376421848971
0.36968152866242 198.40107379792
0.369808917197452 198.42571725352
0.369936305732484 198.450352221619
0.370063694267516 198.474978708063
0.370191082802548 198.49959671869
0.37031847133758 198.524206259332
0.370445859872611 198.548807335815
0.370573248407643 198.573399953961
0.370700636942675 198.597984119583
0.370828025477707 198.622559838489
0.370955414012739 198.647127116482
0.371082802547771 198.671685959358
0.371210191082803 198.696236372908
0.371337579617834 198.720778362915
0.371464968152866 198.745311935159
0.371592356687898 198.769837095411
0.37171974522293 198.794353849439
0.371847133757962 198.818862203004
0.371974522292994 198.843362161858
0.372101910828025 198.867853731753
0.372229299363057 198.89233691843
0.372356687898089 198.916811727627
0.372484076433121 198.941278165074
0.372611464968153 198.965736236497
0.372738853503185 198.990185947616
0.372866242038217 199.014627304143
0.372993630573248 199.039060311787
0.37312101910828 199.063484976249
0.373248407643312 199.087901303226
0.373375796178344 199.112309298406
0.373503184713376 199.136708967476
0.373630573248408 199.161100316113
0.37375796178344 199.18548334999
0.373885350318471 199.209858074773
0.374012738853503 199.234224496125
0.374140127388535 199.2585826197
0.374267515923567 199.282932451148
0.374394904458599 199.307273996112
0.374522292993631 199.331607260231
0.374649681528662 199.355932249137
0.374777070063694 199.380248968456
0.374904458598726 199.404557423809
0.375031847133758 199.428857620812
0.37515923566879 199.453149565073
0.375286624203822 199.477433262197
0.375414012738853 199.501708717781
0.375541401273885 199.525975937417
0.375668789808917 199.550234926692
0.375796178343949 199.574485691187
0.375923566878981 199.598728236477
0.376050955414013 199.622962568131
0.376178343949045 199.647188691713
0.376305732484076 199.671406612782
0.376433121019108 199.695616336891
0.37656050955414 199.719817869585
0.376687898089172 199.744011216406
0.376815286624204 199.76819638289
0.376942675159236 199.792373374568
0.377070063694267 199.816542196963
0.377197452229299 199.840702855594
0.377324840764331 199.864855355974
0.377452229299363 199.888999703612
0.377579617834395 199.91313590401
0.377707006369427 199.937263962663
0.377834394904459 199.961383885063
0.37796178343949 199.985495676696
0.378089171974522 200.00959934304
0.378216560509554 200.033694889572
0.378343949044586 200.057782321758
0.378471337579618 200.081861645063
0.37859872611465 200.105932864945
0.378726114649682 200.129995986855
0.378853503184713 200.154051016241
0.378980891719745 200.178097958543
0.379108280254777 200.202136819198
0.379235668789809 200.226167603635
0.379363057324841 200.25019031728
0.379490445859873 200.274204965552
0.379617834394904 200.298211553865
0.379745222929936 200.322210087628
0.379872611464968 200.346200572242
0.38 200.370183013107
0.380127388535032 200.394157415613
0.380254777070064 200.418123785149
0.380382165605096 200.442082127094
0.380509554140127 200.466032446826
0.380636942675159 200.489974749714
0.380764331210191 200.513909041124
0.380891719745223 200.537835326415
0.381019108280255 200.561753610942
0.381146496815287 200.585663900054
0.381273885350318 200.609566199095
0.38140127388535 200.633460513402
0.381528662420382 200.657346848309
0.381656050955414 200.681225209143
0.381783439490446 200.705095601227
0.381910828025478 200.728958029877
0.38203821656051 200.752812500405
0.382165605095541 200.776659018117
0.382292993630573 200.800497588315
0.382420382165605 200.824328216294
0.382547770700637 200.848150907344
0.382675159235669 200.871965666751
0.382802547770701 200.895772499795
0.382929936305732 200.919571411749
0.383057324840764 200.943362407884
0.383184713375796 200.967145493463
0.383312101910828 200.990920673745
0.38343949044586 201.014687953984
0.383566878980892 201.038447339428
0.383694267515924 201.06219883532
0.383821656050955 201.085942446898
0.383949044585987 201.109678179395
0.384076433121019 201.133406038038
0.384203821656051 201.157126028049
0.384331210191083 201.180838154646
0.384458598726115 201.20454242304
0.384585987261147 201.228238838438
0.384713375796178 201.251927406041
0.38484076433121 201.275608131047
0.384968152866242 201.299281018646
0.385095541401274 201.322946074024
0.385222929936306 201.346603302361
0.385350318471338 201.370252708835
0.385477707006369 201.393894298615
0.385605095541401 201.417528076867
0.385732484076433 201.441154048752
0.385859872611465 201.464772219424
0.385987261146497 201.488382594033
0.386114649681529 201.511985177726
0.386242038216561 201.535579975641
0.386369426751592 201.559166992914
0.386496815286624 201.582746234674
0.386624203821656 201.606317706047
0.386751592356688 201.629881412151
0.38687898089172 201.653437358102
0.387006369426752 201.676985549009
0.387133757961783 201.700525989977
0.387261146496815 201.724058686105
0.387388535031847 201.747583642487
0.387515923566879 201.771100864213
0.387643312101911 201.794610356368
0.387770700636943 201.81811212403
0.387898089171975 201.841606172275
0.388025477707006 201.865092506171
0.388152866242038 201.888571130783
0.38828025477707 201.91204205117
0.388407643312102 201.935505272387
0.388535031847134 201.958960799484
0.388662420382166 201.982408637504
0.388789808917197 202.005848791488
0.388917197452229 202.029281266469
0.389044585987261 202.052706067478
0.389171974522293 202.076123199539
0.389299363057325 202.099532667672
0.389426751592357 202.122934476892
0.389554140127389 202.146328632209
0.38968152866242 202.169715138627
0.389808917197452 202.193094001148
0.389936305732484 202.216465224765
0.390063694267516 202.23982881447
0.390191082802548 202.263184775247
0.39031847133758 202.286533112078
0.390445859872611 202.309873829938
0.390573248407643 202.333206933797
0.390700636942675 202.356532428622
0.390828025477707 202.379850319374
0.390955414012739 202.403160611009
0.391082802547771 202.426463308478
0.391210191082803 202.449758416728
0.391337579617834 202.473045940701
0.391464968152866 202.496325885333
0.391592356687898 202.519598255556
0.39171974522293 202.542863056298
0.391847133757962 202.566120292481
0.391974522292994 202.589369969024
0.392101910828025 202.612612090837
0.392229299363057 202.635846662831
0.392356687898089 202.659073689907
0.392484076433121 202.682293176965
0.392611464968153 202.705505128898
0.392738853503185 202.728709550596
0.392866242038217 202.751906446941
0.392993630573248 202.775095822815
0.39312101910828 202.798277683091
0.393248407643312 202.82145203264
0.393375796178344 202.844618876327
0.393503184713376 202.867778219011
0.393630573248408 202.890930065551
0.393757961783439 202.914074420795
0.393885350318471 202.937211289591
0.394012738853503 202.96034067678
0.394140127388535 202.983462587199
0.394267515923567 203.006577025681
0.394394904458599 203.029683997053
0.394522292993631 203.052783506139
0.394649681528662 203.075875557755
0.394777070063694 203.098960156717
0.394904458598726 203.122037307832
0.395031847133758 203.145107015906
0.39515923566879 203.168169285738
0.395286624203822 203.191224122122
0.395414012738854 203.21427152985
0.395541401273885 203.237311513706
0.395668789808917 203.260344078473
0.395796178343949 203.283369228926
0.395923566878981 203.306386969838
0.396050955414013 203.329397305975
0.396178343949045 203.352400242101
0.396305732484076 203.375395782973
0.396433121019108 203.398383933345
0.39656050955414 203.421364697966
0.396687898089172 203.44433808158
0.396815286624204 203.467304088927
0.396942675159236 203.490262724743
0.397070063694268 203.513213993757
0.397197452229299 203.536157900696
0.397324840764331 203.559094450282
0.397452229299363 203.582023647231
0.397579617834395 203.604945496257
0.397707006369427 203.627860002066
0.397834394904459 203.650767169362
0.39796178343949 203.673667002845
0.398089171974522 203.696559507208
0.398216560509554 203.719444687142
0.398343949044586 203.742322547332
0.398471337579618 203.765193092459
0.39859872611465 203.788056327199
0.398726114649682 203.810912256224
0.398853503184713 203.833760884201
0.398980891719745 203.856602215795
0.399108280254777 203.879436255662
0.399235668789809 203.902263008457
0.399363057324841 203.92508247883
0.399490445859873 203.947894671426
0.399617834394904 203.970699590885
0.399745222929936 203.993497241844
0.399872611464968 204.016287628935
0.4 204.039070756784
0.400127388535032 204.061846630016
0.400254777070064 204.084615253249
0.400382165605096 204.107376631096
0.400509554140127 204.130130768167
0.400636942675159 204.152877669068
0.400764331210191 204.175617338401
0.400891719745223 204.19834978076
0.401019108280255 204.221075000739
0.401146496815287 204.243793002926
0.401273885350318 204.266503791903
0.40140127388535 204.28920737225
0.401528662420382 204.311903748542
0.401656050955414 204.334592925349
0.401783439490446 204.357274907237
0.401910828025478 204.379949698768
0.40203821656051 204.402617304499
0.402165605095541 204.425277728983
0.402292993630573 204.447930976769
0.402420382165605 204.470577052402
0.402547770700637 204.49321596042
0.402675159235669 204.515847705361
0.402802547770701 204.538472291755
0.402929936305732 204.561089724129
0.403057324840764 204.583700007007
0.403184713375796 204.606303144907
0.403312101910828 204.628899142344
0.40343949044586 204.651488003826
0.403566878980892 204.674069733861
0.403694267515924 204.696644336949
0.403821656050955 204.719211817588
0.403949044585987 204.74177218027
0.404076433121019 204.764325429485
0.404203821656051 204.786871569717
0.404331210191083 204.809410605446
0.404458598726115 204.831942541148
0.404585987261146 204.854467381294
0.404713375796178 204.876985130353
0.40484076433121 204.899495792787
0.404968152866242 204.921999373057
0.405095541401274 204.944495875615
0.405222929936306 204.966985304914
0.405350318471338 204.9894676654
0.405477707006369 205.011942961515
0.405605095541401 205.034411197697
0.405732484076433 205.05687237838
0.405859872611465 205.079326507994
0.405987261146497 205.101773590965
0.406114649681529 205.124213631713
0.406242038216561 205.146646634657
0.406369426751592 205.169072604209
0.406496815286624 205.191491544778
0.406624203821656 205.213903460769
0.406751592356688 205.236308356583
0.40687898089172 205.258706236616
0.407006369426752 205.281097105261
0.407133757961783 205.303480966905
0.407261146496815 205.325857825934
0.407388535031847 205.348227686727
0.407515923566879 205.37059055366
0.407643312101911 205.392946431106
0.407770700636943 205.415295323431
0.407898089171975 205.437637234999
0.408025477707006 205.45997217017
0.408152866242038 205.4823001333
0.40828025477707 205.504621128739
0.408407643312102 205.526935160836
0.408535031847134 205.549242233933
0.408662420382166 205.571542352369
0.408789808917197 205.593835520481
0.408917197452229 205.616121742598
0.409044585987261 205.638401023049
0.409171974522293 205.660673366155
0.409299363057325 205.682938776236
0.409426751592357 205.705197257607
0.409554140127389 205.727448814579
0.40968152866242 205.749693451459
0.409808917197452 205.771931172549
0.409936305732484 205.794161982148
0.410063694267516 205.816385884552
0.410191082802548 205.838602884051
0.41031847133758 205.860812984932
0.410445859872611 205.883016191477
0.410573248407643 205.905212507966
0.410700636942675 205.927401938674
0.410828025477707 205.949584487872
0.410955414012739 205.971760159825
0.411082802547771 205.993928958798
0.411210191082803 206.01609088905
0.411337579617834 206.038245954835
0.411464968152866 206.060394160404
0.411592356687898 206.082535510006
0.41171974522293 206.104670007882
0.411847133757962 206.126797658272
0.411974522292994 206.148918465412
0.412101910828025 206.171032433533
0.412229299363057 206.193139566862
0.412356687898089 206.215239869623
0.412484076433121 206.237333346036
0.412611464968153 206.259420000317
0.412738853503185 206.281499836676
0.412866242038217 206.303572859323
0.412993630573248 206.325639072461
0.41312101910828 206.34769848029
0.413248407643312 206.369751087007
0.413375796178344 206.391796896804
0.413503184713376 206.41383591387
0.413630573248408 206.435868142389
0.413757961783439 206.457893586542
0.413885350318471 206.479912250506
0.414012738853503 206.501924138454
0.414140127388535 206.523929254555
0.414267515923567 206.545927602975
0.414394904458599 206.567919187875
0.414522292993631 206.589904013412
0.414649681528662 206.611882083741
0.414777070063694 206.633853403012
0.414904458598726 206.655817975371
0.415031847133758 206.677775804961
0.41515923566879 206.699726895919
0.415286624203822 206.72167125238
0.415414012738854 206.743608878477
0.415541401273885 206.765539778335
0.415668789808917 206.787463956078
0.415796178343949 206.809381415826
0.415923566878981 206.831292161694
0.416050955414013 206.853196197795
0.416178343949045 206.875093528236
0.416305732484076 206.896984157123
0.416433121019108 206.918868088555
0.41656050955414 206.940745326631
0.416687898089172 206.962615875442
0.416815286624204 206.984479739079
0.416942675159236 207.006336921627
0.417070063694268 207.028187427167
0.417197452229299 207.050031259779
0.417324840764331 207.071868423537
0.417452229299363 207.093698922511
0.417579617834395 207.115522760768
0.417707006369427 207.137339942372
0.417834394904459 207.159150471382
0.41796178343949 207.180954351854
0.418089171974522 207.20275158784
0.418216560509554 207.224542183388
0.418343949044586 207.246326142544
0.418471337579618 207.268103469348
0.41859872611465 207.289874167838
0.418726114649682 207.311638242047
0.418853503184713 207.333395696006
0.418980891719745 207.35514653374
0.419108280254777 207.376890759272
0.419235668789809 207.398628376621
0.419363057324841 207.420359389803
0.419490445859873 207.442083802829
0.419617834394904 207.463801619708
0.419745222929936 207.485512844442
0.419872611464968 207.507217481034
0.42 207.52891553348
0.420127388535032 207.550607005774
0.420254777070064 207.572291901905
0.420382165605096 207.59397022586
0.420509554140127 207.615641981621
0.420636942675159 207.637307173167
0.420764331210191 207.658965804473
0.420891719745223 207.680617879511
0.421019108280255 207.702263402249
0.421146496815287 207.723902376652
0.421273885350318 207.745534806681
0.42140127388535 207.767160696292
0.421528662420382 207.788780049439
0.421656050955414 207.810392870074
0.421783439490446 207.831999162141
0.421910828025478 207.853598929584
0.42203821656051 207.875192176343
0.422165605095541 207.896778906353
0.422292993630573 207.918359123547
0.422420382165605 207.939932831854
0.422547770700637 207.961500035197
0.422675159235669 207.9830607375
0.422802547770701 208.00461494268
0.422929936305733 208.026162654651
0.423057324840764 208.047703877325
0.423184713375796 208.06923861461
0.423312101910828 208.090766870408
0.42343949044586 208.11228864862
0.423566878980892 208.133803953144
0.423694267515924 208.155312787873
0.423821656050955 208.176815156696
0.423949044585987 208.1983110635
0.424076433121019 208.219800512167
0.424203821656051 208.241283506578
0.424331210191083 208.262760050607
0.424458598726115 208.284230148128
0.424585987261146 208.305693803009
0.424713375796178 208.327151019115
0.42484076433121 208.348601800309
0.424968152866242 208.370046150448
0.425095541401274 208.391484073388
0.425222929936306 208.412915572981
0.425350318471338 208.434340653074
0.425477707006369 208.455759317512
0.425605095541401 208.477171570136
0.425732484076433 208.498577414783
0.425859872611465 208.519976855289
0.425987261146497 208.541369895484
0.426114649681529 208.562756539194
0.426242038216561 208.584136790245
0.426369426751592 208.605510652456
0.426496815286624 208.626878129646
0.426624203821656 208.648239225626
0.426751592356688 208.669593944208
0.42687898089172 208.690942289198
0.427006369426752 208.712284264401
0.427133757961783 208.733619873615
0.427261146496815 208.754949120637
0.427388535031847 208.776272009262
0.427515923566879 208.797588543278
0.427643312101911 208.818898726472
0.427770700636943 208.840202562627
0.427898089171975 208.861500055523
0.428025477707006 208.882791208936
0.428152866242038 208.904076026639
0.42828025477707 208.925354512401
0.428407643312102 208.946626669989
0.428535031847134 208.967892503166
0.428662420382166 208.989152015692
0.428789808917197 209.010405211321
0.428917197452229 209.031652093808
0.429044585987261 209.052892666901
0.429171974522293 209.074126934347
0.429299363057325 209.095354899888
0.429426751592357 209.116576567264
0.429554140127389 209.137791940211
0.42968152866242 209.159001022462
0.429808917197452 209.180203817746
0.429936305732484 209.20140032979
0.430063694267516 209.222590562316
0.430191082802548 209.243774519044
0.43031847133758 209.26495220369
0.430445859872611 209.286123619967
0.430573248407643 209.307288771585
0.430700636942675 209.328447662249
0.430828025477707 209.349600295664
0.430955414012739 209.370746675528
0.431082802547771 209.391886805539
0.431210191082803 209.41302068939
0.431337579617834 209.43414833077
0.431464968152866 209.455269733366
0.431592356687898 209.476384900862
0.43171974522293 209.497493836937
0.431847133757962 209.518596545269
0.431974522292994 209.539693029532
0.432101910828025 209.560783293395
0.432229299363057 209.581867340526
0.432356687898089 209.602945174589
0.432484076433121 209.624016799244
0.432611464968153 209.645082218149
0.432738853503185 209.666141434958
0.432866242038217 209.687194453323
0.432993630573248 209.708241276889
0.43312101910828 209.729281909304
0.433248407643312 209.750316354206
0.433375796178344 209.771344615236
0.433503184713376 209.792366696027
0.433630573248408 209.813382600212
0.43375796178344 209.834392331418
0.433885350318471 209.855395893272
0.434012738853503 209.876393289394
0.434140127388535 209.897384523405
0.434267515923567 209.91836959892
0.434394904458599 209.939348519551
0.434522292993631 209.960321288908
0.434649681528662 209.981287910598
0.434777070063694 210.002248388222
0.434904458598726 210.023202725381
0.435031847133758 210.044150925671
0.43515923566879 210.065092992687
0.435286624203822 210.086028930019
0.435414012738853 210.106958741253
0.435541401273885 210.127882429974
0.435668789808917 210.148799999763
0.435796178343949 210.169711454197
0.435923566878981 210.190616796852
0.436050955414013 210.211516031298
0.436178343949045 210.232409161105
0.436305732484076 210.253296189837
0.436433121019108 210.274177121057
0.43656050955414 210.295051958323
0.436687898089172 210.315920705192
0.436815286624204 210.336783365216
0.436942675159236 210.357639941946
0.437070063694268 210.378490438927
0.437197452229299 210.399334859703
0.437324840764331 210.420173207815
0.437452229299363 210.441005486799
0.437579617834395 210.461831700191
0.437707006369427 210.482651851521
0.437834394904459 210.503465944317
0.43796178343949 210.524273982104
0.438089171974522 210.545075968404
0.438216560509554 210.565871906737
0.438343949044586 210.586661800616
0.438471337579618 210.607445653557
0.43859872611465 210.628223469067
0.438726114649682 210.648995250653
0.438853503184713 210.66976100182
0.438980891719745 210.690520726067
0.439108280254777 210.711274426892
0.439235668789809 210.73202210779
0.439363057324841 210.752763772251
0.439490445859873 210.773499423764
0.439617834394904 210.794229065814
0.439745222929936 210.814952701883
0.439872611464968 210.835670335451
0.44 210.856381969994
0.440127388535032 210.877087608985
0.440254777070064 210.897787255894
0.440382165605096 210.918480914188
0.440509554140127 210.939168587331
0.440636942675159 210.959850278785
0.440764331210191 210.980525992008
0.440891719745223 211.001195730454
0.441019108280255 211.021859497577
0.441146496815287 211.042517296824
0.441273885350318 211.063169131642
0.44140127388535 211.083815005475
0.441528662420382 211.104454921763
0.441656050955414 211.125088883942
0.441783439490446 211.145716895447
0.441910828025478 211.16633895971
0.44203821656051 211.186955080158
0.442165605095541 211.207565260216
0.442292993630573 211.228169503309
0.442420382165605 211.248767812853
0.442547770700637 211.269360192267
0.442675159235669 211.289946644964
0.442802547770701 211.310527174354
0.442929936305732 211.331101783845
0.443057324840764 211.351670476841
0.443184713375796 211.372233256745
0.443312101910828 211.392790126954
0.44343949044586 211.413341090866
0.443566878980892 211.433886151873
0.443694267515924 211.454425313364
0.443821656050955 211.474958578728
0.443949044585987 211.495485951348
0.444076433121019 211.516007434606
0.444203821656051 211.53652303188
0.444331210191083 211.557032746545
0.444458598726115 211.577536581974
0.444585987261147 211.598034541537
0.444713375796178 211.6185266286
0.44484076433121 211.639012846528
0.444968152866242 211.659493198681
0.445095541401274 211.679967688418
0.445222929936306 211.700436319093
0.445350318471338 211.72089909406
0.445477707006369 211.741356016666
0.445605095541401 211.76180709026
0.445732484076433 211.782252318185
0.445859872611465 211.802691703781
0.445987261146497 211.823125250388
0.446114649681529 211.843552961339
0.44624203821656 211.863974839967
0.446369426751592 211.884390889601
0.446496815286624 211.904801113569
0.446624203821656 211.925205515193
0.446751592356688 211.945604097795
0.44687898089172 211.965996864693
0.447006369426752 211.986383819203
0.447133757961783 212.006764964635
0.447261146496815 212.0271403043
0.447388535031847 212.047509841505
0.447515923566879 212.067873579554
0.447643312101911 212.088231521747
0.447770700636943 212.108583671382
0.447898089171975 212.128930031757
0.448025477707006 212.149270606162
0.448152866242038 212.169605397888
0.44828025477707 212.189934410221
0.448407643312102 212.210257646447
0.448535031847134 212.230575109846
0.448662420382166 212.250886803696
0.448789808917197 212.271192731275
0.448917197452229 212.291492895855
0.449044585987261 212.311787300705
0.449171974522293 212.332075949094
0.449299363057325 212.352358844287
0.449426751592357 212.372635989545
0.449554140127389 212.392907388126
0.44968152866242 212.413173043289
0.449808917197452 212.433432958286
0.449936305732484 212.453687136368
0.450063694267516 212.473935580783
0.450191082802548 212.494178294777
0.45031847133758 212.514415281591
0.450445859872611 212.534646544467
0.450573248407643 212.554872086641
0.450700636942675 212.575091911346
0.450828025477707 212.595306021816
0.450955414012739 212.615514421278
0.451082802547771 212.635717112959
0.451210191082803 212.655914100083
0.451337579617834 212.676105385869
0.451464968152866 212.696290973535
0.451592356687898 212.716470866298
0.45171974522293 212.736645067369
0.451847133757962 212.756813579958
0.451974522292994 212.776976407272
0.452101910828025 212.797133552516
0.452229299363057 212.81728501889
0.452356687898089 212.837430809595
0.452484076433121 212.857570927826
0.452611464968153 212.877705376776
0.452738853503185 212.897834159638
0.452866242038217 212.917957279597
0.452993630573248 212.938074739841
0.45312101910828 212.958186543552
0.453248407643312 212.97829269391
0.453375796178344 212.998393194092
0.453503184713376 213.018488047272
0.453630573248408 213.038577256624
0.45375796178344 213.058660825316
0.453885350318471 213.078738756516
0.454012738853503 213.098811053386
0.454140127388535 213.118877719089
0.454267515923567 213.138938756783
0.454394904458599 213.158994169624
0.454522292993631 213.179043960765
0.454649681528662 213.199088133358
0.454777070063694 213.21912669055
0.454904458598726 213.239159635487
0.455031847133758 213.259186971312
0.45515923566879 213.279208701165
0.455286624203822 213.299224828182
0.455414012738854 213.3192353555
0.455541401273885 213.339240286251
0.455668789808917 213.359239623563
0.455796178343949 213.379233370565
0.455923566878981 213.39922153038
0.456050955414013 213.41920410613
0.456178343949045 213.439181100935
0.456305732484076 213.459152517911
0.456433121019108 213.479118360171
0.45656050955414 213.499078630828
0.456687898089172 213.51903333299
0.456815286624204 213.538982469763
0.456942675159236 213.55892604425
0.457070063694268 213.578864059553
0.457197452229299 213.598796518769
0.457324840764331 213.618723424995
0.457452229299363 213.638644781324
0.457579617834395 213.658560590846
0.457707006369427 213.67847085665
0.457834394904459 213.69837558182
0.45796178343949 213.718274769439
0.458089171974522 213.738168422589
0.458216560509554 213.758056544346
0.458343949044586 213.777939137785
0.458471337579618 213.79781620598
0.45859872611465 213.817687752
0.458726114649682 213.837553778913
0.458853503184713 213.857414289783
0.458980891719745 213.877269287673
0.459108280254777 213.897118775643
0.459235668789809 213.916962756749
0.459363057324841 213.936801234048
0.459490445859873 213.95663421059
0.459617834394904 213.976461689425
0.459745222929936 213.996283673601
0.459872611464968 214.016100166162
0.46 214.035911170151
0.460127388535032 214.055716688605
0.460254777070064 214.075516724564
0.460382165605096 214.09531128106
0.460509554140127 214.115100361126
0.460636942675159 214.134883967792
0.460764331210191 214.154662104084
0.460891719745223 214.174434773026
0.461019108280255 214.194201977641
0.461146496815287 214.213963720949
0.461273885350318 214.233720005964
0.46140127388535 214.253470835703
0.461528662420382 214.273216213178
0.461656050955414 214.292956141396
0.461783439490446 214.312690623366
0.461910828025478 214.332419662092
0.46203821656051 214.352143260575
0.462165605095541 214.371861421816
0.462292993630573 214.391574148811
0.462420382165605 214.411281444554
0.462547770700637 214.430983312038
0.462675159235669 214.450679754252
0.462802547770701 214.470370774183
0.462929936305732 214.490056374816
0.463057324840764 214.509736559133
0.463184713375796 214.529411330114
0.463312101910828 214.549080690736
0.46343949044586 214.568744643973
0.463566878980892 214.588403192798
0.463694267515924 214.608056340181
0.463821656050955 214.627704089089
0.463949044585987 214.647346442488
0.464076433121019 214.666983403339
0.464203821656051 214.686614974603
0.464331210191083 214.706241159238
0.464458598726115 214.725861960198
0.464585987261147 214.745477380437
0.464713375796178 214.765087422904
0.46484076433121 214.784692090549
0.464968152866242 214.804291386315
0.465095541401274 214.823885313148
0.465222929936306 214.843473873986
0.465350318471338 214.863057071768
0.465477707006369 214.882634909431
0.465605095541401 214.902207389907
0.465732484076433 214.921774516128
0.465859872611465 214.941336291022
0.465987261146497 214.960892717516
0.466114649681529 214.980443798533
0.466242038216561 214.999989536995
0.466369426751592 215.01952993582
0.466496815286624 215.039064997926
0.466624203821656 215.058594726227
0.466751592356688 215.078119123634
0.46687898089172 215.097638193057
0.467006369426752 215.117151937403
0.467133757961783 215.136660359577
0.467261146496815 215.156163462482
0.467388535031847 215.175661249016
0.467515923566879 215.195153722078
0.467643312101911 215.214640884563
0.467770700636943 215.234122739364
0.467898089171975 215.253599289371
0.468025477707006 215.273070537473
0.468152866242038 215.292536486555
0.46828025477707 215.3119971395
0.468407643312102 215.331452499191
0.468535031847134 215.350902568504
0.468662420382166 215.370347350318
0.468789808917197 215.389786847506
0.468917197452229 215.409221062939
0.469044585987261 215.428649999487
0.469171974522293 215.448073660017
0.469299363057325 215.467492047394
0.469426751592357 215.486905164479
0.469554140127389 215.506313014134
0.46968152866242 215.525715599215
0.469808917197452 215.545112922578
0.469936305732484 215.564504987077
0.470063694267516 215.583891795561
0.470191082802548 215.603273350879
0.47031847133758 215.622649655877
0.470445859872611 215.6420207134
0.470573248407643 215.661386526288
0.470700636942675 215.680747097381
0.470828025477707 215.700102429515
0.470955414012739 215.719452525525
0.471082802547771 215.738797388244
0.471210191082803 215.7581370205
0.471337579617834 215.777471425123
0.471464968152866 215.796800604937
0.471592356687898 215.816124562766
0.47171974522293 215.835443301429
0.471847133757962 215.854756823747
0.471974522292994 215.874065132534
0.472101910828025 215.893368230605
0.472229299363057 215.912666120771
0.472356687898089 215.931958805843
0.472484076433121 215.951246288626
0.472611464968153 215.970528571926
0.472738853503185 215.989805658546
0.472866242038217 216.009077551285
0.472993630573248 216.028344252942
0.47312101910828 216.047605766313
0.473248407643312 216.066862094191
0.473375796178344 216.086113239367
0.473503184713376 216.105359204631
0.473630573248408 216.124599992769
0.473757961783439 216.143835606565
0.473885350318471 216.163066048803
0.474012738853503 216.182291322261
0.474140127388535 216.201511429719
0.474267515923567 216.220726373951
0.474394904458599 216.23993615773
0.474522292993631 216.259140783828
0.474649681528662 216.278340255014
0.474777070063694 216.297534574054
0.474904458598726 216.316723743713
0.475031847133758 216.335907766753
0.47515923566879 216.355086645933
0.475286624203822 216.374260384012
0.475414012738854 216.393428983745
0.475541401273885 216.412592447885
0.475668789808917 216.431750779183
0.475796178343949 216.450903980389
0.475923566878981 216.470052054249
0.476050955414013 216.489195003507
0.476178343949045 216.508332830906
0.476305732484076 216.527465539186
0.476433121019108 216.546593131084
0.47656050955414 216.565715609336
0.476687898089172 216.584832976676
0.476815286624204 216.603945235835
0.476942675159236 216.623052389543
0.477070063694268 216.642154440525
0.477197452229299 216.661251391507
0.477324840764331 216.680343245211
0.477452229299363 216.699430004358
0.477579617834395 216.718511671666
0.477707006369427 216.737588249851
0.477834394904459 216.756659741626
0.47796178343949 216.775726149703
0.478089171974522 216.794787476793
0.478216560509554 216.813843725601
0.478343949044586 216.832894898834
0.478471337579618 216.851940999195
0.47859872611465 216.870982029383
0.478726114649682 216.890017992098
0.478853503184713 216.909048890037
0.478980891719745 216.928074725894
0.479108280254777 216.94709550236
0.479235668789809 216.966111222127
0.479363057324841 216.985121887882
0.479490445859873 217.004127502311
0.479617834394904 217.023128068098
0.479745222929936 217.042123587923
0.479872611464968 217.061114064467
0.48 217.080099500407
0.480127388535032 217.099079898418
0.480254777070064 217.118055261173
0.480382165605096 217.137025591342
0.480509554140127 217.155990891595
0.480636942675159 217.174951164598
0.480764331210191 217.193906413015
0.480891719745223 217.21285663951
0.481019108280255 217.231801846741
0.481146496815287 217.250742037369
0.481273885350319 217.269677214047
0.48140127388535 217.288607379431
0.481528662420382 217.307532536173
0.481656050955414 217.326452686921
0.481783439490446 217.345367834324
0.481910828025478 217.364277981027
0.48203821656051 217.383183129673
0.482165605095541 217.402083282904
0.482292993630573 217.42097844336
0.482420382165605 217.439868613677
0.482547770700637 217.458753796489
0.482675159235669 217.477633994432
0.482802547770701 217.496509210134
0.482929936305732 217.515379446225
0.483057324840764 217.534244705332
0.483184713375796 217.553104990079
0.483312101910828 217.57196030309
0.48343949044586 217.590810646983
0.483566878980892 217.609656024378
0.483694267515924 217.628496437892
0.483821656050955 217.647331890138
0.483949044585987 217.666162383729
0.484076433121019 217.684987921274
0.484203821656051 217.703808505383
0.484331210191083 217.72262413866
0.484458598726115 217.74143482371
0.484585987261146 217.760240563136
0.484713375796178 217.779041359536
0.48484076433121 217.797837215509
0.484968152866242 217.81662813365
0.485095541401274 217.835414116553
0.485222929936306 217.85419516681
0.485350318471338 217.872971287011
0.485477707006369 217.891742479743
0.485605095541401 217.910508747592
0.485732484076433 217.92927009314
0.485859872611465 217.948026518971
0.485987261146497 217.966778027663
0.486114649681529 217.985524621793
0.486242038216561 218.004266303938
0.486369426751592 218.02300307667
0.486496815286624 218.041734942561
0.486624203821656 218.06046190418
0.486751592356688 218.079183964095
0.48687898089172 218.097901124871
0.487006369426752 218.116613389071
0.487133757961783 218.135320759257
0.487261146496815 218.154023237987
0.487388535031847 218.17272082782
0.487515923566879 218.19141353131
0.487643312101911 218.210101351011
0.487770700636943 218.228784289474
0.487898089171975 218.247462349248
0.488025477707006 218.266135532881
0.488152866242038 218.284803842918
0.48828025477707 218.303467281902
0.488407643312102 218.322125852374
0.488535031847134 218.340779556874
0.488662420382166 218.359428397939
0.488789808917197 218.378072378105
0.488917197452229 218.396711499904
0.489044585987261 218.415345765869
0.489171974522293 218.433975178528
0.489299363057325 218.452599740409
0.489426751592357 218.471219454038
0.489554140127389 218.489834321938
0.48968152866242 218.508444346631
0.489808917197452 218.527049530635
0.489936305732484 218.545649876469
0.490063694267516 218.564245386649
0.490191082802548 218.582836063687
0.49031847133758 218.601421910097
0.490445859872611 218.620002928386
0.490573248407643 218.638579121064
0.490700636942675 218.657150490636
0.490828025477707 218.675717039605
0.490955414012739 218.694278770475
0.491082802547771 218.712835685744
0.491210191082803 218.731387787912
0.491337579617834 218.749935079473
0.491464968152866 218.768477562922
0.491592356687898 218.787015240752
0.49171974522293 218.805548115452
0.491847133757962 218.824076189511
0.491974522292994 218.842599465416
0.492101910828026 218.861117945651
0.492229299363057 218.879631632698
0.492356687898089 218.898140529038
0.492484076433121 218.91664463715
0.492611464968153 218.93514395951
0.492738853503185 218.953638498594
0.492866242038217 218.972128256874
0.492993630573248 218.990613236821
0.49312101910828 219.009093440905
0.493248407643312 219.027568871592
0.493375796178344 219.046039531349
0.493503184713376 219.064505422637
0.493630573248408 219.08296654792
0.49375796178344 219.101422909655
0.493885350318471 219.119874510302
0.494012738853503 219.138321352315
0.494140127388535 219.156763438149
0.494267515923567 219.175200770255
0.494394904458599 219.193633351084
0.494522292993631 219.212061183084
0.494649681528662 219.230484268701
0.494777070063694 219.248902610379
0.494904458598726 219.26731621056
0.495031847133758 219.285725071687
0.49515923566879 219.304129196196
0.495286624203822 219.322528586526
0.495414012738853 219.340923245111
0.495541401273885 219.359313174384
0.495668789808917 219.377698376776
0.495796178343949 219.396078854717
0.495923566878981 219.414454610634
0.496050955414013 219.432825646952
0.496178343949045 219.451191966096
0.496305732484076 219.469553570488
0.496433121019108 219.487910462546
0.49656050955414 219.506262644691
0.496687898089172 219.524610119336
0.496815286624204 219.542952888898
0.496942675159236 219.561290955789
0.497070063694268 219.579624322419
0.497197452229299 219.597952991197
0.497324840764331 219.616276964531
0.497452229299363 219.634596244824
0.497579617834395 219.652910834482
0.497707006369427 219.671220735904
0.497834394904459 219.689525951491
0.49796178343949 219.707826483641
0.498089171974522 219.726122334749
0.498216560509554 219.744413507209
0.498343949044586 219.762700003415
0.498471337579618 219.780981825755
0.49859872611465 219.799258976619
0.498726114649682 219.817531458394
0.498853503184713 219.835799273464
0.498980891719745 219.854062424213
0.499108280254777 219.872320913021
0.499235668789809 219.890574742269
0.499363057324841 219.908823914334
0.499490445859873 219.927068431591
0.499617834394904 219.945308296415
0.499745222929936 219.963543511178
0.499872611464968 219.98177407825
0.5 220
