0 1 -0
0.000382165605095541 1 -360.173944135551
0.000764331210191083 1 -720.295971220034
0.00114649681528662 1 -1080.31417168593
0.00152866242038217 1 -1440.17665093175
0.00191082802547771 1 -1799.83153680234
0.00229299363057325 1 -2159.22698706596
0.00267515923566879 1 -2518.31119688707
0.00305732484076433 1 -2877.03240629368
0.00343949044585987 1 -3235.33890763826
0.00382165605095541 1 -3593.17905305115
0.00420382165605096 1 -3950.50126188526
0.0045859872611465 1 -4307.25402815113
0.00496815286624204 1 -4663.38592794127
0.00535031847133758 1 -5018.84562684262
0.00573248407643312 1 -5373.58188733607
0.00611464968152866 1 -5727.54357618211
0.0064968152866242 1 -6080.67967179137
0.00687898089171974 1 -6432.93927157914
0.00726114649681529 1 -6784.27159930261
0.00764331210191083 1 -7134.62601238008
0.00802547770700637 1 -7483.95200919072
0.00840764331210191 1 -7832.19923635414
0.00878980891719745 1 -8179.31749598854
0.00917197452229299 1 -8525.25675294644
0.00955414012738853 1 -8869.96714202698
0.00993630573248408 1 -9213.39897516369
0.0103184713375796 1 -9555.50274858677
0.0107006369426752 1 -9896.22914995877
0.0110828025477707 1 -10235.5290654827
0.0114649681528662 1 -10573.3535869814
0.0118471337579618 1 -10909.6540189477
0.0122292993630573 1 -11244.381885563
0.0126114649681529 1 -11577.4889376856
0.0129936305732484 1 -11908.9271598047
0.0133757961783439 1 -12238.6487769623
0.0137579617834395 1 -12566.6062616392
0.014140127388535 1 -12892.752340606
0.0145222929936306 1 -13217.0400017373
0.0149044585987261 1 -13539.4225007881
0.0152866242038217 1 -13859.8533681319
0.0156687898089172 1 -14178.2864154589
0.0160509554140127 1 -14494.6757424339
0.0164331210191083 1 -14808.9757433126
0.0168152866242038 1 -15121.1411135149
0.0171974522292994 1 -15431.1268561563
0.0175796178343949 1 -15738.8882885329
0.0179617834394904 1 -16044.3810485629
0.018343949044586 1 -16347.5611011808
0.0187261146496815 1 -16648.3847446849
0.0191082802547771 1 -16946.8086170365
0.0194904458598726 1 -17242.7897021107
0.0198726114649682 1 -17536.2853358964
0.0202547770700637 1 -17827.2532126465
0.0206369426751592 1 -18115.6513909758
0.0210191082802548 1 -18401.4382999068
0.0214012738853503 1 -18684.5727448617
0.0217834394904459 1 -18965.0139136006
0.0221656050955414 1 -19242.7213821041
0.0225477707006369 1 -19517.6551204004
0.0229299363057325 1 -19789.7754983354
0.023312101910828 1 -20059.043291285
0.0236942675159236 1 -20325.4196858092
0.0240764331210191 1 -20588.866285247
0.0244585987261146 1 -20849.3451152506
0.0248407643312102 1 -21106.8186292598
0.0252229299363057 1 -21361.2497139137
0.0256050955414013 1 -21612.6016944005
0.0259872611464968 1 -21860.8383397439
0.0263694267515924 1 -22105.9238680258
0.0267515923566879 1 -22347.8229515439
0.0271337579617834 1 -22586.5007219039
0.027515923566879 1 -22821.9227750458
0.0278980891719745 1 -23054.055176203
0.0282802547770701 1 -23282.8644647936
0.0286624203821656 1 -23508.3176592438
0.0290445859872611 1 -23730.3822617419
0.0294267515923567 1 -23949.0262629228
0.0298089171974522 1 -24164.2181464818
0.0301910828025478 1 -24375.9268937174
0.0305732484076433 1 -24584.1219880028
0.0309554140127389 1 -24788.7734191847
0.0313375796178344 1 -24989.8516879086
0.0317197452229299 1 -25187.3278098715
0.0321019108280255 1 -25381.1733199996
0.032484076433121 1 -25571.3602765513
0.0328662420382166 1 -25757.8612651451
0.0332484076433121 1 -25940.649402711
0.0336305732484076 1 -26119.6983413657
0.0340127388535032 1 -26294.9822722102
0.0343949044585987 1 -26466.4759290505
0.0347770700636943 1 -26634.1545920391
0.0351592356687898 1 -26797.9940912386
0.0355414012738854 1 -26957.9708101054
0.0359235668789809 1 -27114.0616888941
0.0363057324840764 1 -27266.244227981
0.036687898089172 1 -27414.4964911081
0.0370700636942675 1 -27558.7971085442
0.0374522292993631 1 -27699.1252801659
0.0378343949044586 1 -27835.4607784553
0.0382165605095541 1 -27967.7839514162
0.0385987261146497 1 -28096.0757254063
0.0389808917197452 1 -28220.3176078871
0.0393630573248408 1 -28340.491690089
0.0397452229299363 1 -28456.580649593
0.0401273885350318 1 -28568.5677528277
0.0405095541401274 1 -28676.4368574811
0.0408917197452229 1 -28780.1724148276
0.0412738853503185 1 -28879.7594719694
0.041656050955414 1 -28975.1836739914
0.0420382165605096 1 -29066.4312660309
0.0424203821656051 1 -29153.48909526
0.0428025477707006 1 -29236.3446127816
0.0431847133757962 1 -29314.9858754383
0.0435668789808917 1 -29389.4015475337
0.0439490445859873 1 -29459.5809024667
0.0443312101910828 1 -29525.5138242774
0.0447133757961783 1 -29587.1908091054
0.0450955414012739 1 -29644.6029665599
0.0454777070063694 1 -29697.7420210008
0.045859872611465 1 -29746.6003127318
0.0462420382165605 1 -29791.1707991046
0.0466242038216561 1 -29831.4470555341
0.0470063694267516 1 -29867.4232764239
0.0473885350318471 1 -29899.0942760039
0.0477707006369427 1 -29926.4554890775
0.0481528662420382 1 -29949.5029716794
0.0485350318471338 1 -29968.2334016445
0.0489171974522293 1 -29982.6440790865
0.0492993630573248 1 -29992.7329267872
0.0496815286624204 1 -29998.4984904959
0.0500636942675159 1 -29999.9399391389
0.0504458598726115 1 -29997.0570649395
0.050828025477707 1 -29989.8502834478
0.0512101910828025 1 -29978.3206334809
0.0515923566878981 1 -29962.4697769731
0.0519745222929936 1 -29942.2999987363
0.0523566878980892 1 -29917.8142061308
0.0527388535031847 1 -29889.0159286461
0.0531210191082803 1 -29855.909317392
0.0535031847133758 1 -29818.4991445007
0.0538853503184713 1 -29776.7908024385
0.0542675159235669 1 -29730.7903032286
0.0546496815286624 1 -29680.5042775845
0.055031847133758 1 -29625.9399739546
0.0554140127388535 1 -29567.1052574765
0.055796178343949 1 -29504.0086088444
0.0561783439490446 1 -29436.6591230856
0.0565605095541401 1 -29365.0665082503
0.0569426751592357 1 -29289.2410840118
0.0573248407643312 1 -29209.1937801791
0.0577070063694268 1 -29124.9361351215
0.0580891719745223 1 -29036.4802941052
0.0584713375796178 1 -28943.8390075429
0.0588535031847134 1 -28847.0256291558
0.0592356687898089 1 -28746.0541140485
0.0596178343949045 1 -28640.9390166978
0.06 1 -28531.6954888546
0.0603821656050955 1 -28418.3392773599
0.0607643312101911 1 -28300.8867218749
0.0611464968152866 1 -28179.3547525257
0.0615286624203822 1 -28053.7608874631
0.0619108280254777 1 -27924.1232303374
0.0622929936305732 1 -27790.4604676887
0.0626751592356688 1 -27652.7918662535
0.0630573248407643 1 -27511.1372701874
0.0634394904458599 1 -27365.5170982049
0.0638216560509554 1 -27215.9523406358
0.064203821656051 1 -27062.4645563999
0.0645859872611465 1 -26905.0758698992
0.064968152866242 1 -26743.8089678289
0.0653503184713376 1 -26578.687095907
0.0657324840764331 1 -26409.7340555241
0.0661146496815287 1 -26236.9742003118
0.0664968152866242 1 -26060.4324326331
0.0668789808917197 1 -25880.1341999921
0.0672611464968153 1 -25696.1054913665
0.0676433121019108 1 -25508.3728334608
0.0680254777070064 1 -25316.9632868834
0.0684076433121019 1 -25121.9044422453
0.0687898089171975 1 -24923.2244161833
0.069171974522293 1 -24720.9518473073
0.0695541401273885 1 -24515.115892072
0.0699363057324841 1 -24305.7462205743
0.0703184713375796 1 -24092.8730122762
0.0707006369426752 1 -23876.5269516552
0.0710828025477707 1 -23656.7392237808
0.0714649681528662 1 -23433.5415098194
0.0718471337579618 1 -23206.9659824679
0.0722292993630573 1 -22977.0453013159
0.0726114649681529 1 -22743.8126081383
0.0729936305732484 1 -22507.3015221178
0.0733757961783439 1 -22267.546134999
0.0737579617834395 1 -22024.5810061743
0.074140127388535 1 -21778.4411577025
0.0745222929936306 1 -21529.1620692602
0.0749044585987261 1 -21276.7796730278
0.0752866242038217 1 -21021.3303485102
0.0756687898089172 1 -20762.8509172928
0.0760509554140127 1 -20501.3786377339
0.0764331210191083 1 -20236.9511995938
0.0768152866242038 1 -19969.6067186026
0.0771974522292994 1 -19699.3837309657
0.0775796178343949 1 -19426.321187809
0.0779617834394905 1 -19150.4584495643
0.078343949044586 1 -18871.835280296
0.0787261146496815 1 -18590.4918419689
0.0791082802547771 1 -18306.4686886595
0.0794904458598726 1 -18019.80676071
0.0798726114649682 1 -17730.5473788274
0.0802547770700637 1 -17438.7322381268
0.0806369426751592 1 -17144.4034021217
0.0810191082802548 1 -16847.6032966606
0.0814012738853503 1 -16548.3747038119
0.0817834394904459 1 -16246.7607556963
0.0821656050955414 1 -15942.8049282706
0.0825477707006369 1 -15636.55103506
0.0829299363057325 1 -15328.043220843
0.083312101910828 1 -15017.3259552884
0.0836942675159236 1 -14704.4440265447
0.0840764331210191 1 -14389.4425347846
0.0844585987261147 1 -14072.366885704
0.0848407643312102 1 -13753.2627839766
0.0852229299363057 1 -13432.1762266665
0.0856050955414013 1 -13109.1534965974
0.0859872611464968 1 -12784.2411556816
0.0863694267515924 1 -12457.4860382082
0.0867515923566879 1 -12128.9352440919
0.0871337579617834 1 -11798.6361320845
0.087515923566879 1 -11466.6363129477
0.0878980891719745 1 -11132.9836425907
0.0882802547770701 1 -10797.7262151719
0.0886624203821656 1 -10460.9123561666
0.0890445859872611 1 -10122.5906154006
0.0894267515923567 1 -9782.80976005265
0.0898089171974522 1 -9441.61876762466
0.0901910828025478 1 -9099.06681888177
0.0905732484076433 1 -8755.20329076344
0.0909554140127388 1 -8410.07774926584
0.0913375796178344 1 -8063.73994229734
0.0917197452229299 1 -7716.23979250755
0.0921019108280255 1 -7367.62739009125
0.092484076433121 1 -7017.95298556822
0.0928662420382166 1 -6667.26698253987
0.0932484076433121 1 -6315.61993042383
0.0936305732484076 1 -5963.06251716759
0.0940127388535032 1 -5609.64556194207
0.0943949044585987 1 -5255.42000781633
0.0947770700636943 1 -4900.43691441445
0.0951592356687898 1 -4544.7474505555
0.0955414012738853 1 -4188.40288687792
0.0959235668789809 1 -3831.45458844906
0.0963057324840764 1 -3473.95400736131
0.096687898089172 1 -3115.95267531547
0.0970700636942675 1 -2757.50219619276
0.097452229299363 1 -2398.65423861645
0.0978343949044586 1 -2039.4605285041
0.0982165605095541 1 -1679.97284161155
0.0985987261146497 1 -1320.24299606975
0.0989808917197452 1 -960.322844915426
0.0993630573248408 1 -600.264268616839
0.0997452229299363 1 -240.119167595406
0.100127388535032 1 120.060545255366
0.100509554140127 1 480.222952052867
0.100891719745223 1 840.316137409111
0.101273885350318 1 1200.2881959139
0.101656050955414 1 1560.08723961689
0.10203821656051 1 1919.66140550679
0.102420382165605 1 2278.95886298717
0.102802547770701 1 2637.92782134764
0.103184713375796 1 2996.51653722902
0.103566878980892 1 3354.67332208203
0.103949044585987 1 3712.34654961776
0.104331210191083 1 4069.48466324939
0.104713375796178 1 4426.03618352378
0.105095541401274 1 4781.94971554191
0.105477707006369 1 5137.17395636718
0.105859872611465 1 5491.65770242047
0.106242038216561 1 5845.34985686079
0.106624203821656 1 6198.19943695067
0.107006369426752 1 6550.15558140497
0.107388535031847 1 6901.16755772227
0.107770700636943 1 7251.18476949775
0.108152866242038 1 7600.15676371621
0.108535031847134 1 7948.03323802478
0.108917197452229 1 8294.76404798359
0.109299363057325 1 8640.29921429384
0.10968152866242 1 8984.5889300021
0.110063694267516 1 9327.58356767957
0.110445859872611 1 9669.23368657576
0.110828025477707 1 10009.4900397449
0.111210191082803 1 10348.3035811449
0.111592356687898 1 10685.6254727067
0.111974522292994 1 11021.4070913743
0.112356687898089 1 11355.6000361132
0.112738853503185 1 11688.1561348877
0.11312101910828 1 12019.0274516038
0.113503184713376 1 12348.1662930197
0.113885350318471 1 12675.5252156201
0.114267515923567 1 13001.057032455
0.114649681528662 1 13324.7148199413
0.115031847133758 1 13646.4519246268
0.115414012738854 1 13966.2219699151
0.115796178343949 1 14283.9788627501
0.116178343949045 1 14599.6768002604
0.11656050955414 1 14913.2702763616
0.116942675159236 1 15224.7140883154
0.117324840764331 1 15533.9633432457
0.117707006369427 1 15840.9734646091
0.118089171974522 1 16145.7001986212
0.118471337579618 1 16448.0996206348
0.118853503184713 1 16748.1281414717
0.119235668789809 1 17045.7425137057
0.119617834394904 1 17340.8998378967
0.12 1 17633.5575687742
0.120382165605096 1 17923.6735213701
0.120764331210191 1 18211.2058770993
0.121146496815287 1 18496.1131897877
0.121528662420382 1 18778.3543916464
0.121910828025478 1 19057.8887991914
0.122292993630573 1 19334.6761191079
0.122675159235669 1 19608.6764540584
0.123057324840764 1 19879.8503084335
0.12343949044586 1 20148.1585940453
0.123821656050955 1 20413.5626357613
0.124203821656051 1 20676.0241770798
0.124585987261146 1 20935.5053856435
0.124968152866242 1 21191.9688586938
0.125350318471338 1 21445.3776284614
0.125732484076433 1 21695.6951674955
0.126114649681529 1 21942.8853939289
0.126496815286624 1 22186.9126766787
0.12687898089172 1 22427.7418405829
0.127261146496815 1 22665.3381714699
0.127643312101911 1 22899.6674211633
0.128025477707006 1 23130.6958124179
0.128407643312102 1 23358.3900437887
0.128789808917197 1 23582.7172944311
0.129171974522293 1 23803.6452288318
0.129554140127389 1 24021.1420014702
0.129936305732484 1 24235.1762614079
0.13031847133758 1 24445.7171568085
0.130700636942675 1 24652.7343393846
0.131082802547771 1 24856.197968772
0.131464968152866 1 25056.0787168313
0.131847133757962 1 25252.3477718754
0.132229299363057 1 25444.9768428223
0.132611464968153 1 25633.9381632735
0.132993630573248 1 25819.2044955158
0.133375796178344 1 26000.7491344481
0.133757961783439 1 26178.5459114303
0.134140127388535 1 26352.5691980558
0.134522292993631 1 26522.7939098451
0.134904458598726 1 26689.1955098621
0.135286624203822 1 26851.7500122508
0.135668789808917 1 27010.4339856928
0.136050955414013 1 27165.2245567845
0.136433121019108 1 27316.0994133345
0.136815286624204 1 27463.0368075796
0.137197452229299 1 27606.0155593198
0.137579617834395 1 27745.0150589711
0.13796178343949 1 27880.0152705363
0.138343949044586 1 28010.9967344931
0.138726114649682 1 28137.9405705993
0.139108280254777 1 28260.8284806138
0.139490445859873 1 28379.6427509346
0.139872611464968 1 28494.3662551521
0.140254777070064 1 28604.9824565173
0.140636942675159 1 28711.4754103263
0.141019108280255 1 28813.8297662178
0.14140127388535 1 28912.0307703864
0.141783439490446 1 29006.0642677089
0.142165605095541 1 29095.9167037847
0.142547770700637 1 29181.5751268898
0.142929936305732 1 29263.0271898438
0.143312101910828 1 29340.2611517892
0.143694267515924 1 29413.2658798842
0.144076433121019 1 29482.0308509073
0.144458598726115 1 29546.5461527742
0.14484076433121 1 29606.8024859664
0.145222929936306 1 29662.7911648719
0.145605095541401 1 29714.5041190372
0.145987261146497 1 29761.9338943304
0.146369426751592 1 29805.0736540158
0.146751592356688 1 29843.9171797392
0.147133757961783 1 29878.4588724247
0.147515923566879 1 29908.6937530813
0.147898089171975 1 29934.6174635206
0.14828025477707 1 29956.2262669856
0.148662420382166 1 29973.5170486885
0.149044585987261 1 29986.4873162602
0.149426751592357 1 29995.1352001096
0.149808917197452 1 29999.4594536927
0.150191082802548 1 29999.4594536927
0.150573248407643 1 29995.1352001096
0.150955414012739 1 29986.4873162602
0.151337579617834 1 29973.5170486885
0.15171974522293 1 29956.2262669856
0.152101910828025 1 29934.6174635206
0.152484076433121 1 29908.6937530813
0.152866242038217 1 29878.4588724247
0.153248407643312 1 29843.9171797392
0.153630573248408 1 29805.0736540158
0.154012738853503 1 29761.9338943304
0.154394904458599 1 29714.5041190372
0.154777070063694 1 29662.7911648719
0.15515923566879 1 29606.8024859664
0.155541401273885 1 29546.5461527742
0.155923566878981 1 29482.0308509073
0.156305732484076 1 29413.2658798842
0.156687898089172 1 29340.2611517892
0.157070063694268 1 29263.0271898438
0.157452229299363 1 29181.5751268898
0.157834394904459 1 29095.9167037847
0.158216560509554 1 29006.0642677089
0.15859872611465 1 28912.0307703864
0.158980891719745 1 28813.8297662178
0.159363057324841 1 28711.4754103263
0.159745222929936 1 28604.9824565173
0.160127388535032 1 28494.3662551521
0.160509554140127 1 28379.6427509346
0.160891719745223 1 28260.8284806138
0.161273885350318 1 28137.9405705993
0.161656050955414 1 28010.9967344931
0.16203821656051 1 27880.0152705363
0.162420382165605 1 27745.0150589711
0.162802547770701 1 27606.0155593198
0.163184713375796 1 27463.0368075796
0.163566878980892 1 27316.0994133345
0.163949044585987 1 27165.2245567845
0.164331210191083 1 27010.4339856928
0.164713375796178 1 26851.7500122508
0.165095541401274 1 26689.1955098621
0.165477707006369 1 26522.7939098451
0.165859872611465 1 26352.5691980558
0.166242038216561 1 26178.5459114303
0.166624203821656 1 26000.7491344481
0.167006369426752 1 25819.2044955158
0.167388535031847 1 25633.9381632734
0.167770700636943 1 25444.9768428223
0.168152866242038 1 25252.3477718754
0.168535031847134 1 25056.0787168313
0.168917197452229 1 24856.197968772
0.169299363057325 1 24652.7343393846
0.16968152866242 1 24445.7171568085
0.170063694267516 1 24235.1762614079
0.170445859872611 1 24021.1420014702
0.170828025477707 1 23803.6452288318
0.171210191082803 1 23582.7172944311
0.171592356687898 1 23358.3900437887
0.171974522292994 1 23130.6958124179
0.172356687898089 1 22899.6674211633
0.172738853503185 1 22665.3381714699
0.17312101910828 1 22427.7418405828
0.173503184713376 1 22186.9126766787
0.173885350318471 1 21942.8853939289
0.174267515923567 1 21695.6951674955
0.174649681528662 1 21445.3776284614
0.175031847133758 1 21191.9688586938
0.175414012738853 1 20935.5053856435
0.175796178343949 1 20676.0241770798
0.176178343949045 1 20413.5626357614
0.17656050955414 1 20148.1585940453
0.176942675159236 1 19879.8503084335
0.177324840764331 1 19608.6764540584
0.177707006369427 1 19334.6761191079
0.178089171974522 1 19057.8887991914
0.178471337579618 1 18778.3543916464
0.178853503184713 1 18496.1131897877
0.179235668789809 1 18211.2058770993
0.179617834394904 1 17923.6735213701
0.18 1 17633.5575687742
0.180382165605096 1 17340.8998378967
0.180764331210191 1 17045.7425137057
0.181146496815287 1 16748.1281414717
0.181528662420382 1 16448.0996206348
0.181910828025478 1 16145.7001986212
0.182292993630573 1 15840.9734646091
0.182675159235669 1 15533.9633432456
0.183057324840764 1 15224.7140883154
0.18343949044586 1 14913.2702763616
0.183821656050955 1 14599.6768002604
0.184203821656051 1 14283.9788627501
0.184585987261147 1 13966.2219699151
0.184968152866242 1 13646.4519246268
0.185350318471338 1 13324.7148199413
0.185732484076433 1 13001.057032455
0.186114649681529 1 12675.5252156201
0.186496815286624 1 12348.1662930198
0.18687898089172 1 12019.0274516038
0.187261146496815 1 11688.1561348877
0.187643312101911 1 11355.6000361132
0.188025477707006 1 11021.4070913743
0.188407643312102 1 10685.6254727067
0.188789808917197 1 10348.3035811449
0.189171974522293 1 10009.490039745
0.189554140127389 1 9669.23368657577
0.189936305732484 1 9327.5835676796
0.19031847133758 1 8984.5889300021
0.190700636942675 1 8640.29921429383
0.191082802547771 1 8294.7640479836
0.191464968152866 1 7948.03323802478
0.191847133757962 1 7600.15676371622
0.192229299363057 1 7251.18476949773
0.192611464968153 1 6901.16755772228
0.192993630573248 1 6550.15558140498
0.193375796178344 1 6198.19943695069
0.193757961783439 1 5845.3498568608
0.194140127388535 1 5491.65770242048
0.194522292993631 1 5137.17395636718
0.194904458598726 1 4781.94971554191
0.195286624203822 1 4426.0361835238
0.195668789808917 1 4069.48466324939
0.196050955414013 1 3712.34654961777
0.196433121019108 1 3354.67332208203
0.196815286624204 1 2996.51653722906
0.197197452229299 1 2637.92782134765
0.197579617834395 1 2278.9588629872
0.19796178343949 1 1919.66140550678
0.198343949044586 1 1560.08723961687
0.198726114649682 1 1200.28819591393
0.199108280254777 1 840.316137409109
0.199490445859873 1 480.222952052891
0.199872611464968 1 120.060545255364
0.200254777070064 1 -240.119167595395
0.200636942675159 1 -600.264268616815
0.201019108280255 1 -960.322844915402
0.20140127388535 1 -1320.24299606974
0.201783439490446 1 -1679.97284161157
0.202165605095541 1 -2039.46052850411
0.202547770700637 1 -2398.65423861644
0.202929936305732 1 -2757.50219619274
0.203312101910828 1 -3115.95267531546
0.203694267515924 1 -3473.9540073613
0.204076433121019 1 -3831.45458844907
0.204458598726115 1 -4188.40288687788
0.20484076433121 1 -4544.74745055549
0.205222929936306 1 -4900.43691441446
0.205605095541401 1 -5255.42000781633
0.205987261146497 1 -5609.64556194208
0.206369426751592 1 -5963.06251716757
0.206751592356688 1 -6315.61993042382
0.207133757961783 1 -6667.26698253985
0.207515923566879 1 -7017.95298556822
0.207898089171975 1 -7367.62739009124
0.20828025477707 1 -7716.23979250753
0.208662420382166 1 -8063.73994229734
0.209044585987261 1 -8410.07774926583
0.209426751592357 1 -8755.20329076344
0.209808917197452 1 -9099.06681888177
0.210191082802548 1 -9441.61876762467
0.210573248407643 1 -9782.80976005263
0.210955414012739 1 -10122.5906154006
0.211337579617834 1 -10460.9123561666
0.21171974522293 1 -10797.7262151719
0.212101910828025 1 -11132.9836425907
0.212484076433121 1 -11466.6363129476
0.212866242038217 1 -11798.6361320845
0.213248407643312 1 -12128.9352440919
0.213630573248408 1 -12457.4860382082
0.214012738853503 1 -12784.2411556816
0.214394904458599 1 -13109.1534965974
0.214777070063694 1 -13432.1762266665
0.21515923566879 1 -13753.2627839766
0.215541401273885 1 -14072.366885704
0.215923566878981 1 -14389.4425347847
0.216305732484076 1 -14704.4440265447
0.216687898089172 1 -15017.3259552884
0.217070063694268 1 -15328.043220843
0.217452229299363 1 -15636.55103506
0.217834394904459 1 -15942.8049282706
0.218216560509554 1 -16246.7607556963
0.21859872611465 1 -16548.3747038119
0.218980891719745 1 -16847.6032966607
0.219363057324841 1 -17144.4034021217
0.219745222929936 1 -17438.7322381268
0.220127388535032 1 -17730.5473788274
0.220509554140127 1 -18019.80676071
0.220891719745223 1 -18306.4686886595
0.221273885350318 1 -18590.4918419689
0.221656050955414 1 -18871.835280296
0.22203821656051 1 -19150.4584495643
0.222420382165605 1 -19426.321187809
0.222802547770701 1 -19699.3837309657
0.223184713375796 1 -19969.6067186027
0.223566878980892 1 -20236.9511995938
0.223949044585987 1 -20501.3786377339
0.224331210191083 1 -20762.8509172928
0.224713375796178 1 -21021.3303485102
0.225095541401274 1 -21276.7796730278
0.225477707006369 1 -21529.1620692602
0.225859872611465 1 -21778.4411577025
0.22624203821656 1 -22024.5810061743
0.226624203821656 1 -22267.546134999
0.227006369426752 1 -22507.3015221178
0.227388535031847 1 -22743.8126081383
0.227770700636943 1 -22977.0453013159
0.228152866242038 1 -23206.9659824679
0.228535031847134 1 -23433.5415098194
0.228917197452229 1 -23656.7392237808
0.229299363057325 1 -23876.5269516552
0.22968152866242 1 -24092.8730122762
0.230063694267516 1 -24305.7462205743
0.230445859872611 1 -24515.115892072
0.230828025477707 1 -24720.9518473073
0.231210191082803 1 -24923.2244161833
0.231592356687898 1 -25121.9044422453
0.231974522292994 1 -25316.9632868834
0.232356687898089 1 -25508.3728334608
0.232738853503185 1 -25696.1054913665
0.23312101910828 1 -25880.1341999921
0.233503184713376 1 -26060.4324326331
0.233885350318471 1 -26236.9742003118
0.234267515923567 1 -26409.7340555241
0.234649681528662 1 -26578.687095907
0.235031847133758 1 -26743.8089678289
0.235414012738853 1 -26905.0758698992
0.235796178343949 1 -27062.4645563999
0.236178343949045 1 -27215.9523406358
0.23656050955414 1 -27365.5170982049
0.236942675159236 1 -27511.1372701874
0.237324840764331 1 -27652.7918662535
0.237707006369427 1 -27790.4604676887
0.238089171974522 1 -27924.1232303374
0.238471337579618 1 -28053.7608874631
0.238853503184713 1 -28179.3547525257
0.239235668789809 1 -28300.8867218749
0.239617834394904 1 -28418.3392773599
0.24 1 -28531.6954888546
0.240382165605096 1 -28640.9390166978
0.240764331210191 1 -28746.0541140485
0.241146496815287 1 -28847.0256291558
0.241528662420382 1 -28943.8390075429
0.241910828025478 1 -29036.4802941052
0.242292993630573 1 -29124.9361351215
0.242675159235669 1 -29209.1937801791
0.243057324840764 1 -29289.2410840118
0.24343949044586 1 -29365.0665082503
0.243821656050955 1 -29436.6591230856
0.244203821656051 1 -29504.0086088444
0.244585987261146 1 -29567.1052574765
0.244968152866242 1 -29625.9399739546
0.245350318471338 1 -29680.5042775845
0.245732484076433 1 -29730.7903032286
0.246114649681529 1 -29776.7908024385
0.246496815286624 1 -29818.4991445007
0.24687898089172 1 -29855.909317392
0.247261146496815 1 -29889.0159286461
0.247643312101911 1 -29917.8142061308
0.248025477707006 1 -29942.2999987363
0.248407643312102 1 -29962.4697769731
0.248789808917197 1 -29978.3206334809
0.249171974522293 1 -29989.8502834478
0.249554140127389 1 -29997.0570649395
0.249936305732484 1 -29999.9399391389
0.25031847133758 1 -29998.4984904959
0.250700636942675 1 -29992.7329267872
0.251082802547771 1 -29982.6440790865
0.251464968152866 1 -29968.2334016445
0.251847133757962 1 -29949.5029716794
0.252229299363057 1 -29926.4554890775
0.252611464968153 1 -29899.0942760039
0.252993630573248 1 -29867.4232764239
0.253375796178344 1 -29831.4470555341
0.25375796178344 1 -29791.1707991046
0.254140127388535 1 -29746.6003127318
0.254522292993631 1 -29697.7420210008
0.254904458598726 1 -29644.6029665599
0.255286624203822 1 -29587.1908091054
0.255668789808917 1 -29525.5138242774
0.256050955414013 1 -29459.5809024667
0.256433121019108 1 -29389.4015475337
0.256815286624204 1 -29314.9858754383
0.257197452229299 1 -29236.3446127816
0.257579617834395 1 -29153.48909526
0.25796178343949 1 -29066.4312660309
0.258343949044586 1 -28975.1836739914
0.258726114649682 1 -28879.7594719694
0.259108280254777 1 -28780.1724148276
0.259490445859873 1 -28676.4368574811
0.259872611464968 1 -28568.5677528277
0.260254777070064 1 -28456.5806495931
0.260636942675159 1 -28340.491690089
0.261019108280255 1 -28220.3176078871
0.26140127388535 1 -28096.0757254063
0.261783439490446 1 -27967.7839514162
0.262165605095541 1 -27835.4607784553
0.262547770700637 1 -27699.1252801659
0.262929936305732 1 -27558.7971085442
0.263312101910828 1 -27414.4964911081
0.263694267515924 1 -27266.244227981
0.264076433121019 1 -27114.0616888941
0.264458598726115 1 -26957.9708101054
0.26484076433121 1 -26797.9940912386
0.265222929936306 1 -26634.1545920391
0.265605095541401 1 -26466.4759290505
0.265987261146497 1 -26294.9822722102
0.266369426751592 1 -26119.6983413657
0.266751592356688 1 -25940.6494027111
0.267133757961783 1 -25757.8612651451
0.267515923566879 1 -25571.3602765513
0.267898089171974 1 -25381.1733199996
0.26828025477707 1 -25187.3278098715
0.268662420382166 1 -24989.8516879086
0.269044585987261 1 -24788.7734191847
0.269426751592357 1 -24584.1219880028
0.269808917197452 1 -24375.9268937174
0.270191082802548 1 -24164.2181464818
0.270573248407643 1 -23949.0262629228
0.270955414012739 1 -23730.3822617419
0.271337579617834 1 -23508.3176592438
0.27171974522293 1 -23282.8644647936
0.272101910828025 1 -23054.055176203
0.272484076433121 1 -22821.9227750458
0.272866242038217 1 -22586.5007219039
0.273248407643312 1 -22347.8229515439
0.273630573248408 1 -22105.9238680259
0.274012738853503 1 -21860.8383397439
0.274394904458599 1 -21612.6016944005
0.274777070063694 1 -21361.2497139137
0.27515923566879 1 -21106.8186292598
0.275541401273885 1 -20849.3451152506
0.275923566878981 1 -20588.866285247
0.276305732484076 1 -20325.4196858092
0.276687898089172 1 -20059.043291285
0.277070063694268 1 -19789.7754983354
0.277452229299363 1 -19517.6551204004
0.277834394904459 1 -19242.7213821041
0.278216560509554 1 -18965.0139136006
0.27859872611465 1 -18684.5727448617
0.278980891719745 1 -18401.4382999068
0.279363057324841 1 -18115.6513909758
0.279745222929936 1 -17827.2532126465
0.280127388535032 1 -17536.2853358964
0.280509554140127 1 -17242.7897021107
0.280891719745223 1 -16946.8086170365
0.281273885350318 1 -16648.3847446849
0.281656050955414 1 -16347.5611011808
0.28203821656051 1 -16044.381048563
0.282420382165605 1 -15738.8882885329
0.282802547770701 1 -15431.1268561563
0.283184713375796 1 -15121.141113515
0.283566878980892 1 -14808.9757433125
0.283949044585987 1 -14494.675742434
0.284331210191083 1 -14178.2864154589
0.284713375796178 1 -13859.8533681319
0.285095541401274 1 -13539.4225007881
0.285477707006369 1 -13217.0400017373
0.285859872611465 1 -12892.7523406061
0.286242038216561 1 -12566.6062616392
0.286624203821656 1 -12238.6487769623
0.287006369426752 1 -11908.9271598047
0.287388535031847 1 -11577.4889376856
0.287770700636943 1 -11244.381885563
0.288152866242038 1 -10909.6540189476
0.288535031847134 1 -10573.3535869814
0.288917197452229 1 -10235.5290654827
0.289299363057325 1 -9896.22914995878
0.28968152866242 1 -9555.50274858679
0.290063694267516 1 -9213.39897516366
0.290445859872611 1 -8869.96714202696
0.290828025477707 1 -8525.25675294649
0.291210191082803 1 -8179.31749598855
0.291592356687898 1 -7832.19923635416
0.291974522292994 1 -7483.95200919069
0.292356687898089 1 -7134.62601238011
0.292738853503185 1 -6784.27159930265
0.29312101910828 1 -6432.93927157914
0.293503184713376 1 -6080.67967179138
0.293885350318471 1 -5727.54357618207
0.294267515923567 1 -5373.5818873361
0.294649681528662 1 -5018.84562684266
0.295031847133758 1 -4663.38592794127
0.295414012738853 1 -4307.25402815113
0.295796178343949 1 -3950.50126188527
0.296178343949045 1 -3593.17905305118
0.29656050955414 1 -3235.3389076383
0.296942675159236 1 -2877.03240629367
0.297324840764331 1 -2518.31119688707
0.297707006369427 1 -2159.22698706597
0.298089171974522 1 -1799.83153680236
0.298471337579618 1 -1440.17665093178
0.298853503184713 1 -1080.31417168591
0.299235668789809 1 -720.29597122008
0.299617834394904 1 -360.173944135553
0.3 4 0
0.300127388535032 4 0
0.300254777070064 4 0
0.300382165605096 4 0
0.300509554140127 4 0
0.300636942675159 4 0
0.300764331210191 4 0
0.300891719745223 4 0
0.301019108280255 4 0
0.301146496815287 4 0
0.301273885350318 4 0
0.30140127388535 4 0
0.301528662420382 4 0
0.301656050955414 4 0
0.301783439490446 4 0
0.301910828025478 4 0
0.30203821656051 4 0
0.302165605095541 4 0
0.302292993630573 4 0
0.302420382165605 4 0
0.302547770700637 4 0
0.302675159235669 4 0
0.302802547770701 4 0
0.302929936305732 4 0
0.303057324840764 4 0
0.303184713375796 4 0
0.303312101910828 4 0
0.30343949044586 4 0
0.303566878980892 4 0
0.303694267515924 4 0
0.303821656050955 4 0
0.303949044585987 4 0
0.304076433121019 4 0
0.304203821656051 4 0
0.304331210191083 4 0
0.304458598726115 4 0
0.304585987261146 4 0
0.304713375796178 4 0
0.30484076433121 4 0
0.304968152866242 4 0
0.305095541401274 4 0
0.305222929936306 4 0
0.305350318471338 4 0
0.305477707006369 4 0
0.305605095541401 4 0
0.305732484076433 4 0
0.305859872611465 4 0
0.305987261146497 4 0
0.306114649681529 4 0
0.30624203821656 4 0
0.306369426751592 4 0
0.306496815286624 4 0
0.306624203821656 4 0
0.306751592356688 4 0
0.30687898089172 4 0
0.307006369426752 4 0
0.307133757961783 4 0
0.307261146496815 4 0
0.307388535031847 4 0
0.307515923566879 4 0
0.307643312101911 4 0
0.307770700636943 4 0
0.307898089171975 4 0
0.308025477707006 4 0
0.308152866242038 4 0
0.30828025477707 4 0
0.308407643312102 4 0
0.308535031847134 4 0
0.308662420382166 4 0
0.308789808917197 4 0
0.308917197452229 4 0
0.309044585987261 4 0
0.309171974522293 4 0
0.309299363057325 4 0
0.309426751592357 4 0
0.309554140127389 4 0
0.30968152866242 4 0
0.309808917197452 4 0
0.309936305732484 4 0
0.310063694267516 4 0
0.310191082802548 4 0
0.31031847133758 4 0
0.310445859872611 4 0
0.310573248407643 4 0
0.310700636942675 4 0
0.310828025477707 4 0
0.310955414012739 4 0
0.311082802547771 4 0
0.311210191082803 4 0
0.311337579617834 4 0
0.311464968152866 4 0
0.311592356687898 4 0
0.31171974522293 4 0
0.311847133757962 4 0
0.311974522292994 4 0
0.312101910828025 4 0
0.312229299363057 4 0
0.312356687898089 4 0
0.312484076433121 4 0
0.312611464968153 4 0
0.312738853503185 4 0
0.312866242038217 4 0
0.312993630573248 4 0
0.31312101910828 4 0
0.313248407643312 4 0
0.313375796178344 4 0
0.313503184713376 4 0
0.313630573248408 4 0
0.313757961783439 4 0
0.313885350318471 4 0
0.314012738853503 4 0
0.314140127388535 4 0
0.314267515923567 4 0
0.314394904458599 4 0
0.314522292993631 4 0
0.314649681528662 4 0
0.314777070063694 4 0
0.314904458598726 4 0
0.315031847133758 4 0
0.31515923566879 4 0
0.315286624203822 4 0
0.315414012738853 4 0
0.315541401273885 4 0
0.315668789808917 4 0
0.315796178343949 4 0
0.315923566878981 4 0
0.316050955414013 4 0
0.316178343949045 4 0
0.316305732484076 4 0
0.316433121019108 4 0
0.31656050955414 4 0
0.316687898089172 4 0
0.316815286624204 4 0
0.316942675159236 4 0
0.317070063694267 4 0
0.317197452229299 4 0
0.317324840764331 4 0
0.317452229299363 4 0
0.317579617834395 4 0
0.317707006369427 4 0
0.317834394904459 4 0
0.31796178343949 4 0
0.318089171974522 4 0
0.318216560509554 4 0
0.318343949044586 4 0
0.318471337579618 4 0
0.31859872611465 4 0
0.318726114649682 4 0
0.318853503184713 4 0
0.318980891719745 4 0
0.319108280254777 4 0
0.319235668789809 4 0
0.319363057324841 4 0
0.319490445859873 4 0
0.319617834394904 4 0
0.319745222929936 4 0
0.319872611464968 4 0
0.32 4 0
0.320127388535032 4 0
0.320254777070064 4 0
0.320382165605096 4 0
0.320509554140127 4 0
0.320636942675159 4 0
0.320764331210191 4 0
0.320891719745223 4 0
0.321019108280255 4 0
0.321146496815287 4 0
0.321273885350318 4 0
0.32140127388535 4 0
0.321528662420382 4 0
0.321656050955414 4 0
0.321783439490446 4 0
0.321910828025478 4 0
0.32203821656051 4 0
0.322165605095541 4 0
0.322292993630573 4 0
0.322420382165605 4 0
0.322547770700637 4 0
0.322675159235669 4 0
0.322802547770701 4 0
0.322929936305732 4 0
0.323057324840764 4 0
0.323184713375796 4 0
0.323312101910828 4 0
0.32343949044586 4 0
0.323566878980892 4 0
0.323694267515924 4 0
0.323821656050955 4 0
0.323949044585987 4 0
0.324076433121019 4 0
0.324203821656051 4 0
0.324331210191083 4 0
0.324458598726115 4 0
0.324585987261147 4 0
0.324713375796178 4 0
0.32484076433121 4 0
0.324968152866242 4 0
0.325095541401274 4 0
0.325222929936306 4 0
0.325350318471338 4 0
0.325477707006369 4 0
0.325605095541401 4 0
0.325732484076433 4 0
0.325859872611465 4 0
0.325987261146497 4 0
0.326114649681529 4 0
0.326242038216561 4 0
0.326369426751592 4 0
0.326496815286624 4 0
0.326624203821656 4 0
0.326751592356688 4 0
0.32687898089172 4 0
0.327006369426752 4 0
0.327133757961783 4 0
0.327261146496815 4 0
0.327388535031847 4 0
0.327515923566879 4 0
0.327643312101911 4 0
0.327770700636943 4 0
0.327898089171974 4 0
0.328025477707006 4 0
0.328152866242038 4 0
0.32828025477707 4 0
0.328407643312102 4 0
0.328535031847134 4 0
0.328662420382166 4 0
0.328789808917197 4 0
0.328917197452229 4 0
0.329044585987261 4 0
0.329171974522293 4 0
0.329299363057325 4 0
0.329426751592357 4 0
0.329554140127389 4 0
0.32968152866242 4 0
0.329808917197452 4 0
0.329936305732484 4 0
0.330063694267516 4 0
0.330191082802548 4 0
0.33031847133758 4 0
0.330445859872611 4 0
0.330573248407643 4 0
0.330700636942675 4 0
0.330828025477707 4 0
0.330955414012739 4 0
0.331082802547771 4 0
0.331210191082803 4 0
0.331337579617834 4 0
0.331464968152866 4 0
0.331592356687898 4 0
0.33171974522293 4 0
0.331847133757962 4 0
0.331974522292994 4 0
0.332101910828025 4 0
0.332229299363057 4 0
0.332356687898089 4 0
0.332484076433121 4 0
0.332611464968153 4 0
0.332738853503185 4 0
0.332866242038217 4 0
0.332993630573248 4 0
0.33312101910828 4 0
0.333248407643312 4 0
0.333375796178344 4 0
0.333503184713376 4 0
0.333630573248408 4 0
0.333757961783439 4 0
0.333885350318471 4 0
0.334012738853503 4 0
0.334140127388535 4 0
0.334267515923567 4 0
0.334394904458599 4 0
0.334522292993631 4 0
0.334649681528662 4 0
0.334777070063694 4 0
0.334904458598726 4 0
0.335031847133758 4 0
0.33515923566879 4 0
0.335286624203822 4 0
0.335414012738854 4 0
0.335541401273885 4 0
0.335668789808917 4 0
0.335796178343949 4 0
0.335923566878981 4 0
0.336050955414013 4 0
0.336178343949045 4 0
0.336305732484076 4 0
0.336433121019108 4 0
0.33656050955414 4 0
0.336687898089172 4 0
0.336815286624204 4 0
0.336942675159236 4 0
0.337070063694268 4 0
0.337197452229299 4 0
0.337324840764331 4 0
0.337452229299363 4 0
0.337579617834395 4 0
0.337707006369427 4 0
0.337834394904459 4 0
0.33796178343949 4 0
0.338089171974522 4 0
0.338216560509554 4 0
0.338343949044586 4 0
0.338471337579618 4 0
0.33859872611465 4 0
0.338726114649681 4 0
0.338853503184713 4 0
0.338980891719745 4 0
0.339108280254777 4 0
0.339235668789809 4 0
0.339363057324841 4 0
0.339490445859873 4 0
0.339617834394904 4 0
0.339745222929936 4 0
0.339872611464968 4 0
0.34 4 0
0.340127388535032 4 0
0.340254777070064 4 0
0.340382165605096 4 0
0.340509554140127 4 0
0.340636942675159 4 0
0.340764331210191 4 0
0.340891719745223 4 0
0.341019108280255 4 0
0.341146496815287 4 0
0.341273885350318 4 0
0.34140127388535 4 0
0.341528662420382 4 0
0.341656050955414 4 0
0.341783439490446 4 0
0.341910828025478 4 0
0.34203821656051 4 0
0.342165605095541 4 0
0.342292993630573 4 0
0.342420382165605 4 0
0.342547770700637 4 0
0.342675159235669 4 0
0.342802547770701 4 0
0.342929936305732 4 0
0.343057324840764 4 0
0.343184713375796 4 0
0.343312101910828 4 0
0.34343949044586 4 0
0.343566878980892 4 0
0.343694267515924 4 0
0.343821656050955 4 0
0.343949044585987 4 0
0.344076433121019 4 0
0.344203821656051 4 0
0.344331210191083 4 0
0.344458598726115 4 0
0.344585987261146 4 0
0.344713375796178 4 0
0.34484076433121 4 0
0.344968152866242 4 0
0.345095541401274 4 0
0.345222929936306 4 0
0.345350318471338 4 0
0.345477707006369 4 0
0.345605095541401 4 0
0.345732484076433 4 0
0.345859872611465 4 0
0.345987261146497 4 0
0.346114649681529 4 0
0.346242038216561 4 0
0.346369426751592 4 0
0.346496815286624 4 0
0.346624203821656 4 0
0.346751592356688 4 0
0.34687898089172 4 0
0.347006369426752 4 0
0.347133757961783 4 0
0.347261146496815 4 0
0.347388535031847 4 0
0.347515923566879 4 0
0.347643312101911 4 0
0.347770700636943 4 0
0.347898089171975 4 0
0.348025477707006 4 0
0.348152866242038 4 0
0.34828025477707 4 0
0.348407643312102 4 0
0.348535031847134 4 0
0.348662420382166 4 0
0.348789808917197 4 0
0.348917197452229 4 0
0.349044585987261 4 0
0.349171974522293 4 0
0.349299363057325 4 0
0.349426751592357 4 0
0.349554140127389 4 0
0.34968152866242 4 0
0.349808917197452 4 0
0.349936305732484 4 0
0.350063694267516 4 0
0.350191082802548 4 0
0.35031847133758 4 0
0.350445859872611 4 0
0.350573248407643 4 0
0.350700636942675 4 0
0.350828025477707 4 0
0.350955414012739 4 0
0.351082802547771 4 0
0.351210191082803 4 0
0.351337579617834 4 0
0.351464968152866 4 0
0.351592356687898 4 0
0.35171974522293 4 0
0.351847133757962 4 0
0.351974522292994 4 0
0.352101910828025 4 0
0.352229299363057 4 0
0.352356687898089 4 0
0.352484076433121 4 0
0.352611464968153 4 0
0.352738853503185 4 0
0.352866242038217 4 0
0.352993630573248 4 0
0.35312101910828 4 0
0.353248407643312 4 0
0.353375796178344 4 0
0.353503184713376 4 0
0.353630573248408 4 0
0.353757961783439 4 0
0.353885350318471 4 0
0.354012738853503 4 0
0.354140127388535 4 0
0.354267515923567 4 0
0.354394904458599 4 0
0.354522292993631 4 0
0.354649681528662 4 0
0.354777070063694 4 0
0.354904458598726 4 0
0.355031847133758 4 0
0.35515923566879 4 0
0.355286624203822 4 0
0.355414012738853 4 0
0.355541401273885 4 0
0.355668789808917 4 0
0.355796178343949 4 0
0.355923566878981 4 0
0.356050955414013 4 0
0.356178343949045 4 0
0.356305732484076 4 0
0.356433121019108 4 0
0.35656050955414 4 0
0.356687898089172 4 0
0.356815286624204 4 0
0.356942675159236 4 0
0.357070063694268 4 0
0.357197452229299 4 0
0.357324840764331 4 0
0.357452229299363 4 0
0.357579617834395 4 0
0.357707006369427 4 0
0.357834394904459 4 0
0.35796178343949 4 0
0.358089171974522 4 0
0.358216560509554 4 0
0.358343949044586 4 0
0.358471337579618 4 0
0.35859872611465 4 0
0.358726114649682 4 0
0.358853503184713 4 0
0.358980891719745 4 0
0.359108280254777 4 0
0.359235668789809 4 0
0.359363057324841 4 0
0.359490445859873 4 0
0.359617834394904 4 0
0.359745222929936 4 0
0.359872611464968 4 0
0.36 4 0
0.360127388535032 4 0
0.360254777070064 4 0
0.360382165605096 4 0
0.360509554140127 4 0
0.360636942675159 4 0
0.360764331210191 4 0
0.360891719745223 4 0
0.361019108280255 4 0
0.361146496815287 4 0
0.361273885350318 4 0
0.36140127388535 4 0
0.361528662420382 4 0
0.361656050955414 4 0
0.361783439490446 4 0
0.361910828025478 4 0
0.36203821656051 4 0
0.362165605095541 4 0
0.362292993630573 4 0
0.362420382165605 4 0
0.362547770700637 4 0
0.362675159235669 4 0
0.362802547770701 4 0
0.362929936305733 4 0
0.363057324840764 4 0
0.363184713375796 4 0
0.363312101910828 4 0
0.36343949044586 4 0
0.363566878980892 4 0
0.363694267515924 4 0
0.363821656050955 4 0
0.363949044585987 4 0
0.364076433121019 4 0
0.364203821656051 4 0
0.364331210191083 4 0
0.364458598726115 4 0
0.364585987261146 4 0
0.364713375796178 4 0
0.36484076433121 4 0
0.364968152866242 4 0
0.365095541401274 4 0
0.365222929936306 4 0
0.365350318471338 4 0
0.365477707006369 4 0
0.365605095541401 4 0
0.365732484076433 4 0
0.365859872611465 4 0
0.365987261146497 4 0
0.366114649681529 4 0
0.36624203821656 4 0
0.366369426751592 4 0
0.366496815286624 4 0
0.366624203821656 4 0
0.366751592356688 4 0
0.36687898089172 4 0
0.367006369426752 4 0
0.367133757961783 4 0
0.367261146496815 4 0
0.367388535031847 4 0
0.367515923566879 4 0
0.367643312101911 4 0
0.367770700636943 4 0
0.367898089171975 4 0
0.368025477707006 4 0
0.368152866242038 4 0
0.36828025477707 4 0
0.368407643312102 4 0
0.368535031847134 4 0
0.368662420382166 4 0
0.368789808917197 4 0
0.368917197452229 4 0
0.369044585987261 4 0
0.369171974522293 4 0
0.369299363057325 4 0
0.369426751592357 4 0
0.369554140127389 4 0
0.36968152866242 4 0
0.369808917197452 4 0
0.369936305732484 4 0
0.370063694267516 4 0
0.370191082802548 4 0
0.37031847133758 4 0
0.370445859872611 4 0
0.370573248407643 4 0
0.370700636942675 4 0
0.370828025477707 4 0
0.370955414012739 4 0
0.371082802547771 4 0
0.371210191082803 4 0
0.371337579617834 4 0
0.371464968152866 4 0
0.371592356687898 4 0
0.37171974522293 4 0
0.371847133757962 4 0
0.371974522292994 4 0
0.372101910828025 4 0
0.372229299363057 4 0
0.372356687898089 4 0
0.372484076433121 4 0
0.372611464968153 4 0
0.372738853503185 4 0
0.372866242038217 4 0
0.372993630573248 4 0
0.37312101910828 4 0
0.373248407643312 4 0
0.373375796178344 4 0
0.373503184713376 4 0
0.373630573248408 4 0
0.37375796178344 4 0
0.373885350318471 4 0
0.374012738853503 4 0
0.374140127388535 4 0
0.374267515923567 4 0
0.374394904458599 4 0
0.374522292993631 4 0
0.374649681528662 4 0
0.374777070063694 4 0
0.374904458598726 4 0
0.375031847133758 4 0
0.37515923566879 4 0
0.375286624203822 4 0
0.375414012738853 4 0
0.375541401273885 4 0
0.375668789808917 4 0
0.375796178343949 4 0
0.375923566878981 4 0
0.376050955414013 4 0
0.376178343949045 4 0
0.376305732484076 4 0
0.376433121019108 4 0
0.37656050955414 4 0
0.376687898089172 4 0
0.376815286624204 4 0
0.376942675159236 4 0
0.377070063694267 4 0
0.377197452229299 4 0
0.377324840764331 4 0
0.377452229299363 4 0
0.377579617834395 4 0
0.377707006369427 4 0
0.377834394904459 4 0
0.37796178343949 4 0
0.378089171974522 4 0
0.378216560509554 4 0
0.378343949044586 4 0
0.378471337579618 4 0
0.37859872611465 4 0
0.378726114649682 4 0
0.378853503184713 4 0
0.378980891719745 4 0
0.379108280254777 4 0
0.379235668789809 4 0
0.379363057324841 4 0
0.379490445859873 4 0
0.379617834394904 4 0
0.379745222929936 4 0
0.379872611464968 4 0
0.38 4 0
0.380127388535032 4 0
0.380254777070064 4 0
0.380382165605096 4 0
0.380509554140127 4 0
0.380636942675159 4 0
0.380764331210191 4 0
0.380891719745223 4 0
0.381019108280255 4 0
0.381146496815287 4 0
0.381273885350318 4 0
0.38140127388535 4 0
0.381528662420382 4 0
0.381656050955414 4 0
0.381783439490446 4 0
0.381910828025478 4 0
0.38203821656051 4 0
0.382165605095541 4 0
0.382292993630573 4 0
0.382420382165605 4 0
0.382547770700637 4 0
0.382675159235669 4 0
0.382802547770701 4 0
0.382929936305732 4 0
0.383057324840764 4 0
0.383184713375796 4 0
0.383312101910828 4 0
0.38343949044586 4 0
0.383566878980892 4 0
0.383694267515924 4 0
0.383821656050955 4 0
0.383949044585987 4 0
0.384076433121019 4 0
0.384203821656051 4 0
0.384331210191083 4 0
0.384458598726115 4 0
0.384585987261147 4 0
0.384713375796178 4 0
0.38484076433121 4 0
0.384968152866242 4 0
0.385095541401274 4 0
0.385222929936306 4 0
0.385350318471338 4 0
0.385477707006369 4 0
0.385605095541401 4 0
0.385732484076433 4 0
0.385859872611465 4 0
0.385987261146497 4 0
0.386114649681529 4 0
0.386242038216561 4 0
0.386369426751592 4 0
0.386496815286624 4 0
0.386624203821656 4 0
0.386751592356688 4 0
0.38687898089172 4 0
0.387006369426752 4 0
0.387133757961783 4 0
0.387261146496815 4 0
0.387388535031847 4 0
0.387515923566879 4 0
0.387643312101911 4 0
0.387770700636943 4 0
0.387898089171975 4 0
0.388025477707006 4 0
0.388152866242038 4 0
0.38828025477707 4 0
0.388407643312102 4 0
0.388535031847134 4 0
0.388662420382166 4 0
0.388789808917197 4 0
0.388917197452229 4 0
0.389044585987261 4 0
0.389171974522293 4 0
0.389299363057325 4 0
0.389426751592357 4 0
0.389554140127389 4 0
0.38968152866242 4 0
0.389808917197452 4 0
0.389936305732484 4 0
0.390063694267516 4 0
0.390191082802548 4 0
0.39031847133758 4 0
0.390445859872611 4 0
0.390573248407643 4 0
0.390700636942675 4 0
0.390828025477707 4 0
0.390955414012739 4 0
0.391082802547771 4 0
0.391210191082803 4 0
0.391337579617834 4 0
0.391464968152866 4 0
0.391592356687898 4 0
0.39171974522293 4 0
0.391847133757962 4 0
0.391974522292994 4 0
0.392101910828025 4 0
0.392229299363057 4 0
0.392356687898089 4 0
0.392484076433121 4 0
0.392611464968153 4 0
0.392738853503185 4 0
0.392866242038217 4 0
0.392993630573248 4 0
0.39312101910828 4 0
0.393248407643312 4 0
0.393375796178344 4 0
0.393503184713376 4 0
0.393630573248408 4 0
0.393757961783439 4 0
0.393885350318471 4 0
0.394012738853503 4 0
0.394140127388535 4 0
0.394267515923567 4 0
0.394394904458599 4 0
0.394522292993631 4 0
0.394649681528662 4 0
0.394777070063694 4 0
0.394904458598726 4 0
0.395031847133758 4 0
0.39515923566879 4 0
0.395286624203822 4 0
0.395414012738854 4 0
0.395541401273885 4 0
0.395668789808917 4 0
0.395796178343949 4 0
0.395923566878981 4 0
0.396050955414013 4 0
0.396178343949045 4 0
0.396305732484076 4 0
0.396433121019108 4 0
0.39656050955414 4 0
0.396687898089172 4 0
0.396815286624204 4 0
0.396942675159236 4 0
0.397070063694268 4 0
0.397197452229299 4 0
0.397324840764331 4 0
0.397452229299363 4 0
0.397579617834395 4 0
0.397707006369427 4 0
0.397834394904459 4 0
0.39796178343949 4 0
0.398089171974522 4 0
0.398216560509554 4 0
0.398343949044586 4 0
0.398471337579618 4 0
0.39859872611465 4 0
0.398726114649682 4 0
0.398853503184713 4 0
0.398980891719745 4 0
0.399108280254777 4 0
0.399235668789809 4 0
0.399363057324841 4 0
0.399490445859873 4 0
0.399617834394904 4 0
0.399745222929936 4 0
0.399872611464968 4 0
0.4 4 0
0.400127388535032 4 0
0.400254777070064 4 0
0.400382165605096 4 0
0.400509554140127 4 0
0.400636942675159 4 0
0.400764331210191 4 0
0.400891719745223 4 0
0.401019108280255 4 0
0.401146496815287 4 0
0.401273885350318 4 0
0.40140127388535 4 0
0.401528662420382 4 0
0.401656050955414 4 0
0.401783439490446 4 0
0.401910828025478 4 0
0.40203821656051 4 0
0.402165605095541 4 0
0.402292993630573 4 0
0.402420382165605 4 0
0.402547770700637 4 0
0.402675159235669 4 0
0.402802547770701 4 0
0.402929936305732 4 0
0.403057324840764 4 0
0.403184713375796 4 0
0.403312101910828 4 0
0.40343949044586 4 0
0.403566878980892 4 0
0.403694267515924 4 0
0.403821656050955 4 0
0.403949044585987 4 0
0.404076433121019 4 0
0.404203821656051 4 0
0.404331210191083 4 0
0.404458598726115 4 0
0.404585987261146 4 0
0.404713375796178 4 0
0.40484076433121 4 0
0.404968152866242 4 0
0.405095541401274 4 0
0.405222929936306 4 0
0.405350318471338 4 0
0.405477707006369 4 0
0.405605095541401 4 0
0.405732484076433 4 0
0.405859872611465 4 0
0.405987261146497 4 0
0.406114649681529 4 0
0.406242038216561 4 0
0.406369426751592 4 0
0.406496815286624 4 0
0.406624203821656 4 0
0.406751592356688 4 0
0.40687898089172 4 0
0.407006369426752 4 0
0.407133757961783 4 0
0.407261146496815 4 0
0.407388535031847 4 0
0.407515923566879 4 0
0.407643312101911 4 0
0.407770700636943 4 0
0.407898089171975 4 0
0.408025477707006 4 0
0.408152866242038 4 0
0.40828025477707 4 0
0.408407643312102 4 0
0.408535031847134 4 0
0.408662420382166 4 0
0.408789808917197 4 0
0.408917197452229 4 0
0.409044585987261 4 0
0.409171974522293 4 0
0.409299363057325 4 0
0.409426751592357 4 0
0.409554140127389 4 0
0.40968152866242 4 0
0.409808917197452 4 0
0.409936305732484 4 0
0.410063694267516 4 0
0.410191082802548 4 0
0.41031847133758 4 0
0.410445859872611 4 0
0.410573248407643 4 0
0.410700636942675 4 0
0.410828025477707 4 0
0.410955414012739 4 0
0.411082802547771 4 0
0.411210191082803 4 0
0.411337579617834 4 0
0.411464968152866 4 0
0.411592356687898 4 0
0.41171974522293 4 0
0.411847133757962 4 0
0.411974522292994 4 0
0.412101910828025 4 0
0.412229299363057 4 0
0.412356687898089 4 0
0.412484076433121 4 0
0.412611464968153 4 0
0.412738853503185 4 0
0.412866242038217 4 0
0.412993630573248 4 0
0.41312101910828 4 0
0.413248407643312 4 0
0.413375796178344 4 0
0.413503184713376 4 0
0.413630573248408 4 0
0.413757961783439 4 0
0.413885350318471 4 0
0.414012738853503 4 0
0.414140127388535 4 0
0.414267515923567 4 0
0.414394904458599 4 0
0.414522292993631 4 0
0.414649681528662 4 0
0.414777070063694 4 0
0.414904458598726 4 0
0.415031847133758 4 0
0.41515923566879 4 0
0.415286624203822 4 0
0.415414012738854 4 0
0.415541401273885 4 0
0.415668789808917 4 0
0.415796178343949 4 0
0.415923566878981 4 0
0.416050955414013 4 0
0.416178343949045 4 0
0.416305732484076 4 0
0.416433121019108 4 0
0.41656050955414 4 0
0.416687898089172 4 0
0.416815286624204 4 0
0.416942675159236 4 0
0.417070063694268 4 0
0.417197452229299 4 0
0.417324840764331 4 0
0.417452229299363 4 0
0.417579617834395 4 0
0.417707006369427 4 0
0.417834394904459 4 0
0.41796178343949 4 0
0.418089171974522 4 0
0.418216560509554 4 0
0.418343949044586 4 0
0.418471337579618 4 0
0.41859872611465 4 0
0.418726114649682 4 0
0.418853503184713 4 0
0.418980891719745 4 0
0.419108280254777 4 0
0.419235668789809 4 0
0.419363057324841 4 0
0.419490445859873 4 0
0.419617834394904 4 0
0.419745222929936 4 0
0.419872611464968 4 0
0.42 4 0
0.420127388535032 4 0
0.420254777070064 4 0
0.420382165605096 4 0
0.420509554140127 4 0
0.420636942675159 4 0
0.420764331210191 4 0
0.420891719745223 4 0
0.421019108280255 4 0
0.421146496815287 4 0
0.421273885350318 4 0
0.42140127388535 4 0
0.421528662420382 4 0
0.421656050955414 4 0
0.421783439490446 4 0
0.421910828025478 4 0
0.42203821656051 4 0
0.422165605095541 4 0
0.422292993630573 4 0
0.422420382165605 4 0
0.422547770700637 4 0
0.422675159235669 4 0
0.422802547770701 4 0
0.422929936305733 4 0
0.423057324840764 4 0
0.423184713375796 4 0
0.423312101910828 4 0
0.42343949044586 4 0
0.423566878980892 4 0
0.423694267515924 4 0
0.423821656050955 4 0
0.423949044585987 4 0
0.424076433121019 4 0
0.424203821656051 4 0
0.424331210191083 4 0
0.424458598726115 4 0
0.424585987261146 4 0
0.424713375796178 4 0
0.42484076433121 4 0
0.424968152866242 4 0
0.425095541401274 4 0
0.425222929936306 4 0
0.425350318471338 4 0
0.425477707006369 4 0
0.425605095541401 4 0
0.425732484076433 4 0
0.425859872611465 4 0
0.425987261146497 4 0
0.426114649681529 4 0
0.426242038216561 4 0
0.426369426751592 4 0
0.426496815286624 4 0
0.426624203821656 4 0
0.426751592356688 4 0
0.42687898089172 4 0
0.427006369426752 4 0
0.427133757961783 4 0
0.427261146496815 4 0
0.427388535031847 4 0
0.427515923566879 4 0
0.427643312101911 4 0
0.427770700636943 4 0
0.427898089171975 4 0
0.428025477707006 4 0
0.428152866242038 4 0
0.42828025477707 4 0
0.428407643312102 4 0
0.428535031847134 4 0
0.428662420382166 4 0
0.428789808917197 4 0
0.428917197452229 4 0
0.429044585987261 4 0
0.429171974522293 4 0
0.429299363057325 4 0
0.429426751592357 4 0
0.429554140127389 4 0
0.42968152866242 4 0
0.429808917197452 4 0
0.429936305732484 4 0
0.430063694267516 4 0
0.430191082802548 4 0
0.43031847133758 4 0
0.430445859872611 4 0
0.430573248407643 4 0
0.430700636942675 4 0
0.430828025477707 4 0
0.430955414012739 4 0
0.431082802547771 4 0
0.431210191082803 4 0
0.431337579617834 4 0
0.431464968152866 4 0
0.431592356687898 4 0
0.43171974522293 4 0
0.431847133757962 4 0
0.431974522292994 4 0
0.432101910828025 4 0
0.432229299363057 4 0
0.432356687898089 4 0
0.432484076433121 4 0
0.432611464968153 4 0
0.432738853503185 4 0
0.432866242038217 4 0
0.432993630573248 4 0
0.43312101910828 4 0
0.433248407643312 4 0
0.433375796178344 4 0
0.433503184713376 4 0
0.433630573248408 4 0
0.43375796178344 4 0
0.433885350318471 4 0
0.434012738853503 4 0
0.434140127388535 4 0
0.434267515923567 4 0
0.434394904458599 4 0
0.434522292993631 4 0
0.434649681528662 4 0
0.434777070063694 4 0
0.434904458598726 4 0
0.435031847133758 4 0
0.43515923566879 4 0
0.435286624203822 4 0
0.435414012738853 4 0
0.435541401273885 4 0
0.435668789808917 4 0
0.435796178343949 4 0
0.435923566878981 4 0
0.436050955414013 4 0
0.436178343949045 4 0
0.436305732484076 4 0
0.436433121019108 4 0
0.43656050955414 4 0
0.436687898089172 4 0
0.436815286624204 4 0
0.436942675159236 4 0
0.437070063694268 4 0
0.437197452229299 4 0
0.437324840764331 4 0
0.437452229299363 4 0
0.437579617834395 4 0
0.437707006369427 4 0
0.437834394904459 4 0
0.43796178343949 4 0
0.438089171974522 4 0
0.438216560509554 4 0
0.438343949044586 4 0
0.438471337579618 4 0
0.43859872611465 4 0
0.438726114649682 4 0
0.438853503184713 4 0
0.438980891719745 4 0
0.439108280254777 4 0
0.439235668789809 4 0
0.439363057324841 4 0
0.439490445859873 4 0
0.439617834394904 4 0
0.439745222929936 4 0
0.439872611464968 4 0
0.44 4 0
0.440127388535032 4 0
0.440254777070064 4 0
0.440382165605096 4 0
0.440509554140127 4 0
0.440636942675159 4 0
0.440764331210191 4 0
0.440891719745223 4 0
0.441019108280255 4 0
0.441146496815287 4 0
0.441273885350318 4 0
0.44140127388535 4 0
0.441528662420382 4 0
0.441656050955414 4 0
0.441783439490446 4 0
0.441910828025478 4 0
0.44203821656051 4 0
0.442165605095541 4 0
0.442292993630573 4 0
0.442420382165605 4 0
0.442547770700637 4 0
0.442675159235669 4 0
0.442802547770701 4 0
0.442929936305732 4 0
0.443057324840764 4 0
0.443184713375796 4 0
0.443312101910828 4 0
0.44343949044586 4 0
0.443566878980892 4 0
0.443694267515924 4 0
0.443821656050955 4 0
0.443949044585987 4 0
0.444076433121019 4 0
0.444203821656051 4 0
0.444331210191083 4 0
0.444458598726115 4 0
0.444585987261147 4 0
0.444713375796178 4 0
0.44484076433121 4 0
0.444968152866242 4 0
0.445095541401274 4 0
0.445222929936306 4 0
0.445350318471338 4 0
0.445477707006369 4 0
0.445605095541401 4 0
0.445732484076433 4 0
0.445859872611465 4 0
0.445987261146497 4 0
0.446114649681529 4 0
0.44624203821656 4 0
0.446369426751592 4 0
0.446496815286624 4 0
0.446624203821656 4 0
0.446751592356688 4 0
0.44687898089172 4 0
0.447006369426752 4 0
0.447133757961783 4 0
0.447261146496815 4 0
0.447388535031847 4 0
0.447515923566879 4 0
0.447643312101911 4 0
0.447770700636943 4 0
0.447898089171975 4 0
0.448025477707006 4 0
0.448152866242038 4 0
0.44828025477707 4 0
0.448407643312102 4 0
0.448535031847134 4 0
0.448662420382166 4 0
0.448789808917197 4 0
0.448917197452229 4 0
0.449044585987261 4 0
0.449171974522293 4 0
0.449299363057325 4 0
0.449426751592357 4 0
0.449554140127389 4 0
0.44968152866242 4 0
0.449808917197452 4 0
0.449936305732484 4 0
0.450063694267516 4 0
0.450191082802548 4 0
0.45031847133758 4 0
0.450445859872611 4 0
0.450573248407643 4 0
0.450700636942675 4 0
0.450828025477707 4 0
0.450955414012739 4 0
0.451082802547771 4 0
0.451210191082803 4 0
0.451337579617834 4 0
0.451464968152866 4 0
0.451592356687898 4 0
0.45171974522293 4 0
0.451847133757962 4 0
0.451974522292994 4 0
0.452101910828025 4 0
0.452229299363057 4 0
0.452356687898089 4 0
0.452484076433121 4 0
0.452611464968153 4 0
0.452738853503185 4 0
0.452866242038217 4 0
0.452993630573248 4 0
0.45312101910828 4 0
0.453248407643312 4 0
0.453375796178344 4 0
0.453503184713376 4 0
0.453630573248408 4 0
0.45375796178344 4 0
0.453885350318471 4 0
0.454012738853503 4 0
0.454140127388535 4 0
0.454267515923567 4 0
0.454394904458599 4 0
0.454522292993631 4 0
0.454649681528662 4 0
0.454777070063694 4 0
0.454904458598726 4 0
0.455031847133758 4 0
0.45515923566879 4 0
0.455286624203822 4 0
0.455414012738854 4 0
0.455541401273885 4 0
0.455668789808917 4 0
0.455796178343949 4 0
0.455923566878981 4 0
0.456050955414013 4 0
0.456178343949045 4 0
0.456305732484076 4 0
0.456433121019108 4 0
0.45656050955414 4 0
0.456687898089172 4 0
0.456815286624204 4 0
0.456942675159236 4 0
0.457070063694268 4 0
0.457197452229299 4 0
0.457324840764331 4 0
0.457452229299363 4 0
0.457579617834395 4 0
0.457707006369427 4 0
0.457834394904459 4 0
0.45796178343949 4 0
0.458089171974522 4 0
0.458216560509554 4 0
0.458343949044586 4 0
0.458471337579618 4 0
0.45859872611465 4 0
0.458726114649682 4 0
0.458853503184713 4 0
0.458980891719745 4 0
0.459108280254777 4 0
0.459235668789809 4 0
0.459363057324841 4 0
0.459490445859873 4 0
0.459617834394904 4 0
0.459745222929936 4 0
0.459872611464968 4 0
0.46 4 0
0.460127388535032 4 0
0.460254777070064 4 0
0.460382165605096 4 0
0.460509554140127 4 0
0.460636942675159 4 0
0.460764331210191 4 0
0.460891719745223 4 0
0.461019108280255 4 0
0.461146496815287 4 0
0.461273885350318 4 0
0.46140127388535 4 0
0.461528662420382 4 0
0.461656050955414 4 0
0.461783439490446 4 0
0.461910828025478 4 0
0.46203821656051 4 0
0.462165605095541 4 0
0.462292993630573 4 0
0.462420382165605 4 0
0.462547770700637 4 0
0.462675159235669 4 0
0.462802547770701 4 0
0.462929936305732 4 0
0.463057324840764 4 0
0.463184713375796 4 0
0.463312101910828 4 0
0.46343949044586 4 0
0.463566878980892 4 0
0.463694267515924 4 0
0.463821656050955 4 0
0.463949044585987 4 0
0.464076433121019 4 0
0.464203821656051 4 0
0.464331210191083 4 0
0.464458598726115 4 0
0.464585987261147 4 0
0.464713375796178 4 0
0.46484076433121 4 0
0.464968152866242 4 0
0.465095541401274 4 0
0.465222929936306 4 0
0.465350318471338 4 0
0.465477707006369 4 0
0.465605095541401 4 0
0.465732484076433 4 0
0.465859872611465 4 0
0.465987261146497 4 0
0.466114649681529 4 0
0.466242038216561 4 0
0.466369426751592 4 0
0.466496815286624 4 0
0.466624203821656 4 0
0.466751592356688 4 0
0.46687898089172 4 0
0.467006369426752 4 0
0.467133757961783 4 0
0.467261146496815 4 0
0.467388535031847 4 0
0.467515923566879 4 0
0.467643312101911 4 0
0.467770700636943 4 0
0.467898089171975 4 0
0.468025477707006 4 0
0.468152866242038 4 0
0.46828025477707 4 0
0.468407643312102 4 0
0.468535031847134 4 0
0.468662420382166 4 0
0.468789808917197 4 0
0.468917197452229 4 0
0.469044585987261 4 0
0.469171974522293 4 0
0.469299363057325 4 0
0.469426751592357 4 0
0.469554140127389 4 0
0.46968152866242 4 0
0.469808917197452 4 0
0.469936305732484 4 0
0.470063694267516 4 0
0.470191082802548 4 0
0.47031847133758 4 0
0.470445859872611 4 0
0.470573248407643 4 0
0.470700636942675 4 0
0.470828025477707 4 0
0.470955414012739 4 0
0.471082802547771 4 0
0.471210191082803 4 0
0.471337579617834 4 0
0.471464968152866 4 0
0.471592356687898 4 0
0.47171974522293 4 0
0.471847133757962 4 0
0.471974522292994 4 0
0.472101910828025 4 0
0.472229299363057 4 0
0.472356687898089 4 0
0.472484076433121 4 0
0.472611464968153 4 0
0.472738853503185 4 0
0.472866242038217 4 0
0.472993630573248 4 0
0.47312101910828 4 0
0.473248407643312 4 0
0.473375796178344 4 0
0.473503184713376 4 0
0.473630573248408 4 0
0.473757961783439 4 0
0.473885350318471 4 0
0.474012738853503 4 0
0.474140127388535 4 0
0.474267515923567 4 0
0.474394904458599 4 0
0.474522292993631 4 0
0.474649681528662 4 0
0.474777070063694 4 0
0.474904458598726 4 0
0.475031847133758 4 0
0.47515923566879 4 0
0.475286624203822 4 0
0.475414012738854 4 0
0.475541401273885 4 0
0.475668789808917 4 0
0.475796178343949 4 0
0.475923566878981 4 0
0.476050955414013 4 0
0.476178343949045 4 0
0.476305732484076 4 0
0.476433121019108 4 0
0.47656050955414 4 0
0.476687898089172 4 0
0.476815286624204 4 0
0.476942675159236 4 0
0.477070063694268 4 0
0.477197452229299 4 0
0.477324840764331 4 0
0.477452229299363 4 0
0.477579617834395 4 0
0.477707006369427 4 0
0.477834394904459 4 0
0.47796178343949 4 0
0.478089171974522 4 0
0.478216560509554 4 0
0.478343949044586 4 0
0.478471337579618 4 0
0.47859872611465 4 0
0.478726114649682 4 0
0.478853503184713 4 0
0.478980891719745 4 0
0.479108280254777 4 0
0.479235668789809 4 0
0.479363057324841 4 0
0.479490445859873 4 0
0.479617834394904 4 0
0.479745222929936 4 0
0.479872611464968 4 0
0.48 4 0
0.480127388535032 4 0
0.480254777070064 4 0
0.480382165605096 4 0
0.480509554140127 4 0
0.480636942675159 4 0
0.480764331210191 4 0
0.480891719745223 4 0
0.481019108280255 4 0
0.481146496815287 4 0
0.481273885350319 4 0
0.48140127388535 4 0
0.481528662420382 4 0
0.481656050955414 4 0
0.481783439490446 4 0
0.481910828025478 4 0
0.48203821656051 4 0
0.482165605095541 4 0
0.482292993630573 4 0
0.482420382165605 4 0
0.482547770700637 4 0
0.482675159235669 4 0
0.482802547770701 4 0
0.482929936305732 4 0
0.483057324840764 4 0
0.483184713375796 4 0
0.483312101910828 4 0
0.48343949044586 4 0
0.483566878980892 4 0
0.483694267515924 4 0
0.483821656050955 4 0
0.483949044585987 4 0
0.484076433121019 4 0
0.484203821656051 4 0
0.484331210191083 4 0
0.484458598726115 4 0
0.484585987261146 4 0
0.484713375796178 4 0
0.48484076433121 4 0
0.484968152866242 4 0
0.485095541401274 4 0
0.485222929936306 4 0
0.485350318471338 4 0
0.485477707006369 4 0
0.485605095541401 4 0
0.485732484076433 4 0
0.485859872611465 4 0
0.485987261146497 4 0
0.486114649681529 4 0
0.486242038216561 4 0
0.486369426751592 4 0
0.486496815286624 4 0
0.486624203821656 4 0
0.486751592356688 4 0
0.48687898089172 4 0
0.487006369426752 4 0
0.487133757961783 4 0
0.487261146496815 4 0
0.487388535031847 4 0
0.487515923566879 4 0
0.487643312101911 4 0
0.487770700636943 4 0
0.487898089171975 4 0
0.488025477707006 4 0
0.488152866242038 4 0
0.48828025477707 4 0
0.488407643312102 4 0
0.488535031847134 4 0
0.488662420382166 4 0
0.488789808917197 4 0
0.488917197452229 4 0
0.489044585987261 4 0
0.489171974522293 4 0
0.489299363057325 4 0
0.489426751592357 4 0
0.489554140127389 4 0
0.48968152866242 4 0
0.489808917197452 4 0
0.489936305732484 4 0
0.490063694267516 4 0
0.490191082802548 4 0
0.49031847133758 4 0
0.490445859872611 4 0
0.490573248407643 4 0
0.490700636942675 4 0
0.490828025477707 4 0
0.490955414012739 4 0
0.491082802547771 4 0
0.491210191082803 4 0
0.491337579617834 4 0
0.491464968152866 4 0
0.491592356687898 4 0
0.49171974522293 4 0
0.491847133757962 4 0
0.491974522292994 4 0
0.492101910828026 4 0
0.492229299363057 4 0
0.492356687898089 4 0
0.492484076433121 4 0
0.492611464968153 4 0
0.492738853503185 4 0
0.492866242038217 4 0
0.492993630573248 4 0
0.49312101910828 4 0
0.493248407643312 4 0
0.493375796178344 4 0
0.493503184713376 4 0
0.493630573248408 4 0
0.49375796178344 4 0
0.493885350318471 4 0
0.494012738853503 4 0
0.494140127388535 4 0
0.494267515923567 4 0
0.494394904458599 4 0
0.494522292993631 4 0
0.494649681528662 4 0
0.494777070063694 4 0
0.494904458598726 4 0
0.495031847133758 4 0
0.49515923566879 4 0
0.495286624203822 4 0
0.495414012738853 4 0
0.495541401273885 4 0
0.495668789808917 4 0
0.495796178343949 4 0
0.495923566878981 4 0
0.496050955414013 4 0
0.496178343949045 4 0
0.496305732484076 4 0
0.496433121019108 4 0
0.49656050955414 4 0
0.496687898089172 4 0
0.496815286624204 4 0
0.496942675159236 4 0
0.497070063694268 4 0
0.497197452229299 4 0
0.497324840764331 4 0
0.497452229299363 4 0
0.497579617834395 4 0
0.497707006369427 4 0
0.497834394904459 4 0
0.49796178343949 4 0
0.498089171974522 4 0
0.498216560509554 4 0
0.498343949044586 4 0
0.498471337579618 4 0
0.49859872611465 4 0
0.498726114649682 4 0
0.498853503184713 4 0
0.498980891719745 4 0
0.499108280254777 4 0
0.499235668789809 4 0
0.499363057324841 4 0
0.499490445859873 4 0
0.499617834394904 4 0
0.499745222929936 4 0
0.499872611464968 4 0
0.5 4 0
