0 1 1
0.000382165605095541 1 1
0.000764331210191083 1 1
0.00114649681528662 1 1
0.00152866242038217 1 1
0.00191082802547771 1 1
0.00229299363057325 1 1
0.00267515923566879 1 1
0.00305732484076433 1 1
0.00343949044585987 1 1
0.00382165605095541 1 1
0.00420382165605096 1 1
0.0045859872611465 1 1
0.00496815286624204 1 1
0.00535031847133758 1 1
0.00573248407643312 1 1
0.00611464968152866 1 1
0.0064968152866242 1 1
0.00687898089171974 1 1
0.00726114649681529 1 1
0.00764331210191083 1 1
0.00802547770700637 1 1
0.00840764331210191 1 1
0.00878980891719745 1 1
0.00917197452229299 1 1
0.00955414012738853 1 1
0.00993630573248408 1 1
0.0103184713375796 1 1
0.0107006369426752 1 1
0.0110828025477707 1 1
0.0114649681528662 1 1
0.0118471337579618 1 1
0.0122292993630573 1 1
0.0126114649681529 1 1
0.0129936305732484 1 1
0.0133757961783439 1 1
0.0137579617834395 1 1
0.014140127388535 1 1
0.0145222929936306 1 1
0.0149044585987261 1 1
0.0152866242038217 1 1
0.0156687898089172 1 1
0.0160509554140127 1 1
0.0164331210191083 1 1
0.0168152866242038 1 1
0.0171974522292994 1 1
0.0175796178343949 1 1
0.0179617834394904 1 1
0.018343949044586 1 1
0.0187261146496815 1 1
0.0191082802547771 1 1
0.0194904458598726 1 1
0.0198726114649682 1 1
0.0202547770700637 1 1
0.0206369426751592 1 1
0.0210191082802548 1 1
0.0214012738853503 1 1
0.0217834394904459 1 1
0.0221656050955414 1 1
0.0225477707006369 1 1
0.0229299363057325 1 1
0.023312101910828 1 1
0.0236942675159236 1 1
0.0240764331210191 1 1
0.0244585987261146 1 1
0.0248407643312102 1 1
0.0252229299363057 1 1
0.0256050955414013 1 1
0.0259872611464968 1 1
0.0263694267515924 1 1
0.0267515923566879 1 1
0.0271337579617834 1 1
0.027515923566879 1 1
0.0278980891719745 1 1
0.0282802547770701 1 1
0.0286624203821656 1 1
0.0290445859872611 1 1
0.0294267515923567 1 1
0.0298089171974522 1 1
0.0301910828025478 1 1
0.0305732484076433 1 1
0.0309554140127389 1 1
0.0313375796178344 1 1
0.0317197452229299 1 1
0.0321019108280255 1 1
0.032484076433121 1 1
0.0328662420382166 1 1
0.0332484076433121 1 1
0.0336305732484076 1 1
0.0340127388535032 1 1
0.0343949044585987 1 1
0.0347770700636943 1 1
0.0351592356687898 1 1
0.0355414012738854 1 1
0.0359235668789809 1 1
0.0363057324840764 1 1
0.036687898089172 1 1
0.0370700636942675 1 1
0.0374522292993631 1 1
0.0378343949044586 1 1
0.0382165605095541 1 1
0.0385987261146497 1 1
0.0389808917197452 1 1
0.0393630573248408 1 1
0.0397452229299363 1 1
0.0401273885350318 1 1
0.0405095541401274 1 1
0.0408917197452229 1 1
0.0412738853503185 1 1
0.041656050955414 1 1
0.0420382165605096 1 1
0.0424203821656051 1 1
0.0428025477707006 1 1
0.0431847133757962 1 1
0.0435668789808917 1 1
0.0439490445859873 1 1
0.0443312101910828 1 1
0.0447133757961783 1 1
0.0450955414012739 1 1
0.0454777070063694 1 1
0.045859872611465 1 1
0.0462420382165605 1 1
0.0466242038216561 1 1
0.0470063694267516 1 1
0.0473885350318471 1 1
0.0477707006369427 1 1
0.0481528662420382 1 1
0.0485350318471338 1 1
0.0489171974522293 1 1
0.0492993630573248 1 1
0.0496815286624204 1 1
0.0500636942675159 1 1
0.0504458598726115 1 1
0.050828025477707 1 1
0.0512101910828025 1 1
0.0515923566878981 1 1
0.0519745222929936 1 1
0.0523566878980892 1 1
0.0527388535031847 1 1
0.0531210191082803 1 1
0.0535031847133758 1 1
0.0538853503184713 1 1
0.0542675159235669 1 1
0.0546496815286624 1 1
0.055031847133758 1 1
0.0554140127388535 1 1
0.055796178343949 1 1
0.0561783439490446 1 1
0.0565605095541401 1 1
0.0569426751592357 1 1
0.0573248407643312 1 1
0.0577070063694268 1 1
0.0580891719745223 1 1
0.0584713375796178 1 1
0.0588535031847134 1 1
0.0592356687898089 1 1
0.0596178343949045 1 1
0.06 1 1
0.0603821656050955 1 1
0.0607643312101911 1 1
0.0611464968152866 1 1
0.0615286624203822 1 1
0.0619108280254777 1 1
0.0622929936305732 1 1
0.0626751592356688 1 1
0.0630573248407643 1 1
0.0634394904458599 1 1
0.0638216560509554 1 1
0.064203821656051 1 1
0.0645859872611465 1 1
0.064968152866242 1 1
0.0653503184713376 1 1
0.0657324840764331 1 1
0.0661146496815287 1 1
0.0664968152866242 1 1
0.0668789808917197 1 1
0.0672611464968153 1 1
0.0676433121019108 1 1
0.0680254777070064 1 1
0.0684076433121019 1 1
0.0687898089171975 1 1
0.069171974522293 1 1
0.0695541401273885 1 1
0.0699363057324841 1 1
0.0703184713375796 1 1
0.0707006369426752 1 1
0.0710828025477707 1 1
0.0714649681528662 1 1
0.0718471337579618 1 1
0.0722292993630573 1 1
0.0726114649681529 1 1
0.0729936305732484 1 1
0.0733757961783439 1 1
0.0737579617834395 1 1
0.074140127388535 1 1
0.0745222929936306 1 1
0.0749044585987261 1 1
0.0752866242038217 1 1
0.0756687898089172 1 1
0.0760509554140127 1 1
0.0764331210191083 1 1
0.0768152866242038 1 1
0.0771974522292994 1 1
0.0775796178343949 1 1
0.0779617834394905 1 1
0.078343949044586 1 1
0.0787261146496815 1 1
0.0791082802547771 1 1
0.0794904458598726 1 1
0.0798726114649682 1 1
0.0802547770700637 1 1
0.0806369426751592 1 1
0.0810191082802548 1 1
0.0814012738853503 1 1
0.0817834394904459 1 1
0.0821656050955414 1 1
0.0825477707006369 1 1
0.0829299363057325 1 1
0.083312101910828 1 1
0.0836942675159236 1 1
0.0840764331210191 1 1
0.0844585987261147 1 1
0.0848407643312102 1 1
0.0852229299363057 1 1
0.0856050955414013 1 1
0.0859872611464968 1 1
0.0863694267515924 1 1
0.0867515923566879 1 1
0.0871337579617834 1 1
0.087515923566879 1 1
0.0878980891719745 1 1
0.0882802547770701 1 1
0.0886624203821656 1 1
0.0890445859872611 1 1
0.0894267515923567 1 1
0.0898089171974522 1 1
0.0901910828025478 1 1
0.0905732484076433 1 1
0.0909554140127388 1 1
0.0913375796178344 1 1
0.0917197452229299 1 1
0.0921019108280255 1 1
0.092484076433121 1 1
0.0928662420382166 1 1
0.0932484076433121 1 1
0.0936305732484076 1 1
0.0940127388535032 1 1
0.0943949044585987 1 1
0.0947770700636943 1 1
0.0951592356687898 1 1
0.0955414012738853 1 1
0.0959235668789809 1 1
0.0963057324840764 1 1
0.096687898089172 1 1
0.0970700636942675 1 1
0.097452229299363 1 1
0.0978343949044586 1 1
0.0982165605095541 1 1
0.0985987261146497 1 1
0.0989808917197452 1 1
0.0993630573248408 1 1
0.0997452229299363 1 1
0.100127388535032 1 1
0.100509554140127 1 1
0.100891719745223 1 1
0.101273885350318 1 1
0.101656050955414 1 1
0.10203821656051 1 1
0.102420382165605 1 1
0.102802547770701 1 1
0.103184713375796 1 1
0.103566878980892 1 1
0.103949044585987 1 1
0.104331210191083 1 1
0.104713375796178 1 1
0.105095541401274 1 1
0.105477707006369 1 1
0.105859872611465 1 1
0.106242038216561 1 1
0.106624203821656 1 1
0.107006369426752 1 1
0.107388535031847 1 1
0.107770700636943 1 1
0.108152866242038 1 1
0.108535031847134 1 1
0.108917197452229 1 1
0.109299363057325 1 1
0.10968152866242 1 1
0.110063694267516 1 1
0.110445859872611 1 1
0.110828025477707 1 1
0.111210191082803 1 1
0.111592356687898 1 1
0.111974522292994 1 1
0.112356687898089 1 1
0.112738853503185 1 1
0.11312101910828 1 1
0.113503184713376 1 1
0.113885350318471 1 1
0.114267515923567 1 1
0.114649681528662 1 1
0.115031847133758 1 1
0.115414012738854 1 1
0.115796178343949 1 1
0.116178343949045 1 1
0.11656050955414 1 1
0.116942675159236 1 1
0.117324840764331 1 1
0.117707006369427 1 1
0.118089171974522 1 1
0.118471337579618 1 1
0.118853503184713 1 1
0.119235668789809 1 1
0.119617834394904 1 1
0.12 1 1
0.120382165605096 1 1
0.120764331210191 1 1
0.121146496815287 1 1
0.121528662420382 1 1
0.121910828025478 1 1
0.122292993630573 1 1
0.122675159235669 1 1
0.123057324840764 1 1
0.12343949044586 1 1
0.123821656050955 1 1
0.124203821656051 1 1
0.124585987261146 1 1
0.124968152866242 1 1
0.125350318471338 1 1
0.125732484076433 1 1
0.126114649681529 1 1
0.126496815286624 1 1
0.12687898089172 1 1
0.127261146496815 1 1
0.127643312101911 1 1
0.128025477707006 1 1
0.128407643312102 1 1
0.128789808917197 1 1
0.129171974522293 1 1
0.129554140127389 1 1
0.129936305732484 1 1
0.13031847133758 1 1
0.130700636942675 1 1
0.131082802547771 1 1
0.131464968152866 1 1
0.131847133757962 1 1
0.132229299363057 1 1
0.132611464968153 1 1
0.132993630573248 1 1
0.133375796178344 1 1
0.133757961783439 1 1
0.134140127388535 1 1
0.134522292993631 1 1
0.134904458598726 1 1
0.135286624203822 1 1
0.135668789808917 1 1
0.136050955414013 1 1
0.136433121019108 1 1
0.136815286624204 1 1
0.137197452229299 1 1
0.137579617834395 1 1
0.13796178343949 1 1
0.138343949044586 1 1
0.138726114649682 1 1
0.139108280254777 1 1
0.139490445859873 1 1
0.139872611464968 1 1
0.140254777070064 1 1
0.140636942675159 1 1
0.141019108280255 1 1
0.14140127388535 1 1
0.141783439490446 1 1
0.142165605095541 1 1
0.142547770700637 1 1
0.142929936305732 1 1
0.143312101910828 1 1
0.143694267515924 1 1
0.144076433121019 1 1
0.144458598726115 1 1
0.14484076433121 1 1
0.145222929936306 1 1
0.145605095541401 1 1
0.145987261146497 1 1
0.146369426751592 1 1
0.146751592356688 1 1
0.147133757961783 1 1
0.147515923566879 1 1
0.147898089171975 1 1
0.14828025477707 1 1
0.148662420382166 1 1
0.149044585987261 1 1
0.149426751592357 1 1
0.149808917197452 1 1
0.150191082802548 1 1
0.150573248407643 1 1
0.150955414012739 1 1
0.151337579617834 1 1
0.15171974522293 1 1
0.152101910828025 1 1
0.152484076433121 1 1
0.152866242038217 1 1
0.153248407643312 1 1
0.153630573248408 1 1
0.154012738853503 1 1
0.154394904458599 1 1
0.154777070063694 1 1
0.15515923566879 1 1
0.155541401273885 1 1
0.155923566878981 1 1
0.156305732484076 1 1
0.156687898089172 1 1
0.157070063694268 1 1
0.157452229299363 1 1
0.157834394904459 1 1
0.158216560509554 1 1
0.15859872611465 1 1
0.158980891719745 1 1
0.159363057324841 1 1
0.159745222929936 1 1
0.160127388535032 1 1
0.160509554140127 1 1
0.160891719745223 1 1
0.161273885350318 1 1
0.161656050955414 1 1
0.16203821656051 1 1
0.162420382165605 1 1
0.162802547770701 1 1
0.163184713375796 1 1
0.163566878980892 1 1
0.163949044585987 1 1
0.164331210191083 1 1
0.164713375796178 1 1
0.165095541401274 1 1
0.165477707006369 1 1
0.165859872611465 1 1
0.166242038216561 1 1
0.166624203821656 1 1
0.167006369426752 1 1
0.167388535031847 1 1
0.167770700636943 1 1
0.168152866242038 1 1
0.168535031847134 1 1
0.168917197452229 1 1
0.169299363057325 1 1
0.16968152866242 1 1
0.170063694267516 1 1
0.170445859872611 1 1
0.170828025477707 1 1
0.171210191082803 1 1
0.171592356687898 1 1
0.171974522292994 1 1
0.172356687898089 1 1
0.172738853503185 1 1
0.17312101910828 1 1
0.173503184713376 1 1
0.173885350318471 1 1
0.174267515923567 1 1
0.174649681528662 1 1
0.175031847133758 1 1
0.175414012738853 1 1
0.175796178343949 1 1
0.176178343949045 1 1
0.17656050955414 1 1
0.176942675159236 1 1
0.177324840764331 1 1
0.177707006369427 1 1
0.178089171974522 1 1
0.178471337579618 1 1
0.178853503184713 1 1
0.179235668789809 1 1
0.179617834394904 1 1
0.18 1 1
0.180382165605096 1 1
0.180764331210191 1 1
0.181146496815287 1 1
0.181528662420382 1 1
0.181910828025478 1 1
0.182292993630573 1 1
0.182675159235669 1 1
0.183057324840764 1 1
0.18343949044586 1 1
0.183821656050955 1 1
0.184203821656051 1 1
0.184585987261147 1 1
0.184968152866242 1 1
0.185350318471338 1 1
0.185732484076433 1 1
0.186114649681529 1 1
0.186496815286624 1 1
0.18687898089172 1 1
0.187261146496815 1 1
0.187643312101911 1 1
0.188025477707006 1 1
0.188407643312102 1 1
0.188789808917197 1 1
0.189171974522293 1 1
0.189554140127389 1 1
0.189936305732484 1 1
0.19031847133758 1 1
0.190700636942675 1 1
0.191082802547771 1 1
0.191464968152866 1 1
0.191847133757962 1 1
0.192229299363057 1 1
0.192611464968153 1 1
0.192993630573248 1 1
0.193375796178344 1 1
0.193757961783439 1 1
0.194140127388535 1 1
0.194522292993631 1 1
0.194904458598726 1 1
0.195286624203822 1 1
0.195668789808917 1 1
0.196050955414013 1 1
0.196433121019108 1 1
0.196815286624204 1 1
0.197197452229299 1 1
0.197579617834395 1 1
0.19796178343949 1 1
0.198343949044586 1 1
0.198726114649682 1 1
0.199108280254777 1 1
0.199490445859873 1 1
0.199872611464968 1 1
0.200254777070064 1 1
0.200636942675159 1 1
0.201019108280255 1 1
0.20140127388535 1 1
0.201783439490446 1 1
0.202165605095541 1 1
0.202547770700637 1 1
0.202929936305732 1 1
0.203312101910828 1 1
0.203694267515924 1 1
0.204076433121019 1 1
0.204458598726115 1 1
0.20484076433121 1 1
0.205222929936306 1 1
0.205605095541401 1 1
0.205987261146497 1 1
0.206369426751592 1 1
0.206751592356688 1 1
0.207133757961783 1 1
0.207515923566879 1 1
0.207898089171975 1 1
0.20828025477707 1 1
0.208662420382166 1 1
0.209044585987261 1 1
0.209426751592357 1 1
0.209808917197452 1 1
0.210191082802548 1 1
0.210573248407643 1 1
0.210955414012739 1 1
0.211337579617834 1 1
0.21171974522293 1 1
0.212101910828025 1 1
0.212484076433121 1 1
0.212866242038217 1 1
0.213248407643312 1 1
0.213630573248408 1 1
0.214012738853503 1 1
0.214394904458599 1 1
0.214777070063694 1 1
0.21515923566879 1 1
0.215541401273885 1 1
0.215923566878981 1 1
0.216305732484076 1 1
0.216687898089172 1 1
0.217070063694268 1 1
0.217452229299363 1 1
0.217834394904459 1 1
0.218216560509554 1 1
0.21859872611465 1 1
0.218980891719745 1 1
0.219363057324841 1 1
0.219745222929936 1 1
0.220127388535032 1 1
0.220509554140127 1 1
0.220891719745223 1 1
0.221273885350318 1 1
0.221656050955414 1 1
0.22203821656051 1 1
0.222420382165605 1 1
0.222802547770701 1 1
0.223184713375796 1 1
0.223566878980892 1 1
0.223949044585987 1 1
0.224331210191083 1 1
0.224713375796178 1 1
0.225095541401274 1 1
0.225477707006369 1 1
0.225859872611465 1 1
0.22624203821656 1 1
0.226624203821656 1 1
0.227006369426752 1 1
0.227388535031847 1 1
0.227770700636943 1 1
0.228152866242038 1 1
0.228535031847134 1 1
0.228917197452229 1 1
0.229299363057325 1 1
0.22968152866242 1 1
0.230063694267516 1 1
0.230445859872611 1 1
0.230828025477707 1 1
0.231210191082803 1 1
0.231592356687898 1 1
0.231974522292994 1 1
0.232356687898089 1 1
0.232738853503185 1 1
0.23312101910828 1 1
0.233503184713376 1 1
0.233885350318471 1 1
0.234267515923567 1 1
0.234649681528662 1 1
0.235031847133758 1 1
0.235414012738853 1 1
0.235796178343949 1 1
0.236178343949045 1 1
0.23656050955414 1 1
0.236942675159236 1 1
0.237324840764331 1 1
0.237707006369427 1 1
0.238089171974522 1 1
0.238471337579618 1 1
0.238853503184713 1 1
0.239235668789809 1 1
0.239617834394904 1 1
0.24 1 1
0.240382165605096 1 1
0.240764331210191 1 1
0.241146496815287 1 1
0.241528662420382 1 1
0.241910828025478 1 1
0.242292993630573 1 1
0.242675159235669 1 1
0.243057324840764 1 1
0.24343949044586 1 1
0.243821656050955 1 1
0.244203821656051 1 1
0.244585987261146 1 1
0.244968152866242 1 1
0.245350318471338 1 1
0.245732484076433 1 1
0.246114649681529 1 1
0.246496815286624 1 1
0.24687898089172 1 1
0.247261146496815 1 1
0.247643312101911 1 1
0.248025477707006 1 1
0.248407643312102 1 1
0.248789808917197 1 1
0.249171974522293 1 1
0.249554140127389 1 1
0.249936305732484 1 1
0.25031847133758 1 1
0.250700636942675 1 1
0.251082802547771 1 1
0.251464968152866 1 1
0.251847133757962 1 1
0.252229299363057 1 1
0.252611464968153 1 1
0.252993630573248 1 1
0.253375796178344 1 1
0.25375796178344 1 1
0.254140127388535 1 1
0.254522292993631 1 1
0.254904458598726 1 1
0.255286624203822 1 1
0.255668789808917 1 1
0.256050955414013 1 1
0.256433121019108 1 1
0.256815286624204 1 1
0.257197452229299 1 1
0.257579617834395 1 1
0.25796178343949 1 1
0.258343949044586 1 1
0.258726114649682 1 1
0.259108280254777 1 1
0.259490445859873 1 1
0.259872611464968 1 1
0.260254777070064 1 1
0.260636942675159 1 1
0.261019108280255 1 1
0.26140127388535 1 1
0.261783439490446 1 1
0.262165605095541 1 1
0.262547770700637 1 1
0.262929936305732 1 1
0.263312101910828 1 1
0.263694267515924 1 1
0.264076433121019 1 1
0.264458598726115 1 1
0.26484076433121 1 1
0.265222929936306 1 1
0.265605095541401 1 1
0.265987261146497 1 1
0.266369426751592 1 1
0.266751592356688 1 1
0.267133757961783 1 1
0.267515923566879 1 1
0.267898089171974 1 1
0.26828025477707 1 1
0.268662420382166 1 1
0.269044585987261 1 1
0.269426751592357 1 1
0.269808917197452 1 1
0.270191082802548 1 1
0.270573248407643 1 1
0.270955414012739 1 1
0.271337579617834 1 1
0.27171974522293 1 1
0.272101910828025 1 1
0.272484076433121 1 1
0.272866242038217 1 1
0.273248407643312 1 1
0.273630573248408 1 1
0.274012738853503 1 1
0.274394904458599 1 1
0.274777070063694 1 1
0.27515923566879 1 1
0.275541401273885 1 1
0.275923566878981 1 1
0.276305732484076 1 1
0.276687898089172 1 1
0.277070063694268 1 1
0.277452229299363 1 1
0.277834394904459 1 1
0.278216560509554 1 1
0.27859872611465 1 1
0.278980891719745 1 1
0.279363057324841 1 1
0.279745222929936 1 1
0.280127388535032 1 1
0.280509554140127 1 1
0.280891719745223 1 1
0.281273885350318 1 1
0.281656050955414 1 1
0.28203821656051 1 1
0.282420382165605 1 1
0.282802547770701 1 1
0.283184713375796 1 1
0.283566878980892 1 1
0.283949044585987 1 1
0.284331210191083 1 1
0.284713375796178 1 1
0.285095541401274 1 1
0.285477707006369 1 1
0.285859872611465 1 1
0.286242038216561 1 1
0.286624203821656 1 1
0.287006369426752 1 1
0.287388535031847 1 1
0.287770700636943 1 1
0.288152866242038 1 1
0.288535031847134 1 1
0.288917197452229 1 1
0.289299363057325 1 1
0.28968152866242 1 1
0.290063694267516 1 1
0.290445859872611 1 1
0.290828025477707 1 1
0.291210191082803 1 1
0.291592356687898 1 1
0.291974522292994 1 1
0.292356687898089 1 1
0.292738853503185 1 1
0.29312101910828 1 1
0.293503184713376 1 1
0.293885350318471 1 1
0.294267515923567 1 1
0.294649681528662 1 1
0.295031847133758 1 1
0.295414012738853 1 1
0.295796178343949 1 1
0.296178343949045 1 1
0.29656050955414 1 1
0.296942675159236 1 1
0.297324840764331 1 1
0.297707006369427 1 1
0.298089171974522 1 1
0.298471337579618 1 1
0.298853503184713 1 1
0.299235668789809 1 1
0.299617834394904 1 1
0.3 1 1
0.300254777070064 1 1
0.300509554140127 1 1
0.300764331210191 1 1
0.301019108280255 1 1
0.301273885350318 1 1
0.301528662420382 1 1
0.301783439490446 1 1
0.30203821656051 1 1
0.302292993630573 1 1
0.302547770700637 1 1
0.302802547770701 1 1
0.303057324840764 1 1
0.303312101910828 1 1
0.303566878980892 1 1
0.303821656050955 1 1
0.304076433121019 1 1
0.304331210191083 1 1
0.304585987261146 1 1
0.30484076433121 1 1
0.305095541401274 1 1
0.305350318471338 1 1
0.305605095541401 1 1
0.305859872611465 1 1
0.306114649681529 1 1
0.306369426751592 1 1
0.306624203821656 1 1
0.30687898089172 1 1
0.307133757961783 1 1
0.307388535031847 1 1
0.307643312101911 1 1
0.307898089171975 1 1
0.308152866242038 1 1
0.308407643312102 1 1
0.308662420382166 1 1
0.308917197452229 1 1
0.309171974522293 1 1
0.309426751592357 1 1
0.30968152866242 1 1
0.309936305732484 1 1
0.310191082802548 1 1
0.310445859872611 1 1
0.310700636942675 1 1
0.310955414012739 1 1
0.311210191082803 1 1
0.311464968152866 1 1
0.31171974522293 1 1
0.311974522292994 1 1
0.312229299363057 1 1
0.312484076433121 1 1
0.312738853503185 1 1
0.312993630573248 1 1
0.313248407643312 1 1
0.313503184713376 1 1
0.313757961783439 1 1
0.314012738853503 1 1
0.314267515923567 1 1
0.314522292993631 1 1
0.314777070063694 1 1
0.315031847133758 1 1
0.315286624203822 1 1
0.315541401273885 1 1
0.315796178343949 1 1
0.316050955414013 1 1
0.316305732484076 1 1
0.31656050955414 1 1
0.316815286624204 1 1
0.317070063694267 1 1
0.317324840764331 1 1
0.317579617834395 1 1
0.317834394904459 1 1
0.318089171974522 1 1
0.318343949044586 1 1
0.31859872611465 1 1
0.318853503184713 1 1
0.319108280254777 1 1
0.319363057324841 1 1
0.319617834394904 1 1
0.319872611464968 1 1
0.320127388535032 1 1
0.320382165605096 1 1
0.320636942675159 1 1
0.320891719745223 1 1
0.321146496815287 1 1
0.32140127388535 1 1
0.321656050955414 1 1
0.321910828025478 1 1
0.322165605095541 1 1
0.322420382165605 1 1
0.322675159235669 1 1
0.322929936305732 1 1
0.323184713375796 1 1
0.32343949044586 1 1
0.323694267515924 1 1
0.323949044585987 1 1
0.324203821656051 1 1
0.324458598726115 1 1
0.324713375796178 1 1
0.324968152866242 1 1
0.325222929936306 1 1
0.325477707006369 1 1
0.325732484076433 1 1
0.325987261146497 1 1
0.326242038216561 1 1
0.326496815286624 1 1
0.326751592356688 1 1
0.327006369426752 1 1
0.327261146496815 1 1
0.327515923566879 1 1
0.327770700636943 1 1
0.328025477707006 1 1
0.32828025477707 1 1
0.328535031847134 1 1
0.328789808917197 1 1
0.329044585987261 1 1
0.329299363057325 1 1
0.329554140127389 1 1
0.329808917197452 1 1
0.330063694267516 1 1
0.33031847133758 1 1
0.330573248407643 1 1
0.330828025477707 1 1
0.331082802547771 1 1
0.331337579617834 1 1
0.331592356687898 1 1
0.331847133757962 1 1
0.332101910828025 1 1
0.332356687898089 1 1
0.332611464968153 1 1
0.332866242038217 1 1
0.33312101910828 1 1
0.333375796178344 1 1
0.333630573248408 1 1
0.333885350318471 1 1
0.334140127388535 1 1
0.334394904458599 1 1
0.334649681528662 1 1
0.334904458598726 1 1
0.33515923566879 1 1
0.335414012738854 1 1
0.335668789808917 1 1
0.335923566878981 1 1
0.336178343949045 1 1
0.336433121019108 1 1
0.336687898089172 1 1
0.336942675159236 1 1
0.337197452229299 1 1
0.337452229299363 1 1
0.337707006369427 1 1
0.33796178343949 1 1
0.338216560509554 1 1
0.338471337579618 1 1
0.338726114649681 1 1
0.338980891719745 1 1
0.339235668789809 1 1
0.339490445859873 1 1
0.339745222929936 1 1
0.34 1 1
0.340254777070064 1 1
0.340509554140127 1 1
0.340764331210191 1 1
0.341019108280255 1 1
0.341273885350318 1 1
0.341528662420382 1 1
0.341783439490446 1 1
0.34203821656051 1 1
0.342292993630573 1 1
0.342547770700637 1 1
0.342802547770701 1 1
0.343057324840764 1 1
0.343312101910828 1 1
0.343566878980892 1 1
0.343821656050955 1 1
0.344076433121019 1 1
0.344331210191083 1 1
0.344585987261146 1 1
0.34484076433121 1 1
0.345095541401274 1 1
0.345350318471338 1 1
0.345605095541401 1 1
0.345859872611465 1 1
0.346114649681529 1 1
0.346369426751592 1 1
0.346624203821656 1 1
0.34687898089172 1 1
0.347133757961783 1 1
0.347388535031847 1 1
0.347643312101911 1 1
0.347898089171975 1 1
0.348152866242038 1 1
0.348407643312102 1 1
0.348662420382166 1 1
0.348917197452229 1 1
0.349171974522293 1 1
0.349426751592357 1 1
0.34968152866242 1 1
0.349936305732484 1 1
0.350191082802548 1 1
0.350445859872611 1 1
0.350700636942675 1 1
0.350955414012739 1 1
0.351210191082803 1 1
0.351464968152866 1 1
0.35171974522293 1 1
0.351974522292994 1 1
0.352229299363057 1 1
0.352484076433121 1 1
0.352738853503185 1 1
0.352993630573248 1 1
0.353248407643312 1 1
0.353503184713376 1 1
0.353757961783439 1 1
0.354012738853503 1 1
0.354267515923567 1 1
0.354522292993631 1 1
0.354777070063694 1 1
0.355031847133758 1 1
0.355286624203822 1 1
0.355541401273885 1 1
0.355796178343949 1 1
0.356050955414013 1 1
0.356305732484076 1 1
0.35656050955414 1 1
0.356815286624204 1 1
0.357070063694268 1 1
0.357324840764331 1 1
0.357579617834395 1 1
0.357834394904459 1 1
0.358089171974522 1 1
0.358343949044586 1 1
0.35859872611465 1 1
0.358853503184713 1 1
0.359108280254777 1 1
0.359363057324841 1 1
0.359617834394904 1 1
0.359872611464968 1 1
0.360127388535032 1 1
0.360382165605096 1 1
0.360636942675159 1 1
0.360891719745223 1 1
0.361146496815287 1 1
0.36140127388535 1 1
0.361656050955414 1 1
0.361910828025478 1 1
0.362165605095541 1 1
0.362420382165605 1 1
0.362675159235669 1 1
0.362929936305733 1 1
0.363184713375796 1 1
0.36343949044586 1 1
0.363694267515924 1 1
0.363949044585987 1 1
0.364203821656051 1 1
0.364458598726115 1 1
0.364713375796178 1 1
0.364968152866242 1 1
0.365222929936306 1 1
0.365477707006369 1 1
0.365732484076433 1 1
0.365987261146497 1 1
0.36624203821656 1 1
0.366496815286624 1 1
0.366751592356688 1 1
0.367006369426752 1 1
0.367261146496815 1 1
0.367515923566879 1 1
0.367770700636943 1 1
0.368025477707006 1 1
0.36828025477707 1 1
0.368535031847134 1 1
0.368789808917197 1 1
0.369044585987261 1 1
0.369299363057325 1 1
0.369554140127389 1 1
0.369808917197452 1 1
0.370063694267516 1 1
0.37031847133758 1 1
0.370573248407643 1 1
0.370828025477707 1 1
0.371082802547771 1 1
0.371337579617834 1 1
0.371592356687898 1 1
0.371847133757962 1 1
0.372101910828025 1 1
0.372356687898089 1 1
0.372611464968153 1 1
0.372866242038217 1 1
0.37312101910828 1 1
0.373375796178344 1 1
0.373630573248408 1 1
0.373885350318471 1 1
0.374140127388535 1 1
0.374394904458599 1 1
0.374649681528662 1 1
0.374904458598726 1 1
0.37515923566879 1 1
0.375414012738853 1 1
0.375668789808917 1 1
0.375923566878981 1 1
0.376178343949045 1 1
0.376433121019108 1 1
0.376687898089172 1 1
0.376942675159236 1 1
0.377197452229299 1 1
0.377452229299363 1 1
0.377707006369427 1 1
0.37796178343949 1 1
0.378216560509554 1 1
0.378471337579618 1 1
0.378726114649682 1 1
0.378980891719745 1 1
0.379235668789809 1 1
0.379490445859873 1 1
0.379745222929936 1 1
0.38 1 1
0.380254777070064 1 1
0.380509554140127 1 1
0.380764331210191 1 1
0.381019108280255 1 1
0.381273885350318 1 1
0.381528662420382 1 1
0.381783439490446 1 1
0.38203821656051 1 1
0.382292993630573 1 1
0.382547770700637 1 1
0.382802547770701 1 1
0.383057324840764 1 1
0.383312101910828 1 1
0.383566878980892 1 1
0.383821656050955 1 1
0.384076433121019 1 1
0.384331210191083 1 1
0.384585987261147 1 1
0.38484076433121 1 1
0.385095541401274 1 1
0.385350318471338 1 1
0.385605095541401 1 1
0.385859872611465 1 1
0.386114649681529 1 1
0.386369426751592 1 1
0.386624203821656 1 1
0.38687898089172 1 1
0.387133757961783 1 1
0.387388535031847 1 1
0.387643312101911 1 1
0.387898089171975 1 1
0.388152866242038 1 1
0.388407643312102 1 1
0.388662420382166 1 1
0.388917197452229 1 1
0.389171974522293 1 1
0.389426751592357 1 1
0.38968152866242 1 1
0.389936305732484 1 1
0.390191082802548 1 1
0.390445859872611 1 1
0.390700636942675 1 1
0.390955414012739 1 1
0.391210191082803 1 1
0.391464968152866 1 1
0.39171974522293 1 1
0.391974522292994 1 1
0.392229299363057 1 1
0.392484076433121 1 1
0.392738853503185 1 1
0.392993630573248 1 1
0.393248407643312 1 1
0.393503184713376 1 1
0.393757961783439 1 1
0.394012738853503 1 1
0.394267515923567 1 1
0.394522292993631 1 1
0.394777070063694 1 1
0.395031847133758 1 1
0.395286624203822 1 1
0.395541401273885 1 1
0.395796178343949 1 1
0.396050955414013 1 1
0.396305732484076 1 1
0.39656050955414 1 1
0.396815286624204 1 1
0.397070063694268 1 1
0.397324840764331 1 1
0.397579617834395 1 1
0.397834394904459 1 1
0.398089171974522 1 1
0.398343949044586 1 1
0.39859872611465 1 1
0.398853503184713 1 1
0.399108280254777 1 1
0.399363057324841 1 1
0.399617834394904 1 1
0.399872611464968 1 1
0.400127388535032 1 1
0.400382165605096 1 1
0.400636942675159 1 1
0.400891719745223 1 1
0.401146496815287 1 1
0.40140127388535 1 1
0.401656050955414 1 1
0.401910828025478 1 1
0.402165605095541 1 1
0.402420382165605 1 1
0.402675159235669 1 1
0.402929936305732 1 1
0.403184713375796 1 1
0.40343949044586 1 1
0.403694267515924 1 1
0.403949044585987 1 1
0.404203821656051 1 1
0.404458598726115 1 1
0.404713375796178 1 1
0.404968152866242 1 1
0.405222929936306 1 1
0.405477707006369 1 1
0.405732484076433 1 1
0.405987261146497 1 1
0.406242038216561 1 1
0.406496815286624 1 1
0.406751592356688 1 1
0.407006369426752 1 1
0.407261146496815 1 1
0.407515923566879 1 1
0.407770700636943 1 1
0.408025477707006 1 1
0.40828025477707 1 1
0.408535031847134 1 1
0.408789808917197 1 1
0.409044585987261 1 1
0.409299363057325 1 1
0.409554140127389 1 1
0.409808917197452 1 1
0.410063694267516 1 1
0.41031847133758 1 1
0.410573248407643 1 1
0.410828025477707 1 1
0.411082802547771 1 1
0.411337579617834 1 1
0.411592356687898 1 1
0.411847133757962 1 1
0.412101910828025 1 1
0.412356687898089 1 1
0.412611464968153 1 1
0.412866242038217 1 1
0.41312101910828 1 1
0.413375796178344 1 1
0.413630573248408 1 1
0.413885350318471 1 1
0.414140127388535 1 1
0.414394904458599 1 1
0.414649681528662 1 1
0.414904458598726 1 1
0.41515923566879 1 1
0.415414012738854 1 1
0.415668789808917 1 1
0.415923566878981 1 1
0.416178343949045 1 1
0.416433121019108 1 1
0.416687898089172 1 1
0.416942675159236 1 1
0.417197452229299 1 1
0.417452229299363 1 1
0.417707006369427 1 1
0.41796178343949 1 1
0.418216560509554 1 1
0.418471337579618 1 1
0.418726114649682 1 1
0.418980891719745 1 1
0.419235668789809 1 1
0.419490445859873 1 1
0.419745222929936 1 1
0.42 1 1
0.420254777070064 1 1
0.420509554140127 1 1
0.420764331210191 1 1
0.421019108280255 1 1
0.421273885350318 1 1
0.421528662420382 1 1
0.421783439490446 1 1
0.42203821656051 1 1
0.422292993630573 1 1
0.422547770700637 1 1
0.422802547770701 1 1
0.423057324840764 1 1
0.423312101910828 1 1
0.423566878980892 1 1
0.423821656050955 1 1
0.424076433121019 1 1
0.424331210191083 1 1
0.424585987261146 1 1
0.42484076433121 1 1
0.425095541401274 1 1
0.425350318471338 1 1
0.425605095541401 1 1
0.425859872611465 1 1
0.426114649681529 1 1
0.426369426751592 1 1
0.426624203821656 1 1
0.42687898089172 1 1
0.427133757961783 1 1
0.427388535031847 1 1
0.427643312101911 1 1
0.427898089171975 1 1
0.428152866242038 1 1
0.428407643312102 1 1
0.428662420382166 1 1
0.428917197452229 1 1
0.429171974522293 1 1
0.429426751592357 1 1
0.42968152866242 1 1
0.429936305732484 1 1
0.430191082802548 1 1
0.430445859872611 1 1
0.430700636942675 1 1
0.430955414012739 1 1
0.431210191082803 1 1
0.431464968152866 1 1
0.43171974522293 1 1
0.431974522292994 1 1
0.432229299363057 1 1
0.432484076433121 1 1
0.432738853503185 1 1
0.432993630573248 1 1
0.433248407643312 1 1
0.433503184713376 1 1
0.43375796178344 1 1
0.434012738853503 1 1
0.434267515923567 1 1
0.434522292993631 1 1
0.434777070063694 1 1
0.435031847133758 1 1
0.435286624203822 1 1
0.435541401273885 1 1
0.435796178343949 1 1
0.436050955414013 1 1
0.436305732484076 1 1
0.43656050955414 1 1
0.436815286624204 1 1
0.437070063694268 1 1
0.437324840764331 1 1
0.437579617834395 1 1
0.437834394904459 1 1
0.438089171974522 1 1
0.438343949044586 1 1
0.43859872611465 1 1
0.438853503184713 1 1
0.439108280254777 1 1
0.439363057324841 1 1
0.439617834394904 1 1
0.439872611464968 1 1
0.440127388535032 1 1
0.440382165605096 1 1
0.440636942675159 1 1
0.440891719745223 1 1
0.441146496815287 1 1
0.44140127388535 1 1
0.441656050955414 1 1
0.441910828025478 1 1
0.442165605095541 1 1
0.442420382165605 1 1
0.442675159235669 1 1
0.442929936305732 1 1
0.443184713375796 1 1
0.44343949044586 1 1
0.443694267515924 1 1
0.443949044585987 1 1
0.444203821656051 1 1
0.444458598726115 1 1
0.444713375796178 1 1
0.444968152866242 1 1
0.445222929936306 1 1
0.445477707006369 1 1
0.445732484076433 1 1
0.445987261146497 1 1
0.44624203821656 1 1
0.446496815286624 1 1
0.446751592356688 1 1
0.447006369426752 1 1
0.447261146496815 1 1
0.447515923566879 1 1
0.447770700636943 1 1
0.448025477707006 1 1
0.44828025477707 1 1
0.448535031847134 1 1
0.448789808917197 1 1
0.449044585987261 1 1
0.449299363057325 1 1
0.449554140127389 1 1
0.449808917197452 1 1
0.450063694267516 1 1
0.45031847133758 1 1
0.450573248407643 1 1
0.450828025477707 1 1
0.451082802547771 1 1
0.451337579617834 1 1
0.451592356687898 1 1
0.451847133757962 1 1
0.452101910828025 1 1
0.452356687898089 1 1
0.452611464968153 1 1
0.452866242038217 1 1
0.45312101910828 1 1
0.453375796178344 1 1
0.453630573248408 1 1
0.453885350318471 1 1
0.454140127388535 1 1
0.454394904458599 1 1
0.454649681528662 1 1
0.454904458598726 1 1
0.45515923566879 1 1
0.455414012738854 1 1
0.455668789808917 1 1
0.455923566878981 1 1
0.456178343949045 1 1
0.456433121019108 1 1
0.456687898089172 1 1
0.456942675159236 1 1
0.457197452229299 1 1
0.457452229299363 1 1
0.457707006369427 1 1
0.45796178343949 1 1
0.458216560509554 1 1
0.458471337579618 1 1
0.458726114649682 1 1
0.458980891719745 1 1
0.459235668789809 1 1
0.459490445859873 1 1
0.459745222929936 1 1
0.46 1 1
0.460254777070064 1 1
0.460509554140127 1 1
0.460764331210191 1 1
0.461019108280255 1 1
0.461273885350318 1 1
0.461528662420382 1 1
0.461783439490446 1 1
0.46203821656051 1 1
0.462292993630573 1 1
0.462547770700637 1 1
0.462802547770701 1 1
0.463057324840764 1 1
0.463312101910828 1 1
0.463566878980892 1 1
0.463821656050955 1 1
0.464076433121019 1 1
0.464331210191083 1 1
0.464585987261147 1 1
0.46484076433121 1 1
0.465095541401274 1 1
0.465350318471338 1 1
0.465605095541401 1 1
0.465859872611465 1 1
0.466114649681529 1 1
0.466369426751592 1 1
0.466624203821656 1 1
0.46687898089172 1 1
0.467133757961783 1 1
0.467388535031847 1 1
0.467643312101911 1 1
0.467898089171975 1 1
0.468152866242038 1 1
0.468407643312102 1 1
0.468662420382166 1 1
0.468917197452229 1 1
0.469171974522293 1 1
0.469426751592357 1 1
0.46968152866242 1 1
0.469936305732484 1 1
0.470191082802548 1 1
0.470445859872611 1 1
0.470700636942675 1 1
0.470955414012739 1 1
0.471210191082803 1 1
0.471464968152866 1 1
0.47171974522293 1 1
0.471974522292994 1 1
0.472229299363057 1 1
0.472484076433121 1 1
0.472738853503185 1 1
0.472993630573248 1 1
0.473248407643312 1 1
0.473503184713376 1 1
0.473757961783439 1 1
0.474012738853503 1 1
0.474267515923567 1 1
0.474522292993631 1 1
0.474777070063694 1 1
0.475031847133758 1 1
0.475286624203822 1 1
0.475541401273885 1 1
0.475796178343949 1 1
0.476050955414013 1 1
0.476305732484076 1 1
0.47656050955414 1 1
0.476815286624204 1 1
0.477070063694268 1 1
0.477324840764331 1 1
0.477579617834395 1 1
0.477834394904459 1 1
0.478089171974522 1 1
0.478343949044586 1 1
0.47859872611465 1 1
0.478853503184713 1 1
0.479108280254777 1 1
0.479363057324841 1 1
0.479617834394904 1 1
0.479872611464968 1 1
0.480127388535032 1 1
0.480382165605096 1 1
0.480636942675159 1 1
0.480891719745223 1 1
0.481146496815287 1 1
0.48140127388535 1 1
0.481656050955414 1 1
0.481910828025478 1 1
0.482165605095541 1 1
0.482420382165605 1 1
0.482675159235669 1 1
0.482929936305732 1 1
0.483184713375796 1 1
0.48343949044586 1 1
0.483694267515924 1 1
0.483949044585987 1 1
0.484203821656051 1 1
0.484458598726115 1 1
0.484713375796178 1 1
0.484968152866242 1 1
0.485222929936306 1 1
0.485477707006369 1 1
0.485732484076433 1 1
0.485987261146497 1 1
0.486242038216561 1 1
0.486496815286624 1 1
0.486751592356688 1 1
0.487006369426752 1 1
0.487261146496815 1 1
0.487515923566879 1 1
0.487770700636943 1 1
0.488025477707006 1 1
0.48828025477707 1 1
0.488535031847134 1 1
0.488789808917197 1 1
0.489044585987261 1 1
0.489299363057325 1 1
0.489554140127389 1 1
0.489808917197452 1 1
0.490063694267516 1 1
0.49031847133758 1 1
0.490573248407643 1 1
0.490828025477707 1 1
0.491082802547771 1 1
0.491337579617834 1 1
0.491592356687898 1 1
0.491847133757962 1 1
0.492101910828026 1 1
0.492356687898089 1 1
0.492611464968153 1 1
0.492866242038217 1 1
0.49312101910828 1 1
0.493375796178344 1 1
0.493630573248408 1 1
0.493885350318471 1 1
0.494140127388535 1 1
0.494394904458599 1 1
0.494649681528662 1 1
0.494904458598726 1 1
0.49515923566879 1 1
0.495414012738853 1 1
0.495668789808917 1 1
0.495923566878981 1 1
0.496178343949045 1 1
0.496433121019108 1 1
0.496687898089172 1 1
0.496942675159236 1 1
0.497197452229299 1 1
0.497452229299363 1 1
0.497707006369427 1 1
0.49796178343949 1 1
0.498216560509554 1 1
0.498471337579618 1 1
0.498726114649682 1 1
0.498980891719745 1 1
0.499235668789809 1 1
0.499490445859873 1 1
0.499745222929936 1 1
0.5 1 1
