0 220.062411376598
0.000382165605095541 220.062411376598
0.000764331210191083 220.062411303601
0.00114649681528662 220.062411157625
0.00152866242038217 220.062410938674
0.00191082802547771 220.062410646752
0.00229299363057325 220.062410281858
0.00267515923566879 220.062409843993
0.00305732484076433 220.062409333158
0.00343949044585987 220.062408749352
0.00382165605095541 220.062408092576
0.00420382165605095 220.062407362831
0.0045859872611465 220.062406560115
0.00496815286624204 220.06240568443
0.00535031847133758 220.062404735774
0.00573248407643312 220.062403714149
0.00611464968152866 220.062402619554
0.0064968152866242 220.06240145199
0.00687898089171975 220.062400211456
0.00726114649681529 220.062398897952
0.00764331210191083 220.062397511478
0.00802547770700637 220.062396052035
0.00840764331210191 220.062394519622
0.00878980891719745 220.06239291424
0.009171974522293 220.062391235888
0.00955414012738854 220.062389484566
0.00993630573248408 220.062387660275
0.0103184713375796 220.062385763014
0.0107006369426752 220.062383792784
0.0110828025477707 220.062381749584
0.0114649681528662 220.062379633415
0.0118471337579618 220.062377444275
0.0122292993630573 220.062375182167
0.0126114649681529 220.062372847089
0.0129936305732484 220.062370439041
0.013375796178344 220.062367958024
0.0137579617834395 220.062365404037
0.014140127388535 220.06236277708
0.0145222929936306 220.062360077154
0.0149044585987261 220.062357304259
0.0152866242038217 220.062354458394
0.0156687898089172 220.062351539559
0.0160509554140127 220.062348547755
0.0164331210191083 220.062345482982
0.0168152866242038 220.062342345238
0.0171974522292994 220.062339134526
0.0175796178343949 220.062335850844
0.0179617834394904 220.062332494192
0.018343949044586 220.06232906457
0.0187261146496815 220.06232556198
0.0191082802547771 220.062321986419
0.0194904458598726 220.062318337889
0.0198726114649681 220.06231461639
0.0202547770700637 220.062310821921
0.0206369426751592 220.062306954482
0.0210191082802548 220.062303014075
0.0214012738853503 220.062299000697
0.0217834394904458 220.06229491435
0.0221656050955414 220.062290755034
0.0225477707006369 220.062286522748
0.0229299363057325 220.062282217492
0.023312101910828 220.062277839267
0.0236942675159235 220.062273388072
0.0240764331210191 220.062268863908
0.0244585987261146 220.062264266774
0.0248407643312102 220.062259596671
0.0252229299363057 220.062254853599
0.0256050955414012 220.062250037556
0.0259872611464968 220.062245148545
0.0263694267515923 220.062240186563
0.0267515923566879 220.062235151613
0.0271337579617834 220.062230043692
0.0275159235668789 220.062224862802
0.0278980891719745 220.062219608943
0.02828025477707 220.062214282114
0.0286624203821656 220.062208882316
0.0290445859872611 220.062203409548
0.0294267515923566 220.062197863811
0.0298089171974522 220.062192245104
0.0301910828025477 220.062186553427
0.0305732484076433 220.062180788781
0.0309554140127388 220.062174951166
0.0313375796178343 220.062169040581
0.0317197452229299 220.062163057027
0.0321019108280254 220.062157000503
0.032484076433121 220.062150871009
0.0328662420382165 220.062144668546
0.033248407643312 220.062138393114
0.0336305732484076 220.062132044712
0.0340127388535031 220.062125623341
0.0343949044585987 220.062119129
0.0347770700636942 220.062112561689
0.0351592356687897 220.062105921409
0.0355414012738853 220.062099208159
0.0359235668789808 220.06209242194
0.0363057324840764 220.062085562752
0.0366878980891719 220.062078630594
0.0370700636942674 220.062071625466
0.037452229299363 220.062064547369
0.0378343949044585 220.062057396303
0.0382165605095541 220.062050172266
0.0385987261146496 220.062042875261
0.0389808917197451 220.062035505286
0.0393630573248407 220.062028062341
0.0397452229299362 220.062020546427
0.0401273885350318 220.062012957543
0.0405095541401273 220.06200529569
0.0408917197452228 220.061997560867
0.0412738853503184 220.061989753075
0.0416560509554139 220.061981872313
0.0420382165605095 220.061973918582
0.042420382165605 220.061965891881
0.0428025477707005 220.061957792211
0.0431847133757961 220.061949619571
0.0435668789808916 220.061941373961
0.0439490445859872 220.061933055382
0.0443312101910827 220.061924663834
0.0447133757961782 220.061916199316
0.0450955414012738 220.061907661829
0.0454777070063693 220.061899051372
0.0458598726114649 220.061890367946
0.0462420382165604 220.06188161155
0.0466242038216559 220.061872782184
0.0470063694267515 220.06186387985
0.047388535031847 220.061854904545
0.0477707006369426 220.061845856271
0.0481528662420381 220.061836735028
0.0485350318471336 220.061827540815
0.0489171974522292 220.061818273633
0.0492993630573247 220.061808933481
0.0496815286624203 220.061799520359
0.0500636942675158 220.061790034268
0.0504458598726113 220.061780475208
0.0508280254777069 220.061770843178
0.0512101910828024 220.061761138179
0.051592356687898 220.06175136021
0.0519745222929935 220.061741509271
0.052356687898089 220.061731585363
0.0527388535031846 220.061721588486
0.0531210191082801 220.061711518639
0.0535031847133757 220.061701375822
0.0538853503184712 220.061691160036
0.0542675159235667 220.061680871281
0.0546496815286623 220.061670509556
0.0550318471337578 220.061660074861
0.0554140127388534 220.061649567197
0.0557961783439489 220.061638986564
0.0561783439490444 220.061628332961
0.05656050955414 220.061617606388
0.0569426751592355 220.061606806846
0.0573248407643311 220.061595934335
0.0577070063694266 220.061584988854
0.0580891719745221 220.061573970403
0.0584713375796177 220.061562878983
0.0588535031847132 220.061551714594
0.0592356687898088 220.061540477235
0.0596178343949043 220.061529166906
0.0599999999999998 220.061517783608
0.0603821656050954 220.061506327341
0.0607643312101909 220.061494798104
0.0611464968152865 220.061483195897
0.061528662420382 220.061471520721
0.0619108280254775 220.061459772575
0.0622929936305731 220.06144795146
0.0626751592356686 220.061436057376
0.0630573248407642 220.061424090322
0.0634394904458597 220.061412050298
0.0638216560509553 220.061399937305
0.0642038216560508 220.061387751342
0.0645859872611464 220.06137549241
0.0649681528662419 220.061363160509
0.0653503184713374 220.061350755637
0.065732484076433 220.061338277797
0.0661146496815285 220.061325726987
0.0664968152866241 220.061313103207
0.0668789808917196 220.061300406458
0.0672611464968152 220.061287636739
0.0676433121019107 220.061274794051
0.0680254777070063 220.061261878393
0.0684076433121018 220.061248889766
0.0687898089171974 220.061235828169
0.0691719745222929 220.061222693603
0.0695541401273885 220.061209486067
0.069936305732484 220.061196205562
0.0703184713375796 220.061182852087
0.0707006369426751 220.061169425643
0.0710828025477706 220.061155926229
0.0714649681528662 220.061142353846
0.0718471337579617 220.061128708493
0.0722292993630573 220.061114990171
0.0726114649681528 220.061101198879
0.0729936305732484 220.061087334618
0.0733757961783439 220.061073397387
0.0737579617834395 220.061059387187
0.074140127388535 220.061045304017
0.0745222929936306 220.061031147877
0.0749044585987261 220.061016918768
0.0752866242038217 220.06100261669
0.0756687898089172 220.060988241642
0.0760509554140128 220.060973793625
0.0764331210191083 220.060959272638
0.0768152866242039 220.060944678681
0.0771974522292994 220.060930011755
0.0775796178343949 220.06091527186
0.0779617834394905 220.060900458995
0.078343949044586 220.06088557316
0.0787261146496816 220.060870614356
0.0791082802547771 220.060855582583
0.0794904458598727 220.06084047784
0.0798726114649682 220.060825300127
0.0802547770700638 220.060810049445
0.0806369426751593 220.060794725793
0.0810191082802549 220.060779329172
0.0814012738853504 220.060763859582
0.081783439490446 220.060748317021
0.0821656050955415 220.060732701492
0.0825477707006371 220.060717012992
0.0829299363057326 220.060701251524
0.0833121019108281 220.060685417085
0.0836942675159237 220.060669509678
0.0840764331210192 220.0606535293
0.0844585987261148 220.060637475954
0.0848407643312103 220.060621349637
0.0852229299363059 220.060605150351
0.0856050955414014 220.060588878096
0.085987261146497 220.060572532871
0.0863694267515925 220.060556114677
0.0867515923566881 220.060539623513
0.0871337579617836 220.06052305938
0.0875159235668792 220.060506422277
0.0878980891719747 220.060489712204
0.0882802547770703 220.060472929162
0.0886624203821658 220.060456073151
0.0890445859872614 220.06043914417
0.0894267515923569 220.06042214222
0.0898089171974524 220.0604050673
0.090191082802548 220.060387919411
0.0905732484076435 220.060370698552
0.0909554140127391 220.060353404723
0.0913375796178346 220.060336037925
0.0917197452229302 220.060318598158
0.0921019108280257 220.060301085421
0.0924840764331213 220.060283499714
0.0928662420382168 220.060265841038
0.0932484076433124 220.060248109393
0.0936305732484079 220.060230304778
0.0940127388535035 220.060212427193
0.094394904458599 220.06019447664
0.0947770700636946 220.060176453116
0.0951592356687901 220.060158356623
0.0955414012738856 220.060140187161
0.0959235668789812 220.060121944729
0.0963057324840767 220.060103629327
0.0966878980891723 220.060085240956
0.0970700636942678 220.060066779616
0.0974522292993634 220.060048245306
0.0978343949044589 220.060029638026
0.0982165605095545 220.060010957777
0.09859872611465 220.059992204559
0.0989808917197456 220.059973378371
0.0993630573248411 220.059954479213
0.0997452229299367 220.059935507086
0.100127388535032 220.05991646199
0.100509554140128 220.059897343924
0.100891719745223 220.059878152888
0.101273885350319 220.059858888883
0.101656050955414 220.059839551908
0.10203821656051 220.059820141964
0.102420382165605 220.059800659051
0.102802547770701 220.059781103168
0.103184713375797 220.059761474315
0.103566878980892 220.059741772493
0.103949044585988 220.059721997702
0.104331210191083 220.059702149941
0.104713375796179 220.05968222921
0.105095541401274 220.05966223551
0.10547770700637 220.05964216884
0.105859872611465 220.059622029201
0.106242038216561 220.059601816593
0.106624203821657 220.059581531015
0.107006369426752 220.059561172468
0.107388535031848 220.059540740951
0.107770700636943 220.059520236464
0.108152866242039 220.059499659008
0.108535031847134 220.059479008583
0.10891719745223 220.059458285188
0.109299363057325 220.059437488823
0.109681528662421 220.059416619489
0.110063694267516 220.059395677186
0.110445859872612 220.059374661913
0.110828025477708 220.05935357367
0.111210191082803 220.059332412459
0.111592356687899 220.059311178277
0.111974522292994 220.059289871126
0.11235668789809 220.059268491006
0.112738853503185 220.059247037916
0.113121019108281 220.059225511856
0.113503184713376 220.059203912827
0.113885350318472 220.059182240829
0.114267515923567 220.059160495861
0.114649681528663 220.059138677924
0.115031847133759 220.059116787017
0.115414012738854 220.05909482314
0.11579617834395 220.059072786294
0.116178343949045 220.059050676479
0.116560509554141 220.059028493694
0.116942675159236 220.059006237939
0.117324840764332 220.058983909215
0.117707006369427 220.058961507522
0.118089171974523 220.058939032859
0.118471337579618 220.058916485226
0.118853503184714 220.058893864624
0.11923566878981 220.058871171053
0.119617834394905 220.058848404512
0.120000000000001 220.058825565001
0.120382165605096 220.058802652522
0.120764331210192 220.058779667072
0.121146496815287 220.058756608653
0.121528662420383 220.058733477265
0.121910828025478 220.058710272907
0.122292993630574 220.058686995579
0.122675159235669 220.058663645282
0.123057324840765 220.058640222016
0.123439490445861 220.05861672578
0.123821656050956 220.058593156574
0.124203821656052 220.058569514399
0.124585987261147 220.058545799255
0.124968152866243 220.058522011141
0.125350318471338 220.058498150057
0.125732484076434 220.058474216004
0.126114649681529 220.058450208982
0.126496815286625 220.05842612899
0.12687898089172 220.058401976028
0.127261146496816 220.058377750097
0.127643312101912 220.058353451196
0.128025477707007 220.058329079326
0.128407643312103 220.058304634487
0.128789808917198 220.058280116678
0.129171974522294 220.058255525899
0.129554140127389 220.058230862151
0.129936305732485 220.058206125434
0.13031847133758 220.058181315747
0.130700636942676 220.05815643309
0.131082802547771 220.058131477464
0.131464968152867 220.058106448868
0.131847133757963 220.058081347303
0.132229299363058 220.058056172769
0.132611464968154 220.058030925264
0.132993630573249 220.058005604791
0.133375796178345 220.057980211348
0.13375796178344 220.057954744935
0.134140127388536 220.057929205553
0.134522292993631 220.057903593201
0.134904458598727 220.05787790788
0.135286624203823 220.05785214959
0.135668789808918 220.057826318329
0.136050955414014 220.0578004141
0.136433121019109 220.057774436901
0.136815286624205 220.057748386732
0.1371974522293 220.057722263594
0.137579617834396 220.057696067486
0.137961783439491 220.057669798409
0.138343949044587 220.057643456362
0.138726114649682 220.057617041346
0.139108280254778 220.057590553361
0.139490445859874 220.057563992405
0.139872611464969 220.057537358481
0.140254777070065 220.057510651587
0.14063694267516 220.057483871723
0.141019108280256 220.05745701889
0.141401273885351 220.057430093087
0.141783439490447 220.057403094315
0.142165605095542 220.057376022573
0.142547770700638 220.057348877862
0.142929936305733 220.057321660181
0.143312101910829 220.057294369531
0.143694267515925 220.057267005911
0.14407643312102 220.057239569322
0.144458598726116 220.057212059763
0.144840764331211 220.057184477235
0.145222929936307 220.057156821737
0.145605095541402 220.057129093269
0.145987261146498 220.057101291833
0.146369426751593 220.057073417426
0.146751592356689 220.05704547005
0.147133757961784 220.057017449705
0.14751592356688 220.05698935639
0.147898089171976 220.056961190106
0.148280254777071 220.056932950852
0.148662420382167 220.056904638629
0.149044585987262 220.056876253436
0.149426751592358 220.056847795273
0.149808917197453 220.056819264142
0.150191082802549 220.05679066004
0.150573248407644 220.05676198297
0.15095541401274 220.056733232929
0.151337579617835 220.056704409919
0.151719745222931 220.05667551394
0.152101910828027 220.056646544991
0.152484076433122 220.056617503073
0.152866242038218 220.056588388185
0.153248407643313 220.056559200328
0.153630573248409 220.056529939501
0.154012738853504 220.056500605705
0.1543949044586 220.056471198939
0.154777070063695 220.056441719203
0.155159235668791 220.056412166499
0.155541401273886 220.056382540824
0.155923566878982 220.05635284218
0.156305732484078 220.056323070567
0.156687898089173 220.056293225984
0.157070063694269 220.056263308432
0.157452229299364 220.05623331791
0.15783439490446 220.056203254419
0.158216560509555 220.056173117958
0.158598726114651 220.056142908528
0.158980891719746 220.056112626128
0.159363057324842 220.056082270759
0.159745222929938 220.05605184242
0.160127388535033 220.056021341111
0.160509554140129 220.055990766834
0.160891719745224 220.055960119586
0.16127388535032 220.05592939937
0.161656050955415 220.055898606183
0.162038216560511 220.055867740028
0.162420382165606 220.055836800902
0.162802547770702 220.055805788807
0.163184713375797 220.055774703743
0.163566878980893 220.055743545709
0.163949044585989 220.055712314706
0.164331210191084 220.055681010733
0.16471337579618 220.05564963379
0.165095541401275 220.055618183878
0.165477707006371 220.055586660997
0.165859872611466 220.055555065146
0.166242038216562 220.055523396325
0.166624203821657 220.055491654535
0.167006369426753 220.055459839776
0.167388535031848 220.055427952047
0.167770700636944 220.055395991348
0.16815286624204 220.05536395768
0.168535031847135 220.055331851042
0.168917197452231 220.055299671435
0.169299363057326 220.055267418859
0.169681528662422 220.055235093313
0.170063694267517 220.055202694797
0.170445859872613 220.055170223312
0.170828025477708 220.055137678857
0.171210191082804 220.055105061433
0.171592356687899 220.055072371039
0.171974522292995 220.055039607676
0.172356687898091 220.055006771343
0.172738853503186 220.054973862041
0.173121019108282 220.05494087977
0.173503184713377 220.054907824528
0.173885350318473 220.054874696318
0.174267515923568 220.054841495138
0.174649681528664 220.054808220988
0.175031847133759 220.054774873869
0.175414012738855 220.05474145378
0.17579617834395 220.054707960722
0.176178343949046 220.054674394694
0.176560509554142 220.054640755696
0.176942675159237 220.05460704373
0.177324840764333 220.054573258793
0.177707006369428 220.054539400888
0.178089171974524 220.054505470012
0.178471337579619 220.054471466168
0.178853503184715 220.054437389353
0.17923566878981 220.05440323957
0.179617834394906 220.054369016816
0.180000000000001 220.054334721094
0.180382165605097 220.054300352401
0.180764331210193 220.05426591074
0.181146496815288 220.054231396108
0.181528662420384 220.054196808507
0.181910828025479 220.054162147937
0.182292993630575 220.054127414397
0.18267515923567 220.054092607888
0.183057324840766 220.054057728409
0.183439490445861 220.054022775961
0.183821656050957 220.053987750543
0.184203821656053 220.053952652156
0.184585987261148 220.053917480799
0.184968152866244 220.053882236473
0.185350318471339 220.053846919177
0.185732484076435 220.053811528912
0.18611464968153 220.053776065677
0.186496815286626 220.053740529472
0.186878980891721 220.053704920299
0.187261146496817 220.053669238155
0.187643312101912 220.053633483042
0.188025477707008 220.05359765496
0.188407643312104 220.053561753908
0.188789808917199 220.053525779887
0.189171974522295 220.053489732896
0.18955414012739 220.053453612936
0.189936305732486 220.053417420006
0.190318471337581 220.053381154107
0.190700636942677 220.053344815238
0.191082802547772 220.0533084034
0.191464968152868 220.053271918592
0.191847133757963 220.053235360814
0.192229299363059 220.053198730068
0.192611464968155 220.053162026351
0.19299363057325 220.053125249665
0.193375796178346 220.05308840001
0.193757961783441 220.053051477385
0.194140127388537 220.053014481791
0.194522292993632 220.052977413227
0.194904458598728 220.052940271694
0.195286624203823 220.052903057191
0.195668789808919 220.052865769719
0.196050955414014 220.052828409277
0.19643312101911 220.052790975866
0.196815286624206 220.052753469485
0.197197452229301 220.052715890134
0.197579617834397 220.052678237814
0.197961783439492 220.052640512525
0.198343949044588 220.052602714266
0.198726114649683 220.052564843038
0.199108280254779 220.05252689884
0.199490445859874 220.052488881673
0.19987261146497 220.052450791536
0.200254777070065 220.05241262843
0.200636942675161 220.052374392354
0.201019108280257 220.052336083308
0.201401273885352 220.052297701293
0.201783439490448 220.052259246309
0.202165605095543 220.052220718355
0.202547770700639 220.052182117432
0.202929936305734 220.052143443539
0.20331210191083 220.052104696677
0.203694267515925 220.052065876845
0.204076433121021 220.052026984043
0.204458598726116 220.051988018272
0.204840764331212 220.051948979532
0.205222929936308 220.051909867822
0.205605095541403 220.051870683143
0.205987261146499 220.051831425494
0.206369426751594 220.051792094875
0.20675159235669 220.051752691288
0.207133757961785 220.05171321473
0.207515923566881 220.051673665203
0.207898089171976 220.051634042707
0.208280254777072 220.051594347241
0.208662420382168 220.051554578806
0.209044585987263 220.051514737401
0.209426751592359 220.051474823026
0.209808917197454 220.051434835683
0.21019108280255 220.051394775369
0.210573248407645 220.051354642086
0.210955414012741 220.051314435834
0.211337579617836 220.051274156612
0.211719745222932 220.051233804421
0.212101910828027 220.05119337926
0.212484076433123 220.051152881129
0.212866242038219 220.051112310029
0.213248407643314 220.05107166596
0.21363057324841 220.051030948921
0.214012738853505 220.050990158913
0.214394904458601 220.050949295935
0.214777070063696 220.050908359988
0.215159235668792 220.050867351071
0.215541401273887 220.050826269184
0.215923566878983 220.050785114328
0.216305732484078 220.050743886503
0.216687898089174 220.050702585708
0.21707006369427 220.050661211944
0.217452229299365 220.05061976521
0.217834394904461 220.050578245506
0.218216560509556 220.050536652834
0.218598726114652 220.050494987191
0.218980891719747 220.050453248579
0.219363057324843 220.050411436998
0.219745222929938 220.050369552447
0.220127388535034 220.050327594927
0.220509554140129 220.050285564437
0.220891719745225 220.050243460977
0.221273885350321 220.050201284548
0.221656050955416 220.05015903515
0.222038216560512 220.050116712782
0.222420382165607 220.050074317445
0.222802547770703 220.050031849138
0.223184713375798 220.049989307861
0.223566878980894 220.049946693616
0.223949044585989 220.0499040064
0.224331210191085 220.049861246215
0.22471337579618 220.049818413061
0.225095541401276 220.049775506937
0.225477707006372 220.049732527844
0.225859872611467 220.049689475781
0.226242038216563 220.049646350748
0.226624203821658 220.049603152746
0.227006369426754 220.049559881775
0.227388535031849 220.049516537834
0.227770700636945 220.049473120923
0.22815286624204 220.049429631043
0.228535031847136 220.049386068194
0.228917197452231 220.049342432375
0.229299363057327 220.049298723586
0.229681528662423 220.049254941828
0.230063694267518 220.049211087101
0.230445859872614 220.049167159404
0.230828025477709 220.049123158738
0.231210191082805 220.049079085102
0.2315923566879 220.049034938496
0.231974522292996 220.048990718921
0.232356687898091 220.048946426377
0.232738853503187 220.048902060863
0.233121019108283 220.048857622379
0.233503184713378 220.048813110926
0.233885350318474 220.048768526504
0.234267515923569 220.048723869112
0.234649681528665 220.04867913875
0.23503184713376 220.048634335419
0.235414012738856 220.048589459119
0.235796178343951 220.048544509849
0.236178343949047 220.04849948761
0.236560509554142 220.048454392401
0.236942675159238 220.048409224222
0.237324840764334 220.048363983074
0.237707006369429 220.048318668957
0.238089171974525 220.04827328187
0.23847133757962 220.048227821813
0.238853503184716 220.048182288787
0.239235668789811 220.048136682792
0.239617834394907 220.048091003827
0.240000000000002 220.048045251892
0.240382165605098 220.047999426988
0.240764331210193 220.047953529115
0.241146496815289 220.047907558272
0.241528662420385 220.047861514459
0.24191082802548 220.047815397677
0.242292993630576 220.047769207926
0.242675159235671 220.047722945205
0.243057324840767 220.047676609514
0.243439490445862 220.047630200854
0.243821656050958 220.047583719225
0.244203821656053 220.047537164626
0.244585987261149 220.047490537057
0.244968152866244 220.04744383652
0.24535031847134 220.047397063012
0.245732484076436 220.047350216535
0.246114649681531 220.047303297088
0.246496815286627 220.047256304672
0.246878980891722 220.047209239287
0.247261146496818 220.047162100932
0.247643312101913 220.047114889607
0.248025477707009 220.047067605313
0.248407643312104 220.04702024805
0.2487898089172 220.046972817817
0.249171974522295 220.046925314614
0.249554140127391 220.046877738442
0.249936305732487 220.046830089301
0.250318471337582 220.04678236719
0.250700636942678 220.046734572109
0.251082802547773 220.046686704059
0.251464968152869 220.04663876304
0.251847133757964 220.046590749051
0.25222929936306 220.046542662092
0.252611464968155 220.046494502164
0.252993630573251 220.046446269266
0.253375796178346 220.046397963399
0.253757961783442 220.046349584563
0.254140127388537 220.046301132757
0.254522292993633 220.046252607981
0.254904458598728 220.046204010236
0.255286624203824 220.046155339521
0.255668789808919 220.046106595837
0.256050955414015 220.046057779184
0.25643312101911 220.046008889561
0.256815286624206 220.045959926968
0.257197452229301 220.045910891406
0.257579617834397 220.045861782874
0.257961783439492 220.045812601373
0.258343949044588 220.045763346903
0.258726114649684 220.045714019463
0.259108280254779 220.045664619053
0.259490445859875 220.045615145674
0.25987261146497 220.045565599326
0.260254777070066 220.045515980008
0.260636942675161 220.04546628772
0.261019108280257 220.045416522463
0.261401273885352 220.045366684236
0.261783439490448 220.04531677304
0.262165605095543 220.045266788875
0.262547770700639 220.04521673174
0.262929936305734 220.045166601635
0.26331210191083 220.045116398561
0.263694267515925 220.045066122517
0.264076433121021 220.045015773504
0.264458598726116 220.044965351521
0.264840764331212 220.044914856569
0.265222929936307 220.044864288648
0.265605095541403 220.044813647757
0.265987261146498 220.044762933896
0.266369426751594 220.044712147066
0.266751592356689 220.044661287267
0.267133757961785 220.044610354498
0.26751592356688 220.044559348759
0.267898089171976 220.044508270051
0.268280254777072 220.044457118373
0.268662420382167 220.044405893726
0.269044585987263 220.04435459611
0.269426751592358 220.044303225523
0.269808917197454 220.044251781968
0.270191082802549 220.044200265443
0.270573248407645 220.044148675948
0.27095541401274 220.044097013484
0.271337579617836 220.04404527805
0.271719745222931 220.043993469647
0.272101910828027 220.043941588275
0.272484076433122 220.043889633932
0.272866242038218 220.043837606621
0.273248407643313 220.04378550634
0.273630573248409 220.043733333089
0.274012738853504 220.043681086869
0.2743949044586 220.043628767679
0.274777070063695 220.04357637552
0.275159235668791 220.043523910391
0.275541401273886 220.043471372293
0.275923566878982 220.043418761225
0.276305732484077 220.043366077188
0.276687898089173 220.043313320181
0.277070063694268 220.043260490205
0.277452229299364 220.04320758726
0.277834394904459 220.043154611344
0.278216560509555 220.04310156246
0.278598726114651 220.043048440605
0.278980891719746 220.042995245782
0.279363057324842 220.042941977988
0.279745222929937 220.042888637226
0.280127388535033 220.042835223493
0.280509554140128 220.042781736792
0.280891719745224 220.042728177121
0.281273885350319 220.04267454448
0.281656050955415 220.04262083887
0.28203821656051 220.04256706029
0.282420382165606 220.042513208741
0.282802547770701 220.042459284222
0.283184713375797 220.042405286734
0.283566878980892 220.042351216276
0.283949044585988 220.042297072849
0.284331210191083 220.042242856452
0.284713375796179 220.042188567086
0.285095541401274 220.04213420475
0.28547770700637 220.042079769445
0.285859872611465 220.04202526117
0.286242038216561 220.041970679926
0.286624203821656 220.041916025712
0.287006369426752 220.041861298529
0.287388535031847 220.041806498376
0.287770700636943 220.041751625254
0.288152866242039 220.041696679162
0.288535031847134 220.041641660101
0.28891719745223 220.04158656807
0.289299363057325 220.04153140307
0.289681528662421 220.0414761651
0.290063694267516 220.041420854161
0.290445859872612 220.041365470252
0.290828025477707 220.041310013374
0.291210191082803 220.041254483526
0.291592356687898 220.041198880709
0.291974522292994 220.041143204922
0.292356687898089 220.041087456166
0.292738853503185 220.04103163444
0.29312101910828 220.040975739745
0.293503184713376 220.04091977208
0.293885350318471 220.040863731445
0.294267515923567 220.040807617842
0.294649681528662 220.040751431268
0.295031847133758 220.040695171725
0.295414012738853 220.040638839213
0.295796178343949 220.040582433731
0.296178343949044 220.04052595528
0.29656050955414 220.040469403859
0.296942675159235 220.040412779469
0.297324840764331 220.040356082109
0.297707006369426 220.04029931178
0.298089171974522 220.040242468481
0.298471337579618 220.040185552212
0.298853503184713 220.040128562974
0.299235668789809 220.040071500767
0.299617834394904 220.04001436559
0.3 220.039957157444
0.300254777070063 220.039918976535
0.300509554140127 220.039880763174
0.300764331210191 220.03984251736
0.301019108280254 220.039804239092
0.301273885350318 220.039765928373
0.301528662420382 220.0397275852
0.301783439490446 220.039689209575
0.302038216560509 220.039650801496
0.302292993630573 220.039612360965
0.302547770700637 220.039573887982
0.3028025477707 220.039535382545
0.303057324840764 220.039496844656
0.303312101910828 220.039458274315
0.303566878980892 220.03941967152
0.303821656050955 220.039381036273
0.304076433121019 220.039342368574
0.304331210191083 220.039303668422
0.304585987261146 220.039264935818
0.30484076433121 220.039226170761
0.305095541401274 220.039187373251
0.305350318471338 220.039148543289
0.305605095541401 220.039109680875
0.305859872611465 220.039070786008
0.306114649681529 220.039031858689
0.306369426751593 220.038992898918
0.306624203821656 220.038953906694
0.30687898089172 220.038914882017
0.307133757961784 220.038875824889
0.307388535031847 220.038836735308
0.307643312101911 220.038797613275
0.307898089171975 220.03875845879
0.308152866242039 220.038719271852
0.308407643312102 220.038680052463
0.308662420382166 220.038640800621
0.30891719745223 220.038601516327
0.309171974522293 220.038562199581
0.309426751592357 220.038522850383
0.309681528662421 220.038483468732
0.309936305732485 220.03844405463
0.310191082802548 220.038404608076
0.310445859872612 220.038365129069
0.310700636942676 220.038325617611
0.310955414012739 220.0382860737
0.311210191082803 220.038246497338
0.311464968152867 220.038206888524
0.311719745222931 220.038167247257
0.311974522292994 220.038127573539
0.312229299363058 220.038087867369
0.312484076433122 220.038048128747
0.312738853503185 220.038008357674
0.312993630573249 220.037968554148
0.313248407643313 220.037928718171
0.313503184713377 220.037888849742
0.31375796178344 220.037848948861
0.314012738853504 220.037809015528
0.314267515923568 220.037769049744
0.314522292993631 220.037729051508
0.314777070063695 220.037689020821
0.315031847133759 220.037648957681
0.315286624203823 220.037608862091
0.315541401273886 220.037568734048
0.31579617834395 220.037528573554
0.316050955414014 220.037488380608
0.316305732484077 220.037448155211
0.316560509554141 220.037407897362
0.316815286624205 220.037367607062
0.317070063694269 220.03732728431
0.317324840764332 220.037286929107
0.317579617834396 220.037246541452
0.31783439490446 220.037206121346
0.318089171974523 220.037165668788
0.318343949044587 220.037125183779
0.318598726114651 220.037084666319
0.318853503184715 220.037044116407
0.319108280254778 220.037003534044
0.319363057324842 220.03696291923
0.319617834394906 220.036922271964
0.319872611464969 220.036881592247
0.320127388535033 220.036840880079
0.320382165605097 220.03680013546
0.320636942675161 220.036759358389
0.320891719745224 220.036718548868
0.321146496815288 220.036677706895
0.321401273885352 220.03663683247
0.321656050955415 220.036595925595
0.321910828025479 220.036554986269
0.322165605095543 220.036514014491
0.322420382165607 220.036473010263
0.32267515923567 220.036431973583
0.322929936305734 220.036390904452
0.323184713375798 220.036349802871
0.323439490445862 220.036308668838
0.323694267515925 220.036267502354
0.323949044585989 220.03622630342
0.324203821656053 220.036185072034
0.324458598726116 220.036143808197
0.32471337579618 220.03610251191
0.324968152866244 220.036061183172
0.325222929936308 220.036019821982
0.325477707006371 220.035978428342
0.325732484076435 220.035937002251
0.325987261146499 220.03589554371
0.326242038216562 220.035854052717
0.326496815286626 220.035812529274
0.32675159235669 220.035770973379
0.327006369426754 220.035729385034
0.327261146496817 220.035687764239
0.327515923566881 220.035646110992
0.327770700636945 220.035604425295
0.328025477707008 220.035562707148
0.328280254777072 220.035520956549
0.328535031847136 220.0354791735
0.3287898089172 220.035437358
0.329044585987263 220.03539551005
0.329299363057327 220.035353629649
0.329554140127391 220.035311716798
0.329808917197454 220.035269771496
0.330063694267518 220.035227793743
0.330318471337582 220.03518578354
0.330573248407646 220.035143740886
0.330828025477709 220.035101665782
0.331082802547773 220.035059558228
0.331337579617837 220.035017418223
0.3315923566879 220.034975245767
0.331847133757964 220.034933040862
0.332101910828028 220.034890803506
0.332356687898092 220.034848533699
0.332611464968155 220.034806231442
0.332866242038219 220.034763896735
0.333121019108283 220.034721529577
0.333375796178346 220.034679129969
0.33363057324841 220.034636697911
0.333885350318474 220.034594233402
0.334140127388538 220.034551736444
0.334394904458601 220.034509207035
0.334649681528665 220.034466645175
0.334904458598729 220.034424050866
0.335159235668792 220.034381424106
0.335414012738856 220.034338764897
0.33566878980892 220.034296073237
0.335923566878984 220.034253349126
0.336178343949047 220.034210592566
0.336433121019111 220.034167803556
0.336687898089175 220.034124982095
0.336942675159238 220.034082128185
0.337197452229302 220.034039241824
0.337452229299366 220.033996323014
0.33770700636943 220.033953371753
0.337961783439493 220.033910388042
0.338216560509557 220.033867371881
0.338471337579621 220.033824323271
0.338726114649684 220.03378124221
0.338980891719748 220.033738128699
0.339235668789812 220.033694982739
0.339490445859876 220.033651804328
0.339745222929939 220.033608593468
0.340000000000003 220.033565350158
0.340254777070067 220.033522074398
0.340509554140131 220.033478766188
0.340764331210194 220.033435425528
0.341019108280258 220.033392052419
0.341273885350322 220.033348646859
0.341528662420385 220.03330520885
0.341783439490449 220.033261738391
0.342038216560513 220.033218235483
0.342292993630577 220.033174700124
0.34254777070064 220.033131132316
0.342802547770704 220.033087532058
0.343057324840768 220.033043899351
0.343312101910831 220.033000234193
0.343566878980895 220.032956536587
0.343821656050959 220.03291280653
0.344076433121023 220.032869044024
0.344331210191086 220.032825249068
0.34458598726115 220.032781421663
0.344840764331214 220.032737561808
0.345095541401277 220.032693669504
0.345350318471341 220.032649744749
0.345605095541405 220.032605787546
0.345859872611469 220.032561797893
0.346114649681532 220.03251777579
0.346369426751596 220.032473721238
0.34662420382166 220.032429634237
0.346878980891723 220.032385514785
0.347133757961787 220.032341362885
0.347388535031851 220.032297178535
0.347643312101915 220.032252961736
0.347898089171978 220.032208712487
0.348152866242042 220.032164430789
0.348407643312106 220.032120116641
0.348662420382169 220.032075770044
0.348917197452233 220.032031390998
0.349171974522297 220.031986979503
0.349426751592361 220.031942535558
0.349681528662424 220.031898059164
0.349936305732488 220.03185355032
0.350191082802552 220.031809009028
0.350445859872615 220.031764435286
0.350700636942679 220.031719829095
0.350955414012743 220.031675190454
0.351210191082807 220.031630519365
0.35146496815287 220.031585815826
0.351719745222934 220.031541079838
0.351974522292998 220.031496311401
0.352229299363061 220.031451510515
0.352484076433125 220.031406677179
0.352738853503189 220.031361811395
0.352993630573253 220.031316913161
0.353248407643316 220.031271982478
0.35350318471338 220.031227019347
0.353757961783444 220.031182023766
0.354012738853507 220.031136995736
0.354267515923571 220.031091935257
0.354522292993635 220.031046842329
0.354777070063699 220.031001716952
0.355031847133762 220.030956559126
0.355286624203826 220.030911368851
0.35554140127389 220.030866146127
0.355796178343953 220.030820890954
0.356050955414017 220.030775603332
0.356305732484081 220.030730283262
0.356560509554145 220.030684930742
0.356815286624208 220.030639545773
0.357070063694272 220.030594128356
0.357324840764336 220.03054867849
0.3575796178344 220.030503196175
0.357834394904463 220.030457681411
0.358089171974527 220.030412134198
0.358343949044591 220.030366554536
0.358598726114654 220.030320942426
0.358853503184718 220.030275297867
0.359108280254782 220.030229620859
0.359363057324846 220.030183911402
0.359617834394909 220.030138169497
0.359872611464973 220.030092395143
0.360127388535037 220.03004658834
0.3603821656051 220.030000749088
0.360636942675164 220.029954877388
0.360891719745228 220.029908973239
0.361146496815292 220.029863036641
0.361401273885355 220.029817067595
0.361656050955419 220.0297710661
0.361910828025483 220.029725032157
0.362165605095546 220.029678965765
0.36242038216561 220.029632866924
0.362675159235674 220.029586735634
0.362929936305738 220.029540571897
0.363184713375801 220.02949437571
0.363439490445865 220.029448147075
0.363694267515929 220.029401885992
0.363949044585992 220.02935559246
0.364203821656056 220.029309266479
0.36445859872612 220.02926290805
0.364713375796184 220.029216517173
0.364968152866247 220.029170093847
0.365222929936311 220.029123638072
0.365477707006375 220.029077149849
0.365732484076438 220.029030629178
0.365987261146502 220.028984076058
0.366242038216566 220.02893749049
0.36649681528663 220.028890872474
0.366751592356693 220.028844222009
0.367006369426757 220.028797539096
0.367261146496821 220.028750823734
0.367515923566884 220.028704075925
0.367770700636948 220.028657295666
0.368025477707012 220.02861048296
0.368280254777076 220.028563637805
0.368535031847139 220.028516760202
0.368789808917203 220.028469850151
0.369044585987267 220.028422907651
0.36929936305733 220.028375932703
0.369554140127394 220.028328925307
0.369808917197458 220.028281885463
0.370063694267522 220.02823481317
0.370318471337585 220.02818770843
0.370573248407649 220.028140571241
0.370828025477713 220.028093401604
0.371082802547776 220.028046199518
0.37133757961784 220.027998964985
0.371592356687904 220.027951698003
0.371847133757968 220.027904398574
0.372101910828031 220.027857066696
0.372356687898095 220.02780970237
0.372611464968159 220.027762305596
0.372866242038222 220.027714876374
0.373121019108286 220.027667414704
0.37337579617835 220.027619920586
0.373630573248414 220.02757239402
0.373885350318477 220.027524835006
0.374140127388541 220.027477243544
0.374394904458605 220.027429619633
0.374649681528669 220.027381963275
0.374904458598732 220.027334274469
0.375159235668796 220.027286553215
0.37541401273886 220.027238799513
0.375668789808923 220.027191013363
0.375923566878987 220.027143194765
0.376178343949051 220.027095343719
0.376433121019115 220.027047460225
0.376687898089178 220.026999544284
0.376942675159242 220.026951595894
0.377197452229306 220.026903615057
0.377452229299369 220.026855601771
0.377707006369433 220.026807556038
0.377961783439497 220.026759477857
0.378216560509561 220.026711367229
0.378471337579624 220.026663224152
0.378726114649688 220.026615048628
0.378980891719752 220.026566840656
0.379235668789815 220.026518600236
0.379490445859879 220.026470327368
0.379745222929943 220.026422022053
0.380000000000007 220.026373684289
0.38025477707007 220.026325314078
0.380509554140134 220.02627691142
0.380764331210198 220.026228476314
0.381019108280261 220.026180008759
0.381273885350325 220.026131508758
0.381528662420389 220.026082976308
0.381783439490453 220.026034411411
0.382038216560516 220.025985814066
0.38229299363058 220.025937184274
0.382547770700644 220.025888522034
0.382802547770707 220.025839827346
0.383057324840771 220.025791100211
0.383312101910835 220.025742340628
0.383566878980899 220.025693548598
0.383821656050962 220.02564472412
0.384076433121026 220.025595867194
0.38433121019109 220.025546977821
0.384585987261153 220.025498056001
0.384840764331217 220.025449101733
0.385095541401281 220.025400115017
0.385350318471345 220.025351095854
0.385605095541408 220.025302044243
0.385859872611472 220.025252960185
0.386114649681536 220.02520384368
0.386369426751599 220.025154694727
0.386624203821663 220.025105513326
0.386878980891727 220.025056299478
0.387133757961791 220.025007053183
0.387388535031854 220.02495777444
0.387643312101918 220.02490846325
0.387898089171982 220.024859119612
0.388152866242045 220.024809743527
0.388407643312109 220.024760334995
0.388662420382173 220.024710894015
0.388917197452237 220.024661420588
0.3891719745223 220.024611914714
0.389426751592364 220.024562376392
0.389681528662428 220.024512805623
0.389936305732491 220.024463202407
0.390191082802555 220.024413566743
0.390445859872619 220.024363898632
0.390700636942683 220.024314198074
0.390955414012746 220.024264465068
0.39121019108281 220.024214699615
0.391464968152874 220.024164901715
0.391719745222938 220.024115071368
0.391974522293001 220.024065208574
0.392229299363065 220.024015313332
0.392484076433129 220.023965385643
0.392738853503192 220.023915425507
0.392993630573256 220.023865432924
0.39324840764332 220.023815407893
0.393503184713384 220.023765350416
0.393757961783447 220.023715260491
0.394012738853511 220.023665138119
0.394267515923575 220.0236149833
0.394522292993638 220.023564796034
0.394777070063702 220.023514576321
0.395031847133766 220.02346432416
0.39528662420383 220.023414039553
0.395541401273893 220.023363722498
0.395796178343957 220.023313372997
0.396050955414021 220.023262991048
0.396305732484084 220.023212576653
0.396560509554148 220.02316212981
0.396815286624212 220.02311165052
0.397070063694276 220.023061138783
0.397324840764339 220.023010594599
0.397579617834403 220.022960017969
0.397834394904467 220.022909408891
0.39808917197453 220.022858767366
0.398343949044594 220.022808093394
0.398598726114658 220.022757386976
0.398853503184722 220.02270664811
0.399108280254785 220.022655876798
0.399363057324849 220.022605073038
0.399617834394913 220.022554236832
0.399872611464976 220.022503368178
0.40012738853504 220.022452467078
0.400382165605104 220.022401533531
0.400636942675168 220.022350567537
0.400891719745231 220.022299569096
0.401146496815295 220.022248538208
0.401401273885359 220.022197474874
0.401656050955422 220.022146379092
0.401910828025486 220.022095250864
0.40216560509555 220.022044090189
0.402420382165614 220.021992897067
0.402675159235677 220.021941671499
0.402929936305741 220.021890413483
0.403184713375805 220.021839123021
0.403439490445868 220.021787800112
0.403694267515932 220.021736444756
0.403949044585996 220.021685056954
0.40420382165606 220.021633636704
0.404458598726123 220.021582184008
0.404713375796187 220.021530698865
0.404968152866251 220.021479181276
0.405222929936314 220.02142763124
0.405477707006378 220.021376048757
0.405732484076442 220.021324433827
0.405987261146506 220.021272786451
0.406242038216569 220.021221106628
0.406496815286633 220.021169394359
0.406751592356697 220.021117649642
0.40700636942676 220.02106587248
0.407261146496824 220.02101406287
0.407515923566888 220.020962220814
0.407770700636952 220.020910346311
0.408025477707015 220.020858439362
0.408280254777079 220.020806499966
0.408535031847143 220.020754528124
0.408789808917207 220.020702523835
0.40904458598727 220.020650487099
0.409299363057334 220.020598417917
0.409554140127398 220.020546316288
0.409808917197461 220.020494182213
0.410063694267525 220.020442015691
0.410318471337589 220.020389816722
0.410573248407653 220.020337585308
0.410828025477716 220.020285321446
0.41108280254778 220.020233025138
0.411337579617844 220.020180696384
0.411592356687907 220.020128335183
0.411847133757971 220.020075941536
0.412101910828035 220.020023515443
0.412356687898099 220.019971056902
0.412611464968162 220.019918565916
0.412866242038226 220.019866042483
0.41312101910829 220.019813486603
0.413375796178353 220.019760898277
0.413630573248417 220.019708277505
0.413885350318481 220.019655624287
0.414140127388545 220.019602938622
0.414394904458608 220.01955022051
0.414649681528672 220.019497469952
0.414904458598736 220.019444686948
0.415159235668799 220.019391871498
0.415414012738863 220.019339023601
0.415668789808927 220.019286143258
0.415923566878991 220.019233230468
0.416178343949054 220.019180285232
0.416433121019118 220.01912730755
0.416687898089182 220.019074297422
0.416942675159245 220.019021254847
0.417197452229309 220.018968179826
0.417452229299373 220.018915072359
0.417707006369437 220.018861932446
0.4179617834395 220.018808760086
0.418216560509564 220.01875555528
0.418471337579628 220.018702318028
0.418726114649691 220.018649048329
0.418980891719755 220.018595746185
0.419235668789819 220.018542411594
0.419490445859883 220.018489044557
0.419745222929946 220.018435645073
0.42000000000001 220.018382213144
0.420254777070074 220.018328748768
0.420509554140137 220.018275251946
0.420764331210201 220.018221722678
0.421019108280265 220.018168160964
0.421273885350329 220.018114566804
0.421528662420392 220.018060940198
0.421783439490456 220.018007281145
0.42203821656052 220.017953589647
0.422292993630583 220.017899865702
0.422547770700647 220.017846109311
0.422802547770711 220.017792320474
0.423057324840775 220.017738499191
0.423312101910838 220.017684645462
0.423566878980902 220.017630759287
0.423821656050966 220.017576840666
0.424076433121029 220.017522889598
0.424331210191093 220.017468906085
0.424585987261157 220.017414890126
0.424840764331221 220.01736084172
0.425095541401284 220.017306760869
0.425350318471348 220.017252647572
0.425605095541412 220.017198501828
0.425859872611476 220.017144323639
0.426114649681539 220.017090113003
0.426369426751603 220.017035869922
0.426624203821667 220.016981594395
0.42687898089173 220.016927286422
0.427133757961794 220.016872946002
0.427388535031858 220.016818573137
0.427643312101922 220.016764167826
0.427898089171985 220.016709730069
0.428152866242049 220.016655259866
0.428407643312113 220.016600757217
0.428662420382176 220.016546222122
0.42891719745224 220.016491654582
0.429171974522304 220.016437054595
0.429426751592368 220.016382422163
0.429681528662431 220.016327757284
0.429936305732495 220.01627305996
0.430191082802559 220.01621833019
0.430445859872622 220.016163567974
0.430700636942686 220.016108773313
0.43095541401275 220.016053946205
0.431210191082814 220.015999086652
0.431464968152877 220.015944194652
0.431719745222941 220.015889270207
0.431974522293005 220.015834313317
0.432229299363068 220.01577932398
0.432484076433132 220.015724302198
0.432738853503196 220.01566924797
0.43299363057326 220.015614161296
0.433248407643323 220.015559042176
0.433503184713387 220.015503890611
0.433757961783451 220.015448706599
0.434012738853514 220.015393490142
0.434267515923578 220.01533824124
0.434522292993642 220.015282959891
0.434777070063706 220.015227646097
0.435031847133769 220.015172299857
0.435286624203833 220.015116921172
0.435541401273897 220.015061510041
0.43579617834396 220.015006066464
0.436050955414024 220.014950590441
0.436305732484088 220.014895081973
0.436560509554152 220.014839541059
0.436815286624215 220.0147839677
0.437070063694279 220.014728361894
0.437324840764343 220.014672723644
0.437579617834406 220.014617052947
0.43783439490447 220.014561349805
0.438089171974534 220.014505614217
0.438343949044598 220.014449846184
0.438598726114661 220.014394045705
0.438853503184725 220.01433821278
0.439108280254789 220.01428234741
0.439363057324852 220.014226449595
0.439617834394916 220.014170519333
0.43987261146498 220.014114556627
0.440127388535044 220.014058561474
0.440382165605107 220.014002533876
0.440636942675171 220.013946473833
0.440891719745235 220.013890381344
0.441146496815298 220.013834256409
0.441401273885362 220.013778099029
0.441656050955426 220.013721909203
0.44191082802549 220.013665686932
0.442165605095553 220.013609432216
0.442420382165617 220.013553145054
0.442675159235681 220.013496825446
0.442929936305745 220.013440473393
0.443184713375808 220.013384088895
0.443439490445872 220.013327671951
0.443694267515936 220.013271222561
0.443949044585999 220.013214740726
0.444203821656063 220.013158226446
0.444458598726127 220.01310167972
0.444713375796191 220.013045100549
0.444968152866254 220.012988488933
0.445222929936318 220.012931844871
0.445477707006382 220.012875168363
0.445732484076445 220.01281845941
0.445987261146509 220.012761718012
0.446242038216573 220.012704944169
0.446496815286637 220.01264813788
0.4467515923567 220.012591299145
0.447006369426764 220.012534427965
0.447261146496828 220.01247752434
0.447515923566891 220.01242058827
0.447770700636955 220.012363619754
0.448025477707019 220.012306618793
0.448280254777083 220.012249585387
0.448535031847146 220.012192519535
0.44878980891721 220.012135421238
0.449044585987274 220.012078290495
0.449299363057337 220.012021127308
0.449554140127401 220.011963931675
0.449808917197465 220.011906703596
0.450063694267529 220.011849443073
0.450318471337592 220.011792150104
0.450573248407656 220.01173482469
0.45082802547772 220.011677466831
0.451082802547783 220.011620076526
0.451337579617847 220.011562653776
0.451592356687911 220.011505198581
0.451847133757975 220.011447710941
0.452101910828038 220.011390190855
0.452356687898102 220.011332638325
0.452611464968166 220.011275053349
0.452866242038229 220.011217435927
0.453121019108293 220.011159786061
0.453375796178357 220.011102103749
0.453630573248421 220.011044388993
0.453885350318484 220.010986641791
0.454140127388548 220.010928862144
0.454394904458612 220.010871050051
0.454649681528675 220.010813205514
0.454904458598739 220.010755328532
0.455159235668803 220.010697419104
0.455414012738867 220.010639477231
0.45566878980893 220.010581502913
0.455923566878994 220.01052349615
0.456178343949058 220.010465456942
0.456433121019121 220.010407385288
0.456687898089185 220.01034928119
0.456942675159249 220.010291144646
0.457197452229313 220.010232975658
0.457452229299376 220.010174774224
0.45770700636944 220.010116540345
0.457961783439504 220.010058274021
0.458216560509567 220.009999975252
0.458471337579631 220.009941644038
0.458726114649695 220.009883280379
0.458980891719759 220.009824884275
0.459235668789822 220.009766455726
0.459490445859886 220.009707994732
0.45974522292995 220.009649501292
0.460000000000014 220.009590975408
0.460254777070077 220.009532417079
0.460509554140141 220.009473826305
0.460764331210205 220.009415203085
0.461019108280268 220.009356547421
0.461273885350332 220.009297859312
0.461528662420396 220.009239138758
0.46178343949046 220.009180385759
0.462038216560523 220.009121600314
0.462292993630587 220.009062782425
0.462547770700651 220.009003932091
0.462802547770714 220.008945049312
0.463057324840778 220.008886134088
0.463312101910842 220.008827186419
0.463566878980906 220.008768206305
0.463821656050969 220.008709193747
0.464076433121033 220.008650148743
0.464331210191097 220.008591071294
0.46458598726116 220.008531961401
0.464840764331224 220.008472819062
0.465095541401288 220.008413644279
0.465350318471352 220.00835443705
0.465605095541415 220.008295197377
0.465859872611479 220.008235925259
0.466114649681543 220.008176620696
0.466369426751606 220.008117283689
0.46662420382167 220.008057914236
0.466878980891734 220.007998512339
0.467133757961798 220.007939077996
0.467388535031861 220.007879611209
0.467643312101925 220.007820111977
0.467898089171989 220.0077605803
0.468152866242052 220.007701016179
0.468407643312116 220.007641419612
0.46866242038218 220.007581790601
0.468917197452244 220.007522129145
0.469171974522307 220.007462435244
0.469426751592371 220.007402708899
0.469681528662435 220.007342950108
0.469936305732498 220.007283158873
0.470191082802562 220.007223335193
0.470445859872626 220.007163479068
0.47070063694269 220.007103590499
0.470955414012753 220.007043669484
0.471210191082817 220.006983716025
0.471464968152881 220.006923730121
0.471719745222944 220.006863711773
0.471974522293008 220.00680366098
0.472229299363072 220.006743577742
0.472484076433136 220.006683462059
0.472738853503199 220.006623313932
0.472993630573263 220.00656313336
0.473248407643327 220.006502920343
0.47350318471339 220.006442674881
0.473757961783454 220.006382396975
0.474012738853518 220.006322086624
0.474267515923582 220.006261743829
0.474522292993645 220.006201368589
0.474777070063709 220.006140960904
0.475031847133773 220.006080520774
0.475286624203836 220.0060200482
0.4755414012739 220.005959543181
0.475796178343964 220.005899005718
0.476050955414028 220.00583843581
0.476305732484091 220.005777833458
0.476560509554155 220.00571719866
0.476815286624219 220.005656531419
0.477070063694283 220.005595831732
0.477324840764346 220.005535099601
0.47757961783441 220.005474335025
0.477834394904474 220.005413538005
0.478089171974537 220.00535270854
0.478343949044601 220.005291846631
0.478598726114665 220.005230952277
0.478853503184729 220.005170025478
0.479108280254792 220.005109066235
0.479363057324856 220.005048074547
0.47961783439492 220.004987050415
0.479872611464983 220.004925993838
0.480127388535047 220.004864904817
0.480382165605111 220.004803783351
0.480636942675175 220.004742629441
0.480891719745238 220.004681443086
0.481146496815302 220.004620224286
0.481401273885366 220.004558973042
0.481656050955429 220.004497689354
0.481910828025493 220.004436373221
0.482165605095557 220.004375024644
0.482420382165621 220.004313643622
0.482675159235684 220.004252230156
0.482929936305748 220.004190784245
0.483184713375812 220.00412930589
0.483439490445875 220.00406779509
0.483694267515939 220.004006251846
0.483949044586003 220.003944676157
0.484203821656067 220.003883068024
0.48445859872613 220.003821427446
0.484713375796194 220.003759754424
0.484968152866258 220.003698048958
0.485222929936321 220.003636311047
0.485477707006385 220.003574540692
0.485732484076449 220.003512737892
0.485987261146513 220.003450902648
0.486242038216576 220.00338903496
0.48649681528664 220.003327134827
0.486751592356704 220.00326520225
0.487006369426767 220.003203237228
0.487261146496831 220.003141239762
0.487515923566895 220.003079209852
0.487770700636959 220.003017147497
0.488025477707022 220.002955052698
0.488280254777086 220.002892925454
0.48853503184715 220.002830765767
0.488789808917213 220.002768573634
0.489044585987277 220.002706349058
0.489299363057341 220.002644092037
0.489554140127405 220.002581802572
0.489808917197468 220.002519480662
0.490063694267532 220.002457126309
0.490318471337596 220.00239473951
0.490573248407659 220.002332320268
0.490828025477723 220.002269868581
0.491082802547787 220.00220738445
0.491337579617851 220.002144867875
0.491592356687914 220.002082318856
0.491847133757978 220.002019737392
0.492101910828042 220.001957123483
0.492356687898105 220.001894477131
0.492611464968169 220.001831798334
0.492866242038233 220.001769087093
0.493121019108297 220.001706343408
0.49337579617836 220.001643567279
0.493630573248424 220.001580758705
0.493885350318488 220.001517917687
0.494140127388552 220.001455044225
0.494394904458615 220.001392138319
0.494649681528679 220.001329199968
0.494904458598743 220.001266229173
0.495159235668806 220.001203225934
0.49541401273887 220.001140190251
0.495668789808934 220.001077122124
0.495923566878998 220.001014021552
0.496178343949061 220.000950888536
0.496433121019125 220.000887723076
0.496687898089189 220.000824525172
0.496942675159252 220.000761294824
0.497197452229316 220.000698032031
0.49745222929938 220.000634736795
0.497707006369444 220.000571409114
0.497961783439507 220.000508048989
0.498216560509571 220.00044465642
0.498471337579635 220.000381231406
0.498726114649698 220.000317773949
0.498980891719762 220.000254284048
0.499235668789826 220.000190761702
0.49949044585989 220.000127206912
0.499745222929953 220.000063619678
0.500000000000017 220
