0.00214285714285714 -0 -0
0.00642857142857143 -5.75285424933156 -5.75285424933156
0.0107142857142857 -23.974554921881 -23.974554921881
0.015 -53.2188176471171 -53.2188176471171
0.0192857142857143 -92.6823414661253 -92.6823414661253
0.0235714285714286 -141.418894901581 -141.418894901581
0.0278571428571429 -198.295868783658 -198.295868783658
0.0321428571428571 -262.004027557143 -262.004027557143
0.0364285714285714 -331.079517424918 -331.079517424918
0.0407142857142857 -403.931248829727 -403.931248829727
0.045 -478.871587705188 -478.871587705188
0.0492857142857143 -554.149301547648 -554.149301547648
0.0535714285714286 -627.983965866151 -627.983965866151
0.0578571428571429 -698.601109894413 -698.601109894413
0.0621428571428572 -764.2674045124 -764.2674045124
0.0664285714285714 -823.325209992016 -823.325209992016
0.0707142857142857 -874.22581968438 -874.22581968438
0.075 -915.56076280571 -915.56076280571
0.0792857142857143 -946.090566619682 -946.090566619682
0.0835714285714286 -964.770425776018 -964.770425776018
0.0878571428571429 -970.772283902014 -970.772283902014
0.0921428571428572 -963.502898911345 -963.502898911345
0.0964285714285714 -942.617537781024 -942.617537781024
0.100714285714286 -908.029027447467 -908.029027447467
0.105 -859.911974529449 -859.911974529449
0.109285714285714 -798.70205623565 -798.70205623565
0.113571428571429 -725.090376417237 -725.090376417237
0.117857142857143 -640.012972599561 -640.012972599561
0.122142857142857 -544.635650281589 -544.635650281589
0.126428571428571 -440.334408158179 -440.334408158179
0.130714285714286 -328.671800586128 -328.671800586128
0.135 -211.36966004882 -211.36966004882
0.139285714285714 -90.2786711601409 -90.2786711601409
0.143571428571429 32.6546523941223 32.6546523941223
0.147857142857143 155.422986764898 155.422986764898
0.152142857142857 275.994572650785 275.994572650785
0.156428571428571 392.350278638781 392.350278638781
0.160714285714286 502.520671108841 502.520671108841
0.165 604.622406269699 604.622406269699
0.169285714285714 696.893270119301 696.893270119301
0.173571428571429 777.725214778573 777.725214778573
0.177857142857143 845.694774338375 845.694774338375
0.182142857142857 899.590289473686 899.590289473686
0.186428571428571 938.435426791507 938.435426791507
0.190714285714286 961.508545171104 961.508545171104
0.195 968.357536030604 968.357536030604
0.199285714285714 958.809846160808 958.809846160808
0.203571428571429 932.97747902308 932.97747902308
0.207857142857143 891.256861627494 891.256861627494
0.212142857142857 834.323557627904 834.323557627904
0.216428571428571 763.121901387229 763.121901387229
0.220714285714286 678.849720758357 678.849720758357
0.225 582.938406492737 582.938406492737
0.229285714285714 477.028671875599 477.028671875599
0.233571428571429 362.942425821053 362.942425821053
0.237857142857143 242.651254775073 242.651254775073
0.242142857142857 118.242072038363 118.242072038363
0.246428571428571 -8.11945363744542 -8.11945363744542
0.250714285714286 -134.227036099099 -134.227036099099
0.255 -257.872791984231 -257.872791984231
0.259285714285714 -376.886440516572 -376.886440516572
0.263571428571429 -489.173975064112 -489.173975064112
0.267857142857143 -592.755106179137 -592.755106179137
0.272142857142857 -685.79879614615 -685.79879614615
0.276428571428571 -766.656237773418 -766.656237773418
0.280714285714286 -833.890674705771 -833.890674705771
0.285 -886.303516123899 -886.303516123899
0.289285714285714 -922.956264338979 -922.956264338979
0.293571428571429 -943.187848317712 -943.187848317712
0.297857142857143 -377.023376263608 -377.023376263608
0.300714285714286 -234.408239280293 -937.632957121173
0.302142857142857 -233.299926092221 -933.199704368885
0.303571428571429 -232.202044087077 -928.808176348309
0.305 -231.114446690907 -924.457786763628
0.306428571428571 -230.036990062991 -920.147960251963
0.307857142857143 -228.969533032537 -915.878132130149
0.309285714285714 -227.91193703703 -911.647748148119
0.310714285714286 -226.864066062132 -907.456264248527
0.312142857142857 -225.825786583568 -903.303146334271
0.313571428571429 -224.79696751029 -899.187870041158
0.315 -223.777480129294 -895.109920517178
0.316428571428571 -222.767198051969 -891.068792207876
0.317857142857143 -221.765997161845 -887.063988647379
0.319285714285714 -220.773755563823 -883.095022255294
0.320714285714286 -219.79035353458 -879.161414138322
0.322142857142857 -218.815673474578 -875.262693898311
0.323571428571429 -217.849599861029 -871.398399444116
0.325 -216.892019202302 -867.56807680921
0.326428571428571 -215.942819993535 -863.77127997414
0.327857142857143 -215.001892673317 -860.007570693268
0.329285714285714 -214.069129581469 -856.276518325877
0.330714285714286 -213.14442491805 -852.577699672202
0.332142857142857 -212.227674703357 -848.910698813428
0.333571428571429 -211.318776738873 -845.275106955491
0.335 -210.417630569432 -841.670522277729
0.336428571428571 -209.524137445979 -838.096549783917
0.337857142857143 -208.638200289767 -834.552801159067
0.339285714285714 -207.759723656991 -831.038894627965
0.340714285714286 -206.888613704553 -827.554454818211
0.342142857142857 -206.024778156723 -824.099112626892
0.343571428571429 -205.168126272485 -820.672505089942
0.345 -204.318568813801 -817.274275255206
0.346428571428571 -203.476018014547 -813.904072058189
0.347857142857143 -202.640387550432 -810.561550201728
0.349285714285714 -201.811592509341 -807.246370037364
0.350714285714286 -200.989549362661 -803.958197450642
0.352142857142857 -200.174175937264 -800.696703749056
0.353571428571429 -199.365391388025 -797.461565552099
0.355 -198.563116171139 -794.252464684555
0.356428571428571 -197.767272018169 -791.069088072677
0.357857142857143 -196.977781910294 -787.911127641176
0.359285714285714 -196.194570053814 -784.778280215257
0.360714285714286 -195.417561855593 -781.670247422371
0.362142857142857 -194.646683899569 -778.586735598274
0.363571428571429 -193.88186392354 -775.527455694159
0.365 -193.123030796651 -772.492123186603
0.366428571428571 -192.370114497259 -769.480457989037
0.367857142857143 -191.623046091451 -766.492184365804
0.369285714285714 -190.881757711978 -763.527030847913
0.370714285714286 -190.146182537752 -760.584730151006
0.372142857142857 -189.416254773692 -757.665019094768
0.373571428571429 -188.691909631189 -754.767638524756
0.375 -187.973083308797 -751.892333235187
0.376428571428571 -187.259712973664 -749.038851894656
0.377857142857143 -186.551736743133 -746.206946972532
0.379285714285714 -185.849093666898 -743.396374667591
0.380714285714286 -185.151723709432 -740.606894837728
0.382142857142857 -184.459567732939 -737.838270931755
0.383571428571429 -183.772567480702 -735.09026992281
0.385 -183.090665560572 -732.362662242289
0.386428571428571 -182.413805429085 -729.655221716339
0.387857142857143 -181.741931375991 -726.967725503962
0.389285714285714 -181.074988508545 -724.29995403418
0.390714285714286 -180.412922737027 -721.65169094811
0.392142857142857 -179.755680759838 -719.02272303935
0.393571428571429 -179.103210049281 -716.412840197122
0.395 -178.455458837558 -713.82183535023
0.396428571428571 -177.812376103018 -711.249504412072
0.397857142857143 -177.173911556893 -708.695646227571
0.399285714285714 -176.540015630021 -706.160062520083
0.400714285714286 -175.910639460216 -703.642557840865
0.402142857142857 -175.285734879558 -701.142939518232
0.403571428571429 -174.665254402111 -698.661017608443
0.405 -174.04915121199 -696.196604847958
0.406428571428571 -173.437379151523 -693.749516606093
0.407857142857143 -172.829892709667 -691.319570838667
0.409285714285714 -172.226647010861 -688.906588043444
0.410714285714286 -171.627597803872 -686.510391215487
0.412142857142857 -171.032701450972 -684.130805803889
0.413571428571429 -170.44191491748 -681.76765966992
0.415 -169.855195761151 -679.420783044603
0.416428571428571 -169.272502122153 -677.090008488611
0.417857142857143 -168.693792713218 -674.775170852872
0.419285714285714 -168.119026809576 -672.476107238302
0.420714285714286 -167.548164239759 -670.192656959037
0.422142857142857 -166.981165376019 -667.924661504078
0.423571428571429 -166.41799112515 -665.671964500601
0.425 -165.858602919716 -663.434411678865
0.426428571428571 -165.302962708913 -661.211850835654
0.427857142857143 -164.751032950294 -659.004131801175
0.429285714285714 -164.202776601031 -656.811106404124
0.430714285714286 -163.658157109809 -654.632628439234
0.432142857142857 -163.117138408644 -652.468553634578
0.433571428571429 -162.579684904814 -650.318739619255
0.435 -162.045761473287 -648.183045893146
0.436428571428571 -161.515333448811 -646.061333795246
0.437857142857143 -160.988366618654 -643.953466474617
0.439285714285714 -160.464827215055 -641.85930886022
0.440714285714286 -159.944681908048 -639.778727632194
0.442142857142857 -159.427897798481 -637.711591193924
0.443571428571429 -158.914442411024 -635.657769644096
0.445 -158.404283687407 -633.617134749628
0.446428571428571 -157.897389979631 -631.589559918524
0.447857142857143 -157.393730043504 -629.574920174018
0.449285714285714 -156.89327303226 -627.573092129039
0.450714285714286 -156.395988490171 -625.583953960682
0.452142857142857 -155.901846346425 -623.6073853857
0.453571428571429 -155.410816909092 -621.643267636368
0.455 -154.922870859177 -619.691483436707
0.456428571428571 -154.437979244595 -617.751916978379
0.457857142857143 -153.956113474693 -615.824453898771
0.459285714285714 -153.477245314646 -613.908981258583
0.460714285714286 -153.001346879527 -612.005387518108
0.462142857142857 -152.528390629548 -610.113562518192
0.463571428571429 -152.058349364129 -608.233397456517
0.465 -151.591196217082 -606.364784868327
0.466428571428571 -151.126904651339 -604.507618605355
0.467857142857143 -150.665448453942 -602.661793815768
0.469285714285714 -150.206801731094 -600.827206924378
0.470714285714286 -149.750938903365 -599.003755613459
0.472142857142857 -149.297834700947 -597.191338803786
0.473571428571429 -148.847464158869 -595.389856635477
0.475 -148.399802612523 -593.599210450093
0.476428571428571 -147.954825693135 -591.819302772539
0.477857142857143 -147.512509323358 -590.050037293433
0.479285714285714 -147.072829712878 -588.291318851513
0.480714285714286 -146.635763354164 -586.543053416658
0.482142857142857 -146.201287018296 -584.805148073183
0.483571428571429 -145.769377750916 -583.077511003664
0.485 -145.340012867963 -581.360051471852
0.486428571428571 -144.913169952063 -579.652679808253
0.487857142857143 -144.488826848264 -577.955307393056
0.489285714285714 -144.066961660372 -576.26784664149
0.490714285714286 -143.647552747227 -574.590210988906
0.492142857142857 -143.230578718943 -572.922314875772
0.493571428571429 -142.816018433238 -571.264073732953
0.495 -142.403850991876 -569.615403967503
0.496428571428571 -141.994055737215 -567.976222948861
0.497857142857143 -141.586612248711 -566.346448994846
0.499285714285714 -141.18150033956 -564.72600135824
