0.000382165605095541 1 0.749713514179481 0.749713514179481
0.000764331210191083 1 0.874506679517692 0.874506679517692
0.00114649681528662 1 0.916088379076838 0.916088379076838
0.00152866242038217 1 0.936877185536823 0.936877185536823
0.00191082802547771 1 0.949349418562741 0.949349418562741
0.00229299363057325 1 0.957664516265995 0.957664516265995
0.00267515923566879 1 0.963603287962724 0.963603287962724
0.00305732484076433 1 0.968057245109103 0.968057245109103
0.00343949044585987 1 0.971521877260538 0.971521877260538
0.00382165605095541 1 0.974293145127486 0.974293145127486
0.00420382165605095 1 0.976561094532976 0.976561094532976
0.0045859872611465 1 0.978451003720415 0.978451003720415
0.00496815286624204 1 0.98004950648047 0.98004950648047
0.00535031847133758 1 0.98141988800564 0.98141988800564
0.00573248407643312 1 0.982607675241967 0.982607675241967
0.00611464968152866 1 0.983646952585904 0.983646952585904
0.0064968152866242 1 0.984564127990969 0.984564127990969
0.00687898089171975 1 0.985378995002747 0.985378995002747
0.00726114649681529 1 0.986108424532315 0.986108424532315
0.00764331210191083 1 0.986764711642015 0.986764711642015
0.00802547770700637 1 0.987359065122916 0.987359065122916
0.00840764331210191 1 0.987898444419261 0.987898444419261
0.00878980891719745 1 0.988391640348892 0.988391640348892
0.009171974522293 1 0.988843760942965 0.988843760942965
0.00955414012738854 1 0.989258941266115 0.989258941266115
0.00993630573248408 1 0.989642910655993 0.989642910655993
0.0103184713375796 1 0.989998261285658 0.989998261285658
0.0107006369426752 1 0.990328031650599 0.990328031650599
0.0110828025477707 1 0.990635435014657 0.990635435014657
0.0114649681528662 1 0.990921968590845 0.990921968590845
0.0118471337579618 1 0.991190392778626 0.991190392778626
0.0122292993630573 1 0.99144166341356 0.99144166341356
0.0126114649681529 1 0.991677885384459 0.991677885384459
0.0129936305732484 1 0.991900014481657 0.991900014481657
0.013375796178344 1 0.992110025953092 0.992110025953092
0.0137579617834395 1 0.992307613335535 0.992307613335535
0.014140127388535 1 0.9924948832251 0.9924948832251
0.0145222929936306 1 0.992672493967114 0.992672493967114
0.0149044585987261 1 0.992840420145031 0.992840420145031
0.0152866242038217 1 0.993001300064499 0.993001300064499
0.0156687898089172 1 0.993152433628227 0.993152433628227
0.0160509554140127 1 0.993297482366254 0.993297482366254
0.0164331210191083 1 0.993435995092892 0.993435995092892
0.0168152866242038 1 0.993567254256878 0.993567254256878
0.0171974522292994 1 0.99369323105219 0.99369323105219
0.0175796178343949 1 0.993813927312631 0.993813927312631
0.0179617834394904 1 0.99392930331129 0.99392930331129
0.018343949044586 1 0.994040068605643 0.994040068605643
0.0187261146496815 1 0.99414612819437 0.99414612819437
0.0191082802547771 1 0.994247945399552 0.994247945399552
0.0194904458598726 1 0.994345180243974 0.994345180243974
0.0198726114649681 1 0.994439623970785 0.994439623970785
0.0202547770700637 1 0.994530329376042 0.994530329376042
0.0206369426751592 1 0.994617096921852 0.994617096921852
0.0210191082802548 1 0.994700884425862 0.994700884425862
0.0214012738853503 1 0.994782650790827 0.994782650790827
0.0217834394904458 1 0.994859822349245 0.994859822349245
0.0221656050955414 1 0.994935656447653 0.994935656447653
0.0225477707006369 1 0.995008939688669 0.995008939688669
0.0229299363057325 1 0.995079210944535 0.995079210944535
0.023312101910828 1 0.995147364851179 0.995147364851179
0.0236942675159235 1 0.995213320244696 0.995213320244696
0.0240764331210191 1 0.995277377962532 0.995277377962532
0.0244585987261146 1 0.995339246876448 0.995339246876448
0.0248407643312102 1 0.995398819933874 0.995398819933874
0.0252229299363057 1 0.995456766132177 0.995456766132177
0.0256050955414012 1 0.99551375809617 0.99551375809617
0.0259872611464968 1 0.995568119418256 0.995568119418256
0.0263694267515923 1 0.995621084139966 0.995621084139966
0.0267515923566879 1 0.995673507203225 0.995673507203225
0.0271337579617834 1 0.995723114644827 0.995723114644827
0.0275159235668789 1 0.995771907636509 0.995771907636509
0.0278980891719745 1 0.995819951638159 0.995819951638159
0.02828025477707 1 0.995865153487138 0.995865153487138
0.0286624203821656 1 0.995910482327573 0.995910482327573
0.0290445859872611 1 0.995954633667096 0.995954633667096
0.0294267515923566 1 0.995996478189285 0.995996478189285
0.0298089171974522 1 0.996038786630753 0.996038786630753
0.0301910828025477 1 0.996079074364603 0.996079074364603
0.0305732484076433 1 0.996117955971284 0.996117955971284
0.0309554140127388 1 0.996157422340762 0.996157422340762
0.0313375796178343 1 0.996194199617587 0.996194199617587
0.0317197452229299 1 0.996231041430629 0.996231041430629
0.0321019108280254 1 0.996267208767876 0.996267208767876
0.032484076433121 1 0.996301755859258 0.996301755859258
0.0328662420382165 1 0.996335681686284 0.996335681686284
0.033248407643312 1 0.996369408059665 0.996369408059665
0.0336305732484076 1 0.996401794070148 0.996401794070148
0.0340127388535031 1 0.996433837135821 0.996433837135821
0.0343949044585987 1 0.996465174620053 0.996465174620053
0.0347770700636942 1 0.996495047099421 0.996495047099421
0.0351592356687897 1 0.996525033777832 0.996525033777832
0.0355414012738853 1 0.996554381858959 0.996554381858959
0.0359235668789808 1 0.996582524812528 0.996582524812528
0.0363057324840764 1 0.996610845496605 0.996610845496605
0.0366878980891719 1 0.996638197098189 0.996638197098189
0.0370700636942674 1 0.996664984749254 0.996664984749254
0.037452229299363 1 0.996691225713516 0.996691225713516
0.0378343949044585 1 0.996716936557344 0.996716936557344
0.0382165605095541 1 0.996741937609364 0.996741937609364
0.0385987261146496 1 0.996766633376096 0.996766633376096
0.0389808917197451 1 0.996790844912044 0.996790844912044
0.0393630573248407 1 0.996814781867671 0.996814781867671
0.0397452229299362 1 0.996837873035788 0.996837873035788
0.0401273885350318 1 0.996861105397748 0.996861105397748
0.0405095541401273 1 0.996883128349223 0.996883128349223
0.0408917197452228 1 0.996905315278195 0.996905315278195
0.0412738853503184 1 0.996926901240874 0.996926901240874
0.0416560509554139 1 0.996947895636341 0.996947895636341
0.0420382165605095 1 0.996969089467434 0.996969089467434
0.042420382165605 1 0.996989520989847 0.996989520989847
0.0428025477707005 1 0.997009001251739 0.997009001251739
0.0431847133757961 1 0.997028903082742 0.997028903082742
0.0435668789808916 1 0.997048460879899 0.997048460879899
0.0439490445859872 1 0.997066901826203 0.997066901826203
0.0443312101910827 1 0.997085986930035 0.997085986930035
0.0447133757961782 1 0.997104560338902 0.997104560338902
0.0450955414012738 1 0.997122433038787 0.997122433038787
0.0454777070063693 1 0.997140391290333 0.997140391290333
0.0458598726114649 1 0.997157859689967 0.997157859689967
0.0462420382165604 1 0.997174648543762 0.997174648543762
0.0466242038216559 1 0.997191543398643 0.997191543398643
0.0470063694267515 1 0.997208554326338 0.997208554326338
0.047388535031847 1 0.997224518754217 0.997224518754217
0.0477707006369426 1 0.997240999931485 0.997240999931485
0.0481528662420381 1 0.997256838021284 0.997256838021284
0.0485350318471336 1 0.997272035956369 0.997272035956369
0.0489171974522292 1 0.997287573387806 0.997287573387806
0.0492993630573247 1 0.997303069810619 0.997303069810619
0.0496815286624203 1 0.997317750757524 0.997317750757524
0.0500636942675158 1 0.997332203111332 0.997332203111332
0.0504458598726113 1 0.997346236728282 0.997346236728282
0.0508280254777069 1 0.99736083186821 0.99736083186821
0.0512101910828024 1 0.997374827227724 0.997374827227724
0.051592356687898 1 0.997389005893848 0.997389005893848
0.0519745222929935 1 0.997402398683577 0.997402398683577
0.052356687898089 1 0.997415787008893 0.997415787008893
0.0527388535031846 1 0.997428395379631 0.997428395379631
0.0531210191082801 1 0.997441981546128 0.997441981546128
0.0535031847133757 1 0.997454604947111 0.997454604947111
0.0538853503184712 1 0.997467631028174 0.997467631028174
0.0542675159235667 1 0.997479505430469 0.997479505430469
0.0546496815286623 1 0.997492177921028 0.997492177921028
0.0550318471337578 1 0.997503901402882 0.997503901402882
0.0554140127388534 1 0.997515845674887 0.997515845674887
0.0557961783439489 1 0.997528016863324 0.997528016863324
0.0561783439490444 1 0.997539639872762 0.997539639872762
0.05656050955414 1 0.99755110581449 0.99755110581449
0.0569426751592355 1 0.997562222596093 0.997562222596093
0.0573248407643311 1 0.997572992011337 0.997572992011337
0.0577070063694266 1 0.997584587284037 0.997584587284037
0.0580891719745221 1 0.997594870057774 0.997594870057774
0.0584713375796177 1 0.997606568871607 0.997606568871607
0.0588535031847132 1 0.997616182370567 0.997616182370567
0.0592356687898088 1 0.997627214828904 0.997627214828904
0.0596178343949043 1 0.997637140944507 0.997637140944507
0.0599999999999998 1 0.997648104505492 0.997648104505492
0.0603821656050954 1 0.997657382325537 0.997657382325537
0.0607643312101909 1 0.99766789525328 0.99766789525328
0.0611464968152865 1 0.997677311665783 0.997677311665783
0.061528662420382 1 0.997687189470642 0.997687189470642
0.0619108280254775 1 0.997695972918574 0.997695972918574
0.0622929936305731 1 0.997706000659262 0.997706000659262
0.0626751592356686 1 0.997715916789782 0.997715916789782
0.0630573248407642 1 0.997724161806892 0.997724161806892
0.0634394904458597 1 0.997734046594085 0.997734046594085
0.0638216560509553 1 0.997742265507925 0.997742265507925
0.0642038216560508 1 0.997751738944654 0.997751738944654
0.0645859872611464 1 0.997760329922712 0.997760329922712
0.0649681528662419 1 0.997769597093137 0.997769597093137
0.0653503184713374 1 0.997777399921723 0.997777399921723
0.065732484076433 1 0.997786269448269 0.997786269448269
0.0661146496815285 1 0.99779426252891 0.99779426252891
0.0664968152866241 1 0.997803132830012 0.997803132830012
0.0668789808917196 1 0.997810740817098 0.997810740817098
0.0672611464968152 1 0.997819228172112 0.997819228172112
0.0676433121019107 1 0.997826845615135 0.997826845615135
0.0680254777070063 1 0.997835151503292 0.997835151503292
0.0684076433121018 1 0.99784278567488 0.99784278567488
0.0687898089171974 1 0.997850917206242 0.997850917206242
0.0691719745222929 1 0.99785837991899 0.99785837991899
0.0695541401273885 1 0.997865367143232 0.997865367143232
0.069936305732484 1 0.997873634368703 0.997873634368703
0.0703184713375796 1 0.997880458509756 0.997880458509756
0.0707006369426751 1 0.99788817504826 0.99788817504826
0.0710828025477706 1 0.997895424640739 0.997895424640739
0.0714649681528662 1 0.997902596697486 0.997902596697486
0.0718471337579617 1 0.997909302216876 0.997909302216876
0.0722292993630573 1 0.997916906184006 0.997916906184006
0.0726114649681528 1 0.997923268643489 0.997923268643489
0.0729936305732484 1 0.997930530867111 0.997930530867111
0.0733757961783439 1 0.997937138197977 0.997937138197977
0.0737579617834395 1 0.997944259352212 0.997944259352212
0.074140127388535 1 0.997950532697439 0.997950532697439
0.0745222929936306 1 0.99795712591463 0.99795712591463
0.0749044585987261 1 0.997963651854078 0.997963651854078
0.0752866242038217 1 0.997970111540317 0.997970111540317
0.0756687898089172 1 0.997976505977219 0.997976505977219
0.0760509554140128 1 0.997983421420864 0.997983421420864
0.0764331210191083 1 0.997988910848566 0.997988910848566
0.0768152866242039 1 0.997995504552765 0.997995504552765
0.0771974522292994 1 0.998001258418809 0.998001258418809
0.0775796178343949 1 0.998008120331831 0.998008120331831
0.0779617834394905 1 0.998013365787711 0.998013365787711
0.078343949044586 1 0.998019914212603 0.998019914212603
0.0787261146496816 1 0.998025432191578 0.998025432191578
0.0791082802547771 1 0.998031476431893 0.998031476431893
0.0794904458598727 1 0.998036880152271 0.998036880152271
0.0798726114649682 1 0.998043006845429 0.998043006845429
0.0802547770700638 1 0.998048690618781 0.998048690618781
0.0806369426751593 1 0.998054515580525 0.998054515580525
0.0810191082802549 1 0.998059508100251 0.998059508100251
0.0814012738853504 1 0.998065810929999 0.998065810929999
0.081783439490446 1 0.998070505314702 0.998070505314702
0.0821656050955415 1 0.998076315495771 0.998076315495771
0.0825477707006371 1 0.998081492127496 0.998081492127496
0.0829299363057326 1 0.998087203508726 0.998087203508726
0.0833121019108281 1 0.99809208765521 0.99809208765521
0.0836942675159237 1 0.998097507004512 0.998097507004512
0.0840764331210192 1 0.998102684696533 0.998102684696533
0.0844585987261148 1 0.998107815531626 0.998107815531626
0.0848407643312103 1 0.998112900142949 0.998112900142949
0.0852229299363059 1 0.998117549076022 0.998117549076022
0.0856050955414014 1 0.998122931433173 0.998122931433173
0.085987261146497 1 0.998127295964995 0.998127295964995
0.0863694267515925 1 0.998132784317369 0.998132784317369
0.0867515923566881 1 0.998137451907723 0.998137451907723
0.0871337579617836 1 0.99814266107961 0.99814266107961
0.0875159235668792 1 0.998146854721477 0.998146854721477
0.0878980891719747 1 0.998151979406602 0.998151979406602
0.0882802547770703 1 0.998155894638282 0.998155894638282
0.0886624203821658 1 0.998161521243746 0.998161521243746
0.0890445859872614 1 0.998165551924436 0.998165551924436
0.0894267515923569 1 0.998170905793947 0.998170905793947
0.0898089171974524 1 0.998174663908444 0.998174663908444
0.090191082802548 1 0.998179745378593 0.998179745378593
0.0905732484076435 1 0.998183816295018 0.998183816295018
0.0909554140127391 1 0.998188433128179 0.998188433128179
0.0913375796178346 1 0.998192233733562 0.998192233733562
0.0917197452229302 1 0.998197165413336 0.998197165413336
0.0921019108280257 1 0.998201283411225 0.998201283411225
0.0924840764331213 1 0.998205754971487 0.998205754971487
0.0928662420382168 1 0.998209997129008 0.998209997129008
0.0932484076433124 1 0.998214009514106 0.998214009514106
0.0936305732484079 1 0.998217791763135 0.998217791763135
0.0940127388535035 1 0.998222318505413 0.998222318505413
0.094394904458599 1 0.998226423329473 0.998226423329473
0.0947770700636946 1 0.998230885038504 0.998230885038504
0.0951592356687901 1 0.998234730621827 0.998234730621827
0.0955414012738856 1 0.998238348114221 0.998238348114221
0.0959235668789812 1 0.998242127119625 0.998242127119625
0.0963057324840767 1 0.998246458780181 0.998246458780181
0.0966878980891723 1 0.998250370840529 0.998250370840529
0.0970700636942678 1 0.998254447082168 0.998254447082168
0.0974522292993634 1 0.998258298659292 0.998258298659292
0.0978343949044589 1 0.998261925164046 0.998261925164046
0.0982165605095545 1 0.998266106116726 0.998266106116726
0.09859872611465 1 0.99826947926857 0.99826947926857
0.0989808917197456 1 0.99827282186473 0.99827282186473
0.0993630573248411 1 0.998277109138333 0.998277109138333
0.0997452229299367 1 0.998280785345635 0.998280785345635
0.100127388535032 1 0.998284628463546 0.998284628463546
0.100509554140128 1 0.998287469716882 0.998287469716882
0.100891719745223 1 0.998291450422592 0.998291450422592
0.101273885350319 1 0.998295405491331 0.998295405491331
0.101656050955414 1 0.998298555341576 0.998298555341576
0.10203821656051 1 0.998301677224356 0.998301677224356
0.102420382165605 1 0.998305551312494 0.998305551312494
0.102802547770701 1 0.998309400937553 0.998309400937553
0.103184713375797 1 0.998312251560143 0.998312251560143
0.103566878980892 1 0.998315659564865 0.998315659564865
0.103949044585988 1 0.998319237470317 0.998319237470317
0.104331210191083 1 0.998322986260804 0.998322986260804
0.104713375796179 1 0.998325932121263 0.998325932121263
0.105095541401274 1 0.998328852311418 0.998328852311418
0.10547770700637 1 0.998332331973548 0.998332331973548
0.105859872611465 1 0.998335593666205 0.998335593666205
0.106242038216561 1 0.998339221797206 0.998339221797206
0.106624203821657 1 0.998341853351981 0.998341853351981
0.107006369426752 1 0.998345824500497 0.998345824500497
0.107388535031848 1 0.998348606006212 0.998348606006212
0.107770700636943 1 0.998351363644444 0.998351363644444
0.108152866242039 1 0.998354877451005 0.998354877451005
0.108535031847134 1 0.998358370623723 0.998358370623723
0.10891719745223 1 0.998361063606746 0.998361063606746
0.109299363057325 1 0.998363733675197 0.998363733675197
0.109681528662421 1 0.998367355772988 0.998367355772988
0.110063694267516 1 0.998370373979501 0.998370373979501
0.110445859872612 1 0.998373176360245 0.998373176360245
0.110828025477708 1 0.99837595740107 0.99837595740107
0.111210191082803 1 0.998379107194499 0.998379107194499
0.111592356687899 1 0.998382237413309 0.998382237413309
0.111974522292994 1 0.998384763456129 0.998384763456129
0.11235668789809 1 0.998387658209133 0.998387658209133
0.112738853503185 1 0.998390533336713 0.998390533336713
0.113121019108281 1 0.998394168760095 0.998394168760095
0.113503184713376 1 0.99839642305882 0.99839642305882
0.113885350318472 1 0.998399046207602 0.998399046207602
0.114267515923567 1 0.998402039712272 0.998402039712272
0.114649681528663 1 0.998405015206237 0.998405015206237
0.115031847133759 1 0.998407583018814 0.998407583018814
0.115414012738854 1 0.998410131892847 0.998410131892847
0.11579617834395 1 0.998413246784856 0.998413246784856
0.116178343949045 1 0.998415760259203 0.998415760259203
0.116560509554141 1 0.998418450258508 0.998418450258508
0.116942675159236 1 0.998421122676097 0.998421122676097
0.117324840764332 1 0.998423582765012 0.998423582765012
0.117707006369427 1 0.99842660973721 0.99842660973721
0.118089171974523 1 0.998429425979227 0.998429425979227
0.118471337579618 1 0.998431446272257 0.998431446272257
0.118853503184714 1 0.998434032685655 0.998434032685655
0.11923566878981 1 0.99843738217439 0.99843738217439
0.119617834394905 1 0.998439158419578 0.998439158419578
0.120000000000001 1 0.998441695561061 0.998441695561061
0.120382165605096 1 0.998444216593689 0.998444216593689
0.120764331210192 1 0.998447306399773 0.998447306399773
0.121146496815287 1 0.998449407692744 0.998449407692744
0.121528662420383 1 0.998451687006121 0.998451687006121
0.121910828025478 1 0.998454340012813 0.998454340012813
0.122292993630574 1 0.998457173168531 0.998457173168531
0.122675159235669 1 0.998459017784675 0.998459017784675
0.123057324840765 1 0.998461430216539 0.998461430216539
0.123439490445861 1 0.99846421751694 0.99846421751694
0.123821656050956 1 0.998466796313368 0.998466796313368
0.124203821656052 1 0.998468581431568 0.998468581431568
0.124585987261147 1 0.998470934926701 0.998470934926701
0.124968152866243 1 0.998473468926771 0.998473468926771
0.125350318471338 1 0.998475599458518 0.998475599458518
0.125732484076434 1 0.998478494854677 0.998478494854677
0.126114649681529 1 0.998480598423292 0.998480598423292
0.126496815286625 1 0.998482687518001 0.998482687518001
0.12687898089172 1 0.998484762269157 0.998484762269157
0.127261146496816 1 0.998487212594431 0.998487212594431
0.127643312101912 1 0.998489844888071 0.998489844888071
0.128025477707007 1 0.998491685382801 0.998491685382801
0.128407643312103 1 0.99849370633849 0.99849370633849
0.128789808917198 1 0.998495908458742 0.998495908458742
0.129171974522294 1 0.998498682217799 0.998498682217799
0.129554140127389 1 0.99850047033462 0.99850047033462
0.129936305732485 1 0.99850263427484 0.99850263427484
0.13031847133758 1 0.998504980410716 0.998504980410716
0.130700636942676 1 0.998507119646991 0.998507119646991
0.131082802547771 1 0.998509051524262 0.998509051524262
0.131464968152867 1 0.998510970472348 0.998510970472348
0.131847133757963 1 0.998513461255771 0.998513461255771
0.132229299363058 1 0.998515551249912 0.998515551249912
0.132611464968154 1 0.998517239433582 0.998517239433582
0.132993630573249 1 0.998519499204068 0.998519499204068
0.133375796178345 1 0.998521747697536 0.998521747697536
0.13375796178344 1 0.998523790130479 0.998523790130479
0.134140127388536 1 0.998525431167591 0.998525431167591
0.134522292993631 1 0.998527449320023 0.998527449320023
0.134904458598727 1 0.998529845793259 0.998529845793259
0.135286624203823 1 0.998531647395194 0.998531647395194
0.135668789808918 1 0.998533242326853 0.998533242326853
0.136050955414014 1 0.998535799394226 0.998535799394226
0.136433121019109 1 0.998537957293534 0.998537957293534
0.136815286624205 1 0.998539520147142 0.998539520147142
0.1371974522293 1 0.998541265914707 0.998541265914707
0.137579617834396 1 0.998543390106043 0.998543390106043
0.137961783439491 1 0.998545699017687 0.998545699017687
0.138343949044587 1 0.998547024045 0.998547024045
0.138726114649682 1 0.998549116426816 0.998549116426816
0.139108280254778 1 0.998551393784926 0.998551393784926
0.139490445859874 1 0.998553077258138 0.998553077258138
0.139872611464969 1 0.998554555069034 0.998554555069034
0.140254777070065 1 0.998556606246099 0.998556606246099
0.14063694267516 1 0.99855825812921 0.99855825812921
0.141019108280256 1 0.998560678939283 0.998560678939283
0.141401273885351 1 0.998562117073066 0.998562117073066
0.141783439490447 1 0.998564128899467 0.998564128899467
0.142165605095542 1 0.998565741751935 0.998565741751935
0.142547770700638 1 0.9985677341169 0.9985677341169
0.142929936305733 1 0.998569522526278 0.998569522526278
0.143312101910829 1 0.998570716813559 0.998570716813559
0.143694267515925 1 0.998572874393393 0.998572874393393
0.14407643312102 1 0.998574828764409 0.998574828764409
0.144458598726116 1 0.998576774339189 0.998576774339189
0.144840764331211 1 0.99857773689465 0.99857773689465
0.145222929936307 1 0.998580247101874 0.998580247101874
0.145605095541402 1 0.998581775975305 0.998581775975305
0.145987261146498 1 0.998583100459098 0.998583100459098
0.146369426751593 1 0.998584999545845 0.998584999545845
0.146751592356689 1 0.998586695406445 0.998586695406445
0.147133757961784 1 0.998588577312162 0.998588577312162
0.14751592356688 1 0.998590256125402 0.998590256125402
0.147898089171976 1 0.99859173140944 0.99859173140944
0.148280254777071 1 0.998593197584136 0.998593197584136
0.148662420382167 1 0.998594849572013 0.998594849572013
0.149044585987262 1 0.998596493088032 0.998596493088032
0.149426751592358 1 0.998598323048162 0.998598323048162
0.149808917197453 1 0.998600145160917 0.998600145160917
0.150191082802549 1 0.998601959486506 0.998601959486506
0.150573248407644 1 0.998602791839805 0.998602791839805
0.15095541401274 1 0.998604588307801 0.998604588307801
0.151337579617835 1 0.998606572024383 0.998606572024383
0.151719745222931 1 0.998607964147889 0.998607964147889
0.152101910828027 1 0.998609347808747 0.998609347808747
0.152484076433122 1 0.99861150245385 0.99861150245385
0.152866242038218 1 0.998612676478524 0.998612676478524
0.153248407643313 1 0.998614231425156 0.998614231425156
0.153630573248409 1 0.998615583791699 0.998615583791699
0.154012738853504 1 0.998617512528135 0.998617512528135
0.1543949044586 1 0.998619044920937 0.998619044920937
0.154777070063695 1 0.998620569746496 0.998620569746496
0.155159235668791 1 0.998621697377432 0.998621697377432
0.155541401273886 1 0.998623206280362 0.998623206280362
0.155923566878982 1 0.998625097467276 0.998625097467276
0.156305732484078 1 0.998626008062449 0.998626008062449
0.156687898089173 1 0.998627884139682 0.998627884139682
0.157070063694269 1 0.998629364251457 0.998629364251457
0.157452229299364 1 0.998631032016125 0.998631032016125
0.15783439490446 1 0.99863249828067 0.99863249828067
0.158216560509555 1 0.998633567787896 0.998633567787896
0.158598726114651 1 0.998635019000144 0.998635019000144
0.158980891719746 1 0.998636852906774 0.998636852906774
0.159363057324842 1 0.998638096312325 0.998638096312325
0.159745222929938 1 0.998639137537024 0.998639137537024
0.160127388535033 1 0.99864114517566 0.99864114517566
0.160509554140129 1 0.998642368089817 0.998642368089817
0.160891719745224 1 0.998643973473875 0.998643973473875
0.16127388535032 1 0.99864498813541 0.99864498813541
0.161656050955415 1 0.99864677456689 0.99864677456689
0.162038216560511 1 0.998648165662736 0.998648165662736
0.162420382165606 1 0.998649745043255 0.998649745043255
0.162802547770702 1 0.998650539058035 0.998650539058035
0.163184713375797 1 0.998652299400913 0.998652299400913
0.163566878980893 1 0.998653664587399 0.998653664587399
0.163949044585989 1 0.998654828580839 0.998654828580839
0.164331210191084 1 0.998656375458852 0.998656375458852
0.16471337579618 1 0.998657721685775 0.998657721685775
0.165095541401275 1 0.998658866853024 0.998658866853024
0.165477707006371 1 0.998660200209173 0.998660200209173
0.165859872611466 1 0.998661722246787 0.998661722246787
0.166242038216562 1 0.998663043803147 0.998663043803147
0.166624203821657 1 0.998664164472243 0.998664164472243
0.167006369426753 1 0.998665473501035 0.998665473501035
0.167388535031848 1 0.998667166200481 0.998667166200481
0.167770700636944 1 0.998668074554112 0.998668074554112
0.16815286624204 1 0.998669755417066 0.998669755417066
0.168535031847135 1 0.998670262369866 0.998670262369866
0.168917197452231 1 0.998672125499302 0.998672125499302
0.169299363057326 1 0.998673399706445 0.998673399706445
0.169681528662422 1 0.998674862994854 0.998674862994854
0.170063694267517 1 0.998675346916152 0.998675346916152
0.170445859872613 1 0.998677187171502 0.998677187171502
0.170828025477708 1 0.998678438652693 0.998678438652693
0.171210191082804 1 0.99867968454684 0.99867968454684
0.171592356687899 1 0.998680535254306 0.998680535254306
0.171974522292995 1 0.998681769222212 0.998681769222212
0.172356687898091 1 0.998683582170946 0.998683582170946
0.172738853503186 1 0.998684222069662 0.998684222069662
0.173121019108282 1 0.998685634543699 0.998685634543699
0.173503184713377 1 0.998687042081225 0.998687042081225
0.173885350318473 1 0.998688055083497 0.998688055083497
0.174267515923568 1 0.998689451992928 0.998689451992928
0.174649681528664 1 0.998690454436951 0.998690454436951
0.175031847133759 1 0.998691840857341 0.998691840857341
0.175414012738855 1 0.998693027694882 0.998693027694882
0.17579617834395 1 0.998694209372069 0.998694209372069
0.176178343949046 1 0.998694996297014 0.998694996297014
0.176560509554142 1 0.998696166912844 0.998696166912844
0.176942675159237 1 0.998697722096222 0.998697722096222
0.177324840764333 1 0.998698493846185 0.998698493846185
0.177707006369428 1 0.998699649388158 0.998699649388158
0.178089171974524 1 0.998700994781274 0.998700994781274
0.178471337579619 1 0.998702140852614 0.998702140852614
0.178853503184715 1 0.998703476835733 0.998703476835733
0.17923566878981 1 0.99870461355742 0.99870461355742
0.179617834394906 1 0.99870574544179 0.99870574544179
0.180000000000001 1 0.998706872519973 0.998706872519973
0.180382165605097 1 0.998707605206298 0.998707605206298
0.180764331210193 1 0.998708721941355 0.998708721941355
0.181146496815288 1 0.998710223578566 0.998710223578566
0.181528662420384 1 0.998710942124489 0.998710942124489
0.181910828025479 1 0.99871223961708 0.99871223961708
0.182292993630575 1 0.998713532893541 0.998713532893541
0.18267515923567 1 0.998714627174538 0.998714627174538
0.183057324840766 1 0.99871571688663 0.99871571688663
0.183439490445861 1 0.998716412449022 0.998716412449022
0.183821656050957 1 0.998717881908557 0.998717881908557
0.184203821656053 1 0.99871895808553 0.99871895808553
0.184585987261148 1 0.998719640199769 0.998719640199769
0.184968152866244 1 0.998720706688629 0.998720706688629
0.185350318471339 1 0.99872196358225 0.99872196358225
0.185732484076435 1 0.998723021702438 0.998723021702438
0.18611464968153 1 0.99872407547738 0.99872407547738
0.186496815286626 1 0.998724930132115 0.998724930132115
0.186878980891721 1 0.998726364500131 0.998726364500131
0.187261146496817 1 0.99872760059593 0.99872760059593
0.187643312101912 1 0.99872824844577 0.99872824844577
0.188025477707008 1 0.998729086088319 0.998729086088319
0.188407643312104 1 0.99873030874714 0.99873030874714
0.188789808917199 1 0.998731332838777 0.998731332838777
0.189171974522295 1 0.998732157994408 0.998732157994408
0.18955414012739 1 0.998733368241662 0.998733368241662
0.189936305732486 1 0.99873437999582 0.99873437999582
0.190318471337581 1 0.99873558248392 0.99873558248392
0.190700636942677 1 0.998736391728715 0.998736391728715
0.191082802547772 1 0.998737391365289 0.998737391365289
0.191464968152868 1 0.998738387011467 0.998738387011467
0.191847133757963 1 0.998739573486366 0.998739573486366
0.192229299363059 1 0.998740366813971 0.998740366813971
0.192611464968155 1 0.998741155834887 0.998741155834887
0.19299363057325 1 0.998742135369652 0.998742135369652
0.193375796178346 1 0.998743305826681 0.998743305826681
0.193757961783441 1 0.998744278024461 0.998744278024461
0.194140127388537 1 0.998745441187923 0.998745441187923
0.194522292993632 1 0.998746211342011 0.998746211342011
0.194904458598728 1 0.998747561709025 0.998747561709025
0.195286624203823 1 0.998748129906844 0.998748129906844
0.195668789808919 1 0.998748693604455 0.998748693604455
0.196050955414014 1 0.998750421577758 0.998750421577758
0.19643312101911 1 0.998750978623559 0.998750978623559
0.196815286624206 1 0.998751531238923 0.998751531238923
0.197197452229301 1 0.998753248192078 0.998753248192078
0.197579617834397 1 0.998753404699636 0.998753404699636
0.197961783439492 1 0.998754724832978 0.998754724832978
0.198343949044588 1 0.998756042128864 0.998756042128864
0.198726114649683 1 0.998756187869637 0.998756187869637
0.199108280254779 1 0.998757886877889 0.998757886877889
0.199490445859874 1 0.998758804696925 0.998758804696925
0.19987261146497 1 0.99875893985467 0.99875893985467
0.200254777070065 1 0.998760628340266 0.998760628340266
0.200636942675161 1 0.998760756544157 0.998760756544157
0.201019108280257 1 0.998762243328702 0.998762243328702
0.201401273885352 1 0.998763143434935 0.998763143434935
0.201783439490448 1 0.998763650559172 0.998763650559172
0.202165605095543 1 0.998764932702291 0.998764932702291
0.202547770700639 1 0.99876582263904 0.99876582263904
0.202929936305734 1 0.998765930083689 0.998765930083689
0.20331210191083 1 0.998767785797533 0.998767785797533
0.203694267515925 1 0.998768081749544 0.998768081749544
0.204076433121021 1 0.998769152449449 0.998769152449449
0.204458598726116 1 0.998770220238103 0.998770220238103
0.204840764331212 1 0.998770700781361 0.998770700781361
0.205222929936308 1 0.998771956492852 0.998771956492852
0.205605095541403 1 0.998772820141091 0.998772820141091
0.205987261146499 1 0.9987729014552 0.9987729014552
0.206369426751594 1 0.998774925964123 0.998774925964123
0.20675159235669 1 0.99877461208288 0.99877461208288
0.207133757961785 1 0.99877624071086 0.99877624071086
0.207515923566881 1 0.998777088516681 0.998777088516681
0.207898089171976 1 0.998777543644021 0.998777543644021
0.208280254777072 1 0.998778774080509 0.998778774080509
0.208662420382168 1 0.998779612588056 0.998779612588056
0.209044585987263 1 0.998779863690653 0.998779863690653
0.209426751592359 1 0.998781474136659 0.998781474136659
0.209808917197454 1 0.998781914294983 0.998781914294983
0.21019108280255 1 0.998782350729603 0.998782350729603
0.210573248407645 1 0.998783952131903 0.998783952131903
0.210955414012741 1 0.998783993737301 0.998783993737301
0.211337579617836 1 0.998785199636378 0.998785199636378
0.211719745222932 1 0.998786403289522 0.998786403289522
0.212101910828027 1 0.998786630823189 0.998786630823189
0.212484076433123 1 0.998787828272606 0.998787828272606
0.212866242038219 1 0.998788439189052 0.998788439189052
0.213248407643314 1 0.998788852093239 0.998788852093239
0.21363057324841 1 0.998790430087099 0.998790430087099
0.214012738853505 1 0.998790643185823 0.998790643185823
0.214394904458601 1 0.998791631504244 0.998791631504244
0.214777070063696 1 0.998792812119197 0.998792812119197
0.215159235668792 1 0.99879282196606 0.99879282196606
0.215541401273887 1 0.998794385832431 0.998794385832431
0.215923566878983 1 0.998794974425919 0.998794974425919
0.216305732484078 1 0.998795365134151 0.998795365134151
0.216687898089174 1 0.998796141952032 0.998796141952032
0.21707006369427 1 0.998796916034507 0.998796916034507
0.217452229299365 1 0.998797492623394 0.998797492623394
0.217834394904461 1 0.998799234800286 0.998799234800286
0.218216560509556 1 0.998799223036731 0.998799223036731
0.218598726114652 1 0.998800570635445 0.998800570635445
0.218980891719747 1 0.998800942728872 0.998800942728872
0.219363057324843 1 0.998801506262856 0.998801506262856
0.219745222929938 1 0.998802651134784 0.998802651134784
0.220127388535034 1 0.998803014975296 0.998803014975296
0.220509554140129 1 0.998803959842672 0.998803959842672
0.220891719745225 1 0.998804902450533 0.998804902450533
0.221273885350321 1 0.998805258501113 0.998805258501113
0.221656050955416 1 0.998806390389108 0.998806390389108
0.222038216560512 1 0.998806936082647 0.998806936082647
0.222420382165607 1 0.998807478897623 0.998807478897623
0.222802547770703 1 0.99880860315552 0.99880860315552
0.223184713375798 1 0.998808946488535 0.998808946488535
0.223566878980894 1 0.998809870956574 0.998809870956574
0.223949044585989 1 0.998810988033434 0.998810988033434
0.224331210191085 1 0.998810934687685 0.998810934687685
0.22471337579618 1 0.998812046155946 0.998812046155946
0.225095541401276 1 0.998812961065468 0.998812961065468
0.225477707006372 1 0.99881348432949 0.99881348432949
0.225859872611467 1 0.998814978667476 0.998814978667476
0.226242038216563 1 0.998814913771764 0.998814913771764
0.226624203821658 1 0.99881523468893 0.99881523468893
0.227006369426754 1 0.998816721153832 0.998816721153832
0.227388535031849 1 0.998816843189335 0.998816843189335
0.227770700636945 1 0.998817740937055 0.998817740937055
0.22815286624204 1 0.998818441890369 0.998818441890369
0.228535031847136 1 0.998819140499216 0.998819140499216
0.228917197452231 1 0.998820226304306 0.998820226304306
0.229299363057327 1 0.998820336615705 0.998820336615705
0.229681528662423 1 0.998821027937271 0.998821027937271
0.230063694267518 1 0.998822106488978 0.998822106488978
0.230445859872614 1 0.998822209583728 0.998822209583728
0.230828025477709 1 0.998823672777948 0.998823672777948
0.231210191082805 1 0.998823966419024 0.998823966419024
0.2315923566879 1 0.998824257164149 0.998824257164149
0.231974522292996 1 0.99882571360078 0.99882571360078
0.232356687898091 1 0.998826390039601 0.998826390039601
0.232738853503187 1 0.998826479972214 0.998826479972214
0.233121019108283 1 0.998827345784075 0.998827345784075
0.233503184713378 1 0.99882743067312 0.99882743067312
0.233885350318474 1 0.998828680987902 0.998828680987902
0.234267515923569 1 0.998829540559391 0.998829540559391
0.234649681528665 1 0.998829424480064 0.998829424480064
0.23503184713376 1 0.99883105782188 0.99883105782188
0.235414012738856 1 0.998831327280452 0.998831327280452
0.235796178343951 1 0.998832178252064 0.998832178252064
0.236178343949047 1 0.998833027414189 0.998833027414189
0.236560509554142 1 0.998833095739765 0.998833095739765
0.236942675159238 1 0.998833745296299 0.998833745296299
0.237324840764334 1 0.998834977036654 0.998834977036654
0.237707006369429 1 0.998834844323986 0.998834844323986
0.238089171974525 1 0.99883626635355 0.99883626635355
0.23847133757962 1 0.998836519020765 0.998836519020765
0.238853503184716 1 0.99883696376893 0.99883696376893
0.239235668789811 1 0.998837990435281 0.998837990435281
0.239617834394907 1 0.998838431418086 0.998838431418086
0.240000000000002 1 0.998838870066635 0.998838870066635
0.240382165605098 1 0.998840085418716 0.998840085418716
0.240764331210193 1 0.998839936398166 0.998839936398166
0.241146496815289 1 0.998841147441828 0.998841147441828
0.241528662420385 1 0.998841773156656 0.998841773156656
0.24191082802548 1 0.998841812627831 0.998841812627831
0.242292993630576 1 0.998843212499332 0.998843212499332
0.242675159235671 1 0.998843637863908 0.998843637863908
0.243057324840767 1 0.998843866217955 0.998843866217955
0.243439490445862 1 0.998844676286011 0.998844676286011
0.243821656050958 1 0.998844705712131 0.998844705712131
0.244203821656053 1 0.998845900830165 0.998845900830165
0.244585987261149 1 0.99884690019604 0.99884690019604
0.244968152866244 1 0.998847119250801 0.998847119250801
0.24535031847134 1 0.998848114818007 0.998848114818007
0.245732484076436 1 0.998848330091874 0.998848330091874
0.246114649681531 1 0.998848737636914 0.998848737636914
0.246496815286627 1 0.998849727271377 0.998849727271377
0.246878980891722 1 0.998850131391899 0.998850131391899
0.247261146496818 1 0.998850533360976 0.998850533360976
0.247643312101913 1 0.998851906948423 0.998851906948423
0.248025477707009 1 0.998851527135168 0.998851527135168
0.248407643312104 1 0.998852702012062 0.998852702012062
0.2487898089172 1 0.998853096964751 0.998853096964751
0.249171974522295 1 0.998853489810293 0.998853489810293
0.249554140127391 1 0.998854464811379 0.998854464811379
0.249936305732487 1 0.998854854364134 0.998854854364134
0.250318471337582 1 0.998855241836168 0.998855241836168
0.250700636942678 1 0.998856016737234 0.998856016737234
0.251082802547773 1 0.998856400668177 0.998856400668177
0.251464968152869 1 0.998857366794084 0.998857366794084
0.251847133757964 1 0.998857747511022 0.998857747511022
0.25222929936306 1 0.998858320939178 0.998858320939178
0.252611464968155 1 0.998859087381226 0.998859087381226
0.252993630573251 1 0.998859268143203 0.998859268143203
0.253375796178346 1 0.998860615090512 0.998860615090512
0.253757961783442 1 0.998860598258808 0.998860598258808
0.254140127388537 1 0.998861163088492 0.998861163088492
0.254522292993633 1 0.998861726222135 0.998861726222135
0.254904458598728 1 0.998862287667149 0.998862287667149
0.255286624203824 1 0.998862847431118 0.998862847431118
0.255668789808919 1 0.998863600269104 0.998863600269104
0.256050955414015 1 0.998863767489796 0.998863767489796
0.25643312101911 1 0.998864711459433 0.998864711459433
0.256815286624206 1 0.998864875370615 0.998864875370615
0.257197452229301 1 0.998865621299063 0.998865621299063
0.257579617834397 1 0.99886597638777 0.99886597638777
0.257961783439492 1 0.998866719051451 0.998866719051451
0.258343949044588 1 0.998867265635835 0.998867265635835
0.258726114649684 1 0.998867810605423 0.998867810605423
0.259108280254779 1 0.998868548712738 0.998868548712738
0.259490445859875 1 0.998868701270305 0.998868701270305
0.25987261146497 1 0.998869435897009 0.998869435897009
0.260254777070066 1 0.998870169223471 0.998870169223471
0.260636942675161 1 0.998870511766414 0.998870511766414
0.261019108280257 1 0.998871241940071 0.998871241940071
0.261401273885352 1 0.998871386599998 0.998871386599998
0.261783439490448 1 0.998871918620746 0.998871918620746
0.262165605095543 1 0.998872838577889 0.998872838577889
0.262547770700639 1 0.998873562812884 0.998873562812884
0.262929936305734 1 0.998873506817978 0.998873506817978
0.26331210191083 1 0.998874422159073 0.998874422159073
0.263694267515925 1 0.998874752310435 0.998874752310435
0.264076433121021 1 0.998875275404193 0.998875275404193
0.264458598726116 1 0.998875602243573 0.998875602243573
0.264840764331212 1 0.998875927297218 0.998875927297218
0.265222929936307 1 0.998876834799188 0.998876834799188
0.265605095541403 1 0.998877741369609 0.998877741369609
0.265987261146498 1 0.998877868045839 0.998877868045839
0.266369426751594 1 0.998878187424892 0.998878187424892
0.266751592356689 1 0.998879089276173 0.998879089276173
0.267133757961785 1 0.998879405994348 0.998879405994348
0.26751592356688 1 0.998879915714356 0.998879915714356
0.267898089171976 1 0.998880423980239 0.998880423980239
0.268280254777072 1 0.998881125538402 0.998881125538402
0.268662420382167 1 0.998881631191025 0.998881631191025
0.269044585987263 1 0.998881745926774 0.998881745926774
0.269426751592358 1 0.998882442900537 0.998882442900537
0.269808917197454 1 0.99888294398722 0.99888294398722
0.270191082802549 1 0.998883638395753 0.998883638395753
0.270573248407645 1 0.998883942188787 0.998883942188787
0.27095541401274 1 0.998884439040492 0.998884439040492
0.271337579617836 1 0.998884934492549 0.998884934492549
0.271719745222931 1 0.998885428551067 0.998885428551067
0.272101910828027 1 0.998886310698757 0.998886310698757
0.272484076433122 1 0.998886218317878 0.998886218317878
0.272866242038218 1 0.998886902695436 0.998886902695436
0.273248407643313 1 0.998887391237122 0.998887391237122
0.273630573248409 1 0.998887878414304 0.998887878414304
0.274012738853504 1 0.998888558969987 0.998888558969987
0.2743949044586 1 0.998888848968422 0.998888848968422
0.274777070063695 1 0.998889332085362 0.998889332085362
0.275159235668791 1 0.998889619123304 0.998889619123304
0.275541401273886 1 0.998890683502606 0.998890683502606
0.275923566878982 1 0.998890773675985 0.998890773675985
0.276305732484077 1 0.998891446194549 0.998891446194549
0.276687898089173 1 0.998891728188943 0.998891728188943
0.277070063694268 1 0.998892203336342 0.998892203336342
0.277452229299364 1 0.998892871910677 0.998892871910677
0.277834394904459 1 0.998892955241647 0.998892955241647
0.278216560509555 1 0.998893815682012 0.998893815682012
0.278598726114651 1 0.998894091157179 0.998894091157179
0.278980891719746 1 0.998894365078113 0.998894365078113
0.279363057324842 1 0.998894637450917 0.998894637450917
0.279745222929937 1 0.998895492486242 0.998895492486242
0.280127388535033 1 0.998896152047065 0.998896152047065
0.280509554140128 1 0.998896421137079 0.998896421137079
0.280891719745224 1 0.998897078169303 0.998897078169303
0.281273885350319 1 0.998897344740901 0.998897344740901
0.281656050955415 1 0.998897804531079 0.998897804531079
0.28203821656051 1 0.998898263075141 0.998898263075141
0.282420382165606 1 0.998898720378153 0.998898720378153
0.282802547770701 1 0.998899371178702 0.998899371178702
0.283184713375797 1 0.998899631544053 0.998899631544053
0.283566878980892 1 0.99890008515397 0.99890008515397
0.283949044585988 1 0.998900537542792 0.998900537542792
0.284331210191083 1 0.998900988715452 0.998900988715452
0.284713375796179 1 0.998901633409517 0.998901633409517
0.285095541401274 1 0.998901887693009 0.998901887693009
0.28547770700637 1 0.998902335246436 0.998902335246436
0.285859872611465 1 0.998902976335008 0.998902976335008
0.286242038216561 1 0.998903032295966 0.998903032295966
0.286624203821656 1 0.998903670745656 0.998903670745656
0.287006369426752 1 0.99890391880951 0.99890391880951
0.287388535031847 1 0.998904554899879 0.998904554899879
0.287770700636943 1 0.998904800613882 0.998904800613882
0.288152866242039 1 0.998905629094541 0.998905629094541
0.288535031847134 1 0.99890587273492 0.99890587273492
0.28891719745223 1 0.998906699150117 0.998906699150117
0.289299363057325 1 0.998906551272423 0.998906551272423
0.289681528662421 1 0.998907375125423 0.998907375125423
0.290063694267516 1 0.998907808885788 0.998907808885788
0.290445859872612 1 0.998907852044955 0.998907852044955
0.290828025477707 1 0.998908672475258 0.998908672475258
0.291210191082803 1 0.998908908095717 0.998908908095717
0.291592356687898 1 0.998909337062963 0.998909337062963
0.291974522292994 1 0.998909764907187 0.998909764907187
0.292356687898089 1 0.998910191632739 0.998910191632739
0.292738853503185 1 0.998910617244322 0.998910617244322
0.29312101910828 1 0.998911041746024 0.998911041746024
0.293503184713376 1 0.99891165987075 0.99891165987075
0.293885350318471 1 0.998911692961971 0.998911692961971
0.294267515923567 1 0.998912698091929 0.998912698091929
0.294649681528662 1 0.998912729245892 0.998912729245892
0.295031847133758 1 0.998912953534575 0.998912953534575
0.295414012738853 1 0.998913760670886 0.998913760670886
0.295796178343949 1 0.998913983047469 0.998913983047469
0.296178343949044 1 0.998914398824185 0.998914398824185
0.29656050955414 1 0.998914813529446 0.998914813529446
0.296942675159235 1 0.998915032440029 0.998915032440029
0.297324840764331 1 0.998916028945275 0.998916028945275
0.297707006369426 1 0.998916246233246 0.998916246233246
0.298089171974522 1 0.998916462215685 0.998916462215685
0.298471337579618 1 0.998917066350314 0.998917066350314
0.298853503184713 1 0.99891708550757 0.99891708550757
0.299235668789809 1 0.998917687303125 0.998917687303125
0.299617834394904 1 0.998918288308053 0.998918288308053
0.299968152866242 1 1.0187175666163 1.0187175666163
0.300254777070063 1 0.999278606089185 0.999278606089185
0.300509554140127 1 0.999278706424113 0.999278706424113
0.300764331210191 1 0.999279681555727 0.999279681555727
0.301019108280254 1 0.9992780279114 0.9992780279114
0.301273885350318 1 0.999279437785204 0.999279437785204
0.301528662420382 1 0.999280409456981 0.999280409456981
0.301783439490446 1 0.999280504519115 0.999280504519115
0.302038216560509 1 0.999279284196156 0.999279284196156
0.302292993630573 1 0.999281565811638 0.999281565811638
0.302547770700637 1 0.999280343700485 0.999280343700485
0.3028025477707 1 0.999279995301877 0.999279995301877
0.303057324840764 1 0.999280959395115 0.999280959395115
0.303312101910828 1 0.999281484934075 0.999281484934075
0.303566878980892 1 0.999281133514923 0.999281133514923
0.303821656050955 1 0.999280342444419 0.999280342444419
0.304076433121019 1 0.999282177623447 0.999282177623447
0.304331210191083 1 0.999282260878969 0.999282260878969
0.304585987261146 1 0.999280590747072 0.999280590747072
0.30484076433121 1 0.999281984177874 0.999281984177874
0.305095541401274 1 0.999282501401339 0.999282501401339
0.305350318471338 1 0.999282141687866 0.999282141687866
0.305605095541401 1 0.999282218420784 0.999282218420784
0.305859872611465 1 0.999283608041281 0.999283608041281
0.306114649681529 1 0.999282807353217 0.999282807353217
0.306369426751593 1 0.999282880792205 0.999282880792205
0.306624203821656 1 0.999283391053894 0.999283391053894
0.30687898089172 1 0.999283900468235 0.999283900468235
0.307133757961784 1 0.999282656894297 0.999282656894297
0.307388535031847 1 0.999283601205043 0.999283601205043
0.307643312101911 1 0.999284545039639 0.999284545039639
0.307898089171975 1 0.999284174293029 0.999284174293029
0.308152866242039 1 0.999283801987489 0.999283801987489
0.308407643312102 1 0.999284742231869 0.999284742231869
0.308662420382166 1 0.999284367903669 0.999284367903669
0.30891719745223 1 0.99928486809564 0.99928486809564
0.309171974522293 1 0.999284053359499 0.999284053359499
0.309426751592357 1 0.99928630296146 0.99928630296146
0.309681528662421 1 0.99928417284159 0.99928417284159
0.309936305732485 1 0.999285544018245 0.999285544018245
0.310191082802548 1 0.999286039032315 0.999286039032315
0.310445859872612 1 0.999286095199934 0.999286095199934
0.310700636942676 1 0.999284836097235 0.999284836097235
0.310955414012739 1 0.999287079021284 0.999287079021284
0.311210191082803 1 0.999286694373933 0.999286694373933
0.311464968152867 1 0.999285870173518 0.999285870173518
0.311719745222931 1 0.999285920165907 0.999285920165907
0.311974522292994 1 0.999288159168752 0.999288159168752
0.312229299363058 1 0.999286894542372 0.999286894542372
0.312484076433122 1 0.999285627694137 0.999285627694137
0.312738853503185 1 0.999288300922596 0.999288300922596
0.312993630573249 1 0.999287908918324 0.999287908918324
0.313248407643313 1 0.999286639350542 0.999286639350542
0.313503184713377 1 0.999287557736732 0.999287557736732
0.31375796178344 1 0.999288475698153 0.999288475698153
0.314012738853504 1 0.999287641108363 0.999287641108363
0.314267515923568 1 0.999288118772189 0.999288118772189
0.314522292993631 1 0.999289471725234 0.999289471725234
0.314777070063695 1 0.999288634457456 0.999288634457456
0.315031847133759 1 0.9992882333883 0.9992882333883
0.315286624203823 1 0.999290897062077 0.999290897062077
0.315541401273886 1 0.999288305365944 0.999288305365944
0.31579617834395 1 0.999289214679884 0.999289214679884
0.316050955414014 1 0.999288809494722 0.999288809494722
0.316305732484077 1 0.999290154968272 0.999290154968272
0.316560509554141 1 0.999289748268958 0.999289748268958
0.316815286624205 1 0.999289778141246 0.999289778141246
0.317070063694269 1 0.999290244940231 0.999290244940231
0.317324840764332 1 0.999290272959583 0.999290272959583
0.317579617834396 1 0.999289861850431 0.999289861850431
0.31783439490446 1 0.999290325353755 0.999290325353755
0.318089171974523 1 0.999291226144217 0.999291226144217
0.318343949044587 1 0.999290812455796 0.999290812455796
0.318598726114651 1 0.999290835357506 0.999290835357506
0.318853503184715 1 0.999291733231199 0.999291733231199
0.319108280254778 1 0.999291316633032 0.999291316633032
0.319363057324842 1 0.999290460574793 0.999290460574793
0.319617834394906 1 0.999292668941153 0.999292668941153
0.319872611464969 1 0.999291811774589 0.999291811774589
0.320127388535033 1 0.999291390864503 0.999291390864503
0.320382165605097 1 0.999291844591366 0.999291844591366
0.320636942675161 1 0.999292735625239 0.999292735625239
0.320891719745224 1 0.999293188259203 0.999293188259203
0.321146496815288 1 0.999291888063379 0.999291888063379
0.321401273885352 1 0.999293213930363 0.999293213930363
0.321656050955415 1 0.999293225694954 0.999293225694954
0.321910828025479 1 0.999291922318983 0.999291922318983
0.322165605095543 1 0.999293683040529 0.999293683040529
0.322420382165607 1 0.999294130011867 0.999294130011867
0.32267515923567 1 0.999292386141997 0.999292386141997
0.322929936305734 1 0.999293706030619 0.999293706030619
0.323184713375798 1 0.999294587882482 0.999294587882482
0.323439490445862 1 0.999294155299733 0.999294155299733
0.323694267515925 1 0.999293283303731 0.999293283303731
0.323949044585989 1 0.999295037738269 0.999295037738269
0.324203821656053 1 0.999294602381027 0.999294602381027
0.324458598726116 1 0.999294165644501 0.999294165644501
0.32471337579618 1 0.999294165558078 0.999294165558078
0.324968152866244 1 0.999295916545216 0.999295916545216
0.325222929936308 1 0.999294601696201 0.999294601696201
0.325477707006371 1 0.999295036894932 0.999295036894932
0.325732484076435 1 0.999295909438387 0.999295909438387
0.325987261146499 1 0.99929634361928 0.99929634361928
0.326242038216562 1 0.999295025021278 0.999295025021278
0.326496815286626 1 0.999296332531382 0.999296332531382
0.32675159235669 1 0.99929676400104 0.99929676400104
0.327006369426754 1 0.999295442699377 0.999295442699377
0.327261146496817 1 0.999296309487604 0.999296309487604
0.327515923566881 1 0.999297613973684 0.999297613973684
0.327770700636945 1 0.999295852303203 0.999295852303203
0.328025477707008 1 0.999296278389354 0.999296278389354
0.328280254777072 1 0.99929757986235 0.99929757986235
0.328535031847136 1 0.999297129258117 0.999297129258117
0.3287898089172 1 0.999296677316565 0.999296677316565
0.329044585987263 1 0.999297538111769 0.999297538111769
0.329299363057327 1 0.999297960567787 0.999297960567787
0.329554140127391 1 0.999297944347075 0.999297944347075
0.329808917197454 1 0.999297051090143 0.999297051090143
0.330063694267518 1 0.999298346286338 0.999298346286338
0.330318471337582 1 0.99929832744161 0.99929832744161
0.330573248407646 1 0.999296993544851 0.999296993544851
0.330828025477709 1 0.99929872381571 0.99929872381571
0.331082802547773 1 0.999299140388134 0.999299140388134
0.331337579617837 1 0.999298242252227 0.999298242252227
0.3315923566879 1 0.999298656535979 0.999298656535979
0.331847133757964 1 0.999299508205874 0.999299508205874
0.332101910828028 1 0.999299483532362 0.999299483532362
0.332356687898092 1 0.999298581845769 0.999298581845769
0.332611464968155 1 0.9992998686314 0.9992998686314
0.332866242038219 1 0.999299403371042 0.999299403371042
0.333121019108283 1 0.999299812856282 0.999299812856282
0.333375796178346 1 0.999299345672701 0.999299345672701
0.33363057324841 1 0.99930062928197 0.99930062928197
0.333885350318474 1 0.999300160851855 0.999300160851855
0.334140127388538 1 0.999300129154145 0.999300129154145
0.334394904458601 1 0.999300534524844 0.999300534524844
0.334649681528665 1 0.999300939278388 0.999300939278388
0.334904458598729 1 0.999300029353785 0.999300029353785
0.335159235668792 1 0.999301307920164 0.999301307920164
0.335414012738856 1 0.999301272478233 0.999301272478233
0.33566878980892 1 0.999300360052278 0.999300360052278
0.335923566878984 1 0.999301636122875 0.999301636122875
0.336178343949047 1 0.999301598189876 0.999301598189876
0.336433121019111 1 0.999302873379629 0.999302873379629
0.336687898089175 1 0.999300644468553 0.999300644468553
0.336942675159238 1 0.999303231185812 0.999303231185812
0.337197452229302 1 0.999301876780193 0.999301876780193
0.337452229299366 1 0.999301834511145 0.999301834511145
0.33770700636943 1 0.999302229334324 0.999302229334324
0.337961783439493 1 0.999303499600614 0.999303499600614
0.338216560509557 1 0.99930214181753 0.99930214181753
0.338471337579621 1 0.999302534199465 0.999302534199465
0.338726114649684 1 0.99930292599105 0.99930292599105
0.338980891719748 1 0.999303317193776 0.999303317193776
0.339235668789812 1 0.999302393752954 0.999302393752954
0.339490445859876 1 0.999303220814856 0.999303220814856
0.339745222929939 1 0.99930404762137 0.99930404762137
0.340000000000003 1 0.999303122099992 0.999303122099992
0.340254777070067 1 0.999304385104634 0.999304385104634
0.340509554140131 1 0.999303896112838 0.999303896112838
0.340764331210194 1 0.999304281923882 0.999304281923882
0.341019108280258 1 0.999303353105167 0.999303353105167
0.341273885350322 1 0.999304174801823 0.999304174801823
0.341528662420385 1 0.999304996252509 0.999304996252509
0.341783439490449 1 0.999304065388042 0.999304065388042
0.342038216560513 1 0.999304447026896 0.999304447026896
0.342292993630577 1 0.999305704131924 0.999305704131924
0.34254777070064 1 0.999304771235711 0.999304771235711
0.342802547770704 1 0.999304712831294 0.999304712831294
0.343057324840768 1 0.99930596758837 0.99930596758837
0.343312101910831 1 0.99930547036614 0.99930547036614
0.343566878980895 1 0.999304533916625 0.999304533916625
0.343821656050959 1 0.999305786016897 0.999305786016897
0.344076433121023 1 0.999306600191964 0.999306600191964
0.344331210191086 1 0.999305662069372 0.999305662069372
0.34458598726115 1 0.999305598452441 0.999305598452441
0.344840764331214 1 0.999306848006939 0.999306848006939
0.345095541401277 1 0.999306783608389 0.999306783608389
0.345350318471341 1 0.999305404288752 0.999305404288752
0.345605095541405 1 0.999306651222904 0.999306651222904
0.345859872611469 1 0.99930746023967 0.99930746023967
0.346114649681532 1 0.999306954986339 0.999306954986339
0.346369426751596 1 0.9993077625895 0.9993077625895
0.34662420382166 1 0.999307693940795 0.999307693940795
0.346878980891723 1 0.999307186413147 0.999307186413147
0.347133757961787 1 0.99930667770225 0.99930667770225
0.347388535031851 1 0.999308357884663 0.999308357884663
0.347643312101915 1 0.999307848419166 0.999307848419166
0.347898089171978 1 0.999306899761333 0.999306899761333
0.348152866242042 1 0.999308139680283 0.999308139680283
0.348407643312106 1 0.999308503678279 0.999308503678279
0.348662420382169 1 0.99930799111604 0.99930799111604
0.348917197452233 1 0.999308353412144 0.999308353412144
0.349171974522297 1 0.999308715179464 0.999308715179464
0.349426751592361 1 0.999309076419311 0.999309076419311
0.349681528662424 1 0.99930812309164 0.99930812309164
0.349936305732488 1 0.999308482323752 0.999308482323752
0.350191082802552 1 0.999310155073658 0.999310155073658
0.350445859872615 1 0.999308762162678 0.999308762162678
0.350700636942679 1 0.999309119511485 0.999309119511485
0.350955414012743 1 0.999309914354583 0.999309914354583
0.351210191082807 1 0.999309832971272 0.999309832971272
0.35146496815287 1 0.999309312740927 0.999309312740927
0.351719745222934 1 0.999309667386808 0.999309667386808
0.351974522292998 1 0.999310021519189 0.999310021519189
0.352229299363061 1 0.999309937126788 0.999309937126788
0.352484076433125 1 0.999309851906935 0.999309851906935
0.352738853503189 1 0.999311079898322 0.999311079898322
0.352993630573253 1 0.999310117952257 0.999310117952257
0.353248407643316 1 0.999310906599907 0.999310906599907
0.35350318471338 1 0.99931081903359 0.99931081903359
0.353757961783444 1 0.999310730647374 0.999310730647374
0.354012738853507 1 0.999311079454708 0.999311079454708
0.354267515923571 1 0.999311427760341 0.999311427760341
0.354522292993635 1 0.999312213577038 0.999312213577038
0.354777070063699 1 0.999310809151171 0.999310809151171
0.355031847133762 1 0.99931159302696 0.99931159302696
0.355286624203826 1 0.999312376720623 0.999312376720623
0.35554140127389 1 0.999311408187932 0.999311408187932
0.355796178343953 1 0.999311752253392 0.999311752253392
0.356050955414017 1 0.999312095826604 0.999312095826604
0.356305732484081 1 0.999312438908318 0.999312438908318
0.356560509554145 1 0.999311467467851 0.999311467467851
0.356815286624208 1 0.999312246643113 0.999312246643113
0.357070063694272 1 0.999313463653967 0.999313463653967
0.357324840764336 1 0.999312052740736 0.999312052740736
0.3575796178344 1 0.999312830145464 0.999312830145464
0.357834394904463 1 0.999313607378272 0.999313607378272
0.358089171974527 1 0.999313070409795 0.999313070409795
0.358343949044591 1 0.999312532337176 0.999312532337176
0.358598726114654 1 0.999312869181947 0.999312869181947
0.358853503184718 1 0.999314519577305 0.999314519577305
0.359108280254782 1 0.999312666350645 0.999312666350645
0.359363057324846 1 0.999314315170497 0.999314315170497
0.359617834394909 1 0.999314212408728 0.999314212408728
0.359872611464973 1 0.999313670853468 0.999313670853468
0.360127388535037 1 0.999313566214803 0.999313566214803
0.3603821656051 1 0.999314336813389 0.999314336813389
0.360636942675164 1 0.99931466924245 0.99931466924245
0.360891719745228 1 0.999314125184488 0.999314125184488
0.361146496815292 1 0.999314018049448 0.999314018049448
0.361401273885355 1 0.999315662173728 0.999315662173728
0.361656050955419 1 0.999314240698504 0.999314240698504
0.361910828025483 1 0.999315883583999 0.999315883583999
0.362165605095546 1 0.999315774897532 0.999315774897532
0.36242038216561 1 0.999314789424106 0.999314789424106
0.362675159235674 1 0.999314678582933 0.999314678582933
0.362929936305738 1 0.999315442991179 0.999315442991179
0.363184713375801 1 0.999316645256048 0.999316645256048
0.363439490445865 1 0.999314781623279 0.999314781623279
0.363694267515929 1 0.999315982053713 0.999315982053713
0.363949044585992 1 0.999316306627482 0.999316306627482
0.364203821656056 1 0.999316192739796 0.999316192739796
0.36445859872612 1 0.999315202078754 0.999315202078754
0.364713375796184 1 0.999317276098742 0.999317276098742
0.364968152866247 1 0.999315846834746 0.999315846834746
0.365222929936311 1 0.999316167927336 0.999316167927336
0.365477707006375 1 0.999316488572106 0.999316488572106
0.365732484076438 1 0.999317246776846 0.999317246776846
0.365987261146502 1 0.999317128827324 0.999317128827324
0.366242038216566 1 0.999317010127975 0.999317010127975
0.36649681528663 1 0.999317328686899 0.999317328686899
0.366751592356693 1 0.999316770790809 0.999316770790809
0.367006369426757 1 0.999317087857753 0.999317087857753
0.367261146496821 1 0.999317404484784 0.999317404484784
0.367515923566884 1 0.999318596684899 0.999318596684899
0.367770700636948 1 0.999316723011986 0.999316723011986
0.368025477707012 1 0.999318351432569 0.999318351432569
0.368280254777076 1 0.999318228303779 0.999318228303779
0.368535031847139 1 0.999318542442535 0.999318542442535
0.368789808917203 1 0.999317980136364 0.999317980136364
0.369044585987267 1 0.99931960681974 0.99931960681974
0.36929936305733 1 0.999317729935278 0.999317729935278
0.369554140127394 1 0.999318479141689 0.999318479141689
0.369808917197458 1 0.99931835221055 0.99931835221055
0.370063694267522 1 0.999319100559685 0.999319100559685
0.370318471337585 1 0.999318972773335 0.999318972773335
0.370573248407649 1 0.999318844259447 0.999318844259447
0.370828025477713 1 0.9993200290335 0.9993200290335
0.371082802547776 1 0.999319023962008 0.999319023962008
0.37133757961784 1 0.99931889357462 0.99931889357462
0.371592356687904 1 0.999319638474006 0.999319638474006
0.371847133757968 1 0.999319945248588 0.999319945248588
0.372101910828031 1 0.999319375594736 0.999319375594736
0.372356687898095 1 0.999319680930864 0.999319680930864
0.372611464968159 1 0.999320423853476 0.999320423853476
0.372866242038222 1 0.999320290650644 0.999320290650644
0.373121019108286 1 0.999319718729099 0.999319718729099
0.37337579617835 1 0.999320897809904 0.999320897809904
0.373630573248414 1 0.999319887056555 0.999319887056555
0.373885350318477 1 0.99932062700894 0.99932062700894
0.374140127388541 1 0.999320490841638 0.999320490841638
0.374394904458605 1 0.999321667975166 0.999321667975166
0.374649681528669 1 0.999319779272856 0.999319779272856
0.374904458598732 1 0.999321392697904 0.999321392697904
0.375159235668796 1 0.999321254596233 0.999321254596233
0.37541401273886 1 0.999322429799017 0.999322429799017
0.375668789808923 1 0.999320539170616 0.999320539170616
0.375923566878987 1 0.999322150674243 0.999322150674243
0.376178343949051 1 0.999322010654197 0.999322010654197
0.376433121019115 1 0.999320993929755 0.999320993929755
0.376687898089178 1 0.999321727924415 0.999321727924415
0.376942675159242 1 0.999322461814843 0.999322461814843
0.377197452229306 1 0.999322319596817 0.999322319596817
0.377452229299369 1 0.999321738682168 0.999321738682168
0.377707006369433 1 0.999322470784883 0.999322470784883
0.377961783439497 1 0.999322326782364 0.999322326782364
0.378216560509561 1 0.999322182089145 0.999322182089145
0.378471337579624 1 0.999322474707907 0.999322474707907
0.378726114649688 1 0.999323204934441 0.999323204934441
0.378980891719752 1 0.999323059059619 0.999323059059619
0.379235668789815 1 0.999322474496905 0.999322474496905
0.379490445859879 1 0.999323202958872 0.999323202958872
0.379745222929943 1 0.99932349332372 0.99932349332372
0.380000000000007 1 0.999322469296124 0.999322469296124
0.38025477707007 1 0.999324072005725 0.999324072005725
0.380509554140134 1 0.999323923204646 0.999323923204646
0.380764331210198 1 0.999323773723624 0.999323773723624
0.381019108280261 1 0.999324061564897 0.999324061564897
0.381273885350325 1 0.999324349021341 0.999324349021341
0.381528662420389 1 0.999323760093086 0.999323760093086
0.381783439490453 1 0.999324046198416 0.999324046198416
0.382038216560516 1 0.9993247699222 0.9993247699222
0.38229299363058 1 0.999324179556457 0.999324179556457
0.382547770700644 1 0.99932402622756 0.99932402622756
0.382802547770707 1 0.999324310228273 0.999324310228273
0.383057324840771 1 0.99932503185101 0.99932503185101
0.383312101910835 1 0.999324877388267 0.999324877388267
0.383566878980899 1 0.999324284258456 0.999324284258456
0.383821656050962 1 0.99932544217043 0.99932544217043
0.384076433121026 1 0.999324848291073 0.999324848291073
0.38433121019109 1 0.999325129456198 0.999325129456198
0.384585987261153 1 0.999324972249707 0.999324972249707
0.384840764331217 1 0.999326128379007 0.999326128379007
0.385095541401281 1 0.999325094721431 0.999325094721431
0.385350318471345 1 0.999325373822229 0.999325373822229
0.385605095541408 1 0.999326090552918 0.999326090552918
0.385859872611472 1 0.999325931207078 0.999325931207078
0.386114649681536 1 0.999325771204633 0.999325771204633
0.386369426751599 1 0.999326486544145 0.999326486544145
0.386624203821663 1 0.999326325809688 0.999326325809688
0.386878980891727 1 0.999325726423383 0.999325726423383
0.387133757961791 1 0.999327316088441 0.999327316088441
0.387388535031854 1 0.999326716263463 0.999326716263463
0.387643312101918 1 0.999326553498229 0.999326553498229
0.387898089171982 1 0.999326390084181 0.999326390084181
0.388152866242045 1 0.999327102018112 0.999327102018112
0.388407643312109 1 0.999327375881884 0.999327375881884
0.388662420382173 1 0.999326335393622 0.999326335393622
0.388917197452237 1 0.999327045677394 0.999327045677394
0.3891719745223 1 0.999327755891115 0.999327755891115
0.389426751592364 1 0.999326714045351 0.999326714045351
0.389681528662428 1 0.999327422974662 0.999327422974662
0.389936305732491 1 0.999328569833208 0.999328569833208
0.390191082802555 1 0.999327526923581 0.999327526923581
0.390445859872619 1 0.999327358797706 0.999327358797706
0.390700636942683 1 0.999328504025544 0.999328504025544
0.390955414012746 1 0.999327897485174 0.999327897485174
0.39121019108281 1 0.999328166017451 0.999328166017451
0.391464968152874 1 0.999328434200329 0.999328434200329
0.391719745222938 1 0.999328702034212 0.999328702034212
0.391974522293001 1 0.999328531523562 0.999328531523562
0.392229299363065 1 0.999327922384645 0.999327922384645
0.392484076433129 1 0.999329064316434 0.999329064316434
0.392738853503192 1 0.999328454486165 0.999328454486165
0.392993630573256 1 0.999328719735555 0.999328719735555
0.39324840764332 1 0.999329422637282 0.999329422637282
0.393503184713384 1 0.999328811491594 0.999328811491594
0.393757961783447 1 0.999328637432636 0.999328637432636
0.394012738853511 1 0.999329776736821 0.999329776736821
0.394267515923575 1 0.999329602279073 0.999329602279073
0.394522292993638 1 0.999329865193947 0.999329865193947
0.394777070063702 1 0.999328813783146 0.999328813783146
0.395031847133766 1 0.999330389159239 0.999330389159239
0.39528662420383 1 0.999329337072789 0.999329337072789
0.395541401273893 1 0.999329159793688 0.999329159793688
0.395796178343957 1 0.999330295882635 0.999330295882635
0.396050955414021 1 0.999330556209991 0.999330556209991
0.396305732484084 1 0.999330816202491 0.999330816202491
0.396560509554148 1 0.999329323881515 0.999329323881515
0.396815286624212 1 0.999331772056307 0.999331772056307
0.397070063694276 1 0.999330717346083 0.999330717346083
0.397324840764339 1 0.999329661461729 0.999329661461729
0.397579617834403 1 0.999331232372172 0.999331232372172
0.397834394904467 1 0.999331051816616 0.999331051816616
0.39808917197453 1 0.999329994663005 0.999329994663005
0.398343949044594 1 0.999331564306449 0.999331564306449
0.398598726114658 1 0.999331820479875 0.999331820479875
0.398853503184722 1 0.999330762343765 0.999330762343765
0.399108280254785 1 0.999331017024868 0.999331017024868
0.399363057324849 1 0.999332147368884 0.999332147368884
0.399617834394913 1 0.999331087977512 0.999331087977512
0.399872611464976 1 0.999330903412829 0.999330903412829
0.40012738853504 1 0.999332032227443 0.999332032227443
0.400382165605104 1 0.999332723283671 0.999332723283671
0.400636942675168 1 0.999332100316184 0.999332100316184
0.400891719745231 1 0.999331476470778 0.999331476470778
0.401146496815295 1 0.999333041715613 0.999333041715613
0.401401273885359 1 0.999331979515632 0.999331979515632
0.401656050955422 1 0.99933223014275 0.99933223014275
0.401910828025486 1 0.999332042459273 0.999332042459273
0.40216560509555 1 0.999333168159972 0.999333168159972
0.402420382165614 1 0.999332542127471 0.999332542127471
0.402675159235677 1 0.999332353217534 0.999332353217534
0.402929936305741 1 0.999333915686426 0.999333915686426
0.403184713375805 1 0.999332412723155 0.999332412723155
0.403439490445868 1 0.999332222317263 0.999332222317263
0.403694267515932 1 0.999334221284659 0.999334221284659
0.403949044585996 1 0.999333155098352 0.999333155098352
0.40420382165606 1 0.999333401748805 0.999333401748805
0.404458598726123 1 0.99933364808865 0.99933364808865
0.404713375796187 1 0.999333894118208 0.999333894118208
0.404968152866251 1 0.999334139838331 0.999334139838331
0.405222929936314 1 0.999332633281959 0.999332633281959
0.405477707006378 1 0.999334629251455 0.999334629251455
0.405732484076442 1 0.999333998063718 0.999333998063718
0.405987261146506 1 0.9993333660194 0.9993333660194
0.406242038216569 1 0.999334047094875 0.999334047094875
0.406496815286633 1 0.999334728139763 0.999334728139763
0.406751592356697 1 0.999334095180275 0.999334095180275
0.40700636942676 1 0.999333899360076 0.999333899360076
0.407261146496824 1 0.999335016936466 0.999335016936466
0.407515923566888 1 0.999334820784841 0.999334820784841
0.407770700636952 1 0.999334186066491 0.999334186066491
0.408025477707015 1 0.999335740454874 0.999335740454874
0.408280254777079 1 0.999335105408457 0.999335105408457
0.408535031847143 1 0.99933490750634 0.99933490750634
0.408789808917207 1 0.99933514702301 0.99933514702301
0.40904458598727 1 0.999335824231734 0.999335824231734
0.409299363057334 1 0.999335187443607 0.999335187443607
0.409554140127398 1 0.999334987803981 0.999334987803981
0.409808917197461 1 0.999336101566725 0.999336101566725
0.410063694267525 1 0.999335463617002 0.999335463617002
0.410318471337589 1 0.99933526281827 0.99933526281827
0.410573248407653 1 0.99933549944381 0.99933549944381
0.410828025477716 1 0.999336173765695 0.999336173765695
0.41108280254778 1 0.999335534096192 0.999335534096192
0.411337579617844 1 0.999336207561414 0.999336207561414
0.411592356687907 1 0.999336443016134 0.999336443016134
0.411847133757971 1 0.999337116169303 0.999337116169303
0.412101910828035 1 0.999335599354364 0.999335599354364
0.412356687898099 1 0.99933714709364 0.99933714709364
0.412611464968162 1 0.999336943397427 0.999336943397427
0.412866242038226 1 0.999335863163298 0.999335863163298
0.41312101910829 1 0.999337409766692 0.999337409766692
0.413375796178353 1 0.999336766946638 0.999336766946638
0.413630573248417 1 0.999336999278385 0.999336999278385
0.413885350318481 1 0.999336355346301 0.999336355346301
0.414140127388545 1 0.99933790053458 0.99933790053458
0.414394904458608 1 0.999336818312992 0.999336818312992
0.414649681528672 1 0.999337486954737 0.999337486954737
0.414904458598736 1 0.99933684161615 0.99933684161615
0.415159235668799 1 0.999338385400023 0.999338385400023
0.415414012738863 1 0.999337301776317 0.999337301776317
0.415668789808927 1 0.999338407007668 0.999338407007668
0.415923566878991 1 0.999338198529208 0.999338198529208
0.416178343949054 1 0.999337551513773 0.999337551513773
0.416433121019118 1 0.999337341670748 0.999337341670748
0.416687898089182 1 0.999338883233535 0.999338883233535
0.416942675159245 1 0.999338235380338 0.999338235380338
0.417197452229309 1 0.99933758671406 0.99933758671406
0.417452229299373 1 0.999338251199757 0.999338251199757
0.417707006369437 1 0.999338477688195 0.999338477688195
0.4179617834395 1 0.99933914188829 0.99933914188829
0.418216560509564 1 0.999338054128946 0.999338054128946
0.418471337579628 1 0.999340031207322 0.999340031207322
0.418726114649691 1 0.999338943165043 0.999338943165043
0.418980891719755 1 0.999338292036925 0.999338292036925
0.419235668789819 1 0.999338954065521 0.999338954065521
0.419490445859883 1 0.999339178100449 0.999339178100449
0.419745222929946 1 0.999338963876456 0.999338963876456
0.42000000000001 1 0.999339187102414 0.999339187102414
0.420254777070074 1 0.999340286031554 0.999340286031554
0.420509554140137 1 0.999338757299864 0.999338757299864
0.420764331210201 1 0.999339417171669 0.999339417171669
0.421019108280265 1 0.999339639053182 0.999339639053182
0.421273885350329 1 0.999339860666188 0.999339860666188
0.421528662420392 1 0.999340082011431 0.999340082011431
0.421783439490456 1 0.99934030308914 0.99934030308914
0.42203821656052 1 0.999340085913568 0.999340085913568
0.422292993630583 1 0.99934074418024 0.99934074418024
0.422547770700647 1 0.99933921251399 0.99933921251399
0.422802547770711 1 0.999341183416608 0.999341183416608
0.423057324840775 1 0.999340089207198 0.999340089207198
0.423312101910838 1 0.999339869915211 0.999339869915211
0.423566878980902 1 0.999340526068558 0.999340526068558
0.423821656050966 1 0.99934118222266 0.99934118222266
0.424076433121029 1 0.999340962406194 0.999340962406194
0.424331210191093 1 0.999340742064875 0.999340742064875
0.424585987261157 1 0.999341835156604 0.999341835156604
0.424840764331221 1 0.999340738585198 0.999340738585198
0.425095541401284 1 0.999340516937364 0.999340516937364
0.425350318471348 1 0.999341170738789 0.999341170738789
0.425605095541412 1 0.999341824543909 0.999341824543909
0.425859872611476 1 0.999340726411768 0.999340726411768
0.426114649681539 1 0.9993418171621 0.9993418171621
0.426369426751603 1 0.999341594223791 0.999341594223791
0.426624203821667 1 0.999341808752117 0.999341808752117
0.42687898089173 1 0.999341585039633 0.999341585039633
0.427133757961794 1 0.999342674764737 0.999342674764737
0.427388535031858 1 0.999341574833311 0.999341574833311
0.427643312101922 1 0.99934178781851 0.99934178781851
0.427898089171985 1 0.999342000550079 0.999342000550079
0.428152866242049 1 0.999342651013072 0.999342651013072
0.428407643312113 1 0.999341987530267 0.999341987530267
0.428662420382176 1 0.99934219924347 0.99934219924347
0.42891719745224 1 0.99934284868927 0.99934284868927
0.429171974522304 1 0.999343060159744 0.999343060159744
0.429426751592368 1 0.999341957426905 0.999341957426905
0.429681528662431 1 0.999343481569355 0.999343481569355
0.429936305732495 1 0.999342816320851 0.999342816320851
0.430191082802559 1 0.999342588288284 0.999342588288284
0.430445859872622 1 0.999342797732077 0.999342797732077
0.430700636942686 1 0.999343444911656 0.999343444911656
0.43095541401275 1 0.999342778151839 0.999342778151839
0.431210191082814 1 0.999342986594677 0.999342986594677
0.431464968152877 1 0.999344070758417 0.999344070758417
0.431719745222941 1 0.999343403259204 0.999343403259204
0.431974522293005 1 0.999343172981345 0.999343172981345
0.432229299363068 1 0.999343818167043 0.999343818167043
0.432484076433132 1 0.999344025383236 0.999344025383236
0.432738853503196 1 0.999343356389371 0.999343356389371
0.43299363057326 1 0.99934400058589 0.99934400058589
0.433248407643323 1 0.999344206814395 0.999344206814395
0.433503184713387 1 0.999343974817502 0.999343974817502
0.433757961783451 1 0.999344180304511 0.999344180304511
0.434012738853514 1 0.999344385550142 0.999344385550142
0.434267515923578 1 0.999345028537708 0.999345028537708
0.434522292993642 1 0.999343481628511 0.999343481628511
0.434777070063706 1 0.999344561348237 0.999344561348237
0.435031847133769 1 0.999344765377164 0.999344765377164
0.435286624203833 1 0.999344531184789 0.999344531184789
0.435541401273897 1 0.999344296498139 0.999344296498139
0.43579617834396 1 0.999345375264392 0.999345375264392
0.436050955414024 1 0.999345140358807 0.999345140358807
0.436305732484088 1 0.999344466978357 0.999344466978357
0.436560509554152 1 0.999345106796701 0.999345106796701
0.436815286624215 1 0.999345746634707 0.999345746634707
0.437070063694279 1 0.999345072547148 0.999345072547148
0.437324840764343 1 0.999345273677853 0.999345273677853
0.437579617834406 1 0.999345474574345 0.999345474574345
0.43783439490447 1 0.999346113218747 0.999346113218747
0.438089171974534 1 0.999344999958051 0.999344999958051
0.438343949044598 1 0.999345637626935 0.999345637626935
0.438598726114661 1 0.999346713299268 0.999346713299268
0.438853503184725 1 0.99934472337887 0.99934472337887
0.439108280254789 1 0.999346235806545 0.999346235806545
0.439363057324852 1 0.999346434821969 0.999346434821969
0.439617834394916 1 0.999345757644445 0.999345757644445
0.43987261146498 1 0.999346393672851 0.999346393672851
0.440127388535044 1 0.999346591744233 0.999346591744233
0.440382165605107 1 0.999346351605576 0.999346351605576
0.440636942675171 1 0.999346548966018 0.999346548966018
0.440891719745235 1 0.999345870136823 0.999345870136823
0.441146496815298 1 0.999347380477767 0.999347380477767
0.441401273885362 1 0.999345825485681 0.999345825485681
0.441656050955426 1 0.999346897139695 0.999346897139695
0.44191082802549 1 0.999347093111691 0.999347093111691
0.442165605095553 1 0.999347288857971 0.999347288857971
0.442420382165617 1 0.999346170437865 0.999346170437865
0.442675159235681 1 0.999347678918442 0.999347678918442
0.442929936305745 1 0.999347436009727 0.999347436009727
0.443184713375808 1 0.999347192625282 0.999347192625282
0.443439490445872 1 0.999346510785701 0.999346510785701
0.443694267515936 1 0.999348456100082 0.999348456100082
0.443949044585999 1 0.999347336338293 0.999347336338293
0.444203821656063 1 0.999347529539957 0.999347529539957
0.444458598726127 1 0.999348160499939 0.999348160499939
0.444713375796191 1 0.999347477550522 0.999347477550522
0.444968152866254 1 0.99934766983818 0.99934766983818
0.445222929936318 1 0.999347423926167 0.999347423926167
0.445477707006382 1 0.999348491482526 0.999348491482526
0.445732484076445 1 0.99934824538199 0.99934824538199
0.445987261146509 1 0.999348436791624 0.999348436791624
0.446242038216573 1 0.999348627982569 0.999348627982569
0.446496815286637 1 0.999348380976323 0.999348380976323
0.4467515923567 1 0.999348133502576 0.999348133502576
0.447006369426764 1 0.999348761520326 0.999348761520326
0.447261146496828 1 0.999349389570724 0.999349389570724
0.447515923566891 1 0.999347827759657 0.999347827759657
0.447770700636955 1 0.999348892608994 0.999348892608994
0.448025477707019 1 0.999349081783691 0.999349081783691
0.448280254777083 1 0.999349270743478 0.999349270743478
0.448535031847146 1 0.999348145552819 0.999348145552819
0.44878980891721 1 0.999350085252072 0.999350085252072
0.449044585987274 1 0.999348959882381 0.999348959882381
0.449299363057337 1 0.999348709511201 0.999348709511201
0.449554140127401 1 0.999349334635789 0.999349334635789
0.449808917197465 1 0.99934995979636 0.99934995979636
0.450063694267529 1 0.99934927105822 0.99934927105822
0.450318471337592 1 0.999349457569305 0.999349457569305
0.450573248407656 1 0.999350081847334 0.999350081847334
0.45082802547772 1 0.999349392228461 0.999349392228461
0.451082802547783 1 0.999349139882496 0.999349139882496
0.451337579617847 1 0.999350201013389 0.999350201013389
0.451592356687911 1 0.999350386473572 0.999350386473572
0.451847133757975 1 0.999349695769448 0.999349695769448
0.452101910828038 1 0.999350318295907 0.999350318295907
0.452356687898102 1 0.999350940860952 0.999350940860952
0.452611464968166 1 0.999350249532342 0.999350249532342
0.452866242038229 1 0.999349557503488 0.999349557503488
0.453121019108293 1 0.99935193061687 0.99935193061687
0.453375796178357 1 0.999349924981535 0.999349924981535
0.453630573248421 1 0.999350107796242 0.999350107796242
0.453885350318484 1 0.999350728382679 0.999350728382679
0.454140127388548 1 0.999351349009847 0.999351349009847
0.454394904458612 1 0.999350217769643 0.999350217769643
0.454649681528675 1 0.999351275473523 0.999351275473523
0.454904458598739 1 0.999351457510256 0.999351457510256
0.455159235668803 1 0.999351201366576 0.999351201366576
0.455414012738867 1 0.999350506797835 0.999350506797835
0.45566878980893 1 0.999352001420049 0.999352001420049
0.455923566878994 1 0.999351306691138 0.999351306691138
0.456178343949058 1 0.999351049247575 0.999351049247575
0.456433121019121 1 0.999351229334479 0.999351229334479
0.456687898089185 1 0.9993518471969 0.9993518471969
0.456942675159249 1 0.999351589150074 0.999351589150074
0.457197452229313 1 0.999351330658971 0.999351330658971
0.457452229299376 1 0.99935238565248 0.99935238565248
0.45770700636944 1 0.999352564981845 0.999352564981845
0.457961783439504 1 0.999350992207589 0.999350992207589
0.458216560509567 1 0.999352484092448 0.999352484092448
0.458471337579631 1 0.999352662581385 0.999352662581385
0.458726114649695 1 0.999351964920596 0.999351964920596
0.458980891719759 1 0.999352580503089 0.999352580503089
0.459235668789822 1 0.999352320180104 0.999352320180104
0.459490445859886 1 0.999352497392933 0.999352497392933
0.45974522292995 1 0.999351798458429 0.999351798458429
0.460000000000014 1 0.999352412769325 0.999352412769325
0.460254777070077 1 0.999353027127241 0.999353027127241
0.460509554140141 1 0.999352327606259 0.999352327606259
0.460764331210205 1 0.999352941331854 0.999352941331854
0.461019108280268 1 0.999353555105155 0.999353555105155
0.461273885350332 1 0.999353292975611 0.999353292975611
0.461528662420396 1 0.999352154460364 0.999352154460364
0.46178343949046 1 0.999354080852012 0.999354080852012
0.462038216560523 1 0.999353380167067 0.999353380167067
0.462292993630587 1 0.99935267880647 0.99935267880647
0.462547770700651 1 0.999353728670714 0.999353728670714
0.462802547770714 1 0.999353464901021 0.999353464901021
0.463057324840778 1 0.999353638673623 0.999353638673623
0.463312101910842 1 0.999352936305819 0.999352936305819
0.463566878980906 1 0.999354423138905 0.999354423138905
0.463821656050969 1 0.999354596579697 0.999354596579697
0.464076433121033 1 0.999352579958228 0.999352579958228
0.464331210191097 1 0.99935450371483 0.99935450371483
0.46458598726116 1 0.999354238371718 0.999354238371718
0.464840764331224 1 0.999353972599397 0.999353972599397
0.465095541401288 1 0.999354144372932 0.999354144372932
0.465350318471352 1 0.99935431595826 0.99935431595826
0.465605095541415 1 0.999354487355923 0.999354487355923
0.465859872611479 1 0.99935378261814 0.99935378261814
0.466114649681543 1 0.999354829110359 0.999354829110359
0.466369426751606 1 0.999354561972871 0.999354561972871
0.46662420382167 1 0.999354294410008 0.999354294410008
0.466878980891734 1 0.999354902369566 0.999354902369566
0.467133757961798 1 0.999355072408895 0.999355072408895
0.467388535031861 1 0.999355242262728 0.999355242262728
0.467643312101925 1 0.999354098011187 0.999354098011187
0.467898089171989 1 0.999355580700329 0.999355580700329
0.468152866242052 1 0.999354874053662 0.999354874053662
0.468407643312116 1 0.999355042693202 0.999355042693202
0.46866242038218 1 0.999355649122716 0.999355649122716
0.468917197452244 1 0.999355379660535 0.999355379660535
0.469171974522307 1 0.999355109777814 0.999355109777814
0.469426751592371 1 0.999355715421042 0.999355715421042
0.469681528662435 1 0.999355007201004 0.999355007201004
0.469936305732498 1 0.99935648818892 0.99935648818892
0.470191082802562 1 0.999354903897502 0.999354903897502
0.470445859872626 1 0.999356384285767 0.999356384285767
0.47070063694269 1 0.999355675341064 0.999355675341064
0.470955414012753 1 0.999355403714707 0.999355403714707
0.471210191082817 1 0.999355569644537 0.999355569644537
0.471464968152881 1 0.999356611339925 0.999356611339925
0.471719745222944 1 0.99935633941178 0.99935633941178
0.471974522293008 1 0.999355629095646 0.999355629095646
0.472229299363072 1 0.999356670017953 0.999356670017953
0.472484076433136 1 0.999356397317543 0.999356397317543
0.472738853503199 1 0.99935568623084 0.99935568623084
0.472993630573263 1 0.999356726383695 0.999356726383695
0.473248407643327 1 0.999356452914645 0.999356452914645
0.47350318471339 1 0.999357054977203 0.999357054977203
0.473757961783454 1 0.999356343182704 0.999356343182704
0.474012738853518 1 0.999356944657037 0.999356944657037
0.474267515923582 1 0.999357108218872 0.999357108218872
0.474522292993645 1 0.9993563956617 0.9993563956617
0.474777070063709 1 0.999356558402743 0.999356558402743
0.475031847133773 1 0.999356282997716 0.999356282997716
0.475286624203836 1 0.999356883126809 0.999356883126809
0.4755414012739 1 0.999356169402249 0.999356169402249
0.475796178343964 1 0.999358082863742 0.999358082863742
0.476050955414028 1 0.999356931289686 0.999356931289686
0.476305732484091 1 0.999357092753498 0.999357092753498
0.476560509554155 1 0.999358129987261 0.999358129987261
0.476815286624219 1 0.999357415631504 0.999357415631504
0.477070063694283 1 0.999357138606968 0.999357138606968
0.477324840764346 1 0.999357737119024 0.999357737119024
0.47757961783441 1 0.999358335693364 0.999358335693364
0.477834394904474 1 0.999357182445952 0.999357182445952
0.478089171974537 1 0.999358218182106 0.999358218182106
0.478343949044601 1 0.999358378272494 0.999358378272494
0.478598726114665 1 0.99935810022181 0.99935810022181
0.478853503184729 1 0.999357821768 0.999357821768
0.479108280254792 1 0.999358418853169 0.999358418853169
0.479363057324856 1 0.999358578031125 0.999358578031125
0.47961783439492 1 0.999357423128601 0.999357423128601
0.479872611464983 1 0.999358895182674 0.999358895182674
0.480127388535047 1 0.999358177913841 0.999358177913841
0.480382165605111 1 0.999359211893735 0.999359211893735
0.480636942675175 1 0.999357618348441 0.999357618348441
0.480891719745238 1 0.999358651529186 0.999358651529186
0.481146496815302 1 0.99935793312626 0.99935793312626
0.481401273885366 1 0.999358090033605 0.999358090033605
0.481656050955429 1 0.999358684744844 0.999358684744844
0.481910828025493 1 0.999358841551886 0.999358841551886
0.482165605095557 1 0.999358998193101 0.999358998193101
0.482420382165621 1 0.999359154668977 0.999359154668977
0.482675159235684 1 0.99935931097955 0.99935931097955
0.482929936305748 1 0.999359467125308 0.999359467125308
0.483184713375812 1 0.999359185136652 0.999359185136652
0.483439490445875 1 0.999359778692217 0.999359778692217
0.483694267515939 1 0.999359058405737 0.999359058405737
0.483949044586003 1 0.999359213433608 0.999359213433608
0.484203821656067 1 0.999359806267614 0.999359806267614
0.48445859872613 1 0.99935952323033 0.99935952323033
0.484713375796194 1 0.999360115738577 0.999360115738577
0.484968152866258 1 0.999358956437627 0.999358956437627
0.485222929936321 1 0.999359548161564 0.999359548161564
0.485477707006385 1 0.999359701984583 0.999359701984583
0.485732484076449 1 0.999358979708289 0.999358979708289
0.485987261146513 1 0.9993600086878 0.9993600086878
0.486242038216576 1 0.999360162027831 0.999360162027831
0.48649681528664 1 0.999359877238294 0.999359877238294
0.486751592356704 1 0.999360467997029 0.999360467997029
0.487006369426767 1 0.999360620856002 0.999360620856002
0.487261146496831 1 0.999360773555234 0.999360773555234
0.487515923566895 1 0.999359612188925 0.999359612188925
0.487770700636959 1 0.999361077788918 0.999361077788918
0.488025477707022 1 0.999360792041851 0.999360792041851
0.488280254777086 1 0.999360067939265 0.999360067939265
0.48853503184715 1 0.999360657126858 0.999360657126858
0.488789808917213 1 0.999361246385028 0.999361246385028
0.489044585987277 1 0.999360959777049 0.999360959777049
0.489299363057341 1 0.99936023481527 0.99936023481527
0.489554140127405 1 0.999361261113486 0.999361261113486
0.489808917197468 1 0.999360097870067 0.999360097870067
0.490063694267532 1 0.999360685659618 0.999360685659618
0.490318471337596 1 0.9993608355528 0.9993608355528
0.490573248407659 1 0.999360985290401 0.999360985290401
0.490828025477723 1 0.999361572840278 0.999361572840278
0.491082802547787 1 0.999361722494322 0.999361722494322
0.491337579617851 1 0.999361434025334 0.999361434025334
0.491592356687914 1 0.999362021110008 0.999362021110008
0.491847133757978 1 0.99936085639637 0.99936085639637
0.492101910828042 1 0.999362318653899 0.999362318653899
0.492356687898105 1 0.999361591599839 0.999361591599839
0.492611464968169 1 0.999361301906414 0.999361301906414
0.492866242038233 1 0.999361011833583 0.999361011833583
0.493121019108297 1 0.999362473250946 0.999362473250946
0.49337579617836 1 0.999361307390533 0.999361307390533
0.493630573248424 1 0.999361454601151 0.999361454601151
0.493885350318488 1 0.999362039627132 0.999362039627132
0.494140127388552 1 0.999362186759921 0.999362186759921
0.494394904458615 1 0.999361895774159 0.999361895774159
0.494649681528679 1 0.999362480345387 0.999362480345387
0.494904458598743 1 0.999363064991073 0.999363064991073
0.495159235668806 1 0.999361897843619 0.999361897843619
0.49541401273887 1 0.999362919703859 0.999362919703859
0.495668789808934 1 0.999362627963902 0.999362627963902
0.495923566878998 1 0.999362773815429 0.999362773815429
0.496178343949061 1 0.999362043584059 0.999362043584059
0.496433121019125 1 0.999362626653493 0.999362626653493
0.496687898089189 1 0.999362771832161 0.999362771832161
0.496942675159252 1 0.999362040928979 0.999362040928979
0.497197452229316 1 0.999362185361529 0.999362185361529
0.49745222929938 1 0.999363643544995 0.999363643544995
0.497707006369444 1 0.999363350387856 0.999363350387856
0.497961783439507 1 0.999362180926209 0.999362180926209
0.498216560509571 1 0.999364076408409 0.999364076408409
0.498471337579635 1 0.99936334484206 0.99936334484206
0.498726114649698 1 0.999363050647007 0.999363050647007
0.498980891719762 1 0.999363632013755 0.999363632013755
0.499235668789826 1 0.999363775491443 0.999363775491443
0.49949044585989 1 0.99936304289114 0.99936304289114
0.499745222929953 1 0.99936318562998 0.99936318562998
