0 141.288825328191
0.00428571428571429 141.288825328191
0.00857142857142857 141.313480417831
0.0128571428571429 141.416228510354
0.0171428571428571 141.644309157413
0.0214285714285714 142.041519192268
0.0257142857142857 142.647600170417
0.03 143.497439608061
0.0342857142857143 144.620314011878
0.0385714285714286 146.039226229413
0.0428571428571429 147.770360152969
0.0471428571428571 149.82266695742
0.0514285714285714 152.197592535481
0.0557142857142857 154.888952389193
0.06 157.882957145884
0.0642857142857143 161.158388879508
0.0685714285714286 164.68692549376
0.0728571428571429 168.433607578121
0.0771428571428572 172.357439418717
0.0814285714285714 176.412113275659
0.0857142857142857 180.546843671842
0.09 184.707296317136
0.0942857142857143 188.836594455327
0.0985714285714286 192.87638390296
0.102857142857143 196.767936877735
0.107142857142857 200.453273911433
0.111428571428571 203.876282723871
0.115714285714286 206.983812908517
0.12 209.726725648229
0.124285714285714 212.06087843515
0.128571428571429 213.948025898685
0.132857142857143 215.356619329769
0.137142857142857 216.262489301407
0.141428571428571 216.649397892093
0.145714285714286 216.509449381832
0.15 215.843350867126
0.154285714285714 214.660516984337
0.158571428571429 212.97901579017
0.162857142857143 210.825355771132
0.167142857142857 208.234116887119
0.171428571428571 205.247431443751
0.175714285714286 201.914323380414
0.18 198.289917204678
0.184285714285714 194.434530249791
0.188571428571429 190.41266413497
0.192857142857143 186.291913227094
0.197142857142857 182.141809501249
0.201428571428571 178.032624446274
0.205714285714286 174.034149536175
0.21 170.214477272057
0.214285714285714 166.638804882223
0.218571428571429 163.368282447707
0.222857142857143 160.458926501599
0.227142857142857 157.960619045202
0.231428571428571 155.916210451449
0.235714285714286 154.360742912216
0.24 153.32080896318
0.244285714285714 152.814057225873
0.248571428571429 152.848854884319
0.252857142857143 153.424113610458
0.257142857142857 154.529282718962
0.261428571428571 156.144510321176
0.265714285714286 158.240970214308
0.27 160.78134924079
0.274285714285714 163.720486938559
0.278571428571429 167.006156529016
0.282857142857143 170.579973706327
0.287142857142857 174.378417346858
0.291428571428571 178.333944194025
0.295714285714286 182.376177829672
0.3 183.991992299373
0.301428571428571 184.326861212631
0.302857142857143 184.660146821334
0.304285714285714 184.991864027173
0.305714285714286 185.322027522446
0.307142857142857 185.650651793964
0.308571428571429 185.977751126868
0.31 186.303339608349
0.311428571428571 186.627431131295
0.312857142857143 186.950039397843
0.314285714285714 187.271177922858
0.315714285714286 187.590860037328
0.317142857142857 187.909098891688
0.318571428571429 188.225907459062
0.32 188.541298538439
0.321428571428571 188.855284757774
0.322857142857143 189.167878577024
0.324285714285714 189.479092291111
0.325714285714286 189.788938032828
0.327142857142857 190.097427775676
0.328571428571429 190.404573336638
0.33 190.710386378897
0.331428571428571 191.014878414495
0.332857142857143 191.318060806928
0.334285714285714 191.619944773698
0.335714285714286 191.920541388797
0.337142857142857 192.219861585148
0.338571428571429 192.517916156991
0.34 192.814715762215
0.341428571428571 193.11027092465
0.342857142857143 193.404592036303
0.344285714285714 193.697689359549
0.345714285714286 193.989573029283
0.347142857142857 194.280253055018
0.348571428571429 194.569739322947
0.35 194.858041597961
0.351428571428571 195.145169525622
0.352857142857143 195.431132634104
0.354285714285714 195.715940336086
0.355714285714286 195.999601930617
0.357142857142857 196.282126604928
0.358571428571429 196.563523436229
0.36 196.843801393448
0.361428571428571 197.122969338956
0.362857142857143 197.401036030242
0.364285714285714 197.678010121561
0.365714285714286 197.953900165556
0.367142857142857 198.228714614838
0.368571428571429 198.50246182354
0.37 198.775150048843
0.371428571428571 199.046787452468
0.372857142857143 199.317382102145
0.374285714285714 199.586941973047
0.375714285714286 199.855474949202
0.377142857142857 200.122988824879
0.378571428571429 200.38949130594
0.38 200.654990011179
0.381428571428571 200.919492473621
0.382857142857143 201.183006141811
0.384285714285714 201.445538381069
0.385714285714286 201.707096474727
0.387142857142857 201.96768762534
0.388571428571429 202.227318955877
0.39 202.485997510889
0.391428571428571 202.743730257656
0.392857142857143 203.000524087313
0.394285714285714 203.256385815955
0.395714285714286 203.511322185723
0.397142857142857 203.76533986587
0.398571428571429 204.018445453809
0.4 204.270645476137
0.401428571428571 204.521946389652
0.402857142857143 204.772354582337
0.404285714285714 205.02187637434
0.405714285714286 205.270518018928
0.407142857142857 205.518285703431
0.408571428571429 205.765185550159
0.41 206.011223617317
0.411428571428571 206.256405899894
0.412857142857143 206.500738330538
0.414285714285714 206.74422678042
0.415714285714286 206.986877060079
0.417142857142857 207.228694920254
0.418571428571429 207.469686052701
0.42 207.709856091
0.421428571428571 207.949210611343
0.422857142857143 208.187755133309
0.424285714285714 208.42549512063
0.425714285714286 208.662435981944
0.427142857142857 208.898583071528
0.428571428571429 209.133941690029
0.43 209.368517085173
0.431428571428571 209.602314452473
0.432857142857143 209.835338935914
0.434285714285714 210.067595628635
0.435714285714286 210.299089573597
0.437142857142857 210.529825764238
0.438571428571429 210.759809145122
0.44 210.989044612572
0.441428571428571 211.217537015298
0.442857142857143 211.44529115501
0.444285714285714 211.672311787026
0.445714285714286 211.898603620865
0.447142857142857 212.124171320836
0.448571428571429 212.349019506612
0.45 212.573152753801
0.451428571428571 212.796575594501
0.452857142857143 213.019292517853
0.454285714285714 213.24130797058
0.455714285714286 213.462626357522
0.457142857142857 213.683252042157
0.458571428571429 213.903189347121
0.46 214.122442554714
0.461428571428571 214.341015907399
0.462857142857143 214.558913608298
0.464285714285714 214.776139821675
0.465714285714286 214.992698673414
0.467142857142857 215.208594251487
0.468571428571429 215.423830606421
0.47 215.638411751752
0.471428571428571 215.852341664471
0.472857142857143 216.065624285472
0.474285714285714 216.278263519985
0.475714285714286 216.490263238003
0.477142857142857 216.701627274707
0.478571428571429 216.912359430883
0.48 217.12246347333
0.481428571428571 217.331943135265
0.482857142857143 217.54080211672
0.484285714285714 217.749044084935
0.485714285714286 217.956672674746
0.487142857142857 218.163691488964
0.488571428571429 218.370104098747
0.49 218.575914043976
0.491428571428571 218.781124833615
0.492857142857143 218.985739946071
0.494285714285714 219.189762829547
0.495714285714286 219.393196902392
0.497142857142857 219.596045553445
0.498571428571429 219.798312142372
0.5 220
