0 1 -0
0.0038961038961039 1 -3662.8295062248
0.00779220779220779 1 -7270.85211279637
0.0116883116883117 1 -10770.080995428
0.0155844155844156 1 -14108.1572097821
0.0194805194805195 1 -17235.1331380939
0.0233766233766234 1 -20104.2198551268
0.0272727272727273 1 -22672.4872306277
0.0311688311688312 1 -24901.5062926524
0.0350649350649351 1 -26757.9242400808
0.038961038961039 1 -28213.9635004143
0.0428571428571429 1 -29247.8373654547
0.0467532467532468 1 -29844.0759857101
0.0506493506493507 1 -29993.7578456762
0.0545454545454545 1 -29694.643256428
0.0584415584415584 1 -28951.2078680742
0.0623376623376623 1 -27774.5757006269
0.0662337662337662 1 -26182.3526953457
0.0701298701298701 1 -24198.3632771259
0.074025974025974 1 -21852.2938697481
0.0779220779220779 1 -19179.2486980665
0.0818181818181818 1 -16219.2245236679
0.0857142857142857 1 -13016.5121735267
0.0896103896103896 1 -9619.03381658206
0.0935064935064935 1 -6077.62590456242
0.0974025974025974 1 -2445.27850641189
0.101298701298701 1 1223.65758184758
0.105194805194805 1 4874.28408780616
0.109090909090909 1 8451.97670524288
0.112987012987013 1 11903.2024373473
0.116883116883117 1 15176.320610684
0.120779220779221 1 18222.3555743324
0.124675324675325 1 20995.7295223069
0.128571428571429 1 23454.9444740409
0.132467532467532 1 25563.2032084637
0.136363636363636 1 27288.9598606356
0.14025974025974 1 28606.3919423678
0.144155844155844 1 29495.7867239851
0.148051948051948 1 29943.836195801
0.151948051948052 1 29943.836195801
0.155844155844156 1 29495.7867239851
0.15974025974026 1 28606.3919423678
0.163636363636364 1 27288.9598606356
0.167532467532468 1 25563.2032084637
0.171428571428571 1 23454.9444740409
0.175324675324675 1 20995.7295223068
0.179220779220779 1 18222.3555743324
0.183116883116883 1 15176.320610684
0.187012987012987 1 11903.2024373473
0.190909090909091 1 8451.97670524289
0.194805194805195 1 4874.28408780616
0.198701298701299 1 1223.65758184756
0.202597402597403 1 -2445.27850641192
0.206493506493507 1 -6077.62590456244
0.21038961038961 1 -9619.03381658204
0.214285714285714 1 -13016.5121735267
0.218181818181818 1 -16219.2245236679
0.222077922077922 1 -19179.2486980665
0.225974025974026 1 -21852.2938697481
0.22987012987013 1 -24198.3632771259
0.233766233766234 1 -26182.3526953457
0.237662337662338 1 -27774.5757006269
0.241558441558442 1 -28951.2078680742
0.245454545454545 1 -29694.643256428
0.249350649350649 1 -29993.7578456762
0.253246753246753 1 -29844.0759857101
0.257142857142857 1 -29247.8373654547
0.261038961038961 1 -28213.9635004144
0.264935064935065 1 -26757.9242400808
0.268831168831169 1 -24901.5062926524
0.272727272727273 1 -22672.4872306277
0.276623376623377 1 -20104.2198551268
0.280519480519481 1 -17235.1331380939
0.284415584415584 1 -14108.1572097821
0.288311688311688 1 -10770.080995428
0.292207792207792 1 -7270.85211279636
0.296103896103896 1 -3662.8295062248
0.3 4 0
0.305263157894737 4 0
0.310526315789474 4 0
0.315789473684211 4 0
0.321052631578947 4 0
0.326315789473684 4 0
0.331578947368421 4 0
0.336842105263158 4 0
0.342105263157895 4 0
0.347368421052632 4 0
0.352631578947368 4 0
0.357894736842105 4 0
0.363157894736842 4 0
0.368421052631579 4 0
0.373684210526316 4 0
0.378947368421053 4 0
0.384210526315789 4 0
0.389473684210526 4 0
0.394736842105263 4 0
0.4 4 0
0.405263157894737 4 0
0.410526315789474 4 0
0.41578947368421 4 0
0.421052631578947 4 0
0.426315789473684 4 0
0.431578947368421 4 0
0.436842105263158 4 0
0.442105263157895 4 0
0.447368421052632 4 0
0.452631578947368 4 0
0.457894736842105 4 0
0.463157894736842 4 0
0.468421052631579 4 0
0.473684210526316 4 0
0.478947368421053 4 0
0.484210526315789 4 0
0.489473684210526 4 0
0.494736842105263 4 0
0.5 4 0
