0 4 -0
0.000338218714768884 4 -318.757630837439
0.000676437429537768 4 -637.479274188007
0.00101465614430665 4 -956.128946627793
0.00135287485907554 4 -1274.67067285835
0.00169109357384442 4 -1593.06848976826
0.0020293122886133 4 -1911.28645049336
0.00236753100338219 4 -2229.28862847513
0.00270574971815107 4 -2547.03912151672
0.00304396843291995 4 -2864.50205583634
0.00338218714768884 4 -3181.64159011733
0.00372040586245772 4 -3498.42191955466
0.00405862457722661 4 -3814.80727989723
0.00439684329199549 4 -4130.76195148567
0.00473506200676437 4 -4446.250263285
0.00507328072153326 4 -4761.23659691191
0.00541149943630214 4 -5075.68539065603
0.00574971815107103 4 -5389.56114349482
0.00608793686583991 4 -5702.82841910162
0.0064261555806088 4 -6015.45184984636
0.00676437429537768 4 -6327.39614078856
0.00710259301014656 4 -6638.62607366209
0.00744081172491545 4 -6949.10651085127
0.00777903043968433 4 -7258.80239935792
0.00811724915445322 4 -7567.67877475879
0.0084554678692221 4 -7875.70076515299
0.00879368658399098 4 -8182.83359509905
0.00913190529875987 4 -8489.04258954104
0.00947012401352875 4 -8794.29317772328
0.00980834272829764 4 -9098.55089709345
0.0101465614430665 4 -9401.78139719333
0.0104847801578354 4 -9703.95044353695
0.0108229988726043 4 -10005.0239214756
0.0111612175873732 4 -10304.9678400495
0.0114994363021421 4 -10603.7483358251
0.0118376550169109 4 -10901.3316767185
0.0121758737316798 4 -11197.6842658034
0.0125140924464487 4 -11492.7726451048
0.0128523111612176 4 -11786.5634993758
0.0131905298759865 4 -12079.0236598588
0.0135287485907554 4 -12370.120108031
0.0138669673055242 4 -12659.8199793313
0.0142051860202931 4 -12948.090566871
0.014543404735062 4 -13234.8993251267
0.0148816234498309 4 -13520.2138736142
0.0152198421645998 4 -13804.0020005444
0.0155580608793687 4 -14086.2316664601
0.0158962795941376 4 -14366.8710078529
0.0162344983089064 4 -14645.8883407611
0.0165727170236753 4 -14923.2521643463
0.0169109357384442 4 -15198.93116445
0.0172491544532131 4 -15472.8942171291
0.017587373167982 4 -15745.1103921695
0.0179255918827509 4 -16015.5489565781
0.0182638105975197 4 -16284.1793780529
0.0186020293122886 4 -16550.9713284298
0.0189402480270575 4 -16815.8946871063
0.0192784667418264 4 -17078.919544443
0.0196166854565953 4 -17340.0162051392
0.0199549041713642 4 -17599.1551915866
0.020293122886133 4 -17856.3072471966
0.0206313416009019 4 -18111.4433397034
0.0209695603156708 4 -18364.5346644421
0.0213077790304397 4 -18615.5526476002
0.0216459977452086 4 -18864.4689494442
0.0219842164599775 4 -19111.2554675184
0.0223224351747464 4 -19355.8843398183
0.0226606538895152 4 -19598.3279479357
0.0229988726042841 4 -19838.5589201773
0.023337091319053 4 -20076.5501346543
0.0236753100338219 4 -20312.2747223451
0.0240135287485908 4 -20545.7060701283
0.0243517474633597 4 -20776.8178237876
0.0246899661781285 4 -21005.5838909871
0.0250281848928974 4 -21231.9784442168
0.0253664036076663 4 -21455.975923709
0.0257046223224352 4 -21677.5510403238
0.0260428410372041 4 -21896.678778404
0.026381059751973 4 -22113.3343985997
0.0267192784667418 4 -22327.4934406609
0.0270574971815107 4 -22539.1317261995
0.0273957158962796 4 -22748.2253614189
0.0277339346110485 4 -22954.7507398115
0.0280721533258174 4 -23158.6845448237
0.0284103720405863 4 -23360.0037524886
0.0287485907553552 4 -23558.6856340255
0.029086809470124 4 -23754.7077584055
0.0294250281848929 4 -23948.0479948842
0.0297632468996618 4 -24138.6845155005
0.0301014656144307 4 -24326.5957975403
0.0304396843291996 4 -24511.7606259673
0.0307779030439685 4 -24694.1580958172
0.0311161217587373 4 -24873.7676145585
0.0314543404735062 4 -25050.5689044173
0.0317925591882751 4 -25224.5420046664
0.032130777903044 4 -25395.6672738791
0.0324689966178129 4 -25563.9253921465
0.0328072153325818 4 -25729.2973632587
0.0331454340473506 4 -25891.7645168498
0.0334836527621195 4 -26051.3085105055
0.0338218714768884 4 -26207.9113318336
0.0341600901916573 4 -26361.5553004985
0.0344983089064262 4 -26512.2230702164
0.0348365276211951 4 -26659.8976307139
0.035174746335964 4 -26804.5623096491
0.0355129650507328 4 -26946.2007744928
0.0358511837655017 4 -27084.7970343733
0.0361894024802706 4 -27220.3354418815
0.0365276211950395 4 -27352.8006948373
0.0368658399098084 4 -27482.1778380174
0.0372040586245773 4 -27608.4522648436
0.0375422773393461 4 -27731.6097190321
0.037880496054115 4 -27851.6362962027
0.0382187147688839 4 -27968.5184454488
0.0385569334836528 4 -28082.2429708675
0.0388951521984217 4 -28192.7970330487
0.0392333709131906 4 -28300.1681505255
0.0395715896279594 4 -28404.3442011829
0.0399098083427283 4 -28505.3134236262
0.0402480270574972 4 -28603.0644185094
0.0405862457722661 4 -28697.5861498216
0.040924464487035 4 -28788.8679461336
0.0412626832018039 4 -28876.8995018018
0.0416009019165728 4 -28961.6708781327
0.0419391206313416 4 -29043.1725045042
0.0422773393461105 4 -29121.3951794466
0.0426155580608794 4 -29196.3300716812
0.0429537767756483 4 -29267.9687211172
0.0432919954904172 4 -29336.3030398073
0.0436302142051861 4 -29401.3253128605
0.0439684329199549 4 -29463.0281993129
0.0443066516347238 4 -29521.4047329571
0.0446448703494927 4 -29576.4483231281
0.0449830890642616 4 -29628.1527554477
0.0453213077790305 4 -29676.512192526
0.0456595264937994 4 -29721.5211746205
0.0459977452085682 4 -29763.1746202522
0.0463359639233371 4 -29801.4678267798
0.046674182638106 4 -29836.3964709304
0.0470124013528749 4 -29867.9566092872
0.0473506200676438 4 -29896.1446787354
0.0476888387824127 4 -29920.9574968641
0.0480270574971816 4 -29942.3922623255
0.0483652762119504 4 -29960.4465551514
0.0487034949267193 4 -29975.1183370263
0.0490417136414882 4 -29986.4059515174
0.0493799323562571 4 -29994.3081242619
0.049718151071026 4 -29998.8239631108
0.0500563697857949 4 -29999.9529582294
0.0503945885005637 4 -29997.6949821549
0.0507328072153326 4 -29992.0502898112
0.0510710259301015 4 -29983.0195184795
0.0514092446448704 4 -29970.6036877269
0.0517474633596393 4 -29954.804199291
0.0520856820744082 4 -29935.6228369216
0.052423900789177 4 -29913.0617661795
0.0527621195039459 4 -29887.1235341919
0.0531003382187148 4 -29857.8110693649
0.0534385569334837 4 -29825.1276810528
0.0537767756482526 4 -29789.0770591846
0.0541149943630215 4 -29749.6632738472
0.0544532130777904 4 -29706.8907748262
0.0547914317925592 4 -29660.7643911031
0.0551296505073281 4 -29611.2893303106
0.055467869222097 4 -29558.4711781443
0.0558060879368659 4 -29502.3158977322
0.0561443066516348 4 -29442.8298289615
0.0564825253664037 4 -29380.0196877627
0.0568207440811725 4 -29313.8925653516
0.0571589627959414 4 -29244.4559274285
0.0574971815107103 4 -29171.7176133355
0.0578354002254792 4 -29095.6858351713
0.0581736189402481 4 -29016.369176864
0.058511837655017 4 -28933.7765932023
0.0588500563697858 4 -28847.9174088242
0.0591882750845547 4 -28758.8013171643
0.0595264937993236 4 -28666.4383793596
0.0598647125140925 4 -28570.8390231134
0.0602029312288614 4 -28472.0140415183
0.0605411499436303 4 -28369.9745918371
0.0608793686583992 4 -28264.7321942439
0.061217587373168 4 -28156.298730523
0.0615558060879369 4 -28044.6864427273
0.0618940248027058 4 -27929.9079317969
0.0622322435174747 4 -27811.9761561358
0.0625704622322436 4 -27690.9044301489
0.0629086809470124 4 -27566.7064227394
0.0632468996617813 4 -27439.3961557651
0.0635851183765502 4 -27308.9880024553
0.0639233370913191 4 -27175.4966857884
0.064261555806088 4 -27038.9372768296
0.0645997745208569 4 -26899.3251930291
0.0649379932356258 4 -26756.676196482
0.0652762119503946 4 -26611.006392148
0.0656144306651635 4 -26462.3322260342
0.0659526493799324 4 -26310.6704833373
0.0662908680947013 4 -26156.0382865494
0.0666290868094702 4 -25998.4530935244
0.0669673055242391 4 -25837.9326955071
0.0673055242390079 4 -25674.4952151248
0.0676437429537768 4 -25508.1591043409
0.0679819616685457 4 -25338.9431423722
0.0683201803833146 4 -25166.8664335682
0.0686583990980835 4 -24991.9484052545
0.0689966178128524 4 -24814.2088055396
0.0693348365276212 4 -24633.6677010851
0.0696730552423901 4 -24450.3454748402
0.070011273957159 4 -24264.2628237407
0.0703494926719279 4 -24075.4407563722
0.0706877113866968 4 -23883.9005905981
0.0710259301014657 4 -23689.6639511534
0.0713641488162346 4 -23492.7527672022
0.0717023675310034 4 -23293.1892698632
0.0720405862457723 4 -23090.9959896989
0.0723788049605412 4 -22886.1957541722
0.0727170236753101 4 -22678.8116850693
0.073055242390079 4 -22468.8671958892
0.0733934611048479 4 -22256.3859892004
0.0737316798196167 4 -22041.3920539646
0.0740698985343856 4 -21823.9096628287
0.0744081172491545 4 -21603.9633693844
0.0747463359639234 4 -21381.5780053959
0.0750845546786923 4 -21156.7786779967
0.0754227733934612 4 -20929.5907668547
0.07576099210823 4 -20700.0399213072
0.0760992108229989 4 -20468.1520574649
0.0764374295377678 4 -20233.9533552859
0.0767756482525367 4 -19997.4702556204
0.0771138669673056 4 -19758.7294572251
0.0774520856820745 4 -19517.7579137491
0.0777903043968434 4 -19274.5828306909
0.0781285231116122 4 -19029.231662327
0.0784667418263811 4 -18781.7321086122
0.07880496054115 4 -18532.1121120521
0.0791431792559189 4 -18280.399854549
0.0794813979706878 4 -18026.6237542195
0.0798196166854567 4 -17770.8124621866
0.0801578354002255 4 -17512.9948593448
0.0804960541149944 4 -17253.2000530996
0.0808342728297633 4 -16991.4573740811
0.0811724915445322 4 -16727.7963728328
0.0815107102593011 4 -16462.2468164752
0.08184892897407 4 -16194.8386853453
0.0821871476888388 4 -15925.6021696116
0.0825253664036077 4 -15654.5676658659
0.0828635851183766 4 -15381.7657736914
0.0832018038331455 4 -15107.2272922081
0.0835400225479144 4 -14830.9832165954
0.0838782412626833 4 -14553.0647345932
0.0842164599774522 4 -14273.5032229805
0.084554678692221 4 -13992.3302440329
0.0848928974069899 4 -13709.5775419595
0.0852311161217588 4 -13425.277039319
0.0855693348365277 4 -13139.4608334155
0.0859075535512966 4 -12852.1611926747
0.0862457722660655 4 -12563.4105530011
0.0865839909808343 4 -12273.2415141156
0.0869222096956032 4 -11981.6868358757
0.0872604284103721 4 -11688.7794345761
0.087598647125141 4 -11394.5523792329
0.0879368658399099 4 -11099.0388878504
0.0882750845546788 4 -10802.2723236701
0.0886133032694476 4 -10504.2861914049
0.0889515219842165 4 -10205.1141334557
0.0892897406989854 4 -9904.78992611339
0.0896279594137543 4 -9603.34747574589
0.0899661781285232 4 -9300.82081496972
0.0903043968432921 4 -8997.24409880795
0.090642615558061 4 -8692.65160083407
0.0909808342728298 4 -8387.07770930256
0.0913190529875987 4 -8080.55692326642
0.0916572717023676 4 -7773.12384868234
0.0919954904171365 4 -7464.81319450365
0.0923337091319054 4 -7155.65976876177
0.0926719278466743 4 -6845.69847463629
0.0930101465614431 4 -6534.96430651459
0.093348365276212 4 -6223.49234604086
0.0936865839909809 4 -5911.31775815551
0.0940248027057498 4 -5598.47578712502
0.0943630214205187 4 -5285.00175256289
0.0947012401352876 4 -4970.9310454421
0.0950394588500564 4 -4656.29912409952
0.0953776775648253 4 -4341.14151023265
0.0957158962795942 4 -4025.49378488927
0.0960541149943631 4 -3709.39158445032
0.096392333709132 4 -3392.8705966067
0.0967305524239009 4 -3075.96655633001
0.0970687711386698 4 -2758.71524183821
0.0974069898534386 4 -2441.15247055625
0.0977452085682075 4 -2123.31409507226
0.0980834272829764 4 -1805.23599908992
0.0984216459977453 4 -1486.95409337714
0.0987598647125142 4 -1168.5043117118
0.0990980834272831 4 -849.922606824859
0.0994363021420519 4 -531.244946341252
0.0997745208568208 4 -212.507308719275
0.10011273957159 4 106.254320811421
0.100450958286359 4 425.003954312516
0.100789177001127 4 743.705605200018
0.101127395715896 4 1062.32329230718
0.101465614430665 4 1380.82104394665
0.101803833145434 4 1699.16290197172
0.102142051860203 4 2017.31292583594
0.102480270574972 4 2335.23519665078
0.102818489289741 4 2652.89382124089
0.10315670800451 4 2970.25293619633
0.103494926719279 4 3287.27671192158
0.103833145434047 4 3603.92935668064
0.104171364148816 4 3920.17512063793
0.104509582863585 4 4235.97829989439
0.104847801578354 4 4551.30324051841
0.105186020293123 4 4866.11434257116
0.105524239007892 4 5180.37606412578
0.105862457722661 4 5494.05292528002
0.10620067643743 4 5807.10951216195
0.106538895152199 4 6119.51048092809
0.106877113866967 4 6431.22056175374
0.107215332581736 4 6742.2045628149
0.107553551296505 4 7052.4273742614
0.107891770011274 4 7361.85397218083
0.108229988726043 4 7670.4494225526
0.108568207440812 4 7978.17888519207
0.108906426155581 4 8285.00761768391
0.10924464487035 4 8590.90097930453
0.109582863585118 4 8895.82443493299
0.109921082299887 4 9199.74355894997
0.110259301014656 4 9502.62403912438
0.110597519729425 4 9804.43168048724
0.110935738444194 4 10105.1324091922
0.111273957158963 4 10404.6922763625
0.111612175873732 4 10703.0774619238
0.111950394588501 4 11000.2542784222
0.11228861330327 4 11296.1891748281
0.112626832018038 4 11590.8487403233
0.112965050732807 4 11884.1997080736
0.113303269447576 4 12176.2089589847
0.113641488162345 4 12466.8435254406
0.113979706877114 4 12756.0705950266
0.114317925591883 4 13043.857514233
0.114656144306652 4 13330.171792142
0.114994363021421 4 13614.9811040958
0.11533258173619 4 13898.2532953462
0.115670800450958 4 14179.9563846847
0.116009019165727 4 14460.0585680532
0.116347237880496 4 14738.5282221344
0.116685456595265 4 15015.3339079226
0.117023675310034 4 15290.4443742726
0.117361894024803 4 15563.8285614282
0.117700112739572 4 15835.4556045288
0.118038331454341 4 16105.294837094
0.118376550169109 4 16373.3157944858
0.118714768883878 4 16639.488217348
0.119052987598647 4 16903.7820550224
0.119391206313416 4 17166.167468942
0.119729425028185 4 17426.6148359988
0.120067643742954 4 17685.0947518892
0.120405862457723 4 17941.578034433
0.120744081172492 4 18196.0357268687
0.121082299887261 4 18448.4391011219
0.121420518602029 4 18698.7596610494
0.121758737316798 4 18946.9691456561
0.122096956031567 4 19193.0395322855
0.122435174746336 4 19436.9430397837
0.122773393461105 4 19678.6521316357
0.123111612175874 4 19918.1395190744
0.123449830890643 4 20155.3781641613
0.123788049605412 4 20390.3412828392
0.12412626832018 4 20623.0023479559
0.124464487034949 4 20853.3350922595
0.124802705749718 4 21081.3135113636
0.125140924464487 4 21306.9118666831
0.125479143179256 4 21530.1046883404
0.125817361894025 4 21750.8667780408
0.126155580608794 4 21969.1732119173
0.126493799323563 4 22184.9993433444
0.126832018038332 4 22398.3208057209
0.1271702367531 4 22609.1135152209
0.127508455467869 4 22817.3536735124
0.127846674182638 4 23023.0177704448
0.128184892897407 4 23226.0825867025
0.128523111612176 4 23426.5251964269
0.128861330326945 4 23624.3229698043
0.129199549041714 4 23819.4535756209
0.129537767756483 4 24011.8949837843
0.129875986471252 4 24201.6254678101
0.13021420518602 4 24388.6236072754
0.130552423900789 4 24572.8682902366
0.130890642615558 4 24754.3387156132
0.131228861330327 4 24933.0143955365
0.131567080045096 4 25108.8751576621
0.131905298759865 4 25281.9011474477
0.132243517474634 4 25452.0728303945
0.132581736189403 4 25619.3709942529
0.132919954904171 4 25783.7767511911
0.13325817361894 4 25945.2715399279
0.133596392333709 4 26103.8371278283
0.133934611048478 4 26259.4556129614
0.134272829763247 4 26412.1094261223
0.134611048478016 4 26561.7813328149
0.134949267192785 4 26708.4544351983
0.135287485907554 4 26852.112173994
0.135625704622323 4 26992.7383303558
0.135963923337091 4 27130.3170277009
0.13630214205186 4 27264.832733502
0.136640360766629 4 27396.2702610414
0.136978579481398 4 27524.614771125
0.137316798196167 4 27649.8517737583
0.137655016910936 4 27771.9671297817
0.137993235625705 4 27890.9470524672
0.138331454340474 4 28006.7781090746
0.138669673055242 4 28119.4472223685
0.139007891770011 4 28228.9416720941
0.13934611048478 4 28335.2490964138
0.139684329199549 4 28438.3574933028
0.140022547914318 4 28538.2552219037
0.140360766629087 4 28634.9310038412
0.140698985343856 4 28728.3739244953
0.141037204058625 4 28818.5734342333
0.141375422773394 4 28905.5193496014
0.141713641488162 4 28989.2018544737
0.142051860202931 4 29069.611501161
0.1423900789177 4 29146.7392114772
0.142728297632469 4 29220.5762777641
0.143066516347238 4 29291.1143638748
0.143404735062007 4 29358.3455061147
0.143742953776776 4 29422.2621141404
0.144081172491545 4 29482.8569718169
0.144419391206314 4 29540.1232380323
0.144757609921082 4 29594.05444747
0.145095828635851 4 29644.6445113386
0.14543404735062 4 29691.8877180596
0.145772266065389 4 29735.778733912
0.146110484780158 4 29776.3126036343
0.146448703494927 4 29813.4847509845
0.146786922209696 4 29847.2909792563
0.147125140924465 4 29877.7274717529
0.147463359639233 4 29904.7907922183
0.147801578354002 4 29928.4778852246
0.148139797068771 4 29948.7860765177
0.14847801578354 4 29965.7130733186
0.148816234498309 4 29979.2569645827
0.149154453213078 4 29989.4162212153
0.149492671927847 4 29996.1896962443
0.149830890642616 4 29999.5766249496
0.150169109357385 4 29999.5766249496
0.150507328072153 4 29996.1896962443
0.150845546786922 4 29989.4162212153
0.151183765501691 4 29979.2569645827
0.15152198421646 4 29965.7130733186
0.151860202931229 4 29948.7860765177
0.152198421645998 4 29928.4778852246
0.152536640360767 4 29904.7907922182
0.152874859075536 4 29877.7274717529
0.153213077790305 4 29847.2909792563
0.153551296505073 4 29813.4847509845
0.153889515219842 4 29776.3126036343
0.154227733934611 4 29735.7787339119
0.15456595264938 4 29691.8877180596
0.154904171364149 4 29644.6445113386
0.155242390078918 4 29594.05444747
0.155580608793687 4 29540.1232380323
0.155918827508456 4 29482.8569718169
0.156257046223224 4 29422.2621141403
0.156595264937993 4 29358.3455061146
0.156933483652762 4 29291.1143638748
0.157271702367531 4 29220.576277764
0.1576099210823 4 29146.7392114771
0.157948139797069 4 29069.611501161
0.158286358511838 4 28989.2018544737
0.158624577226607 4 28905.5193496013
0.158962795941376 4 28818.5734342333
0.159301014656144 4 28728.3739244952
0.159639233370913 4 28634.9310038411
0.159977452085682 4 28538.2552219036
0.160315670800451 4 28438.3574933027
0.16065388951522 4 28335.2490964138
0.160992108229989 4 28228.941672094
0.161330326944758 4 28119.4472223684
0.161668545659527 4 28006.7781090745
0.162006764374296 4 27890.9470524671
0.162344983089064 4 27771.9671297816
0.162683201803833 4 27649.8517737582
0.163021420518602 4 27524.6147711249
0.163359639233371 4 27396.2702610413
0.16369785794814 4 27264.8327335019
0.164036076662909 4 27130.3170277008
0.164374295377678 4 26992.7383303557
0.164712514092447 4 26852.1121739939
0.165050732807215 4 26708.4544351982
0.165388951521984 4 26561.7813328148
0.165727170236753 4 26412.1094261222
0.166065388951522 4 26259.4556129613
0.166403607666291 4 26103.8371278281
0.16674182638106 4 25945.2715399278
0.167080045095829 4 25783.7767511909
0.167418263810598 4 25619.3709942527
0.167756482525367 4 25452.0728303944
0.168094701240135 4 25281.9011474476
0.168432919954904 4 25108.875157662
0.168771138669673 4 24933.0143955364
0.169109357384442 4 24754.3387156131
0.169447576099211 4 24572.8682902364
0.16978579481398 4 24388.6236072753
0.170124013528749 4 24201.62546781
0.170462232243518 4 24011.8949837842
0.170800450958286 4 23819.4535756208
0.171138669673055 4 23624.3229698041
0.171476888387824 4 23426.5251964268
0.171815107102593 4 23226.0825867024
0.172153325817362 4 23023.0177704447
0.172491544532131 4 22817.3536735123
0.1728297632469 4 22609.1135152207
0.173167981961669 4 22398.3208057208
0.173506200676438 4 22184.9993433442
0.173844419391206 4 21969.1732119171
0.174182638105975 4 21750.8667780407
0.174520856820744 4 21530.1046883402
0.174859075535513 4 21306.9118666829
0.175197294250282 4 21081.3135113634
0.175535512965051 4 20853.3350922594
0.17587373167982 4 20623.0023479557
0.176211950394589 4 20390.341282839
0.176550169109358 4 20155.3781641611
0.176888387824126 4 19918.1395190742
0.177226606538895 4 19678.6521316355
0.177564825253664 4 19436.9430397835
0.177903043968433 4 19193.0395322853
0.178241262683202 4 18946.9691456559
0.178579481397971 4 18698.7596610492
0.17891770011274 4 18448.4391011217
0.179255918827509 4 18196.0357268685
0.179594137542277 4 17941.5780344328
0.179932356257046 4 17685.094751889
0.180270574971815 4 17426.6148359986
0.180608793686584 4 17166.1674689418
0.180947012401353 4 16903.7820550222
0.181285231116122 4 16639.4882173477
0.181623449830891 4 16373.3157944856
0.18196166854566 4 16105.2948370938
0.182299887260429 4 15835.4556045286
0.182638105975197 4 15563.828561428
0.182976324689966 4 15290.4443742724
0.183314543404735 4 15015.3339079224
0.183652762119504 4 14738.5282221342
0.183990980834273 4 14460.058568053
0.184329199549042 4 14179.9563846845
0.184667418263811 4 13898.253295346
0.18500563697858 4 13614.9811040956
0.185343855693349 4 13330.1717921418
0.185682074408117 4 13043.8575142328
0.186020293122886 4 12756.0705950264
0.186358511837655 4 12466.8435254404
0.186696730552424 4 12176.2089589844
0.187034949267193 4 11884.1997080734
0.187373167981962 4 11590.848740323
0.187711386696731 4 11296.1891748278
0.1880496054115 4 11000.254278422
0.188387824126268 4 10703.0774619236
0.188726042841037 4 10404.6922763623
0.189064261555806 4 10105.132409192
0.189402480270575 4 9804.43168048701
0.189740698985344 4 9502.62403912415
0.190078917700113 4 9199.74355894974
0.190417136414882 4 8895.82443493276
0.190755355129651 4 8590.9009793043
0.19109357384442 4 8285.00761768367
0.191431792559188 4 7978.17888519185
0.191770011273957 4 7670.44942255238
0.192108229988726 4 7361.8539721806
0.192446448703495 4 7052.42737426118
0.192784667418264 4 6742.20456281466
0.193122886133033 4 6431.2205617535
0.193461104847802 4 6119.51048092785
0.193799323562571 4 5807.10951216171
0.19413754227734 4 5494.05292527978
0.194475760992108 4 5180.37606412553
0.194813979706877 4 4866.11434257094
0.195152198421646 4 4551.30324051818
0.195490417136415 4 4235.97829989416
0.195828635851184 4 3920.1751206377
0.196166854565953 4 3603.9293566804
0.196505073280722 4 3287.27671192133
0.196843291995491 4 2970.25293619609
0.197181510710259 4 2652.89382124065
0.197519729425028 4 2335.23519665054
0.197857948139797 4 2017.31292583568
0.198196166854566 4 1699.16290197149
0.198534385569335 4 1380.82104394642
0.198872604284104 4 1062.32329230695
0.199210822998873 4 743.705605199789
0.199549041713642 4 425.003954312273
0.199887260428411 4 106.254320811179
0.200225479143179 4 -212.507308719517
0.200563697857948 4 -531.244946341494
0.200901916572717 4 -849.922606825101
0.201240135287486 4 -1168.50431171206
0.201578354002255 4 -1486.95409337737
0.201916572717024 4 -1805.23599909014
0.202254791431793 4 -2123.31409507249
0.202593010146562 4 -2441.15247055647
0.20293122886133 4 -2758.71524183845
0.203269447576099 4 -3075.96655633025
0.203607666290868 4 -3392.87059660694
0.203945885005637 4 -3709.39158445056
0.204284103720406 4 -4025.49378488951
0.204622322435175 4 -4341.14151023287
0.204960541149944 4 -4656.29912409975
0.205298759864713 4 -4970.93104544233
0.205636978579482 4 -5285.00175256311
0.20597519729425 4 -5598.47578712525
0.206313416009019 4 -5911.31775815575
0.206651634723788 4 -6223.4923460411
0.206989853438557 4 -6534.96430651482
0.207328072153326 4 -6845.69847463653
0.207666290868095 4 -7155.659768762
0.208004509582864 4 -7464.81319450387
0.208342728297633 4 -7773.12384868256
0.208680947012402 4 -8080.55692326664
0.20901916572717 4 -8387.07770930278
0.209357384441939 4 -8692.6516008343
0.209695603156708 4 -8997.24409880818
0.210033821871477 4 -9300.82081496995
0.210372040586246 4 -9603.34747574612
0.210710259301015 4 -9904.78992611362
0.211048478015784 4 -10205.1141334559
0.211386696730553 4 -10504.2861914051
0.211724915445321 4 -10802.2723236703
0.21206313416009 4 -11099.0388878506
0.212401352874859 4 -11394.5523792331
0.212739571589628 4 -11688.7794345763
0.213077790304397 4 -11981.6868358759
0.213416009019166 4 -12273.2415141159
0.213754227733935 4 -12563.4105530013
0.214092446448704 4 -12852.1611926749
0.214430665163473 4 -13139.4608334157
0.214768883878241 4 -13425.2770393192
0.21510710259301 4 -13709.5775419597
0.215445321307779 4 -13992.3302440331
0.215783540022548 4 -14273.5032229807
0.216121758737317 4 -14553.0647345934
0.216459977452086 4 -14830.9832165956
0.216798196166855 4 -15107.2272922083
0.217136414881624 4 -15381.7657736916
0.217474633596393 4 -15654.5676658661
0.217812852311161 4 -15925.6021696118
0.21815107102593 4 -16194.8386853455
0.218489289740699 4 -16462.2468164754
0.218827508455468 4 -16727.796372833
0.219165727170237 4 -16991.4573740813
0.219503945885006 4 -17253.2000530998
0.219842164599775 4 -17512.994859345
0.220180383314544 4 -17770.8124621868
0.220518602029312 4 -18026.6237542196
0.220856820744081 4 -18280.3998545492
0.22119503945885 4 -18532.1121120523
0.221533258173619 4 -18781.7321086123
0.221871476888388 4 -19029.2316623272
0.222209695603157 4 -19274.5828306911
0.222547914317926 4 -19517.7579137492
0.222886133032695 4 -19758.7294572253
0.223224351747464 4 -19997.4702556206
0.223562570462232 4 -20233.9533552861
0.223900789177001 4 -20468.1520574651
0.22423900789177 4 -20700.0399213074
0.224577226606539 4 -20929.5907668549
0.224915445321308 4 -21156.7786779968
0.225253664036077 4 -21381.5780053961
0.225591882750846 4 -21603.9633693845
0.225930101465615 4 -21823.9096628288
0.226268320180384 4 -22041.3920539647
0.226606538895152 4 -22256.3859892005
0.226944757609921 4 -22468.8671958894
0.22728297632469 4 -22678.8116850694
0.227621195039459 4 -22886.1957541723
0.227959413754228 4 -23090.995989699
0.228297632468997 4 -23293.1892698633
0.228635851183766 4 -23492.7527672024
0.228974069898535 4 -23689.6639511535
0.229312288613303 4 -23883.9005905983
0.229650507328072 4 -24075.4407563723
0.229988726042841 4 -24264.2628237408
0.23032694475761 4 -24450.3454748403
0.230665163472379 4 -24633.6677010852
0.231003382187148 4 -24814.2088055398
0.231341600901917 4 -24991.9484052547
0.231679819616686 4 -25166.8664335683
0.232018038331455 4 -25338.9431423723
0.232356257046223 4 -25508.1591043411
0.232694475760992 4 -25674.4952151249
0.233032694475761 4 -25837.9326955072
0.23337091319053 4 -25998.4530935245
0.233709131905299 4 -26156.0382865495
0.234047350620068 4 -26310.6704833374
0.234385569334837 4 -26462.3322260343
0.234723788049606 4 -26611.0063921481
0.235062006764374 4 -26756.6761964821
0.235400225479143 4 -26899.3251930292
0.235738444193912 4 -27038.9372768297
0.236076662908681 4 -27175.4966857885
0.23641488162345 4 -27308.9880024554
0.236753100338219 4 -27439.3961557652
0.237091319052988 4 -27566.7064227395
0.237429537767757 4 -27690.904430149
0.237767756482526 4 -27811.9761561359
0.238105975197294 4 -27929.907931797
0.238444193912063 4 -28044.6864427274
0.238782412626832 4 -28156.298730523
0.239120631341601 4 -28264.732194244
0.23945885005637 4 -28369.9745918372
0.239797068771139 4 -28472.0140415183
0.240135287485908 4 -28570.8390231135
0.240473506200677 4 -28666.4383793597
0.240811724915446 4 -28758.8013171643
0.241149943630214 4 -28847.9174088242
0.241488162344983 4 -28933.7765932024
0.241826381059752 4 -29016.3691768641
0.242164599774521 4 -29095.6858351713
0.24250281848929 4 -29171.7176133356
0.242841037204059 4 -29244.4559274286
0.243179255918828 4 -29313.8925653516
0.243517474633597 4 -29380.0196877627
0.243855693348365 4 -29442.8298289615
0.244193912063134 4 -29502.3158977322
0.244532130777903 4 -29558.4711781444
0.244870349492672 4 -29611.2893303107
0.245208568207441 4 -29660.7643911032
0.24554678692221 4 -29706.8907748262
0.245885005636979 4 -29749.6632738472
0.246223224351748 4 -29789.0770591846
0.246561443066517 4 -29825.1276810528
0.246899661781285 4 -29857.8110693649
0.247237880496054 4 -29887.1235341919
0.247576099210823 4 -29913.0617661795
0.247914317925592 4 -29935.6228369216
0.248252536640361 4 -29954.804199291
0.24859075535513 4 -29970.6036877269
0.248928974069899 4 -29983.0195184795
0.249267192784668 4 -29992.0502898112
0.249605411499437 4 -29997.6949821549
0.249943630214205 4 -29999.9529582294
0.250281848928974 4 -29998.8239631108
0.250620067643743 4 -29994.3081242619
0.250958286358512 4 -29986.4059515174
0.251296505073281 4 -29975.1183370263
0.25163472378805 4 -29960.4465551514
0.251972942502819 4 -29942.3922623255
0.252311161217587 4 -29920.9574968641
0.252649379932356 4 -29896.1446787354
0.252987598647125 4 -29867.9566092872
0.253325817361894 4 -29836.3964709304
0.253664036076663 4 -29801.4678267799
0.254002254791432 4 -29763.1746202522
0.254340473506201 4 -29721.5211746205
0.254678692220969 4 -29676.512192526
0.255016910935738 4 -29628.1527554477
0.255355129650507 4 -29576.4483231281
0.255693348365276 4 -29521.4047329571
0.256031567080045 4 -29463.0281993129
0.256369785794814 4 -29401.3253128605
0.256708004509583 4 -29336.3030398074
0.257046223224351 4 -29267.9687211173
0.25738444193912 4 -29196.3300716813
0.257722660653889 4 -29121.3951794467
0.258060879368658 4 -29043.1725045043
0.258399098083427 4 -28961.6708781328
0.258737316798196 4 -28876.8995018019
0.259075535512965 4 -28788.8679461337
0.259413754227733 4 -28697.5861498218
0.259751972942502 4 -28603.0644185095
0.260090191657271 4 -28505.3134236264
0.26042841037204 4 -28404.3442011831
0.260766629086809 4 -28300.1681505257
0.261104847801578 4 -28192.7970330489
0.261443066516347 4 -28082.2429708677
0.261781285231115 4 -27968.5184454491
0.262119503945884 4 -27851.6362962029
0.262457722660653 4 -27731.6097190323
0.262795941375422 4 -27608.4522648439
0.263134160090191 4 -27482.1778380177
0.26347237880496 4 -27352.8006948376
0.263810597519729 4 -27220.3354418819
0.264148816234497 4 -27084.7970343737
0.264487034949266 4 -26946.2007744932
0.264825253664035 4 -26804.5623096495
0.265163472378804 4 -26659.8976307144
0.265501691093573 4 -26512.2230702168
0.265839909808342 4 -26361.555300499
0.266178128523111 4 -26207.9113318342
0.266516347237879 4 -26051.308510506
0.266854565952648 4 -25891.7645168504
0.267192784667417 4 -25729.2973632593
0.267531003382186 4 -25563.925392147
0.267869222096955 4 -25395.6672738797
0.268207440811724 4 -25224.5420046671
0.268545659526493 4 -25050.568904418
0.268883878241261 4 -24873.7676145592
0.26922209695603 4 -24694.1580958179
0.269560315670799 4 -24511.760625968
0.269898534385568 4 -24326.5957975411
0.270236753100337 4 -24138.6845155013
0.270574971815106 4 -23948.047994885
0.270913190529875 4 -23754.7077584063
0.271251409244643 4 -23558.6856340264
0.271589627959412 4 -23360.0037524895
0.271927846674181 4 -23158.6845448246
0.27226606538895 4 -22954.7507398124
0.272604284103719 4 -22748.2253614199
0.272942502818488 4 -22539.1317262005
0.273280721533256 4 -22327.4934406619
0.273618940248025 4 -22113.3343986007
0.273957158962794 4 -21896.6787784052
0.274295377677563 4 -21677.551040325
0.274633596392332 4 -21455.9759237102
0.274971815107101 4 -21231.978444218
0.27531003382187 4 -21005.5838909883
0.275648252536638 4 -20776.8178237889
0.275986471251407 4 -20545.7060701296
0.276324689966176 4 -20312.2747223464
0.276662908680945 4 -20076.5501346557
0.277001127395714 4 -19838.5589201787
0.277339346110483 4 -19598.3279479371
0.277677564825252 4 -19355.8843398197
0.27801578354002 4 -19111.2554675199
0.278354002254789 4 -18864.4689494457
0.278692220969558 4 -18615.5526476018
0.279030439684327 4 -18364.5346644437
0.279368658399096 4 -18111.443339705
0.279706877113865 4 -17856.3072471982
0.280045095828634 4 -17599.1551915883
0.280383314543402 4 -17340.0162051409
0.280721533258171 4 -17078.9195444447
0.28105975197294 4 -16815.8946871081
0.281397970687709 4 -16550.9713284316
0.281736189402478 4 -16284.1793780548
0.282074408117247 4 -16015.54895658
0.282412626832016 4 -15745.1103921714
0.282750845546784 4 -15472.8942171311
0.283089064261553 4 -15198.9311644521
0.283427282976322 4 -14923.2521643484
0.283765501691091 4 -14645.8883407632
0.28410372040586 4 -14366.871007855
0.284441939120629 4 -14086.2316664622
0.284780157835398 4 -13804.0020005466
0.285118376550166 4 -13520.2138736165
0.285456595264935 4 -13234.899325129
0.285794813979704 4 -12948.0905668733
0.286133032694473 4 -12659.8199793336
0.286471251409242 4 -12370.1201080333
0.286809470124011 4 -12079.0236598612
0.28714768883878 4 -11786.5634993782
0.287485907553548 4 -11492.7726451073
0.287824126268317 4 -11197.6842658059
0.288162344983086 4 -10901.331676721
0.288500563697855 4 -10603.7483358277
0.288838782412624 4 -10304.9678400521
0.289177001127393 4 -10005.0239214782
0.289515219842162 4 -9703.95044353959
0.28985343855693 4 -9401.78139719601
0.290191657271699 4 -9098.55089709621
0.290529875986468 4 -8794.29317772607
0.290868094701237 4 -8489.04258954386
0.291206313416006 4 -8182.83359510191
0.291544532130775 4 -7875.70076515587
0.291882750845544 4 -7567.6787747617
0.292220969560312 4 -7258.80239936087
0.292559188275081 4 -6949.10651085425
0.29289740698985 4 -6638.6260736651
0.293235625704619 4 -6327.3961407916
0.293573844419388 4 -6015.45184984943
0.293912063134157 4 -5702.82841910472
0.294250281848926 4 -5389.56114349795
0.294588500563694 4 -5075.68539065918
0.294926719278463 4 -4761.23659691509
0.295264937993232 4 -4446.25026328821
0.295603156708001 4 -4130.76195148891
0.29594137542277 4 -3814.8072799005
0.296279594137539 4 -3498.42191955795
0.296617812852308 4 -3181.64159012065
0.296956031567076 4 -2864.50205583969
0.297294250281845 4 -2547.0391215201
0.297632468996614 4 -2229.28862847854
0.297970687711383 4 -1911.2864504968
0.298308906426152 4 -1593.06848977177
0.298647125140921 4 -1274.67067286188
0.29898534385569 4 -956.128946631355
0.299323562570458 4 -637.479274191593
0.299661781285227 4 -318.757630841049
0.300112231735678 4 0
0.300562682186128 4 0
0.301013132636579 4 0
0.301463583087029 4 0
0.30191403353748 4 0
0.30236448398793 4 0
0.30281493443838 4 0
0.303265384888831 4 0
0.303715835339281 4 0
0.304166285789732 4 0
0.304616736240182 4 0
0.305067186690633 4 0
0.305517637141083 4 0
0.305968087591534 4 0
0.306418538041984 4 0
0.306868988492434 4 0
0.307319438942885 4 0
0.307769889393335 4 0
0.308220339843786 4 0
0.308670790294236 4 0
0.309121240744687 4 0
0.309571691195137 4 0
0.310022141645588 4 0
0.310472592096038 4 0
0.310923042546488 4 0
0.311373492996939 4 0
0.311823943447389 4 0
0.31227439389784 4 0
0.31272484434829 4 0
0.313175294798741 4 0
0.313625745249191 4 0
0.314076195699642 4 0
0.314526646150092 4 0
0.314977096600542 4 0
0.315427547050993 4 0
0.315877997501443 4 0
0.316328447951894 4 0
0.316778898402344 4 0
0.317229348852795 4 0
0.317679799303245 4 0
0.318130249753696 4 0
0.318580700204146 4 0
0.319031150654596 4 0
0.319481601105047 4 0
0.319932051555497 4 0
0.320382502005948 4 0
0.320832952456398 4 0
0.321283402906849 4 0
0.321733853357299 4 0
0.32218430380775 4 0
0.3226347542582 4 0
0.32308520470865 4 0
0.323535655159101 4 0
0.323986105609551 4 0
0.324436556060002 4 0
0.324887006510452 4 0
0.325337456960903 4 0
0.325787907411353 4 0
0.326238357861804 4 0
0.326688808312254 4 0
0.327139258762704 4 0
0.327589709213155 4 0
0.328040159663605 4 0
0.328490610114056 4 0
0.328941060564506 4 0
0.329391511014957 4 0
0.329841961465407 4 0
0.330292411915858 4 0
0.330742862366308 4 0
0.331193312816759 4 0
0.331643763267209 4 0
0.332094213717659 4 0
0.33254466416811 4 0
0.33299511461856 4 0
0.333445565069011 4 0
0.333896015519461 4 0
0.334346465969912 4 0
0.334796916420362 4 0
0.335247366870813 4 0
0.335697817321263 4 0
0.336148267771713 4 0
0.336598718222164 4 0
0.337049168672614 4 0
0.337499619123065 4 0
0.337950069573515 4 0
0.338400520023966 4 0
0.338850970474416 4 0
0.339301420924867 4 0
0.339751871375317 4 0
0.340202321825767 4 0
0.340652772276218 4 0
0.341103222726668 4 0
0.341553673177119 4 0
0.342004123627569 4 0
0.34245457407802 4 0
0.34290502452847 4 0
0.343355474978921 4 0
0.343805925429371 4 0
0.344256375879821 4 0
0.344706826330272 4 0
0.345157276780722 4 0
0.345607727231173 4 0
0.346058177681623 4 0
0.346508628132074 4 0
0.346959078582524 4 0
0.347409529032975 4 0
0.347859979483425 4 0
0.348310429933875 4 0
0.348760880384326 4 0
0.349211330834776 4 0
0.349661781285227 4 0
0.350112231735677 4 0
0.350562682186128 4 0
0.351013132636578 4 0
0.351463583087029 4 0
0.351914033537479 4 0
0.352364483987929 4 0
0.35281493443838 4 0
0.35326538488883 4 0
0.353715835339281 4 0
0.354166285789731 4 0
0.354616736240182 4 0
0.355067186690632 4 0
0.355517637141083 4 0
0.355968087591533 4 0
0.356418538041983 4 0
0.356868988492434 4 0
0.357319438942884 4 0
0.357769889393335 4 0
0.358220339843785 4 0
0.358670790294236 4 0
0.359121240744686 4 0
0.359571691195137 4 0
0.360022141645587 4 0
0.360472592096037 4 0
0.360923042546488 4 0
0.361373492996938 4 0
0.361823943447389 4 0
0.362274393897839 4 0
0.36272484434829 4 0
0.36317529479874 4 0
0.363625745249191 4 0
0.364076195699641 4 0
0.364526646150092 4 0
0.364977096600542 4 0
0.365427547050992 4 0
0.365877997501443 4 0
0.366328447951893 4 0
0.366778898402344 4 0
0.367229348852794 4 0
0.367679799303245 4 0
0.368130249753695 4 0
0.368580700204146 4 0
0.369031150654596 4 0
0.369481601105046 4 0
0.369932051555497 4 0
0.370382502005947 4 0
0.370832952456398 4 0
0.371283402906848 4 0
0.371733853357299 4 0
0.372184303807749 4 0
0.3726347542582 4 0
0.37308520470865 4 0
0.3735356551591 4 0
0.373986105609551 4 0
0.374436556060001 4 0
0.374887006510452 4 0
0.375337456960902 4 0
0.375787907411353 4 0
0.376238357861803 4 0
0.376688808312254 4 0
0.377139258762704 4 0
0.377589709213154 4 0
0.378040159663605 4 0
0.378490610114055 4 0
0.378941060564506 4 0
0.379391511014956 4 0
0.379841961465407 4 0
0.380292411915857 4 0
0.380742862366308 4 0
0.381193312816758 4 0
0.381643763267208 4 0
0.382094213717659 4 0
0.382544664168109 4 0
0.38299511461856 4 0
0.38344556506901 4 0
0.383896015519461 4 0
0.384346465969911 4 0
0.384796916420362 4 0
0.385247366870812 4 0
0.385697817321262 4 0
0.386148267771713 4 0
0.386598718222163 4 0
0.387049168672614 4 0
0.387499619123064 4 0
0.387950069573515 4 0
0.388400520023965 4 0
0.388850970474416 4 0
0.389301420924866 4 0
0.389751871375316 4 0
0.390202321825767 4 0
0.390652772276217 4 0
0.391103222726668 4 0
0.391553673177118 4 0
0.392004123627569 4 0
0.392454574078019 4 0
0.39290502452847 4 0
0.39335547497892 4 0
0.39380592542937 4 0
0.394256375879821 4 0
0.394706826330271 4 0
0.395157276780722 4 0
0.395607727231172 4 0
0.396058177681623 4 0
0.396508628132073 4 0
0.396959078582524 4 0
0.397409529032974 4 0
0.397859979483424 4 0
0.398310429933875 4 0
0.398760880384325 4 0
0.399211330834776 4 0
0.399661781285226 4 0
0.400112231735677 4 0
0.400562682186127 4 0
0.401013132636578 4 0
0.401463583087028 4 0
0.401914033537479 4 0
0.402364483987929 4 0
0.402814934438379 4 0
0.40326538488883 4 0
0.40371583533928 4 0
0.404166285789731 4 0
0.404616736240181 4 0
0.405067186690632 4 0
0.405517637141082 4 0
0.405968087591533 4 0
0.406418538041983 4 0
0.406868988492433 4 0
0.407319438942884 4 0
0.407769889393334 4 0
0.408220339843785 4 0
0.408670790294235 4 0
0.409121240744686 4 0
0.409571691195136 4 0
0.410022141645587 4 0
0.410472592096037 4 0
0.410923042546487 4 0
0.411373492996938 4 0
0.411823943447388 4 0
0.412274393897839 4 0
0.412724844348289 4 0
0.41317529479874 4 0
0.41362574524919 4 0
0.414076195699641 4 0
0.414526646150091 4 0
0.414977096600541 4 0
0.415427547050992 4 0
0.415877997501442 4 0
0.416328447951893 4 0
0.416778898402343 4 0
0.417229348852794 4 0
0.417679799303244 4 0
0.418130249753695 4 0
0.418580700204145 4 0
0.419031150654595 4 0
0.419481601105046 4 0
0.419932051555496 4 0
0.420382502005947 4 0
0.420832952456397 4 0
0.421283402906848 4 0
0.421733853357298 4 0
0.422184303807749 4 0
0.422634754258199 4 0
0.423085204708649 4 0
0.4235356551591 4 0
0.42398610560955 4 0
0.424436556060001 4 0
0.424887006510451 4 0
0.425337456960902 4 0
0.425787907411352 4 0
0.426238357861803 4 0
0.426688808312253 4 0
0.427139258762703 4 0
0.427589709213154 4 0
0.428040159663604 4 0
0.428490610114055 4 0
0.428941060564505 4 0
0.429391511014956 4 0
0.429841961465406 4 0
0.430292411915857 4 0
0.430742862366307 4 0
0.431193312816757 4 0
0.431643763267208 4 0
0.432094213717658 4 0
0.432544664168109 4 0
0.432995114618559 4 0
0.43344556506901 4 0
0.43389601551946 4 0
0.434346465969911 4 0
0.434796916420361 4 0
0.435247366870812 4 0
0.435697817321262 4 0
0.436148267771712 4 0
0.436598718222163 4 0
0.437049168672613 4 0
0.437499619123064 4 0
0.437950069573514 4 0
0.438400520023965 4 0
0.438850970474415 4 0
0.439301420924866 4 0
0.439751871375316 4 0
0.440202321825766 4 0
0.440652772276217 4 0
0.441103222726667 4 0
0.441553673177118 4 0
0.442004123627568 4 0
0.442454574078019 4 0
0.442905024528469 4 0
0.44335547497892 4 0
0.44380592542937 4 0
0.44425637587982 4 0
0.444706826330271 4 0
0.445157276780721 4 0
0.445607727231172 4 0
0.446058177681622 4 0
0.446508628132073 4 0
0.446959078582523 4 0
0.447409529032974 4 0
0.447859979483424 4 0
0.448310429933874 4 0
0.448760880384325 4 0
0.449211330834775 4 0
0.449661781285226 4 0
0.450112231735676 4 0
0.450562682186127 4 0
0.451013132636577 4 0
0.451463583087028 4 0
0.451914033537478 4 0
0.452364483987928 4 0
0.452814934438379 4 0
0.453265384888829 4 0
0.45371583533928 4 0
0.45416628578973 4 0
0.454616736240181 4 0
0.455067186690631 4 0
0.455517637141082 4 0
0.455968087591532 4 0
0.456418538041982 4 0
0.456868988492433 4 0
0.457319438942883 4 0
0.457769889393334 4 0
0.458220339843784 4 0
0.458670790294235 4 0
0.459121240744685 4 0
0.459571691195136 4 0
0.460022141645586 4 0
0.460472592096036 4 0
0.460923042546487 4 0
0.461373492996937 4 0
0.461823943447388 4 0
0.462274393897838 4 0
0.462724844348289 4 0
0.463175294798739 4 0
0.46362574524919 4 0
0.46407619569964 4 0
0.46452664615009 4 0
0.464977096600541 4 0
0.465427547050991 4 0
0.465877997501442 4 0
0.466328447951892 4 0
0.466778898402343 4 0
0.467229348852793 4 0
0.467679799303244 4 0
0.468130249753694 4 0
0.468580700204144 4 0
0.469031150654595 4 0
0.469481601105045 4 0
0.469932051555496 4 0
0.470382502005946 4 0
0.470832952456397 4 0
0.471283402906847 4 0
0.471733853357298 4 0
0.472184303807748 4 0
0.472634754258199 4 0
0.473085204708649 4 0
0.473535655159099 4 0
0.47398610560955 4 0
0.47443655606 4 0
0.474887006510451 4 0
0.475337456960901 4 0
0.475787907411352 4 0
0.476238357861802 4 0
0.476688808312253 4 0
0.477139258762703 4 0
0.477589709213153 4 0
0.478040159663604 4 0
0.478490610114054 4 0
0.478941060564505 4 0
0.479391511014955 4 0
0.479841961465406 4 0
0.480292411915856 4 0
0.480742862366307 4 0
0.481193312816757 4 0
0.481643763267207 4 0
0.482094213717658 4 0
0.482544664168108 4 0
0.482995114618559 4 0
0.483445565069009 4 0
0.48389601551946 4 0
0.48434646596991 4 0
0.484796916420361 4 0
0.485247366870811 4 0
0.485697817321261 4 0
0.486148267771712 4 0
0.486598718222162 4 0
0.487049168672613 4 0
0.487499619123063 4 0
0.487950069573514 4 0
0.488400520023964 4 0
0.488850970474415 4 0
0.489301420924865 4 0
0.489751871375315 4 0
0.490202321825766 4 0
0.490652772276216 4 0
0.491103222726667 4 0
0.491553673177117 4 0
0.492004123627568 4 0
0.492454574078018 4 0
0.492905024528469 4 0
0.493355474978919 4 0
0.493805925429369 4 0
0.49425637587982 4 0
0.49470682633027 4 0
0.495157276780721 4 0
0.495607727231171 4 0
0.496058177681622 4 0
0.496508628132072 4 0
0.496959078582523 4 0
0.497409529032973 4 0
0.497859979483423 4 0
0.498310429933874 4 0
0.498760880384324 4 0
0.499211330834775 4 0
