0.000169109357384442 -0 -0
0.000507328072153326 -0.0359365987352097 -0.0359365987352097
0.00084554678692221 -0.150926411737942 -0.150926411737942
0.00118376550169109 -0.338790796486232 -0.338790796486232
0.00152198421645998 -0.598817545697348 -0.598817545697348
0.00186020293122886 -0.930782555164361 -0.930782555164361
0.00219842164599774 -1.33456687863173 -1.33456687863173
0.00253664036076663 -1.81008014485447 -1.81008014485447
0.00287485907553551 -2.35723803795906 -2.35723803795906
0.0032130777903044 -2.97595400577194 -2.97595400577194
0.00355129650507328 -3.66613571284859 -3.66613571284859
0.00388951521984216 -4.42768334963508 -4.42768334963508
0.00422773393461105 -5.26048875977996 -5.26048875977996
0.00456595264937993 -6.16443496105916 -6.16443496105916
0.00490417136414882 -7.13939587193086 -7.13939587193086
0.0052423900789177 -8.18523614968702 -8.18523614968702
0.00558060879368659 -9.30181109431894 -9.30181109431894
0.00591882750845547 -10.488966592383 -10.488966592383
0.00625704622322435 -11.7465390859079 -11.7465390859079
0.00659526493799324 -13.0743555574374 -13.0743555574374
0.00693348365276212 -14.472233526164 -14.472233526164
0.00727170236753101 -15.9399810532235 -15.9399810532235
0.00760992108229989 -17.4773967516108 -17.4773967516108
0.00794813979706877 -19.0842698008858 -19.0842698008858
0.00828635851183766 -20.7603799658291 -20.7603799658291
0.00862457722660654 -22.5054976169455 -22.5054976169455
0.00896279594137543 -24.3193837549186 -24.3193837549186
0.00930101465614431 -26.201790035316 -26.201790035316
0.00963923337091319 -28.1524587968249 -28.1524587968249
0.00997745208568208 -30.1711230896553 -30.1711230896553
0.010315670800451 -32.2575067066325 -32.2575067066325
0.0106538895152198 -34.4113242156338 -34.4113242156338
0.0109921082299887 -36.6322809922779 -36.6322809922779
0.0113303269447576 -38.9200732553028 -38.9200732553028
0.0116685456595265 -41.2743881024482 -41.2743881024482
0.0120067643742954 -43.6949035480182 -43.6949035480182
0.0123449830890643 -46.1812885607808 -46.1812885607808
0.0126832018038332 -48.733203104388 -48.733203104388
0.013021420518602 -51.3502981778796 -51.3502981778796
0.0133596392333709 -54.0322158577002 -54.0322158577002
0.0136978579481398 -56.7785893407246 -56.7785893407246
0.0140360766629087 -59.5890429886269 -59.5890429886269
0.0143742953776776 -62.4631923732592 -62.4631923732592
0.0147125140924465 -65.4006443232058 -65.4006443232058
0.0150507328072153 -68.4009969709262 -68.4009969709262
0.0153889515219842 -71.4638398019986 -71.4638398019986
0.0157271702367531 -74.5887537040275 -74.5887537040275
0.016065388951522 -77.7753110179042 -77.7753110179042
0.0164036076662909 -81.0230755894032 -81.0230755894032
0.0167418263810598 -84.3316028222075 -84.3316028222075
0.0170800450958286 -87.7004397312698 -87.7004397312698
0.0174182638105975 -91.1291249984429 -91.1291249984429
0.0177564825253664 -94.6171890278574 -94.6171890278574
0.0180947012401353 -98.1641540026447 -98.1641540026447
0.0184329199549042 -101.769533943592 -101.769533943592
0.0187711386696731 -105.432834767547 -105.432834767547
0.019109357384442 -109.15355434733 -109.15355434733
0.0194475760992108 -112.931182572748 -112.931182572748
0.0197857948139797 -116.76520141269 -116.76520141269
0.0201240135287486 -120.655084977484 -120.655084977484
0.0204622322435175 -124.60029958318 -124.60029958318
0.0208004509582864 -128.600303815668 -128.600303815668
0.0211386696730553 -132.654548597149 -132.654548597149
0.0214768883878241 -136.762477252271 -136.762477252271
0.021815107102593 -140.923525575856 -140.923525575856
0.0221533258173619 -145.137121901224 -145.137121901224
0.0224915445321308 -149.402687169852 -149.402687169852
0.0228297632468997 -153.719635001378 -153.719635001378
0.0231679819616686 -158.087371764943 -158.087371764943
0.0235062006764374 -162.505296651378 -162.505296651378
0.0238444193912063 -166.972801745973 -166.972801745973
0.0241826381059752 -171.489272102347 -171.489272102347
0.0245208568207441 -176.054085817151 -176.054085817151
0.024859075535513 -180.666614105869 -180.666614105869
0.0251972942502819 -185.326221378444 -185.326221378444
0.0255355129650508 -190.032265317515 -190.032265317515
0.0258737316798196 -194.784096955732 -194.784096955732
0.0262119503945885 -199.581060754907 -199.581060754907
0.0265501691093574 -204.422494685603 -204.422494685603
0.0268883878241263 -209.307730307632 -209.307730307632
0.0272266065388952 -214.236092851316 -214.236092851316
0.0275648252536641 -219.206901299422 -219.206901299422
0.0279030439684329 -224.219468470186 -224.219468470186
0.0282412626832018 -229.273101100507 -229.273101100507
0.0285794813979707 -234.36709993065 -234.36709993065
0.0289177001127396 -239.500759789208 -239.500759789208
0.0292559188275085 -244.673369678559 -244.673369678559
0.0295941375422774 -249.884212861763 -249.884212861763
0.0299323562570462 -255.132566949615 -255.132566949615
0.0302705749718151 -260.417703988548 -260.417703988548
0.030608793686584 -265.7388905492 -265.7388905492
0.0309470124013529 -271.095387815496 -271.095387815496
0.0312852311161218 -276.486451675145 -276.486451675145
0.0316234498308907 -281.911332809897 -281.911332809897
0.0319616685456596 -287.369276786382 -287.369276786382
0.0322998872604284 -292.859524148882 -292.859524148882
0.0326381059751973 -298.381310511095 -298.381310511095
0.0329763246899662 -303.933866649415 -303.933866649415
0.0333145434047351 -309.516418597216 -309.516418597216
0.033652762119504 -315.128187738212 -315.128187738212
0.0339909808342729 -320.768390902006 -320.768390902006
0.0343291995490417 -326.436240459381 -326.436240459381
0.0346674182638106 -332.130944418521 -332.130944418521
0.0350056369785795 -337.851706521142 -337.851706521142
0.0353438556933484 -343.597726339808 -343.597726339808
0.0356820744081173 -349.368199376076 -349.368199376076
0.0360202931228862 -355.16231715756 -355.16231715756
0.036358511837655 -360.979267337676 -360.979267337676
0.0366967305524239 -366.818233794045 -366.818233794045
0.0370349492671928 -372.678396728495 -372.678396728495
0.0373731679819617 -378.55893276689 -378.55893276689
0.0377113866967306 -384.45901505989 -384.45901505989
0.0380496054114995 -390.377813383786 -390.377813383786
0.0383878241262684 -396.314494241935 -396.314494241935
0.0387260428410372 -402.268220966769 -402.268220966769
0.0390642615558061 -408.238153821652 -408.238153821652
0.039402480270575 -414.223450103898 -414.223450103898
0.0397406989853439 -420.223264247631 -420.223264247631
0.0400789177001128 -426.23674792698 -426.23674792698
0.0404171364148817 -432.263050160192 -432.263050160192
0.0407553551296505 -438.301317413502 -438.301317413502
0.0410935738444194 -444.350693705752 -444.350693705752
0.0414317925591883 -450.410320712929 -450.410320712929
0.0417700112739572 -456.47933787304 -456.47933787304
0.0421082299887261 -462.556882492078 -462.556882492078
0.042446448703495 -468.642089849146 -468.642089849146
0.0427846674182638 -474.734093302761 -474.734093302761
0.0431228861330327 -480.832024396318 -480.832024396318
0.0434611048478016 -486.935012965565 -486.935012965565
0.0437993235625705 -493.04218724457 -493.04218724457
0.0441375422773394 -499.152673972448 -499.152673972448
0.0444757609921083 -505.265598501086 -505.265598501086
0.0448139797068772 -511.380084901954 -511.380084901954
0.045152198421646 -517.495256073832 -517.495256073832
0.0454904171364149 -523.610233850124 -523.610233850124
0.0458286358511838 -529.724139107094 -529.724139107094
0.0461668545659527 -535.836091871508 -535.836091871508
0.0465050732807216 -541.945211428875 -541.945211428875
0.0468432919954905 -548.050616431595 -548.050616431595
0.0471815107102593 -554.151425007444 -554.151425007444
0.0475197294250282 -560.246754867479 -560.246754867479
0.0478579481397971 -566.335723415446 -566.335723415446
0.048196166854566 -572.41744785509 -572.41744785509
0.0485343855693349 -578.491045300072 -578.491045300072
0.0488726042841038 -584.555632881701 -584.555632881701
0.0492108229988726 -590.610327858177 -590.610327858177
0.0495490417136415 -596.654247722991 -596.654247722991
0.0498872604284104 -602.686510314092 -602.686510314092
0.0502254791431793 -608.706233921862 -608.706233921862
0.0505636978579482 -614.712537398447 -614.712537398447
0.0509019165727171 -620.704540266078 -620.704540266078
0.051240135287486 -626.681362826229 -626.681362826229
0.0515783540022548 -632.642126267431 -632.642126267431
0.0519165727170237 -638.585952774179 -638.585952774179
0.0522547914317926 -644.511965635423 -644.511965635423
0.0525930101465615 -650.419289352715 -650.419289352715
0.0529312288613304 -656.307049748363 -656.307049748363
0.0532694475760993 -662.174374073832 -662.174374073832
0.0536076662908681 -668.02039111714 -668.02039111714
0.053945885005637 -673.844231311431 -673.844231311431
0.0542841037204059 -679.645026841694 -679.645026841694
0.0546223224351748 -685.421911753001 -685.421911753001
0.0549605411499437 -691.174022057647 -691.174022057647
0.0552987598647126 -696.900495841624 -696.900495841624
0.0556369785794814 -702.60047337235 -702.60047337235
0.0559751972942503 -708.273097204718 -708.273097204718
0.0563134160090192 -713.917512288074 -713.917512288074
0.0566516347237881 -719.532866071508 -719.532866071508
0.056989853438557 -725.118308610831 -725.118308610831
0.0573280721533259 -730.672992673278 -730.672992673278
0.0576662908680948 -736.196073843393 -736.196073843393
0.0580045095828636 -741.686710627816 -741.686710627816
0.0583427282976325 -747.144064560329 -747.144064560329
0.0586809470124014 -752.567300305802 -752.567300305802
0.0590191657271703 -757.955585764646 -757.955585764646
0.0593573844419392 -763.308092176598 -763.308092176598
0.0596956031567081 -768.623994223743 -768.623994223743
0.0600338218714769 -773.90247013329 -773.90247013329
0.0603720405862458 -779.142701781266 -779.142701781266
0.0607102593010147 -784.343874793525 -784.343874793525
0.0610484780157836 -789.505178648439 -789.505178648439
0.0613866967305525 -794.625806777402 -794.625806777402
0.0617249154453214 -799.704956666674 -799.704956666674
0.0620631341600902 -804.74182995722 -804.74182995722
0.0624013528748591 -809.735632545292 -809.735632545292
0.062739571589628 -814.685574681256 -814.685574681256
0.0630777903043969 -819.590871069507 -819.590871069507
0.0634160090191658 -824.450740966703 -824.450740966703
0.0637542277339347 -829.264408279664 -829.264408279664
0.0640924464487035 -834.031101663275 -834.031101663275
0.0644306651634724 -838.750054617539 -838.750054617539
0.0647688838782413 -843.420505583716 -843.420505583716
0.0651071025930102 -848.041698040621 -848.041698040621
0.0654453213077791 -852.612880599923 -852.612880599923
0.065783540022548 -857.133307101183 -857.133307101183
0.0661217587373168 -861.602236705638 -861.602236705638
0.0664599774520857 -866.018933989979 -866.018933989979
0.0667981961668546 -870.382669040137 -870.382669040137
0.0671364148816235 -874.692717542372 -874.692717542372
0.0674746335963924 -878.948360876299 -878.948360876299
0.0678128523111613 -883.148886205056 -883.148886205056
0.0681510710259302 -887.293586566564 -887.293586566564
0.068489289740699 -891.381760962857 -891.381760962857
0.0688275084554679 -895.412714449574 -895.412714449574
0.0691657271702368 -899.385758224363 -899.385758224363
0.0695039458850057 -903.300209714365 -903.300209714365
0.0698421645997746 -907.155392663768 -907.155392663768
0.0701803833145435 -910.950637219697 -910.950637219697
0.0705186020293123 -914.68528001843 -914.68528001843
0.0708568207440812 -918.358664269765 -918.358664269765
0.0711950394588501 -921.970139841393 -921.970139841393
0.071533258173619 -925.519063342174 -925.519063342174
0.0718714768883879 -929.004798205079 -929.004798205079
0.0722096956031568 -932.426714769119 -932.426714769119
0.0725479143179256 -935.784190359688 -935.784190359688
0.0728861330326945 -939.076609369311 -939.076609369311
0.0732243517474634 -942.303363337735 -942.303363337735
0.0735625704622323 -945.463851029487 -945.463851029487
0.0739007891770012 -948.557478512532 -948.557478512532
0.0742390078917701 -951.583659234576 -951.583659234576
0.074577226606539 -954.541814100038 -954.541814100038
0.0749154453213078 -957.431371544841 -957.431371544841
0.0752536640360767 -960.251767610783 -960.251767610783
0.0755918827508456 -963.002446019654 -963.002446019654
0.0759301014656145 -965.68285824525 -965.68285824525
0.0762683201803834 -968.292463585732 -968.292463585732
0.0766065388951523 -970.830729234289 -970.830729234289
0.0769447576099211 -973.297130349484 -973.297130349484
0.07728297632469 -975.691150123735 -975.691150123735
0.0776211950394589 -978.012279851971 -978.012279851971
0.0779594137542278 -980.260018998778 -980.260018998778
0.0782976324689967 -982.433875264951 -982.433875264951
0.0786358511837656 -984.533364651946 -984.533364651946
0.0789740698985344 -986.558011527934 -986.558011527934
0.0793122886133033 -988.507348689397 -988.507348689397
0.0796505073280722 -990.380917424907 -990.380917424907
0.0799887260428411 -992.178267576389 -992.178267576389
0.08032694475761 -993.898957599118 -993.898957599118
0.0806651634723789 -995.542554621976 -995.542554621976
0.0810033821871478 -997.108634505512 -997.108634505512
0.0813416009019166 -998.596781899261 -998.596781899261
0.0816798196166855 -1000.00659029922 -1000.00659029922
0.0820180383314544 -1001.33766210229 -1001.33766210229
0.0823562570462233 -1002.58960866125 -1002.58960866125
0.0826944757609922 -1003.76205033796 -1003.76205033796
0.0830326944757611 -1004.8546165561 -1004.8546165561
0.0833709131905299 -1005.86694585253 -1005.86694585253
0.0837091319052988 -1006.79868592697 -1006.79868592697
0.0840473506200677 -1007.64949369191 -1007.64949369191
0.0843855693348366 -1008.41903532014 -1008.41903532014
0.0847237880496055 -1009.10698629279 -1009.10698629279
0.0850620067643744 -1009.71303144439 -1009.71303144439
0.0854002254791432 -1010.23686500831 -1010.23686500831
0.0857384441939121 -1010.67819066051 -1010.67819066051
0.086076662908681 -1011.0367215624 -1011.0367215624
0.0864148816234499 -1011.31218040234 -1011.31218040234
0.0867531003382188 -1011.50429943618 -1011.50429943618
0.0870913190529877 -1011.61282052682 -1011.61282052682
0.0874295377677566 -1011.63749518266 -1011.63749518266
0.0877677564825254 -1011.57808459483 -1011.57808459483
0.0881059751972943 -1011.43435967255 -1011.43435967255
0.0884441939120632 -1011.20610107885 -1011.20610107885
0.0887824126268321 -1010.89309926446 -1010.89309926446
0.089120631341601 -1010.49515450036 -1010.49515450036
0.0894588500563699 -1010.01207690869 -1010.01207690869
0.0897970687711387 -1009.44368649427 -1009.44368649427
0.0901352874859076 -1008.78981317291 -1008.78981317291
0.0904735062006765 -1008.05029680009 -1008.05029680009
0.0908117249154454 -1007.22498719766 -1007.22498719766
0.0911499436302143 -1006.31374417937 -1006.31374417937
0.0914881623449832 -1005.31643757631 -1005.31643757631
0.091826381059752 -1004.2329472596 -1004.2329472596
0.0921645997745209 -1003.06316316308 -1003.06316316308
0.0925028184892898 -1001.80698530398 -1001.80698530398
0.0928410372040587 -1000.46432380359 -1000.46432380359
0.0931792559188276 -999.035098905195 -999.035098905195
0.0935174746335965 -997.519240992389 -997.519240992389
0.0938556933483654 -995.916690605075 -995.916690605075
0.0941939120631342 -994.227398454568 -994.227398454568
0.0945321307779031 -992.451325438053 -992.451325438053
0.094870349492672 -990.588442651024 -990.588442651024
0.0952085682074409 -988.638731399133 -988.638731399133
0.0955467869222098 -986.602183208607 -986.602183208607
0.0958850056369787 -984.478799835494 -984.478799835494
0.0962232243517475 -982.268593273647 -982.268593273647
0.0965614430665164 -979.971585761697 -979.971585761697
0.0968996617812853 -977.587809788684 -977.587809788684
0.0972378804960542 -975.117308098594 -975.117308098594
0.0975760992108231 -972.560133693302 -972.560133693302
0.097914317925592 -969.916349835258 -969.916349835258
0.0982525366403608 -967.18603004766 -967.18603004766
0.0985907553551297 -964.369258114448 -964.369258114448
0.0989289740698986 -961.466128078881 -961.466128078881
0.0992671927846675 -958.476744240507 -958.476744240507
0.0996054114994364 -955.401221151385 -955.401221151385
0.0999436302142053 -952.239683610873 -952.239683610873
0.100281848928974 -948.992266659328 -948.992266659328
0.100620067643743 -945.659115570285 -945.659115570285
0.100958286358512 -942.240385842062 -942.240385842062
0.101296505073281 -938.736243187501 -938.736243187501
0.10163472378805 -935.146863523383 -935.146863523383
0.101972942502819 -931.472432957066 -931.472432957066
0.102311161217587 -927.713147773797 -927.713147773797
0.102649379932356 -923.869214421246 -923.869214421246
0.102987598647125 -919.940849494469 -919.940849494469
0.103325817361894 -915.928279717839 -915.928279717839
0.103664036076663 -911.831741927061 -911.831741927061
0.104002254791432 -907.651483049678 -907.651483049678
0.104340473506201 -903.387760084483 -903.387760084483
0.10467869222097 -899.04084007908 -899.04084007908
0.105016910935739 -894.611000107451 -894.611000107451
0.105355129650507 -890.098527245077 -890.098527245077
0.105693348365276 -885.503718543732 -885.503718543732
0.106031567080045 -880.826881005263 -880.826881005263
0.106369785794814 -876.068331552849 -876.068331552849
0.106708004509583 -871.228397002602 -871.228397002602
0.107046223224352 -866.307414033563 -866.307414033563
0.107384441939121 -861.30572915577 -861.30572915577
0.10772266065389 -856.223698678326 -856.223698678326
0.108060879368658 -851.06168867545 -851.06168867545
0.108399098083427 -845.82007495177 -845.82007495177
0.108737316798196 -840.499243006357 -840.499243006357
0.109075535512965 -835.099587995499 -835.099587995499
0.109413754227734 -829.621514694547 -829.621514694547
0.109751972942503 -824.065437458593 -824.065437458593
0.110090191657272 -818.431780181707 -818.431780181707
0.110428410372041 -812.720976255511 -812.720976255511
0.11076662908681 -806.933468526158 -806.933468526158
0.111104847801578 -801.069709250712 -801.069709250712
0.111443066516347 -795.130160051773 -795.130160051773
0.111781285231116 -789.115291871512 -789.115291871512
0.112119503945885 -783.025584924359 -783.025584924359
0.112457722660654 -776.861528648597 -776.861528648597
0.112795941375423 -770.623621657039 -770.623621657039
0.113134160090192 -764.312371686267 -764.312371686267
0.113472378804961 -757.928295545126 -757.928295545126
0.11381059751973 -751.471919062111 -751.471919062111
0.114148816234498 -744.943777031002 -744.943777031002
0.114487034949267 -738.344413156748 -738.344413156748
0.114825253664036 -731.674379999243 -731.674379999243
0.115163472378805 -724.934238915685 -724.934238915685
0.115501691093574 -718.124560003848 -718.124560003848
0.115839909808343 -711.245922041668 -711.245922041668
0.116178128523112 -704.29891242774 -704.29891242774
0.116516347237881 -697.284127120147 -697.284127120147
0.116854565952649 -690.202170574106 -690.202170574106
0.117192784667418 -683.053655679027 -683.053655679027
0.117531003382187 -675.83920369372 -675.83920369372
0.117869222096956 -668.559444181778 -668.559444181778
0.118207440811725 -661.215014944934 -661.215014944934
0.118545659526494 -653.806561956092 -653.806561956092
0.118883878241263 -646.334739290833 -646.334739290833
0.119222096956032 -638.800209058512 -638.800209058512
0.119560315670801 -631.203641331752 -631.203641331752
0.119898534385569 -623.545714075941 -623.545714075941
0.120236753100338 -615.827113076542 -615.827113076542
0.120574971815107 -608.04853186632 -608.04853186632
0.120913190529876 -600.210671651645 -600.210671651645
0.121251409244645 -592.314241236865 -592.314241236865
0.121589627959414 -584.359956949591 -584.359956949591
0.121927846674183 -576.348542563229 -576.348542563229
0.122266065388952 -568.280729219243 -568.280729219243
0.122604284103721 -560.157255349172 -560.157255349172
0.122942502818489 -551.97886659522 -551.97886659522
0.123280721533258 -543.746315729499 -543.746315729499
0.123618940248027 -535.460362573441 -535.460362573441
0.123957158962796 -527.121773915192 -527.121773915192
0.124295377677565 -518.731323427347 -518.731323427347
0.124633596392334 -510.289791583331 -510.289791583331
0.124971815107103 -501.79796557194 -501.79796557194
0.125310033821872 -493.25663921331 -493.25663921331
0.12564825253664 -484.666612871767 -484.666612871767
0.125986471251409 -476.028693369198 -476.028693369198
0.126324689966178 -467.343693897563 -467.343693897563
0.126662908680947 -458.612433930077 -458.612433930077
0.127001127395716 -449.835739131712 -449.835739131712
0.127339346110485 -441.014441269789 -441.014441269789
0.127677564825254 -432.149378122628 -432.149378122628
0.128015783540023 -423.241393388376 -423.241393388376
0.128354002254792 -414.29133659181 -414.29133659181
0.12869222096956 -405.300062992577 -405.300062992577
0.129030439684329 -396.26843349099 -396.26843349099
0.129368658399098 -387.197314533068 -387.197314533068
0.129706877113867 -378.087578016171 -378.087578016171
0.130045095828636 -368.940101193029 -368.940101193029
0.130383314543405 -359.755766574688 -359.755766574688
0.130721533258174 -350.535461834456 -350.535461834456
0.131059751972943 -341.280079709247 -341.280079709247
0.131397970687711 -331.99051790152 -331.99051790152
0.13173618940248 -322.667678980195 -322.667678980195
0.132074408117249 -313.312470280996 -313.312470280996
0.132412626832018 -303.925803806616 -303.925803806616
0.132750845546787 -294.508596125288 -294.508596125288
0.133089064261556 -285.061768269445 -285.061768269445
0.133427282976325 -275.586245634536 -275.586245634536
0.133765501691094 -266.082957875 -266.082957875
0.134103720405863 -256.552838802919 -256.552838802919
0.134441939120631 -246.996826283224 -246.996826283224
0.1347801578354 -237.415862129753 -237.415862129753
0.135118376550169 -227.810892001044 -227.810892001044
0.135456595264938 -218.182865294707 -218.182865294707
0.135794813979707 -208.532735042212 -208.532735042212
0.136133032694476 -198.861457802507 -198.861457802507
0.136471251409245 -189.169993555374 -189.169993555374
0.136809470124014 -179.459305594793 -179.459305594793
0.137147688838783 -169.730360421382 -169.730360421382
0.137485907553551 -159.984127634408 -159.984127634408
0.13782412626832 -150.221579823305 -150.221579823305
0.138162344983089 -140.443692459518 -140.443692459518
0.138500563697858 -130.651443787096 -130.651443787096
0.138838782412627 -120.845814712858 -120.845814712858
0.139177001127396 -111.027788697653 -111.027788697653
0.139515219842165 -101.198351645186 -101.198351645186
0.139853438556934 -91.3584917920982 -91.3584917920982
0.140191657271702 -81.5091995967113 -81.5091995967113
0.140529875986471 -71.6514676282679 -71.6514676282679
0.14086809470124 -61.7862904553363 -61.7862904553363
0.141206313416009 -51.9146645340459 -51.9146645340459
0.141544532130778 -42.0375880962381 -42.0375880962381
0.141882750845547 -32.1560610368621 -32.1560610368621
0.142220969560316 -22.2710848017896 -22.2710848017896
0.142559188275085 -12.38366227521 -12.38366227521
0.142897406989854 -2.49479766610117 -2.49479766610117
0.143235625704622 7.39450360454346 7.39450360454346
0.143573844419391 17.2832350171603 17.2832350171603
0.14391206313416 27.1703890669769 27.1703890669769
0.144250281848929 37.0549573783811 37.0549573783811
0.144588500563698 46.9359308181988 46.9359308181988
0.144926719278467 56.8122996102314 56.8122996102314
0.145264937993236 66.6830534484489 66.6830534484489
0.145603156708005 76.5471816131242 76.5471816131242
0.145941375422774 86.403673082934 86.403673082934
0.146279594137542 96.251516651177 96.251516651177
0.146617812852311 106.08970104006 106.08970104006
0.14695603156708 115.917215014477 115.917215014477
0.147294250281849 125.733047497812 125.733047497812
0.147632468996618 135.536187685884 135.536187685884
0.147970687711387 145.325625161991 145.325625161991
0.148308906426156 155.100350011867 155.100350011867
0.148647125140925 164.859352938304 164.859352938304
0.148985343855693 174.601625375858 174.601625375858
0.149323562570462 184.326159605473 184.326159605473
0.149661781285231 194.0319488696 194.0319488696
0.15 203.717987486575 203.717987486575
0.150338218714769 213.383270965236 213.383270965236
0.150676437429538 223.026796119375 223.026796119375
0.151014656144307 232.647561182535 232.647561182535
0.151352874859076 242.244565921699 242.244565921699
0.151691093573845 251.816811752168 251.816811752168
0.152029312288613 261.363301850922 261.363301850922
0.152367531003382 270.883041271412 270.883041271412
0.152705749718151 280.375037056495 280.375037056495
0.15304396843292 289.838298352389 289.838298352389
0.153382187147689 299.271836522367 299.271836522367
0.153720405862458 308.674665259616 308.674665259616
0.154058624577227 318.045800700348 318.045800700348
0.154396843291996 327.384261536734 327.384261536734
0.154735062006765 336.689069129013 336.689069129013
0.155073280721533 345.959247618679 345.959247618679
0.155411499436302 355.193824039662 355.193824039662
0.155749718151071 364.391828430257 364.391828430257
0.15608793686584 373.552293945394 373.552293945394
0.156426155580609 382.674256966807 382.674256966807
0.156764374295378 391.756757214377 391.756757214377
0.157102593010147 400.798837856806 400.798837856806
0.157440811724916 409.799545621949 409.799545621949
0.157779030439684 418.757930905812 418.757930905812
0.158117249154453 427.673047883469 427.673047883469
0.158455467869222 436.54395461663 436.54395461663
0.158793686583991 445.369713163891 445.369713163891
0.15913190529876 454.149389688131 454.149389688131
0.159470124013529 462.882054564154 462.882054564154
0.159808342728298 471.566782487349 471.566782487349
0.160146561443067 480.202652580075 480.202652580075
0.160484780157836 488.788748497963 488.788748497963
0.160822998872604 497.324158536808 497.324158536808
0.161161217587373 505.807975737692 505.807975737692
0.161499436302142 514.23929799203 514.23929799203
0.161837655016911 522.617228147196 522.617228147196
0.16217587373168 530.940874109719 530.940874109719
0.162514092446449 539.209348949315 539.209348949315
0.162852311161218 547.421771001998 547.421771001998
0.163190529875987 555.577263972515 555.577263972515
0.163528748590756 563.674957036781 563.674957036781
0.163866967305524 571.713984942727 571.713984942727
0.164205186020293 579.693488111381 579.693488111381
0.164543404735062 587.612612737635 587.612612737635
0.164881623449831 595.470510888725 595.470510888725
0.1652198421646 603.266340604822 603.266340604822
0.165558060879369 610.999265995585 610.999265995585
0.165896279594138 618.668457339914 618.668457339914
0.166234498308907 626.273091181234 626.273091181234
0.166572717023675 633.812350425405 633.812350425405
0.166910935738444 641.285424435336 641.285424435336
0.167249154453213 648.691509126871 648.691509126871
0.167587373167982 656.029807062821 656.029807062821
0.167925591882751 663.299527546829 663.299527546829
0.16826381059752 670.499886715727 670.499886715727
0.168602029312289 677.630107632722 677.630107632722
0.168940248027058 684.689420378159 684.689420378159
0.169278466741827 691.677062140356 691.677062140356
0.169616685456595 698.592277305776 698.592277305776
0.169954904171364 705.434317548269 705.434317548269
0.170293122886133 712.202441916886 712.202441916886
0.170631341600902 718.895916924368 718.895916924368
0.170969560315671 725.514016633363 725.514016633363
0.17130777903044 732.056022742477 732.056022742477
0.171645997745209 738.521224671654 738.521224671654
0.171984216459978 744.908919646372 744.908919646372
0.172322435174746 751.218412781095 751.218412781095
0.172660653889515 757.449017162042 757.449017162042
0.172998872604284 763.600053928952 763.600053928952
0.173337091319053 769.670852355672 769.670852355672
0.173675310033822 775.660749930581 775.660749930581
0.174013528748591 781.569092435574 781.569092435574
0.17435174746336 787.395234024221 787.395234024221
0.174689966178129 793.138537299156 793.138537299156
0.175028184892898 798.798373388131 798.798373388131
0.175366403607666 804.374122019981 804.374122019981
0.175704622322435 809.865171598908 809.865171598908
0.176042841037204 815.270919278349 815.270919278349
0.176381059751973 820.590771032488 820.590771032488
0.176719278466742 825.824141729702 825.824141729702
0.177057497181511 830.97045520138 830.97045520138
0.17739571589628 836.02914431319 836.02914431319
0.177733934611049 840.999651032637 840.999651032637
0.178072153325817 845.881426497384 845.881426497384
0.178410372040586 850.673931081808 850.673931081808
0.178748590755355 855.376634462542 855.376634462542
0.179086809470124 859.989015683607 859.989015683607
0.179425028184893 864.510563219179 864.510563219179
0.179763246899662 868.940775037205 868.940775037205
0.180101465614431 873.279158660246 873.279158660246
0.1804396843292 877.525231226395 877.525231226395
0.180777903043969 881.678519548024 881.678519548024
0.181116121758737 885.738560171525 885.738560171525
0.181454340473506 889.704899432943 889.704899432943
0.181792559188275 893.577093515541 893.577093515541
0.182130777903044 897.354708504251 897.354708504251
0.182468996617813 901.037320439708 901.037320439708
0.182807215332582 904.62451537161 904.62451537161
0.183145434047351 908.115889410236 908.115889410236
0.18348365276212 911.511048777027 911.511048777027
0.183821871476889 914.809609854842 914.809609854842
0.184160090191657 918.011199235523 918.011199235523
0.184498308906426 921.115453768039 921.115453768039
0.184836527621195 924.122020604209 924.122020604209
0.185174746335964 927.030557244072 927.030557244072
0.185512965050733 929.840731579509 929.840731579509
0.185851183765502 932.55222193726 932.55222193726
0.186189402480271 935.16471712044 935.16471712044
0.18652762119504 937.677916448961 937.677916448961
0.186865839909808 940.09152979894 940.09152979894
0.187204058624577 942.405277640434 942.405277640434
0.187542277339346 944.618891074999 944.618891074999
0.187880496054115 946.732111870734 946.732111870734
0.188218714768884 948.744692497241 948.744692497241
0.188556933483653 950.656396158896 950.656396158896
0.188895152198422 952.466996827295 952.466996827295
0.189233370913191 954.176279271665 954.176279271665
0.18957158962796 955.784039088787 955.784039088787
0.189909808342728 957.290082731983 957.290082731983
0.190248027057497 958.694227537924 958.694227537924
0.190586245772266 959.996301753103 959.996301753103
0.190924464487035 961.19614455862 961.19614455862
0.191262683201804 962.293606093717 962.293606093717
0.191600901916573 963.288547478631 963.288547478631
0.191939120631342 964.180840835435 964.180840835435
0.192277339346111 964.970369308291 964.970369308291
0.19261555806088 965.657027082023 965.657027082023
0.192953776775648 966.240719399843 966.240719399843
0.193291995490417 966.721362579743 966.721362579743
0.193630214205186 967.098884028945 967.098884028945
0.193968432919955 967.373222258695 967.373222258695
0.194306651634724 967.544326895769 967.544326895769
0.194644870349493 967.612158694834 967.612158694834
0.194983089064262 967.576689547601 967.576689547601
0.195321307779031 967.437902492408 967.437902492408
0.195659526493799 967.195791720941 967.195791720941
0.195997745208568 966.850362585801 966.850362585801
0.196335963923337 966.401631604279 966.401631604279
0.196674182638106 965.849626462984 965.849626462984
0.197012401352875 965.194386020109 965.194386020109
0.197350620067644 964.435960306774 964.435960306774
0.197688838782413 963.574410526947 963.574410526947
0.198027057497182 962.609809056933 962.609809056933
0.198365276211951 961.542239441599 961.542239441599
0.198703494926719 960.371796392017 960.371796392017
0.199041713641488 959.098585779415 959.098585779415
0.199379932356257 957.722724629798 957.722724629798
0.199718151071026 956.244341115967 956.244341115967
0.200056369785795 954.663574548524 954.663574548524
0.200394588500564 952.980575366631 952.980575366631
0.200732807215333 951.195505125993 951.195505125993
0.201071025930102 949.308536487007 949.308536487007
0.201409244644871 947.319853200313 947.319853200313
0.201747463359639 945.229650092249 945.229650092249
0.202085682074408 943.038133048471 943.038133048471
0.202423900789177 940.745518996471 940.745518996471
0.202762119503946 938.352035886251 938.352035886251
0.203100338218715 935.857922671581 935.857922671581
0.203438556933484 933.263429287395 933.263429287395
0.203776775648253 930.568816627945 930.568816627945
0.204114994363022 927.774356523014 927.774356523014
0.20445321307779 924.880331712879 924.880331712879
0.204791431792559 921.887035822008 921.887035822008
0.205129650507328 918.794773331913 918.794773331913
0.205467869222097 915.60385955191 915.60385955191
0.205806087936866 912.314620589709 912.314620589709
0.206144306651635 908.927393320231 908.927393320231
0.206482525366404 905.44252535301 905.44252535301
0.206820744081173 901.860374998828 901.860374998828
0.207158962795942 898.181311234926 898.181311234926
0.20749718151071 894.4057136687 894.4057136687
0.207835400225479 890.533972501065 890.533972501065
0.208173618940248 886.566488487378 886.566488487378
0.208511837655017 882.503672898531 882.503672898531
0.208850056369786 878.34594747952 878.34594747952
0.209188275084555 874.093744407939 874.093744407939
0.209526493799324 869.747506250188 869.747506250188
0.209864712514093 865.30768591804 865.30768591804
0.210202931228862 860.774746622159 860.774746622159
0.21054114994363 856.149161825974 856.149161825974
0.210879368658399 851.431415197524 851.431415197524
0.211217587373168 846.622000560551 846.622000560551
0.211555806087937 841.721421844414 841.721421844414
0.211894024802706 836.730193032162 836.730193032162
0.212232243517475 831.648838108764 831.648838108764
0.212570462232244 826.477891007077 826.477891007077
0.212908680947013 821.217895553056 821.217895553056
0.213246899661781 815.869405409873 815.869405409873
0.21358511837655 810.432984021026 810.432984021026
0.213923337091319 804.909204551849 804.909204551849
0.214261555806088 799.298649830943 799.298649830943
0.214599774520857 793.601912288833 793.601912288833
0.214937993235626 787.819593897378 787.819593897378
0.215276211950395 781.95230610649 781.95230610649
0.215614430665164 776.000669781118 776.000669781118
0.215952649379933 769.96531513628 769.96531513628
0.216290868094701 763.846881670685 763.846881670685
0.21662908680947 757.64601810118 757.64601810118
0.216967305524239 751.363382293596 751.363382293596
0.217305524239008 744.99964119409 744.99964119409
0.217643742953777 738.555470759646 738.555470759646
0.217981961668546 732.03155588657 732.03155588657
0.218320180383315 725.428590338216 725.428590338216
0.218658399098084 718.747276672549 718.747276672549
0.218996617812853 711.988326167524 711.988326167524
0.219334836527621 705.152458746215 705.152458746215
0.21967305524239 698.240402900172 698.240402900172
0.220011273957159 691.252895613289 691.252895613289
0.220349492671928 684.190682283064 684.190682283064
0.220687711386697 677.054516641441 677.054516641441
0.221025930101466 669.845160675478 669.845160675478
0.221364148816235 662.563384545589 662.563384545589
0.221702367531004 655.209966504446 655.209966504446
0.222040586245772 647.785692813114 647.785692813114
0.222378804960541 640.291357658535 640.291357658535
0.22271702367531 632.727763067724 632.727763067724
0.223055242390079 625.095718823066 625.095718823066
0.223393461104848 617.396042375091 617.396042375091
0.223731679819617 609.629558755661 609.629558755661
0.224069898534386 601.79710048949 601.79710048949
0.224408117249155 593.899507504813 593.899507504813
0.224746335963924 585.93762704389 585.93762704389
0.225084554678692 577.912313571662 577.912313571662
0.225422773393461 569.824428684659 569.824428684659
0.22576099210823 561.674841017638 561.674841017638
0.226099210822999 553.464426151315 553.464426151315
0.226437429537768 545.19406651724 545.19406651724
0.226775648252537 536.864651303593 536.864651303593
0.227113866967306 528.477076359219 528.477076359219
0.227452085682075 520.03224409699 520.03224409699
0.227790304396844 511.53106339666 511.53106339666
0.228128523111612 502.974449506801 502.974449506801
0.228466741826381 494.363323946147 494.363323946147
0.22880496054115 485.698614404179 485.698614404179
0.229143179255919 476.981254640289 476.981254640289
0.229481397970688 468.212184383863 468.212184383863
0.229819616685457 459.392349231589 459.392349231589
0.230157835400226 450.522700546034 450.522700546034
0.230496054114995 441.604195351941 441.604195351941
0.230834272829763 432.637796232704 432.637796232704
0.231172491544532 423.624471226584 423.624471226584
0.231510710259301 414.565193720997 414.565193720997
0.23184892897407 405.460942347134 405.460942347134
0.232187147688839 396.312700874078 396.312700874078
0.232525366403608 387.121458101582 387.121458101582
0.232863585118377 377.888207752668 377.888207752668
0.233201803833146 368.613948365732 368.613948365732
0.233540022547915 359.299683185971 359.299683185971
0.233878241262683 349.946420055974 349.946420055974
0.234216459977452 340.555171306304 340.555171306304
0.234554678692221 331.126953645172 331.126953645172
0.23489289740699 321.662788047417 321.662788047417
0.235231116121759 312.163699643592 312.163699643592
0.235569334836528 302.630717608109 302.630717608109
0.235907553551297 293.064875046638 293.064875046638
0.236245772266066 283.467208883833 283.467208883833
0.236583990980834 273.838759749726 273.838759749726
0.236922209695603 264.180571866191 264.180571866191
0.237260428410372 254.493692933082 254.493692933082
0.237598647125141 244.77917401336 244.77917401336
0.23793686583991 235.038069418301 235.038069418301
0.238275084554679 225.271436592369 225.271436592369
0.238613303269448 215.480335996918 215.480335996918
0.238951521984217 205.665830994893 205.665830994893
0.239289740698986 195.828987733777 195.828987733777
0.239627959413754 185.970875028779 185.970875028779
0.239966178128523 176.09256424628 176.09256424628
0.240304396843292 166.195129185687 166.195129185687
0.240642615558061 156.279645962117 156.279645962117
0.24098083427283 146.34719288808 146.34719288808
0.241319052987599 136.39885035541 136.39885035541
0.241657271702368 126.435700716194 126.435700716194
0.241995490417137 116.45882816453 116.45882816453
0.242333709131905 106.469318616953 106.469318616953
0.242671927846674 96.4682595931072 96.4682595931072
0.243010146561443 86.4567400964135 86.4567400964135
0.243348365276212 76.4358504944107 76.4358504944107
0.243686583990981 66.4066823981653 66.4066823981653
0.24402480270575 56.3703285430284 56.3703285430284
0.244363021420519 46.327882667795 46.327882667795
0.244701240135288 36.2804393942847 36.2804393942847
0.245039458850057 26.2290941071734 26.2290941071734
0.245377677564825 16.1749428328167 16.1749428328167
0.245715896279594 6.11908211866232 6.11908211866232
0.246054114994363 -3.93739108742248 -3.93739108742248
0.246392333709132 -13.993379558579 -13.993379558579
0.246730552423901 -24.0477859094615 -24.0477859094615
0.24706877113867 -34.0995127175811 -34.0995127175811
0.247406989853439 -44.147462644819 -44.147462644819
0.247745208568208 -54.1905385577617 -54.1905385577617
0.248083427282977 -64.2276436494662 -64.2276436494662
0.248421645997745 -74.2576815605518 -74.2576815605518
0.248759864712514 -84.2795565002087 -84.2795565002087
0.249098083427283 -94.2921733672903 -94.2921733672903
0.249436302142052 -104.294437871489 -104.294437871489
0.249774520856821 -114.285256654598 -114.285256654598
0.25011273957159 -124.263537410761 -124.263537410761
0.250450958286359 -134.228189008156 -134.228189008156
0.250789177001128 -144.17812160941 -144.17812160941
0.251127395715896 -154.112246792278 -154.112246792278
0.251465614430665 -164.029477669805 -164.029477669805
0.251803833145434 -173.928729011506 -173.928729011506
0.252142051860203 -183.808917363281 -183.808917363281
0.252480270574972 -193.668961166993 -193.668961166993
0.252818489289741 -203.507780881311 -203.507780881311
0.25315670800451 -213.324299100781 -213.324299100781
0.253494926719278 -223.117440675413 -223.117440675413
0.253833145434047 -232.886132830337 -232.886132830337
0.254171364148816 -242.629305284127 -242.629305284127
0.254509582863585 -252.345890368884 -252.345890368884
0.254847801578354 -262.034823147461 -262.034823147461
0.255186020293123 -271.695041532289 -271.695041532289
0.255524239007892 -281.325486403862 -281.325486403862
0.25586245772266 -290.925101727629 -290.925101727629
0.256200676437429 -300.492834671976 -300.492834671976
0.256538895152198 -310.027635724783 -310.027635724783
0.256877113866967 -319.528458810983 -319.528458810983
0.257215332581736 -328.994261408027 -328.994261408027
0.257553551296505 -338.424004662269 -338.424004662269
0.257891770011274 -347.816653504934 -347.816653504934
0.258229988726042 -357.171176766737 -357.171176766737
0.258568207440811 -366.486547293431 -366.486547293431
0.25890642615558 -375.761742059337 -375.761742059337
0.259244644870349 -384.995742282299 -384.995742282299
0.259582863585118 -394.187533536796 -394.187533536796
0.259921082299887 -403.33610586663 -403.33610586663
0.260259301014656 -412.440453898454 -412.440453898454
0.260597519729424 -421.499576953203 -421.499576953203
0.260935738444193 -430.512479157855 -430.512479157855
0.261273957158962 -439.478169557201 -439.478169557201
0.261612175873731 -448.395662223501 -448.395662223501
0.2619503945885 -457.263976367166 -457.263976367166
0.262288613303269 -466.082136446242 -466.082136446242
0.262626832018037 -474.849172275498 -474.849172275498
0.262965050732806 -483.56411913465 -483.56411913465
0.263303269447575 -492.226017876185 -492.226017876185
0.263641488162344 -500.833915032832 -500.833915032832
0.263979706877113 -509.38686292404 -509.38686292404
0.264317925591882 -517.883919762358 -517.883919762358
0.264656144306651 -526.324149757808 -526.324149757808
0.26499436302142 -534.706623224272 -534.706623224272
0.265332581736188 -543.030416682095 -543.030416682095
0.265670800450957 -551.294612962286 -551.294612962286
0.266009019165726 -559.498301309127 -559.498301309127
0.266347237880495 -567.640577482521 -567.640577482521
0.266685456595264 -575.720543858499 -575.720543858499
0.267023675310033 -583.737309530815 -583.737309530815
0.267361894024801 -591.689990410778 -591.689990410778
0.26770011273957 -599.577709325659 -599.577709325659
0.268038331454339 -607.399596118096 -607.399596118096
0.268376550169108 -615.154787743157 -615.154787743157
0.268714768883877 -622.842428365651 -622.842428365651
0.269052987598646 -630.461669456176 -630.461669456176
0.269391206313415 -638.011669886079 -638.011669886079
0.269729425028184 -645.491596022748 -645.491596022748
0.270067643742952 -652.900621822892 -652.900621822892
0.270405862457721 -660.237928925143 -660.237928925143
0.27074408117249 -667.502706743167 -667.502706743167
0.271082299887259 -674.694152555832 -674.694152555832
0.271420518602028 -681.811471598047 -681.811471598047
0.271758737316797 -688.85387715051 -688.85387715051
0.272096956031565 -695.820590628113 -695.820590628113
0.272435174746334 -702.71084166725 -702.71084166725
0.272773393461103 -709.523868213718 -709.523868213718
0.273111612175872 -716.258916608012 -716.258916608012
0.273449830890641 -722.91524167028 -722.91524167028
0.27378804960541 -729.492106784695 -729.492106784695
0.274126268320179 -735.98878398231 -735.98878398231
0.274464487034948 -742.404554024256 -742.404554024256
0.274802705749716 -748.7387064819 -748.7387064819
0.275140924464485 -754.990539817195 -754.990539817195
0.275479143179254 -761.159361463506 -761.159361463506
0.275817361894023 -767.244487902091 -767.244487902091
0.276155580608792 -773.245244740585 -773.245244740585
0.276493799323561 -779.160966789046 -779.160966789046
0.276832018038329 -784.990998135761 -784.990998135761
0.277170236753098 -790.73469222077 -790.73469222077
0.277508455467867 -796.391411910069 -796.391411910069
0.277846674182636 -801.960529567205 -801.960529567205
0.278184892897405 -807.441427125298 -807.441427125298
0.278523111612174 -812.833496156529 -812.833496156529
0.278861330326943 -818.136137941306 -818.136137941306
0.279199549041712 -823.348763537252 -823.348763537252
0.27953776775648 -828.47079384509 -828.47079384509
0.279875986471249 -833.501659675195 -833.501659675195
0.280214205186018 -838.440801812383 -838.440801812383
0.280552423900787 -843.287671079445 -843.287671079445
0.280890642615556 -848.041728399999 -848.041728399999
0.281228861330325 -852.70244485984 -852.70244485984
0.281567080045093 -857.269301767688 -857.269301767688
0.281905298759862 -861.741790713936 -861.741790713936
0.282243517474631 -866.119413629049 -866.119413629049
0.2825817361894 -870.401682840874 -870.401682840874
0.282919954904169 -874.588121129938 -874.588121129938
0.283258173618938 -878.678261784905 -878.678261784905
0.283596392333707 -882.671648655102 -882.671648655102
0.283934611048476 -886.567836204045 -886.567836204045
0.284272829763244 -890.366389559775 -890.366389559775
0.284611048478013 -894.066884564861 -894.066884564861
0.284949267192782 -897.668907826648 -897.668907826648
0.285287485907551 -901.172056762976 -901.172056762976
0.28562570462232 -904.575939649822 -904.575939649822
0.285963923337089 -907.880175666345 -907.880175666345
0.286302142051857 -911.08439493917 -911.08439493917
0.286640360766626 -914.188238584492 -914.188238584492
0.286978579481395 -917.191358750677 -917.191358750677
0.287316798196164 -920.093418658011 -920.093418658011
0.287655016910933 -922.89409263803 -922.89409263803
0.287993235625702 -925.593066172089 -925.593066172089
0.288331454340471 -928.190035926824 -928.190035926824
0.288669673055239 -930.684709791213 -930.684709791213
0.289007891770008 -933.076806909346 -933.076806909346
0.289346110484777 -935.366057714378 -935.366057714378
0.289684329199546 -937.552203960038 -937.552203960038
0.290022547914315 -939.63499875122 -939.63499875122
0.290360766629084 -941.614206572638 -941.614206572638
0.290698985343853 -943.489603317899 -943.489603317899
0.291037204058621 -945.26097631497 -945.26097631497
0.29137542277339 -946.928124352558 -946.928124352558
0.291713641488159 -948.490857704066 -948.490857704066
0.292051860202928 -949.948998150279 -949.948998150279
0.292390078917697 -951.30237900096 -951.30237900096
0.292728297632466 -952.550845115608 -952.550845115608
0.293066516347235 -953.694252921608 -953.694252921608
0.293404735062003 -954.732470433643 -954.732470433643
0.293742953776772 -955.665377268317 -955.665377268317
0.294081172491541 -956.49286466037 -956.49286466037
0.29441939120631 -957.214835476632 -957.214835476632
0.294757609921079 -957.831204228543 -957.831204228543
0.295095828635848 -958.341897082654 -958.341897082654
0.295434047350617 -958.746851872143 -958.746851872143
0.295772266065385 -959.046018104545 -959.046018104545
0.296110484780154 -959.239356968809 -959.239356968809
0.296448703494923 -959.326841342446 -959.326841342446
0.296786922209692 -959.308455796059 -959.308455796059
0.297125140924461 -959.184196596291 -959.184196596291
0.29746335963923 -958.954071708681 -958.954071708681
0.297801578353999 -958.618100798248 -958.618100798248
0.298139797068767 -958.176315229076 -958.176315229076
0.298478015783536 -957.628758063134 -957.628758063134
0.298816234498305 -956.975484056328 -956.975484056328
0.299154453213074 -956.21655965556 -956.21655965556
0.299492671927843 -955.352062991667 -955.352062991667
0.299887006510453 -381.516629152787 -381.516629152787
0.300337456960903 -238.197553907465 -59.5493884768662
0.300787907411353 -237.840836789379 -59.4602091973447
0.301238357861804 -237.485186490336 -59.371296622584
0.301688808312254 -237.130598231557 -59.2826495578893
0.302139258762705 -236.777067262972 -59.1942668157429
0.302589709213155 -236.424588862776 -59.1061472156939
0.303040159663606 -236.073158337306 -59.0182895843265
0.303490610114056 -235.722771020473 -58.9306927551182
0.303941060564507 -235.373422274391 -58.8433555685977
0.304391511014957 -235.025107488116 -58.7562768720289
0.304841961465407 -234.677822078214 -58.6694555195535
0.305292411915858 -234.331561488257 -58.5828903720643
0.305742862366308 -233.986321188696 -58.4965802971739
0.306193312816759 -233.642096676417 -58.4105241691041
0.306643763267209 -233.298883474998 -58.3247208687494
0.30709421371766 -232.956677134201 -58.2391692835503
0.30754466416811 -232.615473229974 -58.1538683074936
0.307995114618561 -232.275267364071 -58.0688168410177
0.308445565069011 -231.936055163735 -57.9840137909336
0.308896015519461 -231.597832282017 -57.8994580705042
0.309346465969912 -231.260594397206 -57.8151485993016
0.309796916420362 -230.924337212642 -57.7310843031604
0.310247366870813 -230.589056456648 -57.6472641141619
0.310697817321263 -230.254747882219 -57.5636869705548
0.311148267771714 -229.921407267274 -57.4803518168186
0.311598718222164 -229.589030413897 -57.3972576034743
0.312049168672615 -229.257613148463 -57.3144032871159
0.312499619123065 -228.927151321326 -57.2317878303315
0.312950069573515 -228.597640806877 -57.1494102017192
0.313400520023966 -228.269077503043 -57.0672693757608
0.313850970474416 -227.94145733135 -56.9853643328375
0.314301420924867 -227.614776236983 -56.9036940592459
0.314751871375317 -227.289030188097 -56.8222575470242
0.315202321825768 -226.96421517581 -56.7410537939524
0.315652772276218 -226.640327214273 -56.6600818035683
0.316103222726669 -226.317362340351 -56.5793405850879
0.316553673177119 -225.995316613498 -56.4988291533746
0.317004123627569 -225.674186115251 -56.4185465288126
0.31745457407802 -225.353966949734 -56.3384917374334
0.31790502452847 -225.034655243157 -56.2586638107892
0.318355474978921 -224.716247143371 -56.1790617858428
0.318805925429371 -224.398738820437 -56.0996847051094
0.319256375879822 -224.082126465554 -56.0205316163885
0.319706826330272 -223.766406291687 -55.9416015729218
0.320157276780723 -223.451574533067 -55.8628936332667
0.320607727231173 -223.137627444934 -55.7844068612334
0.321058177681623 -222.824561303666 -55.7061403259165
0.321508628132074 -222.512372406653 -55.6280931016632
0.321959078582524 -222.201057071663 -55.5502642679157
0.322409529032975 -221.890611637414 -55.4726529093534
0.322859979483425 -221.581032462813 -55.3952581157033
0.323310429933876 -221.272315927149 -55.3180789817873
0.323760880384326 -220.964458429774 -55.2411146074435
0.324211330834777 -220.657456390168 -55.1643640975421
0.324661781285227 -220.351306247561 -55.0878265618903
0.325112231735677 -220.04600446112 -55.0115011152801
0.325562682186128 -219.741547509321 -54.9353868773302
0.326013132636578 -219.437931890387 -54.8594829725968
0.326463583087029 -219.135154121662 -54.7837885304155
0.326914033537479 -218.833210739731 -54.7083026849329
0.32736448398793 -218.532098300427 -54.6330245751068
0.32781493443838 -218.231813378067 -54.5579533445168
0.328265384888831 -217.93235256634 -54.4830881415851
0.328715835339281 -217.63371247717 -54.4084281192926
0.329166285789732 -217.33588974122 -54.3339724353051
0.329616736240182 -217.038881007641 -54.2597202519102
0.330067186690632 -216.742682943627 -54.1856707359068
0.330517637141083 -216.447292234611 -54.1118230586527
0.330968087591533 -216.152705584383 -54.0381763960957
0.331418538041984 -215.858919714024 -53.9647299285059
0.331868988492434 -215.56593136329 -53.8914828408224
0.332319438942885 -215.273737288784 -53.818434322196
0.332769889393335 -214.982334265218 -53.7455835663046
0.333220339843786 -214.691719084341 -53.6729297710852
0.333670790294236 -214.401888555692 -53.600472138923
0.334121240744686 -214.112839505534 -53.5282098763834
0.334571691195137 -213.824568777478 -53.4561421943695
0.335022141645587 -213.537073232112 -53.3842683080279
0.335472592096038 -213.250349746803 -53.3125874367008
0.335923042546488 -212.964395215769 -53.2410988039422
0.336373492996939 -212.679206549756 -53.1698016374389
0.336823943447389 -212.394780676105 -53.0986951690264
0.33727439389784 -212.111114538565 -53.0277786346412
0.33772484434829 -211.828205097095 -52.9570512742738
0.33817529479874 -211.546049328065 -52.8865123320162
0.338625745249191 -211.264644223677 -52.8161610559194
0.339076195699641 -210.983986792227 -52.7459966980568
0.339526646150092 -210.704074057908 -52.6760185144771
0.339977096600542 -210.424903060689 -52.6062257651722
0.340427547050993 -210.146470856248 -52.536617714062
0.340877997501443 -209.868774515724 -52.4671936289309
0.341328447951894 -209.591811125901 -52.3979527814753
0.341778898402344 -209.315577788457 -52.3288944471142
0.342229348852794 -209.040071621093 -52.2600179052733
0.342679799303245 -208.7652897559 -52.1913224389749
0.343130249753695 -208.491229340297 -52.1228073350741
0.343580700204146 -208.217887537037 -52.0544718842594
0.344031150654596 -207.945261523325 -51.9863153808312
0.344481601105047 -207.673348490999 -51.9183371227498
0.344932051555497 -207.402145646982 -51.8505364117455
0.345382502005948 -207.131650212516 -51.782912553129
0.345832952456398 -206.86185942342 -51.7154648558551
0.346283402906848 -206.592770529837 -51.6481926324592
0.346733853357299 -206.324380796166 -51.5810951990416
0.347184303807749 -206.056687501134 -51.5141718752834
0.3476347542582 -205.789687937407 -51.4474219843517
0.34808520470865 -205.523379411914 -51.3808448529785
0.348535655159101 -205.25775924515 -51.3144398112874
0.348986105609551 -204.992824771867 -51.2482061929667
0.349436556060002 -204.728573340007 -51.1821433350016
0.349887006510452 -204.465002311706 -51.1162505779265
0.350337456960902 -204.202109062416 -51.050527265604
0.350787907411353 -203.93989098109 -50.9849727452725
0.351238357861803 -203.678345470183 -50.9195863675458
0.351688808312254 -203.417469945276 -50.8543674863191
0.352139258762704 -203.157261835199 -50.7893154587997
0.352589709213155 -202.89771858222 -50.7244296455551
0.353040159663605 -202.63883764123 -50.6597094103074
0.353490610114056 -202.380616480303 -50.5951541200757
0.353941060564506 -202.123052580387 -50.5307631450968
0.354391511014956 -201.866143435428 -50.4665358588571
0.354841961465407 -201.609886551801 -50.4024716379503
0.355292411915857 -201.354279448564 -50.3385698621409
0.355742862366308 -201.099319657455 -50.2748299143639
0.356193312816758 -200.84500472271 -50.2112511806774
0.356643763267209 -200.5913322008 -50.1478330502
0.357094213717659 -200.338299660693 -50.0845749151733
0.35754466416811 -200.08590468366 -50.021476170915
0.35799511461856 -199.834144862832 -49.958536215708
0.35844556506901 -199.583017803773 -49.8957544509432
0.358896015519461 -199.332521124095 -49.8331302810239
0.359346465969911 -199.082652453087 -49.7706631132718
0.359796916420362 -198.833409431896 -49.7083523579741
0.360247366870812 -198.584789713597 -49.6461974283993
0.360697817321263 -198.336790963189 -49.5841977407972
0.361148267771713 -198.089410856964 -49.522352714241
0.361598718222164 -197.842647083079 -49.4606617707697
0.362049168672614 -197.59649734092 -49.3991243352299
0.362499619123064 -197.350959341546 -49.3377398353864
0.362950069573515 -197.106030807437 -49.2765077018592
0.363400520023965 -196.861709471925 -49.2154273679813
0.363850970474416 -196.617993080016 -49.154498270004
0.364301420924866 -196.374879387693 -49.0937198469233
0.364751871375317 -196.132366162171 -49.0330915405428
0.365202321825767 -195.890451181266 -48.9726127953165
0.365652772276218 -195.649132234275 -48.9122830585688
0.366103222726668 -195.408407121162 -48.8521017802904
0.366553673177119 -195.168273652487 -48.7920684131217
0.367004123627569 -194.928729649728 -48.7321824124321
0.367454574078019 -194.689772945217 -48.6724432363042
0.36790502452847 -194.451401381756 -48.612850345439
0.36835547497892 -194.213612812498 -48.5534032031245
0.368805925429371 -193.976405101511 -48.4941012753777
0.369256375879821 -193.73977612302 -48.434944030755
0.369706826330272 -193.5037237616 -48.3759309403999
0.370157276780722 -193.268245912108 -48.3170614780271
0.370607727231173 -193.033340479626 -48.2583351199065
0.371058177681623 -192.799005379581 -48.1997513448952
0.371508628132073 -192.565238537433 -48.1413096343583
0.371959078582524 -192.332037888675 -48.0830094721688
0.372409529032974 -192.099401378769 -48.0248503446921
0.372859979483425 -191.867326963018 -47.9668317407545
0.373310429933875 -191.635812606824 -47.908953151706
0.373760880384326 -191.404856285177 -47.8512140712942
0.374211330834776 -191.174455982911 -47.7936139957276
0.374661781285227 -190.944609694575 -47.7361524236439
0.375112231735677 -190.715315424313 -47.6788288560782
0.375562682186127 -190.486571185791 -47.6216427964478
0.376013132636578 -190.258375002333 -47.5645937505833
0.376463583087028 -190.030724906662 -47.5076812266656
0.376914033537479 -189.803618940904 -47.4509047352259
0.377364483987929 -189.577055156332 -47.3942637890829
0.37781493443838 -189.351031613811 -47.3377579034526
0.37826538488883 -189.125546383417 -47.2813865958543
0.378715835339281 -188.900597544124 -47.2251493860311
0.379166285789731 -188.676183184434 -47.1690457961084
0.379616736240181 -188.452301401553 -47.1130753503881
0.380067186690632 -188.228950302027 -47.0572375755069
0.380517637141082 -188.006128001112 -47.001532000278
0.380968087591533 -187.783832623019 -46.9459581557548
0.381418538041983 -187.562062301049 -46.8905155752621
0.381868988492434 -187.340815176954 -46.8352037942384
0.382319438942884 -187.120089401574 -46.7800223503936
0.382769889393335 -186.899883134395 -46.7249707835987
0.383220339843785 -186.680194543227 -46.6700486358069
0.383670790294235 -186.461021804971 -46.6152554512428
0.384121240744686 -186.242363104664 -46.5605907761659
0.384571691195136 -186.02421663605 -46.5060541590125
0.385022141645587 -185.806580601394 -46.4516451503485
0.385472592096037 -185.589453211098 -46.3973633027744
0.385923042546488 -185.372832684271 -46.3432081710678
0.386373492996938 -185.156717248101 -46.2891793120252
0.386823943447389 -184.941105137975 -46.2352762844938
0.387274393897839 -184.725994597675 -46.1814986494187
0.387724844348289 -184.51138387912 -46.1278459697799
0.38817529479874 -184.297271242116 -46.0743178105291
0.38862574524919 -184.083654954864 -46.020913738716
0.389076195699641 -183.870533293259 -45.9676333233148
0.389526646150091 -183.657904541527 -45.9144761353816
0.389977096600542 -183.445766991463 -45.8614417478658
0.390427547050992 -183.234118942942 -45.8085297357356
0.390877997501443 -183.022958703913 -45.7557396759782
0.391328447951893 -182.81228458958 -45.7030711473951
0.391778898402343 -182.602094923163 -45.6505237307908
0.392229348852794 -182.392388035831 -45.5980970089577
0.392679799303244 -182.183162265755 -45.5457905664387
0.393130249753695 -181.974415959626 -45.4936039899066
0.393580700204145 -181.76614747076 -45.4415368676901
0.394031150654596 -181.558355160864 -45.3895887902161
0.394481601105046 -181.351037398397 -45.3377593495992
0.394932051555497 -181.144192559703 -45.2860481399259
0.395382502005947 -180.937819028449 -45.2344547571123
0.395832952456397 -180.731915195681 -45.1829787989202
0.396283402906848 -180.526479459386 -45.1316198648465
0.396733853357298 -180.321510225565 -45.0803775563914
0.397184303807749 -180.117005906782 -45.0292514766956
0.397634754258199 -179.912964922918 -44.9782412307296
0.39808520470865 -179.709385701427 -44.9273464253568
0.3985356551591 -179.506266676324 -44.8765666690811
0.398986105609551 -179.303606289071 -44.8259015722677
0.399436556060001 -179.101402987878 -44.7753507469696
0.399887006510452 -178.899655228279 -44.7249138070697
0.400337456960902 -178.698361472491 -44.6745903681229
0.400787907411352 -178.497520189676 -44.6243800474191
0.401238357861803 -178.297129856187 -44.5742824640467
0.401688808312253 -178.097188954686 -44.5242972386714
0.402139258762704 -177.897695974902 -44.4744239937255
0.402589709213154 -177.698649413569 -44.4246623533923
0.403040159663605 -177.500047773603 -44.3750119434009
0.403490610114055 -177.301889565052 -44.3254723912629
0.403941060564506 -177.104173304396 -44.276043326099
0.404391511014956 -176.906897514744 -44.226724378686
0.404841961465406 -176.710060725954 -44.1775151814885
0.405292411915857 -176.513661474131 -44.1284153685328
0.405742862366307 -176.317698302258 -44.0794245755646
0.406193312816758 -176.122169759249 -44.0305424398123
0.406643763267208 -175.927074400895 -43.9817686002237
0.407094213717659 -175.732410789233 -43.9331026973083
0.407544664168109 -175.538177492801 -43.8845443732002
0.40799511461856 -175.344373086065 -43.8360932715163
0.40844556506901 -175.150996150246 -43.7877490375614
0.40889601551946 -174.958045272365 -43.7395113180914
0.409346465969911 -174.765519046263 -43.6913797615658
0.409796916420361 -174.573416071203 -43.6433540178008
0.410247366870812 -174.381734953328 -43.5954337383319
0.410697817321262 -174.190474304331 -43.5476185760827
0.411148267771713 -173.99963274228 -43.4999081855699
0.411598718222163 -173.809208891488 -43.452302222872
0.412049168672614 -173.619201381696 -43.404800345424
0.412499619123064 -173.429608849079 -43.3574022122697
0.412950069573514 -173.240429935807 -43.3101074839517
0.413400520023965 -173.051663289602 -43.2629158224006
0.413850970474415 -172.863307564371 -43.2158268910928
0.414301420924866 -172.675361419761 -43.1688403549401
0.414751871375316 -172.487823521349 -43.1219558803373
0.415202321825767 -172.300692540331 -43.0751731350828
0.415652772276217 -172.113967153769 -43.0284917884423
0.416103222726668 -171.927646044592 -42.9819115111481
0.416553673177118 -171.741727901094 -42.9354319752736
0.417004123627568 -171.55621141731 -42.8890528543275
0.417454574078019 -171.371095293331 -42.8427738233329
0.417905024528469 -171.186378234362 -42.7965945585905
0.41835547497892 -171.002058951283 -42.7505147378207
0.41880592542937 -170.818136160781 -42.7045340401952
0.419256375879821 -170.634608584905 -42.6586521462264
0.419706826330271 -170.451474950943 -42.6128687377359
0.420157276780722 -170.268733991923 -42.5671834979808
0.420607727231172 -170.086384446362 -42.5215961115906
0.421058177681622 -169.90442505789 -42.4761062644724
0.421508628132073 -169.722854575875 -42.4307136439688
0.421959078582523 -169.541671754611 -42.3854179386528
0.422409529032974 -169.360875354068 -42.340218838517
0.422859979483424 -169.1804641392 -42.2951160348001
0.423310429933875 -169.000436880516 -42.250109220129
0.423760880384325 -168.820792353507 -42.2051980883768
0.424211330834776 -168.641529338966 -42.1603823347415
0.424661781285226 -168.462646622922 -42.1156616557305
0.425112231735676 -168.284142996388 -42.0710357490971
0.425562682186127 -168.106017255553 -42.0265043138883
0.426013132636577 -167.928268201841 -41.9820670504603
0.426463583087028 -167.750894641599 -41.9377236603997
0.426914033537478 -167.573895386219 -41.8934738465548
0.427364483987929 -167.397269252081 -41.8493173130203
0.427814934438379 -167.221015060674 -41.8052537651685
0.42826538488883 -167.045131638409 -41.7612829096022
0.42871583533928 -166.869617816428 -41.7174044541071
0.42916628578973 -166.694472431049 -41.6736181077623
0.429616736240181 -166.519694323447 -41.6299235808617
0.430067186690631 -166.345282339277 -41.5863205848191
0.430517637141082 -166.171235329556 -41.5428088323891
0.430968087591532 -165.997552149848 -41.499388037462
0.431418538041983 -165.824231660444 -41.456057915111
0.431868988492433 -165.65127272656 -41.41281818164
0.432319438942884 -165.478674217828 -41.3696685544569
0.432769889393334 -165.306435009052 -41.3266087522631
0.433220339843784 -165.134553979267 -41.2836384948167
0.433670790294235 -164.963030012489 -41.2407575031223
0.434121240744685 -164.791861997153 -41.1979654992884
0.434571691195136 -164.621048826489 -41.1552622066223
0.435022141645586 -164.45058939808 -41.11264734952
0.435472592096037 -164.280482614304 -41.0701206535761
0.435923042546487 -164.110727381894 -41.0276818454736
0.436373492996938 -163.941322612251 -40.9853306530628
0.436823943447388 -163.772267221194 -40.9430668052984
0.437274393897839 -163.603560128767 -40.9008900321916
0.437724844348289 -163.435200260063 -40.8588000650158
0.438175294798739 -163.267186543963 -40.8167966359908
0.43862574524919 -163.099517914203 -40.7748794785508
0.43907619569964 -162.932193308433 -40.7330483271082
0.439526646150091 -162.76521166916 -40.69130291729
0.439977096600541 -162.59857194293 -40.6496429857326
0.440427547050992 -162.432273080581 -40.6080682701452
0.440877997501442 -162.26631403749 -40.5665785093726
0.441328447951893 -162.100693773077 -40.5251734432692
0.441778898402343 -161.935411250922 -40.4838528127304
0.442229348852793 -161.770465439213 -40.4426163598033
0.442679799303244 -161.605855309736 -40.401463827434
0.443130249753694 -161.441579839133 -40.3603949597832
0.443580700204145 -161.277638007705 -40.3194095019263
0.444031150654595 -161.114028800174 -40.2785072000434
0.444481601105046 -160.950751205231 -40.2376878013078
0.444932051555496 -160.787804215611 -40.1969510539027
0.445382502005947 -160.625186828209 -40.1562967070522
0.445832952456397 -160.46289804415 -40.1157245110375
0.446283402906847 -160.300936868217 -40.0752342170543
0.446733853357298 -160.139302309548 -40.0348255773871
0.447184303807748 -159.977993381193 -39.9944983452981
0.447634754258199 -159.817009099859 -39.9542522749647
0.448085204708649 -159.656348486799 -39.9140871216997
0.4485356551591 -159.496010566482 -39.8740026416206
0.44898610560955 -159.335994368112 -39.8339985920279
0.449436556060001 -159.176298923854 -39.7940747309634
0.449887006510451 -159.016923270609 -39.7542308176521
0.450337456960901 -158.85786644862 -39.714466612155
0.450787907411352 -158.699127502043 -39.6747818755108
0.451238357861802 -158.540705479073 -39.6351763697682
0.451688808312253 -158.382599431562 -39.5956498578904
0.452139258762703 -158.224808414897 -39.5562021037243
0.452589709213154 -158.067331488693 -39.5168328721734
0.453040159663604 -157.910167715972 -39.477541928993
0.453490610114055 -157.753316163666 -39.4383290409165
0.453941060564505 -157.59677590199 -39.3991939754976
0.454391511014955 -157.440546005576 -39.360136501394
0.454841961465406 -157.284625552146 -39.3211563880365
0.455292411915856 -157.129013623272 -39.282253405818
0.455742862366307 -156.97370930406 -39.2434273260149
0.456193312816757 -156.818711683336 -39.204677920834
0.456643763267208 -156.664019853526 -39.1660049633815
0.457094213717658 -156.509632910524 -39.127408227631
0.457544664168109 -156.355549953947 -39.0888874884868
0.457995114618559 -156.201770086694 -39.0504425216736
0.458445565069009 -156.048292415512 -39.012073103878
0.45889601551946 -155.895116050366 -38.9737790125915
0.45934646596991 -155.74224010507 -38.9355600262674
0.459796916420361 -155.589663696402 -38.8974159241006
0.460247366870811 -155.437385944993 -38.8593464862483
0.460697817321262 -155.285405974814 -38.8213514937034
0.461148267771712 -155.133722913244 -38.783430728311
0.461598718222163 -154.982335891134 -38.7455839727835
0.462049168672613 -154.831244042488 -38.7078110106221
0.462499619123063 -154.680446505097 -38.6701116262743
0.462950069573514 -154.529942419654 -38.6324856049136
0.463400520023964 -154.379730930511 -38.5949327326279
0.463850970474415 -154.229811185302 -38.5574527963256
0.464301420924865 -154.080182334752 -38.520045583688
0.464751871375316 -153.930843533057 -38.4827108832641
0.465202321825766 -153.781793937818 -38.4454484844545
0.465652772276217 -153.633032709542 -38.4082581773855
0.466103222726667 -153.484559012203 -38.3711397530509
0.466553673177117 -153.336372013185 -38.3340930032963
0.467004123627568 -153.188470882583 -38.2971177206458
0.467454574078018 -153.040854794216 -38.260213698554
0.467905024528469 -152.893522924804 -38.2233807312009
0.468355474978919 -152.746474454223 -38.1866186135557
0.46880592542937 -152.599708565755 -38.1499271414388
0.46925637587982 -152.453224445524 -38.113306111381
0.469706826330271 -152.307021282617 -38.0767553206542
0.470157276780721 -152.16109826978 -38.0402745674451
0.470607727231172 -152.015454602538 -38.0038636506346
0.471058177681622 -151.870089479443 -37.9675223698608
0.471508628132072 -151.725002102202 -37.9312505255504
0.471959078582523 -151.580191675549 -37.8950479188873
0.472409529032973 -151.435657407376 -37.8589143518441
0.472859979483424 -151.291398508224 -37.8228496270559
0.473310429933874 -151.147414192038 -37.7868535480096
0.473760880384325 -151.003703675544 -37.7509259188861
0.474211330834775 -150.860266178557 -37.7150665446393
0.474661781285226 -150.717100923732 -37.6792752309331
0.475112231735676 -150.574207136879 -37.6435517842197
0.475562682186126 -150.431584046393 -37.6078960115983
0.476013132636577 -150.289230883953 -37.5723077209884
0.476463583087027 -150.14714688395 -37.5367867209876
0.476914033537478 -150.005331283677 -37.5013328209192
0.477364483987928 -149.863783323392 -37.465945830848
0.477814934438379 -149.722502246004 -37.4306255615011
0.478265384888829 -149.58148729764 -37.3953718244101
0.47871583533928 -149.440737726825 -37.3601844317062
0.47916628578973 -149.300252785237 -37.3250631963091
0.47961673624018 -149.160031727268 -37.290007931817
0.480067186690631 -149.020073810277 -37.2550184525691
0.480517637141081 -148.880378294018 -37.2200945735045
0.480968087591532 -148.740944441276 -37.1852361103191
0.481418538041982 -148.601771517549 -37.1504428793872
0.481868988492433 -148.462858791235 -37.1157146978088
0.482319438942883 -148.324205533069 -37.0810513832673
0.482769889393334 -148.18581101694 -37.046452754235
0.483220339843784 -148.047674519324 -37.0119186298309
0.483670790294234 -147.909795319283 -36.9774488298208
0.484121240744685 -147.772172698468 -36.943043174617
0.484571691195135 -147.634805941494 -36.9087014853734
0.485022141645586 -147.497694335373 -36.8744235838433
0.485472592096036 -147.360837169896 -36.840209292474
0.485923042546487 -147.224233737564 -36.806058434391
0.486373492996937 -147.087883333277 -36.7719708333193
0.486823943447388 -146.951785254712 -36.7379463136781
0.487274393897838 -146.815938802069 -36.7039847005174
0.487724844348288 -146.680343278198 -36.6700858195496
0.488175294798739 -146.544997988536 -36.6362494971341
0.488625745249189 -146.409902240918 -36.6024755602295
0.48907619569964 -146.275055345891 -36.5687638364729
0.48952664615009 -146.140456616591 -36.5351141541478
0.489977096600541 -146.00610536855 -36.5015263421375
0.490427547050991 -145.872000919635 -36.4680002299087
0.490877997501442 -145.738142590552 -36.434535647638
0.491328447951892 -145.604529704532 -36.401132426133
0.491778898402342 -145.471161586823 -36.3677903967059
0.492229348852793 -145.338037565642 -36.3345093914104
0.492679799303243 -145.205156971536 -36.301289242884
0.493130249753694 -145.072519137327 -36.2681297843318
0.493580700204144 -144.940123398234 -36.2350308495584
0.494031150654595 -144.807969092187 -36.2019922730468
0.494481601105045 -144.676055559454 -36.1690138898635
0.494932051555496 -144.544382142445 -36.1360955356113
0.495382502005946 -144.412948186286 -36.1032370465715
0.495832952456396 -144.281753038309 -36.0704382595772
0.496283402906847 -144.150796048307 -36.0376990120768
0.496733853357297 -144.020076568284 -36.005019142071
0.497184303807748 -143.889593952701 -35.9723984881754
0.497634754258198 -143.759347558483 -35.9398368896208
0.498085204708649 -143.629336744572 -35.9073341861431
0.498535655159099 -143.499560872435 -35.8748902181087
0.49898610560955 -143.370019305809 -35.8425048264522
