0.00337078651685393 -3170.95714258779 -1585.47857129465 -1585.47857129465
0.00674157303370787 -6306.38825125413 -4729.79118844036 -4729.79118844036
0.0101123595505618 -9371.16531041382 -7809.304425345 -7809.304425345
0.0134831460674157 -12330.9518819287 -10789.5828966882 -10789.5828966882
0.0168539325842697 -15152.5877957264 -13637.3290161543 -13637.3290161543
0.0202247191011236 -17804.4606620207 -16320.7556068521 -16320.7556068521
0.0235955056179775 -20256.8600428689 -18809.9414683749 -18809.9414683749
0.0269662921348315 -22482.3103150838 -21077.1659203865 -21077.1659203865
0.0303370786516854 -24455.8784952454 -23097.218578843 -23097.218578843
0.0337078651685393 -26155.4535780762 -24847.6808991739 -24847.6808991739
0.0370786516853933 -27561.9942585917 -26309.1763377427 -26309.1763377427
0.0404494382022472 -28659.7422626555 -27465.5863350475 -27465.5863350475
0.0438202247191011 -29436.3988958746 -28304.2297075704 -28304.2297075704
0.0471910112359551 -29883.2628328587 -28816.0034459688 -28816.0034459688
0.050561797752809 -29995.32760311 -28995.4833496722 -28995.4833496722
0.0539325842696629 -29771.3376813564 -28840.9833788149 -28840.9833788149
0.0573033707865169 -29213.802553914 -28354.573067035 -28354.573067035
0.0606741573033708 -28328.9686034867 -27542.052808949 -27542.052808949
0.0640449438202247 -27126.7491273926 -26412.8873082496 -26412.8873082496
0.0674157303370786 -25620.6132732638 -24980.0979414342 -24980.0979414342
0.0707865168539326 -23827.4351365353 -23260.1152523321 -23260.1152523321
0.0741573033707865 -21767.3047103695 -21272.5932396806 -21272.5932396806
0.0775280898876405 -19463.3028060518 -19040.1875276548 -19040.1875276548
0.0808988764044944 -16941.2424655526 -16588.299914189 -16588.299914189
0.0842696629213483 -14229.3797633566 -13944.792168084 -13944.792168084
0.0876404494382022 -11358.0972376111 -11139.6722907376 -11139.6722907376
0.0910112359550562 -8359.56349729476 -8204.75676586098 -8204.75676586098
0.0943820224719101 -5267.37281901961 -5173.31259011032 -5173.31259011032
0.0977528089887641 -2116.16877126932 -2079.68310279933 -2079.68310279933
0.101123595505618 1058.74391717557 1041.09818522451 1041.09818522451
0.104494382022472 4221.79489616671 4153.70143009945 4153.70143009945
0.107865168539326 7337.546709024 7222.89754169416 7222.89754169416
0.11123595505618 10371.0918184907 10213.9540636645 10213.9540636645
0.114606741573034 13288.4436957002 13093.0254060567 13093.0254060567
0.117977528089888 16056.917590563 15827.5330535579 15827.5330535579
0.121348314606742 18645.4967175858 18386.5314853946 18386.5314853946
0.124719101123596 21025.179754537 20741.055703801 20741.055703801
0.128089887640449 23169.3057607317 22864.4464744064 22864.4464744064
0.131460674157303 25053.8528746931 24732.6496327125 24732.6496327125
0.134831460674157 26657.7074447108 26324.4861016481 26324.4861016481
0.138202247191011 27962.9005770732 27621.8895944262 27621.8895944262
0.141573033707865 28954.8094517895 28610.1093392684 28610.1093392684
0.144943820224719 29622.3211503479 29277.8755555776 29277.8755555776
0.148314606741573 29957.9571600534 29617.525828691 29617.525828691
0.151685393258427 29957.9571600534 29625.0909693861 29625.0909693861
0.155056179775281 29622.3211503479 29300.3393987137 29300.3393987137
0.158426966292135 28954.8094517895 28646.7795640069 28646.7795640069
0.161797752808989 27962.9005770732 27671.6203627282 27671.6203627282
0.165168539325843 26657.7074447108 26385.6900218037 26385.6900218037
0.168539325842697 25053.8528746931 24803.3143459434 24803.3143459434
0.171910112359551 23169.3057607317 22942.1557042552 22942.1557042552
0.175280898876404 21025.179754537 20823.0145645956 20823.0145645956
0.178651685393258 18645.4967175858 18469.595805157 18469.595805157
0.182022471910112 16056.917590563 15908.2424276863 15908.2424276863
0.185393258426966 13288.4436957002 13167.6396621009 13167.6396621009
0.18876404494382 10371.0918184907 10278.4927844005 10278.4927844005
0.192134831460674 7337.546709024 7273.182264208 7273.182264208
0.195505617977528 4221.79489616671 4185.40011258394 4185.40011258394
0.198876404494382 1058.74391717558 1049.77151109247 1049.77151109247
0.202247191011236 -2116.16877126933 -2098.53403151114 -2098.53403151114
0.20561797752809 -5267.37281901963 -5224.19763197812 -5224.19763197812
0.208988764044944 -8359.56349729475 -8292.14766263826 -8292.14766263826
0.212359550561798 -11358.0972376111 -11267.9536087393 -11267.9536087393
0.215730337078652 -14229.3797633566 -14118.2127339498 -14118.2127339498
0.219101123595506 -16941.2424655526 -16810.925215818 -16810.925215818
0.22247191011236 -19463.3028060518 -19315.8535423702 -19315.8535423702
0.225842696629213 -21767.3047103695 -21604.8621379032 -21604.8621379032
0.229213483146067 -23827.4351365353 -23652.23340759 -23652.23340759
0.232584269662921 -25620.6132732638 -25434.9566553395 -25434.9566553395
0.235955056179775 -27126.7491273925 -26932.9866336312 -26932.9866336312
0.239325842696629 -28328.9686034867 -28129.468824591 -28129.468824591
0.242696629213483 -29213.802553914 -29010.9289250665 -29010.9289250665
0.246067415730337 -29771.3376813564 -29567.4244095674 -29567.4244095674
0.249438202247191 -29995.32760311 -29792.6564706558 -29792.6564706558
0.252808988764045 -29883.2628328587 -29684.0410806411 -29684.0410806411
0.256179775280899 -29436.3988958746 -29242.738376821 -29242.738376821
0.259550561797753 -28659.7422626555 -28473.6400401711 -28473.6400401711
0.262921348314607 -27561.9942585917 -27385.3148082147 -27385.3148082147
0.266292134831461 -26155.4535780762 -25989.9127326483 -25989.9127326483
0.269662921348315 -24455.8784952454 -24303.0292546473 -24303.0292546473
0.273033707865169 -22482.3103150837 -22343.5306217835 -22343.5306217835
0.276404494382023 -20256.8600428689 -20133.3426035777 -20133.3426035777
0.279775280898876 -17804.4606620207 -17697.2048749023 -17697.2048749023
0.28314606741573 -15152.5877957264 -15062.3938207495 -15062.3938207495
0.286516853932584 -12330.9518819286 -12258.4168708628 -12258.4168708628
0.289887640449438 -9371.16531041383 -9316.6817911689 -9316.6817911689
0.293258426966292 -6306.38825125416 -6270.14464060931 -6270.14464060931
0.296629213483146 -3170.95714258778 167048.138948508 167048.138948508
0.299438202247191 -529.454419293857 62516.2553604574 -252906.669412796
0.301123595505618 0 9.86031734599748e-010 3.94412693839899e-009
0.302247191011236 0 7.15378923230801e-009 2.86151569292321e-008
0.303370786516854 0 1.99644266447916e-008 7.98577065791662e-008
0.304494382022472 0 -2.81747732539979e-008 -1.12699093015991e-007
0.30561797752809 0 -3.72506737873986e-008 -1.49002695149594e-007
0.306741573033708 0 -1.39708442438967e-008 -5.58833769755868e-008
0.307865168539326 0 2.22935056718831e-009 8.91740226875323e-009
0.308988764044944 0 -7.5248514893907e-009 -3.00994059575628e-008
0.310112359550562 0 1.51827661051369e-008 6.07310644205475e-008
0.31123595505618 0 -2.71409371035598e-008 -1.08563748414239e-007
0.312359550561798 0 -1.6097905143191e-008 -6.43916205727641e-008
0.313483146067416 0 -3.08424458986105e-008 -1.23369783594442e-007
0.314606741573034 0 -1.45358430277536e-008 -5.81433721110145e-008
0.315730337078652 0 2.55792030128318e-008 1.02316812051327e-007
0.31685393258427 0 -6.32974711356991e-009 -2.53189884542796e-008
0.317977528089888 0 9.9008911321783e-009 3.96035645287132e-008
0.319101123595506 0 -3.44478726671484e-008 -1.37791490668594e-007
0.320224719101124 0 -5.0331759464422e-008 -2.01327037857688e-007
0.321348314606742 0 -9.45409354920221e-009 -3.78163741968089e-008
0.32247191011236 0 -2.60214274634143e-009 -1.04085709853657e-008
0.323595505617978 0 2.90850532918208e-008 1.16340213167283e-007
0.324719101123595 0 6.81647437456854e-009 2.72658974982742e-008
0.325842696629214 0 -5.09607071795206e-008 -2.03842828718082e-007
0.326966292134831 0 2.08885194770296e-008 8.35540779081182e-008
0.328089887640449 0 -2.85707162527926e-008 -1.1428286501117e-007
0.329213483146067 0 -4.22459335053212e-008 -1.68983734021285e-007
0.330337078651685 0 -2.79804372439086e-008 -1.11921748975634e-007
0.331460674157303 0 2.0741910237398e-009 8.29676409495919e-009
0.332584269662921 0 -3.5663304298737e-008 -1.42653217194948e-007
0.333707865168539 0 -7.82010298735079e-009 -3.12804119494032e-008
0.334831460674157 0 -6.21262409060205e-009 -2.48504963624082e-008
0.335955056179775 0 2.94972887160199e-009 1.1798915486408e-008
0.337078651685393 0 -2.94431180131159e-009 -1.17772472052464e-008
0.338202247191011 0 -3.51024441034251e-008 -1.40409776413701e-007
0.339325842696629 0 -3.27057022239127e-008 -1.30822808895651e-007
0.340449438202247 0 1.39190024719677e-008 5.56760098878707e-008
0.341573033707865 0 -3.90589345132606e-008 -1.56235738053043e-007
0.342696629213483 0 2.49748170687031e-009 9.98992682748124e-009
0.343820224719101 0 -3.94534857920106e-008 -1.57813943168043e-007
0.344943820224719 0 -2.97113033325709e-008 -1.18845213330284e-007
0.346067415730337 0 -4.18286826171649e-008 -1.6731473046866e-007
0.347191011235955 0 2.06545003794411e-008 8.26180015177644e-008
0.348314606741573 0 -3.63375499403597e-008 -1.45350199761439e-007
0.349438202247191 0 -6.89226915313429e-009 -2.75690766125372e-008
0.350561797752809 0 -3.57974232032258e-008 -1.43189692812903e-007
0.351685393258427 0 -1.27406994033722e-009 -5.09627976134888e-009
0.352808988764045 0 -3.5533425640139e-008 -1.42133702560556e-007
0.353932584269663 0 -1.61210952898302e-008 -6.44843811593208e-008
0.355056179775281 0 -7.51309130942292e-009 -3.00523652376917e-008
0.356179775280899 0 -2.2982344714225e-008 -9.19293788569e-008
0.357303370786517 0 -1.15877168796767e-008 -4.63508675187066e-008
0.358426966292135 0 -4.15722740453714e-008 -1.66289096181486e-007
0.359550561797753 0 7.9636203230778e-010 3.18544812923112e-009
0.360674157303371 0 -1.6405901198391e-008 -6.56236047935639e-008
0.361797752808989 0 -1.82857903917907e-008 -7.31431615671627e-008
0.362921348314607 0 -1.95771663586192e-008 -7.83086654344769e-008
0.364044943820225 0 -1.68527349311653e-008 -6.74109397246611e-008
0.365168539325843 0 -2.64031494894134e-008 -1.05612597957654e-007
0.366292134831461 0 -2.72460252084765e-008 -1.08984100833906e-007
0.367415730337079 0 4.57633189540839e-009 1.83053275816336e-008
0.368539325842697 0 5.42881739943288e-009 2.17152695977315e-008
0.369662921348315 0 2.70087074539191e-009 1.08034829815676e-008
0.370786516853933 0 -1.64033012362514e-008 -6.56132049450056e-008
0.371910112359551 0 -3.82942348714835e-008 -1.53176939485934e-007
0.373033707865169 0 -2.76770879788089e-008 -1.10708351915236e-007
0.374157303370787 0 -1.01598983438852e-009 -4.0639593375541e-009
0.375280898876404 0 1.53321368118162e-008 6.13285472472648e-008
0.376404494382022 0 2.34603321636704e-008 9.38413286546816e-008
0.37752808988764 0 2.88616162426037e-009 1.15446464970415e-008
0.378651685393258 0 -6.01011200912478e-008 -2.40404480364991e-007
0.379775280898876 0 -5.26408740726354e-009 -2.10563496290542e-008
0.380898876404494 0 -1.21309779105776e-008 -4.85239116423104e-008
0.382022471910112 0 -6.72282906019425e-009 -2.6891316240777e-008
0.38314606741573 0 -7.95641499491562e-010 -3.18256599796625e-009
0.384269662921348 0 3.82183625390257e-008 1.52873450156103e-007
0.385393258426966 0 -3.25099448576263e-008 -1.30039779430505e-007
0.386516853932584 0 -6.55878815950688e-008 -2.62351526380275e-007
0.387640449438202 0 1.81374005910839e-008 7.25496023643356e-008
0.38876404494382 0 1.706713271232e-008 6.82685308492799e-008
0.389887640449438 0 -1.25572349128736e-008 -5.02289396514943e-008
0.391011235955056 0 6.04319529244248e-009 2.41727811697699e-008
0.392134831460674 0 -3.02786167079787e-009 -1.21114466831915e-008
0.393258426966292 0 -4.68910213515151e-008 -1.8756408540606e-007
0.39438202247191 0 6.91196254632042e-009 2.76478501852817e-008
0.395505617977528 0 1.9917115687935e-008 7.96684627517401e-008
0.396629213483146 0 -5.59463643928043e-008 -2.23785457571217e-007
0.397752808988764 0 -7.70039093498557e-009 -3.08015637399423e-008
0.398876404494382 0 -5.84279686448371e-009 -2.33711874579348e-008
0.4 0 -7.88337398832667e-009 -3.15334959533067e-008
0.401123595505618 0 1.10272208595162e-008 4.41088834380649e-008
0.402247191011236 0 3.44040611099276e-009 1.3761624443971e-008
0.403370786516854 0 -4.61001600364705e-008 -1.84400640145882e-007
0.404494382022472 0 -6.74853772401471e-010 -2.69941508960589e-009
0.40561797752809 0 -2.85078962879151e-008 -1.14031585151661e-007
0.406741573033708 0 -2.52362212638034e-008 -1.00944885055213e-007
0.407865168539326 0 8.44718901882166e-009 3.37887560752867e-008
0.408988764044944 0 -2.62669282768347e-008 -1.05067713107339e-007
0.410112359550562 0 -2.08851789553686e-009 -8.35407158214745e-009
0.41123595505618 0 -5.60789823712112e-008 -2.24315929484845e-007
0.412359550561798 0 -2.53726781297298e-009 -1.01490712518919e-008
0.413483146067416 0 7.69616120907985e-009 3.07846448363194e-008
0.414606741573034 0 -3.96160786894991e-008 -1.58464314757997e-007
0.415730337078652 0 3.93742894895206e-010 1.57497157958082e-009
0.41685393258427 0 -3.56065138421245e-008 -1.42426055368498e-007
0.417977528089888 0 -1.24332758619742e-008 -4.97331034478969e-008
0.419101123595506 0 -1.8093385233242e-008 -7.2373540932968e-008
0.420224719101124 0 1.05656773993877e-009 4.2262709597551e-009
0.421348314606742 0 -2.77523908354104e-008 -1.11009563341642e-007
0.42247191011236 0 7.83485565875363e-009 3.13394226350145e-008
0.423595505617978 0 -3.08503991565267e-008 -1.23401596626107e-007
0.424719101123596 0 -3.49870184668299e-008 -1.3994807386732e-007
0.425842696629213 0 -3.95086072037529e-008 -1.58034428815012e-007
0.426966292134831 0 1.62109400154322e-008 6.48437600617288e-008
0.428089887640449 0 -2.00634924047208e-008 -8.02539696188834e-008
0.429213483146067 0 -4.36534105293265e-009 -1.74613642117306e-008
0.430337078651685 0 -4.99917709310515e-009 -1.99967083724206e-008
0.431460674157303 0 -5.34227127036055e-008 -2.13690850814422e-007
0.432584269662921 0 -1.78629680491752e-009 -7.14518721967009e-009
0.433707865168539 0 -5.69986022974361e-009 -2.27994409189744e-008
0.434831460674157 0 -1.25971028307829e-008 -5.03884113231316e-008
0.435955056179775 0 8.13895470385272e-009 3.25558188154109e-008
0.437078651685393 0 7.85197721431069e-009 3.14079088572428e-008
0.438202247191011 0 -4.82966457745376e-008 -1.9318658309815e-007
0.439325842696629 0 -9.12582243362243e-010 -3.65032897344897e-009
0.440449438202247 0 -1.29600740605571e-008 -5.18402962422284e-008
0.441573033707865 0 2.12807422765075e-009 8.51229691060299e-009
0.442696629213483 0 -1.16943083495195e-008 -4.67772333980779e-008
0.443820224719101 0 2.99591229795451e-008 1.19836491918181e-007
0.444943820224719 0 -4.56194388031458e-008 -1.82477755212583e-007
0.446067415730337 0 4.65850700794015e-009 1.86340280317606e-008
0.447191011235955 0 -3.9311856159034e-008 -1.57247424636136e-007
0.448314606741573 0 1.31863073283524e-008 5.27452293134098e-008
0.449438202247191 0 -1.76437619497243e-008 -7.05750477988971e-008
0.450561797752809 0 3.18438364984763e-008 1.27375345993905e-007
0.451685393258427 0 -4.50898228994579e-008 -1.80359291597832e-007
0.452808988764045 0 -6.60919588977375e-011 -2.6436783559095e-010
0.453932584269663 0 -9.08250977349385e-009 -3.63300390939754e-008
0.455056179775281 0 -2.73591593584715e-008 -1.09436637433886e-007
0.456179775280899 0 3.44630872074833e-008 1.37852348829933e-007
0.457303370786517 0 -1.97573001928915e-008 -7.90292007715658e-008
0.458426966292135 0 9.65937976561407e-009 3.86375190624563e-008
0.459550561797753 0 -1.98515259277118e-008 -7.94061037108472e-008
0.460674157303371 0 2.06778768904274e-009 8.27115075617096e-009
0.461797752808989 0 -1.2880085923877e-008 -5.15203436955081e-008
0.462921348314607 0 -2.64931829121116e-008 -1.05972731648446e-007
0.464044943820225 0 -6.84878638197873e-009 -2.73951455279149e-008
0.465168539325843 0 1.54792873919294e-008 6.19171495677177e-008
0.466292134831461 0 -2.81435481830218e-008 -1.12574192732087e-007
0.467415730337079 0 1.07507982534363e-008 4.30031930137451e-008
0.468539325842697 0 -4.44343653298813e-008 -1.77737461319525e-007
0.469662921348315 0 8.6006016337231e-009 3.44024065348924e-008
0.470786516853933 0 -3.50865684275738e-008 -1.40346273710295e-007
0.471910112359551 0 1.7253925900451e-009 6.90157036018039e-009
0.473033707865169 0 2.84742825863806e-008 1.13897130345523e-007
0.474157303370787 0 -2.06271760681194e-008 -8.25087042724778e-008
0.475280898876405 0 -2.50950825328926e-008 -1.0038033013157e-007
0.476404494382022 0 2.74652337462421e-008 1.09860934984968e-007
0.47752808988764 0 -4.65627990706949e-008 -1.8625119628278e-007
0.478651685393258 0 3.97787461551308e-009 1.59114984620523e-008
0.479775280898876 0 -6.85491318437775e-009 -2.7419652737511e-008
0.480898876404494 0 1.84261074272431e-008 7.37044297089724e-008
0.482022471910112 0 -3.4788477798102e-008 -1.39153911192408e-007
0.48314606741573 0 1.14085248677001e-009 4.56340994708003e-009
0.484269662921348 0 -9.65930353233126e-009 -3.8637214129325e-008
0.485393258426966 0 -1.28828514391178e-008 -5.15314057564712e-008
0.486516853932584 0 -3.51691598556529e-008 -1.40676639422612e-007
0.487640449438202 0 1.66662948291095e-008 6.66651793164381e-008
0.48876404494382 0 -5.97508226325632e-009 -2.39003290530253e-008
0.489887640449438 0 -1.19497835588259e-009 -4.77991342353037e-009
0.491011235955056 0 -2.30241426690093e-008 -9.20965706760371e-008
0.492134831460674 0 8.3192993415684e-009 3.32771973662736e-008
0.493258426966292 0 -1.17653326337277e-008 -4.70613305349106e-008
0.49438202247191 0 -8.27024191711733e-009 -3.30809676684693e-008
0.495505617977528 0 8.73786727339744e-010 3.49514690935898e-009
0.496629213483146 0 -1.08305046759136e-008 -4.33220187036544e-008
0.497752808988764 0 -1.13001402629441e-008 -4.52005610517765e-008
0.498876404494382 0 -6.04086461627517e-009 -2.41634584651007e-008
