0.000338218714768884 -318.757630837439 -212.50508718754 -212.50508718754
0.000676437429537768 -637.479274188007 -563.106092464001 -563.106092464001
0.00101465614430665 -956.128946627793 -889.349515887209 -889.349515887209
0.00135287485907554 -1274.67067285835 -1211.43839102883 -1211.43839102883
0.00169109357384442 -1593.06848976826 -1531.91262894466 -1531.91262894466
0.0020293122886133 -1911.28645049336 -1851.5005504665 -1851.5005504665
0.00236753100338219 -2229.28862847513 -2170.47759926805 -2170.47759926805
0.00270574971815107 -2547.03912151672 -2488.95939547495 -2488.95939547495
0.00304396843291995 -2864.50205583634 -2806.99287932218 -2806.99287932218
0.00338218714768884 -3181.64159011733 -3124.59137302219 -3124.59137302219
0.00372040586245772 -3498.42191955466 -3441.75012825822 -3441.75012825822
0.00405862457722661 -3814.80727989723 -3758.45397652972 -3758.45397652972
0.00439684329199549 -4130.76195148567 -4074.68139933586 -4074.68139933586
0.00473506200676437 -4446.250263285 -4390.40684038274 -4390.40684038274
0.00507328072153326 -4761.23659691191 -4705.60208007068 -4705.60208007068
0.00541149943630214 -5075.68539065603 -5020.23709476607 -5020.23709476607
0.00574971815107103 -5389.56114349482 -5334.28061230408 -5334.28061230408
0.00608793686583991 -5702.82841910162 -5647.70048163337 -5647.70048163337
0.0064261555806088 -6015.45184984636 -5960.46392528655 -5960.46392528655
0.00676437429537768 -6327.39614078856 -6272.53771715282 -6272.53771715282
0.00710259301014656 -6638.62607366209 -6583.88831440411 -6583.88831440411
0.00744081172491545 -6949.10651085127 -6894.48194803157 -6894.48194803157
0.00777903043968433 -7258.80239935792 -7204.2846944415 -7204.2846944415
0.00811724915445322 -7567.67877475879 -7513.26253069475 -7513.26253069475
0.0084554678692221 -7875.70076515299 -7821.38137329841 -7821.38137329841
0.00879368658399098 -8182.83359509905 -8128.60711596775 -8128.60711596775
0.00913190529875987 -8489.04258954104 -8434.90565068677 -8434.90565068677
0.00947012401352875 -8794.29317772328 -8740.24289447839 -8740.24289447839
0.00980834272829764 -9098.55089709345 -9044.58480287361 -9044.58480287361
0.0101465614430665 -9401.78139719333 -9347.89738850494 -9347.89738850494
0.0104847801578354 -9703.95044353695 -9650.14673379312 -9650.14673379312
0.0108229988726043 -10005.0239214756 -9951.29899879347 -9951.29899879347
0.0111612175873732 -10304.9678400495 -10251.3204351976 -10251.3204351976
0.0114994363021421 -10603.7483358251 -10550.1773928511 -10550.1773928511
0.0118376550169109 -10901.3316767185 -10847.8363290298 -10847.8363290298
0.0121758737316798 -11197.6842658034 -11144.2638130509 -11144.2638130509
0.0125140924464487 -11492.7726451048 -11439.4265369582 -11439.4265369582
0.0128523111612176 -11786.5634993758 -11733.2913184988 -11733.2913184988
0.0131905298759865 -12079.0236598588 -12025.8251080184 -12025.8251080184
0.0135287485907554 -12370.120108031 -12316.9949935772 -12316.9949935772
0.0138669673055242 -12659.8199793313 -12606.7682068435 -12606.7682068435
0.0142051860202931 -12948.090566871 -12895.1121277914 -12895.1121277914
0.014543404735062 -13234.8993251267 -13181.9942897362 -13181.9942897362
0.0148816234498309 -13520.2138736142 -13467.3823824578 -13467.3823824578
0.0152198421645998 -13804.0020005444 -13751.2442597503 -13751.2442597503
0.0155580608793687 -14086.2316664601 -14033.5479395693 -14033.5479395693
0.0158962795941376 -14366.8710078529 -14314.2616121338 -14314.2616121338
0.0162344983089064 -14645.8883407611 -14593.3536419404 -14593.3536419404
0.0165727170236753 -14923.2521643463 -14870.7925729708 -14870.7925729708
0.0169109357384442 -15198.93116445 -15146.54713057 -15146.54713057
0.0172491544532131 -15472.8942171291 -15420.5862290671 -15420.5862290671
0.017587373167982 -15745.1103921695 -15692.878971822 -15692.878971822
0.0179255918827509 -16015.5489565781 -15963.3946559792 -15963.3946559792
0.0182638105975197 -16284.1793780529 -16232.1027789795 -16232.1027789795
0.0186020293122886 -16550.9713284298 -16498.9730385109 -16498.9730385109
0.0189402480270575 -16815.8946871063 -16763.9753376833 -16763.9753376833
0.0192784667418264 -17078.919544443 -17027.0797889432 -17027.0797889432
0.0196166854565953 -17340.0162051392 -17288.256717973 -17288.256717973
0.0199549041713642 -17599.1551915866 -17547.4766650504 -17547.4766650504
0.020293122886133 -17856.3072471966 -17804.7103914112 -17804.7103914112
0.0206313416009019 -18111.4433397034 -18059.9288793287 -18059.9288793287
0.0209695603156708 -18364.5346644421 -18313.103339702 -18313.103339702
0.0213077790304397 -18615.5526476002 -18564.2052116203 -18564.2052116203
0.0216459977452086 -18864.4689494442 -18813.2061676602 -18813.2061676602
0.0219842164599775 -19111.2554675184 -19060.0781161772 -19060.0781161772
0.0223224351747464 -19355.8843398183 -19304.7932058427 -19304.7932058427
0.0226606538895152 -19598.3279479357 -19547.3238271634 -19547.3238271634
0.0229988726042841 -19838.5589201773 -19787.6426169956 -19787.6426169956
0.023337091319053 -20076.5501346543 -20025.7224615564 -20025.7224615564
0.0236753100338219 -20312.2747223451 -20261.5364986706 -20261.5364986706
0.0240135287485908 -20545.7060701283 -20495.0581215095 -20495.0581215095
0.0243517474633597 -20776.8178237876 -20726.2609815785 -20726.2609815785
0.0246899661781285 -21005.5838909871 -20955.1189924505 -20955.1189924505
0.0250281848928974 -21231.9784442168 -21181.6063297264 -21181.6063297264
0.0253664036076663 -21455.975923709 -21405.6974392613 -21405.6974392613
0.0257046223224352 -21677.5510403238 -21627.3670348762 -21627.3670348762
0.0260428410372041 -21896.678778404 -21846.5901043073 -21846.5901043073
0.026381059751973 -22113.3343985997 -22063.3419109088 -22063.3419109088
0.0267192784667418 -22327.4934406609 -22277.5979968465 -22277.5979968465
0.0270574971815107 -22539.1317261995 -22489.3341857883 -22489.3341857883
0.0273957158962796 -22748.2253614189 -22698.5265853362 -22698.5265853362
0.0277339346110485 -22954.7507398115 -22905.1515907088 -22905.1515907088
0.0280721533258174 -23158.6845448237 -23109.1858856625 -23109.1858856625
0.0284103720405863 -23360.0037524886 -23310.6064474126 -23310.6064474126
0.0287485907553552 -23558.6856340255 -23509.3905478026 -23509.3905478026
0.029086809470124 -23754.7077584055 -23705.5157552092 -23705.5157552092
0.0294250281848929 -23948.0479948842 -23898.9599391974 -23898.9599391974
0.0297632468996618 -24138.6845155005 -24089.7012714279 -24089.7012714279
0.0301014656144307 -24326.5957975403 -24277.7182285501 -24277.7182285501
0.0304396843291996 -24511.7606259673 -24462.9895945937 -24462.9895945937
0.0307779030439685 -24694.1580958172 -24645.4944628545 -24645.4944628545
0.0311161217587373 -24873.7676145585 -24825.2122405313 -24825.2122405313
0.0314543404735062 -25050.5689044173 -25002.1226483598 -25002.1226483598
0.0317925591882751 -25224.5420046664 -25176.2057227264 -25176.2057227264
0.032130777903044 -25395.6672738791 -25347.4418217921 -25347.4418217921
0.0324689966178129 -25563.9253921465 -25515.811622865 -25515.811622865
0.0328072153325818 -25729.2973632587 -25681.2961272495 -25681.2961272495
0.0331454340473506 -25891.7645168498 -25843.8766636147 -25843.8766636147
0.0334836527621195 -26051.3085105055 -26003.5348855928 -26003.5348855928
0.0338218714768884 -26207.9113318336 -26160.2527786201 -26160.2527786201
0.0341600901916573 -26361.5553004985 -26314.012659539 -26314.012659539
0.0344983089064262 -26512.2230702164 -26464.7971796868 -26464.7971796868
0.0348365276211951 -26659.8976307139 -26612.5893249788 -26612.5893249788
0.035174746335964 -26804.5623096491 -26757.3724197332 -26757.3724197332
0.0355129650507328 -26946.2007744928 -26899.1301295053 -26899.1301295053
0.0358511837655017 -27084.7970343733 -27037.8464581589 -27037.8464581589
0.0361894024802706 -27220.3354418815 -27173.505756172 -27173.505756172
0.0365276211950395 -27352.8006948373 -27306.0927169643 -27306.0927169643
0.0368658399098084 -27482.1778380174 -27435.5923819442 -27435.5923819442
0.0372040586245773 -27608.4522648436 -27561.9901403171 -27561.9901403171
0.0375422773393461 -27731.6097190321 -27685.2717321316 -27685.2717321316
0.037880496054115 -27851.6362962027 -27805.4232488272 -27805.4232488272
0.0382187147688839 -27968.5184454488 -27922.4311352707 -27922.4311352707
0.0385569334836528 -28082.2429708675 -28036.282191794 -28036.282191794
0.0388951521984217 -28192.7970330487 -28146.9635739748 -28146.9635739748
0.0392333709131906 -28300.1681505255 -28254.4627964077 -28254.4627964077
0.0395715896279594 -28404.3442011829 -28358.767732483 -28358.767732483
0.0399098083427283 -28505.3134236262 -28459.8666156479 -28459.8666156479
0.0402480270574972 -28603.0644185094 -28557.7480424184 -28557.7480424184
0.0405862457722661 -28697.5861498216 -28652.4009718915 -28652.4009718915
0.040924464487035 -28788.8679461336 -28743.8147282453 -28743.8147282453
0.0412626832018039 -28876.8995018018 -28831.9790007391 -28831.9790007391
0.0416009019165728 -28961.6708781327 -28916.8838449508 -28916.8838449508
0.0419391206313416 -29043.1725045042 -28998.5196862684 -28998.5196862684
0.0422773393461105 -29121.3951794466 -29076.8773176287 -29076.8773176287
0.0426155580608794 -29196.3300716812 -29151.9479032414 -29151.9479032414
0.0429537767756483 -29267.9687211172 -29223.7229763152 -29223.7229763152
0.0432919954904172 -29336.3030398073 -29292.1944452714 -29292.1944452714
0.0436302142051861 -29401.3253128605 -29357.3545894728 -29357.3545894728
0.0439684329199549 -29463.0281993129 -29419.1960616711 -29419.1960616711
0.0443066516347238 -29521.4047329571 -29477.711891212 -29477.711891212
0.0446448703494927 -29576.4483231281 -29532.8954814946 -29532.8954814946
0.0449830890642616 -29628.1527554477 -29584.7406129093 -29584.7406129093
0.0453213077790305 -29676.512192526 -29633.2414417821 -29633.2414417821
0.0456595264937994 -29721.5211746205 -29678.3925033041 -29678.3925033041
0.0459977452085682 -29763.1746202522 -29720.1887099723 -29720.1887099723
0.0463359639233371 -29801.4678267798 -29758.6253535065 -29758.6253535065
0.046674182638106 -29836.3964709304 -29793.6981047745 -29793.6981047745
0.0470124013528749 -29867.9566092872 -29825.4030149595 -29825.4030149595
0.0473506200676438 -29896.1446787354 -29853.7365139681 -29853.7365139681
0.0476888387824127 -29920.9574968641 -29878.6954150844 -29878.6954150844
0.0480270574971816 -29942.3922623255 -29900.2769088814 -29900.2769088814
0.0483652762119504 -29960.4465551514 -29918.4785710989 -29918.4785710989
0.0487034949267193 -29975.1183370263 -29933.2983563054 -29933.2983563054
0.0490417136414882 -29986.4059515174 -29944.7346025191 -29944.7346025191
0.0493799323562571 -29994.3081242619 -29952.786028848 -29952.786028848
0.049718151071026 -29998.8239631108 -29957.4517378599 -29957.4517378599
0.0500563697857949 -29999.9529582294 -29958.7312122121 -29958.7312122121
0.0503945885005637 -29997.6949821549 -29956.6243187555 -29956.6243187555
0.0507328072153326 -29992.0502898112 -29951.1313056531 -29951.1313056531
0.0510710259301015 -29983.0195184795 -29942.2528049848 -29942.2528049848
0.0514092446448704 -29970.6036877269 -29929.989828854 -29929.989828854
0.0517474633596393 -29954.804199291 -29914.3437727232 -29914.3437727232
0.0520856820744082 -29935.6228369216 -29895.3164142599 -29895.3164142599
0.052423900789177 -29913.0617661795 -29872.9099124249 -29872.9099124249
0.0527621195039459 -29887.1235341919 -29847.1268075505 -29847.1268075505
0.0531003382187148 -29857.8110693649 -29817.9700221649 -29817.9700221649
0.0534385569334837 -29825.1276810528 -29785.4428580682 -29785.4428580682
0.0537767756482526 -29789.0770591846 -29749.5489998892 -29749.5489998892
0.0541149943630215 -29749.6632738472 -29710.2925096561 -29710.2925096561
0.0544532130777904 -29706.8907748262 -29667.6778313425 -29667.6778313425
0.0547914317925592 -29660.7643911031 -29621.7097876738 -29621.7097876738
0.0551296505073281 -29611.2893303106 -29572.3935781736 -29572.3935781736
0.055467869222097 -29558.4711781443 -29519.7347829448 -29519.7347829448
0.0558060879368659 -29502.3158977322 -29463.7393577137 -29463.7393577137
0.0561443066516348 -29442.8298289615 -29404.4136366073 -29404.4136366073
0.0564825253664037 -29380.0196877627 -29341.7643271815 -29341.7643271815
0.0568207440811725 -29313.8925653516 -29275.7985154272 -29275.7985154272
0.0571589627959414 -29244.4559274285 -29206.5236590567 -29206.5236590567
0.0574971815107103 -29171.7176133355 -29133.9475909935 -29133.9475909935
0.0578354002254792 -29095.6858351713 -29058.0785161379 -29058.0785161379
0.0581736189402481 -29016.369176864 -28978.9250121111 -28978.9250121111
0.058511837655017 -28933.7765932023 -28896.496026006 -28896.496026006
0.0588500563697858 -28847.9174088242 -28810.8008758681 -28810.8008758681
0.0591882750845547 -28758.8013171643 -28721.8492486838 -28721.8492486838
0.0595264937993236 -28666.4383793596 -28629.6511981148 -28629.6511981148
0.0598647125140925 -28570.8390231134 -28534.2171437137 -28534.2171437137
0.0602029312288614 -28472.0140415183 -28435.5578736376 -28435.5578736376
0.0605411499436303 -28369.9745918371 -28333.6845366343 -28333.6845366343
0.0608793686583992 -28264.7321942439 -28228.6086469777 -28228.6086469777
0.061217587373168 -28156.298730523 -28120.3420779385 -28120.3420779385
0.0615558060879369 -28044.6864427273 -28008.8970657169 -28008.8970657169
0.0618940248027058 -27929.9079317969 -27894.2862034018 -27894.2862034018
0.0622322435174747 -27811.9761561358 -27776.522443148 -27776.522443148
0.0625704622322436 -27690.9044301489 -27655.6190908708 -27655.6190908708
0.0629086809470124 -27566.7064227394 -27531.5898094093 -27531.5898094093
0.0632468996617813 -27439.3961557651 -27404.4486134654 -27404.4486134654
0.0635851183765502 -27308.9880024553 -27274.2098685156 -27274.2098685156
0.0639233370913191 -27175.4966857884 -27140.8882907232 -27140.8882907232
0.064261555806088 -27038.9372768296 -27004.4989443489 -27004.4989443489
0.0645997745208569 -26899.3251930291 -26865.0572389085 -26865.0572389085
0.0649379932356258 -26756.676196482 -26722.5789295629 -26722.5789295629
0.0652762119503946 -26611.006392148 -26577.080114017 -26577.080114017
0.0656144306651635 -26462.3322260342 -26428.5772316594 -26428.5772316594
0.0659526493799324 -26310.6704833373 -26277.0870596986 -26277.0870596986
0.0662908680947013 -26156.0382865494 -26122.626713034 -26122.626713034
0.0666290868094702 -25998.4530935244 -25965.2136441314 -25965.2136441314
0.0669673055242391 -25837.9326955071 -25804.8656349092 -25804.8656349092
0.0673055242390079 -25674.4952151248 -25641.6008023234 -25641.6008023234
0.0676437429537768 -25508.1591043409 -25475.4375897557 -25475.4375897557
0.0679819616685457 -25338.9431423722 -25306.3947700967 -25306.3947700967
0.0683201803833146 -25166.8664335682 -25134.4914398582 -25134.4914398582
0.0686583990980835 -24991.9484052545 -24959.7470195149 -24959.7470195149
0.0689966178128524 -24814.2088055396 -24782.1812500926 -24782.1812500926
0.0693348365276212 -24633.6677010851 -24601.8141902604 -24601.8141902604
0.0696730552423901 -24450.3454748402 -24418.6662164017 -24418.6662164017
0.070011273957159 -24264.2628237407 -24232.7580174479 -24232.7580174479
0.0703494926719279 -24075.4407563722 -24044.1105956942 -24044.1105956942
0.0706877113866968 -23883.9005905981 -23852.7452611247 -23852.7452611247
0.0710259301014657 -23689.6639511534 -23658.6836312136 -23658.6836312136
0.0713641488162346 -23492.7527672022 -23461.947627492 -23461.947627492
0.0717023675310034 -23293.1892698632 -23262.5594743384 -23262.5594743384
0.0720405862457723 -23090.9959896989 -23060.5416957897 -23060.5416957897
0.0723788049605412 -22886.1957541722 -22855.9171105845 -22855.9171105845
0.0727170236753101 -22678.8116850693 -22648.7088331902 -22648.7088331902
0.073055242390079 -22468.8671958892 -22438.9402715865 -22438.9402715865
0.0733934611048479 -22256.3859892004 -22226.6351195681 -22226.6351195681
0.0737316798196167 -22041.3920539646 -22011.817359743 -22011.817359743
0.0740698985343856 -21823.9096628287 -21794.5112563207 -21794.5112563207
0.0744081172491545 -21603.9633693844 -21574.7413568626 -21574.7413568626
0.0747463359639234 -21381.5780053959 -21352.5324855613 -21352.5324855613
0.0750845546786923 -21156.7786779967 -21127.9097417377 -21127.9097417377
0.0754227733934612 -20929.5907668547 -20900.8984988411 -20900.8984988411
0.07576099210823 -20700.0399213072 -20671.5243979593 -20671.5243979593
0.0760992108229989 -20468.1520574649 -20439.8133485486 -20439.8133485486
0.0764374295377678 -20233.9533552859 -20205.7915231845 -20205.7915231845
0.0767756482525367 -19997.4702556204 -19969.4853562908 -19969.4853562908
0.0771138669673056 -19758.7294572251 -19730.9215383788 -19730.9215383788
0.0774520856820745 -19517.7579137491 -19490.1270162636 -19490.1270162636
0.0777903043968434 -19274.5828306909 -19247.128988291 -19247.128988291
0.0781285231116122 -19029.231662327 -19001.9549023074 -19001.9549023074
0.0784667418263811 -18781.7321086122 -18754.6324491326 -18754.6324491326
0.07880496054115 -18532.1121120521 -18505.1895669917 -18505.1895669917
0.0791431792559189 -18280.399854549 -18253.6544280116 -18253.6544280116
0.0794813979706878 -18026.6237542195 -18000.0554443871 -18000.0554443871
0.0798196166854567 -17770.8124621866 -17744.4212605963 -17744.4212605963
0.0801578354002255 -17512.9948593448 -17486.7807493464 -17486.7807493464
0.0804960541149944 -17253.2000530996 -17227.163012003 -17227.163012003
0.0808342728297633 -16991.4573740811 -16965.5973717843 -16965.5973717843
0.0811724915445322 -16727.7963728328 -16702.1133711927 -16702.1133711927
0.0815107102593011 -16462.2468164752 -16436.7407721796 -16436.7407721796
0.08184892897407 -16194.8386853453 -16169.5095468441 -16169.5095468441
0.0821871476888388 -15925.6021696116 -15900.449878581 -15900.449878581
0.0825253664036077 -15654.5676658659 -15629.592156508 -15629.592156508
0.0828635851183766 -15381.7657736914 -15356.9669738716 -15356.9669738716
0.0832018038331455 -15107.2272922081 -15082.6051234623 -15082.6051234623
0.0835400225479144 -14830.9832165954 -14806.5375922737 -14806.5375922737
0.0838782412626833 -14553.0647345932 -14528.7955618891 -14528.7955618891
0.0842164599774522 -14273.5032229805 -14249.4104011439 -14249.4104011439
0.084554678692221 -13992.3302440329 -13968.4136670035 -13968.4136670035
0.0848928974069899 -13709.5775419595 -13685.8370957283 -13685.8370957283
0.0852311161217588 -13425.277039319 -13401.712603235 -13401.712603235
0.0855693348365277 -13139.4608334155 -13116.0722799955 -13116.0722799955
0.0859075535512966 -12852.1611926747 -12828.9483879111 -12828.9483879111
0.0862457722660655 -12563.4105530011 -12540.373355942 -12540.373355942
0.0865839909808343 -12273.2415141156 -12250.3797767287 -12250.3797767287
0.0869222096956032 -11981.6868358757 -11959.0004034595 -11959.0004034595
0.0872604284103721 -11688.7794345761 -11666.2681462375 -11666.2681462375
0.087598647125141 -11394.5523792329 -11372.2160676981 -11372.2160676981
0.0879368658399099 -11099.0388878504 -11076.8773776205 -11076.8773776205
0.0882750845546788 -10802.2723236701 -10780.2854330185 -10780.2854330185
0.0886133032694476 -10504.2861914049 -10482.4737327552 -10482.4737327552
0.0889515219842165 -10205.1141334557 -10183.4759128961 -10183.4759128961
0.0892897406989854 -9904.78992611339 -9883.32574155718 -9883.32574155718
0.0896279594137543 -9603.34747574589 -9582.0571202294 -9582.0571202294
0.0899661781285232 -9300.82081496972 -9279.70407389707 -9279.70407389707
0.0903043968432921 -8997.24409880795 -8976.30075160335 -8976.30075160335
0.090642615558061 -8692.65160083407 -8671.88142029664 -8671.88142029664
0.0909808342728298 -8387.07770930256 -8366.48046091127 -8366.48046091127
0.0913190529875987 -8080.55692326642 -8060.13236743465 -8060.13236743465
0.0916572717023676 -7773.12384868234 -7752.8717387541 -7752.8717387541
0.0919954904171365 -7464.81319450365 -7444.73327771217 -7444.73327771217
0.0923337091319054 -7155.65976876177 -7135.75178518875 -7135.75178518875
0.0926719278466743 -6845.69847463629 -6825.96215915491 -6825.96215915491
0.0930101465614431 -6534.96430651459 -6515.39938650655 -6515.39938650655
0.093348365276212 -6223.49234604086 -6204.0985436051 -6204.0985436051
0.0936865839909809 -5911.31775815551 -5892.09478885774 -5892.09478885774
0.0940248027057498 -5598.47578712502 -5579.42335976258 -5579.42335976258
0.0943630214205187 -5285.00175256289 -5266.1195704604 -5266.1195704604
0.0947012401352876 -4970.9310454421 -4952.21880529841 -4952.21880529841
0.0950394588500564 -4656.29912409952 -4637.75651661744 -4637.75651661744
0.0953776775648253 -4341.14151023265 -4322.76822005864 -4322.76822005864
0.0957158962795942 -4025.49378488927 -4007.28949060035 -4007.28949060035
0.0960541149943631 -3709.39158445032 -3691.35595835663 -3691.35595835663
0.096392333709132 -3392.8705966067 -3375.00330511418 -3375.00330511418
0.0967305524239009 -3075.96655633001 -3058.26725986741 -3058.26725986741
0.0970687711386698 -2758.71524183821 -2741.18359510951 -2741.18359510951
0.0974069898534386 -2441.15247055625 -2423.7881216155 -2423.7881216155
0.0977452085682075 -2123.31409507226 -2106.11668721347 -2106.11668721347
0.0980834272829764 -1805.23599908992 -1788.20516883189 -1788.20516883189
0.0984216459977453 -1486.95409337714 -1470.08947150877 -1470.08947150877
0.0987598647125142 -1168.5043117118 -1151.80552367443 -1151.80552367443
0.0990980834272831 -849.922606824859 -833.389271928417 -833.389271928417
0.0994363021420519 -531.244946341252 -514.876678302135 -514.876678302135
0.0997745208568208 -212.507308719275 -196.303715535082 -196.303715535082
0.10011273957159 106.254320811421 122.293636659871 122.293636659871
0.100450958286359 425.003954312516 440.879396581584 440.879396581584
0.100789177001127 743.705605200018 759.41758277829 759.41758277829
0.101127395715896 1062.32329230718 1077.87222003102 1077.87222003102
0.101465614430665 1380.82104394665 1396.20734085088 1396.20734085088
0.101803833145434 1699.16290197172 1714.38699420036 1714.38699420036
0.102142051860203 2017.31292583594 2032.37524401585 2032.37524401585
0.102480270574972 2335.23519665078 2350.13617792395 2350.13617792395
0.102818489289741 2652.89382124089 2667.63390651135 2667.63390651135
0.10315670800451 2970.25293619633 2984.83257279639 2984.83257279639
0.103494926719279 3287.27671192158 3301.69635249725 3301.69635249725
0.103833145434047 3603.92935668064 3618.18945902491 3618.18945902491
0.104171364148816 3920.17512063793 3934.27614723555 3934.27614723555
0.104509582863585 4235.97829989439 4249.92071942369 4249.92071942369
0.104847801578354 4551.30324051841 4565.08752584514 4565.08752584514
0.105186020293123 4866.11434257116 4879.74097244953 4879.74097244953
0.105524239007892 5180.37606412578 5193.84552240125 5193.84552240125
0.105862457722661 5494.05292528002 5507.36569958562 5507.36569958562
0.10620067643743 5807.10951216195 5820.26609660176 5820.26609660176
0.106538895152199 6119.51048092809 6132.51137429022 6132.51137429022
0.106877113866967 6431.22056175374 6444.06626698476 6444.06626698476
0.107215332581736 6742.2045628149 6754.8955887683 6754.8955887683
0.107553551296505 7052.4273742614 7064.96423399436 7064.96423399436
0.107891770011274 7361.85397218083 7374.23718378919 7374.23718378919
0.108229988726043 7670.4494225526 7682.6795088241 7682.6795088241
0.108568207440812 7978.17888519207 7990.25637357162 7990.25637357162
0.108906426155581 8285.00761768391 8296.93304057172 8296.93304057172
0.10924464487035 8590.90097930453 8602.67487370224 8602.67487370224
0.109582863585118 8895.82443493299 8907.44734218821 8907.44734218821
0.109921082299887 9199.74355894997 9211.21602536694 9211.21602536694
0.110259301014656 9502.62403912438 9513.94661521314 9513.94661521314
0.110597519729425 9804.43168048724 9815.60492159497 9815.60492159497
0.110935738444194 10105.1324091922 10116.1568745514 10116.1568745514
0.111273957158963 10404.6922763625 10415.5685300502 10415.5685300502
0.111612175873732 10703.0774619238 10713.8060722632 10713.8060722632
0.111950394588501 11000.2542784222 11010.8358180814 11010.8358180814
0.11228861330327 11296.1891748281 11306.6242208856 11306.6242208856
0.112626832018038 11590.8487403233 11601.1378738118 11601.1378738118
0.112965050732807 11884.1997080736 11894.3435145211 11894.3435145211
0.113303269447576 12176.2089589847 12186.2080279697 12186.2080279697
0.113641488162345 12466.8435254406 12476.698450178 12476.698450178
0.113979706877114 12756.0705950266 12765.7819739906 12765.7819739906
0.114317925591883 13043.857514233 13053.4259488627 13053.4259488627
0.114656144306652 13330.171792142 13339.5978876129 13339.5978876129
0.114994363021421 13614.9811040958 13624.2654711891 13624.2654711891
0.11533258173619 13898.2532953462 13907.3965464614 13907.3965464614
0.115670800450958 14179.9563846847 14188.9591377034 14188.9591377034
0.116009019165727 14460.0585680532 14468.9214443896 14468.9214443896
0.116347237880496 14738.5282221344 14747.2518467009 14747.2518467009
0.116685456595265 15015.3339079226 15023.9189095398 15023.9189095398
0.117023675310034 15290.4443742726 15298.8913848014 15298.8913848014
0.117361894024803 15563.8285614282 15572.1382173807 15572.1382173807
0.117700112739572 15835.4556045288 15843.6285452018 15843.6285452018
0.118038331454341 16105.294837094 16113.3317057185 16113.3317057185
0.118376550169109 16373.3157944858 16381.2172374378 16381.2172374378
0.118714768883878 16639.488217348 16647.2548849264 16647.2548849264
0.119052987598647 16903.7820550224 16911.4146005806 16911.4146005806
0.119391206313416 17166.167468942 17173.6665498798 17173.6665498798
0.119729425028185 17426.6148359988 17433.9811119103 17433.9811119103
0.120067643742954 17685.0947518892 17692.3288863565 17692.3288863565
0.120405862457723 17941.578034433 17948.6806942771 17948.6806942771
0.120744081172492 18196.0357268687 18203.007581358 18203.007581358
0.121082299887261 18448.4391011219 18455.2808241616 18455.2808241616
0.121420518602029 18698.7596610494 18705.4719279023 18705.4719279023
0.121758737316798 18946.9691456561 18953.5526351796 18953.5526351796
0.122096956031567 19193.0395322855 19199.4949272417 19199.4949272417
0.122435174746336 19436.9430397837 19443.2710252475 19443.2710252475
0.122773393461105 19678.6521316357 19684.8533950073 19684.8533950073
0.123111612175874 19918.1395190744 19924.2147514797 19924.2147514797
0.123449830890643 20155.3781641613 20161.3280587855 20161.3280587855
0.123788049605412 20390.3412828392 20396.1665366875 20396.1665366875
0.12412626832018 20623.0023479559 20628.7036601069 20628.7036601069
0.124464487034949 20853.3350922595 20858.913163605 20858.913163605
0.124802705749718 21081.3135113636 21086.7690473707 21086.7690473707
0.125140924464487 21306.9118666831 21312.2455734842 21312.2455734842
0.125479143179256 21530.1046883404 21535.3172756372 21535.3172756372
0.125817361894025 21750.8667780408 21755.9589581305 21755.9589581305
0.126155580608794 21969.1732119173 21974.145698864 21974.145698864
0.126493799323563 22184.9993433444 22189.852853814 22189.852853814
0.126832018038332 22398.3208057209 22403.0560595204 22403.0560595204
0.1271702367531 22609.1135152209 22613.7312333277 22613.7312333277
0.127508455467869 22817.3536735124 22821.8545795994 22821.8545795994
0.127846674182638 23023.0177704448 23027.4025897102 23027.4025897102
0.128184892897407 23226.0825867025 23230.3520485046 23230.3520485046
0.128523111612176 23426.5251964269 23430.6800305525 23430.6800305525
0.128861330326945 23624.3229698043 23628.3639078431 23628.3639078431
0.129199549041714 23819.4535756209 23823.3813525101 23823.3813525101
0.129537767756483 24011.8949837843 24015.7103355658 24015.7103355658
0.129875986471252 24201.6254678101 24205.3291321037 24205.3291321037
0.13021420518602 24388.6236072754 24392.2163250096 24392.2163250096
0.130552423900789 24572.8682902366 24576.350802445 24576.350802445
0.130890642615558 24754.3387156132 24757.7117660294 24757.7117660294
0.131228861330327 24933.0143955365 24936.2787295673 24936.2787295673
0.131567080045096 25108.8751576621 25112.0315224959 25112.0315224959
0.131905298759865 25281.9011474477 25284.9502920913 25284.9502920913
0.132243517474634 25452.0728303945 25455.0155044218 25455.0155044218
0.132581736189403 25619.3709942529 25622.2079495334 25622.2079495334
0.132919954904171 25783.7767511911 25786.5087416574 25786.5087416574
0.13325817361894 25945.2715399279 25947.8993191606 25947.8993191606
0.133596392333709 26103.8371278283 26106.3614534559 26106.3614534559
0.133934611048478 26259.4556129614 26261.8772414868 26261.8772414868
0.134272829763247 26412.1094261223 26414.4291163685 26414.4291163685
0.134611048478016 26561.7813328149 26563.9998453444 26563.9998453444
0.134949267192785 26708.4544351983 26710.5725309678 26710.5725309678
0.135287485907554 26852.112173994 26854.1306157676 26854.1306157676
0.135625704622323 26992.7383303558 26994.6578814346 26994.6578814346
0.135963923337091 27130.3170277009 27132.1384527354 27132.1384527354
0.13630214205186 27264.832733502 27266.556798684 27266.556798684
0.136640360766629 27396.2702610414 27397.8977329656 27397.8977329656
0.136978579481398 27524.614771125 27526.1464170912 27526.1464170912
0.137316798196167 27649.8517737583 27651.2883620598 27651.2883620598
0.137655016910936 27771.9671297817 27773.309430266 27773.309430266
0.137993235625705 27890.9470524672 27892.1958349141 27892.1958349141
0.138331454340474 28006.7781090746 28007.9341441571 28007.9341441571
0.138669673055242 28119.4472223685 28120.5112827466 28120.5112827466
0.139007891770011 28228.9416720941 28229.9145291983 28229.9145291983
0.13934611048478 28335.2490964138 28336.1315234029 28336.1315234029
0.139684329199549 28438.3574933028 28439.1502632914 28439.1502632914
0.140022547914318 28538.2552219037 28538.9591092052 28538.9591092052
0.140360766629087 28634.9310038412 28635.5467827918 28635.5467827918
0.140698985343856 28728.3739244953 28728.9023698757 28728.9023698757
0.141037204058625 28818.5734342333 28819.0153213373 28819.0153213373
0.141375422773394 28905.5193496014 28905.8754537389 28905.8754537389
0.141713641488162 28989.2018544737 28989.4729519377 28989.4729519377
0.142051860202931 29069.611501161 29069.7983682121 29069.7983682121
0.1423900789177 29146.7392114772 29146.8426238712 29146.8426238712
0.142728297632469 29220.5762777641 29220.5970123548 29220.5970123548
0.143066516347238 29291.1143638748 29291.0531973551 29291.0531973551
0.143404735062007 29358.3455061147 29358.2032151609 29358.2032151609
0.143742953776776 29422.2621141404 29422.0394747607 29422.0394747607
0.144081172491545 29482.8569718169 29482.5547611771 29482.5547611771
0.144419391206314 29540.1232380323 29539.7422325782 29539.7422325782
0.144757609921082 29594.05444747 29593.5954243486 29593.5954243486
0.145095828635851 29644.6445113386 29644.1082454452 29644.1082454452
0.14543404735062 29691.8877180596 29691.2749874391 29691.2749874391
0.145772266065389 29735.778733912 29735.0903129036 29735.0903129036
0.146110484780158 29776.3126036343 29775.5492679261 29775.5492679261
0.146448703494927 29813.4847509845 29812.6472767133 29812.6472767133
0.146786922209696 29847.2909792563 29846.3801404122 29846.3801404122
0.147125140924465 29877.7274717529 29876.7440433946 29876.7440433946
0.147463359639233 29904.7907922183 29903.735548095 29903.735548095
0.147801578354002 29928.4778852246 29927.3515985482 29927.3515985482
0.148139797068771 29948.7860765177 29947.5895204437 29947.5895204437
0.14847801578354 29965.7130733186 29964.4470204279 29964.4470204279
0.148816234498309 29979.2569645827 29977.9221866457 29977.9221866457
0.149154453213078 29989.4162212153 29988.01348878 29988.01348878
0.149492671927847 29996.1896962443 29994.7197798307 29994.7197798307
0.149830890642616 29999.5766249496 29998.0402941567 29998.0402941567
0.150169109357385 29999.5766249496 29997.9746484989 29997.9746484989
0.150507328072153 29996.1896962443 29994.5228417542 29994.5228417542
0.150845546786922 29989.4162212153 29987.6852562405 29987.6852562405
0.151183765501691 29979.2569645827 29977.4626547259 29977.4626547259
0.15152198421646 29965.7130733186 29963.8561841714 29963.8561841714
0.151860202931229 29948.7860765177 29946.8673715085 29946.8673715085
0.152198421645998 29928.4778852246 29926.4981281199 29926.4981281199
0.152536640360767 29904.7907922182 29902.7507446142 29902.7507446142
0.152874859075536 29877.7274717529 29875.6278940515 29875.6278940515
0.153213077790305 29847.2909792563 29845.1326314377 29845.1326314377
0.153551296505073 29813.4847509845 29811.2683914707 29811.2683914707
0.153889515219842 29776.3126036343 29774.038989515 29774.038989515
0.154227733934611 29735.7787339119 29733.4486213298 29733.4486213298
0.15456595264938 29691.8877180596 29689.501860802 29689.501860802
0.154904171364149 29644.6445113386 29642.2036633974 29642.2036633974
0.155242390078918 29594.05444747 29591.5593604011 29591.5593604011
0.155580608793687 29540.1232380323 29537.5746613627 29537.5746613627
0.155918827508456 29482.8569718169 29480.2556552978 29480.2556552978
0.156257046223224 29422.2621141403 29419.6088046642 29419.6088046642
0.156595264937993 29358.3455061146 29355.6409490392 29355.6409490392
0.156933483652762 29291.1143638748 29288.359303319 29288.359303319
0.157271702367531 29220.576277764 29217.7714569101 29217.7714569101
0.1576099210823 29146.7392114771 29143.8853699268 29143.8853699268
0.157948139797069 29069.611501161 29066.7093790901 29066.7093790901
0.158286358511838 28989.2018544737 28986.252187948 28986.252187948
0.158624577226607 28905.5193496013 28902.5228750025 28902.5228750025
0.158962795941376 28818.5734342333 28815.5308854152 28815.5308854152
0.159301014656144 28728.3739244952 28725.2860319075 28725.2860319075
0.159639233370913 28634.9310038411 28631.7984979008 28631.7984979008
0.159977452085682 28538.2552219036 28535.0788309502 28535.0788309502
0.160315670800451 28438.3574933027 28435.1379426363 28435.1379426363
0.16065388951522 28335.2490964138 28331.9871104454 28331.9871104454
0.160992108229989 28228.941672094 28225.6379726828 28225.6379726828
0.161330326944758 28119.4472223684 28116.1025283509 28116.1025283509
0.161668545659527 28006.7781090745 28003.3931390149 28003.3931390149
0.162006764374296 27890.9470524671 27887.522521714 27887.522521714
0.162344983089064 27771.9671297816 27768.5037515596 27768.5037515596
0.162683201803833 27649.8517737582 27646.3502591118 27646.3502591118
0.163021420518602 27524.6147711249 27521.0758284948 27521.0758284948
0.163359639233371 27396.2702610413 27392.6945975011 27392.6945975011
0.16369785794814 27264.8327335019 27261.2210529596 27261.2210529596
0.164036076662909 27130.3170277008 27126.6700315752 27126.6700315752
0.164374295377678 26992.7383303557 26989.0567190194 26989.0567190194
0.164712514092447 26852.1121739939 26848.3966433019 26848.3966433019
0.165050732807215 26708.4544351982 26704.7056810603 26704.7056810603
0.165388951521984 26561.7813328148 26558.0000457 26558.0000457
0.165727170236753 26412.1094261222 26408.2962969105 26408.2962969105
0.166065388951522 26259.4556129613 26255.6113275505 26255.6113275505
0.166403607666291 26103.8371278281 26099.9623714127 26099.9623714127
0.16674182638106 25945.2715399278 25941.3669935831 25941.3669935831
0.167080045095829 25783.7767511909 25779.8430942162 25779.8430942162
0.167418263810598 25619.3709942527 25615.4089031145 25615.4089031145
0.167756482525367 25452.0728303944 25448.0829792651 25448.0829792651
0.168094701240135 25281.9011474476 25277.8842064016 25277.8842064016
0.168432919954904 25108.875157662 25104.8317955204 25104.8317955204
0.168771138669673 24933.0143955364 24928.9452776975 24928.9452776975
0.169109357384442 24754.3387156131 24750.2445043527 24750.2445043527
0.169447576099211 24572.8682902364 24568.7496452816 24568.7496452816
0.16978579481398 24388.6236072753 24384.4811859303 24384.4811859303
0.170124013528749 24201.62546781 24197.4599231729 24197.4599231729
0.170462232243518 24011.8949837842 24007.7069673059 24007.7069673059
0.170800450958286 23819.4535756208 23815.2437353301 23815.2437353301
0.171138669673055 23624.3229698041 23620.0919504452 23620.0919504452
0.171476888387824 23426.5251964268 23422.2736400513 23422.2736400513
0.171815107102593 23226.0825867024 23221.8111322476 23221.8111322476
0.172153325817362 23023.0177704447 23018.7270535761 23018.7270535761
0.172491544532131 22817.3536735123 22813.0443270039 22813.0443270039
0.1728297632469 22609.1135152207 22604.7861689117 22604.7861689117
0.173167981961669 22398.3208057208 22393.9760855738 22393.9760855738
0.173506200676438 22184.9993433442 22180.6378726227 22180.6378726227
0.173844419391206 21969.1732119171 21964.795610778 21964.795610778
0.174182638105975 21750.8667780407 21746.4736633095 21746.4736633095
0.174520856820744 21530.1046883402 21525.6966737468 21525.6966737468
0.174859075535513 21306.9118666829 21302.4895618398 21302.4895618398
0.175197294250282 21081.3135113634 21076.8775232498 21076.8775232498
0.175535512965051 20853.3350922594 20848.886024508 20848.886024508
0.17587373167982 20623.0023479557 20618.5408017012 20618.5408017012
0.176211950394589 20390.341282839 20385.8678534297 20385.8678534297
0.176550169109358 20155.3781641611 20150.8934464486 20150.8934464486
0.176888387824126 19918.1395190742 19913.6441019039 19913.6441019039
0.177226606538895 19678.6521316355 19674.1466024533 19674.1466024533
0.177564825253664 19436.9430397835 19432.4279812342 19432.4279812342
0.177903043968433 19193.0395322853 19188.5155239963 19188.5155239963
0.178241262683202 18946.9691456559 18942.4367637815 18942.4367637815
0.178579481397971 18698.7596610492 18694.2194778276 18694.2194778276
0.17891770011274 18448.4391011217 18443.8916862187 18443.8916862187
0.179255918827509 18196.0357268685 18191.4816447988 18191.4816447988
0.179594137542277 17941.5780344328 17937.0178475394 17937.0178475394
0.179932356257046 17685.094751889 17680.5290182115 17680.5290182115
0.180270574971815 17426.6148359986 17422.0441104999 17422.0441104999
0.180608793686584 17166.1674689418 17161.5923014056 17161.5923014056
0.180947012401353 16903.7820550222 16899.2029940889 16899.2029940889
0.181285231116122 16639.4882173477 16634.9058055452 16634.9058055452
0.181623449830891 16373.3157944856 16368.7305721753 16368.7305721753
0.18196166854566 16105.2948370938 16100.7073404307 16100.7073404307
0.182299887260429 15835.4556045286 15830.8663654186 15830.8663654186
0.182638105975197 15563.828561428 15559.2381087489 15559.2381087489
0.182976324689966 15290.4443742724 15285.853232902 15285.853232902
0.183314543404735 15015.3339079224 15010.7425983237 15010.7425983237
0.183652762119504 14738.5282221342 14733.9372622556 14733.9372622556
0.183990980834273 14460.058568053 14455.4684706052 14455.4684706052
0.184329199549042 14179.9563846845 14175.3676595024 14175.3676595024
0.184667418263811 13898.253295346 13893.6664479033 13893.6664479033
0.18500563697858 13614.9811040956 13610.3966364074 13610.3966364074
0.185343855693349 13330.1717921418 13325.590201842 13325.590201842
0.185682074408117 13043.8575142328 13039.2792953227 13039.2792953227
0.186020293122886 12756.0705950264 12751.4962375776 12751.4962375776
0.186358511837655 12466.8435254404 12462.2735155081 12462.2735155081
0.186696730552424 12176.2089589844 12171.6437789972 12171.6437789972
0.187034949267193 11884.1997080734 11879.6398357203 11879.6398357203
0.187373167981962 11590.848740323 11586.2946504317 11586.2946504317
0.187711386696731 11296.1891748278 11291.6413372846 11291.6413372846
0.1880496054115 11000.254278422 10995.7131593551 10995.7131593551
0.188387824126268 10703.0774619236 10698.5435234409 10698.5435234409
0.188726042841037 10404.6922763623 10400.1659773421 10400.1659773421
0.189064261555806 10105.132409192 10100.6142036581 10100.6142036581
0.189402480270575 9804.43168048701 9799.92201805059 9799.92201805059
0.189740698985344 9502.62403912415 9498.12336626804 9498.12336626804
0.190078917700113 9199.74355894974 9195.25231743196 9195.25231743196
0.190417136414882 8895.82443493276 8891.34306278933 8891.34306278933
0.190755355129651 8590.9009793043 8586.42991048532 8586.42991048532
0.19109357384442 8285.00761768367 8280.54728157342 8280.54728157342
0.191431792559188 7978.17888519185 7973.72970776422 7973.72970776422
0.191770011273957 7670.44942255238 7666.01182519126 7666.01182519126
0.192108229988726 7361.8539721806 7357.42837240061 7357.42837240061
0.192446448703495 7052.42737426118 7048.01418510409 7048.01418510409
0.192784667418264 6742.20456281466 6737.80419341661 6737.80419341661
0.193122886133033 6431.2205617535 6426.83341759686 6426.83341759686
0.193461104847802 6119.51048092785 6115.13696204476 6115.13696204476
0.193799323562571 5807.10951216171 5802.75001600858 5802.75001600858
0.19413754227734 5494.05292527978 5489.70784359723 5489.70784359723
0.194475760992108 5180.37606412553 5176.04578597302 5176.04578597302
0.194813979706877 4866.11434257094 4861.79925160603 4861.79925160603
0.195152198421646 4551.30324051818 4547.00371721455 4547.00371721455
0.195490417136415 4235.97829989416 4231.6947190104 4231.6947190104
0.195828635851184 3920.1751206377 3915.90785487683 3915.90785487683
0.196166854565953 3603.9293566804 3599.67877286948 3599.67877286948
0.196505073280722 3287.27671192133 3283.04317338959 3283.04317338959
0.196843291995491 2970.25293619609 2966.03680190444 2966.03680190444
0.197181510710259 2652.89382124065 2648.69544589374 2648.69544589374
0.197519729425028 2335.23519665054 2331.05493029949 2331.05493029949
0.197857948139797 2017.31292583568 2013.1511159585 2013.1511159585
0.198196166854566 1699.16290197149 1695.01988957436 1695.01988957436
0.198534385569335 1380.82104394642 1376.69716761434 1376.69716761434
0.198872604284104 1062.32329230695 1058.21888503397 1058.21888503397
0.199210822998873 743.705605199789 739.620996929658 739.620996929658
0.199549041713642 425.003954312273 420.939470488361 420.939470488361
0.199887260428411 106.254320811179 102.21028166544 102.21028166544
0.200225479143179 -212.507308719517 -216.530585915048 -216.530585915048
0.200563697857948 -531.244946341494 -535.247149503582 -535.247149503582
0.200901916572717 -849.922606825101 -853.903427089509 -853.903427089509
0.201240135287486 -1168.50431171206 -1172.46344545518 -1172.46344545518
0.201578354002255 -1486.95409337737 -1490.89124078561 -1490.89124078561
0.201916572717024 -1805.23599909014 -1809.15086449553 -1809.15086449553
0.202254791431793 -2123.31409507249 -2127.20638682236 -2127.20638682236
0.202593010146562 -2441.15247055647 -2445.02190266665 -2445.02190266665
0.20293122886133 -2758.71524183845 -2762.56153021026 -2762.56153021026
0.203269447576099 -3075.96655633025 -3079.78942272579 -3079.78942272579
0.203607666290868 -3392.87059660694 -3396.66976671331 -3396.66976671331
0.203945885005637 -3709.39158445056 -3713.16678799121 -3713.16678799121
0.204284103720406 -4025.49378488951 -4029.24475579826 -4029.24475579826
0.204622322435175 -4341.14151023287 -4344.86798690778 -4344.86798690778
0.204960541149944 -4656.29912409975 -4660.00084849032 -4660.00084849032
0.205298759864713 -4970.93104544233 -4974.60776471593 -4974.60776471593
0.205636978579482 -5285.00175256311 -5288.65321763391 -5288.65321763391
0.20597519729425 -5598.47578712525 -5602.10175278178 -5602.10175278178
0.206313416009019 -5911.31775815575 -5914.91798380325 -5914.91798380325
0.206651634723788 -6223.4923460411 -6227.06659507588 -6227.06659507588
0.206989853438557 -6534.96430651482 -6538.51234633183 -6538.51234633183
0.207328072153326 -6845.69847463653 -6849.22007752841 -6849.22007752841
0.207666290868095 -7155.659768762 -7159.15471024224 -7159.15471024224
0.208004509582864 -7464.81319450387 -7468.28125527364 -7468.28125527364
0.208342728297633 -7773.12384868256 -7776.56481255656 -7776.56481255656
0.208680947012402 -8080.55692326664 -8083.97057901781 -8083.97057901781
0.20901916572717 -8387.07770930278 -8390.46384922778 -8390.46384922778
0.209357384441939 -8692.6516008343 -8696.01002252749 -8696.01002252749
0.209695603156708 -8997.24409880818 -9000.57460243244 -9000.57460243244
0.210033821871477 -9300.82081496995 -9304.12320600237 -9304.12320600237
0.210372040586246 -9603.34747574612 -9606.62156325042 -9606.62156325042
0.210710259301015 -9904.78992611362 -9908.03552353075 -9908.03552353075
0.211048478015784 -10205.1141334559 -10208.331058184 -10208.331058184
0.211386696730553 -10504.2861914051 -10507.4742644382 -10507.4742644382
0.211724915445321 -10802.2723236703 -10805.4313712937 -10805.4313712937
0.21206313416009 -11099.0388878506 -11102.1687394496 -11102.1687394496
0.212401352874859 -11394.5523792331 -11397.6528684302 -11397.6528684302
0.212739571589628 -11688.7794345763 -11691.850399248 -11691.850399248
0.213077790304397 -11981.6868358759 -11984.7281180602 -11984.7281180602
0.213416009019166 -12273.2415141159 -12276.2529595728 -12276.2529595728
0.213754227733935 -12563.4105530013 -12566.3920121931 -12566.3920121931
0.214092446448704 -12852.1611926749 -12855.1125187018 -12855.1125187018
0.214430665163473 -13139.4608334157 -13142.3818848869 -13142.3818848869
0.214768883878241 -13425.2770393192 -13428.1676777353 -13428.1676777353
0.21510710259301 -13709.5775419597 -13712.4376338177 -13712.4376338177
0.215445321307779 -13992.3302440331 -13995.1596589733 -13995.1596589733
0.215783540022548 -14273.5032229807 -14276.3018344596 -14276.3018344596
0.216121758737317 -14553.0647345934 -14555.8324216133 -14555.8324216133
0.216459977452086 -14830.9832165956 -14833.719859795 -14833.719859795
0.216798196166855 -15107.2272922083 -15109.9327775144 -15109.9327775144
0.217136414881624 -15381.7657736916 -15384.4399913782 -15384.4399913782
0.217474633596393 -15654.5676658661 -15657.2105090056 -15657.2105090056
0.217812852311161 -15925.6021696118 -15928.2135354343 -15928.2135354343
0.21815107102593 -16194.8386853455 -16197.4184757974 -16197.4184757974
0.218489289740699 -16462.2468164754 -16464.7949362549 -16464.7949362549
0.218827508455468 -16727.796372833 -16730.3127308987 -16730.3127308987
0.219165727170237 -16991.4573740813 -16993.9418829344 -16993.9418829344
0.219503945885006 -17253.2000530998 -17255.6526303456 -17255.6526303456
0.219842164599775 -17512.994859345 -17515.4154248381 -17515.4154248381
0.220180383314544 -17770.8124621868 -17773.2009399887 -17773.2009399887
0.220518602029312 -18026.6237542196 -18028.9800729306 -18028.9800729306
0.220856820744081 -18280.3998545492 -18282.7239452876 -18282.7239452876
0.22119503945885 -18532.1121120523 -18534.4039108283 -18534.4039108283
0.221533258173619 -18781.7321086123 -18783.9915539153 -18783.9915539153
0.221871476888388 -19029.2316623272 -19031.4586981566 -19031.4586981566
0.222209695603157 -19274.5828306911 -19276.777402863 -19276.777402863
0.222547914317926 -19517.7579137492 -19519.9199731885 -19519.9199731885
0.222886133032695 -19758.7294572253 -19760.8589573408 -19760.8589573408
0.223224351747464 -19997.4702556206 -19999.5671544812 -19999.5671544812
0.223562570462232 -20233.9533552861 -20236.0176139221 -20236.0176139221
0.223900789177001 -20468.1520574651 -20470.1836405417 -20470.1836405417
0.22423900789177 -20700.0399213074 -20702.0387977124 -20702.0387977124
0.224577226606539 -20929.5907668549 -20931.5569082382 -20931.5569082382
0.224915445321308 -21156.7786779968 -21158.7120602662 -21158.7120602662
0.225253664036077 -21381.5780053961 -21383.478606981 -21383.478606981
0.225591882750846 -21603.9633693845 -21605.8311737598 -21605.8311737598
0.225930101465615 -21823.9096628288 -21825.7446553778 -21825.7446553778
0.226268320180384 -22041.3920539647 -22043.1942249035 -22043.1942249035
0.226606538895152 -22256.3859892005 -22258.155331403 -22258.155331403
0.226944757609921 -22468.8671958894 -22470.6037055993 -22470.6037055993
0.22728297632469 -22678.8116850694 -22680.5153622997 -22680.5153622997
0.227621195039459 -22886.1957541723 -22887.8666023271 -22887.8666023271
0.227959413754228 -23090.995989699 -23092.634015691 -23092.634015691
0.228297632468997 -23293.1892698633 -23294.7944837658 -23294.7944837658
0.228635851183766 -23492.7527672024 -23494.3251819621 -23494.3251819621
0.228974069898535 -23689.6639511535 -23691.2035843923 -23691.2035843923
0.229312288613303 -23883.9005905983 -23885.4074615671 -23885.4074615671
0.229650507328072 -24075.4407563723 -24076.9148890371 -24076.9148890371
0.229988726042841 -24264.2628237408 -24265.7042440943 -24265.7042440943
0.23032694475761 -24450.3454748403 -24451.7542129177 -24451.7542129177
0.230665163472379 -24633.6677010852 -24635.0437905087 -24635.0437905087
0.231003382187148 -24814.2088055398 -24815.5522818663 -24815.5522818663
0.231341600901917 -24991.9484052547 -24993.2593081343 -24993.2593081343
0.231679819616686 -25166.8664335683 -25168.1448060375 -25168.1448060375
0.232018038331455 -25338.9431423723 -25340.1890297982 -25340.1890297982
0.232356257046223 -25508.1591043411 -25509.3725555421 -25509.3725555421
0.232694475760992 -25674.4952151249 -25675.6762822204 -25675.6762822204
0.233032694475761 -25837.9326955072 -25839.081433526 -25839.081433526
0.23337091319053 -25998.4530935245 -25999.5695603036 -25999.5695603036
0.233709131905299 -26156.0382865495 -26157.122543459 -26157.122543459
0.234047350620068 -26310.6704833374 -26311.7225943794 -26311.7225943794
0.234385569334837 -26462.3322260343 -26463.3522580858 -26463.3522580858
0.234723788049606 -26611.0063921481 -26611.9944156411 -26611.9944156411
0.235062006764374 -26756.6761964821 -26757.6322843168 -26757.6322843168
0.235400225479143 -26899.3251930292 -26900.2494207422 -26900.2494207422
0.235738444193912 -27038.9372768297 -27039.8297235552 -27039.8297235552
0.236076662908681 -27175.4966857885 -27176.3574328207 -27176.3574328207
0.23641488162345 -27308.9880024554 -27309.8171344174 -27309.8171344174
0.236753100338219 -27439.3961557652 -27440.193760198 -27440.193760198
0.237091319052988 -27566.7064227395 -27567.4725893914 -27567.4725893914
0.237429537767757 -27690.904430149 -27691.6392519895 -27691.6392519895
0.237767756482526 -27811.9761561359 -27812.6797289042 -27812.6797289042
0.238105975197294 -27929.907931797 -27930.580353362 -27930.580353362
0.238444193912063 -28044.6864427274 -28045.3278147859 -28045.3278147859
0.238782412626832 -28156.298730523 -28156.9091562093 -28156.9091562093
0.239120631341601 -28264.732194244 -28265.3117798935 -28265.3117798935
0.23945885005637 -28369.9745918372 -28370.5234469769 -28370.5234469769
0.239797068771139 -28472.0140415183 -28472.5322771207 -28472.5322771207
0.240135287485908 -28570.8390231135 -28571.3267536237 -28571.3267536237
0.240473506200677 -28666.4383793597 -28666.8957213247 -28666.8957213247
0.240811724915446 -28758.8013171643 -28759.2283899724 -28759.2283899724
0.241149943630214 -28847.9174088242 -28848.314333864 -28848.314333864
0.241488162344983 -28933.7765932024 -28934.143495211 -28934.143495211
0.241826381059752 -29016.3691768641 -29016.7061820331 -29016.7061820331
0.242164599774521 -29095.6858351713 -29095.9930725142 -29095.9930725142
0.24250281848929 -29171.7176133356 -29171.995214633 -29171.995214633
0.242841037204059 -29244.4559274286 -29244.7040265357 -29244.7040265357
0.243179255918828 -29313.8925653516 -29314.1112979023 -29314.1112979023
0.243517474633597 -29380.0196877627 -29380.2091930508 -29380.2091930508
0.243855693348365 -29442.8298289615 -29442.9902473256 -29442.9902473256
0.244193912063134 -29502.3158977322 -29502.4473721854 -29502.4473721854
0.244532130777903 -29558.4711781444 -29558.573854323 -29558.573854323
0.244870349492672 -29611.2893303107 -29611.363355278 -29611.363355278
0.245208568207441 -29660.7643911032 -29660.809914778 -29660.809914778
0.24554678692221 -29706.8907748262 -29706.9079493528 -29706.9079493528
0.245885005636979 -29749.6632738472 -29749.6522529349 -29749.6522529349
0.246223224351748 -29789.0770591846 -29789.0379994469 -29789.0379994469
0.246561443066517 -29825.1276810528 -29825.0607404131 -29825.0607404131
0.246899661781285 -29857.8110693649 -29857.7164077902 -29857.7164077902
0.247237880496054 -29887.1235341919 -29887.0013148071 -29887.0013148071
0.247576099210823 -29913.0617661795 -29912.9121528226 -29912.9121528226
0.247914317925592 -29935.6228369216 -29935.4459958874 -29935.4459958874
0.248252536640361 -29954.804199291 -29954.6002990907 -29954.6002990907
0.24859075535513 -29970.6036877269 -29970.3728986409 -29970.3728986409
0.248928974069899 -29983.0195184795 -29982.7620124428 -29982.7620124428
0.249267192784668 -29992.0502898112 -29991.7662406714 -29991.7662406714
0.249605411499437 -29997.6949821549 -29997.3845663434 -29997.3845663434
0.249943630214205 -29999.9529582294 -29999.6163526549 -29999.6163526549
0.250281848928974 -29998.8239631108 -29998.4613475153 -29998.4613475153
0.250620067643743 -29994.3081242619 -29993.9196801469 -29993.9196801469
0.250958286358512 -29986.4059515174 -29985.9918621315 -29985.9918621315
0.251296505073281 -29975.1183370263 -29974.6787862274 -29974.6787862274
0.25163472378805 -29960.4465551514 -29959.9817296599 -29959.9817296599
0.251972942502819 -29942.3922623255 -29941.9023506932 -29941.9023506932
0.252311161217587 -29920.9574968641 -29920.4426879335 -29920.4426879335
0.252649379932356 -29896.1446787354 -29895.6051643552 -29895.6051643552
0.252987598647125 -29867.9566092872 -29867.3925823724 -29867.3925823724
0.253325817361894 -29836.3964709304 -29835.8081256192 -29835.8081256192
0.253664036076663 -29801.4678267799 -29800.8553594855 -29800.8553594855
0.254002254791432 -29763.1746202522 -29762.5382274212 -29762.5382274212
0.254340473506201 -29721.5211746205 -29720.8610564387 -29720.8610564387
0.254678692220969 -29676.512192526 -29675.8285489356 -29675.8285489356
0.255016910935738 -29628.1527554477 -29627.4457876914 -29627.4457876914
0.255355129650507 -29576.4483231281 -29575.7182351438 -29575.7182351438
0.255693348365276 -29521.4047329571 -29520.6517289329 -29520.6517289329
0.256031567080045 -29463.0281993129 -29462.252485395 -29462.252485395
0.256369785794814 -29401.3253128605 -29400.5270955976 -29400.5270955976
0.256708004509583 -29336.3030398074 -29335.4825285793 -29335.4825285793
0.257046223224351 -29267.9687211173 -29267.1261253887 -29267.1261253887
0.25738444193912 -29196.3300716813 -29195.4656020683 -29195.4656020683
0.257722660653889 -29121.3951794467 -29120.5090486587 -29120.5090486587
0.258060879368658 -29043.1725045043 -29042.2649254642 -29042.2649254642
0.258399098083427 -28961.6708781328 -28960.7420660278 -28960.7420660278
0.258737316798196 -28876.8995018019 -28875.9496714 -28875.9496714
0.259075535512965 -28788.8679461337 -28787.8973145985 -28787.8973145985
0.259413754227733 -28697.5861498218 -28696.5949353695 -28696.5949353695
0.259751972942502 -28603.0644185095 -28602.0528391683 -28602.0528391683
0.260090191657271 -28505.3134236264 -28504.2816998694 -28504.2816998694
0.26042841037204 -28404.3442011831 -28403.2925537698 -28403.2925537698
0.260766629086809 -28300.1681505257 -28299.0968007986 -28299.0968007986
0.261104847801578 -28192.7970330489 -28191.7062047284 -28191.7062047284
0.261443066516347 -28082.2429708677 -28081.1328871687 -28081.1328871687
0.261781285231115 -27968.5184454491 -27967.3893307538 -27967.3893307538
0.262119503945884 -27851.6362962029 -27850.4883758608 -27850.4883758608
0.262457722660653 -27731.6097190323 -27730.443219568 -27730.443219568
0.262795941375422 -27608.4522648439 -27607.2674133589 -27607.2674133589
0.263134160090191 -27482.1778380177 -27480.9748620706 -27480.9748620706
0.26347237880496 -27352.8006948376 -27351.5798230842 -27351.5798230842
0.263810597519729 -27220.3354418819 -27219.0969035257 -27219.0969035257
0.264148816234497 -27084.7970343737 -27083.5410601955 -27083.5410601955
0.264487034949266 -26946.2007744932 -26944.9275937758 -26944.9275937758
0.264825253664035 -26804.5623096495 -26803.2721549701 -26803.2721549701
0.265163472378804 -26659.8976307144 -26658.5907334821 -26658.5907334821
0.265501691093573 -26512.2230702168 -26510.8996629043 -26510.8996629043
0.265839909808342 -26361.555300499 -26360.2156161534 -26360.2156161534
0.266178128523111 -26207.9113318342 -26206.5556048807 -26206.5556048807
0.266516347237879 -26051.308510506 -26049.9369741577 -26049.9369741577
0.266854565952648 -25891.7645168504 -25890.3774058507 -25890.3774058507
0.267192784667417 -25729.2973632593 -25727.8949135525 -25727.8949135525
0.267531003382186 -25563.925392147 -25562.5078384927 -25562.5078384927
0.267869222096955 -25395.6672738797 -25394.234852657 -25394.234852657
0.268207440811724 -25224.5420046671 -25223.0949519632 -25223.0949519632
0.268545659526493 -25050.568904418 -25049.1074571344 -25049.1074571344
0.268883878241261 -24873.7676145592 -24872.2920100967 -24872.2920100967
0.26922209695603 -24694.1580958179 -24692.6685708665 -24692.6685708665
0.269560315670799 -24511.760625968 -24510.2574186676 -24510.2574186676
0.269898534385568 -24326.5957975411 -24325.0791460737 -24325.0791460737
0.270236753100337 -24138.6845155013 -24137.1546571329 -24137.1546571329
0.270574971815106 -23948.047994885 -23946.5051689657 -23946.5051689657
0.270913190529875 -23754.7077584063 -23753.1522031648 -23753.1522031648
0.271251409244643 -23558.6856340264 -23557.1175878822 -23557.1175878822
0.271589627959412 -23360.0037524895 -23358.4234546942 -23358.4234546942
0.271927846674181 -23158.6845448246 -23157.092234713 -23157.092234713
0.27226606538895 -22954.7507398124 -22953.146655442 -22953.146655442
0.272604284103719 -22748.2253614199 -22746.6097425976 -22746.6097425976
0.272942502818488 -22539.1317262005 -22537.504812486 -22537.504812486
0.273280721533256 -22327.4934406619 -22325.8554710773 -22325.8554710773
0.273618940248025 -22113.3343986007 -22111.6856123431 -22111.6856123431
0.273957158962794 -21896.6787784052 -21895.0194138421 -21895.0194138421
0.274295377677563 -21677.551040325 -21675.8813377862 -21675.8813377862
0.274633596392332 -21455.9759237102 -21454.2961221421 -21454.2961221421
0.274971815107101 -21231.978444218 -21230.2887811903 -21230.2887811903
0.27531003382187 -21005.5838909883 -21003.8846070632 -21003.8846070632
0.275648252536638 -20776.8178237889 -20775.1091568717 -20775.1091568717
0.275986471251407 -20545.7060701296 -20543.9882587087 -20543.9882587087
0.276324689966176 -20312.2747223464 -20310.5480044849 -20310.5480044849
0.276662908680945 -20076.5501346557 -20074.8147492158 -20074.8147492158
0.277001127395714 -19838.5589201787 -19836.8151043433 -19836.8151043433
0.277339346110483 -19598.3279479371 -19596.5759397519 -19596.5759397519
0.277677564825252 -19355.8843398197 -19354.1243760864 -19354.1243760864
0.27801578354002 -19111.2554675199 -19109.4877860156 -19109.4877860156
0.278354002254789 -18864.4689494457 -18862.6937867917 -18862.6937867917
0.278692220969558 -18615.5526476018 -18613.7702392655 -18613.7702392655
0.279030439684327 -18364.5346644437 -18362.7452474005 -18362.7452474005
0.279368658399096 -18111.443339705 -18109.6471490804 -18109.6471490804
0.279706877113865 -17856.3072471982 -17854.504518095 -17854.504518095
0.280045095828634 -17599.1551915883 -17597.3461589206 -17597.3461589206
0.280383314543402 -17340.0162051409 -17338.2011029817 -17338.2011029817
0.280721533258171 -17078.9195444447 -17077.0986066534 -17077.0986066534
0.28105975197294 -16815.8946871081 -16814.0681467699 -16814.0681467699
0.281397970687709 -16550.9713284316 -16549.1394188687 -16549.1394188687
0.281736189402478 -16284.1793780548 -16282.3423311998 -16282.3423311998
0.282074408117247 -16015.54895658 -16013.7070037057 -16013.7070037057
0.282412626832016 -15745.1103921714 -15743.2637647605 -15743.2637647605
0.282750845546784 -15472.8942171311 -15471.0431451695 -15471.0431451695
0.283089064261553 -15198.9311644521 -15197.0758786284 -15197.0758786284
0.283427282976322 -14923.2521643484 -14921.3928929834 -14921.3928929834
0.283765501691091 -14645.8883407632 -14644.0253131642 -14644.0253131642
0.28410372040586 -14366.871007855 -14365.0044516955 -14365.0044516955
0.284441939120629 -14086.2316664622 -14084.3618076421 -14084.3618076421
0.284780157835398 -13804.0020005466 -13802.1290673068 -13802.1290673068
0.285118376550166 -13520.2138736165 -13518.3380907386 -13518.3380907386
0.285456595264935 -13234.899325129 -13233.0209173905 -13233.0209173905
0.285794813979704 -12948.0905668733 -12946.2097583443 -12946.2097583443
0.286133032694473 -12659.8199793336 -12657.9369940032 -12657.9369940032
0.286471251409242 -12370.1201080333 -12368.2351675514 -12368.2351675514
0.286809470124011 -12079.0236598612 -12077.1369863685 -12077.1369863685
0.28714768883878 -11786.5634993782 -11784.6753134929 -11784.6753134929
0.287485907553548 -11492.7726451073 -11490.8831662965 -11490.8831662965
0.287824126268317 -11197.6842658059 -11195.7937141527 -11195.7937141527
0.288162344983086 -10901.331676721 -10899.4402691502 -10899.4402691502
0.288500563697855 -10603.7483358277 -10601.8562907153 -10601.8562907153
0.288838782412624 -10304.9678400521 -10303.0753728358 -10303.0753728358
0.289177001127393 -10005.0239214782 -10003.1312474341 -10003.1312474341
0.289515219842162 -9703.95044353959 -9702.05777705424 -9702.05777705424
0.28985343855693 -9401.78139719601 -9399.88895201387 -9399.88895201387
0.290191657271699 -9098.55089709621 -9096.65888457159 -9096.65888457159
0.290529875986468 -8794.29317772607 -8792.40181005111 -8792.40181005111
0.290868094701237 -8489.04258954386 -8487.15207603358 -8487.15207603358
0.291206313416006 -8182.83359510191 -8180.94414495961 -8180.94414495961
0.291544532130775 -7875.70076515587 -7873.81258680137 -7873.81258680137
0.291882750845544 -7567.6787747617 -7565.79207519102 -7565.79207519102
0.292220969560312 -7258.80239936087 -7256.91738406199 -7256.91738406199
0.292559188275081 -6949.10651085425 -6947.2233850171 -6947.2233850171
0.29289740698985 -6638.6260736651 -6636.74503948433 -6636.74503948433
0.293235625704619 -6327.3961407916 -6325.5174022968 -6325.5174022968
0.293573844419388 -6015.45184984943 -6013.57560737812 -6013.57560737812
0.293912063134157 -5702.82841910472 -5700.95487230712 -5700.95487230712
0.294250281848926 -5389.56114349795 -5387.69049145449 -5387.69049145449
0.294588500563694 -5075.68539065918 -5073.81783159522 -5073.81783159522
0.294926719278463 -4761.23659691509 -4759.37232578179 -4759.37232578179
0.295264937993232 -4446.25026328821 -4444.38947615971 -4444.38947615971
0.295603156708001 -4130.76195148891 -4128.90484261352 -4128.90484261352
0.29594137542277 -3814.8072799005 -3812.95404060377 -3812.95404060377
0.296279594137539 -3498.42191955795 -3496.57274124225 -3496.57274124225
0.296617812852308 -3181.64159012065 -3179.79666340668 -3179.79666340668
0.296956031567076 -2864.50205583969 -2862.66156883417 -2862.66156883417
0.297294250281845 -2547.0391215201 -2545.20326169087 -2545.20326169087
0.297632468996614 -2229.28862847854 -2227.45758166914 -2227.45758166914
0.297970687711383 -1911.2864504968 -1909.46040081526 -1909.46040081526
0.298308906426152 -1593.06848977177 -1591.24762109492 -1591.24762109492
0.298647125140921 -1274.67067286188 -1272.85516599988 -1272.85516599988
0.29898534385569 -956.128946631355 -954.318983320733 -954.318983320733
0.299323562570458 -637.479274191593 -831.474787288523 -831.474787288523
0.299689839219148 -292.315023459241 1357262.94754819 1357262.94754819
0.300112231735678 0 317374.652124122 714568.850570427
0.300562682186128 0 0.593415760433153 0.148353940108288
0.301013132636579 0 0.590755374562372 0.147688843640593
0.301463583087029 0 0.588111284640891 0.147027821160223
0.30191403353748 0 0.585482902061132 0.146370725515283
0.30236448398793 0 0.582870149403509 0.145717537350877
0.30281493443838 0 0.580272763247178 0.145068190811795
0.303265384888831 0 0.577691280385074 0.144422820096269
0.303715835339281 0 0.575124377554 0.1437810943885
0.304166285789732 0 0.57257308171296 0.14314327042824
0.304616736240182 0 0.570036708500841 0.14250917712521
0.305067186690633 0 0.56751524919355 0.141878812298387
0.305517637141083 0 0.565008533853041 0.14125213346326
0.305968087591534 0 0.56251693602799 0.140629234006998
0.306418538041984 0 0.560039834538327 0.140009958634582
0.306868988492434 0 0.557577299501234 0.139394324875309
0.307319438942885 0 0.555128974375461 0.138782243593865
0.307769889393335 0 0.552694920858725 0.138173730214681
0.308220339843786 0 0.5502754834865 0.137568870871625
0.308670790294236 0 0.547869889949241 0.13696747248731
0.309121240744687 0 0.545478217964719 0.13636955449118
0.309571691195137 0 0.543100557671867 0.135775139417967
0.310022141645588 0 0.540736735107767 0.135184183776942
0.310472592096038 0 0.538386876501873 0.134596719125468
0.310923042546488 0 0.536050149091445 0.134012537272861
0.311373492996939 0 0.533727008527816 0.133431752131954
0.311823943447389 0 0.531417239264893 0.132854309816223
0.31227439389784 0 0.529120939865027 0.132280234966257
0.31272484434829 0 0.526837684482061 0.131709421120515
0.313175294798741 0 0.524567788101902 0.131141947025476
0.313625745249191 0 0.522311048557111 0.130577762139278
0.314076195699642 0 0.520066748778938 0.130016687194734
0.314526646150092 0 0.517835342622726 0.129458835655682
0.314977096600542 0 0.515616917104098 0.128904229276024
0.315427547050993 0 0.513411053894696 0.128352763473674
0.315877997501443 0 0.51121767431615 0.127804418579037
0.316328447951894 0 0.509036621388894 0.127259155347223
0.316778898402344 0 0.506868504815109 0.126717126203777
0.317229348852795 0 0.504712460523313 0.126178115130828
0.317679799303245 0 0.502568396038403 0.125642099009601
0.318130249753696 0 0.500436854120015 0.125109213530004
0.318580700204146 0 0.498316772390878 0.124579193097719
0.319031150654596 0 0.496209131194559 0.12405228279864
0.319481601105047 0 0.494113171525858 0.123528292881465
0.319932051555497 0 0.492028920810286 0.123007230202571
0.320382502005948 0 0.489956635550728 0.122489158887682
0.320832952456398 0 0.487895962817534 0.121973990704384
0.321283402906849 0 0.485846503047738 0.121461625761934
0.321733853357299 0 0.483808935472243 0.120952233868061
0.32218430380775 0 0.481782356568281 0.12044558914207
0.3226347542582 0 0.479767226299229 0.119941806574807
0.32308520470865 0 0.477763269174338 0.119440817293584
0.323535655159101 0 0.475770597373921 0.11894264934348
0.323986105609551 0 0.473788872530232 0.118447218132558
0.324436556060002 0 0.47181828966278 0.117954572415695
0.324887006510452 0 0.469858317916215 0.117464579479054
0.325337456960903 0 0.467909525670583 0.116977381417646
0.325787907411353 0 0.465971199872952 0.116492799968238
0.326238357861804 0 0.464043731398031 0.116010932849508
0.326688808312254 0 0.46212693611439 0.115531734028597
0.327139258762704 0 0.460220336386944 0.115055084096736
0.327589709213155 0 0.458324846772063 0.114581211693016
0.328040159663605 0 0.456439131584577 0.114109782896144
0.328490610114056 0 0.454564091926506 0.113641022981627
0.328941060564506 0 0.45269922514596 0.11317480628649
0.329391511014957 0 0.450844307561175 0.112711076890294
0.329841961465407 0 0.448999818659197 0.112249954664799
0.330292411915858 0 0.447165540962076 0.111791385240519
0.330742862366308 0 0.445340702365867 0.111335175591467
0.331193312816759 0 0.443526642027026 0.110881660506757
0.331643763267209 0 0.441721345328739 0.110430336332185
0.332094213717659 0 0.439926595324639 0.10998164883116
0.33254466416811 0 0.438141106558771 0.109535276639693
0.33299511461856 0 0.43636571314869 0.109091428287172
0.333445565069011 0 0.434599306241971 0.108649826560493
0.333896015519461 0 0.432842900896082 0.108210725224021
0.334346465969912 0 0.431095853937054 0.107773963484264
0.334796916420362 0 0.429358108189044 0.107339527047261
0.335247366870813 0 0.427629774480901 0.106907443620225
0.335697817321263 0 0.425910572715018 0.106477643178754
0.336148267771713 0 0.424200675069743 0.106050168767436
0.336598718222164 0 0.422499866795838 0.105624966698959
0.337049168672614 0 0.420808109237365 0.105202027309341
0.337499619123065 0 0.419125541507987 0.104781385376997
0.337950069573515 0 0.417451641151434 0.104362910287858
0.338400520023966 0 0.415786908636462 0.103946727159116
0.338850970474416 0 0.414131047048989 0.103532761762247
0.339301420924867 0 0.412483944599655 0.103120986149914
0.339751871375317 0 0.410845536759171 0.102711384189793
0.340202321825767 0 0.409215667587574 0.102303916896894
0.340652772276218 0 0.407594512504502 0.101898628126126
0.341103222726668 0 0.40598159877711 0.101495399694278
0.341553673177119 0 0.404377909883008 0.101094477470752
0.342004123627569 0 0.402781682013112 0.100695420503278
0.34245457407802 0 0.401194573312192 0.100298643328048
0.34290502452847 0 0.399615919499608 0.099903979874902
0.343355474978921 0 0.398044836516161 0.0995112091290402
0.343805925429371 0 0.396482185748558 0.0991205464371395
0.344256375879821 0 0.394928193135172 0.098732048283793
0.344706826330272 0 0.3933818895907 0.0983454723976749
0.345157276780722 0 0.391843775450279 0.0979609438625697
0.345607727231173 0 0.390313580487578 0.0975783951218945
0.346058177681623 0 0.388791386054864 0.097197846513716
0.346508628132074 0 0.38727720690152 0.0968193017253799
0.346959078582524 0 0.385770711686963 0.0964426779217406
0.347409529032975 0 0.384272206466187 0.0960680516165468
0.347859979483425 0 0.382781093789106 0.0956952734472764
0.348310429933875 0 0.381298117502011 0.0953245293755026
0.348760880384326 0 0.37982228020025 0.0949555700500626
0.349211330834776 0 0.378354769970632 0.0945886924926581
0.349661781285227 0 0.376894336064813 0.0942235840162034
0.350112231735677 0 0.375441494902685 0.0938603737256712
0.350562682186128 0 0.373996149661985 0.0934990374154963
0.351013132636578 0 0.372558011737484 0.093139502934371
0.351463583087029 0 0.371127443309772 0.0927818608274429
0.351914033537479 0 0.369704337880781 0.0924260844701953
0.352364483987929 0 0.368287980554148 0.092071995138537
0.35281493443838 0 0.366879292963851 0.0917198232409628
0.35326538488883 0 0.365477751356852 0.091369437839213
0.353715835339281 0 0.364083349201261 0.0910208373003152
0.354166285789731 0 0.362695617924868 0.0906739044812171
0.354616736240182 0 0.36131517025981 0.0903287925649525
0.355067186690632 0 0.359941879979167 0.0899854699947917
0.355517637141083 0 0.358575442968126 0.0896438607420316
0.355968087591533 0 0.357215799235391 0.0893039498088478
0.356418538041983 0 0.355863274896462 0.0889658187241155
0.356868988492434 0 0.354517461977071 0.0886293654942677
0.357319438942884 0 0.353178200421009 0.0882945501052521
0.357769889393335 0 0.351846140748877 0.0879615351872192
0.358220339843785 0 0.350520502494954 0.0876301256237385
0.358670790294236 0 0.349201177260854 0.0873002943152136
0.359121240744686 0 0.34788873091408 0.08697218272852
0.359571691195137 0 0.346583143308706 0.0866457858271765
0.360022141645587 0 0.34528408968839 0.0863210224220976
0.360472592096037 0 0.343991081262996 0.0859977703157491
0.360923042546488 0 0.34270486897946 0.085676217244865
0.361373492996938 0 0.341424781773447 0.0853561954433618
0.361823943447389 0 0.340151390106017 0.0850378475265043
0.362274393897839 0 0.338884125222971 0.0847210313057429
0.36272484434829 0 0.337622821124108 0.0844057052810269
0.36317529479874 0 0.336368417429359 0.0840921043573397
0.363625745249191 0 0.335119877113972 0.0837799692784929
0.364076195699641 0 0.333877550234968 0.083469387558742
0.364526646150092 0 0.332641073863793 0.0831602684659483
0.364977096600542 0 0.331411335269647 0.0828528338174117
0.365427547050992 0 0.330187109094618 0.0825467772736546
0.365877997501443 0 0.328968841955914 0.0822422104889786
0.366328447951893 0 0.327756973211518 0.0819392433028795
0.366778898402344 0 0.326551094347457 0.0816377735868643
0.367229348852794 0 0.325350790281191 0.0813376975702978
0.367679799303245 0 0.324156342001262 0.0810390855003155
0.368130249753695 0 0.322968167413705 0.0807420418534262
0.368580700204146 0 0.321785279652347 0.0804463199130867
0.369031150654596 0 0.320608231812718 0.0801520579531794
0.369481601105046 0 0.319437015981672 0.0798592539954181
0.369932051555497 0 0.318271624687359 0.0795679061718396
0.370382502005947 0 0.317112052131769 0.0792780130329422
0.370832952456398 0 0.315957873959567 0.0789894684898916
0.371283402906848 0 0.314809229760428 0.078702307440107
0.371733853357299 0 0.313666123697636 0.078416530924409
0.372184303807749 0 0.312528565274032 0.0781321413185081
0.3726347542582 0 0.311396710558834 0.0778491776397086
0.37308520470865 0 0.310270022129602 0.0775675055324004
0.3735356551591 0 0.309148951941252 0.0772872379853129
0.373986105609551 0 0.30803326055829 0.0770083151395725
0.374436556060001 0 0.306922858722097 0.0767307146805243
0.374887006510452 0 0.305817808552618 0.0764544521381546
0.375337456960902 0 0.304718184205822 0.0761795460514555
0.375787907411353 0 0.303623652503949 0.0759059131259874
0.376238357861803 0 0.3025343142227 0.075633578555675
0.376688808312254 0 0.301450145054768 0.0753625362636921
0.377139258762704 0 0.300371557153762 0.0750928892884405
0.377589709213154 0 0.299297857684061 0.0748244644210152
0.378040159663605 0 0.298229072021411 0.0745572680053528
0.378490610114055 0 0.297165804532782 0.0742914511331955
0.378941060564506 0 0.296107137360244 0.074026784340061
0.379391511014956 0 0.29505385412473 0.0737634635311825
0.379841961465407 0 0.294005218027738 0.0735013045069345
0.380292411915857 0 0.292961775194077 0.0732404437985193
0.380742862366308 0 0.291923394089793 0.0729808485224483
0.381193312816758 0 0.290889545534853 0.0727223863837132
0.381643763267208 0 0.289860986429805 0.0724652466074513
0.382094213717659 0 0.288836956812655 0.0722092392031636
0.382544664168109 0 0.287817563566686 0.0719543908916714
0.38299511461856 0 0.286803501066334 0.0717008752665835
0.38344556506901 0 0.285793669107036 0.0714484172767589
0.383896015519461 0 0.284788958066708 0.0711972395166771
0.384346465969911 0 0.283788885776025 0.0709472214440063
0.384796916420362 0 0.282793280081014 0.0706983200202534
0.385247366870812 0 0.281802700609575 0.0704506751523938
0.385697817321262 0 0.280816336543112 0.0702040841357781
0.386148267771713 0 0.279834670452862 0.0699586676132155
0.386598718222163 0 0.278857797961009 0.0697144494902522
0.387049168672614 0 0.277885287350567 0.0694713218376418
0.387499619123064 0 0.276917161599215 0.0692292903998039
0.387950069573515 0 0.275953899724594 0.0689884749311485
0.388400520023965 0 0.274994755043302 0.0687486887608256
0.388850970474416 0 0.274040419084996 0.068510104771249
0.389301420924866 0 0.273090078857366 0.0682725197143415
0.389751871375316 0 0.272144501089279 0.0680361252723197
0.390202321825767 0 0.271203230129712 0.0678008075324279
0.390652772276217 0 0.270265709203745 0.0675664273009362
0.391103222726668 0 0.269333103606641 0.0673332759016604
0.391553673177118 0 0.26840479798175 0.0671011994954374
0.392004123627569 0 0.267480217809906 0.0668700544524764
0.392454574078019 0 0.266560793382067 0.0666401983455167
0.39290502452847 0 0.265644493705715 0.0664111234264287
0.39335547497892 0 0.264733395942793 0.0661833489856983
0.39380592542937 0 0.26382555703149 0.0659563892578726
0.394256375879821 0 0.262922582223347 0.0657306455558369
0.394706826330271 0 0.262023459980519 0.0655058649951297
0.395157276780722 0 0.26112834566499 0.0652820864162475
0.395607727231172 0 0.260237161057404 0.0650592902643509
0.396058177681623 0 0.259350716872156 0.0648376792180391
0.396508628132073 0 0.258467348526477 0.0646168371316193
0.396959078582524 0 0.257588523394062 0.0643971308485156
0.397409529032974 0 0.256713937070815 0.0641784842677038
0.397859979483424 0 0.255842633446436 0.0639606583616089
0.398310429933875 0 0.254975809387235 0.0637439523468087
0.398760880384325 0 0.25411261081087 0.0635281527027176
0.399211330834776 0 0.253253636970092 0.0633134092425231
0.399661781285226 0 0.252398137618108 0.0630995344045269
0.400112231735677 0 0.251546676957928 0.0628866692394821
0.400562682186127 0 0.250699172151854 0.0626747930379636
0.401013132636578 0 0.249854893257634 0.0624637233144084
0.401463583087028 0 0.249014987241446 0.0622537468103614
0.401914033537479 0 0.248178834651598 0.0620447086628996
0.402364483987929 0 0.247345871328043 0.0618364678320107
0.402814934438379 0 0.24651727160117 0.0616293179002926
0.40326538488883 0 0.245692024539632 0.0614230061349079
0.40371583533928 0 0.244870577779335 0.0612176444448339
0.404166285789731 0 0.244052876834522 0.0610132192086304
0.404616736240181 0 0.243238504925112 0.0608096262312781
0.405067186690632 0 0.24242808588375 0.0606070214709375
0.405517637141082 0 0.241620761251626 0.0604051903129064
0.405968087591533 0 0.240817695253078 0.0602044238132695
0.406418538041983 0 0.240017870343386 0.0600044675858466
0.406868988492433 0 0.239221591511511 0.0598053978778779
0.407319438942884 0 0.238428524675334 0.0596071311688334
0.407769889393334 0 0.237639519582824 0.0594098798957061
0.408220339843785 0 0.236853526645276 0.0592133816613191
0.408670790294235 0 0.236071521708202 0.0590178804270504
0.409121240744686 0 0.235292161795099 0.0588230404487746
0.409571691195136 0 0.234517111490382 0.0586292778725955
0.410022141645587 0 0.233744736917175 0.0584361842292937
0.410472592096037 0 0.232976272126114 0.0582440680315285
0.410923042546487 0 0.232211055345622 0.0580527638364054
0.411373492996938 0 0.231448630725452 0.0578621576813631
0.411823943447388 0 0.230690291506921 0.0576725728767303
0.412274393897839 0 0.229935015754982 0.0574837539387455
0.412724844348289 0 0.229182689792541 0.0572956724481353
0.41317529479874 0 0.228434109244175 0.0571085273110438
0.41362574524919 0 0.227688597180665 0.0569221492951661
0.414076195699641 0 0.226946386256142 0.0567365965640356
0.414526646150091 0 0.226207218395657 0.0565518045989142
0.414977096600541 0 0.225471466108997 0.0563678665272491
0.415427547050992 0 0.224738871902832 0.0561847179757079
0.415877997501442 0 0.224009108952401 0.0560022772381002
0.416328447951893 0 0.223282903051054 0.0558207257627635
0.416778898402343 0 0.222560071190226 0.0556400177975564
0.417229348852794 0 0.221839661131767 0.0554599152829417
0.417679799303244 0 0.221122755782531 0.0552806889456327
0.418130249753695 0 0.220409110161059 0.0551022775402647
0.418580700204145 0 0.219698131972521 0.0549245329931303
0.419031150654595 0 0.21899014394999 0.0547475359874975
0.419481601105046 0 0.218285683838712 0.054571420959678
0.419932051555496 0 0.217584102881901 0.0543960257204752
0.420382502005947 0 0.216885247882441 0.0542213119706102
0.420832952456397 0 0.216189742372161 0.0540474355930403
0.421283402906848 0 0.215496744126571 0.0538741860316428
0.421733853357298 0 0.214807169562046 0.0537017923905116
0.422184303807749 0 0.214120190135494 0.0535300475338734
0.422634754258199 0 0.213436456207815 0.0533591140519537
0.423085204708649 0 0.212755294223431 0.0531888235558579
0.4235356551591 0 0.212077230271251 0.0530193075678127
0.42398610560955 0 0.211402028001867 0.0528505070004667
0.424436556060001 0 0.210729530104445 0.0526823825261113
0.424887006510451 0 0.210060078999975 0.0525150197499938
0.425337456960902 0 0.209393536461292 0.0523483841153231
0.425787907411352 0 0.208729563968497 0.0521823909921242
0.426238357861803 0 0.208068463950247 0.0520171159875618
0.426688808312253 0 0.20741019958227 0.0518525498955675
0.427139258762703 0 0.206754815208973 0.0516887038022432
0.427589709213154 0 0.206102016359156 0.0515255040897889
0.428040159663604 0 0.20545187068059 0.0513629676701476
0.428490610114055 0 0.204804808871781 0.0512012022179453
0.428941060564505 0 0.204160223032252 0.0510400557580629
0.429391511014956 0 0.203518148621672 0.050879537155418
0.429841961465406 0 0.202879405860591 0.0507198514651477
0.430292411915857 0 0.202242796422843 0.0505606991057109
0.430742862366307 0 0.201608887518183 0.0504022218795456
0.431193312816757 0 0.200977770602099 0.0502444426505246
0.431643763267208 0 0.200349061409562 0.0500872653523904
0.432094213717658 0 0.199723442076383 0.0499308605190958
0.432544664168109 0 0.199099858052579 0.0497749645131447
0.432995114618559 0 0.198479302821204 0.0496198257053009
0.43344556506901 0 0.197861034367141 0.0494652585917852
0.43389601551946 0 0.197245518205884 0.049311379551471
0.434346465969911 0 0.196632325974122 0.0491580814935304
0.434796916420361 0 0.196021957135101 0.0490054892837752
0.435247366870812 0 0.195413877749526 0.0488534694373816
0.435697817321262 0 0.194808482684695 0.0487021206711736
0.436148267771712 0 0.194205413877197 0.0485513534692993
0.436598718222163 0 0.193604822422409 0.0484012056056022
0.437049168672613 0 0.193007228801195 0.0482518072002988
0.437499619123064 0 0.192411280124225 0.0481028200310562
0.437950069573514 0 0.191818375928738 0.0479545939821844
0.438400520023965 0 0.191227483080478 0.0478068707701196
0.438850970474415 0 0.190639620585579 0.0476599051463948
0.439301420924866 0 0.190053655514669 0.0475134138786672
0.439751871375316 0 0.189470227082122 0.0473675567705304
0.440202321825766 0 0.188889365286203 0.0472223413215507
0.440652772276217 0 0.188310490228321 0.0470776225570803
0.441103222726667 0 0.187734094966117 0.0469335237415292
0.441553673177118 0 0.187160343949012 0.0467900859872531
0.442004123627568 0 0.18658837271817 0.0466470931795424
0.442454574078019 0 0.1860195115576 0.0465048778894001
0.442905024528469 0 0.185452240515864 0.046363060128966
0.44335547497892 0 0.184887654908319 0.0462219137270798
0.44380592542937 0 0.18432512199002 0.0460812804975051
0.44425637587982 0 0.183764943410151 0.0459412358525377
0.444706826330271 0 0.183207234608518 0.0458018086521295
0.445157276780721 0 0.182651784620956 0.045662946155239
0.445607727231172 0 0.182098196705108 0.0455245491762771
0.446058177681622 0 0.181547290050519 0.0453868225126298
0.446508628132073 0 0.180998297224591 0.0452495743061478
0.446959078582523 0 0.180451386822449 0.0451128467056124
0.447409529032974 0 0.179907243682172 0.0449768109205429
0.447859979483424 0 0.179364546160575 0.0448411365401437
0.448310429933874 0 0.178824871788313 0.0447062179470783
0.448760880384325 0 0.178286390725227 0.0445715976813067
0.449211330834775 0 0.177751153749947 0.0444377884374868
0.449661781285226 0 0.177217244556402 0.0443043111391004
0.450112231735676 0 0.176685786463096 0.0441714466157741
0.450562682186127 0 0.176156599536571 0.0440391498841427
0.451013132636577 0 0.175629180619123 0.0439072951547808
0.451463583087028 0 0.175103824971566 0.0437759562428916
0.451914033537478 0 0.174581066886624 0.043645266721656
0.452364483987928 0 0.174059856948689 0.0435149642371723
0.452814934438379 0 0.173540926069164 0.0433852315172909
0.453265384888829 0 0.17302384295966 0.0432559607399149
0.45371583533928 0 0.172509537054298 0.0431273842635745
0.45416628578973 0 0.171996374215359 0.0429990935538397
0.454616736240181 0 0.171485622554616 0.0428714056386541
0.455067186690631 0 0.170976828674039 0.0427442071685098
0.455517637141082 0 0.170470199844975 0.0426175499612438
0.455968087591532 0 0.169965483165491 0.0424913707913728
0.456418538041982 0 0.169462666194823 0.0423656665487058
0.456868988492433 0 0.168961977770732 0.0422404944426831
0.457319438942883 0 0.168463047000245 0.0421157617500613
0.457769889393334 0 0.167966445262804 0.0419916113157011
0.458220339843784 0 0.167471443946863 0.0418678609867157
0.458670790294235 0 0.166978677554671 0.0417446693886676
0.459121240744685 0 0.16648734090288 0.04162183522572
0.459571691195136 0 0.165998552865362 0.0414996382163405
0.460022141645586 0 0.16551143312128 0.0413778582803199
0.460472592096036 0 0.165026184303558 0.0412565460758895
0.460923042546487 0 0.164542832033978 0.0411357080084946
0.461373492996937 0 0.164061224590585 0.0410153061476461
0.461823943447388 0 0.163581874385188 0.0408954685962969
0.462274393897838 0 0.163103855397557 0.0407759638493893
0.462724844348289 0 0.162628167580247 0.0406570418950617
0.463175294798739 0 0.162154092935789 0.0405385232339474
0.46362574524919 0 0.161681718041956 0.0404204295104891
0.46407619569964 0 0.161211514447488 0.040302878611872
0.46452664615009 0 0.1607430774332 0.0401857693583
0.464977096600541 0 0.160276106530941 0.0400690266327351
0.465427547050991 0 0.15981138783957 0.0399528469598924
0.465877997501442 0 0.159348411007867 0.0398371027519668
0.466328447951892 0 0.158886770853609 0.0397216927134022
0.466778898402343 0 0.158427569586527 0.0396068923966318
0.467229348852793 0 0.157969632753531 0.0394924081883829
0.467679799303244 0 0.157513573331626 0.0393783933329064
0.468130249753694 0 0.157059410031962 0.0392648525079905
0.468580700204144 0 0.156606567125934 0.0391516417814835
0.469031150654595 0 0.156155696541648 0.0390389241354119
0.469481601105045 0 0.15570713714578 0.038926784286445
0.469932051555496 0 0.155259652593435 0.0388149131483588
0.470382502005946 0 0.154813935345184 0.0387034838362961
0.470832952456397 0 0.154370084759772 0.0385925211899431
0.471283402906847 0 0.153927887464916 0.0384819718662291
0.471733853357298 0 0.153487377807048 0.038371844451762
0.472184303807748 0 0.153048277377656 0.0382620693444139
0.472634754258199 0 0.152611397373554 0.0381528493433884
0.473085204708649 0 0.152175835138072 0.0380439587845179
0.473535655159099 0 0.151742057735822 0.0379355144339554
0.47398610560955 0 0.151309800031281 0.0378274500078202
0.47443655606 0 0.150879326233667 0.0377198315584168
0.474887006510451 0 0.150450168550815 0.0376125421377038
0.475337456960901 0 0.150023089597728 0.0375057723994321
0.475787907411352 0 0.149597279774386 0.0373993199435965
0.476238357861802 0 0.149173159846913 0.0372932899617282
0.476688808312253 0 0.148750699976238 0.0371876749940595
0.477139258762703 0 0.148329699776917 0.0370824249442292
0.477589709213153 0 0.147910629530361 0.0369776573825903
0.478040159663604 0 0.147492668337165 0.0368731670842911
0.478490610114054 0 0.147076787363625 0.0367691968409063
0.478941060564505 0 0.146662246556782 0.0366655616391955
0.479391511014955 0 0.146249257270985 0.0365623143177463
0.479841961465406 0 0.145837441003266 0.0364593602508165
0.480292411915856 0 0.145427651507236 0.0363569128768091
0.480742862366307 0 0.145019312412012 0.0362548281030029
0.481193312816757 0 0.144612519152005 0.0361531297880011
0.481643763267207 0 0.144206917889465 0.0360517294723662
0.482094213717658 0 0.143803387940798 0.0359508469851995
0.482544664168108 0 0.14340095842203 0.0358502396055075
0.482995114618559 0 0.14299989127809 0.0357499728195226
0.483445565069009 0 0.142600420815691 0.0356501052039229
0.48389601551946 0 0.142202753506019 0.0355506883765048
0.48434646596991 0 0.141806227411685 0.0354515568529212
0.484796916420361 0 0.141411414104151 0.0353528535260377
0.485247366870811 0 0.141018017165752 0.0352545042914381
0.485697817321261 0 0.140625852864889 0.0351564632162223
0.486148267771712 0 0.140235411388829 0.0350588528472072
0.486598718222162 0 0.139846315054169 0.0349615787635423
0.487049168672613 0 0.139458720076571 0.0348646800191426
0.487499619123063 0 0.139072475668678 0.0347681189171695
0.487950069573514 0 0.138687544740479 0.0346718861851197
0.488400520023964 0 0.138304284394436 0.0345760710986089
0.488850970474415 0 0.137922324907845 0.0344805812269612
0.489301420924865 0 0.137541550627713 0.0343853876569282
0.489751871375315 0 0.137162240518759 0.0342905601296897
0.490202321825766 0 0.136784788166282 0.0341961970415705
0.490652772276216 0 0.136408440394199 0.0341021100985498
0.491103222726667 0 0.136033118952194 0.0340082797380484
0.491553673177117 0 0.135659841752301 0.0339149604380753
0.492004123627568 0 0.135287499267468 0.0338218748168669
0.492454574078018 0 0.134916358285818 0.0337290895714544
0.492905024528469 0 0.134546800880132 0.0336367002200329
0.493355474978919 0 0.134178904364319 0.0335447260910798
0.493805925429369 0 0.133812020449577 0.0334530051123943
0.49425637587982 0 0.133446317126716 0.033361579281679
0.49470682633027 0 0.133082358587501 0.0332705896468754
0.495157276780721 0 0.132719423654065 0.0331798559135161
0.495607727231171 0 0.132357887906312 0.033089471976578
0.496058177681622 0 0.131997542461701 0.0329993856154253
0.496508628132072 0 0.131638715436413 0.0329096788591033
0.496959078582523 0 0.131281150446244 0.0328202876115611
0.497409529032973 0 0.130924567581239 0.0327311418953097
0.497859979483423 0 0.13056964431292 0.0326424110782301
0.498310429933874 0 0.130215914114895 0.0325539785287238
0.498760880384324 0 -287.712141260678 -71.9280353151694
