0 16235.0670054653
0.00337078651685393 16235.0670054653
0.00674157303370787 10823.3779998561
0.0101123595505618 1082.33779203207
0.0134831460674157 -6648.64649844895
0.0168539325842697 -7490.46478619042
0.0202247191011236 -2050.66311080592
0.0235955056179775 4287.42247226496
0.0269662921348315 6064.66382966106
0.0303370786516854 2281.64399584506
0.0337078651685393 -3144.63417291798
0.0370786516853933 -5208.9787459979
0.0404494382022472 -2337.79102833297
0.0438202247191011 2454.46941253124
0.0471910112359551 4619.09072959108
0.050561797752809 2333.895064163
0.0539325842696629 -1987.18981740392
0.0573033707865169 -4179.63670136901
0.0606741573033708 -2306.00059333553
0.0640449438202247 1647.70979432382
0.0674157303370786 3835.45394144004
0.0707865168539326 2268.12022910168
0.0741573033707865 -1388.94051130874
0.0775280898876405 -3556.25540244964
0.0808988764044944 -2226.41874824618
0.0842696629213483 1184.68336690566
0.0876404494382022 3323.79157043523
0.0910112359550562 2183.81323066908
0.0943820224719101 -1019.11319732813
0.0977528089887641 -3126.30140794113
0.101123595505618 -2141.73442627673
0.104494382022472 882.065290570167
0.107865168539326 2955.80814216782
0.11123595505618 2100.88331648304
0.114606741573034 -766.691752410411
0.117977528089888 -2806.6799058985
0.121348314606742 -2061.5851098613
0.124719101123596 668.199450546294
0.128089887640449 2674.80895187261
0.131460674157303 2023.96532560331
0.134831460674157 -583.126949552594
0.138202247191011 -2557.11782828284
0.141573033707865 -1988.04213613935
0.144943820224719 508.90820821669
0.148314606741573 2451.24822066807
0.151685393258427 1953.7761463446
0.155056179775281 -443.598492674712
0.158426966292135 -2355.35795332008
0.161797752808989 -1921.09838190193
0.165168539325843 385.695484283868
0.168539325842697 2267.98379224083
0.171910112359551 1889.92583667436
0.175280898876404 -334.019440954724
0.178651685393258 -2187.94669589086
0.182022471910112 -1860.17061460067
0.185393258426966 287.630264727422
0.18876404494382 2114.28428604772
0.192134831460674 1831.74481683509
0.195505617977528 -245.769313347848
0.198876404494382 -2046.20225860462
0.202247191011236 -1804.56352758506
0.20561797752809 207.817200449802
0.208988764044944 1983.03822601645
0.212359550561798 1778.54609513819
0.215730337078652 -173.263188073422
0.219101123595506 -1924.23493078452
0.22247191011236 -1753.6169878614
0.225842696629213 141.682073663911
0.229213483146067 1869.31954495501
0.232584269662921 1729.70581709182
0.235955056179775 -112.717049403352
0.239325842696629 -1817.88803785099
0.242696629213483 -1706.74745631843
0.246067415730337 86.0662581271793
0.249438202247191 1769.59265497569
0.252808988764045 1684.68164299248
0.256179775280899 -61.472704315751
0.259550561797753 -1724.13237069086
0.262921348314607 -1663.45286820428
0.266292134831461 38.7160271513381
0.269662921348315 1681.24495426114
0.273033707865169 1643.00986590065
0.276404494382022 -17.6063215618155
0.279775280898876 -1640.7009220073
0.28314606741573 -1623.30546024301
0.286516853932584 -2.02112284185912
0.289887640449438 1602.2983029785
0.293258426966292 1604.29605459011
0.296629213483146 20.3097265684413
0.3 -1565.85869463576
0.302247191011236 -1579.27221059386
0.304494382022472 -25.0124717672826
0.306741573033708 1542.6474406448
0.308988764044944 1567.47733710974
0.31123595505618 36.0084985915102
0.313483146067416 -1520.19202565919
0.315730337078652 -1555.94332320525
0.317977528089888 -46.5328037901176
0.320224719101124 1498.45316955257
0.32247191011236 1544.66056660427
0.324719101123595 56.6133193240966
0.326966292134831 -1477.39441830258
0.329213483146067 -1533.61997768184
0.331460674157303 -66.2758640609286
0.333707865168539 1456.98181395801
0.335955056179775 1522.81287104569
0.338202247191011 75.5442666642191
0.340449438202247 -1437.18375344741
0.342696629213483 -1512.23102087389
0.344943820224719 -84.4406278088288
0.347191011235955 1417.9707085946
0.349438202247191 1501.86655564271
0.351685393258427 92.9854003555955
0.353932584269663 -1399.31512878718
0.356179775280899 -1491.71201646759
0.358426966292135 -101.197614277831
0.360674157303371 1381.19119956979
0.362921348314607 1481.76025472011
0.365168539325843 109.09492423546
0.367415730337079 -1363.5747792919
0.369662921348315 -1472.00449309194
0.371910112359551 -116.693805888789
0.374157303370787 1346.44318773949
0.376404494382022 1462.43822580618
0.378651685393258 124.009578333435
0.380898876404494 -1329.77516936413
0.38314606741573 -1453.05528210723
0.385393258426966 -131.056578239388
0.387640449438202 1313.55070552405
0.389887640449438 1443.84972877043
0.392134831460674 137.848162714471
0.39438202247191 -1297.75099869499
0.396629213483146 -1434.81593572998
0.398876404494382 -144.396866099091
0.401123595505618 1282.35830342917
0.403370786516854 1425.94848060759
0.40561797752809 150.71438745733
0.407865168539326 -1267.35592726707
0.410112359550562 -1417.24221621242
0.412359550561798 -156.81173368888
0.414606741573034 1252.72807665648
0.41685393258427 1408.69217683434
0.419101123595506 162.699194846036
0.421348314606742 -1238.45987126138
0.423595505617978 -1400.29364737646
0.425842696629213 -168.386476364869
0.428089887640449 1224.53720192816
0.430337078651685 1392.04207118641
0.432584269662921 173.882664666598
0.434831460674157 -1210.94675581962
0.437078651685393 -1383.93312060945
0.439325842696629 -179.196350671473
0.441573033707865 1197.67588415107
0.443820224719101 1375.96260615848
0.446067415730337 184.335587590622
0.448314606741573 -1184.71263613088
0.450561797752809 -1368.12654830217
0.452808988764045 -189.308007407012
0.455056179775281 1172.04563467201
0.457303370786517 1360.42108779968
0.459550561797753 194.120772347515
0.461797752808989 -1159.66411754265
0.464044943820225 -1352.84255856262
0.466292134831461 -198.78068565254
0.468539325842697 1147.55781962889
0.470786516853933 1345.38739900344
0.473033707865169 203.294137901473
0.475280898876405 -1135.71702002374
0.47752808988764 -1338.05222583145
0.479775280898876 -207.66721311556
0.482022471910112 1124.13242970232
0.484269662921348 1330.83374628433
0.486516853932584 211.905630867095
0.48876404494382 -1112.79524352951
0.491011235955056 -1323.72883273745
0.493258426966292 -216.014848546887
0.495505617977528 1101.69703243166
0.497752808988764 1316.73443570572
0.5 220
