0.00166666666666667 -0 -0
0.005 0.00111111110925322 0.00111111110925322
0.00833333333333333 0.00266666666561832 0.00266666666561832
0.0116666666666667 0.00428571428585656 0.00428571428585656
0.015 0.005925925930228 0.005925925930228
0.0183333333333333 0.00757575757859286 0.00757575757859286
0.0216666666666667 0.00923076923697863 0.00923076923697863
0.025 0.0108888889030823 0.0108888889030823
0.0283333333333333 0.0125490196154487 0.0125490196154487
0.0316666666666667 0.0142105263279291 0.0142105263279291
0.035 0.0158730159000697 0.0158730159000697
0.0383333333333333 0.0175362319140504 0.0175362319140504
0.0416666666666667 0.0192000000453163 0.0192000000453163
0.045 0.0208641975802948 0.0208641975802948
0.0483333333333333 0.0225287356897752 0.0225287356897752
0.0516666666666667 0.0241935484382338 0.0241935484382338
0.055 0.0258585859029381 0.0258585859029381
0.0583333333333333 0.027523809578156 0.027523809578156
0.0616666666666667 0.0291891892459262 0.0291891892459262
0.065 0.0308547009296944 0.0308547009296944
0.0683333333333333 0.0325203252742767 0.0325203252742767
0.0716666666666667 0.0341860465653099 0.0341860465653099
0.075 0.0358518518936535 0.0358518518936535
0.0783333333333333 0.0375177305329544 0.0375177305329544
0.0816666666666666 0.0391836735047946 0.0391836735047946
0.085 0.0408496732376307 0.0408496732376307
0.0883333333333333 0.042515723319525 0.042515723319525
0.0916666666666666 0.0441818182252973 0.0441818182252973
0.0949999999999999 0.0458479532653655 0.0458479532653655
0.0983333333333333 0.0475141243299504 0.0475141243299504
0.101666666666667 0.0491803278976022 0.0491803278976022
0.105 0.0508465608902497 0.0508465608902497
0.108333333333333 0.0525128205538294 0.0525128205538294
0.111666666666667 0.0541791045179707 0.0541791045179707
0.115 0.0558454106680983 0.0558454106680983
0.118333333333333 0.0575117371369061 0.0575117371369061
0.121666666666667 0.0591780822446708 0.0591780822446708
0.125 0.0608444445163059 0.0608444445163059
0.128333333333333 0.0625108225705162 0.0625108225705162
0.131666666666667 0.0641772152562226 0.0641772152562226
0.135 0.0658436214479252 0.0658436214479252
0.138333333333333 0.0675100402077078 0.0675100402077078
0.141666666666667 0.0691764706232334 0.0691764706232334
0.145 0.0708429119185894 0.0708429119185894
0.148333333333333 0.0725093633349161 0.0725093633349161
0.151666666666667 0.0741758242241985 0.0741758242241985
0.155 0.0758422939725278 0.0758422939725278
0.158333333333333 0.0775087719830481 0.0775087719830481
0.161666666666667 0.079175257769748 0.079175257769748
0.165 0.0808417508636694 0.0808417508636694
0.168333333333333 0.0825082508470132 0.0825082508470132
0.171666666666666 0.0841747573190332 0.0841747573190332
0.175 0.0858412698704569 0.0858412698704569
0.178333333333333 0.0875077882028563 0.0875077882028563
0.181666666666666 0.0891743119666444 0.0891743119666444
0.185 0.0908408408633932 0.0908408408633932
0.188333333333333 0.0925073746458338 0.0925073746458338
0.191666666666666 0.0941739130581709 0.0941739130581709
0.195 0.0958404558531356 0.0958404558531356
0.198333333333333 0.0975070028260916 0.0975070028260916
0.201666666666666 0.0991735537553495 0.0991735537553495
0.205 0.100840108453326 0.100840108453326
0.208333333333333 0.102506666740965 0.102506666740965
0.211666666666666 0.104173228430682 0.104173228430682
0.215 0.105839793369 0.105839793369
0.218333333333333 0.107506361419496 0.107506361419496
0.221666666666666 0.109172932437218 0.109172932437218
0.225 0.110839506302796 0.110839506302796
0.228333333333333 0.112506082862751 0.112506082862751
0.231666666666666 0.11417266200624 0.11417266200624
0.235 0.115839243630944 0.115839243630944
0.238333333333333 0.117505827634545 0.117505827634545
0.241666666666666 0.119172413923252 0.119172413923252
0.245 0.120839002377693 0.120839002377693
0.248333333333333 0.122505592938182 0.122505592938182
0.251666666666666 0.124172185519456 0.124172185519456
0.255 0.125838780027721 0.125838780027721
0.258333333333333 0.127505376437398 0.127505376437398
0.261666666666666 0.129171974612063 0.129171974612063
0.265 0.130838574509085 0.130838574509085
0.268333333333333 0.132505176060249 0.132505176060249
0.271666666666667 0.134171779205872 0.134171779205872
0.275 0.135838383911846 0.135838383911846
0.278333333333333 0.137504990084381 0.137504990084381
0.281666666666667 0.139171597697896 0.139171597697896
0.285 0.140838206709759 0.140838206709759
0.288333333333333 0.142504817034705 0.142504817034705
0.291666666666667 0.144171428664208 0.144171428664208
0.295 0.145838041513002 0.145838041513002
0.297777777777778 0.14722636824871 0.14722636824871
0.3 0.148341563864562 0.148341563864562
0.302222222222222 0.149456699419659 0.149456699419659
0.304444444444444 0.150571776244135 0.150571776244135
0.306666666666667 0.151686795604178 0.151686795604178
0.308888888888889 0.152801758702026 0.152801758702026
0.311111111111111 0.153916666765497 0.153916666765497
0.313333333333333 0.155031520984039 0.155031520984039
0.315555555555556 0.156146322495943 0.156146322495943
0.317777777777778 0.157261072388337 0.157261072388337
0.32 0.158375771697195 0.158375771697195
0.322222222222222 0.159490421535224 0.159490421535224
0.324444444444445 0.160605022925608 0.160605022925608
0.326666666666667 0.161719576827579 0.161719576827579
0.328888888888889 0.162834084200369 0.162834084200369
0.331111111111111 0.163948545964843 0.163948545964843
0.333333333333334 0.165062963067442 0.165062963067442
0.335555555555556 0.166177336365081 0.166177336365081
0.337777777777778 0.167291666740255 0.167291666740255
0.34 0.168405955037088 0.168405955037088
0.342222222222222 0.169520202099704 0.169520202099704
0.344444444444445 0.170634408669912 0.170634408669912
0.346666666666667 0.171748575591835 0.171748575591835
0.348888888888889 0.172862703543331 0.172862703543331
0.351111111111111 0.173976793330155 0.173976793330155
0.353333333333334 0.175090845642956 0.175090845642956
0.355555555555556 0.17620486118517 0.17620486118517
0.357777777777778 0.177318840634655 0.177318840634655
0.36 0.178432784682059 0.178432784682059
0.362222222222223 0.17954669397966 0.17954669397966
0.364444444444445 0.180660569154156 0.180660569154156
0.366666666666667 0.181774410832247 0.181774410832247
0.368888888888889 0.182888219615052 0.182888219615052
0.371111111111112 0.184001996078109 0.184001996078109
0.373333333333334 0.185115740822539 0.185115740822539
0.375555555555556 0.186229454385511 0.186229454385511
0.377777777777778 0.187343137329776 0.187343137329776
0.380000000000001 0.188456790205294 0.188456790205294
0.382222222222223 0.189570413523654 0.189570413523654
0.384444444444445 0.190684007783659 0.190684007783659
0.386666666666667 0.191797573535268 0.191797573535268
0.388888888888889 0.192911111200544 0.192911111200544
0.391111111111112 0.194024621291078 0.194024621291078
0.393333333333334 0.19513810429288 0.19513810429288
0.395555555555556 0.196251560628014 0.196251560628014
0.397777777777778 0.197364990795279 0.197364990795279
0.400000000000001 0.19847839515279 0.19847839515279
0.402222222222223 0.199591774186558 0.199591774186558
0.404444444444445 0.200705128293066 0.200705128293066
0.406666666666667 0.201818457894376 0.201818457894376
0.40888888888889 0.202931763386971 0.202931763386971
0.411111111111112 0.204045045154544 0.204045045154544
0.413333333333334 0.205158303567998 0.205158303567998
0.415555555555556 0.206271539011027 0.206271539011027
0.417777777777779 0.207384751867323 0.207384751867323
0.420000000000001 0.208497942482211 0.208497942482211
0.422222222222223 0.209611111226593 0.209611111226593
0.424444444444445 0.210724258407424 0.210724258407424
0.426666666666667 0.211837384370028 0.211837384370028
0.42888888888889 0.212950489485308 0.212950489485308
0.431111111111112 0.21406357400906 0.21406357400906
0.433333333333334 0.215176638312187 0.215176638312187
0.435555555555556 0.216289682663273 0.216289682663273
0.437777777777779 0.217402707382064 0.217402707382064
0.440000000000001 0.218515712775513 0.218515712775513
0.442222222222223 0.219628699150576 0.219628699150576
0.444444444444445 0.220741666775837 0.220741666775837
0.446666666666668 0.221854615932671 0.221854615932671
0.44888888888889 0.222967546876873 0.222967546876873
0.451111111111112 0.224080459902609 0.224080459902609
0.453333333333334 0.225193355252884 0.225193355252884
0.455555555555557 0.226306233183493 0.226306233183493
0.457777777777779 0.227419094001391 0.227419094001391
0.460000000000001 0.228531937872845 0.228531937872845
0.462222222222223 0.229644765092019 0.229644765092019
0.464444444444445 0.230757575901919 0.230757575901919
0.466666666666668 0.231870370519971 0.231870370519971
0.46888888888889 0.232983149176391 0.232983149176391
0.471111111111112 0.234095912101395 0.234095912101395
0.473333333333334 0.235208659525199 0.235208659525199
0.475555555555557 0.236321391639649 0.236321391639649
0.477777777777779 0.23743410870054 0.23743410870054
0.480000000000001 0.238546810861351 0.238546810861351
0.482222222222223 0.239659498390665 0.239659498390665
0.484444444444446 0.240772171441961 0.240772171441961
0.486666666666668 0.241884830207084 0.241884830207084
0.48888888888889 0.242997474941831 0.242997474941831
0.491111111111112 0.244110105774098 0.244110105774098
0.493333333333335 0.245222722934102 0.245222722934102
