0 1 1
0.000265721877767936 1 1
0.000531443755535872 1 1
0.000797165633303809 1 1
0.00106288751107174 1 1
0.00132860938883968 1 1
0.00159433126660762 1 1
0.00186005314437555 1 1
0.00212577502214349 1 1
0.00239149689991143 1 1
0.00265721877767936 1 1
0.0029229406554473 1 1
0.00318866253321523 1 1
0.00345438441098317 1 1
0.00372010628875111 1 1
0.00398582816651904 1 1
0.00425155004428698 1 1
0.00451727192205491 1 1
0.00478299379982285 1 1
0.00504871567759079 1 1
0.00531443755535872 1 1
0.00558015943312666 1 1
0.0058458813108946 1 1
0.00611160318866253 1 1
0.00637732506643047 1 1
0.00664304694419841 1 1
0.00690876882196634 1 1
0.00717449069973428 1 1
0.00744021257750222 1 1
0.00770593445527015 1 1
0.00797165633303809 1 1
0.00823737821080603 1 1
0.00850310008857396 1 1
0.0087688219663419 1 1
0.00903454384410983 1 1
0.00930026572187777 1 1
0.00956598759964571 1 1
0.00983170947741364 1 1
0.0100974313551816 1 1
0.0103631532329495 1 1
0.0106288751107175 1 1
0.0108945969884854 1 1
0.0111603188662533 1 1
0.0114260407440213 1 1
0.0116917626217892 1 1
0.0119574844995571 1 1
0.0122232063773251 1 1
0.012488928255093 1 1
0.0127546501328609 1 1
0.0130203720106289 1 1
0.0132860938883968 1 1
0.0135518157661648 1 1
0.0138175376439327 1 1
0.0140832595217006 1 1
0.0143489813994686 1 1
0.0146147032772365 1 1
0.0148804251550044 1 1
0.0151461470327724 1 1
0.0154118689105403 1 1
0.0156775907883082 1 1
0.0159433126660762 1 1
0.0162090345438441 1 1
0.0164747564216121 1 1
0.01674047829938 1 1
0.0170062001771479 1 1
0.0172719220549159 1 1
0.0175376439326838 1 1
0.0178033658104517 1 1
0.0180690876882197 1 1
0.0183348095659876 1 1
0.0186005314437555 1 1
0.0188662533215235 1 1
0.0191319751992914 1 1
0.0193976970770593 1 1
0.0196634189548273 1 1
0.0199291408325952 1 1
0.0201948627103631 1 1
0.0204605845881311 1 1
0.020726306465899 1 1
0.0209920283436669 1 1
0.0212577502214349 1 1
0.0215234720992028 1 1
0.0217891939769707 1 1
0.0220549158547387 1 1
0.0223206377325066 1 1
0.0225863596102745 1 1
0.0228520814880425 1 1
0.0231178033658104 1 1
0.0233835252435784 1 1
0.0236492471213463 1 1
0.0239149689991142 1 1
0.0241806908768822 1 1
0.0244464127546501 1 1
0.024712134632418 1 1
0.024977856510186 1 1
0.0252435783879539 1 1
0.0255093002657218 1 1
0.0257750221434898 1 1
0.0260407440212577 1 1
0.0263064658990256 1 1
0.0265721877767936 1 1
0.0268379096545615 1 1
0.0271036315323294 1 1
0.0273693534100974 1 1
0.0276350752878653 1 1
0.0279007971656332 1 1
0.0281665190434012 1 1
0.0284322409211691 1 1
0.028697962798937 1 1
0.028963684676705 1 1
0.0292294065544729 1 1
0.0294951284322409 1 1
0.0297608503100088 1 1
0.0300265721877767 1 1
0.0302922940655447 1 1
0.0305580159433126 1 1
0.0308237378210805 1 1
0.0310894596988485 1 1
0.0313551815766164 1 1
0.0316209034543843 1 1
0.0318866253321523 1 1
0.0321523472099202 1 1
0.0324180690876881 1 1
0.0326837909654561 1 1
0.032949512843224 1 1
0.033215234720992 1 1
0.0334809565987599 1 1
0.0337466784765278 1 1
0.0340124003542958 1 1
0.0342781222320637 1 1
0.0345438441098317 1 1
0.0348095659875996 1 1
0.0350752878653675 1 1
0.0353410097431355 1 1
0.0356067316209034 1 1
0.0358724534986713 1 1
0.0361381753764393 1 1
0.0364038972542072 1 1
0.0366696191319752 1 1
0.0369353410097431 1 1
0.037201062887511 1 1
0.037466784765279 1 1
0.0377325066430469 1 1
0.0379982285208149 1 1
0.0382639503985828 1 1
0.0385296722763507 1 1
0.0387953941541187 1 1
0.0390611160318866 1 1
0.0393268379096545 1 1
0.0395925597874225 1 1
0.0398582816651904 1 1
0.0401240035429584 1 1
0.0403897254207263 1 1
0.0406554472984942 1 1
0.0409211691762622 1 1
0.0411868910540301 1 1
0.041452612931798 1 1
0.041718334809566 1 1
0.0419840566873339 1 1
0.0422497785651019 1 1
0.0425155004428698 1 1
0.0427812223206377 1 1
0.0430469441984057 1 1
0.0433126660761736 1 1
0.0435783879539416 1 1
0.0438441098317095 1 1
0.0441098317094774 1 1
0.0443755535872454 1 1
0.0446412754650133 1 1
0.0449069973427812 1 1
0.0451727192205492 1 1
0.0454384410983171 1 1
0.0457041629760851 1 1
0.045969884853853 1 1
0.0462356067316209 1 1
0.0465013286093889 1 1
0.0467670504871568 1 1
0.0470327723649248 1 1
0.0472984942426927 1 1
0.0475642161204606 1 1
0.0478299379982286 1 1
0.0480956598759965 1 1
0.0483613817537644 1 1
0.0486271036315324 1 1
0.0488928255093003 1 1
0.0491585473870683 1 1
0.0494242692648362 1 1
0.0496899911426041 1 1
0.0499557130203721 1 1
0.05022143489814 1 1
0.0504871567759079 1 1
0.0507528786536759 1 1
0.0510186005314438 1 1
0.0512843224092118 1 1
0.0515500442869797 1 1
0.0518157661647476 1 1
0.0520814880425156 1 1
0.0523472099202835 1 1
0.0526129317980515 1 1
0.0528786536758194 1 1
0.0531443755535873 1 1
0.0534100974313553 1 1
0.0536758193091232 1 1
0.0539415411868911 1 1
0.0542072630646591 1 1
0.054472984942427 1 1
0.054738706820195 1 1
0.0550044286979629 1 1
0.0552701505757308 1 1
0.0555358724534988 1 1
0.0558015943312667 1 1
0.0560673162090346 1 1
0.0563330380868026 1 1
0.0565987599645705 1 1
0.0568644818423385 1 1
0.0571302037201064 1 1
0.0573959255978743 1 1
0.0576616474756423 1 1
0.0579273693534102 1 1
0.0581930912311782 1 1
0.0584588131089461 1 1
0.058724534986714 1 1
0.058990256864482 1 1
0.0592559787422499 1 1
0.0595217006200178 1 1
0.0597874224977858 1 1
0.0600531443755537 1 1
0.0603188662533217 1 1
0.0605845881310896 1 1
0.0608503100088575 1 1
0.0611160318866255 1 1
0.0613817537643934 1 1
0.0616474756421614 1 1
0.0619131975199293 1 1
0.0621789193976972 1 1
0.0624446412754652 1 1
0.0627103631532331 1 1
0.062976085031001 1 1
0.063241806908769 1 1
0.0635075287865369 1 1
0.0637732506643049 1 1
0.0640389725420728 1 1
0.0643046944198407 1 1
0.0645704162976087 1 1
0.0648361381753766 1 1
0.0651018600531445 1 1
0.0653675819309125 1 1
0.0656333038086804 1 1
0.0658990256864484 1 1
0.0661647475642163 1 1
0.0664304694419842 1 1
0.0666961913197522 1 1
0.0669619131975201 1 1
0.067227635075288 1 1
0.067493356953056 1 1
0.0677590788308239 1 1
0.0680248007085919 1 1
0.0682905225863598 1 1
0.0685562444641277 1 1
0.0688219663418957 1 1
0.0690876882196636 1 1
0.0693534100974316 1 1
0.0696191319751995 1 1
0.0698848538529674 1 1
0.0701505757307354 1 1
0.0704162976085033 1 1
0.0706820194862712 1 1
0.0709477413640392 1 1
0.0712134632418071 1 1
0.0714791851195751 1 1
0.071744906997343 1 1
0.0720106288751109 1 1
0.0722763507528789 1 1
0.0725420726306468 1 1
0.0728077945084147 1 1
0.0730735163861827 1 1
0.0733392382639506 1 1
0.0736049601417186 1 1
0.0738706820194865 1 1
0.0741364038972544 1 1
0.0744021257750224 1 1
0.0746678476527903 1 1
0.0749335695305583 1 1
0.0751992914083262 1 1
0.0754650132860941 1 1
0.0757307351638621 1 1
0.07599645704163 1 1
0.0762621789193979 1 1
0.0765279007971659 1 1
0.0767936226749338 1 1
0.0770593445527018 1 1
0.0773250664304697 1 1
0.0775907883082376 1 1
0.0778565101860056 1 1
0.0781222320637735 1 1
0.0783879539415415 1 1
0.0786536758193094 1 1
0.0789193976970773 1 1
0.0791851195748453 1 1
0.0794508414526132 1 1
0.0797165633303811 1 1
0.0799822852081491 1 1
0.080248007085917 1 1
0.080513728963685 1 1
0.0807794508414529 1 1
0.0810451727192208 1 1
0.0813108945969888 1 1
0.0815766164747567 1 1
0.0818423383525246 1 1
0.0821080602302926 1 1
0.0823737821080605 1 1
0.0826395039858285 1 1
0.0829052258635964 1 1
0.0831709477413643 1 1
0.0834366696191323 1 1
0.0837023914969002 1 1
0.0839681133746682 1 1
0.0842338352524361 1 1
0.084499557130204 1 1
0.084765279007972 1 1
0.0850310008857399 1 1
0.0852967227635078 1 1
0.0855624446412758 1 1
0.0858281665190437 1 1
0.0860938883968117 1 1
0.0863596102745796 1 1
0.0866253321523475 1 1
0.0868910540301155 1 1
0.0871567759078834 1 1
0.0874224977856514 1 1
0.0876882196634193 1 1
0.0879539415411872 1 1
0.0882196634189552 1 1
0.0884853852967231 1 1
0.088751107174491 1 1
0.089016829052259 1 1
0.0892825509300269 1 1
0.0895482728077949 1 1
0.0898139946855628 1 1
0.0900797165633307 1 1
0.0903454384410987 1 1
0.0906111603188666 1 1
0.0908768821966345 1 1
0.0911426040744025 1 1
0.0914083259521704 1 1
0.0916740478299384 1 1
0.0919397697077063 1 1
0.0922054915854742 1 1
0.0924712134632422 1 1
0.0927369353410101 1 1
0.0930026572187781 1 1
0.093268379096546 1 1
0.0935341009743139 1 1
0.0937998228520819 1 1
0.0940655447298498 1 1
0.0943312666076177 1 1
0.0945969884853857 1 1
0.0948627103631536 1 1
0.0951284322409216 1 1
0.0953941541186895 1 1
0.0956598759964574 1 1
0.0959255978742254 1 1
0.0961913197519933 1 1
0.0964570416297613 1 1
0.0967227635075292 1 1
0.0969884853852971 1 1
0.0972542072630651 1 1
0.097519929140833 1 1
0.0977856510186009 1 1
0.0980513728963689 1 1
0.0983170947741368 1 1
0.0985828166519048 1 1
0.0988485385296727 1 1
0.0991142604074406 1 1
0.0993799822852086 1 1
0.0996457041629765 1 1
0.0999114260407444 1 1
0.100177147918512 1 1
0.10044286979628 1 1
0.100708591674048 1 1
0.100974313551816 1 1
0.101240035429584 1 1
0.101505757307352 1 1
0.10177147918512 1 1
0.102037201062888 1 1
0.102302922940656 1 1
0.102568644818424 1 1
0.102834366696192 1 1
0.10310008857396 1 1
0.103365810451728 1 1
0.103631532329496 1 1
0.103897254207264 1 1
0.104162976085031 1 1
0.104428697962799 1 1
0.104694419840567 1 1
0.104960141718335 1 1
0.105225863596103 1 1
0.105491585473871 1 1
0.105757307351639 1 1
0.106023029229407 1 1
0.106288751107175 1 1
0.106554472984943 1 1
0.106820194862711 1 1
0.107085916740479 1 1
0.107351638618247 1 1
0.107617360496015 1 1
0.107883082373783 1 1
0.108148804251551 1 1
0.108414526129318 1 1
0.108680248007086 1 1
0.108945969884854 1 1
0.109211691762622 1 1
0.10947741364039 1 1
0.109743135518158 1 1
0.110008857395926 1 1
0.110274579273694 1 1
0.110540301151462 1 1
0.11080602302923 1 1
0.111071744906998 1 1
0.111337466784766 1 1
0.111603188662534 1 1
0.111868910540302 1 1
0.11213463241807 1 1
0.112400354295838 1 1
0.112666076173605 1 1
0.112931798051373 1 1
0.113197519929141 1 1
0.113463241806909 1 1
0.113728963684677 1 1
0.113994685562445 1 1
0.114260407440213 1 1
0.114526129317981 1 1
0.114791851195749 1 1
0.115057573073517 1 1
0.115323294951285 1 1
0.115589016829053 1 1
0.115854738706821 1 1
0.116120460584589 1 1
0.116386182462357 1 1
0.116651904340125 1 1
0.116917626217892 1 1
0.11718334809566 1 1
0.117449069973428 1 1
0.117714791851196 1 1
0.117980513728964 1 1
0.118246235606732 1 1
0.1185119574845 1 1
0.118777679362268 1 1
0.119043401240036 1 1
0.119309123117804 1 1
0.119574844995572 1 1
0.11984056687334 1 1
0.120106288751108 1 1
0.120372010628876 1 1
0.120637732506644 1 1
0.120903454384412 1 1
0.12116917626218 1 1
0.121434898139947 1 1
0.121700620017715 1 1
0.121966341895483 1 1
0.122232063773251 1 1
0.122497785651019 1 1
0.122763507528787 1 1
0.123029229406555 1 1
0.123294951284323 1 1
0.123560673162091 1 1
0.123826395039859 1 1
0.124092116917627 1 1
0.124357838795395 1 1
0.124623560673163 1 1
0.124889282550931 1 1
0.125155004428699 1 1
0.125420726306467 1 1
0.125686448184234 1 1
0.125952170062002 1 1
0.12621789193977 1 1
0.126483613817538 1 1
0.126749335695306 1 1
0.127015057573074 1 1
0.127280779450842 1 1
0.12754650132861 1 1
0.127812223206378 1 1
0.128077945084146 1 1
0.128343666961914 1 1
0.128609388839682 1 1
0.12887511071745 1 1
0.129140832595218 1 1
0.129406554472986 1 1
0.129672276350754 1 1
0.129937998228521 1 1
0.130203720106289 1 1
0.130469441984057 1 1
0.130735163861825 1 1
0.131000885739593 1 1
0.131266607617361 1 1
0.131532329495129 1 1
0.131798051372897 1 1
0.132063773250665 1 1
0.132329495128433 1 1
0.132595217006201 1 1
0.132860938883969 1 1
0.133126660761737 1 1
0.133392382639505 1 1
0.133658104517273 1 1
0.133923826395041 1 1
0.134189548272808 1 1
0.134455270150576 1 1
0.134720992028344 1 1
0.134986713906112 1 1
0.13525243578388 1 1
0.135518157661648 1 1
0.135783879539416 1 1
0.136049601417184 1 1
0.136315323294952 1 1
0.13658104517272 1 1
0.136846767050488 1 1
0.137112488928256 1 1
0.137378210806024 1 1
0.137643932683792 1 1
0.13790965456156 1 1
0.138175376439328 1 1
0.138441098317095 1 1
0.138706820194863 1 1
0.138972542072631 1 1
0.139238263950399 1 1
0.139503985828167 1 1
0.139769707705935 1 1
0.140035429583703 1 1
0.140301151461471 1 1
0.140566873339239 1 1
0.140832595217007 1 1
0.141098317094775 1 1
0.141364038972543 1 1
0.141629760850311 1 1
0.141895482728079 1 1
0.142161204605847 1 1
0.142426926483615 1 1
0.142692648361382 1 1
0.14295837023915 1 1
0.143224092116918 1 1
0.143489813994686 1 1
0.143755535872454 1 1
0.144021257750222 1 1
0.14428697962799 1 1
0.144552701505758 1 1
0.144818423383526 1 1
0.145084145261294 1 1
0.145349867139062 1 1
0.14561558901683 1 1
0.145881310894598 1 1
0.146147032772366 1 1
0.146412754650134 1 1
0.146678476527902 1 1
0.146944198405669 1 1
0.147209920283437 1 1
0.147475642161205 1 1
0.147741364038973 1 1
0.148007085916741 1 1
0.148272807794509 1 1
0.148538529672277 1 1
0.148804251550045 1 1
0.149069973427813 1 1
0.149335695305581 1 1
0.149601417183349 1 1
0.149867139061117 1 1
0.150132860938885 1 1
0.150398582816653 1 1
0.150664304694421 1 1
0.150930026572189 1 1
0.151195748449957 1 1
0.151461470327724 1 1
0.151727192205492 1 1
0.15199291408326 1 1
0.152258635961028 1 1
0.152524357838796 1 1
0.152790079716564 1 1
0.153055801594332 1 1
0.1533215234721 1 1
0.153587245349868 1 1
0.153852967227636 1 1
0.154118689105404 1 1
0.154384410983172 1 1
0.15465013286094 1 1
0.154915854738708 1 1
0.155181576616476 1 1
0.155447298494244 1 1
0.155713020372011 1 1
0.155978742249779 1 1
0.156244464127547 1 1
0.156510186005315 1 1
0.156775907883083 1 1
0.157041629760851 1 1
0.157307351638619 1 1
0.157573073516387 1 1
0.157838795394155 1 1
0.158104517271923 1 1
0.158370239149691 1 1
0.158635961027459 1 1
0.158901682905227 1 1
0.159167404782995 1 1
0.159433126660763 1 1
0.159698848538531 1 1
0.159964570416298 1 1
0.160230292294066 1 1
0.160496014171834 1 1
0.160761736049602 1 1
0.16102745792737 1 1
0.161293179805138 1 1
0.161558901682906 1 1
0.161824623560674 1 1
0.162090345438442 1 1
0.16235606731621 1 1
0.162621789193978 1 1
0.162887511071746 1 1
0.163153232949514 1 1
0.163418954827282 1 1
0.16368467670505 1 1
0.163950398582818 1 1
0.164216120460585 1 1
0.164481842338353 1 1
0.164747564216121 1 1
0.165013286093889 1 1
0.165279007971657 1 1
0.165544729849425 1 1
0.165810451727193 1 1
0.166076173604961 1 1
0.166341895482729 1 1
0.166607617360497 1 1
0.166873339238265 1 1
0.167139061116033 1 1
0.167404782993801 1 1
0.167670504871569 1 1
0.167936226749337 1 1
0.168201948627105 1 1
0.168467670504872 1 1
0.16873339238264 1 1
0.168999114260408 1 1
0.169264836138176 1 1
0.169530558015944 1 1
0.169796279893712 1 1
0.17006200177148 1 1
0.170327723649248 1 1
0.170593445527016 1 1
0.170859167404784 1 1
0.171124889282552 1 1
0.17139061116032 1 1
0.171656333038088 1 1
0.171922054915856 1 1
0.172187776793624 1 1
0.172453498671392 1 1
0.17271922054916 1 1
0.172984942426927 1 1
0.173250664304695 1 1
0.173516386182463 1 1
0.173782108060231 1 1
0.174047829937999 1 1
0.174313551815767 1 1
0.174579273693535 1 1
0.174844995571303 1 1
0.175110717449071 1 1
0.175376439326839 1 1
0.175642161204607 1 1
0.175907883082375 1 1
0.176173604960143 1 1
0.176439326837911 1 1
0.176705048715679 1 1
0.176970770593447 1 1
0.177236492471214 1 1
0.177502214348982 1 1
0.17776793622675 1 1
0.178033658104518 1 1
0.178299379982286 1 1
0.178565101860054 1 1
0.178830823737822 1 1
0.17909654561559 1 1
0.179362267493358 1 1
0.179627989371126 1 1
0.179893711248894 1 1
0.180159433126662 1 1
0.18042515500443 1 1
0.180690876882198 1 1
0.180956598759966 1 1
0.181222320637734 1 1
0.181488042515501 1 1
0.181753764393269 1 1
0.182019486271037 1 1
0.182285208148805 1 1
0.182550930026573 1 1
0.182816651904341 1 1
0.183082373782109 1 1
0.183348095659877 1 1
0.183613817537645 1 1
0.183879539415413 1 1
0.184145261293181 1 1
0.184410983170949 1 1
0.184676705048717 1 1
0.184942426926485 1 1
0.185208148804253 1 1
0.185473870682021 1 1
0.185739592559788 1 1
0.186005314437556 1 1
0.186271036315324 1 1
0.186536758193092 1 1
0.18680248007086 1 1
0.187068201948628 1 1
0.187333923826396 1 1
0.187599645704164 1 1
0.187865367581932 1 1
0.1881310894597 1 1
0.188396811337468 1 1
0.188662533215236 1 1
0.188928255093004 1 1
0.189193976970772 1 1
0.18945969884854 1 1
0.189725420726308 1 1
0.189991142604075 1 1
0.190256864481843 1 1
0.190522586359611 1 1
0.190788308237379 1 1
0.191054030115147 1 1
0.191319751992915 1 1
0.191585473870683 1 1
0.191851195748451 1 1
0.192116917626219 1 1
0.192382639503987 1 1
0.192648361381755 1 1
0.192914083259523 1 1
0.193179805137291 1 1
0.193445527015059 1 1
0.193711248892827 1 1
0.193976970770595 1 1
0.194242692648362 1 1
0.19450841452613 1 1
0.194774136403898 1 1
0.195039858281666 1 1
0.195305580159434 1 1
0.195571302037202 1 1
0.19583702391497 1 1
0.196102745792738 1 1
0.196368467670506 1 1
0.196634189548274 1 1
0.196899911426042 1 1
0.19716563330381 1 1
0.197431355181578 1 1
0.197697077059346 1 1
0.197962798937114 1 1
0.198228520814882 1 1
0.19849424269265 1 1
0.198759964570417 1 1
0.199025686448185 1 1
0.199291408325953 1 1
0.199557130203721 1 1
0.199822852081489 1 1
0.200088573959257 1 1
0.200354295837025 1 1
0.200620017714793 1 1
0.200885739592561 1 1
0.201151461470329 1 1
0.201417183348097 1 1
0.201682905225865 1 1
0.201948627103633 1 1
0.202214348981401 1 1
0.202480070859169 1 1
0.202745792736937 1 1
0.203011514614704 1 1
0.203277236492472 1 1
0.20354295837024 1 1
0.203808680248008 1 1
0.204074402125776 1 1
0.204340124003544 1 1
0.204605845881312 1 1
0.20487156775908 1 1
0.205137289636848 1 1
0.205403011514616 1 1
0.205668733392384 1 1
0.205934455270152 1 1
0.20620017714792 1 1
0.206465899025688 1 1
0.206731620903456 1 1
0.206997342781224 1 1
0.207263064658991 1 1
0.207528786536759 1 1
0.207794508414527 1 1
0.208060230292295 1 1
0.208325952170063 1 1
0.208591674047831 1 1
0.208857395925599 1 1
0.209123117803367 1 1
0.209388839681135 1 1
0.209654561558903 1 1
0.209920283436671 1 1
0.210186005314439 1 1
0.210451727192207 1 1
0.210717449069975 1 1
0.210983170947743 1 1
0.211248892825511 1 1
0.211514614703278 1 1
0.211780336581046 1 1
0.212046058458814 1 1
0.212311780336582 1 1
0.21257750221435 1 1
0.212843224092118 1 1
0.213108945969886 1 1
0.213374667847654 1 1
0.213640389725422 1 1
0.21390611160319 1 1
0.214171833480958 1 1
0.214437555358726 1 1
0.214703277236494 1 1
0.214968999114262 1 1
0.21523472099203 1 1
0.215500442869798 1 1
0.215766164747565 1 1
0.216031886625333 1 1
0.216297608503101 1 1
0.216563330380869 1 1
0.216829052258637 1 1
0.217094774136405 1 1
0.217360496014173 1 1
0.217626217891941 1 1
0.217891939769709 1 1
0.218157661647477 1 1
0.218423383525245 1 1
0.218689105403013 1 1
0.218954827280781 1 1
0.219220549158549 1 1
0.219486271036317 1 1
0.219751992914085 1 1
0.220017714791853 1 1
0.22028343666962 1 1
0.220549158547388 1 1
0.220814880425156 1 1
0.221080602302924 1 1
0.221346324180692 1 1
0.22161204605846 1 1
0.221877767936228 1 1
0.222143489813996 1 1
0.222409211691764 1 1
0.222674933569532 1 1
0.2229406554473 1 1
0.223206377325068 1 1
0.223472099202836 1 1
0.223737821080604 1 1
0.224003542958372 1 1
0.22426926483614 1 1
0.224534986713907 1 1
0.224800708591675 1 1
0.225066430469443 1 1
0.225332152347211 1 1
0.225597874224979 1 1
0.225863596102747 1 1
0.226129317980515 1 1
0.226395039858283 1 1
0.226660761736051 1 1
0.226926483613819 1 1
0.227192205491587 1 1
0.227457927369355 1 1
0.227723649247123 1 1
0.227989371124891 1 1
0.228255093002659 1 1
0.228520814880427 1 1
0.228786536758194 1 1
0.229052258635962 1 1
0.22931798051373 1 1
0.229583702391498 1 1
0.229849424269266 1 1
0.230115146147034 1 1
0.230380868024802 1 1
0.23064658990257 1 1
0.230912311780338 1 1
0.231178033658106 1 1
0.231443755535874 1 1
0.231709477413642 1 1
0.23197519929141 1 1
0.232240921169178 1 1
0.232506643046946 1 1
0.232772364924714 1 1
0.233038086802481 1 1
0.233303808680249 1 1
0.233569530558017 1 1
0.233835252435785 1 1
0.234100974313553 1 1
0.234366696191321 1 1
0.234632418069089 1 1
0.234898139946857 1 1
0.235163861824625 1 1
0.235429583702393 1 1
0.235695305580161 1 1
0.235961027457929 1 1
0.236226749335697 1 1
0.236492471213465 1 1
0.236758193091233 1 1
0.237023914969001 1 1
0.237289636846768 1 1
0.237555358724536 1 1
0.237821080602304 1 1
0.238086802480072 1 1
0.23835252435784 1 1
0.238618246235608 1 1
0.238883968113376 1 1
0.239149689991144 1 1
0.239415411868912 1 1
0.23968113374668 1 1
0.239946855624448 1 1
0.240212577502216 1 1
0.240478299379984 1 1
0.240744021257752 1 1
0.24100974313552 1 1
0.241275465013288 1 1
0.241541186891055 1 1
0.241806908768823 1 1
0.242072630646591 1 1
0.242338352524359 1 1
0.242604074402127 1 1
0.242869796279895 1 1
0.243135518157663 1 1
0.243401240035431 1 1
0.243666961913199 1 1
0.243932683790967 1 1
0.244198405668735 1 1
0.244464127546503 1 1
0.244729849424271 1 1
0.244995571302039 1 1
0.245261293179807 1 1
0.245527015057575 1 1
0.245792736935343 1 1
0.24605845881311 1 1
0.246324180690878 1 1
0.246589902568646 1 1
0.246855624446414 1 1
0.247121346324182 1 1
0.24738706820195 1 1
0.247652790079718 1 1
0.247918511957486 1 1
0.248184233835254 1 1
0.248449955713022 1 1
0.24871567759079 1 1
0.248981399468558 1 1
0.249247121346326 1 1
0.249512843224094 1 1
0.249778565101862 1 1
0.250044286979629 1 1
0.250310008857397 1 1
0.250575730735165 1 1
0.250841452612933 1 1
0.251107174490701 1 1
0.251372896368469 1 1
0.251638618246237 1 1
0.251904340124005 1 1
0.252170062001773 1 1
0.252435783879541 1 1
0.252701505757309 1 1
0.252967227635077 1 1
0.253232949512844 1 1
0.253498671390612 1 1
0.25376439326838 1 1
0.254030115146148 1 1
0.254295837023916 1 1
0.254561558901684 1 1
0.254827280779452 1 1
0.25509300265722 1 1
0.255358724534988 1 1
0.255624446412756 1 1
0.255890168290524 1 1
0.256155890168291 1 1
0.256421612046059 1 1
0.256687333923827 1 1
0.256953055801595 1 1
0.257218777679363 1 1
0.257484499557131 1 1
0.257750221434899 1 1
0.258015943312667 1 1
0.258281665190435 1 1
0.258547387068203 1 1
0.258813108945971 1 1
0.259078830823738 1 1
0.259344552701506 1 1
0.259610274579274 1 1
0.259875996457042 1 1
0.26014171833481 1 1
0.260407440212578 1 1
0.260673162090346 1 1
0.260938883968114 1 1
0.261204605845882 1 1
0.26147032772365 1 1
0.261736049601418 1 1
0.262001771479185 1 1
0.262267493356953 1 1
0.262533215234721 1 1
0.262798937112489 1 1
0.263064658990257 1 1
0.263330380868025 1 1
0.263596102745793 1 1
0.263861824623561 1 1
0.264127546501329 1 1
0.264393268379097 1 1
0.264658990256865 1 1
0.264924712134632 1 1
0.2651904340124 1 1
0.265456155890168 1 1
0.265721877767936 1 1
0.265987599645704 1 1
0.266253321523472 1 1
0.26651904340124 1 1
0.266784765279008 1 1
0.267050487156776 1 1
0.267316209034544 1 1
0.267581930912312 1 1
0.267847652790079 1 1
0.268113374667847 1 1
0.268379096545615 1 1
0.268644818423383 1 1
0.268910540301151 1 1
0.269176262178919 1 1
0.269441984056687 1 1
0.269707705934455 1 1
0.269973427812223 1 1
0.270239149689991 1 1
0.270504871567759 1 1
0.270770593445527 1 1
0.271036315323294 1 1
0.271302037201062 1 1
0.27156775907883 1 1
0.271833480956598 1 1
0.272099202834366 1 1
0.272364924712134 1 1
0.272630646589902 1 1
0.27289636846767 1 1
0.273162090345438 1 1
0.273427812223206 1 1
0.273693534100974 1 1
0.273959255978741 1 1
0.274224977856509 1 1
0.274490699734277 1 1
0.274756421612045 1 1
0.275022143489813 1 1
0.275287865367581 1 1
0.275553587245349 1 1
0.275819309123117 1 1
0.276085031000885 1 1
0.276350752878653 1 1
0.276616474756421 1 1
0.276882196634188 1 1
0.277147918511956 1 1
0.277413640389724 1 1
0.277679362267492 1 1
0.27794508414526 1 1
0.278210806023028 1 1
0.278476527900796 1 1
0.278742249778564 1 1
0.279007971656332 1 1
0.2792736935341 1 1
0.279539415411868 1 1
0.279805137289635 1 1
0.280070859167403 1 1
0.280336581045171 1 1
0.280602302922939 1 1
0.280868024800707 1 1
0.281133746678475 1 1
0.281399468556243 1 1
0.281665190434011 1 1
0.281930912311779 1 1
0.282196634189547 1 1
0.282462356067315 1 1
0.282728077945082 1 1
0.28299379982285 1 1
0.283259521700618 1 1
0.283525243578386 1 1
0.283790965456154 1 1
0.284056687333922 1 1
0.28432240921169 1 1
0.284588131089458 1 1
0.284853852967226 1 1
0.285119574844994 1 1
0.285385296722762 1 1
0.285651018600529 1 1
0.285916740478297 1 1
0.286182462356065 1 1
0.286448184233833 1 1
0.286713906111601 1 1
0.286979627989369 1 1
0.287245349867137 1 1
0.287511071744905 1 1
0.287776793622673 1 1
0.288042515500441 1 1
0.288308237378209 1 1
0.288573959255977 1 1
0.288839681133744 1 1
0.289105403011512 1 1
0.28937112488928 1 1
0.289636846767048 1 1
0.289902568644816 1 1
0.290168290522584 1 1
0.290434012400352 1 1
0.29069973427812 1 1
0.290965456155888 1 1
0.291231178033656 1 1
0.291496899911424 1 1
0.291762621789191 1 1
0.292028343666959 1 1
0.292294065544727 1 1
0.292559787422495 1 1
0.292825509300263 1 1
0.293091231178031 1 1
0.293356953055799 1 1
0.293622674933567 1 1
0.293888396811335 1 1
0.294154118689103 1 1
0.294419840566871 1 1
0.294685562444638 1 1
0.294951284322406 1 1
0.295217006200174 1 1
0.295482728077942 1 1
0.29574844995571 1 1
0.296014171833478 1 1
0.296279893711246 1 1
0.296545615589014 1 1
0.296811337466782 1 1
0.29707705934455 1 1
0.297342781222318 1 1
0.297608503100085 1 1
0.297874224977853 1 1
0.298139946855621 1 1
0.298405668733389 1 1
0.298671390611157 1 1
0.298937112488925 1 1
0.299202834366693 1 1
0.299468556244461 1 1
0.299734278122229 1 1
0.299911269272671 1 1
0.300088260423114 1 1
0.300265251573556 1 1
0.300442242723999 1 1
0.300619233874441 1 1
0.300796225024883 1 1
0.300973216175326 1 1
0.301150207325768 1 1
0.301327198476211 1 1
0.301504189626653 1 1
0.301681180777096 1 1
0.301858171927538 1 1
0.302035163077981 1 1
0.302212154228423 1 1
0.302389145378866 1 1
0.302566136529308 1 1
0.30274312767975 1 1
0.302920118830193 1 1
0.303097109980635 1 1
0.303274101131078 1 1
0.30345109228152 1 1
0.303628083431963 1 1
0.303805074582405 1 1
0.303982065732848 1 1
0.30415905688329 1 1
0.304336048033732 1 1
0.304513039184175 1 1
0.304690030334617 1 1
0.30486702148506 1 1
0.305044012635502 1 1
0.305221003785945 1 1
0.305397994936387 1 1
0.30557498608683 1 1
0.305751977237272 1 1
0.305928968387715 1 1
0.306105959538157 1 1
0.306282950688599 1 1
0.306459941839042 1 1
0.306636932989484 1 1
0.306813924139927 1 1
0.306990915290369 1 1
0.307167906440812 1 1
0.307344897591254 1 1
0.307521888741697 1 1
0.307698879892139 1 1
0.307875871042582 1 1
0.308052862193024 1 1
0.308229853343466 1 1
0.308406844493909 1 1
0.308583835644351 1 1
0.308760826794794 1 1
0.308937817945236 1 1
0.309114809095679 1 1
0.309291800246121 1 1
0.309468791396564 1 1
0.309645782547006 1 1
0.309822773697448 1 1
0.309999764847891 1 1
0.310176755998333 1 1
0.310353747148776 1 1
0.310530738299218 1 1
0.310707729449661 1 1
0.310884720600103 1 1
0.311061711750546 1 1
0.311238702900988 1 1
0.311415694051431 1 1
0.311592685201873 1 1
0.311769676352315 1 1
0.311946667502758 1 1
0.3121236586532 1 1
0.312300649803643 1 1
0.312477640954085 1 1
0.312654632104528 1 1
0.31283162325497 1 1
0.313008614405413 1 1
0.313185605555855 1 1
0.313362596706298 1 1
0.31353958785674 1 1
0.313716579007182 1 1
0.313893570157625 1 1
0.314070561308067 1 1
0.31424755245851 1 1
0.314424543608952 1 1
0.314601534759395 1 1
0.314778525909837 1 1
0.31495551706028 1 1
0.315132508210722 1 1
0.315309499361164 1 1
0.315486490511607 1 1
0.315663481662049 1 1
0.315840472812492 1 1
0.316017463962934 1 1
0.316194455113377 1 1
0.316371446263819 1 1
0.316548437414262 1 1
0.316725428564704 1 1
0.316902419715147 1 1
0.317079410865589 1 1
0.317256402016031 1 1
0.317433393166474 1 1
0.317610384316916 1 1
0.317787375467359 1 1
0.317964366617801 1 1
0.318141357768244 1 1
0.318318348918686 1 1
0.318495340069129 1 1
0.318672331219571 1 1
0.318849322370014 1 1
0.319026313520456 1 1
0.319203304670898 1 1
0.319380295821341 1 1
0.319557286971783 1 1
0.319734278122226 1 1
0.319911269272668 1 1
0.320088260423111 1 1
0.320265251573553 1 1
0.320442242723996 1 1
0.320619233874438 1 1
0.32079622502488 1 1
0.320973216175323 1 1
0.321150207325765 1 1
0.321327198476208 1 1
0.32150418962665 1 1
0.321681180777093 1 1
0.321858171927535 1 1
0.322035163077978 1 1
0.32221215422842 1 1
0.322389145378863 1 1
0.322566136529305 1 1
0.322743127679747 1 1
0.32292011883019 1 1
0.323097109980632 1 1
0.323274101131075 1 1
0.323451092281517 1 1
0.32362808343196 1 1
0.323805074582402 1 1
0.323982065732845 1 1
0.324159056883287 1 1
0.32433604803373 1 1
0.324513039184172 1 1
0.324690030334614 1 1
0.324867021485057 1 1
0.325044012635499 1 1
0.325221003785942 1 1
0.325397994936384 1 1
0.325574986086827 1 1
0.325751977237269 1 1
0.325928968387712 1 1
0.326105959538154 1 1
0.326282950688596 1 1
0.326459941839039 1 1
0.326636932989481 1 1
0.326813924139924 1 1
0.326990915290366 1 1
0.327167906440809 1 1
0.327344897591251 1 1
0.327521888741694 1 1
0.327698879892136 1 1
0.327875871042579 1 1
0.328052862193021 1 1
0.328229853343463 1 1
0.328406844493906 1 1
0.328583835644348 1 1
0.328760826794791 1 1
0.328937817945233 1 1
0.329114809095676 1 1
0.329291800246118 1 1
0.329468791396561 1 1
0.329645782547003 1 1
0.329822773697446 1 1
0.329999764847888 1 1
0.33017675599833 1 1
0.330353747148773 1 1
0.330530738299215 1 1
0.330707729449658 1 1
0.3308847206001 1 1
0.331061711750543 1 1
0.331238702900985 1 1
0.331415694051428 1 1
0.33159268520187 1 1
0.331769676352312 1 1
0.331946667502755 1 1
0.332123658653197 1 1
0.33230064980364 1 1
0.332477640954082 1 1
0.332654632104525 1 1
0.332831623254967 1 1
0.33300861440541 1 1
0.333185605555852 1 1
0.333362596706295 1 1
0.333539587856737 1 1
0.333716579007179 1 1
0.333893570157622 1 1
0.334070561308064 1 1
0.334247552458507 1 1
0.334424543608949 1 1
0.334601534759392 1 1
0.334778525909834 1 1
0.334955517060277 1 1
0.335132508210719 1 1
0.335309499361162 1 1
0.335486490511604 1 1
0.335663481662046 1 1
0.335840472812489 1 1
0.336017463962931 1 1
0.336194455113374 1 1
0.336371446263816 1 1
0.336548437414259 1 1
0.336725428564701 1 1
0.336902419715144 1 1
0.337079410865586 1 1
0.337256402016028 1 1
0.337433393166471 1 1
0.337610384316913 1 1
0.337787375467356 1 1
0.337964366617798 1 1
0.338141357768241 1 1
0.338318348918683 1 1
0.338495340069126 1 1
0.338672331219568 1 1
0.338849322370011 1 1
0.339026313520453 1 1
0.339203304670895 1 1
0.339380295821338 1 1
0.33955728697178 1 1
0.339734278122223 1 1
0.339911269272665 1 1
0.340088260423108 1 1
0.34026525157355 1 1
0.340442242723993 1 1
0.340619233874435 1 1
0.340796225024877 1 1
0.34097321617532 1 1
0.341150207325762 1 1
0.341327198476205 1 1
0.341504189626647 1 1
0.34168118077709 1 1
0.341858171927532 1 1
0.342035163077975 1 1
0.342212154228417 1 1
0.34238914537886 1 1
0.342566136529302 1 1
0.342743127679744 1 1
0.342920118830187 1 1
0.343097109980629 1 1
0.343274101131072 1 1
0.343451092281514 1 1
0.343628083431957 1 1
0.343805074582399 1 1
0.343982065732842 1 1
0.344159056883284 1 1
0.344336048033727 1 1
0.344513039184169 1 1
0.344690030334611 1 1
0.344867021485054 1 1
0.345044012635496 1 1
0.345221003785939 1 1
0.345397994936381 1 1
0.345574986086824 1 1
0.345751977237266 1 1
0.345928968387709 1 1
0.346105959538151 1 1
0.346282950688593 1 1
0.346459941839036 1 1
0.346636932989478 1 1
0.346813924139921 1 1
0.346990915290363 1 1
0.347167906440806 1 1
0.347344897591248 1 1
0.347521888741691 1 1
0.347698879892133 1 1
0.347875871042576 1 1
0.348052862193018 1 1
0.34822985334346 1 1
0.348406844493903 1 1
0.348583835644345 1 1
0.348760826794788 1 1
0.34893781794523 1 1
0.349114809095673 1 1
0.349291800246115 1 1
0.349468791396558 1 1
0.349645782547 1 1
0.349822773697443 1 1
0.349999764847885 1 1
0.350176755998327 1 1
0.35035374714877 1 1
0.350530738299212 1 1
0.350707729449655 1 1
0.350884720600097 1 1
0.35106171175054 1 1
0.351238702900982 1 1
0.351415694051425 1 1
0.351592685201867 1 1
0.351769676352309 1 1
0.351946667502752 1 1
0.352123658653194 1 1
0.352300649803637 1 1
0.352477640954079 1 1
0.352654632104522 1 1
0.352831623254964 1 1
0.353008614405407 1 1
0.353185605555849 1 1
0.353362596706292 1 1
0.353539587856734 1 1
0.353716579007176 1 1
0.353893570157619 1 1
0.354070561308061 1 1
0.354247552458504 1 1
0.354424543608946 1 1
0.354601534759389 1 1
0.354778525909831 1 1
0.354955517060274 1 1
0.355132508210716 1 1
0.355309499361159 1 1
0.355486490511601 1 1
0.355663481662043 1 1
0.355840472812486 1 1
0.356017463962928 1 1
0.356194455113371 1 1
0.356371446263813 1 1
0.356548437414256 1 1
0.356725428564698 1 1
0.356902419715141 1 1
0.357079410865583 1 1
0.357256402016025 1 1
0.357433393166468 1 1
0.35761038431691 1 1
0.357787375467353 1 1
0.357964366617795 1 1
0.358141357768238 1 1
0.35831834891868 1 1
0.358495340069123 1 1
0.358672331219565 1 1
0.358849322370008 1 1
0.35902631352045 1 1
0.359203304670892 1 1
0.359380295821335 1 1
0.359557286971777 1 1
0.35973427812222 1 1
0.359911269272662 1 1
0.360088260423105 1 1
0.360265251573547 1 1
0.36044224272399 1 1
0.360619233874432 1 1
0.360796225024875 1 1
0.360973216175317 1 1
0.361150207325759 1 1
0.361327198476202 1 1
0.361504189626644 1 1
0.361681180777087 1 1
0.361858171927529 1 1
0.362035163077972 1 1
0.362212154228414 1 1
0.362389145378857 1 1
0.362566136529299 1 1
0.362743127679741 1 1
0.362920118830184 1 1
0.363097109980626 1 1
0.363274101131069 1 1
0.363451092281511 1 1
0.363628083431954 1 1
0.363805074582396 1 1
0.363982065732839 1 1
0.364159056883281 1 1
0.364336048033724 1 1
0.364513039184166 1 1
0.364690030334608 1 1
0.364867021485051 1 1
0.365044012635493 1 1
0.365221003785936 1 1
0.365397994936378 1 1
0.365574986086821 1 1
0.365751977237263 1 1
0.365928968387706 1 1
0.366105959538148 1 1
0.366282950688591 1 1
0.366459941839033 1 1
0.366636932989475 1 1
0.366813924139918 1 1
0.36699091529036 1 1
0.367167906440803 1 1
0.367344897591245 1 1
0.367521888741688 1 1
0.36769887989213 1 1
0.367875871042573 1 1
0.368052862193015 1 1
0.368229853343457 1 1
0.3684068444939 1 1
0.368583835644342 1 1
0.368760826794785 1 1
0.368937817945227 1 1
0.36911480909567 1 1
0.369291800246112 1 1
0.369468791396555 1 1
0.369645782546997 1 1
0.36982277369744 1 1
0.369999764847882 1 1
0.370176755998324 1 1
0.370353747148767 1 1
0.370530738299209 1 1
0.370707729449652 1 1
0.370884720600094 1 1
0.371061711750537 1 1
0.371238702900979 1 1
0.371415694051422 1 1
0.371592685201864 1 1
0.371769676352307 1 1
0.371946667502749 1 1
0.372123658653191 1 1
0.372300649803634 1 1
0.372477640954076 1 1
0.372654632104519 1 1
0.372831623254961 1 1
0.373008614405404 1 1
0.373185605555846 1 1
0.373362596706289 1 1
0.373539587856731 1 1
0.373716579007173 1 1
0.373893570157616 1 1
0.374070561308058 1 1
0.374247552458501 1 1
0.374424543608943 1 1
0.374601534759386 1 1
0.374778525909828 1 1
0.374955517060271 1 1
0.375132508210713 1 1
0.375309499361156 1 1
0.375486490511598 1 1
0.37566348166204 1 1
0.375840472812483 1 1
0.376017463962925 1 1
0.376194455113368 1 1
0.37637144626381 1 1
0.376548437414253 1 1
0.376725428564695 1 1
0.376902419715138 1 1
0.37707941086558 1 1
0.377256402016023 1 1
0.377433393166465 1 1
0.377610384316907 1 1
0.37778737546735 1 1
0.377964366617792 1 1
0.378141357768235 1 1
0.378318348918677 1 1
0.37849534006912 1 1
0.378672331219562 1 1
0.378849322370005 1 1
0.379026313520447 1 1
0.379203304670889 1 1
0.379380295821332 1 1
0.379557286971774 1 1
0.379734278122217 1 1
0.379911269272659 1 1
0.380088260423102 1 1
0.380265251573544 1 1
0.380442242723987 1 1
0.380619233874429 1 1
0.380796225024872 1 1
0.380973216175314 1 1
0.381150207325756 1 1
0.381327198476199 1 1
0.381504189626641 1 1
0.381681180777084 1 1
0.381858171927526 1 1
0.382035163077969 1 1
0.382212154228411 1 1
0.382389145378854 1 1
0.382566136529296 1 1
0.382743127679739 1 1
0.382920118830181 1 1
0.383097109980623 1 1
0.383274101131066 1 1
0.383451092281508 1 1
0.383628083431951 1 1
0.383805074582393 1 1
0.383982065732836 1 1
0.384159056883278 1 1
0.384336048033721 1 1
0.384513039184163 1 1
0.384690030334605 1 1
0.384867021485048 1 1
0.38504401263549 1 1
0.385221003785933 1 1
0.385397994936375 1 1
0.385574986086818 1 1
0.38575197723726 1 1
0.385928968387703 1 1
0.386105959538145 1 1
0.386282950688588 1 1
0.38645994183903 1 1
0.386636932989472 1 1
0.386813924139915 1 1
0.386990915290357 1 1
0.3871679064408 1 1
0.387344897591242 1 1
0.387521888741685 1 1
0.387698879892127 1 1
0.38787587104257 1 1
0.388052862193012 1 1
0.388229853343455 1 1
0.388406844493897 1 1
0.388583835644339 1 1
0.388760826794782 1 1
0.388937817945224 1 1
0.389114809095667 1 1
0.389291800246109 1 1
0.389468791396552 1 1
0.389645782546994 1 1
0.389822773697437 1 1
0.389999764847879 1 1
0.390176755998321 1 1
0.390353747148764 1 1
0.390530738299206 1 1
0.390707729449649 1 1
0.390884720600091 1 1
0.391061711750534 1 1
0.391238702900976 1 1
0.391415694051419 1 1
0.391592685201861 1 1
0.391769676352304 1 1
0.391946667502746 1 1
0.392123658653188 1 1
0.392300649803631 1 1
0.392477640954073 1 1
0.392654632104516 1 1
0.392831623254958 1 1
0.393008614405401 1 1
0.393185605555843 1 1
0.393362596706286 1 1
0.393539587856728 1 1
0.39371657900717 1 1
0.393893570157613 1 1
0.394070561308055 1 1
0.394247552458498 1 1
0.39442454360894 1 1
0.394601534759383 1 1
0.394778525909825 1 1
0.394955517060268 1 1
0.39513250821071 1 1
0.395309499361153 1 1
0.395486490511595 1 1
0.395663481662037 1 1
0.39584047281248 1 1
0.396017463962922 1 1
0.396194455113365 1 1
0.396371446263807 1 1
0.39654843741425 1 1
0.396725428564692 1 1
0.396902419715135 1 1
0.397079410865577 1 1
0.39725640201602 1 1
0.397433393166462 1 1
0.397610384316904 1 1
0.397787375467347 1 1
0.397964366617789 1 1
0.398141357768232 1 1
0.398318348918674 1 1
0.398495340069117 1 1
0.398672331219559 1 1
0.398849322370002 1 1
0.399026313520444 1 1
0.399203304670886 1 1
0.399380295821329 1 1
0.399557286971771 1 1
0.399734278122214 1 1
0.399911269272656 1 1
0.400088260423099 1 1
0.400265251573541 1 1
0.400442242723984 1 1
0.400619233874426 1 1
0.400796225024869 1 1
0.400973216175311 1 1
0.401150207325753 1 1
0.401327198476196 1 1
0.401504189626638 1 1
0.401681180777081 1 1
0.401858171927523 1 1
0.402035163077966 1 1
0.402212154228408 1 1
0.402389145378851 1 1
0.402566136529293 1 1
0.402743127679736 1 1
0.402920118830178 1 1
0.40309710998062 1 1
0.403274101131063 1 1
0.403451092281505 1 1
0.403628083431948 1 1
0.40380507458239 1 1
0.403982065732833 1 1
0.404159056883275 1 1
0.404336048033718 1 1
0.40451303918416 1 1
0.404690030334602 1 1
0.404867021485045 1 1
0.405044012635487 1 1
0.40522100378593 1 1
0.405397994936372 1 1
0.405574986086815 1 1
0.405751977237257 1 1
0.4059289683877 1 1
0.406105959538142 1 1
0.406282950688585 1 1
0.406459941839027 1 1
0.406636932989469 1 1
0.406813924139912 1 1
0.406990915290354 1 1
0.407167906440797 1 1
0.407344897591239 1 1
0.407521888741682 1 1
0.407698879892124 1 1
0.407875871042567 1 1
0.408052862193009 1 1
0.408229853343452 1 1
0.408406844493894 1 1
0.408583835644336 1 1
0.408760826794779 1 1
0.408937817945221 1 1
0.409114809095664 1 1
0.409291800246106 1 1
0.409468791396549 1 1
0.409645782546991 1 1
0.409822773697434 1 1
0.409999764847876 1 1
0.410176755998318 1 1
0.410353747148761 1 1
0.410530738299203 1 1
0.410707729449646 1 1
0.410884720600088 1 1
0.411061711750531 1 1
0.411238702900973 1 1
0.411415694051416 1 1
0.411592685201858 1 1
0.411769676352301 1 1
0.411946667502743 1 1
0.412123658653185 1 1
0.412300649803628 1 1
0.41247764095407 1 1
0.412654632104513 1 1
0.412831623254955 1 1
0.413008614405398 1 1
0.41318560555584 1 1
0.413362596706283 1 1
0.413539587856725 1 1
0.413716579007168 1 1
0.41389357015761 1 1
0.414070561308052 1 1
0.414247552458495 1 1
0.414424543608937 1 1
0.41460153475938 1 1
0.414778525909822 1 1
0.414955517060265 1 1
0.415132508210707 1 1
0.41530949936115 1 1
0.415486490511592 1 1
0.415663481662034 1 1
0.415840472812477 1 1
0.416017463962919 1 1
0.416194455113362 1 1
0.416371446263804 1 1
0.416548437414247 1 1
0.416725428564689 1 1
0.416902419715132 1 1
0.417079410865574 1 1
0.417256402016017 1 1
0.417433393166459 1 1
0.417610384316901 1 1
0.417787375467344 1 1
0.417964366617786 1 1
0.418141357768229 1 1
0.418318348918671 1 1
0.418495340069114 1 1
0.418672331219556 1 1
0.418849322369999 1 1
0.419026313520441 1 1
0.419203304670884 1 1
0.419380295821326 1 1
0.419557286971768 1 1
0.419734278122211 1 1
0.419911269272653 1 1
0.420088260423096 1 1
0.420265251573538 1 1
0.420442242723981 1 1
0.420619233874423 1 1
0.420796225024866 1 1
0.420973216175308 1 1
0.42115020732575 1 1
0.421327198476193 1 1
0.421504189626635 1 1
0.421681180777078 1 1
0.42185817192752 1 1
0.422035163077963 1 1
0.422212154228405 1 1
0.422389145378848 1 1
0.42256613652929 1 1
0.422743127679733 1 1
0.422920118830175 1 1
0.423097109980617 1 1
0.42327410113106 1 1
0.423451092281502 1 1
0.423628083431945 1 1
0.423805074582387 1 1
0.42398206573283 1 1
0.424159056883272 1 1
0.424336048033715 1 1
0.424513039184157 1 1
0.4246900303346 1 1
0.424867021485042 1 1
0.425044012635484 1 1
0.425221003785927 1 1
0.425397994936369 1 1
0.425574986086812 1 1
0.425751977237254 1 1
0.425928968387697 1 1
0.426105959538139 1 1
0.426282950688582 1 1
0.426459941839024 1 1
0.426636932989466 1 1
0.426813924139909 1 1
0.426990915290351 1 1
0.427167906440794 1 1
0.427344897591236 1 1
0.427521888741679 1 1
0.427698879892121 1 1
0.427875871042564 1 1
0.428052862193006 1 1
0.428229853343449 1 1
0.428406844493891 1 1
0.428583835644333 1 1
0.428760826794776 1 1
0.428937817945218 1 1
0.429114809095661 1 1
0.429291800246103 1 1
0.429468791396546 1 1
0.429645782546988 1 1
0.429822773697431 1 1
0.429999764847873 1 1
0.430176755998316 1 1
0.430353747148758 1 1
0.4305307382992 1 1
0.430707729449643 1 1
0.430884720600085 1 1
0.431061711750528 1 1
0.43123870290097 1 1
0.431415694051413 1 1
0.431592685201855 1 1
0.431769676352298 1 1
0.43194666750274 1 1
0.432123658653182 1 1
0.432300649803625 1 1
0.432477640954067 1 1
0.43265463210451 1 1
0.432831623254952 1 1
0.433008614405395 1 1
0.433185605555837 1 1
0.43336259670628 1 1
0.433539587856722 1 1
0.433716579007165 1 1
0.433893570157607 1 1
0.434070561308049 1 1
0.434247552458492 1 1
0.434424543608934 1 1
0.434601534759377 1 1
0.434778525909819 1 1
0.434955517060262 1 1
0.435132508210704 1 1
0.435309499361147 1 1
0.435486490511589 1 1
0.435663481662032 1 1
0.435840472812474 1 1
0.436017463962916 1 1
0.436194455113359 1 1
0.436371446263801 1 1
0.436548437414244 1 1
0.436725428564686 1 1
0.436902419715129 1 1
0.437079410865571 1 1
0.437256402016014 1 1
0.437433393166456 1 1
0.437610384316898 1 1
0.437787375467341 1 1
0.437964366617783 1 1
0.438141357768226 1 1
0.438318348918668 1 1
0.438495340069111 1 1
0.438672331219553 1 1
0.438849322369996 1 1
0.439026313520438 1 1
0.439203304670881 1 1
0.439380295821323 1 1
0.439557286971765 1 1
0.439734278122208 1 1
0.43991126927265 1 1
0.440088260423093 1 1
0.440265251573535 1 1
0.440442242723978 1 1
0.44061923387442 1 1
0.440796225024863 1 1
0.440973216175305 1 1
0.441150207325748 1 1
0.44132719847619 1 1
0.441504189626632 1 1
0.441681180777075 1 1
0.441858171927517 1 1
0.44203516307796 1 1
0.442212154228402 1 1
0.442389145378845 1 1
0.442566136529287 1 1
0.44274312767973 1 1
0.442920118830172 1 1
0.443097109980614 1 1
0.443274101131057 1 1
0.443451092281499 1 1
0.443628083431942 1 1
0.443805074582384 1 1
0.443982065732827 1 1
0.444159056883269 1 1
0.444336048033712 1 1
0.444513039184154 1 1
0.444690030334597 1 1
0.444867021485039 1 1
0.445044012635481 1 1
0.445221003785924 1 1
0.445397994936366 1 1
0.445574986086809 1 1
0.445751977237251 1 1
0.445928968387694 1 1
0.446105959538136 1 1
0.446282950688579 1 1
0.446459941839021 1 1
0.446636932989463 1 1
0.446813924139906 1 1
0.446990915290348 1 1
0.447167906440791 1 1
0.447344897591233 1 1
0.447521888741676 1 1
0.447698879892118 1 1
0.447875871042561 1 1
0.448052862193003 1 1
0.448229853343446 1 1
0.448406844493888 1 1
0.44858383564433 1 1
0.448760826794773 1 1
0.448937817945215 1 1
0.449114809095658 1 1
0.4492918002461 1 1
0.449468791396543 1 1
0.449645782546985 1 1
0.449822773697428 1 1
0.44999976484787 1 1
0.450176755998313 1 1
0.450353747148755 1 1
0.450530738299197 1 1
0.45070772944964 1 1
0.450884720600082 1 1
0.451061711750525 1 1
0.451238702900967 1 1
0.45141569405141 1 1
0.451592685201852 1 1
0.451769676352295 1 1
0.451946667502737 1 1
0.452123658653179 1 1
0.452300649803622 1 1
0.452477640954064 1 1
0.452654632104507 1 1
0.452831623254949 1 1
0.453008614405392 1 1
0.453185605555834 1 1
0.453362596706277 1 1
0.453539587856719 1 1
0.453716579007162 1 1
0.453893570157604 1 1
0.454070561308046 1 1
0.454247552458489 1 1
0.454424543608931 1 1
0.454601534759374 1 1
0.454778525909816 1 1
0.454955517060259 1 1
0.455132508210701 1 1
0.455309499361144 1 1
0.455486490511586 1 1
0.455663481662029 1 1
0.455840472812471 1 1
0.456017463962913 1 1
0.456194455113356 1 1
0.456371446263798 1 1
0.456548437414241 1 1
0.456725428564683 1 1
0.456902419715126 1 1
0.457079410865568 1 1
0.457256402016011 1 1
0.457433393166453 1 1
0.457610384316895 1 1
0.457787375467338 1 1
0.45796436661778 1 1
0.458141357768223 1 1
0.458318348918665 1 1
0.458495340069108 1 1
0.45867233121955 1 1
0.458849322369993 1 1
0.459026313520435 1 1
0.459203304670878 1 1
0.45938029582132 1 1
0.459557286971762 1 1
0.459734278122205 1 1
0.459911269272647 1 1
0.46008826042309 1 1
0.460265251573532 1 1
0.460442242723975 1 1
0.460619233874417 1 1
0.46079622502486 1 1
0.460973216175302 1 1
0.461150207325745 1 1
0.461327198476187 1 1
0.461504189626629 1 1
0.461681180777072 1 1
0.461858171927514 1 1
0.462035163077957 1 1
0.462212154228399 1 1
0.462389145378842 1 1
0.462566136529284 1 1
0.462743127679727 1 1
0.462920118830169 1 1
0.463097109980611 1 1
0.463274101131054 1 1
0.463451092281496 1 1
0.463628083431939 1 1
0.463805074582381 1 1
0.463982065732824 1 1
0.464159056883266 1 1
0.464336048033709 1 1
0.464513039184151 1 1
0.464690030334594 1 1
0.464867021485036 1 1
0.465044012635478 1 1
0.465221003785921 1 1
0.465397994936363 1 1
0.465574986086806 1 1
0.465751977237248 1 1
0.465928968387691 1 1
0.466105959538133 1 1
0.466282950688576 1 1
0.466459941839018 1 1
0.466636932989461 1 1
0.466813924139903 1 1
0.466990915290345 1 1
0.467167906440788 1 1
0.46734489759123 1 1
0.467521888741673 1 1
0.467698879892115 1 1
0.467875871042558 1 1
0.468052862193 1 1
0.468229853343443 1 1
0.468406844493885 1 1
0.468583835644327 1 1
0.46876082679477 1 1
0.468937817945212 1 1
0.469114809095655 1 1
0.469291800246097 1 1
0.46946879139654 1 1
0.469645782546982 1 1
0.469822773697425 1 1
0.469999764847867 1 1
0.47017675599831 1 1
0.470353747148752 1 1
0.470530738299194 1 1
0.470707729449637 1 1
0.470884720600079 1 1
0.471061711750522 1 1
0.471238702900964 1 1
0.471415694051407 1 1
0.471592685201849 1 1
0.471769676352292 1 1
0.471946667502734 1 1
0.472123658653177 1 1
0.472300649803619 1 1
0.472477640954061 1 1
0.472654632104504 1 1
0.472831623254946 1 1
0.473008614405389 1 1
0.473185605555831 1 1
0.473362596706274 1 1
0.473539587856716 1 1
0.473716579007159 1 1
0.473893570157601 1 1
0.474070561308043 1 1
0.474247552458486 1 1
0.474424543608928 1 1
0.474601534759371 1 1
0.474778525909813 1 1
0.474955517060256 1 1
0.475132508210698 1 1
0.475309499361141 1 1
0.475486490511583 1 1
0.475663481662026 1 1
0.475840472812468 1 1
0.47601746396291 1 1
0.476194455113353 1 1
0.476371446263795 1 1
0.476548437414238 1 1
0.47672542856468 1 1
0.476902419715123 1 1
0.477079410865565 1 1
0.477256402016008 1 1
0.47743339316645 1 1
0.477610384316893 1 1
0.477787375467335 1 1
0.477964366617777 1 1
0.47814135776822 1 1
0.478318348918662 1 1
0.478495340069105 1 1
0.478672331219547 1 1
0.47884932236999 1 1
0.479026313520432 1 1
0.479203304670875 1 1
0.479380295821317 1 1
0.479557286971759 1 1
0.479734278122202 1 1
0.479911269272644 1 1
0.480088260423087 1 1
0.480265251573529 1 1
0.480442242723972 1 1
0.480619233874414 1 1
0.480796225024857 1 1
0.480973216175299 1 1
0.481150207325742 1 1
0.481327198476184 1 1
0.481504189626626 1 1
0.481681180777069 1 1
0.481858171927511 1 1
0.482035163077954 1 1
0.482212154228396 1 1
0.482389145378839 1 1
0.482566136529281 1 1
0.482743127679724 1 1
0.482920118830166 1 1
0.483097109980609 1 1
0.483274101131051 1 1
0.483451092281493 1 1
0.483628083431936 1 1
0.483805074582378 1 1
0.483982065732821 1 1
0.484159056883263 1 1
0.484336048033706 1 1
0.484513039184148 1 1
0.484690030334591 1 1
0.484867021485033 1 1
0.485044012635475 1 1
0.485221003785918 1 1
0.48539799493636 1 1
0.485574986086803 1 1
0.485751977237245 1 1
0.485928968387688 1 1
0.48610595953813 1 1
0.486282950688573 1 1
0.486459941839015 1 1
0.486636932989458 1 1
0.4868139241399 1 1
0.486990915290342 1 1
0.487167906440785 1 1
0.487344897591227 1 1
0.48752188874167 1 1
0.487698879892112 1 1
0.487875871042555 1 1
0.488052862192997 1 1
0.48822985334344 1 1
0.488406844493882 1 1
0.488583835644325 1 1
0.488760826794767 1 1
0.488937817945209 1 1
0.489114809095652 1 1
0.489291800246094 1 1
0.489468791396537 1 1
0.489645782546979 1 1
0.489822773697422 1 1
0.489999764847864 1 1
0.490176755998307 1 1
0.490353747148749 1 1
0.490530738299191 1 1
0.490707729449634 1 1
0.490884720600076 1 1
0.491061711750519 1 1
0.491238702900961 1 1
0.491415694051404 1 1
0.491592685201846 1 1
0.491769676352289 1 1
0.491946667502731 1 1
0.492123658653174 1 1
0.492300649803616 1 1
0.492477640954058 1 1
0.492654632104501 1 1
0.492831623254943 1 1
0.493008614405386 1 1
0.493185605555828 1 1
0.493362596706271 1 1
0.493539587856713 1 1
0.493716579007156 1 1
0.493893570157598 1 1
0.494070561308041 1 1
0.494247552458483 1 1
0.494424543608925 1 1
0.494601534759368 1 1
0.49477852590981 1 1
0.494955517060253 1 1
0.495132508210695 1 1
0.495309499361138 1 1
0.49548649051158 1 1
0.495663481662023 1 1
0.495840472812465 1 1
0.496017463962907 1 1
0.49619445511335 1 1
0.496371446263792 1 1
0.496548437414235 1 1
0.496725428564677 1 1
0.49690241971512 1 1
0.497079410865562 1 1
0.497256402016005 1 1
0.497433393166447 1 1
0.49761038431689 1 1
0.497787375467332 1 1
0.497964366617774 1 1
0.498141357768217 1 1
0.498318348918659 1 1
0.498495340069102 1 1
0.498672331219544 1 1
0.498849322369987 1 1
0.499026313520429 1 1
0.499203304670872 1 1
0.499380295821314 1 1
0.499557286971756 1 1
0.499557286971756 1 1
